1.010246266e+000 1.104483911e+000 
1.011311866e+000 1.104980573e+000 
1.010610682e+000 1.104533709e+000 
1.008558025e+000 1.100898283e+000 
1.011081673e+000 1.104949632e+000 
1.009070548e+000 1.102604226e+000 
1.009457852e+000 1.103596693e+000 
1.010006614e+000 1.103597977e+000 
1.011921021e+000 1.275333031e+000 
1.015031604e+000 1.278455135e+000 
1.023692786e+000 1.748805113e+000 
1.049170773e+000 1.774894379e+000 
1.077012003e+000 1.799476153e+000 
1.028876580e+000 1.754501065e+000 
1.031713794e+000 1.758027213e+000 
1.070293441e+000 1.794216550e+000 
1.181260371e+000 1.867303480e+000 
1.122841220e+000 1.832942806e+000 
1.055060207e+000 1.780862535e+000 
1.061248375e+000 1.786220645e+000 
1.062057681e+000 1.786796265e+000 
1.099420659e+000 1.816329534e+000 
1.099941293e+000 1.817468751e+000 
1.190747019e+000 1.871745330e+000 
1.072090943e+000 1.796092658e+000 
1.038717487e+000 1.765103457e+000 
1.207299164e+000 1.876794907e+000 
1.188399377e+000 1.871281997e+000 
1.063268857e+000 1.787502046e+000 
1.126740391e+000 1.835764808e+000 
1.018964017e+000 1.742658572e+000 
1.032615799e+000 1.758842591e+000 
1.183955351e+000 1.869288570e+000 
1.023073526e+000 1.747984222e+000 
1.250652461e+000 1.894964092e+000 
1.127434259e+000 1.836515297e+000 
1.035434198e+000 1.762069435e+000 
1.032447576e+000 1.758040391e+000 
1.178201650e+000 1.865564658e+000 
1.185658038e+000 1.869868641e+000 
1.065859825e+000 1.790111298e+000 
1.068788547e+000 1.792881670e+000 
1.099481263e+000 1.816626826e+000 
1.016990037e+000 1.739272606e+000 
1.051227137e+000 1.778284703e+000 
1.041418160e+000 1.768400710e+000 
1.056841046e+000 1.782671285e+000 
1.073074896e+000 1.796749396e+000 
1.055363510e+000 1.781661443e+000 
1.204010242e+000 1.874977465e+000 
1.015411936e+000 1.737032572e+000 
1.096466570e+000 1.814082780e+000 
1.144847450e+000 1.847584466e+000 
1.015832636e+000 1.737762780e+000 
1.171246444e+000 1.861860028e+000 
1.121942151e+000 1.832192317e+000 
1.041410576e+000 1.768334267e+000 
1.115623757e+000 1.827707551e+000 
1.015909047e+000 1.738213502e+000 
1.045166950e+000 1.771590497e+000 
1.100819624e+000 1.818180574e+000 
1.148105839e+000 1.848728696e+000 
1.122421736e+000 1.832280948e+000 
1.047287478e+000 1.774180295e+000 
1.044140552e+000 1.770972666e+000 
1.039754143e+000 1.765809355e+000 
1.045271223e+000 1.772241707e+000 
1.041393974e+000 1.768253045e+000 
1.099858211e+000 1.816746655e+000 
1.043019674e+000 1.769397287e+000 
1.088518922e+000 1.808095245e+000 
1.020258991e+000 1.743594425e+000 
1.086304848e+000 1.806525373e+000 
1.052286289e+000 1.779005552e+000 
1.043415890e+000 1.770223732e+000 
1.071533446e+000 1.795247238e+000 
1.143669214e+000 1.846553474e+000 
1.044546561e+000 1.771492773e+000 
1.042257477e+000 1.769134866e+000 
1.022021119e+000 1.746951915e+000 
1.023338850e+000 1.748574548e+000 
1.091426278e+000 1.809909750e+000 
1.210937795e+000 1.878761685e+000 
1.050318154e+000 1.776897993e+000 
1.027445366e+000 1.753199736e+000 
1.029427366e+000 1.755027404e+000 
1.037887041e+000 1.763885380e+000 
1.021424613e+000 1.745984313e+000 
1.086259279e+000 1.806205896e+000 
1.193404855e+000 1.872960437e+000 
1.030243938e+000 1.756326308e+000 
1.026780054e+000 1.752462967e+000 
1.214513989e+000 1.880704266e+000 
1.052850920e+000 1.779125364e+000 
1.210681502e+000 1.878411183e+000 
1.204306479e+000 1.875553754e+000 
1.125878445e+000 1.834610730e+000 
1.017293919e+000 1.739813152e+000 
1.092428121e+000 1.810449314e+000 
1.024668648e+000 1.750051609e+000 
1.146105575e+000 1.847772495e+000 
1.205924408e+000 1.876468611e+000 
1.069564373e+000 1.793651869e+000 
1.211563731e+000 1.879071955e+000 
1.026018248e+000 1.751435194e+000 
1.129299246e+000 1.838159934e+000 
1.034865548e+000 1.760766541e+000 
1.020362701e+000 1.744007270e+000 
1.138422322e+000 1.843694545e+000 
1.065396442e+000 1.789496982e+000 
1.212249911e+000 1.879189727e+000 
1.241708764e+000 1.892895420e+000 
1.080365420e+000 1.802490547e+000 
1.089823984e+000 1.808915445e+000 
1.097564649e+000 1.815204784e+000 
1.095687244e+000 1.814067342e+000 
1.101989344e+000 1.818798232e+000 
1.075064040e+000 1.797958947e+000 
1.179701324e+000 1.866709141e+000 
1.259195040e+000 1.899849707e+000 
1.255098783e+000 1.897833139e+000 
1.035138329e+000 1.760925477e+000 
1.073885333e+000 1.796956899e+000 
1.227670548e+000 1.886354303e+000 
1.094231881e+000 1.812898802e+000 
1.100317116e+000 1.817500531e+000 
1.156770927e+000 1.854775124e+000 
1.232480372e+000 1.887978047e+000 
1.177470808e+000 1.864991025e+000 
1.220023666e+000 1.883919980e+000 
1.226302288e+000 1.885438556e+000 
1.227152763e+000 1.885968891e+000 
1.198302656e+000 1.873715859e+000 
1.182957368e+000 1.867881444e+000 
1.179145243e+000 1.865617693e+000 
1.156833784e+000 1.854853305e+000 
1.161393497e+000 1.857499994e+000 
1.232754570e+000 1.888506284e+000 
1.226566289e+000 1.885538926e+000 
1.166798879e+000 1.861375743e+000 
1.169044312e+000 1.861671921e+000 
1.098997453e+000 1.816059586e+000 
1.156144634e+000 1.853981812e+000 
1.134383199e+000 1.841072155e+000 
1.071922994e+000 1.795506899e+000 
1.172975808e+000 1.863666093e+000 
1.120276396e+000 1.832005653e+000 
1.058526496e+000 1.783740764e+000 
1.161608031e+000 1.857979642e+000 
1.054020340e+000 1.780012876e+000 
1.092885044e+000 1.812072154e+000 
1.095584383e+000 1.813995597e+000 
1.108816065e+000 1.823651999e+000 
1.122848431e+000 1.833796876e+000 
1.117105449e+000 1.830292473e+000 
1.108308016e+000 1.823332914e+000 
1.111949226e+000 1.825648692e+000 
1.079367558e+000 1.801205801e+000 
1.139499588e+000 1.844277090e+000 
1.162695611e+000 1.858161010e+000 
1.127491187e+000 1.836736440e+000 
1.134703763e+000 1.841574527e+000 
1.141002026e+000 1.844966486e+000 
1.151707160e+000 1.851769270e+000 
1.129139724e+000 1.837860932e+000 
1.160926934e+000 1.857498884e+000 
1.153988092e+000 1.852550787e+000 
1.124156958e+000 1.834544977e+000 
1.154520738e+000 1.853227060e+000 
1.094705483e+000 1.813237173e+000 
1.111168447e+000 1.825152413e+000 
1.106042712e+000 1.821551195e+000 
1.128349322e+000 1.837412666e+000 
1.105334927e+000 1.820912491e+000 
1.106698641e+000 1.821903734e+000 
1.148730701e+000 1.849759811e+000 
1.083643815e+000 1.804579234e+000 
1.083551431e+000 1.804156447e+000 
1.063733520e+000 1.788546785e+000 
1.209216972e+000 1.878288465e+000 
1.208787296e+000 1.878187205e+000 
1.206368912e+000 1.876750560e+000 
1.212527281e+000 1.879480823e+000 
1.244567623e+000 1.893718452e+000 
1.242151011e+000 1.893090271e+000 
1.246429649e+000 1.894468942e+000 
1.235362457e+000 1.889773071e+000 
1.247442500e+000 1.894644755e+000 
1.240194512e+000 1.891704837e+000 
1.217948524e+000 1.882352699e+000 
1.207478085e+000 1.877550846e+000 
1.004076916e+000 1.015097209e+000 
1.004307260e+000 1.015559043e+000 
1.003946147e+000 1.014835322e+000 
1.003697491e+000 1.014725365e+000 
1.004057098e+000 1.014956266e+000 
1.003447329e+000 1.014122589e+000 
1.004572266e+000 1.015814739e+000 
1.004832712e+000 1.016541557e+000 
1.005260202e+000 1.016605995e+000 
1.004571338e+000 1.015707880e+000 
1.002055443e+000 1.007707257e+000 
1.002780341e+000 1.008560480e+000 
1.003329499e+000 1.008566691e+000 
1.002227482e+000 1.007711346e+000 
1.002401684e+000 1.007844682e+000 
1.002035986e+000 1.006995548e+000 
1.002608303e+000 1.008556391e+000 
1.000206118e+000 1.000094887e+000 
1.000247720e+000 1.000094898e+000 
1.002030597e+000 1.004751211e+000 
1.002026749e+000 1.004359032e+000 
1.001925590e+000 1.004352277e+000 
1.001841841e+000 1.003972393e+000 
1.001049165e+000 1.000384905e+000 
1.000000000e+000 1.000000000e+000 
1.000156122e+000 1.000019253e+000 
1.000184904e+000 1.000019579e+000 
1.000110094e+000 1.000019080e+000 
1.001506939e+000 1.002306631e+000 
1.001303439e+000 1.002105784e+000 
1.001751227e+000 1.002321802e+000 
1.001166060e+000 1.002090613e+000 
1.000563072e+000 1.000348717e+000 
1.000274950e+000 1.000348007e+000 
1.000910643e+000 1.000381352e+000 
1.000715169e+000 1.000349723e+000 
1.005500297e+000 1.044727371e+000 
1.007325868e+000 1.047562964e+000 
1.006753142e+000 1.046942881e+000 
1.006546523e+000 1.046914044e+000 
1.006212720e+000 1.046435716e+000 
1.006911066e+000 1.047183226e+000 
1.805446998e+000 1.999929266e+000 
1.805025626e+000 1.999908830e+000 
1.307149853e+000 1.922141284e+000 
1.281842809e+000 1.910493967e+000 
1.810036486e+000 2.000000000e+000 
1.274326956e+000 1.907006404e+000 
1.269325053e+000 1.905407399e+000 
1.272999834e+000 1.906411385e+000 
1.269844965e+000 1.905846992e+000 
1.270927515e+000 1.905865433e+000 
1.268535910e+000 1.904187132e+000 
1.264200388e+000 1.901304993e+000 
1.800294942e+000 1.999631230e+000 
1.801211846e+000 1.999778717e+000 
1.265381041e+000 1.903624855e+000 
1.264464796e+000 1.902669295e+000 
1.261375623e+000 1.900633275e+000 
1.253459944e+000 1.896344691e+000 
1.262516300e+000 1.900693663e+000 
1.253554684e+000 1.897408567e+000 
1.257714547e+000 1.899580587e+000 
1.257511700e+000 1.899407274e+000 
1.252585091e+000 1.896130034e+000 
1.240128275e+000 1.890956245e+000 
1.793986692e+000 1.999539495e+000 
1.748689505e+000 1.999330060e+000 
1.262814621e+000 1.900946980e+000 
1.268190117e+000 1.903899557e+000 
1.739140762e+000 1.999126203e+000 
1.743018231e+000 1.999317256e+000 
1.740210724e+000 1.999256921e+000 
1.725143870e+000 1.998071448e+000 
1.726414431e+000 1.998090054e+000 
1.569337651e+000 1.987243553e+000 
1.565686884e+000 1.986882629e+000 
1.291760552e+000 1.915685916e+000 
1.278789342e+000 1.909110425e+000 
1.287076199e+000 1.913430688e+000 
1.289782836e+000 1.915034010e+000 
1.737688615e+000 1.998882086e+000 
1.281568506e+000 1.910380087e+000 
1.278932025e+000 1.909773028e+000 
1.589164381e+000 1.989122726e+000 
1.283348062e+000 1.911146275e+000 
1.282152236e+000 1.911029495e+000 
1.727132592e+000 1.998833041e+000 
1.585070298e+000 1.988767651e+000 
1.726547249e+000 1.998221963e+000 
1.304951089e+000 1.921742450e+000 
1.304211115e+000 1.921208759e+000 
1.302214800e+000 1.920991620e+000 
1.280332564e+000 1.910069819e+000 
1.292496390e+000 1.916141175e+000 
1.293525062e+000 1.916542345e+000 
1.284703967e+000 1.912239370e+000 
1.274290081e+000 1.906974754e+000 
1.294727545e+000 1.917973074e+000 
1.509917170e+000 1.978670629e+000 
1.509878384e+000 1.977918232e+000 
1.511963431e+000 1.978689177e+000 
1.586345878e+000 1.988977006e+000 
1.308569370e+000 1.922830975e+000 
1.299498519e+000 1.919834757e+000 
1.295278347e+000 1.917994234e+000 
1.301654156e+000 1.920650134e+000 
1.516052203e+000 1.979529331e+000 
1.383191424e+000 1.949494902e+000 
1.356639169e+000 1.940512079e+000 
1.361578878e+000 1.941991259e+000 
1.357831785e+000 1.941072624e+000 
1.354146557e+000 1.939775126e+000 
1.373535341e+000 1.945201818e+000 
1.350876251e+000 1.939298393e+000 
1.382535736e+000 1.948108490e+000 
1.378419313e+000 1.947812253e+000 
1.350349035e+000 1.938272349e+000 
1.345976174e+000 1.936884823e+000 
1.328936028e+000 1.931110562e+000 
1.324192967e+000 1.930006001e+000 
1.349020324e+000 1.937890224e+000 
1.332847134e+000 1.932451916e+000 
1.334357157e+000 1.933115718e+000 
1.327554930e+000 1.931074320e+000 
1.341804401e+000 1.936426244e+000 
1.344377944e+000 1.936515989e+000 
1.340294378e+000 1.935762442e+000 
1.322768398e+000 1.929561527e+000 
1.311568579e+000 1.925118531e+000 
1.317327420e+000 1.928346044e+000 
1.335802385e+000 1.934178515e+000 
1.321930914e+000 1.928589712e+000 
1.313981690e+000 1.925887611e+000 
1.331979770e+000 1.932259076e+000 
1.763149016e+000 1.999396945e+000 
1.767334089e+000 1.999406972e+000 
1.311012119e+000 1.924048343e+000 
1.337151072e+000 1.934465877e+000 
1.313221250e+000 1.925128052e+000 
1.315836411e+000 1.926792057e+000 
1.314132036e+000 1.926674414e+000 
1.612450123e+000 1.991861489e+000 
1.604358969e+000 1.991427432e+000 
1.761988770e+000 1.999363884e+000 
1.537945432e+000 1.983364855e+000 
1.544798990e+000 1.984276171e+000 
1.543457719e+000 1.983786062e+000 
1.598067165e+000 1.990573630e+000 
1.598342415e+000 1.990748392e+000 
1.590169972e+000 1.990195304e+000 
1.386337269e+000 1.949944275e+000 
1.537470449e+000 1.982986928e+000 
1.541440762e+000 1.983672873e+000 
1.529241622e+000 1.981668687e+000 
1.563165128e+000 1.986530425e+000 
1.555858356e+000 1.985926548e+000 
1.553474282e+000 1.985465848e+000 
1.549382348e+000 1.984562419e+000 
1.562169265e+000 1.986006845e+000 
1.356596417e+000 1.939963128e+000 
1.372300437e+000 1.944669734e+000 
1.367352018e+000 1.942742444e+000 
1.367317852e+000 1.942677665e+000 
1.365500119e+000 1.942562759e+000 
1.336336383e+000 1.934339224e+000 
1.704860829e+000 1.997718550e+000 
1.697793135e+000 1.997635848e+000 
1.446471188e+000 1.965680964e+000 
1.688971945e+000 1.997595364e+000 
1.691359129e+000 1.997602595e+000 
1.254560102e+000 1.897578299e+000 
1.659146629e+000 1.996089426e+000 
1.659128645e+000 1.995623683e+000 
1.665719312e+000 1.996232070e+000 
1.419281303e+000 1.959093087e+000 
1.642841845e+000 1.994923598e+000 
1.649059730e+000 1.995237264e+000 
1.641219872e+000 1.994667191e+000 
1.644036301e+000 1.995119834e+000 
1.671269932e+000 1.996527548e+000 
1.636162967e+000 1.994359628e+000 
1.682062623e+000 1.997447258e+000 
1.674453695e+000 1.996576663e+000 
1.634336244e+000 1.993995796e+000 
1.667314546e+000 1.996416998e+000 
1.632441696e+000 1.993852833e+000 
1.395853153e+000 1.952967019e+000 
1.392608796e+000 1.952604220e+000 
1.371565770e+000 1.944429195e+000 
1.374948451e+000 1.946017154e+000 
1.375742786e+000 1.946219043e+000 
1.447983899e+000 1.965883369e+000 
1.675985748e+000 1.996888848e+000 
1.677424182e+000 1.997039193e+000 
1.442623714e+000 1.964977906e+000 
1.440848282e+000 1.964345371e+000 
1.432800000e+000 1.961797831e+000 
1.443770832e+000 1.965128411e+000 
1.438247778e+000 1.963769545e+000 
1.431016871e+000 1.961463978e+000 
1.427836208e+000 1.961318391e+000 
1.421579800e+000 1.959714774e+000 
1.437152141e+000 1.963055720e+000 
1.425249505e+000 1.960335448e+000 
1.387417054e+000 1.951018033e+000 
1.386536547e+000 1.950283112e+000 
1.401188786e+000 1.954854056e+000 
1.391215858e+000 1.951862785e+000 
1.395481447e+000 1.952715469e+000 
1.401784791e+000 1.955193546e+000 
1.405055793e+000 1.955536917e+000 
1.414324963e+000 1.957718122e+000 
1.653509205e+000 1.995290107e+000 
1.657354504e+000 1.995619223e+000 
1.402929836e+000 1.955309646e+000 
1.407986622e+000 1.956195036e+000 
1.409246461e+000 1.956543704e+000 
1.430222413e+000 1.961456073e+000 
1.533822224e+000 1.981820981e+000 
1.608723987e+000 1.991430883e+000 
1.603678460e+000 1.991070793e+000 
1.626057712e+000 1.993333494e+000 
1.621816959e+000 1.992483389e+000 
1.623180772e+000 1.992964195e+000 
1.519014685e+000 1.980079261e+000 
1.526148622e+000 1.981032841e+000 
1.515528034e+000 1.979182222e+000 
1.459127730e+000 1.968304954e+000 
1.461197833e+000 1.968863244e+000 
1.494675467e+000 1.975390449e+000 
1.490343280e+000 1.974575072e+000 
1.460577115e+000 1.968779918e+000 
1.461628676e+000 1.968943102e+000 
1.618013760e+000 1.992385411e+000 
1.616268969e+000 1.991942260e+000 
1.603967697e+000 1.991128130e+000 
1.472909570e+000 1.971211402e+000 
1.470020966e+000 1.970863121e+000 
1.478122963e+000 1.972913487e+000 
1.479047758e+000 1.973017097e+000 
1.499561780e+000 1.976452180e+000 
1.497146834e+000 1.975759707e+000 
1.498183630e+000 1.976004875e+000 
1.484524840e+000 1.973786409e+000 
1.489214484e+000 1.974307410e+000 
1.701628329e+000 1.997675515e+000 
1.505086630e+000 1.976955698e+000 
1.464177139e+000 1.969698536e+000 
1.473806754e+000 1.971642849e+000 
1.468362549e+000 1.970483589e+000 
1.476115068e+000 1.972497679e+000 
1.583198330e+000 1.988632346e+000 
1.578467780e+000 1.988398195e+000 
1.576888354e+000 1.988012362e+000 
1.574637717e+000 1.987854169e+000 
1.565206309e+000 1.986706978e+000 
1.448964894e+000 1.965977982e+000 
1.368444714e+000 1.943226635e+000 
1.720906494e+000 1.998066228e+000 
1.717508555e+000 1.997974156e+000 
1.711372774e+000 1.997966434e+000 

