1.000007281e+000 1.000643064e+000 
1.000356729e+000 1.006713373e+000 
1.000332317e+000 1.006481132e+000 
1.000603736e+000 1.006750915e+000 
1.000472115e+000 1.006748023e+000 
1.000451737e+000 1.006743350e+000 
1.000072254e+000 1.006472441e+000 
1.000000001e+000 1.000000000e+000 
1.001893338e+000 1.012253015e+000 
1.001735934e+000 1.012024237e+000 
1.000840795e+000 1.011711770e+000 
1.001140187e+000 1.011984420e+000 
1.001292335e+000 1.011992016e+000 
1.001058097e+000 1.011713099e+000 
1.000688648e+000 1.011710683e+000 
1.001437824e+000 1.012021702e+000 
1.000944922e+000 1.011712191e+000 
1.002168649e+000 1.012285647e+000 
1.000792774e+000 1.011711109e+000 
1.001631808e+000 1.012023817e+000 
1.003232347e+000 1.127292449e+000 
1.002178112e+000 1.125943287e+000 
1.002846080e+000 1.127241329e+000 
1.003241026e+000 1.127544669e+000 
1.002599209e+000 1.126941483e+000 
1.044479305e+000 1.930451786e+000 
1.035996409e+000 1.925148593e+000 
1.041925213e+000 1.929293138e+000 
1.031770536e+000 1.922170890e+000 
1.032672586e+000 1.922551318e+000 
1.017886799e+000 1.911628498e+000 
1.030481691e+000 1.921274079e+000 
1.052602960e+000 1.935818247e+000 
1.041247747e+000 1.928443137e+000 
1.046651187e+000 1.932148970e+000 
1.042895103e+000 1.929542426e+000 
1.045173559e+000 1.930505335e+000 
1.006055382e+000 1.899018846e+000 
1.005880933e+000 1.898493955e+000 
1.045263825e+000 1.931461116e+000 
1.003564268e+000 1.894790538e+000 
1.040739475e+000 1.928062975e+000 
1.042512948e+000 1.929480647e+000 
1.026626218e+000 1.918700660e+000 
1.045735417e+000 1.931552100e+000 
1.048258304e+000 1.933183376e+000 
1.023993857e+000 1.916115141e+000 
1.033401021e+000 1.923117479e+000 
1.047580838e+000 1.932333375e+000 
1.033915905e+000 1.923837668e+000 
1.031003105e+000 1.921791767e+000 
1.003837493e+000 1.894898670e+000 
1.109255279e+000 1.963811584e+000 
1.036865779e+000 1.925466449e+000 
1.055239948e+000 1.936808835e+000 
1.046179595e+000 1.932057986e+000 
1.032827800e+000 1.922887324e+000 
1.048684646e+000 1.933436498e+000 
1.038550446e+000 1.926907555e+000 
1.005080576e+000 1.897881882e+000 
1.029418904e+000 1.920725762e+000 
1.125926499e+000 1.969907166e+000 
1.034731209e+000 1.924111083e+000 
1.075932954e+000 1.948630100e+000 
1.003851871e+000 1.895260447e+000 
1.034078487e+000 1.923967481e+000 
1.141230105e+000 1.973812865e+000 
1.029409870e+000 1.920376263e+000 
1.026982956e+000 1.919000779e+000 
1.040134648e+000 1.927816916e+000 
1.037487383e+000 1.926129043e+000 
1.019685809e+000 1.913124884e+000 
1.039472893e+000 1.927614742e+000 
1.039218878e+000 1.927220046e+000 
1.030749091e+000 1.921719365e+000 
1.029813260e+000 1.920773576e+000 
1.035408674e+000 1.924961084e+000 
1.029104852e+000 1.920283350e+000 
1.019537507e+000 1.912569855e+000 
1.015912617e+000 1.909639177e+000 
1.126495277e+000 1.970061338e+000 
1.023325426e+000 1.915614638e+000 
1.011981201e+000 1.906032487e+000 
1.089965343e+000 1.956000539e+000 
1.124156849e+000 1.969327286e+000 
1.005355017e+000 1.898029457e+000 
1.019990827e+000 1.913217797e+000 
1.020659259e+000 1.913718300e+000 
1.020984613e+000 1.914194203e+000 
1.024655613e+000 1.916608241e+000 
1.079950026e+000 1.950872460e+000 
1.066244072e+000 1.943118322e+000 
1.027541988e+000 1.919266162e+000 
1.032084851e+000 1.922363809e+000 
1.060090893e+000 1.939956599e+000 
1.009355332e+000 1.903037924e+000 
1.023688840e+000 1.916022228e+000 
1.022314800e+000 1.915187807e+000 
1.083540461e+000 1.952399752e+000 
1.032479207e+000 1.922411623e+000 
1.056228181e+000 1.937757059e+000 
1.010125113e+000 1.903950883e+000 
1.052232378e+000 1.935138116e+000 
1.088268173e+000 1.955077580e+000 
1.149631123e+000 1.975750783e+000 
1.008285518e+000 1.901473958e+000 
1.007194612e+000 1.900506382e+000 
1.063362760e+000 1.941901390e+000 
1.004836711e+000 1.897189093e+000 
1.004136346e+000 1.896444032e+000 
1.003861904e+000 1.896052129e+000 
1.018474534e+000 1.911816007e+000 
1.085620687e+000 1.953614512e+000 
1.004121968e+000 1.896419161e+000 
1.056370617e+000 1.937819418e+000 
1.006329824e+000 1.899166421e+000 
1.005450025e+000 1.898456459e+000 
1.006704612e+000 1.899987419e+000 
1.024350595e+000 1.916415260e+000 
1.114769538e+000 1.965700139e+000 
1.113497172e+000 1.965665699e+000 
1.083067698e+000 1.952252979e+000 
1.033096003e+000 1.923024566e+000 
1.051898657e+000 1.935023008e+000 
1.088453617e+000 1.955553844e+000 
1.013315859e+000 1.907352311e+000 
1.078011663e+000 1.949755490e+000 
1.058449326e+000 1.938931828e+000 
1.079697141e+000 1.950604324e+000 
1.003247524e+000 1.894243219e+000 
1.033727755e+000 1.923235892e+000 
1.056842210e+000 1.937897422e+000 
1.078303052e+000 1.949840351e+000 
1.109563129e+000 1.964373590e+000 
1.054546144e+000 1.936480449e+000 
1.063654149e+000 1.942012612e+000 
1.061899415e+000 1.940758656e+000 
1.060715274e+000 1.940429267e+000 
1.059018104e+000 1.939295131e+000 
1.055017736e+000 1.936558453e+000 
1.064546902e+000 1.942234705e+000 
1.077327043e+000 1.949380004e+000 
1.059489696e+000 1.939386115e+000 
1.081344115e+000 1.951636433e+000 
1.008380526e+000 1.901900960e+000 
1.009970032e+000 1.903590149e+000 
1.018937452e+000 1.912157383e+000 
1.070275115e+000 1.945417145e+000 
1.092612830e+000 1.957430636e+000 
1.014624172e+000 1.908457848e+000 
1.115579502e+000 1.966282235e+000 
1.016642894e+000 1.910642202e+000 
1.094230082e+000 1.958117857e+000 
1.014160353e+000 1.908310780e+000 
1.025196414e+000 1.916944841e+000 
1.137035459e+000 1.973147164e+000 
1.008011077e+000 1.901326383e+000 
1.034456283e+000 1.923990404e+000 
1.131658243e+000 1.971457245e+000 
1.120342259e+000 1.967922147e+000 
1.060708937e+000 1.940152163e+000 
1.085329298e+000 1.953502602e+000 
1.111399962e+000 1.964675328e+000 
1.092021686e+000 1.956984459e+000 
1.135210507e+000 1.972566084e+000 
1.090331318e+000 1.956009100e+000 
1.097927111e+000 1.959536600e+000 
1.127506715e+000 1.970317498e+000 
1.030544234e+000 1.921548299e+000 
1.119945703e+000 1.967435410e+000 
1.009635113e+000 1.903431920e+000 
1.012199425e+000 1.906258074e+000 
1.067485192e+000 1.943892052e+000 
1.082355553e+000 1.951911171e+000 
1.087084032e+000 1.954770627e+000 
1.106124124e+000 1.962912485e+000 
1.118176327e+000 1.966901418e+000 
1.013637637e+000 1.907671536e+000 
1.028436420e+000 1.919782847e+000 
1.091048748e+000 1.956360363e+000 
1.010609919e+000 1.904568885e+000 
1.086515254e+000 1.954409825e+000 
1.095708136e+000 1.958689517e+000 
1.084436546e+000 1.953284435e+000 
1.122561234e+000 1.968803979e+000 
1.104716130e+000 1.962129758e+000 
1.015815320e+000 1.909597595e+000 
1.019468839e+000 1.912508478e+000 
1.115334004e+000 1.965932687e+000 
1.028159289e+000 1.919382564e+000 
1.129238811e+000 1.970418359e+000 
1.068388919e+000 1.944480118e+000 
1.136996101e+000 1.972647230e+000 
1.074911160e+000 1.948134625e+000 
1.009206506e+000 1.902710429e+000 
1.107974299e+000 1.963198908e+000 
1.030071626e+000 1.920869364e+000 
1.013274223e+000 1.907263946e+000 
1.011379700e+000 1.905481843e+000 
1.014465371e+000 1.908403693e+000 
1.013883221e+000 1.907910497e+000 
1.012969205e+000 1.907171033e+000 
1.095235459e+000 1.958382167e+000 
1.084068612e+000 1.952945763e+000 
1.117246953e+000 1.966663265e+000 
1.028741438e+000 1.919875760e+000 
1.012570847e+000 1.906621591e+000 
1.071972285e+000 1.946563572e+000 
1.123399971e+000 1.968837207e+000 
1.100809843e+000 1.960819501e+000 
1.106962861e+000 1.962945712e+000 
1.094065575e+000 1.957686175e+000 
1.074619772e+000 1.948049765e+000 
1.065450044e+000 1.942909320e+000 
1.131478349e+000 1.971209953e+000 
1.141147630e+000 1.973804588e+000 
1.078580441e+000 1.950088154e+000 
1.144572670e+000 1.974606939e+000 
1.089706661e+000 1.955723388e+000 
1.073227985e+000 1.946891830e+000 
1.098330765e+000 1.959641048e+000 
1.102799785e+000 1.961369410e+000 
1.103969669e+000 1.962078382e+000 
1.071445861e+000 1.945931531e+000 
1.070132679e+000 1.945319944e+000 
1.177395562e+000 1.983493184e+000 
1.300654557e+000 1.998401901e+000 
1.571318653e+000 1.999935877e+000 
1.170762815e+000 1.982099503e+000 
1.180211433e+000 1.984425626e+000 
1.263844765e+000 1.997412085e+000 
1.470021055e+000 1.999680523e+000 
1.189646684e+000 1.986820492e+000 
1.179397067e+000 1.984291354e+000 
1.590780477e+000 2.000000000e+000 
1.173632746e+000 1.982782554e+000 
1.236372303e+000 1.995168581e+000 
1.184212082e+000 1.985565463e+000 
1.189606747e+000 1.986616448e+000 
1.307277794e+000 1.998475192e+000 
1.180748428e+000 1.984634696e+000 
1.267192046e+000 1.997722885e+000 
1.197292480e+000 1.988386794e+000 
1.179067348e+000 1.984091512e+000 
1.583131799e+000 1.999957703e+000 
1.190840030e+000 1.987002392e+000 
1.193607396e+000 1.987771083e+000 
1.244127619e+000 1.996246432e+000 
1.166762166e+000 1.980979256e+000 
1.260587450e+000 1.997389352e+000 
1.134146601e+000 1.971512963e+000 
1.224163101e+000 1.993763300e+000 
1.189529015e+000 1.986536326e+000 
1.321565967e+000 1.998552503e+000 
1.340529600e+000 1.998856973e+000 
1.222852087e+000 1.993412998e+000 
1.268520497e+000 1.997734381e+000 
1.238824104e+000 1.995548499e+000 
1.144290337e+000 1.974572254e+000 
1.271070476e+000 1.997820767e+000 
1.139450117e+000 1.973324534e+000 
1.178067693e+000 1.983860503e+000 
1.275320556e+000 1.997850265e+000 
1.397667118e+000 1.999235928e+000 
1.165597082e+000 1.980761828e+000 
1.439170564e+000 1.999520735e+000 
1.305053372e+000 1.998426917e+000 
1.261915902e+000 1.997403020e+000 
1.250244044e+000 1.996942008e+000 
1.225755637e+000 1.993911945e+000 
1.160452014e+000 1.978973395e+000 
1.172128331e+000 1.982317274e+000 
1.316359074e+000 1.998548372e+000 
1.131303933e+000 1.970574165e+000 
1.160600663e+000 1.978996408e+000 
1.265352779e+000 1.997585683e+000 
1.158780561e+000 1.978773135e+000 
1.390497408e+000 1.999148579e+000 
1.160710258e+000 1.979147958e+000 
1.310139616e+000 1.998504689e+000 
1.178061914e+000 1.983740862e+000 
1.538844011e+000 1.999823429e+000 
1.198766365e+000 1.988680721e+000 
1.161650492e+000 1.979301281e+000 
1.465244130e+000 1.999670616e+000 
1.175236095e+000 1.983326180e+000 
1.143315510e+000 1.974386150e+000 
1.142300509e+000 1.974317967e+000 
1.141824225e+000 1.974302093e+000 
1.292925983e+000 1.998223716e+000 
1.161684230e+000 1.979329490e+000 
1.153288270e+000 1.977298147e+000 
1.188394224e+000 1.986226439e+000 
1.157921296e+000 1.978597548e+000 
1.198460701e+000 1.988659163e+000 
1.145946087e+000 1.975441931e+000 
1.473073995e+000 1.999698839e+000 
1.144827332e+000 1.974979293e+000 
1.140642572e+000 1.973629969e+000 
1.145708372e+000 1.975043749e+000 
1.156618430e+000 1.977925424e+000 
1.199209094e+000 1.988895231e+000 
1.143291696e+000 1.974347433e+000 
1.150573009e+000 1.976474123e+000 
1.146285082e+000 1.975451381e+000 
1.169597731e+000 1.981927106e+000 
1.151323302e+000 1.977106139e+000 
1.172900859e+000 1.982552156e+000 
1.338799739e+000 1.998855275e+000 
1.354374260e+000 1.999002388e+000 
1.342437859e+000 1.998964249e+000 
1.228699441e+000 1.994001310e+000 
1.466589028e+000 1.999676910e+000 
1.211860223e+000 1.991352258e+000 
1.192072246e+000 1.987215459e+000 
1.191228279e+000 1.987203700e+000 
1.143902797e+000 1.974412961e+000 
1.460902624e+000 1.999653982e+000 
1.193529665e+000 1.987691891e+000 
1.147443063e+000 1.975652811e+000 
1.455771128e+000 1.999651025e+000 
1.204104503e+000 1.990036047e+000 
1.555574209e+000 1.999842462e+000 
1.189369984e+000 1.986321640e+000 
1.167299161e+000 1.981376154e+000 
1.164644770e+000 1.980281656e+000 
1.161921945e+000 1.979737386e+000 
1.553655659e+000 1.999834602e+000 
1.471112317e+000 1.999686223e+000 
1.223472073e+000 1.993680816e+000 
1.208368712e+000 1.991001346e+000 
1.561134772e+000 1.999877619e+000 
1.501864434e+000 1.999814035e+000 
1.202767014e+000 1.989805504e+000 
1.569836930e+000 1.999883426e+000 
1.388627688e+000 1.999120293e+000 
1.156129129e+000 1.977696673e+000 
1.365028126e+000 1.999043094e+000 
1.556676461e+000 1.999852430e+000 
1.387816353e+000 1.999116838e+000 
1.568449299e+000 1.999881854e+000 
1.378747296e+000 1.999092340e+000 
1.219353508e+000 1.992763840e+000 
1.201283077e+000 1.989232183e+000 
1.369282994e+000 1.999057939e+000 
1.212159274e+000 1.991480661e+000 
1.216527689e+000 1.992349427e+000 
1.370094329e+000 1.999061393e+000 
1.217760972e+000 1.992615195e+000 
1.433697716e+000 1.999481245e+000 
1.453806797e+000 1.999560565e+000 
1.243436407e+000 1.996038012e+000 
1.497084287e+000 1.999782940e+000 
1.375798762e+000 1.999072939e+000 
1.485493305e+000 1.999767520e+000 
1.475047341e+000 1.999734192e+000 
1.496272727e+000 1.999775792e+000 
1.290979375e+000 1.998086367e+000 
1.246471467e+000 1.996265546e+000 
1.441330708e+000 1.999529610e+000 
1.296720596e+000 1.998271434e+000 
1.287123774e+000 1.997981431e+000 
1.340937716e+000 1.998861352e+000 
1.290407028e+000 1.997987285e+000 
1.423574559e+000 1.999406334e+000 
1.323772892e+000 1.998638121e+000 
1.322700187e+000 1.998620902e+000 
1.321855926e+000 1.998618501e+000 
1.430276724e+000 1.999420205e+000 
1.327133948e+000 1.998750881e+000 
1.290819279e+000 1.997989310e+000 
1.228226790e+000 1.993917800e+000 
1.330131479e+000 1.998828862e+000 
1.279011901e+000 1.997867420e+000 
1.333268728e+000 1.998841668e+000 
1.237939016e+000 1.995214930e+000 
1.229086055e+000 1.994144537e+000 
1.386996046e+000 1.999116176e+000 
1.406821845e+000 1.999249251e+000 
1.389617784e+000 1.999130770e+000 
1.415750665e+000 1.999314314e+000 
1.418399428e+000 1.999319584e+000 
1.407686668e+000 1.999293281e+000 
1.421608353e+000 1.999328145e+000 
1.394903340e+000 1.999177565e+000 

