1.005412371e+000 1.400603461e+000 
1.005605799e+000 1.402433439e+000 
1.000736970e+000 1.023560647e+000 
1.000834694e+000 1.023895413e+000 
1.001769920e+000 1.024731791e+000 
1.001745736e+000 1.024714899e+000 
1.002178513e+000 1.025114269e+000 
1.001337839e+000 1.024337978e+000 
1.001824543e+000 1.024732940e+000 
1.001261899e+000 1.024276778e+000 
1.001220780e+000 1.024135628e+000 
1.001075491e+000 1.023945271e+000 
1.001337143e+000 1.024332421e+000 
1.001210224e+000 1.023965449e+000 
1.001724643e+000 1.024714418e+000 
1.000905062e+000 1.023938608e+000 
1.000436081e+000 1.023212339e+000 
1.002032102e+000 1.024769751e+000 
1.001130114e+000 1.023946419e+000 
1.000643411e+000 1.023551457e+000 
1.002156724e+000 1.025108232e+000 
1.001603404e+000 1.024369267e+000 
1.002017988e+000 1.024750632e+000 
1.046124520e+000 1.937069426e+000 
1.015663634e+000 1.910945056e+000 
1.066942209e+000 1.950309113e+000 
1.035053867e+000 1.928910040e+000 
1.049054008e+000 1.938924365e+000 
1.047546808e+000 1.938208121e+000 
1.016569842e+000 1.911841004e+000 
1.061048293e+000 1.946602790e+000 
1.056045724e+000 1.943740478e+000 
1.090339483e+000 1.959924897e+000 
1.096998427e+000 1.962193465e+000 
1.126444551e+000 1.969871956e+000 
1.053284826e+000 1.942036019e+000 
1.036455998e+000 1.929985960e+000 
1.058250313e+000 1.944876705e+000 
1.040737267e+000 1.933288621e+000 
1.045313439e+000 1.936549009e+000 
1.074198672e+000 1.953540852e+000 
1.044087938e+000 1.935379901e+000 
1.048610992e+000 1.938921413e+000 
1.023910696e+000 1.919431085e+000 
1.063502264e+000 1.947915753e+000 
1.032261461e+000 1.926669317e+000 
1.042233180e+000 1.934386380e+000 
1.054031462e+000 1.942325313e+000 
1.086023070e+000 1.958371862e+000 
1.020407013e+000 1.916073385e+000 
1.051424720e+000 1.940918939e+000 
1.018982059e+000 1.914432804e+000 
1.083143270e+000 1.957008150e+000 
1.033310863e+000 1.927835116e+000 
1.057029090e+000 1.944279353e+000 
1.017088588e+000 1.912585637e+000 
1.017393842e+000 1.913508961e+000 
1.060782093e+000 1.946323445e+000 
1.083765443e+000 1.957154863e+000 
1.041367611e+000 1.933977740e+000 
1.063698377e+000 1.948015830e+000 
1.071066012e+000 1.952244371e+000 
1.026277980e+000 1.921635486e+000 
1.036852784e+000 1.930374124e+000 
1.034005590e+000 1.928292754e+000 
1.080944554e+000 1.956469574e+000 
1.037423244e+000 1.930726768e+000 
1.058585087e+000 1.945236221e+000 
1.042671592e+000 1.934474054e+000 
1.055710951e+000 1.943380962e+000 
1.068612041e+000 1.950931409e+000 
1.008594931e+000 1.900531324e+000 
1.055907064e+000 1.943658812e+000 
1.109871230e+000 1.965859464e+000 
1.058826151e+000 1.945300309e+000 
1.061204909e+000 1.946687434e+000 
1.031698427e+000 1.926123838e+000 
1.044845994e+000 1.936371196e+000 
1.037740465e+000 1.930920029e+000 
1.054823270e+000 1.942826632e+000 
1.109530346e+000 1.965702121e+000 
1.034322811e+000 1.928486015e+000 
1.019849150e+000 1.915224620e+000 
1.013202646e+000 1.908030182e+000 
1.045968054e+000 1.936946744e+000 
1.047229587e+000 1.938014860e+000 
1.093746878e+000 1.960772698e+000 
1.049944963e+000 1.939794899e+000 
1.024457622e+000 1.920063319e+000 
1.021987453e+000 1.917601567e+000 
1.015346413e+000 1.910751794e+000 
1.076722279e+000 1.954857110e+000 
1.021440527e+000 1.916969333e+000 
1.009391424e+000 1.902049311e+000 
1.069887152e+000 1.951473518e+000 
1.035101599e+000 1.929067632e+000 
1.070588592e+000 1.951671702e+000 
1.071001950e+000 1.951774584e+000 
1.073455921e+000 1.953033581e+000 
1.034784378e+000 1.928874370e+000 
1.009008400e+000 1.901685356e+000 
1.008137556e+000 1.899837017e+000 
1.050262184e+000 1.939988161e+000 
1.005919272e+000 1.894126779e+000 
1.074783859e+000 1.953706208e+000 
1.080172157e+000 1.956192712e+000 
1.026963725e+000 1.922049252e+000 
1.046673689e+000 1.937605330e+000 
1.006228703e+000 1.894523184e+000 
1.058508930e+000 1.945107048e+000 
1.095119294e+000 1.961882717e+000 
1.131445073e+000 1.971665090e+000 
1.006926060e+000 1.896904476e+000 
1.070204373e+000 1.951666779e+000 
1.089267519e+000 1.959319274e+000 
1.058449333e+000 1.944920507e+000 
1.005673390e+000 1.893304911e+000 
1.006100595e+000 1.894225989e+000 
1.006540013e+000 1.895587729e+000 
1.081054408e+000 1.956794442e+000 
1.006572089e+000 1.895934776e+000 
1.007103345e+000 1.897222035e+000 
1.007474167e+000 1.898079466e+000 
1.108825510e+000 1.965543811e+000 
1.098013417e+000 1.962535445e+000 
1.007724087e+000 1.898682986e+000 
1.016252621e+000 1.911647742e+000 
1.059558089e+000 1.945548444e+000 
1.079210283e+000 1.955625393e+000 
1.011377965e+000 1.905618155e+000 
1.077802859e+000 1.955427639e+000 
1.140322930e+000 1.973331794e+000 
1.011760990e+000 1.905982109e+000 
1.094675289e+000 1.961369416e+000 
1.117688587e+000 1.968000778e+000 
1.112018423e+000 1.966541328e+000 
1.129048265e+000 1.970777573e+000 
1.097315648e+000 1.962332762e+000 
1.116358591e+000 1.967894468e+000 
1.019251382e+000 1.914716540e+000 
1.087722389e+000 1.958983835e+000 
1.111927768e+000 1.966320563e+000 
1.017389472e+000 1.912827652e+000 
1.125041558e+000 1.969744777e+000 
1.133659310e+000 1.972066370e+000 
1.130378261e+000 1.970883883e+000 
1.014305992e+000 1.909946066e+000 
1.109604973e+000 1.965776299e+000 
1.018587237e+000 1.913795380e+000 
1.080869927e+000 1.956395396e+000 
1.010343434e+000 1.903660689e+000 
1.113653875e+000 1.967001344e+000 
1.107123940e+000 1.965124541e+000 
1.087647762e+000 1.958909657e+000 
1.128007094e+000 1.970647872e+000 
1.086753174e+000 1.958579619e+000 
1.091406536e+000 1.960348889e+000 
1.109985098e+000 1.966025526e+000 
1.092682014e+000 1.960640431e+000 
1.118764997e+000 1.968471976e+000 
1.114755453e+000 1.967261482e+000 
1.076603388e+000 1.954632648e+000 
1.113994642e+000 1.967236020e+000 
1.023410095e+000 1.918889642e+000 
1.035724482e+000 1.929585867e+000 
1.104055155e+000 1.964307855e+000 
1.022376581e+000 1.917993694e+000 
1.122787944e+000 1.969631854e+000 
1.105600286e+000 1.964643294e+000 
1.108064700e+000 1.965518420e+000 
1.098904676e+000 1.962822671e+000 
1.076135483e+000 1.954144096e+000 
1.007415561e+000 1.897722429e+000 
1.084138680e+000 1.957381380e+000 
1.087484436e+000 1.958845075e+000 
1.023243672e+000 1.918787184e+000 
1.021540614e+000 1.917055800e+000 
1.085951712e+000 1.958129236e+000 
1.020634405e+000 1.916159852e+000 
1.136706751e+000 1.972231854e+000 
1.085030465e+000 1.957532113e+000 
1.138088282e+000 1.972593932e+000 
1.011669233e+000 1.905891307e+000 
1.084450945e+000 1.957410833e+000 
1.022307619e+000 1.917762823e+000 
1.081892148e+000 1.956876361e+000 
1.037509200e+000 1.930726883e+000 
1.018664838e+000 1.914239543e+000 
1.012470379e+000 1.907227881e+000 
1.015869896e+000 1.911098431e+000 
1.010776501e+000 1.904737868e+000 
1.007324403e+000 1.897644377e+000 
1.041210687e+000 1.933459803e+000 
1.013520943e+000 1.908375906e+000 
1.011968228e+000 1.906162342e+000 
1.009546940e+000 1.902142703e+000 
1.012853403e+000 1.907591835e+000 
1.010569461e+000 1.904248113e+000 
1.008049196e+000 1.899307785e+000 
1.009698617e+000 1.902399775e+000 
1.006837700e+000 1.896375244e+000 
1.006483729e+000 1.895405544e+000 
1.009598663e+000 1.902229544e+000 
1.025372331e+000 1.920691092e+000 
1.009753369e+000 1.902806980e+000 
1.009960409e+000 1.903296734e+000 
1.013068000e+000 1.907805536e+000 
1.008882526e+000 1.900958641e+000 
1.012263339e+000 1.906738126e+000 
1.013411608e+000 1.908250715e+000 
1.014118479e+000 1.909169042e+000 
1.059230187e+000 1.945520529e+000 
1.025870475e+000 1.921276161e+000 
1.029835321e+000 1.924524725e+000 
1.030921912e+000 1.925522638e+000 
1.050945007e+000 1.940188972e+000 
1.059956453e+000 1.945985472e+000 
1.057417091e+000 1.944488317e+000 
1.027329727e+000 1.922576894e+000 
1.029858870e+000 1.924550702e+000 
1.053828596e+000 1.942101353e+000 
1.037755881e+000 1.931031629e+000 
1.040323006e+000 1.932913898e+000 
1.027846532e+000 1.923081613e+000 
1.040364854e+000 1.932943580e+000 
1.038643562e+000 1.931577535e+000 
1.062555523e+000 1.947385031e+000 
1.060446241e+000 1.946234726e+000 
1.027083024e+000 1.922204894e+000 
1.059676078e+000 1.945743346e+000 
1.029629702e+000 1.924523947e+000 
1.056529410e+000 1.943938278e+000 
1.034650063e+000 1.928597221e+000 
1.031171889e+000 1.925815670e+000 
1.031705616e+000 1.926306451e+000 
1.027810935e+000 1.922950075e+000 
1.025038704e+000 1.920292506e+000 
1.000010990e+000 1.000121367e+000 
1.000046696e+000 1.000121651e+000 
1.000367443e+000 1.002125415e+000 
1.000273883e+000 1.002124740e+000 
1.000185634e+000 1.002121606e+000 
1.000000001e+000 1.000000000e+000 
1.000101606e+000 1.001906641e+000 
1.000076961e+000 1.001906113e+000 
1.003484997e+000 1.179041565e+000 
1.002309363e+000 1.177155352e+000 
1.003982226e+000 1.179736954e+000 
1.003343420e+000 1.178669195e+000 
1.003434920e+000 1.178909072e+000 
1.002692063e+000 1.177496689e+000 
1.004743614e+000 1.180545502e+000 
1.003239369e+000 1.178449997e+000 
1.004970226e+000 1.180946303e+000 
1.004587526e+000 1.180467980e+000 
1.000430817e+000 1.010444730e+000 
1.161227897e+000 1.978920914e+000 
1.340074475e+000 1.998817390e+000 
1.163561695e+000 1.979774222e+000 
1.138756521e+000 1.972920042e+000 
1.353872855e+000 1.999085877e+000 
1.287021747e+000 1.995902213e+000 
1.268683357e+000 1.994748564e+000 
1.300461384e+000 1.997314668e+000 
1.348491616e+000 1.999026258e+000 
1.185246229e+000 1.984131573e+000 
1.317179613e+000 1.997924518e+000 
1.217877752e+000 1.989230056e+000 
1.184325560e+000 1.983912070e+000 
1.142613362e+000 1.974088580e+000 
1.190061368e+000 1.985037016e+000 
1.186245337e+000 1.984142343e+000 
1.169287456e+000 1.980915022e+000 
1.271009213e+000 1.994798753e+000 
1.189091186e+000 1.984801189e+000 
1.210167629e+000 1.987944978e+000 
1.278775616e+000 1.995568062e+000 
1.203149342e+000 1.987157258e+000 
1.210112830e+000 1.987865582e+000 
1.173332512e+000 1.981639994e+000 
1.230392749e+000 1.990778646e+000 
1.180765415e+000 1.983253743e+000 
1.155860690e+000 1.977884026e+000 
1.291593293e+000 1.996401155e+000 
1.283433858e+000 1.995893978e+000 
1.199649604e+000 1.986602710e+000 
1.142318400e+000 1.973912286e+000 
1.189625610e+000 1.984884159e+000 
1.234701951e+000 1.991322695e+000 
1.396070710e+000 1.999954505e+000 
1.137388255e+000 1.972529219e+000 
1.162945509e+000 1.979496270e+000 
1.137210972e+000 1.972359917e+000 
1.197852171e+000 1.986577106e+000 
1.376233626e+000 1.999580085e+000 
1.195823289e+000 1.986109167e+000 
1.204212715e+000 1.987318402e+000 
1.236522310e+000 1.991589049e+000 
1.168562646e+000 1.980557636e+000 
1.322061885e+000 1.998045797e+000 
1.241137116e+000 1.992273227e+000 
1.140386836e+000 1.973365683e+000 
1.210178768e+000 1.988124991e+000 
1.151166718e+000 1.976181823e+000 
1.191441686e+000 1.985085837e+000 
1.294116949e+000 1.996767660e+000 
1.352120496e+000 1.999030177e+000 
1.221903818e+000 1.989929198e+000 
1.213524856e+000 1.988676880e+000 
1.152339212e+000 1.977083847e+000 
1.161212024e+000 1.978833072e+000 
1.362012051e+000 1.999426523e+000 
1.146971842e+000 1.975020853e+000 
1.147308250e+000 1.975497219e+000 
1.173495634e+000 1.981682279e+000 
1.145611943e+000 1.974925045e+000 
1.157772851e+000 1.978437020e+000 
1.188370616e+000 1.984637042e+000 
1.152102787e+000 1.977056581e+000 
1.189861269e+000 1.984981660e+000 
1.218241059e+000 1.989364873e+000 
1.159565236e+000 1.978754453e+000 
1.354383272e+000 1.999096771e+000 
1.261853087e+000 1.994092443e+000 
1.276257244e+000 1.995261905e+000 
1.189140699e+000 1.984817513e+000 
1.389411311e+000 1.999720174e+000 
1.280026828e+000 1.995606717e+000 
1.270130270e+000 1.994761474e+000 
1.193906326e+000 1.985706632e+000 
1.193086545e+000 1.985687987e+000 
1.171202446e+000 1.981199483e+000 
1.197131601e+000 1.986412959e+000 
1.156566656e+000 1.977917989e+000 
1.315866290e+000 1.997885864e+000 
1.148992216e+000 1.975666861e+000 
1.171062626e+000 1.980974472e+000 
1.145848368e+000 1.974952311e+000 
1.179397858e+000 1.982846743e+000 
1.248721595e+000 1.993028909e+000 
1.247820387e+000 1.993018487e+000 
1.282262589e+000 1.995686235e+000 
1.415430739e+000 1.999993393e+000 
1.159369175e+000 1.978560094e+000 
1.379763213e+000 1.999604160e+000 
1.159801661e+000 1.978781719e+000 
1.185226768e+000 1.983922492e+000 
1.247552241e+000 1.992903138e+000 
1.188297838e+000 1.984371286e+000 
1.162301641e+000 1.979198555e+000 
1.177441480e+000 1.982552753e+000 
1.253253041e+000 1.993530494e+000 
1.360598605e+000 1.999409592e+000 
1.312195247e+000 1.997669259e+000 
1.259985986e+000 1.994020898e+000 
1.136557047e+000 1.972142480e+000 
1.137326375e+000 1.972447288e+000 
1.158009276e+000 1.978464286e+000 
1.154774270e+000 1.977600556e+000 
1.149401671e+000 1.976041194e+000 
1.358340432e+000 1.999355177e+000 
1.362563812e+000 1.999502858e+000 
1.321339673e+000 1.997983025e+000 
1.394016747e+000 1.999837515e+000 
1.194762516e+000 1.985733552e+000 
1.183842135e+000 1.983784892e+000 
1.143879099e+000 1.974660755e+000 
1.180199855e+000 1.983002666e+000 
1.219204377e+000 1.989375295e+000 
1.366404362e+000 1.999506982e+000 
1.211159944e+000 1.988459430e+000 
1.136236758e+000 1.972081805e+000 
1.139471763e+000 1.972945536e+000 
1.263787147e+000 1.994208208e+000 
1.328738571e+000 1.998433863e+000 
1.325284361e+000 1.998197577e+000 
1.200415578e+000 1.986964849e+000 
1.195527660e+000 1.985793650e+000 
1.174297631e+000 1.981838202e+000 
1.192171677e+000 1.985496731e+000 
1.220070699e+000 1.989433043e+000 
1.201316786e+000 1.986975271e+000 
1.249046458e+000 1.993052898e+000 
1.212061152e+000 1.988469852e+000 
1.149292478e+000 1.975736874e+000 
1.149623791e+000 1.976115372e+000 
1.377869798e+000 1.999588696e+000 
1.322996527e+000 1.998080947e+000 
1.272757009e+000 1.995035026e+000 
1.153684653e+000 1.977235073e+000 
1.151246534e+000 1.976364600e+000 
1.203544270e+000 1.987203624e+000 
1.309519085e+000 1.997398385e+000 
1.150870198e+000 1.976178176e+000 
1.142239505e+000 1.973773270e+000 
1.253091213e+000 1.993412653e+000 
1.326871628e+000 1.998267514e+000 
1.250146667e+000 1.993233422e+000 
1.339153976e+000 1.998611767e+000 
1.348005069e+000 1.998838179e+000 
1.239055491e+000 1.992026133e+000 
1.373141340e+000 1.999548678e+000 
1.187125420e+000 1.984312743e+000 
1.357525915e+000 1.999163404e+000 
1.237040875e+000 1.991700622e+000 
1.237330940e+000 1.991706079e+000 
1.310783571e+000 1.997584616e+000 
1.141215535e+000 1.973399966e+000 
1.390766071e+000 1.999830905e+000 
1.406192944e+000 1.999961112e+000 
1.141534135e+000 1.973750049e+000 
1.299856940e+000 1.997137053e+000 
1.226904673e+000 1.990361315e+000 
1.262109900e+000 1.994174083e+000 
1.252977657e+000 1.993407744e+000 
1.333333924e+000 1.998512215e+000 
1.309345699e+000 1.997374814e+000 
1.311096545e+000 1.997608690e+000 
1.238863889e+000 1.991875316e+000 
1.274348006e+000 1.995149987e+000 
1.382526726e+000 1.999708876e+000 
1.244332311e+000 1.992601156e+000 
1.289866947e+000 1.996354946e+000 
1.271201717e+000 1.994945359e+000 
1.273156232e+000 1.995106072e+000 
1.204339944e+000 1.987492333e+000 
1.181831889e+000 1.983390210e+000 
1.287286732e+000 1.996216622e+000 
1.333321096e+000 1.998435922e+000 
1.227187188e+000 1.990420299e+000 
1.296710651e+000 1.996932424e+000 
1.205437827e+000 1.987513519e+000 
1.309999570e+000 1.997483110e+000 
1.307608643e+000 1.997371596e+000 
1.204453501e+000 1.987497242e+000 
1.206259536e+000 1.987541554e+000 
1.245177407e+000 1.992650057e+000 
1.160342936e+000 1.978809596e+000 
1.277448265e+000 1.995439591e+000 
1.294019374e+000 1.996576123e+000 
1.157236864e+000 1.978055232e+000 
1.253550945e+000 1.993723143e+000 
1.141440673e+000 1.973550654e+000 
1.255343060e+000 1.993786902e+000 
1.234390116e+000 1.991225658e+000 
1.210653462e+000 1.988267075e+000 
1.263988407e+000 1.994593490e+000 
1.163561425e+000 1.979597491e+000 
1.284856931e+000 1.995900588e+000 
1.171834133e+000 1.981308978e+000 
1.425552973e+000 2.000000000e+000 
1.218572869e+000 1.989372140e+000 
1.216580110e+000 1.989073663e+000 
1.288018272e+000 1.996260615e+000 
1.167330673e+000 1.980491317e+000 
1.175805868e+000 1.982144133e+000 
1.172145812e+000 1.981396760e+000 
1.168260071e+000 1.980555373e+000 
1.223680564e+000 1.989979106e+000 
1.246969522e+000 1.992713817e+000 
1.246407943e+000 1.992667393e+000 
1.175436048e+000 1.982011871e+000 
1.162062932e+000 1.979151167e+000 
1.237762596e+000 1.991860805e+000 
1.166583236e+000 1.980271272e+000 
1.220726817e+000 1.989653734e+000 
1.233200366e+000 1.991186534e+000 
1.226427617e+000 1.990281090e+000 
1.227499566e+000 1.990559177e+000 
1.226003968e+000 1.990192079e+000 
1.232486652e+000 1.991092065e+000 
1.207535366e+000 1.987768113e+000 

