1.000076989e+000 1.000001344e+000 
1.000066564e+000 1.000001191e+000 
1.000758922e+000 1.001277619e+000 
1.000435495e+000 1.001267980e+000 
1.002147185e+000 1.001467064e+000 
1.001005686e+000 1.001286541e+000 
1.002106336e+000 1.001462144e+000 
1.000976243e+000 1.001285133e+000 
1.000127395e+000 1.001181841e+000 
1.001350245e+000 1.001371286e+000 
9.999999991e-001 1.000000000e+000 
1.015408897e+000 1.087170649e+000 
1.018786288e+000 1.091946847e+000 
1.018518737e+000 1.091633261e+000 
1.017527453e+000 1.090217604e+000 
1.017952373e+000 1.090897875e+000 
1.005639718e+000 1.019709982e+000 
1.007458295e+000 1.022465149e+000 
1.006915942e+000 1.021685071e+000 
1.006532580e+000 1.021583295e+000 
1.005705987e+000 1.020600926e+000 
1.006498776e+000 1.021583255e+000 
1.005256356e+000 1.019608207e+000 
1.006385754e+000 1.020727111e+000 
1.038645667e+000 1.598244352e+000 
1.168454688e+000 1.779956199e+000 
1.029351150e+000 1.576067319e+000 
1.072204792e+000 1.660909442e+000 
1.112710922e+000 1.717133256e+000 
1.079429316e+000 1.670229940e+000 
1.030398281e+000 1.579693186e+000 
1.032651190e+000 1.585004042e+000 
1.081405270e+000 1.673919872e+000 
1.133669650e+000 1.743590314e+000 
1.053883811e+000 1.628255130e+000 
1.020364583e+000 1.549441530e+000 
1.046003213e+000 1.614385772e+000 
1.070895239e+000 1.659368270e+000 
1.019451258e+000 1.545424100e+000 
1.028184520e+000 1.572089301e+000 
1.076127668e+000 1.666786012e+000 
1.026500519e+000 1.569003146e+000 
1.052355928e+000 1.625236448e+000 
1.026026131e+000 1.567558012e+000 
1.022512226e+000 1.555773639e+000 
1.022798556e+000 1.557290541e+000 
1.021731067e+000 1.554590748e+000 
1.025210163e+000 1.564330217e+000 
1.078819438e+000 1.669856412e+000 
1.023145451e+000 1.558513584e+000 
1.046352590e+000 1.615680555e+000 
1.048361423e+000 1.619462121e+000 
1.067843364e+000 1.654627489e+000 
1.044218743e+000 1.611094009e+000 
1.192344066e+000 1.797708209e+000 
1.042690860e+000 1.608075328e+000 
1.163215381e+000 1.773890226e+000 
1.078959642e+000 1.669960975e+000 
1.053314166e+000 1.628245667e+000 
1.070324905e+000 1.657823233e+000 
1.046799249e+000 1.616422974e+000 
1.048613436e+000 1.619864612e+000 
1.047530817e+000 1.617964298e+000 
1.098577445e+000 1.696896883e+000 
1.029599827e+000 1.576672160e+000 
1.046936082e+000 1.616507780e+000 
1.063194566e+000 1.646349606e+000 
1.192947003e+000 1.798526685e+000 
1.032117189e+000 1.583445188e+000 
1.060719397e+000 1.642177148e+000 
1.135545944e+000 1.744850416e+000 
1.036977797e+000 1.596296049e+000 
1.105503646e+000 1.707284026e+000 
1.039286065e+000 1.601082774e+000 
1.144850304e+000 1.756274119e+000 
1.102361399e+000 1.702991922e+000 
1.037295520e+000 1.597252945e+000 
1.054870604e+000 1.631231226e+000 
1.037371907e+000 1.597316547e+000 
1.063906237e+000 1.647839660e+000 
1.044880637e+000 1.612898930e+000 
1.134729055e+000 1.744458606e+000 
1.083748352e+000 1.677785179e+000 
1.099259330e+000 1.698095482e+000 
1.034861644e+000 1.591504316e+000 
1.059992216e+000 1.641271038e+000 
1.069659173e+000 1.657125169e+000 
1.140674763e+000 1.752562178e+000 
1.040317338e+000 1.604215257e+000 
1.081403314e+000 1.673468952e+000 
1.067028060e+000 1.653405545e+000 
1.039648245e+000 1.602658070e+000 
1.071372600e+000 1.660081647e+000 
1.061021661e+000 1.642467815e+000 
1.173442480e+000 1.784060855e+000 
1.057394288e+000 1.636130673e+000 
1.164117057e+000 1.775559654e+000 
1.202902583e+000 1.806446885e+000 
1.059463712e+000 1.640066880e+000 
1.167273857e+000 1.778642865e+000 
1.062192810e+000 1.644883183e+000 
1.033454892e+000 1.588027114e+000 
1.143922689e+000 1.754590575e+000 
1.124696444e+000 1.734217909e+000 
1.122327460e+000 1.730280464e+000 
1.177693368e+000 1.787222027e+000 
1.051015637e+000 1.623644195e+000 
1.049833878e+000 1.621374153e+000 
1.097571458e+000 1.696433709e+000 
1.077798168e+000 1.668499702e+000 
1.196369598e+000 1.801815609e+000 
1.171587285e+000 1.782432861e+000 
1.171466511e+000 1.782290979e+000 
1.170287442e+000 1.781119527e+000 
1.052713547e+000 1.626451365e+000 
1.170268876e+000 1.780977645e+000 
1.119883661e+000 1.727354309e+000 
1.165297888e+000 1.776872988e+000 
1.134844475e+000 1.744841633e+000 
1.173168417e+000 1.783028645e+000 
1.142104732e+000 1.753334866e+000 
1.136784540e+000 1.747473031e+000 
1.080950476e+000 1.672839737e+000 
1.031000896e+000 1.580051517e+000 
1.027306603e+000 1.570284988e+000 
1.159510015e+000 1.770955837e+000 
1.157968157e+000 1.769286409e+000 
1.027852321e+000 1.570285845e+000 
1.159307498e+000 1.770660566e+000 
1.152089389e+000 1.764123927e+000 
1.133042263e+000 1.742683382e+000 
1.134014458e+000 1.744423024e+000 
1.137843435e+000 1.748822067e+000 
1.147527786e+000 1.758957303e+000 
1.003915678e+000 1.018522784e+000 
1.003209369e+000 1.018249072e+000 
1.004757639e+000 1.018674225e+000 
1.004722912e+000 1.018644937e+000 
1.002934869e+000 1.017437525e+000 
1.004642851e+000 1.018538315e+000 
1.002722234e+000 1.016647373e+000 
1.002314412e+000 1.015706599e+000 
1.003639024e+000 1.018486316e+000 
1.005013247e+000 1.019348466e+000 
1.003558963e+000 1.018379694e+000 
1.002445580e+000 1.016610905e+000 
1.004776993e+000 1.019311999e+000 
1.009636067e+000 1.044364153e+000 
1.007810725e+000 1.042089266e+000 
1.011303632e+000 1.046385052e+000 
1.010117226e+000 1.044435442e+000 
1.014761833e+000 1.051975337e+000 
1.014142075e+000 1.050601263e+000 
1.013206434e+000 1.048753192e+000 
1.012061204e+000 1.048138822e+000 
1.010052425e+000 1.044422809e+000 
1.010527334e+000 1.046138557e+000 
1.013219957e+000 1.050068143e+000 
1.014365187e+000 1.050682514e+000 
1.009435869e+000 1.044138293e+000 
1.014721455e+000 1.050951247e+000 
1.011686087e+000 1.048067879e+000 
1.010507519e+000 1.046077107e+000 
1.010342953e+000 1.044611067e+000 
1.094887914e+000 1.694546684e+000 
1.131545371e+000 1.741688866e+000 
1.208713980e+000 1.812571168e+000 
1.180881279e+000 1.789308966e+000 
1.116617480e+000 1.724108711e+000 
1.207540411e+000 1.812461245e+000 
1.089568007e+000 1.685864098e+000 
1.111925547e+000 1.716098370e+000 
1.116464239e+000 1.723765383e+000 
1.118615082e+000 1.726788116e+000 
1.126134128e+000 1.736326369e+000 
1.089708201e+000 1.686104906e+000 
1.062060809e+000 1.643054265e+000 
1.093670566e+000 1.692818363e+000 
1.122434694e+000 1.732073993e+000 
1.050170859e+000 1.621892835e+000 
1.209101241e+000 1.812884984e+000 
1.176704076e+000 1.786424653e+000 
1.109418624e+000 1.715625125e+000 
1.090334023e+000 1.687391800e+000 
1.036666939e+000 1.593224054e+000 
1.107421022e+000 1.712945719e+000 
1.107267781e+000 1.712602391e+000 
1.099937282e+000 1.700759084e+000 
1.100216037e+000 1.702130661e+000 
1.092171408e+000 1.689945517e+000 
1.121918139e+000 1.729953024e+000 
1.198527947e+000 1.806310035e+000 
1.095171985e+000 1.695370319e+000 
1.130761709e+000 1.741349589e+000 
1.297577719e+000 1.864497638e+000 
1.052552077e+000 1.625618980e+000 
1.121292574e+000 1.729799643e+000 
1.296546739e+000 1.863848117e+000 
1.206148227e+000 1.811747695e+000 
1.106050434e+000 1.710972750e+000 
1.145383094e+000 1.756707532e+000 
1.120231593e+000 1.727870674e+000 
1.120512472e+000 1.728683893e+000 
1.091897546e+000 1.689783358e+000 
1.143436472e+000 1.754456738e+000 
1.031830377e+000 1.581619733e+000 
1.088147289e+000 1.683624513e+000 
1.174227204e+000 1.784072653e+000 
1.091076599e+000 1.688589329e+000 
1.030052833e+000 1.578167148e+000 
1.031022816e+000 1.580094577e+000 
1.218864320e+000 1.823703047e+000 
1.146833409e+000 1.758749923e+000 
1.142922929e+000 1.754280847e+000 
1.216106538e+000 1.821215713e+000 
1.066570064e+000 1.650658500e+000 
1.215686966e+000 1.820399492e+000 
1.102428049e+000 1.705217708e+000 
1.051148288e+000 1.623901902e+000 
1.178733815e+000 1.787481776e+000 
1.069044930e+000 1.654888363e+000 
1.065205759e+000 1.648588282e+000 
1.086037132e+000 1.680886739e+000 
1.049594327e+000 1.620997736e+000 
1.114586285e+000 1.721958309e+000 
1.237898271e+000 1.837739336e+000 
1.241624078e+000 1.838190038e+000 
1.231088009e+000 1.833312809e+000 
1.103037158e+000 1.706239683e+000 
1.122794681e+000 1.732116034e+000 
1.296808293e+000 1.864406493e+000 
1.092954171e+000 1.691369737e+000 
1.235919221e+000 1.836644879e+000 
1.224078034e+000 1.827900437e+000 
1.151179607e+000 1.763487329e+000 
1.245255128e+000 1.839830891e+000 
1.042318644e+000 1.605211102e+000 
1.297616184e+000 1.865275932e+000 
1.057016020e+000 1.634217311e+000 
1.058989088e+000 1.637626003e+000 
1.062186799e+000 1.643210157e+000 
1.298493228e+000 1.865388154e+000 
1.053047292e+000 1.626947163e+000 
1.056463512e+000 1.633840882e+000 
1.221326099e+000 1.825842381e+000 
1.210593107e+000 1.816420844e+000 
1.248729427e+000 1.843231183e+000 
1.229684240e+000 1.830913136e+000 
1.245763201e+000 1.840085958e+000 
1.209196656e+000 1.815229016e+000 
1.302826070e+000 1.867372450e+000 
1.303310616e+000 1.867611645e+000 
1.074697765e+000 1.664181221e+000 
1.129289993e+000 1.738841869e+000 
1.123683483e+000 1.732634003e+000 
1.100317931e+000 1.702658862e+000 
1.182237140e+000 1.790233955e+000 
1.124360394e+000 1.732820428e+000 
1.145044830e+000 1.756480862e+000 
1.127613259e+000 1.737978633e+000 
1.129352097e+000 1.739380339e+000 
1.163805047e+000 1.774730179e+000 
1.113881033e+000 1.720221622e+000 
1.091263841e+000 1.689162869e+000 
1.210038265e+000 1.815525847e+000 
1.212267704e+000 1.818409769e+000 
1.079773227e+000 1.671986127e+000 
1.214402659e+000 1.819285059e+000 
1.144188548e+000 1.755976264e+000 
1.075959342e+000 1.665509293e+000 
1.184942327e+000 1.792804367e+000 
1.246974358e+000 1.841414707e+000 
1.305685533e+000 1.868963494e+000 
1.247610101e+000 1.841581644e+000 
1.227043442e+000 1.828607670e+000 
1.214655417e+000 1.819640280e+000 
1.213606651e+000 1.818857413e+000 
1.177186493e+000 1.786900334e+000 
1.157024928e+000 1.768380906e+000 
1.153332838e+000 1.765983049e+000 
1.155312906e+000 1.767593023e+000 
1.152395077e+000 1.764915369e+000 
1.193056862e+000 1.801205618e+000 
1.149197572e+000 1.761365415e+000 
1.148528548e+000 1.760419991e+000 
1.189003046e+000 1.797419486e+000 
1.096774653e+000 1.696408070e+000 
1.189558078e+000 1.797525677e+000 
1.203195569e+000 1.808629661e+000 
1.077942030e+000 1.669792812e+000 
1.179665745e+000 1.788729387e+000 
1.120014303e+000 1.727685903e+000 
1.178791126e+000 1.788503349e+000 
1.186590843e+000 1.795270066e+000 
1.267540809e+000 1.850304599e+000 
1.203420706e+000 1.809417380e+000 
1.270893668e+000 1.853440201e+000 
1.183576406e+000 1.792503219e+000 
1.188694335e+000 1.796908838e+000 
1.084905503e+000 1.679438131e+000 
1.203561266e+000 1.809900436e+000 
1.087369338e+000 1.683270475e+000 
1.081628776e+000 1.674928451e+000 
1.088777768e+000 1.685190091e+000 
1.079695791e+000 1.671909769e+000 
1.082015685e+000 1.675543052e+000 
1.089844168e+000 1.686295024e+000 
1.092289888e+000 1.689949858e+000 
1.261351943e+000 1.849355378e+000 
1.281461806e+000 1.857520951e+000 
1.279846233e+000 1.856684478e+000 
1.277499121e+000 1.855960984e+000 
1.281637378e+000 1.857637329e+000 
1.282624610e+000 1.858742132e+000 
1.277091439e+000 1.855535621e+000 
1.002311197e+000 1.007590194e+000 
1.001293385e+000 1.001369416e+000 
1.001850701e+000 1.001455543e+000 
1.000411336e+000 1.001260272e+000 
1.000564871e+000 1.001268098e+000 
1.001512435e+000 1.001443300e+000 
1.001028032e+000 1.001355517e+000 
1.000613312e+000 1.001270772e+000 
1.001626889e+000 1.001451295e+000 
1.001214889e+000 1.001355792e+000 
1.001233878e+000 1.001358657e+000 
1.001151922e+000 1.001355535e+000 
1.005114789e+000 1.019542511e+000 
1.006103753e+000 1.020694069e+000 
1.005896575e+000 1.020632908e+000 
1.007298611e+000 1.021756996e+000 
1.006030430e+000 1.020638112e+000 
1.005251194e+000 1.019601624e+000 
1.883747338e+000 1.999804980e+000 
1.880510128e+000 1.999678589e+000 
1.871926458e+000 1.999460253e+000 
1.316857953e+000 1.877278854e+000 
1.308486571e+000 1.871915253e+000 
1.314551959e+000 1.875804147e+000 
1.343883149e+000 1.892323161e+000 
1.305904575e+000 1.870632281e+000 
1.293894259e+000 1.861118762e+000 
1.291876783e+000 1.860919748e+000 
1.303166979e+000 1.867523759e+000 
1.290759075e+000 1.859219258e+000 
1.307658936e+000 1.871238449e+000 
1.300783299e+000 1.866941104e+000 
1.333995118e+000 1.886745547e+000 
1.303701929e+000 1.868288494e+000 
1.441549653e+000 1.942414182e+000 
1.439617776e+000 1.941618703e+000 
1.434607068e+000 1.939210902e+000 
1.433964382e+000 1.938856248e+000 
1.432766420e+000 1.938779729e+000 
1.432027957e+000 1.938773223e+000 
1.436480391e+000 1.940007614e+000 
1.399862939e+000 1.924146119e+000 
1.401538577e+000 1.924672442e+000 
1.865450370e+000 1.999316706e+000 
1.863124739e+000 1.999102110e+000 
1.863887343e+000 1.999146226e+000 
1.527931429e+000 1.968607817e+000 
1.859677573e+000 1.999067415e+000 
1.850244139e+000 1.999030015e+000 
1.406674883e+000 1.927490168e+000 
1.357723518e+000 1.901685488e+000 
1.356345709e+000 1.901013792e+000 
1.351047653e+000 1.898361049e+000 
1.351109498e+000 1.898477214e+000 
1.347631341e+000 1.896005903e+000 
1.344401816e+000 1.892754530e+000 
1.647405774e+000 1.989082798e+000 
1.645604582e+000 1.988882295e+000 
1.606649340e+000 1.984379534e+000 
1.607689797e+000 1.984532810e+000 
1.609190869e+000 1.984997227e+000 
1.608608532e+000 1.984858805e+000 
1.629286155e+000 1.987135565e+000 
1.629072619e+000 1.987057979e+000 
1.613600127e+000 1.985127315e+000 
1.626085632e+000 1.987009690e+000 
1.589737254e+000 1.980876074e+000 
1.603780104e+000 1.983752922e+000 
1.599105386e+000 1.982530500e+000 
1.769043131e+000 1.996919033e+000 
1.422559091e+000 1.936633300e+000 
1.313521818e+000 1.874581828e+000 
1.884850778e+000 2.000000000e+000 
1.321551259e+000 1.880558461e+000 
1.344604763e+000 1.892782872e+000 
1.323574913e+000 1.881541500e+000 
1.345417683e+000 1.894736995e+000 
1.322362505e+000 1.880795851e+000 
1.308984534e+000 1.872072193e+000 
1.291830178e+000 1.860202833e+000 
1.311664888e+000 1.874043071e+000 
1.311199267e+000 1.873401282e+000 
1.317855081e+000 1.878164036e+000 
1.310406486e+000 1.873025424e+000 
1.310701607e+000 1.873186155e+000 
1.313150153e+000 1.874528831e+000 
1.798012252e+000 1.998106151e+000 
1.295319502e+000 1.861621161e+000 
1.581859121e+000 1.979295979e+000 
1.796296400e+000 1.997650039e+000 
1.583414285e+000 1.979333733e+000 
1.569563106e+000 1.978476651e+000 
1.551947976e+000 1.974422337e+000 
1.872879999e+000 1.999644970e+000 
1.557296145e+000 1.975944455e+000 
1.564856460e+000 1.977681273e+000 
1.556949849e+000 1.975674474e+000 
1.884044157e+000 1.999961188e+000 
1.820689089e+000 1.998469426e+000 
1.320936944e+000 1.879646391e+000 
1.329206991e+000 1.885838977e+000 
1.332698956e+000 1.886612392e+000 
1.327229881e+000 1.883859860e+000 
1.320799892e+000 1.879598694e+000 
1.616267933e+000 1.985271277e+000 
1.620469522e+000 1.986081526e+000 
1.325081479e+000 1.882603685e+000 
1.616714740e+000 1.986005273e+000 
1.396627546e+000 1.921989107e+000 
1.551033812e+000 1.973904023e+000 
1.546557067e+000 1.973617727e+000 
1.405785691e+000 1.926617530e+000 
1.414395695e+000 1.932350955e+000 
1.416112897e+000 1.933324006e+000 
1.398856897e+000 1.923631313e+000 
1.418204336e+000 1.933759146e+000 
1.409707070e+000 1.930408751e+000 
1.410608821e+000 1.931862832e+000 
1.400540135e+000 1.924306210e+000 
1.391451530e+000 1.921868023e+000 
1.388523150e+000 1.920843132e+000 
1.385357480e+000 1.919147049e+000 
1.381698418e+000 1.917147617e+000 
1.449113575e+000 1.946041260e+000 
1.452842374e+000 1.946944706e+000 
1.437365885e+000 1.941313744e+000 
1.402518244e+000 1.925733364e+000 
1.383185977e+000 1.917230909e+000 
1.461781242e+000 1.950375530e+000 
1.442191907e+000 1.943539234e+000 
1.445356240e+000 1.944674176e+000 
1.443204712e+000 1.944110027e+000 
1.451227954e+000 1.946196610e+000 
1.473358535e+000 1.954455339e+000 
1.459751591e+000 1.949421264e+000 
1.466190074e+000 1.951261018e+000 
1.508986093e+000 1.963813360e+000 
1.349009874e+000 1.897972440e+000 
1.348030520e+000 1.897326188e+000 
1.346145207e+000 1.894855236e+000 
1.341537283e+000 1.891976215e+000 
1.337798555e+000 1.890192520e+000 
1.335584727e+000 1.888713788e+000 
1.502787642e+000 1.963806121e+000 
1.352530158e+000 1.899003986e+000 
1.434834532e+000 1.939673960e+000 
1.340155315e+000 1.891337826e+000 
1.337278364e+000 1.890102450e+000 
1.369083250e+000 1.910388001e+000 
1.335013845e+000 1.887898926e+000 
1.381002775e+000 1.915881396e+000 
1.556735855e+000 1.974928662e+000 
1.379412077e+000 1.915066471e+000 
1.429728937e+000 1.938477721e+000 
1.463477661e+000 1.950540004e+000 
1.466243277e+000 1.951803162e+000 
1.377695077e+000 1.913945806e+000 
1.474600160e+000 1.954993255e+000 
1.359949090e+000 1.904844366e+000 
1.373332600e+000 1.911458745e+000 
1.358562531e+000 1.904286738e+000 
1.361592671e+000 1.905372524e+000 
1.490318249e+000 1.960013430e+000 
1.834549763e+000 1.999006407e+000 
1.365454133e+000 1.907666460e+000 
1.364514708e+000 1.907467084e+000 
1.402432597e+000 1.925245630e+000 
1.356159025e+000 1.900919871e+000 
1.821532040e+000 1.998565443e+000 
1.533581789e+000 1.971249298e+000 
1.539660532e+000 1.973229457e+000 
1.828079690e+000 1.998700248e+000 
1.478235558e+000 1.956293570e+000 
1.477380274e+000 1.955306333e+000 
1.510840673e+000 1.964399218e+000 
1.828800282e+000 1.998917863e+000 
1.532091714e+000 1.970043598e+000 
1.482487311e+000 1.957009750e+000 
1.482810250e+000 1.958942318e+000 
1.486834110e+000 1.959832512e+000 
1.769358880e+000 1.997037560e+000 
1.742775659e+000 1.996043515e+000 
1.765935075e+000 1.996875763e+000 
1.738716130e+000 1.995731213e+000 
1.757213123e+000 1.996743102e+000 
1.754170934e+000 1.996583528e+000 
1.744718938e+000 1.996304950e+000 
1.446168898e+000 1.945394602e+000 
1.748747853e+000 1.996410469e+000 
1.586901704e+000 1.980760021e+000 
1.576288550e+000 1.978508428e+000 
1.576372371e+000 1.978745373e+000 
1.772556943e+000 1.997088353e+000 
1.775081947e+000 1.997393469e+000 
1.776100565e+000 1.997491181e+000 
1.584409864e+000 1.980010871e+000 
1.775048908e+000 1.997132631e+000 
1.497949347e+000 1.962248584e+000 
1.497019210e+000 1.961918906e+000 
1.499841509e+000 1.962951225e+000 
1.558571992e+000 1.976280389e+000 
1.733128583e+000 1.995402871e+000 
1.734135613e+000 1.995483779e+000 
1.720579005e+000 1.994731387e+000 
1.537090091e+000 1.971527093e+000 
1.529130363e+000 1.969631847e+000 
1.468473855e+000 1.952119474e+000 
1.533484483e+000 1.970935461e+000 
1.735283665e+000 1.995589925e+000 
1.530296768e+000 1.969925497e+000 
1.724300463e+000 1.995387270e+000 
1.595170029e+000 1.982112817e+000 
1.522530984e+000 1.968492266e+000 
1.605742631e+000 1.983794140e+000 
1.517118685e+000 1.966722199e+000 
1.518559521e+000 1.966975270e+000 
1.715739462e+000 1.994715794e+000 
1.667477793e+000 1.990848315e+000 
1.496446670e+000 1.961899706e+000 
1.713553431e+000 1.994471517e+000 
1.593547510e+000 1.981297925e+000 
1.650807595e+000 1.989500545e+000 
1.629533687e+000 1.987495263e+000 
1.658404475e+000 1.990124308e+000 
1.653964124e+000 1.989783023e+000 
1.665989079e+000 1.990506016e+000 
1.660486623e+000 1.990228178e+000 
1.708405244e+000 1.994439109e+000 
1.511216995e+000 1.964820077e+000 
1.599100967e+000 1.982136954e+000 
1.697171363e+000 1.993783385e+000 
1.704784349e+000 1.994091467e+000 
1.706588658e+000 1.994236840e+000 
1.693189070e+000 1.993497913e+000 
1.678550726e+000 1.991719195e+000 
1.643257921e+000 1.988241561e+000 
1.636785259e+000 1.987945156e+000 
1.639354421e+000 1.988096028e+000 
1.635011322e+000 1.987838416e+000 
1.682060189e+000 1.992137057e+000 
1.680736728e+000 1.991942285e+000 
1.686640806e+000 1.992617141e+000 
1.686059014e+000 1.992572980e+000 
1.692509607e+000 1.993348198e+000 
1.675688180e+000 1.991670574e+000 
1.694634036e+000 1.993617382e+000 
1.690915532e+000 1.993220314e+000 

