1.003116512e+000 1.008535957e+000 
1.005262147e+000 1.009465376e+000 
1.004002585e+000 1.008954799e+000 
1.003643503e+000 1.008934467e+000 
1.004876645e+000 1.009334457e+000 
1.003529549e+000 1.008769735e+000 
1.003393241e+000 1.008581540e+000 
1.004467675e+000 1.009163299e+000 
1.003682059e+000 1.008934852e+000 
1.006254341e+000 1.009731959e+000 
1.005690537e+000 1.009561502e+000 
1.004677297e+000 1.009166434e+000 
1.006377818e+000 1.009756014e+000 
1.004584199e+000 1.009165499e+000 
1.005028398e+000 1.009357110e+000 
1.000518993e+000 1.000042334e+000 
1.000126044e+000 1.000039924e+000 
1.000164529e+000 1.000039955e+000 
1.000233686e+000 1.000040011e+000 
1.000241093e+000 1.000040123e+000 
1.000364854e+000 1.000040195e+000 
1.000392633e+000 1.000041284e+000 
1.000372237e+000 1.000041142e+000 
1.000459099e+000 1.000041382e+000 
1.000237972e+000 1.000040092e+000 
1.000304438e+000 1.000040189e+000 
1.000568680e+000 1.000042366e+000 
1.000689269e+000 1.000043377e+000 
1.000687252e+000 1.000042459e+000 
1.000715232e+000 1.000043416e+000 
1.000593364e+000 1.000042432e+000 
1.000565384e+000 1.000042365e+000 
1.000372617e+000 1.000041173e+000 
1.000198682e+000 1.000039980e+000 
1.009244471e+000 1.035159229e+000 
1.009039290e+000 1.034670037e+000 
1.008145106e+000 1.033486214e+000 
1.009135030e+000 1.034714446e+000 
1.008049366e+000 1.033441806e+000 
1.010276002e+000 1.036110862e+000 
1.011307983e+000 1.036905583e+000 
1.010376488e+000 1.036142695e+000 
1.012369591e+000 1.037530576e+000 
1.008403633e+000 1.033988858e+000 
1.008689696e+000 1.034198524e+000 
1.007641490e+000 1.031834816e+000 
1.007750932e+000 1.032283041e+000 
1.010954790e+000 1.036558021e+000 
1.011045836e+000 1.036660166e+000 
1.007548762e+000 1.031790997e+000 
1.010090425e+000 1.035933028e+000 
1.008825281e+000 1.034357442e+000 
1.007774303e+000 1.032906826e+000 
1.011835831e+000 1.037203736e+000 
1.023391320e+000 1.276080648e+000 
1.022303376e+000 1.274788557e+000 
1.020403139e+000 1.271760308e+000 
1.022053651e+000 1.274494772e+000 
1.025944425e+000 1.278578316e+000 
1.022039933e+000 1.274310597e+000 
1.023908686e+000 1.276708422e+000 
1.022510570e+000 1.275087216e+000 
1.021702316e+000 1.273914825e+000 
1.021351606e+000 1.273431378e+000 
1.026273705e+000 1.279229186e+000 
1.027199437e+000 1.280194648e+000 
1.025358082e+000 1.278281581e+000 
1.025055483e+000 1.277754072e+000 
1.025637880e+000 1.278408941e+000 
1.001748229e+000 1.003668973e+000 
1.000733705e+000 1.003229613e+000 
1.000953906e+000 1.003437101e+000 
1.001011780e+000 1.003437220e+000 
1.002082603e+000 1.003769890e+000 
1.001270146e+000 1.003541139e+000 
1.000837845e+000 1.003333183e+000 
1.001596562e+000 1.003628308e+000 
1.002648205e+000 1.003892614e+000 
1.001204952e+000 1.003510282e+000 
1.001521192e+000 1.003614320e+000 
1.001680801e+000 1.003665852e+000 
1.001463319e+000 1.003614200e+000 
1.003033602e+000 1.003969201e+000 
1.002918349e+000 1.003924224e+000 
1.002577350e+000 1.003852057e+000 
1.019328256e+000 1.200773639e+000 
1.019844592e+000 1.201568834e+000 
1.020029492e+000 1.202150539e+000 
1.018146405e+000 1.198835967e+000 
1.019040059e+000 1.200130662e+000 
1.019603149e+000 1.201360770e+000 
1.087646014e+000 1.895196184e+000 
1.053009048e+000 1.869825867e+000 
1.082919393e+000 1.893008031e+000 
1.030856698e+000 1.844955795e+000 
1.089062464e+000 1.896144475e+000 
1.038748532e+000 1.854706337e+000 
1.082540749e+000 1.892659571e+000 
1.101957295e+000 1.903659427e+000 
1.107844483e+000 1.907019665e+000 
1.048780756e+000 1.865597882e+000 
1.109168020e+000 1.907691434e+000 
1.035050063e+000 1.850246959e+000 
1.048967703e+000 1.865740675e+000 
1.060508416e+000 1.876035995e+000 
1.055126754e+000 1.871682537e+000 
1.064953316e+000 1.879228245e+000 
1.088419391e+000 1.895703038e+000 
1.113672905e+000 1.910300495e+000 
1.253220194e+000 1.951099806e+000 
1.225370762e+000 1.946627765e+000 
1.178482890e+000 1.934966128e+000 
1.030313352e+000 1.843658839e+000 
1.028761922e+000 1.841028910e+000 
1.081124299e+000 1.891711281e+000 
1.047140212e+000 1.863992547e+000 
1.072706414e+000 1.885215810e+000 
1.144321281e+000 1.921991159e+000 
1.240105663e+000 1.949189480e+000 
1.112897320e+000 1.909990611e+000 
1.051208617e+000 1.867730526e+000 
1.033598175e+000 1.848197900e+000 
1.069308355e+000 1.882699896e+000 
1.051834481e+000 1.868622168e+000 
1.241910140e+000 1.949515620e+000 
1.142111276e+000 1.921206235e+000 
1.172867962e+000 1.933169997e+000 
1.047541662e+000 1.864379075e+000 
1.051274775e+000 1.868130920e+000 
1.201251292e+000 1.942046480e+000 
1.052183934e+000 1.868814511e+000 
1.111137279e+000 1.908842814e+000 
1.191316785e+000 1.939662929e+000 
1.115820607e+000 1.910990609e+000 
1.188003809e+000 1.938041803e+000 
1.030273577e+000 1.843568829e+000 
1.117628030e+000 1.912081506e+000 
1.200582014e+000 1.941329086e+000 
1.249796127e+000 1.951086981e+000 
1.245492518e+000 1.950057291e+000 
1.256630735e+000 1.952079442e+000 
1.038264029e+000 1.854191562e+000 
1.169213364e+000 1.931670890e+000 
1.035361479e+000 1.850626129e+000 
1.080318130e+000 1.890982794e+000 
1.056116070e+000 1.872267192e+000 
1.235767020e+000 1.948348084e+000 
1.248845743e+000 1.950707576e+000 
1.031376947e+000 1.845375833e+000 
1.086182354e+000 1.894551085e+000 
1.130904416e+000 1.917987931e+000 
1.031450376e+000 1.845456865e+000 
1.074672102e+000 1.886702336e+000 
1.215886260e+000 1.944728129e+000 
1.033923600e+000 1.848632430e+000 
1.076672663e+000 1.888242652e+000 
1.170599353e+000 1.932153572e+000 
1.233142920e+000 1.948173435e+000 
1.230049555e+000 1.947485275e+000 
1.027721774e+000 1.837753005e+000 
1.207246322e+000 1.943008916e+000 
1.088652966e+000 1.895787886e+000 
1.118084834e+000 1.912441611e+000 
1.047914420e+000 1.864727646e+000 
1.114737338e+000 1.910941082e+000 
1.210337015e+000 1.943630025e+000 
1.056610977e+000 1.872651292e+000 
1.049872326e+000 1.866403709e+000 
1.198466829e+000 1.941253199e+000 
1.148749042e+000 1.924226181e+000 
1.145976454e+000 1.923304573e+000 
1.040068875e+000 1.856526735e+000 
1.040915417e+000 1.857424509e+000 
1.028454906e+000 1.840298269e+000 
1.039412714e+000 1.855671546e+000 
1.231879319e+000 1.947540981e+000 
1.227084121e+000 1.946675984e+000 
1.037817785e+000 1.853681513e+000 
1.146881056e+000 1.923834946e+000 
1.255102659e+000 1.951526925e+000 
1.200588903e+000 1.941455532e+000 
1.035706225e+000 1.851141093e+000 
1.044421032e+000 1.861038021e+000 
1.179840388e+000 1.935081346e+000 
1.228327539e+000 1.947309500e+000 
1.027396547e+000 1.836783362e+000 
1.027292158e+000 1.836457769e+000 
1.029024581e+000 1.841331501e+000 
1.028185920e+000 1.839642125e+000 
1.042817860e+000 1.859405763e+000 
1.173583227e+000 1.933209642e+000 
1.122550985e+000 1.914187009e+000 
1.211675487e+000 1.944171673e+000 
1.046182589e+000 1.863012394e+000 
1.120969231e+000 1.913300575e+000 
1.253446688e+000 1.951446526e+000 
1.056333775e+000 1.872329163e+000 
1.037333282e+000 1.853166705e+000 
1.032125933e+000 1.846282360e+000 
1.038138077e+000 1.854143401e+000 
1.217460386e+000 1.944909694e+000 
1.223168856e+000 1.946453103e+000 
1.071745366e+000 1.884489170e+000 
1.203752636e+000 1.942703200e+000 
1.201832340e+000 1.942233799e+000 
1.056354325e+000 1.872436580e+000 
1.143089784e+000 1.921793243e+000 
1.036930988e+000 1.852739810e+000 
1.034534263e+000 1.849452119e+000 
1.068419057e+000 1.882310093e+000 
1.105683212e+000 1.905613597e+000 
1.061937715e+000 1.877034487e+000 
1.172680072e+000 1.932800685e+000 
1.067179530e+000 1.881178009e+000 
1.106159603e+000 1.905967994e+000 
1.074177254e+000 1.886397878e+000 
1.043577819e+000 1.860254064e+000 
1.100496313e+000 1.902872265e+000 
1.144493803e+000 1.922026002e+000 
1.186024217e+000 1.937364122e+000 
1.203218723e+000 1.942436537e+000 
1.187646102e+000 1.937848700e+000 
1.055746539e+000 1.871886318e+000 
1.193705812e+000 1.939852681e+000 
1.072738574e+000 1.885352869e+000 
1.042225286e+000 1.858760834e+000 
1.058082579e+000 1.874018353e+000 
1.033392758e+000 1.847957237e+000 
1.040656445e+000 1.857143365e+000 
1.075849922e+000 1.887732034e+000 
1.055902818e+000 1.872149274e+000 
1.068962260e+000 1.882612225e+000 
1.138177776e+000 1.920097049e+000 
1.132627672e+000 1.918855516e+000 
1.057685702e+000 1.873536391e+000 
1.100348980e+000 1.902735582e+000 
1.136751640e+000 1.919857640e+000 
1.144669727e+000 1.922279432e+000 
1.173981941e+000 1.933510222e+000 
1.056763214e+000 1.872789097e+000 
1.146586497e+000 1.923315865e+000 
1.153235389e+000 1.926166479e+000 
1.050015125e+000 1.866816028e+000 
1.059613039e+000 1.875435260e+000 
1.138466857e+000 1.920451602e+000 
1.176466925e+000 1.934207472e+000 
1.049445545e+000 1.866255304e+000 
1.058449229e+000 1.874296557e+000 
1.067480939e+000 1.881430978e+000 
1.190731121e+000 1.938691712e+000 
1.140987924e+000 1.921174043e+000 
1.175966434e+000 1.934155696e+000 
1.151840638e+000 1.926085890e+000 
1.150483041e+000 1.925361264e+000 
1.102991512e+000 1.904212607e+000 
1.062082027e+000 1.877292262e+000 
1.084339377e+000 1.893362443e+000 
1.084981424e+000 1.893843341e+000 
1.144870428e+000 1.922366369e+000 
1.086769348e+000 1.895063130e+000 
1.079981314e+000 1.890651980e+000 
1.085610890e+000 1.894185953e+000 
1.138615428e+000 1.920759093e+000 
1.062475361e+000 1.877641441e+000 
1.097062332e+000 1.900971600e+000 
1.094541170e+000 1.899445133e+000 
1.261279344e+000 1.952319641e+000 
1.165407208e+000 1.930631690e+000 
1.128437206e+000 1.916837983e+000 
1.075710116e+000 1.887378739e+000 
1.057707584e+000 1.873590673e+000 
1.061541611e+000 1.876900177e+000 
1.121070583e+000 1.913361610e+000 
1.100305533e+000 1.902658882e+000 
1.122127120e+000 1.913962765e+000 
1.090707293e+000 1.896895132e+000 
1.090664657e+000 1.896849807e+000 
1.158775576e+000 1.928178376e+000 
1.065749623e+000 1.879959982e+000 
1.263292591e+000 1.952840185e+000 
1.266592860e+000 1.953050303e+000 
1.178205411e+000 1.934749868e+000 
1.166804079e+000 1.930993351e+000 
1.176645201e+000 1.934260708e+000 
1.262954326e+000 1.952733455e+000 
1.161153387e+000 1.929477872e+000 
1.177642807e+000 1.934436106e+000 
1.090269094e+000 1.896604414e+000 
1.091461153e+000 1.897373847e+000 
1.144920010e+000 1.922699131e+000 
1.095715356e+000 1.900100726e+000 
1.000070135e+000 1.000031616e+000 
1.000122253e+000 1.000032634e+000 
1.000091240e+000 1.000032553e+000 
1.016606514e+000 1.068692254e+000 
1.015420652e+000 1.067454092e+000 
1.016281995e+000 1.068367973e+000 
1.016918243e+000 1.068824952e+000 
1.017235004e+000 1.069131036e+000 
1.012643920e+000 1.063637781e+000 
1.014906852e+000 1.066769287e+000 
1.013681981e+000 1.065309310e+000 
1.017559523e+000 1.069455318e+000 
1.013439133e+000 1.064834023e+000 
1.014272286e+000 1.066065804e+000 
1.013550208e+000 1.064944628e+000 
1.012925172e+000 1.064155404e+000 
1.016509402e+000 1.068479253e+000 
1.013276742e+000 1.064680690e+000 
1.006765642e+000 1.009900147e+000 
1.006590370e+000 1.009848227e+000 
1.004836610e+000 1.009242869e+000 
1.007391198e+000 1.010173025e+000 
1.004465599e+000 1.009025711e+000 
1.007145443e+000 1.010026550e+000 
1.004731549e+000 1.009218519e+000 
1.005145344e+000 1.009421063e+000 
1.005193821e+000 1.009425171e+000 
1.005947594e+000 1.009651708e+000 
1.007110533e+000 1.010014420e+000 
1.000055463e+000 1.000002129e+000 
1.000031078e+000 1.000002122e+000 
1.000000000e+000 1.000002118e+000 
1.000039166e+000 1.000002125e+000 
1.419922367e+000 1.978810831e+000 
1.779417601e+000 1.998502929e+000 
1.379654514e+000 1.973790292e+000 
1.784211320e+000 1.998708455e+000 
1.271756586e+000 1.954472859e+000 
1.287089279e+000 1.957846182e+000 
1.285069710e+000 1.957559165e+000 
1.820477206e+000 1.999748989e+000 
1.822523397e+000 1.999942910e+000 
1.326077463e+000 1.965922487e+000 
1.274049466e+000 1.954956838e+000 
1.403965752e+000 1.977393665e+000 
1.314716665e+000 1.964033112e+000 
1.316103659e+000 1.964614989e+000 
1.279526568e+000 1.956420742e+000 
1.409601412e+000 1.977844605e+000 
1.295952449e+000 1.959902459e+000 
1.279683920e+000 1.956506344e+000 
1.381906463e+000 1.974125509e+000 
1.338443682e+000 1.968026032e+000 
1.431520506e+000 1.980569755e+000 
1.382566079e+000 1.974407317e+000 
1.434425438e+000 1.981156475e+000 
1.424414315e+000 1.980234133e+000 
1.449046868e+000 1.982473476e+000 
1.422682518e+000 1.979797268e+000 
1.441023810e+000 1.981663470e+000 
1.832322264e+000 2.000000000e+000 
1.437289890e+000 1.981579556e+000 
1.277167549e+000 1.955439156e+000 
1.281532861e+000 1.957050559e+000 
1.420052774e+000 1.979161108e+000 
1.421833896e+000 1.979458329e+000 
1.294162915e+000 1.959159961e+000 
1.366384331e+000 1.972080537e+000 
1.375100368e+000 1.973387202e+000 
1.336111328e+000 1.967814770e+000 
1.329445918e+000 1.966611419e+000 
1.329867336e+000 1.966794626e+000 
1.451399897e+000 1.982641030e+000 
1.448052855e+000 1.982314818e+000 
1.330483344e+000 1.966931949e+000 
1.380699337e+000 1.974112906e+000 
1.299625114e+000 1.960718018e+000 
1.300727693e+000 1.960912800e+000 
1.266976610e+000 1.953475557e+000 
1.264088406e+000 1.952874578e+000 
1.305993412e+000 1.961840300e+000 
1.298638746e+000 1.960562512e+000 
1.324962791e+000 1.965646256e+000 
1.267692366e+000 1.953703964e+000 
1.304240828e+000 1.961473833e+000 
1.273420047e+000 1.954846889e+000 
1.311342721e+000 1.963287265e+000 
1.311101291e+000 1.963141818e+000 
1.269777310e+000 1.954108495e+000 
1.352987317e+000 1.970315439e+000 
1.356576379e+000 1.971184319e+000 
1.303227610e+000 1.961327879e+000 
1.364181785e+000 1.972051997e+000 
1.362607837e+000 1.971956157e+000 
1.360481359e+000 1.971562213e+000 
1.820687855e+000 1.999893196e+000 
1.828738589e+000 1.999978185e+000 
1.433915826e+000 1.980837334e+000 
1.359458183e+000 1.971526263e+000 
1.316037731e+000 1.964375374e+000 
1.361142601e+000 1.971732531e+000 
1.321147769e+000 1.965161946e+000 
1.318792300e+000 1.964801311e+000 
1.790680933e+000 1.998767913e+000 
1.344010456e+000 1.969005661e+000 
1.832030427e+000 1.999995907e+000 
1.327422470e+000 1.965982719e+000 
1.350245237e+000 1.969865396e+000 
1.292079186e+000 1.959064610e+000 
1.296715287e+000 1.959977690e+000 
1.294609583e+000 1.959599109e+000 
1.290267578e+000 1.958831609e+000 
1.792163753e+000 1.999125075e+000 
1.341740071e+000 1.968725503e+000 
1.301577497e+000 1.960993582e+000 
1.333888234e+000 1.967662849e+000 
1.347004029e+000 1.969536415e+000 
1.347732785e+000 1.969721722e+000 
1.344836127e+000 1.969246049e+000 
1.342134433e+000 1.968932571e+000 
1.333712517e+000 1.967376437e+000 
1.339035533e+000 1.968532320e+000 
1.313199965e+000 1.963590277e+000 
1.428779961e+000 1.980454209e+000 
1.382706932e+000 1.974545910e+000 
1.287170436e+000 1.957875180e+000 
1.276266230e+000 1.955311628e+000 
1.369958273e+000 1.972800003e+000 
1.389659818e+000 1.975853849e+000 
1.389248086e+000 1.975452952e+000 
1.385951419e+000 1.975075462e+000 
1.387346455e+000 1.975306832e+000 
1.383113354e+000 1.974917837e+000 
1.400057814e+000 1.976889934e+000 
1.767842284e+000 1.998371432e+000 
1.367608725e+000 1.972521739e+000 
1.413952020e+000 1.978567752e+000 
1.369650755e+000 1.972607068e+000 
1.431526252e+000 1.980655573e+000 
1.414163586e+000 1.978622014e+000 
1.466446130e+000 1.984667144e+000 
1.708268652e+000 1.997628764e+000 
1.406362885e+000 1.977759593e+000 
1.396579794e+000 1.976326232e+000 
1.404868428e+000 1.977441862e+000 
1.397287972e+000 1.976478126e+000 
1.407062220e+000 1.977813251e+000 
1.412656887e+000 1.978371427e+000 
1.778774852e+000 1.998427378e+000 
1.813472122e+000 1.999627221e+000 
1.687459885e+000 1.997022580e+000 
1.686850321e+000 1.996999717e+000 
1.421198902e+000 1.979334512e+000 
1.809079758e+000 1.999530287e+000 
1.777405539e+000 1.998399325e+000 
1.800657846e+000 1.999363090e+000 
1.675902732e+000 1.996884081e+000 
1.806846426e+000 1.999384334e+000 
1.684830131e+000 1.996949317e+000 
1.446242898e+000 1.981990196e+000 
1.807043519e+000 1.999413245e+000 
1.800119303e+000 1.999144376e+000 
1.664232135e+000 1.996707015e+000 
1.800158913e+000 1.999289632e+000 
1.659038353e+000 1.996563099e+000 
1.648760783e+000 1.996241634e+000 
1.639642697e+000 1.995846341e+000 
1.651716220e+000 1.996327383e+000 
1.713338123e+000 1.997763887e+000 
1.641769268e+000 1.996016280e+000 
1.645113745e+000 1.996202675e+000 
1.673349861e+000 1.996787352e+000 
1.441280668e+000 1.981726845e+000 
1.727052953e+000 1.998104131e+000 
1.636753841e+000 1.995773204e+000 
1.735336256e+000 1.998234136e+000 
1.478498665e+000 1.986033588e+000 
1.741762073e+000 1.998311377e+000 
1.482650432e+000 1.986397484e+000 
1.484013815e+000 1.986420003e+000 
1.498249460e+000 1.987382845e+000 
1.497051113e+000 1.987314824e+000 
1.635810944e+000 1.995613679e+000 
1.487122544e+000 1.986616176e+000 
1.499958604e+000 1.987556168e+000 
1.741628202e+000 1.998285157e+000 
1.690025229e+000 1.997140751e+000 
1.741970295e+000 1.998328158e+000 
1.629583178e+000 1.995512953e+000 
1.703992105e+000 1.997510849e+000 
1.703649026e+000 1.997497307e+000 
1.614849630e+000 1.995182465e+000 
1.620461734e+000 1.995303026e+000 
1.618730090e+000 1.995196993e+000 
1.623690222e+000 1.995432074e+000 
1.710394049e+000 1.997660930e+000 
1.722926300e+000 1.997865900e+000 
1.700369747e+000 1.997374913e+000 
1.689414391e+000 1.997083905e+000 
1.715924053e+000 1.997854189e+000 
1.559102849e+000 1.992015241e+000 
1.698915880e+000 1.997350177e+000 
1.694680646e+000 1.997280249e+000 
1.605465196e+000 1.994686508e+000 
1.609568773e+000 1.994791814e+000 
1.509351410e+000 1.988160570e+000 
1.612121167e+000 1.995066922e+000 
1.499187141e+000 1.987543012e+000 
1.596762812e+000 1.994370584e+000 
1.603646043e+000 1.994650147e+000 
1.590512671e+000 1.994090734e+000 
1.605647987e+000 1.994734639e+000 
1.585947549e+000 1.993806486e+000 
1.595011997e+000 1.994262051e+000 
1.579684897e+000 1.993360906e+000 
1.583917321e+000 1.993591586e+000 
1.510481461e+000 1.988421608e+000 
1.563882625e+000 1.992231844e+000 
1.462457567e+000 1.984085526e+000 
1.503368832e+000 1.987800520e+000 
1.459499441e+000 1.983858988e+000 
1.588304315e+000 1.993923389e+000 
1.568156699e+000 1.992560992e+000 
1.584833625e+000 1.993782628e+000 
1.477986608e+000 1.985706512e+000 
1.568669509e+000 1.992631088e+000 
1.454430011e+000 1.983208175e+000 
1.573305428e+000 1.992982714e+000 
1.454148344e+000 1.982912884e+000 
1.470390918e+000 1.984954300e+000 
1.468795363e+000 1.984896606e+000 
1.552178356e+000 1.991486756e+000 
1.454245658e+000 1.983102767e+000 
1.516714186e+000 1.988833997e+000 
1.514466930e+000 1.988513917e+000 
1.531161058e+000 1.989745387e+000 
1.519452710e+000 1.988916649e+000 
1.520195190e+000 1.988953374e+000 
1.537404368e+000 1.990306021e+000 
1.534431118e+000 1.990050456e+000 
1.540531820e+000 1.990614779e+000 
1.528683899e+000 1.989594924e+000 
1.547074126e+000 1.991096576e+000 
1.533714772e+000 1.989882516e+000 

