1.000235677e+000 1.000406249e+000 
1.000285924e+000 1.000426700e+000 
1.000380114e+000 1.000447719e+000 
1.000263986e+000 1.000406688e+000 
1.064260157e+000 1.861572269e+000 
1.012345791e+000 1.738547370e+000 
1.013025999e+000 1.743519010e+000 
1.014266635e+000 1.747288618e+000 
1.066071063e+000 1.864780920e+000 
1.115604973e+000 1.916691199e+000 
1.013587163e+000 1.744427902e+000 
1.071097872e+000 1.870388488e+000 
1.031630488e+000 1.804586502e+000 
1.012693505e+000 1.741437213e+000 
1.014130724e+000 1.747163672e+000 
1.073559915e+000 1.872398796e+000 
1.075865036e+000 1.875998838e+000 
1.105519505e+000 1.907274565e+000 
1.045894088e+000 1.835264334e+000 
1.049057332e+000 1.840591769e+000 
1.045644211e+000 1.834781118e+000 
1.015065049e+000 1.753230139e+000 
1.053774069e+000 1.848441816e+000 
1.042496967e+000 1.828956189e+000 
1.011646086e+000 1.734173942e+000 
1.054870670e+000 1.850284739e+000 
1.062173132e+000 1.860705815e+000 
1.054361366e+000 1.849761209e+000 
1.022576970e+000 1.779647390e+000 
1.036283776e+000 1.815357013e+000 
1.050054026e+000 1.843144127e+000 
1.068635303e+000 1.866956182e+000 
1.080179313e+000 1.880166256e+000 
1.034448909e+000 1.811180189e+000 
1.046050061e+000 1.835634144e+000 
1.087266716e+000 1.887660500e+000 
1.046707387e+000 1.836750177e+000 
1.010295786e+000 1.722753552e+000 
1.036139940e+000 1.815092582e+000 
1.036059817e+000 1.814355421e+000 
1.047817419e+000 1.839665483e+000 
1.009948073e+000 1.719863709e+000 
1.017421215e+000 1.762655452e+000 
1.028543240e+000 1.796866735e+000 
1.028868925e+000 1.797921629e+000 
1.036282204e+000 1.815308839e+000 
1.044928084e+000 1.833672032e+000 
1.016591625e+000 1.759123128e+000 
1.075335299e+000 1.875060542e+000 
1.041596531e+000 1.826815519e+000 
1.041466076e+000 1.826555316e+000 
1.046180516e+000 1.835894320e+000 
1.074191849e+000 1.873505667e+000 
1.080647888e+000 1.880521690e+000 
1.017238892e+000 1.762043127e+000 
1.043519500e+000 1.830904065e+000 
1.022045758e+000 1.778009032e+000 
1.042640804e+000 1.829216707e+000 
1.012641115e+000 1.739152789e+000 
1.095243724e+000 1.895585909e+000 
1.090121514e+000 1.892386287e+000 
1.054515050e+000 1.850077594e+000 
1.013372976e+000 1.744297929e+000 
1.052227769e+000 1.845611606e+000 
1.057616660e+000 1.854247444e+000 
1.015871390e+000 1.755027683e+000 
1.016612260e+000 1.759413930e+000 
1.053046180e+000 1.847286049e+000 
1.055559655e+000 1.851276660e+000 
1.060217062e+000 1.858022233e+000 
1.058160057e+000 1.855050482e+000 
1.091316402e+000 1.892646359e+000 
1.014618704e+000 1.749426431e+000 
1.017735864e+000 1.763756105e+000 
1.016106104e+000 1.757924433e+000 
1.061626430e+000 1.859864239e+000 
1.059172457e+000 1.856823166e+000 
1.016364568e+000 1.758018371e+000 
1.020277712e+000 1.772436448e+000 
1.019310293e+000 1.769022411e+000 
1.055915275e+000 1.851482717e+000 
1.065243871e+000 1.863638295e+000 
1.021430671e+000 1.775968754e+000 
1.092654628e+000 1.894700331e+000 
1.060104351e+000 1.857623788e+000 
1.016999762e+000 1.760915121e+000 
1.014937415e+000 1.750694137e+000 
1.011707139e+000 1.734819243e+000 
1.059059746e+000 1.856429237e+000 
1.115005906e+000 1.915852391e+000 
1.010952523e+000 1.727735301e+000 
1.010651685e+000 1.727021990e+000 
1.019769898e+000 1.770818574e+000 
1.010448091e+000 1.725565797e+000 
1.099432652e+000 1.900508101e+000 
1.012039634e+000 1.736901040e+000 
1.013852791e+000 1.746231481e+000 
1.014341110e+000 1.748250029e+000 
1.010984179e+000 1.729103787e+000 
1.013919657e+000 1.746509699e+000 
1.069009238e+000 1.867226024e+000 
1.074952912e+000 1.873688426e+000 
1.064529548e+000 1.861918609e+000 
1.041837556e+000 1.827112464e+000 
1.029558935e+000 1.799546597e+000 
1.030448409e+000 1.801989272e+000 
1.084608359e+000 1.884503577e+000 
1.030533404e+000 1.802174525e+000 
1.011359426e+000 1.731929400e+000 
1.010303971e+000 1.724132147e+000 
1.043749399e+000 1.831174487e+000 
1.043893235e+000 1.831435005e+000 
1.018568014e+000 1.766733061e+000 
1.010636465e+000 1.726213944e+000 
1.010100378e+000 1.722675954e+000 
1.037080037e+000 1.817275556e+000 
1.022443542e+000 1.779106784e+000 
1.028458244e+000 1.796681129e+000 
1.035449929e+000 1.813467915e+000 
1.011155832e+000 1.730473207e+000 
1.025842847e+000 1.788904469e+000 
1.036679736e+000 1.816126116e+000 
1.098690097e+000 1.899786258e+000 
1.093594688e+000 1.895079260e+000 
1.022414064e+000 1.778817220e+000 
1.025920530e+000 1.789277730e+000 
1.027393590e+000 1.793542119e+000 
1.078454232e+000 1.878009684e+000 
1.027573668e+000 1.794142022e+000 
1.038599598e+000 1.820491141e+000 
1.027792978e+000 1.794725736e+000 
1.035056902e+000 1.812541124e+000 
1.097572731e+000 1.899012163e+000 
1.039901883e+000 1.823008287e+000 
1.030237404e+000 1.801063652e+000 
1.024355366e+000 1.784438624e+000 
1.031816887e+000 1.805131295e+000 
1.013012812e+000 1.741862746e+000 
1.034074205e+000 1.810515670e+000 
1.018411581e+000 1.765786047e+000 
1.100236301e+000 1.901492940e+000 
1.018269283e+000 1.765536203e+000 
1.085131040e+000 1.885963542e+000 
1.022324801e+000 1.778145010e+000 
1.105462164e+000 1.906369118e+000 
1.017802730e+000 1.764034322e+000 
1.033522822e+000 1.809299176e+000 
1.022933652e+000 1.779896736e+000 
1.035113168e+000 1.813164419e+000 
1.032366258e+000 1.806157678e+000 
1.036505878e+000 1.815715627e+000 
1.103465743e+000 1.904606046e+000 
1.037547338e+000 1.817873134e+000 
1.036848243e+000 1.816538108e+000 
1.024393029e+000 1.784641906e+000 
1.024825967e+000 1.785617821e+000 
1.025791317e+000 1.788497078e+000 
1.025545989e+000 1.788181804e+000 
1.024250731e+000 1.784398908e+000 
1.028808903e+000 1.797264116e+000 
1.023579698e+000 1.781741140e+000 
1.032494722e+000 1.806446681e+000 
1.077837562e+000 1.877218164e+000 
1.018480916e+000 1.765884591e+000 
1.087938446e+000 1.888702168e+000 
1.083174970e+000 1.883271091e+000 
1.089556552e+000 1.890553149e+000 
1.103900108e+000 1.904870391e+000 
1.091446857e+000 1.892828736e+000 
1.099912462e+000 1.900559816e+000 
1.088468182e+000 1.889635788e+000 
1.102483490e+000 1.903170555e+000 
1.071712805e+000 1.870705133e+000 
1.082002261e+000 1.881604112e+000 
1.085910127e+000 1.887125171e+000 
1.083844964e+000 1.883750027e+000 
9.999999989e-001 1.000000000e+000 
1.000008909e+000 1.000072752e+000 
1.000046375e+000 1.000076304e+000 
1.000110035e+000 1.000079714e+000 
1.000138344e+000 1.000080014e+000 
1.000050245e+000 1.000076327e+000 
1.003740931e+000 1.024093526e+000 
1.003652415e+000 1.024064987e+000 
1.003637166e+000 1.023283621e+000 
1.002984053e+000 1.022182267e+000 
1.003231765e+000 1.023061948e+000 
1.003404703e+000 1.023185306e+000 
1.002679100e+000 1.021222868e+000 
1.003099750e+000 1.022225907e+000 
1.004128466e+000 1.024973208e+000 
1.002922893e+000 1.021242744e+000 
1.002617940e+000 1.020283345e+000 
1.001253504e+000 1.003918192e+000 
1.001460894e+000 1.003959598e+000 
1.000700533e+000 1.003147081e+000 
1.001345953e+000 1.003939070e+000 
1.000733122e+000 1.003337091e+000 
1.001126551e+000 1.003734088e+000 
1.001304823e+000 1.003919066e+000 
1.001159595e+000 1.003746931e+000 
1.001205453e+000 1.003888035e+000 
1.000936626e+000 1.003696424e+000 
1.001515395e+000 1.004086433e+000 
1.001137810e+000 1.003736856e+000 
1.001100133e+000 1.003727868e+000 
1.000932297e+000 1.003541953e+000 
1.000943547e+000 1.003706576e+000 
1.000793183e+000 1.003339615e+000 
1.000984677e+000 1.003726581e+000 
1.000922462e+000 1.003534776e+000 
1.000780692e+000 1.003337921e+000 
1.000802796e+000 1.003349916e+000 
1.000807006e+000 1.003533489e+000 
1.000615511e+000 1.003146523e+000 
1.001683385e+000 1.009604342e+000 
1.001934344e+000 1.010079397e+000 
1.001850808e+000 1.010030731e+000 
1.002146319e+000 1.010472802e+000 
1.001669712e+000 1.009568746e+000 
1.001986734e+000 1.010101062e+000 
1.001586176e+000 1.009520079e+000 
1.001837135e+000 1.009995135e+000 
1.001753599e+000 1.009946468e+000 
1.001546911e+000 1.009148946e+000 
1.000478092e+000 1.001464776e+000 
1.000509880e+000 1.001471560e+000 
1.000444596e+000 1.001461788e+000 
1.000412808e+000 1.001455004e+000 
1.000585758e+000 1.001546769e+000 
1.000520474e+000 1.001536997e+000 
1.000602231e+000 1.001547410e+000 
1.000397559e+000 1.001382506e+000 
1.000472905e+000 1.001461944e+000 
1.000569825e+000 1.001544616e+000 
1.007197498e+000 1.055506810e+000 
1.008459322e+000 1.057660751e+000 
1.005334648e+000 1.050203769e+000 
1.005976360e+000 1.052036795e+000 
1.006826410e+000 1.053979764e+000 
1.005584830e+000 1.050407102e+000 
1.004553843e+000 1.046834006e+000 
1.007666043e+000 1.055867329e+000 
1.007581673e+000 1.055795324e+000 
1.006357866e+000 1.053619245e+000 
1.004943118e+000 1.048574075e+000 
1.005408993e+000 1.050228530e+000 
1.004858749e+000 1.048502069e+000 
1.005324624e+000 1.050156525e+000 
1.005500461e+000 1.050335096e+000 
1.004469474e+000 1.046762001e+000 
1.007535320e+000 1.055701180e+000 
1.006742041e+000 1.053907759e+000 
1.008071381e+000 1.057213245e+000 
1.008374953e+000 1.057588745e+000 
1.008759128e+000 1.057877259e+000 
1.008655530e+000 1.057682889e+000 
1.004276104e+000 1.042091908e+000 
1.004460679e+000 1.042279202e+000 
1.000154435e+000 1.000359804e+000 
1.000186140e+000 1.000363056e+000 
1.000157831e+000 1.000363025e+000 
1.000220214e+000 1.000384063e+000 
1.005807868e+000 1.050659042e+000 
1.007121910e+000 1.054008120e+000 
1.005297914e+000 1.048651512e+000 
1.007881624e+000 1.056030496e+000 
1.009227597e+000 1.082107602e+000 
1.009140233e+000 1.081745283e+000 
1.009583063e+000 1.084194760e+000 
1.009712637e+000 1.084419929e+000 
1.009015902e+000 1.077083096e+000 
1.009450537e+000 1.083423984e+000 
1.002651697e+000 1.020492792e+000 
1.003179751e+000 1.022251813e+000 
1.002457433e+000 1.019489753e+000 
1.002196453e+000 1.018524665e+000 
1.002346705e+000 1.018664374e+000 
1.002566815e+000 1.019667413e+000 
1.004116514e+000 1.024138802e+000 
1.185107634e+000 1.976589413e+000 
1.121086636e+000 1.923510337e+000 
1.179597399e+000 1.973043466e+000 
1.177171199e+000 1.970294988e+000 
1.161102987e+000 1.960365259e+000 
1.131580915e+000 1.933708633e+000 
1.201095629e+000 1.986018498e+000 
1.133398110e+000 1.936283881e+000 
1.181473005e+000 1.974705781e+000 
1.140125232e+000 1.942484926e+000 
1.182330472e+000 1.974836288e+000 
1.130225505e+000 1.933689567e+000 
1.417068270e+000 1.999959426e+000 
1.415832917e+000 1.999920974e+000 
1.213845854e+000 1.990708599e+000 
1.229137490e+000 1.993822616e+000 
1.157559629e+000 1.959561002e+000 
1.146934704e+000 1.948511460e+000 
1.109527542e+000 1.910383422e+000 
1.135108296e+000 1.938661251e+000 
1.136438801e+000 1.939388307e+000 
1.156399529e+000 1.958047793e+000 
1.414016088e+000 1.999908261e+000 
1.116469837e+000 1.918907727e+000 
1.110267367e+000 1.911066771e+000 
1.122735530e+000 1.924931841e+000 
1.170677408e+000 1.967311981e+000 
1.117908844e+000 1.919736285e+000 
1.109917413e+000 1.910591301e+000 
1.097344136e+000 1.895730346e+000 
1.179284850e+000 1.972582460e+000 
1.185866958e+000 1.976837779e+000 
1.137755459e+000 1.941259039e+000 
1.117405939e+000 1.919642959e+000 
1.226662665e+000 1.993471377e+000 
1.118530697e+000 1.920103018e+000 
1.118964485e+000 1.921339488e+000 
1.201586763e+000 1.986527706e+000 
1.113473803e+000 1.914649672e+000 
1.132657283e+000 1.935262008e+000 
1.186837435e+000 1.977079295e+000 
1.135502699e+000 1.938867352e+000 
1.182706256e+000 1.975064721e+000 
1.144133314e+000 1.945763915e+000 
1.113786352e+000 1.915155904e+000 
1.120553432e+000 1.922991398e+000 
1.430170229e+000 2.000000000e+000 
1.145198312e+000 1.947143954e+000 
1.184135836e+000 1.976526728e+000 
1.112197405e+000 1.913508706e+000 
1.137204498e+000 1.940713997e+000 
1.234870314e+000 1.996705936e+000 
1.119666207e+000 1.921479311e+000 
1.123048079e+000 1.925422348e+000 
1.154452418e+000 1.955268639e+000 
1.156164370e+000 1.957769823e+000 
1.148445092e+000 1.950546753e+000 
1.150867187e+000 1.951655846e+000 
1.151179736e+000 1.952146353e+000 
1.151829750e+000 1.952311806e+000 
1.154987517e+000 1.957031829e+000 
1.139937571e+000 1.942452719e+000 
1.379951461e+000 1.999819155e+000 
1.148132542e+000 1.950045201e+000 
1.148820875e+000 1.950784392e+000 
1.175939015e+000 1.970283335e+000 
1.173605293e+000 1.969308175e+000 
1.158114756e+000 1.959896568e+000 
1.189279076e+000 1.978755882e+000 
1.167115816e+000 1.965621321e+000 
1.229572110e+000 1.993856666e+000 
1.145510861e+000 1.947651059e+000 
1.166083679e+000 1.964805161e+000 
1.167070344e+000 1.964934140e+000 
1.154518119e+000 1.956426929e+000 
1.157240316e+000 1.959271549e+000 
1.169372221e+000 1.967055884e+000 
1.145815060e+000 1.947689303e+000 
1.109718631e+000 1.910508098e+000 
1.112031299e+000 1.913123458e+000 
1.142535630e+000 1.945336252e+000 
1.342658996e+000 1.999741425e+000 
1.106828830e+000 1.907707711e+000 
1.147594950e+000 1.949617396e+000 
1.114545317e+000 1.915689807e+000 
1.146118699e+000 1.948024477e+000 
1.107370646e+000 1.908094339e+000 
1.304606810e+000 1.999683281e+000 
1.107204613e+000 1.907966908e+000 
1.129015688e+000 1.930960361e+000 
1.191225216e+000 1.980738197e+000 
1.118356608e+000 1.920016310e+000 
1.115842590e+000 1.917464711e+000 
1.180730420e+000 1.974245274e+000 
1.242927106e+000 1.999112554e+000 
1.213463131e+000 1.989994518e+000 
1.365437234e+000 1.999768076e+000 
1.361283509e+000 1.999749508e+000 
1.197765430e+000 1.984325853e+000 
1.180373781e+000 1.973746880e+000 
1.177252389e+000 1.971981362e+000 
1.109480842e+000 1.910283496e+000 
1.360419095e+000 1.999746629e+000 
1.177872207e+000 1.972122380e+000 
1.265937045e+000 1.999480174e+000 
1.111661675e+000 1.912659806e+000 
1.170802428e+000 1.968229831e+000 
1.173822642e+000 1.970164737e+000 
1.135063131e+000 1.937233325e+000 
1.112001951e+000 1.913057850e+000 
1.270397094e+000 1.999489291e+000 
1.127179626e+000 1.929652926e+000 
1.113007154e+000 1.914431627e+000 
1.341896304e+000 1.999715003e+000 
1.171463781e+000 1.968797478e+000 
1.127606188e+000 1.929822937e+000 
1.167170611e+000 1.966168489e+000 
1.171935963e+000 1.968892993e+000 
1.164507461e+000 1.964096071e+000 
1.186955889e+000 1.978031700e+000 
1.146442702e+000 1.948319482e+000 
1.164080899e+000 1.963944669e+000 
1.214903213e+000 1.990900692e+000 
1.165353855e+000 1.964626979e+000 
1.163233098e+000 1.962742390e+000 
1.164881673e+000 1.964512658e+000 
1.399903930e+000 1.999876095e+000 
1.203033173e+000 1.986805102e+000 
1.248660047e+000 1.999217268e+000 
1.139391163e+000 1.941951496e+000 
1.126527103e+000 1.928814586e+000 
1.214839671e+000 1.990862205e+000 
1.412907946e+000 1.999907491e+000 
1.118726639e+000 1.920644033e+000 
1.211011716e+000 1.989805006e+000 
1.124822503e+000 1.926950929e+000 
1.125220031e+000 1.927694431e+000 
1.388077727e+000 1.999825819e+000 
1.274372097e+000 1.999562039e+000 
1.243308920e+000 1.999182349e+000 
1.288487575e+000 1.999623754e+000 
1.304904300e+000 1.999710401e+000 
1.194466910e+000 1.982591904e+000 
1.197959307e+000 1.984645839e+000 
1.188515642e+000 1.978619811e+000 
1.199358841e+000 1.984988593e+000 
1.190147277e+000 1.979653376e+000 
1.200351517e+000 1.985725319e+000 
1.205421882e+000 1.987774195e+000 
1.206937515e+000 1.987995305e+000 
1.196235498e+000 1.983235630e+000 
1.252368594e+000 1.999434773e+000 
1.209244026e+000 1.989758637e+000 
1.265224986e+000 1.999444003e+000 
1.369111955e+000 1.999818688e+000 
1.366423308e+000 1.999787015e+000 
1.279245386e+000 1.999598237e+000 
1.215824432e+000 1.991522936e+000 
1.366181753e+000 1.999786535e+000 
1.359552340e+000 1.999743168e+000 
1.108191222e+000 1.909166817e+000 
1.110593902e+000 1.911698322e+000 
1.219383384e+000 1.991750701e+000 
1.289521752e+000 1.999630343e+000 
1.193872679e+000 1.981461047e+000 
1.226418276e+000 1.993403335e+000 
1.131764806e+000 1.934692888e+000 
1.132829116e+000 1.935901408e+000 
1.135076038e+000 1.937874950e+000 
1.130143760e+000 1.932402785e+000 
1.129634553e+000 1.932388163e+000 
1.133657891e+000 1.936926132e+000 
1.136877219e+000 1.940454219e+000 
1.408686588e+000 1.999904048e+000 
1.229682740e+000 1.994924172e+000 
1.226678961e+000 1.993589753e+000 
1.296327923e+000 1.999682339e+000 
1.231092462e+000 1.995082496e+000 
1.248487631e+000 1.999209619e+000 
1.233805509e+000 1.996538302e+000 
1.152764239e+000 1.953994850e+000 
1.246326854e+000 1.999205109e+000 
1.295366437e+000 1.999642523e+000 
1.152680102e+000 1.953443019e+000 
1.233260974e+000 1.996396977e+000 
1.231288085e+000 1.995122196e+000 
1.239487533e+000 1.997891088e+000 
1.407879095e+000 1.999889690e+000 
1.394511262e+000 1.999856852e+000 
1.396502985e+000 1.999876040e+000 
1.388549480e+000 1.999839406e+000 
1.387454097e+000 1.999819753e+000 

