1.013363165e+000 1.139370462e+000 
1.013541610e+000 1.139944880e+000 
1.013177309e+000 1.138559333e+000 
1.013451777e+000 1.139482665e+000 
1.005359041e+000 1.037955539e+000 
1.005774806e+000 1.038618683e+000 
1.005688470e+000 1.038546124e+000 
1.006008858e+000 1.039136710e+000 
1.008443336e+000 1.042010072e+000 
1.007760340e+000 1.040929788e+000 
1.007104151e+000 1.040317881e+000 
1.007348042e+000 1.040828901e+000 
1.008052133e+000 1.041470724e+000 
1.008315552e+000 1.041927964e+000 
1.006757528e+000 1.040238316e+000 
1.006665047e+000 1.039748617e+000 
1.007461618e+000 1.040880139e+000 
1.007852821e+000 1.041419487e+000 
1.006366325e+000 1.039698968e+000 
1.006962580e+000 1.040289553e+000 
1.005843358e+000 1.039108382e+000 
1.006119177e+000 1.039647730e+000 
1.005407586e+000 1.038517797e+000 
1.005798790e+000 1.039057144e+000 
1.000231994e+000 1.000046591e+000 
1.000255710e+000 1.000048151e+000 
1.000215035e+000 1.000046583e+000 
1.000409338e+000 1.000333294e+000 
1.000436169e+000 1.000333330e+000 
1.000352379e+000 1.000332448e+000 
1.000476812e+000 1.000340758e+000 
1.000294000e+000 1.000332425e+000 
1.000267170e+000 1.000332390e+000 
1.000466060e+000 1.000339877e+000 
1.016170082e+000 1.251619227e+000 
1.014471800e+000 1.248271800e+000 
1.014528121e+000 1.248594835e+000 
1.013969809e+000 1.246730981e+000 
1.015154792e+000 1.250014863e+000 
1.013946602e+000 1.246646595e+000 
1.016635144e+000 1.252163190e+000 
1.014826364e+000 1.249342211e+000 
1.017580604e+000 1.253595848e+000 
1.015498593e+000 1.250646023e+000 
1.013641382e+000 1.246058329e+000 
1.015681451e+000 1.250894625e+000 
1.015987860e+000 1.251345428e+000 
1.016354868e+000 1.252060974e+000 
1.014199694e+000 1.247922184e+000 
1.017410804e+000 1.253241220e+000 
1.017055189e+000 1.252945116e+000 
1.003942490e+000 1.011268150e+000 
1.004384352e+000 1.011581927e+000 
1.004272260e+000 1.011580809e+000 
1.004237162e+000 1.011320403e+000 
1.004633162e+000 1.011610524e+000 
1.011481382e+000 1.047574173e+000 
1.011841679e+000 1.048119953e+000 
1.010478493e+000 1.046544046e+000 
1.010580827e+000 1.046658796e+000 
1.011739344e+000 1.048007411e+000 
1.010964506e+000 1.047153847e+000 
1.010009903e+000 1.045888645e+000 
1.010393582e+000 1.046383695e+000 
1.012409263e+000 1.048618936e+000 
1.012789288e+000 1.125763852e+000 
1.012970785e+000 1.126267613e+000 
1.002071846e+000 1.000892151e+000 
1.001058249e+000 1.000809601e+000 
1.000799096e+000 1.000784581e+000 
1.002094412e+000 1.000894048e+000 
1.001797396e+000 1.000870273e+000 
1.000792349e+000 1.000781606e+000 
1.000483580e+000 1.000757417e+000 
1.002202294e+000 1.000917953e+000 
1.001449383e+000 1.000841994e+000 
1.000823494e+000 1.000808927e+000 
1.000591461e+000 1.000781322e+000 
1.000567370e+000 1.000760686e+000 
1.002095937e+000 1.000912786e+000 
1.001821487e+000 1.000890909e+000 
1.001206990e+000 1.000813244e+000 
1.001713605e+000 1.000867004e+000 
1.001473474e+000 1.000862630e+000 
1.001365592e+000 1.000838725e+000 
1.001662884e+000 1.000863119e+000 
1.001314871e+000 1.000834841e+000 
1.001798559e+000 1.000890878e+000 
1.001609170e+000 1.000862761e+000 
1.001261157e+000 1.000834482e+000 
1.001153276e+000 1.000810577e+000 
1.001237067e+000 1.000813846e+000 
1.000567195e+000 1.000757792e+000 
1.002079799e+000 1.000892722e+000 
1.099181778e+000 1.911996490e+000 
1.036557601e+000 1.853443699e+000 
1.112129296e+000 1.920604668e+000 
1.048537977e+000 1.867126305e+000 
1.126582376e+000 1.928068130e+000 
1.177389320e+000 1.948850686e+000 
1.115390740e+000 1.922130290e+000 
1.038106218e+000 1.855725014e+000 
1.108415715e+000 1.917634669e+000 
1.103185971e+000 1.914193116e+000 
1.174984338e+000 1.948430898e+000 
1.076170886e+000 1.894313149e+000 
1.129788054e+000 1.929224477e+000 
1.122729893e+000 1.926113210e+000 
1.153663436e+000 1.939648637e+000 
1.130257503e+000 1.929618272e+000 
1.172250816e+000 1.947191632e+000 
1.154342007e+000 1.939935638e+000 
1.085594323e+000 1.902435412e+000 
1.043184258e+000 1.861536568e+000 
1.152474911e+000 1.939201804e+000 
1.095630984e+000 1.909501819e+000 
1.101672604e+000 1.913439879e+000 
1.051231873e+000 1.870077976e+000 
1.104849627e+000 1.915521463e+000 
1.103471276e+000 1.914850163e+000 
1.119656432e+000 1.924807083e+000 
1.042735237e+000 1.860923891e+000 
1.151724080e+000 1.938329976e+000 
1.174844105e+000 1.948081516e+000 
1.178383934e+000 1.949138103e+000 
1.128287852e+000 1.928621893e+000 
1.047696155e+000 1.866454723e+000 
1.102060051e+000 1.913613858e+000 
1.096448111e+000 1.910032988e+000 
1.055755734e+000 1.875027714e+000 
1.110598016e+000 1.919784190e+000 
1.091582124e+000 1.906727556e+000 
1.132941226e+000 1.930880600e+000 
1.127621908e+000 1.928105772e+000 
1.134831990e+000 1.931540137e+000 
1.182944443e+000 1.950363205e+000 
1.189580950e+000 1.953165181e+000 
1.062437796e+000 1.881680978e+000 
1.080442664e+000 1.897851455e+000 
1.105007014e+000 1.916000615e+000 
1.033938478e+000 1.850205156e+000 
1.075052897e+000 1.893275514e+000 
1.197591345e+000 1.955270510e+000 
1.197046320e+000 1.954764765e+000 
1.200578221e+000 1.956255921e+000 
1.178744643e+000 1.949866741e+000 
1.049386037e+000 1.868167307e+000 
1.024800005e+000 1.836773354e+000 
1.190789880e+000 1.953226897e+000 
1.134415130e+000 1.931136262e+000 
1.106320870e+000 1.916842216e+000 
1.145571955e+000 1.936314288e+000 
1.074097647e+000 1.892405574e+000 
1.029899220e+000 1.845161160e+000 
1.031234972e+000 1.846722755e+000 
1.189421254e+000 1.952996606e+000 
1.025640125e+000 1.838300749e+000 
1.197222057e+000 1.954830140e+000 
1.037991178e+000 1.855724454e+000 
1.037719021e+000 1.855104702e+000 
1.067267123e+000 1.886347467e+000 
1.037043265e+000 1.854286568e+000 
1.096860292e+000 1.910497065e+000 
1.078742297e+000 1.896461354e+000 
1.039143051e+000 1.856859810e+000 
1.030662864e+000 1.845939383e+000 
1.031552378e+000 1.847167227e+000 
1.054604438e+000 1.873699813e+000 
1.131957225e+000 1.930476079e+000 
1.026204016e+000 1.839239102e+000 
1.094646823e+000 1.908799949e+000 
1.105947446e+000 1.916413318e+000 
1.160469675e+000 1.942610104e+000 
1.025198573e+000 1.837437353e+000 
1.160844943e+000 1.942857977e+000 
1.116925013e+000 1.922516698e+000 
1.186549881e+000 1.951861655e+000 
1.052987264e+000 1.872033058e+000 
1.109193312e+000 1.918287619e+000 
1.025805447e+000 1.838575019e+000 
1.133457347e+000 1.930994502e+000 
1.032907940e+000 1.849039575e+000 
1.045988446e+000 1.864483444e+000 
1.117946019e+000 1.922826170e+000 
1.060152035e+000 1.879128519e+000 
1.107092353e+000 1.917404818e+000 
1.125189072e+000 1.926969030e+000 
1.187369314e+000 1.952560642e+000 
1.042427628e+000 1.860525864e+000 
1.027664939e+000 1.841813488e+000 
1.051216617e+000 1.870046604e+000 
1.052834035e+000 1.871844206e+000 
1.034798261e+000 1.851241669e+000 
1.080343742e+000 1.897596733e+000 
1.164693270e+000 1.944498674e+000 
1.143433162e+000 1.935467389e+000 
1.079508213e+000 1.897099983e+000 
1.113098203e+000 1.920816357e+000 
1.028340828e+000 1.843103314e+000 
1.129732711e+000 1.929185051e+000 
1.030562686e+000 1.845938689e+000 
1.040273278e+000 1.858064302e+000 
1.136048163e+000 1.932367300e+000 
1.031960028e+000 1.847601689e+000 
1.031813781e+000 1.847544799e+000 
1.104232289e+000 1.914968422e+000 
1.027884033e+000 1.842233008e+000 
1.179778530e+000 1.950160863e+000 
1.042624929e+000 1.860774663e+000 
1.127770901e+000 1.928621813e+000 
1.029165700e+000 1.843921058e+000 
1.026015062e+000 1.839082243e+000 
1.121725398e+000 1.925164622e+000 
1.049674578e+000 1.868466581e+000 
1.161410546e+000 1.943093417e+000 
1.037372646e+000 1.854539812e+000 
1.102256536e+000 1.913803751e+000 
1.041135478e+000 1.858938169e+000 
1.162884057e+000 1.944172100e+000 
1.034354422e+000 1.850759959e+000 
1.078636516e+000 1.896389399e+000 
1.157555644e+000 1.941607041e+000 
1.097328503e+000 1.910580047e+000 
1.040111670e+000 1.857967414e+000 
1.046462697e+000 1.865113854e+000 
1.140334593e+000 1.934278190e+000 
1.052593361e+000 1.871540468e+000 
1.072325013e+000 1.891418261e+000 
1.118685949e+000 1.923820901e+000 
1.050245687e+000 1.869133543e+000 
1.134953906e+000 1.931866451e+000 
1.051894222e+000 1.870787842e+000 
1.079242955e+000 1.896885613e+000 
1.146047870e+000 1.936368741e+000 
1.137552248e+000 1.933134704e+000 
1.173511810e+000 1.947675198e+000 
1.051660227e+000 1.870629890e+000 
1.045584132e+000 1.864153743e+000 
1.052441024e+000 1.871514822e+000 
1.077878630e+000 1.896094714e+000 
1.124744915e+000 1.926633245e+000 
1.044135338e+000 1.862398362e+000 
1.154825213e+000 1.940100898e+000 
1.044447532e+000 1.862813467e+000 
1.186115356e+000 1.951765704e+000 
1.155290710e+000 1.940277949e+000 
1.159680104e+000 1.942196055e+000 
1.160945049e+000 1.942916366e+000 
1.051113425e+000 1.869902910e+000 
1.141304039e+000 1.934493434e+000 
1.088012204e+000 1.903938584e+000 
1.090471557e+000 1.905973901e+000 
1.082315020e+000 1.899514049e+000 
1.171212203e+000 1.946812113e+000 
1.065383025e+000 1.884663281e+000 
1.079525296e+000 1.897212989e+000 
1.092272844e+000 1.907206941e+000 
1.165821783e+000 1.944822414e+000 
1.076295436e+000 1.894549632e+000 
1.086584162e+000 1.903133931e+000 
1.053655612e+000 1.872612987e+000 
1.071929175e+000 1.890948374e+000 
1.093890981e+000 1.908186763e+000 
1.091270795e+000 1.906267204e+000 
1.076941010e+000 1.895228314e+000 
1.079279850e+000 1.897035764e+000 
1.074442146e+000 1.893085281e+000 
1.081918141e+000 1.899027271e+000 
1.075562461e+000 1.893861885e+000 
1.088385449e+000 1.904366972e+000 
1.070215674e+000 1.889264216e+000 
1.084691281e+000 1.901328508e+000 
1.158691545e+000 1.941861692e+000 
1.073272400e+000 1.891999456e+000 
1.187007432e+000 1.952185580e+000 
1.070394036e+000 1.889623694e+000 
1.063784216e+000 1.883165004e+000 
1.149298296e+000 1.937391379e+000 
1.067427398e+000 1.886810692e+000 
1.093425225e+000 1.907887797e+000 
1.069879205e+000 1.889062212e+000 
1.067732699e+000 1.886946389e+000 
1.068112873e+000 1.887317423e+000 
1.081326330e+000 1.898382312e+000 
1.057630327e+000 1.876872529e+000 
1.057800397e+000 1.877097437e+000 
1.057418690e+000 1.876631563e+000 
1.057106283e+000 1.876378819e+000 
1.051340139e+000 1.870206870e+000 
1.058979821e+000 1.878242331e+000 
1.061621301e+000 1.881033397e+000 
1.066108282e+000 1.885255034e+000 
1.062964122e+000 1.882274844e+000 
1.062239480e+000 1.881564610e+000 
1.061817040e+000 1.881217046e+000 
1.008772570e+000 1.042665003e+000 
1.008656103e+000 1.042331427e+000 
1.009996161e+000 1.044044370e+000 
1.009943334e+000 1.044003903e+000 
1.009330912e+000 1.043178550e+000 
1.000141574e+000 1.000000012e+000 
1.000200429e+000 1.000000013e+000 
9.999999995e-001 1.000000000e+000 
1.024390545e+000 1.505196054e+000 
1.023741656e+000 1.502530241e+000 
1.024236424e+000 1.504241993e+000 
1.024000675e+000 1.503445976e+000 
1.018339214e+000 1.324626428e+000 
1.019244406e+000 1.326617762e+000 
1.018069215e+000 1.324314757e+000 
1.022310908e+000 1.331038755e+000 
1.018898141e+000 1.325381374e+000 
1.022412283e+000 1.331308928e+000 
1.023211822e+000 1.332336550e+000 
1.022240387e+000 1.330979338e+000 
1.020135668e+000 1.327460058e+000 
1.018744813e+000 1.325319633e+000 
1.020421763e+000 1.328515265e+000 
1.021052514e+000 1.329427994e+000 
1.022392879e+000 1.331112749e+000 
1.020880618e+000 1.329098404e+000 
1.019871686e+000 1.327332174e+000 
1.020162463e+000 1.327678887e+000 
1.005129725e+000 1.012742763e+000 
1.005318680e+000 1.012744011e+000 
1.005077806e+000 1.012472559e+000 
1.004929557e+000 1.012461814e+000 
1.005244612e+000 1.012742872e+000 
1.004962919e+000 1.012472450e+000 
1.004762751e+000 1.012191501e+000 
1.004647864e+000 1.012191385e+000 
1.003025428e+000 1.006222746e+000 
1.003181474e+000 1.006255105e+000 
1.002818817e+000 1.006099191e+000 
1.003119246e+000 1.006241538e+000 
1.003775705e+000 1.006501466e+000 
1.003691570e+000 1.006501284e+000 
1.003442714e+000 1.006367195e+000 
1.003638139e+000 1.006500154e+000 
1.003878319e+000 1.006532696e+000 
1.003221355e+000 1.006345370e+000 
1.002756589e+000 1.006085624e+000 
1.002503110e+000 1.005930840e+000 
1.002941293e+000 1.006222563e+000 
1.003405798e+000 1.006364345e+000 
1.003376609e+000 1.006350714e+000 
1.002578637e+000 1.006066650e+000 
1.002840909e+000 1.006191304e+000 
1.003468026e+000 1.006377912e+000 
1.204154961e+000 1.957448415e+000 
1.193785653e+000 1.954185896e+000 
1.261726479e+000 1.976941120e+000 
1.266919258e+000 1.977896689e+000 
1.266292268e+000 1.977849602e+000 
1.287317039e+000 1.982527990e+000 
1.209796651e+000 1.958744589e+000 
1.230205244e+000 1.965835828e+000 
1.262677211e+000 1.976958278e+000 
1.203876696e+000 1.956617527e+000 
1.297504995e+000 1.983310740e+000 
1.309990559e+000 1.986038808e+000 
1.205666455e+000 1.958137355e+000 
1.229442242e+000 1.965411772e+000 
1.270564825e+000 1.978588259e+000 
1.249674470e+000 1.973184421e+000 
1.211300487e+000 1.960070166e+000 
1.266962639e+000 1.978231509e+000 
1.257923956e+000 1.976129725e+000 
1.210300852e+000 1.959318631e+000 
1.255964808e+000 1.975739438e+000 
1.257715870e+000 1.975938867e+000 
1.258789344e+000 1.976137486e+000 
1.281226175e+000 1.980234295e+000 
1.213390007e+000 1.960480599e+000 
1.309969528e+000 1.985926036e+000 
1.263368201e+000 1.977609392e+000 
1.265760020e+000 1.977683514e+000 
1.238109986e+000 1.969501208e+000 
1.209616458e+000 1.958549770e+000 
1.311380233e+000 1.986663304e+000 
1.237853174e+000 1.969500085e+000 
1.277450012e+000 1.979894809e+000 
1.285806418e+000 1.981173727e+000 
1.273063935e+000 1.979231324e+000 
1.261057954e+000 1.976779493e+000 
1.307369623e+000 1.985679959e+000 
1.271110731e+000 1.978904252e+000 
1.240024787e+000 1.969750113e+000 
1.306764609e+000 1.985475114e+000 
1.308288916e+000 1.985897481e+000 
1.255609536e+000 1.975488469e+000 
1.267170725e+000 1.978420787e+000 
1.237627010e+000 1.968840867e+000 
1.243871580e+000 1.971244652e+000 
1.316170282e+000 1.987039463e+000 
1.295552380e+000 1.983216698e+000 
1.242331706e+000 1.970813348e+000 
1.259674064e+000 1.976213519e+000 
1.311172147e+000 1.986491354e+000 
1.244229221e+000 1.971555159e+000 
1.284826976e+000 1.981053712e+000 
1.302962085e+000 1.984663719e+000 
1.299030057e+000 1.984247083e+000 
1.274685171e+000 1.979252232e+000 
1.294239763e+000 1.983021941e+000 
1.255108275e+000 1.975305037e+000 
1.242769091e+000 1.971046732e+000 
1.294501500e+000 1.983154771e+000 
1.301911205e+000 1.984601792e+000 
1.331591600e+000 1.989430257e+000 
1.328905861e+000 1.988977726e+000 
1.241014662e+000 1.970404153e+000 
1.332824749e+000 1.989727517e+000 
1.185649999e+000 1.950378187e+000 
1.301265365e+000 1.984496419e+000 
1.231410992e+000 1.966191892e+000 
1.292987886e+000 1.982697040e+000 
1.305713729e+000 1.985413187e+000 
1.243532613e+000 1.971188071e+000 
1.251734819e+000 1.974089648e+000 
1.250046884e+000 1.973410630e+000 
1.286459674e+000 1.981234281e+000 
1.245316175e+000 1.971948747e+000 
1.224787165e+000 1.964095405e+000 
1.229946951e+000 1.965707958e+000 
1.250388988e+000 1.973463559e+000 
1.196202311e+000 1.954399338e+000 
1.297756139e+000 1.983485717e+000 
1.254967934e+000 1.974876606e+000 
1.298094856e+000 1.983669308e+000 
1.246594355e+000 1.972159995e+000 
1.314246305e+000 1.986825515e+000 
1.248518201e+000 1.972732087e+000 
1.244587027e+000 1.971575108e+000 
1.222887402e+000 1.964031115e+000 
1.317715284e+000 1.987046277e+000 
1.230739744e+000 1.966148782e+000 
1.220133633e+000 1.962878411e+000 
1.230626733e+000 1.965864198e+000 
1.295603695e+000 1.983244665e+000 
1.331622168e+000 1.989600396e+000 
1.336356641e+000 1.990171144e+000 
1.333707414e+000 1.989784216e+000 
1.193724585e+000 1.953396036e+000 
1.333715643e+000 1.989828673e+000 
1.351029548e+000 1.991602002e+000 
1.216887940e+000 1.961967729e+000 
1.219155579e+000 1.962664052e+000 
1.216626915e+000 1.961812970e+000 
1.215103308e+000 1.961406850e+000 
1.234261158e+000 1.967669298e+000 
1.202629633e+000 1.956598369e+000 
1.233138529e+000 1.967588560e+000 
1.234397592e+000 1.967839577e+000 
1.522086866e+000 1.999726881e+000 
1.225292226e+000 1.964751238e+000 
1.227230397e+000 1.965302764e+000 
1.218108683e+000 1.962174194e+000 
1.234967265e+000 1.968095443e+000 
1.226900753e+000 1.965183599e+000 
1.232156239e+000 1.967337250e+000 
1.231679289e+000 1.967069710e+000 
1.208378498e+000 1.958327767e+000 
1.226441864e+000 1.964877522e+000 
1.532944737e+000 1.999917621e+000 
1.590156773e+000 2.000000000e+000 
1.322674966e+000 1.987958676e+000 
1.284635681e+000 1.980953547e+000 
1.283035199e+000 1.980647274e+000 
1.276864887e+000 1.979711380e+000 
1.281432230e+000 1.980594668e+000 
1.286822436e+000 1.981321172e+000 
1.276351282e+000 1.979495069e+000 
1.212976606e+000 1.960281539e+000 
1.527856288e+000 1.999847932e+000 
1.326514641e+000 1.988505395e+000 
1.217621897e+000 1.962012573e+000 
1.579857918e+000 1.999987782e+000 
1.528145476e+000 1.999885324e+000 
1.527605038e+000 1.999787835e+000 
1.510024478e+000 1.999565051e+000 
1.511477433e+000 1.999658726e+000 
1.226803239e+000 1.965122940e+000 
1.446231767e+000 1.998993957e+000 
1.371432332e+000 1.994338579e+000 
1.368380082e+000 1.994224781e+000 
1.456063583e+000 1.999183397e+000 
1.464475249e+000 1.999317481e+000 
1.495312008e+000 1.999517810e+000 
1.368154304e+000 1.994172738e+000 
1.219633490e+000 1.962848408e+000 
1.471010974e+000 1.999444269e+000 
1.375667892e+000 1.995011837e+000 
1.365917935e+000 1.993974908e+000 
1.469360280e+000 1.999355400e+000 
1.226051941e+000 1.964778660e+000 
1.470520577e+000 1.999442994e+000 
1.343365385e+000 1.990962634e+000 
1.361738246e+000 1.993501380e+000 
1.359005337e+000 1.993066046e+000 
1.362214976e+000 1.993585112e+000 
1.577672028e+000 1.999979247e+000 
1.345287013e+000 1.991184978e+000 
1.346467771e+000 1.991337113e+000 
1.353412937e+000 1.992412269e+000 
1.349933473e+000 1.991594792e+000 
1.351107782e+000 1.991860061e+000 
1.439905497e+000 1.998672832e+000 
1.347521887e+000 1.991548307e+000 
1.435630515e+000 1.998636666e+000 
1.357487315e+000 1.992939405e+000 
1.355175828e+000 1.992693394e+000 
1.403290258e+000 1.997365066e+000 
1.397500541e+000 1.997075297e+000 
1.574839950e+000 1.999930058e+000 
1.400986003e+000 1.997202408e+000 
1.388553429e+000 1.996388519e+000 
1.387445264e+000 1.996143372e+000 
1.420699570e+000 1.998188524e+000 
1.409176608e+000 1.997614021e+000 
1.411718060e+000 1.998024587e+000 
1.389986717e+000 1.996553939e+000 
1.443907805e+000 1.998874889e+000 
1.419411492e+000 1.998147848e+000 
1.429219815e+000 1.998405679e+000 
1.426534021e+000 1.998273111e+000 
1.433554764e+000 1.998407686e+000 
1.419268738e+000 1.998102360e+000 
1.426759891e+000 1.998359275e+000 
1.425798175e+000 1.998256724e+000 
1.423187263e+000 1.998228170e+000 
1.385196909e+000 1.995839476e+000 
1.325784900e+000 1.988367970e+000 
1.319274447e+000 1.987340225e+000 
1.325029882e+000 1.988251637e+000 
1.377391841e+000 1.995096845e+000 
1.407510468e+000 1.997439357e+000 
1.379208415e+000 1.995273139e+000 
1.399391297e+000 1.997110414e+000 
1.381282049e+000 1.995603515e+000 
1.386702046e+000 1.996005273e+000 
1.408768359e+000 1.997492169e+000 
1.405409573e+000 1.997429091e+000 
1.492483043e+000 1.999515693e+000 
1.508097368e+000 1.999526079e+000 
1.455706992e+000 1.999068992e+000 

