1.000116349e+000 1.000121722e+000 
1.000084005e+000 1.000121500e+000 
1.016941928e+000 1.065108615e+000 
1.021840027e+000 1.070238434e+000 
1.022828665e+000 1.071084907e+000 
1.018061843e+000 1.066473446e+000 
1.020219921e+000 1.068823421e+000 
1.017242945e+000 1.065726635e+000 
1.020434124e+000 1.068899390e+000 
1.023236015e+000 1.071351365e+000 
1.018789930e+000 1.067165804e+000 
1.020733468e+000 1.069063770e+000 
1.023130985e+000 1.071199822e+000 
1.019369586e+000 1.067548210e+000 
1.016667587e+000 1.065061454e+000 
1.016259165e+000 1.064349357e+000 
1.020040794e+000 1.068316959e+000 
1.016258217e+000 1.063623782e+000 
1.016374037e+000 1.064349644e+000 
1.022005241e+000 1.070358538e+000 
1.018904803e+000 1.067165942e+000 
1.018034194e+000 1.066397614e+000 
1.018729812e+000 1.066753927e+000 
1.015771575e+000 1.062870273e+000 
1.019741450e+000 1.068152579e+000 
1.020105049e+000 1.068823284e+000 
1.015886447e+000 1.062870560e+000 
1.020519265e+000 1.068987800e+000 
1.017771417e+000 1.065978647e+000 
1.019204147e+000 1.067330321e+000 
1.016004890e+000 1.062882984e+000 
1.016170683e+000 1.063021850e+000 
1.006320557e+000 1.009769930e+000 
1.006138736e+000 1.009375365e+000 
1.006183848e+000 1.009667723e+000 
1.006209592e+000 1.009747192e+000 
1.006341394e+000 1.009937783e+000 
1.006149351e+000 1.009557695e+000 
1.006376888e+000 1.010083771e+000 
1.004087597e+000 1.005805351e+000 
1.003769494e+000 1.005643394e+000 
1.004663222e+000 1.005905618e+000 
1.002846149e+000 1.005362968e+000 
1.003859869e+000 1.005704615e+000 
1.003544818e+000 1.005607241e+000 
1.002927699e+000 1.005435642e+000 
1.005604258e+000 1.006077920e+000 
1.003442498e+000 1.005600848e+000 
1.003218130e+000 1.005514709e+000 
1.004526351e+000 1.005822938e+000 
1.003200363e+000 1.005445283e+000 
1.002747094e+000 1.005353416e+000 
1.004433814e+000 1.005817695e+000 
1.003590822e+000 1.005613911e+000 
1.004855339e+000 1.005914485e+000 
1.004338213e+000 1.005815268e+000 
1.004922626e+000 1.005921191e+000 
1.004730510e+000 1.005912323e+000 
1.004146097e+000 1.005806401e+000 
1.004546640e+000 1.005833256e+000 
1.004277333e+000 1.005807210e+000 
1.005296909e+000 1.006009169e+000 
1.005196153e+000 1.005998853e+000 
1.005377901e+000 1.006020055e+000 
1.005493755e+000 1.006020232e+000 
1.005124063e+000 1.005984505e+000 
1.014818268e+000 1.060806698e+000 
1.015252918e+000 1.062038555e+000 
1.015166971e+000 1.061412347e+000 
1.015752992e+000 1.062146782e+000 
1.014297028e+000 1.060434978e+000 
1.014883048e+000 1.061169413e+000 
1.014796596e+000 1.060775995e+000 
1.000000001e+000 1.000000000e+000 
1.013020687e+000 1.030401319e+000 
1.009491258e+000 1.028606953e+000 
1.011612380e+000 1.029841867e+000 
1.011775378e+000 1.029890354e+000 
1.012200645e+000 1.030148585e+000 
1.010369505e+000 1.029096591e+000 
1.010056386e+000 1.029015311e+000 
1.009182047e+000 1.027925226e+000 
1.009611640e+000 1.028670745e+000 
1.010846507e+000 1.029421934e+000 
1.010176768e+000 1.029079103e+000 
1.010905388e+000 1.029483803e+000 
1.013507966e+000 1.030670845e+000 
1.011159627e+000 1.029503214e+000 
1.013888362e+000 1.030805876e+000 
1.012014026e+000 1.029915492e+000 
1.010749901e+000 1.029206903e+000 
1.012595239e+000 1.030265978e+000 
1.009264216e+000 1.028297786e+000 
1.009741144e+000 1.028701978e+000 
1.009376267e+000 1.028357340e+000 
1.013445995e+000 1.030662619e+000 
1.012739004e+000 1.030304555e+000 
1.013344592e+000 1.030617137e+000 
1.000020407e+000 1.000121327e+000 
1.000124529e+000 1.000123014e+000 
1.009017600e+000 1.013728913e+000 
1.007367376e+000 1.013130994e+000 
1.007981612e+000 1.013361120e+000 
1.006939345e+000 1.012952812e+000 
1.007789523e+000 1.013285675e+000 
1.007653494e+000 1.013270936e+000 
1.007701323e+000 1.013284552e+000 
1.007245004e+000 1.013117187e+000 
1.008097179e+000 1.013365799e+000 
1.008634597e+000 1.013564281e+000 
1.007114197e+000 1.012995730e+000 
1.009086155e+000 1.013731645e+000 
1.008832976e+000 1.013593875e+000 
1.008616691e+000 1.013561693e+000 
1.006590166e+000 1.012806686e+000 
1.006969737e+000 1.012955214e+000 
1.024840652e+000 1.112088500e+000 
1.027756770e+000 1.116445966e+000 
1.025960606e+000 1.114719342e+000 
1.025169626e+000 1.113281914e+000 
1.025526756e+000 1.113931932e+000 
1.026413737e+000 1.114894805e+000 
1.027822320e+000 1.116551971e+000 
1.027513424e+000 1.115768262e+000 
1.024996656e+000 1.112361999e+000 
1.027607822e+000 1.115978635e+000 
1.002477502e+000 1.002277163e+000 
1.002590111e+000 1.002309610e+000 
1.002433880e+000 1.002272100e+000 
1.002546490e+000 1.002304546e+000 
1.002346274e+000 1.002240695e+000 
1.002700556e+000 1.002310804e+000 
1.002466288e+000 1.002276780e+000 
1.002731898e+000 1.002317812e+000 
1.002731555e+000 1.002313769e+000 
1.000500717e+000 1.000153633e+000 
1.000890093e+000 1.000157576e+000 
1.000206687e+000 1.000147838e+000 
1.000246445e+000 1.000149918e+000 
1.000392035e+000 1.000151817e+000 
1.000311547e+000 1.000150114e+000 
1.000326241e+000 1.000151721e+000 
1.000474776e+000 1.000153383e+000 
1.000177271e+000 1.000147526e+000 
1.000217930e+000 1.000149827e+000 
1.001332360e+000 1.000161515e+000 
1.001156370e+000 1.000159572e+000 
1.000639498e+000 1.000155292e+000 
1.000382652e+000 1.000151737e+000 
1.000411167e+000 1.000151828e+000 
1.002323266e+000 1.000167237e+000 
1.000157592e+000 1.000145440e+000 
1.000558642e+000 1.000153679e+000 
1.000667323e+000 1.000155495e+000 
1.000936515e+000 1.000157616e+000 
1.000752896e+000 1.000155670e+000 
1.001195240e+000 1.000160881e+000 
1.001009742e+000 1.000159225e+000 
1.000594096e+000 1.000153886e+000 
1.000770086e+000 1.000155829e+000 
1.001322200e+000 1.000161312e+000 
1.001688932e+000 1.000163404e+000 
1.001150837e+000 1.000159569e+000 
1.002049232e+000 1.000165463e+000 
1.001381352e+000 1.000161526e+000 
1.001513967e+000 1.000163248e+000 
1.002215081e+000 1.000167152e+000 
1.001465393e+000 1.000163033e+000 
1.001645538e+000 1.000163331e+000 
1.001821528e+000 1.000165274e+000 
1.001734230e+000 1.000163447e+000 
1.095486479e+000 1.947334940e+000 
1.185371327e+000 1.973272238e+000 
1.033066145e+000 1.899591773e+000 
1.046514133e+000 1.915349817e+000 
1.110001815e+000 1.953964567e+000 
1.031752784e+000 1.897542467e+000 
1.035732117e+000 1.903970828e+000 
1.031989352e+000 1.897610885e+000 
1.035274286e+000 1.903312113e+000 
1.064083752e+000 1.930641773e+000 
1.158136797e+000 1.968331618e+000 
1.035416147e+000 1.903530276e+000 
1.031486412e+000 1.896891516e+000 
1.036039283e+000 1.904299285e+000 
1.065090480e+000 1.931321060e+000 
1.186295261e+000 1.973627800e+000 
1.031553535e+000 1.897056331e+000 
1.029937014e+000 1.893690752e+000 
1.041848372e+000 1.910697606e+000 
1.032928563e+000 1.899295004e+000 
1.037986317e+000 1.906288889e+000 
1.039590033e+000 1.908597776e+000 
1.103446482e+000 1.951908055e+000 
1.104384513e+000 1.952557777e+000 
1.088416274e+000 1.945402523e+000 
1.143446533e+000 1.964638662e+000 
1.034889846e+000 1.902345733e+000 
1.036264815e+000 1.904658786e+000 
1.054639940e+000 1.922988424e+000 
1.054188056e+000 1.922790803e+000 
1.182952195e+000 1.972977228e+000 
1.037128625e+000 1.905482535e+000 
1.053871123e+000 1.922336212e+000 
1.033995023e+000 1.900693302e+000 
1.034345130e+000 1.901901285e+000 
1.035025566e+000 1.902555861e+000 
1.070354631e+000 1.934659573e+000 
1.078382623e+000 1.939508590e+000 
1.031120631e+000 1.896101252e+000 
1.110945618e+000 1.954037551e+000 
1.052269242e+000 1.920757099e+000 
1.164854234e+000 1.969976889e+000 
1.045436404e+000 1.914242441e+000 
1.047980293e+000 1.916810092e+000 
1.029668815e+000 1.892863417e+000 
1.046152196e+000 1.914984727e+000 
1.044490582e+000 1.913145604e+000 
1.069051642e+000 1.933815301e+000 
1.041531352e+000 1.910642746e+000 
1.030522828e+000 1.895084928e+000 
1.029762098e+000 1.893204616e+000 
1.051653645e+000 1.920095925e+000 
1.050688538e+000 1.919438706e+000 
1.030105101e+000 1.894261509e+000 
1.032238338e+000 1.898019064e+000 
1.030702904e+000 1.895273918e+000 
1.118787299e+000 1.957068730e+000 
1.112328930e+000 1.954654778e+000 
1.056745777e+000 1.924828895e+000 
1.180268217e+000 1.972874377e+000 
1.084796831e+000 1.943605302e+000 
1.081831799e+000 1.941631252e+000 
1.098767522e+000 1.950053985e+000 
1.042295455e+000 1.911053872e+000 
1.063069433e+000 1.929717406e+000 
1.181899072e+000 1.972909565e+000 
1.056619362e+000 1.924826972e+000 
1.056483641e+000 1.924698240e+000 
1.055998868e+000 1.924178103e+000 
1.130944089e+000 1.961056067e+000 
1.037626370e+000 1.905744831e+000 
1.042926100e+000 1.911804982e+000 
1.050396311e+000 1.918925790e+000 
1.053255526e+000 1.921681879e+000 
1.070449787e+000 1.934700395e+000 
1.196481701e+000 1.974941295e+000 
1.055945355e+000 1.924154972e+000 
1.090572935e+000 1.946463453e+000 
1.060932578e+000 1.928475304e+000 
1.060485468e+000 1.927924969e+000 
1.199610198e+000 1.975666920e+000 
1.037803241e+000 1.905777991e+000 
1.042030756e+000 1.910824929e+000 
1.099929964e+000 1.950546149e+000 
1.061896419e+000 1.929071671e+000 
1.158562801e+000 1.968569606e+000 
1.161589027e+000 1.969148860e+000 
1.154809285e+000 1.967615299e+000 
1.077997558e+000 1.939275101e+000 
1.099598974e+000 1.950437244e+000 
1.067568939e+000 1.932882893e+000 
1.048688443e+000 1.917449264e+000 
1.041117588e+000 1.909967615e+000 
1.058761774e+000 1.926729117e+000 
1.043552667e+000 1.912476394e+000 
1.045237558e+000 1.914024543e+000 
1.089923422e+000 1.945989658e+000 
1.051239114e+000 1.919668235e+000 
1.047150582e+000 1.915707413e+000 
1.116555115e+000 1.956450400e+000 
1.087887261e+000 1.944928224e+000 
1.051949379e+000 1.920374913e+000 
1.187640536e+000 1.973689408e+000 
1.045119159e+000 1.913883937e+000 
1.046080727e+000 1.914841462e+000 
1.057844934e+000 1.926049517e+000 
1.100572320e+000 1.950831312e+000 
1.038390044e+000 1.906827677e+000 
1.049395412e+000 1.917962274e+000 
1.059011607e+000 1.926948421e+000 
1.090452435e+000 1.946457008e+000 
1.153005097e+000 1.967140889e+000 
1.083218437e+000 1.942508278e+000 
1.055579104e+000 1.923925878e+000 
1.174703306e+000 1.971201715e+000 
1.131717145e+000 1.961081883e+000 
1.034310993e+000 1.901141956e+000 
1.088053963e+000 1.945207194e+000 
1.166135057e+000 1.970330217e+000 
1.047050466e+000 1.915649896e+000 
1.168281905e+000 1.970764457e+000 
1.038254324e+000 1.906624282e+000 
1.063205185e+000 1.929870770e+000 
1.040267599e+000 1.909066244e+000 
1.040689638e+000 1.909566755e+000 
1.184179341e+000 1.973178468e+000 
1.178376874e+000 1.972335181e+000 
1.038444148e+000 1.906947604e+000 
1.074862654e+000 1.937403511e+000 
1.086939621e+000 1.944653350e+000 
1.065991148e+000 1.931928566e+000 
1.163831421e+000 1.969778834e+000 
1.059928447e+000 1.927617573e+000 
1.098869088e+000 1.950060924e+000 
1.107486376e+000 1.953248721e+000 
1.143375862e+000 1.964376677e+000 
1.054855542e+000 1.923169187e+000 
1.054101653e+000 1.922445763e+000 
1.073415125e+000 1.936552941e+000 
1.111590424e+000 1.954546163e+000 
1.058265911e+000 1.926248133e+000 
1.049224229e+000 1.917897782e+000 
1.056777454e+000 1.925200301e+000 
1.161689570e+000 1.969233334e+000 
1.055368944e+000 1.923910169e+000 
1.057229337e+000 1.925395184e+000 
1.103562895e+000 1.952209703e+000 
1.099475536e+000 1.950434467e+000 
1.053525242e+000 1.922200959e+000 
1.047220382e+000 1.915862597e+000 
1.106440348e+000 1.952992456e+000 
1.161900688e+000 1.969537172e+000 
1.100693418e+000 1.951077999e+000 
1.072117206e+000 1.935858124e+000 
1.107602790e+000 1.953554762e+000 
1.075177700e+000 1.937733453e+000 
1.080157943e+000 1.940629966e+000 
1.155840703e+000 1.967695748e+000 
1.161011680e+000 1.969106102e+000 
1.170151092e+000 1.971000130e+000 
1.102473135e+000 1.951506688e+000 
1.085934975e+000 1.944354957e+000 
1.054963507e+000 1.923275663e+000 
1.116008774e+000 1.956434327e+000 
1.138034307e+000 1.963021453e+000 
1.151616730e+000 1.966853339e+000 
1.141527861e+000 1.964360604e+000 
1.120264019e+000 1.957684469e+000 
1.130112468e+000 1.960568050e+000 
1.140774341e+000 1.963873948e+000 
1.071604706e+000 1.935448701e+000 
1.067358126e+000 1.932833889e+000 
1.066683463e+000 1.932305737e+000 
1.129925346e+000 1.960254918e+000 
1.130548530e+000 1.960704994e+000 
1.072181195e+000 1.935918178e+000 
1.128528572e+000 1.959991511e+000 
1.154423790e+000 1.967354316e+000 
1.114725559e+000 1.955845548e+000 
1.064013635e+000 1.930249904e+000 
1.159692597e+000 1.968822052e+000 
1.156055186e+000 1.967985952e+000 
1.083636063e+000 1.942571354e+000 
1.116789721e+000 1.956908850e+000 
1.083990732e+000 1.943105490e+000 
1.080613489e+000 1.941028940e+000 
1.135498161e+000 1.961967417e+000 
1.119717678e+000 1.957664827e+000 
1.134951820e+000 1.961951344e+000 
1.138991714e+000 1.963310197e+000 
1.115677783e+000 1.956321369e+000 
1.075812403e+000 1.938133018e+000 
1.072773786e+000 1.936334194e+000 
1.128724993e+000 1.960037287e+000 
1.065927616e+000 1.931796734e+000 
1.136209275e+000 1.962290773e+000 
1.134736416e+000 1.961781802e+000 
1.157170469e+000 1.968135520e+000 
1.151921760e+000 1.966961437e+000 
1.064774389e+000 1.930931088e+000 
1.133032897e+000 1.961321310e+000 
1.151190725e+000 1.966638217e+000 
1.023531137e+000 1.108886438e+000 
1.024021106e+000 1.110272292e+000 
1.024748496e+000 1.111374931e+000 
1.024376635e+000 1.110746773e+000 
1.023611134e+000 1.109418076e+000 
1.023322447e+000 1.108247712e+000 
1.027397834e+000 1.115266826e+000 
1.029137544e+000 1.272322781e+000 
1.028025275e+000 1.269599034e+000 
1.028878152e+000 1.271716048e+000 
1.027932606e+000 1.269478568e+000 
1.028969530e+000 1.271935817e+000 
1.028682176e+000 1.271510011e+000 
1.029651912e+000 1.273183575e+000 
1.028742635e+000 1.271575380e+000 
1.205315198e+000 1.977027153e+000 
1.234797277e+000 1.983803131e+000 
1.235298553e+000 1.983866178e+000 
1.251081136e+000 1.987254881e+000 
1.212057417e+000 1.978728996e+000 
1.200146984e+000 1.976392881e+000 
1.232998296e+000 1.983380210e+000 
1.236259478e+000 1.984443182e+000 
1.236829234e+000 1.984559963e+000 
1.355988237e+000 1.996365781e+000 
1.194678242e+000 1.974329378e+000 
1.210667406e+000 1.978118237e+000 
1.216122797e+000 1.980092932e+000 
1.299789980e+000 1.992492045e+000 
1.238058459e+000 1.984866103e+000 
1.236768954e+000 1.984462859e+000 
1.217335681e+000 1.980271877e+000 
1.492094711e+000 1.999770267e+000 
1.471206082e+000 1.999638484e+000 
1.211005241e+000 1.978148378e+000 
1.353539740e+000 1.996334968e+000 
1.286967370e+000 1.990892814e+000 
1.241349084e+000 1.985679571e+000 
1.272543684e+000 1.989555671e+000 
1.195427268e+000 1.974375528e+000 
1.198938535e+000 1.975238329e+000 
1.273222421e+000 1.989919295e+000 
1.406826402e+000 1.998412406e+000 
1.479436253e+000 1.999685093e+000 
1.254971442e+000 1.988038796e+000 
1.345338428e+000 1.995971564e+000 
1.344654690e+000 1.995796614e+000 
1.398251882e+000 1.998119395e+000 
1.390050569e+000 1.997752262e+000 
1.239565659e+000 1.984967821e+000 
1.337080859e+000 1.995343550e+000 
1.598859277e+000 1.999984596e+000 
1.219597713e+000 1.980374790e+000 
1.265089837e+000 1.989399008e+000 
1.269186379e+000 1.989554704e+000 
1.522585149e+000 1.999845978e+000 
1.472489651e+000 1.999657136e+000 
1.194979208e+000 1.974337075e+000 
1.193454025e+000 1.974271665e+000 
1.323084339e+000 1.994359637e+000 
1.296473335e+000 1.991807854e+000 
1.327254214e+000 1.994997516e+000 
1.323281051e+000 1.994638248e+000 
1.272591833e+000 1.989649788e+000 
1.208324541e+000 1.977514625e+000 
1.313504669e+000 1.994024082e+000 
1.282667942e+000 1.990720070e+000 
1.344435740e+000 1.995729046e+000 
1.340504581e+000 1.995478209e+000 
1.268255348e+000 1.989520238e+000 
1.290665847e+000 1.991204817e+000 
1.333302812e+000 1.995083817e+000 
1.275257032e+000 1.990400759e+000 
1.361023005e+000 1.996439373e+000 
1.287825699e+000 1.991193657e+000 
1.332209495e+000 1.995015961e+000 
1.279852663e+000 1.990705496e+000 
1.192408450e+000 1.973961643e+000 
1.242826841e+000 1.986031280e+000 
1.192948056e+000 1.974077127e+000 
1.353028021e+000 1.996266684e+000 
1.240852722e+000 1.985483206e+000 
1.363821622e+000 1.996632194e+000 
1.238049695e+000 1.984607270e+000 
1.224285520e+000 1.981784074e+000 
1.341082675e+000 1.995638872e+000 
1.325015541e+000 1.994681443e+000 
1.319920868e+000 1.994260775e+000 
1.245248732e+000 1.986286588e+000 
1.249401119e+000 1.986991789e+000 
1.243791833e+000 1.986202015e+000 
1.343741044e+000 1.995727240e+000 
1.239797663e+000 1.985150677e+000 
1.227663860e+000 1.982411606e+000 
1.285352085e+000 1.990801444e+000 
1.274904981e+000 1.990021211e+000 
1.218738398e+000 1.980342335e+000 
1.224687828e+000 1.981803303e+000 
1.228461983e+000 1.982695409e+000 
1.210069680e+000 1.978004678e+000 
1.223749558e+000 1.981704478e+000 
1.245772583e+000 1.986544081e+000 
1.222531856e+000 1.981158985e+000 
1.223006195e+000 1.981325712e+000 
1.250824888e+000 1.987230385e+000 
1.252558894e+000 1.987606590e+000 
1.224754163e+000 1.981856459e+000 
1.325819547e+000 1.994979104e+000 
1.320177335e+000 1.994311781e+000 
1.229749536e+000 1.982800132e+000 
1.212610571e+000 1.978792930e+000 
1.258300875e+000 1.988559425e+000 
1.198965234e+000 1.975291346e+000 
1.261104700e+000 1.988993993e+000 
1.256432188e+000 1.988352986e+000 
1.208822344e+000 1.977861068e+000 
1.213870471e+000 1.979460698e+000 
1.352941735e+000 1.996084162e+000 
1.256177208e+000 1.988086092e+000 
1.214817428e+000 1.979534349e+000 
1.257057299e+000 1.988406533e+000 
1.205024781e+000 1.976453208e+000 
1.250708723e+000 1.987104055e+000 
1.246769989e+000 1.986782031e+000 
1.349461439e+000 1.996001597e+000 
1.597956173e+000 1.999934822e+000 
1.337640454e+000 1.995347578e+000 
1.210456930e+000 1.978024128e+000 
1.253412572e+000 1.987819019e+000 
1.215181324e+000 1.979592722e+000 
1.404815072e+000 1.998326415e+000 
1.220075689e+000 1.980916962e+000 
1.229403532e+000 1.982759802e+000 
1.223635681e+000 1.981507573e+000 
1.226599110e+000 1.982331973e+000 
1.409869380e+000 1.998496140e+000 
1.394523566e+000 1.997991244e+000 
1.212328067e+000 1.978767893e+000 
1.597981889e+000 1.999963003e+000 
1.381141467e+000 1.997493002e+000 
1.390554002e+000 1.997909993e+000 
1.426362969e+000 1.998989794e+000 
1.230944505e+000 1.983289100e+000 
1.520073710e+000 1.999781108e+000 
1.536304885e+000 1.999864339e+000 
1.424475705e+000 1.998906251e+000 
1.431899416e+000 1.999199522e+000 
1.399074008e+000 1.998276061e+000 
1.451696212e+000 1.999461225e+000 
1.600651405e+000 2.000000000e+000 
1.458412633e+000 1.999499477e+000 
1.300743500e+000 1.992591795e+000 
1.535676720e+000 1.999862946e+000 
1.395928178e+000 1.998027768e+000 
1.443747474e+000 1.999373797e+000 
1.421053364e+000 1.998879600e+000 
1.552344727e+000 1.999919471e+000 
1.544111651e+000 1.999893652e+000 
1.395888483e+000 1.998019229e+000 
1.440872788e+000 1.999234448e+000 
1.471195819e+000 1.999516133e+000 
1.415794254e+000 1.998733795e+000 
1.411314089e+000 1.998669282e+000 
1.290738886e+000 1.991346502e+000 
1.388230548e+000 1.997736560e+000 
1.441809816e+000 1.999243727e+000 
1.376703059e+000 1.997247937e+000 
1.367909578e+000 1.996844949e+000 
1.544129277e+000 1.999917163e+000 
1.535040981e+000 1.999857308e+000 
1.535006243e+000 1.999850996e+000 
1.368816295e+000 1.996886913e+000 
1.299376757e+000 1.992330947e+000 
1.420210659e+000 1.998737122e+000 
1.299752466e+000 1.992421532e+000 
1.307987261e+000 1.993172089e+000 
1.300627078e+000 1.992508079e+000 
1.376062540e+000 1.997176662e+000 
1.371160304e+000 1.996890465e+000 
1.379054290e+000 1.997252834e+000 
1.311923112e+000 1.993469189e+000 
1.296925174e+000 1.992256527e+000 
1.294473983e+000 1.991744919e+000 
1.361537139e+000 1.996526446e+000 
1.361179926e+000 1.996508831e+000 
1.386762318e+000 1.997631970e+000 
1.396552408e+000 1.998099163e+000 
1.393702029e+000 1.997938356e+000 

