1.000269554e+000 1.005138261e+000 
1.000660201e+000 1.014690782e+000 
1.000479259e+000 1.014169271e+000 
1.000432992e+000 1.013657884e+000 
1.000390932e+000 1.013654740e+000 
1.000554403e+000 1.014684042e+000 
1.000700386e+000 1.014696253e+000 
1.000437198e+000 1.014166127e+000 
1.000746652e+000 1.015207640e+000 
1.000706468e+000 1.015202169e+000 
1.000552651e+000 1.014175809e+000 
1.000598917e+000 1.014687196e+000 
1.000508136e+000 1.014172655e+000 
1.000000000e+000 1.000007848e+000 
1.000822836e+000 1.020967576e+000 
1.001584449e+000 1.024220795e+000 
1.000984555e+000 1.022144836e+000 
1.000969071e+000 1.022051415e+000 
1.000951888e+000 1.021259579e+000 
1.000763784e+000 1.020077520e+000 
1.000883443e+000 1.021240823e+000 
1.001498821e+000 1.023402687e+000 
1.001567267e+000 1.023421444e+000 
1.001317824e+000 1.022370576e+000 
1.001177757e+000 1.022225422e+000 
1.001739703e+000 1.024361788e+000 
1.002661559e+000 1.292341737e+000 
1.002193187e+000 1.288299456e+000 
1.002109005e+000 1.287897705e+000 
1.002541708e+000 1.290458342e+000 
1.002340495e+000 1.290189640e+000 
1.002552688e+000 1.290609142e+000 
1.002311543e+000 1.288307158e+000 
1.001947286e+000 1.285753310e+000 
1.002473263e+000 1.290451553e+000 
1.002639361e+000 1.290907302e+000 
1.002704753e+000 1.292743488e+000 
1.045808400e+000 1.852257835e+000 
1.027228179e+000 1.820932402e+000 
1.038626228e+000 1.841001611e+000 
1.050888327e+000 1.859060496e+000 
1.015783445e+000 1.793776002e+000 
1.031780605e+000 1.829954663e+000 
1.022036532e+000 1.809928008e+000 
1.016649935e+000 1.796590033e+000 
1.006145146e+000 1.760928842e+000 
1.029116560e+000 1.824897947e+000 
1.026376182e+000 1.818657273e+000 
1.030259236e+000 1.827127496e+000 
1.035900548e+000 1.835988609e+000 
1.078030810e+000 1.891439353e+000 
1.113726667e+000 1.920485395e+000 
1.026238934e+000 1.818657053e+000 
1.034102290e+000 1.833927211e+000 
1.029095380e+000 1.824630475e+000 
1.040972952e+000 1.844885771e+000 
1.067442865e+000 1.879692498e+000 
1.018102180e+000 1.800486291e+000 
1.004826298e+000 1.754149228e+000 
1.030933985e+000 1.827731897e+000 
1.089682360e+000 1.903066241e+000 
1.062297529e+000 1.873871209e+000 
1.074656340e+000 1.887693759e+000 
1.096257582e+000 1.906476337e+000 
1.039902958e+000 1.843270446e+000 
1.050751079e+000 1.859060276e+000 
1.031588034e+000 1.829448010e+000 
1.073441477e+000 1.886740454e+000 
1.088564162e+000 1.900480790e+000 
1.035219616e+000 1.835938224e+000 
1.004682716e+000 1.752689261e+000 
1.105239865e+000 1.915210262e+000 
1.005282317e+000 1.756433399e+000 
1.019440871e+000 1.803723477e+000 
1.055318559e+000 1.865435642e+000 
1.028359445e+000 1.823578240e+000 
1.119894966e+000 1.924497577e+000 
1.016259315e+000 1.795539422e+000 
1.027651643e+000 1.822067686e+000 
1.031494697e+000 1.828867401e+000 
1.010320795e+000 1.777507142e+000 
1.097655888e+000 1.908639989e+000 
1.030967038e+000 1.828638050e+000 
1.036767706e+000 1.837981285e+000 
1.028612301e+000 1.823759349e+000 
1.042186855e+000 1.846730303e+000 
1.032488408e+000 1.831465218e+000 
1.039546825e+000 1.842423558e+000 
1.038151828e+000 1.840808232e+000 
1.017541468e+000 1.799395148e+000 
1.024100680e+000 1.814032484e+000 
1.031104286e+000 1.828638271e+000 
1.033710724e+000 1.832769099e+000 
1.030396483e+000 1.827127716e+000 
1.083872385e+000 1.895904693e+000 
1.106347212e+000 1.915666641e+000 
1.037416704e+000 1.838707133e+000 
1.018733068e+000 1.802212923e+000 
1.027788890e+000 1.822067906e+000 
1.039765710e+000 1.843270225e+000 
1.027935981e+000 1.822442957e+000 
1.058002196e+000 1.868582048e+000 
1.004142492e+000 1.746241297e+000 
1.050103733e+000 1.857546995e+000 
1.029880815e+000 1.826405408e+000 
1.096453544e+000 1.908152601e+000 
1.099640071e+000 1.911762022e+000 
1.116107625e+000 1.921575405e+000 
1.109703981e+000 1.918108887e+000 
1.019809557e+000 1.804381954e+000 
1.108634893e+000 1.917158580e+000 
1.028496693e+000 1.823578461e+000 
1.087532058e+000 1.899973550e+000 
1.085476281e+000 1.897973757e+000 
1.005994820e+000 1.759670890e+000 
1.103127169e+000 1.914106123e+000 
1.005538802e+000 1.757386719e+000 
1.052814174e+000 1.861737176e+000 
1.047785998e+000 1.855025848e+000 
1.005899777e+000 1.759256374e+000 
1.042019581e+000 1.845719312e+000 
1.035763300e+000 1.835988389e+000 
1.006762606e+000 1.763751817e+000 
1.005443759e+000 1.756972203e+000 
1.009258298e+000 1.773714019e+000 
1.096530508e+000 1.908508269e+000 
1.083735137e+000 1.895904473e+000 
1.006306588e+000 1.761467646e+000 
1.005152605e+000 1.754573137e+000 
1.065187287e+000 1.877744039e+000 
1.030928609e+000 1.827679534e+000 
1.121259399e+000 1.925408083e+000 
1.050339718e+000 1.858485843e+000 
1.052676926e+000 1.861736956e+000 
1.051065230e+000 1.859594202e+000 
1.107602790e+000 1.916624932e+000 
1.004865445e+000 1.754563744e+000 
1.116737585e+000 1.922636760e+000 
1.055932016e+000 1.865680680e+000 
1.053687742e+000 1.862553253e+000 
1.048518840e+000 1.856448016e+000 
1.054385813e+000 1.863820536e+000 
1.094205736e+000 1.904965498e+000 
1.124395623e+000 1.926530388e+000 
1.058543898e+000 1.869109476e+000 
1.044347725e+000 1.849244174e+000 
1.025531132e+000 1.817146498e+000 
1.057506866e+000 1.867597596e+000 
1.092699913e+000 1.904394994e+000 
1.102717023e+000 1.912446500e+000 
1.042633962e+000 1.846946950e+000 
1.014982465e+000 1.792008838e+000 
1.041563968e+000 1.845331624e+000 
1.043636290e+000 1.848538884e+000 
1.006289561e+000 1.761199370e+000 
1.022744335e+000 1.811438562e+000 
1.054722964e+000 1.864013695e+000 
1.043256849e+000 1.848345629e+000 
1.057369618e+000 1.867597376e+000 
1.062943013e+000 1.874616613e+000 
1.026014211e+000 1.818017624e+000 
1.057879053e+000 1.868206965e+000 
1.047015642e+000 1.853873381e+000 
1.023305046e+000 1.812574066e+000 
1.024339532e+000 1.814328724e+000 
1.059613892e+000 1.870724802e+000 
1.019643039e+000 1.804365016e+000 
1.004047449e+000 1.745826781e+000 
1.023539968e+000 1.812896980e+000 
1.065513595e+000 1.877754499e+000 
1.080800861e+000 1.893317982e+000 
1.098285847e+000 1.909701343e+000 
1.117793775e+000 1.923013622e+000 
1.024237928e+000 1.814032705e+000 
1.099541425e+000 1.910659634e+000 
1.009386889e+000 1.773768809e+000 
1.022597244e+000 1.811063512e+000 
1.070120104e+000 1.882590233e+000 
1.004549580e+000 1.751331454e+000 
1.026535504e+000 1.819266818e+000 
1.003979003e+000 1.745822589e+000 
1.011102710e+000 1.780400240e+000 
1.069603252e+000 1.881815003e+000 
1.007982438e+000 1.767825419e+000 
1.032409366e+000 1.830649064e+000 
1.007220165e+000 1.765285498e+000 
1.021302174e+000 1.808061686e+000 
1.066181366e+000 1.878846761e+000 
1.019012151e+000 1.802682746e+000 
1.008373679e+000 1.770352852e+000 
1.022035814e+000 1.809491914e+000 
1.115123545e+000 1.921275619e+000 
1.021224541e+000 1.807797307e+000 
1.124416781e+000 1.927268900e+000 
1.008221064e+000 1.769699901e+000 
1.004074046e+000 1.746237105e+000 
1.003835421e+000 1.744362623e+000 
1.005084159e+000 1.754568945e+000 
1.003395885e+000 1.741539647e+000 
1.003634510e+000 1.743414130e+000 
1.015989454e+000 1.794762566e+000 
1.008903810e+000 1.772602297e+000 
1.084243118e+000 1.895913866e+000 
1.016534479e+000 1.795836113e+000 
1.080106620e+000 1.892740720e+000 
1.086673644e+000 1.898727448e+000 
1.014010120e+000 1.789527830e+000 
1.081250246e+000 1.894139339e+000 
1.005851945e+000 1.758649872e+000 
1.062692045e+000 1.874515113e+000 
1.095902035e+000 1.906284776e+000 
1.009410913e+000 1.774366970e+000 
1.003539467e+000 1.742999614e+000 
1.004310955e+000 1.749456971e+000 
1.056809059e+000 1.866591639e+000 
1.054131295e+000 1.862662062e+000 
1.113828917e+000 1.920755432e+000 
1.124924762e+000 1.927278293e+000 
1.013375046e+000 1.787187150e+000 
1.013211046e+000 1.786838615e+000 
1.013700312e+000 1.788153112e+000 
1.012727967e+000 1.785672103e+000 
1.118858713e+000 1.923536149e+000 
1.010572579e+000 1.778150795e+000 
1.007750296e+000 1.767534943e+000 
1.007288610e+000 1.765289690e+000 
1.019325139e+000 1.803468979e+000 
1.006602705e+000 1.762462523e+000 
1.056724181e+000 1.866538442e+000 
1.003300842e+000 1.741125131e+000 
1.083523541e+000 1.895351605e+000 
1.042936984e+000 1.847399527e+000 
1.068555142e+000 1.881521828e+000 
1.022317442e+000 1.810095203e+000 
1.066893616e+000 1.879058877e+000 
1.073560331e+000 1.886954525e+000 
1.078340001e+000 1.891851640e+000 
1.009234274e+000 1.773115858e+000 
1.060403064e+000 1.871287322e+000 
1.011055658e+000 1.779317307e+000 
1.059313166e+000 1.869926265e+000 
1.009741377e+000 1.774880530e+000 
1.049420787e+000 1.856641752e+000 
1.081983814e+000 1.894201283e+000 
1.010803874e+000 1.778673653e+000 
1.011585790e+000 1.781566751e+000 
1.013987316e+000 1.788704234e+000 
1.012092893e+000 1.783331424e+000 
1.008704143e+000 1.770866413e+000 
1.082050205e+000 1.894964232e+000 
1.084919286e+000 1.896566241e+000 
1.063776354e+000 1.875496477e+000 
1.077522828e+000 1.891429960e+000 
1.079171998e+000 1.892677705e+000 
1.076892869e+000 1.890368606e+000 
1.046859879e+000 1.852809075e+000 
1.013888670e+000 1.788440348e+000 
1.015170824e+000 1.792296074e+000 
1.071755777e+000 1.884573749e+000 
1.058723247e+000 1.869203191e+000 
1.062111926e+000 1.873557601e+000 
1.015660090e+000 1.793610571e+000 
1.056941991e+000 1.866730298e+000 
1.056333625e+000 1.865998162e+000 
1.018415167e+000 1.801254494e+000 
1.000126336e+000 1.000707704e+000 
1.000052190e+000 1.000707075e+000 
1.000135728e+000 1.000710019e+000 
1.000004509e+000 1.000678601e+000 
1.001844478e+000 1.171789776e+000 
1.000374758e+000 1.008965518e+000 
1.000287620e+000 1.008505178e+000 
1.000379267e+000 1.008965609e+000 
1.000177251e+000 1.004298855e+000 
1.003105787e+000 1.637011196e+000 
1.003228831e+000 1.637936921e+000 
1.002845191e+000 1.634880268e+000 
1.002722147e+000 1.633954543e+000 
1.137509852e+000 1.938056301e+000 
1.354686102e+000 1.999937130e+000 
1.321530419e+000 1.999119629e+000 
1.357991134e+000 1.999960887e+000 
1.226735991e+000 1.982849288e+000 
1.262550443e+000 1.992371644e+000 
1.113500181e+000 1.918399894e+000 
1.161409421e+000 1.953623498e+000 
1.219364629e+000 1.980047015e+000 
1.204689998e+000 1.974816669e+000 
1.329255897e+000 1.999574661e+000 
1.160608886e+000 1.953622854e+000 
1.147210938e+000 1.945274907e+000 
1.217973351e+000 1.979887544e+000 
1.226637852e+000 1.982219606e+000 
1.155605823e+000 1.950805724e+000 
1.351745442e+000 1.999707247e+000 
1.134973546e+000 1.935343667e+000 
1.144695909e+000 1.943313216e+000 
1.168611129e+000 1.959153262e+000 
1.233471232e+000 1.983801703e+000 
1.277601956e+000 1.996300551e+000 
1.222278575e+000 1.980997858e+000 
1.236627025e+000 1.984429761e+000 
1.322233731e+000 1.999135236e+000 
1.229426495e+000 1.983516667e+000 
1.277525965e+000 1.996206022e+000 
1.197546587e+000 1.972297860e+000 
1.127108778e+000 1.927963268e+000 
1.319537657e+000 1.999081829e+000 
1.151879222e+000 1.948090697e+000 
1.131934613e+000 1.931452701e+000 
1.300024524e+000 1.998494752e+000 
1.149669636e+000 1.946908677e+000 
1.127334705e+000 1.928396233e+000 
1.163060413e+000 1.955810945e+000 
1.161635259e+000 1.953660550e+000 
1.241539456e+000 1.986858118e+000 
1.265028464e+000 1.993594906e+000 
1.180727004e+000 1.964697171e+000 
1.182257052e+000 1.966202321e+000 
1.290359295e+000 1.997680242e+000 
1.171316937e+000 1.960777238e+000 
1.193548955e+000 1.971000799e+000 
1.150896530e+000 1.947538359e+000 
1.249524111e+000 1.988747244e+000 
1.193986192e+000 1.971630481e+000 
1.268588859e+000 1.994262285e+000 
1.145092933e+000 1.944090903e+000 
1.172543832e+000 1.961406920e+000 
1.185223393e+000 1.967409805e+000 
1.185660630e+000 1.968039487e+000 
1.308859411e+000 1.999080182e+000 
1.192099512e+000 1.970558296e+000 
1.187796279e+000 1.968472453e+000 
1.139057220e+000 1.939158243e+000 
1.181287778e+000 1.965095260e+000 
1.243170266e+000 1.987185213e+000 
1.136693043e+000 1.936366208e+000 
1.232935085e+000 1.983762382e+000 
1.151024855e+000 1.948022841e+000 
1.133876204e+000 1.934178760e+000 
1.246730661e+000 1.987852592e+000 
1.128765987e+000 1.929778375e+000 
1.125949148e+000 1.927590927e+000 
1.250221869e+000 1.989025556e+000 
1.244513298e+000 1.987814895e+000 
1.200425074e+000 1.974149290e+000 
1.305951473e+000 1.998710111e+000 
1.227013442e+000 1.982984254e+000 
1.215471524e+000 1.978749954e+000 
1.221975578e+000 1.980469117e+000 
1.209623999e+000 1.976898524e+000 
1.210931126e+000 1.977528206e+000 
1.131938512e+000 1.932098337e+000 
1.131034223e+000 1.931361631e+000 
1.211871906e+000 1.977753908e+000 
1.222785350e+000 1.981190586e+000 
1.139577608e+000 1.939190821e+000 
1.139030232e+000 1.939124997e+000 
1.130252978e+000 1.930907237e+000 
1.190894244e+000 1.969640147e+000 
1.191539168e+000 1.970229357e+000 
1.280396703e+000 1.996857946e+000 
1.142183397e+000 1.941857055e+000 
1.127196046e+000 1.928277915e+000 
1.188041978e+000 1.968744902e+000 
1.322667921e+000 1.999172678e+000 
1.274384918e+000 1.994890453e+000 
1.187720880e+000 1.968115220e+000 
1.142276094e+000 1.941903455e+000 
1.285774028e+000 1.997228808e+000 
1.354407647e+000 1.999932223e+000 
1.195788567e+000 1.971666693e+000 
1.137804121e+000 1.938715670e+000 
1.247668350e+000 1.988527608e+000 
1.129287331e+000 1.930875106e+000 
1.144296588e+000 1.943005880e+000 
1.138180880e+000 1.938752801e+000 
1.174682400e+000 1.961939620e+000 
1.130412532e+000 1.931199362e+000 
1.175643910e+000 1.962789141e+000 
1.140997719e+000 1.940940249e+000 
1.132165217e+000 1.933062554e+000 
1.173037301e+000 1.961453914e+000 
1.132302253e+000 1.933692236e+000 
1.197695328e+000 1.972311212e+000 
1.286509227e+000 1.997255002e+000 
1.279661966e+000 1.996441918e+000 
1.132714917e+000 1.933729367e+000 
1.200985838e+000 1.974382219e+000 
1.203652194e+000 1.974419916e+000 
1.202927641e+000 1.974409435e+000 
1.193652917e+000 1.971233728e+000 
1.152091874e+000 1.948687184e+000 
1.292601666e+000 1.997872553e+000 
1.180025406e+000 1.964552519e+000 
1.199641670e+000 1.973317031e+000 
1.253970146e+000 1.989852835e+000 
1.200091800e+000 1.973752537e+000 
1.154983471e+000 1.950626519e+000 
1.267643396e+000 1.993950683e+000 
1.183830696e+000 1.966638363e+000 
1.261145515e+000 1.992099253e+000 
1.157203861e+000 1.952455694e+000 
1.213305710e+000 1.978332374e+000 
1.198192361e+000 1.972777309e+000 
1.153026060e+000 1.949316866e+000 
1.170180043e+000 1.959650139e+000 
1.197298323e+000 1.972147627e+000 
1.209319154e+000 1.976675465e+000 
1.136947391e+000 1.936937550e+000 
1.271203791e+000 1.994618061e+000 
1.238064262e+000 1.985530213e+000 
1.264109409e+000 1.992658709e+000 
1.156651846e+000 1.951256201e+000 
1.297198555e+000 1.997880394e+000 
1.268563842e+000 1.993955770e+000 
1.325649671e+000 1.999335470e+000 
1.167331281e+000 1.958615784e+000 
1.251793658e+000 1.989387715e+000 
1.156912646e+000 1.951399818e+000 
1.166437242e+000 1.957986102e+000 
1.241057893e+000 1.986473919e+000 
1.173777738e+000 1.961617569e+000 
1.190548654e+000 1.969010465e+000 
1.161978385e+000 1.954820053e+000 
1.286745143e+000 1.997356356e+000 
1.158091278e+000 1.953085376e+000 
1.165859057e+000 1.956857275e+000 
1.162872424e+000 1.955449735e+000 
1.124022003e+000 1.925542010e+000 
1.247351783e+000 1.988204455e+000 
1.144672404e+000 1.943248997e+000 
1.144898331e+000 1.943681962e+000 
1.323377717e+000 1.999259017e+000 
1.276810857e+000 1.995560885e+000 
1.166267179e+000 1.957408024e+000 
1.254616797e+000 1.990076983e+000 
1.255054034e+000 1.990706665e+000 
1.146516978e+000 1.944835056e+000 
1.246687674e+000 1.987830565e+000 
1.134285293e+000 1.934554017e+000 
1.152519078e+000 1.948856679e+000 
1.257423439e+000 1.990744361e+000 
1.152745004e+000 1.949289644e+000 
1.148654387e+000 1.946646919e+000 
1.153738792e+000 1.949919327e+000 
1.225758221e+000 1.981837835e+000 
1.217515054e+000 1.979176705e+000 
1.149964070e+000 1.947102197e+000 
1.217862230e+000 1.979305770e+000 
1.147510766e+000 1.945464738e+000 
1.258051886e+000 1.990951879e+000 
1.258614429e+000 1.991374044e+000 
1.275488172e+000 1.995438181e+000 
1.267577840e+000 1.993892852e+000 
1.354225877e+000 1.999910065e+000 
1.193299239e+000 1.970976727e+000 
1.161960810e+000 1.954561617e+000 
1.206625053e+000 1.975453717e+000 
1.345057237e+000 1.999688702e+000 
1.236789632e+000 1.984820774e+000 
1.341350987e+000 1.999658525e+000 
1.373778450e+000 2.000000000e+000 

