1.113059499e+000 1.296378108e+000 
1.170944326e+000 1.314135543e+000 
1.131055099e+000 1.302299656e+000 
1.155750078e+000 1.309372832e+000 
1.106500796e+000 1.294365982e+000 
1.152206145e+000 1.309138482e+000 
1.037792502e+000 1.259172229e+000 
1.047003067e+000 1.266990368e+000 
1.169605215e+000 1.312838878e+000 
1.182822470e+000 1.315336794e+000 
1.203903807e+000 1.315837948e+000 
1.203208799e+000 1.315459509e+000 
1.074741322e+000 1.280827887e+000 
1.071445563e+000 1.280771729e+000 
1.035679499e+000 1.257703501e+000 
1.182493113e+000 1.315314520e+000 
1.036724023e+000 1.258226929e+000 
1.118349912e+000 1.298356091e+000 
1.099020977e+000 1.290436420e+000 
1.036008857e+000 1.257725775e+000 
1.169275857e+000 1.312824657e+000 
1.013925130e+000 1.238674367e+000 
1.151876787e+000 1.309123867e+000 
1.120539317e+000 1.300307671e+000 
1.168959575e+000 1.312776896e+000 
1.140986057e+000 1.306829005e+000 
1.113529478e+000 1.296398207e+000 
1.088779844e+000 1.286769576e+000 
1.035023201e+000 1.257407229e+000 
1.007920437e+000 1.235878002e+000 
1.168489595e+000 1.312756797e+000 
1.006755816e+000 1.228129288e+000 
1.168160238e+000 1.312742576e+000 
1.170619735e+000 1.314101224e+000 
1.106360173e+000 1.294360498e+000 
1.167047045e+000 1.309559486e+000 
1.003644761e+000 1.218785437e+000 
1.085378063e+000 1.286444748e+000 
1.120398695e+000 1.300302187e+000 
1.140656699e+000 1.306814391e+000 
1.015854974e+000 1.239297402e+000 
1.140516077e+000 1.306808907e+000 
1.166717687e+000 1.309537212e+000 
1.101344989e+000 1.292380517e+000 
1.003799829e+000 1.226534151e+000 
1.106030816e+000 1.294346277e+000 
1.140186720e+000 1.306794686e+000 
1.178011069e+000 1.315080672e+000 
1.016669321e+000 1.240883458e+000 
1.036931220e+000 1.258643157e+000 
1.057008266e+000 1.274772283e+000 
1.123884287e+000 1.301389767e+000 
1.156079435e+000 1.309395105e+000 
1.167686912e+000 1.309896260e+000 
1.025483279e+000 1.249566816e+000 
1.121063596e+000 1.300536151e+000 
1.012647141e+000 1.237786797e+000 
1.040562614e+000 1.264632515e+000 
1.172213540e+000 1.314154941e+000 
1.151406808e+000 1.309104162e+000 
1.013231789e+000 1.238513283e+000 
1.136763153e+000 1.303196793e+000 
1.151736165e+000 1.309118383e+000 
1.136293173e+000 1.303176695e+000 
1.009691154e+000 1.237695098e+000 
1.136585707e+000 1.303186765e+000 
1.167401642e+000 1.309591420e+000 
1.135963816e+000 1.303162473e+000 
1.115524133e+000 1.298327690e+000 
1.131627864e+000 1.302522000e+000 
1.045816999e+000 1.265163201e+000 
1.123554930e+000 1.301375153e+000 
1.030438043e+000 1.255949157e+000 
1.121204218e+000 1.300541635e+000 
1.030767400e+000 1.255971431e+000 
1.165113173e+000 1.309405176e+000 
1.172072918e+000 1.314149457e+000 
1.137878875e+000 1.303453416e+000 
1.173964704e+000 1.315060072e+000 
1.016734395e+000 1.244444901e+000 
1.106695717e+000 1.294580241e+000 
1.075109428e+000 1.281930539e+000 
1.021838518e+000 1.247009449e+000 
1.127428220e+000 1.301624117e+000 
1.028045034e+000 1.254102410e+000 
1.027000511e+000 1.253578981e+000 
1.027329868e+000 1.253601255e+000 
1.136256350e+000 1.303172544e+000 
1.024945565e+000 1.249358674e+000 
1.101814968e+000 1.292400615e+000 
1.146285589e+000 1.308229841e+000 
1.092729615e+000 1.289527033e+000 
1.126168207e+000 1.301390269e+000 
1.017920463e+000 1.245535511e+000 
1.018505112e+000 1.246261997e+000 
1.110233719e+000 1.296351488e+000 
1.075438785e+000 1.281952813e+000 
1.121533575e+000 1.300556249e+000 
1.047332425e+000 1.267012641e+000 
1.168809318e+000 1.312776588e+000 
1.107495054e+000 1.294614560e+000 
1.173635347e+000 1.315045851e+000 
1.120734238e+000 1.300521930e+000 
1.107165696e+000 1.294599946e+000 
1.098808475e+000 1.290424915e+000 
1.147545602e+000 1.308463689e+000 
1.112846997e+000 1.296366604e+000 
1.103479685e+000 1.292634965e+000 
1.079476360e+000 1.283819192e+000 
1.172542897e+000 1.314169556e+000 
1.093514882e+000 1.289760881e+000 
1.128229320e+000 1.302273036e+000 
1.024898630e+000 1.248723871e+000 
1.108111938e+000 1.295433464e+000 
1.051530224e+000 1.268994975e+000 
1.118922677e+000 1.298576654e+000 
1.032067214e+000 1.257315531e+000 
1.135671701e+000 1.303072450e+000 
1.101015631e+000 1.292366296e+000 
1.099593742e+000 1.290658764e+000 
1.113632264e+000 1.296600453e+000 
1.083058055e+000 1.284005847e+000 
1.071376145e+000 1.280736245e+000 
1.071774920e+000 1.280794002e+000 
1.021942643e+000 1.248632172e+000 
1.103809042e+000 1.292657239e+000 
1.143672312e+000 1.308214725e+000 
1.169924938e+000 1.312880847e+000 
1.062926715e+000 1.274988066e+000 
1.020171927e+000 1.246815076e+000 
1.054285610e+000 1.271724820e+000 
1.090116337e+000 1.289511917e+000 
1.063256072e+000 1.275010339e+000 
1.118137410e+000 1.298342806e+000 
1.070940766e+000 1.280445302e+000 
1.174105327e+000 1.315065556e+000 
1.064033368e+000 1.275978780e+000 
1.130842597e+000 1.302288152e+000 
1.078691093e+000 1.283585344e+000 
1.119252034e+000 1.298598928e+000 
1.085484085e+000 1.286713418e+000 
1.100517224e+000 1.290746312e+000 
1.115383510e+000 1.298322206e+000 
1.115054153e+000 1.298307984e+000 
1.141780525e+000 1.306876239e+000 
1.115853490e+000 1.298342304e+000 
1.105149476e+000 1.293544811e+000 
1.085813442e+000 1.286735691e+000 
1.029581332e+000 1.254997280e+000 
1.049227167e+000 1.267503725e+000 
1.123084950e+000 1.301355448e+000 
1.031022691e+000 1.256792103e+000 
1.173090807e+000 1.314171028e+000 
1.137530433e+000 1.303206863e+000 
1.037463144e+000 1.259149955e+000 
1.046146356e+000 1.265185475e+000 
1.040891971e+000 1.264654789e+000 
1.031352048e+000 1.256814376e+000 
1.127757577e+000 1.301646391e+000 
1.046873415e+000 1.266931870e+000 
1.147874959e+000 1.308485963e+000 
1.048512866e+000 1.267455298e+000 
1.143202332e+000 1.308195020e+000 
1.174434684e+000 1.315080170e+000 
1.066778493e+000 1.277666508e+000 
1.067107850e+000 1.277688782e+000 
1.030296498e+000 1.255498435e+000 
1.054614967e+000 1.271747093e+000 
1.099923099e+000 1.290681038e+000 
1.046288767e+000 1.265879788e+000 
1.141639903e+000 1.306870755e+000 
1.079805717e+000 1.283841466e+000 
1.123414307e+000 1.301369669e+000 
1.143531689e+000 1.308209241e+000 
1.131957221e+000 1.302544274e+000 
1.064362725e+000 1.276001053e+000 
1.046618124e+000 1.265902062e+000 
1.093844239e+000 1.289783155e+000 
1.113961621e+000 1.296622726e+000 
1.120069338e+000 1.300287965e+000 
1.142109883e+000 1.306890854e+000 
1.069019534e+000 1.278064158e+000 
1.141310546e+000 1.306856534e+000 
1.029251975e+000 1.254975007e+000 
1.110563077e+000 1.296366103e+000 
1.055925062e+000 1.272248248e+000 
1.053055497e+000 1.270574204e+000 
1.144001669e+000 1.308229339e+000 
1.071046788e+000 1.280713972e+000 
1.146968071e+000 1.308261443e+000 
1.039479409e+000 1.261036551e+000 
1.108441295e+000 1.295448079e+000 
1.152973425e+000 1.309148552e+000 
1.100616856e+000 1.292308539e+000 
1.053384854e+000 1.270596478e+000 
1.063448719e+000 1.275917244e+000 
1.128558677e+000 1.302287650e+000 
1.100946213e+000 1.292322760e+000 
1.076077816e+000 1.283570228e+000 
1.089646358e+000 1.289492212e+000 
1.109763740e+000 1.296331783e+000 
1.104679497e+000 1.293525106e+000 
1.075607836e+000 1.283550523e+000 
1.096195198e+000 1.290409800e+000 
1.089975715e+000 1.289506433e+000 
1.038434886e+000 1.260513123e+000 
1.057722567e+000 1.274820710e+000 
1.128088697e+000 1.302267552e+000 
1.095725218e+000 1.290390094e+000 
1.107971315e+000 1.295427980e+000 
1.090445694e+000 1.289526531e+000 
1.127759340e+000 1.302253331e+000 
1.107641958e+000 1.295413759e+000 
1.110093097e+000 1.296346004e+000 
1.096524555e+000 1.290424414e+000 
1.105008854e+000 1.293539327e+000 
1.105478833e+000 1.293559425e+000 
1.076407173e+000 1.283584842e+000 
1.057337623e+000 1.274794557e+000 
1.096054575e+000 1.290404316e+000 
1.075937193e+000 1.283564744e+000 
1.082728698e+000 1.283983573e+000 
1.051468854e+000 1.267546997e+000 
1.051859581e+000 1.269017248e+000 
1.068690176e+000 1.278041884e+000 
1.063778077e+000 1.275939517e+000 
1.042202065e+000 1.265155943e+000 
1.058051924e+000 1.274842983e+000 
1.038764243e+000 1.260535397e+000 

1.185517394e+000 1.025115231e+000 
1.135414822e+000 1.022696811e+000 
1.135555444e+000 1.022698463e+000 
1.096274919e+000 1.020707239e+000 
1.180969572e+000 1.025098528e+000 
1.187434848e+000 1.025310350e+000 
1.167267201e+000 1.024098734e+000 
1.013925130e+000 1.011676829e+000 
1.135884801e+000 1.022702872e+000 
1.022154440e+000 1.013124363e+000 
1.151913760e+000 1.023809287e+000 
1.177129607e+000 1.025035860e+000 
1.163141364e+000 1.024081152e+000 
1.181298929e+000 1.025105563e+000 
1.190197768e+000 1.025310498e+000 
1.159208772e+000 1.024026397e+000 
1.153831214e+000 1.024004407e+000 
1.158409435e+000 1.024016063e+000 
1.158879414e+000 1.024021988e+000 
1.172441163e+000 1.025020131e+000 
1.021838518e+000 1.013005069e+000 
1.066299767e+000 1.017915826e+000 
1.172111806e+000 1.025015857e+000 
1.131796378e+000 1.022654065e+000 
1.172581785e+000 1.025021783e+000 
1.139185390e+000 1.022819224e+000 
1.172911143e+000 1.025026192e+000 
1.155082934e+000 1.024008816e+000 
1.163470721e+000 1.024088187e+000 
1.067358274e+000 1.018183384e+000 
1.040562614e+000 1.015769096e+000 
1.151584403e+000 1.023802252e+000 
1.147365938e+000 1.023792584e+000 
1.147695295e+000 1.023799619e+000 
1.127577913e+000 1.022653621e+000 
1.021942643e+000 1.013047715e+000 
1.007816312e+000 1.011395153e+000 
1.053055497e+000 1.017075040e+000 
1.213152722e+000 1.025559734e+000 
1.003111055e+000 1.009914927e+000 
1.026176620e+000 1.013157719e+000 
1.038182586e+000 1.014640038e+000 
1.105104262e+000 1.021257971e+000 
1.038898466e+000 1.015566614e+000 
1.075333224e+000 1.018566990e+000 
1.122905286e+000 1.022563915e+000 
1.004881771e+000 1.010038343e+000 
1.009587028e+000 1.011518569e+000 
1.135085465e+000 1.022692537e+000 
1.069022422e+000 1.018385866e+000 
1.104234750e+000 1.021093724e+000 
1.040087099e+000 1.015593624e+000 
1.017816338e+000 1.012966103e+000 
1.009691154e+000 1.011539315e+000 
1.040537917e+000 1.015739252e+000 
1.190591521e+000 1.025314759e+000 
1.002955987e+000 1.008486643e+000 
1.113520608e+000 1.021348121e+000 
1.031378440e+000 1.014452604e+000 
1.066778493e+000 1.018099475e+000 
1.193354440e+000 1.025314911e+000 
1.000000000e+000 1.008413806e+000 
1.127248556e+000 1.022646586e+000 
1.012647141e+000 1.011558566e+000 
1.009002380e+000 1.011485877e+000 
1.065970409e+000 1.017908791e+000 
1.065932141e+000 1.017446384e+000 
1.115344468e+000 1.022111519e+000 
1.007920437e+000 1.011415899e+000 
1.081429694e+000 1.019224861e+000 
1.025592122e+000 1.013127364e+000 
1.021461099e+000 1.013005024e+000 
1.050662198e+000 1.016612035e+000 
1.050332841e+000 1.016605000e+000 
1.016734395e+000 1.012862357e+000 
1.082416062e+000 1.019403267e+000 
1.067028917e+000 1.018176349e+000 
1.027329868e+000 1.014267705e+000 
1.068693065e+000 1.018378831e+000 
1.017920463e+000 1.012986850e+000 
1.138168722e+000 1.022703023e+000 
1.038434886e+000 1.015299056e+000 
1.039227823e+000 1.015573649e+000 
1.051972292e+000 1.016777638e+000 
1.078463292e+000 1.019214735e+000 
1.063955859e+000 1.017428802e+000 
1.064670159e+000 1.017429523e+000 
1.038764243e+000 1.015306091e+000 
1.078792649e+000 1.019221770e+000 
1.081468718e+000 1.019385384e+000 
1.048512866e+000 1.015981267e+000 
1.027000511e+000 1.014260670e+000 
1.115203846e+000 1.022109867e+000 
1.049227167e+000 1.015981988e+000 
1.058051924e+000 1.017263920e+000 
1.071910781e+000 1.018563209e+000 
1.035716542e+000 1.014605253e+000 
1.123704623e+000 1.022574249e+000 
1.040891971e+000 1.015776131e+000 
1.035023201e+000 1.014513450e+000 
1.047516084e+000 1.015942810e+000 
1.057337623e+000 1.017263199e+000 
1.053384854e+000 1.017082075e+000 
1.101950829e+000 1.021093572e+000 
1.060727993e+000 1.017422868e+000 
1.031482566e+000 1.014495249e+000 
1.087548350e+000 1.019867000e+000 
1.042202065e+000 1.015941734e+000 
1.115673826e+000 1.022115928e+000 
1.047928218e+000 1.015972523e+000 
1.117957746e+000 1.022116079e+000 
1.028045034e+000 1.014433308e+000 
1.057008266e+000 1.017256164e+000 
1.118743013e+000 1.022188264e+000 
1.119072370e+000 1.022195299e+000 
1.114874489e+000 1.022105593e+000 
1.096604276e+000 1.020714274e+000 
1.082881280e+000 1.019685155e+000 
1.197574728e+000 1.025315937e+000 
1.199128949e+000 1.025387096e+000 
1.170423874e+000 1.024105769e+000 
1.120883931e+000 1.022275061e+000 
1.037646386e+000 1.014630211e+000 
1.120554574e+000 1.022270787e+000 
1.125988543e+000 1.022574401e+000 
1.197904085e+000 1.025320480e+000 
1.056060923e+000 1.017241023e+000 
1.086834049e+000 1.019866652e+000 
1.086504692e+000 1.019859617e+000 
1.108187519e+000 1.021268457e+000 
1.105574242e+000 1.021263897e+000 
1.143492648e+000 1.023715839e+000 
1.109302143e+000 1.021347677e+000 
1.199458306e+000 1.025394131e+000 
1.105433619e+000 1.021262245e+000 
1.100437192e+000 1.021082889e+000 
1.108972786e+000 1.021340642e+000 
1.146105925e+000 1.023720399e+000 
1.092549951e+000 1.019964666e+000 
1.075863551e+000 1.018737942e+000 
1.105903599e+000 1.021268306e+000 
1.075534194e+000 1.018730907e+000 
1.089466693e+000 1.019954179e+000 
1.100766549e+000 1.021087164e+000 
1.143022668e+000 1.023709913e+000 
1.060013692e+000 1.017422520e+000 
1.082551923e+000 1.019678120e+000 
1.093664575e+000 1.020043886e+000 
1.090266030e+000 1.019964514e+000 
1.089796051e+000 1.019958454e+000 
1.093335217e+000 1.020036851e+000 
1.089936673e+000 1.019960105e+000 
1.143352025e+000 1.023714187e+000 
1.143822005e+000 1.023720248e+000 
1.123234643e+000 1.022568189e+000 
1.070867124e+000 1.018555825e+000 
1.071196481e+000 1.018562861e+000 
1.123375266e+000 1.022569841e+000 
1.101236529e+000 1.021093224e+000 
1.100907172e+000 1.021088815e+000 
1.104635073e+000 1.021172596e+000 
1.121024554e+000 1.022276713e+000 
1.104305716e+000 1.021165561e+000 
1.121353911e+000 1.022281121e+000 

1.068836188e+000 1.000014536e+000 
1.150846975e+000 1.000021993e+000 
1.183708299e+000 1.000024321e+000 
1.180374893e+000 1.000024126e+000 
1.169731503e+000 1.000023194e+000 
1.173064909e+000 1.000023415e+000 
1.169017203e+000 1.000023177e+000 
1.184422599e+000 1.000024364e+000 
1.110656729e+000 1.000018306e+000 
1.006651690e+000 1.000002330e+000 
1.225289147e+000 1.000026461e+000 
1.227753963e+000 1.000026639e+000 
1.195635042e+000 1.000024520e+000 
1.166329642e+000 1.000022606e+000 
1.138505916e+000 1.000020847e+000 
1.194920741e+000 1.000024475e+000 
1.091115750e+000 1.000016719e+000 
1.128717094e+000 1.000020197e+000 
1.139110346e+000 1.000020863e+000 
1.114162009e+000 1.000018878e+000 
1.045930304e+000 1.000011476e+000 
1.176348529e+000 1.000023506e+000 
1.093081430e+000 1.000016828e+000 
1.157337813e+000 1.000022322e+000 
1.154718707e+000 1.000022144e+000 
1.162743546e+000 1.000022475e+000 
1.090511321e+000 1.000016703e+000 
1.158052113e+000 1.000022365e+000 
1.187706219e+000 1.000024455e+000 
1.180484764e+000 1.000024129e+000 
1.125080919e+000 1.000020008e+000 
1.202114585e+000 1.000025491e+000 
1.183103869e+000 1.000024307e+000 
1.183818170e+000 1.000024350e+000 
1.213472275e+000 1.000026439e+000 
1.188509602e+000 1.000024459e+000 
1.042581964e+000 1.000011216e+000 
1.080429145e+000 1.000015631e+000 
1.210360916e+000 1.000025893e+000 
1.076768609e+000 1.000015618e+000 
1.073008737e+000 1.000015486e+000 
1.068345995e+000 1.000014521e+000 
1.070892737e+000 1.000014645e+000 
1.043505608e+000 1.000011240e+000 
1.131762665e+000 1.000020305e+000 
1.087386777e+000 1.000015938e+000 
1.007340464e+000 1.000002413e+000 
1.150242546e+000 1.000021977e+000 
1.151317703e+000 1.000022128e+000 
1.198484469e+000 1.000024536e+000 
1.003540636e+000 1.000000082e+000 
1.013231789e+000 1.000004720e+000 
1.128002793e+000 1.000020154e+000 
1.011461073e+000 1.000004661e+000 
1.143381947e+000 1.000021796e+000 
1.177083759e+000 1.000024112e+000 
1.116062170e+000 1.000018995e+000 
1.127398364e+000 1.000020140e+000 
1.052595936e+000 1.000012462e+000 
1.128112664e+000 1.000020183e+000 
1.162131071e+000 1.000022438e+000 
1.007816312e+000 1.000004575e+000 
1.245581550e+000 1.000027142e+000 
1.018505112e+000 1.000006961e+000 
1.124476489e+000 1.000019993e+000 
1.107261541e+000 1.000018060e+000 
1.085096216e+000 1.000015878e+000 
1.132476966e+000 1.000020349e+000 
1.117615891e+000 1.000019811e+000 
1.124064958e+000 1.000019945e+000 
1.200297025e+000 1.000025466e+000 
1.143986377e+000 1.000021812e+000 
1.243653965e+000 1.000026648e+000 
1.174530969e+000 1.000023481e+000 
1.244368266e+000 1.000026664e+000 
1.118220321e+000 1.000019827e+000 
1.126355030e+000 1.000020086e+000 
1.040097824e+000 1.000010243e+000 
1.014084257e+000 1.000004917e+000 
1.034355836e+000 1.000009280e+000 
1.027329868e+000 1.000008208e+000 
1.101018699e+000 1.000017810e+000 
1.095174062e+000 1.000017668e+000 
1.028045034e+000 1.000009157e+000 
1.104971469e+000 1.000017929e+000 
1.174057672e+000 1.000023475e+000 
1.024084283e+000 1.000007172e+000 
1.027000511e+000 1.000008184e+000 
1.032585119e+000 1.000009221e+000 
1.052330365e+000 1.000011930e+000 
1.016734395e+000 1.000006902e+000 
1.041734892e+000 1.000011181e+000 
1.003695703e+000 1.000002327e+000 
1.105383000e+000 1.000017968e+000 
1.101623129e+000 1.000017826e+000 
1.082719707e+000 1.000015682e+000 
1.094569633e+000 1.000017652e+000 
1.008505086e+000 1.000004654e+000 
1.209099300e+000 1.000025521e+000 
1.109019175e+000 1.000018167e+000 
1.098522402e+000 1.000017786e+000 
1.141433587e+000 1.000021168e+000 
1.064918683e+000 1.000013656e+000 
1.094158101e+000 1.000017629e+000 
1.054364910e+000 1.000012487e+000 
1.039227823e+000 1.000009694e+000 
1.201641288e+000 1.000025484e+000 
1.102897239e+000 1.000017904e+000 
1.175875232e+000 1.000023500e+000 
1.108304875e+000 1.000018123e+000 
1.038898466e+000 1.000009665e+000 
1.055080076e+000 1.000013436e+000 
1.023045196e+000 1.000006973e+000 
1.052001008e+000 1.000011901e+000 
1.067132865e+000 1.000014513e+000 
1.199823728e+000 1.000025460e+000 
1.072404307e+000 1.000015470e+000 
1.166000285e+000 1.000022577e+000 
1.137292786e+000 1.000020838e+000 
1.083217675e+000 1.000015786e+000 
1.170533049e+000 1.000023348e+000 
1.041977534e+000 1.000011199e+000 
1.088693761e+000 1.000016679e+000 
1.063017280e+000 1.000013485e+000 
1.111526730e+000 1.000018853e+000 
1.043641682e+000 1.000011244e+000 
1.076357077e+000 1.000015603e+000 
1.136688356e+000 1.000020823e+000 
1.063104914e+000 1.000013597e+000 
1.089298191e+000 1.000016695e+000 
1.068950425e+000 1.000014537e+000 
1.201036858e+000 1.000025472e+000 
1.041157542e+000 1.000010270e+000 
1.167913944e+000 1.000023170e+000 
1.155918065e+000 1.000022158e+000 
1.142147887e+000 1.000021185e+000 
1.110327372e+000 1.000018277e+000 
1.039493394e+000 1.000010226e+000 
1.169127074e+000 1.000023180e+000 
1.092646530e+000 1.000016812e+000 
1.208494870e+000 1.000025509e+000 
1.167199643e+000 1.000023153e+000 
1.181684122e+000 1.000024143e+000 
1.072298765e+000 1.000014654e+000 
1.066528436e+000 1.000014496e+000 
1.110922300e+000 1.000018838e+000 
1.066262865e+000 1.000013964e+000 
1.065933508e+000 1.000013935e+000 
1.159251471e+000 1.000022379e+000 
1.171247350e+000 1.000023391e+000 
1.166595213e+000 1.000023139e+000 
1.140829157e+000 1.000021154e+000 
1.167309514e+000 1.000023156e+000 
1.173453242e+000 1.000023463e+000 
1.170642920e+000 1.000023377e+000 
1.088016658e+000 1.000016123e+000 
1.087687301e+000 1.000016094e+000 
1.088282229e+000 1.000016656e+000 
1.070481205e+000 1.000014630e+000 
1.112739860e+000 1.000018862e+000 
1.199219299e+000 1.000025448e+000 
1.169928619e+000 1.000023333e+000 
1.141543458e+000 1.000021171e+000 
1.143361017e+000 1.000021195e+000 
1.172460480e+000 1.000023401e+000 
1.176614956e+000 1.000023611e+000 
1.175270802e+000 1.000023487e+000 

1.007340464e+000 1.020422187e+000 
1.042202065e+000 1.032304867e+000 
1.003695703e+000 1.020335951e+000 
1.095282644e+000 1.042112600e+000 
1.186658243e+000 1.050588991e+000 
1.194088439e+000 1.051311006e+000 
1.022356422e+000 1.026392701e+000 
1.188748148e+000 1.050593388e+000 
1.176689511e+000 1.049336947e+000 
1.044468579e+000 1.032313979e+000 
1.007816312e+000 1.023279234e+000 
1.011461073e+000 1.023365470e+000 
1.008505086e+000 1.023352581e+000 
1.077729075e+000 1.038043506e+000 
1.023881374e+000 1.026649137e+000 
1.015270325e+000 1.023656828e+000 
1.017920463e+000 1.026301001e+000 
1.004809382e+000 1.020351801e+000 
1.206117764e+000 1.051840595e+000 
1.165449834e+000 1.048930868e+000 
1.161124728e+000 1.048908603e+000 
1.167539739e+000 1.049242685e+000 
1.033771187e+000 1.029483193e+000 
1.007920437e+000 1.023295084e+000 
1.068462287e+000 1.037898998e+000 
1.111167668e+000 1.043331851e+000 
1.204315576e+000 1.051325448e+000 
1.175684912e+000 1.049310775e+000 
1.138222748e+000 1.046299504e+000 
1.183875888e+000 1.049951918e+000 
1.037443477e+000 1.029652224e+000 
1.022460548e+000 1.026477277e+000 
1.191185758e+000 1.051301525e+000 
1.141678955e+000 1.046310692e+000 
1.013161894e+000 1.023556436e+000 
1.196599558e+000 1.051316548e+000 
1.013881348e+000 1.023643221e+000 
1.155931629e+000 1.048506874e+000 
1.027329868e+000 1.028139758e+000 
1.021461099e+000 1.026371387e+000 
1.059917448e+000 1.035254825e+000 
1.079430281e+000 1.038974916e+000 
1.149516618e+000 1.048182903e+000 
1.023161920e+000 1.026562352e+000 
1.142175517e+000 1.046596328e+000 
1.014084257e+000 1.023651692e+000 
1.181785983e+000 1.049946376e+000 
1.050195433e+000 1.033451664e+000 
1.048512866e+000 1.032429235e+000 
1.119609761e+000 1.045095764e+000 
1.094953287e+000 1.042084653e+000 
1.028045034e+000 1.029301781e+000 
1.065786218e+000 1.036824255e+000 
1.016734395e+000 1.026295865e+000 
1.037968121e+000 1.030775930e+000 
1.038297478e+000 1.030805306e+000 
1.039012644e+000 1.031964641e+000 
1.040446399e+000 1.032234632e+000 
1.078325884e+000 1.038740009e+000 
1.079990032e+000 1.039186358e+000 
1.065456861e+000 1.036796308e+000 
1.079660675e+000 1.039158769e+000 
1.027702005e+000 1.028958725e+000 
1.135418542e+000 1.046197668e+000 
1.064352463e+000 1.036544371e+000 
1.077996527e+000 1.038710632e+000 
1.054603430e+000 1.035252640e+000 
1.027000511e+000 1.028110234e+000 
1.044490687e+000 1.032415248e+000 
1.064023106e+000 1.036516782e+000 
1.052939281e+000 1.034880989e+000 
1.053169675e+000 1.034966628e+000 
1.051299830e+000 1.033686571e+000 
1.051505527e+000 1.034610999e+000 
1.032585119e+000 1.029409331e+000 
1.049866075e+000 1.033422288e+000 
1.090018304e+000 1.040589432e+000 
1.153358306e+000 1.048376028e+000 
1.146943294e+000 1.048049992e+000 
1.037646386e+000 1.029660695e+000 
1.144980697e+000 1.046685362e+000 
1.153028948e+000 1.048352492e+000 
1.146613937e+000 1.048026700e+000 
1.135760506e+000 1.046262245e+000 
1.178883303e+000 1.049936895e+000 
1.124947138e+000 1.045976023e+000 
1.123897036e+000 1.045221359e+000 
1.131807736e+000 1.046188444e+000 
1.117036438e+000 1.044992336e+000 
1.036485648e+000 1.029590459e+000 
1.024084283e+000 1.026657609e+000 
1.123567679e+000 1.045195785e+000 
1.144651339e+000 1.046662070e+000 
1.097855968e+000 1.042199844e+000 
1.099235414e+000 1.042345979e+000 
1.093848890e+000 1.041832716e+000 
1.112714247e+000 1.043542086e+000 
1.060013692e+000 1.035361815e+000 
1.116707080e+000 1.044966171e+000 
1.084099856e+000 1.040540985e+000 
1.081001953e+000 1.039899344e+000 
1.100467125e+000 1.042901330e+000 
1.089413875e+000 1.040543170e+000 
1.082435707e+000 1.040169334e+000 
1.067028532e+000 1.037612985e+000 
1.093519532e+000 1.041805126e+000 
1.101900879e+000 1.043187342e+000 
1.082666101e+000 1.040254973e+000 
1.090216080e+000 1.040687678e+000 
1.098906056e+000 1.042319813e+000 
1.105853649e+000 1.043329666e+000 
1.111772098e+000 1.043378113e+000 
1.116325053e+000 1.043551310e+000 
1.072415056e+000 1.038041321e+000 

1.009691154e+000 1.916677579e+000 
1.061370946e+000 1.959028813e+000 
1.184633661e+000 1.999139888e+000 
1.118700779e+000 1.981799271e+000 
1.166805453e+000 1.993932286e+000 
1.046706563e+000 1.948295382e+000 
1.003644761e+000 1.896589889e+000 
1.167874558e+000 1.997102460e+000 
1.204198892e+000 2.000000000e+000 
1.079476360e+000 1.966512667e+000 
1.047003067e+000 1.952923773e+000 
1.105574242e+000 1.976695302e+000 
1.030438043e+000 1.936437636e+000 
1.056136077e+000 1.955118442e+000 
1.000000000e+000 1.891102946e+000 
1.168678661e+000 1.997139787e+000 
1.003695703e+000 1.900920319e+000 
1.105433619e+000 1.976688704e+000 
1.051102015e+000 1.953878347e+000 
1.105903599e+000 1.976732628e+000 
1.168819283e+000 1.997146384e+000 
1.068690176e+000 1.963422274e+000 
1.002955987e+000 1.892931251e+000 
1.143128690e+000 1.992117600e+000 
1.125691624e+000 1.985010956e+000 
1.007920437e+000 1.914987484e+000 
1.007816312e+000 1.911033269e+000 
1.095980933e+000 1.973974527e+000 
1.031352048e+000 1.937080278e+000 
1.014256765e+000 1.919549180e+000 
1.095651576e+000 1.973937201e+000 
1.172217827e+000 1.998185313e+000 
1.127685698e+000 1.986049886e+000 
1.105104262e+000 1.976651378e+000 
1.125551001e+000 1.985004359e+000 
1.126020981e+000 1.985048283e+000 
1.120554574e+000 1.982938809e+000 
1.139260166e+000 1.991034746e+000 
1.075863551e+000 1.965658873e+000 
1.075534194e+000 1.965621546e+000 
1.017901526e+000 1.924243826e+000 
1.167563041e+000 1.995817543e+000 
1.037792502e+000 1.944665083e+000 
1.119472141e+000 1.982756418e+000 
1.003799829e+000 1.904874534e+000 
1.147676512e+000 1.992185724e+000 
1.031022691e+000 1.937042951e+000 
1.167233684e+000 1.995780217e+000 
1.057337623e+000 1.956720866e+000 
1.057008266e+000 1.956683540e+000 
1.143458047e+000 1.992154926e+000 
1.109489128e+000 1.977992681e+000 
1.172547185e+000 1.998222640e+000 
1.119942121e+000 1.982800342e+000 
1.169148640e+000 1.997183711e+000 
1.094169596e+000 1.972863552e+000 
1.093514882e+000 1.972580381e+000 
1.120989953e+000 1.984058989e+000 
1.089572715e+000 1.971689260e+000 
1.116167290e+000 1.981602673e+000 
1.112119102e+000 1.980142444e+000 
1.006755816e+000 1.906702839e+000 
1.032067214e+000 1.937997526e+000 
1.137300349e+000 1.988475787e+000 
1.042202065e+000 1.946293542e+000 
1.030296498e+000 1.936307431e+000 
1.119142784e+000 1.982719091e+000 
1.137770329e+000 1.988519711e+000 
1.089902072e+000 1.971726586e+000 
1.045594678e+000 1.947810634e+000 
1.136970992e+000 1.988438460e+000 
1.128015055e+000 1.986087212e+000 
1.140059503e+000 1.991115997e+000 
1.033770322e+000 1.941597335e+000 
1.194219210e+000 1.999170686e+000 
1.112554481e+000 1.981262624e+000 
1.036736951e+000 1.943892236e+000 
1.139589523e+000 1.991072073e+000 
1.038507668e+000 1.945582331e+000 
1.017920463e+000 1.924973595e+000 
1.176765650e+000 1.998253438e+000 
1.047332425e+000 1.952961100e+000 
1.067208196e+000 1.961155467e+000 
1.112225124e+000 1.981225297e+000 
1.046873415e+000 1.948387523e+000 
1.057722567e+000 1.956824248e+000 
1.116496648e+000 1.981640000e+000 
1.124932120e+000 1.984060395e+000 
1.167703663e+000 1.995824141e+000 
1.058051924e+000 1.956861574e+000 
1.109690097e+000 1.980004914e+000 
1.131957221e+000 1.986088619e+000 
1.109584076e+000 1.978922061e+000 
1.119612763e+000 1.982763016e+000 
1.139730145e+000 1.991078670e+000 
1.093844239e+000 1.972617707e+000 
1.125221644e+000 1.984967032e+000 
1.029251975e+000 1.935352856e+000 
1.090984506e+000 1.971908977e+000 
1.031482566e+000 1.937392211e+000 
1.137440971e+000 1.988482384e+000 
1.018505112e+000 1.925578910e+000 
1.021942643e+000 1.929096194e+000 
1.037463144e+000 1.944627756e+000 
1.016734395e+000 1.923888815e+000 
1.024945565e+000 1.934218567e+000 
1.041463655e+000 1.945593702e+000 
1.030153016e+000 1.935607591e+000 
1.043034824e+000 1.946791737e+000 
1.041990301e+000 1.945837162e+000 
1.082549034e+000 1.969112612e+000 
1.035692428e+000 1.942937662e+000 
1.036021785e+000 1.942974988e+000 
1.011942617e+000 1.917293150e+000 
1.034485488e+000 1.942514583e+000 
1.059495950e+000 1.957700253e+000 
1.118371422e+000 1.981761944e+000 
1.033440965e+000 1.941560009e+000 
1.014945539e+000 1.922415522e+000 
1.134633290e+000 1.987004460e+000 
1.132233520e+000 1.986118010e+000 
1.150551028e+000 1.993072174e+000 
1.030767400e+000 1.936474963e+000 
1.029581332e+000 1.935390183e+000 
1.091164170e+000 1.971910383e+000 
1.023174848e+000 1.932528472e+000 
1.020171927e+000 1.927406100e+000 
1.045338919e+000 1.947627723e+000 
1.051530224e+000 1.954133179e+000 
1.061041589e+000 1.958991487e+000 
1.100724298e+000 1.975534959e+000 
1.154769493e+000 1.993102972e+000 
1.059825307e+000 1.957737579e+000 
1.077125648e+000 1.965842670e+000 
1.064023106e+000 1.960200893e+000 
1.082728698e+000 1.969489988e+000 
1.091313863e+000 1.971946304e+000 
1.051859581e+000 1.954170505e+000 
1.101053656e+000 1.975572286e+000 
1.064352463e+000 1.960238219e+000 
1.091493527e+000 1.971947710e+000 
1.069019534e+000 1.963459601e+000 
1.077455005e+000 1.965879996e+000 
1.083058055e+000 1.969527315e+000 
1.053169675e+000 1.955087753e+000 
1.110019455e+000 1.980042241e+000 
1.074941187e+000 1.964318306e+000 
1.098186602e+000 1.975157583e+000 
1.080131074e+000 1.966795838e+000 
1.074611830e+000 1.964280980e+000 
1.106951432e+000 1.977991275e+000 
1.106622074e+000 1.977953949e+000 
1.098515960e+000 1.975194910e+000 
1.103729724e+000 1.976112158e+000 
1.071695602e+000 1.963999473e+000 
1.142343423e+000 1.991117112e+000 
1.060861925e+000 1.957756377e+000 
1.067028532e+000 1.960778091e+000 
1.163112337e+000 1.993617185e+000 
1.120660596e+000 1.984021662e+000 
1.088979709e+000 1.970386020e+000 
1.125208418e+000 1.984089787e+000 
1.088650352e+000 1.970348693e+000 
1.085734124e+000 1.970067186e+000 

1.185498539e+000 1.151961500e+000 
1.003799829e+000 1.071184987e+000 
1.182493113e+000 1.151870352e+000 
1.109392497e+000 1.130351366e+000 
1.173561705e+000 1.150640619e+000 
1.143357943e+000 1.141695429e+000 
1.171972335e+000 1.149210540e+000 
1.125800162e+000 1.136764271e+000 
1.129887717e+000 1.137944726e+000 
1.125470804e+000 1.136714993e+000 
1.144472567e+000 1.143125508e+000 
1.060935567e+000 1.113928019e+000 
1.127668267e+000 1.137940250e+000 
1.007816312e+000 1.077719562e+000 
1.167686912e+000 1.146850372e+000 
1.014256765e+000 1.084789506e+000 
1.140161697e+000 1.139237909e+000 
1.151894905e+000 1.144446389e+000 
1.169547792e+000 1.149201137e+000 
1.036736951e+000 1.102171060e+000 
1.077008515e+000 1.120543452e+000 
1.160826314e+000 1.145676121e+000 
1.133301099e+000 1.138063658e+000 
1.047003067e+000 1.109075919e+000 
1.080778106e+000 1.121815055e+000 
1.080687627e+000 1.121799197e+000 
1.030296498e+000 1.095263087e+000 
1.144801924e+000 1.143174787e+000 
1.173891062e+000 1.150689897e+000 
1.114387888e+000 1.133441236e+000 
1.113738244e+000 1.131708595e+000 
1.148889479e+000 1.144355241e+000 
1.199344201e+000 1.153191232e+000 
1.111547305e+000 1.131127212e+000 
1.016734395e+000 1.086517943e+000 
1.007920437e+000 1.079448458e+000 
1.023174848e+000 1.093601106e+000 
1.140604043e+000 1.141636748e+000 
1.020171927e+000 1.088193602e+000 
1.110454559e+000 1.130425139e+000 
1.075015009e+000 1.119513105e+000 
1.113844266e+000 1.133197356e+000 
1.156079435e+000 1.145578769e+000 
1.014945539e+000 1.085337635e+000 
1.088992376e+000 1.124661045e+000 
1.044661562e+000 1.103488827e+000 
1.111033975e+000 1.130459229e+000 
1.149218836e+000 1.144404519e+000 
1.191800135e+000 1.152004325e+000 
1.140394080e+000 1.139335261e+000 
1.169218435e+000 1.149151859e+000 
1.090538015e+000 1.126407649e+000 
1.045204987e+000 1.103622930e+000 
1.134083278e+000 1.138739675e+000 
1.097592448e+000 1.128199174e+000 
1.126660940e+000 1.137418794e+000 
1.139832340e+000 1.139188631e+000 
1.132971741e+000 1.138014380e+000 
1.071101448e+000 1.116853774e+000 
1.155750078e+000 1.145529491e+000 
1.076679158e+000 1.120494174e+000 
1.097921805e+000 1.128248452e+000 
1.104540040e+000 1.129520054e+000 
1.089501397e+000 1.126385733e+000 
1.120575286e+000 1.136668648e+000 
1.114717245e+000 1.133490514e+000 
1.090611657e+000 1.126594299e+000 
1.072090446e+000 1.117262142e+000 
1.071761088e+000 1.117212864e+000 
1.077266473e+000 1.120567948e+000 
1.041463655e+000 1.102812034e+000 
1.081365421e+000 1.121888829e+000 
1.091410994e+000 1.126700808e+000 
1.089172040e+000 1.126336455e+000 
1.111217948e+000 1.131077934e+000 
1.116706762e+000 1.135179887e+000 
1.090941015e+000 1.126643577e+000 
1.043883930e+000 1.103232436e+000 
1.074908988e+000 1.118024345e+000 
1.086807336e+000 1.123953090e+000 
1.126990297e+000 1.137468072e+000 
1.104802937e+000 1.130278510e+000 
1.114247265e+000 1.133433283e+000 
1.120245929e+000 1.136619370e+000 
1.105132294e+000 1.130327788e+000 
1.113917908e+000 1.133384005e+000 
1.116303762e+000 1.134943960e+000 
1.111750529e+000 1.131599390e+000 
1.076573136e+000 1.120253438e+000 
1.117176742e+000 1.135237118e+000 
1.116377405e+000 1.135130609e+000 
1.116847384e+000 1.135187840e+000 
1.016027482e+000 1.085422759e+000 
1.087136694e+000 1.124002368e+000 
1.098579130e+000 1.129403939e+000 
1.083136137e+000 1.123063079e+000 
1.091631537e+000 1.128083059e+000 
1.031482566e+000 1.096419342e+000 
1.091081637e+000 1.126651530e+000 
1.057020464e+000 1.110564652e+000 
1.091960894e+000 1.128132337e+000 
1.061041589e+000 1.115416780e+000 
1.050188158e+000 1.109148775e+000 
1.061370946e+000 1.115466058e+000 
1.065140537e+000 1.116737660e+000 
1.021942643e+000 1.088826856e+000 
1.028045034e+000 1.094743683e+000 
1.075133519e+000 1.119995595e+000 
1.009691154e+000 1.080081712e+000 
1.073798728e+000 1.117815779e+000 
1.027901552e+000 1.094242080e+000 
1.056416034e+000 1.110404520e+000 
1.060861925e+000 1.113741370e+000 
1.076499493e+000 1.120066789e+000 
1.045668276e+000 1.106896104e+000 
1.045338919e+000 1.106846826e+000 
1.089066019e+000 1.124847694e+000 
1.077593015e+000 1.121742199e+000 
1.058604517e+000 1.112832077e+000 
1.077922373e+000 1.121791477e+000 
1.073469370e+000 1.117766501e+000 
1.034485488e+000 1.101826846e+000 
1.058933874e+000 1.112881355e+000 
1.075462876e+000 1.120044873e+000 
1.038507668e+000 1.102804313e+000 
1.024945565e+000 1.094234359e+000 
1.051102015e+000 1.110396800e+000 
1.033770322e+000 1.100555243e+000 
1.017920463e+000 1.087674198e+000 
1.072768815e+000 1.117612230e+000 
1.033440965e+000 1.100505965e+000 
1.059495950e+000 1.113670175e+000 
1.059825307e+000 1.113719453e+000 
1.073098172e+000 1.117661508e+000 
1.047332425e+000 1.109125197e+000 

1.187548919e+000 1.011325268e+000 
1.182493113e+000 1.011280326e+000 
1.056416034e+000 1.007727791e+000 
1.182822470e+000 1.011286542e+000 
1.199344201e+000 1.011455208e+000 
1.141530597e+000 1.010250306e+000 
1.196698692e+000 1.011329620e+000 
1.160826314e+000 1.010808577e+000 
1.014945539e+000 1.005729166e+000 
1.171419071e+000 1.010963281e+000 
1.167686912e+000 1.010868405e+000 
1.146203224e+000 1.010452387e+000 
1.004881771e+000 1.004550566e+000 
1.171089714e+000 1.010957065e+000 
1.174105327e+000 1.011091580e+000 
1.142000576e+000 1.010257426e+000 
1.170619735e+000 1.010949945e+000 
1.118590535e+000 1.009796810e+000 
1.155750078e+000 1.010693523e+000 
1.000000000e+000 1.003869194e+000 
1.107728349e+000 1.009489581e+000 
1.143124403e+000 1.010263632e+000 
1.073798728e+000 1.008462185e+000 
1.089172040e+000 1.009123295e+000 
1.073469370e+000 1.008455969e+000 
1.173635347e+000 1.011084460e+000 
1.089501397e+000 1.009129511e+000 
1.148889479e+000 1.010633694e+000 
1.116847384e+000 1.009790430e+000 
1.003111055e+000 1.004534835e+000 
1.175612085e+000 1.011150386e+000 
1.144546209e+000 1.010437829e+000 
1.120245929e+000 1.009979176e+000 
1.145016189e+000 1.010444948e+000 
1.126660940e+000 1.010030120e+000 
1.016027482e+000 1.005743205e+000 
1.076679158e+000 1.008662558e+000 
1.003799829e+000 1.004536527e+000 
1.021942643e+000 1.005885232e+000 
1.024945565e+000 1.006410538e+000 
1.173964704e+000 1.011090676e+000 
1.174434684e+000 1.011097796e+000 
1.028045034e+000 1.006459766e+000 
1.009691154e+000 1.005217899e+000 
1.007816312e+000 1.005127256e+000 
1.172542897e+000 1.010967855e+000 
1.065075436e+000 1.008232630e+000 
1.016734395e+000 1.005794589e+000 
1.060976488e+000 1.008057748e+000 
1.175941442e+000 1.011156601e+000 
1.044661562e+000 1.007127099e+000 
1.143453760e+000 1.010269848e+000 
1.145345546e+000 1.010451164e+000 
1.038507668e+000 1.007077864e+000 
1.051102015e+000 1.007727311e+000 
1.134083278e+000 1.010205002e+000 
1.087305862e+000 1.008900437e+000 
1.027901552e+000 1.006411019e+000 
1.043883930e+000 1.007124642e+000 
1.116706762e+000 1.009789526e+000 
1.126990297e+000 1.010036335e+000 
1.017920463e+000 1.005867345e+000 
1.007920437e+000 1.005202168e+000 
1.156079435e+000 1.010699738e+000 
1.149218836e+000 1.010639910e+000 
1.116377405e+000 1.009783310e+000 
1.144875567e+000 1.010444044e+000 
1.146852304e+000 1.010458594e+000 
1.142983780e+000 1.010262728e+000 
1.109979813e+000 1.009507427e+000 
1.140394080e+000 1.010221774e+000 
1.075015009e+000 1.008644551e+000 
1.117176742e+000 1.009796646e+000 
1.111750529e+000 1.009567255e+000 
1.120575286e+000 1.009985392e+000 
1.079113957e+000 1.008819433e+000 
1.080778106e+000 1.008837440e+000 
1.109392497e+000 1.009504739e+000 
1.077008515e+000 1.008668773e+000 
1.127668267e+000 1.010154059e+000 
1.031482566e+000 1.006534678e+000 
1.014256765e+000 1.005727475e+000 
1.075344367e+000 1.008650767e+000 
1.034188983e+000 1.006931480e+000 
1.048524009e+000 1.007646788e+000 
1.046086938e+000 1.007518284e+000 
1.058933874e+000 1.008016943e+000 
1.020171927e+000 1.005869501e+000 
1.041463655e+000 1.007078345e+000 
1.045042414e+000 1.007343401e+000 
1.058604517e+000 1.008010727e+000 
1.061041589e+000 1.008139232e+000 
1.061789608e+000 1.008185610e+000 
1.047751086e+000 1.007598806e+000 
1.036736951e+000 1.007062134e+000 
1.023174848e+000 1.006394808e+000 
1.061370946e+000 1.008145447e+000 
1.091960894e+000 1.009318093e+000 
1.077593015e+000 1.008725074e+000 
1.065140537e+000 1.008314114e+000 
1.091631537e+000 1.009311877e+000 
1.081365421e+000 1.008840128e+000 
1.077922373e+000 1.008731289e+000 
1.050188158e+000 1.007664795e+000 
1.098579130e+000 1.009486759e+000 
1.083136137e+000 1.008899956e+000 
1.047332425e+000 1.007558644e+000 
1.047003067e+000 1.007552428e+000 
1.045668276e+000 1.007478121e+000 
1.045338919e+000 1.007471906e+000 
1.033770322e+000 1.006891318e+000 
1.033440965e+000 1.006885102e+000 
1.034485488e+000 1.007059985e+000 
1.057020464e+000 1.007737972e+000 

1.160865106e+000 1.907723513e+000 
1.107108180e+000 1.891567365e+000 
1.119186829e+000 1.897413646e+000 
1.233382713e+000 1.920018575e+000 
1.195432723e+000 1.914717917e+000 
1.067294572e+000 1.876225774e+000 
1.034606992e+000 1.857458815e+000 
1.188946963e+000 1.913107369e+000 
1.187035282e+000 1.913009142e+000 
1.181584794e+000 1.912709177e+000 
1.003111055e+000 1.821011630e+000 
1.025753206e+000 1.847870276e+000 
1.079384076e+000 1.880903126e+000 
1.059850026e+000 1.871229766e+000 
1.072783470e+000 1.878490889e+000 
1.087593244e+000 1.883934179e+000 
1.022104608e+000 1.847264138e+000 
1.053815321e+000 1.868856673e+000 
1.219199699e+000 1.919091202e+000 
1.199156076e+000 1.915154087e+000 
1.012191103e+000 1.835372493e+000 
1.003695703e+000 1.823749284e+000 
1.042836301e+000 1.862576408e+000 
1.115522765e+000 1.895998661e+000 
1.105371528e+000 1.891071063e+000 
1.255873833e+000 1.920829435e+000 
1.030333917e+000 1.852655723e+000 
1.011838492e+000 1.834475538e+000 
1.013236356e+000 1.837156024e+000 
1.007345031e+000 1.827604194e+000 
1.192404018e+000 1.913442668e+000 
1.012154414e+000 1.835225648e+000 
1.135448803e+000 1.901463007e+000 
1.021792455e+000 1.846640180e+000 
1.044237130e+000 1.863510456e+000 
1.184117878e+000 1.912747710e+000 
1.201239206e+000 1.916548228e+000 
1.027683780e+000 1.851202465e+000 
1.194227012e+000 1.914637935e+000 
1.079420596e+000 1.881090963e+000 
1.145458546e+000 1.904114877e+000 
1.042017337e+000 1.861293215e+000 
1.062505651e+000 1.872549662e+000 
1.069170256e+000 1.876359413e+000 
1.056883624e+000 1.871213901e+000 
1.216659183e+000 1.919049657e+000 
1.157805472e+000 1.906854906e+000 
1.165575928e+000 1.910191883e+000 
1.060998506e+000 1.872433889e+000 
1.041694002e+000 1.861203160e+000 
1.018082428e+000 1.844924324e+000 
1.031644531e+000 1.857422106e+000 
1.025753936e+000 1.850614533e+000 
1.040186164e+000 1.861184571e+000 
1.203076920e+000 1.916615906e+000 
1.024671993e+000 1.847596764e+000 
1.010782714e+000 1.834203221e+000 
1.028311125e+000 1.852222359e+000 
1.061765229e+000 1.872483910e+000 
1.159386405e+000 1.906875750e+000 
1.035982633e+000 1.858920123e+000 
1.017000485e+000 1.840899000e+000 
1.139112867e+000 1.902877992e+000 
1.056470947e+000 1.870332422e+000 
1.030584812e+000 1.854845009e+000 
1.038256320e+000 1.860535218e+000 
1.170238693e+000 1.910607164e+000 
1.150121311e+000 1.904530157e+000 
1.044741843e+000 1.864930555e+000 
1.015166200e+000 1.838704683e+000 
1.020333891e+000 1.846098747e+000 
1.192143882e+000 1.913243795e+000 
1.007816312e+000 1.833600965e+000 
1.050848919e+000 1.868840808e+000 
1.015487820e+000 1.839291174e+000 
1.016946383e+000 1.839832606e+000 
1.161469536e+000 1.908269891e+000 
1.049477219e+000 1.867358657e+000 
1.147434047e+000 1.904487905e+000 
1.009274875e+000 1.834142397e+000 
1.139304211e+000 1.903490653e+000 
1.230968344e+000 1.919977029e+000 
1.198891931e+000 1.914747337e+000 
1.205904125e+000 1.916657629e+000 
1.055660037e+000 1.869708281e+000 
1.072819990e+000 1.878678725e+000 
1.207795912e+000 1.917546115e+000 
1.207987256e+000 1.918158776e+000 
1.056719756e+000 1.870966576e+000 
1.075316553e+000 1.879996381e+000 
1.200783718e+000 1.915635822e+000 
1.135640147e+000 1.902075668e+000 
1.092476506e+000 1.887767944e+000 
1.185630587e+000 1.912972650e+000 
1.123704752e+000 1.897494708e+000 
1.151752961e+000 1.905112763e+000 
1.199152067e+000 1.915053216e+000 
1.118995484e+000 1.896800985e+000 
1.206164262e+000 1.916963508e+000 
1.151944305e+000 1.905725424e+000 
1.086085406e+000 1.883915590e+000 
1.099077112e+000 1.890180182e+000 
1.098362812e+000 1.890101892e+000 
1.127316665e+000 1.898410898e+000 
1.110044722e+000 1.892564617e+000 
1.095426270e+000 1.889104640e+000 
1.169978557e+000 1.910301285e+000 
1.096140570e+000 1.889182929e+000 
1.122990452e+000 1.897416419e+000 
1.171870343e+000 1.911189770e+000 
1.172061687e+000 1.911802431e+000 
1.145598626e+000 1.904381534e+000 
1.125481244e+000 1.898304527e+000 
1.097241691e+000 1.890073810e+000 
1.091762206e+000 1.887689655e+000 
1.076232079e+000 1.880821092e+000 
1.200975062e+000 1.916248483e+000 
1.178618392e+000 1.912693312e+000 
1.085371105e+000 1.883837301e+000 
1.067334834e+000 1.876253042e+000 
1.073481132e+000 1.879890009e+000 
1.096527391e+000 1.889995521e+000 
1.108209301e+000 1.892458246e+000 
1.079896143e+000 1.882236077e+000 
1.066620534e+000 1.876142743e+000 
1.046510817e+000 1.867342792e+000 
1.167413641e+000 1.910259562e+000 
1.082832686e+000 1.883233330e+000 
1.115331420e+000 1.895386000e+000 
1.063670770e+000 1.874838057e+000 
1.069817068e+000 1.878475024e+000 
1.069557076e+000 1.877139995e+000 
1.062956470e+000 1.874727758e+000 
1.076417674e+000 1.880887261e+000 
1.190724438e+000 1.913190249e+000 
1.104545237e+000 1.891043261e+000 
1.082421342e+000 1.882500605e+000 
1.092863326e+000 1.888580536e+000 
1.093577627e+000 1.888658825e+000 
1.089021948e+000 1.884912842e+000 
1.133557016e+000 1.900574521e+000 
1.089679075e+000 1.886188509e+000 
1.090393376e+000 1.886266798e+000 
1.113439634e+000 1.894497514e+000 
1.112147169e+000 1.892993972e+000 
1.088307647e+000 1.884834553e+000 
1.163492797e+000 1.908797743e+000 
1.132264551e+000 1.899070979e+000 
1.081707041e+000 1.882422316e+000 
1.091570861e+000 1.887076994e+000 

1.006651690e+000 1.010023731e+000 
1.007816312e+000 1.011469401e+000 
1.002955987e+000 1.008543583e+000 
1.022356422e+000 1.013004827e+000 
1.017920463e+000 1.012959718e+000 
1.153358306e+000 1.023849701e+000 
1.206117764e+000 1.025559734e+000 
1.146943294e+000 1.023689295e+000 
1.123897036e+000 1.022293666e+000 
1.117036438e+000 1.022180799e+000 
1.021461099e+000 1.012994196e+000 
1.013881348e+000 1.011648272e+000 
1.089413875e+000 1.019986029e+000 
1.144825608e+000 1.022993972e+000 
1.007920437e+000 1.011477069e+000 
1.037443477e+000 1.014612179e+000 
1.013231789e+000 1.011547449e+000 
1.007765370e+000 1.010031398e+000 
1.042202065e+000 1.015921123e+000 
1.190019314e+000 1.025298208e+000 
1.116211216e+000 1.021470915e+000 
1.111167668e+000 1.021361662e+000 
1.032585119e+000 1.014492643e+000 
1.077729075e+000 1.018751926e+000 
1.027329868e+000 1.013866098e+000 
1.050195433e+000 1.016487386e+000 
1.149516618e+000 1.023754917e+000 
1.059917448e+000 1.017376293e+000 
1.038297478e+000 1.015181442e+000 
1.078325884e+000 1.019097122e+000 
1.192109219e+000 1.025300944e+000 
1.142175517e+000 1.022971710e+000 
1.079990032e+000 1.019316678e+000 
1.155931629e+000 1.023914303e+000 
1.167539739e+000 1.024277654e+000 
1.065786218e+000 1.018150479e+000 
1.064352463e+000 1.018012887e+000 
1.153028948e+000 1.023838081e+000 
1.165449834e+000 1.024124208e+000 
1.161124728e+000 1.024113276e+000 
1.033771187e+000 1.014528807e+000 
1.022460548e+000 1.013046158e+000 
1.187116634e+000 1.025293526e+000 
1.112714247e+000 1.021465257e+000 
1.123567679e+000 1.022281041e+000 
1.023881374e+000 1.013130921e+000 
1.141922928e+000 1.022916850e+000 
1.131807736e+000 1.022771201e+000 
1.051299830e+000 1.016602910e+000 
1.027702005e+000 1.014271234e+000 
1.079660675e+000 1.019303058e+000 
1.119609761e+000 1.022231861e+000 
1.047928218e+000 1.015975624e+000 
1.065456861e+000 1.018136683e+000 
1.016734395e+000 1.012957216e+000 
1.051505527e+000 1.017059827e+000 
1.048512866e+000 1.015982055e+000 
1.084099856e+000 1.019984952e+000 
1.079430281e+000 1.019212645e+000 
1.037968121e+000 1.015166941e+000 
1.044490687e+000 1.015975292e+000 
1.039012644e+000 1.015753883e+000 
1.027000511e+000 1.013851524e+000 
1.040446399e+000 1.015886725e+000 
1.028045034e+000 1.014439866e+000 
1.011461073e+000 1.011511546e+000 
1.032067214e+000 1.014474377e+000 
1.077996527e+000 1.019082620e+000 
1.064023106e+000 1.017999267e+000 
1.049866075e+000 1.016472885e+000 
1.116707080e+000 1.022167882e+000 
1.036485648e+000 1.014581857e+000 
1.097855968e+000 1.020803284e+000 
1.054603430e+000 1.017375217e+000 
1.082435707e+000 1.019802404e+000 
1.053169675e+000 1.017234600e+000 
1.044468579e+000 1.015925486e+000 
1.095282644e+000 1.020760214e+000 
1.052939281e+000 1.017192669e+000 
1.020756575e+000 1.012986565e+000 
1.094953287e+000 1.020746418e+000 
1.099235414e+000 1.020874855e+000 
1.068462287e+000 1.018681161e+000 
1.138222748e+000 1.022825629e+000 
1.101900879e+000 1.021290896e+000 
1.090216080e+000 1.020056794e+000 
1.146613937e+000 1.023677796e+000 
1.098906056e+000 1.020861938e+000 
1.124947138e+000 1.022666529e+000 
1.105853649e+000 1.021360586e+000 
1.072415056e+000 1.018750850e+000 
1.204068808e+000 1.025305339e+000 
1.135760506e+000 1.022807332e+000 
1.014084257e+000 1.011652349e+000 
1.024084283e+000 1.013134998e+000 
1.146248034e+000 1.023019592e+000 
1.179057572e+000 1.024565194e+000 
1.037646386e+000 1.014616256e+000 
1.176154891e+000 1.024560512e+000 
1.100467125e+000 1.021150279e+000 
1.135418542e+000 1.022775696e+000 
1.093519532e+000 1.020609002e+000 
1.081001953e+000 1.019669562e+000 
1.060013692e+000 1.017428802e+000 
1.093848890e+000 1.020622622e+000 
1.067028532e+000 1.018540544e+000 
1.082666101e+000 1.019844335e+000 

1.170957815e+000 1.668365317e+000 
1.079476360e+000 1.640939432e+000 
1.036021785e+000 1.620004039e+000 
1.172217827e+000 1.669455608e+000 
1.093514882e+000 1.646413042e+000 
1.003644761e+000 1.578835254e+000 
1.168344537e+000 1.668323574e+000 
1.143128690e+000 1.663981998e+000 
1.047003067e+000 1.628874635e+000 
1.119142784e+000 1.655345754e+000 
1.030153016e+000 1.613575708e+000 
1.200409087e+000 1.671282434e+000 
1.116167290e+000 1.654587171e+000 
1.163112337e+000 1.665506873e+000 
1.181478593e+000 1.669497431e+000 
1.034485488e+000 1.619815019e+000 
1.045594678e+000 1.624441501e+000 
1.007340464e+000 1.586755713e+000 
1.131957221e+000 1.658550211e+000 
1.003799829e+000 1.586263521e+000 
1.105433619e+000 1.649912684e+000 
1.154769493e+000 1.665050570e+000 
1.184154662e+000 1.670496084e+000 
1.134633290e+000 1.659548863e+000 
1.011942617e+000 1.597266743e+000 
1.051102015e+000 1.629915111e+000 
1.079805717e+000 1.640979971e+000 
1.075534194e+000 1.640124793e+000 
1.188373127e+000 1.670524180e+000 
1.046706563e+000 1.624794468e+000 
1.021942643e+000 1.607760562e+000 
1.011461073e+000 1.595776753e+000 
1.017901526e+000 1.603475616e+000 
1.103729724e+000 1.649810071e+000 
1.125551001e+000 1.657369238e+000 
1.132184780e+000 1.658559018e+000 
1.037463144e+000 1.621436278e+000 
1.143458047e+000 1.664022537e+000 
1.014945539e+000 1.601882843e+000 
1.037792502e+000 1.621476818e+000 
1.038507668e+000 1.622476754e+000 
1.033770322e+000 1.618815083e+000 
1.061041589e+000 1.634348246e+000 
1.059495950e+000 1.633169003e+000 
1.056136077e+000 1.630973487e+000 
1.018505112e+000 1.604677799e+000 
1.017920463e+000 1.604195698e+000 
1.045338919e+000 1.624248154e+000 
1.120554574e+000 1.655539313e+000 
1.061370946e+000 1.634388785e+000 
1.024945565e+000 1.612376662e+000 
1.035692428e+000 1.619963499e+000 
1.150551028e+000 1.665022474e+000 
1.036736951e+000 1.621003975e+000 
1.032067214e+000 1.615681021e+000 
1.033440965e+000 1.618774543e+000 
1.105903599e+000 1.649960338e+000 
1.007920437e+000 1.595284562e+000 
1.060861925e+000 1.633220099e+000 
1.023174848e+000 1.610903883e+000 
1.105104262e+000 1.649872144e+000 
1.047332425e+000 1.628915175e+000 
1.172547185e+000 1.669496148e+000 
1.137440971e+000 1.660549529e+000 
1.059825307e+000 1.633209542e+000 
1.168673894e+000 1.668364113e+000 
1.041463655e+000 1.622486844e+000 
1.139730145e+000 1.662849963e+000 
1.031482566e+000 1.615198920e+000 
1.165404091e+000 1.665808824e+000 
1.090984506e+000 1.645791963e+000 
1.136970992e+000 1.660501874e+000 
1.137770329e+000 1.660590068e+000 
1.137300349e+000 1.660542414e+000 
1.093844239e+000 1.646453582e+000 
1.091313863e+000 1.645832502e+000 
1.147874959e+000 1.664023821e+000 
1.124932120e+000 1.656760825e+000 
1.098515960e+000 1.648810135e+000 
1.116496648e+000 1.654627711e+000 
1.020171927e+000 1.606287784e+000 
1.082549034e+000 1.643316166e+000 
1.075863551e+000 1.640165333e+000 
1.126020981e+000 1.657416893e+000 
1.095980933e+000 1.647621888e+000 
1.127608188e+000 1.657759478e+000 
1.125221644e+000 1.657328699e+000 
1.119612763e+000 1.655393409e+000 
1.106951432e+000 1.651285931e+000 
1.106622074e+000 1.651245392e+000 
1.095651576e+000 1.647581348e+000 
1.125691624e+000 1.657376353e+000 
1.098186602e+000 1.648769595e+000 
1.042202065e+000 1.623119378e+000 
1.080131074e+000 1.641358828e+000 
1.074941187e+000 1.639012128e+000 
1.031352048e+000 1.614681084e+000 
1.074611830e+000 1.638971589e+000 
1.071695602e+000 1.638883032e+000 
1.069019534e+000 1.638227061e+000 
1.057008266e+000 1.632164284e+000 
1.077455005e+000 1.640360175e+000 
1.068690176e+000 1.638186522e+000 
1.077125648e+000 1.640319636e+000 
1.057337623e+000 1.632204824e+000 
1.057722567e+000 1.632290025e+000 
1.118700779e+000 1.654774290e+000 
1.031022691e+000 1.614640545e+000 
1.058051924e+000 1.632330564e+000 
1.030296498e+000 1.614208242e+000 
1.029251975e+000 1.613167766e+000 
1.016734395e+000 1.603205020e+000 
1.064352463e+000 1.635419165e+000 
1.064023106e+000 1.635378625e+000 
1.067028532e+000 1.636075135e+000 
1.029581332e+000 1.613208306e+000 
1.051859581e+000 1.629945555e+000 
1.053169675e+000 1.630945491e+000 
1.043034824e+000 1.623507134e+000 
1.067208196e+000 1.636419101e+000 
1.127685698e+000 1.658508388e+000 
1.140059503e+000 1.662890503e+000 
1.119942121e+000 1.655433948e+000 
1.089572715e+000 1.645598404e+000 
1.118371422e+000 1.654733751e+000 
1.120660596e+000 1.656719002e+000 
1.128015055e+000 1.658548927e+000 
1.082728698e+000 1.643660132e+000 
1.109489128e+000 1.651287215e+000 
1.101053656e+000 1.649154101e+000 
1.100724298e+000 1.649113561e+000 
1.083058055e+000 1.643700672e+000 
1.109690097e+000 1.653054958e+000 
1.091164170e+000 1.645793246e+000 
1.112554481e+000 1.654283745e+000 
1.089902072e+000 1.645638943e+000 
1.112225124e+000 1.654243206e+000 
1.139260166e+000 1.662802309e+000 
1.088650352e+000 1.644445199e+000 
1.088979709e+000 1.644485739e+000 
1.120989953e+000 1.656759542e+000 
1.119472141e+000 1.655386294e+000 
1.110019455e+000 1.653095498e+000 
1.139589523e+000 1.662842849e+000 
1.085734124e+000 1.644356642e+000 
1.094169596e+000 1.646832439e+000 
1.091493527e+000 1.645833786e+000 

1.003644761e+000 1.063600222e+000 
1.199486724e+000 1.153191232e+000 
1.172547185e+000 1.150730861e+000 
1.137300349e+000 1.141165338e+000 
1.005891325e+000 1.071203076e+000 
1.003695703e+000 1.069456091e+000 
1.075015009e+000 1.119513105e+000 
1.060935567e+000 1.113928019e+000 
1.003799829e+000 1.071184987e+000 
1.082728698e+000 1.122835794e+000 
1.091631537e+000 1.128083059e+000 
1.086807336e+000 1.123953090e+000 
1.087136694e+000 1.124002368e+000 
1.077266473e+000 1.120567948e+000 
1.096704623e+000 1.128773755e+000 
1.147676512e+000 1.144430812e+000 
1.083136137e+000 1.123063079e+000 
1.060861925e+000 1.113741370e+000 
1.091960894e+000 1.128132337e+000 
1.077593015e+000 1.121742199e+000 
1.081365421e+000 1.121888829e+000 
1.098579130e+000 1.129403939e+000 
1.089501397e+000 1.126385733e+000 
1.168819283e+000 1.149250053e+000 
1.000000000e+000 1.062306351e+000 
1.188373127e+000 1.152043274e+000 
1.056416034e+000 1.110404520e+000 
1.143458047e+000 1.144390000e+000 
1.080778106e+000 1.121815055e+000 
1.169148640e+000 1.149299331e+000 
1.065140537e+000 1.116737660e+000 
1.077922373e+000 1.121791477e+000 
1.051102015e+000 1.110396800e+000 
1.090611657e+000 1.126594299e+000 
1.076679158e+000 1.120494174e+000 
1.176765650e+000 1.150771672e+000 
1.089066019e+000 1.124847694e+000 
1.154769493e+000 1.145702414e+000 
1.131826653e+000 1.138201993e+000 
1.077008515e+000 1.120543452e+000 
1.047003067e+000 1.109075919e+000 
1.017920463e+000 1.087674198e+000 
1.007920437e+000 1.079448458e+000 
1.014945539e+000 1.085337635e+000 
1.085734124e+000 1.123666935e+000 
1.007816312e+000 1.077719562e+000 
1.071046788e+000 1.117098151e+000 
1.090538015e+000 1.126407649e+000 
1.076499493e+000 1.120066789e+000 
1.172217827e+000 1.150681583e+000 
1.014256765e+000 1.084789506e+000 
1.071376145e+000 1.117147429e+000 
1.041463655e+000 1.102812034e+000 
1.020171927e+000 1.088193602e+000 
1.091410994e+000 1.126700808e+000 
1.091081637e+000 1.126651530e+000 
1.050188158e+000 1.109148775e+000 
1.023174848e+000 1.093601106e+000 
1.116167290e+000 1.135502074e+000 
1.016734395e+000 1.086517943e+000 
1.009691154e+000 1.080081712e+000 
1.027901552e+000 1.094242080e+000 
1.082549034e+000 1.122346054e+000 
1.116496648e+000 1.135551352e+000 
1.124932120e+000 1.136891441e+000 
1.061041589e+000 1.115416780e+000 
1.034485488e+000 1.101826846e+000 
1.090941015e+000 1.126643577e+000 
1.044490687e+000 1.103518899e+000 
1.061370946e+000 1.115466058e+000 
1.021942643e+000 1.088826856e+000 
1.031482566e+000 1.096419342e+000 
1.089172040e+000 1.126336455e+000 
1.059825307e+000 1.113719453e+000 
1.110019455e+000 1.131723721e+000 
1.074908988e+000 1.118024345e+000 
1.033440965e+000 1.100505965e+000 
1.036736951e+000 1.102171060e+000 
1.047332425e+000 1.109125197e+000 
1.168678661e+000 1.149242100e+000 
1.059495950e+000 1.113670175e+000 
1.045338919e+000 1.106846826e+000 
1.024945565e+000 1.094234359e+000 
1.076573136e+000 1.120253438e+000 
1.073798728e+000 1.117815779e+000 
1.045668276e+000 1.106896104e+000 
1.088992376e+000 1.124661045e+000 
1.033770322e+000 1.100555243e+000 
1.075462876e+000 1.120044873e+000 
1.075133519e+000 1.119995595e+000 
1.038507668e+000 1.102804313e+000 
1.139589523e+000 1.142901240e+000 
1.112119102e+000 1.133523573e+000 
1.016027482e+000 1.085422759e+000 
1.106568443e+000 1.130450402e+000 
1.057337623e+000 1.110806569e+000 
1.165404091e+000 1.146850372e+000 
1.057008266e+000 1.110757291e+000 
1.045204987e+000 1.103622930e+000 
1.184154662e+000 1.152002463e+000 
1.167874558e+000 1.149192822e+000 
1.042202065e+000 1.103488827e+000 
1.139260166e+000 1.142851962e+000 
1.118371422e+000 1.135629051e+000 
1.163112337e+000 1.146047797e+000 
1.106622074e+000 1.130499441e+000 
1.071695602e+000 1.117326074e+000 
1.058051924e+000 1.110921282e+000 
1.057722567e+000 1.110872004e+000 
1.134633290e+000 1.139320743e+000 
1.143128690e+000 1.144340722e+000 
1.030296498e+000 1.095263087e+000 
1.028045034e+000 1.094743683e+000 
1.083058055e+000 1.122885072e+000 
1.109489128e+000 1.130550581e+000 
1.150551028e+000 1.145661603e+000 
1.125319014e+000 1.136949931e+000 
1.127608188e+000 1.138161182e+000 
1.119172716e+000 1.136333214e+000 
1.109159770e+000 1.130501303e+000 
1.082666101e+000 1.122432895e+000 
1.073129850e+000 1.117784123e+000 
1.059091329e+000 1.111443262e+000 
1.112225124e+000 1.135012334e+000 
1.118700779e+000 1.135678329e+000 
1.112554481e+000 1.135061612e+000 
1.139730145e+000 1.142909193e+000 
1.088979709e+000 1.124071979e+000 
1.137770329e+000 1.141222569e+000 
1.120660596e+000 1.136840302e+000 
1.088650352e+000 1.124022701e+000 
1.103729724e+000 1.129992354e+000 
1.120989953e+000 1.136889580e+000 
1.125208418e+000 1.136930391e+000 
1.140059503e+000 1.142958471e+000 
1.109690097e+000 1.131674443e+000 

1.141062851e+000 1.004145293e+000 
1.140733494e+000 1.004142715e+000 
1.136063901e+000 1.004077118e+000 
1.057020464e+000 1.003105636e+000 
1.082666101e+000 1.003531856e+000 
1.143352025e+000 1.004189745e+000 
1.172111806e+000 1.004431710e+000 
1.143022668e+000 1.004187167e+000 
1.213152722e+000 1.004641610e+000 
1.197603871e+000 1.004587692e+000 
1.042202065e+000 1.002853389e+000 
1.172581785e+000 1.004434661e+000 
1.172911143e+000 1.004437238e+000 
1.190709337e+000 1.004515783e+000 
1.017920463e+000 1.002336588e+000 
1.193385406e+000 1.004585832e+000 
1.050188158e+000 1.003079006e+000 
1.034188983e+000 1.002783473e+000 
1.131845436e+000 1.004075258e+000 
1.171864082e+000 1.004350993e+000 
1.027901552e+000 1.002562783e+000 
1.003799829e+000 1.001793374e+000 
1.077593015e+000 1.003517558e+000 
1.067326899e+000 1.003324057e+000 
1.129556262e+000 1.004047823e+000 
1.038507668e+000 1.002834423e+000 
1.091231330e+000 1.003608589e+000 
1.007920437e+000 1.002065023e+000 
1.124812534e+000 1.004036501e+000 
1.047003067e+000 1.003028839e+000 
1.051102015e+000 1.003101551e+000 
1.075133519e+000 1.003436783e+000 
1.143492648e+000 1.004190118e+000 
1.077922373e+000 1.003520136e+000 
1.009691154e+000 1.002069460e+000 
1.141203474e+000 1.004145666e+000 
1.143822005e+000 1.004192696e+000 
1.044490687e+000 1.002853471e+000 
1.141532831e+000 1.004148244e+000 
1.112448459e+000 1.003878164e+000 
1.016734395e+000 1.002310002e+000 
1.110805691e+000 1.003854083e+000 
1.100467125e+000 1.003776399e+000 
1.156626704e+000 1.004271240e+000 
1.108777288e+000 1.003835687e+000 
1.147365938e+000 1.004268578e+000 
1.145076764e+000 1.004224126e+000 
1.157013599e+000 1.004296838e+000 
1.093848890e+000 1.003706264e+000 
1.093519532e+000 1.003703687e+000 
1.145406121e+000 1.004226703e+000 
1.126655550e+000 1.004037259e+000 
1.112918439e+000 1.003881115e+000 
1.147695295e+000 1.004271155e+000 
1.163521238e+000 1.004343150e+000 
1.171679582e+000 1.004343228e+000 
1.159302773e+000 1.004341290e+000 
1.180969572e+000 1.004513120e+000 
1.031482566e+000 1.002608411e+000 
1.181298929e+000 1.004515698e+000 
1.041463655e+000 1.002834606e+000 
1.033770322e+000 1.002759594e+000 
1.120404538e+000 1.003978989e+000 
1.028045034e+000 1.002581566e+000 
1.112589082e+000 1.003878537e+000 
1.115987626e+000 1.003956997e+000 
1.136512507e+000 1.004096747e+000 
1.112119102e+000 1.003875587e+000 
1.123409965e+000 1.004029709e+000 
1.014945539e+000 1.002286515e+000 
1.120733896e+000 1.003981566e+000 
1.116316983e+000 1.003959575e+000 
1.138263027e+000 1.004107394e+000 
1.056416034e+000 1.003101734e+000 
1.073798728e+000 1.003412081e+000 
1.033440965e+000 1.002757017e+000 
1.046086938e+000 1.003028016e+000 
1.045668276e+000 1.003004137e+000 
1.014898604e+000 1.002069900e+000 
1.045042414e+000 1.002955304e+000 
1.089321733e+000 1.003606274e+000 
1.047751086e+000 1.003055295e+000 
1.020171927e+000 1.002336846e+000 
1.034485488e+000 1.002829729e+000 
1.065075436e+000 1.003318448e+000 
1.060976488e+000 1.003245736e+000 
1.061305845e+000 1.003248313e+000 
1.023174848e+000 1.002558164e+000 
1.058604517e+000 1.003227126e+000 
1.021942643e+000 1.002341282e+000 
1.073469370e+000 1.003409504e+000 
1.062703465e+000 1.003299838e+000 
1.058933874e+000 1.003229704e+000 
1.075462876e+000 1.003439361e+000 
1.049437867e+000 1.003074272e+000 
1.024945565e+000 1.002562600e+000 
1.045338919e+000 1.003001559e+000 
1.036736951e+000 1.002829986e+000 
1.047332425e+000 1.003031417e+000 
1.061955447e+000 1.003273382e+000 
1.068903039e+000 1.003346094e+000 
1.095723396e+000 1.003764679e+000 
1.062284804e+000 1.003275960e+000 
1.091451873e+000 1.003684471e+000 
1.084540608e+000 1.003590270e+000 
1.095394039e+000 1.003762101e+000 
1.088992376e+000 1.003603696e+000 
1.137024441e+000 1.004106635e+000 
1.102816378e+000 1.003834813e+000 
1.091781230e+000 1.003687049e+000 
1.076258224e+000 1.003492856e+000 
1.075928867e+000 1.003490278e+000 
1.082876460e+000 1.003562991e+000 

1.013235626e+000 1.650655776e+000 
1.079896143e+000 1.699882002e+000 
1.162208101e+000 1.725887539e+000 
1.025753206e+000 1.663718131e+000 
1.009274875e+000 1.649344844e+000 
1.157805472e+000 1.725766833e+000 
1.248960712e+000 1.740597414e+000 
1.201239206e+000 1.736034400e+000 
1.222158669e+000 1.738738543e+000 
1.021792455e+000 1.662407199e+000 
1.165575928e+000 1.729316258e+000 
1.022104608e+000 1.663056143e+000 
1.184117878e+000 1.732039460e+000 
1.145458546e+000 1.722890626e+000 
1.034606992e+000 1.673839887e+000 
1.027683780e+000 1.667144277e+000 
1.233508859e+000 1.739732711e+000 
1.230610972e+000 1.739688464e+000 
1.187620689e+000 1.732613905e+000 
1.040186164e+000 1.677710007e+000 
1.072783470e+000 1.695952436e+000 
1.007661244e+000 1.637475954e+000 
1.030584812e+000 1.671158781e+000 
1.041694002e+000 1.677729974e+000 
1.200370632e+000 1.735144079e+000 
1.079384076e+000 1.698518428e+000 
1.038256320e+000 1.677127238e+000 
1.150121311e+000 1.723407089e+000 
1.031644531e+000 1.673719818e+000 
1.018082428e+000 1.660657464e+000 
1.035982633e+000 1.675374156e+000 
1.044741843e+000 1.681655144e+000 
1.028311125e+000 1.668332104e+000 
1.025753936e+000 1.666625921e+000 
1.196064725e+000 1.734072591e+000 
1.042017337e+000 1.677846585e+000 
1.024671993e+000 1.663486119e+000 
1.017000485e+000 1.656444067e+000 
1.170238693e+000 1.729832721e+000 
1.020333891e+000 1.661831781e+000 
1.075316553e+000 1.697551613e+000 
1.163307249e+000 1.727341560e+000 
1.013236356e+000 1.652585732e+000 
1.091762206e+000 1.705595248e+000 
1.139304211e+000 1.722275578e+000 
1.082832686e+000 1.700945172e+000 
1.076232079e+000 1.698379181e+000 
1.159386405e+000 1.725788700e+000 
1.207795912e+000 1.737098024e+000 
1.096140570e+000 1.707181564e+000 
1.016946383e+000 1.655313301e+000 
1.098362812e+000 1.708161239e+000 
1.147434047e+000 1.723338748e+000 
1.095426270e+000 1.707098070e+000 
1.139112867e+000 1.721623838e+000 
1.099077112e+000 1.708244734e+000 
1.200975062e+000 1.735716049e+000 
1.110044722e+000 1.710729032e+000 
1.107108180e+000 1.709665862e+000 
1.069170256e+000 1.693670036e+000 
1.087593244e+000 1.701640324e+000 
1.207987256e+000 1.737749764e+000 
1.135640147e+000 1.720772756e+000 
1.172061687e+000 1.731031622e+000 
1.092476506e+000 1.705678743e+000 
1.123704752e+000 1.715937608e+000 
1.118995484e+000 1.715198206e+000 
1.151944305e+000 1.724605990e+000 
1.115522765e+000 1.714347124e+000 
1.122990452e+000 1.715854114e+000 
1.119186829e+000 1.715849946e+000 
1.053815321e+000 1.685892366e+000 
1.127316665e+000 1.716913116e+000 
1.187035282e+000 1.732312911e+000 
1.181584794e+000 1.731998437e+000 
1.049477219e+000 1.684238029e+000 
1.059850026e+000 1.688364796e+000 
1.012154414e+000 1.650552998e+000 
1.198891931e+000 1.734121392e+000 
1.159643185e+000 1.725838739e+000 
1.203076920e+000 1.736106306e+000 
1.007816312e+000 1.648769427e+000 
1.015487820e+000 1.654737884e+000 
1.171870343e+000 1.730379882e+000 
1.060998506e+000 1.689595466e+000 
1.044237130e+000 1.680157319e+000 
1.185197329e+000 1.732077149e+000 
1.072819990e+000 1.696148299e+000 
1.169978557e+000 1.729436965e+000 
1.056883624e+000 1.688347902e+000 
1.195487585e+000 1.733262832e+000 
1.199156076e+000 1.734553446e+000 
1.112147169e+000 1.711150806e+000 
1.163492797e+000 1.727835304e+000 
1.015166200e+000 1.654081922e+000 
1.181524195e+000 1.731984139e+000 
1.176805203e+000 1.731034218e+000 
1.145598626e+000 1.723225499e+000 
1.178618392e+000 1.731981543e+000 
1.205904125e+000 1.736155107e+000 
1.132264551e+000 1.717576438e+000 
1.191811919e+000 1.733027070e+000 
1.167413641e+000 1.729388164e+000 
1.104545237e+000 1.709112961e+000 
1.135448803e+000 1.720121017e+000 
1.133557016e+000 1.719178099e+000 
1.108209301e+000 1.710615783e+000 
1.216439559e+000 1.738699685e+000 
1.079420596e+000 1.698714291e+000 
1.185630587e+000 1.732274053e+000 
1.050848919e+000 1.685875473e+000 
1.055660037e+000 1.686788227e+000 
1.056719756e+000 1.688000217e+000 
1.009587028e+000 1.649993788e+000 
1.105371528e+000 1.709194655e+000 
1.115331420e+000 1.713695384e+000 
1.113439634e+000 1.712752467e+000 
1.076417674e+000 1.698501534e+000 
1.056470947e+000 1.687408457e+000 
1.086085406e+000 1.701620357e+000 
1.043177411e+000 1.678833420e+000 
1.062505651e+000 1.689719191e+000 
1.069557076e+000 1.694502354e+000 
1.104253885e+000 1.708435586e+000 
1.097241691e+000 1.708131485e+000 
1.089021948e+000 1.702683527e+000 
1.103539585e+000 1.708352091e+000 
1.046510817e+000 1.684221135e+000 
1.085371105e+000 1.701536863e+000 
1.067334834e+000 1.693556787e+000 
1.089679075e+000 1.704000591e+000 
1.088307647e+000 1.702600033e+000 
1.062956470e+000 1.691936363e+000 
1.125481244e+000 1.716799867e+000 
1.073481132e+000 1.697438364e+000 
1.069817068e+000 1.695935542e+000 
1.063670770e+000 1.692053965e+000 
1.066620534e+000 1.693439185e+000 
1.096527391e+000 1.708047990e+000 
1.093577627e+000 1.706628663e+000 
1.092863326e+000 1.706545169e+000 
1.090393376e+000 1.704084085e+000 
1.082421342e+000 1.700117536e+000 
1.081707041e+000 1.700034041e+000 
1.091570861e+000 1.704943508e+000 
1.151752961e+000 1.723954250e+000 

1.222717771e+000 1.313230241e+000 
1.224459884e+000 1.313927003e+000 
1.225422458e+000 1.314628728e+000 
1.011145710e+000 1.232860036e+000 
1.175829258e+000 1.306996840e+000 
1.003799829e+000 1.222509980e+000 
1.066421856e+000 1.271869589e+000 
1.013038692e+000 1.235795034e+000 
1.032221957e+000 1.253818704e+000 
1.214405963e+000 1.313073521e+000 
1.204157702e+000 1.312722747e+000 
1.000000000e+000 1.216210706e+000 
1.061821331e+000 1.270229962e+000 
1.003644761e+000 1.219031230e+000 
1.066576924e+000 1.272836383e+000 
1.047035920e+000 1.263579882e+000 
1.101307982e+000 1.284699619e+000 
1.026508254e+000 1.249470670e+000 
1.109877417e+000 1.287758462e+000 
1.041301798e+000 1.259849336e+000 
1.037103728e+000 1.258640116e+000 
1.028888551e+000 1.251766398e+000 
1.013634139e+000 1.237004254e+000 
1.045338110e+000 1.262690073e+000 
1.046420053e+000 1.262988150e+000 
1.058726029e+000 1.268720705e+000 
1.080201326e+000 1.277801207e+000 
1.069313370e+000 1.274161564e+000 
1.084950939e+000 1.279374721e+000 
1.003695703e+000 1.221502024e+000 
1.075146359e+000 1.275895226e+000 
1.003540636e+000 1.218023274e+000 
1.061107837e+000 1.269909181e+000 
1.040219855e+000 1.259551259e+000 
1.063844284e+000 1.271859519e+000 
1.012934566e+000 1.234787078e+000 
1.007133235e+000 1.224359480e+000 
1.062425761e+000 1.270438079e+000 
1.049890524e+000 1.265180209e+000 
1.198758163e+000 1.311197203e+000 
1.036021785e+000 1.258342039e+000 
1.069831045e+000 1.274369682e+000 
1.027103702e+000 1.250679890e+000 
1.017329842e+000 1.241507361e+000 
1.104562103e+000 1.286232918e+000 
1.043371673e+000 1.261579867e+000 
1.175716564e+000 1.306798386e+000 
1.191474491e+000 1.309160366e+000 
1.207250071e+000 1.312808721e+000 
1.188535135e+000 1.308865927e+000 
1.050219881e+000 1.267511485e+000 
1.019970467e+000 1.243006277e+000 
1.014256765e+000 1.238658243e+000 
1.185452110e+000 1.308687040e+000 
1.074358201e+000 1.275180818e+000 
1.023770296e+000 1.248627584e+000 
1.020171927e+000 1.243008173e+000 
1.007661244e+000 1.228169515e+000 
1.043086647e+000 1.260935843e+000 
1.124231482e+000 1.292019835e+000 
1.016734395e+000 1.240298141e+000 
1.172826336e+000 1.306781058e+000 
1.196404574e+000 1.310235379e+000 
1.023174848e+000 1.247418364e+000 
1.120974193e+000 1.291503624e+000 
1.152968804e+000 1.301035585e+000 
1.033770322e+000 1.256587809e+000 
1.020767374e+000 1.244217393e+000 
1.193312204e+000 1.310149405e+000 
1.178921627e+000 1.307082815e+000 
1.018515910e+000 1.241825666e+000 
1.011253843e+000 1.234505721e+000 
1.007765370e+000 1.229177471e+000 
1.007816312e+000 1.231648264e+000 
1.167511022e+000 1.305255514e+000 
1.013530014e+000 1.235996298e+000 
1.020663248e+000 1.243702486e+000 
1.123808799e+000 1.291823633e+000 
1.159075550e+000 1.303366860e+000 
1.007920437e+000 1.232656220e+000 
1.097213634e+000 1.284227727e+000 
1.131944692e+000 1.296090964e+000 
1.022448097e+000 1.244646175e+000 
1.093804445e+000 1.281727635e+000 
1.030767400e+000 1.252177619e+000 
1.128535503e+000 1.293590871e+000 
1.245340891e+000 1.315837948e+000 
1.167483234e+000 1.304978379e+000 
1.089478095e+000 1.280185857e+000 
1.164390864e+000 1.304892405e+000 
1.145255595e+000 1.297970550e+000 
1.157745874e+000 1.302319062e+000 
1.185448232e+000 1.307464970e+000 
1.145685272e+000 1.299522489e+000 
1.126289507e+000 1.293029168e+000 
1.107583915e+000 1.287659253e+000 
1.182355862e+000 1.307378996e+000 
1.137260005e+000 1.297616508e+000 
1.140352375e+000 1.297702482e+000 
1.128152326e+000 1.293309504e+000 
1.089808350e+000 1.280296125e+000 
1.123221484e+000 1.291630463e+000 
1.088490426e+000 1.279767227e+000 
1.060879401e+000 1.268739052e+000 
1.077602470e+000 1.277369530e+000 
1.102528948e+000 1.285753271e+000 
1.093959513e+000 1.282694428e+000 
1.096695959e+000 1.284019610e+000 
1.091226873e+000 1.281717564e+000 
1.054747037e+000 1.268322621e+000 
1.084728483e+000 1.278612344e+000 
1.073840526e+000 1.274972700e+000 
1.128690570e+000 1.294557664e+000 
1.164256901e+000 1.303722215e+000 
1.117720072e+000 1.289970325e+000 
1.155821429e+000 1.301833561e+000 
1.112333528e+000 1.289232766e+000 
1.089203920e+000 1.280088007e+000 

1.172547185e+000 1.469586720e+000 
1.124932120e+000 1.455958569e+000 
1.143458047e+000 1.463694681e+000 
1.169148640e+000 1.468449301e+000 
1.079476360e+000 1.438961314e+000 
1.003799829e+000 1.381515649e+000 
1.002955987e+000 1.370570872e+000 
1.131957221e+000 1.457804054e+000 
1.150551028e+000 1.464699880e+000 
1.128015055e+000 1.457802642e+000 
1.118700779e+000 1.453925653e+000 
1.127608188e+000 1.456962356e+000 
1.184154662e+000 1.470591919e+000 
1.103729724e+000 1.448498822e+000 
1.134633290e+000 1.458807841e+000 
1.137300349e+000 1.460116642e+000 
1.003111055e+000 1.378476411e+000 
1.006755816e+000 1.383118033e+000 
1.168678661e+000 1.468401635e+000 
1.069019534e+000 1.436108052e+000 
1.119472141e+000 1.454572965e+000 
1.105433619e+000 1.448680926e+000 
1.031352048e+000 1.411261029e+000 
1.089902072e+000 1.443995026e+000 
1.106951432e+000 1.450065118e+000 
1.120989953e+000 1.455957157e+000 
1.119942121e+000 1.454620631e+000 
1.126020981e+000 1.456665222e+000 
1.139589523e+000 1.462509596e+000 
1.140059503e+000 1.462557261e+000 
1.137770329e+000 1.460164308e+000 
1.105903599e+000 1.448728592e+000 
1.098515960e+000 1.447493624e+000 
1.110019455e+000 1.451931656e+000 
1.090984506e+000 1.444153541e+000 
1.181478593e+000 1.469588132e+000 
1.112554481e+000 1.453385663e+000 
1.105574242e+000 1.448688001e+000 
1.109584076e+000 1.450705979e+000 
1.000000000e+000 1.368968488e+000 
1.075534194e+000 1.438062395e+000 
1.125551001e+000 1.456617557e+000 
1.091313863e+000 1.444194131e+000 
1.075863551e+000 1.438102986e+000 
1.095980933e+000 1.446039617e+000 
1.168819283e+000 1.468408710e+000 
1.125691624e+000 1.456624631e+000 
1.095651576e+000 1.445999026e+000 
1.029581332e+000 1.409778557e+000 
1.188373127e+000 1.470622811e+000 
1.057337623e+000 1.429738631e+000 
1.057008266e+000 1.429698040e+000 
1.125221644e+000 1.456576966e+000 
1.105104262e+000 1.448640335e+000 
1.082549034e+000 1.441582047e+000 
1.031022691e+000 1.411220438e+000 
1.120554574e+000 1.454731480e+000 
1.119612763e+000 1.454580040e+000 
1.137440971e+000 1.460123717e+000 
1.139730145e+000 1.462516670e+000 
1.030438043e+000 1.410826018e+000 
1.088979709e+000 1.442866506e+000 
1.074941187e+000 1.436974467e+000 
1.046873415e+000 1.421781975e+000 
1.047332425e+000 1.426400146e+000 
1.080131074e+000 1.439307291e+000 
1.030296498e+000 1.410783756e+000 
1.077455005e+000 1.438303505e+000 
1.077125648e+000 1.438262914e+000 
1.106622074e+000 1.450024527e+000 
1.118371422e+000 1.453885062e+000 
1.051102015e+000 1.427405345e+000 
1.032067214e+000 1.412266228e+000 
1.038507668e+000 1.419489280e+000 
1.029251975e+000 1.409737966e+000 
1.042202065e+000 1.420182293e+000 
1.058051924e+000 1.429871565e+000 
1.112119102e+000 1.452159986e+000 
1.057722567e+000 1.429830974e+000 
1.074611830e+000 1.436933876e+000 
1.067028532e+000 1.433907965e+000 
1.098186602e+000 1.447453033e+000 
1.068690176e+000 1.436067461e+000 
1.071695602e+000 1.436735797e+000 
1.043034824e+000 1.420477315e+000 
1.064352463e+000 1.433280220e+000 
1.007920437e+000 1.391023571e+000 
1.094028554e+000 1.445043245e+000 
1.093699197e+000 1.445002654e+000 
1.053169675e+000 1.428393380e+000 
1.079990032e+000 1.439151206e+000 
1.079660675e+000 1.439110615e+000 
1.007816312e+000 1.387526494e+000 
1.064023106e+000 1.433239629e+000 
1.041463655e+000 1.419499806e+000 
1.067208196e+000 1.434285419e+000 
1.018505112e+000 1.400816528e+000 
1.199486724e+000 1.471459746e+000 
1.088650352e+000 1.442825915e+000 
1.165404091e+000 1.465567707e+000 
1.109690097e+000 1.451891065e+000 
1.011461073e+000 1.391428518e+000 
1.016734395e+000 1.399334056e+000 
1.085734124e+000 1.442627836e+000 
1.162448839e+000 1.464732073e+000 
1.136970992e+000 1.460076051e+000 
1.089572715e+000 1.443954435e+000 
1.119142784e+000 1.454532374e+000 
1.127685698e+000 1.457762051e+000 
1.168349304e+000 1.468361044e+000 
1.060861925e+000 1.431008695e+000 
1.112225124e+000 1.453345072e+000 
1.094169596e+000 1.445199330e+000 
1.196531472e+000 1.470624112e+000 
1.139260166e+000 1.462469005e+000 
1.120660596e+000 1.455916566e+000 
1.109489128e+000 1.450066530e+000 
1.159482437e+000 1.464701292e+000 
1.091164170e+000 1.444154953e+000 
1.033770322e+000 1.415827773e+000 
1.091493527e+000 1.444195544e+000 
1.017920463e+000 1.400422108e+000 
1.031482566e+000 1.411871808e+000 
1.045668276e+000 1.421719812e+000 
1.104802937e+000 1.448557219e+000 
1.045338919e+000 1.421679221e+000 
1.014898604e+000 1.394567732e+000 
1.072768815e+000 1.436794194e+000 
1.073098172e+000 1.436834785e+000 
1.021942643e+000 1.403955743e+000 
1.030767400e+000 1.410866609e+000 
1.036021785e+000 1.417001609e+000 
1.034485488e+000 1.416832972e+000 
1.035692428e+000 1.416961018e+000 
1.024945565e+000 1.408916907e+000 
1.083058055e+000 1.442000091e+000 
1.036736951e+000 1.418006808e+000 
1.033440965e+000 1.415787182e+000 
1.011942617e+000 1.392965349e+000 
1.020171927e+000 1.402473271e+000 
1.023174848e+000 1.407434435e+000 
1.017901526e+000 1.399528897e+000 
1.030153016e+000 1.410101270e+000 
1.014945539e+000 1.397926513e+000 
1.082728698e+000 1.441959500e+000 
1.116167290e+000 1.453722525e+000 
1.100724298e+000 1.447830486e+000 
1.116496648e+000 1.453763116e+000 
1.101053656e+000 1.447871077e+000 
1.147874959e+000 1.463696093e+000 
1.065140537e+000 1.433297384e+000 
1.037792502e+000 1.418484081e+000 
1.037463144e+000 1.418443490e+000 
1.047003067e+000 1.426359555e+000 
1.027901552e+000 1.408927434e+000 
1.059825307e+000 1.430993327e+000 
1.059495950e+000 1.430952736e+000 
1.060935567e+000 1.431066508e+000 
1.061370946e+000 1.432292185e+000 
1.061041589e+000 1.432251594e+000 
1.093514882e+000 1.444853354e+000 
1.087136694e+000 1.442726824e+000 
1.086807336e+000 1.442686233e+000 

1.225711274e+000 1.529236667e+000 
1.007920437e+000 1.429353319e+000 
1.189058977e+000 1.526221136e+000 
1.081630842e+000 1.486326048e+000 
1.225093861e+000 1.528833858e+000 
1.224379560e+000 1.528808566e+000 
1.086647815e+000 1.490177456e+000 
1.095057028e+000 1.494434862e+000 
1.119914343e+000 1.502897113e+000 
1.234608095e+000 1.530475481e+000 
1.234576166e+000 1.529341526e+000 
1.135347548e+000 1.508382093e+000 
1.108813140e+000 1.499435718e+000 
1.109417570e+000 1.499482361e+000 
1.031378440e+000 1.455466421e+000 
1.203698178e+000 1.528732758e+000 
1.211818251e+000 1.528792821e+000 
1.146573061e+000 1.514214176e+000 
1.183946573e+000 1.522608400e+000 
1.183342143e+000 1.522574884e+000 
1.103289879e+000 1.495749307e+000 
1.027329868e+000 1.452195190e+000 
1.042816834e+000 1.464650926e+000 
1.039493394e+000 1.459656321e+000 
1.003540636e+000 1.410521453e+000 
1.061276921e+000 1.476001476e+000 
1.043446163e+000 1.464812184e+000 
1.069543363e+000 1.482019642e+000 
1.068762546e+000 1.479576856e+000 
1.173053418e+000 1.521561106e+000 
1.186900826e+000 1.524479153e+000 
1.172339117e+000 1.521268831e+000 
1.041019726e+000 1.460742097e+000 
1.173657848e+000 1.521601334e+000 
1.172943547e+000 1.521310088e+000 
1.157576087e+000 1.515520228e+000 
1.158180517e+000 1.515553744e+000 
1.194545956e+000 1.526990775e+000 
1.049084780e+000 1.467450501e+000 
1.072715315e+000 1.482785295e+000 
1.037646386e+000 1.457967861e+000 
1.027000511e+000 1.452120473e+000 
1.039935007e+000 1.460269151e+000 
1.160835949e+000 1.515758918e+000 
1.003695703e+000 1.420520358e+000 
1.117002161e+000 1.502736567e+000 
1.188454547e+000 1.526187620e+000 
1.079752302e+000 1.486061421e+000 
1.203093748e+000 1.528699242e+000 
1.016734395e+000 1.443305943e+000 
1.015854974e+000 1.438078321e+000 
1.014084257e+000 1.436251287e+000 
1.024084283e+000 1.447577440e+000 
1.040690368e+000 1.460667381e+000 
1.032067214e+000 1.455523397e+000 
1.007340464e+000 1.421969788e+000 
1.101508890e+000 1.495544108e+000 
1.054903688e+000 1.472113852e+000 
1.143967062e+000 1.512155375e+000 
1.008505086e+000 1.431897450e+000 
1.147177491e+000 1.514255433e+000 
1.083921403e+000 1.488184823e+000 
1.163292920e+000 1.519166480e+000 
1.134633247e+000 1.508089818e+000 
1.041734892e+000 1.463179003e+000 
1.032585119e+000 1.455997653e+000 
1.041157542e+000 1.462510894e+000 
1.040562614e+000 1.460493250e+000 
1.052595936e+000 1.471993534e+000 
1.009587028e+000 1.433755884e+000 
1.052001008e+000 1.469975890e+000 
1.021838518e+000 1.445967301e+000 
1.037689242e+000 1.459308400e+000 
1.018505112e+000 1.445132976e+000 
1.028045034e+000 1.454632096e+000 
1.034355836e+000 1.457824686e+000 
1.043505608e+000 1.465006037e+000 
1.013231789e+000 1.435205314e+000 
1.123829571e+000 1.505248189e+000 
1.134112321e+000 1.507375222e+000 
1.136198955e+000 1.509354593e+000 
1.079254333e+000 1.485782009e+000 
1.139642232e+000 1.511994829e+000 
1.135237677e+000 1.508131075e+000 
1.112954454e+000 1.500055723e+000 
1.123719700e+000 1.504997171e+000 
1.139532361e+000 1.511743811e+000 
1.140246662e+000 1.512035057e+000 
1.116892290e+000 1.502485549e+000 
1.138927932e+000 1.511702554e+000 
1.161134770e+000 1.517424498e+000 
1.135594526e+000 1.509313985e+000 
1.103504999e+000 1.495928127e+000 
1.078810152e+000 1.485343669e+000 
1.116287860e+000 1.502444292e+000 
1.121366462e+000 1.504682052e+000 
1.117606591e+000 1.502776795e+000 
1.107109818e+000 1.499362043e+000 
1.162688491e+000 1.519132964e+000 
1.138191930e+000 1.509994087e+000 
1.226605093e+000 1.529279550e+000 
1.120652162e+000 1.504384717e+000 
1.106505388e+000 1.499315400e+000 
1.143362632e+000 1.512115147e+000 
1.124434001e+000 1.505288417e+000 
1.043568040e+000 1.465022516e+000 
1.088704364e+000 1.491923239e+000 
1.049878841e+000 1.468893661e+000 
1.123115271e+000 1.504955914e+000 
1.049190067e+000 1.468807520e+000 
1.147287362e+000 1.514506451e+000 
1.068938934e+000 1.481968160e+000 
1.083085708e+000 1.487796447e+000 
1.087252245e+000 1.490224099e+000 
1.091297157e+000 1.492615403e+000 
1.145019340e+000 1.512505709e+000 
1.112596797e+000 1.499780159e+000 
1.082025989e+000 1.486388024e+000 
1.113937228e+000 1.501873665e+000 
1.127479572e+000 1.506896339e+000 
1.104109429e+000 1.495974770e+000 
1.113332798e+000 1.501827023e+000 
1.045856661e+000 1.467323806e+000 
1.072891703e+000 1.485176600e+000 
1.061453309e+000 1.478392781e+000 
1.055006434e+000 1.474505157e+000 
1.105553802e+000 1.497935412e+000 
1.128193873e+000 1.507193674e+000 
1.104839501e+000 1.497638077e+000 
1.168779900e+000 1.519936120e+000 
1.083745135e+000 1.488039494e+000 
1.090692727e+000 1.492568761e+000 
1.147891791e+000 1.514546679e+000 
1.094534067e+000 1.492674419e+000 
1.082016488e+000 1.486336853e+000 
1.160701499e+000 1.515725402e+000 
1.066454793e+000 1.479456538e+000 
1.058969169e+000 1.475881158e+000 
1.177932122e+000 1.521678103e+000 
1.067059223e+000 1.479508020e+000 
1.177327692e+000 1.521644587e+000 
1.084944492e+000 1.490103781e+000 
1.098486837e+000 1.495126455e+000 
1.084340063e+000 1.490057138e+000 
1.099201137e+000 1.495423790e+000 
1.070407563e+000 1.482664977e+000 
1.137596525e+000 1.509517270e+000 

1.077283570e+000 1.007947950e+000 
1.165273159e+000 1.010115532e+000 
1.074031248e+000 1.007889198e+000 
1.233371111e+000 1.011333202e+000 
1.030915229e+000 1.006235638e+000 
1.219199699e+000 1.011194900e+000 
1.139304211e+000 1.009685824e+000 
1.024486361e+000 1.005895441e+000 
1.027268631e+000 1.006022178e+000 
1.009538580e+000 1.004711984e+000 
1.013024560e+000 1.005165499e+000 
1.011253843e+000 1.004974005e+000 
1.157819139e+000 1.010043800e+000 
1.021519959e+000 1.005893170e+000 
1.055747458e+000 1.007253031e+000 
1.016638188e+000 1.005314201e+000 
1.138011746e+000 1.009458038e+000 
1.122990452e+000 1.009167075e+000 
1.027948827e+000 1.006233367e+000 
1.244622458e+000 1.011367735e+000 
1.026762759e+000 1.005981534e+000 
1.194489303e+000 1.010761381e+000 
1.026761416e+000 1.005917650e+000 
1.020333891e+000 1.005641338e+000 
1.164375844e+000 1.010095186e+000 
1.007816312e+000 1.004458827e+000 
1.004120608e+000 1.004131691e+000 
1.005579172e+000 1.004136828e+000 
1.037566184e+000 1.006566458e+000 
1.254557641e+000 1.011455208e+000 
1.089691504e+000 1.008429634e+000 
1.000000000e+000 1.003466319e+000 
1.101911210e+000 1.008700841e+000 
1.108896021e+000 1.008790311e+000 
1.018738262e+000 1.005556484e+000 
1.101196910e+000 1.008652008e+000 
1.012712406e+000 1.004979142e+000 
1.005891325e+000 1.004373973e+000 
1.031644531e+000 1.006560503e+000 
1.034610932e+000 1.006562774e+000 
1.207920177e+000 1.011051871e+000 
1.003111055e+000 1.003810338e+000 
1.093759026e+000 1.008483247e+000 
1.009002380e+000 1.004710660e+000 
1.158121908e+000 1.010043947e+000 
1.010548133e+000 1.004923173e+000 
1.109610321e+000 1.008839143e+000 
1.056189124e+000 1.007297529e+000 
1.097804819e+000 1.008564374e+000 
1.067032066e+000 1.007815378e+000 
1.112576723e+000 1.008841370e+000 
1.112133332e+000 1.008839965e+000 
1.046358955e+000 1.006906654e+000 
1.233051474e+000 1.011327357e+000 
1.019628181e+000 1.005590506e+000 
1.156298913e+000 1.009956474e+000 
1.060958549e+000 1.007563753e+000 
1.100095789e+000 1.008600622e+000 
1.156676733e+000 1.009956883e+000 
1.216659183e+000 1.011189055e+000 
1.089279972e+000 1.008384547e+000 
1.018082428e+000 1.005377993e+000 
1.137701757e+000 1.009453879e+000 
1.222158669e+000 1.011275971e+000 
1.178771113e+000 1.010491820e+000 
1.123553579e+000 1.009186945e+000 
1.116844154e+000 1.009101567e+000 
1.088977203e+000 1.008380802e+000 
1.186968204e+000 1.010603851e+000 
1.146013636e+000 1.009769030e+000 
1.150120028e+000 1.009905497e+000 
1.074347028e+000 1.007918673e+000 
1.100810089e+000 1.008649455e+000 
1.207987256e+000 1.011137669e+000 
1.102904374e+000 1.008742670e+000 
1.090381093e+000 1.008435933e+000 
1.119749956e+000 1.009113602e+000 
1.123856348e+000 1.009250069e+000 
1.179073881e+000 1.010551346e+000 
1.112737762e+000 1.009030248e+000 
1.205901971e+000 1.011050195e+000 
1.185630587e+000 1.010602732e+000 
1.174967490e+000 1.010414879e+000 
1.071094706e+000 1.007871272e+000 
1.164678613e+000 1.010095333e+000 
1.187035282e+000 1.010689648e+000 
1.083925639e+000 1.008195669e+000 
1.014243837e+000 1.005250310e+000 
1.147170474e+000 1.009775744e+000 
1.080656468e+000 1.008173501e+000 
1.137708977e+000 1.009457890e+000 
1.161881779e+000 1.010079900e+000 
1.053539860e+000 1.007228416e+000 
1.043403703e+000 1.006902971e+000 
1.064227720e+000 1.007568612e+000 
1.049477219e+000 1.007189831e+000 
1.090792625e+000 1.008481020e+000 
1.039427747e+000 1.006689511e+000 
1.060165079e+000 1.007530027e+000 
1.050270689e+000 1.007223557e+000 
1.087685510e+000 1.008231682e+000 
1.129168054e+000 1.009398099e+000 
1.135462469e+000 1.009449485e+000 
1.200975062e+000 1.010989167e+000 
1.166132301e+000 1.010244051e+000 
1.178618392e+000 1.010454230e+000 
1.084719108e+000 1.008229395e+000 
1.171758919e+000 1.010343319e+000 
1.155996144e+000 1.009956326e+000 
1.120404644e+000 1.009127315e+000 
1.070271376e+000 1.007853245e+000 
1.184949998e+000 1.010602174e+000 
1.143064083e+000 1.009721777e+000 
1.074044260e+000 1.007898732e+000 
1.057198678e+000 1.007527800e+000 
1.079555347e+000 1.008122115e+000 
1.050573458e+000 1.007226145e+000 
1.075201098e+000 1.007925239e+000 
1.090078324e+000 1.008432188e+000 
1.079858116e+000 1.008142056e+000 
1.071138457e+000 1.007886697e+000 
1.103315906e+000 1.008787757e+000 
1.080959237e+000 1.008193442e+000 
1.094899016e+000 1.008552339e+000 
1.067334834e+000 1.007835319e+000 
1.093797895e+000 1.008500953e+000 
1.066620534e+000 1.007786487e+000 
1.132927926e+000 1.009434052e+000 
1.109050672e+000 1.008808178e+000 
1.116644773e+000 1.009091362e+000 
1.080244936e+000 1.008144610e+000 
1.061261318e+000 1.007566342e+000 
1.046510817e+000 1.007187604e+000 
1.040437301e+000 1.006900700e+000 
1.149402249e+000 1.009808382e+000 
1.053534614e+000 1.007228061e+000 
1.198889777e+000 1.010901693e+000 
1.094184716e+000 1.008503507e+000 
1.138397012e+000 1.009495394e+000 
1.102601606e+000 1.008738925e+000 
1.143107834e+000 1.009756996e+000 
1.167955295e+000 1.010331525e+000 
1.079143815e+000 1.008093224e+000 
1.139001442e+000 1.009685676e+000 
1.172061687e+000 1.010402844e+000 
1.115543652e+000 1.009039976e+000 

1.097213634e+000 1.492806911e+000 
1.074358201e+000 1.481700052e+000 
1.069831045e+000 1.480718473e+000 
1.237295033e+000 1.529753550e+000 
1.241658938e+000 1.530475481e+000 
1.201300387e+000 1.525250042e+000 
1.016027482e+000 1.436598450e+000 
1.012934566e+000 1.431780538e+000 
1.022448097e+000 1.444001754e+000 
1.191474491e+000 1.522899286e+000 
1.025541012e+000 1.448973176e+000 
1.004120608e+000 1.420802108e+000 
1.135702764e+000 1.506916222e+000 
1.200717061e+000 1.524732147e+000 
1.042449310e+000 1.463710317e+000 
1.019375020e+000 1.440270539e+000 
1.045338110e+000 1.466373925e+000 
1.187154958e+000 1.522448646e+000 
1.036021785e+000 1.461233607e+000 
1.215483402e+000 1.529245971e+000 
1.162833623e+000 1.515763548e+000 
1.058726029e+000 1.473736313e+000 
1.213105890e+000 1.527460167e+000 
1.033440965e+000 1.456086091e+000 
1.014084257e+000 1.433036290e+000 
1.162250297e+000 1.515245653e+000 
1.184152036e+000 1.522178690e+000 
1.047927353e+000 1.469193554e+000 
1.019970467e+000 1.441500049e+000 
1.041301798e+000 1.462866690e+000 
1.007816312e+000 1.427869729e+000 
1.193312204e+000 1.524074927e+000 
1.027103702e+000 1.451593494e+000 
1.140352375e+000 1.508818319e+000 
1.075146359e+000 1.482520299e+000 
1.066421856e+000 1.477659747e+000 
1.017329842e+000 1.440090946e+000 
1.013530014e+000 1.433010048e+000 
1.011253843e+000 1.431637686e+000 
1.023770296e+000 1.448734457e+000 
1.023174848e+000 1.447504947e+000 
1.101307982e+000 1.493059271e+000 
1.032221957e+000 1.455504302e+000 
1.030663274e+000 1.453186130e+000 
1.069313370e+000 1.480469159e+000 
1.020767374e+000 1.443654493e+000 
1.026508254e+000 1.450363984e+000 
1.043371673e+000 1.465452148e+000 
1.084950939e+000 1.486616114e+000 
1.066576924e+000 1.478949961e+000 
1.014256765e+000 1.436359731e+000 
1.046420053e+000 1.466777498e+000 
1.049890524e+000 1.469814751e+000 
1.102528948e+000 1.494608737e+000 
1.033770322e+000 1.458778143e+000 
1.037103728e+000 1.461637180e+000 
1.047332425e+000 1.467036457e+000 
1.040219855e+000 1.462463117e+000 
1.028888551e+000 1.452645265e+000 
1.043086647e+000 1.463918461e+000 
1.016734395e+000 1.438861436e+000 
1.061107837e+000 1.475401236e+000 
1.080201326e+000 1.484714403e+000 
1.063844284e+000 1.477647121e+000 
1.050219881e+000 1.472506803e+000 
1.030767400e+000 1.453698180e+000 
1.178921627e+000 1.520354813e+000 
1.167483234e+000 1.517665645e+000 
1.020663248e+000 1.443142444e+000 
1.175829258e+000 1.520254542e+000 
1.183868065e+000 1.520659492e+000 
1.164390864e+000 1.517565374e+000 
1.204157702e+000 1.527051868e+000 
1.020171927e+000 1.442424984e+000 
1.020067801e+000 1.441912934e+000 
1.207250071e+000 1.527152139e+000 
1.133985315e+000 1.505741107e+000 
1.201780189e+000 1.525266064e+000 
1.128535503e+000 1.503857496e+000 
1.112333528e+000 1.498704552e+000 
1.089478095e+000 1.487597693e+000 
1.196404574e+000 1.524175198e+000 
1.122683239e+000 1.500867929e+000 
1.083520919e+000 1.485009792e+000 
1.060665486e+000 1.473902933e+000 
1.128152326e+000 1.503689966e+000 
1.189391361e+000 1.522538043e+000 
1.157745874e+000 1.514588433e+000 
1.164256901e+000 1.516414248e+000 
1.125415880e+000 1.502170768e+000 
1.145685272e+000 1.510912151e+000 
1.160838243e+000 1.514688705e+000 
1.121495036e+000 1.500633885e+000 
1.124231482e+000 1.502153083e+000 
1.126155544e+000 1.502304937e+000 
1.155821429e+000 1.513995036e+000 
1.153691067e+000 1.511900423e+000 
1.123221484e+000 1.501598984e+000 
1.149176439e+000 1.511018095e+000 
1.145255595e+000 1.509481211e+000 
1.137260005e+000 1.508718048e+000 
1.128690570e+000 1.505147709e+000 
1.172826336e+000 1.519984586e+000 
1.105265394e+000 1.494709008e+000 
1.093804445e+000 1.489748185e+000 
1.162260502e+000 1.515470762e+000 
1.096695959e+000 1.492557597e+000 
1.073840526e+000 1.481450738e+000 
1.117720072e+000 1.499885725e+000 
1.101363029e+000 1.493442568e+000 
1.091226873e+000 1.489735559e+000 
1.084728483e+000 1.485695982e+000 
1.135119438e+000 1.506398326e+000 
1.153825030e+000 1.513051550e+000 
1.126289507e+000 1.503456064e+000 
1.077602470e+000 1.484595241e+000 
1.054747037e+000 1.473488382e+000 
1.134724979e+000 1.505875276e+000 
1.107583915e+000 1.496802840e+000 
1.093959513e+000 1.491038399e+000 
1.088490426e+000 1.487489673e+000 

1.007920437e+000 1.005133263e+000 
1.051299830e+000 1.007433350e+000 
1.068462287e+000 1.008366442e+000 
1.044468579e+000 1.007128875e+000 
1.048512866e+000 1.007153863e+000 
1.019815725e+000 1.005813092e+000 
1.003695703e+000 1.004478426e+000 
1.003799829e+000 1.004481661e+000 
1.027329868e+000 1.006204269e+000 
1.038297478e+000 1.006795199e+000 
1.022356422e+000 1.005818504e+000 
1.037968121e+000 1.006788677e+000 
1.050195433e+000 1.007382002e+000 
1.079990032e+000 1.008652307e+000 
1.065786218e+000 1.008127553e+000 
1.078325884e+000 1.008554647e+000 
1.064352463e+000 1.008066465e+000 
1.033771187e+000 1.006501688e+000 
1.024084283e+000 1.005876216e+000 
1.027702005e+000 1.006387695e+000 
1.000000000e+000 1.003814328e+000 
1.007816312e+000 1.005130029e+000 
1.015270325e+000 1.005212117e+000 
1.079430281e+000 1.008605995e+000 
1.017920463e+000 1.005798440e+000 
1.065456861e+000 1.008121347e+000 
1.036485648e+000 1.006525685e+000 
1.047928218e+000 1.007151156e+000 
1.077996527e+000 1.008548126e+000 
1.040446399e+000 1.007112008e+000 
1.013542465e+000 1.005169178e+000 
1.023881374e+000 1.005874525e+000 
1.027000511e+000 1.006197714e+000 
1.161578828e+000 1.010808577e+000 
1.008505086e+000 1.005145759e+000 
1.016734395e+000 1.005797362e+000 
1.044490687e+000 1.007151014e+000 
1.079660675e+000 1.008646181e+000 
1.028045034e+000 1.006462538e+000 
1.022460548e+000 1.005836511e+000 
1.064023106e+000 1.008060339e+000 
1.039012644e+000 1.007052871e+000 
1.042202065e+000 1.007127099e+000 
1.049866075e+000 1.007375480e+000 
1.053169675e+000 1.007717191e+000 
1.013881348e+000 1.005209348e+000 
1.052939281e+000 1.007698811e+000 
1.054603430e+000 1.007779639e+000 
1.051505527e+000 1.007639675e+000 
1.032585119e+000 1.006485837e+000 
1.172613242e+000 1.010964805e+000 
1.138222748e+000 1.010227182e+000 
1.192109219e+000 1.011338673e+000 
1.014084257e+000 1.005211039e+000 
1.172283885e+000 1.010960338e+000 
1.011149717e+000 1.005148993e+000 
1.037646386e+000 1.006540776e+000 
1.182787237e+000 1.011172199e+000 
1.155931629e+000 1.010715466e+000 
1.175186566e+000 1.011005465e+000 
1.149516618e+000 1.010644536e+000 
1.199825237e+000 1.011340652e+000 
1.159119938e+000 1.010748531e+000 
1.145279709e+000 1.010312911e+000 
1.090018304e+000 1.008962945e+000 
1.186148308e+000 1.011335334e+000 
1.119609761e+000 1.009960749e+000 
1.144825608e+000 1.010302114e+000 
1.116211216e+000 1.009618327e+000 
1.200592691e+000 1.011364123e+000 
1.060013692e+000 1.007803309e+000 
1.093848890e+000 1.009239111e+000 
1.082666101e+000 1.008889836e+000 
1.093519532e+000 1.009232984e+000 
1.100467125e+000 1.009476640e+000 
1.067028532e+000 1.008303994e+000 
1.081001953e+000 1.008812320e+000 
1.084099856e+000 1.008952284e+000 
1.111772098e+000 1.009580300e+000 
1.097855968e+000 1.009319573e+000 
1.082435707e+000 1.008871456e+000 
1.136214606e+000 1.010221774e+000 
1.135760506e+000 1.010219086e+000 
1.142175517e+000 1.010292263e+000 
1.112714247e+000 1.009616451e+000 
1.098906056e+000 1.009345160e+000 
1.072415056e+000 1.008396994e+000 
1.105853649e+000 1.009569639e+000 
1.111167668e+000 1.009570120e+000 
1.099235414e+000 1.009350972e+000 
1.094953287e+000 1.009293992e+000 
1.077729075e+000 1.008397475e+000 
1.089413875e+000 1.008952765e+000 
1.202246757e+000 1.011455208e+000 
1.095282644e+000 1.009300198e+000 
1.101900879e+000 1.009539088e+000 
1.153028948e+000 1.010681165e+000 
1.183574985e+000 1.011294674e+000 
1.153358306e+000 1.010686394e+000 
1.183245627e+000 1.011290207e+000 
1.146613937e+000 1.010609830e+000 
1.146943294e+000 1.010615005e+000 
1.123897036e+000 1.009988274e+000 
1.090216080e+000 1.008983797e+000 
1.123567679e+000 1.009982594e+000 
1.131807736e+000 1.010203254e+000 
1.141922928e+000 1.010267408e+000 
1.116707080e+000 1.009931964e+000 
1.167539739e+000 1.010879066e+000 
1.117036438e+000 1.009937775e+000 
1.124947138e+000 1.010156443e+000 
1.161124728e+000 1.010805889e+000 

1.126020981e+000 1.373632282e+000 
1.199486724e+000 1.388468656e+000 
1.075133519e+000 1.353947867e+000 
1.172547185e+000 1.386599840e+000 
1.167874558e+000 1.385404625e+000 
1.184154662e+000 1.387580537e+000 
1.007340464e+000 1.299342850e+000 
1.079660675e+000 1.356187561e+000 
1.134633290e+000 1.375722331e+000 
1.150551028e+000 1.381651434e+000 
1.127608188e+000 1.373920093e+000 
1.143458047e+000 1.380670737e+000 
1.009691154e+000 1.309870902e+000 
1.137770329e+000 1.377209909e+000 
1.140059503e+000 1.379561385e+000 
1.143128690e+000 1.380631232e+000 
1.169148640e+000 1.385490488e+000 
1.139730145e+000 1.379521880e+000 
1.172217827e+000 1.386560335e+000 
1.061955447e+000 1.349366953e+000 
1.068690176e+000 1.352993883e+000 
1.059825307e+000 1.348078993e+000 
1.062284804e+000 1.349406457e+000 
1.017920463e+000 1.317774996e+000 
1.003799829e+000 1.299017439e+000 
1.124932120e+000 1.372940836e+000 
1.109489128e+000 1.367011734e+000 
1.165404091e+000 1.382539554e+000 
1.060935567e+000 1.348211243e+000 
1.047332425e+000 1.343477355e+000 
1.058051924e+000 1.346832584e+000 
1.116496648e+000 1.370799971e+000 
1.131957221e+000 1.374743075e+000 
1.105903599e+000 1.365706822e+000 
1.007920437e+000 1.308448270e+000 
1.036021785e+000 1.334150628e+000 
1.075462876e+000 1.353987372e+000 
1.031352048e+000 1.328366763e+000 
1.105574242e+000 1.365667317e+000 
1.030153016e+000 1.327237594e+000 
1.091493527e+000 1.361103355e+000 
1.003540636e+000 1.287753503e+000 
1.119612763e+000 1.371596419e+000 
1.082728698e+000 1.358922985e+000 
1.057337623e+000 1.346700489e+000 
1.147676512e+000 1.380702271e+000 
1.033770322e+000 1.333040046e+000 
1.188373127e+000 1.387612071e+000 
1.030767400e+000 1.328051714e+000 
1.094028554e+000 1.362156168e+000 
1.089501397e+000 1.359916474e+000 
1.067208196e+000 1.351299384e+000 
1.079990032e+000 1.356227066e+000 
1.029581332e+000 1.326944130e+000 
1.037792502e+000 1.335573261e+000 
1.168819283e+000 1.385450983e+000 
1.101053656e+000 1.364870869e+000 
1.083058055e+000 1.358962490e+000 
1.072768815e+000 1.353745617e+000 
1.077455005e+000 1.355174252e+000 
1.093699197e+000 1.362116664e+000 
1.031022691e+000 1.328327258e+000 
1.136970992e+000 1.377124046e+000 
1.069019534e+000 1.353033387e+000 
1.037463144e+000 1.335533757e+000 
1.031482566e+000 1.329032411e+000 
1.064352463e+000 1.350318687e+000 
1.007816312e+000 1.305078065e+000 
1.030438043e+000 1.328012209e+000 
1.035692428e+000 1.334111124e+000 
1.045668276e+000 1.338969149e+000 
1.051102015e+000 1.344458052e+000 
1.125691624e+000 1.373592778e+000 
1.029251975e+000 1.326904625e+000 
1.033440965e+000 1.333000541e+000 
1.137440971e+000 1.377170404e+000 
1.045338919e+000 1.338929644e+000 
1.014256765e+000 1.313011496e+000 
1.032067214e+000 1.329347460e+000 
1.038507668e+000 1.336553958e+000 
1.057722567e+000 1.346793079e+000 
1.043034824e+000 1.337466188e+000 
1.042202065e+000 1.337251553e+000 
1.024945565e+000 1.326116650e+000 
1.021942643e+000 1.321128318e+000 
1.100724298e+000 1.364831364e+000 
1.079476360e+000 1.355859037e+000 
1.030296498e+000 1.327924827e+000 
1.018505112e+000 1.318090045e+000 
1.091164170e+000 1.361063850e+000 
1.036736951e+000 1.335131325e+000 
1.059495950e+000 1.348039488e+000 
1.020171927e+000 1.319705685e+000 
1.077125648e+000 1.355134748e+000 
1.011942617e+000 1.310274854e+000 
1.014945539e+000 1.315263186e+000 
1.057008266e+000 1.346660984e+000 
1.034485488e+000 1.334020743e+000 
1.064023106e+000 1.350279183e+000 
1.047003067e+000 1.343437850e+000 
1.016734395e+000 1.316667412e+000 
1.053169675e+000 1.345370282e+000 
1.023174848e+000 1.324694017e+000 
1.133637990e+000 1.374773168e+000 
1.176765650e+000 1.386631374e+000 
1.154769493e+000 1.381682968e+000 
1.127685698e+000 1.374702130e+000 
1.125221644e+000 1.373546420e+000 
1.116443589e+000 1.370420923e+000 
1.120989953e+000 1.372939395e+000 
1.120554574e+000 1.371744181e+000 
1.125551001e+000 1.373585924e+000 
1.088979709e+000 1.359849169e+000 
1.105433619e+000 1.365660463e+000 
1.105104262e+000 1.365620959e+000 
1.103729724e+000 1.365466762e+000 
1.112225124e+000 1.370375662e+000 
1.128015055e+000 1.374741634e+000 
1.120660596e+000 1.372899891e+000 
1.118700779e+000 1.370965933e+000 
1.091313863e+000 1.361101914e+000 
1.119472141e+000 1.371589566e+000 
1.112554481e+000 1.370415167e+000 
1.119142784e+000 1.371550061e+000 
1.112119102e+000 1.369219952e+000 
1.118371422e+000 1.370926428e+000 
1.088650352e+000 1.359809664e+000 
1.168678661e+000 1.385444130e+000 
1.139260166e+000 1.379475522e+000 
1.139589523e+000 1.379515027e+000 
1.085734124e+000 1.359558383e+000 
1.137300349e+000 1.377163551e+000 
1.106622074e+000 1.366970788e+000 
1.106951432e+000 1.367010293e+000 
1.132659526e+000 1.374751996e+000 
1.089902072e+000 1.360907795e+000 
1.110019455e+000 1.368833256e+000 
1.093519532e+000 1.361731860e+000 
1.089572715e+000 1.360868290e+000 
1.098186602e+000 1.364446560e+000 
1.098515960e+000 1.364486064e+000 
1.090984506e+000 1.361062410e+000 
1.109690097e+000 1.368793751e+000 
1.082549034e+000 1.358538181e+000 
1.075534194e+000 1.354939188e+000 
1.095651576e+000 1.362864648e+000 
1.095980933e+000 1.362904153e+000 
1.075863551e+000 1.354978692e+000 
1.074941187e+000 1.353920066e+000 
1.056136077e+000 1.345401701e+000 
1.003695703e+000 1.295647235e+000 
1.067028532e+000 1.350914580e+000 
1.074611830e+000 1.353880562e+000 
1.071695602e+000 1.353629280e+000 
1.060861925e+000 1.348096457e+000 
