1.072768815e+000 1.964123950e+000 
1.073098172e+000 1.964161276e+000 
1.057008266e+000 1.956683540e+000 
1.069019534e+000 1.963459601e+000 
1.068690176e+000 1.963422274e+000 
1.056136077e+000 1.955118442e+000 
1.013231789e+000 1.917294265e+000 
1.042202065e+000 1.946293542e+000 
1.053169675e+000 1.955087753e+000 
1.064352463e+000 1.960238219e+000 
1.043034824e+000 1.946791737e+000 
1.064023106e+000 1.960200893e+000 
1.051530224e+000 1.954133179e+000 
1.041990301e+000 1.945837162e+000 
1.051859581e+000 1.954170505e+000 
1.046873415e+000 1.948387523e+000 
1.116496648e+000 1.981640000e+000 
1.003799829e+000 1.904874534e+000 
1.082728698e+000 1.969489988e+000 
1.030767400e+000 1.936474963e+000 
1.031352048e+000 1.937080278e+000 
1.020171927e+000 1.927406100e+000 
1.021942643e+000 1.929096194e+000 
1.031482566e+000 1.937392211e+000 
1.018505112e+000 1.925578910e+000 
1.030438043e+000 1.936437636e+000 
1.029251975e+000 1.935352856e+000 
1.116167290e+000 1.981602673e+000 
1.016734395e+000 1.923888815e+000 
1.051102015e+000 1.953878347e+000 
1.031022691e+000 1.937042951e+000 
1.030296498e+000 1.936307431e+000 
1.029581332e+000 1.935390183e+000 
1.017920463e+000 1.924973595e+000 
1.032067214e+000 1.937997526e+000 
1.060935567e+000 1.957908633e+000 
1.059825307e+000 1.957737579e+000 
1.083058055e+000 1.969527315e+000 
1.036021785e+000 1.942974988e+000 
1.003111055e+000 1.901215896e+000 
1.044550155e+000 1.946856059e+000 
1.059495950e+000 1.957700253e+000 
1.007816312e+000 1.911033269e+000 
1.024945565e+000 1.934218567e+000 
1.037463144e+000 1.944627756e+000 
1.038507668e+000 1.945582331e+000 
1.027901552e+000 1.934229938e+000 
1.037792502e+000 1.944665083e+000 
1.019672243e+000 1.925933921e+000 
1.030153016e+000 1.935607591e+000 
1.017901526e+000 1.924243826e+000 
1.087136694e+000 1.970228990e+000 
1.086807336e+000 1.970191663e+000 
1.011942617e+000 1.917293150e+000 
1.000000000e+000 1.891102946e+000 
1.046706563e+000 1.948295382e+000 
1.041463655e+000 1.945593702e+000 
1.045338919e+000 1.947627723e+000 
1.002955987e+000 1.892931251e+000 
1.061370946e+000 1.959028813e+000 
1.061041589e+000 1.958991487e+000 
1.023174848e+000 1.932528472e+000 
1.006755816e+000 1.906702839e+000 
1.014945539e+000 1.922415522e+000 
1.047332425e+000 1.952961100e+000 
1.047003067e+000 1.952923773e+000 
1.045594678e+000 1.947810634e+000 
1.034485488e+000 1.942514583e+000 
1.009691154e+000 1.916677579e+000 
1.036736951e+000 1.943892236e+000 
1.035692428e+000 1.942937662e+000 
1.007920437e+000 1.914987484e+000 
1.033440965e+000 1.941560009e+000 
1.033770322e+000 1.941597335e+000 
1.014256765e+000 1.919549180e+000 
1.184633661e+000 1.999139888e+000 
1.118700779e+000 1.981799271e+000 
1.166805453e+000 1.993932286e+000 
1.167874558e+000 1.997102460e+000 
1.204198892e+000 2.000000000e+000 
1.079476360e+000 1.966512667e+000 
1.105574242e+000 1.976695302e+000 
1.168678661e+000 1.997139787e+000 
1.105433619e+000 1.976688704e+000 
1.105903599e+000 1.976732628e+000 
1.168819283e+000 1.997146384e+000 
1.143128690e+000 1.992117600e+000 
1.125691624e+000 1.985010956e+000 
1.095980933e+000 1.973974527e+000 
1.095651576e+000 1.973937201e+000 
1.172217827e+000 1.998185313e+000 
1.127685698e+000 1.986049886e+000 
1.105104262e+000 1.976651378e+000 
1.125551001e+000 1.985004359e+000 
1.126020981e+000 1.985048283e+000 
1.120554574e+000 1.982938809e+000 
1.139260166e+000 1.991034746e+000 
1.075863551e+000 1.965658873e+000 
1.075534194e+000 1.965621546e+000 
1.167563041e+000 1.995817543e+000 
1.119472141e+000 1.982756418e+000 
1.147676512e+000 1.992185724e+000 
1.167233684e+000 1.995780217e+000 
1.057337623e+000 1.956720866e+000 
1.143458047e+000 1.992154926e+000 
1.109489128e+000 1.977992681e+000 
1.172547185e+000 1.998222640e+000 
1.119942121e+000 1.982800342e+000 
1.169148640e+000 1.997183711e+000 
1.094169596e+000 1.972863552e+000 
1.093514882e+000 1.972580381e+000 
1.120989953e+000 1.984058989e+000 
1.089572715e+000 1.971689260e+000 
1.112119102e+000 1.980142444e+000 
1.137300349e+000 1.988475787e+000 
1.119142784e+000 1.982719091e+000 
1.137770329e+000 1.988519711e+000 
1.089902072e+000 1.971726586e+000 
1.136970992e+000 1.988438460e+000 
1.128015055e+000 1.986087212e+000 
1.140059503e+000 1.991115997e+000 
1.194219210e+000 1.999170686e+000 
1.112554481e+000 1.981262624e+000 
1.139589523e+000 1.991072073e+000 
1.176765650e+000 1.998253438e+000 
1.067208196e+000 1.961155467e+000 
1.112225124e+000 1.981225297e+000 
1.057722567e+000 1.956824248e+000 
1.124932120e+000 1.984060395e+000 
1.167703663e+000 1.995824141e+000 
1.058051924e+000 1.956861574e+000 
1.109690097e+000 1.980004914e+000 
1.131957221e+000 1.986088619e+000 
1.109584076e+000 1.978922061e+000 
1.119612763e+000 1.982763016e+000 
1.139730145e+000 1.991078670e+000 
1.093844239e+000 1.972617707e+000 
1.125221644e+000 1.984967032e+000 
1.090984506e+000 1.971908977e+000 
1.137440971e+000 1.988482384e+000 
1.082549034e+000 1.969112612e+000 
1.118371422e+000 1.981761944e+000 
1.134633290e+000 1.987004460e+000 
1.132233520e+000 1.986118010e+000 
1.150551028e+000 1.993072174e+000 
1.091164170e+000 1.971910383e+000 
1.100724298e+000 1.975534959e+000 
1.154769493e+000 1.993102972e+000 
1.077125648e+000 1.965842670e+000 
1.091313863e+000 1.971946304e+000 
1.101053656e+000 1.975572286e+000 
1.091493527e+000 1.971947710e+000 
1.077455005e+000 1.965879996e+000 
1.110019455e+000 1.980042241e+000 
1.074941187e+000 1.964318306e+000 
1.098186602e+000 1.975157583e+000 
1.080131074e+000 1.966795838e+000 
1.074611830e+000 1.964280980e+000 
1.106951432e+000 1.977991275e+000 
1.106622074e+000 1.977953949e+000 
1.098515960e+000 1.975194910e+000 
1.103729724e+000 1.976112158e+000 
1.071695602e+000 1.963999473e+000 
1.142343423e+000 1.991117112e+000 
1.060861925e+000 1.957756377e+000 
1.067028532e+000 1.960778091e+000 
1.163112337e+000 1.993617185e+000 
1.120660596e+000 1.984021662e+000 
1.088979709e+000 1.970386020e+000 
1.125208418e+000 1.984089787e+000 
1.088650352e+000 1.970348693e+000 
1.085734124e+000 1.970067186e+000 

