1.028907550e+000 1.630754658e+000 
1.028643807e+000 1.630306255e+000 
1.029149182e+000 1.631075498e+000 
1.029318361e+000 1.631296186e+000 
1.028542343e+000 1.629845186e+000 
1.031274584e+000 1.633303445e+000 
1.028426538e+000 1.191284571e+000 
1.027467474e+000 1.189839207e+000 
1.004795315e+000 1.001624071e+000 
1.002157391e+000 1.001271468e+000 
1.003589124e+000 1.001494404e+000 
1.002853367e+000 1.001422365e+000 
1.002808426e+000 1.001400635e+000 
1.003032075e+000 1.001432069e+000 
1.002261476e+000 1.001301343e+000 
1.003829642e+000 1.001529164e+000 
1.005269559e+000 1.001664224e+000 
1.005047725e+000 1.001649736e+000 
1.002110701e+000 1.001271388e+000 
1.002659304e+000 1.001373144e+000 
1.005142157e+000 1.001657453e+000 
1.002069436e+000 1.001240507e+000 
1.002439699e+000 1.001359238e+000 
1.003347976e+000 1.001464318e+000 
1.005165901e+000 1.001660664e+000 
1.002712332e+000 1.001395004e+000 
1.002932289e+000 1.001426042e+000 
1.003124327e+000 1.001432884e+000 
1.003526971e+000 1.001492019e+000 
1.002531993e+000 1.001362812e+000 
1.002772546e+000 1.001395935e+000 
1.002419001e+000 1.001335818e+000 
1.001993529e+000 1.001239954e+000 
1.002214786e+000 1.001301263e+000 
1.005121195e+000 1.001655535e+000 
1.002681114e+000 1.001390304e+000 
1.005007405e+000 1.001632961e+000 
1.003132681e+000 1.001433280e+000 
1.001569556e+000 1.000189657e+000 
1.001406276e+000 1.000189502e+000 
1.000803685e+000 1.000165318e+000 
1.000897267e+000 1.000165833e+000 
1.001396432e+000 1.000181937e+000 
1.000845959e+000 1.000165762e+000 
1.000950806e+000 1.000170108e+000 
1.000706882e+000 1.000158238e+000 
1.000749157e+000 1.000158683e+000 
1.001150739e+000 1.000174077e+000 
1.001142433e+000 1.000173487e+000 
1.001068371e+000 1.000170309e+000 
1.001085187e+000 1.000170321e+000 
1.001002114e+000 1.000170179e+000 
1.001388457e+000 1.000181847e+000 
1.001333569e+000 1.000181677e+000 
1.001184944e+000 1.000177779e+000 
1.000683083e+000 1.000157985e+000 
1.000795619e+000 1.000158816e+000 
1.001321168e+000 1.000178567e+000 
1.001309513e+000 1.000178272e+000 
1.005370593e+000 1.001675449e+000 
1.001790193e+000 1.001118732e+000 
1.004855529e+000 1.001631156e+000 
1.001932997e+000 1.001176205e+000 
1.004155707e+000 1.001553796e+000 
1.003885293e+000 1.001536426e+000 
1.003799461e+000 1.001512674e+000 
1.004053340e+000 1.001549972e+000 
1.001856129e+000 1.001148484e+000 
1.003689645e+000 1.001506663e+000 
1.003374565e+000 1.001469594e+000 
1.005359563e+000 1.001672719e+000 
1.003462520e+000 1.001474949e+000 
1.005202546e+000 1.001662371e+000 
1.003658168e+000 1.001504711e+000 
1.003617003e+000 1.001500659e+000 
1.005108427e+000 1.001650841e+000 
1.002393382e+000 1.001302947e+000 
1.005567289e+000 1.001692446e+000 
1.004176167e+000 1.001563665e+000 
1.005454391e+000 1.001682010e+000 
1.004529648e+000 1.001599693e+000 
1.003296662e+000 1.001442237e+000 
1.004334000e+000 1.001569930e+000 
1.005014919e+000 1.001636209e+000 
1.004689038e+000 1.001604745e+000 
1.008079188e+000 1.015196801e+000 
1.012720266e+000 1.017857149e+000 
1.012062441e+000 1.017552895e+000 
1.014377520e+000 1.018489515e+000 
1.013519115e+000 1.018153739e+000 
1.013102904e+000 1.018119396e+000 
1.008825445e+000 1.015768966e+000 
1.008004132e+000 1.015171409e+000 
1.008562620e+000 1.015520711e+000 
1.011208591e+000 1.017171236e+000 
1.013391429e+000 1.018153438e+000 
1.011430128e+000 1.017227623e+000 
1.008859439e+000 1.015784456e+000 
1.008259707e+000 1.015238663e+000 
1.009081020e+000 1.015837004e+000 
1.009551858e+000 1.016110197e+000 
1.008672559e+000 1.015537811e+000 
1.011978010e+000 1.017525765e+000 
1.012806854e+000 1.017879670e+000 
1.005916945e+000 1.006850721e+000 
1.006472418e+000 1.007036313e+000 
1.006335692e+000 1.007010277e+000 
1.006733302e+000 1.007132907e+000 
1.007154443e+000 1.007268549e+000 
1.005781072e+000 1.006710871e+000 
1.005707889e+000 1.006689703e+000 
1.000257325e+000 1.000002911e+000 
1.000510419e+000 1.000004255e+000 
1.000082976e+000 1.000001024e+000 
1.000065539e+000 1.000001020e+000 
1.000268544e+000 1.000002982e+000 
1.000122007e+000 1.000001921e+000 
1.000232139e+000 1.000002715e+000 
1.000192260e+000 1.000002612e+000 
1.000224925e+000 1.000002704e+000 
9.999999996e-001 1.000000000e+000 
1.000031874e+000 1.000000915e+000 
1.000203483e+000 1.000002641e+000 
1.000239888e+000 1.000002907e+000 
1.000521162e+000 1.000004517e+000 
1.000046105e+000 1.000000945e+000 
1.000346164e+000 1.000003718e+000 
1.000518887e+000 1.000004257e+000 
1.000089993e+000 1.000001818e+000 
1.000374820e+000 1.000003793e+000 
1.000549818e+000 1.000004592e+000 
1.000444879e+000 1.000004148e+000 
1.000196269e+000 1.000002629e+000 
1.000163604e+000 1.000002538e+000 
1.000298536e+000 1.000003423e+000 
1.000269880e+000 1.000003349e+000 
1.000473534e+000 1.000004222e+000 
1.000031668e+000 1.000000034e+000 
1.000063542e+000 1.000000949e+000 
1.000017437e+000 1.000000004e+000 
1.000075019e+000 1.000001022e+000 
1.000107430e+000 1.000001822e+000 
1.000422677e+000 1.000003860e+000 
1.000089250e+000 1.000001052e+000 
1.000161794e+000 1.000002000e+000 
1.000392257e+000 1.000003797e+000 
1.000181042e+000 1.000002541e+000 
1.000235406e+000 1.000002719e+000 
1.000315973e+000 1.000003427e+000 
1.000287317e+000 1.000003352e+000 
1.000133138e+000 1.000001925e+000 
1.000206750e+000 1.000002644e+000 
1.000363601e+000 1.000003722e+000 
1.007435139e+000 1.007698342e+000 
1.007272973e+000 1.007427736e+000 
1.007679524e+000 1.007832004e+000 
1.033314844e+000 1.636658381e+000 
1.030536764e+000 1.633259550e+000 
1.032330831e+000 1.635671449e+000 
1.030385407e+000 1.632753776e+000 
1.030044034e+000 1.632210108e+000 
1.032361012e+000 1.635760133e+000 
1.037912221e+000 1.641235765e+000 
1.030166797e+000 1.632246471e+000 
1.036857520e+000 1.640159920e+000 
1.032953376e+000 1.636354605e+000 
1.035212363e+000 1.638509596e+000 
1.035860022e+000 1.639195456e+000 
1.035773354e+000 1.639090684e+000 
1.034975884e+000 1.638291997e+000 
1.034101308e+000 1.637429975e+000 
1.000638521e+000 1.000081563e+000 
1.000563927e+000 1.000078227e+000 
1.000663702e+000 1.000081638e+000 
1.000607530e+000 1.000081482e+000 
1.000682150e+000 1.000081937e+000 
1.078547634e+000 1.892440341e+000 
1.171160919e+000 1.931665240e+000 
1.043863431e+000 1.865062636e+000 
1.092996991e+000 1.900747236e+000 
1.119258657e+000 1.913339983e+000 
1.094577394e+000 1.901737788e+000 
1.227249880e+000 1.943761401e+000 
1.157582508e+000 1.927163018e+000 
1.144829214e+000 1.923656980e+000 
1.038956011e+000 1.859095830e+000 
1.043542101e+000 1.864862291e+000 
1.065652260e+000 1.883810921e+000 
1.137132911e+000 1.919705064e+000 
1.041866741e+000 1.862934042e+000 
1.120427274e+000 1.913680309e+000 
1.147883829e+000 1.924659793e+000 
1.065560374e+000 1.883727003e+000 
1.119696042e+000 1.913570552e+000 
1.226231232e+000 1.943732964e+000 
1.173267751e+000 1.931880618e+000 
1.083644624e+000 1.895748112e+000 
1.038492878e+000 1.858249530e+000 
1.044942698e+000 1.866464979e+000 
1.054138865e+000 1.875182016e+000 
1.186031748e+000 1.934478248e+000 
1.230981622e+000 1.944561704e+000 
1.053080546e+000 1.874248940e+000 
1.063722048e+000 1.882193856e+000 
1.091130880e+000 1.899934217e+000 
1.099670901e+000 1.904215544e+000 
1.173423915e+000 1.932188223e+000 
1.076456615e+000 1.891158069e+000 
1.125088640e+000 1.915500623e+000 
1.144294660e+000 1.923113758e+000 
1.176018259e+000 1.932549712e+000 
1.245735489e+000 1.946776591e+000 
1.253425385e+000 1.948281913e+000 
1.068869065e+000 1.886195334e+000 
1.080024035e+000 1.893295731e+000 
1.123911074e+000 1.915378552e+000 
1.122464855e+000 1.914722695e+000 
1.186366531e+000 1.934546252e+000 
1.167816675e+000 1.930100991e+000 
1.041438701e+000 1.862490065e+000 
1.069168355e+000 1.886413852e+000 
1.182514595e+000 1.933638145e+000 
1.054428243e+000 1.875318189e+000 
1.130518460e+000 1.917934286e+000 
1.052540678e+000 1.873707374e+000 
1.059303687e+000 1.878979079e+000 
1.120001961e+000 1.913609918e+000 
1.066534015e+000 1.884303830e+000 
1.069661383e+000 1.886683654e+000 
1.138086865e+000 1.920696036e+000 
1.172403042e+000 1.931815838e+000 
1.183088863e+000 1.933984670e+000 
1.244908801e+000 1.946576572e+000 
1.223389185e+000 1.943350413e+000 
1.222414493e+000 1.942920549e+000 
1.048103703e+000 1.869770614e+000 
1.168692659e+000 1.930828013e+000 
1.132751311e+000 1.918752865e+000 
1.047712458e+000 1.869372070e+000 
1.046595603e+000 1.868106947e+000 
1.260353415e+000 1.949659090e+000 
1.207523672e+000 1.938766894e+000 
1.065234292e+000 1.883365141e+000 
1.065915762e+000 1.883938527e+000 
1.153171722e+000 1.926213425e+000 
1.065860234e+000 1.883909403e+000 
1.195342764e+000 1.935786686e+000 
1.048968696e+000 1.870508964e+000 
1.051464998e+000 1.872793134e+000 
1.065478054e+000 1.883555732e+000 
1.206414016e+000 1.938143771e+000 
1.067484412e+000 1.885204740e+000 
1.178664919e+000 1.932807997e+000 
1.246384279e+000 1.946963141e+000 
1.209380068e+000 1.939298286e+000 
1.234459149e+000 1.945520740e+000 
1.056853250e+000 1.877219136e+000 
1.048457683e+000 1.870037992e+000 
1.038935301e+000 1.859009127e+000 
1.062593535e+000 1.881493449e+000 
1.047125395e+000 1.868533232e+000 
1.039992915e+000 1.860891912e+000 
1.044097238e+000 1.865482077e+000 
1.050932658e+000 1.872349416e+000 
1.050184443e+000 1.871587696e+000 
1.072329631e+000 1.888588462e+000 
1.150993270e+000 1.925422633e+000 
1.062092904e+000 1.881160718e+000 
1.120421327e+000 1.913619765e+000 
1.069716910e+000 1.886708361e+000 
1.124362768e+000 1.915390512e+000 
1.110186726e+000 1.909433816e+000 
1.049452789e+000 1.870917751e+000 
1.209525673e+000 1.939471254e+000 
1.101631606e+000 1.905221165e+000 
1.180327049e+000 1.933294302e+000 
1.062266055e+000 1.881220493e+000 
1.093251888e+000 1.901077630e+000 
1.141952762e+000 1.922397963e+000 
1.097304444e+000 1.903069565e+000 
1.187074588e+000 1.934825188e+000 
1.103567471e+000 1.906386458e+000 
1.059633830e+000 1.879247048e+000 
1.150048808e+000 1.925159190e+000 
1.202686326e+000 1.937087023e+000 
1.131716634e+000 1.918302502e+000 
1.078852790e+000 1.892735330e+000 
1.104204680e+000 1.906729860e+000 
1.149562131e+000 1.925088539e+000 
1.219979402e+000 1.942165355e+000 
1.067125125e+000 1.884911936e+000 
1.093004639e+000 1.900858893e+000 
1.140340063e+000 1.921591857e+000 
1.229434040e+000 1.944201761e+000 
1.078155109e+000 1.892063888e+000 
1.082054040e+000 1.894680894e+000 
1.106909064e+000 1.908011335e+000 
1.205821552e+000 1.937873253e+000 
1.054824083e+000 1.875628424e+000 
1.044290424e+000 1.865628419e+000 
1.039731593e+000 1.860407027e+000 
1.055390761e+000 1.876064661e+000 
1.081101026e+000 1.894163604e+000 
1.213089869e+000 1.940339563e+000 
1.216423341e+000 1.941231607e+000 
1.108589489e+000 1.909145265e+000 
1.087933875e+000 1.898303645e+000 
1.059235725e+000 1.878872775e+000 
1.094032225e+000 1.901524769e+000 
1.128039011e+000 1.916814763e+000 
1.163381835e+000 1.929298125e+000 
1.116721494e+000 1.912269790e+000 
1.057528947e+000 1.877783024e+000 
1.101179827e+000 1.905097259e+000 
1.102711466e+000 1.905952010e+000 
1.053322733e+000 1.874306983e+000 
1.075167506e+000 1.890346423e+000 
1.133665195e+000 1.919084523e+000 
1.077345290e+000 1.891672581e+000 
1.160784117e+000 1.928236277e+000 
1.086669176e+000 1.897401580e+000 
1.112289375e+000 1.910282461e+000 
1.114384509e+000 1.911197085e+000 
1.121286683e+000 1.914182824e+000 
1.119072624e+000 1.913223738e+000 
1.175200065e+000 1.932261081e+000 
1.092544049e+000 1.900619972e+000 
1.094481040e+000 1.901720897e+000 
1.204810024e+000 1.937714630e+000 
1.095530334e+000 1.902340699e+000 
1.073369181e+000 1.889255541e+000 
1.151143483e+000 1.925470838e+000 
1.038681481e+000 1.858711983e+000 
1.248300021e+000 1.947386676e+000 
1.072674063e+000 1.888642555e+000 
1.106584268e+000 1.907766762e+000 
1.266680046e+000 1.950216439e+000 
1.152142998e+000 1.925996122e+000 
1.096053795e+000 1.902597454e+000 
1.040352310e+000 1.861169650e+000 
1.263539483e+000 1.949721752e+000 
1.039128405e+000 1.859346474e+000 
1.125417264e+000 1.915585338e+000 
1.079185354e+000 1.892765531e+000 
1.091378129e+000 1.900146871e+000 
1.227288112e+000 1.943835224e+000 
1.167868859e+000 1.930480647e+000 
1.146980704e+000 1.924389330e+000 
1.226077449e+000 1.943572283e+000 
1.091703830e+000 1.900193402e+000 
1.145779831e+000 1.923886986e+000 
1.250570492e+000 1.947673772e+000 
1.251359348e+000 1.947886095e+000 
1.258228258e+000 1.949242054e+000 
1.089785469e+000 1.899156096e+000 
1.160111954e+000 1.927985229e+000 
1.137786929e+000 1.920689955e+000 
1.146292800e+000 1.924105430e+000 
1.228192625e+000 1.944073008e+000 
1.256560210e+000 1.948872737e+000 
1.205673844e+000 1.937771528e+000 
1.238735783e+000 1.946226322e+000 
1.163028265e+000 1.929087669e+000 
1.156398708e+000 1.927006696e+000 
1.127041655e+000 1.916222293e+000 
1.178994581e+000 1.932952072e+000 
1.192278742e+000 1.935509440e+000 
1.255527508e+000 1.948566371e+000 
1.176722257e+000 1.932583846e+000 
1.189235587e+000 1.935334000e+000 
1.202952623e+000 1.937625680e+000 
1.199635779e+000 1.936846623e+000 
1.018680509e+000 1.063840551e+000 
1.019476416e+000 1.064690201e+000 
1.019349410e+000 1.064622172e+000 
1.015131851e+000 1.059758918e+000 
1.016842967e+000 1.062483462e+000 
1.019568082e+000 1.064726585e+000 
1.020015089e+000 1.064974878e+000 
1.018867900e+000 1.064102101e+000 
1.017701908e+000 1.063235056e+000 
1.016436535e+000 1.062176385e+000 
1.015821053e+000 1.061284203e+000 
1.015945276e+000 1.061544332e+000 
1.020825694e+000 1.065588444e+000 
1.015638080e+000 1.060963223e+000 
1.016720134e+000 1.062365504e+000 
1.015017166e+000 1.059737300e+000 
1.015523395e+000 1.060941606e+000 
1.014904122e+000 1.059230585e+000 
1.001575886e+000 1.000362499e+000 
1.001688600e+000 1.000376448e+000 
1.001731316e+000 1.000376729e+000 
1.022394250e+000 1.076606185e+000 
1.024425379e+000 1.078586115e+000 
1.023074214e+000 1.077315170e+000 
1.025336296e+000 1.079338751e+000 
1.025865871e+000 1.079720100e+000 
1.022303482e+000 1.076506953e+000 
1.022137887e+000 1.076361219e+000 
1.022047119e+000 1.076261987e+000 
1.021368707e+000 1.075359120e+000 
1.021701640e+000 1.075707143e+000 
1.024175025e+000 1.078337868e+000 
1.027131629e+000 1.080667791e+000 
1.025550600e+000 1.079483156e+000 
1.021812437e+000 1.075825114e+000 
1.024681742e+000 1.078831082e+000 
1.022617873e+000 1.076832816e+000 
1.023655936e+000 1.077955076e+000 
1.026476323e+000 1.080250707e+000 
1.026888472e+000 1.080434479e+000 
1.362976827e+000 1.978329531e+000 
1.450627344e+000 1.990014891e+000 
1.291697219e+000 1.961110903e+000 
1.391221818e+000 1.982557450e+000 
1.294805510e+000 1.962106545e+000 
1.293412005e+000 1.961758375e+000 
1.389756109e+000 1.982417693e+000 
1.267601996e+000 1.951434655e+000 
1.302300005e+000 1.964744894e+000 
1.344743035e+000 1.975089428e+000 
1.268096683e+000 1.951641205e+000 
1.333544340e+000 1.972712946e+000 
1.288679100e+000 1.959943392e+000 
1.360924503e+000 1.977717634e+000 
1.361286078e+000 1.977785656e+000 
1.355921122e+000 1.977098552e+000 
1.423272552e+000 1.987166539e+000 
1.265883578e+000 1.950154677e+000 
1.264926103e+000 1.949953283e+000 
1.392604987e+000 1.982607346e+000 
1.428482493e+000 1.987760113e+000 
1.428364023e+000 1.987758761e+000 
1.589162250e+000 1.998619521e+000 
1.360918626e+000 1.977614052e+000 
1.345711448e+000 1.975140457e+000 
1.413786916e+000 1.986083365e+000 
1.426839976e+000 1.987599389e+000 
1.271431622e+000 1.953249910e+000 
1.294288346e+000 1.961906410e+000 
1.343657887e+000 1.974867239e+000 
1.273820426e+000 1.953786172e+000 
1.409959454e+000 1.985691168e+000 
1.459407988e+000 1.990864542e+000 
1.444203733e+000 1.988878082e+000 
1.298519748e+000 1.963475549e+000 
1.352849082e+000 1.976531279e+000 
1.271224633e+000 1.952986243e+000 
1.270555589e+000 1.952621559e+000 
1.273176481e+000 1.953458249e+000 
1.269037733e+000 1.952547553e+000 
1.270653931e+000 1.952927765e+000 
1.291971460e+000 1.961563564e+000 
1.339173601e+000 1.973883294e+000 
1.456698686e+000 1.990730378e+000 
1.349910192e+000 1.975864344e+000 
1.427809634e+000 1.987746286e+000 
1.424839896e+000 1.987489899e+000 
1.299769163e+000 1.963922825e+000 
1.361491319e+000 1.977968706e+000 
1.444227017e+000 1.989027998e+000 
1.702862480e+000 2.000000000e+000 
1.420890642e+000 1.987009772e+000 
1.273943170e+000 1.953972372e+000 
1.296690930e+000 1.963109330e+000 
1.288479690e+000 1.959367876e+000 
1.297161964e+000 1.963200911e+000 
1.279990765e+000 1.956380513e+000 
1.445802071e+000 1.989355483e+000 
1.445001603e+000 1.989351845e+000 
1.341296357e+000 1.973910088e+000 
1.295536463e+000 1.962917104e+000 
1.276779322e+000 1.955104880e+000 
1.419472277e+000 1.986798931e+000 
1.338436318e+000 1.973612215e+000 
1.393174008e+000 1.982828253e+000 
1.377037044e+000 1.980672709e+000 
1.384625030e+000 1.981594077e+000 
1.386004395e+000 1.981865362e+000 
1.375030924e+000 1.980447568e+000 
1.339112091e+000 1.973657612e+000 
1.276655460e+000 1.954977912e+000 
1.303526133e+000 1.965167286e+000 
1.350322632e+000 1.976150306e+000 
1.382433850e+000 1.981576653e+000 
1.277887325e+000 1.955177301e+000 
1.348149851e+000 1.975844512e+000 
1.278844551e+000 1.955852823e+000 
1.304980593e+000 1.965444562e+000 
1.284713034e+000 1.957946083e+000 
1.365625390e+000 1.978694470e+000 
1.285144175e+000 1.958574451e+000 
1.315557172e+000 1.968750448e+000 
1.349551372e+000 1.975862236e+000 
1.282560722e+000 1.957324118e+000 
1.365857376e+000 1.978860645e+000 
1.283487955e+000 1.957752373e+000 
1.378564479e+000 1.980971990e+000 
1.660488133e+000 1.999755926e+000 
1.281805422e+000 1.956882244e+000 
1.305098538e+000 1.965797784e+000 
1.281914850e+000 1.957013134e+000 
1.309129200e+000 1.966968668e+000 
1.308448028e+000 1.966967606e+000 
1.306823594e+000 1.966950630e+000 
1.319483380e+000 1.969717361e+000 
1.278306438e+000 1.955675320e+000 
1.282007649e+000 1.957299267e+000 
1.305783496e+000 1.965996663e+000 
1.279190195e+000 1.956095876e+000 
1.324520418e+000 1.970812518e+000 
1.322991019e+000 1.970504613e+000 
1.353793136e+000 1.976941323e+000 
1.274701883e+000 1.954553729e+000 
1.446745822e+000 1.989676309e+000 
1.356358008e+000 1.977161758e+000 
1.353426526e+000 1.976706066e+000 
1.314805804e+000 1.968658264e+000 
1.305920038e+000 1.965999667e+000 
1.379822446e+000 1.981349502e+000 
1.312780381e+000 1.968035951e+000 
1.368269032e+000 1.979207864e+000 
1.315987992e+000 1.968864202e+000 
1.355575626e+000 1.976970190e+000 
1.322100725e+000 1.970216170e+000 
1.286434418e+000 1.958601420e+000 
1.286776093e+000 1.958772740e+000 
1.372317105e+000 1.979975257e+000 
1.448838432e+000 1.989937563e+000 
1.311926803e+000 1.967636943e+000 
1.314048860e+000 1.968505737e+000 
1.373327033e+000 1.980129698e+000 
1.350392738e+000 1.976249044e+000 
1.351562589e+000 1.976474844e+000 
1.304908531e+000 1.965381105e+000 
1.372666203e+000 1.980102039e+000 
1.331621009e+000 1.972091559e+000 
1.449675862e+000 1.989991707e+000 
1.301076390e+000 1.964365452e+000 
1.375381594e+000 1.980571582e+000 
1.291514954e+000 1.960475682e+000 
1.310090358e+000 1.967336007e+000 
1.312848987e+000 1.968372507e+000 
1.378701372e+000 1.981019253e+000 
1.291434873e+000 1.960306486e+000 
1.668502993e+000 1.999976762e+000 
1.312028511e+000 1.967798666e+000 
1.334695794e+000 1.972996658e+000 
1.333283815e+000 1.972702108e+000 
1.300455408e+000 1.964018632e+000 
1.667348814e+000 1.999881642e+000 
1.664948504e+000 1.999860621e+000 
1.300780807e+000 1.964228345e+000 
1.316856201e+000 1.969169845e+000 
1.644628757e+000 1.999416824e+000 
1.303030777e+000 1.964872640e+000 
1.318198289e+000 1.969523788e+000 
1.330372309e+000 1.972010246e+000 
1.374901933e+000 1.980332402e+000 
1.330972558e+000 1.972026216e+000 
1.341467258e+000 1.974354269e+000 
1.325662947e+000 1.970985964e+000 
1.357343484e+000 1.977574224e+000 
1.345752707e+000 1.975222266e+000 
1.326377916e+000 1.971344366e+000 
1.398427697e+000 1.983866843e+000 
1.345075467e+000 1.975111846e+000 
1.335711744e+000 1.973154319e+000 
1.327906774e+000 1.971525987e+000 
1.328986796e+000 1.971649246e+000 
1.387546999e+000 1.982265543e+000 
1.337110796e+000 1.973445522e+000 
1.346425604e+000 1.975397648e+000 
1.324016627e+000 1.970793131e+000 
1.321610376e+000 1.970147026e+000 
1.387595913e+000 1.982276275e+000 
1.320980665e+000 1.969930582e+000 
1.321322282e+000 1.970066287e+000 
1.406065793e+000 1.985247571e+000 
1.346213586e+000 1.975295200e+000 
1.347612637e+000 1.975582206e+000 
1.642694310e+000 1.999399824e+000 
1.641355801e+000 1.999388514e+000 
1.336801357e+000 1.973344287e+000 
1.407745759e+000 1.985445989e+000 
1.412449050e+000 1.985972300e+000 
1.410151811e+000 1.985718711e+000 
1.299368985e+000 1.963523921e+000 
1.363016173e+000 1.978384928e+000 
1.362634305e+000 1.978290170e+000 
1.536635985e+000 1.996934785e+000 
1.417177390e+000 1.986489331e+000 
1.417923452e+000 1.986525352e+000 
1.393350646e+000 1.982890644e+000 
1.377734937e+000 1.980784754e+000 
1.423513483e+000 1.987191843e+000 
1.416042822e+000 1.986377738e+000 
1.597893646e+000 1.998902224e+000 
1.593487793e+000 1.998895982e+000 
1.591513470e+000 1.998805747e+000 
1.602890784e+000 1.998988100e+000 
1.571533730e+000 1.998315377e+000 
1.566073714e+000 1.998172062e+000 
1.534708173e+000 1.996748453e+000 
1.575778475e+000 1.998547771e+000 
1.575231782e+000 1.998329962e+000 
1.584042234e+000 1.998584049e+000 
1.585046698e+000 1.998604279e+000 
1.582194456e+000 1.998568676e+000 
1.587828552e+000 1.998610256e+000 
1.575500836e+000 1.998336959e+000 
1.397319514e+000 1.983671925e+000 
1.362619711e+000 1.978226131e+000 
1.401520116e+000 1.984558404e+000 
1.393740959e+000 1.983032884e+000 
1.399906463e+000 1.984248772e+000 
1.388095004e+000 1.982278869e+000 
1.387543278e+000 1.982255231e+000 
1.394331870e+000 1.983324028e+000 
1.402329293e+000 1.984679807e+000 
1.367343414e+000 1.979053177e+000 
1.362757720e+000 1.978307104e+000 
1.404886298e+000 1.984963397e+000 
1.398333474e+000 1.983754470e+000 
1.412047962e+000 1.985897487e+000 
1.660283337e+000 1.999653518e+000 
1.540353841e+000 1.997120887e+000 
1.657441036e+000 1.999630488e+000 
1.550812784e+000 1.997669660e+000 
1.542613626e+000 1.997210049e+000 
1.656700603e+000 1.999615866e+000 
1.552300278e+000 1.997677107e+000 
1.605395984e+000 1.999144791e+000 
1.653366700e+000 1.999608460e+000 
1.548511186e+000 1.997484468e+000 
1.548293240e+000 1.997469531e+000 
1.544629053e+000 1.997302949e+000 
1.647995066e+000 1.999450440e+000 
1.546998523e+000 1.997438572e+000 
1.648223910e+000 1.999573130e+000 
1.648302081e+000 1.999577726e+000 
1.455229202e+000 1.990531246e+000 
1.603422212e+000 1.998990132e+000 
1.530726920e+000 1.996627442e+000 
1.600931265e+000 1.998917971e+000 
1.574445420e+000 1.998327477e+000 
1.627618940e+000 1.999357626e+000 
1.567355821e+000 1.998299191e+000 
1.624805862e+000 1.999286527e+000 
1.622866423e+000 1.999269548e+000 
1.429048650e+000 1.987880047e+000 
1.472992496e+000 1.992194816e+000 
1.618420837e+000 1.999245006e+000 
1.480639683e+000 1.993021531e+000 
1.531680490e+000 1.996706980e+000 
1.511270959e+000 1.995578901e+000 
1.474539998e+000 1.992409908e+000 
1.437403556e+000 1.988636197e+000 
1.462795772e+000 1.991318822e+000 
1.517543635e+000 1.996094638e+000 
1.513995546e+000 1.995881463e+000 
1.526181129e+000 1.996526626e+000 
1.526939817e+000 1.996535703e+000 
1.469209000e+000 1.991865385e+000 
1.525345145e+000 1.996462188e+000 
1.440279428e+000 1.988846523e+000 
1.469776679e+000 1.991970564e+000 
1.528144918e+000 1.996596630e+000 
1.461575073e+000 1.991121337e+000 
1.464422658e+000 1.991533957e+000 
1.484915940e+000 1.993446728e+000 
1.436648653e+000 1.988587169e+000 
1.435627445e+000 1.988540853e+000 
1.434050589e+000 1.988278324e+000 
1.504370774e+000 1.995204986e+000 
1.437264418e+000 1.988615183e+000 
1.432595387e+000 1.988134354e+000 
1.483847299e+000 1.993298683e+000 
1.501472300e+000 1.995099715e+000 
1.498672233e+000 1.994627435e+000 
1.519142158e+000 1.996163182e+000 
1.471263186e+000 1.992046921e+000 
1.520211363e+000 1.996187919e+000 
1.500046921e+000 1.994799914e+000 
1.516909405e+000 1.995923337e+000 
1.471298093e+000 1.992056809e+000 
1.494269187e+000 1.994272605e+000 
1.499495564e+000 1.994684810e+000 
1.489461210e+000 1.993887339e+000 
1.560296785e+000 1.998006399e+000 
1.562313723e+000 1.998037236e+000 
1.558584111e+000 1.997892816e+000 
1.561376950e+000 1.998028043e+000 
1.486582580e+000 1.993583789e+000 
1.537498152e+000 1.996954952e+000 

