1.000938447e+000 1.006949628e+000 
1.000417251e+000 1.005925279e+000 
1.064830461e+000 1.965946863e+000 
1.059323256e+000 1.962976174e+000 
1.046155720e+000 1.954482626e+000 
1.047772133e+000 1.955418211e+000 
1.041362425e+000 1.950642531e+000 
1.074177886e+000 1.969910037e+000 
1.089332576e+000 1.976201118e+000 
1.019361326e+000 1.925207543e+000 
1.083876564e+000 1.974114435e+000 
1.101176827e+000 1.980012486e+000 
1.049137283e+000 1.956588919e+000 
1.091320161e+000 1.976777316e+000 
1.012018880e+000 1.912333870e+000 
1.024268842e+000 1.932879752e+000 
1.087717947e+000 1.975016834e+000 
1.031534715e+000 1.941804740e+000 
1.039056573e+000 1.948896981e+000 
1.022856189e+000 1.931148903e+000 
1.130039297e+000 1.987081805e+000 
1.064909909e+000 1.965962043e+000 
1.007355512e+000 1.899911648e+000 
1.062682564e+000 1.964590691e+000 
1.066072057e+000 1.966885964e+000 
1.071027203e+000 1.969105685e+000 
1.069265135e+000 1.967964517e+000 
1.088118882e+000 1.975071085e+000 
1.006342284e+000 1.894808847e+000 
1.006650073e+000 1.897786602e+000 
1.014922656e+000 1.917734378e+000 
1.065510792e+000 1.966692645e+000 
1.027202207e+000 1.936824534e+000 
1.024692207e+000 1.933120110e+000 
1.011193525e+000 1.910358672e+000 
1.074524213e+000 1.970269800e+000 
1.015761214e+000 1.919537874e+000 
1.023596258e+000 1.932218129e+000 
1.009265433e+000 1.906158379e+000 
1.025836729e+000 1.934915056e+000 
1.037904480e+000 1.947971532e+000 
1.006033106e+000 1.893549876e+000 
1.009356439e+000 1.906439643e+000 
1.007110407e+000 1.898874430e+000 
1.024909293e+000 1.934193024e+000 
1.008315942e+000 1.903183725e+000 
1.007644095e+000 1.900978588e+000 
1.072358276e+000 1.969436801e+000 
1.102472810e+000 1.980330829e+000 
1.069481292e+000 1.968471474e+000 
1.015222276e+000 1.918650987e+000 
1.095676242e+000 1.978063553e+000 
1.007204993e+000 1.899045573e+000 
1.066091523e+000 1.967167332e+000 
1.069818937e+000 1.968538684e+000 
1.080170594e+000 1.972606480e+000 
1.047730221e+000 1.954899698e+000 
1.065046618e+000 1.966453820e+000 
1.105692433e+000 1.981383838e+000 
1.090786517e+000 1.976440604e+000 
1.068212148e+000 1.967825173e+000 
1.142021948e+000 1.988771392e+000 
1.058797536e+000 1.962462250e+000 
1.077584375e+000 1.972030282e+000 
1.021068708e+000 1.928052172e+000 
1.077401197e+000 1.971235127e+000 
1.047670939e+000 1.954705216e+000 
1.062819273e+000 1.965082468e+000 
1.027370719e+000 1.937004482e+000 
1.048846619e+000 1.956545343e+000 
1.061550601e+000 1.964347527e+000 
1.114829843e+000 1.983590756e+000 
1.093126676e+000 1.977193862e+000 
1.065544800e+000 1.966802822e+000 
1.092277073e+000 1.977022719e+000 
1.024153781e+000 1.932594549e+000 
1.026052183e+000 1.935347200e+000 
1.103863512e+000 1.980875968e+000 
1.026710956e+000 1.936120345e+000 
1.014972431e+000 1.918013626e+000 
1.013387191e+000 1.915232483e+000 
1.006366548e+000 1.896244106e+000 
1.063208283e+000 1.965431470e+000 
1.074759718e+000 1.970513324e+000 
1.010090788e+000 1.908236379e+000 
1.067923602e+000 1.967419148e+000 
1.061315296e+000 1.964232081e+000 
1.008563849e+000 1.905175065e+000 
1.010825557e+000 1.909775770e+000 
1.077059327e+000 1.971101179e+000 
1.025298303e+000 1.934389496e+000 
1.016726164e+000 1.920589394e+000 
1.041799973e+000 1.950965016e+000 
1.027147301e+000 1.936675437e+000 
1.009521368e+000 1.906786298e+000 
1.122700007e+000 1.985352298e+000 
1.010687653e+000 1.909507826e+000 
1.040499728e+000 1.949945949e+000 
1.028504539e+000 1.938363685e+000 
1.059865049e+000 1.963279791e+000 
1.112733147e+000 1.982926334e+000 
1.010376121e+000 1.909158278e+000 
1.055684567e+000 1.960974220e+000 
1.007773520e+000 1.902658474e+000 
1.035932414e+000 1.946310913e+000 
1.008822293e+000 1.905542590e+000 
1.014175974e+000 1.916756731e+000 
1.057564847e+000 1.962075786e+000 
1.108731177e+000 1.982140814e+000 
1.070910314e+000 1.968728731e+000 
1.008475066e+000 1.904892043e+000 
1.011973692e+000 1.911923608e+000 
1.009487469e+000 1.906681928e+000 
1.028756193e+000 1.938609466e+000 
1.028036132e+000 1.937733957e+000 
1.022347128e+000 1.929871414e+000 
1.007433456e+000 1.900160855e+000 
1.048713686e+000 1.956348871e+000 
1.131626783e+000 1.987112780e+000 
1.095489128e+000 1.977959994e+000 
1.049673365e+000 1.956807222e+000 
1.011146869e+000 1.910316022e+000 
1.039600777e+000 1.949254584e+000 
1.049806298e+000 1.957003694e+000 
1.007656102e+000 1.901532208e+000 
1.009641351e+000 1.907613571e+000 
1.106459087e+000 1.981506603e+000 
1.053543109e+000 1.959861097e+000 
1.060254059e+000 1.963628794e+000 
1.024737319e+000 1.933312767e+000 
1.007594624e+000 1.900353502e+000 
1.057037483e+000 1.961864863e+000 
1.022512807e+000 1.930024310e+000 
1.016170116e+000 1.920167156e+000 
1.049485293e+000 1.956623500e+000 
1.030673666e+000 1.940889604e+000 
1.016913826e+000 1.921231178e+000 
1.058185148e+000 1.962402413e+000 
1.086354868e+000 1.974848123e+000 
1.008226851e+000 1.902874753e+000 
1.106723176e+000 1.981665206e+000 
1.024833597e+000 1.933509239e+000 
1.012333304e+000 1.913112923e+000 
1.097691904e+000 1.978874911e+000 
1.140897251e+000 1.988303442e+000 
1.013241138e+000 1.914756763e+000 
1.012615745e+000 1.913597633e+000 
1.055477627e+000 1.960655777e+000 
1.119506176e+000 1.984166405e+000 
1.012051805e+000 1.912340341e+000 
1.143065464e+000 1.989047448e+000 
1.017327130e+000 1.922108663e+000 
1.095869316e+000 1.978200074e+000 
1.028089401e+000 1.937837251e+000 
1.032445783e+000 1.943166494e+000 
1.132300663e+000 1.987357862e+000 
1.021878178e+000 1.929064240e+000 
1.018340604e+000 1.923749357e+000 
1.033125457e+000 1.943739677e+000 
1.070892459e+000 1.968581356e+000 
1.073070333e+000 1.969511841e+000 
1.032736447e+000 1.943466245e+000 
1.095636336e+000 1.977983101e+000 
1.009552879e+000 1.906910119e+000 
1.015479715e+000 1.918765291e+000 
1.039824108e+000 1.949357420e+000 
1.135035782e+000 1.987893715e+000 
1.057962235e+000 1.962332848e+000 
1.116315354e+000 1.983977586e+000 
1.128942398e+000 1.986145112e+000 
1.040836706e+000 1.950128607e+000 
1.163903193e+000 1.991318049e+000 
1.032030646e+000 1.942369353e+000 
1.151516820e+000 1.989686900e+000 
1.125734022e+000 1.985670646e+000 
1.099116332e+000 1.979224430e+000 
1.085206159e+000 1.974418367e+000 
1.012836965e+000 1.914132698e+000 
1.154251939e+000 1.990222753e+000 
1.109911008e+000 1.982458020e+000 
1.026487625e+000 1.936076769e+000 
1.051674905e+000 1.958074468e+000 
1.015138109e+000 1.918166522e+000 
1.036990798e+000 1.947176200e+000 
1.052608359e+000 1.958852281e+000 
1.126472139e+000 1.985816895e+000 
1.011569443e+000 1.911703377e+000 
1.030576812e+000 1.940842780e+000 
1.050528802e+000 1.957524505e+000 
1.010287338e+000 1.908888252e+000 
1.080470409e+000 1.972769122e+000 
1.016130611e+000 1.919927004e+000 
1.037448138e+000 1.947501185e+000 
1.116350884e+000 1.984098967e+000 
1.021974456e+000 1.929260712e+000 
1.035752026e+000 1.946303544e+000 
1.030141678e+000 1.940136215e+000 
1.033747177e+000 1.944261578e+000 
1.035047437e+000 1.945515591e+000 
1.139095876e+000 1.988155916e+000 
1.034425717e+000 1.944934431e+000 
1.050985144e+000 1.957994852e+000 
1.013206361e+000 1.914521827e+000 
1.013842183e+000 1.915781903e+000 
1.011041881e+000 1.910108878e+000 
1.108660385e+000 1.982042312e+000 
1.049560474e+000 1.956789564e+000 
1.017145442e+000 1.921442789e+000 
1.009336312e+000 1.906246886e+000 
1.046794768e+000 1.954512674e+000 
1.050459425e+000 1.957480929e+000 
1.043741066e+000 1.952198983e+000 
1.116109206e+000 1.983904240e+000 
1.016451203e+000 1.920367747e+000 
1.014688997e+000 1.917576888e+000 
1.077555781e+000 1.971358913e+000 
1.081082769e+000 1.973157239e+000 
1.017993060e+000 1.922803649e+000 
1.013552870e+000 1.915385379e+000 
1.045920665e+000 1.954012278e+000 
1.027474547e+000 1.937082688e+000 
1.031350973e+000 1.941796170e+000 
1.042942709e+000 1.951905984e+000 
1.021817771e+000 1.928948682e+000 
1.045630001e+000 1.953968702e+000 
1.044731050e+000 1.953277337e+000 
1.020056361e+000 1.926308031e+000 
1.010948966e+000 1.910007168e+000 
1.019296251e+000 1.924841870e+000 
1.029316323e+000 1.939384650e+000 
1.044049718e+000 1.952705248e+000 
1.030317753e+000 1.940314612e+000 
1.019796768e+000 1.925937112e+000 
1.031807315e+000 1.942266517e+000 
1.025751060e+000 1.934707535e+000 
1.021162273e+000 1.928167636e+000 
1.020159354e+000 1.926602352e+000 
1.019222188e+000 1.924798856e+000 
1.020422204e+000 1.927111992e+000 
1.018506283e+000 1.923902253e+000 
1.020733935e+000 1.927740608e+000 
1.018721736e+000 1.924334396e+000 
1.012247882e+000 1.912755002e+000 
1.013754161e+000 1.915576919e+000 
1.011255381e+000 1.910994520e+000 
1.022730022e+000 1.930537409e+000 
1.027827062e+000 1.937474829e+000 
1.023190380e+000 1.931481747e+000 
1.023470091e+000 1.931606635e+000 
1.036386873e+000 1.946705255e+000 
1.043150766e+000 1.952013883e+000 
1.082583734e+000 1.973433704e+000 
1.039976519e+000 1.949437242e+000 
1.016518421e+000 1.920498635e+000 
1.038797674e+000 1.948446084e+000 
1.088470129e+000 1.975517857e+000 
1.016700600e+000 1.920526056e+000 
1.036110382e+000 1.946383366e+000 
1.029482001e+000 1.939537547e+000 
1.027640225e+000 1.937255348e+000 
1.005072417e+000 1.083860191e+000 
1.004321911e+000 1.081243468e+000 
1.003981847e+000 1.078986326e+000 
1.004539240e+000 1.081495628e+000 
1.005038121e+000 1.082983393e+000 
1.004129897e+000 1.079819593e+000 
1.003922273e+000 1.078780154e+000 
1.004613772e+000 1.081838579e+000 
1.004687291e+000 1.082192602e+000 
1.004008711e+000 1.079523557e+000 
1.004886815e+000 1.082554792e+000 
1.004797671e+000 1.082285570e+000 
1.004822945e+000 1.082491630e+000 
1.001418759e+000 1.014822447e+000 
1.002682619e+000 1.016894405e+000 
1.002257976e+000 1.016190796e+000 
1.002027320e+000 1.015617767e+000 
1.002994524e+000 1.016982807e+000 
1.002330991e+000 1.016291073e+000 
1.003067539e+000 1.017083111e+000 
1.002671055e+000 1.016335299e+000 
1.003085651e+000 1.017086410e+000 
1.002047407e+000 1.015621423e+000 
1.003042852e+000 1.016988900e+000 
1.002110234e+000 1.015622116e+000 
1.002986289e+000 1.016965359e+000 
1.003060964e+000 1.016992225e+000 
1.005637776e+000 1.120461469e+000 
1.005265114e+000 1.118729836e+000 
1.005932169e+000 1.120838929e+000 
1.005538011e+000 1.120145825e+000 
1.006001827e+000 1.121202808e+000 
1.005480299e+000 1.119710552e+000 
1.005117063e+000 1.118499176e+000 
1.001152517e+000 1.007261834e+000 
1.001061510e+000 1.007227524e+000 
1.000825741e+000 1.006867804e+000 
1.000631320e+000 1.006853463e+000 
1.000581257e+000 1.006509286e+000 
1.001070872e+000 1.007243730e+000 
1.000984688e+000 1.006950291e+000 
1.001088984e+000 1.007245727e+000 
1.000066378e+000 1.000337365e+000 
1.000247458e+000 1.000358483e+000 
1.000240653e+000 1.000358119e+000 
1.001785341e+000 1.015033489e+000 
1.001258574e+000 1.014234011e+000 
1.002211847e+000 1.015824416e+000 
1.001935355e+000 1.015126899e+000 
1.001217902e+000 1.013465108e+000 
1.001654453e+000 1.015029348e+000 
1.001588075e+000 1.015029079e+000 
1.001921449e+000 1.015055512e+000 
1.001158328e+000 1.013464839e+000 
1.001220833e+000 1.014233742e+000 
1.003117004e+000 1.029592914e+000 
1.003400529e+000 1.030905020e+000 
1.003120053e+000 1.029663824e+000 
1.003892377e+000 1.031160524e+000 
1.003767368e+000 1.031089614e+000 
1.000000000e+000 1.000071120e+000 
1.191181103e+000 1.995126939e+000 
1.153326216e+000 1.989945349e+000 
1.172670956e+000 1.992678130e+000 
1.232586742e+000 1.998974881e+000 
1.152349130e+000 1.989914796e+000 
1.211400761e+000 1.997203128e+000 
1.224254467e+000 1.998603567e+000 
1.207424379e+000 1.996979944e+000 
1.162106355e+000 1.991306778e+000 
1.219814507e+000 1.998203923e+000 
1.181488001e+000 1.993755586e+000 
1.196683225e+000 1.995853672e+000 
1.190608108e+000 1.995094208e+000 
1.214064170e+000 1.997634410e+000 
1.224921704e+000 1.998768207e+000 
1.161562371e+000 1.991092334e+000 
1.169500994e+000 1.992315431e+000 
1.213586672e+000 1.997601679e+000 
1.164646165e+000 1.991381730e+000 
1.174096347e+000 1.992896425e+000 
1.122305808e+000 1.984295207e+000 
1.159884667e+000 1.990998711e+000 
1.181423878e+000 1.993734957e+000 
1.199035480e+000 1.995858019e+000 
1.187095463e+000 1.994660786e+000 
1.167325230e+000 1.992244709e+000 
1.216351041e+000 1.997848609e+000 
1.201263590e+000 1.996253210e+000 
1.186925999e+000 1.994461691e+000 
1.165763563e+000 1.992033511e+000 
1.172106355e+000 1.992406902e+000 
1.175860914e+000 1.993404864e+000 
1.196205727e+000 1.995820941e+000 
1.212598622e+000 1.997379481e+000 
1.153910111e+000 1.989989748e+000 
1.242713696e+000 1.999968499e+000 
1.235515825e+000 1.999447946e+000 
1.185281006e+000 1.994247149e+000 
1.255467785e+000 2.000000000e+000 
1.220931406e+000 1.998248147e+000 
1.155817671e+000 1.990459719e+000 
1.204800626e+000 1.996773270e+000 
1.195010825e+000 1.995560520e+000 
1.224782233e+000 1.998753830e+000 
1.148129058e+000 1.989515259e+000 
1.184123485e+000 1.993972891e+000 
1.166311595e+000 1.992043436e+000 
1.247670898e+000 1.999978423e+000 
1.158434315e+000 1.990917164e+000 
1.181126980e+000 1.993702226e+000 
1.156006338e+000 1.990641530e+000 
1.182273897e+000 1.993967936e+000 
1.174358461e+000 1.992985840e+000 
1.241664649e+000 1.999794556e+000 
1.199330121e+000 1.995902488e+000 
1.155486599e+000 1.990268403e+000 
1.229445207e+000 1.998952074e+000 
1.204486856e+000 1.996763602e+000 
1.195809829e+000 1.995647255e+000 
1.195512706e+000 1.995642718e+000 
1.212058130e+000 1.997346750e+000 
1.209067221e+000 1.997163140e+000 
1.186448502e+000 1.994428960e+000 
1.235437552e+000 1.999118209e+000 
1.236624543e+000 1.999618497e+000 
1.223444818e+000 1.998391475e+000 
1.200332829e+000 1.996220479e+000 
1.239978885e+000 1.999792440e+000 
1.218386660e+000 1.998073484e+000 
1.238176168e+000 1.999623572e+000 
1.226719443e+000 1.998942150e+000 
1.149845018e+000 1.989536836e+000 
1.179694755e+000 1.993487498e+000 
1.215439560e+000 1.997827029e+000 
1.188498887e+000 1.994803209e+000 
1.189791787e+000 1.994879764e+000 
1.217696679e+000 1.998003088e+000 
1.193362583e+000 1.995279301e+000 
1.223171218e+000 1.998320154e+000 
1.206598365e+000 1.996947213e+000 
1.235142707e+000 1.998994385e+000 
1.199377821e+000 1.996010444e+000 
1.150657261e+000 1.989545528e+000 
1.151037303e+000 1.989617922e+000 
1.217219165e+000 1.997897425e+000 
1.175500270e+000 1.992993796e+000 

