1.025251731e+000 1.041488423e+000 
1.025180637e+000 1.041474850e+000 
1.000182969e+000 1.000034540e+000 
1.000143352e+000 1.000034379e+000 
1.000287869e+000 1.000035657e+000 
1.000250133e+000 1.000035647e+000 
1.000174681e+000 1.000034456e+000 
1.000190479e+000 1.000035319e+000 
1.000157619e+000 1.000034387e+000 
1.001035746e+000 1.000270798e+000 
1.001632443e+000 1.000286699e+000 
1.001000184e+000 1.000270454e+000 
1.001329798e+000 1.000280604e+000 
1.001475006e+000 1.000282070e+000 
1.001564734e+000 1.000284367e+000 
1.001177079e+000 1.000276559e+000 
1.001228963e+000 1.000276988e+000 
1.001514120e+000 1.000283611e+000 
1.001069722e+000 1.000272539e+000 
1.001301350e+000 1.000278007e+000 
1.001284013e+000 1.000277545e+000 
1.001670329e+000 1.000287153e+000 
1.001673672e+000 1.000714696e+000 
1.002030589e+000 1.000746162e+000 
1.001907214e+000 1.000739792e+000 
1.001704227e+000 1.000721565e+000 
1.001830497e+000 1.000731694e+000 
1.002018231e+000 1.000740455e+000 
1.001798333e+000 1.000731325e+000 
1.002052496e+000 1.000750474e+000 
1.000095418e+000 1.000011419e+000 
1.000051514e+000 1.000011199e+000 
1.000109171e+000 1.000011485e+000 
9.999999999e-001 1.000010722e+000 
1.000088256e+000 1.000011232e+000 
1.000016714e+000 1.000010927e+000 
1.000090911e+000 1.000011378e+000 
1.037391685e+000 1.106909872e+000 
1.040445178e+000 1.107898921e+000 
1.049544968e+000 1.110434626e+000 
1.045325426e+000 1.109368637e+000 
1.035906678e+000 1.106393115e+000 
1.035211278e+000 1.106097749e+000 
1.051289311e+000 1.110883652e+000 
1.055884676e+000 1.111993619e+000 
1.053054553e+000 1.111268720e+000 
1.044164791e+000 1.109048126e+000 
1.044590503e+000 1.109175362e+000 
1.055958893e+000 1.112021333e+000 
1.052560177e+000 1.111164391e+000 
1.035491373e+000 1.106237468e+000 
1.041589729e+000 1.108290398e+000 
1.049974909e+000 1.110549163e+000 
1.049017587e+000 1.110320470e+000 
1.040031760e+000 1.107826040e+000 
1.042856756e+000 1.108697577e+000 
1.046056529e+000 1.109589341e+000 
1.048542627e+000 1.110252696e+000 
1.039785339e+000 1.107727398e+000 
1.039546931e+000 1.107655179e+000 
1.039918770e+000 1.107790534e+000 
1.045617169e+000 1.109428373e+000 
1.037594829e+000 1.106995184e+000 
1.038163254e+000 1.107219919e+000 
1.047425238e+000 1.109911769e+000 
1.038650857e+000 1.107352928e+000 
1.053239188e+000 1.111308671e+000 
1.027564648e+000 1.044754871e+000 
1.028438283e+000 1.045064813e+000 
1.025984692e+000 1.044187855e+000 
1.028717518e+000 1.045076888e+000 
1.031532775e+000 1.045887715e+000 
1.031279467e+000 1.045870920e+000 
1.030911087e+000 1.045746845e+000 
1.028099417e+000 1.044928602e+000 
1.029357650e+000 1.045319331e+000 
1.027284161e+000 1.044634951e+000 
1.028966532e+000 1.045147662e+000 
1.029170901e+000 1.045240603e+000 
1.031254289e+000 1.045805486e+000 
1.027738415e+000 1.044814095e+000 
1.026906490e+000 1.044520294e+000 
1.031908800e+000 1.046013987e+000 
1.077259636e+000 1.940084493e+000 
1.085742422e+000 1.943580312e+000 
1.106638293e+000 1.950683363e+000 
1.108403094e+000 1.951318009e+000 
1.070440303e+000 1.937153771e+000 
1.104344978e+000 1.950216341e+000 
1.072103110e+000 1.937844537e+000 
1.080683957e+000 1.941615456e+000 
1.196361416e+000 1.970503992e+000 
1.057048388e+000 1.929298996e+000 
1.057411124e+000 1.929515367e+000 
1.056556188e+000 1.928642066e+000 
1.063641155e+000 1.933293503e+000 
1.087681634e+000 1.944118096e+000 
1.095235597e+000 1.946921305e+000 
1.137303871e+000 1.959240421e+000 
1.101228895e+000 1.949275135e+000 
1.079281648e+000 1.940961288e+000 
1.097201328e+000 1.947648363e+000 
1.141981966e+000 1.960413484e+000 
1.057182652e+000 1.929380013e+000 
1.084722692e+000 1.943268609e+000 
1.164456554e+000 1.965205825e+000 
1.064359327e+000 1.933772026e+000 
1.085510236e+000 1.943427870e+000 
1.095761770e+000 1.947378540e+000 
1.102065393e+000 1.949354416e+000 
1.077402903e+000 1.940146333e+000 
1.142633955e+000 1.960447970e+000 
1.189438425e+000 1.969474860e+000 
1.094796725e+000 1.946917451e+000 
1.107119832e+000 1.950890780e+000 
1.244066377e+000 1.976162468e+000 
1.128245185e+000 1.957047828e+000 
1.192864638e+000 1.969977995e+000 
1.074577220e+000 1.939178122e+000 
1.112130966e+000 1.952285973e+000 
1.125957143e+000 1.956391281e+000 
1.066326568e+000 1.934915910e+000 
1.090737155e+000 1.945430815e+000 
1.132354973e+000 1.958047779e+000 
1.057649221e+000 1.929954856e+000 
1.065175350e+000 1.934352298e+000 
1.084740221e+000 1.943336621e+000 
1.087849284e+000 1.944461198e+000 
1.194380564e+000 1.970188878e+000 
1.068615177e+000 1.936197704e+000 
1.108779563e+000 1.951422404e+000 
1.117482990e+000 1.954076169e+000 
1.139434959e+000 1.959635379e+000 
1.165022854e+000 1.965389791e+000 
1.083732739e+000 1.942855636e+000 
1.131118989e+000 1.957759504e+000 
1.132205922e+000 1.958031886e+000 
1.133832903e+000 1.958368323e+000 
1.086325623e+000 1.943835762e+000 
1.093265547e+000 1.946354229e+000 
1.084489907e+000 1.943152039e+000 
1.237693329e+000 1.975811268e+000 
1.101177102e+000 1.949066759e+000 
1.141158973e+000 1.960162921e+000 
1.081085064e+000 1.941671189e+000 
1.082987883e+000 1.942650178e+000 
1.280670622e+000 1.979527848e+000 
1.064625859e+000 1.933948477e+000 
1.078919526e+000 1.940918279e+000 
1.084981563e+000 1.943425036e+000 
1.068970859e+000 1.936325024e+000 
1.069660365e+000 1.936804050e+000 
1.138973666e+000 1.959628659e+000 
1.225771224e+000 1.974297177e+000 
1.098962994e+000 1.948299796e+000 
1.138545136e+000 1.959543705e+000 
1.194721150e+000 1.970296273e+000 
1.070698376e+000 1.937289167e+000 
1.070107767e+000 1.936989100e+000 
1.068314030e+000 1.935992657e+000 
1.074316840e+000 1.939017968e+000 
1.137538299e+000 1.959309123e+000 
1.284449434e+000 1.979902266e+000 
1.058536955e+000 1.930532012e+000 
1.227246631e+000 1.974549790e+000 
1.071201936e+000 1.937484437e+000 
1.083881690e+000 1.943015802e+000 
1.058336212e+000 1.930434524e+000 
1.112997237e+000 1.952585035e+000 
1.092432235e+000 1.946080473e+000 
1.187276778e+000 1.969120830e+000 
1.073394262e+000 1.938601477e+000 
1.144060063e+000 1.960900403e+000 
1.131812963e+000 1.957968275e+000 
1.166185256e+000 1.965483871e+000 
1.074291873e+000 1.938920703e+000 
1.153829127e+000 1.962799417e+000 
1.079946819e+000 1.941276127e+000 
1.240018813e+000 1.976046903e+000 
1.063839379e+000 1.933501502e+000 
1.100006403e+000 1.948699927e+000 
1.079460885e+000 1.941063169e+000 
1.091326968e+000 1.945683069e+000 
1.196047669e+000 1.970472554e+000 
1.188024337e+000 1.969257249e+000 
1.059351785e+000 1.931055647e+000 
1.281431802e+000 1.979712303e+000 
1.091125889e+000 1.945598062e+000 
1.122802126e+000 1.955566355e+000 
1.098452156e+000 1.948070998e+000 
1.075664729e+000 1.939558742e+000 
1.191990092e+000 1.969880262e+000 
1.060742194e+000 1.931832136e+000 
1.079722420e+000 1.941217565e+000 
1.245530228e+000 1.976729586e+000 
1.252351028e+000 1.977333962e+000 
1.278719723e+000 1.979495266e+000 
1.164322651e+000 1.965135791e+000 
1.122282539e+000 1.955391035e+000 
1.190105144e+000 1.969630804e+000 
1.211005099e+000 1.972213859e+000 
1.143100316e+000 1.960657246e+000 
1.123179195e+000 1.955655284e+000 
1.276267887e+000 1.979271301e+000 
1.062504000e+000 1.932785210e+000 
1.282153310e+000 1.979789134e+000 
1.082402783e+000 1.942228111e+000 
1.155680325e+000 1.963122708e+000 
1.194250677e+000 1.970133507e+000 
1.203380262e+000 1.971493172e+000 
1.059151863e+000 1.930946495e+000 
1.149780354e+000 1.962087238e+000 
1.155767779e+000 1.963229719e+000 
1.132936244e+000 1.958122230e+000 
1.059890378e+000 1.931341841e+000 
1.199581223e+000 1.970952830e+000 
1.256330952e+000 1.977983897e+000 
1.112320958e+000 1.952381297e+000 
1.253521750e+000 1.977573238e+000 
1.256934880e+000 1.977992065e+000 
1.259136692e+000 1.978049971e+000 
1.166696320e+000 1.965622882e+000 
1.250565655e+000 1.977112276e+000 
1.109929418e+000 1.951630695e+000 
1.262690959e+000 1.978411325e+000 
1.140673878e+000 1.960082195e+000 
1.150867375e+000 1.962213152e+000 
1.152228590e+000 1.962447578e+000 
1.250010294e+000 1.977086209e+000 
1.153014026e+000 1.962632564e+000 
1.168849961e+000 1.965910269e+000 
1.061072627e+000 1.931956964e+000 
1.185516095e+000 1.968769769e+000 
1.274786706e+000 1.979136639e+000 
1.260775859e+000 1.978275147e+000 
1.266962519e+000 1.978849269e+000 
1.203984394e+000 1.971588357e+000 
1.159051328e+000 1.964071052e+000 
1.168259447e+000 1.965771025e+000 
1.120725879e+000 1.954918416e+000 
1.166628872e+000 1.965529502e+000 
1.138370834e+000 1.959496763e+000 
1.121358971e+000 1.955080273e+000 
1.062633418e+000 1.932846816e+000 
1.097531792e+000 1.947839271e+000 
1.255115490e+000 1.977815790e+000 
1.180274091e+000 1.967973123e+000 
1.139726595e+000 1.959766640e+000 
1.183157268e+000 1.968512985e+000 
1.111716856e+000 1.952184843e+000 
1.113092638e+000 1.952806634e+000 
1.158439411e+000 1.963912408e+000 
1.115725075e+000 1.953568560e+000 
1.161695832e+000 1.964758947e+000 
1.156298465e+000 1.963387755e+000 
1.173630629e+000 1.966938879e+000 
1.233699568e+000 1.975267215e+000 
1.065683850e+000 1.934518687e+000 
1.175160022e+000 1.967095855e+000 
1.119606932e+000 1.954641276e+000 
1.196068506e+000 1.970500703e+000 
1.178479759e+000 1.967674947e+000 
1.114887453e+000 1.953213206e+000 
1.171462779e+000 1.966382030e+000 
1.201999292e+000 1.971292566e+000 
1.247281434e+000 1.976838412e+000 
1.249592466e+000 1.977022961e+000 
1.297001627e+000 1.981355820e+000 
1.168645293e+000 1.965829468e+000 
1.177002060e+000 1.967373604e+000 
1.231055655e+000 1.974958178e+000 
1.223473152e+000 1.973912424e+000 
1.289740656e+000 1.980430566e+000 
1.207374393e+000 1.972211134e+000 
1.202452196e+000 1.971432866e+000 
1.206799131e+000 1.972136134e+000 
1.285163731e+000 1.980238887e+000 
1.204986054e+000 1.971777832e+000 
1.216044353e+000 1.973202284e+000 
1.225167860e+000 1.974093234e+000 
1.219494187e+000 1.973516547e+000 
1.282094204e+000 1.979736412e+000 
1.273288438e+000 1.979010121e+000 
1.008932970e+000 1.006374435e+000 
1.008915947e+000 1.006324531e+000 
1.009531730e+000 1.006520863e+000 
1.009771783e+000 1.006564990e+000 
1.008459764e+000 1.006165269e+000 
1.009195613e+000 1.006429251e+000 
1.019351197e+000 1.016624040e+000 
1.021512058e+000 1.017080481e+000 
1.018943174e+000 1.016549374e+000 
1.020277727e+000 1.016803487e+000 
1.012555157e+000 1.014802474e+000 
1.013607488e+000 1.015121758e+000 
1.013955702e+000 1.015267094e+000 
1.013358932e+000 1.015115858e+000 
1.014267137e+000 1.015381569e+000 
1.019621756e+000 1.016713158e+000 
1.021229915e+000 1.017056897e+000 
1.016056848e+000 1.015920918e+000 
1.016717260e+000 1.016073282e+000 
1.017215981e+000 1.016190644e+000 
1.018080864e+000 1.016386786e+000 
1.016272320e+000 1.015967424e+000 
1.023687014e+000 1.017472304e+000 
1.022834156e+000 1.017286357e+000 
1.019556260e+000 1.016679222e+000 
1.020063418e+000 1.016789548e+000 
1.018989514e+000 1.016574473e+000 
1.015681329e+000 1.015815281e+000 
1.016460188e+000 1.016002390e+000 
1.012501241e+000 1.014730724e+000 
1.013265482e+000 1.015071854e+000 
1.014106189e+000 1.015326188e+000 
1.019452492e+000 1.016631860e+000 
1.017354232e+000 1.016198617e+000 
1.024173315e+000 1.017545793e+000 
1.017128139e+000 1.016156272e+000 
1.022531852e+000 1.017235718e+000 
1.024566303e+000 1.017612602e+000 
1.022151789e+000 1.017176631e+000 
1.032006868e+000 1.084112402e+000 
1.033947288e+000 1.084903811e+000 
1.033081840e+000 1.084693041e+000 
1.033609686e+000 1.084803485e+000 
1.032150345e+000 1.084212385e+000 
1.033451080e+000 1.084766023e+000 
1.034280123e+000 1.084985069e+000 
1.034980518e+000 1.085175625e+000 
1.000505619e+000 1.000060597e+000 
1.000663285e+000 1.000061835e+000 
1.000777271e+000 1.000062976e+000 
1.000974069e+000 1.000064945e+000 
1.000685065e+000 1.000061886e+000 
1.000725718e+000 1.000061977e+000 
1.000859658e+000 1.000063855e+000 
1.000485864e+000 1.000060532e+000 
1.000732830e+000 1.000062887e+000 
1.000964442e+000 1.000064215e+000 
1.000672377e+000 1.000061837e+000 
1.000609944e+000 1.000061694e+000 
1.000758750e+000 1.000062925e+000 
1.000635863e+000 1.000061732e+000 
1.000795264e+000 1.000063030e+000 
1.000525465e+000 1.000060601e+000 
1.000900157e+000 1.000064169e+000 
1.000926077e+000 1.000064207e+000 
1.000874583e+000 1.000064039e+000 
1.000710058e+000 1.000061887e+000 
1.000526277e+000 1.000060635e+000 
1.000647625e+000 1.000061744e+000 
1.000332582e+000 1.000059449e+000 
1.000323382e+000 1.000059432e+000 
1.000349492e+000 1.000059460e+000 
1.000490164e+000 1.000060591e+000 
1.000381952e+000 1.000059497e+000 
1.000860049e+000 1.000063879e+000 
1.000661044e+000 1.000061761e+000 
1.000547741e+000 1.000061600e+000 
1.000365042e+000 1.000059486e+000 
1.000439529e+000 1.000060506e+000 
1.000413609e+000 1.000060468e+000 
1.000994181e+000 1.000065010e+000 
1.000388310e+000 1.000059578e+000 
1.023678709e+000 1.017467767e+000 
1.023156746e+000 1.017337856e+000 
1.022456243e+000 1.017222881e+000 
1.022020157e+000 1.017093235e+000 
1.024880487e+000 1.017676080e+000 
1.020966565e+000 1.016858410e+000 
1.024149401e+000 1.017518512e+000 
1.002573614e+000 1.001616684e+000 
1.006569361e+000 1.001963093e+000 
1.008386430e+000 1.002065124e+000 
1.004804539e+000 1.001845265e+000 
1.005951839e+000 1.001932454e+000 
1.005121801e+000 1.001874367e+000 
1.005466404e+000 1.001895695e+000 
1.004607953e+000 1.001832872e+000 
1.002329823e+000 1.001590671e+000 
1.003505986e+000 1.001729879e+000 
1.007826724e+000 1.002045467e+000 
1.008337356e+000 1.002057296e+000 
1.007505088e+000 1.002021048e+000 
1.006917421e+000 1.001984888e+000 
1.007724265e+000 1.002021222e+000 
1.002630140e+000 1.001637859e+000 
1.003642710e+000 1.001749881e+000 
1.007190760e+000 1.001996661e+000 
1.002410124e+000 1.001613629e+000 
1.004114883e+000 1.001787303e+000 
1.005585027e+000 1.001902275e+000 
1.002176680e+000 1.001566385e+000 
1.006436104e+000 1.001957041e+000 
1.005950669e+000 1.001920282e+000 
1.002256981e+000 1.001589190e+000 
1.004365083e+000 1.001810510e+000 
1.002863751e+000 1.001659337e+000 
1.002809512e+000 1.001656378e+000 
1.007341289e+000 1.002008708e+000 
1.003451747e+000 1.001726920e+000 
1.003843464e+000 1.001766691e+000 
1.002589496e+000 1.001632148e+000 
1.004078462e+000 1.001786571e+000 
1.003320823e+000 1.001723533e+000 
1.003627913e+000 1.001745817e+000 
1.002789712e+000 1.001655865e+000 
1.002157375e+000 1.001534163e+000 
1.006629413e+000 1.001970757e+000 
1.002549085e+000 1.001616602e+000 
1.003556843e+000 1.001742752e+000 
1.002395943e+000 1.001592163e+000 
1.005909273e+000 1.001919751e+000 
1.007732399e+000 1.002029876e+000 
1.004885648e+000 1.001856156e+000 
1.005564670e+000 1.001898423e+000 
1.005857514e+000 1.001916864e+000 
1.004314661e+000 1.001805392e+000 
1.003992727e+000 1.001778434e+000 
1.005024818e+000 1.001859697e+000 
1.003792995e+000 1.001760955e+000 
1.003870959e+000 1.001766768e+000 
1.004192892e+000 1.001793727e+000 
1.010398648e+000 1.010547503e+000 
1.010644828e+000 1.010621437e+000 
1.010548996e+000 1.010613057e+000 
1.011778245e+000 1.010911200e+000 
1.011500413e+000 1.010858087e+000 
1.011992534e+000 1.010920997e+000 
1.011352854e+000 1.010797369e+000 
1.012181111e+000 1.010996677e+000 
1.011058624e+000 1.010712325e+000 
1.010604655e+000 1.010621037e+000 
1.012050947e+000 1.010957330e+000 
1.010133489e+000 1.010473528e+000 
1.009793526e+000 1.010396048e+000 
1.010859229e+000 1.010646220e+000 
1.010437956e+000 1.010560348e+000 
1.010715807e+000 1.010633242e+000 
1.010740194e+000 1.010635411e+000 
1.010325116e+000 1.010536646e+000 
1.010257918e+000 1.010528792e+000 
1.011567610e+000 1.010865940e+000 
1.351962081e+000 1.987877329e+000 
1.435516629e+000 1.994506262e+000 
1.398651057e+000 1.992306223e+000 
1.352060339e+000 1.987924592e+000 
1.369208810e+000 1.990337448e+000 
1.400110257e+000 1.992361628e+000 
1.511197513e+000 1.997249852e+000 
1.308402667e+000 1.982497091e+000 
1.396563195e+000 1.992298985e+000 
1.394098464e+000 1.992271228e+000 
1.352339123e+000 1.987998459e+000 
1.367598183e+000 1.990119751e+000 
1.377014489e+000 1.990807921e+000 
1.393679850e+000 1.992219607e+000 
1.398793920e+000 1.992316311e+000 
1.440947598e+000 1.994771208e+000 
1.467989489e+000 1.995989462e+000 
1.422995370e+000 1.993843375e+000 
1.447498503e+000 1.994956996e+000 
1.368202003e+000 1.990232031e+000 
1.428226305e+000 1.994163380e+000 
1.425585703e+000 1.993968885e+000 
1.359715164e+000 1.989154112e+000 
1.445429378e+000 1.994916241e+000 
1.357313819e+000 1.989139096e+000 
1.467757568e+000 1.995938775e+000 
1.461228054e+000 1.995821498e+000 
1.365905663e+000 1.990001402e+000 
1.416291324e+000 1.993522484e+000 
1.467957201e+000 1.995942906e+000 
1.463283281e+000 1.995938568e+000 
1.462423882e+000 1.995864713e+000 
1.419929565e+000 1.993776124e+000 
1.337806477e+000 1.986510879e+000 
1.399370675e+000 1.992344388e+000 
1.341988604e+000 1.987153764e+000 
1.339843021e+000 1.986897741e+000 
1.339778797e+000 1.986875130e+000 
1.408673816e+000 1.992956998e+000 
1.408035352e+000 1.992815864e+000 
1.692488279e+000 2.000000000e+000 
1.370806918e+000 1.990500937e+000 
1.384122271e+000 1.991346057e+000 
1.393721081e+000 1.992246744e+000 
1.391723408e+000 1.992147859e+000 
1.382620824e+000 1.991316597e+000 
1.388307955e+000 1.991714884e+000 
1.411035771e+000 1.993040668e+000 
1.390782240e+000 1.992103439e+000 
1.391782304e+000 1.992178655e+000 
1.366328894e+000 1.990050878e+000 
1.371219784e+000 1.990564166e+000 
1.364092656e+000 1.989863410e+000 
1.384122434e+000 1.991485389e+000 
1.374217521e+000 1.990716868e+000 
1.341046566e+000 1.987032176e+000 
1.379544242e+000 1.990934184e+000 
1.389691092e+000 1.991943782e+000 
1.356030715e+000 1.988758430e+000 
1.370170008e+000 1.990339151e+000 
1.386014215e+000 1.991605634e+000 
1.499458796e+000 1.996920488e+000 
1.352439758e+000 1.988232794e+000 
1.680408472e+000 1.999865346e+000 
1.356817324e+000 1.988870594e+000 
1.356126951e+000 1.988776226e+000 
1.381144735e+000 1.991082511e+000 
1.340129853e+000 1.986906700e+000 
1.469171647e+000 1.996012018e+000 
1.310987379e+000 1.983512066e+000 
1.360288971e+000 1.989472163e+000 
1.361852694e+000 1.989602734e+000 
1.346048389e+000 1.987497848e+000 
1.337852726e+000 1.986741884e+000 
1.330710365e+000 1.985623305e+000 
1.308702362e+000 1.982894968e+000 
1.360133110e+000 1.989324311e+000 
1.309532668e+000 1.983102859e+000 
1.356219734e+000 1.988805600e+000 
1.490238198e+000 1.996662574e+000 
1.348797291e+000 1.987647098e+000 
1.347485912e+000 1.987567157e+000 
1.479047886e+000 1.996363263e+000 
1.345415731e+000 1.987456709e+000 
1.577863523e+000 1.999059065e+000 
1.690717987e+000 1.999969794e+000 
1.309019687e+000 1.982949771e+000 
1.687661782e+000 1.999958356e+000 
1.500297013e+000 1.997050579e+000 
1.498822756e+000 1.996855871e+000 
1.476446084e+000 1.996236588e+000 
1.310103799e+000 1.983187472e+000 
1.482335139e+000 1.996470982e+000 
1.476787692e+000 1.996286142e+000 
1.493026348e+000 1.996777640e+000 
1.474211702e+000 1.996230327e+000 
1.470500029e+000 1.996069336e+000 
1.458180271e+000 1.995714690e+000 
1.455471728e+000 1.995496386e+000 
1.487985491e+000 1.996588326e+000 
1.456678455e+000 1.995678942e+000 
1.315475093e+000 1.984035036e+000 
1.353640309e+000 1.988370378e+000 
1.588953385e+000 1.999152241e+000 
1.293003448e+000 1.981014233e+000 
1.312545896e+000 1.983574271e+000 
1.521822448e+000 1.997620114e+000 
1.290885918e+000 1.980687218e+000 
1.689395757e+000 1.999958720e+000 
1.289922472e+000 1.980551139e+000 
1.310980177e+000 1.983343252e+000 
1.582048038e+000 1.999097160e+000 
1.452339660e+000 1.995325580e+000 
1.289212279e+000 1.980318942e+000 
1.313587874e+000 1.983783117e+000 
1.317221010e+000 1.984149188e+000 
1.687198773e+000 1.999951325e+000 
1.519052644e+000 1.997570696e+000 
1.314295092e+000 1.983845346e+000 
1.329073224e+000 1.985567344e+000 
1.315639696e+000 1.984056634e+000 
1.331501327e+000 1.985687108e+000 
1.682617211e+000 1.999950848e+000 
1.583203503e+000 1.999116416e+000 
1.353664829e+000 1.988529964e+000 
1.354433972e+000 1.988553265e+000 
1.677292185e+000 1.999825014e+000 
1.326091594e+000 1.985129405e+000 
1.303880349e+000 1.982058581e+000 
1.299928288e+000 1.981686979e+000 
1.304090348e+000 1.982125637e+000 
1.673561008e+000 1.999751470e+000 
1.297679014e+000 1.981374855e+000 
1.331985067e+000 1.986020938e+000 
1.329652948e+000 1.985597065e+000 
1.327425028e+000 1.985461275e+000 
1.326668281e+000 1.985324930e+000 
1.330782827e+000 1.985653744e+000 
1.326524025e+000 1.985209268e+000 
1.295496900e+000 1.981222882e+000 
1.319193117e+000 1.984375749e+000 
1.321250745e+000 1.984504375e+000 
1.319797168e+000 1.984488684e+000 
1.295789070e+000 1.981258926e+000 
1.303109277e+000 1.981952235e+000 
1.335801128e+000 1.986308548e+000 
1.304295826e+000 1.982409454e+000 
1.658440546e+000 1.999689802e+000 
1.304040522e+000 1.982077171e+000 
1.508376062e+000 1.997224022e+000 
1.505835020e+000 1.997204765e+000 
1.568730773e+000 1.998888193e+000 
1.503921251e+000 1.997136237e+000 
1.650885440e+000 1.999606555e+000 
1.571217588e+000 1.998899733e+000 
1.571599435e+000 1.998920600e+000 
1.571903037e+000 1.998934332e+000 
1.298399550e+000 1.981525198e+000 
1.300502541e+000 1.981818716e+000 
1.299433093e+000 1.981547841e+000 
1.447573705e+000 1.995116516e+000 
1.450303865e+000 1.995256623e+000 
1.447729868e+000 1.995193823e+000 
1.452597722e+000 1.995385317e+000 
1.565323137e+000 1.998848031e+000 
1.352994100e+000 1.988245412e+000 
1.533387216e+000 1.998055975e+000 
1.497080895e+000 1.996819729e+000 
1.491965171e+000 1.996675570e+000 
1.492718551e+000 1.996758840e+000 
1.573870504e+000 1.998982293e+000 
1.532224731e+000 1.997953870e+000 
1.438782474e+000 1.994653429e+000 
1.503764996e+000 1.997081880e+000 
1.530548071e+000 1.997950924e+000 
1.524279777e+000 1.997836459e+000 
1.568377825e+000 1.998879733e+000 
1.545826721e+000 1.998464586e+000 
1.537028562e+000 1.998252747e+000 
1.525505477e+000 1.997936099e+000 
1.444082244e+000 1.994879727e+000 
1.542937842e+000 1.998428671e+000 
1.432223121e+000 1.994305974e+000 
1.404652524e+000 1.992726498e+000 
1.401440512e+000 1.992499438e+000 
1.572303475e+000 1.998967633e+000 
1.413092754e+000 1.993185836e+000 
1.442082403e+000 1.994782356e+000 
1.418698474e+000 1.993541739e+000 
1.436993181e+000 1.994554213e+000 
1.423706423e+000 1.993899020e+000 
1.449522112e+000 1.995196796e+000 
1.438817596e+000 1.994701232e+000 
1.521489334e+000 1.997618122e+000 
1.443587654e+000 1.994839511e+000 
1.416035921e+000 1.993301100e+000 
1.650597460e+000 1.999602571e+000 
1.561992721e+000 1.998838328e+000 
1.557710938e+000 1.998833709e+000 
1.675935088e+000 1.999759313e+000 
1.541282481e+000 1.998320330e+000 
1.539544690e+000 1.998271877e+000 
1.676050274e+000 1.999785069e+000 
1.554508783e+000 1.998666982e+000 
1.553157283e+000 1.998610622e+000 
1.549370518e+000 1.998586535e+000 
1.548619880e+000 1.998521536e+000 
1.611152783e+000 1.999445784e+000 
1.614767050e+000 1.999600107e+000 
1.599462915e+000 1.999277662e+000 
1.599465435e+000 1.999366785e+000 
1.606720531e+000 1.999402142e+000 
1.511519318e+000 1.997343670e+000 
1.655140024e+000 1.999624468e+000 
1.614146727e+000 1.999468645e+000 
1.514120368e+000 1.997515807e+000 
1.512925235e+000 1.997411846e+000 
1.651531798e+000 1.999616427e+000 
1.512963083e+000 1.997478998e+000 
1.534712588e+000 1.998067879e+000 
1.593734907e+000 1.999190433e+000 
1.597120993e+000 1.999225475e+000 
1.664447564e+000 1.999701673e+000 
1.595149556e+000 1.999220022e+000 
1.592029008e+000 1.999189722e+000 
1.664094046e+000 1.999692153e+000 
1.666630237e+000 1.999705704e+000 
1.588354556e+000 1.999132783e+000 
1.657997416e+000 1.999632354e+000 

