1.001976168e+000 1.004326783e+000 
1.001865236e+000 1.004321373e+000 
1.002262304e+000 1.004430881e+000 
1.002208250e+000 1.004394426e+000 
1.001833680e+000 1.004318964e+000 
1.002060549e+000 1.004378906e+000 
1.002520191e+000 1.009702658e+000 
1.003172774e+000 1.010089843e+000 
1.002745908e+000 1.009850463e+000 
1.002864091e+000 1.009962241e+000 
1.003016735e+000 1.009994180e+000 
1.003094777e+000 1.010055037e+000 
1.002547871e+000 1.009712199e+000 
1.003242474e+000 1.010110349e+000 
1.003325418e+000 1.010121782e+000 
1.002437246e+000 1.009691228e+000 
1.003486177e+000 1.010217445e+000 
1.002662963e+000 1.009839032e+000 
1.003473159e+000 1.010203145e+000 
1.003423210e+000 1.010182639e+000 
1.002414725e+000 1.009570656e+000 
1.003164476e+000 1.010075543e+000 
1.002422066e+000 1.009666641e+000 
1.002304100e+000 1.009549685e+000 
1.002852642e+000 1.009937654e+000 
1.002647783e+000 1.009814445e+000 
1.027286889e+000 1.204405558e+000 
1.026214624e+000 1.202204560e+000 
1.024749637e+000 1.199102700e+000 
1.024952186e+000 1.199306665e+000 
1.021854026e+000 1.189576234e+000 
1.027050446e+000 1.203974302e+000 
1.022191695e+000 1.191182382e+000 
1.026828180e+000 1.203471185e+000 
1.024331904e+000 1.197912676e+000 
1.023588946e+000 1.196077349e+000 
1.022303112e+000 1.191531032e+000 
1.023171213e+000 1.194887325e+000 
1.022530058e+000 1.193165703e+000 
1.022608906e+000 1.193459357e+000 
1.023492844e+000 1.195701502e+000 
1.022948947e+000 1.194384208e+000 
1.050445416e+000 1.749546942e+000 
1.053435985e+000 1.756742003e+000 
1.097580997e+000 1.825429071e+000 
1.185241142e+000 1.886051867e+000 
1.047037186e+000 1.741046529e+000 
1.049556541e+000 1.748066187e+000 
1.048561847e+000 1.744034641e+000 
1.071724853e+000 1.791673251e+000 
1.104462879e+000 1.834096982e+000 
1.144626604e+000 1.863114712e+000 
1.156308108e+000 1.872459613e+000 
1.059987478e+000 1.770916886e+000 
1.084884293e+000 1.809268216e+000 
1.087668477e+000 1.812490757e+000 
1.034709128e+000 1.695202341e+000 
1.055095041e+000 1.760646908e+000 
1.133647283e+000 1.857264831e+000 
1.035473080e+000 1.700248345e+000 
1.035124345e+000 1.698005374e+000 
1.046189675e+000 1.738445199e+000 
1.053676978e+000 1.757100115e+000 
1.129094076e+000 1.854077373e+000 
1.036111074e+000 1.703278540e+000 
1.042685698e+000 1.727986483e+000 
1.087816770e+000 1.812691188e+000 
1.107931064e+000 1.836929928e+000 
1.091895932e+000 1.819357662e+000 
1.035876439e+000 1.701521099e+000 
1.048633986e+000 1.745308962e+000 
1.079449857e+000 1.802420963e+000 
1.078020868e+000 1.798339367e+000 
1.093582381e+000 1.821000451e+000 
1.112454734e+000 1.839852182e+000 
1.151280437e+000 1.867840220e+000 
1.169960192e+000 1.879801710e+000 
1.119449569e+000 1.846294079e+000 
1.034617223e+000 1.694585729e+000 
1.049103832e+000 1.746781931e+000 
1.046497872e+000 1.738939606e+000 
1.050503351e+000 1.750265617e+000 
1.057412720e+000 1.765779380e+000 
1.034878433e+000 1.696237077e+000 
1.092648942e+000 1.819673791e+000 
1.035346903e+000 1.699381624e+000 
1.036786694e+000 1.705960327e+000 
1.037246551e+000 1.708610109e+000 
1.037456644e+000 1.709212034e+000 
1.048749940e+000 1.745438207e+000 
1.049412028e+000 1.747276338e+000 
1.097085193e+000 1.824977876e+000 
1.103314828e+000 1.832253209e+000 
1.042192673e+000 1.725630078e+000 
1.088589453e+000 1.814176204e+000 
1.106036054e+000 1.835355936e+000 
1.098904689e+000 1.827406389e+000 
1.062774051e+000 1.776483722e+000 
1.035701234e+000 1.701172872e+000 
1.094513127e+000 1.822399870e+000 
1.189904537e+000 1.887574591e+000 
1.055809242e+000 1.762202015e+000 
1.164698584e+000 1.876421764e+000 
1.116627154e+000 1.843393456e+000 
1.116793353e+000 1.845468248e+000 
1.035948323e+000 1.702252487e+000 
1.040074657e+000 1.719465903e+000 
1.040284750e+000 1.720067828e+000 
1.045979582e+000 1.737843273e+000 
1.084730042e+000 1.809099607e+000 
1.092857088e+000 1.820049455e+000 
1.099747162e+000 1.828733049e+000 
1.053136646e+000 1.756316225e+000 
1.056210300e+000 1.763565130e+000 
1.170119435e+000 1.880421340e+000 
1.046642384e+000 1.739729455e+000 
1.091168959e+000 1.817048957e+000 
1.128217115e+000 1.853262957e+000 
1.044503256e+000 1.732866768e+000 
1.068902483e+000 1.786552195e+000 
1.158565364e+000 1.872604794e+000 
1.051289580e+000 1.752053208e+000 
1.063217486e+000 1.776645726e+000 
1.084256795e+000 1.808368402e+000 
1.109185155e+000 1.838174524e+000 
1.154133290e+000 1.870966523e+000 
1.172688924e+000 1.883138755e+000 
1.193719667e+000 1.889989931e+000 
1.063540888e+000 1.777929018e+000 
1.063232416e+000 1.777425638e+000 
1.126649455e+000 1.850906618e+000 
1.134321967e+000 1.858285547e+000 
1.122820814e+000 1.849428469e+000 
1.103496469e+000 1.832913682e+000 
1.137069393e+000 1.859709511e+000 
1.038444979e+000 1.713993969e+000 
1.163733781e+000 1.875364615e+000 
1.150444215e+000 1.867362285e+000 
1.045429224e+000 1.735557904e+000 
1.085127681e+000 1.809709030e+000 
1.090490469e+000 1.816690814e+000 
1.037503084e+000 1.709354741e+000 
1.098487685e+000 1.827129044e+000 
1.121095770e+000 1.847029552e+000 
1.156044447e+000 1.872150310e+000 
1.078144142e+000 1.799896055e+000 
1.038068797e+000 1.711863384e+000 
1.075643622e+000 1.797329098e+000 
1.088024916e+000 1.813066853e+000 
1.114705861e+000 1.842347483e+000 
1.043880088e+000 1.731143529e+000 
1.087876623e+000 1.812866422e+000 
1.083171040e+000 1.807870457e+000 
1.095789565e+000 1.823472427e+000 
1.044376165e+000 1.732840585e+000 
1.171279217e+000 1.881373233e+000 
1.038907798e+000 1.716056903e+000 
1.043463813e+000 1.729853314e+000 
1.073873948e+000 1.795137205e+000 
1.155406268e+000 1.871049405e+000 
1.043480742e+000 1.730288509e+000 
1.042435797e+000 1.726594344e+000 
1.086150837e+000 1.811127760e+000 
1.177107735e+000 1.883307770e+000 
1.171677072e+000 1.882416948e+000 
1.037064428e+000 1.707402141e+000 
1.038322813e+000 1.713298531e+000 
1.095969633e+000 1.823492250e+000 
1.037330458e+000 1.709096122e+000 
1.037859994e+000 1.711235597e+000 
1.038173034e+000 1.712606449e+000 
1.040329307e+000 1.720716745e+000 
1.168636486e+000 1.877770709e+000 
1.120478191e+000 1.846599430e+000 
1.169091253e+000 1.878556431e+000 
1.131926969e+000 1.856206682e+000 
1.043049979e+000 1.728742885e+000 
1.043310120e+000 1.729318628e+000 
1.061083882e+000 1.773436397e+000 
1.115380545e+000 1.843368199e+000 
1.036660507e+000 1.705844414e+000 
1.087594807e+000 1.811872815e+000 
1.093323626e+000 1.820694507e+000 
1.163212323e+000 1.874453380e+000 
1.054483579e+000 1.759728095e+000 
1.052754678e+000 1.755964673e+000 
1.052155366e+000 1.754089392e+000 
1.069378519e+000 1.787661562e+000 
1.067484148e+000 1.785139914e+000 
1.053259424e+000 1.756563312e+000 
1.064353456e+000 1.779092365e+000 
1.185563399e+000 1.886892450e+000 
1.039715125e+000 1.718568204e+000 
1.052417330e+000 1.754596921e+000 
1.073222459e+000 1.794042051e+000 
1.073579192e+000 1.794326394e+000 
1.067632441e+000 1.785340345e+000 
1.079181829e+000 1.801514084e+000 
1.079217070e+000 1.801579233e+000 
1.078799729e+000 1.801148386e+000 
1.190596091e+000 1.888885809e+000 
1.062407696e+000 1.775778811e+000 
1.066601736e+000 1.783688064e+000 
1.082416418e+000 1.806359113e+000 
1.045382005e+000 1.735544614e+000 
1.047684342e+000 1.742218987e+000 
1.126156966e+000 1.850816886e+000 
1.063279853e+000 1.777565357e+000 
1.170413864e+000 1.880553667e+000 
1.080474344e+000 1.803836294e+000 
1.089405111e+000 1.815232271e+000 
1.055536363e+000 1.761801101e+000 
1.071981406e+000 1.792205609e+000 
1.109490977e+000 1.838566725e+000 
1.040993531e+000 1.722431987e+000 
1.094314764e+000 1.821159812e+000 
1.057702628e+000 1.766251129e+000 
1.065371902e+000 1.781556905e+000 
1.102118502e+000 1.830158672e+000 
1.127521697e+000 1.852061318e+000 
1.073727484e+000 1.794526826e+000 
1.074613048e+000 1.795461126e+000 
1.039457534e+000 1.717816249e+000 
1.063773502e+000 1.778067556e+000 
1.040624392e+000 1.721225248e+000 
1.063917673e+000 1.778801948e+000 
1.155729709e+000 1.871203843e+000 
1.060376159e+000 1.772194019e+000 
1.055683819e+000 1.762015958e+000 
1.058649438e+000 1.768356984e+000 
1.064267844e+000 1.779082985e+000 
1.148010214e+000 1.865273123e+000 
1.043454990e+000 1.729515817e+000 
1.063776564e+000 1.778133923e+000 
1.072581433e+000 1.792814995e+000 
1.150583528e+000 1.867642269e+000 
1.149579603e+000 1.866988143e+000 
1.110638343e+000 1.839363497e+000 
1.050045572e+000 1.748397626e+000 
1.059139441e+000 1.769616415e+000 
1.070688891e+000 1.789883399e+000 
1.060011123e+000 1.770982681e+000 
1.065632202e+000 1.781775757e+000 
1.070591877e+000 1.789881018e+000 
1.143874790e+000 1.860868158e+000 
1.061822904e+000 1.774698979e+000 
1.108459628e+000 1.837114868e+000 
1.055280003e+000 1.761156822e+000 
1.060633234e+000 1.772215679e+000 
1.061737292e+000 1.774689599e+000 
1.055747501e+000 1.762083850e+000 
1.181808925e+000 1.885235394e+000 
1.110844817e+000 1.839636810e+000 
1.153691579e+000 1.869333332e+000 
1.126979848e+000 1.851212293e+000 
1.113626715e+000 1.841202390e+000 
1.189557540e+000 1.887159885e+000 
1.146709772e+000 1.864115489e+000 
1.122370603e+000 1.848034413e+000 
1.126099524e+000 1.850640545e+000 
1.146038699e+000 1.863775921e+000 
1.017773606e+000 1.101336203e+000 
1.017619466e+000 1.101180368e+000 
1.016555132e+000 1.098266896e+000 
1.017239326e+000 1.100184251e+000 
1.016838134e+000 1.099182227e+000 
1.016827679e+000 1.099042321e+000 
1.018387188e+000 1.102227829e+000 
1.020186981e+000 1.105694584e+000 
1.021347655e+000 1.107958356e+000 
1.016433644e+000 1.095355450e+000 
1.021812721e+000 1.108678928e+000 
1.016463001e+000 1.098075183e+000 
1.019186064e+000 1.103601451e+000 
1.019889680e+000 1.104805558e+000 
1.020129798e+000 1.105618027e+000 
1.019762925e+000 1.104723096e+000 
1.018219023e+000 1.101526990e+000 
1.020607018e+000 1.106507674e+000 
1.019366960e+000 1.103884029e+000 
1.000214823e+000 1.000205142e+000 
1.000185477e+000 1.000202616e+000 
1.000175936e+000 1.000202183e+000 
1.000302127e+000 1.000205556e+000 
1.033193114e+000 1.499992562e+000 
1.033634821e+000 1.500996829e+000 
1.032566433e+000 1.496790643e+000 
1.033225368e+000 1.500303312e+000 
1.033423066e+000 1.500723753e+000 
1.032423971e+000 1.496592090e+000 
1.034187899e+000 1.503549320e+000 
1.033144306e+000 1.499372111e+000 
1.000507239e+000 1.001045936e+000 
1.000931482e+000 1.001092011e+000 
1.000413077e+000 1.001018498e+000 
1.000545351e+000 1.001060018e+000 
1.000582439e+000 1.001060084e+000 
1.000999907e+000 1.001092042e+000 
1.000313694e+000 1.001001395e+000 
1.000435127e+000 1.001032855e+000 
1.000624475e+000 1.001061308e+000 
1.000756812e+000 1.001076694e+000 
1.000905880e+000 1.001090787e+000 
1.000317687e+000 1.001001958e+000 
1.000714777e+000 1.001075470e+000 
1.001089156e+000 1.001105178e+000 
1.000666441e+000 1.001061378e+000 
1.000624405e+000 1.001060154e+000 
1.000477163e+000 1.001034079e+000 
1.000712246e+000 1.001061635e+000 
1.000371041e+000 1.001017274e+000 
1.031315333e+000 1.482777781e+000 
1.031717836e+000 1.484990829e+000 
1.030523871e+000 1.478039249e+000 
1.031896046e+000 1.485573943e+000 
1.031209592e+000 1.482636231e+000 
1.032386691e+000 1.487102311e+000 
1.032103401e+000 1.486365317e+000 
1.001390765e+000 1.004180541e+000 
1.001780052e+000 1.004280400e+000 
1.001557705e+000 1.004181604e+000 
1.002151072e+000 1.004382177e+000 
1.002303577e+000 1.004432402e+000 
1.001090398e+000 1.003972347e+000 
1.001300565e+000 1.004083766e+000 
1.002220632e+000 1.004427833e+000 
1.001734832e+000 1.004267254e+000 
1.001882845e+000 1.004325632e+000 
1.002198555e+000 1.004392306e+000 
1.001606707e+000 1.004214518e+000 
1.001979609e+000 1.004332562e+000 
1.001794327e+000 1.004280587e+000 
1.001666201e+000 1.004227851e+000 
1.001155597e+000 1.004021483e+000 
1.001140838e+000 1.003985594e+000 
1.001234232e+000 1.004067544e+000 
1.001284671e+000 1.004080527e+000 
1.001347481e+000 1.004127805e+000 
1.001206037e+000 1.004034256e+000 
1.004409936e+000 1.026151596e+000 
1.005570847e+000 1.027016346e+000 
1.008015263e+000 1.028575629e+000 
1.004324253e+000 1.026107204e+000 
1.006567972e+000 1.027563524e+000 
1.006670325e+000 1.027608360e+000 
1.007297159e+000 1.028064632e+000 
1.004940477e+000 1.026494431e+000 
1.007549071e+000 1.028193532e+000 
1.005809061e+000 1.027133044e+000 
1.007001364e+000 1.027887651e+000 
1.004838415e+000 1.026494377e+000 
1.005199580e+000 1.026753859e+000 
1.007210266e+000 1.028033450e+000 
1.004243726e+000 1.026105504e+000 
1.007463583e+000 1.028177797e+000 
1.006020265e+000 1.027257644e+000 
1.004138623e+000 1.025825508e+000 
1.007142736e+000 1.027909044e+000 
1.008102157e+000 1.028606810e+000 
1.005136273e+000 1.026736968e+000 
1.006915876e+000 1.027871917e+000 
1.003627709e+000 1.025291958e+000 
1.004708830e+000 1.026429645e+000 
1.003669236e+000 1.025302018e+000 
1.004171754e+000 1.025911944e+000 
1.006725295e+000 1.027741504e+000 
1.003910212e+000 1.025576446e+000 
1.000093470e+000 1.000000003e+000 
9.999999997e-001 1.000000000e+000 
1.008349820e+000 1.048432754e+000 
1.013584252e+000 1.055399347e+000 
1.013832138e+000 1.055514704e+000 
1.015637075e+000 1.057251185e+000 
1.011508172e+000 1.052930301e+000 
1.013255212e+000 1.055006990e+000 
1.014598356e+000 1.056201587e+000 
1.014312610e+000 1.055997140e+000 
1.009169604e+000 1.049677067e+000 
1.015599478e+000 1.057213743e+000 
1.008257427e+000 1.048432619e+000 
1.008569064e+000 1.048964368e+000 
1.016116932e+000 1.057692268e+000 
1.012572208e+000 1.054080020e+000 
1.012347883e+000 1.054062955e+000 
1.016378846e+000 1.057750353e+000 
1.015861392e+000 1.057271829e+000 
1.015432496e+000 1.057140694e+000 
1.009208909e+000 1.050120543e+000 
1.009287155e+000 1.050173858e+000 
1.009987606e+000 1.051236104e+000 
1.016087519e+000 1.057351980e+000 
1.009589049e+000 1.050697358e+000 
1.009091393e+000 1.049623878e+000 
1.009785679e+000 1.051182789e+000 
1.008729554e+000 1.049088458e+000 
1.008884705e+000 1.049585249e+000 
1.014373046e+000 1.056000651e+000 
1.012698471e+000 1.054083932e+000 
1.011678364e+000 1.053007692e+000 
1.012234135e+000 1.053900069e+000 
1.012051543e+000 1.053871330e+000 
1.012081772e+000 1.053888657e+000 
1.011690513e+000 1.053410132e+000 
1.011113072e+000 1.052829405e+000 
1.029040064e+000 1.319397993e+000 
1.030007799e+000 1.322975989e+000 
1.028663238e+000 1.317575684e+000 
1.028302855e+000 1.316501693e+000 
1.029814962e+000 1.321934701e+000 
1.028257965e+000 1.316328279e+000 
1.027369919e+000 1.312270190e+000 
1.029421363e+000 1.319528687e+000 
1.283890572e+000 1.947044333e+000 
1.227592405e+000 1.913570905e+000 
1.272200112e+000 1.942567939e+000 
1.224487239e+000 1.910283595e+000 
1.336017520e+000 1.967753223e+000 
1.219681303e+000 1.905717522e+000 
1.380173125e+000 1.979479900e+000 
1.222004495e+000 1.908162325e+000 
1.314544374e+000 1.961303147e+000 
1.343575805e+000 1.971416934e+000 
1.244312668e+000 1.924234458e+000 
1.230931058e+000 1.915806807e+000 
1.244918389e+000 1.926263008e+000 
1.219029670e+000 1.904163520e+000 
1.315378981e+000 1.962048029e+000 
1.227687970e+000 1.913718619e+000 
1.274323523e+000 1.943058239e+000 
1.257542525e+000 1.935120864e+000 
1.309023981e+000 1.958468801e+000 
1.342304873e+000 1.970756062e+000 
1.225018077e+000 1.911558135e+000 
1.286213580e+000 1.948756346e+000 
1.229366230e+000 1.914707406e+000 
1.208408692e+000 1.896006437e+000 
1.302277441e+000 1.956430761e+000 
1.342954592e+000 1.971101413e+000 
1.346870425e+000 1.971975163e+000 
1.227457216e+000 1.913151481e+000 
1.284208160e+000 1.947413047e+000 
1.226081587e+000 1.912538286e+000 
1.228989949e+000 1.914471414e+000 
1.257806712e+000 1.935401269e+000 
1.312265817e+000 1.960844642e+000 
1.312967218e+000 1.960895309e+000 
1.522308971e+000 1.995782755e+000 
1.282114005e+000 1.946947093e+000 
1.211444317e+000 1.897582761e+000 
1.235721075e+000 1.918039241e+000 
1.212105917e+000 1.898964407e+000 
1.297472171e+000 1.953962536e+000 
1.216613216e+000 1.902276605e+000 
1.292420527e+000 1.951430377e+000 
1.385060642e+000 1.980342718e+000 
1.339803797e+000 1.970164139e+000 
1.342568413e+000 1.970906850e+000 
1.340281670e+000 1.970367084e+000 
1.292287660e+000 1.950782989e+000 
1.289917150e+000 1.949282299e+000 
1.212712176e+000 1.900023896e+000 
1.235742352e+000 1.918509351e+000 
1.247036030e+000 1.928813150e+000 
1.298512104e+000 1.954559146e+000 
1.290183515e+000 1.949773329e+000 
1.217402679e+000 1.903302681e+000 
1.257629541e+000 1.935133366e+000 
1.303509285e+000 1.956921342e+000 
1.214878829e+000 1.900488418e+000 
1.213924847e+000 1.900408253e+000 
1.214917643e+000 1.901057766e+000 
1.216071119e+000 1.902222791e+000 
1.261653309e+000 1.938340173e+000 
1.301104300e+000 1.955814894e+000 
1.274065113e+000 1.942911975e+000 
1.306735800e+000 1.957884488e+000 
1.270320827e+000 1.942085638e+000 
1.300351822e+000 1.955334148e+000 
1.300774754e+000 1.955799875e+000 
1.268782061e+000 1.941365173e+000 
1.261450903e+000 1.937715484e+000 
1.259768349e+000 1.936941517e+000 
1.232614589e+000 1.916034645e+000 
1.289112000e+000 1.948983588e+000 
1.294797454e+000 1.952738923e+000 
1.299088764e+000 1.954753894e+000 
1.275585870e+000 1.943835290e+000 
1.268147008e+000 1.940582487e+000 
1.233634869e+000 1.917661559e+000 
1.205759817e+000 1.892904387e+000 
1.206985122e+000 1.894933062e+000 
1.233162303e+000 1.917286446e+000 
1.348086132e+000 1.972189668e+000 
1.259439329e+000 1.936794105e+000 
1.236808760e+000 1.920199254e+000 
1.205629711e+000 1.892785061e+000 
1.253790404e+000 1.932467112e+000 
1.260529864e+000 1.936986612e+000 
1.439883866e+000 1.988799344e+000 
1.261441235e+000 1.937583557e+000 
1.205337560e+000 1.892470308e+000 
1.277646922e+000 1.945407339e+000 
1.209132408e+000 1.897339969e+000 
1.203696887e+000 1.890494436e+000 
1.276920382e+000 1.945392694e+000 
1.521225155e+000 1.995679347e+000 
1.431631109e+000 1.987975696e+000 
1.204699838e+000 1.892083196e+000 
1.252761480e+000 1.932120225e+000 
1.376825603e+000 1.978877636e+000 
1.377339682e+000 1.979280256e+000 
1.242544109e+000 1.923193152e+000 
1.627282681e+000 1.999980315e+000 
1.388173917e+000 1.981496904e+000 
1.245118852e+000 1.926298253e+000 
1.496514510e+000 1.995121316e+000 
1.320018035e+000 1.962929504e+000 
1.205213310e+000 1.892203679e+000 
1.272916147e+000 1.942799967e+000 
1.439968503e+000 1.988853778e+000 
1.352592548e+000 1.973461819e+000 
1.625135179e+000 1.999761972e+000 
1.270003559e+000 1.941755635e+000 
1.338818175e+000 1.969364701e+000 
1.338819848e+000 1.969420465e+000 
1.274823139e+000 1.943704774e+000 
1.244744052e+000 1.925706130e+000 
1.309788554e+000 1.959399640e+000 
1.550246405e+000 1.997279635e+000 
1.249318761e+000 1.929974912e+000 
1.246787953e+000 1.927305584e+000 
1.330777081e+000 1.966688098e+000 
1.279057904e+000 1.946319997e+000 
1.311051402e+000 1.960270255e+000 
1.219220809e+000 1.904355443e+000 
1.331840560e+000 1.966846818e+000 
1.221908383e+000 1.906238882e+000 
1.634112080e+000 1.999988663e+000 
1.223219124e+000 1.908168107e+000 
1.635016403e+000 2.000000000e+000 
1.220604213e+000 1.906104461e+000 
1.634781559e+000 1.999998613e+000 
1.332247189e+000 1.966856553e+000 
1.385408881e+000 1.980625623e+000 
1.512228955e+000 1.995542326e+000 
1.329841540e+000 1.966612934e+000 
1.383355564e+000 1.980044470e+000 
1.307779488e+000 1.958397388e+000 
1.381202325e+000 1.979850065e+000 
1.385641715e+000 1.980686299e+000 
1.333379719e+000 1.967616260e+000 
1.382044710e+000 1.979918162e+000 
1.493950754e+000 1.994937381e+000 
1.518686442e+000 1.995643178e+000 
1.276133264e+000 1.944587456e+000 
1.319041069e+000 1.962554439e+000 
1.323321892e+000 1.964120560e+000 
1.274891727e+000 1.943752416e+000 
1.324430820e+000 1.964144640e+000 
1.492688843e+000 1.994836266e+000 
1.242256140e+000 1.922719990e+000 
1.321439180e+000 1.963575531e+000 
1.325377300e+000 1.965376343e+000 
1.357834057e+000 1.974653267e+000 
1.351123604e+000 1.973189281e+000 
1.360517418e+000 1.975347529e+000 
1.328314166e+000 1.966083702e+000 
1.319548856e+000 1.962755524e+000 
1.488118845e+000 1.994567182e+000 
1.525825368e+000 1.996161185e+000 
1.529838448e+000 1.996337383e+000 
1.358938132e+000 1.975136071e+000 
1.526383392e+000 1.996228654e+000 
1.357228109e+000 1.974587192e+000 
1.364893783e+000 1.976081341e+000 
1.525268145e+000 1.996154663e+000 
1.538028902e+000 1.996468353e+000 
1.375096578e+000 1.978436393e+000 
1.605384674e+000 1.999247096e+000 
1.626575238e+000 1.999762958e+000 
1.424327923e+000 1.986437825e+000 
1.426447126e+000 1.986636395e+000 
1.420247548e+000 1.986152027e+000 
1.414506979e+000 1.985352024e+000 
1.410948588e+000 1.984903413e+000 
1.418719029e+000 1.986108130e+000 
1.414588040e+000 1.985537323e+000 
1.617596861e+000 1.999746115e+000 
1.399357142e+000 1.983779156e+000 
1.397260724e+000 1.983245611e+000 
1.398284392e+000 1.983266093e+000 
1.401851772e+000 1.983897376e+000 
1.409020721e+000 1.984502161e+000 
1.409060298e+000 1.984680370e+000 
1.369948809e+000 1.976972701e+000 
1.371940617e+000 1.977482459e+000 
1.394552290e+000 1.982751887e+000 
1.366632508e+000 1.976376301e+000 
1.367447454e+000 1.976384666e+000 
1.626875566e+000 1.999835619e+000 
1.242555575e+000 1.923506309e+000 
1.606306414e+000 1.999386638e+000 
1.609235758e+000 1.999648568e+000 
1.374147170e+000 1.977912358e+000 
1.253850523e+000 1.932877367e+000 
1.238744639e+000 1.921692909e+000 
1.391651119e+000 1.981947816e+000 
1.243063236e+000 1.923622269e+000 
1.489946522e+000 1.994631298e+000 
1.214320546e+000 1.900456580e+000 
1.514090377e+000 1.995598726e+000 
1.508502020e+000 1.995522963e+000 
1.502226109e+000 1.995210406e+000 
1.245984912e+000 1.927280653e+000 
1.483313759e+000 1.994066493e+000 
1.392594285e+000 1.982138651e+000 
1.249369127e+000 1.930071407e+000 
1.428210907e+000 1.987237107e+000 
1.406828762e+000 1.984315751e+000 
1.486976911e+000 1.994495034e+000 
1.484017583e+000 1.994433922e+000 
1.506058486e+000 1.995458873e+000 
1.433443133e+000 1.988223181e+000 
1.251082922e+000 1.931238034e+000 
1.240949841e+000 1.922658258e+000 
1.256184104e+000 1.933668093e+000 
1.554157093e+000 1.997381369e+000 
1.494180075e+000 1.995066413e+000 
1.479016789e+000 1.993776580e+000 
1.606941670e+000 1.999472754e+000 
1.476531543e+000 1.993691165e+000 
1.474082211e+000 1.993406034e+000 
1.469521476e+000 1.992891924e+000 
1.472892931e+000 1.993109603e+000 
1.565791120e+000 1.998112077e+000 
1.559658431e+000 1.997945458e+000 
1.565081253e+000 1.998026331e+000 
1.578523588e+000 1.998598471e+000 
1.577144134e+000 1.998573002e+000 
1.576879616e+000 1.998467114e+000 
1.556018927e+000 1.997881836e+000 
1.579329148e+000 1.999199360e+000 
1.567601315e+000 1.998417282e+000 
1.566338587e+000 1.998366719e+000 
1.572903246e+000 1.998456788e+000 
1.561428747e+000 1.997955019e+000 
1.604066740e+000 1.999229907e+000 
1.549814770e+000 1.997073228e+000 
1.450942789e+000 1.991072285e+000 
1.470326769e+000 1.992954433e+000 
1.446819238e+000 1.990076960e+000 
1.443788558e+000 1.989588300e+000 
1.467368148e+000 1.992770176e+000 
1.449779286e+000 1.990251752e+000 
1.456230992e+000 1.991362054e+000 
1.447780936e+000 1.990106069e+000 
1.454171310e+000 1.991132187e+000 
1.467358638e+000 1.992289801e+000 
1.461796098e+000 1.992280645e+000 
1.538756291e+000 1.996859707e+000 
1.457862687e+000 1.992001497e+000 
1.540339810e+000 1.997030558e+000 
1.437686817e+000 1.988525995e+000 
1.443676997e+000 1.989212012e+000 
1.333224393e+000 1.967065680e+000 
1.548483985e+000 1.997052346e+000 

