1.068256837e+000 1.940317749e+000 
1.003452685e+000 1.859529695e+000 
1.010532826e+000 1.877550401e+000 
1.006118618e+000 1.868157059e+000 
1.029217173e+000 1.907596703e+000 
1.016652671e+000 1.889253614e+000 
1.081791924e+000 1.947596073e+000 
1.002174302e+000 1.850405002e+000 
1.002651753e+000 1.853494469e+000 
1.032026871e+000 1.911113051e+000 
1.013828939e+000 1.884022183e+000 
1.015232511e+000 1.887056164e+000 
1.001908284e+000 1.849422868e+000 
1.027387241e+000 1.905023177e+000 
1.029852938e+000 1.908239373e+000 
1.009775566e+000 1.875840153e+000 
1.028602259e+000 1.906807381e+000 
1.030975673e+000 1.909898170e+000 
1.029770895e+000 1.908209191e+000 
1.033204068e+000 1.911705362e+000 
1.011595221e+000 1.880012318e+000 
1.105542702e+000 1.956522648e+000 
1.033249378e+000 1.912736368e+000 
1.005823107e+000 1.866760743e+000 
1.006490952e+000 1.869413929e+000 
1.017256347e+000 1.890216579e+000 
1.096174341e+000 1.953780867e+000 
1.002687764e+000 1.854502270e+000 
1.043321411e+000 1.922985031e+000 
1.064344914e+000 1.938377841e+000 
1.050125657e+000 1.928739118e+000 
1.031411260e+000 1.910246974e+000 
1.006683695e+000 1.869887452e+000 
1.049863261e+000 1.928306564e+000 
1.006740652e+000 1.869979875e+000 
1.082208571e+000 1.947956980e+000 
1.061249675e+000 1.936028670e+000 
1.053548547e+000 1.931628925e+000 
1.006279168e+000 1.869128271e+000 
1.023052469e+000 1.899326326e+000 
1.046917690e+000 1.926115626e+000 
1.050577072e+000 1.929240238e+000 
1.052357511e+000 1.930659078e+000 
1.088020531e+000 1.949809447e+000 
1.007041785e+000 1.871179098e+000 
1.008212555e+000 1.873965460e+000 
1.027667472e+000 1.905200910e+000 
1.057926692e+000 1.934682307e+000 
1.068260641e+000 1.940539314e+000 
1.065106931e+000 1.938910176e+000 
1.053248888e+000 1.930671190e+000 
1.070016280e+000 1.941362240e+000 
1.060790225e+000 1.935931533e+000 
1.084251341e+000 1.948569616e+000 
1.003933005e+000 1.860901430e+000 
1.005724641e+000 1.866610575e+000 
1.004723499e+000 1.863385167e+000 
1.004665612e+000 1.863360458e+000 
1.002208955e+000 1.852120317e+000 
1.004976892e+000 1.864703640e+000 
1.071380495e+000 1.941940234e+000 
1.005978035e+000 1.867929049e+000 
1.026761716e+000 1.904490288e+000 
1.004229547e+000 1.861726012e+000 
1.009868409e+000 1.876342717e+000 
1.055694838e+000 1.932762347e+000 
1.058411496e+000 1.934776734e+000 
1.005412957e+000 1.866338086e+000 
1.013300932e+000 1.883561727e+000 
1.004411814e+000 1.863112677e+000 
1.056456855e+000 1.933294682e+000 
1.003664470e+000 1.860135049e+000 
1.003185660e+000 1.857923802e+000 
1.005230690e+000 1.864951421e+000 
1.025518166e+000 1.902806155e+000 
1.020046182e+000 1.894633627e+000 
1.028402082e+000 1.906464631e+000 
1.001842009e+000 1.848387975e+000 
1.024267487e+000 1.901374164e+000 
1.025798768e+000 1.903100794e+000 
1.002919642e+000 1.856876953e+000 
1.010573658e+000 1.877982885e+000 
1.026136563e+000 1.903591185e+000 
1.077520632e+000 1.945431750e+000 
1.023235847e+000 1.899915592e+000 
1.024548090e+000 1.901668803e+000 
1.055417625e+000 1.932324439e+000 
1.067109203e+000 1.939775911e+000 
1.051339089e+000 1.929772573e+000 
1.062416767e+000 1.937081216e+000 
1.060462126e+000 1.935599165e+000 
1.064829718e+000 1.938472268e+000 
1.027776928e+000 1.905565528e+000 
1.061565205e+000 1.936166555e+000 
1.085135068e+000 1.949235406e+000 
1.021701461e+000 1.896985201e+000 
1.071988699e+000 1.942370350e+000 
1.067983428e+000 1.940101406e+000 
1.021420858e+000 1.896690562e+000 
1.023861000e+000 1.900814695e+000 
1.025118508e+000 1.902228908e+000 
1.020795705e+000 1.895791459e+000 
1.021151196e+000 1.895942519e+000 
1.021801791e+000 1.897894335e+000 
1.018481142e+000 1.892266926e+000 
1.029558830e+000 1.907781064e+000 
1.022707547e+000 1.899088077e+000 
1.020296422e+000 1.894760539e+000 
1.020585714e+000 1.895271846e+000 
1.027042319e+000 1.904784927e+000 
1.038672235e+000 1.918421282e+000 
1.017915660e+000 1.891596254e+000 
1.043585804e+000 1.923060861e+000 
1.015282056e+000 1.887253859e+000 
1.017149870e+000 1.889971808e+000 
1.018665183e+000 1.892754085e+000 
1.037886884e+000 1.917262006e+000 
1.016571579e+000 1.888946510e+000 
1.038467399e+000 1.918228695e+000 
1.017290506e+000 1.890697151e+000 
1.017685895e+000 1.891018416e+000 
1.014886668e+000 1.886932593e+000 
1.019960561e+000 1.894372743e+000 
1.015511821e+000 1.887831696e+000 
1.014637776e+000 1.885774761e+000 
1.056179642e+000 1.932856774e+000 
1.012261207e+000 1.881246948e+000 
1.042067762e+000 1.922074576e+000 
1.010118109e+000 1.876391918e+000 
1.077173749e+000 1.945192648e+000 
1.031566064e+000 1.910874350e+000 
1.002330896e+000 1.852605489e+000 
1.002642257e+000 1.853490965e+000 
1.009012471e+000 1.875045906e+000 
1.045137251e+000 1.924696786e+000 
1.014012622e+000 1.884875658e+000 
1.005883718e+000 1.866995735e+000 
1.035587689e+000 1.914822855e+000 
1.011139176e+000 1.878666083e+000 
1.038154874e+000 1.917523728e+000 
1.039106842e+000 1.918918662e+000 
1.027921377e+000 1.905748479e+000 
1.034255266e+000 1.913592756e+000 
1.039764369e+000 1.919341528e+000 
1.046793772e+000 1.925684353e+000 
1.048345218e+000 1.927320278e+000 
1.007854466e+000 1.872673814e+000 
1.040707465e+000 1.919989288e+000 
1.013918848e+000 1.884024121e+000 
1.041591208e+000 1.921508019e+000 
1.012609210e+000 1.882320763e+000 
1.012898307e+000 1.882803752e+000 
1.006884861e+000 1.870221143e+000 
1.032462458e+000 1.911461855e+000 
1.036368842e+000 1.916275720e+000 
1.035176009e+000 1.914139750e+000 
1.048764156e+000 1.927459231e+000 
1.013523460e+000 1.883702855e+000 
1.029017692e+000 1.907379592e+000 
1.038853208e+000 1.918865077e+000 
1.009242236e+000 1.875623744e+000 
1.008617083e+000 1.874724641e+000 
1.028811383e+000 1.907148463e+000 
1.067636544e+000 1.939862305e+000 
1.044799175e+000 1.924131510e+000 
1.002560427e+000 1.853406379e+000 
1.040679976e+000 1.919969903e+000 
1.048121977e+000 1.926803972e+000 
1.044914010e+000 1.924180480e+000 
1.044288401e+000 1.923819963e+000 
1.038056607e+000 1.917326962e+000 
1.007840221e+000 1.872606062e+000 
1.010227815e+000 1.877146922e+000 
1.010153565e+000 1.877127818e+000 
1.010852968e+000 1.878046025e+000 
1.011336275e+000 1.880005214e+000 
1.010778719e+000 1.878026921e+000 
1.027812914e+000 1.905705169e+000 
1.024912198e+000 1.902029577e+000 
1.035844030e+000 1.915082734e+000 
1.029453280e+000 1.907679512e+000 
1.030171539e+000 1.908244814e+000 
1.034159437e+000 1.913281625e+000 
1.014746031e+000 1.886207250e+000 
1.001014213e+000 1.209353987e+000 
1.001388209e+000 1.212971072e+000 
1.001041326e+000 1.210793810e+000 
1.000788906e+000 1.208892854e+000 
1.000713080e+000 1.207214815e+000 
1.000654667e+000 1.207078594e+000 
1.001291873e+000 1.212477683e+000 
1.001054923e+000 1.211129626e+000 
1.001117151e+000 1.212471849e+000 
1.001470040e+000 1.213012160e+000 
1.000611612e+000 1.040284656e+000 
1.000178537e+000 1.039335174e+000 
1.000506782e+000 1.040002437e+000 
1.000470930e+000 1.039444252e+000 
1.000344587e+000 1.039418166e+000 
1.001727075e+000 1.279470894e+000 
1.001588937e+000 1.278132153e+000 
1.001749907e+000 1.279841228e+000 
1.000000000e+000 1.018657937e+000 
1.088227202e+000 1.950117050e+000 
1.115254013e+000 1.960188136e+000 
1.216346697e+000 1.984455871e+000 
1.141436780e+000 1.967661808e+000 
1.166377950e+000 1.974810595e+000 
1.542819007e+000 2.000000000e+000 
1.308127979e+000 1.994952241e+000 
1.098867684e+000 1.955051078e+000 
1.520301131e+000 1.999838211e+000 
1.233304549e+000 1.987252645e+000 
1.236993755e+000 1.987831861e+000 
1.529045410e+000 1.999851379e+000 
1.310742915e+000 1.995448451e+000 
1.098158878e+000 1.954547113e+000 
1.082363221e+000 1.948369659e+000 
1.161474073e+000 1.973268970e+000 
1.090736855e+000 1.952017376e+000 
1.184109352e+000 1.978789655e+000 
1.208419500e+000 1.983153552e+000 
1.322937734e+000 1.995658931e+000 
1.180886852e+000 1.977835572e+000 
1.505278860e+000 1.999719865e+000 
1.172723356e+000 1.976208119e+000 
1.165958523e+000 1.974499091e+000 
1.097107442e+000 1.954205666e+000 
1.080968409e+000 1.947181261e+000 
1.081356565e+000 1.947562681e+000 
1.179343865e+000 1.977346465e+000 
1.084278877e+000 1.948852749e+000 
1.082509788e+000 1.948547206e+000 
1.243240854e+000 1.988697134e+000 
1.070661429e+000 1.941684242e+000 
1.093655751e+000 1.953650941e+000 
1.193177930e+000 1.980846589e+000 
1.099613550e+000 1.955668265e+000 
1.078647294e+000 1.946268930e+000 
1.172416513e+000 1.975554839e+000 
1.164001446e+000 1.973923695e+000 
1.090901154e+000 1.952295351e+000 
1.102157708e+000 1.956292825e+000 
1.108845039e+000 1.958953915e+000 
1.074393192e+000 1.943683755e+000 
1.198133423e+000 1.981320886e+000 
1.194224575e+000 1.981228599e+000 
1.240176584e+000 1.988111688e+000 
1.201014488e+000 1.982337084e+000 
1.266167875e+000 1.991028861e+000 
1.074711795e+000 1.944602652e+000 
1.206026978e+000 1.982865276e+000 
1.223713276e+000 1.985690796e+000 
1.074190724e+000 1.943570227e+000 
1.182191854e+000 1.978095561e+000 
1.235855577e+000 1.987755680e+000 
1.492170752e+000 1.999573197e+000 
1.068307199e+000 1.940550655e+000 
1.072694921e+000 1.943320073e+000 
1.075887511e+000 1.945104604e+000 
1.187083789e+000 1.979330486e+000 
1.266268342e+000 1.991081471e+000 
1.070206594e+000 1.941379042e+000 
1.070458961e+000 1.941570713e+000 
1.257645074e+000 1.990811438e+000 
1.207822455e+000 1.983143792e+000 
1.267217027e+000 1.991389768e+000 
1.108853655e+000 1.959074892e+000 
1.407271372e+000 1.998512922e+000 
1.072002524e+000 1.943308900e+000 
1.245779842e+000 1.989038077e+000 
1.079561842e+000 1.946475485e+000 
1.274799436e+000 1.992035107e+000 
1.060394283e+000 1.934832017e+000 
1.249970224e+000 1.989519940e+000 
1.249127380e+000 1.989159032e+000 
1.157034866e+000 1.971982819e+000 
1.534147555e+000 1.999949589e+000 
1.223209882e+000 1.985154940e+000 
1.203285978e+000 1.982636851e+000 
1.244588846e+000 1.988776602e+000 
1.089153745e+000 1.951797844e+000 
1.237590826e+000 1.987832834e+000 
1.231130642e+000 1.987097214e+000 
1.526460709e+000 1.999842780e+000 
1.098325298e+000 1.954782243e+000 
1.229512061e+000 1.986900075e+000 
1.161619501e+000 1.973655799e+000 
1.489318448e+000 1.999564363e+000 
1.088420417e+000 1.950863781e+000 
1.264689961e+000 1.990983923e+000 
1.283024214e+000 1.992967098e+000 
1.389099593e+000 1.998315120e+000 
1.198835080e+000 1.981618736e+000 
1.532429195e+000 1.999925236e+000 
1.484371688e+000 1.999562701e+000 
1.086139627e+000 1.949270965e+000 
1.123720880e+000 1.963947380e+000 
1.217118915e+000 1.984765790e+000 
1.224117617e+000 1.986137711e+000 
1.215342692e+000 1.984426251e+000 
1.289390051e+000 1.993691114e+000 
1.135769305e+000 1.967029056e+000 
1.499544461e+000 1.999679087e+000 
1.128755231e+000 1.964868800e+000 
1.179578431e+000 1.977495515e+000 
1.118326795e+000 1.961726463e+000 
1.121751699e+000 1.962853515e+000 
1.120142161e+000 1.962691308e+000 
1.127647519e+000 1.964613602e+000 
1.116678952e+000 1.961345159e+000 
1.126744334e+000 1.964473068e+000 
1.114508557e+000 1.960094220e+000 
1.184493033e+000 1.978928691e+000 
1.190720903e+000 1.979610164e+000 
1.128047437e+000 1.964791784e+000 
1.516715873e+000 1.999837628e+000 
1.184839053e+000 1.979254652e+000 
1.492880437e+000 1.999647882e+000 
1.212255277e+000 1.983806666e+000 
1.212509774e+000 1.984056694e+000 
1.105619620e+000 1.956694552e+000 
1.177248478e+000 1.977237819e+000 
1.168966673e+000 1.975071594e+000 
1.159232299e+000 1.972853096e+000 
1.123650990e+000 1.963553675e+000 
1.153239815e+000 1.971719104e+000 
1.212294059e+000 1.983851162e+000 
1.483466226e+000 1.999559462e+000 
1.109981626e+000 1.959581989e+000 
1.108482278e+000 1.958769899e+000 
1.112753672e+000 1.959925345e+000 
1.483166137e+000 1.999558490e+000 
1.268042062e+000 1.991770798e+000 
1.479942065e+000 1.999515443e+000 
1.153632111e+000 1.971924338e+000 
1.190746268e+000 1.979796665e+000 
1.117584234e+000 1.961633961e+000 
1.146560751e+000 1.969858730e+000 
1.159674056e+000 1.972947985e+000 
1.274907149e+000 1.992269305e+000 
1.142395604e+000 1.968800347e+000 
1.150522737e+000 1.970953715e+000 
1.319718822e+000 1.995614798e+000 
1.146496252e+000 1.969503080e+000 
1.319677100e+000 1.995603285e+000 
1.137341253e+000 1.967436812e+000 
1.272027267e+000 1.991845762e+000 
1.216481855e+000 1.984503007e+000 
1.275668481e+000 1.992340564e+000 
1.266871047e+000 1.991342387e+000 
1.295965607e+000 1.993956447e+000 
1.285376291e+000 1.993122485e+000 
1.476932974e+000 1.999457251e+000 
1.476609826e+000 1.999440857e+000 
1.282498468e+000 1.992917642e+000 
1.285743438e+000 1.993455526e+000 
1.451494133e+000 1.999175283e+000 
1.253188121e+000 1.989626070e+000 
1.446862934e+000 1.999063542e+000 
1.205804055e+000 1.982716390e+000 
1.295640791e+000 1.993774987e+000 
1.261100773e+000 1.990936285e+000 
1.253481696e+000 1.989796670e+000 
1.457804090e+000 1.999239232e+000 
1.466751336e+000 1.999346804e+000 
1.466477502e+000 1.999340409e+000 
1.342842051e+000 1.996770366e+000 
1.459057051e+000 1.999268597e+000 
1.105847963e+000 1.956901105e+000 
1.326853257e+000 1.996079864e+000 
1.331319354e+000 1.996090075e+000 
1.468711932e+000 1.999439363e+000 
1.463939565e+000 1.999321215e+000 
1.353147233e+000 1.997159344e+000 
1.450832206e+000 1.999065217e+000 
1.443792094e+000 1.999037771e+000 
1.325127052e+000 1.995887636e+000 
1.442475192e+000 1.999012367e+000 
1.430852147e+000 1.998775762e+000 
1.429378037e+000 1.998740157e+000 
1.442317984e+000 1.999002166e+000 
1.361438280e+000 1.997367856e+000 
1.433177657e+000 1.998972108e+000 
1.352521521e+000 1.996971311e+000 
1.432176737e+000 1.998880233e+000 
1.331882913e+000 1.996498699e+000 
1.107483876e+000 1.958007333e+000 
1.416993159e+000 1.998677794e+000 
1.425031267e+000 1.998731942e+000 
1.132336010e+000 1.965805124e+000 
1.133732927e+000 1.966087957e+000 
1.133059040e+000 1.966059315e+000 
1.303070060e+000 1.994491911e+000 
1.403322552e+000 1.998361940e+000 
1.133948937e+000 1.966123872e+000 
1.375867042e+000 1.997815640e+000 
1.412114360e+000 1.998545091e+000 
1.366208953e+000 1.997614549e+000 
1.305954988e+000 1.994897607e+000 
1.297074991e+000 1.994147095e+000 
1.363445881e+000 1.997376619e+000 
1.304414369e+000 1.994640461e+000 
1.355325767e+000 1.997357994e+000 
1.163678089e+000 1.973760655e+000 
1.353446955e+000 1.997233665e+000 
1.373673001e+000 1.997691871e+000 
1.336065959e+000 1.996566947e+000 
1.346955775e+000 1.996807279e+000 
1.336164480e+000 1.996673695e+000 
1.416990939e+000 1.998590007e+000 
1.404183178e+000 1.998387568e+000 
1.347607692e+000 1.996947832e+000 
1.179483166e+000 1.977449183e+000 
1.381076860e+000 1.998072755e+000 
1.384432297e+000 1.998188758e+000 
1.380145480e+000 1.997896463e+000 
1.300420106e+000 1.994263097e+000 
1.328164138e+000 1.996082984e+000 
1.319345215e+000 1.995527582e+000 

