1.010934180e+000 1.005212297e+000 
1.011193316e+000 1.005355747e+000 
1.010896446e+000 1.005167309e+000 
1.012839365e+000 1.005907478e+000 
1.010047956e+000 1.004706023e+000 
1.012099057e+000 1.005704640e+000 
1.010841874e+000 1.005108214e+000 
1.010371439e+000 1.004863204e+000 
1.010135842e+000 1.004720015e+000 
1.010610580e+000 1.005000430e+000 
1.010617992e+000 1.005023396e+000 
1.010351783e+000 1.004859860e+000 
1.011441528e+000 1.005446468e+000 
1.010822218e+000 1.005104870e+000 
1.010410801e+000 1.004877685e+000 
1.010763199e+000 1.005086788e+000 
1.011382509e+000 1.005428644e+000 
1.003578886e+000 1.001149032e+000 
1.004059690e+000 1.001212734e+000 
1.004004562e+000 1.001211499e+000 
1.004543183e+000 1.001276514e+000 
1.004500366e+000 1.001275804e+000 
1.004598565e+000 1.001276636e+000 
1.004919525e+000 1.001298796e+000 
1.003794575e+000 1.001172914e+000 
1.005094661e+000 1.001320665e+000 
1.004123952e+000 1.001212871e+000 
1.004383571e+000 1.001254135e+000 
1.005100835e+000 1.001321116e+000 
1.004267793e+000 1.001233579e+000 
1.004328189e+000 1.001254069e+000 
1.004785990e+000 1.001298518e+000 
1.005250257e+000 1.001321256e+000 
1.004222315e+000 1.001233355e+000 
1.004129219e+000 1.001231895e+000 
1.003608571e+000 1.001165473e+000 
1.003462665e+000 1.001127893e+000 
1.003523758e+000 1.001147721e+000 
1.003376733e+000 1.001106914e+000 
1.003437826e+000 1.001126628e+000 
1.003814328e+000 1.001186897e+000 
1.004495352e+000 1.001255562e+000 
1.004322921e+000 1.001234990e+000 
1.005022175e+000 1.001320392e+000 
1.004725594e+000 1.001278116e+000 
1.004961779e+000 1.001299790e+000 
1.001821670e+000 1.000205447e+000 
1.000487688e+000 1.000156617e+000 
1.001474901e+000 1.000193794e+000 
1.000432491e+000 1.000156085e+000 
1.001436563e+000 1.000193356e+000 
1.001641418e+000 1.000199611e+000 
1.001616815e+000 1.000199192e+000 
1.001211716e+000 1.000187334e+000 
1.000830671e+000 1.000174732e+000 
1.000554114e+000 1.000162466e+000 
1.001655152e+000 1.000199630e+000 
1.001920240e+000 1.000209081e+000 
1.000526100e+000 1.000162351e+000 
1.001044112e+000 1.000185847e+000 
1.000527245e+000 1.000162353e+000 
1.001477069e+000 1.000194072e+000 
1.001142948e+000 1.000186767e+000 
1.000989622e+000 1.000180848e+000 
1.000536955e+000 1.000162375e+000 
1.000552969e+000 1.000162465e+000 
1.001881902e+000 1.000208643e+000 
1.001347803e+000 1.000193022e+000 
1.001006861e+000 1.000181079e+000 
1.001514320e+000 1.000198839e+000 
1.001980738e+000 1.000209564e+000 
1.001309465e+000 1.000192584e+000 
1.001248967e+000 1.000192102e+000 
1.001794271e+000 1.000204582e+000 
1.001082450e+000 1.000186285e+000 
1.000877595e+000 1.000180030e+000 
1.000988477e+000 1.000180847e+000 
1.000667884e+000 1.000162536e+000 
1.001194476e+000 1.000187103e+000 
1.000683372e+000 1.000168177e+000 
1.000563824e+000 1.000162489e+000 
1.000514557e+000 1.000156730e+000 
1.000730296e+000 1.000173475e+000 
1.000556741e+000 1.000162487e+000 
1.000729151e+000 1.000173473e+000 
1.000392495e+000 1.000151076e+000 
1.000876450e+000 1.000180028e+000 
1.000679885e+000 1.000167715e+000 
1.002008754e+000 1.000209708e+000 
1.000682227e+000 1.000168176e+000 
1.000666739e+000 1.000162534e+000 
1.000391790e+000 1.000150348e+000 
1.000480489e+000 1.000156615e+000 
1.000513413e+000 1.000156729e+000 
1.061245991e+000 1.597557906e+000 
1.060746094e+000 1.597031374e+000 
1.062353759e+000 1.600902060e+000 
1.062681521e+000 1.601518163e+000 
1.062027459e+000 1.600364329e+000 
1.000168038e+000 1.000027821e+000 
1.000222662e+000 1.000027852e+000 
1.000060852e+000 1.000026909e+000 
1.000019890e+000 1.000025698e+000 
1.000106400e+000 1.000027071e+000 
1.000148293e+000 1.000027203e+000 
1.008715037e+000 1.002822940e+000 
1.005669658e+000 1.002199408e+000 
1.005759681e+000 1.002248325e+000 
1.006260287e+000 1.002379130e+000 
1.007778247e+000 1.002707930e+000 
1.008221141e+000 1.002768144e+000 
1.009347970e+000 1.002929889e+000 
1.005815707e+000 1.002275064e+000 
1.006399835e+000 1.002433010e+000 
1.007401897e+000 1.002635461e+000 
1.006913728e+000 1.002532405e+000 
1.006329731e+000 1.002399977e+000 
1.005887901e+000 1.002296492e+000 
1.008130090e+000 1.002764538e+000 
1.005409148e+000 1.002140021e+000 
1.006650092e+000 1.002487852e+000 
1.006494764e+000 1.002470932e+000 
1.005597464e+000 1.002192071e+000 
1.006104238e+000 1.002345145e+000 
1.005613811e+000 1.002194817e+000 
1.005995607e+000 1.002329851e+000 
1.005943927e+000 1.002323230e+000 
1.005863138e+000 1.002296482e+000 
1.005700921e+000 1.002226138e+000 
1.005919164e+000 1.002323221e+000 
1.005388373e+000 1.002106503e+000 
1.005725684e+000 1.002226147e+000 
1.006285050e+000 1.002379139e+000 
1.007810362e+000 1.002712534e+000 
1.007614837e+000 1.002683627e+000 
1.009324155e+000 1.002929852e+000 
1.008406322e+000 1.002808233e+000 
1.006148590e+000 1.002378026e+000 
1.009167125e+000 1.002901894e+000 
1.007247148e+000 1.002594974e+000 
1.007222385e+000 1.002594966e+000 
1.007325842e+000 1.002629033e+000 
1.007546130e+000 1.002657949e+000 
1.008571965e+000 1.002819334e+000 
1.008078874e+000 1.002760883e+000 
1.007753485e+000 1.002707922e+000 
1.007086821e+000 1.002580524e+000 
1.007646951e+000 1.002688232e+000 
1.008364233e+000 1.002791377e+000 
1.007883349e+000 1.002731976e+000 
1.007511380e+000 1.002649560e+000 
1.009751305e+000 1.002984648e+000 
1.005291254e+000 1.002091885e+000 
1.007934565e+000 1.002735631e+000 
1.010033910e+000 1.002993300e+000 
1.073957618e+000 1.804422841e+000 
1.091220552e+000 1.822387543e+000 
1.274953527e+000 1.916830855e+000 
1.087152223e+000 1.818695291e+000 
1.103932093e+000 1.833599949e+000 
1.276442696e+000 1.917162176e+000 
1.063041943e+000 1.789087842e+000 
1.063399033e+000 1.789947047e+000 
1.070681517e+000 1.801387617e+000 
1.074655013e+000 1.806248351e+000 
1.111942199e+000 1.840610375e+000 
1.170227667e+000 1.877117172e+000 
1.069799803e+000 1.800314327e+000 
1.069354397e+000 1.799593256e+000 
1.126923692e+000 1.851564634e+000 
1.068469407e+000 1.798685861e+000 
1.071237766e+000 1.802214058e+000 
1.066332404e+000 1.795529849e+000 
1.078770628e+000 1.810773209e+000 
1.267187623e+000 1.914334724e+000 
1.071046671e+000 1.801596989e+000 
1.083805272e+000 1.816035975e+000 
1.087434759e+000 1.819266561e+000 
1.200412919e+000 1.891152083e+000 
1.069188470e+000 1.799555441e+000 
1.098029059e+000 1.828872013e+000 
1.128630767e+000 1.852610561e+000 
1.096154177e+000 1.827211705e+000 
1.184428417e+000 1.883878777e+000 
1.181437537e+000 1.882903403e+000 
1.104241059e+000 1.833907028e+000 
1.100877781e+000 1.830841992e+000 
1.299995797e+000 1.925058941e+000 
1.129079160e+000 1.853083527e+000 
1.092902395e+000 1.824498793e+000 
1.072236122e+000 1.803516757e+000 
1.091739989e+000 1.823506952e+000 
1.119220763e+000 1.846162756e+000 
1.063357959e+000 1.789769125e+000 
1.093923344e+000 1.825428155e+000 
1.066103667e+000 1.795236671e+000 
1.101604717e+000 1.831753267e+000 
1.120536693e+000 1.847184741e+000 
1.268270467e+000 1.915027440e+000 
1.125130068e+000 1.850516790e+000 
1.313486267e+000 1.927127464e+000 
1.087240765e+000 1.819046921e+000 
1.164866498e+000 1.874070445e+000 
1.110538131e+000 1.839333286e+000 
1.094505656e+000 1.825930500e+000 
1.115476620e+000 1.843284215e+000 
1.105217495e+000 1.834451687e+000 
1.142102461e+000 1.861163479e+000 
1.178630012e+000 1.881588956e+000 
1.266015112e+000 1.914098192e+000 
1.296409036e+000 1.923594295e+000 
1.133028708e+000 1.855593747e+000 
1.119549090e+000 1.846221140e+000 
1.123074023e+000 1.849031294e+000 
1.243787661e+000 1.907906855e+000 
1.113737024e+000 1.841980621e+000 
1.089750697e+000 1.821482189e+000 
1.063921326e+000 1.791301592e+000 
1.123789236e+000 1.849782614e+000 
1.063553724e+000 1.790417980e+000 
1.063694505e+000 1.791211204e+000 
1.078480572e+000 1.810481268e+000 
1.074378981e+000 1.805878054e+000 
1.079262161e+000 1.811365345e+000 
1.110532506e+000 1.839134200e+000 
1.092857736e+000 1.824477988e+000 
1.168742300e+000 1.876016941e+000 
1.139927071e+000 1.859797665e+000 
1.096883143e+000 1.827769299e+000 
1.138275891e+000 1.859024958e+000 
1.076386686e+000 1.808025247e+000 
1.080459788e+000 1.812457938e+000 
1.168162850e+000 1.875750977e+000 
1.108970261e+000 1.837884998e+000 
1.134595885e+000 1.856480498e+000 
1.072149137e+000 1.803233579e+000 
1.290610330e+000 1.922861838e+000 
1.289182434e+000 1.922712080e+000 
1.273509396e+000 1.916667731e+000 
1.090133817e+000 1.821829703e+000 
1.137924236e+000 1.858697581e+000 
1.071465232e+000 1.802385171e+000 
1.267691772e+000 1.914937260e+000 
1.084204217e+000 1.816506878e+000 
1.089025930e+000 1.820940680e+000 
1.106554550e+000 1.835602119e+000 
1.252123157e+000 1.909869044e+000 
1.237952074e+000 1.905761399e+000 
1.091483159e+000 1.823098002e+000 
1.092387342e+000 1.824088133e+000 
1.093518704e+000 1.825108622e+000 
1.101082425e+000 1.831172936e+000 
1.092273952e+000 1.823865426e+000 
1.182109341e+000 1.883446602e+000 
1.177416138e+000 1.881178071e+000 
1.099681545e+000 1.829974496e+000 
1.269626002e+000 1.915367876e+000 
1.149333047e+000 1.865216999e+000 
1.151992367e+000 1.866909313e+000 
1.150242853e+000 1.865467032e+000 
1.247074751e+000 1.908736954e+000 
1.085183198e+000 1.817293118e+000 
1.111736481e+000 1.840301354e+000 
1.145141400e+000 1.862743832e+000 
1.082064936e+000 1.814261913e+000 
1.113018643e+000 1.841190482e+000 
1.078669579e+000 1.810631891e+000 
1.210942541e+000 1.894872847e+000 
1.134740453e+000 1.856753667e+000 
1.126327350e+000 1.851397733e+000 
1.144631498e+000 1.862305203e+000 
1.117547249e+000 1.844901154e+000 
1.121176860e+000 1.847507627e+000 
1.175445082e+000 1.879739711e+000 
1.087518600e+000 1.819451041e+000 
1.090582024e+000 1.822133161e+000 
1.120046145e+000 1.846640190e+000 
1.277222914e+000 1.917805141e+000 
1.177991850e+000 1.881258109e+000 
1.248690854e+000 1.909355228e+000 
1.121465212e+000 1.847702212e+000 
1.134005914e+000 1.856431786e+000 
1.122324296e+000 1.848140052e+000 
1.311397709e+000 1.927111136e+000 
1.109504694e+000 1.838557377e+000 
1.245437068e+000 1.908722849e+000 
1.135035889e+000 1.856942480e+000 
1.325217840e+000 1.929971482e+000 
1.078584270e+000 1.810485955e+000 
1.178413621e+000 1.881421194e+000 
1.181788739e+000 1.883258307e+000 
1.179680709e+000 1.882236713e+000 
1.180292489e+000 1.882546995e+000 
1.242975020e+000 1.907566525e+000 
1.236696098e+000 1.904841842e+000 
1.234783351e+000 1.904430270e+000 
1.324508016e+000 1.929909732e+000 
1.201091106e+000 1.891552713e+000 
1.229747621e+000 1.902408393e+000 
1.230878401e+000 1.902531977e+000 
1.214802161e+000 1.896804786e+000 
1.330042160e+000 1.931159738e+000 
1.180026528e+000 1.882372208e+000 
1.173198629e+000 1.878915755e+000 
1.214315606e+000 1.896378227e+000 
1.202485671e+000 1.892003186e+000 
1.232936227e+000 1.904017970e+000 
1.160218865e+000 1.871583197e+000 
1.213445426e+000 1.896074296e+000 
1.240647273e+000 1.906611080e+000 
1.183071260e+000 1.883559101e+000 
1.203889442e+000 1.892653327e+000 
1.166563056e+000 1.874780230e+000 
1.219584535e+000 1.898322344e+000 
1.268573670e+000 1.915355087e+000 
1.231058130e+000 1.902808027e+000 
1.168639035e+000 1.875851993e+000 
1.186067827e+000 1.884570028e+000 
1.207282518e+000 1.893693032e+000 
1.204504592e+000 1.893216125e+000 
1.188543766e+000 1.886192276e+000 
1.308552734e+000 1.926000102e+000 
1.313664546e+000 1.927508738e+000 
1.188385604e+000 1.885716357e+000 
1.146718176e+000 1.863728542e+000 
1.148796506e+000 1.865114190e+000 
1.204796679e+000 1.893348816e+000 
1.211671621e+000 1.895670883e+000 
1.155634539e+000 1.869181998e+000 
1.193672956e+000 1.888033454e+000 
1.150825141e+000 1.866094862e+000 
1.314362495e+000 1.927844701e+000 
1.154198292e+000 1.868158936e+000 
1.194647137e+000 1.888977126e+000 
1.204181138e+000 1.892790496e+000 
1.156682083e+000 1.869907673e+000 
1.282676920e+000 1.919512684e+000 
1.270029286e+000 1.916081339e+000 
1.192721139e+000 1.887921134e+000 
1.191609819e+000 1.887332090e+000 
1.210372984e+000 1.894696342e+000 
1.197236433e+000 1.889954402e+000 
1.164230015e+000 1.873807996e+000 
1.217368533e+000 1.897625923e+000 
1.158098373e+000 1.870280085e+000 
1.271216007e+000 1.916182631e+000 
1.305340385e+000 1.925264758e+000 
1.282507062e+000 1.919209295e+000 
1.282306716e+000 1.919138408e+000 
1.258580713e+000 1.912847382e+000 
1.257382082e+000 1.912406840e+000 
1.259013318e+000 1.912954517e+000 
1.219822712e+000 1.898604438e+000 
1.253011025e+000 1.910493639e+000 
1.248995329e+000 1.909774644e+000 
1.228337079e+000 1.901608052e+000 
9.999999997e-001 1.000000000e+000 
1.035658463e+000 1.059308496e+000 
1.047029310e+000 1.068479866e+000 
1.047424268e+000 1.068627036e+000 
1.043501334e+000 1.065639921e+000 
1.054773844e+000 1.073738943e+000 
1.030331663e+000 1.052559169e+000 
1.032196264e+000 1.055354100e+000 
1.035291691e+000 1.059141238e+000 
1.036034452e+000 1.060110006e+000 
1.056366755e+000 1.074455308e+000 
1.050627821e+000 1.070906283e+000 
1.051501401e+000 1.071276330e+000 
1.057797434e+000 1.075586107e+000 
1.034978243e+000 1.058638685e+000 
1.034143463e+000 1.057849224e+000 
1.043635658e+000 1.065782065e+000 
1.038649449e+000 1.062603635e+000 
1.041411889e+000 1.064458677e+000 
1.051412867e+000 1.071041814e+000 
1.039486345e+000 1.063085491e+000 
1.041110412e+000 1.064349833e+000 
1.038495887e+000 1.062593636e+000 
1.038490083e+000 1.062469098e+000 
1.037262727e+000 1.061212988e+000 
1.035589511e+000 1.059293715e+000 
1.035759110e+000 1.059398416e+000 
1.052454739e+000 1.072143245e+000 
1.046740269e+000 1.068087167e+000 
1.046091102e+000 1.067393359e+000 
1.060528511e+000 1.076989645e+000 
1.060320902e+000 1.076978883e+000 
1.031184517e+000 1.053865497e+000 
1.032593662e+000 1.055909015e+000 
1.030763354e+000 1.053327481e+000 
1.031931060e+000 1.055111221e+000 
1.054537423e+000 1.073486484e+000 
1.030760774e+000 1.053270810e+000 
1.049363316e+000 1.069824267e+000 
1.057376869e+000 1.075004653e+000 
1.031486968e+000 1.054804624e+000 
1.058825995e+000 1.075735873e+000 
1.049194795e+000 1.069609207e+000 
1.049646732e+000 1.069956976e+000 
1.057769007e+000 1.075443145e+000 
1.057126984e+000 1.074923364e+000 
1.059112753e+000 1.076307146e+000 
1.058925481e+000 1.076090949e+000 
1.058646935e+000 1.075676243e+000 
1.023012833e+000 1.027775755e+000 
1.024561904e+000 1.029322808e+000 
1.029593926e+000 1.033082056e+000 
1.024347794e+000 1.029182307e+000 
1.029061235e+000 1.032641067e+000 
1.023926034e+000 1.028679576e+000 
1.022865790e+000 1.027752625e+000 
1.025957383e+000 1.030661208e+000 
1.027139893e+000 1.031297590e+000 
1.025265940e+000 1.030054768e+000 
1.025880480e+000 1.030618357e+000 
1.025430513e+000 1.030216376e+000 
1.026755775e+000 1.031196768e+000 
1.030150489e+000 1.033350660e+000 
1.027283100e+000 1.031592090e+000 
1.024743589e+000 1.029588185e+000 
1.024803894e+000 1.029588352e+000 
1.025826452e+000 1.030303059e+000 
1.027208934e+000 1.031496861e+000 
1.018020847e+000 1.015605075e+000 
1.017660201e+000 1.015601234e+000 
1.017551255e+000 1.015396530e+000 
1.021462286e+000 1.017045259e+000 
1.014568964e+000 1.014094049e+000 
1.018108662e+000 1.015817803e+000 
1.020592582e+000 1.016965562e+000 
1.021833014e+000 1.017231778e+000 
1.015041922e+000 1.014327643e+000 
1.013828021e+000 1.013636911e+000 
1.013184328e+000 1.013332459e+000 
1.013331265e+000 1.013394670e+000 
1.014265199e+000 1.013880538e+000 
1.015520287e+000 1.014454512e+000 
1.012965875e+000 1.013128816e+000 
1.015376408e+000 1.014385515e+000 
1.018558963e+000 1.015846558e+000 
1.019053864e+000 1.016064873e+000 
1.022383758e+000 1.017321925e+000 
1.013553773e+000 1.013425970e+000 
1.021635427e+000 1.017061230e+000 
1.021588149e+000 1.017051889e+000 
1.018878995e+000 1.016053377e+000 
1.018430534e+000 1.015837434e+000 
1.022259873e+000 1.017316436e+000 
1.022124273e+000 1.017283878e+000 
1.021836058e+000 1.017233346e+000 
1.015730863e+000 1.014552596e+000 
1.019369257e+000 1.016283216e+000 
1.018814440e+000 1.016045621e+000 
1.018605403e+000 1.015847660e+000 
1.019102655e+000 1.016096255e+000 
1.022413573e+000 1.017342574e+000 
1.020580595e+000 1.016763608e+000 
1.002434236e+000 1.000602172e+000 
1.002459296e+000 1.000604738e+000 
1.002735440e+000 1.000662501e+000 
1.002017074e+000 1.000546066e+000 
1.002877141e+000 1.000682577e+000 
1.002981926e+000 1.000700884e+000 
1.002119187e+000 1.000547516e+000 
1.002613746e+000 1.000642398e+000 
1.003111211e+000 1.000703179e+000 
1.002144247e+000 1.000550082e+000 
1.002475146e+000 1.000605091e+000 
1.002559152e+000 1.000639740e+000 
1.002495544e+000 1.000621448e+000 
1.002860232e+000 1.000680782e+000 
1.002806053e+000 1.000662513e+000 
1.003039588e+000 1.000702624e+000 
1.003290567e+000 1.000725021e+000 
1.002411538e+000 1.000586799e+000 
1.003032532e+000 1.000700922e+000 
1.003161282e+000 1.000722726e+000 
1.002375290e+000 1.000570089e+000 
1.002281219e+000 1.000568223e+000 
1.002532053e+000 1.000624621e+000 
1.002554679e+000 1.000625800e+000 
1.404843545e+000 1.964529931e+000 
1.341371990e+000 1.936859430e+000 
1.348355752e+000 1.940829469e+000 
1.452179153e+000 1.976012430e+000 
1.508669713e+000 1.985048581e+000 
1.494141899e+000 1.982770479e+000 
1.510990800e+000 1.985196688e+000 
1.347201141e+000 1.940066883e+000 
1.341527618e+000 1.937131397e+000 
1.340690085e+000 1.936820326e+000 
1.441609351e+000 1.974044642e+000 
1.332961607e+000 1.932553498e+000 
1.337232856e+000 1.934816859e+000 
1.333959721e+000 1.933380344e+000 
1.345127620e+000 1.939381190e+000 
1.354208622e+000 1.944087099e+000 
1.336997418e+000 1.934187712e+000 
1.335127194e+000 1.933619260e+000 
1.336227791e+000 1.934076657e+000 
1.507428847e+000 1.984936003e+000 
1.352023883e+000 1.943126456e+000 
1.470086439e+000 1.978793028e+000 
1.335418594e+000 1.933732887e+000 
1.459076384e+000 1.977259676e+000 
1.466819110e+000 1.978674904e+000 
1.494696985e+000 1.982988610e+000 
1.463989787e+000 1.978334401e+000 
1.351389627e+000 1.943121967e+000 
1.354873256e+000 1.944649166e+000 
1.422906722e+000 1.970338627e+000 
1.337487332e+000 1.934937507e+000 
1.458749478e+000 1.977247214e+000 
1.503322700e+000 1.984408415e+000 
1.348364560e+000 1.941316396e+000 
1.504583076e+000 1.984508061e+000 
1.339714012e+000 1.936076606e+000 
1.454256748e+000 1.976561309e+000 
1.458556920e+000 1.977212920e+000 
1.355832699e+000 1.944911430e+000 
1.339917664e+000 1.936473678e+000 
1.338041900e+000 1.935610449e+000 
1.353741467e+000 1.943772082e+000 
1.346702565e+000 1.939737088e+000 
1.362540573e+000 1.947875055e+000 
1.353189871e+000 1.943750673e+000 
1.360011356e+000 1.946834392e+000 
1.356271199e+000 1.945189103e+000 
1.356978279e+000 1.945705445e+000 
1.361217982e+000 1.947196154e+000 
1.396354544e+000 1.961711521e+000 
1.362765552e+000 1.948163835e+000 
1.351161713e+000 1.942581389e+000 
1.399961540e+000 1.963061408e+000 
1.358586927e+000 1.946045103e+000 
1.439449062e+000 1.973748145e+000 
1.500239715e+000 1.983820823e+000 
1.460252870e+000 1.977423797e+000 
1.434187606e+000 1.972639787e+000 
1.359268589e+000 1.946119924e+000 
1.739823410e+000 2.000000000e+000 
1.356585728e+000 1.945628441e+000 
1.350123046e+000 1.942198934e+000 
1.368670973e+000 1.950847649e+000 
1.482430340e+000 1.980898385e+000 
1.458061634e+000 1.977037590e+000 
1.377562703e+000 1.954591445e+000 
1.448093110e+000 1.975267291e+000 
1.455448963e+000 1.976735993e+000 
1.410443985e+000 1.966814155e+000 
1.497256116e+000 1.983205752e+000 
1.342827661e+000 1.937534317e+000 
1.428085103e+000 1.971508565e+000 
1.426894005e+000 1.971423595e+000 
1.415062533e+000 1.968053336e+000 
1.400768514e+000 1.963384418e+000 
1.400497583e+000 1.963078947e+000 
1.376068660e+000 1.954083299e+000 
1.406696338e+000 1.965774095e+000 
1.403467477e+000 1.964408493e+000 
1.399306363e+000 1.962880340e+000 
1.450817101e+000 1.975971735e+000 
1.380251262e+000 1.956398405e+000 
1.403173935e+000 1.963898662e+000 
1.438804042e+000 1.973604381e+000 
1.380138565e+000 1.956298547e+000 
1.382136515e+000 1.956903717e+000 
1.404875570e+000 1.965125345e+000 
1.406058396e+000 1.965447545e+000 
1.437958595e+000 1.973286428e+000 
1.445520221e+000 1.975130216e+000 
1.392410928e+000 1.960185989e+000 
1.414342714e+000 1.967886868e+000 
1.407671173e+000 1.965908378e+000 
1.395176994e+000 1.961266614e+000 
1.390086148e+000 1.959248403e+000 
1.354257522e+000 1.944607248e+000 
1.344077338e+000 1.938018597e+000 
1.438509582e+000 1.973320058e+000 
1.413946532e+000 1.967380009e+000 
1.405928049e+000 1.965348539e+000 
1.411652885e+000 1.967345480e+000 
1.398227655e+000 1.962095944e+000 
1.502642262e+000 1.984097211e+000 
1.393838009e+000 1.961126158e+000 
1.393737216e+000 1.960294766e+000 
1.497592891e+000 1.983441427e+000 
1.396338790e+000 1.961669237e+000 
1.397063969e+000 1.961812908e+000 
1.431589626e+000 1.972157273e+000 
1.388472233e+000 1.958875413e+000 
1.432528440e+000 1.972328081e+000 
1.487977953e+000 1.981959758e+000 
1.444242360e+000 1.975113979e+000 
1.441702271e+000 1.974409626e+000 
1.487020866e+000 1.981750408e+000 
1.421064727e+000 1.970006119e+000 
1.421215953e+000 1.970078404e+000 
1.424971867e+000 1.970563840e+000 
1.378957558e+000 1.955690465e+000 
1.365611141e+000 1.949406103e+000 
1.364311117e+000 1.949073994e+000 
1.417641687e+000 1.968921549e+000 
1.363967923e+000 1.948559720e+000 
1.482904780e+000 1.981146956e+000 
1.448150708e+000 1.975579181e+000 
1.381151954e+000 1.956742501e+000 
1.420562657e+000 1.969952759e+000 
1.381525332e+000 1.956786324e+000 
1.419208692e+000 1.969732174e+000 
1.416356066e+000 1.968737592e+000 
1.438623161e+000 1.973362764e+000 
1.371638522e+000 1.952673553e+000 
1.391052730e+000 1.959882097e+000 
1.424490731e+000 1.970559903e+000 
1.347088174e+000 1.939793740e+000 
1.380025655e+000 1.956167466e+000 
1.367154622e+000 1.949788963e+000 
1.374180165e+000 1.953522020e+000 
1.385701627e+000 1.958792276e+000 
1.385477978e+000 1.958191232e+000 
1.384190686e+000 1.958003679e+000 
1.416264273e+000 1.968720215e+000 
1.413667544e+000 1.967346772e+000 
1.735087343e+000 1.999949338e+000 
1.383617076e+000 1.957980296e+000 
1.378585460e+000 1.955240616e+000 
1.474428003e+000 1.979213017e+000 
1.364858232e+000 1.949101582e+000 
1.375940874e+000 1.953993017e+000 
1.697344119e+000 1.999180840e+000 
1.733886785e+000 1.999923905e+000 
1.382792584e+000 1.957648932e+000 
1.409339057e+000 1.966301710e+000 
1.410312819e+000 1.966499908e+000 
1.369437329e+000 1.951529695e+000 
1.474870410e+000 1.979323569e+000 
1.449740736e+000 1.975718084e+000 
1.715868633e+000 1.999396041e+000 
1.367206670e+000 1.950014871e+000 
1.388709044e+000 1.959186172e+000 
1.678950738e+000 1.998754084e+000 
1.471980721e+000 1.978976762e+000 
1.477137930e+000 1.980055002e+000 
1.472554627e+000 1.979145552e+000 
1.720821518e+000 1.999550940e+000 
1.683132283e+000 1.998952630e+000 
1.720829570e+000 1.999583012e+000 
1.678774114e+000 1.998706768e+000 
1.688468064e+000 1.999029395e+000 
1.720200795e+000 1.999468524e+000 
1.672128561e+000 1.998488763e+000 
1.527908456e+000 1.987106062e+000 
1.369026259e+000 1.951240390e+000 
1.676947454e+000 1.998696301e+000 
1.370017034e+000 1.951571674e+000 
1.370400988e+000 1.951912208e+000 
1.372841025e+000 1.952900824e+000 
1.668187604e+000 1.998304228e+000 
1.694124248e+000 1.999171339e+000 
1.673861475e+000 1.998686702e+000 
1.732758375e+000 1.999920928e+000 
1.668033014e+000 1.998303525e+000 
1.725712619e+000 1.999726547e+000 
1.668296808e+000 1.998473277e+000 
1.368335810e+000 1.950753757e+000 
1.666366481e+000 1.998295660e+000 
1.710835686e+000 1.999271401e+000 
1.728245992e+000 1.999876122e+000 
1.639988733e+000 1.997367883e+000 
1.726794963e+000 1.999868478e+000 
1.705951410e+000 1.999197439e+000 
1.662993389e+000 1.998284392e+000 
1.710980127e+000 1.999385939e+000 
1.376662426e+000 1.954178270e+000 
1.374916222e+000 1.953725195e+000 
1.725357161e+000 1.999704808e+000 
1.690992400e+000 1.999053158e+000 
1.673857451e+000 1.998521883e+000 
1.539284674e+000 1.989126717e+000 
1.539734531e+000 1.989148520e+000 
1.540634426e+000 1.989257513e+000 
1.474883902e+000 1.979514193e+000 
1.551381513e+000 1.990250105e+000 
1.543085264e+000 1.989365391e+000 
1.548748878e+000 1.990023939e+000 
1.546851843e+000 1.990003507e+000 
1.544179127e+000 1.989554420e+000 
1.549149303e+000 1.990148281e+000 
1.549806591e+000 1.990205850e+000 
1.628519563e+000 1.996868035e+000 
1.646434735e+000 1.997489498e+000 
1.636905427e+000 1.997183836e+000 
1.634656398e+000 1.997143935e+000 
1.653066493e+000 1.997800023e+000 
1.650126801e+000 1.997721803e+000 
1.647107332e+000 1.997713997e+000 
1.658790035e+000 1.998050669e+000 
1.577624484e+000 1.992904708e+000 
1.652929850e+000 1.997779189e+000 
1.659215671e+000 1.998118208e+000 
1.656057180e+000 1.998028550e+000 
1.640641272e+000 1.997461280e+000 
1.651826436e+000 1.997761447e+000 
1.576857644e+000 1.992780171e+000 
1.585054031e+000 1.993565414e+000 
1.584029435e+000 1.993526417e+000 
1.587322353e+000 1.993747761e+000 
1.589157365e+000 1.993893651e+000 
1.642142085e+000 1.997479022e+000 
1.631218308e+000 1.996894734e+000 
1.501381960e+000 1.983932692e+000 
1.566778372e+000 1.991962444e+000 
1.579522755e+000 1.993107161e+000 
1.579379578e+000 1.993049160e+000 
1.566537520e+000 1.991863652e+000 
1.578360798e+000 1.992970144e+000 
1.596122693e+000 1.994392784e+000 
1.631490930e+000 1.997039504e+000 
1.637174990e+000 1.997304343e+000 
1.560371029e+000 1.991173229e+000 
1.597641873e+000 1.994522875e+000 
1.630385284e+000 1.996874107e+000 
1.600261976e+000 1.994948088e+000 
1.625267090e+000 1.996676146e+000 
1.536586501e+000 1.988643177e+000 
1.529707381e+000 1.987807023e+000 
1.535694314e+000 1.988623157e+000 
1.532188307e+000 1.988198843e+000 
1.594571911e+000 1.994261816e+000 
1.531689159e+000 1.988057741e+000 
1.608279242e+000 1.995336154e+000 
1.599606260e+000 1.994703457e+000 
1.621581891e+000 1.996394386e+000 
1.602092801e+000 1.994966922e+000 
1.604712975e+000 1.995199102e+000 
1.561155641e+000 1.991176593e+000 
1.595064565e+000 1.994306603e+000 
1.533313065e+000 1.988262000e+000 
1.610856181e+000 1.995667332e+000 
1.561229513e+000 1.991293788e+000 
1.596599349e+000 1.994455989e+000 
1.562741703e+000 1.991553681e+000 
1.562380781e+000 1.991390367e+000 
1.499135052e+000 1.983694038e+000 
1.484364714e+000 1.981387680e+000 
1.492120813e+000 1.982698588e+000 
1.494883522e+000 1.983144057e+000 
1.490583813e+000 1.982504919e+000 
1.613344316e+000 1.995863022e+000 
1.488506574e+000 1.982121306e+000 
1.620624528e+000 1.996311591e+000 
1.615762570e+000 1.996094004e+000 
1.617766872e+000 1.996130925e+000 
1.618387430e+000 1.996141071e+000 
1.557279733e+000 1.990790022e+000 
1.555255138e+000 1.990623154e+000 
1.516876746e+000 1.986079945e+000 
1.517656563e+000 1.986300911e+000 
1.517522965e+000 1.986250122e+000 
1.511975668e+000 1.985447652e+000 
1.515849976e+000 1.985957387e+000 
1.520098490e+000 1.986563142e+000 
1.519571816e+000 1.986522681e+000 
1.523611905e+000 1.987071076e+000 
1.530983358e+000 1.987963100e+000 

