1.018667427e+000 1.906495935e+000 
1.139482247e+000 1.966932298e+000 
1.085296124e+000 1.949457606e+000 
1.124616029e+000 1.962799122e+000 
1.037974838e+000 1.923972310e+000 
1.043372483e+000 1.927382977e+000 
1.095284858e+000 1.954077062e+000 
1.042921897e+000 1.927018348e+000 
1.035596332e+000 1.922178322e+000 
1.035037905e+000 1.921829936e+000 
1.035109308e+000 1.921971951e+000 
1.036154990e+000 1.922554215e+000 
1.059142857e+000 1.937640691e+000 
1.035907418e+000 1.922182013e+000 
1.013673708e+000 1.899649698e+000 
1.061400965e+000 1.938725350e+000 
1.040298105e+000 1.925293574e+000 
1.045837430e+000 1.929599131e+000 
1.113745291e+000 1.959605270e+000 
1.008676198e+000 1.892125876e+000 
1.009274526e+000 1.893111840e+000 
1.113889517e+000 1.959641013e+000 
1.147468702e+000 1.969514102e+000 
1.028530668e+000 1.916752670e+000 
1.034189071e+000 1.921063196e+000 
1.070178545e+000 1.943429629e+000 
1.041602845e+000 1.926056348e+000 
1.049485319e+000 1.931683408e+000 
1.050353552e+000 1.932178627e+000 
1.055826741e+000 1.935566869e+000 
1.037164003e+000 1.923267231e+000 
1.101199920e+000 1.956353714e+000 
1.093199146e+000 1.953085340e+000 
1.117256128e+000 1.960683498e+000 
1.128391642e+000 1.964346124e+000 
1.032671809e+000 1.920058569e+000 
1.127143285e+000 1.963663963e+000 
1.031373263e+000 1.919109263e+000 
1.034273856e+000 1.921280426e+000 
1.032210619e+000 1.919600349e+000 
1.033436500e+000 1.920789341e+000 
1.009428233e+000 1.893939629e+000 
1.020756638e+000 1.909548260e+000 
1.063193808e+000 1.939922254e+000 
1.045906807e+000 1.929674913e+000 
1.044969197e+000 1.929103912e+000 
1.054430542e+000 1.934810011e+000 
1.044193746e+000 1.928221692e+000 
1.053979955e+000 1.934445381e+000 
1.040030122e+000 1.924942707e+000 
1.092920936e+000 1.952771929e+000 
1.057111697e+000 1.936399621e+000 
1.055447372e+000 1.935452089e+000 
1.061656743e+000 1.938986947e+000 
1.061157299e+000 1.938647846e+000 
1.023016614e+000 1.911672322e+000 
1.008549324e+000 1.890656574e+000 
1.014152863e+000 1.900510028e+000 
1.028879772e+000 1.917160979e+000 
1.064302292e+000 1.940302466e+000 
1.056943826e+000 1.936288863e+000 
1.044059294e+000 1.927892059e+000 
1.062409978e+000 1.939438366e+000 
1.063997379e+000 1.940157187e+000 
1.057394412e+000 1.936653493e+000 
1.056456802e+000 1.936082492e+000 
1.019859526e+000 1.907951929e+000 
1.093686170e+000 1.953291711e+000 
1.146854412e+000 1.969058678e+000 
1.012328894e+000 1.898088771e+000 
1.014811021e+000 1.901378162e+000 
1.110345900e+000 1.958229634e+000 
1.014489009e+000 1.900949605e+000 
1.030582074e+000 1.918459399e+000 
1.028110841e+000 1.916637813e+000 
1.010047010e+000 1.894997849e+000 
1.033743329e+000 1.920921891e+000 
1.020349089e+000 1.908966669e+000 
1.033041225e+000 1.920201477e+000 
1.014663885e+000 1.901361959e+000 
1.026801867e+000 1.915529455e+000 
1.110482560e+000 1.958425638e+000 
1.031891047e+000 1.919567756e+000 
1.019074975e+000 1.907077526e+000 
1.008637063e+000 1.890800728e+000 
1.110817125e+000 1.959169258e+000 
1.012257491e+000 1.897946757e+000 
1.060395322e+000 1.938206120e+000 
1.011921345e+000 1.897507180e+000 
1.012837915e+000 1.898787028e+000 
1.029236915e+000 1.917306807e+000 
1.008407574e+000 1.889329654e+000 
1.009639461e+000 1.894416258e+000 
1.015431906e+000 1.902487386e+000 
1.011194803e+000 1.896109844e+000 
1.017112674e+000 1.904649964e+000 
1.102612919e+000 1.956576010e+000 
1.011290555e+000 1.896578835e+000 
1.030953437e+000 1.918996756e+000 
1.009083747e+000 1.892707468e+000 
1.026394319e+000 1.914947864e+000 
1.009036538e+000 1.892616531e+000 
1.009975607e+000 1.894855835e+000 
1.025497389e+000 1.914023560e+000 
1.021196619e+000 1.909712034e+000 
1.025025771e+000 1.913406288e+000 
1.020245615e+000 1.908696329e+000 
1.100453501e+000 1.955864201e+000 
1.106685071e+000 1.957401991e+000 
1.040738923e+000 1.925556465e+000 
1.111167457e+000 1.959453972e+000 
1.106334739e+000 1.957117277e+000 
1.027560626e+000 1.915703638e+000 
1.134142854e+000 1.965640363e+000 
1.094036502e+000 1.953576426e+000 
1.008446710e+000 1.890654801e+000 
1.099951563e+000 1.955671553e+000 
1.107287264e+000 1.957674555e+000 
1.085648962e+000 1.950147853e+000 
1.056362774e+000 1.935943538e+000 
1.008245958e+000 1.888084377e+000 
1.008363227e+000 1.889022352e+000 
1.016215562e+000 1.903053633e+000 
1.024188416e+000 1.912915203e+000 
1.091236928e+000 1.952270860e+000 
1.026283972e+000 1.914592604e+000 
1.115554361e+000 1.960107050e+000 
1.104643221e+000 1.956872248e+000 
1.107187009e+000 1.957594639e+000 
1.052530165e+000 1.933730930e+000 
1.139353820e+000 1.966896446e+000 
1.068691398e+000 1.942790723e+000 
1.013856998e+000 1.900146164e+000 
1.054204776e+000 1.934518144e+000 
1.071560041e+000 1.943860029e+000 
1.020022374e+000 1.908349576e+000 
1.125440696e+000 1.963192217e+000 
1.019320367e+000 1.907082690e+000 
1.070910250e+000 1.943712209e+000 
1.023516890e+000 1.912232249e+000 
1.022207916e+000 1.911123892e+000 
1.060845909e+000 1.938570750e+000 
1.109928179e+000 1.958153151e+000 
1.058809014e+000 1.937429331e+000 
1.023567434e+000 1.912286155e+000 
1.057799584e+000 1.936798928e+000 
1.022453308e+000 1.911129056e+000 
1.054940075e+000 1.934963281e+000 
1.064644758e+000 1.940504497e+000 
1.070278799e+000 1.943509544e+000 
1.096707892e+000 1.954265392e+000 
1.016787135e+000 1.904286099e+000 
1.012323365e+000 1.897999789e+000 
1.016520813e+000 1.903618113e+000 
1.017417925e+000 1.905214444e+000 
1.042116753e+000 1.926267399e+000 
1.073757660e+000 1.945047898e+000 
1.130528804e+000 1.964835857e+000 
1.080448006e+000 1.947785661e+000 
1.048023439e+000 1.930638448e+000 
1.091337183e+000 1.952350775e+000 
1.081385616e+000 1.948356662e+000 
1.019726379e+000 1.907681589e+000 
1.059646369e+000 1.937920417e+000 
1.015962647e+000 1.902707406e+000 
1.082666858e+000 1.948708714e+000 
1.081712111e+000 1.948668782e+000 
1.016593437e+000 1.903635224e+000 
1.066243244e+000 1.941359304e+000 
1.083504213e+000 1.949199799e+000 
1.018341887e+000 1.906171453e+000 
1.083604468e+000 1.949279714e+000 
1.076808124e+000 1.946347958e+000 
1.072899335e+000 1.944543443e+000 
1.041791007e+000 1.926260457e+000 
1.058862539e+000 1.937436529e+000 
1.084006151e+000 1.949392285e+000 
1.066731360e+000 1.941507707e+000 
1.032467959e+000 1.919815834e+000 
1.085354195e+000 1.949909212e+000 
1.089437738e+000 1.951486635e+000 
1.039474562e+000 1.924562066e+000 
1.090275093e+000 1.951977720e+000 
1.051003029e+000 1.932301324e+000 
1.122533096e+000 1.962167930e+000 
1.124922958e+000 1.962999833e+000 
1.117865678e+000 1.960933918e+000 
1.126025294e+000 1.963194352e+000 
1.123337831e+000 1.962323755e+000 
1.000537272e+000 1.014386932e+000 
1.001062219e+000 1.014983839e+000 
1.000584826e+000 1.014470116e+000 
1.001153577e+000 1.015060609e+000 
1.000838904e+000 1.014803089e+000 
1.000886458e+000 1.014886273e+000 
1.000918021e+000 1.014931290e+000 
1.000616389e+000 1.014515133e+000 
1.001089519e+000 1.014991151e+000 
1.000650902e+000 1.014756955e+000 
1.000271167e+000 1.013919205e+000 
1.000349269e+000 1.014340798e+000 
1.000048686e+000 1.002329470e+000 
1.000040774e+000 1.002328351e+000 
1.001632769e+000 1.124225329e+000 
1.001681277e+000 1.124449421e+000 
1.001921033e+000 1.125289789e+000 
1.002073495e+000 1.126222990e+000 
1.001593634e+000 1.123952100e+000 
1.001638995e+000 1.124225445e+000 
1.001687502e+000 1.124449538e+000 
1.002014869e+000 1.125722143e+000 
1.002081407e+000 1.126356591e+000 
1.002118855e+000 1.126496335e+000 
1.001575573e+000 1.068903039e+000 
1.001412400e+000 1.068562980e+000 
1.001368939e+000 1.026248188e+000 
1.001337851e+000 1.025873526e+000 
1.001220395e+000 1.025842628e+000 
1.007597993e+000 1.591169187e+000 
1.006670740e+000 1.589184729e+000 
1.007858031e+000 1.591657814e+000 
1.007189813e+000 1.590401125e+000 
1.006919907e+000 1.589489732e+000 
1.006557582e+000 1.587660187e+000 
1.007528159e+000 1.591050489e+000 
1.006447012e+000 1.587372740e+000 
1.008155847e+000 1.592409440e+000 
1.007402621e+000 1.590860307e+000 
1.007132715e+000 1.589948915e+000 
1.006794369e+000 1.589299550e+000 
1.006581561e+000 1.588840368e+000 
1.007740967e+000 1.591509672e+000 
1.008036298e+000 1.591901907e+000 
1.008120791e+000 1.592203688e+000 
1.006960613e+000 1.589591477e+000 
1.000022123e+000 1.000528402e+000 
1.000030035e+000 1.000528598e+000 
1.006301761e+000 1.383052762e+000 
1.005669208e+000 1.382110137e+000 
1.006200439e+000 1.382751365e+000 
1.000086985e+000 1.009024214e+000 
1.000190792e+000 1.009218543e+000 
1.000098387e+000 1.009025331e+000 
1.000219853e+000 1.009226538e+000 
1.000067163e+000 1.009003316e+000 
1.000267703e+000 1.009234867e+000 
1.000055762e+000 1.009002198e+000 
1.000248810e+000 1.009231767e+000 
1.000123629e+000 1.009203110e+000 
1.000179390e+000 1.009217426e+000 
1.000131541e+000 1.009209097e+000 
1.002758326e+000 1.177930462e+000 
1.003076057e+000 1.178400353e+000 
1.003005866e+000 1.178303867e+000 
1.003680402e+000 1.179735696e+000 
1.005317797e+000 1.183316083e+000 
1.003217807e+000 1.178856734e+000 
1.005295842e+000 1.182961369e+000 
1.002363611e+000 1.177685613e+000 
1.005548821e+000 1.183531508e+000 
1.002983911e+000 1.177951157e+000 
1.002151670e+000 1.177132746e+000 
1.004198290e+000 1.181151441e+000 
1.004509406e+000 1.181910455e+000 
1.004641255e+000 1.181919733e+000 
1.004054793e+000 1.180381144e+000 
1.004220245e+000 1.181512770e+000 
1.003109076e+000 1.178803318e+000 
1.003953442e+000 1.179981144e+000 
1.003420192e+000 1.179552514e+000 
1.005416973e+000 1.183521533e+000 
1.005105856e+000 1.182763216e+000 
1.005083901e+000 1.182408502e+000 
1.000007912e+000 1.000054130e+000 
1.000000000e+000 1.000054037e+000 
1.000015047e+000 1.000054408e+000 
1.280151878e+000 1.993738199e+000 
1.352308086e+000 1.998122919e+000 
1.126202452e+000 1.963488576e+000 
1.150187785e+000 1.969838023e+000 
1.189148569e+000 1.979255851e+000 
1.350958026e+000 1.997899283e+000 
1.269634959e+000 1.992460951e+000 
1.199088347e+000 1.981479060e+000 
1.126156173e+000 1.963409478e+000 
1.172939983e+000 1.975917714e+000 
1.280135309e+000 1.993727558e+000 
1.122201683e+000 1.962009564e+000 
1.298640072e+000 1.995166498e+000 
1.307343015e+000 1.995896758e+000 
1.271872933e+000 1.993000800e+000 
1.299080639e+000 1.995173032e+000 
1.173152192e+000 1.976018062e+000 
1.126060441e+000 1.963264050e+000 
1.321279250e+000 1.997040914e+000 
1.332142004e+000 1.997194819e+000 
1.448308786e+000 1.999559383e+000 
1.303686181e+000 1.995592382e+000 
1.237999930e+000 1.988029778e+000 
1.152152091e+000 1.970572547e+000 
1.301878985e+000 1.995351570e+000 
1.280592446e+000 1.993744733e+000 
1.143735104e+000 1.968245205e+000 
1.351398594e+000 1.997905816e+000 
1.320386326e+000 1.996834452e+000 
1.319945759e+000 1.996827918e+000 
1.294339730e+000 1.994656547e+000 
1.510247042e+000 2.000000000e+000 
1.316075773e+000 1.996357112e+000 
1.282616747e+000 1.993822197e+000 
1.468351951e+000 1.999873946e+000 
1.256279352e+000 1.990757518e+000 
1.119938111e+000 1.961163025e+000 
1.318077327e+000 1.996548666e+000 
1.308252508e+000 1.996113861e+000 
1.225562432e+000 1.986768555e+000 
1.321295819e+000 1.997051555e+000 
1.369402045e+000 1.998553053e+000 
1.270933122e+000 1.992498519e+000 
1.315605356e+000 1.996245081e+000 
1.242027496e+000 1.988875564e+000 
1.159914449e+000 1.972721431e+000 
1.157303413e+000 1.971716840e+000 
1.332518581e+000 1.997319546e+000 
1.225121865e+000 1.986762021e+000 
1.302336121e+000 1.995368745e+000 
1.225105296e+000 1.986751380e+000 
1.190062542e+000 1.979977698e+000 
1.186661306e+000 1.979228624e+000 
1.123797908e+000 1.962575817e+000 
1.263334913e+000 1.992001420e+000 
1.185699416e+000 1.979113201e+000 
1.189216946e+000 1.979847230e+000 
1.122273085e+000 1.962142562e+000 
1.212797001e+000 1.984695931e+000 
1.186585018e+000 1.979204312e+000 
1.114899613e+000 1.959686206e+000 
1.139894931e+000 1.967090631e+000 
1.263318345e+000 1.991990779e+000 
1.298392486e+000 1.994871411e+000 
1.261046722e+000 1.991740090e+000 
1.286836541e+000 1.993956630e+000 
1.137869981e+000 1.966847951e+000 
1.285362856e+000 1.993954621e+000 
1.136377401e+000 1.966356602e+000 
1.379463441e+000 1.998616574e+000 
1.333492064e+000 1.997418456e+000 
1.128058506e+000 1.964088653e+000 
1.306654862e+000 1.995595137e+000 
1.381003184e+000 1.998673491e+000 
1.448130482e+000 1.999543181e+000 
1.461169425e+000 1.999697355e+000 
1.470058736e+000 1.999879149e+000 
1.347088061e+000 1.997861961e+000 
1.427461651e+000 1.999349829e+000 
1.244036759e+000 1.989368225e+000 
1.121386698e+000 1.961833481e+000 
1.277100480e+000 1.993227862e+000 
1.250803289e+000 1.990247343e+000 
1.334140873e+000 1.997435487e+000 
1.292124869e+000 1.994604009e+000 
1.126565926e+000 1.963597305e+000 
1.352130571e+000 1.997915739e+000 
1.334124304e+000 1.997424846e+000 
1.478396778e+000 1.999927903e+000 
1.373411597e+000 1.998601232e+000 
1.238718132e+000 1.988556393e+000 
1.130193048e+000 1.964579236e+000 
1.134691232e+000 1.965897964e+000 
1.430831803e+000 1.999402092e+000 
1.175706699e+000 1.976721140e+000 
1.292108301e+000 1.994593368e+000 
1.465827375e+000 1.999706114e+000 
1.156598040e+000 1.971700962e+000 
1.367928361e+000 1.998551044e+000 
1.434476730e+000 1.999541830e+000 
1.383693152e+000 1.998802588e+000 
1.156415721e+000 1.971606363e+000 
1.178357059e+000 1.977564822e+000 
1.182214771e+000 1.978475584e+000 
1.345256407e+000 1.997665579e+000 
1.139972280e+000 1.967304114e+000 
1.457988956e+000 1.999690144e+000 
1.491079445e+000 1.999958602e+000 
1.466878267e+000 1.999871937e+000 
1.275766988e+000 1.993014867e+000 
1.345720865e+000 1.997798105e+000 
1.362896125e+000 1.998428535e+000 
1.450872719e+000 1.999581184e+000 
1.151013520e+000 1.970317076e+000 
1.143257160e+000 1.968064709e+000 
1.338795859e+000 1.997646029e+000 
1.417645150e+000 1.999158318e+000 
1.283845924e+000 1.993869641e+000 
1.432500105e+000 1.999517129e+000 
1.291643842e+000 1.994460841e+000 
1.233012727e+000 1.987818556e+000 
1.140424761e+000 1.967436999e+000 
1.233029296e+000 1.987829197e+000 
1.233477185e+000 1.987951083e+000 
1.225732235e+000 1.986946314e+000 
1.168417529e+000 1.975017540e+000 
1.233493754e+000 1.987961724e+000 
1.151057855e+000 1.970369790e+000 
1.276487892e+000 1.993095476e+000 
1.273570104e+000 1.993014319e+000 
1.190440825e+000 1.980180999e+000 
1.223126194e+000 1.986356774e+000 
1.414464681e+000 1.999151106e+000 
1.417171130e+000 1.999153900e+000 
1.232832371e+000 1.987773337e+000 
1.190218836e+000 1.980145608e+000 
1.132552995e+000 1.965011385e+000 
1.133746438e+000 1.965507122e+000 
1.220105317e+000 1.985908155e+000 
1.164017749e+000 1.973715099e+000 
1.358031964e+000 1.998157204e+000 
1.242213867e+000 1.989064955e+000 
1.214561877e+000 1.984803550e+000 
1.256376579e+000 1.990949731e+000 
1.193533593e+000 1.980995542e+000 
1.195079846e+000 1.981118990e+000 
1.256433113e+000 1.991044758e+000 
1.203966300e+000 1.982792989e+000 
1.246714077e+000 1.989991611e+000 
1.246697508e+000 1.989980970e+000 
1.144505437e+000 1.968753386e+000 
1.277117048e+000 1.993238503e+000 
1.202427297e+000 1.982516957e+000 
1.361374277e+000 1.998247512e+000 
1.247410287e+000 1.990039244e+000 
1.214703510e+000 1.985027122e+000 
1.265638430e+000 1.992230740e+000 
1.384805361e+000 1.998922409e+000 
1.328897238e+000 1.997149209e+000 
1.420443843e+000 1.999207621e+000 
1.259484488e+000 1.991484008e+000 
1.167653868e+000 1.974868556e+000 
1.141113112e+000 1.967490146e+000 
1.224209800e+000 1.986680923e+000 
1.204561313e+000 1.983090630e+000 
1.434206890e+000 1.999522332e+000 
1.216675542e+000 1.985215639e+000 
1.199177080e+000 1.981965540e+000 
1.203329849e+000 1.982664713e+000 
1.215316097e+000 1.985159508e+000 
1.200839170e+000 1.982188060e+000 
1.166047330e+000 1.974483488e+000 
1.361357708e+000 1.998236871e+000 
1.162050217e+000 1.973678573e+000 
1.169188391e+000 1.975256327e+000 
1.180988299e+000 1.978411654e+000 
1.160659109e+000 1.973106878e+000 
1.172241797e+000 1.975916812e+000 
1.180063594e+000 1.978064295e+000 
1.176066481e+000 1.977259380e+000 
1.184348824e+000 1.978926963e+000 
1.176060153e+000 1.976974234e+000 
1.192864978e+000 1.980662825e+000 
1.201990128e+000 1.982283017e+000 
1.177724191e+000 1.977300443e+000 
1.153781020e+000 1.970986478e+000 
1.154887138e+000 1.971492416e+000 
1.154267669e+000 1.971073697e+000 
1.157605703e+000 1.972329046e+000 
1.158972354e+000 1.972369088e+000 
1.154235427e+000 1.970990508e+000 
1.397442680e+000 1.999040222e+000 
1.144103665e+000 1.968319807e+000 
1.211355368e+000 1.984235426e+000 
1.303251028e+000 1.995390626e+000 
1.457677427e+000 1.999591393e+000 
1.449194032e+000 1.999564270e+000 
1.411472952e+000 1.999079503e+000 
1.426775020e+000 1.999289271e+000 
1.410722041e+000 1.999055381e+000 
1.410846456e+000 1.999066025e+000 

