1.031810587e+000 1.126882126e+000 
1.031443282e+000 1.126439804e+000 
1.031212472e+000 1.126153804e+000 
1.031855159e+000 1.126939386e+000 
1.029798782e+000 1.124346934e+000 
1.029328399e+000 1.123667974e+000 
1.005520862e+000 1.005505399e+000 
1.006146961e+000 1.005946381e+000 
1.005628482e+000 1.005660814e+000 
1.005880435e+000 1.005836612e+000 
1.005992356e+000 1.005852595e+000 
1.006097445e+000 1.005932459e+000 
1.005599695e+000 1.005590890e+000 
1.005712861e+000 1.005753432e+000 
1.005696513e+000 1.005671258e+000 
1.005775346e+000 1.005756748e+000 
1.005634028e+000 1.005667942e+000 
1.005436484e+000 1.005412781e+000 
1.005549649e+000 1.005575324e+000 
1.001877057e+000 1.000525783e+000 
1.003248621e+000 1.000613704e+000 
1.003006287e+000 1.000596689e+000 
1.001521626e+000 1.000493280e+000 
1.001484990e+000 1.000492507e+000 
1.001247893e+000 1.000475358e+000 
1.001214130e+000 1.000474817e+000 
1.000905170e+000 1.000441136e+000 
1.001284864e+000 1.000475406e+000 
1.001587984e+000 1.000507030e+000 
1.002528263e+000 1.000562120e+000 
1.001062358e+000 1.000458683e+000 
1.001170063e+000 1.000459320e+000 
1.001177159e+000 1.000474769e+000 
1.001982301e+000 1.000527025e+000 
1.000732852e+000 1.000410190e+000 
1.000846068e+000 1.000425707e+000 
1.001003256e+000 1.000443255e+000 
1.001362056e+000 1.000476373e+000 
1.001133092e+000 1.000459272e+000 
1.001099329e+000 1.000458731e+000 
1.002308529e+000 1.000545004e+000 
1.003048139e+000 1.000597095e+000 
1.002188683e+000 1.000544390e+000 
1.003290472e+000 1.000614110e+000 
1.001919544e+000 1.000526228e+000 
1.002068179e+000 1.000542742e+000 
1.002979486e+000 1.000596563e+000 
1.002805508e+000 1.000579573e+000 
1.001619574e+000 1.000508235e+000 
1.003336228e+000 1.000614236e+000 
1.001997561e+000 1.000527431e+000 
1.002119670e+000 1.000543330e+000 
1.003404583e+000 1.000614262e+000 
1.002650093e+000 1.000577487e+000 
1.001740077e+000 1.000509884e+000 
1.002240174e+000 1.000544979e+000 
1.002896156e+000 1.000594557e+000 
1.001861798e+000 1.000525377e+000 
1.002119390e+000 1.000542798e+000 
1.002183469e+000 1.000543571e+000 
1.002919053e+000 1.000594963e+000 
1.002362003e+000 1.000560346e+000 
1.002881431e+000 1.000592789e+000 
1.002806602e+000 1.000579679e+000 
1.001797435e+000 1.000510330e+000 
1.001676931e+000 1.000508681e+000 
1.001419448e+000 1.000491134e+000 
1.001387858e+000 1.000489929e+000 
1.001782176e+000 1.000509924e+000 
1.001661672e+000 1.000508275e+000 
1.001456420e+000 1.000491182e+000 
1.003192416e+000 1.000610337e+000 
1.003475278e+000 1.000626400e+000 
1.000597579e+000 1.000091993e+000 
1.000708125e+000 1.000092671e+000 
1.000493794e+000 1.000087601e+000 
1.000538204e+000 1.000087657e+000 
1.000411355e+000 1.000082433e+000 
1.000420875e+000 1.000082486e+000 
1.000593340e+000 1.000087684e+000 
1.000476011e+000 1.000082514e+000 
1.000652715e+000 1.000092021e+000 
1.000351888e+000 1.000077946e+000 
1.000679097e+000 1.000092659e+000 
1.000493093e+000 1.000087282e+000 
1.004737880e+000 1.003317036e+000 
1.004497259e+000 1.003203312e+000 
1.003491120e+000 1.002586615e+000 
1.003993839e+000 1.002896554e+000 
1.003605091e+000 1.002636850e+000 
1.004045866e+000 1.002904057e+000 
1.004229545e+000 1.003094465e+000 
1.003954226e+000 1.002895755e+000 
1.004439049e+000 1.003188602e+000 
1.004093122e+000 1.003007488e+000 
1.005269869e+000 1.003490754e+000 
1.003927066e+000 1.002894843e+000 
1.004319181e+000 1.003103684e+000 
1.004357005e+000 1.003173231e+000 
1.003565477e+000 1.002636051e+000 
1.004050326e+000 1.002937966e+000 
1.004566509e+000 1.003267368e+000 
1.003669129e+000 1.002875217e+000 
1.004086061e+000 1.002996904e+000 
1.004302626e+000 1.003101625e+000 
1.004792568e+000 1.003363563e+000 
1.004730819e+000 1.003306581e+000 
1.005062406e+000 1.003455288e+000 
1.004431989e+000 1.003178019e+000 
1.046566051e+000 1.826505554e+000 
1.058609215e+000 1.840652403e+000 
1.097406671e+000 1.872442531e+000 
1.142613560e+000 1.897426003e+000 
1.048377760e+000 1.828941954e+000 
1.050688976e+000 1.831732449e+000 
1.095012729e+000 1.870666796e+000 
1.152371238e+000 1.902404397e+000 
1.251646971e+000 1.935566214e+000 
1.121482449e+000 1.886800934e+000 
1.051699775e+000 1.832992784e+000 
1.228548606e+000 1.929303916e+000 
1.054350998e+000 1.835993115e+000 
1.055805472e+000 1.837648524e+000 
1.062458418e+000 1.844452505e+000 
1.096521620e+000 1.871719183e+000 
1.115297446e+000 1.883623943e+000 
1.130008803e+000 1.891459251e+000 
1.170148418e+000 1.910418465e+000 
1.186880657e+000 1.916680633e+000 
1.056503557e+000 1.838646471e+000 
1.064248433e+000 1.846192507e+000 
1.057828049e+000 1.839927343e+000 
1.128970884e+000 1.890928357e+000 
1.126916231e+000 1.889421114e+000 
1.148146841e+000 1.900726992e+000 
1.181474937e+000 1.915061969e+000 
1.055467435e+000 1.837377179e+000 
1.059688529e+000 1.841548351e+000 
1.101272548e+000 1.874592857e+000 
1.141466050e+000 1.897181885e+000 
1.057236599e+000 1.839315770e+000 
1.062292207e+000 1.844171265e+000 
1.073324116e+000 1.854369487e+000 
1.052837773e+000 1.834273669e+000 
1.051144548e+000 1.832396089e+000 
1.051757618e+000 1.833231897e+000 
1.097198242e+000 1.872084184e+000 
1.147068726e+000 1.900086780e+000 
1.265837835e+000 1.937002106e+000 
1.071726079e+000 1.852931954e+000 
1.046881318e+000 1.827012775e+000 
1.099580716e+000 1.873665732e+000 
1.166006510e+000 1.908295155e+000 
1.066148873e+000 1.848020474e+000 
1.245412174e+000 1.933143728e+000 
1.243256069e+000 1.932559065e+000 
1.105491934e+000 1.877372437e+000 
1.113790885e+000 1.882513475e+000 
1.066430808e+000 1.848237351e+000 
1.140353720e+000 1.896563042e+000 
1.192660011e+000 1.918500215e+000 
1.061945541e+000 1.843856186e+000 
1.070489520e+000 1.851702176e+000 
1.070890066e+000 1.852146236e+000 
1.171531715e+000 1.911366135e+000 
1.123183450e+000 1.887930310e+000 
1.121901997e+000 1.887345279e+000 
1.157509915e+000 1.904531831e+000 
1.053141782e+000 1.834655425e+000 
1.137687824e+000 1.895014270e+000 
1.125620966e+000 1.889341429e+000 
1.089431452e+000 1.866818997e+000 
1.104215048e+000 1.876451992e+000 
1.131293461e+000 1.892085107e+000 
1.183977512e+000 1.915541502e+000 
1.060538554e+000 1.842383257e+000 
1.068526339e+000 1.850261996e+000 
1.070175952e+000 1.851488131e+000 
1.087599685e+000 1.865546619e+000 
1.173346380e+000 1.911709119e+000 
1.181463589e+000 1.914539825e+000 
1.061079261e+000 1.843032979e+000 
1.101795986e+000 1.875064553e+000 
1.045660828e+000 1.825174705e+000 
1.070659328e+000 1.852062683e+000 
1.153037828e+000 1.902550484e+000 
1.045839775e+000 1.825519567e+000 
1.180288769e+000 1.914394675e+000 
1.255642101e+000 1.936298835e+000 
1.153619096e+000 1.902890238e+000 
1.228313855e+000 1.929222483e+000 
1.119729518e+000 1.886002397e+000 
1.101360320e+000 1.874648310e+000 
1.118779717e+000 1.885484887e+000 
1.208019772e+000 1.923722899e+000 
1.153276250e+000 1.902611271e+000 
1.179430770e+000 1.913991645e+000 
1.066927739e+000 1.848753398e+000 
1.270919909e+000 1.939511805e+000 
1.072577497e+000 1.853673975e+000 
1.073087792e+000 1.853966723e+000 
1.084474262e+000 1.863281710e+000 
1.102377440e+000 1.875333053e+000 
1.113820361e+000 1.882815188e+000 
1.068510788e+000 1.849998235e+000 
1.081179565e+000 1.861018564e+000 
1.129598439e+000 1.891141234e+000 
1.196268258e+000 1.919822173e+000 
1.043799473e+000 1.822208569e+000 
1.118469223e+000 1.885322421e+000 
1.086532977e+000 1.864474178e+000 
1.044149092e+000 1.822680053e+000 
1.092382729e+000 1.868794069e+000 
1.108815288e+000 1.879514183e+000 
1.201570441e+000 1.921497030e+000 
1.050645093e+000 1.831722059e+000 
1.104469111e+000 1.876484486e+000 
1.072376177e+000 1.853595547e+000 
1.126776476e+000 1.889364360e+000 
1.079840955e+000 1.859946863e+000 
1.246932229e+000 1.933840671e+000 
1.106903973e+000 1.878425187e+000 
1.048270898e+000 1.828733098e+000 
1.091497677e+000 1.868119527e+000 
1.219714310e+000 1.927148865e+000 
1.123177504e+000 1.887506175e+000 
1.124068657e+000 1.888439576e+000 
1.235022448e+000 1.930861132e+000 
1.089944681e+000 1.867025517e+000 
1.243628225e+000 1.932826395e+000 
1.085801022e+000 1.864001239e+000 
1.210261831e+000 1.924416995e+000 
1.128702151e+000 1.890556497e+000 
1.153737928e+000 1.903291860e+000 
1.141140313e+000 1.896887226e+000 
1.073843529e+000 1.854753746e+000 
1.106748843e+000 1.878083499e+000 
1.089369445e+000 1.866785891e+000 
1.099141857e+000 1.873289122e+000 
1.178455165e+000 1.913746841e+000 
1.067553768e+000 1.849188115e+000 
1.071908009e+000 1.853122720e+000 
1.179867926e+000 1.914079241e+000 
1.226335799e+000 1.928919746e+000 
1.072754614e+000 1.853857364e+000 
1.095795741e+000 1.871001072e+000 
1.073730423e+000 1.854631579e+000 
1.073010593e+000 1.853913056e+000 
1.154200064e+000 1.903485903e+000 
1.110382925e+000 1.880487508e+000 
1.209702016e+000 1.924129407e+000 
1.083206118e+000 1.862418814e+000 
1.148946423e+000 1.900849383e+000 
1.168434942e+000 1.910128313e+000 
1.217556459e+000 1.926438815e+000 
1.143219362e+000 1.897954774e+000 
1.138196987e+000 1.895321421e+000 
1.128898222e+000 1.890648483e+000 
1.101634348e+000 1.874765091e+000 
1.253358997e+000 1.935827777e+000 
1.196832946e+000 1.920101459e+000 
1.209865841e+000 1.924149886e+000 
1.080614331e+000 1.860358248e+000 
1.228973024e+000 1.929332710e+000 
1.074876616e+000 1.855843434e+000 
1.155217037e+000 1.903689177e+000 
1.230023785e+000 1.929582777e+000 
1.158111268e+000 1.904883243e+000 
1.101107262e+000 1.874434513e+000 
1.265915162e+000 1.937766117e+000 
1.135040886e+000 1.893713741e+000 
1.074239270e+000 1.855047469e+000 
1.273045563e+000 1.939950426e+000 
1.270981668e+000 1.939707987e+000 
1.232349662e+000 1.930588195e+000 
1.208887908e+000 1.923983305e+000 
1.132848130e+000 1.892652718e+000 
1.250604176e+000 1.934887374e+000 
1.153642607e+000 1.903075422e+000 
1.164259446e+000 1.907942485e+000 
1.211596222e+000 1.924634094e+000 
1.049196998e+000 1.829873686e+000 
1.089146143e+000 1.866501894e+000 
1.257612491e+000 1.936645544e+000 
1.210226753e+000 1.924333301e+000 
1.199972922e+000 1.921139688e+000 
1.238416217e+000 1.931343761e+000 
1.184444382e+000 1.915649868e+000 
1.156333415e+000 1.904310038e+000 
1.195388105e+000 1.919764169e+000 
1.246742575e+000 1.933426320e+000 
1.078561188e+000 1.858651504e+000 
1.214719625e+000 1.925292803e+000 
1.127395527e+000 1.889693890e+000 
1.268344955e+000 1.938188820e+000 
1.188687627e+000 1.917041510e+000 
1.265966503e+000 1.938138852e+000 
1.186138891e+000 1.915976213e+000 
1.159836754e+000 1.905801008e+000 
1.200933004e+000 1.921331409e+000 
1.151350654e+000 1.901855940e+000 
1.191896654e+000 1.918013369e+000 
1.249431556e+000 1.934435138e+000 
1.239416632e+000 1.931673873e+000 
1.236487590e+000 1.930869985e+000 
1.278690374e+000 1.940222756e+000 
1.279673410e+000 1.940796789e+000 
1.269661683e+000 1.938491593e+000 
1.008324443e+000 1.008375646e+000 
1.009276291e+000 1.008921057e+000 
1.008993877e+000 1.008755598e+000 
1.010496374e+000 1.009506422e+000 
1.007099553e+000 1.007452827e+000 
1.010338275e+000 1.009466501e+000 
1.008895106e+000 1.008622216e+000 
1.007570313e+000 1.007820525e+000 
1.008084462e+000 1.008196074e+000 
1.009878174e+000 1.009155722e+000 
1.009612077e+000 1.009106084e+000 
1.009888174e+000 1.009229403e+000 
1.010632156e+000 1.009612191e+000 
1.010223960e+000 1.009415557e+000 
1.011870013e+000 1.010043848e+000 
1.010492853e+000 1.009505114e+000 
1.010664472e+000 1.009621797e+000 
1.011536549e+000 1.009890654e+000 
1.000173406e+000 1.000000488e+000 
1.000273807e+000 1.000000751e+000 
1.000187536e+000 1.000000601e+000 
1.000175113e+000 1.000000503e+000 
1.000232626e+000 1.000000615e+000 
1.000060851e+000 1.000000470e+000 
1.000221673e+000 1.000000612e+000 
1.000038270e+000 1.000000357e+000 
1.000032667e+000 1.000000341e+000 
1.000147768e+000 1.000000485e+000 
1.000000000e+000 1.000000321e+000 
1.000047427e+000 1.000000451e+000 
1.043445594e+000 1.575012618e+000 
1.042548225e+000 1.572782357e+000 
1.043189608e+000 1.574209192e+000 
1.042285722e+000 1.572321547e+000 
1.042818190e+000 1.572974980e+000 
1.041870042e+000 1.571486646e+000 
1.032718730e+000 1.191329535e+000 
1.032814943e+000 1.191799544e+000 
1.033650933e+000 1.193541392e+000 
1.034431143e+000 1.194584469e+000 
1.035098744e+000 1.195523681e+000 
1.033820159e+000 1.193671265e+000 
1.034318534e+000 1.194480604e+000 
1.032149693e+000 1.190520196e+000 
1.033484057e+000 1.193071383e+000 
1.034580938e+000 1.194861015e+000 
1.041572557e+000 1.400909107e+000 
1.039289329e+000 1.397339135e+000 
1.038893143e+000 1.396843328e+000 
1.040803147e+000 1.399833581e+000 
1.036947079e+000 1.393739481e+000 
1.037211769e+000 1.394307657e+000 
1.035275877e+000 1.390915372e+000 
1.036788383e+000 1.393527840e+000 
1.035615218e+000 1.391672953e+000 
1.040064661e+000 1.398742047e+000 
1.039867821e+000 1.398560106e+000 
1.040894689e+000 1.400012461e+000 
1.007214189e+000 1.007570383e+000 
1.006924910e+000 1.007369304e+000 
1.007138981e+000 1.007564433e+000 
1.007962443e+000 1.008119241e+000 
1.008391237e+000 1.008464715e+000 
1.007887235e+000 1.008113291e+000 
1.008297595e+000 1.008308395e+000 
1.007701962e+000 1.008074630e+000 
1.007520051e+000 1.007721613e+000 
1.007549341e+000 1.007759527e+000 
1.008090798e+000 1.008270267e+000 
1.007598503e+000 1.007909663e+000 
1.013025530e+000 1.018263665e+000 
1.020773670e+000 1.022728203e+000 
1.027882668e+000 1.025505488e+000 
1.012209681e+000 1.017912941e+000 
1.014171053e+000 1.019340291e+000 
1.017813184e+000 1.021502010e+000 
1.023035231e+000 1.023775252e+000 
1.020273732e+000 1.022651714e+000 
1.020183113e+000 1.022464398e+000 
1.018368163e+000 1.021789646e+000 
1.021571808e+000 1.023131568e+000 
1.014660172e+000 1.019715591e+000 
1.015389552e+000 1.020172223e+000 
1.022757784e+000 1.023610971e+000 
1.025593690e+000 1.024659160e+000 
1.025459190e+000 1.024602401e+000 
1.016258631e+000 1.020783696e+000 
1.015578289e+000 1.020385951e+000 
1.019452434e+000 1.022293749e+000 
1.014158583e+000 1.019334621e+000 
1.013833282e+000 1.019038183e+000 
1.028750781e+000 1.025804197e+000 
1.014332340e+000 1.019450388e+000 
1.025920274e+000 1.024771206e+000 
1.020971201e+000 1.022869153e+000 
1.028148553e+000 1.025547907e+000 
1.022585182e+000 1.023503004e+000 
1.029055467e+000 1.025914373e+000 
1.013247327e+000 1.018656810e+000 
1.017982210e+000 1.021622475e+000 
1.028465394e+000 1.025752208e+000 
1.017063775e+000 1.021199494e+000 
1.018133866e+000 1.021677728e+000 
1.026924949e+000 1.025101896e+000 
1.013660675e+000 1.018926389e+000 
1.027198485e+000 1.025160094e+000 
1.017329062e+000 1.021292094e+000 
1.012640241e+000 1.018186350e+000 
1.014443099e+000 1.019462647e+000 
1.026189643e+000 1.024808412e+000 
1.017184194e+000 1.021199496e+000 
1.019109757e+000 1.022056398e+000 
1.006347845e+000 1.006323869e+000 
1.006211777e+000 1.006164705e+000 
1.006467000e+000 1.006324558e+000 
1.006686347e+000 1.006515641e+000 
1.006848607e+000 1.006641845e+000 
1.487483480e+000 1.990554006e+000 
1.366034475e+000 1.970775647e+000 
1.510368072e+000 1.992610696e+000 
1.315197246e+000 1.955165993e+000 
1.643470742e+000 1.998738922e+000 
1.645748482e+000 1.998883782e+000 
1.345538731e+000 1.965068019e+000 
1.306742080e+000 1.951986950e+000 
1.324364177e+000 1.958110865e+000 
1.343758527e+000 1.964426245e+000 
1.284766060e+000 1.942259577e+000 
1.283040451e+000 1.941843270e+000 
1.367222461e+000 1.970853953e+000 
1.362688086e+000 1.970089748e+000 
1.285201894e+000 1.942345060e+000 
1.279619258e+000 1.940300078e+000 
1.378146573e+000 1.973479650e+000 
1.351811913e+000 1.966990450e+000 
1.400971579e+000 1.977734244e+000 
1.450237211e+000 1.985550548e+000 
1.364631140e+000 1.970539889e+000 
1.279428711e+000 1.940261721e+000 
1.304725201e+000 1.951642819e+000 
1.404931216e+000 1.978051329e+000 
1.404293087e+000 1.977850509e+000 
1.343945970e+000 1.964845917e+000 
1.345737973e+000 1.965556170e+000 
1.450460215e+000 1.986013690e+000 
1.475796858e+000 1.989396570e+000 
1.563971451e+000 1.996530575e+000 
1.282134783e+000 1.940885576e+000 
1.369131772e+000 1.971546359e+000 
1.376950593e+000 1.973404186e+000 
1.304262357e+000 1.951010098e+000 
1.350058802e+000 1.966635126e+000 
1.345564415e+000 1.965207147e+000 
1.369240807e+000 1.971778989e+000 
1.361381085e+000 1.969738180e+000 
1.331702044e+000 1.960660883e+000 
1.377090707e+000 1.973408878e+000 
1.376746337e+000 1.973377614e+000 
1.330616276e+000 1.960485400e+000 
1.334543200e+000 1.961574233e+000 
1.332941107e+000 1.960952575e+000 
1.305023195e+000 1.951961070e+000 
1.341713077e+000 1.963966596e+000 
1.312567410e+000 1.954277793e+000 
1.341697713e+000 1.963957093e+000 
1.339850281e+000 1.963943118e+000 
1.334949064e+000 1.961727383e+000 
1.338093984e+000 1.963102117e+000 
1.338854789e+000 1.963441887e+000 
1.315868583e+000 1.956113469e+000 
1.341854949e+000 1.964165892e+000 
1.334996674e+000 1.961757764e+000 
1.296759299e+000 1.949023389e+000 
1.307374113e+000 1.953236320e+000 
1.295876293e+000 1.948103075e+000 
1.328058693e+000 1.959882571e+000 
1.329026364e+000 1.960360006e+000 
1.310081865e+000 1.953760897e+000 
1.301045696e+000 1.950644334e+000 
1.358101947e+000 1.968893572e+000 
1.360098080e+000 1.969463547e+000 
1.319207924e+000 1.956710854e+000 
1.295824396e+000 1.947887083e+000 
1.359405903e+000 1.969132196e+000 
1.318037539e+000 1.956634683e+000 
1.293486211e+000 1.947527783e+000 
1.297431039e+000 1.949677681e+000 
1.365506319e+000 1.970587122e+000 
1.310826012e+000 1.953874258e+000 
1.314189955e+000 1.954385246e+000 
1.299623684e+000 1.950472080e+000 
1.352388587e+000 1.967401523e+000 
1.293088173e+000 1.947308256e+000 
1.346528203e+000 1.965993851e+000 
1.326004524e+000 1.958867074e+000 
1.345836026e+000 1.965658109e+000 
1.287763244e+000 1.944718255e+000 
1.359641966e+000 1.969181762e+000 
1.333717200e+000 1.961287402e+000 
1.290054810e+000 1.946043449e+000 
1.291630419e+000 1.946293592e+000 
1.307118149e+000 1.952419636e+000 
1.297171983e+000 1.949314975e+000 
1.289451859e+000 1.945348885e+000 
1.349401106e+000 1.966266685e+000 
1.298802516e+000 1.949984342e+000 
1.302881728e+000 1.950930576e+000 
1.287728003e+000 1.944471814e+000 
1.300927732e+000 1.950565971e+000 
1.330431973e+000 1.960389455e+000 
1.296040515e+000 1.948297258e+000 
1.349897030e+000 1.966277543e+000 
1.285615861e+000 1.944030730e+000 
1.314455990e+000 1.955057076e+000 
1.326665770e+000 1.958957943e+000 
1.349324333e+000 1.966177858e+000 
1.320358161e+000 1.956953180e+000 
1.364091362e+000 1.970306899e+000 
1.479373765e+000 1.989613705e+000 
1.336193335e+000 1.962513090e+000 
1.346975736e+000 1.966105751e+000 
1.327973157e+000 1.959630988e+000 
1.374422532e+000 1.972558971e+000 
1.322386421e+000 1.957411491e+000 
1.470536962e+000 1.988611861e+000 
1.359177583e+000 1.968915842e+000 
1.322370616e+000 1.957389749e+000 
1.375557340e+000 1.972845319e+000 
1.327557090e+000 1.959215588e+000 
1.282290530e+000 1.941804865e+000 
1.467309030e+000 1.988143610e+000 
1.372331727e+000 1.972383893e+000 
1.474169170e+000 1.989170055e+000 
1.477633931e+000 1.989565980e+000 
1.344517556e+000 1.964886034e+000 
1.390399144e+000 1.976228056e+000 
1.414891979e+000 1.979807447e+000 
1.384154730e+000 1.974667983e+000 
1.381513969e+000 1.974539978e+000 
1.494338487e+000 1.991491748e+000 
1.491219056e+000 1.991151611e+000 
1.397795456e+000 1.977463935e+000 
1.393968463e+000 1.977192462e+000 
1.488372423e+000 1.990907532e+000 
1.285565162e+000 1.942392118e+000 
1.479992009e+000 1.989804614e+000 
1.510803265e+000 1.993034516e+000 
1.499880282e+000 1.992052625e+000 
1.352340968e+000 1.967050353e+000 
1.472349024e+000 1.988839997e+000 
1.732179203e+000 2.000000000e+000 
1.497793520e+000 1.992042744e+000 
1.491263134e+000 1.991375500e+000 
1.497146247e+000 1.991654980e+000 
1.487680241e+000 1.990752133e+000 
1.495029689e+000 1.991580770e+000 
1.354530301e+000 1.967668200e+000 
1.407621478e+000 1.978341756e+000 
1.408751204e+000 1.978440714e+000 
1.500344781e+000 1.992200745e+000 
1.731358555e+000 1.999975562e+000 
1.409287719e+000 1.978585736e+000 
1.378334882e+000 1.973908423e+000 
1.379623659e+000 1.974170974e+000 
1.405142908e+000 1.978198065e+000 
1.369504549e+000 1.972065010e+000 
1.421865456e+000 1.981275428e+000 
1.423495863e+000 1.981464817e+000 
1.406881358e+000 1.978334823e+000 
1.429677800e+000 1.982110958e+000 
1.494737136e+000 1.991533290e+000 
1.385455544e+000 1.975138841e+000 
1.689649148e+000 1.999372219e+000 
1.454618247e+000 1.986618157e+000 
1.482147047e+000 1.990386511e+000 
1.462441136e+000 1.987746082e+000 
1.392658417e+000 1.976761452e+000 
1.452490662e+000 1.986363068e+000 
1.385016137e+000 1.974840512e+000 
1.412323316e+000 1.979185102e+000 
1.446898473e+000 1.985430080e+000 
1.708089393e+000 1.999511135e+000 
1.390502111e+000 1.976249642e+000 
1.389199346e+000 1.976196666e+000 
1.691031332e+000 1.999377465e+000 
1.727277574e+000 1.999918368e+000 
1.481419730e+000 1.990084198e+000 
1.387859857e+000 1.975910785e+000 
1.392137124e+000 1.976359928e+000 
1.484771370e+000 1.990515427e+000 
1.458840767e+000 1.987146219e+000 
1.461418683e+000 1.987536308e+000 
1.455232000e+000 1.986628089e+000 
1.456274702e+000 1.986814791e+000 
1.697440093e+000 1.999450118e+000 
1.677763929e+000 1.999137490e+000 
1.711551218e+000 1.999571950e+000 
1.425075711e+000 1.981591541e+000 
1.708382991e+000 1.999541578e+000 
1.678512235e+000 1.999214655e+000 
1.427163517e+000 1.982064906e+000 
1.683678639e+000 1.999308099e+000 
1.701564009e+000 1.999499706e+000 
1.444146157e+000 1.984902715e+000 
1.446279614e+000 1.985138000e+000 
1.468157405e+000 1.988358001e+000 
1.440466127e+000 1.984398136e+000 
1.469807788e+000 1.988512991e+000 
1.472646615e+000 1.988896063e+000 
1.694282589e+000 1.999449504e+000 
1.692542565e+000 1.999414161e+000 
1.677352529e+000 1.999133563e+000 
1.441670257e+000 1.984443041e+000 
1.475934543e+000 1.989548188e+000 
1.432523414e+000 1.982583107e+000 
1.434047916e+000 1.982910680e+000 
1.727862811e+000 1.999975045e+000 
1.443365989e+000 1.984783077e+000 
1.434909123e+000 1.983349265e+000 
1.439094996e+000 1.984016453e+000 
1.439378834e+000 1.984227323e+000 
1.436350745e+000 1.983510522e+000 
1.438474300e+000 1.983844646e+000 
1.520597089e+000 1.993771691e+000 
1.516617762e+000 1.993487420e+000 
1.520545861e+000 1.993648668e+000 
1.725043632e+000 1.999859823e+000 
1.425529298e+000 1.981651614e+000 
1.421349231e+000 1.980793637e+000 
1.416552041e+000 1.979960133e+000 
1.719743858e+000 1.999855740e+000 
1.714789974e+000 1.999671557e+000 
1.614447095e+000 1.998354175e+000 
1.561950121e+000 1.996360899e+000 
1.716529743e+000 1.999742278e+000 
1.590619023e+000 1.997922516e+000 
1.610160590e+000 1.998286834e+000 
1.613367607e+000 1.998307281e+000 
1.587110186e+000 1.997537160e+000 
1.594578314e+000 1.998083090e+000 
1.613705345e+000 1.998330711e+000 
1.589967974e+000 1.997894688e+000 
1.582619862e+000 1.997395538e+000 
1.306338713e+000 1.951963592e+000 
1.581434630e+000 1.997194255e+000 
1.465441870e+000 1.987874964e+000 
1.589520779e+000 1.997644071e+000 
1.587325365e+000 1.997617921e+000 
1.578823071e+000 1.997095850e+000 
1.581842467e+000 1.997284260e+000 
1.569964106e+000 1.996771745e+000 
1.525006675e+000 1.993811631e+000 
1.553245700e+000 1.995926434e+000 
1.555436306e+000 1.996168558e+000 
1.549618941e+000 1.995611856e+000 
1.543881335e+000 1.995411589e+000 
1.673055195e+000 1.999082133e+000 
1.665771853e+000 1.998988951e+000 
1.668360920e+000 1.999004509e+000 
1.541604149e+000 1.995222020e+000 
1.538306885e+000 1.994810729e+000 
1.673940230e+000 1.999114718e+000 
1.535469869e+000 1.994720334e+000 
1.530314481e+000 1.994401295e+000 
1.665577588e+000 1.998974094e+000 
1.537550279e+000 1.994757422e+000 
1.554115290e+000 1.995968883e+000 
1.515863678e+000 1.993197319e+000 
1.664518892e+000 1.998961834e+000 
1.525503833e+000 1.994080180e+000 
1.531565665e+000 1.994431145e+000 
1.551510296e+000 1.995754556e+000 
1.644472369e+000 1.998747097e+000 
1.546745287e+000 1.995506193e+000 
1.551053527e+000 1.995690809e+000 
1.633150031e+000 1.998648109e+000 
1.608346650e+000 1.998222578e+000 
1.633107093e+000 1.998570690e+000 
1.642292797e+000 1.998665662e+000 
1.575399561e+000 1.997073523e+000 
1.579966703e+000 1.997189413e+000 

