1.018265541e+000 1.004676089e+000 
1.021726279e+000 1.005103952e+000 
1.017028916e+000 1.004448565e+000 
1.023332167e+000 1.005255846e+000 
1.016266723e+000 1.004249255e+000 
1.017276582e+000 1.004479765e+000 
1.018786954e+000 1.004771247e+000 
1.020965012e+000 1.005024776e+000 
1.020751351e+000 1.005006651e+000 
1.023351983e+000 1.005269589e+000 
1.017751512e+000 1.004626099e+000 
1.019123748e+000 1.004810838e+000 
1.017379735e+000 1.004558825e+000 
1.017496905e+000 1.004568768e+000 
1.021006618e+000 1.005033034e+000 
1.023986084e+000 1.005327102e+000 
1.016050674e+000 1.004226480e+000 
1.023606733e+000 1.005294552e+000 
1.018650078e+000 1.004762631e+000 
1.019253464e+000 1.004815575e+000 
1.019258582e+000 1.004826129e+000 
1.017460554e+000 1.004566750e+000 
1.019224249e+000 1.004813463e+000 
1.021513162e+000 1.005074599e+000 
1.016658544e+000 1.004387619e+000 
1.024574388e+000 1.005364802e+000 
1.018506679e+000 1.004715952e+000 
1.024204899e+000 1.005357101e+000 
1.023728715e+000 1.005302323e+000 
1.024190458e+000 1.005331004e+000 
1.014053254e+000 1.002265622e+000 
1.014758325e+000 1.002299690e+000 
1.010964331e+000 1.002023181e+000 
1.015141112e+000 1.002309526e+000 
1.010703841e+000 1.001993755e+000 
1.011203011e+000 1.002045671e+000 
1.011329734e+000 1.002060057e+000 
1.011341282e+000 1.002063701e+000 
1.012220956e+000 1.002138483e+000 
1.012023385e+000 1.002121199e+000 
1.013396474e+000 1.002222818e+000 
1.013711640e+000 1.002246178e+000 
1.013660725e+000 1.002243282e+000 
1.011812000e+000 1.002098771e+000 
1.011502131e+000 1.002069022e+000 
1.012901539e+000 1.002183948e+000 
1.012002181e+000 1.002120072e+000 
1.014004828e+000 1.002260298e+000 
1.012720828e+000 1.002180469e+000 
1.015252663e+000 1.002312748e+000 
1.015587302e+000 1.002329973e+000 
1.010811996e+000 1.002010592e+000 
1.012985224e+000 1.002192061e+000 
1.012632428e+000 1.002171059e+000 
1.004838584e+000 1.000643799e+000 
1.004916015e+000 1.000654009e+000 
1.005163536e+000 1.000673731e+000 
1.005483701e+000 1.000695039e+000 
1.005915672e+000 1.000717481e+000 
1.005276795e+000 1.000681249e+000 
1.005385759e+000 1.000691781e+000 
1.004903068e+000 1.000649754e+000 
1.005336655e+000 1.000682948e+000 
1.005178881e+000 1.000676437e+000 
1.005149160e+000 1.000673682e+000 
1.005036664e+000 1.000663683e+000 
1.005592647e+000 1.000703466e+000 
1.005008977e+000 1.000663479e+000 
1.096740657e+000 1.463371704e+000 
1.096002865e+000 1.462465630e+000 
1.101785431e+000 1.467558120e+000 
1.096959565e+000 1.463745210e+000 
1.101367555e+000 1.467231139e+000 
1.097760083e+000 1.464410198e+000 
1.095235174e+000 1.461564210e+000 
1.101229571e+000 1.467120103e+000 
1.097966671e+000 1.464559640e+000 
1.098386343e+000 1.465099901e+000 
1.095355930e+000 1.461802047e+000 
1.097423910e+000 1.464079533e+000 
1.099840882e+000 1.465921176e+000 
1.100333969e+000 1.466292019e+000 
1.099625819e+000 1.465777898e+000 
1.007095122e+000 1.000776612e+000 
1.005889475e+000 1.000716395e+000 
1.009454861e+000 1.000844130e+000 
1.005621427e+000 1.000711898e+000 
1.005935046e+000 1.000721765e+000 
1.007545853e+000 1.000789490e+000 
1.007027460e+000 1.000776146e+000 
1.008180136e+000 1.000807155e+000 
1.006237950e+000 1.000741959e+000 
1.006373335e+000 1.000749992e+000 
1.006512619e+000 1.000756510e+000 
1.006674811e+000 1.000760991e+000 
1.007151228e+000 1.000778695e+000 
1.006624463e+000 1.000759531e+000 
1.008995532e+000 1.000833501e+000 
1.006992139e+000 1.000770586e+000 
1.007145470e+000 1.000778079e+000 
1.007344788e+000 1.000785745e+000 
1.007468556e+000 1.000788293e+000 
1.005749227e+000 1.000713227e+000 
1.006322987e+000 1.000748521e+000 
1.008561284e+000 1.000823542e+000 
1.006079757e+000 1.000732822e+000 
1.007322935e+000 1.000780356e+000 
1.007774045e+000 1.000796743e+000 
1.006941791e+000 1.000769123e+000 
1.009716391e+000 1.000852249e+000 
1.009060523e+000 1.000835995e+000 
1.009417497e+000 1.000843882e+000 
1.006010063e+000 1.000728748e+000 
1.007659615e+000 1.000791928e+000 
1.009028356e+000 1.000835020e+000 
1.007637765e+000 1.000791687e+000 
1.008809340e+000 1.000832599e+000 
1.008539797e+000 1.000818391e+000 
1.010058338e+000 1.000860183e+000 
1.010215136e+000 1.000860504e+000 
1.008215679e+000 1.000809946e+000 
1.010164202e+000 1.000860195e+000 
1.007995298e+000 1.000807143e+000 
1.007926799e+000 1.000806133e+000 
1.009976164e+000 1.000858678e+000 
1.007513998e+000 1.000789134e+000 
1.008413054e+000 1.000817375e+000 
1.009414296e+000 1.000842860e+000 
1.006884263e+000 1.000766008e+000 
1.007909002e+000 1.000800558e+000 
1.009692139e+000 1.000851718e+000 
1.009153449e+000 1.000836086e+000 
1.009468486e+000 1.000844229e+000 
1.007806579e+000 1.000797471e+000 
1.007597633e+000 1.000789786e+000 
1.007899176e+000 1.000800020e+000 
1.009850623e+000 1.000852604e+000 
1.009621513e+000 1.000848816e+000 
1.008263803e+000 1.000810109e+000 
1.008310700e+000 1.000814632e+000 
1.009188937e+000 1.000839577e+000 
1.008500500e+000 1.000817532e+000 
1.008299436e+000 1.000813779e+000 
1.000074153e+000 1.000000076e+000 
1.000000000e+000 1.000000000e+000 
1.000058167e+000 1.000000065e+000 
1.000076298e+000 1.000000129e+000 
1.000154386e+000 1.000000196e+000 
1.000444556e+000 1.000000272e+000 
1.000115904e+000 1.000000133e+000 
1.000115125e+000 1.000000132e+000 
1.000310140e+000 1.000000208e+000 
1.000708880e+000 1.000000310e+000 
1.001328704e+000 1.000000462e+000 
1.001210102e+000 1.000000437e+000 
1.001131317e+000 1.000000372e+000 
1.001098760e+000 1.000000369e+000 
1.102148180e+000 1.834057316e+000 
1.106472661e+000 1.839931799e+000 
1.106080162e+000 1.839243850e+000 
1.105741952e+000 1.839045658e+000 
1.104710720e+000 1.838119096e+000 
1.115283129e+000 1.847776805e+000 
1.116044032e+000 1.848329531e+000 
1.119409923e+000 1.850448014e+000 
1.142889553e+000 1.866443621e+000 
1.203428664e+000 1.893812939e+000 
1.300298660e+000 1.920464986e+000 
1.130350157e+000 1.858440044e+000 
1.129309512e+000 1.857933417e+000 
1.279495542e+000 1.915481717e+000 
1.115734979e+000 1.848074472e+000 
1.129675041e+000 1.858316233e+000 
1.144329581e+000 1.867343109e+000 
1.140509917e+000 1.864652824e+000 
1.152872308e+000 1.871703239e+000 
1.154691873e+000 1.872646913e+000 
1.215115905e+000 1.897455664e+000 
1.194447362e+000 1.890444163e+000 
1.102998174e+000 1.836165327e+000 
1.104920904e+000 1.838445560e+000 
1.102275972e+000 1.835212981e+000 
1.103013679e+000 1.836263784e+000 
1.147693104e+000 1.869143489e+000 
1.330957166e+000 1.926295281e+000 
1.104092343e+000 1.837218805e+000 
1.121248287e+000 1.852154234e+000 
1.139142659e+000 1.864542279e+000 
1.108226089e+000 1.841704584e+000 
1.109590762e+000 1.842894047e+000 
1.110776880e+000 1.843922174e+000 
1.115121930e+000 1.847638023e+000 
1.164552898e+000 1.877651493e+000 
1.105270727e+000 1.838746494e+000 
1.111981912e+000 1.844991637e+000 
1.143030146e+000 1.866516807e+000 
1.115995254e+000 1.848235938e+000 
1.177142000e+000 1.883054304e+000 
1.234677541e+000 1.903945516e+000 
1.233017653e+000 1.903608727e+000 
1.112456023e+000 1.845456011e+000 
1.144222900e+000 1.867107341e+000 
1.150094998e+000 1.870470588e+000 
1.211422886e+000 1.896623214e+000 
1.155340904e+000 1.873313645e+000 
1.157022988e+000 1.874052562e+000 
1.128267058e+000 1.857043267e+000 
1.160713698e+000 1.875632404e+000 
1.169232800e+000 1.879481644e+000 
1.104557152e+000 1.837873577e+000 
1.148956704e+000 1.869506289e+000 
1.170911915e+000 1.880439160e+000 
1.103760791e+000 1.836800600e+000 
1.134520166e+000 1.861646461e+000 
1.103629278e+000 1.836580136e+000 
1.102642578e+000 1.835715909e+000 
1.163106703e+000 1.876431206e+000 
1.176516085e+000 1.882882738e+000 
1.107760272e+000 1.841261110e+000 
1.205369974e+000 1.894658446e+000 
1.208705627e+000 1.895276015e+000 
1.173252814e+000 1.881368536e+000 
1.110498701e+000 1.843752670e+000 
1.174630714e+000 1.882327261e+000 
1.179499875e+000 1.883936074e+000 
1.109811331e+000 1.843148176e+000 
1.110193916e+000 1.843351399e+000 
1.111544604e+000 1.844841956e+000 
1.192235436e+000 1.889679791e+000 
1.134212910e+000 1.861247963e+000 
1.118188600e+000 1.849961156e+000 
1.113606233e+000 1.846461453e+000 
1.175283605e+000 1.882520045e+000 
1.165881248e+000 1.877933831e+000 
1.185220358e+000 1.886297463e+000 
1.402527367e+000 1.937241138e+000 
1.401609020e+000 1.937144726e+000 
1.254185324e+000 1.908961492e+000 
1.253800637e+000 1.908869049e+000 
1.193167460e+000 1.890091845e+000 
1.104661660e+000 1.838025447e+000 
1.108111967e+000 1.841483281e+000 
1.120044336e+000 1.851448481e+000 
1.153124912e+000 1.871855782e+000 
1.247266527e+000 1.906859475e+000 
1.135734749e+000 1.862273848e+000 
1.363281918e+000 1.932548391e+000 
1.349327357e+000 1.928315237e+000 
1.126984170e+000 1.856132266e+000 
1.135333865e+000 1.862093476e+000 
1.146614508e+000 1.868459749e+000 
1.136410327e+000 1.862599562e+000 
1.195518368e+000 1.890850255e+000 
1.331476835e+000 1.926725153e+000 
1.103682272e+000 1.836695813e+000 
1.137165834e+000 1.862848264e+000 
1.103788303e+000 1.836960058e+000 
1.188710043e+000 1.887930912e+000 
1.133123109e+000 1.860508445e+000 
1.145314024e+000 1.867823749e+000 
1.247145152e+000 1.906817266e+000 
1.148442088e+000 1.869457297e+000 
1.126582475e+000 1.855684232e+000 
1.207169082e+000 1.894928315e+000 
1.324155327e+000 1.925048463e+000 
1.323273745e+000 1.924816371e+000 
1.371649445e+000 1.933363807e+000 
1.109555108e+000 1.842737966e+000 
1.120633945e+000 1.851734101e+000 
1.258704637e+000 1.910394669e+000 
1.161775820e+000 1.875915983e+000 
1.127236253e+000 1.856437021e+000 
1.161135337e+000 1.875649655e+000 
1.373105063e+000 1.933790632e+000 
1.255950762e+000 1.909917781e+000 
1.255025935e+000 1.909674031e+000 
1.141994666e+000 1.866036924e+000 
1.179647433e+000 1.884114137e+000 
1.362256553e+000 1.932469871e+000 
1.361290519e+000 1.932222264e+000 
1.345303350e+000 1.928089883e+000 
1.142784651e+000 1.866380843e+000 
1.194455238e+000 1.890601301e+000 
1.312699110e+000 1.922468308e+000 
1.371874757e+000 1.933567736e+000 
1.104466432e+000 1.837637778e+000 
1.131904791e+000 1.859905790e+000 
1.134348187e+000 1.861383538e+000 
1.372907649e+000 1.933733322e+000 
1.176758825e+000 1.883043345e+000 
1.179717390e+000 1.884129982e+000 
1.258978857e+000 1.910539466e+000 
1.257456229e+000 1.910033179e+000 
1.118476657e+000 1.850166529e+000 
1.277114199e+000 1.915323008e+000 
1.124208306e+000 1.854334960e+000 
1.327903910e+000 1.925914408e+000 
1.242855767e+000 1.906017368e+000 
1.174494929e+000 1.882102363e+000 
1.162785263e+000 1.876355992e+000 
1.123100295e+000 1.853536142e+000 
1.327592766e+000 1.925835400e+000 
1.190080444e+000 1.888604718e+000 
1.245834870e+000 1.906383476e+000 
1.190526349e+000 1.888896525e+000 
1.328923014e+000 1.926159241e+000 
1.148015374e+000 1.869194898e+000 
1.125745055e+000 1.855235538e+000 
1.237101524e+000 1.904426756e+000 
1.184725652e+000 1.886135082e+000 
1.351522065e+000 1.929314329e+000 
1.214227615e+000 1.897299153e+000 
1.123135780e+000 1.853569069e+000 
1.267411462e+000 1.912475364e+000 
1.121576802e+000 1.852467965e+000 
1.391873930e+000 1.936362350e+000 
1.175638694e+000 1.882641593e+000 
1.161873668e+000 1.876087638e+000 
1.222291174e+000 1.899775007e+000 
1.182426759e+000 1.885469631e+000 
1.187326635e+000 1.887058103e+000 
1.298093325e+000 1.920102341e+000 
1.276201531e+000 1.915248760e+000 
1.172435376e+000 1.881056822e+000 
1.177840345e+000 1.883729022e+000 
1.354015340e+000 1.929778993e+000 
1.169398085e+000 1.879700358e+000 
1.247765772e+000 1.907062825e+000 
1.201461033e+000 1.893106535e+000 
1.248154044e+000 1.907260723e+000 
1.202130628e+000 1.893338509e+000 
1.394578617e+000 1.936619792e+000 
1.201268370e+000 1.892983583e+000 
1.277307553e+000 1.915445857e+000 
1.219595374e+000 1.899575141e+000 
1.178791802e+000 1.883832814e+000 
1.183165241e+000 1.885471433e+000 
1.227983255e+000 1.901662159e+000 
1.229061655e+000 1.902304678e+000 
1.227962177e+000 1.901572725e+000 
1.235045624e+000 1.904298088e+000 
1.212843160e+000 1.896763271e+000 
1.260720219e+000 1.911098127e+000 
1.305153388e+000 1.921758847e+000 
1.394886658e+000 1.936623607e+000 
1.216775956e+000 1.898333808e+000 
1.264657787e+000 1.912118851e+000 
1.263049239e+000 1.911754702e+000 
1.384639193e+000 1.935147900e+000 
1.216269166e+000 1.898194334e+000 
1.250992574e+000 1.908337431e+000 
1.307337885e+000 1.921790649e+000 
1.318186068e+000 1.923554724e+000 
1.320707679e+000 1.924173979e+000 
1.261684246e+000 1.911294274e+000 
1.289426131e+000 1.918475375e+000 
1.309776291e+000 1.922116041e+000 
1.315043606e+000 1.922830631e+000 
1.259631056e+000 1.910656866e+000 
1.249616590e+000 1.907652628e+000 
1.248821235e+000 1.907342157e+000 
1.421913850e+000 1.939336975e+000 
1.432058361e+000 1.941095681e+000 
1.198846705e+000 1.891592835e+000 
1.282649524e+000 1.916855439e+000 
1.287438096e+000 1.917654835e+000 
1.281318346e+000 1.916530578e+000 
1.282201003e+000 1.916679509e+000 
1.281610764e+000 1.916669705e+000 
1.408834752e+000 1.937500847e+000 
1.383134081e+000 1.935028598e+000 
1.386963095e+000 1.935723749e+000 
1.388662936e+000 1.936042678e+000 
1.239187285e+000 1.904554249e+000 
1.419206894e+000 1.938925014e+000 
1.386312690e+000 1.935518355e+000 
1.385761999e+000 1.935347156e+000 
1.293316060e+000 1.919196818e+000 
1.213843448e+000 1.897135556e+000 
1.223057699e+000 1.900112660e+000 
1.411381217e+000 1.938487031e+000 
1.010337408e+000 1.001735823e+000 
1.010569269e+000 1.001777275e+000 
1.010232580e+000 1.001735222e+000 
1.031044296e+000 1.015334817e+000 
1.034943409e+000 1.016031834e+000 
1.042407466e+000 1.017334417e+000 
1.050684571e+000 1.018395218e+000 
1.053340615e+000 1.018545654e+000 
1.030400974e+000 1.015169823e+000 
1.031488785e+000 1.015434355e+000 
1.037564440e+000 1.016642986e+000 
1.036534815e+000 1.016414972e+000 
1.054502155e+000 1.018686343e+000 
1.031234410e+000 1.015398091e+000 
1.031716773e+000 1.015445215e+000 
1.041021309e+000 1.017140438e+000 
1.028649216e+000 1.014659433e+000 
1.045739764e+000 1.017738738e+000 
1.052634769e+000 1.018514983e+000 
1.031700465e+000 1.015438381e+000 
1.031173720e+000 1.015353153e+000 
1.034865334e+000 1.016016206e+000 
1.052014674e+000 1.018443892e+000 
1.036689928e+000 1.016477287e+000 
1.039032753e+000 1.016791444e+000 
1.041424946e+000 1.017143944e+000 
1.044841591e+000 1.017639657e+000 
1.029143968e+000 1.014848628e+000 
1.032700547e+000 1.015659573e+000 
1.028454563e+000 1.014581408e+000 
1.051732444e+000 1.018431849e+000 
1.035330454e+000 1.016088526e+000 
1.038125401e+000 1.016741597e+000 
1.041281813e+000 1.017141084e+000 
1.031485759e+000 1.015433234e+000 
1.041000909e+000 1.017099853e+000 
1.039826836e+000 1.016990470e+000 
1.043240943e+000 1.017427032e+000 
1.046354331e+000 1.017840292e+000 
1.032258367e+000 1.015619000e+000 
1.036750257e+000 1.016483932e+000 
1.031946192e+000 1.015530258e+000 
1.035408529e+000 1.016104155e+000 
1.056719313e+000 1.018899287e+000 
1.028429468e+000 1.014455851e+000 
1.030919505e+000 1.015274390e+000 
1.032013783e+000 1.015539677e+000 
1.052106926e+000 1.018460047e+000 
1.031633241e+000 1.015436754e+000 
1.054044027e+000 1.018683324e+000 
1.049680701e+000 1.018231620e+000 
1.031418304e+000 1.015432485e+000 
1.031847883e+000 1.015449416e+000 
1.028408147e+000 1.014455181e+000 
1.044560295e+000 1.017575920e+000 
1.030691212e+000 1.015254902e+000 
1.030487479e+000 1.015225397e+000 
1.030757115e+000 1.015256639e+000 
1.050621766e+000 1.018321909e+000 
1.028433242e+000 1.014580863e+000 
1.028715845e+000 1.014661701e+000 
1.034941594e+000 1.016029382e+000 
1.044216556e+000 1.017516777e+000 
1.031098186e+000 1.015351747e+000 
1.030436317e+000 1.015170944e+000 
1.044345011e+000 1.017516917e+000 
1.046010593e+000 1.017781149e+000 
1.035807521e+000 1.016142700e+000 
1.035781396e+000 1.016142179e+000 
1.045194368e+000 1.017647019e+000 
1.053618143e+000 1.018562128e+000 
1.055293601e+000 1.018712585e+000 
1.055443372e+000 1.018738165e+000 
1.002783326e+000 1.000177286e+000 
1.003330652e+000 1.000185295e+000 
1.003470059e+000 1.000189768e+000 
1.004179890e+000 1.000200326e+000 
1.003980649e+000 1.000197407e+000 
1.004215055e+000 1.000200716e+000 
1.002972457e+000 1.000179928e+000 
1.003539871e+000 1.000190161e+000 
1.002620762e+000 1.000172167e+000 
1.003659361e+000 1.000192848e+000 
1.004281627e+000 1.000200727e+000 
1.004397546e+000 1.000202079e+000 
1.004347223e+000 1.000200802e+000 
1.002607757e+000 1.000171901e+000 
1.003350568e+000 1.000187081e+000 
1.003744987e+000 1.000195538e+000 
1.003592789e+000 1.000192840e+000 
1.002843591e+000 1.000177578e+000 
1.003556006e+000 1.000192456e+000 
1.003264080e+000 1.000185284e+000 
1.003142120e+000 1.000184407e+000 
1.002701380e+000 1.000175024e+000 
1.004139237e+000 1.000198561e+000 
1.004072664e+000 1.000198551e+000 
1.004375566e+000 1.000201238e+000 
1.002952427e+000 1.000179079e+000 
1.003661298e+000 1.000193164e+000 
1.003573229e+000 1.000192819e+000 
1.004034306e+000 1.000198377e+000 
1.003798029e+000 1.000195859e+000 
1.003361056e+000 1.000187351e+000 
1.003418954e+000 1.000189762e+000 
1.004498436e+000 1.000203597e+000 
1.004799427e+000 1.000206116e+000 
1.003085553e+000 1.000182100e+000 
1.003473299e+000 1.000190152e+000 
1.004755128e+000 1.000204098e+000 
1.002923641e+000 1.000177713e+000 
1.004796115e+000 1.000204389e+000 
1.004756494e+000 1.000204217e+000 
1.089893738e+000 1.455961021e+000 
1.101518955e+000 1.467234650e+000 
1.089707499e+000 1.455700106e+000 
1.089425989e+000 1.455497160e+000 
1.096648163e+000 1.463101163e+000 
1.089176243e+000 1.455090738e+000 
1.101673807e+000 1.467278778e+000 
1.094643455e+000 1.461504369e+000 
1.099307735e+000 1.465362605e+000 
1.096047248e+000 1.462692731e+000 
1.089300852e+000 1.455112545e+000 
1.089133521e+000 1.454949567e+000 
1.089037488e+000 1.454809316e+000 
1.092524940e+000 1.459156495e+000 
1.092283631e+000 1.459103370e+000 
1.093787039e+000 1.460663539e+000 
1.092217347e+000 1.458991536e+000 
1.092785133e+000 1.459458464e+000 
1.100909461e+000 1.466608492e+000 
1.095420642e+000 1.461980905e+000 
1.091281155e+000 1.458080393e+000 
1.090193746e+000 1.456801562e+000 
1.089938138e+000 1.456411283e+000 
1.061485341e+000 1.056626346e+000 
1.065793942e+000 1.058998867e+000 
1.057527323e+000 1.053532665e+000 
1.060197871e+000 1.055732992e+000 
1.062451706e+000 1.057020337e+000 
1.059145987e+000 1.054745111e+000 
1.059348677e+000 1.054963037e+000 
1.057730013e+000 1.053750246e+000 
1.060002229e+000 1.055511744e+000 
1.066432259e+000 1.059284413e+000 
1.066572506e+000 1.059399953e+000 
1.065013798e+000 1.058593505e+000 
1.061657382e+000 1.056714171e+000 
1.067892343e+000 1.060068979e+000 
1.068583906e+000 1.060372168e+000 
1.067515869e+000 1.059841236e+000 
1.067006528e+000 1.059546133e+000 
1.061110102e+000 1.056308897e+000 
1.069951837e+000 1.060901828e+000 
1.058137788e+000 1.053885133e+000 
1.066969734e+000 1.059545157e+000 
1.067279844e+000 1.059700493e+000 
1.069153704e+000 1.060606448e+000 
1.068384424e+000 1.060239552e+000 
1.061354981e+000 1.056447296e+000 
1.065466306e+000 1.058778189e+000 
1.078921786e+000 1.120412532e+000 
1.082341477e+000 1.122524463e+000 
1.077124786e+000 1.119408952e+000 
1.081671519e+000 1.122184239e+000 
1.086984866e+000 1.125303734e+000 
1.087735208e+000 1.125583846e+000 
1.086866622e+000 1.125183345e+000 
1.077150731e+000 1.119515407e+000 
1.082948206e+000 1.122867225e+000 
1.072821409e+000 1.116022185e+000 
1.082054820e+000 1.122411325e+000 
1.077626484e+000 1.119846638e+000 
1.088598781e+000 1.126114322e+000 
1.084471046e+000 1.123885967e+000 
1.072871220e+000 1.116091295e+000 
1.083471898e+000 1.123183168e+000 
1.084043373e+000 1.123547219e+000 
1.074736222e+000 1.117747011e+000 
1.082228140e+000 1.122500850e+000 
1.081181211e+000 1.121749426e+000 
1.084211540e+000 1.123584297e+000 
1.084353076e+000 1.123698908e+000 
1.080387513e+000 1.121372247e+000 
1.084444287e+000 1.123740525e+000 
1.084964490e+000 1.124017304e+000 
1.073532302e+000 1.116652446e+000 
1.075664831e+000 1.118340125e+000 
1.073279819e+000 1.116503145e+000 
1.084996666e+000 1.124045576e+000 
1.086565402e+000 1.124985622e+000 
1.086968335e+000 1.125192063e+000 
1.025917254e+000 1.011827362e+000 
1.026090388e+000 1.011844382e+000 
1.027692819e+000 1.012246190e+000 
1.024912170e+000 1.011496978e+000 
1.027587504e+000 1.012224247e+000 
1.026489503e+000 1.011956073e+000 
1.025226014e+000 1.011603868e+000 
1.025378385e+000 1.011633528e+000 
1.024601742e+000 1.011285764e+000 
1.024604287e+000 1.011395686e+000 
1.024833728e+000 1.011462827e+000 
1.028097616e+000 1.012326323e+000 
1.025493195e+000 1.011686880e+000 
1.459745850e+000 1.955588290e+000 
1.443825345e+000 1.950400905e+000 
1.450251313e+000 1.952299767e+000 
1.446601986e+000 1.951225423e+000 
1.443633500e+000 1.950313777e+000 
1.434334598e+000 1.943368604e+000 
1.442735017e+000 1.950245135e+000 
1.451927778e+000 1.952664266e+000 
1.450335422e+000 1.952444304e+000 
1.452444068e+000 1.953824741e+000 
1.452445409e+000 1.954147292e+000 
1.461614120e+000 1.955870666e+000 
1.449607205e+000 1.952265318e+000 
1.448355207e+000 1.952180774e+000 
1.458950163e+000 1.955319888e+000 
1.778344006e+000 1.997156394e+000 
1.865360323e+000 2.000000000e+000 
1.451405444e+000 1.952541187e+000 
1.444219660e+000 1.950510717e+000 
1.444456813e+000 1.950586826e+000 
1.442359671e+000 1.950212708e+000 
1.458339776e+000 1.954971192e+000 
1.434543872e+000 1.943557827e+000 
1.434807795e+000 1.943829508e+000 
1.452052292e+000 1.952746093e+000 
1.446695099e+000 1.951615080e+000 
1.446631440e+000 1.951606612e+000 
1.434975813e+000 1.943963616e+000 
1.445581489e+000 1.950702988e+000 
1.446918849e+000 1.951773735e+000 
1.443951189e+000 1.950401988e+000 
1.447334661e+000 1.951922539e+000 
1.511017146e+000 1.969313341e+000 
1.443741196e+000 1.950322716e+000 
1.551003307e+000 1.976670305e+000 
1.435353383e+000 1.944201349e+000 
1.435617740e+000 1.944423422e+000 
1.438803545e+000 1.946860305e+000 
1.435626493e+000 1.944701978e+000 
1.436690717e+000 1.945270322e+000 
1.436026410e+000 1.945179262e+000 
1.436972219e+000 1.945740053e+000 
1.440656201e+000 1.947359241e+000 
1.438818057e+000 1.947252665e+000 
1.863477450e+000 1.999810820e+000 
1.437191506e+000 1.945841530e+000 
1.518208447e+000 1.971008757e+000 
1.438794597e+000 1.946331221e+000 
1.446341762e+000 1.951210261e+000 
1.437547455e+000 1.946225990e+000 
1.441050269e+000 1.948972040e+000 
1.437359651e+000 1.946136326e+000 
1.437690200e+000 1.946267156e+000 
1.442324165e+000 1.949388438e+000 
1.467675130e+000 1.958427263e+000 
1.440145912e+000 1.947331285e+000 
1.441063336e+000 1.949152208e+000 
1.452361433e+000 1.952906027e+000 
1.511153405e+000 1.969554218e+000 
1.462094862e+000 1.956252467e+000 
1.521583633e+000 1.971791989e+000 
1.522141289e+000 1.971946619e+000 
1.520449942e+000 1.971777013e+000 
1.524806412e+000 1.972345779e+000 
1.458426538e+000 1.955044807e+000 
1.522151201e+000 1.972253392e+000 
1.508557850e+000 1.968836908e+000 
1.512659070e+000 1.969936552e+000 
1.506755814e+000 1.968819835e+000 
1.440942809e+000 1.947409434e+000 
1.517443808e+000 1.970896012e+000 
1.484541955e+000 1.963582811e+000 
1.483253667e+000 1.963424161e+000 
1.483054900e+000 1.963136005e+000 
1.488161798e+000 1.964145198e+000 
1.487432171e+000 1.963971311e+000 
1.457845116e+000 1.954967448e+000 
1.486877456e+000 1.963938891e+000 
1.482706138e+000 1.962917339e+000 
1.465222095e+000 1.957432516e+000 
1.481400762e+000 1.962762745e+000 
1.475081786e+000 1.960682851e+000 
1.466747077e+000 1.958233412e+000 
1.466566201e+000 1.958008433e+000 
1.471417646e+000 1.959850725e+000 
1.470504690e+000 1.959718092e+000 
1.468327520e+000 1.959400714e+000 
1.479522807e+000 1.961767255e+000 
1.542164183e+000 1.975766743e+000 
1.541038840e+000 1.975546183e+000 
1.479917068e+000 1.962249453e+000 
1.545411907e+000 1.976048279e+000 
1.477537685e+000 1.961556468e+000 
1.545562696e+000 1.976434743e+000 
1.489034430e+000 1.964521435e+000 
1.498147114e+000 1.966757898e+000 
1.496792320e+000 1.966591240e+000 
1.489894889e+000 1.964795825e+000 
1.490408914e+000 1.964998346e+000 
1.528059048e+000 1.972786602e+000 
1.494386166e+000 1.966225270e+000 
1.493957311e+000 1.966189615e+000 
1.542363225e+000 1.975780355e+000 
1.500834102e+000 1.967069858e+000 
1.490936538e+000 1.965091279e+000 
1.495909404e+000 1.966433410e+000 
1.490722526e+000 1.965067837e+000 
1.492654698e+000 1.965566738e+000 
1.502073560e+000 1.967781758e+000 
1.493859001e+000 1.965658505e+000 
1.514601266e+000 1.970286005e+000 
1.492542536e+000 1.965535979e+000 
1.475249613e+000 1.960857657e+000 
1.510172657e+000 1.969190059e+000 
1.505812506e+000 1.968638568e+000 
1.504484597e+000 1.968427343e+000 
1.491642859e+000 1.965401478e+000 
1.464417355e+000 1.957327665e+000 
1.463548221e+000 1.957240633e+000 
1.462575902e+000 1.957221229e+000 
1.465729071e+000 1.957895379e+000 
1.477960639e+000 1.961613072e+000 
1.464323658e+000 1.957265659e+000 
1.531435648e+000 1.973450021e+000 
1.474080744e+000 1.960537156e+000 
1.473088074e+000 1.960323685e+000 
1.460543426e+000 1.955677310e+000 
1.534178044e+000 1.974228771e+000 
1.533929681e+000 1.974043286e+000 
1.531553048e+000 1.973720713e+000 
1.515225562e+000 1.970483333e+000 
1.533380527e+000 1.973991032e+000 
1.531804135e+000 1.973804831e+000 
1.516276054e+000 1.970523277e+000 
1.456431180e+000 1.954789087e+000 
1.472049700e+000 1.960047857e+000 
1.526787199e+000 1.972757586e+000 
1.515148727e+000 1.970432532e+000 
1.455027029e+000 1.954400271e+000 
1.464482392e+000 1.957351968e+000 
1.514390128e+000 1.970196439e+000 
1.456255664e+000 1.954762818e+000 
1.504375471e+000 1.968064762e+000 
1.471646723e+000 1.959886470e+000 
1.515409018e+000 1.970511765e+000 
1.503918668e+000 1.968020175e+000 
1.524991925e+000 1.972423806e+000 
1.501272471e+000 1.967081025e+000 
1.511925638e+000 1.969680470e+000 
1.472639131e+000 1.960093207e+000 
1.475224616e+000 1.960817993e+000 
1.476570220e+000 1.961256243e+000 
1.518274609e+000 1.971106767e+000 
1.501358704e+000 1.967265940e+000 
1.499197243e+000 1.966826460e+000 
1.478468602e+000 1.961734311e+000 
1.479646977e+000 1.961941446e+000 
1.488508183e+000 1.964171461e+000 
1.511819819e+000 1.969621869e+000 
1.526159177e+000 1.972481703e+000 
1.481260982e+000 1.962588978e+000 
1.537184265e+000 1.974523332e+000 
1.536024516e+000 1.974300424e+000 
1.804672391e+000 1.998216871e+000 
1.852647932e+000 1.999461408e+000 
1.795642428e+000 1.997933232e+000 
1.838770108e+000 1.999412861e+000 
1.538156746e+000 1.974930649e+000 
1.537268512e+000 1.974532928e+000 
1.560714038e+000 1.978755952e+000 
1.552752455e+000 1.977319708e+000 
1.543171002e+000 1.975962428e+000 
1.556066116e+000 1.978024685e+000 
1.557494845e+000 1.978144002e+000 
1.565404890e+000 1.979391201e+000 
1.541575724e+000 1.975618674e+000 
1.540101150e+000 1.975378324e+000 
1.564846540e+000 1.979297568e+000 
1.838409026e+000 1.999191061e+000 
1.791150306e+000 1.997921295e+000 
1.789489929e+000 1.997799978e+000 
1.552451993e+000 1.977203541e+000 
1.552013822e+000 1.977166049e+000 
1.789745682e+000 1.997882241e+000 
1.790632185e+000 1.997917269e+000 
1.551456754e+000 1.977156674e+000 
1.554797589e+000 1.977807888e+000 
1.554581385e+000 1.977638654e+000 
1.587545195e+000 1.982958474e+000 
1.591701207e+000 1.983762916e+000 
1.833890621e+000 1.999051285e+000 
1.595340201e+000 1.984115876e+000 
1.808245039e+000 1.998637693e+000 
1.556040809e+000 1.977969673e+000 
1.553574690e+000 1.977595803e+000 
1.600740240e+000 1.984758553e+000 
1.834109258e+000 1.999146163e+000 
1.566283768e+000 1.979867536e+000 
1.570250291e+000 1.980512327e+000 
1.565513587e+000 1.979734542e+000 
1.566081117e+000 1.979835458e+000 
1.568443913e+000 1.980031759e+000 
1.601214032e+000 1.984779471e+000 
1.569865685e+000 1.980283089e+000 
1.576231499e+000 1.981239140e+000 
1.574339190e+000 1.981060286e+000 
1.573445699e+000 1.980813808e+000 
1.599008398e+000 1.984463569e+000 
1.830136398e+000 1.998976187e+000 
1.829051603e+000 1.998973818e+000 
1.569738573e+000 1.980256034e+000 
1.602154442e+000 1.985193664e+000 
1.602451408e+000 1.985204280e+000 
1.604536922e+000 1.985269808e+000 
1.601597066e+000 1.984936957e+000 
1.568771136e+000 1.980066007e+000 
1.606884265e+000 1.985407726e+000 
1.604784759e+000 1.985343057e+000 
1.577898081e+000 1.981400628e+000 
1.759167453e+000 1.997087808e+000 
1.754427103e+000 1.996787477e+000 
1.698762819e+000 1.994155459e+000 
1.686966985e+000 1.993511321e+000 
1.756041352e+000 1.996931573e+000 
1.700573878e+000 1.994239982e+000 
1.757042959e+000 1.996955408e+000 
1.687808504e+000 1.993525423e+000 
1.729158963e+000 1.995257998e+000 
1.731405783e+000 1.995568584e+000 
1.733137992e+000 1.995699320e+000 
1.730127129e+000 1.995540639e+000 
1.699988365e+000 1.994227172e+000 
1.653212677e+000 1.990536854e+000 
1.689495761e+000 1.993560089e+000 
1.691983223e+000 1.993731163e+000 
1.754960571e+000 1.996908619e+000 
1.706704156e+000 1.994617660e+000 
1.695516075e+000 1.993905396e+000 
1.647939747e+000 1.990124599e+000 
1.648416803e+000 1.990203151e+000 
1.645509069e+000 1.989823556e+000 
1.716313939e+000 1.995039559e+000 
1.715269804e+000 1.994927426e+000 
1.668691365e+000 1.991810573e+000 
1.676290055e+000 1.992383133e+000 
1.674664344e+000 1.992320845e+000 
1.650280987e+000 1.990231003e+000 
1.650513832e+000 1.990345571e+000 
1.655328982e+000 1.990594052e+000 
1.679217889e+000 1.992632653e+000 
1.672260423e+000 1.992239131e+000 
1.671869690e+000 1.992100972e+000 
1.580995369e+000 1.981969599e+000 
1.643162846e+000 1.989570945e+000 
1.671836474e+000 1.992024382e+000 
1.670456746e+000 1.991918683e+000 
1.640853381e+000 1.989448802e+000 
1.590686468e+000 1.983364566e+000 
1.581985066e+000 1.982268409e+000 
1.680435060e+000 1.992681883e+000 
1.584678281e+000 1.982446880e+000 
1.585776653e+000 1.982641768e+000 
1.577961110e+000 1.981431397e+000 
1.582812233e+000 1.982340344e+000 
1.590477537e+000 1.983240644e+000 
1.579365221e+000 1.981712708e+000 
1.589278363e+000 1.983142298e+000 
1.588804383e+000 1.983134236e+000 
1.632755081e+000 1.988444807e+000 
1.630559206e+000 1.988325074e+000 
1.578582694e+000 1.981640414e+000 
1.634703510e+000 1.988654669e+000 
1.618232646e+000 1.986941535e+000 
1.628541364e+000 1.987936181e+000 
1.614036313e+000 1.986518654e+000 
1.614445818e+000 1.986588241e+000 
1.611910029e+000 1.986016082e+000 
1.621327517e+000 1.987151625e+000 
1.627578433e+000 1.987918398e+000 
1.625821047e+000 1.987718485e+000 
1.626937919e+000 1.987802744e+000 
1.621541304e+000 1.987208650e+000 
1.659499136e+000 1.991020538e+000 
1.620868977e+000 1.987093190e+000 
1.645362045e+000 1.989767384e+000 
1.613477043e+000 1.986390066e+000 
1.616595595e+000 1.986647833e+000 
1.633631128e+000 1.988641574e+000 
1.633445482e+000 1.988503923e+000 
1.742122610e+000 1.996101520e+000 
1.745205708e+000 1.996353051e+000 
1.739310266e+000 1.995898034e+000 
1.737027144e+000 1.995866579e+000 
1.739538208e+000 1.995922918e+000 
1.736027890e+000 1.995796465e+000 

