1.003392541e+000 1.331347959e+000 
1.003465543e+000 1.333288135e+000 
1.003396771e+000 1.332880828e+000 
1.000033483e+000 1.006062960e+000 
1.000032523e+000 1.006060181e+000 
1.000056346e+000 1.006063644e+000 
1.003762967e+000 1.843990497e+000 
1.004676772e+000 1.848803575e+000 
1.004273777e+000 1.848247108e+000 
1.003692850e+000 1.843366292e+000 
1.003969255e+000 1.845086357e+000 
1.003857086e+000 1.844702942e+000 
1.003598731e+000 1.842653848e+000 
1.004788941e+000 1.849186990e+000 
1.004955536e+000 1.849232044e+000 
1.004270539e+000 1.847233064e+000 
1.004110419e+000 1.845917733e+000 
1.004040302e+000 1.845293528e+000 
1.004627702e+000 1.848432987e+000 
1.004660397e+000 1.848800252e+000 
1.004204538e+000 1.846630178e+000 
1.004548228e+000 1.848416837e+000 
1.004017001e+000 1.845182304e+000 
1.003341804e+000 1.250743098e+000 
1.000398538e+000 1.032365829e+000 
1.000948176e+000 1.033828167e+000 
1.001557838e+000 1.035483347e+000 
1.000895755e+000 1.033567936e+000 
1.001307573e+000 1.034809999e+000 
1.001910791e+000 1.036175290e+000 
1.001618362e+000 1.035863002e+000 
1.001354474e+000 1.035008410e+000 
1.000742228e+000 1.033545260e+000 
1.001337184e+000 1.034982121e+000 
1.001397709e+000 1.035361776e+000 
1.001769797e+000 1.036022876e+000 
1.001001521e+000 1.034316466e+000 
1.000251534e+000 1.031956793e+000 
1.000851116e+000 1.033565419e+000 
1.000595223e+000 1.033136224e+000 
1.000418503e+000 1.032524664e+000 
1.000558734e+000 1.032922205e+000 
1.000074814e+000 1.031345233e+000 
1.000995742e+000 1.034091622e+000 
1.001221094e+000 1.034771402e+000 
1.000135339e+000 1.031724888e+000 
1.000479028e+000 1.032904319e+000 
1.000215045e+000 1.031742774e+000 
1.000221171e+000 1.031804930e+000 
1.000625386e+000 1.033364016e+000 
1.000564861e+000 1.032984361e+000 
1.000261596e+000 1.032006912e+000 
1.000605286e+000 1.033186343e+000 
1.000977374e+000 1.033847442e+000 
1.000655748e+000 1.033515878e+000 
1.001062046e+000 1.034696121e+000 
1.000937701e+000 1.033625201e+000 
1.000312059e+000 1.032336447e+000 
1.001011584e+000 1.034365081e+000 
1.001383672e+000 1.035026181e+000 
1.000031287e+000 1.000137146e+000 
1.000014090e+000 1.000136784e+000 
1.000000001e+000 1.000136396e+000 
1.002118085e+000 1.050191920e+000 
1.001941470e+000 1.049393733e+000 
1.002027950e+000 1.050064180e+000 
1.002814935e+000 1.127935240e+000 
1.003306371e+000 1.129402716e+000 
1.002389724e+000 1.124732054e+000 
1.002472008e+000 1.126199804e+000 
1.002946156e+000 1.128857416e+000 
1.003157776e+000 1.128885633e+000 
1.002943479e+000 1.128453217e+000 
1.002600552e+000 1.126748011e+000 
1.002817611e+000 1.128339438e+000 
1.002275319e+000 1.123930478e+000 
1.002603229e+000 1.127152209e+000 
1.003097709e+000 1.128857789e+000 
1.003312092e+000 1.130045018e+000 
1.002149451e+000 1.123786537e+000 
1.002277996e+000 1.124334744e+000 
1.002474684e+000 1.126604003e+000 
1.003176892e+000 1.129188056e+000 
1.002146774e+000 1.123382272e+000 
1.003236959e+000 1.129215899e+000 
1.010329460e+000 1.889827613e+000 
1.083815540e+000 1.954613191e+000 
1.031453011e+000 1.920145706e+000 
1.040151209e+000 1.928025653e+000 
1.061090502e+000 1.942456554e+000 
1.019581767e+000 1.905450820e+000 
1.029274676e+000 1.917252238e+000 
1.043357871e+000 1.930212469e+000 
1.054387082e+000 1.938373372e+000 
1.043736685e+000 1.931165976e+000 
1.047380346e+000 1.933307666e+000 
1.034986342e+000 1.923325687e+000 
1.042199684e+000 1.929848844e+000 
1.069703120e+000 1.947462245e+000 
1.023439790e+000 1.910439449e+000 
1.008258365e+000 1.885186703e+000 
1.031808527e+000 1.920290554e+000 
1.056343459e+000 1.939741359e+000 
1.094044149e+000 1.958467009e+000 
1.027288055e+000 1.915731440e+000 
1.007840949e+000 1.884516973e+000 
1.055390483e+000 1.939327237e+000 
1.025878997e+000 1.913612231e+000 
1.005622107e+000 1.877167368e+000 
1.009983149e+000 1.889266552e+000 
1.005406442e+000 1.876678467e+000 
1.006549697e+000 1.880795686e+000 
1.032520626e+000 1.920613714e+000 
1.005679246e+000 1.877304328e+000 
1.030868379e+000 1.919759684e+000 
1.006138621e+000 1.879138057e+000 
1.031962205e+000 1.920451010e+000 
1.035483351e+000 1.923487677e+000 
1.036763360e+000 1.924929931e+000 
1.008280412e+000 1.885601361e+000 
1.025132602e+000 1.912885936e+000 
1.007316400e+000 1.883167899e+000 
1.005162732e+000 1.875333640e+000 
1.006033182e+000 1.878824997e+000 
1.007733815e+000 1.883837629e+000 
1.006689659e+000 1.881303105e+000 
1.009151272e+000 1.887511496e+000 
1.007214209e+000 1.882652178e+000 
1.009544211e+000 1.888499343e+000 
1.008178221e+000 1.885085641e+000 
1.009222377e+000 1.887620165e+000 
1.077917229e+000 1.951570267e+000 
1.007631624e+000 1.883321909e+000 
1.041965828e+000 1.929294182e+000 
1.009520123e+000 1.887905735e+000 
1.028077500e+000 1.916403378e+000 
1.007652082e+000 1.883446278e+000 
1.030756219e+000 1.919198600e+000 
1.054053574e+000 1.938244710e+000 
1.011571994e+000 1.892293801e+000 
1.049504266e+000 1.934876514e+000 
1.032369865e+000 1.920556200e+000 
1.066784282e+000 1.945860283e+000 
1.063689628e+000 1.943874408e+000 
1.092681201e+000 1.958177604e+000 
1.017641128e+000 1.902594340e+000 
1.010876550e+000 1.891009865e+000 
1.026944024e+000 1.914983287e+000 
1.005844315e+000 1.877754302e+000 
1.085102052e+000 1.955279510e+000 
1.006360829e+000 1.879724990e+000 
1.029281094e+000 1.917497726e+000 
1.041410110e+000 1.928766675e+000 
1.061696086e+000 1.942614018e+000 
1.083942861e+000 1.954657449e+000 
1.060756994e+000 1.942327892e+000 
1.049215455e+000 1.934730212e+000 
1.050700741e+000 1.935817460e+000 
1.050358161e+000 1.935706889e+000 
1.012750182e+000 1.894609919e+000 
1.060080862e+000 1.941764724e+000 
1.070463022e+000 1.947889286e+000 
1.018154283e+000 1.903186388e+000 
1.020094922e+000 1.906042867e+000 
1.057416449e+000 1.939968126e+000 
1.099149497e+000 1.959591043e+000 
1.015949243e+000 1.899765353e+000 
1.005217575e+000 1.875607771e+000 
1.054914814e+000 1.938510417e+000 
1.058753358e+000 1.941050653e+000 
1.024060439e+000 1.911378644e+000 
1.061717269e+000 1.942782891e+000 
1.005734089e+000 1.877578460e+000 
1.096874870e+000 1.959500984e+000 
1.095767518e+000 1.959494412e+000 
1.039130898e+000 1.926922462e+000 
1.007025341e+000 1.881581483e+000 
1.048881947e+000 1.934601550e+000 
1.006500792e+000 1.880232410e+000 
1.071384709e+000 1.948338263e+000 
1.026498697e+000 1.914478060e+000 
1.014116838e+000 1.896706010e+000 
1.071865685e+000 1.948914635e+000 
1.004973864e+000 1.874262944e+000 
1.006609679e+000 1.880957040e+000 
1.046549248e+000 1.932668337e+000 
1.060166276e+000 1.941934553e+000 
1.057675960e+000 1.940367553e+000 
1.059012870e+000 1.941450080e+000 
1.069575800e+000 1.947417987e+000 
1.062122653e+000 1.943302540e+000 
1.030647189e+000 1.919089849e+000 
1.036031927e+000 1.924119416e+000 
1.018905209e+000 1.904125954e+000 
1.027202219e+000 1.915486754e+000 
1.015680833e+000 1.899352451e+000 
1.090245008e+000 1.957456655e+000 
1.032114285e+000 1.920505404e+000 
1.090578516e+000 1.957585316e+000 
1.084804101e+000 1.954934628e+000 
1.013959988e+000 1.896611425e+000 
1.092090139e+000 1.957724389e+000 
1.089589956e+000 1.957263879e+000 
1.072991998e+000 1.949456426e+000 
1.027018518e+000 1.915144334e+000 
1.034001242e+000 1.922247297e+000 
1.088228445e+000 1.956497698e+000 
1.091768595e+000 1.957660275e+000 
1.050112508e+000 1.935458838e+000 
1.023049804e+000 1.910036871e+000 
1.021751957e+000 1.908405379e+000 
1.068935125e+000 1.947088435e+000 
1.051536347e+000 1.936313793e+000 
1.047681887e+000 1.934006635e+000 
1.088326735e+000 1.956864560e+000 
1.089923464e+000 1.957392541e+000 
1.095145312e+000 1.958872042e+000 
1.042607345e+000 1.929954034e+000 
1.081558445e+000 1.953456898e+000 
1.023194307e+000 1.910151309e+000 
1.045229848e+000 1.932404081e+000 
1.068549670e+000 1.946796845e+000 
1.047344946e+000 1.933284418e+000 
1.009886866e+000 1.888813282e+000 
1.029462821e+000 1.917759322e+000 
1.078517308e+000 1.952011816e+000 
1.024528717e+000 1.911783624e+000 
1.033454024e+000 1.921782925e+000 
1.033539871e+000 1.921786844e+000 
1.066106144e+000 1.945371895e+000 
1.082918869e+000 1.954079224e+000 
1.016704587e+000 1.901049279e+000 
1.099082620e+000 1.959548690e+000 
1.030653855e+000 1.919164076e+000 
1.041078053e+000 1.928408723e+000 
1.017390587e+000 1.902107530e+000 
1.052452368e+000 1.937639964e+000 
1.085987920e+000 1.956389443e+000 
1.078790882e+000 1.952042927e+000 
1.018645097e+000 1.903861887e+000 
1.075712464e+000 1.950712817e+000 
1.077108235e+000 1.951322527e+000 
1.019331226e+000 1.904964009e+000 
1.023330760e+000 1.910330698e+000 
1.016357391e+000 1.900677316e+000 
1.020879614e+000 1.907082311e+000 
1.022703493e+000 1.909475810e+000 
1.085525357e+000 1.955510372e+000 
1.084149049e+000 1.954741852e+000 
1.030391608e+000 1.919039054e+000 
1.023540618e+000 1.910712370e+000 
1.064762846e+000 1.944723967e+000 
1.063161896e+000 1.943737441e+000 
1.021405646e+000 1.907844319e+000 
1.057319716e+000 1.939907587e+000 
1.037244851e+000 1.925209467e+000 
1.033856238e+000 1.922242104e+000 
1.037586718e+000 1.925387620e+000 
1.019811318e+000 1.905548900e+000 
1.037894727e+000 1.925793389e+000 
1.062828388e+000 1.943608779e+000 
1.061846853e+000 1.942891904e+000 
1.017807972e+000 1.902625327e+000 
1.033847879e+000 1.922192613e+000 
1.033120516e+000 1.921654263e+000 
1.038613244e+000 1.926362050e+000 
1.082523835e+000 1.953875101e+000 
1.037253210e+000 1.925258958e+000 
1.008616094e+000 1.885879740e+000 
1.022156331e+000 1.908717414e+000 
1.017294817e+000 1.902033280e+000 
1.074202569e+000 1.949824222e+000 
1.025388182e+000 1.912936732e+000 
1.069909308e+000 1.947546648e+000 
1.012077620e+000 1.893163353e+000 
1.076329748e+000 1.951075606e+000 
1.011222861e+000 1.891570926e+000 
1.068522607e+000 1.946416315e+000 
1.012004045e+000 1.892970302e+000 
1.010444498e+000 1.889945652e+000 
1.014508657e+000 1.897753743e+000 
1.011425219e+000 1.892152184e+000 
1.013298850e+000 1.895752237e+000 
1.009698362e+000 1.888693748e+000 
1.013096492e+000 1.895170980e+000 
1.015977077e+000 1.899818419e+000 
1.016011080e+000 1.900116256e+000 
1.010717234e+000 1.890701374e+000 
1.012552714e+000 1.894112620e+000 
1.018070838e+000 1.903042671e+000 
1.021525527e+000 1.907914254e+000 
1.014108832e+000 1.896675187e+000 
1.015345782e+000 1.898990303e+000 
1.015147585e+000 1.898675810e+000 
1.012899025e+000 1.894673681e+000 
1.014135975e+000 1.896988797e+000 
1.172366284e+000 1.985813520e+000 
1.201521035e+000 1.991624458e+000 
1.127612859e+000 1.973788987e+000 
1.191156225e+000 1.990275217e+000 
1.139448715e+000 1.978492353e+000 
1.119543693e+000 1.970512915e+000 
1.191183123e+000 1.990280955e+000 
1.227487821e+000 1.995598045e+000 
1.231214641e+000 1.996157425e+000 
1.102432738e+000 1.962173980e+000 
1.101963634e+000 1.962050571e+000 
1.103893224e+000 1.962944742e+000 
1.201758112e+000 1.991874706e+000 
1.102490847e+000 1.962629032e+000 
1.102609865e+000 1.962634901e+000 
1.100189056e+000 1.961125006e+000 
1.180849647e+000 1.987976999e+000 
1.130196834e+000 1.975049192e+000 
1.261893758e+000 1.998117582e+000 
1.101525127e+000 1.961863491e+000 
1.226022024e+000 1.995506294e+000 
1.203590958e+000 1.992049605e+000 
1.194906845e+000 1.990460274e+000 
1.184088490e+000 1.988794743e+000 
1.199274101e+000 1.991561727e+000 
1.102517745e+000 1.962634771e+000 
1.102636763e+000 1.962640639e+000 
1.267382594e+000 1.998176153e+000 
1.216681834e+000 1.994140868e+000 
1.130050919e+000 1.975037585e+000 
1.215339954e+000 1.993910242e+000 
1.178985328e+000 1.987402977e+000 
1.193212321e+000 1.990436141e+000 
1.235504600e+000 1.996639565e+000 
1.109772046e+000 1.965885085e+000 
1.196404498e+000 1.990969960e+000 
1.198861611e+000 1.991277201e+000 
1.223539854e+000 1.995111846e+000 
1.281133955e+000 1.998614515e+000 
1.199300999e+000 1.991567465e+000 
1.219932520e+000 1.994479713e+000 
1.113420247e+000 1.967764277e+000 
1.185111859e+000 1.988857644e+000 
1.219959417e+000 1.994485451e+000 
1.099646363e+000 1.959765543e+000 
1.188162091e+000 1.989552855e+000 
1.099789473e+000 1.959797574e+000 
1.187537824e+000 1.989420513e+000 
1.193185424e+000 1.990430402e+000 
1.188897154e+000 1.989779433e+000 
1.177152482e+000 1.987228078e+000 
1.139486951e+000 1.978525005e+000 
1.158926135e+000 1.983371372e+000 
1.179240710e+000 1.987498552e+000 
1.118271865e+000 1.969655500e+000 
1.158053149e+000 1.983198399e+000 
1.175912717e+000 1.986956387e+000 
1.139513849e+000 1.978530743e+000 
1.218514681e+000 1.994315767e+000 
1.214197823e+000 1.993827888e+000 
1.179833829e+000 1.987886522e+000 
1.107351237e+000 1.964375190e+000 
1.134124131e+000 1.976574660e+000 
1.176031735e+000 1.986965298e+000 
1.221732065e+000 1.995024154e+000 
1.112839647e+000 1.967092569e+000 
1.183026006e+000 1.988420341e+000 
1.214224721e+000 1.993833627e+000 
1.146180561e+000 1.980327248e+000 
1.185704978e+000 1.989245614e+000 
1.111550816e+000 1.966394787e+000 
1.175939615e+000 1.986962126e+000 
1.181919682e+000 1.988323825e+000 
1.149279790e+000 1.981094623e+000 
1.130077817e+000 1.975043324e+000 
1.126327203e+000 1.973035579e+000 
1.149160772e+000 1.981085712e+000 
1.131947464e+000 1.975784638e+000 
1.347496547e+000 1.999637173e+000 
1.131828447e+000 1.975778769e+000 
1.147405481e+000 1.980647752e+000 
1.137218165e+000 1.977734852e+000 
1.138344290e+000 1.978166394e+000 
1.118525593e+000 1.969935878e+000 
1.107470255e+000 1.964381058e+000 
1.108062331e+000 1.964748814e+000 
1.186808543e+000 1.989255097e+000 
1.107943313e+000 1.964742945e+000 
1.132954571e+000 1.976210311e+000 
1.160346093e+000 1.983908661e+000 
1.156619385e+000 1.982867611e+000 
1.176058633e+000 1.986971037e+000 
1.132476145e+000 1.975806038e+000 
1.145220697e+000 1.979923086e+000 
1.154277953e+000 1.982284537e+000 
1.109798944e+000 1.965890823e+000 
1.190751061e+000 1.989876399e+000 
1.150492657e+000 1.981360575e+000 
1.100084241e+000 1.959890859e+000 
1.149005992e+000 1.980846215e+000 
1.121273214e+000 1.971062744e+000 
1.289952781e+000 1.998828163e+000 
1.142613078e+000 1.979298117e+000 
1.143501167e+000 1.979714880e+000 
1.144425269e+000 1.979885414e+000 
1.100119366e+000 1.959961410e+000 
1.282161516e+000 1.998625868e+000 
1.150084874e+000 1.981256246e+000 
1.143620185e+000 1.979723790e+000 
1.288338117e+000 1.998756084e+000 
1.155092940e+000 1.982292120e+000 
1.114886384e+000 1.968876855e+000 
1.146299579e+000 1.980333117e+000 
1.140639974e+000 1.978962285e+000 
1.278229424e+000 1.998465196e+000 
1.290145134e+000 1.998831344e+000 
1.177416610e+000 1.987236711e+000 
1.139632867e+000 1.978536612e+000 
1.136854733e+000 1.977241167e+000 
1.110396388e+000 1.966341847e+000 
1.105414280e+000 1.963813681e+000 
1.137337183e+000 1.977740720e+000 
1.127290280e+000 1.973602973e+000 
1.124429086e+000 1.972850378e+000 
1.134243149e+000 1.976580529e+000 
1.124310069e+000 1.972844510e+000 
1.119263522e+000 1.970280184e+000 
1.126557321e+000 1.973397288e+000 
1.127146670e+000 1.973437140e+000 
1.163874622e+000 1.984297582e+000 
1.114406708e+000 1.967849870e+000 
1.109917962e+000 1.965896692e+000 
1.115005402e+000 1.968882723e+000 
1.109364416e+000 1.964838630e+000 
1.123081474e+000 1.971887311e+000 
1.147226102e+000 1.980628539e+000 
1.109427776e+000 1.964924291e+000 
1.290599008e+000 1.998848593e+000 
1.108212810e+000 1.964773948e+000 
1.341300095e+000 1.999590511e+000 
1.124092364e+000 1.972210478e+000 
1.126676338e+000 1.973403156e+000 
1.157784184e+000 1.983130505e+000 
1.137000460e+000 1.977350363e+000 
1.150684141e+000 1.981464849e+000 
1.117211385e+000 1.969599256e+000 
1.152074724e+000 1.981667387e+000 
1.149471275e+000 1.981176757e+000 
1.109546794e+000 1.964930160e+000 
1.119299208e+000 1.970374614e+000 
1.148061147e+000 1.980687984e+000 
1.114700318e+000 1.967997962e+000 
1.146039738e+000 1.980010619e+000 
1.177535628e+000 1.987245622e+000 
1.121386137e+000 1.971213683e+000 
1.137119478e+000 1.977356231e+000 
1.151079363e+000 1.981533404e+000 
1.121915697e+000 1.971639227e+000 
1.144206891e+000 1.979835720e+000 
1.367485287e+000 1.999897687e+000 
1.116525099e+000 1.969470313e+000 
1.131729759e+000 1.975400149e+000 
1.124211381e+000 1.972216347e+000 
1.120670666e+000 1.970824887e+000 
1.115996419e+000 1.969448913e+000 
1.183787984e+000 1.988531487e+000 
1.190060345e+000 1.989783854e+000 
1.166331735e+000 1.984604823e+000 
1.114525725e+000 1.967855739e+000 
1.117330403e+000 1.969605125e+000 
1.248174054e+000 1.997500900e+000 
1.333201746e+000 1.999334813e+000 
1.120200334e+000 1.970790903e+000 
1.120940240e+000 1.970902905e+000 
1.221122608e+000 1.994489871e+000 
1.112947281e+000 1.967113595e+000 
1.356572425e+000 1.999761319e+000 
1.371199421e+000 1.999900028e+000 
1.246902922e+000 1.997336445e+000 
1.357134140e+000 1.999772193e+000 
1.153398624e+000 1.982066640e+000 
1.111613297e+000 1.966957383e+000 
1.351651242e+000 1.999716005e+000 
1.280167827e+000 1.998554534e+000 
1.201734687e+000 1.991822684e+000 
1.203089619e+000 1.991947711e+000 
1.214136329e+000 1.993632362e+000 
1.204191800e+000 1.992129925e+000 
1.380901318e+000 1.999987603e+000 
1.336915880e+000 1.999337153e+000 
1.212945218e+000 1.993397700e+000 
1.289438218e+000 1.998795523e+000 
1.383516420e+000 2.000000000e+000 
1.212989910e+000 1.993532093e+000 
1.239248227e+000 1.997110218e+000 
1.128602649e+000 1.973962962e+000 
1.317015920e+000 1.999222462e+000 
1.201401682e+000 1.991613521e+000 
1.131629526e+000 1.975165137e+000 
1.299549622e+000 1.998981092e+000 
1.340953954e+000 1.999589418e+000 
1.246003150e+000 1.997320277e+000 
1.355019236e+000 1.999717253e+000 
1.300111336e+000 1.998991536e+000 
1.238623961e+000 1.996977876e+000 
1.355365376e+000 1.999718346e+000 
1.302827472e+000 1.999066820e+000 
1.233866026e+000 1.996494391e+000 
1.233574852e+000 1.996406908e+000 
1.376443600e+000 1.999937785e+000 
1.235518951e+000 1.996731140e+000 
1.232033179e+000 1.996319492e+000 
1.236323139e+000 1.996801632e+000 
1.240431750e+000 1.997151988e+000 
1.242289016e+000 1.997317863e+000 
1.303404513e+000 1.999111900e+000 
1.241081074e+000 1.997285117e+000 
1.211074876e+000 1.993188109e+000 
1.355819250e+000 1.999735660e+000 
1.326904844e+000 1.999308949e+000 
1.254321209e+000 1.997856426e+000 
1.253488310e+000 1.997845982e+000 
1.341753969e+000 1.999607825e+000 
1.267572934e+000 1.998225128e+000 
1.204865080e+000 1.992356134e+000 
1.318476643e+000 1.999244144e+000 
1.212536329e+000 1.993337303e+000 
1.330347794e+000 1.999311289e+000 
1.209242030e+000 1.993013210e+000 
1.323191977e+000 1.999247115e+000 
1.208969148e+000 1.992961497e+000 
1.205952180e+000 1.992491334e+000 
1.198806391e+000 1.991181597e+000 
1.229016212e+000 1.995866662e+000 
1.278334718e+000 1.998503246e+000 
1.258948770e+000 1.998006308e+000 
1.293994934e+000 1.998894287e+000 
1.208682176e+000 1.992850289e+000 
1.272775877e+000 1.998337674e+000 
1.206225063e+000 1.992543048e+000 
1.248303474e+000 1.997680716e+000 
1.338594202e+000 1.999520192e+000 
1.314181042e+000 1.999148549e+000 
1.280814054e+000 1.998576836e+000 
1.274015161e+000 1.998339390e+000 
1.253209289e+000 1.997809951e+000 
1.268219161e+000 1.998247297e+000 
1.276319842e+000 1.998450360e+000 
1.270166975e+000 1.998256952e+000 
1.294903741e+000 1.998917496e+000 
1.164145350e+000 1.984407285e+000 
1.173494455e+000 1.986334022e+000 
1.171289266e+000 1.985764016e+000 
1.230911942e+000 1.995956396e+000 
1.168039564e+000 1.985319821e+000 
1.288153079e+000 1.998750827e+000 
1.175305341e+000 1.986618700e+000 
1.260156712e+000 1.998039054e+000 
1.166602463e+000 1.984714526e+000 
1.170496677e+000 1.985627062e+000 
1.300129981e+000 1.999059537e+000 
1.246539148e+000 1.997336158e+000 
1.254339155e+000 1.997869227e+000 
1.279819446e+000 1.998550349e+000 
1.168457912e+000 1.985325140e+000 
1.164563698e+000 1.984412604e+000 
1.255868130e+000 1.997915302e+000 
1.173266577e+000 1.986316778e+000 
1.173977583e+000 1.986563674e+000 

