1.003487850e+000 1.001356344e+000 
1.002800875e+000 1.001239913e+000 
1.002868763e+000 1.001258313e+000 
1.003087395e+000 1.001294021e+000 
1.003156687e+000 1.001310690e+000 
1.003089836e+000 1.001294569e+000 
1.003996949e+000 1.001380338e+000 
1.003007374e+000 1.001277905e+000 
1.003239149e+000 1.001327354e+000 
1.003359731e+000 1.001343475e+000 
1.004216078e+000 1.001397518e+000 
1.003867096e+000 1.001376773e+000 
1.004189336e+000 1.001396853e+000 
1.003674710e+000 1.001360259e+000 
1.003807885e+000 1.001363554e+000 
1.003205658e+000 1.001310710e+000 
1.002767112e+000 1.001220242e+000 
1.004119438e+000 1.001381455e+000 
1.008598681e+000 1.007430198e+000 
1.007129861e+000 1.006983502e+000 
1.008210077e+000 1.007329010e+000 
1.009201587e+000 1.007546250e+000 
1.009061389e+000 1.007529813e+000 
1.008164371e+000 1.007324982e+000 
1.007477548e+000 1.007102043e+000 
1.009242598e+000 1.007550602e+000 
1.007232765e+000 1.006991591e+000 
1.009458791e+000 1.007594765e+000 
1.008993287e+000 1.007529725e+000 
1.007632742e+000 1.007191052e+000 
1.007027385e+000 1.006875971e+000 
1.006894763e+000 1.006763443e+000 
1.007882615e+000 1.007232367e+000 
1.009609907e+000 1.013742515e+000 
1.010841730e+000 1.014304642e+000 
1.012664980e+000 1.015113901e+000 
1.014180610e+000 1.015727149e+000 
1.013690406e+000 1.015533501e+000 
1.010001950e+000 1.014002042e+000 
1.011451683e+000 1.014496949e+000 
1.011239454e+000 1.014472613e+000 
1.012424209e+000 1.014927518e+000 
1.010376419e+000 1.014222109e+000 
1.010483081e+000 1.014240645e+000 
1.011132792e+000 1.014454013e+000 
1.009984376e+000 1.013962562e+000 
1.014762336e+000 1.015943431e+000 
1.011223315e+000 1.014463575e+000 
1.011542206e+000 1.014507638e+000 
1.014903869e+000 1.015963824e+000 
1.013226272e+000 1.015327618e+000 
1.013135749e+000 1.015317629e+000 
1.013032783e+000 1.015302727e+000 
1.014570554e+000 1.015915633e+000 
1.013335366e+000 1.015462909e+000 
1.012790382e+000 1.015131475e+000 
1.013746477e+000 1.015541978e+000 
1.014049061e+000 1.015703943e+000 
1.015011609e+000 1.015985544e+000 
1.002172538e+000 1.000339200e+000 
1.002090758e+000 1.000332922e+000 
1.002704649e+000 1.000356541e+000 
1.002592975e+000 1.000351178e+000 
1.002530552e+000 1.000350249e+000 
1.002439977e+000 1.000345216e+000 
1.027629017e+000 1.066511964e+000 
1.025230503e+000 1.064116845e+000 
1.027172166e+000 1.066031740e+000 
1.023856020e+000 1.062768675e+000 
1.025880628e+000 1.064877277e+000 
1.026753880e+000 1.065725236e+000 
1.024388230e+000 1.063451626e+000 
1.022340575e+000 1.060966500e+000 
1.024710885e+000 1.063836254e+000 
1.023490280e+000 1.062292617e+000 
1.026535208e+000 1.065370448e+000 
1.025411671e+000 1.064488360e+000 
1.022965816e+000 1.061629139e+000 
1.023876529e+000 1.062780799e+000 
1.025837544e+000 1.064785547e+000 
1.022297491e+000 1.060874752e+000 
1.022907487e+000 1.061550064e+000 
1.020411137e+000 1.039933380e+000 
1.021196945e+000 1.040364349e+000 
1.021954294e+000 1.040751381e+000 
1.017195009e+000 1.037278063e+000 
1.017055510e+000 1.037267523e+000 
1.016627656e+000 1.036841195e+000 
1.020046099e+000 1.039563451e+000 
1.018477338e+000 1.038653579e+000 
1.021561984e+000 1.040734278e+000 
1.017435646e+000 1.037578521e+000 
1.018078517e+000 1.038358308e+000 
1.019129560e+000 1.039078367e+000 
1.017777016e+000 1.038016585e+000 
1.021710559e+000 1.040738050e+000 
1.018990952e+000 1.039027280e+000 
1.016588547e+000 1.036463058e+000 
1.019245301e+000 1.039134891e+000 
1.017467574e+000 1.037605141e+000 
1.016449049e+000 1.036452518e+000 
1.019758916e+000 1.039508592e+000 
1.018701036e+000 1.038732009e+000 
1.016414157e+000 1.036026449e+000 
1.022051493e+000 1.040818321e+000 
1.017598408e+000 1.037627909e+000 
1.017692485e+000 1.037900278e+000 
1.019721808e+000 1.039421342e+000 
1.020317211e+000 1.039806826e+000 
1.019520517e+000 1.039194379e+000 
1.017376518e+000 1.037435479e+000 
1.017427796e+000 1.037559531e+000 
1.020266095e+000 1.039645020e+000 
1.020779709e+000 1.040018721e+000 
1.021085174e+000 1.040288138e+000 
1.091316802e+000 1.933318799e+000 
1.041801823e+000 1.888621143e+000 
1.043138443e+000 1.890234824e+000 
1.056113091e+000 1.905712689e+000 
1.057074826e+000 1.906629695e+000 
1.042780458e+000 1.889289743e+000 
1.071491746e+000 1.919856011e+000 
1.047341318e+000 1.895942640e+000 
1.061078063e+000 1.910704607e+000 
1.087226541e+000 1.930819134e+000 
1.139388419e+000 1.955825498e+000 
1.069468980e+000 1.917903636e+000 
1.075368254e+000 1.922631713e+000 
1.070211376e+000 1.918683288e+000 
1.077890337e+000 1.924609353e+000 
1.148675745e+000 1.959056577e+000 
1.146338302e+000 1.958492281e+000 
1.053238562e+000 1.902694240e+000 
1.057767410e+000 1.907311239e+000 
1.103292505e+000 1.940583330e+000 
1.188445861e+000 1.968613257e+000 
1.068723874e+000 1.917792945e+000 
1.101982884e+000 1.939681756e+000 
1.199804788e+000 1.970710624e+000 
1.090186140e+000 1.932435022e+000 
1.087284555e+000 1.930839496e+000 
1.131383919e+000 1.953125338e+000 
1.132900312e+000 1.953649649e+000 
1.185758428e+000 1.968227236e+000 
1.060042107e+000 1.909595313e+000 
1.072630600e+000 1.920403079e+000 
1.068131450e+000 1.917154104e+000 
1.066381093e+000 1.915553840e+000 
1.088544184e+000 1.931758853e+000 
1.043339884e+000 1.890570479e+000 
1.054203578e+000 1.903525577e+000 
1.066610474e+000 1.915617409e+000 
1.056800658e+000 1.906484578e+000 
1.056799276e+000 1.906287517e+000 
1.114420742e+000 1.945856968e+000 
1.045078694e+000 1.892793594e+000 
1.042539539e+000 1.889182326e+000 
1.084112050e+000 1.928513085e+000 
1.116982251e+000 1.947010918e+000 
1.056166345e+000 1.905840543e+000 
1.063528299e+000 1.912929761e+000 
1.048008554e+000 1.896879739e+000 
1.186279316e+000 1.968593565e+000 
1.087521733e+000 1.931078546e+000 
1.158039959e+000 1.961575410e+000 
1.155618669e+000 1.961113055e+000 
1.043618498e+000 1.891130290e+000 
1.064437661e+000 1.913819116e+000 
1.067639022e+000 1.916528187e+000 
1.130489264e+000 1.952414491e+000 
1.157451412e+000 1.961461837e+000 
1.096506677e+000 1.936708433e+000 
1.146848661e+000 1.958746250e+000 
1.065536816e+000 1.914780606e+000 
1.058401722e+000 1.907955274e+000 
1.160650045e+000 1.962178418e+000 
1.053591925e+000 1.902956025e+000 
1.055642391e+000 1.905150054e+000 
1.078746666e+000 1.925297506e+000 
1.044133998e+000 1.891802112e+000 
1.126731976e+000 1.951481777e+000 
1.060811235e+000 1.910309162e+000 
1.129386509e+000 1.952382534e+000 
1.059100226e+000 1.908676508e+000 
1.061912688e+000 1.911566234e+000 
1.075674550e+000 1.922854537e+000 
1.158476594e+000 1.961594205e+000 
1.080862719e+000 1.926603764e+000 
1.070061404e+000 1.918542477e+000 
1.091476710e+000 1.933385514e+000 
1.063845237e+000 1.913180275e+000 
1.070012445e+000 1.918469416e+000 
1.052046614e+000 1.901362595e+000 
1.155475892e+000 1.960984107e+000 
1.046825818e+000 1.895270817e+000 
1.064689513e+000 1.913953509e+000 
1.070803819e+000 1.919166867e+000 
1.046413242e+000 1.894720411e+000 
1.124793781e+000 1.950161561e+000 
1.075569356e+000 1.922794779e+000 
1.061320264e+000 1.910927393e+000 
1.090781826e+000 1.933176080e+000 
1.131131402e+000 1.952786612e+000 
1.081684808e+000 1.927261734e+000 
1.148063549e+000 1.958846316e+000 
1.099997683e+000 1.938335597e+000 
1.088090987e+000 1.931244761e+000 
1.085431001e+000 1.929533238e+000 
1.085857384e+000 1.929905632e+000 
1.058766405e+000 1.908296821e+000 
1.052530887e+000 1.901712374e+000 
1.042994935e+000 1.890160099e+000 
1.063154976e+000 1.912579072e+000 
1.066826974e+000 1.916047397e+000 
1.071116216e+000 1.919449755e+000 
1.052308465e+000 1.901483713e+000 
1.100248737e+000 1.938424739e+000 
1.108971949e+000 1.943502322e+000 
1.092535878e+000 1.934158097e+000 
1.088908354e+000 1.931889846e+000 
1.061569251e+000 1.910972221e+000 
1.100094201e+000 1.938367767e+000 
1.058941115e+000 1.908477287e+000 
1.078202733e+000 1.924892241e+000 
1.042829440e+000 1.889903546e+000 
1.053872874e+000 1.903338275e+000 
1.041559227e+000 1.887497792e+000 
1.047704453e+000 1.896393294e+000 
1.047870669e+000 1.896706800e+000 
1.100900632e+000 1.938773032e+000 
1.044395844e+000 1.891968464e+000 
1.055031574e+000 1.904421661e+000 
1.049838929e+000 1.899007776e+000 
1.098489584e+000 1.937537669e+000 
1.049094312e+000 1.898173964e+000 
1.093726335e+000 1.934901912e+000 
1.048839496e+000 1.897859072e+000 
1.051820716e+000 1.901153585e+000 
1.155109787e+000 1.960674880e+000 
1.151341271e+000 1.959641031e+000 
1.091066349e+000 1.933189808e+000 
1.044896615e+000 1.892748368e+000 
1.049005713e+000 1.898172578e+000 
1.049446815e+000 1.898485265e+000 
1.192252950e+000 1.969154966e+000 
1.100772485e+000 1.938658111e+000 
1.131373311e+000 1.952814550e+000 
1.078528733e+000 1.925106450e+000 
1.043697403e+000 1.891163854e+000 
1.127835254e+000 1.951687793e+000 
1.079831253e+000 1.925955477e+000 
1.082353710e+000 1.927537885e+000 
1.183925686e+000 1.967878453e+000 
1.076716379e+000 1.923632408e+000 
1.202437586e+000 1.971492224e+000 
1.198567846e+000 1.970692624e+000 
1.205708310e+000 1.972031968e+000 
1.067465649e+000 1.916248143e+000 
1.046705802e+000 1.895148098e+000 
1.082843452e+000 1.927748484e+000 
1.127287890e+000 1.951482457e+000 
1.130544397e+000 1.952785612e+000 
1.071458456e+000 1.919663963e+000 
1.076278054e+000 1.923321617e+000 
1.084507133e+000 1.928710067e+000 
1.091183899e+000 1.933222679e+000 
1.195631344e+000 1.970079266e+000 
1.156453407e+000 1.961260039e+000 
1.043856277e+000 1.891397443e+000 
1.201349983e+000 1.971262322e+000 
1.190121218e+000 1.969146218e+000 
1.194181940e+000 1.969973075e+000 
1.051076927e+000 1.900167450e+000 
1.128434540e+000 1.952125390e+000 
1.117913503e+000 1.947676374e+000 
1.115577190e+000 1.946375649e+000 
1.046912636e+000 1.895328677e+000 
1.044639602e+000 1.892479661e+000 
1.095468468e+000 1.935934483e+000 
1.127648706e+000 1.951674912e+000 
1.075192549e+000 1.922410026e+000 
1.111587600e+000 1.944755018e+000 
1.101873191e+000 1.939512618e+000 
1.102168384e+000 1.939772031e+000 
1.116572061e+000 1.946897167e+000 
1.189218319e+000 1.968983204e+000 
1.107406505e+000 1.942686912e+000 
1.051021856e+000 1.899981790e+000 
1.109643996e+000 1.943778786e+000 
1.184902760e+000 1.968188533e+000 
1.132655113e+000 1.953521189e+000 
1.124015891e+000 1.950046868e+000 
1.111377569e+000 1.944557547e+000 
1.142339575e+000 1.957112776e+000 
1.115168501e+000 1.946159018e+000 
1.098443822e+000 1.937515694e+000 
1.118634028e+000 1.947873955e+000 
1.099390060e+000 1.937973466e+000 
1.065149296e+000 1.914162486e+000 
1.098238432e+000 1.937408748e+000 
1.103990696e+000 1.940966621e+000 
1.140593917e+000 1.956302246e+000 
1.135288538e+000 1.954762040e+000 
1.093634335e+000 1.934879938e+000 
1.141740742e+000 1.956740198e+000 
1.125843405e+000 1.950843855e+000 
1.099067119e+000 1.937833054e+000 
1.136143159e+000 1.955019119e+000 
1.096315776e+000 1.936459149e+000 
1.072522724e+000 1.920385800e+000 
1.067445912e+000 1.916245835e+000 
1.072134135e+000 1.920042084e+000 
1.070550214e+000 1.918884817e+000 
1.116119876e+000 1.946477472e+000 
1.159212621e+000 1.961938621e+000 
1.121364793e+000 1.948969474e+000 
1.164822347e+000 1.962829943e+000 
1.185734044e+000 1.968189715e+000 
1.107769032e+000 1.942767935e+000 
1.108313177e+000 1.943062730e+000 
1.181480702e+000 1.967211553e+000 
1.183165530e+000 1.967656824e+000 
1.193385636e+000 1.969431048e+000 
1.153629226e+000 1.960070537e+000 
1.182554286e+000 1.967332383e+000 
1.154394621e+000 1.960287567e+000 
1.100460461e+000 1.938635360e+000 
1.102931326e+000 1.940176817e+000 
1.100932169e+000 1.939060538e+000 
1.173773962e+000 1.965456698e+000 
1.102870874e+000 1.939994466e+000 
1.137177138e+000 1.955053378e+000 
1.170440520e+000 1.964010049e+000 
1.165540008e+000 1.963294655e+000 
1.172239295e+000 1.965069635e+000 
1.162812442e+000 1.962432202e+000 
1.192491981e+000 1.969177926e+000 
1.166571592e+000 1.963498123e+000 
1.163808335e+000 1.962721678e+000 
1.170126024e+000 1.963899484e+000 
1.166914503e+000 1.963575022e+000 
1.166000622e+000 1.963496053e+000 
1.004247001e+000 1.002445671e+000 
1.004277938e+000 1.002449960e+000 
1.004338578e+000 1.002450745e+000 
1.005157698e+000 1.002935238e+000 
1.004592733e+000 1.002790303e+000 
1.004737323e+000 1.002847405e+000 
1.005096052e+000 1.002933228e+000 
1.005474951e+000 1.002983914e+000 
1.005214328e+000 1.002941208e+000 
1.005654594e+000 1.003020177e+000 
1.005275974e+000 1.002943219e+000 
1.000000000e+000 1.000038421e+000 
1.000360910e+000 1.000041749e+000 
1.000407389e+000 1.000043080e+000 
1.000182822e+000 1.000039565e+000 
1.000137396e+000 1.000039472e+000 
1.000588834e+000 1.000045148e+000 
1.000476206e+000 1.000043915e+000 
1.000543476e+000 1.000044604e+000 
1.000383478e+000 1.000042332e+000 
1.000873672e+000 1.000047070e+000 
1.001835657e+000 1.000051024e+000 
1.001891249e+000 1.000051135e+000 
1.001027916e+000 1.000048190e+000 
1.001182669e+000 1.000048395e+000 
1.001154516e+000 1.000048233e+000 
1.000921462e+000 1.000047080e+000 
1.030672760e+000 1.164126440e+000 
1.030997407e+000 1.164491816e+000 
1.027883092e+000 1.160075044e+000 
1.028226379e+000 1.160287633e+000 
1.028296656e+000 1.160815360e+000 
1.028432526e+000 1.160908560e+000 
1.027732288e+000 1.158930616e+000 
1.028090509e+000 1.160194433e+000 
1.027759916e+000 1.159375415e+000 
1.030409953e+000 1.163928811e+000 
1.029134599e+000 1.162060653e+000 
1.029676479e+000 1.162934052e+000 
1.028861642e+000 1.161524469e+000 
1.031223214e+000 1.164658383e+000 
1.029553303e+000 1.162234422e+000 
1.030908826e+000 1.164307468e+000 
1.031087344e+000 1.164565183e+000 
1.006663597e+000 1.003627466e+000 
1.006373756e+000 1.003592185e+000 
1.005970248e+000 1.003535808e+000 
1.005657818e+000 1.003450241e+000 
1.006466837e+000 1.003624220e+000 
1.006529397e+000 1.003625380e+000 
1.006742879e+000 1.003630366e+000 
1.006846249e+000 1.003673639e+000 
1.006450816e+000 1.003623522e+000 
1.005868030e+000 1.003495980e+000 
1.006079051e+000 1.003540603e+000 
1.006259851e+000 1.003582289e+000 
1.006181269e+000 1.003580431e+000 
1.006000469e+000 1.003538745e+000 
1.005752995e+000 1.003451703e+000 
1.005789448e+000 1.003494122e+000 
1.034634640e+000 1.404963042e+000 
1.036197606e+000 1.406946134e+000 
1.034180516e+000 1.403281323e+000 
1.038324332e+000 1.409728231e+000 
1.038785920e+000 1.410574798e+000 
1.033733412e+000 1.402223714e+000 
1.032305039e+000 1.399336657e+000 
1.039542077e+000 1.411646683e+000 
1.039437829e+000 1.411409653e+000 
1.036336359e+000 1.407305651e+000 
1.038623352e+000 1.410103352e+000 
1.037655877e+000 1.408929654e+000 
1.034926484e+000 1.405201169e+000 
1.033790802e+000 1.402409288e+000 
1.034123126e+000 1.403095749e+000 
1.032483801e+000 1.399950943e+000 
1.036285674e+000 1.407063506e+000 
1.035350755e+000 1.405377334e+000 
1.033151889e+000 1.400905457e+000 
1.031530676e+000 1.397718636e+000 
1.037438170e+000 1.408583468e+000 
1.038070326e+000 1.409454470e+000 
1.037389600e+000 1.408494130e+000 
1.031319725e+000 1.397460887e+000 
1.036788191e+000 1.407677931e+000 
1.038450298e+000 1.409799399e+000 
1.038749319e+000 1.410174520e+000 
1.033408217e+000 1.401400123e+000 
1.033202043e+000 1.400935085e+000 
1.032067757e+000 1.398761262e+000 
1.016205530e+000 1.030128337e+000 
1.016383837e+000 1.030212242e+000 
1.015431117e+000 1.029077368e+000 
1.015093806e+000 1.028543306e+000 
1.015669787e+000 1.029445726e+000 
1.016140320e+000 1.029860764e+000 
1.247744279e+000 1.985844604e+000 
1.295185323e+000 1.993688847e+000 
1.276662926e+000 1.991012861e+000 
1.208985413e+000 1.973684002e+000 
1.281198021e+000 1.991715080e+000 
1.222858734e+000 1.979374265e+000 
1.294264706e+000 1.993613790e+000 
1.319074723e+000 1.995814479e+000 
1.372151395e+000 1.998660052e+000 
1.250994791e+000 1.986440375e+000 
1.274186172e+000 1.990867582e+000 
1.302381758e+000 1.994315105e+000 
1.251558897e+000 1.986731282e+000 
1.224008287e+000 1.979976482e+000 
1.217531562e+000 1.977223582e+000 
1.264970146e+000 1.989279277e+000 
1.269174704e+000 1.990041209e+000 
1.264220078e+000 1.989155876e+000 
1.286806189e+000 1.992420392e+000 
1.272560853e+000 1.990438599e+000 
1.270045675e+000 1.990249950e+000 
1.220857968e+000 1.978518160e+000 
1.258890328e+000 1.988414337e+000 
1.320543230e+000 1.996088106e+000 
1.287403777e+000 1.992774826e+000 
1.321696571e+000 1.996206999e+000 
1.260978379e+000 1.988522378e+000 
1.260057763e+000 1.988447320e+000 
1.223665694e+000 1.979674202e+000 
1.243310517e+000 1.984749188e+000 
1.263446254e+000 1.989001791e+000 
1.283381421e+000 1.992232251e+000 
1.288324394e+000 1.992849883e+000 
1.267691991e+000 1.989725812e+000 
1.212273046e+000 1.975060954e+000 
1.247603582e+000 1.985657376e+000 
1.220326681e+000 1.978351154e+000 
1.221745888e+000 1.978908612e+000 
1.218367614e+000 1.977513947e+000 
1.219247873e+000 1.978069213e+000 
1.299069725e+000 1.994041281e+000 
1.233325031e+000 1.982017759e+000 
1.297593519e+000 1.993922073e+000 
1.222161593e+000 1.979079803e+000 
1.424587798e+000 1.999608132e+000 
1.268899845e+000 1.990020807e+000 
1.321911879e+000 1.996283375e+000 
1.269279166e+000 1.990095864e+000 
1.272090956e+000 1.990422318e+000 
1.261103395e+000 1.988584946e+000 
1.305375065e+000 1.994838211e+000 
1.273994952e+000 1.990720022e+000 
1.316921828e+000 1.995647853e+000 
1.215256867e+000 1.976113371e+000 
1.239069062e+000 1.983742682e+000 
1.270586970e+000 1.990252018e+000 
1.321121124e+000 1.996206902e+000 
1.222428414e+000 1.979301552e+000 
1.213575727e+000 1.975465100e+000 
1.239683677e+000 1.983854277e+000 
1.223460099e+000 1.979498321e+000 
1.230834595e+000 1.981664025e+000 
1.213297125e+000 1.975363234e+000 
1.429493261e+000 1.999638650e+000 
1.229793831e+000 1.981468420e+000 
1.229905134e+000 1.981495176e+000 
1.224408145e+000 1.980079234e+000 
1.241982892e+000 1.984426266e+000 
1.230467946e+000 1.981550253e+000 
1.231456048e+000 1.981677479e+000 
1.268498377e+000 1.989877016e+000 
1.243771623e+000 1.984821224e+000 
1.262532954e+000 1.988928891e+000 
1.304454448e+000 1.994761036e+000 
1.314169218e+000 1.995327941e+000 
1.230603651e+000 1.981659181e+000 
1.216602263e+000 1.976515137e+000 
1.217133753e+000 1.976754078e+000 
1.316478260e+000 1.995644951e+000 
1.278594195e+000 1.991479401e+000 
1.306122348e+000 1.994838480e+000 
1.207938154e+000 1.973216465e+000 
1.235899084e+000 1.983140098e+000 
1.234286630e+000 1.982628939e+000 
1.208864156e+000 1.973683116e+000 
1.210669994e+000 1.974222829e+000 
1.241062276e+000 1.984351209e+000 
1.214175274e+000 1.975777165e+000 
1.213126333e+000 1.975256763e+000 
1.225925386e+000 1.980339715e+000 
1.214991618e+000 1.976029302e+000 
1.323362159e+000 1.996406334e+000 
1.307181983e+000 1.994839664e+000 
1.276539413e+000 1.990917647e+000 
1.279514812e+000 1.991554458e+000 
1.258687234e+000 1.988010157e+000 
1.211769794e+000 1.974801890e+000 
1.209154808e+000 1.973841130e+000 
1.338088647e+000 1.997136220e+000 
1.270920230e+000 1.990403206e+000 
1.254555879e+000 1.987126151e+000 
1.309240257e+000 1.995196899e+000 
1.333629532e+000 1.996951038e+000 
1.217158057e+000 1.976887787e+000 
1.255165239e+000 1.987304126e+000 
1.243104714e+000 1.984685639e+000 
1.234185243e+000 1.982610357e+000 
1.253442237e+000 1.986842301e+000 
1.272036973e+000 1.990403303e+000 
1.208842576e+000 1.973265431e+000 
1.307570603e+000 1.994891072e+000 
1.256799434e+000 1.987519935e+000 
1.338879401e+000 1.997212581e+000 
1.212151790e+000 1.975060067e+000 
1.253652525e+000 1.986894544e+000 
1.291037508e+000 1.993071214e+000 
1.237284297e+000 1.983435966e+000 
1.236508444e+000 1.983318073e+000 
1.310919496e+000 1.995208769e+000 
1.457001948e+000 1.999859470e+000 
1.292551057e+000 1.993396911e+000 
1.209964173e+000 1.974213205e+000 
1.221772340e+000 1.978948706e+000 
1.225470782e+000 1.980083473e+000 
1.330925980e+000 1.996700995e+000 
1.371869812e+000 1.998602355e+000 
1.211273587e+000 1.974623358e+000 
1.217098536e+000 1.976530866e+000 
1.326466377e+000 1.996463909e+000 
1.311435795e+000 1.995251716e+000 
1.213259949e+000 1.975312563e+000 
1.300402000e+000 1.994308031e+000 
1.234930483e+000 1.982743068e+000 
1.233784494e+000 1.982371065e+000 
1.209419950e+000 1.974055766e+000 
1.291916914e+000 1.993307698e+000 
1.277030330e+000 1.991193272e+000 
1.315320663e+000 1.995592572e+000 
1.293471673e+000 1.993472017e+000 
1.306407600e+000 1.994838559e+000 
1.302905059e+000 1.994458052e+000 
1.328762610e+000 1.996591281e+000 
1.214005427e+000 1.975627659e+000 
1.281896050e+000 1.991879060e+000 
1.228388167e+000 1.981110335e+000 
1.308848075e+000 1.994996066e+000 
1.331026779e+000 1.996727955e+000 
1.215867130e+000 1.976502884e+000 
1.260985656e+000 1.988553800e+000 
1.237457057e+000 1.983491873e+000 
1.234639113e+000 1.982722497e+000 
1.227414244e+000 1.980790431e+000 
1.257884836e+000 1.987813051e+000 
1.262367353e+000 1.988757268e+000 
1.237886756e+000 1.983654433e+000 
1.225990307e+000 1.980383241e+000 
1.421516574e+000 1.999548548e+000 
1.357742044e+000 1.998260658e+000 
1.235068813e+000 1.982885057e+000 
1.227843944e+000 1.980950833e+000 
1.333511975e+000 1.996834332e+000 
1.223258467e+000 1.979378940e+000 
1.282754150e+000 1.991928842e+000 
1.281043262e+000 1.991610150e+000 
1.330556994e+000 1.996690873e+000 
1.207327971e+000 1.972759300e+000 
1.346699966e+000 1.997555472e+000 
1.296878110e+000 1.993740765e+000 
1.323057088e+000 1.996300985e+000 
1.419832107e+000 1.999514992e+000 
1.368452551e+000 1.998522255e+000 
1.254182101e+000 1.986964495e+000 
1.286023578e+000 1.992388146e+000 
1.344032056e+000 1.997470624e+000 
1.335582683e+000 1.997028740e+000 
1.389461213e+000 1.999047474e+000 
1.332241924e+000 1.996803623e+000 
1.318169270e+000 1.995780334e+000 
1.319828476e+000 1.996046062e+000 
1.303065864e+000 1.994475991e+000 
1.317068567e+000 1.995774704e+000 
1.231969075e+000 1.981916150e+000 
1.256098077e+000 1.987388213e+000 
1.227337114e+000 1.980734443e+000 
1.289667745e+000 1.992925219e+000 
1.463580596e+000 1.999885264e+000 
1.489478290e+000 1.999998394e+000 
1.391399221e+000 1.999092842e+000 
1.285458924e+000 1.992285104e+000 
1.297349259e+000 1.993771299e+000 
1.456137062e+000 1.999846224e+000 
1.419940236e+000 1.999533444e+000 
1.368054181e+000 1.998500115e+000 
1.334550148e+000 1.997026078e+000 
1.470198723e+000 1.999886728e+000 
1.264949344e+000 1.989197790e+000 
1.348020385e+000 1.997678018e+000 
1.346791239e+000 1.997569918e+000 
1.242875024e+000 1.984681881e+000 
1.266867664e+000 1.989652201e+000 
1.489681216e+000 2.000000000e+000 
1.262517526e+000 1.988811951e+000 
1.262336700e+000 1.988722437e+000 
1.384721609e+000 1.998921130e+000 
1.362774108e+000 1.998355053e+000 
1.360099280e+000 1.998287842e+000 
1.385362244e+000 1.998923793e+000 
1.357145000e+000 1.998163590e+000 
1.273406231e+000 1.990638507e+000 
1.330038974e+000 1.996629958e+000 
1.487724294e+000 1.999986578e+000 
1.387571689e+000 1.998994498e+000 
1.414785574e+000 1.999492886e+000 
1.241886145e+000 1.984381782e+000 
1.387456018e+000 1.998987205e+000 
1.365168107e+000 1.998483391e+000 
1.341427954e+000 1.997254989e+000 
1.246105738e+000 1.985260089e+000 
1.246126395e+000 1.985329251e+000 
1.379641368e+000 1.998758738e+000 
1.381726487e+000 1.998796355e+000 
1.472639443e+000 1.999912359e+000 
1.479291925e+000 1.999948229e+000 
1.374319924e+000 1.998691219e+000 
1.484492050e+000 1.999970168e+000 
1.409235790e+000 1.999424357e+000 
1.380240979e+000 1.998795733e+000 
1.380207566e+000 1.998771334e+000 
1.370653920e+000 1.998546244e+000 
1.448950925e+000 1.999777138e+000 
1.397681798e+000 1.999321060e+000 
1.406635877e+000 1.999418619e+000 
1.446260637e+000 1.999734761e+000 
1.246394439e+000 1.985478703e+000 
1.478089759e+000 1.999948151e+000 
1.475138030e+000 1.999942938e+000 
1.248161815e+000 1.985904636e+000 
1.246859287e+000 1.985538686e+000 
1.370302789e+000 1.998522661e+000 
1.251297112e+000 1.986507474e+000 
1.250866792e+000 1.986438512e+000 
1.401080053e+000 1.999368380e+000 
1.459032338e+000 1.999865473e+000 
1.410139595e+000 1.999455564e+000 
1.245250574e+000 1.985214649e+000 
1.404306760e+000 1.999417806e+000 
1.342020710e+000 1.997348525e+000 
1.353391924e+000 1.997881261e+000 
1.452885599e+000 1.999831260e+000 
1.447318698e+000 1.999758308e+000 
1.353329829e+000 1.997822309e+000 
1.354366323e+000 1.998074356e+000 
1.350520625e+000 1.997803317e+000 
1.401142048e+000 1.999373633e+000 
1.343409674e+000 1.997379813e+000 
1.364357477e+000 1.998406519e+000 
1.444647361e+000 1.999705143e+000 
1.445518075e+000 1.999708162e+000 
1.418990750e+000 1.999509977e+000 
1.449829945e+000 1.999789194e+000 
1.440931317e+000 1.999693234e+000 
1.421329963e+000 1.999539764e+000 
1.413289543e+000 1.999481538e+000 
1.395613896e+000 1.999176230e+000 
1.392781143e+000 1.999135421e+000 
1.392843882e+000 1.999137472e+000 
1.395856872e+000 1.999182782e+000 
1.387789033e+000 1.999040353e+000 

