1.000175934e+000 1.124016828e+000 
1.000563060e+000 1.125438853e+000 
1.000464215e+000 1.124981988e+000 
1.000208355e+000 1.124914279e+000 
1.000149195e+000 1.047845549e+000 
1.000683422e+000 1.635415062e+000 
1.010788824e+000 1.907464818e+000 
1.026702371e+000 1.926095105e+000 
1.073662150e+000 1.954667390e+000 
1.046784228e+000 1.940823855e+000 
1.046878728e+000 1.941167810e+000 
1.092058261e+000 1.963224234e+000 
1.030589188e+000 1.929366782e+000 
1.003996863e+000 1.896165813e+000 
1.065560145e+000 1.950696478e+000 
1.032691289e+000 1.931690072e+000 
1.124458460e+000 1.973270641e+000 
1.015311814e+000 1.913473411e+000 
1.085366302e+000 1.960058949e+000 
1.003008425e+000 1.893938373e+000 
1.062684663e+000 1.949187870e+000 
1.062044643e+000 1.948543666e+000 
1.031919261e+000 1.930793738e+000 
1.133439455e+000 1.975963083e+000 
1.090941471e+000 1.962668873e+000 
1.034139524e+000 1.932724339e+000 
1.014009423e+000 1.912023752e+000 
1.078871633e+000 1.957060851e+000 
1.084446802e+000 1.959670775e+000 
1.002187208e+000 1.892207777e+000 
1.070470256e+000 1.953016952e+000 
1.004540183e+000 1.897355977e+000 
1.062368251e+000 1.949046039e+000 
1.027765826e+000 1.926860027e+000 
1.008194924e+000 1.903603838e+000 
1.039557486e+000 1.936894780e+000 
1.013597483e+000 1.911410363e+000 
1.000777148e+000 1.883430734e+000 
1.022589321e+000 1.922210131e+000 
1.038704783e+000 1.936036935e+000 
1.045375074e+000 1.940058115e+000 
1.012392999e+000 1.909875318e+000 
1.012804940e+000 1.910488707e+000 
1.006090105e+000 1.900863196e+000 
1.023226454e+000 1.922881616e+000 
1.001718202e+000 1.890312110e+000 
1.001899819e+000 1.890473768e+000 
1.007010521e+000 1.902198137e+000 
1.010214055e+000 1.907043750e+000 
1.012130344e+000 1.909509569e+000 
1.005759766e+000 1.899860782e+000 
1.001596639e+000 1.889981824e+000 
1.072054814e+000 1.953693840e+000 
1.013823668e+000 1.911755320e+000 
1.001131853e+000 1.887387642e+000 
1.011246276e+000 1.908203699e+000 
1.131984157e+000 1.975575866e+000 
1.013334828e+000 1.911044239e+000 
1.010680093e+000 1.907414233e+000 
1.014839687e+000 1.912780930e+000 
1.015974151e+000 1.914244767e+000 
1.015448374e+000 1.913685542e+000 
1.014769667e+000 1.912709722e+000 
1.090355796e+000 1.961687801e+000 
1.063326357e+000 1.949243472e+000 
1.005382676e+000 1.898878373e+000 
1.076230678e+000 1.955887637e+000 
1.005582370e+000 1.899694518e+000 
1.006833125e+000 1.902031873e+000 
1.001309249e+000 1.888064711e+000 
1.081273609e+000 1.958218091e+000 
1.090560074e+000 1.961813684e+000 
1.007643066e+000 1.902974768e+000 
1.023334137e+000 1.922909934e+000 
1.024784675e+000 1.923839114e+000 
1.001037799e+000 1.886726087e+000 
1.003214449e+000 1.894678793e+000 
1.002801469e+000 1.893543639e+000 
1.076045425e+000 1.955626876e+000 
1.031877748e+000 1.930761160e+000 
1.032649776e+000 1.931657494e+000 
1.026548475e+000 1.925571507e+000 
1.003662039e+000 1.895569204e+000 
1.006496933e+000 1.900988947e+000 
1.003928102e+000 1.895720440e+000 
1.005836555e+000 1.899936653e+000 
1.109093845e+000 1.968932802e+000 
1.004246085e+000 1.896981958e+000 
1.080156819e+000 1.957664753e+000 
1.005496840e+000 1.899319313e+000 
1.090823834e+000 1.961905668e+000 
1.035249896e+000 1.933045756e+000 
1.087316816e+000 1.961039688e+000 
1.085731988e+000 1.960274677e+000 
1.082229422e+000 1.958776596e+000 
1.002619852e+000 1.893381978e+000 
1.080644594e+000 1.958011585e+000 
1.075069425e+000 1.955401661e+000 
1.054147346e+000 1.944762287e+000 
1.003385515e+000 1.894763753e+000 
1.007087310e+000 1.902274008e+000 
1.130480545e+000 1.974522482e+000 
1.008725778e+000 1.904489527e+000 
1.006087216e+000 1.900613795e+000 
1.009127519e+000 1.905447570e+000 
1.007486832e+000 1.902924459e+000 
1.010904874e+000 1.907496160e+000 
1.008367030e+000 1.904360656e+000 
1.003203899e+000 1.894643416e+000 
1.002111108e+000 1.891172144e+000 
1.010526901e+000 1.907108491e+000 
1.061092350e+000 1.948281090e+000 
1.007647654e+000 1.903493280e+000 
1.060874048e+000 1.948204486e+000 
1.073978562e+000 1.954757132e+000 
1.079553731e+000 1.957367057e+000 
1.065030498e+000 1.950322699e+000 
1.015262619e+000 1.913417109e+000 
1.061179220e+000 1.948343685e+000 
1.077606752e+000 1.956198323e+000 
1.005966722e+000 1.900248580e+000 
1.048430643e+000 1.942027221e+000 
1.059680755e+000 1.947695433e+000 
1.003592472e+000 1.895158488e+000 
1.078588089e+000 1.956501197e+000 
1.002567729e+000 1.892222489e+000 
1.036110183e+000 1.934215509e+000 
1.066967421e+000 1.951430748e+000 
1.031080317e+000 1.929972479e+000 
1.019395281e+000 1.918491897e+000 
1.016742483e+000 1.915353037e+000 
1.073500696e+000 1.954238105e+000 
1.067043510e+000 1.951850029e+000 
1.003140681e+000 1.893949785e+000 
1.061277388e+000 1.948453599e+000 
1.066852557e+000 1.951063524e+000 
1.026506962e+000 1.925538929e+000 
1.064469282e+000 1.950104038e+000 
1.026656157e+000 1.925619499e+000 
1.068222392e+000 1.951972402e+000 
1.021375233e+000 1.920834081e+000 
1.057339240e+000 1.946412726e+000 
1.043909514e+000 1.939010045e+000 
1.071451726e+000 1.953448233e+000 
1.065876557e+000 1.950838308e+000 
1.070044451e+000 1.952713962e+000 
1.062643150e+000 1.949155292e+000 
1.058746516e+000 1.947146996e+000 
1.044777085e+000 1.939677114e+000 
1.054422245e+000 1.944869502e+000 
1.053014970e+000 1.944135232e+000 
1.058218348e+000 1.946989414e+000 
1.056248377e+000 1.945818248e+000 
1.017689231e+000 1.916150187e+000 
1.013143862e+000 1.910866386e+000 
1.025529175e+000 1.924660184e+000 
1.036784556e+000 1.934575339e+000 
1.049829992e+000 1.942377279e+000 
1.021416746e+000 1.920866659e+000 
1.050855593e+000 1.942892392e+000 
1.011624249e+000 1.908387419e+000 
1.030024392e+000 1.928954386e+000 
1.040923249e+000 1.937596472e+000 
1.021815212e+000 1.921542215e+000 
1.040074156e+000 1.936895516e+000 
1.030771289e+000 1.929446379e+000 
1.035400842e+000 1.933092249e+000 
1.034098011e+000 1.932691761e+000 
1.035697744e+000 1.933505102e+000 
1.029982879e+000 1.928921808e+000 
1.027192717e+000 1.926233984e+000 
1.026340014e+000 1.925439630e+000 
1.030325191e+000 1.929059844e+000 
1.030474386e+000 1.929140738e+000 
1.053353732e+000 1.944221140e+000 
1.052839283e+000 1.943775567e+000 
1.039515973e+000 1.936862202e+000 
1.045788228e+000 1.940206157e+000 
1.036038255e+000 1.933873141e+000 
1.039221453e+000 1.936037671e+000 
1.025846329e+000 1.924722907e+000 
1.041896677e+000 1.937687374e+000 
1.038663270e+000 1.936004357e+000 
1.033801108e+000 1.932278908e+000 
1.028260592e+000 1.927104787e+000 
1.042749380e+000 1.938545219e+000 
1.021773699e+000 1.921509637e+000 
1.021298444e+000 1.920764470e+000 
1.022331882e+000 1.921542951e+000 
1.044156655e+000 1.939279489e+000 
1.018087698e+000 1.916852925e+000 
1.018363078e+000 1.917287452e+000 
1.019092307e+000 1.918077330e+000 
1.017964612e+000 1.916617903e+000 
1.016516298e+000 1.915008081e+000 
1.012720930e+000 1.910024801e+000 
1.011241065e+000 1.908070511e+000 
1.019169096e+000 1.918146940e+000 
1.017765662e+000 1.916412204e+000 
1.015036433e+000 1.913072153e+000 
1.019567562e+000 1.918822497e+000 
1.089384793e+000 1.961509993e+000 
1.050428910e+000 1.942623443e+000 
9.999999998e-001 1.024947489e+000 
1.000136151e+000 1.024957732e+000 
1.143995551e+000 1.978105552e+000 
1.185712510e+000 1.986478782e+000 
1.300925111e+000 1.997459837e+000 
1.175811341e+000 1.984992775e+000 
1.313939080e+000 1.997758214e+000 
1.284373245e+000 1.996980314e+000 
1.306274647e+000 1.997477787e+000 
1.105625510e+000 1.967114543e+000 
1.174981330e+000 1.984504874e+000 
1.357536120e+000 1.998741059e+000 
1.164095090e+000 1.982679348e+000 
1.166474470e+000 1.982720220e+000 
1.395841612e+000 1.999015003e+000 
1.572161721e+000 2.000000000e+000 
1.510982961e+000 1.999824420e+000 
1.179408849e+000 1.985377468e+000 
1.403506045e+000 1.999292873e+000 
1.199599189e+000 1.988413727e+000 
1.386247953e+000 1.998981500e+000 
1.112163183e+000 1.969200086e+000 
1.296680987e+000 1.997447547e+000 
1.115186427e+000 1.970560014e+000 
1.277539472e+000 1.996513592e+000 
1.285135892e+000 1.997004878e+000 
1.219986334e+000 1.991333884e+000 
1.180393920e+000 1.985706346e+000 
1.274455763e+000 1.996460023e+000 
1.210085165e+000 1.989847878e+000 
1.116805650e+000 1.971410362e+000 
1.283474876e+000 1.996845963e+000 
1.145091340e+000 1.978575938e+000 
1.208730237e+000 1.989572144e+000 
1.244119423e+000 1.993955699e+000 
1.275218410e+000 1.996484588e+000 
1.481414183e+000 1.999774243e+000 
1.279512977e+000 1.996524408e+000 
1.182988575e+000 1.986006903e+000 
1.242542601e+000 1.993813990e+000 
1.133305364e+000 1.975640168e+000 
1.273316872e+000 1.996152030e+000 
1.162691686e+000 1.982334066e+000 
1.281791114e+000 1.996771593e+000 
1.127892774e+000 1.974418858e+000 
1.258085538e+000 1.995221113e+000 
1.115578142e+000 1.970852958e+000 
1.119501506e+000 1.972110959e+000 
1.177781458e+000 1.985360565e+000 
1.266289534e+000 1.995817184e+000 
1.150179374e+000 1.979597993e+000 
1.150474550e+000 1.980687706e+000 
1.227706169e+000 1.992375606e+000 
1.273825217e+000 1.996283906e+000 
1.155887140e+000 1.981900089e+000 
1.548888092e+000 1.999942031e+000 
1.171769400e+000 1.984150126e+000 
1.208756325e+000 1.989764225e+000 
1.188438087e+000 1.987138485e+000 
1.461873061e+000 1.999659669e+000 
1.130768701e+000 1.975166715e+000 
1.223734890e+000 1.991848968e+000 
1.253760637e+000 1.994487155e+000 
1.190295089e+000 1.987192352e+000 
1.145023259e+000 1.978472164e+000 
1.376408457e+000 1.998873224e+000 
1.119047271e+000 1.972043924e+000 
1.118862435e+000 1.971977742e+000 
1.191568671e+000 1.987582027e+000 
1.092041092e+000 1.963171857e+000 
1.212457065e+000 1.990983512e+000 
1.159345941e+000 1.982060080e+000 
1.124275025e+000 1.973206433e+000 
1.266045854e+000 1.995730879e+000 
1.145632400e+000 1.979077593e+000 
1.094095131e+000 1.963772104e+000 
1.095779620e+000 1.964363676e+000 
1.250463275e+000 1.994201063e+000 
1.561029423e+000 1.999945800e+000 
1.173789499e+000 1.984385410e+000 
1.211005881e+000 1.989874181e+000 
1.243356403e+000 1.993939338e+000 
1.255589237e+000 1.994935493e+000 
1.231622377e+000 1.992430768e+000 
1.227744638e+000 1.992415269e+000 
1.104869098e+000 1.966861677e+000 
1.130953537e+000 1.975232897e+000 
1.124884166e+000 1.973795554e+000 
1.234307727e+000 1.992813963e+000 
1.218657494e+000 1.991250231e+000 
1.170901574e+000 1.983958651e+000 
1.233533490e+000 1.992752785e+000 
1.126481802e+000 1.974118236e+000 
1.139610669e+000 1.977259781e+000 
1.100092728e+000 1.966014108e+000 
1.425492267e+000 1.999421917e+000 
1.296062503e+000 1.997021677e+000 
1.196025672e+000 1.988002485e+000 
1.112382339e+000 1.970338635e+000 
1.112836574e+000 1.970394230e+000 
1.146726420e+000 1.979413168e+000 
1.145447564e+000 1.979011411e+000 
1.126027566e+000 1.974073886e+000 
1.220907050e+000 1.991360188e+000 
1.237320303e+000 1.992940280e+000 
1.221317715e+000 1.991361230e+000 
1.177489213e+000 1.985183699e+000 
1.155308922e+000 1.980930688e+000 
1.245347079e+000 1.994034762e+000 
1.216821546e+000 1.991048432e+000 
1.158095699e+000 1.981950375e+000 
1.166606707e+000 1.983475014e+000 
1.153881667e+000 1.980708595e+000 
1.260606415e+000 1.995542548e+000 
1.161194117e+000 1.982262631e+000 
1.291774507e+000 1.997015694e+000 
1.141090612e+000 1.977853412e+000 
1.135021240e+000 1.976416070e+000 
1.165304148e+000 1.982690997e+000 
1.263742522e+000 1.995575688e+000 
1.114097781e+000 1.970476713e+000 
1.176376857e+000 1.984993929e+000 
1.150300871e+000 1.979605311e+000 
1.202824767e+000 1.989343767e+000 
1.093131956e+000 1.963535189e+000 
1.197412177e+000 1.988131875e+000 
1.561681195e+000 1.999946553e+000 
1.227257696e+000 1.992010417e+000 
1.166559133e+000 1.983203206e+000 
1.200943274e+000 1.988944318e+000 
1.181891489e+000 1.985767910e+000 
1.140626326e+000 1.977744721e+000 
1.140248995e+000 1.977571087e+000 
1.095600734e+000 1.964251402e+000 
1.202508598e+000 1.989167357e+000 
1.201469840e+000 1.989068033e+000 
1.199727380e+000 1.988645339e+000 
1.105653466e+000 1.967555177e+000 
1.093818673e+000 1.963544615e+000 
1.424008226e+000 1.999328810e+000 
1.084290141e+000 1.959367964e+000 
1.241428143e+000 1.993453877e+000 
1.434226736e+000 1.999578596e+000 
1.447082008e+000 1.999644555e+000 
1.140905776e+000 1.977787230e+000 
1.101300889e+000 1.966853190e+000 
1.091856256e+000 1.963105675e+000 
1.094938638e+000 1.964250268e+000 
1.164216462e+000 1.982686397e+000 
1.092947119e+000 1.963469007e+000 
1.096143122e+000 1.965211974e+000 
1.194752542e+000 1.987889889e+000 
1.124134437e+000 1.973011174e+000 
1.122017496e+000 1.972930064e+000 
1.133894696e+000 1.976020804e+000 
1.315885832e+000 1.997933186e+000 
1.139964068e+000 1.977458147e+000 
1.140364907e+000 1.977618667e+000 
1.270720597e+000 1.996054785e+000 
1.107649863e+000 1.968790555e+000 
1.083504292e+000 1.958820326e+000 
1.127388833e+000 1.974267216e+000 
1.142968549e+000 1.978047761e+000 
1.088444707e+000 1.961356908e+000 
1.107099470e+000 1.968279218e+000 
1.108783959e+000 1.968873653e+000 
1.371418778e+000 1.998848430e+000 
1.109957969e+000 1.969186997e+000 
1.111115274e+000 1.969199833e+000 
1.369014187e+000 1.998753847e+000 
1.398227064e+000 1.999110340e+000 
1.100649786e+000 1.966415068e+000 
1.368162524e+000 1.998748323e+000 
1.384710884e+000 1.998918672e+000 
1.144458376e+000 1.978184379e+000 
1.249918497e+000 1.994044215e+000 
1.096137365e+000 1.964546627e+000 
1.099128021e+000 1.965767173e+000 
1.089323647e+000 1.961427124e+000 
1.253117962e+000 1.994384189e+000 
1.347815245e+000 1.998454437e+000 
1.329498792e+000 1.998149735e+000 
1.089240682e+000 1.961414382e+000 
1.253114454e+000 1.994329021e+000 
1.106681025e+000 1.967874945e+000 
1.330920788e+000 1.998151295e+000 
1.313461862e+000 1.997736622e+000 
1.323778853e+000 1.998132572e+000 
1.351158895e+000 1.998595668e+000 
1.346005593e+000 1.998419076e+000 
1.307063054e+000 1.997557438e+000 
1.534524565e+000 1.999849670e+000 
1.338011821e+000 1.998359374e+000 
1.320630995e+000 1.998022689e+000 
1.332760247e+000 1.998258982e+000 
1.334061915e+000 1.998320813e+000 
1.547251986e+000 1.999850205e+000 
1.296658550e+000 1.997086102e+000 

