1.036850229e+000 1.177454997e+000 
1.000000000e+000 1.000000000e+000 
1.015217444e+000 1.046362914e+000 
1.017198078e+000 1.049402526e+000 
1.020421041e+000 1.052377270e+000 
1.019659560e+000 1.051800236e+000 
1.021615483e+000 1.052907211e+000 
1.016973005e+000 1.048957544e+000 
1.035001682e+000 1.060907339e+000 
1.035669581e+000 1.061283693e+000 
1.017819654e+000 1.050037692e+000 
1.019079725e+000 1.051363851e+000 
1.028312513e+000 1.056938836e+000 
1.031134768e+000 1.058743219e+000 
1.030075547e+000 1.058187261e+000 
1.021611564e+000 1.052827181e+000 
1.030764707e+000 1.058653031e+000 
1.022850518e+000 1.053910788e+000 
1.024280596e+000 1.054904034e+000 
1.020133761e+000 1.052173552e+000 
1.016725231e+000 1.048324404e+000 
1.016580245e+000 1.048323009e+000 
1.019257423e+000 1.051595665e+000 
1.023589321e+000 1.054409790e+000 
1.017753713e+000 1.049940266e+000 
1.019013784e+000 1.051266425e+000 
1.020355101e+000 1.052279844e+000 
1.030209796e+000 1.058255273e+000 
1.016465389e+000 1.048322155e+000 
1.015974643e+000 1.047531906e+000 
1.034114275e+000 1.060436418e+000 
1.029419218e+000 1.057820906e+000 
1.028464359e+000 1.057230430e+000 
1.034751288e+000 1.060870597e+000 
1.032574672e+000 1.059588253e+000 
1.016458511e+000 1.048293284e+000 
1.032769648e+000 1.059662244e+000 
1.015136547e+000 1.046060665e+000 
1.029552636e+000 1.058041755e+000 
1.027822907e+000 1.056799727e+000 
1.016255682e+000 1.047755544e+000 
1.015595162e+000 1.046938870e+000 
1.032857859e+000 1.059687495e+000 
1.023317925e+000 1.054037759e+000 
1.022619999e+000 1.053561315e+000 
1.025804720e+000 1.055518166e+000 
1.028920573e+000 1.057357533e+000 
1.004603279e+000 1.004237403e+000 
1.003706504e+000 1.003777015e+000 
1.003943598e+000 1.003992540e+000 
1.004930213e+000 1.004356504e+000 
1.004107992e+000 1.004055472e+000 
1.004337057e+000 1.004127142e+000 
1.003886396e+000 1.003890087e+000 
1.004110750e+000 1.004102430e+000 
1.004151194e+000 1.004110502e+000 
1.004221640e+000 1.004110613e+000 
1.004571936e+000 1.004184012e+000 
1.004706042e+000 1.004301720e+000 
1.005180897e+000 1.004428731e+000 
1.004067548e+000 1.004047400e+000 
1.004584468e+000 1.004232470e+000 
1.003613805e+000 1.003773747e+000 
1.003984043e+000 1.004000612e+000 
1.004489630e+000 1.004182262e+000 
1.003788907e+000 1.003887894e+000 
1.004746874e+000 1.004301891e+000 
1.004303768e+000 1.004111951e+000 
1.004644111e+000 1.004237574e+000 
1.004530463e+000 1.004182433e+000 
1.003897564e+000 1.003989706e+000 
1.003748463e+000 1.003879821e+000 
1.004889380e+000 1.004356333e+000 
1.005102949e+000 1.004412056e+000 
1.004449186e+000 1.004174190e+000 
1.004421658e+000 1.004167643e+000 
1.003891182e+000 1.003938102e+000 
1.004417416e+000 1.004167092e+000 
1.004646509e+000 1.004251424e+000 
1.005086717e+000 1.004401455e+000 
1.001712501e+000 1.000578281e+000 
1.001339589e+000 1.000538052e+000 
1.001900910e+000 1.000590894e+000 
1.001346865e+000 1.000545168e+000 
1.001570066e+000 1.000566207e+000 
1.001397899e+000 1.000551620e+000 
1.001847748e+000 1.000586075e+000 
1.001884428e+000 1.000590863e+000 
1.001597553e+000 1.000571934e+000 
1.001673203e+000 1.000577818e+000 
1.001530767e+000 1.000565843e+000 
1.001765984e+000 1.000582890e+000 
1.001450080e+000 1.000559161e+000 
1.001432749e+000 1.000558493e+000 
1.001620567e+000 1.000576677e+000 
1.037097124e+000 1.276765147e+000 
1.039484178e+000 1.282102358e+000 
1.039253284e+000 1.281579258e+000 
1.037572646e+000 1.278594043e+000 
1.038122173e+000 1.279700785e+000 
1.039813524e+000 1.282512696e+000 
1.038039844e+000 1.279413694e+000 
1.002812001e+000 1.002387699e+000 
1.003340149e+000 1.002441869e+000 
1.002880022e+000 1.002390372e+000 
1.002744457e+000 1.002366703e+000 
1.002693088e+000 1.002364033e+000 
1.002699199e+000 1.002364630e+000 
1.003127118e+000 1.002413843e+000 
1.003199752e+000 1.002436418e+000 
1.003129513e+000 1.002413867e+000 
1.002163226e+000 1.002246101e+000 
1.001975195e+000 1.002197638e+000 
1.002841706e+000 1.002388077e+000 
1.003005877e+000 1.002413801e+000 
1.003318485e+000 1.002439592e+000 
1.003589641e+000 1.002465364e+000 
1.003539307e+000 1.002465339e+000 
1.002080934e+000 1.002220774e+000 
1.003430205e+000 1.002462193e+000 
1.002306289e+000 1.002270523e+000 
1.002483132e+000 1.002315284e+000 
1.002580286e+000 1.002340979e+000 
1.002790337e+000 1.002385422e+000 
1.002304019e+000 1.002268242e+000 
1.002473199e+000 1.002313005e+000 
1.002329849e+000 1.002289404e+000 
1.002352073e+000 1.002293546e+000 
1.002473599e+000 1.002315129e+000 
1.002504081e+000 1.002336251e+000 
1.002290632e+000 1.002267846e+000 
1.003148383e+000 1.002433775e+000 
1.002596937e+000 1.002340985e+000 
1.002528917e+000 1.002338310e+000 
1.003594159e+000 1.002466559e+000 
1.003482656e+000 1.002465316e+000 
1.003216403e+000 1.002436445e+000 
1.002049094e+000 1.002216747e+000 
1.002954509e+000 1.002411146e+000 
1.002208324e+000 1.002267822e+000 
1.003022529e+000 1.002413819e+000 
1.002647830e+000 1.002361975e+000 
1.002858358e+000 1.002388095e+000 
1.002715851e+000 1.002364648e+000 
1.001954925e+000 1.002194778e+000 
1.002385167e+000 1.002312585e+000 
1.002126031e+000 1.002242495e+000 
1.001909827e+000 1.002173057e+000 
1.003308616e+000 1.002437707e+000 
1.002929498e+000 1.002406079e+000 
1.002494657e+000 1.002336154e+000 
1.013948399e+000 1.029180101e+000 
1.010614240e+000 1.026926547e+000 
1.010481921e+000 1.026863899e+000 
1.011490191e+000 1.027547119e+000 
1.014262968e+000 1.029216706e+000 
1.009811343e+000 1.026106703e+000 
1.009892150e+000 1.026144964e+000 
1.014407042e+000 1.029327222e+000 
1.012333998e+000 1.028070728e+000 
1.010797730e+000 1.026963327e+000 
1.012058390e+000 1.027830062e+000 
1.012581896e+000 1.028282677e+000 
1.012891435e+000 1.028528082e+000 
1.012643538e+000 1.028316133e+000 
1.011779244e+000 1.027730876e+000 
1.011327617e+000 1.027309928e+000 
1.012834140e+000 1.028375676e+000 
1.013782565e+000 1.028943776e+000 
1.042663791e+000 1.381705267e+000 
1.040573551e+000 1.377227265e+000 
1.041142604e+000 1.379362691e+000 
1.041731092e+000 1.380100438e+000 
1.041100037e+000 1.378727864e+000 
1.040943159e+000 1.378446043e+000 
1.040187859e+000 1.375715672e+000 
1.040030981e+000 1.375439374e+000 
1.000926481e+000 1.000084300e+000 
1.000779901e+000 1.000081605e+000 
1.000899420e+000 1.000084277e+000 
1.000890004e+000 1.000083158e+000 
1.000609332e+000 1.000077179e+000 
1.000600464e+000 1.000077097e+000 
1.000849940e+000 1.000083042e+000 
1.000665513e+000 1.000078606e+000 
1.000752840e+000 1.000081582e+000 
1.000733811e+000 1.000080360e+000 
1.000695124e+000 1.000080148e+000 
1.046198534e+000 1.524162045e+000 
1.046698947e+000 1.525070344e+000 
1.046862971e+000 1.525244387e+000 
1.045899626e+000 1.523457900e+000 
1.049728773e+000 1.529927995e+000 
1.043373904e+000 1.518568170e+000 
1.046098051e+000 1.523965856e+000 
1.049442813e+000 1.529514779e+000 
1.050476524e+000 1.531244694e+000 
1.050922251e+000 1.531524542e+000 
1.049892797e+000 1.530102038e+000 
1.045239800e+000 1.522454111e+000 
1.047194330e+000 1.525381406e+000 
1.044000358e+000 1.519683968e+000 
1.048419756e+000 1.527892222e+000 
1.044478204e+000 1.520874157e+000 
1.000224605e+000 1.000000574e+000 
1.000457541e+000 1.000000997e+000 
1.000190909e+000 1.000000571e+000 
1.000407113e+000 1.000000808e+000 
1.000250128e+000 1.000000786e+000 
1.000017193e+000 1.000000363e+000 
1.000067620e+000 1.000000552e+000 
1.000236575e+000 1.000000738e+000 
1.000004132e+000 1.000000357e+000 
1.000522725e+000 1.000000998e+000 
1.000577852e+000 1.000001004e+000 
1.005754370e+000 1.004824981e+000 
1.006518355e+000 1.005025702e+000 
1.006826519e+000 1.005144527e+000 
1.007268777e+000 1.005218040e+000 
1.005636397e+000 1.004766097e+000 
1.006623776e+000 1.005088658e+000 
1.008007152e+000 1.005343987e+000 
1.008917879e+000 1.005446199e+000 
1.005610917e+000 1.004764679e+000 
1.006172147e+000 1.004954510e+000 
1.007395629e+000 1.005268238e+000 
1.008408315e+000 1.005402585e+000 
1.005862073e+000 1.004840527e+000 
1.005812358e+000 1.004830701e+000 
1.008328887e+000 1.005390344e+000 
1.008406453e+000 1.005400218e+000 
1.008396572e+000 1.005393211e+000 
1.009554732e+000 1.005517601e+000 
1.007186561e+000 1.005216229e+000 
1.007940318e+000 1.005339549e+000 
1.007675109e+000 1.005276240e+000 
1.008542834e+000 1.005409889e+000 
1.006324263e+000 1.005007952e+000 
1.007872633e+000 1.005336683e+000 
1.005406586e+000 1.004703326e+000 
1.007301286e+000 1.005220961e+000 
1.007530921e+000 1.005276144e+000 
1.006750412e+000 1.005140927e+000 
1.007051270e+000 1.005208323e+000 
1.008246905e+000 1.005367939e+000 
1.006271572e+000 1.004961011e+000 
1.008760254e+000 1.005427661e+000 
1.006357926e+000 1.005011507e+000 
1.006118301e+000 1.004908563e+000 
1.006307096e+000 1.004967532e+000 
1.006139638e+000 1.004950207e+000 
1.005675045e+000 1.004777616e+000 
1.006017978e+000 1.004895074e+000 
1.005534338e+000 1.004757497e+000 
1.005220137e+000 1.004593742e+000 
1.006290163e+000 1.004962717e+000 
1.006216217e+000 1.004957389e+000 
1.005708277e+000 1.004816996e+000 
1.009810801e+000 1.005540975e+000 
1.008687023e+000 1.005409985e+000 
1.009676282e+000 1.005533671e+000 
1.006043458e+000 1.004896492e+000 
1.005480493e+000 1.004711550e+000 
1.005906144e+000 1.004843406e+000 
1.006104384e+000 1.004905721e+000 
1.006830141e+000 1.005184692e+000 
1.006241697e+000 1.004958807e+000 
1.006554112e+000 1.005067828e+000 
1.009154033e+000 1.005470072e+000 
1.001326636e+000 1.000490810e+000 
1.001233232e+000 1.000484406e+000 
1.001271919e+000 1.000485204e+000 
1.001001782e+000 1.000461208e+000 
1.001153264e+000 1.000480245e+000 
1.001245851e+000 1.000484544e+000 
1.001029126e+000 1.000468047e+000 
1.001054314e+000 1.000468575e+000 
1.001127765e+000 1.000476153e+000 
1.001215797e+000 1.000483741e+000 
1.001086098e+000 1.000469377e+000 
1.061569305e+000 1.760242965e+000 
1.065673729e+000 1.766362029e+000 
1.082592923e+000 1.788832026e+000 
1.061090036e+000 1.759323473e+000 
1.082910231e+000 1.789484456e+000 
1.108844255e+000 1.812594281e+000 
1.083858542e+000 1.790308808e+000 
1.302164715e+000 1.907622050e+000 
1.122830099e+000 1.826818327e+000 
1.085213908e+000 1.790783386e+000 
1.110235683e+000 1.814082831e+000 
1.085333568e+000 1.791063218e+000 
1.161763261e+000 1.850364399e+000 
1.224255393e+000 1.885028833e+000 
1.135729916e+000 1.835041966e+000 
1.139876365e+000 1.838035304e+000 
1.054920652e+000 1.747981437e+000 
1.076679784e+000 1.781307105e+000 
1.103898049e+000 1.809170395e+000 
1.132599552e+000 1.832989280e+000 
1.056253136e+000 1.750838311e+000 
1.079344076e+000 1.785047033e+000 
1.165819773e+000 1.853418747e+000 
1.307323728e+000 1.909679571e+000 
1.216143745e+000 1.880871446e+000 
1.216053735e+000 1.880791673e+000 
1.057266746e+000 1.752641184e+000 
1.068379261e+000 1.770641389e+000 
1.105290129e+000 1.810201582e+000 
1.079679899e+000 1.785493713e+000 
1.139560216e+000 1.837851493e+000 
1.077324372e+000 1.782488664e+000 
1.080040936e+000 1.785967450e+000 
1.186182301e+000 1.864825841e+000 
1.184338700e+000 1.863944302e+000 
1.184730243e+000 1.864582312e+000 
1.106636680e+000 1.811144203e+000 
1.138570155e+000 1.836767338e+000 
1.079478516e+000 1.785077657e+000 
1.135439552e+000 1.834654760e+000 
1.272720201e+000 1.900148393e+000 
1.051260431e+000 1.738564907e+000 
1.072065074e+000 1.775662302e+000 
1.071225309e+000 1.774554797e+000 
1.088587906e+000 1.794568448e+000 
1.090336858e+000 1.796159173e+000 
1.110403299e+000 1.814185842e+000 
1.053803664e+000 1.745672260e+000 
1.054448481e+000 1.747091791e+000 
1.270073477e+000 1.900122114e+000 
1.268226914e+000 1.899404783e+000 
1.105587537e+000 1.810518929e+000 
1.129903166e+000 1.830757329e+000 
1.062179487e+000 1.761075744e+000 
1.073709783e+000 1.777718838e+000 
1.053131191e+000 1.743280617e+000 
1.055844304e+000 1.750224700e+000 
1.078402659e+000 1.783668561e+000 
1.057657850e+000 1.753588704e+000 
1.052307514e+000 1.741801275e+000 
1.166071191e+000 1.854085391e+000 
1.097546376e+000 1.802818348e+000 
1.072338824e+000 1.775824582e+000 
1.187363981e+000 1.866275067e+000 
1.056293464e+000 1.751098373e+000 
1.220993943e+000 1.882230897e+000 
1.078315590e+000 1.783567412e+000 
1.127050783e+000 1.829281640e+000 
1.074638299e+000 1.778770599e+000 
1.101893923e+000 1.806802748e+000 
1.063260805e+000 1.762794146e+000 
1.088393442e+000 1.794051673e+000 
1.059911428e+000 1.757606161e+000 
1.094913426e+000 1.800362243e+000 
1.055099404e+000 1.748486844e+000 
1.090504785e+000 1.796668558e+000 
1.150571534e+000 1.844857157e+000 
1.062273428e+000 1.761372704e+000 
1.085544758e+000 1.791722537e+000 
1.134166528e+000 1.834206666e+000 
1.195244223e+000 1.869908476e+000 
1.058751949e+000 1.755566638e+000 
1.062998353e+000 1.762289401e+000 
1.052414934e+000 1.741815820e+000 
1.058384916e+000 1.754845011e+000 
1.052743907e+000 1.742414038e+000 
1.102322439e+000 1.807587755e+000 
1.096236515e+000 1.801505872e+000 
1.157745946e+000 1.848242651e+000 
1.132389860e+000 1.832091947e+000 
1.168040655e+000 1.855179438e+000 
1.058561140e+000 1.755219539e+000 
1.099818614e+000 1.804848980e+000 
1.112607826e+000 1.816961276e+000 
1.101114047e+000 1.806279638e+000 
1.246334787e+000 1.892860310e+000 
1.217868090e+000 1.881669976e+000 
1.245100366e+000 1.892600294e+000 
1.123261187e+000 1.827383337e+000 
1.155998462e+000 1.847959499e+000 
1.242470637e+000 1.891554111e+000 
1.119640158e+000 1.823612924e+000 
1.110409282e+000 1.815092138e+000 
1.091575753e+000 1.797064842e+000 
1.192085276e+000 1.868507985e+000 
1.052924805e+000 1.742766976e+000 
1.092992013e+000 1.798576196e+000 
1.193142095e+000 1.869119970e+000 
1.069824219e+000 1.772530631e+000 
1.112085979e+000 1.816717110e+000 
1.275936764e+000 1.901039680e+000 
1.064241633e+000 1.764308193e+000 
1.155277794e+000 1.847393102e+000 
1.153512586e+000 1.846698584e+000 
1.137354951e+000 1.836299665e+000 
1.196270635e+000 1.870710892e+000 
1.111401291e+000 1.816092029e+000 
1.168588326e+000 1.855985429e+000 
1.136455024e+000 1.835264566e+000 
1.142234213e+000 1.840019955e+000 
1.157624578e+000 1.848089463e+000 
1.269641763e+000 1.899457105e+000 
1.109557459e+000 1.814082722e+000 
1.084348131e+000 1.790513875e+000 
1.062529877e+000 1.761615458e+000 
1.096373697e+000 1.801547104e+000 
1.303645106e+000 1.908356952e+000 
1.067800729e+000 1.769783288e+000 
1.141360959e+000 1.839473793e+000 
1.194729038e+000 1.869838202e+000 
1.109175174e+000 1.813809410e+000 
1.166849517e+000 1.854651124e+000 
1.297447297e+000 1.906038143e+000 
1.195674217e+000 1.870215844e+000 
1.139219204e+000 1.837576806e+000 
1.066333609e+000 1.767655082e+000 
1.099944933e+000 1.805177888e+000 
1.177099252e+000 1.860014688e+000 
1.128501441e+000 1.830322211e+000 
1.217461107e+000 1.881437179e+000 
1.110544184e+000 1.815220281e+000 
1.141078942e+000 1.838948816e+000 
1.089440055e+000 1.795249834e+000 
1.107912698e+000 1.812006730e+000 
1.292500701e+000 1.904161030e+000 
1.128295385e+000 1.830321823e+000 
1.107527976e+000 1.811926675e+000 
1.142108287e+000 1.839623703e+000 
1.140159119e+000 1.838395799e+000 
1.226362894e+000 1.885362197e+000 
1.144504388e+000 1.840285036e+000 
1.196776703e+000 1.870880899e+000 
1.282317910e+000 1.902009950e+000 
1.072709035e+000 1.776382321e+000 
1.214698123e+000 1.879539478e+000 
1.139385601e+000 1.837680161e+000 
1.225978610e+000 1.885362093e+000 
1.076252389e+000 1.780967865e+000 
1.228373656e+000 1.886412786e+000 
1.153293973e+000 1.846372700e+000 
1.136727491e+000 1.835641233e+000 
1.077224348e+000 1.781929545e+000 
1.225074255e+000 1.885210613e+000 
1.215286815e+000 1.879777386e+000 
1.147955870e+000 1.843258726e+000 
1.227927006e+000 1.886398481e+000 
1.159715173e+000 1.849530421e+000 
1.232872177e+000 1.888306388e+000 
1.230370236e+000 1.887388916e+000 
1.113227349e+000 1.817645937e+000 
1.114771911e+000 1.819140608e+000 
1.112996956e+000 1.817467999e+000 
1.197070727e+000 1.871326167e+000 
1.113927309e+000 1.818325108e+000 
1.111931295e+000 1.816204988e+000 
1.191066310e+000 1.868096212e+000 
1.223614117e+000 1.884351236e+000 
1.065089363e+000 1.765741121e+000 
1.170986696e+000 1.856785561e+000 
1.162207712e+000 1.851317703e+000 
1.071554324e+000 1.774730321e+000 
1.119688005e+000 1.823701162e+000 
1.107317245e+000 1.811736923e+000 
1.161434091e+000 1.850329106e+000 
1.265219111e+000 1.898567907e+000 
1.238967895e+000 1.890698302e+000 
1.301802740e+000 1.907074635e+000 
1.259227619e+000 1.896399854e+000 
1.222882354e+000 1.884156697e+000 
1.221212391e+000 1.883312326e+000 
1.067123025e+000 1.768764493e+000 
1.290161091e+000 1.902828089e+000 
1.066094496e+000 1.767148230e+000 
1.171852135e+000 1.857599870e+000 
1.204587244e+000 1.874578300e+000 
1.108050784e+000 1.812559687e+000 
1.207585089e+000 1.876601959e+000 
1.202320312e+000 1.873485467e+000 
1.171792449e+000 1.857352383e+000 
1.296120504e+000 1.905084509e+000 
1.201677077e+000 1.872937924e+000 
1.254395127e+000 1.895017117e+000 
1.181591212e+000 1.862481895e+000 
1.180853722e+000 1.861824888e+000 
1.373749242e+000 1.947584723e+000 
1.359542563e+000 1.939949073e+000 
1.413154012e+000 1.961473090e+000 
1.410055947e+000 1.960664204e+000 
1.327332080e+000 1.922942321e+000 
1.329093838e+000 1.924236412e+000 
1.318873672e+000 1.918775925e+000 
1.485700618e+000 1.978523800e+000 
1.327410301e+000 1.923559918e+000 
1.736861285e+000 1.999851759e+000 
1.483786740e+000 1.978414447e+000 
1.343031808e+000 1.932408403e+000 
1.399107522e+000 1.956882446e+000 
1.368027053e+000 1.944498458e+000 
1.309156173e+000 1.911660988e+000 
1.354144033e+000 1.937596049e+000 
1.386681046e+000 1.952152533e+000 
1.737484240e+000 2.000000000e+000 
1.467087832e+000 1.975704023e+000 
1.308800428e+000 1.910926139e+000 
1.343899755e+000 1.932533143e+000 
1.343633745e+000 1.932470374e+000 
1.309399645e+000 1.912709864e+000 
1.371721233e+000 1.946497705e+000 
1.310028177e+000 1.913502516e+000 
1.334167241e+000 1.927150184e+000 
1.354849193e+000 1.937940600e+000 
1.359165502e+000 1.939910004e+000 
1.356188681e+000 1.938451389e+000 
1.371634552e+000 1.946267029e+000 
1.484196211e+000 1.978434645e+000 
1.386267398e+000 1.952045025e+000 
1.340702080e+000 1.930783841e+000 
1.357815321e+000 1.939140516e+000 
1.370180713e+000 1.946003446e+000 
1.350536186e+000 1.936023499e+000 
1.342636203e+000 1.931760173e+000 
1.345905570e+000 1.934152156e+000 
1.355274376e+000 1.938140545e+000 
1.394863450e+000 1.955792537e+000 
1.370107270e+000 1.945234534e+000 
1.373420600e+000 1.947457970e+000 
1.371937401e+000 1.947188767e+000 
1.312025257e+000 1.914518262e+000 
1.313908384e+000 1.914675813e+000 
1.355377931e+000 1.938376901e+000 
1.357021657e+000 1.938871646e+000 
1.374092346e+000 1.947719515e+000 
1.312325461e+000 1.914595834e+000 
1.383686464e+000 1.951068648e+000 
1.383442181e+000 1.950930201e+000 
1.378134958e+000 1.949362188e+000 
1.375279674e+000 1.948526778e+000 
1.307286361e+000 1.909439184e+000 
1.307344319e+000 1.909737601e+000 
1.407340394e+000 1.959171904e+000 
1.337201301e+000 1.928807610e+000 
1.337260884e+000 1.929355785e+000 
1.360754238e+000 1.941441959e+000 
1.563340567e+000 1.992048301e+000 
1.370935227e+000 1.946034533e+000 
1.386727057e+000 1.953181740e+000 
1.338342218e+000 1.929769212e+000 
1.390812670e+000 1.954425305e+000 
1.329400423e+000 1.924400559e+000 
1.340603144e+000 1.930726115e+000 
1.352849672e+000 1.937292519e+000 
1.334249439e+000 1.928220069e+000 
1.354673551e+000 1.937715330e+000 
1.360053012e+000 1.940888217e+000 
1.392444363e+000 1.955252955e+000 
1.407378981e+000 1.959827928e+000 
1.389757314e+000 1.954193276e+000 
1.392568253e+000 1.955298673e+000 
1.395195566e+000 1.956193990e+000 
1.399174273e+000 1.957860321e+000 
1.332301989e+000 1.926491399e+000 
1.306233076e+000 1.908792836e+000 
1.305832317e+000 1.908670732e+000 
1.395545351e+000 1.956264262e+000 
1.346595713e+000 1.934504348e+000 
1.348479896e+000 1.934911856e+000 
1.361723893e+000 1.941675998e+000 
1.347181158e+000 1.934584000e+000 
1.332136570e+000 1.925857819e+000 
1.557281145e+000 1.991222393e+000 
1.396954001e+000 1.956788603e+000 
1.346201734e+000 1.934184757e+000 
1.423314968e+000 1.964634058e+000 
1.332039516e+000 1.925601745e+000 
1.330297575e+000 1.925422407e+000 
1.389181985e+000 1.953877222e+000 
1.388457181e+000 1.953863180e+000 
1.413983743e+000 1.961954262e+000 
1.414281165e+000 1.961961973e+000 
1.344023681e+000 1.933074104e+000 
1.388437724e+000 1.953582066e+000 
1.404539351e+000 1.958809386e+000 
1.418856362e+000 1.963511177e+000 
1.368555647e+000 1.944971734e+000 
1.402884987e+000 1.958533318e+000 
1.406026176e+000 1.959048026e+000 
1.559847939e+000 1.991738688e+000 
1.314100080e+000 1.915824444e+000 
1.314872160e+000 1.916382483e+000 
1.428792532e+000 1.965836871e+000 
1.537784443e+000 1.989144046e+000 
1.318206353e+000 1.917920366e+000 
1.362484862e+000 1.942297134e+000 
1.643701817e+000 1.997664231e+000 
1.368775638e+000 1.945227502e+000 
1.364872004e+000 1.943578898e+000 
1.364068187e+000 1.943126292e+000 
1.362643701e+000 1.942410776e+000 
1.366759143e+000 1.944234517e+000 
1.322009665e+000 1.920647007e+000 
1.543155048e+000 1.990159156e+000 
1.486340023e+000 1.979802185e+000 
1.332554059e+000 1.926539128e+000 
1.318807937e+000 1.918114863e+000 
1.553177868e+000 1.990997429e+000 
1.320524961e+000 1.919890976e+000 
1.320915062e+000 1.920200661e+000 
1.320260967e+000 1.919531447e+000 
1.323063275e+000 1.921184169e+000 
1.733841257e+000 1.999737790e+000 
1.322799280e+000 1.920824640e+000 
1.325227327e+000 1.921581411e+000 
1.548393656e+000 1.990572992e+000 
1.522858828e+000 1.987003337e+000 
1.674692924e+000 1.998612989e+000 
1.551423527e+000 1.990914955e+000 
1.531207075e+000 1.988597888e+000 
1.526182506e+000 1.987434086e+000 
1.316537879e+000 1.916735123e+000 
1.548392559e+000 1.990515490e+000 
1.541448570e+000 1.989863207e+000 
1.521333048e+000 1.986523382e+000 
1.533047014e+000 1.988783212e+000 
1.519199343e+000 1.986067371e+000 
1.542377036e+000 1.990132064e+000 
1.539202462e+000 1.989255990e+000 
1.468468246e+000 1.976286419e+000 
1.727010430e+000 1.999558237e+000 
1.652220852e+000 1.998201139e+000 
1.732630097e+000 1.999723583e+000 
1.653135439e+000 1.998539814e+000 
1.377875930e+000 1.949246232e+000 
1.711070878e+000 1.999306721e+000 
1.416208693e+000 1.962346985e+000 
1.384761579e+000 1.951799219e+000 
1.728862118e+000 1.999697707e+000 
1.380775687e+000 1.950605272e+000 
1.380077828e+000 1.950112361e+000 
1.384118841e+000 1.951398329e+000 
1.709549567e+000 1.999303846e+000 
1.384709397e+000 1.951733758e+000 
1.715091473e+000 1.999356871e+000 
1.473317057e+000 1.976988426e+000 
1.470641655e+000 1.976403964e+000 
1.532401994e+000 1.988672882e+000 
1.474504908e+000 1.977138451e+000 
1.474800520e+000 1.977354756e+000 
1.469757143e+000 1.976315109e+000 
1.525432807e+000 1.987119420e+000 
1.466250256e+000 1.975641280e+000 
1.340145885e+000 1.930506639e+000 
1.340015173e+000 1.929995416e+000 
1.342195887e+000 1.931570189e+000 
1.446206389e+000 1.970984510e+000 
1.445314869e+000 1.970898509e+000 
1.705986129e+000 1.999218276e+000 
1.351777690e+000 1.936278729e+000 
1.434549651e+000 1.967717173e+000 
1.705890046e+000 1.999218174e+000 
1.358395308e+000 1.939600979e+000 
1.358022533e+000 1.939359510e+000 
1.703769694e+000 1.999150622e+000 
1.462125469e+000 1.974694629e+000 
1.462726103e+000 1.974723595e+000 
1.451833296e+000 1.972423132e+000 
1.463114613e+000 1.975081817e+000 
1.727649497e+000 1.999567693e+000 
1.718391668e+000 1.999515088e+000 
1.457043010e+000 1.973814845e+000 
1.455230398e+000 1.973277418e+000 
1.458262113e+000 1.974138225e+000 
1.453243655e+000 1.972832705e+000 
1.461697601e+000 1.974470196e+000 
1.461701578e+000 1.974599190e+000 
1.471539422e+000 1.976774459e+000 
1.723223296e+000 1.999554262e+000 
1.707026506e+000 1.999303543e+000 
1.597855135e+000 1.995336014e+000 
1.571701537e+000 1.992975715e+000 
1.596396196e+000 1.995291002e+000 
1.590215419e+000 1.994652914e+000 
1.586967240e+000 1.994652721e+000 
1.585795610e+000 1.994385361e+000 
1.584315101e+000 1.994320293e+000 
1.583652459e+000 1.994320101e+000 
1.569300438e+000 1.992743896e+000 
1.565201993e+000 1.992602390e+000 
1.592580314e+000 1.994726580e+000 
1.698704211e+000 1.999082266e+000 
1.679826079e+000 1.998785656e+000 
1.520150011e+000 1.986209326e+000 
1.605854564e+000 1.995990965e+000 
1.555214722e+000 1.991194525e+000 
1.612638744e+000 1.996109158e+000 
1.564534511e+000 1.992325475e+000 
1.526914731e+000 1.987517025e+000 
1.611341972e+000 1.996034224e+000 
1.715880342e+000 1.999400439e+000 
1.582174965e+000 1.994092839e+000 
1.645161203e+000 1.997831216e+000 
1.454562676e+000 1.973174093e+000 
1.425000916e+000 1.964841832e+000 
1.644095318e+000 1.997812165e+000 
1.425968142e+000 1.965316490e+000 
1.442832199e+000 1.970232290e+000 
1.441015020e+000 1.970066150e+000 
1.449211949e+000 1.972102481e+000 
1.438602704e+000 1.969290504e+000 
1.446437867e+000 1.971185754e+000 
1.516020273e+000 1.985270266e+000 
1.440043542e+000 1.969936747e+000 
1.431070394e+000 1.966814981e+000 
1.516853194e+000 1.985551879e+000 
1.503449351e+000 1.983480310e+000 
1.648794996e+000 1.997946662e+000 
1.504097678e+000 1.983537328e+000 
1.513527792e+000 1.985182645e+000 
1.426035221e+000 1.965382805e+000 
1.432426182e+000 1.967220736e+000 
1.435859818e+000 1.968406876e+000 
1.447816315e+000 1.971746733e+000 
1.500086625e+000 1.982435488e+000 
1.504016450e+000 1.983533043e+000 
1.437862311e+000 1.968640737e+000 
1.691080061e+000 1.999006437e+000 
1.500461504e+000 1.982453173e+000 
1.504577380e+000 1.983754597e+000 
1.635717047e+000 1.997514035e+000 
1.686775715e+000 1.998927813e+000 
1.691195529e+000 1.999053494e+000 
1.689940482e+000 1.999006241e+000 
1.612869090e+000 1.996354576e+000 
1.615713276e+000 1.996753019e+000 
1.627960257e+000 1.997145130e+000 
1.631178628e+000 1.997462808e+000 
1.430186484e+000 1.966430647e+000 
1.628509527e+000 1.997356140e+000 
1.617108235e+000 1.996933887e+000 
1.615673433e+000 1.996708825e+000 
1.678135440e+000 1.998705771e+000 
1.582072443e+000 1.993903456e+000 
1.577038630e+000 1.993366842e+000 
1.628058009e+000 1.997333790e+000 
1.620698276e+000 1.997014244e+000 
1.615257110e+000 1.996598159e+000 
1.617011480e+000 1.996865650e+000 
1.629390649e+000 1.997425103e+000 
1.681865939e+000 1.998825218e+000 
1.631247159e+000 1.997469635e+000 
1.602874457e+000 1.995702150e+000 
1.612282328e+000 1.996074133e+000 
1.579577743e+000 1.993644581e+000 
1.489559748e+000 1.980493539e+000 
1.486186567e+000 1.979588538e+000 
1.486270293e+000 1.979613211e+000 
1.497607882e+000 1.981930945e+000 
1.493338890e+000 1.981194902e+000 
1.492550034e+000 1.980838900e+000 
1.474039178e+000 1.977127849e+000 

