1.003379328e+000 1.195693630e+000 
1.000342708e+000 1.007515354e+000 
1.000175486e+000 1.000673385e+000 
1.000000000e+000 1.000663684e+000 
1.000031471e+000 1.000667706e+000 
1.000294075e+000 1.000677783e+000 
1.000216536e+000 1.000676255e+000 
1.000087193e+000 1.000670864e+000 
1.002850208e+000 1.048417276e+000 
1.002459447e+000 1.047752352e+000 
1.002067607e+000 1.045438197e+000 
1.001923213e+000 1.044486094e+000 
1.001482566e+000 1.042144100e+000 
1.001742127e+000 1.043849142e+000 
1.001531372e+000 1.042171585e+000 
1.002282129e+000 1.046342018e+000 
1.002085162e+000 1.046135812e+000 
1.001874406e+000 1.044458609e+000 
1.003061742e+000 1.049811494e+000 
1.002018801e+000 1.045410712e+000 
1.002653240e+000 1.048120880e+000 
1.002978720e+000 1.049754990e+000 
1.002493663e+000 1.047781372e+000 
1.001693321e+000 1.043821657e+000 
1.000926922e+000 1.016019058e+000 
1.000828070e+000 1.015968218e+000 
1.000777669e+000 1.010569825e+000 
1.000685021e+000 1.010565901e+000 
1.000524766e+000 1.010194151e+000 
1.000365711e+000 1.010155292e+000 
1.003101616e+000 1.091737590e+000 
1.003295985e+000 1.094402380e+000 
1.014319140e+000 1.851178751e+000 
1.066716493e+000 1.972364406e+000 
1.061576700e+000 1.964598567e+000 
1.004584606e+000 1.779785429e+000 
1.008235285e+000 1.819537417e+000 
1.011387688e+000 1.839748328e+000 
1.004770984e+000 1.783237666e+000 
1.057074077e+000 1.959554007e+000 
1.007633920e+000 1.814726022e+000 
1.003540872e+000 1.756630919e+000 
1.056236487e+000 1.959133841e+000 
1.004198171e+000 1.774706908e+000 
1.006159037e+000 1.802903143e+000 
1.007238348e+000 1.812501034e+000 
1.030433170e+000 1.905481964e+000 
1.004626196e+000 1.783193334e+000 
1.008630857e+000 1.821762406e+000 
1.007155974e+000 1.809939527e+000 
1.017961658e+000 1.865700880e+000 
1.005972659e+000 1.799450906e+000 
1.005385386e+000 1.795176329e+000 
1.041700222e+000 1.932054041e+000 
1.004011794e+000 1.771254671e+000 
1.004460111e+000 1.777152900e+000 
1.034114770e+000 1.916266007e+000 
1.003727250e+000 1.760083156e+000 
1.044436623e+000 1.938177225e+000 
1.005199009e+000 1.791724092e+000 
1.004812574e+000 1.786645571e+000 
1.016093825e+000 1.858781338e+000 
1.017101351e+000 1.862484947e+000 
1.031008052e+000 1.907304455e+000 
1.010584483e+000 1.834503407e+000 
1.023341059e+000 1.884047440e+000 
1.041905708e+000 1.932587160e+000 
1.065994727e+000 1.972239537e+000 
1.010492474e+000 1.832928251e+000 
1.030231194e+000 1.904700685e+000 
1.028951958e+000 1.902068157e+000 
1.032584911e+000 1.911486080e+000 
1.043935892e+000 1.935566663e+000 
1.027561606e+000 1.897245679e+000 
1.047562816e+000 1.943276212e+000 
1.021531659e+000 1.878289052e+000 
1.042502447e+000 1.933416916e+000 
1.063521927e+000 1.966683183e+000 
1.020917155e+000 1.876623794e+000 
1.033242265e+000 1.912607334e+000 
1.045662260e+000 1.940040891e+000 
1.022031259e+000 1.880342532e+000 
1.063637751e+000 1.966978535e+000 
1.042505956e+000 1.933443475e+000 
1.006100343e+000 1.799756407e+000 
1.029347530e+000 1.903054002e+000 
1.045062011e+000 1.939063143e+000 
1.059853768e+000 1.962991290e+000 
1.033362574e+000 1.912816596e+000 
1.050080286e+000 1.947681861e+000 
1.061772702e+000 1.965458966e+000 
1.044860035e+000 1.938957873e+000 
1.058397561e+000 1.959579173e+000 
1.020417554e+000 1.874799708e+000 
1.064878944e+000 1.970329848e+000 
1.028452358e+000 1.900018508e+000 
1.020758861e+000 1.876478559e+000 
1.049407926e+000 1.947004821e+000 
1.047757025e+000 1.945984129e+000 
1.046705145e+000 1.942008520e+000 
1.060825653e+000 1.963249002e+000 
1.043167287e+000 1.935124190e+000 
1.042597351e+000 1.933454319e+000 
1.051720193e+000 1.950674650e+000 
1.052783067e+000 1.952973513e+000 
1.024664137e+000 1.889150683e+000 
1.051745563e+000 1.951344276e+000 
1.041473772e+000 1.931248268e+000 
1.050702677e+000 1.949671999e+000 
1.063816070e+000 1.968119801e+000 
1.019855709e+000 1.872737264e+000 
1.052014463e+000 1.952065228e+000 
1.038543918e+000 1.925574872e+000 
1.041233111e+000 1.930275066e+000 
1.003806996e+000 1.762643612e+000 
1.039586804e+000 1.927622521e+000 
1.041286710e+000 1.930845659e+000 
1.062541307e+000 1.965695041e+000 
1.023848984e+000 1.886237643e+000 
1.027944433e+000 1.897973219e+000 
1.037476559e+000 1.922910151e+000 
1.022841459e+000 1.882366728e+000 
1.042743108e+000 1.934095162e+000 
1.042746617e+000 1.934309325e+000 
1.055120704e+000 1.957312968e+000 
1.047596436e+000 1.944801199e+000 
1.031507652e+000 1.909354804e+000 
1.035394005e+000 1.918538489e+000 
1.054057830e+000 1.955014105e+000 
1.008485839e+000 1.820386690e+000 
1.003993374e+000 1.766095849e+000 
1.063835773e+000 1.968414983e+000 
1.009754679e+000 1.828798790e+000 
1.042948593e+000 1.934643605e+000 
1.007600261e+000 1.812580152e+000 
1.025670417e+000 1.891087706e+000 
1.030806075e+000 1.906803903e+000 
1.031305675e+000 1.908852682e+000 
1.025782770e+000 1.892420461e+000 
1.036585773e+000 1.919619791e+000 
1.038313959e+000 1.924418153e+000 
1.006603324e+000 1.805543768e+000 
1.035595982e+000 1.919311140e+000 
1.042762810e+000 1.934390344e+000 
1.028136487e+000 1.899076967e+000 
1.006998896e+000 1.807768757e+000 
1.013311615e+000 1.847475253e+000 
1.025274845e+000 1.890230258e+000 
1.012395213e+000 1.843824886e+000 
1.019637608e+000 1.871248571e+000 
1.020137209e+000 1.873437727e+000 
1.017882793e+000 1.864246753e+000 
1.019023104e+000 1.869804876e+000 
1.017462058e+000 1.863874628e+000 
1.032156625e+000 1.909958807e+000 
1.054077533e+000 1.955398273e+000 
1.026178342e+000 1.893129114e+000 
1.022812701e+000 1.882225763e+000 
1.019697416e+000 1.872579198e+000 
1.050971291e+000 1.950527474e+000 
1.022945487e+000 1.883205384e+000 
1.051765266e+000 1.951639402e+000 
1.016601751e+000 1.860816344e+000 
1.023953012e+000 1.887289513e+000 
1.003980983e+000 1.764743617e+000 
1.024348584e+000 1.888143079e+000 
1.032358601e+000 1.910436106e+000 
1.018495801e+000 1.867849959e+000 
1.016954133e+000 1.861841280e+000 
1.007682635e+000 1.815141659e+000 
1.008078207e+000 1.817366648e+000 
1.021777462e+000 1.879899544e+000 
1.019356109e+000 1.870693046e+000 
1.026677942e+000 1.895179463e+000 
1.034316746e+000 1.916522766e+000 
1.061523505e+000 1.964597665e+000 
1.022445887e+000 1.881513095e+000 
1.023453412e+000 1.885527118e+000 
1.045081714e+000 1.939358441e+000 
1.021277862e+000 1.877857992e+000 
1.037271074e+000 1.922745876e+000 
1.032786887e+000 1.911979404e+000 
1.020270336e+000 1.873782802e+000 
1.026282370e+000 1.894462013e+000 
1.018348583e+000 1.866476072e+000 
1.027628562e+000 1.897383720e+000 
1.044033756e+000 1.935933079e+000 
1.029915323e+000 1.903743119e+000 
1.028636087e+000 1.901254635e+000 
1.040430887e+000 1.929280864e+000 
1.006862516e+000 1.806792791e+000 
1.015575020e+000 1.856838244e+000 
1.012790785e+000 1.845838100e+000 
1.008861470e+000 1.823268059e+000 
1.009482777e+000 1.827423074e+000 
1.009878349e+000 1.829280753e+000 
1.008001319e+000 1.815561049e+000 
1.010980055e+000 1.836728396e+000 
1.010162312e+000 1.831818722e+000 
1.010300520e+000 1.832332638e+000 
1.010708152e+000 1.835352570e+000 
1.012643567e+000 1.845036531e+000 
1.011783260e+000 1.841976699e+000 
1.009359107e+000 1.826573801e+000 
1.009075144e+000 1.824403031e+000 
1.008679572e+000 1.822178043e+000 
1.006908984e+000 1.807414845e+000 
1.006502344e+000 1.803279846e+000 
1.006591846e+000 1.804853338e+000 
1.008066729e+000 1.816676217e+000 
1.005773951e+000 1.796027359e+000 
1.008474361e+000 1.819696260e+000 
1.005829673e+000 1.797816954e+000 
1.014270725e+000 1.850785332e+000 
1.015496155e+000 1.855010915e+000 
1.014171922e+000 1.850164613e+000 
1.014714713e+000 1.853564914e+000 
1.013707187e+000 1.849703403e+000 
1.014567494e+000 1.852753646e+000 
1.058441809e+000 1.960657760e+000 
1.047270652e+000 1.942036414e+000 
1.040873943e+000 1.929398091e+000 
1.016400504e+000 1.860447118e+000 
1.013567145e+000 1.848175108e+000 
1.012559619e+000 1.844098662e+000 
1.001413621e+000 1.037033999e+000 
1.001163632e+000 1.035919947e+000 
1.001424292e+000 1.037800042e+000 
1.001274508e+000 1.036876376e+000 
1.001107263e+000 1.035609372e+000 
1.001151667e+000 1.035788458e+000 
1.001040791e+000 1.034832028e+000 
1.001126006e+000 1.035784499e+000 
1.001005010e+000 1.034674406e+000 
1.000981180e+000 1.024095107e+000 
1.094175227e+000 1.998166373e+000 
1.081118157e+000 1.990587645e+000 
1.081193858e+000 1.991343383e+000 
1.106474311e+000 1.999517661e+000 
1.080984668e+000 1.990079768e+000 
1.069435318e+000 1.973942896e+000 
1.073506235e+000 1.981826876e+000 
1.074694090e+000 1.982481470e+000 
1.075254570e+000 1.983204139e+000 
1.069445430e+000 1.975237437e+000 
1.084044322e+000 1.993792566e+000 
1.076223211e+000 1.984063307e+000 
1.076442425e+000 1.984659436e+000 
1.060994136e+000 1.963656111e+000 
1.092748553e+000 1.997940784e+000 
1.074252969e+000 1.982419047e+000 
1.072173659e+000 1.979253720e+000 
1.108839810e+000 2.000000000e+000 
1.075388059e+000 1.983487972e+000 
1.089317702e+000 1.996350577e+000 
1.081924790e+000 1.992144901e+000 
1.079128028e+000 1.988510721e+000 
1.082342428e+000 1.992313620e+000 
1.068114799e+000 1.973602946e+000 
1.083075681e+000 1.992921933e+000 
1.084263536e+000 1.993996950e+000 
1.087375088e+000 1.995850574e+000 
1.082693395e+000 1.992460091e+000 
1.067292515e+000 1.972609520e+000 
1.070398757e+000 1.977524493e+000 
1.061361977e+000 1.964036407e+000 
1.070216134e+000 1.976767616e+000 
1.079478995e+000 1.988574702e+000 
1.077326309e+000 1.985543442e+000 
1.096985751e+000 1.998480777e+000 
1.099247654e+000 1.998963115e+000 
1.073176868e+000 1.980272067e+000 
1.069654620e+000 1.975821411e+000 
1.067319083e+000 1.973109202e+000 
1.107306260e+000 1.999774412e+000 
1.073087770e+000 1.980202405e+000 
1.070425324e+000 1.978120622e+000 
1.073639724e+000 1.982122173e+000 
1.078112947e+000 1.987458137e+000 
1.094503664e+000 1.998373251e+000 
1.073061203e+000 1.980067682e+000 
1.102801983e+000 1.999169994e+000 
1.086187233e+000 1.994465395e+000 
1.089494676e+000 1.996461080e+000 
1.081300779e+000 1.991351750e+000 
1.078086379e+000 1.986975932e+000 
1.106047273e+000 1.999262377e+000 
1.103823798e+000 1.999203257e+000 
1.078007915e+000 1.986950259e+000 
1.081327346e+000 1.991556135e+000 
1.089108246e+000 1.996055309e+000 
1.097182876e+000 1.998737527e+000 
1.076302170e+000 1.984370065e+000 
1.102306965e+000 1.998977669e+000 
1.104772136e+000 1.999207165e+000 
1.091592620e+000 1.996660726e+000 
1.092630079e+000 1.997256301e+000 
1.089007938e+000 1.996054959e+000 
1.091780248e+000 1.996858815e+000 

