1.018520154e+000 1.779302739e+000 
1.034007973e+000 1.806073724e+000 
1.037588266e+000 1.810779407e+000 
1.046074708e+000 1.825514222e+000 
1.021462334e+000 1.783846210e+000 
1.046971418e+000 1.827332911e+000 
1.032142509e+000 1.805027019e+000 
1.035449576e+000 1.808012340e+000 
1.051871671e+000 1.833296357e+000 
1.054987781e+000 1.837367221e+000 
1.028057292e+000 1.795301417e+000 
1.083593062e+000 1.869065543e+000 
1.070044834e+000 1.853944544e+000 
1.022412384e+000 1.786196985e+000 
1.011503569e+000 1.762798745e+000 
1.025667456e+000 1.792537736e+000 
1.071587020e+000 1.856149625e+000 
1.057464931e+000 1.841029056e+000 
1.084913079e+000 1.869831516e+000 
1.047998308e+000 1.829040718e+000 
1.072601759e+000 1.857636333e+000 
1.021619935e+000 1.785800283e+000 
1.034554032e+000 1.807709442e+000 
1.057711607e+000 1.841436605e+000 
1.082174057e+000 1.867823696e+000 
1.035505764e+000 1.808639806e+000 
1.045449812e+000 1.823677959e+000 
1.091539758e+000 1.876690193e+000 
1.046562770e+000 1.825779005e+000 
1.085603451e+000 1.870739051e+000 
1.074129746e+000 1.858883136e+000 
1.019333688e+000 1.780198622e+000 
1.022516269e+000 1.786817067e+000 
1.036401308e+000 1.808942704e+000 
1.029760068e+000 1.799566467e+000 
1.095713331e+000 1.879119986e+000 
1.064304062e+000 1.848565035e+000 
1.067228576e+000 1.851720495e+000 
1.078608893e+000 1.863594778e+000 
1.097536532e+000 1.881248351e+000 
1.016519192e+000 1.775440698e+000 
1.030894971e+000 1.800843401e+000 
1.076607975e+000 1.861432216e+000 
1.088653575e+000 1.872163054e+000 
1.092200013e+000 1.877338599e+000 
1.031168995e+000 1.801289625e+000 
1.060871816e+000 1.844112705e+000 
1.002562150e+000 1.736326084e+000 
1.049111266e+000 1.831141764e+000 
1.023715339e+000 1.789978707e+000 
1.086913996e+000 1.871994079e+000 
1.018195846e+000 1.778059866e+000 
1.020833346e+000 1.783288259e+000 
1.056767722e+000 1.840713979e+000 
1.075272886e+000 1.860661054e+000 
1.067701506e+000 1.852152102e+000 
1.096132048e+000 1.879660517e+000 
1.059403809e+000 1.842851131e+000 
1.067364203e+000 1.852034829e+000 
1.017148179e+000 1.777076416e+000 
1.025848459e+000 1.792778113e+000 
1.054683734e+000 1.835827585e+000 
1.077189887e+000 1.862352931e+000 
1.003065236e+000 1.739170328e+000 
1.002358226e+000 1.736196026e+000 
1.051232190e+000 1.833030168e+000 
1.053913324e+000 1.834710650e+000 
1.069229493e+000 1.853883057e+000 
1.007082979e+000 1.752568531e+000 
1.027032869e+000 1.795166842e+000 
1.086519037e+000 1.870898761e+000 
1.052801591e+000 1.834346143e+000 
1.015699120e+000 1.773500124e+000 
1.007707939e+000 1.756279076e+000 
1.015065035e+000 1.772563606e+000 
1.005476690e+000 1.747252570e+000 
1.008504720e+000 1.756787073e+000 
1.039001657e+000 1.813472089e+000 
1.072322237e+000 1.857234064e+000 
1.019955887e+000 1.781208970e+000 
1.014599683e+000 1.771713657e+000 
1.041871202e+000 1.819240324e+000 
1.001461707e+000 1.730528406e+000 
1.073859989e+000 1.858353990e+000 
1.030704940e+000 1.800538763e+000 
1.091067058e+000 1.875356099e+000 
1.089066140e+000 1.873193536e+000 
1.029000341e+000 1.798479869e+000 
1.012110354e+000 1.764283622e+000 
1.013150624e+000 1.768137365e+000 
1.028944899e+000 1.797389659e+000 
1.024717405e+000 1.790186960e+000 
1.003582059e+000 1.741009156e+000 
1.013947405e+000 1.768645362e+000 
1.040073645e+000 1.813993711e+000 
1.067120416e+000 1.851150773e+000 
1.070211007e+000 1.854067996e+000 
1.043899195e+000 1.821320319e+000 
1.005905486e+000 1.750315219e+000 
1.001472683e+000 1.731640528e+000 
1.005003799e+000 1.745372258e+000 
1.033587741e+000 1.805257198e+000 
1.065365079e+000 1.849788517e+000 
1.071287947e+000 1.854655134e+000 
1.056731268e+000 1.840232073e+000 
1.004207018e+000 1.744864261e+000 
1.042390488e+000 1.819735229e+000 
1.066026974e+000 1.850324865e+000 
1.062709422e+000 1.846652342e+000 
1.041259434e+000 1.817144075e+000 
1.026105176e+000 1.792910762e+000 
1.040228027e+000 1.814955651e+000 
1.026066091e+000 1.792897706e+000 
1.000941128e+000 1.724791072e+000 
1.005324846e+000 1.745627421e+000 
1.025476188e+000 1.791275045e+000 
1.001975770e+000 1.735693195e+000 
1.038719320e+000 1.813370560e+000 
1.003703932e+000 1.741165680e+000 
1.021557876e+000 1.784318508e+000 
1.012516539e+000 1.767200847e+000 
1.005446720e+000 1.745813230e+000 
1.063687430e+000 1.846798763e+000 
1.002097643e+000 1.735849720e+000 
1.001806180e+000 1.733243395e+000 
1.001394660e+000 1.726444059e+000 
1.037451764e+000 1.810232956e+000 
1.000952105e+000 1.725805008e+000 
1.044959002e+000 1.822566519e+000 
1.045321997e+000 1.822602464e+000 
1.015971658e+000 1.773939980e+000 
1.007514621e+000 1.752812913e+000 
1.009312141e+000 1.757625070e+000 
1.016436165e+000 1.774416344e+000 
1.011183898e+000 1.762318127e+000 
1.010719391e+000 1.761841762e+000 
1.022933310e+000 1.788039872e+000 
1.040630447e+000 1.816586125e+000 
1.021604600e+000 1.784983455e+000 
1.010076996e+000 1.758888759e+000 
1.025109519e+000 1.790820027e+000 
1.051188752e+000 1.832347003e+000 
1.054016996e+000 1.835594757e+000 
1.050829155e+000 1.831571307e+000 
1.075090163e+000 1.858966438e+000 
1.010293695e+000 1.759549629e+000 
1.052774382e+000 1.833398510e+000 
1.055952133e+000 1.837825923e+000 
1.018242570e+000 1.778724813e+000 
1.007556095e+000 1.754651379e+000 
1.008847634e+000 1.757148705e+000 
1.080031598e+000 1.863633071e+000 
1.010385895e+000 1.759967339e+000 
1.011783774e+000 1.763136386e+000 
1.038467986e+000 1.811806547e+000 
1.081079904e+000 1.864269855e+000 
1.000285297e+000 1.046468485e+000 
1.000624960e+000 1.130810751e+000 
1.000460479e+000 1.130708160e+000 
1.000853913e+000 1.131689203e+000 
1.000169589e+000 1.021121192e+000 
9.999999999e-001 1.009278673e+000 
1.129830739e+000 1.912536621e+000 
1.271642450e+000 1.983043038e+000 
1.271805906e+000 1.983251260e+000 
1.096304406e+000 1.880782633e+000 
1.177403069e+000 1.946356949e+000 
1.098362641e+000 1.882960110e+000 
1.338823631e+000 1.994610195e+000 
1.378052742e+000 1.996411861e+000 
1.148683222e+000 1.926989434e+000 
1.326927305e+000 1.993579339e+000 
1.286772424e+000 1.986533092e+000 
1.288729082e+000 1.986552784e+000 
1.135292610e+000 1.916910199e+000 
1.127363096e+000 1.909708140e+000 
1.140835354e+000 1.920188183e+000 
1.363175262e+000 1.995553870e+000 
1.354662677e+000 1.995523240e+000 
1.095031404e+000 1.878750792e+000 
1.478198932e+000 1.999677410e+000 
1.369540157e+000 1.996381231e+000 
1.148931408e+000 1.927811628e+000 
1.129582553e+000 1.911956711e+000 
1.103992073e+000 1.887762812e+000 
1.105330770e+000 1.888554130e+000 
1.350791221e+000 1.995455451e+000 
1.132611576e+000 1.913209740e+000 
1.388418334e+000 1.996798843e+000 
1.095003596e+000 1.877823602e+000 
1.175410040e+000 1.946088873e+000 
1.319069971e+000 1.993251219e+000 
1.168166146e+000 1.940928807e+000 
1.121976723e+000 1.906201915e+000 
1.344003943e+000 1.995034990e+000 
1.114339974e+000 1.898839029e+000 
1.101559225e+000 1.885860348e+000 
1.238857694e+000 1.974320845e+000 
1.229972276e+000 1.971133198e+000 
1.327632982e+000 1.994109210e+000 
1.366841365e+000 1.995918389e+000 
1.154199256e+000 1.931513766e+000 
1.154866446e+000 1.932061675e+000 
1.146321173e+000 1.925408369e+000 
1.100180095e+000 1.885002357e+000 
1.118330510e+000 1.900917625e+000 
1.163008496e+000 1.937732935e+000 
1.165191143e+000 1.939701352e+000 
1.302590300e+000 1.990147396e+000 
1.112960844e+000 1.897981038e+000 
1.102883881e+000 1.886644343e+000 
1.161446867e+000 1.935793447e+000 
1.169191720e+000 1.942805175e+000 
1.331504438e+000 1.994176999e+000 
1.135044424e+000 1.916330289e+000 
1.185635958e+000 1.950698646e+000 
1.157336670e+000 1.934675686e+000 
1.126211605e+000 1.908917665e+000 
1.157905023e+000 1.935255596e+000 
1.151471848e+000 1.928960143e+000 
1.172370887e+000 1.943115257e+000 
1.156943639e+000 1.932237060e+000 
1.136372299e+000 1.917262814e+000 
1.112546119e+000 1.897637670e+000 
1.487273899e+000 1.999750157e+000 
1.135115579e+000 1.916371540e+000 
1.191840601e+000 1.954112505e+000 
1.268019825e+000 1.982854705e+000 
1.160138586e+000 1.935556904e+000 
1.246942014e+000 1.976784470e+000 
1.149251575e+000 1.928153770e+000 
1.302159001e+000 1.989803389e+000 
1.254756053e+000 1.979595207e+000 
1.132845219e+000 1.913440635e+000 
1.184072667e+000 1.950150737e+000 
1.180196960e+000 1.948477228e+000 
1.153783939e+000 1.931400311e+000 
1.110896226e+000 1.895067537e+000 
1.188448207e+000 1.952198717e+000 
1.149006075e+000 1.927815413e+000 
1.145567812e+000 1.924475047e+000 
1.248874159e+000 1.977232420e+000 
1.113773267e+000 1.898352557e+000 
1.323970910e+000 1.993413944e+000 
1.417164016e+000 1.997890850e+000 
1.163576849e+000 1.938897270e+000 
1.173976215e+000 1.945453138e+000 
1.162505471e+000 1.937332842e+000 
1.425296249e+000 1.998426251e+000 
1.157286913e+000 1.932682624e+000 
1.172259711e+000 1.943103367e+000 
1.188033951e+000 1.951715175e+000 
1.180113810e+000 1.948018319e+000 
1.196988673e+000 1.956706605e+000 
1.137155740e+000 1.917586716e+000 
1.107203306e+000 1.891846180e+000 
1.488325556e+000 2.000000000e+000 
1.237912127e+000 1.973093497e+000 
1.153399878e+000 1.931379069e+000 
1.172403860e+000 1.944952154e+000 
1.116358097e+000 1.900741494e+000 
1.161729521e+000 1.936907345e+000 
1.206142852e+000 1.959920812e+000 
1.166826574e+000 1.939755261e+000 
1.315195824e+000 1.992555953e+000 
1.202234294e+000 1.958896073e+000 
1.168524530e+000 1.942257266e+000 
1.188326934e+000 1.952076365e+000 
1.177551975e+000 1.947186784e+000 
1.199089280e+000 1.957108704e+000 
1.338106422e+000 1.994249034e+000 
1.143173702e+000 1.922395399e+000 
1.121543185e+000 1.904824931e+000 
1.194194624e+000 1.956017821e+000 
1.188742940e+000 1.952821949e+000 
1.123878995e+000 1.907458702e+000 
1.114997781e+000 1.899805189e+000 
1.096363285e+000 1.881073926e+000 
1.107747540e+000 1.893361000e+000 
1.152984378e+000 1.930023196e+000 
1.109126670e+000 1.894218991e+000 
1.137711831e+000 1.917910242e+000 
1.095427985e+000 1.878910155e+000 
1.111559518e+000 1.896464823e+000 
1.110012770e+000 1.894684258e+000 
1.112239233e+000 1.896586723e+000 
1.106574507e+000 1.891343892e+000 
1.212851519e+000 1.963331221e+000 
1.139991172e+000 1.919952164e+000 
1.182165730e+000 1.949537833e+000 
1.196654091e+000 1.956594685e+000 
1.105457526e+000 1.888681870e+000 
1.134829923e+000 1.914927642e+000 
1.131160561e+000 1.912668171e+000 
1.167342346e+000 1.940024474e+000 
1.098185626e+000 1.881773642e+000 
1.187617945e+000 1.950969591e+000 
1.193778618e+000 1.955272237e+000 
1.146111205e+000 1.924972953e+000 
1.179697804e+000 1.947272735e+000 
1.258058851e+000 1.980671297e+000 
1.250487868e+000 1.978033256e+000 
1.299940119e+000 1.989452130e+000 
1.315706206e+000 1.992604076e+000 
1.213300496e+000 1.963809077e+000 
1.118746374e+000 1.902087091e+000 
1.227683396e+000 1.970145726e+000 
1.209952661e+000 1.962830236e+000 
1.242082762e+000 1.975369966e+000 
1.311098895e+000 1.991814917e+000 
1.105816415e+000 1.890193503e+000 
1.290900580e+000 1.987326558e+000 
1.265642998e+000 1.982139312e+000 
1.479989983e+000 1.999725533e+000 
1.244147384e+000 1.975804805e+000 
1.209354838e+000 1.961561517e+000 
1.306343789e+000 1.990430382e+000 
1.212662016e+000 1.963243785e+000 
1.144899312e+000 1.923057238e+000 
1.219594440e+000 1.966556081e+000 
1.205516796e+000 1.959780128e+000 
1.138996141e+000 1.918654191e+000 
1.202899682e+000 1.959726413e+000 
1.133950276e+000 1.914914618e+000 
1.199840871e+000 1.957807365e+000 
1.236544502e+000 1.972970645e+000 
1.120594198e+000 1.903237446e+000 
1.218838339e+000 1.966264164e+000 
1.298843461e+000 1.988021824e+000 
1.219909717e+000 1.967101640e+000 
1.285146820e+000 1.986348306e+000 
1.130911072e+000 1.912565611e+000 
1.121153551e+000 1.904079222e+000 
1.309733366e+000 1.990437041e+000 
1.293285964e+000 1.987378988e+000 
1.118646050e+000 1.901545979e+000 
1.280649942e+000 1.984900119e+000 
1.219598521e+000 1.966844205e+000 
1.280938599e+000 1.985273241e+000 
1.254224696e+000 1.979132956e+000 
1.266772053e+000 1.982379298e+000 
1.259498461e+000 1.981172438e+000 
1.143403154e+000 1.922788902e+000 
1.206920392e+000 1.960539337e+000 
1.264684343e+000 1.981470170e+000 
1.258126182e+000 1.980729134e+000 
1.210514887e+000 1.962864703e+000 
1.222904390e+000 1.968245494e+000 
1.221633243e+000 1.967894840e+000 
1.097733721e+000 1.881752223e+000 
1.314987346e+000 1.991871827e+000 
1.250282107e+000 1.977828628e+000 
1.226652877e+000 1.969110646e+000 
1.231620211e+000 1.971544483e+000 
1.233223751e+000 1.972074970e+000 
1.311014962e+000 1.990659554e+000 
1.218820863e+000 1.965920357e+000 
1.230349226e+000 1.971158490e+000 
1.248038766e+000 1.977102355e+000 
1.250837714e+000 1.978780532e+000 
1.225157261e+000 1.968971146e+000 
1.251408895e+000 1.978806881e+000 
1.104103264e+000 1.888553071e+000 
1.102894930e+000 1.887759871e+000 
1.229207879e+000 1.970573687e+000 
1.264874281e+000 1.981536023e+000 
1.099602280e+000 1.883319817e+000 
1.253171637e+000 1.978859310e+000 
1.237986426e+000 1.973149249e+000 
1.430820694e+000 1.998506758e+000 
1.437701169e+000 1.998876926e+000 
1.453749460e+000 1.999346324e+000 
1.451154963e+000 1.999199516e+000 
1.239381934e+000 1.974332447e+000 
1.470925342e+000 1.999668914e+000 
1.272190412e+000 1.983668014e+000 
1.278621457e+000 1.984592226e+000 
1.410139366e+000 1.997665889e+000 
1.401389062e+000 1.997293369e+000 
1.276145640e+000 1.984415709e+000 
1.273953154e+000 1.983720443e+000 
1.294411842e+000 1.987804364e+000 
1.388074961e+000 1.996653753e+000 
1.448563493e+000 1.998911392e+000 
1.480611103e+000 1.999729137e+000 
1.294992651e+000 1.987911537e+000 
1.403783691e+000 1.997527859e+000 
1.408392273e+000 1.997614308e+000 
1.380112451e+000 1.996569223e+000 
1.467470831e+000 1.999380790e+000 
1.392039304e+000 1.997103157e+000 
1.419002852e+000 1.998039011e+000 
1.425148522e+000 1.998074332e+000 
1.429248472e+000 1.998431214e+000 
1.413202944e+000 1.997815983e+000 
1.295906515e+000 1.988015730e+000 
1.397815395e+000 1.997137405e+000 
1.488054021e+000 1.999753291e+000 

