1.021744783e+000 1.859422012e+000 
1.056130118e+000 1.912690005e+000 
1.018611819e+000 1.852726599e+000 
1.060795883e+000 1.918265120e+000 
1.117613061e+000 1.960469060e+000 
1.123035707e+000 1.962807514e+000 
1.009646443e+000 1.830888054e+000 
1.099318426e+000 1.950309342e+000 
1.065620189e+000 1.922309998e+000 
1.051915741e+000 1.907959345e+000 
1.071898603e+000 1.927517306e+000 
1.102037798e+000 1.950600902e+000 
1.017337271e+000 1.849923529e+000 
1.102379954e+000 1.951657423e+000 
1.120773290e+000 1.962034121e+000 
1.088508576e+000 1.941306493e+000 
1.021543739e+000 1.859327938e+000 
1.086105695e+000 1.938754523e+000 
1.005805364e+000 1.817673242e+000 
1.111746135e+000 1.957965538e+000 
1.016009758e+000 1.847421835e+000 
1.011976578e+000 1.837202521e+000 
1.086600491e+000 1.939005535e+000 
1.030614231e+000 1.875805167e+000 
1.106102798e+000 1.954140408e+000 
1.030663629e+000 1.876461883e+000 
1.130363059e+000 1.967065240e+000 
1.086712645e+000 1.939032157e+000 
1.108023291e+000 1.955482553e+000 
1.076542041e+000 1.932256627e+000 
1.110247092e+000 1.955791483e+000 
1.019123634e+000 1.854320799e+000 
1.087689596e+000 1.941053903e+000 
1.037209692e+000 1.886011173e+000 
1.089576406e+000 1.941589813e+000 
1.068483950e+000 1.924867653e+000 
1.096454665e+000 1.947713045e+000 
1.124719525e+000 1.964580730e+000 
1.007189344e+000 1.824248632e+000 
1.018371032e+000 1.852482339e+000 
1.107955765e+000 1.954859406e+000 
1.063659644e+000 1.920822776e+000 
1.111451509e+000 1.957368332e+000 
1.126025065e+000 1.965100202e+000 
1.016440040e+000 1.848291452e+000 
1.007073259e+000 1.823790530e+000 
1.059172928e+000 1.915734380e+000 
1.103264661e+000 1.952817309e+000 
1.132624077e+000 1.967112986e+000 
1.033127126e+000 1.880165293e+000 
1.082523083e+000 1.936424841e+000 
1.006019668e+000 1.817901002e+000 
1.005689279e+000 1.817215139e+000 
1.048693770e+000 1.903517947e+000 
1.081541967e+000 1.934876725e+000 
1.120705763e+000 1.961373291e+000 
1.064507676e+000 1.921431883e+000 
1.060121468e+000 1.916789622e+000 
1.124201508e+000 1.963919900e+000 
1.036032089e+000 1.885577582e+000 
1.031241042e+000 1.876793889e+000 
1.032345980e+000 1.878596320e+000 
1.062908659e+000 1.919453746e+000 
1.073996159e+000 1.929687108e+000 
1.006021870e+000 1.818990499e+000 
1.069171854e+000 1.925541113e+000 
1.096394462e+000 1.946814413e+000 
1.007741273e+000 1.825286133e+000 
1.006561444e+000 1.821824924e+000 
1.083114090e+000 1.937002077e+000 
1.071149681e+000 1.927209179e+000 
1.006918977e+000 1.822681246e+000 
1.035135274e+000 1.882825688e+000 
1.033426362e+000 1.880903281e+000 
1.005177464e+000 1.815090665e+000 
1.005510055e+000 1.817024893e+000 
1.005867587e+000 1.817881215e+000 
1.010710786e+000 1.833337864e+000 
1.007656477e+000 1.825082784e+000 
1.099250899e+000 1.949692239e+000 
1.032519010e+000 1.878690936e+000 
1.004968278e+000 1.813100971e+000 
1.067889454e+000 1.924650369e+000 
1.083459786e+000 1.937158831e+000 
1.036782454e+000 1.885824050e+000 
1.053886014e+000 1.909512891e+000 
1.004924940e+000 1.811282321e+000 
1.050036636e+000 1.905759661e+000 
1.032272027e+000 1.878444134e+000 
1.090469172e+000 1.942831394e+000 
1.006228854e+000 1.819889545e+000 
1.010341775e+000 1.833167987e+000 
1.122608312e+000 1.962361117e+000 
1.004697821e+000 1.809412616e+000 
1.005134126e+000 1.813272016e+000 
1.082177387e+000 1.936268087e+000 
1.004741160e+000 1.811231265e+000 
1.081530188e+000 1.934702697e+000 
1.011805819e+000 1.836595723e+000 
1.092814916e+000 1.944810588e+000 
1.011222601e+000 1.834932063e+000 
1.059292823e+000 1.916278762e+000 
1.073922954e+000 1.929541063e+000 
1.084825835e+000 1.938511137e+000 
1.070786702e+000 1.926939060e+000 
1.043452322e+000 1.895317702e+000 
1.087171579e+000 1.940474962e+000 
1.105999857e+000 1.953104687e+000 
1.093332933e+000 1.945389049e+000 
1.009519479e+000 1.830563100e+000 
1.011750822e+000 1.836393574e+000 
1.033028244e+000 1.879274283e+000 
1.009758558e+000 1.831503636e+000 
1.016752116e+000 1.848711907e+000 
1.078560281e+000 1.932607109e+000 
1.015288073e+000 1.845283480e+000 
1.010853591e+000 1.834761496e+000 
1.010151488e+000 1.832480239e+000 
1.011634737e+000 1.836021352e+000 
1.006802892e+000 1.822223143e+000 
1.005751502e+000 1.817423112e+000 
1.010225691e+000 1.832709884e+000 
1.052961412e+000 1.908942774e+000 
1.013385625e+000 1.840513989e+000 
1.043720501e+000 1.895898375e+000 
1.014066241e+000 1.842286931e+000 
1.013638240e+000 1.841812943e+000 
1.019978865e+000 1.855579253e+000 
1.027201570e+000 1.869593252e+000 
1.037722179e+000 1.886673423e+000 
1.067164813e+000 1.923639263e+000 
1.009348121e+000 1.830256362e+000 
1.008720221e+000 1.828088702e+000 
1.012604478e+000 1.839254133e+000 
1.007625188e+000 1.824828030e+000 
1.047724289e+000 1.902189669e+000 
1.058678849e+000 1.915558675e+000 
1.019197719e+000 1.854321225e+000 
1.041486841e+000 1.893608789e+000 
1.133264749e+000 1.967126332e+000 
1.077947577e+000 1.932440494e+000 
1.027580775e+000 1.870337115e+000 
1.017263178e+000 1.849298330e+000 
1.046393218e+000 1.899741778e+000 
1.014415072e+000 1.842965690e+000 
1.020699647e+000 1.857695540e+000 
1.021952489e+000 1.859592366e+000 
1.015728930e+000 1.846755606e+000 
1.026683553e+000 1.868932422e+000 
1.044735422e+000 1.897102811e+000 
1.018163957e+000 1.851761703e+000 
1.045379059e+000 1.898445610e+000 
1.040163718e+000 1.890867550e+000 
1.042964023e+000 1.894706261e+000 
1.015876835e+000 1.846850001e+000 
1.020847552e+000 1.857789934e+000 
1.013381311e+000 1.840404000e+000 
1.039374890e+000 1.889670365e+000 
1.116787503e+000 1.959820594e+000 
1.024797469e+000 1.865561017e+000 
1.014843073e+000 1.844291191e+000 
1.031296871e+000 1.877936461e+000 
1.018016053e+000 1.851666193e+000 
1.019049814e+000 1.854225003e+000 
1.120047103e+000 1.961076315e+000 
1.026815242e+000 1.869452980e+000 
1.021290843e+000 1.858105107e+000 
1.055516144e+000 1.911958499e+000 
1.133610446e+000 1.967237913e+000 
1.051768980e+000 1.906873925e+000 
1.046869189e+000 1.900445175e+000 
1.032863441e+000 1.879214081e+000 
1.038314630e+000 1.887813604e+000 
1.029685180e+000 1.874140684e+000 
1.040467278e+000 1.891495379e+000 
1.056034161e+000 1.912598173e+000 
1.040865020e+000 1.891669930e+000 
1.100755286e+000 1.950433309e+000 
1.049798707e+000 1.905320378e+000 
1.080685156e+000 1.934367825e+000 
1.075041820e+000 1.929965200e+000 
1.055765982e+000 1.912083915e+000 
1.058004434e+000 1.914150655e+000 
1.045932456e+000 1.899188519e+000 
1.021360773e+000 1.858494749e+000 
1.054262921e+000 1.910097557e+000 
1.038790601e+000 1.888484445e+000 
1.050566562e+000 1.906061365e+000 
1.111342237e+000 1.955848239e+000 
1.051015074e+000 1.906332777e+000 
1.024021664e+000 1.863755990e+000 
1.034582416e+000 1.881990993e+000 
1.047974127e+000 1.902247606e+000 
1.044836816e+000 1.897249679e+000 
1.040413556e+000 1.890947706e+000 
1.048492144e+000 1.902908436e+000 
1.022509784e+000 1.861048477e+000 
1.024159617e+000 1.864521891e+000 
1.044318799e+000 1.896588849e+000 
1.023780878e+000 1.863565059e+000 
1.029891734e+000 1.874668916e+000 
1.028457215e+000 1.871822635e+000 
1.043617988e+000 1.895425819e+000 
1.028638892e+000 1.872772090e+000 
1.034412776e+000 1.881690552e+000 
1.032754981e+000 1.879051585e+000 
1.026261403e+000 1.868014939e+000 
1.025101130e+000 1.865991747e+000 
1.022750570e+000 1.861296576e+000 
1.024307521e+000 1.864613408e+000 
1.025578615e+000 1.867129991e+000 
1.025430711e+000 1.867035596e+000 
1.028786796e+000 1.872866485e+000 
1.027680402e+000 1.870625916e+000 
1.030296687e+000 1.875411057e+000 
1.030444592e+000 1.875505451e+000 
1.001316959e+000 1.108391424e+000 
1.002284392e+000 1.162782401e+000 
1.002419966e+000 1.164878697e+000 
1.002355754e+000 1.163106508e+000 
1.002136043e+000 1.162582552e+000 
1.001853291e+000 1.160032395e+000 
1.002208576e+000 1.162652648e+000 
1.001988865e+000 1.162128692e+000 
1.003285967e+000 1.526681415e+000 
1.002442524e+000 1.522135139e+000 
1.003179561e+000 1.525060355e+000 
1.003889872e+000 1.529203995e+000 
1.002658870e+000 1.523637436e+000 
1.003526261e+000 1.527473608e+000 
1.003886415e+000 1.528277161e+000 
1.003715539e+000 1.527935557e+000 
1.002955320e+000 1.523963889e+000 
1.003646121e+000 1.527481590e+000 
1.000842470e+000 1.025800494e+000 
1.000694600e+000 1.025720626e+000 
1.000559026e+000 1.025372055e+000 
1.000057910e+000 1.001265596e+000 
9.999999987e-001 1.001239732e+000 
1.000151036e+000 1.001292415e+000 
1.000481578e+000 1.001339206e+000 
1.000298214e+000 1.001296284e+000 
1.000228538e+000 1.001294962e+000 
1.000346005e+000 1.001320827e+000 
1.000093124e+000 1.001266551e+000 
1.004012064e+000 1.664429528e+000 
1.003946947e+000 1.664389870e+000 
1.004458430e+000 1.668472401e+000 
1.004310526e+000 1.668402092e+000 
1.004248446e+000 1.666447948e+000 
1.000914176e+000 1.054960924e+000 
1.001054739e+000 1.055967587e+000 
1.001267775e+000 1.055996967e+000 
1.001299393e+000 1.056266948e+000 
1.000886516e+000 1.053308759e+000 
1.001027133e+000 1.055251802e+000 
1.134523924e+000 1.968506002e+000 
1.137974772e+000 1.969830636e+000 
1.141380511e+000 1.972556641e+000 
1.204475008e+000 1.994807182e+000 
1.165224498e+000 1.981720246e+000 
1.160391154e+000 1.979871629e+000 
1.265648860e+000 1.997790075e+000 
1.156506045e+000 1.978465399e+000 
1.160898945e+000 1.980028715e+000 
1.176768487e+000 1.986374462e+000 
1.205850589e+000 1.994839067e+000 
1.134502532e+000 1.967344789e+000 
1.156868050e+000 1.978501242e+000 
1.168186608e+000 1.982953156e+000 
1.155998253e+000 1.978266367e+000 
1.152663840e+000 1.976697876e+000 
1.221710764e+000 1.996483134e+000 
1.138179170e+000 1.970900954e+000 
1.153469062e+000 1.977373054e+000 
1.145773411e+000 1.974177462e+000 
1.489320517e+000 2.000000000e+000 
1.164100286e+000 1.981684403e+000 
1.172375587e+000 1.984849575e+000 
1.154428012e+000 1.977461649e+000 
1.184787226e+000 1.988582404e+000 
1.256661162e+000 1.997646380e+000 
1.147878660e+000 1.974973172e+000 
1.186335458e+000 1.990234230e+000 
1.212842782e+000 1.996061208e+000 
1.152982142e+000 1.977103259e+000 
1.185559453e+000 1.988980961e+000 
1.169174246e+000 1.983168864e+000 
1.186241584e+000 1.989053739e+000 
1.195273738e+000 1.993417666e+000 
1.158199083e+000 1.979490691e+000 
1.150115262e+000 1.975920268e+000 
1.136745049e+000 1.969091799e+000 
1.193631904e+000 1.992525470e+000 
1.186930696e+000 1.990587399e+000 
1.163688714e+000 1.980998946e+000 
1.137107055e+000 1.969167530e+000 
1.229666884e+000 1.996866528e+000 
1.213994240e+000 1.996073836e+000 
1.190349577e+000 1.991276853e+000 
1.140055248e+000 1.970936252e+000 
1.214575746e+000 1.996359731e+000 
1.223443728e+000 1.996744881e+000 
1.197254685e+000 1.993730028e+000 
1.220832604e+000 1.996468040e+000 
1.150604842e+000 1.976229741e+000 
1.197565194e+000 1.993776568e+000 
1.179969828e+000 1.988030149e+000 
1.146978064e+000 1.974887756e+000 
1.144174179e+000 1.972906851e+000 
1.201436080e+000 1.994732219e+000 
1.166836329e+000 1.982584786e+000 
1.253806734e+000 1.997550632e+000 
1.199865647e+000 1.994319458e+000 
1.470203789e+000 1.999969640e+000 
1.140953128e+000 1.971011389e+000 
1.198642748e+000 1.993801408e+000 
1.252169564e+000 1.997413680e+000 
1.251060361e+000 1.997383998e+000 
1.208233421e+000 1.995321578e+000 
1.158110572e+000 1.978651559e+000 
1.170996184e+000 1.984400701e+000 
1.176930084e+000 1.986502436e+000 
1.180502666e+000 1.988131554e+000 
1.154874036e+000 1.977707917e+000 
1.176644782e+000 1.986262932e+000 
1.296582779e+000 1.998626518e+000 
1.174568766e+000 1.985950019e+000 
1.166788210e+000 1.982348559e+000 
1.168585384e+000 1.983074502e+000 
1.162383235e+000 1.980730324e+000 
1.160775240e+000 1.979917186e+000 
1.169647644e+000 1.983858192e+000 
1.369243629e+000 1.999550908e+000 
1.189944852e+000 1.990721749e+000 
1.178093124e+000 1.987092065e+000 
1.390963250e+000 1.999622407e+000 
1.170193379e+000 1.983903197e+000 
1.176473340e+000 1.986232547e+000 
1.189773410e+000 1.990692024e+000 
1.170710881e+000 1.984132809e+000 
1.194703627e+000 1.993314847e+000 
1.177394862e+000 1.986772668e+000 
1.331563791e+000 1.999137246e+000 
1.235429426e+000 1.997048296e+000 
1.232477882e+000 1.996918597e+000 
1.206532419e+000 1.995253825e+000 
1.483346725e+000 1.999992936e+000 
1.209603534e+000 1.995457821e+000 
1.207376151e+000 1.995273487e+000 
1.209329664e+000 1.995403665e+000 
1.263283331e+000 1.997741907e+000 
1.298908327e+000 1.998713230e+000 
1.245025979e+000 1.997371946e+000 
1.276053756e+000 1.998172994e+000 
1.265678443e+000 1.997935886e+000 
1.433542464e+000 1.999831243e+000 
1.244182515e+000 1.997341622e+000 
1.261770013e+000 1.997711219e+000 
1.295100030e+000 1.998613866e+000 
1.319420412e+000 1.999037610e+000 
1.298125051e+000 1.998626652e+000 
1.238997319e+000 1.997184682e+000 
1.338690096e+000 1.999379240e+000 
1.257103722e+000 1.997690005e+000 
1.273847756e+000 1.998058967e+000 
1.283143191e+000 1.998420589e+000 
1.233478034e+000 1.996957795e+000 
1.271065448e+000 1.998053095e+000 
1.303043072e+000 1.998728663e+000 
1.331674264e+000 1.999248828e+000 
1.457339970e+000 1.999946915e+000 
1.287243414e+000 1.998442618e+000 
1.337720219e+000 1.999266067e+000 
1.287534127e+000 1.998450726e+000 
1.319131227e+000 1.999016865e+000 
1.290445851e+000 1.998495867e+000 
1.306788560e+000 1.998819702e+000 
1.326608112e+000 1.999130790e+000 
1.359934805e+000 1.999399324e+000 
1.362996802e+000 1.999501836e+000 
1.316820461e+000 1.998918667e+000 
1.366199548e+000 1.999514060e+000 
1.351704907e+000 1.999379942e+000 
1.326129524e+000 1.999102355e+000 
1.419579702e+000 1.999755461e+000 
1.422381350e+000 1.999778357e+000 
1.415964343e+000 1.999747096e+000 
1.403293168e+000 1.999624500e+000 
1.431585346e+000 1.999820244e+000 
1.435077486e+000 1.999880391e+000 
1.309927436e+000 1.998904534e+000 
1.294689725e+000 1.998503680e+000 
1.406620291e+000 1.999641248e+000 
1.454223322e+000 1.999913598e+000 
1.410241122e+000 1.999690742e+000 
1.424708937e+000 1.999808085e+000 
1.403437881e+000 1.999626352e+000 

