1.013073358e+000 1.038354514e+000 
1.012399830e+000 1.037483846e+000 
1.011608052e+000 1.036612281e+000 
1.012785832e+000 1.037870302e+000 
1.010983943e+000 1.035598858e+000 
1.012957520e+000 1.038266219e+000 
1.011893502e+000 1.036900752e+000 
1.012758953e+000 1.037839321e+000 
1.013878965e+000 1.038919485e+000 
1.012214702e+000 1.037371937e+000 
1.012524652e+000 1.037671467e+000 
1.001304626e+000 1.000835201e+000 
1.001490871e+000 1.000848853e+000 
1.001176443e+000 1.000831996e+000 
1.001274747e+000 1.000834020e+000 
1.001590228e+000 1.000861666e+000 
1.002076837e+000 1.000882325e+000 
1.001560854e+000 1.000860251e+000 
1.001847516e+000 1.000877914e+000 
1.001069615e+000 1.000808049e+000 
1.001965792e+000 1.000880525e+000 
1.001620107e+000 1.000862957e+000 
1.001654578e+000 1.000863201e+000 
1.001446948e+000 1.000848526e+000 
1.001530842e+000 1.000858884e+000 
1.001345378e+000 1.000846689e+000 
1.001127798e+000 1.000830378e+000 
1.001788129e+000 1.000874958e+000 
1.001818142e+000 1.000876499e+000 
1.001275527e+000 1.000834257e+000 
1.001958561e+000 1.000879640e+000 
1.001936418e+000 1.000879109e+000 
1.002033776e+000 1.000880950e+000 
1.002087924e+000 1.000892429e+000 
1.001915499e+000 1.000878339e+000 
1.001531622e+000 1.000860168e+000 
1.001688091e+000 1.000863372e+000 
1.001117586e+000 1.000810067e+000 
1.001731152e+000 1.000864674e+000 
1.001708505e+000 1.000864277e+000 
1.001410658e+000 1.000847493e+000 
1.001489220e+000 1.000848827e+000 
1.001224414e+000 1.000834015e+000 
1.001194534e+000 1.000832658e+000 
1.001528935e+000 1.000850111e+000 
1.001738384e+000 1.000865558e+000 
1.001774674e+000 1.000866594e+000 
1.002763217e+000 1.002302687e+000 
1.002251338e+000 1.002250907e+000 
1.002560142e+000 1.002291827e+000 
1.002391758e+000 1.002262323e+000 
1.002822135e+000 1.002303507e+000 
1.002303308e+000 1.002256247e+000 
1.002555816e+000 1.002263671e+000 
1.002113868e+000 1.002214759e+000 
1.002284119e+000 1.002256218e+000 
1.002361068e+000 1.002257873e+000 
1.000074056e+000 1.000191360e+000 
1.000573481e+000 1.000207601e+000 
1.000677549e+000 1.000207919e+000 
1.000900118e+000 1.000215897e+000 
1.000228825e+000 1.000196116e+000 
1.000341487e+000 1.000199710e+000 
1.000125375e+000 1.000191923e+000 
1.000376140e+000 1.000200036e+000 
1.000301822e+000 1.000199639e+000 
1.000395879e+000 1.000203376e+000 
1.000804188e+000 1.000211822e+000 
1.000281275e+000 1.000199194e+000 
1.001024586e+000 1.000219739e+000 
1.000494408e+000 1.000203893e+000 
1.000416425e+000 1.000203796e+000 
1.000274612e+000 1.000199120e+000 
1.000208279e+000 1.000195672e+000 
1.000976440e+000 1.000215939e+000 
1.000793182e+000 1.000211736e+000 
1.000184702e+000 1.000191939e+000 
1.000596531e+000 1.000207627e+000 
1.000552310e+000 1.000204014e+000 
1.000836986e+000 1.000212034e+000 
1.000739910e+000 1.000211720e+000 
1.000923168e+000 1.000215923e+000 
1.000841328e+000 1.000215536e+000 
1.000653728e+000 1.000207831e+000 
1.000720062e+000 1.000211279e+000 
1.002942564e+000 1.005258817e+000 
1.003038105e+000 1.005318212e+000 
1.003344347e+000 1.005416218e+000 
1.003727313e+000 1.005555545e+000 
1.003639020e+000 1.005496624e+000 
1.003229559e+000 1.005398109e+000 
1.003298684e+000 1.005408964e+000 
1.002989089e+000 1.005259486e+000 
1.002963132e+000 1.005258996e+000 
1.003136413e+000 1.005329245e+000 
1.003203568e+000 1.005329262e+000 
1.003058674e+000 1.005318390e+000 
1.003609964e+000 1.005496607e+000 
1.003110456e+000 1.005328755e+000 
1.003032716e+000 1.005317900e+000 
1.050034669e+000 1.880360545e+000 
1.046315951e+000 1.876737689e+000 
1.091850451e+000 1.912999621e+000 
1.026312332e+000 1.849835956e+000 
1.062265290e+000 1.892689140e+000 
1.086406760e+000 1.909916608e+000 
1.075923714e+000 1.903810476e+000 
1.108086239e+000 1.923072404e+000 
1.028715716e+000 1.854749544e+000 
1.043552308e+000 1.873573575e+000 
1.163165231e+000 1.943617859e+000 
1.023987423e+000 1.844790433e+000 
1.029300504e+000 1.855590666e+000 
1.032065049e+000 1.859846783e+000 
1.089387082e+000 1.912083062e+000 
1.023783426e+000 1.844167319e+000 
1.078356096e+000 1.904882913e+000 
1.089563684e+000 1.912146673e+000 
1.090707912e+000 1.912766277e+000 
1.138990811e+000 1.936037045e+000 
1.057217402e+000 1.887350010e+000 
1.027589905e+000 1.852719369e+000 
1.027919765e+000 1.853508232e+000 
1.051306404e+000 1.881550271e+000 
1.030290209e+000 1.857298601e+000 
1.058686029e+000 1.888481829e+000 
1.061027827e+000 1.891374824e+000 
1.023914615e+000 1.844509894e+000 
1.024715722e+000 1.847302729e+000 
1.024529350e+000 1.846059958e+000 
1.025065642e+000 1.848200413e+000 
1.099805528e+000 1.919087342e+000 
1.099424860e+000 1.918734356e+000 
1.099168469e+000 1.918394488e+000 
1.030200648e+000 1.857075023e+000 
1.105593394e+000 1.921999309e+000 
1.026090331e+000 1.849648404e+000 
1.129361638e+000 1.932784387e+000 
1.110940668e+000 1.925010804e+000 
1.034814633e+000 1.863693047e+000 
1.065869452e+000 1.895784983e+000 
1.104213428e+000 1.921035305e+000 
1.122040377e+000 1.929654916e+000 
1.025530951e+000 1.848969617e+000 
1.077477849e+000 1.904602345e+000 
1.131829144e+000 1.934222487e+000 
1.047451700e+000 1.877907048e+000 
1.038963170e+000 1.868709893e+000 
1.039725347e+000 1.869603840e+000 
1.065432394e+000 1.895377912e+000 
1.051360957e+000 1.881642596e+000 
1.078470494e+000 1.905444575e+000 
1.105233579e+000 1.921887355e+000 
1.033409983e+000 1.861807216e+000 
1.104852912e+000 1.921516886e+000 
1.095116320e+000 1.915390882e+000 
1.111673531e+000 1.925408173e+000 
1.048606347e+000 1.879130058e+000 
1.077982878e+000 1.904609857e+000 
1.140430214e+000 1.936818304e+000 
1.046937160e+000 1.877319019e+000 
1.061758991e+000 1.892246432e+000 
1.051733234e+000 1.882245185e+000 
1.060399005e+000 1.890773116e+000 
1.101169911e+000 1.919321339e+000 
1.048936970e+000 1.879559055e+000 
1.130703982e+000 1.933420143e+000 
1.026464569e+000 1.850441357e+000 
1.037389347e+000 1.866976612e+000 
1.097249574e+000 1.917009059e+000 
1.103200961e+000 1.920593432e+000 
1.065466183e+000 1.895488005e+000 
1.162312716e+000 1.943454472e+000 
1.073688188e+000 1.902218236e+000 
1.050297841e+000 1.880748350e+000 
1.212299310e+000 1.953116447e+000 
1.026570779e+000 1.850582674e+000 
1.061387285e+000 1.891856497e+000 
1.104449558e+000 1.921361783e+000 
1.076989922e+000 1.904365385e+000 
1.076594280e+000 1.904092500e+000 
1.078971385e+000 1.905752988e+000 
1.037367465e+000 1.866731450e+000 
1.083053283e+000 1.907981423e+000 
1.134438888e+000 1.934634967e+000 
1.117700412e+000 1.928463532e+000 
1.053327530e+000 1.883202135e+000 
1.140938745e+000 1.937077482e+000 
1.037956960e+000 1.867504940e+000 
1.035613084e+000 1.864702248e+000 
1.034575004e+000 1.863331017e+000 
1.033941465e+000 1.862629562e+000 
1.131572715e+000 1.933695016e+000 
1.052230111e+000 1.882562112e+000 
1.033939029e+000 1.862525200e+000 
1.067412648e+000 1.897267981e+000 
1.030484364e+000 1.857476682e+000 
1.079591643e+000 1.905945433e+000 
1.056043500e+000 1.886272497e+000 
1.033674137e+000 1.862030340e+000 
1.032024513e+000 1.859682489e+000 
1.064530070e+000 1.894813998e+000 
1.060027300e+000 1.890384705e+000 
1.031694012e+000 1.859254203e+000 
1.030929283e+000 1.858175085e+000 
1.119691461e+000 1.928613883e+000 
1.116514541e+000 1.927732454e+000 
1.078750541e+000 1.905567155e+000 
1.044633895e+000 1.875034987e+000 
1.130046692e+000 1.933095953e+000 
1.132192798e+000 1.934254014e+000 
1.041156597e+000 1.871124606e+000 
1.139606321e+000 1.936540006e+000 
1.029924561e+000 1.856404224e+000 
1.042246234e+000 1.872373133e+000 
1.119593702e+000 1.928514724e+000 
1.120072128e+000 1.928972773e+000 
1.046503014e+000 1.876923319e+000 
1.048280068e+000 1.878735364e+000 
1.075344422e+000 1.903169433e+000 
1.044455723e+000 1.874717242e+000 
1.073547847e+000 1.901982195e+000 
1.147268640e+000 1.938756885e+000 
1.160438257e+000 1.942881522e+000 
1.080667339e+000 1.906670501e+000 
1.128418996e+000 1.932504700e+000 
1.052698099e+000 1.882870756e+000 
1.026959495e+000 1.851250891e+000 
1.080712024e+000 1.906785442e+000 
1.047165625e+000 1.877609789e+000 
1.094792949e+000 1.915174016e+000 
1.184272201e+000 1.949587362e+000 
1.096387335e+000 1.916134364e+000 
1.152852775e+000 1.940145821e+000 
1.041472654e+000 1.871565827e+000 
1.162177321e+000 1.943277029e+000 
1.041318214e+000 1.871358736e+000 
1.106606188e+000 1.922683252e+000 
1.164291719e+000 1.944164030e+000 
1.067533352e+000 1.897300146e+000 
1.066922650e+000 1.896732596e+000 
1.041967241e+000 1.872094960e+000 
1.081774888e+000 1.907325766e+000 
1.079937474e+000 1.906191945e+000 
1.153278325e+000 1.940307180e+000 
1.051015994e+000 1.881403074e+000 
1.092459855e+000 1.914016294e+000 
1.043191396e+000 1.873379261e+000 
1.050668081e+000 1.881051965e+000 
1.059110053e+000 1.889287436e+000 
1.163412497e+000 1.943753153e+000 
1.052010572e+000 1.882433985e+000 
1.161564486e+000 1.943223183e+000 
1.167774154e+000 1.944921874e+000 
1.183287187e+000 1.949261011e+000 
1.179089938e+000 1.948490025e+000 
1.176492621e+000 1.948159568e+000 
1.186888545e+000 1.950422370e+000 
1.185240675e+000 1.950078048e+000 
1.186069464e+000 1.950170041e+000 
1.054729566e+000 1.885023412e+000 
1.053743099e+000 1.884205680e+000 
1.069604303e+000 1.898641079e+000 
1.126264775e+000 1.931389524e+000 
1.125587211e+000 1.931096972e+000 
1.171686484e+000 1.945853829e+000 
1.163603371e+000 1.943889822e+000 
1.050523318e+000 1.880861199e+000 
1.090350909e+000 1.912497968e+000 
1.057839258e+000 1.888148831e+000 
1.166449460e+000 1.944774043e+000 
1.190418579e+000 1.950958802e+000 
1.205609276e+000 1.952927412e+000 
1.198532700e+000 1.952079822e+000 
1.134917411e+000 1.934778375e+000 
1.070548052e+000 1.899635585e+000 
1.104080154e+000 1.920688536e+000 
1.068411266e+000 1.897729841e+000 
1.157628394e+000 1.941913000e+000 
1.152500999e+000 1.940021320e+000 
1.155890908e+000 1.941137685e+000 
1.168490907e+000 1.945165093e+000 
1.156825127e+000 1.941681017e+000 
1.155669750e+000 1.941055340e+000 
1.015497010e+000 1.073685997e+000 
1.015872653e+000 1.074236163e+000 
1.016272319e+000 1.074746852e+000 
1.015191748e+000 1.073287642e+000 
1.015130463e+000 1.073133100e+000 
1.016050457e+000 1.074478356e+000 
1.014775808e+000 1.072295680e+000 
1.015345528e+000 1.073565611e+000 
1.018346871e+000 1.167254914e+000 
1.018616331e+000 1.167542034e+000 
1.018340754e+000 1.167245920e+000 
1.019088597e+000 1.168080572e+000 
1.015858353e+000 1.073813510e+000 
1.014383974e+000 1.072175561e+000 
1.014966579e+000 1.072810116e+000 
1.003532329e+000 1.005460048e+000 
1.003948385e+000 1.005611665e+000 
1.003589931e+000 1.005491726e+000 
1.003690855e+000 1.005505036e+000 
1.003488909e+000 1.005425482e+000 
1.003498828e+000 1.005459924e+000 
1.002879473e+000 1.005091897e+000 
1.008704230e+000 1.013253137e+000 
1.004598184e+000 1.011770076e+000 
1.008129011e+000 1.013093076e+000 
1.004803958e+000 1.011929671e+000 
1.004017944e+000 1.011299241e+000 
1.006176621e+000 1.012568531e+000 
1.004761022e+000 1.011913924e+000 
1.004434044e+000 1.011620374e+000 
1.010457750e+000 1.013716886e+000 
1.004235354e+000 1.011449979e+000 
1.005350870e+000 1.012279124e+000 
1.004843667e+000 1.011960349e+000 
1.006565583e+000 1.012695562e+000 
1.008214733e+000 1.013100186e+000 
1.007408664e+000 1.012926312e+000 
1.007179617e+000 1.012876367e+000 
1.006702004e+000 1.012727406e+000 
1.006891830e+000 1.012818915e+000 
1.005307933e+000 1.012263374e+000 
1.004680829e+000 1.011815903e+000 
1.004344922e+000 1.011592790e+000 
1.004516689e+000 1.011666809e+000 
1.007331131e+000 1.012907680e+000 
1.006313042e+000 1.012600375e+000 
1.005055999e+000 1.012119278e+000 
1.007218714e+000 1.012878254e+000 
1.008252171e+000 1.013192184e+000 
1.010108811e+000 1.013675991e+000 
1.006261999e+000 1.012584716e+000 
1.007729825e+000 1.013042279e+000 
1.009384161e+000 1.013414147e+000 
1.009165366e+000 1.013394125e+000 
1.005192419e+000 1.012151609e+000 
1.008664816e+000 1.013251712e+000 
1.009113895e+000 1.013377849e+000 
1.009936322e+000 1.013564562e+000 
1.010189568e+000 1.013682744e+000 
1.008597195e+000 1.013235998e+000 
1.010909339e+000 1.013841926e+000 
1.009952236e+000 1.013573753e+000 
1.006541964e+000 1.012693771e+000 
1.005950403e+000 1.012487183e+000 
1.008889134e+000 1.013339428e+000 
1.016920187e+000 1.119177215e+000 
1.016483295e+000 1.118127777e+000 
1.017488051e+000 1.120010424e+000 
1.017450338e+000 1.119715676e+000 
1.016870226e+000 1.118745136e+000 
1.018260093e+000 1.121158421e+000 
1.016491737e+000 1.118459793e+000 
1.017612011e+000 1.120218173e+000 
1.017044147e+000 1.119384934e+000 
1.017867263e+000 1.120510245e+000 
1.000054178e+000 1.000000978e+000 
1.000007228e+000 1.000000084e+000 
1.000036816e+000 1.000000141e+000 
1.000046950e+000 1.000000894e+000 
1.000000000e+000 1.000000000e+000 
1.021172732e+000 1.289511150e+000 
1.019250287e+000 1.286103675e+000 
1.019880421e+000 1.287303462e+000 
1.021408828e+000 1.290503161e+000 
1.020632849e+000 1.288203034e+000 
1.020928240e+000 1.289465846e+000 
1.019809743e+000 1.286581937e+000 
1.020683946e+000 1.289187698e+000 
1.022716423e+000 1.292222224e+000 
1.023585082e+000 1.293238553e+000 
1.022694360e+000 1.292021613e+000 
1.249911876e+000 1.968675915e+000 
1.710273861e+000 1.999971749e+000 
1.251669841e+000 1.969071408e+000 
1.371456718e+000 1.988441572e+000 
1.710718878e+000 1.999985907e+000 
1.280642011e+000 1.977103801e+000 
1.236885708e+000 1.963804184e+000 
1.233412591e+000 1.962463461e+000 
1.240027915e+000 1.964986078e+000 
1.242582827e+000 1.966230327e+000 
1.714074656e+000 2.000000000e+000 
1.241555899e+000 1.965655012e+000 
1.250744386e+000 1.968824008e+000 
1.251303256e+000 1.968984002e+000 
1.218055789e+000 1.956233596e+000 
1.260696930e+000 1.971643160e+000 
1.226077597e+000 1.959761949e+000 
1.283653240e+000 1.977961034e+000 
1.266737660e+000 1.973273760e+000 
1.262918765e+000 1.972643088e+000 
1.243219245e+000 1.967035592e+000 
1.252387878e+000 1.969434391e+000 
1.256119033e+000 1.971041724e+000 
1.260715504e+000 1.971700613e+000 
1.247471853e+000 1.967907228e+000 
1.278075160e+000 1.977033124e+000 
1.358517886e+000 1.987476684e+000 
1.256545560e+000 1.971239791e+000 
1.249477741e+000 1.968472898e+000 
1.224814443e+000 1.959053991e+000 
1.273116392e+000 1.975752867e+000 
1.251889525e+000 1.969417300e+000 
1.228142718e+000 1.960895447e+000 
1.228900406e+000 1.961576161e+000 
1.258258709e+000 1.971601199e+000 
1.215201785e+000 1.955503384e+000 
1.274970752e+000 1.976413670e+000 
1.388170386e+000 1.989583887e+000 
1.257162120e+000 1.971321037e+000 
1.226403007e+000 1.960512078e+000 
1.225111604e+000 1.959677806e+000 
1.224906492e+000 1.959650837e+000 
1.706148499e+000 1.999957978e+000 
1.224897520e+000 1.959435294e+000 
1.274040534e+000 1.975856957e+000 
1.242919408e+000 1.966371643e+000 
1.216720723e+000 1.955992240e+000 
1.217975885e+000 1.956162644e+000 
1.239676091e+000 1.964857712e+000 
1.213432120e+000 1.954333325e+000 
1.214127476e+000 1.954762831e+000 
1.273816776e+000 1.975777340e+000 
1.311843179e+000 1.981991895e+000 
1.274240132e+000 1.976110714e+000 
1.255762501e+000 1.970631109e+000 
1.255957406e+000 1.970827393e+000 
1.270445491e+000 1.974831132e+000 
1.274961080e+000 1.976206224e+000 
1.254083822e+000 1.970081508e+000 
1.271677582e+000 1.975298847e+000 
1.245913926e+000 1.967832262e+000 
1.244572260e+000 1.967398489e+000 
1.308283285e+000 1.981612065e+000 
1.341421491e+000 1.985710032e+000 
1.701068070e+000 1.999944792e+000 
1.254265965e+000 1.970169811e+000 
1.254571461e+000 1.970528769e+000 
1.697178760e+000 1.999917795e+000 
1.310541119e+000 1.981685337e+000 
1.287808352e+000 1.978467975e+000 
1.269074259e+000 1.973903549e+000 
1.218518658e+000 1.956787365e+000 
1.284428873e+000 1.977988297e+000 
1.284673413e+000 1.978244163e+000 
1.238252649e+000 1.964509679e+000 
1.222425334e+000 1.958244682e+000 
1.327289805e+000 1.983794929e+000 
1.222942106e+000 1.958733950e+000 
1.319577749e+000 1.982991543e+000 
1.333961775e+000 1.984932902e+000 
1.334574409e+000 1.984956652e+000 
1.330596471e+000 1.984804373e+000 
1.221431987e+000 1.957489441e+000 
1.698155698e+000 1.999934377e+000 
1.328129097e+000 1.984128051e+000 
1.224674473e+000 1.959015428e+000 
1.264842562e+000 1.973000377e+000 
1.240294263e+000 1.965517025e+000 
1.288899367e+000 1.978732385e+000 
1.290744970e+000 1.979059507e+000 
1.293171857e+000 1.979410942e+000 
1.222041273e+000 1.957762992e+000 
1.290013648e+000 1.978936150e+000 
1.323176778e+000 1.983496685e+000 
1.221117998e+000 1.957201681e+000 
1.293922796e+000 1.979498728e+000 
1.678691261e+000 1.999831050e+000 
1.269582443e+000 1.974535012e+000 
1.269110608e+000 1.974137751e+000 
1.302216792e+000 1.981120403e+000 
1.267982596e+000 1.973865278e+000 
1.304530906e+000 1.981211393e+000 
1.281997513e+000 1.977396225e+000 
1.267465779e+000 1.973632827e+000 
1.304818178e+000 1.981276535e+000 
1.303352021e+000 1.981142225e+000 
1.345372051e+000 1.986513265e+000 
1.693219263e+000 1.999915308e+000 
1.311613994e+000 1.981920608e+000 
1.298236543e+000 1.980666248e+000 
1.342847593e+000 1.986209528e+000 
1.327524696e+000 1.984049805e+000 
1.282887886e+000 1.977708722e+000 
1.337511162e+000 1.985505670e+000 
1.343920761e+000 1.986338605e+000 
1.319325155e+000 1.982819446e+000 
1.231257077e+000 1.961902757e+000 
1.339089884e+000 1.985690283e+000 
1.233243302e+000 1.962399339e+000 
1.334960503e+000 1.985298129e+000 
1.234135737e+000 1.962615402e+000 
1.685745089e+000 1.999895190e+000 
1.235808750e+000 1.963632065e+000 
1.231814000e+000 1.962283272e+000 
1.236466931e+000 1.963686204e+000 
1.341979486e+000 1.985969934e+000 
1.687772627e+000 1.999910875e+000 
1.681866152e+000 1.999864867e+000 
1.234621611e+000 1.962780179e+000 
1.240271745e+000 1.964988138e+000 
1.672802743e+000 1.999748003e+000 
1.388116572e+000 1.989385125e+000 
1.672949149e+000 1.999807102e+000 
1.674594362e+000 1.999814826e+000 
1.666284687e+000 1.999718581e+000 
1.362404305e+000 1.987768983e+000 
1.661895541e+000 1.999686599e+000 
1.433736967e+000 1.993322749e+000 
1.439913155e+000 1.993602986e+000 
1.437103675e+000 1.993522860e+000 
1.441998979e+000 1.993810238e+000 
1.358645039e+000 1.987508266e+000 
1.662444554e+000 1.999686750e+000 
1.657238004e+000 1.999594450e+000 
1.654377356e+000 1.999570327e+000 
1.656688991e+000 1.999594299e+000 
1.353493942e+000 1.987174455e+000 
1.350554426e+000 1.986877062e+000 
1.367562335e+000 1.988158898e+000 
1.319108719e+000 1.982728497e+000 
1.322802820e+000 1.983287419e+000 
1.321547320e+000 1.983148071e+000 
1.649707089e+000 1.999539997e+000 
1.367096280e+000 1.988090085e+000 
1.356680504e+000 1.987386119e+000 
1.351962436e+000 1.986943952e+000 
1.638289318e+000 1.999455062e+000 
1.639460071e+000 1.999533500e+000 
1.462002621e+000 1.994982764e+000 
1.468042933e+000 1.995259763e+000 
1.636319884e+000 1.999443519e+000 
1.633000465e+000 1.999443201e+000 
1.484897771e+000 1.996035348e+000 
1.489019521e+000 1.996148583e+000 
1.429925729e+000 1.993051045e+000 
1.487846020e+000 1.996115974e+000 
1.474626117e+000 1.995492930e+000 
1.609043092e+000 1.998925687e+000 
1.425137332e+000 1.992738777e+000 
1.474950423e+000 1.995496170e+000 
1.470590947e+000 1.995344230e+000 
1.597111941e+000 1.998835027e+000 
1.421006929e+000 1.992494854e+000 
1.613300797e+000 1.999261454e+000 
1.604701115e+000 1.998876261e+000 
1.631340535e+000 1.999343243e+000 
1.451011310e+000 1.994276945e+000 
1.627561109e+000 1.999325658e+000 
1.623425929e+000 1.999324038e+000 
1.448389204e+000 1.994184207e+000 
1.550934249e+000 1.997974308e+000 
1.393211736e+000 1.990483196e+000 
1.394331273e+000 1.990726831e+000 
1.390035752e+000 1.990221603e+000 
1.388262491e+000 1.990138781e+000 
1.445694080e+000 1.993861588e+000 
1.388421362e+000 1.990187660e+000 
1.499931080e+000 1.996534575e+000 
1.446508755e+000 1.993990711e+000 
1.615764598e+000 1.999300730e+000 
1.547332631e+000 1.997961362e+000 
1.406994196e+000 1.991468472e+000 
1.398436923e+000 1.990877150e+000 
1.602670085e+000 1.998840058e+000 
1.409488786e+000 1.991544572e+000 
1.393192702e+000 1.990449660e+000 
1.418995849e+000 1.992256861e+000 
1.482101027e+000 1.996004532e+000 
1.416792945e+000 1.992156478e+000 
1.405326933e+000 1.991338404e+000 
1.379348298e+000 1.989238240e+000 
1.544839255e+000 1.997865325e+000 
1.408344175e+000 1.991469966e+000 
1.459965244e+000 1.994734835e+000 
1.613247229e+000 1.999149029e+000 
1.453848435e+000 1.994584614e+000 
1.456969265e+000 1.994585169e+000 
1.458404347e+000 1.994701243e+000 
1.378204902e+000 1.989136096e+000 
1.377792171e+000 1.988970262e+000 
1.522524006e+000 1.997023789e+000 
1.513799109e+000 1.997006922e+000 
1.499577881e+000 1.996520429e+000 
1.510386322e+000 1.996838776e+000 
1.584229203e+000 1.998557444e+000 
1.576731746e+000 1.998435972e+000 
1.566476086e+000 1.998141666e+000 
1.559505223e+000 1.998035374e+000 
1.558143005e+000 1.998003083e+000 
1.585253724e+000 1.998578254e+000 
1.583437809e+000 1.998529121e+000 
1.508574114e+000 1.996794562e+000 
1.534602584e+000 1.997611235e+000 
1.503858856e+000 1.996665299e+000 
1.540816373e+000 1.997772203e+000 
1.533437354e+000 1.997588618e+000 
1.366632332e+000 1.987983725e+000 
1.532518589e+000 1.997484486e+000 
1.537078474e+000 1.997720353e+000 
1.567216396e+000 1.998150962e+000 
1.531434431e+000 1.997477089e+000 
1.497285665e+000 1.996502135e+000 
1.527945456e+000 1.997179219e+000 
1.573118027e+000 1.998342254e+000 
1.592955967e+000 1.998759949e+000 
1.523567989e+000 1.997106750e+000 
1.590369299e+000 1.998663462e+000 
1.490474972e+000 1.996201551e+000 
1.374998896e+000 1.988718099e+000 
1.381965381e+000 1.989255251e+000 
1.477201089e+000 1.995609690e+000 

