1.044765284e+000 1.872068668e+000 
1.065326037e+000 1.889545690e+000 
1.075702981e+000 1.896709674e+000 
1.052245642e+000 1.878967856e+000 
1.022023501e+000 1.848314829e+000 
1.039087527e+000 1.866594531e+000 
1.062531374e+000 1.887399322e+000 
1.022421862e+000 1.848684393e+000 
1.067515804e+000 1.890806339e+000 
1.123261454e+000 1.923779594e+000 
1.112740471e+000 1.918510208e+000 
1.104313735e+000 1.914416177e+000 
1.023581719e+000 1.849911593e+000 
1.015512439e+000 1.837554384e+000 
1.033395834e+000 1.860776532e+000 
1.023661801e+000 1.850265630e+000 
1.022746763e+000 1.848894243e+000 
1.124259656e+000 1.924218070e+000 
1.125961554e+000 1.925053749e+000 
1.036946596e+000 1.864444806e+000 
1.024956374e+000 1.851652415e+000 
1.085890516e+000 1.903919863e+000 
1.156104401e+000 1.937459403e+000 
1.050774156e+000 1.877698781e+000 
1.045558304e+000 1.873365157e+000 
1.015433229e+000 1.837528288e+000 
1.029004730e+000 1.856050383e+000 
1.039902299e+000 1.867757801e+000 
1.075382466e+000 1.896390498e+000 
1.042213801e+000 1.870132980e+000 
1.046960314e+000 1.874791805e+000 
1.043585034e+000 1.871387978e+000 
1.143751448e+000 1.932002389e+000 
1.045126401e+000 1.872245925e+000 
1.016456250e+000 1.839533826e+000 
1.169912178e+000 1.942034106e+000 
1.032708453e+000 1.860053826e+000 
1.128457785e+000 1.925967109e+000 
1.019902911e+000 1.845318840e+000 
1.121942510e+000 1.922883540e+000 
1.012789499e+000 1.832399463e+000 
1.026557989e+000 1.853345344e+000 
1.028389691e+000 1.855465338e+000 
1.009019157e+000 1.823832328e+000 
1.156093722e+000 1.937435333e+000 
1.038531066e+000 1.866502803e+000 
1.017739007e+000 1.841641641e+000 
1.032772373e+000 1.860078226e+000 
1.115586028e+000 1.920416245e+000 
1.030027991e+000 1.857414898e+000 
1.038370441e+000 1.866091620e+000 
1.018620154e+000 1.843209655e+000 
1.134551822e+000 1.928501234e+000 
1.010570001e+000 1.827175930e+000 
1.011706021e+000 1.829508013e+000 
1.011820750e+000 1.830487918e+000 
1.009882076e+000 1.826342364e+000 
1.011018096e+000 1.828700327e+000 
1.010960734e+000 1.828482600e+000 
1.050132594e+000 1.877352803e+000 
1.121369836e+000 1.922342298e+000 
1.009269144e+000 1.823876399e+000 
1.106130889e+000 1.914756059e+000 
1.009707081e+000 1.824655333e+000 
1.094477279e+000 1.908603107e+000 
1.017484134e+000 1.841188189e+000 
1.118064584e+000 1.921567446e+000 
1.116584229e+000 1.920794738e+000 
1.021727748e+000 1.847604822e+000 
1.013860499e+000 1.834459599e+000 
1.012729041e+000 1.831572831e+000 
1.026628737e+000 1.853366576e+000 
1.016024403e+000 1.838136733e+000 
1.016376168e+000 1.839176814e+000 
1.082073552e+000 1.901115286e+000 
1.132745233e+000 1.927638812e+000 
1.074532977e+000 1.895870222e+000 
1.078177129e+000 1.898483808e+000 
1.112315437e+000 1.918453734e+000 
1.109251271e+000 1.916676096e+000 
1.023885392e+000 1.850372144e+000 
1.012843771e+000 1.832527027e+000 
1.092248978e+000 1.907240909e+000 
1.102150943e+000 1.912813970e+000 
1.019375884e+000 1.844156716e+000 
1.070210689e+000 1.892316439e+000 
1.128129692e+000 1.925120281e+000 
1.139872507e+000 1.930257952e+000 
1.135223789e+000 1.928823273e+000 
1.094280602e+000 1.908219172e+000 
1.097597662e+000 1.910581195e+000 
1.058223121e+000 1.884246304e+000 
1.025204080e+000 1.851848029e+000 
1.097794339e+000 1.910963625e+000 
1.013119775e+000 1.832890986e+000 
1.102419121e+000 1.913426838e+000 
1.066315577e+000 1.890366369e+000 
1.099344653e+000 1.911046762e+000 
1.012867621e+000 1.832767068e+000 
1.068617508e+000 1.892012079e+000 
1.048554546e+000 1.875913052e+000 
1.049321801e+000 1.876351005e+000 
1.096475395e+000 1.910055824e+000 
1.100887585e+000 1.912234999e+000 
1.056443672e+000 1.882904040e+000 
1.060028244e+000 1.885460943e+000 
1.017122640e+000 1.840144156e+000 
1.058556720e+000 1.884517728e+000 
1.037761368e+000 1.865674697e+000 
1.061351383e+000 1.886641079e+000 
1.091734381e+000 1.906859176e+000 
1.128326369e+000 1.925485451e+000 
1.015300333e+000 1.837410709e+000 
1.068192673e+000 1.891434965e+000 
1.111562177e+000 1.917907588e+000 
1.129660656e+000 1.926258720e+000 
1.065458764e+000 1.889676261e+000 
1.051439771e+000 1.878181579e+000 
1.048293011e+000 1.875667045e+000 
1.060784847e+000 1.886107109e+000 
1.143259243e+000 1.931489218e+000 
1.059238335e+000 1.885003427e+000 
1.068128617e+000 1.891319287e+000 
1.055120533e+000 1.881716189e+000 
1.111365500e+000 1.917513357e+000 
1.069447562e+000 1.892212747e+000 
1.025760341e+000 1.852345217e+000 
1.052826966e+000 1.879785096e+000 
1.039626295e+000 1.867349896e+000 
1.035022279e+000 1.862460571e+000 
1.041665991e+000 1.869355838e+000 
1.083851160e+000 1.902112056e+000 
1.087634136e+000 1.904236355e+000 
1.113961595e+000 1.918677602e+000 
1.158582957e+000 1.938665774e+000 
1.173078458e+000 1.943134910e+000 
1.035578540e+000 1.862935049e+000 
1.032143528e+000 1.859298827e+000 
1.099337123e+000 1.910974282e+000 
1.076305051e+000 1.896878681e+000 
1.071098123e+000 1.893385485e+000 
1.071035523e+000 1.893040798e+000 
1.090415437e+000 1.905936018e+000 
1.090975183e+000 1.906704639e+000 
1.083600165e+000 1.902054836e+000 
1.082444961e+000 1.901178934e+000 
1.150874559e+000 1.935069315e+000 
1.084806332e+000 1.902808974e+000 
1.155504648e+000 1.937140489e+000 
1.153194698e+000 1.936410222e+000 
1.166493869e+000 1.941535817e+000 
1.164876035e+000 1.940582986e+000 
1.146405154e+000 1.933208648e+000 
1.077980615e+000 1.898134507e+000 
1.079507227e+000 1.899074298e+000 
1.147403356e+000 1.933637307e+000 
1.161805831e+000 1.940007046e+000 
1.157256343e+000 1.938441958e+000 
1.171452366e+000 1.942666420e+000 
1.163873839e+000 1.940134905e+000 
1.154192900e+000 1.936864419e+000 
1.000306875e+000 1.000829379e+000 
1.000190488e+000 1.000813074e+000 
1.000306731e+000 1.000827887e+000 
1.003840281e+000 1.064535535e+000 
1.004105631e+000 1.064676746e+000 
1.004465970e+000 1.065410186e+000 
1.004200620e+000 1.065248973e+000 
1.003897058e+000 1.064553246e+000 
1.004679159e+000 1.065571791e+000 
1.002030614e+000 1.028619626e+000 
9.999999992e-001 1.000000339e+000 
1.000000143e+000 1.000000763e+000 
1.001286314e+000 1.002936109e+000 
1.000558542e+000 1.002896831e+000 
1.001805842e+000 1.002954245e+000 
1.000554063e+000 1.002890346e+000 
1.001146464e+000 1.002909704e+000 
1.000464636e+000 1.002890087e+000 
1.000464493e+000 1.002889760e+000 
1.001110487e+000 1.002905875e+000 
1.001403892e+000 1.002946956e+000 
1.001321059e+000 1.002939163e+000 
1.000943635e+000 1.002904709e+000 
1.001497798e+000 1.002953700e+000 
1.000755730e+000 1.002903103e+000 
1.000727899e+000 1.002902471e+000 
1.000915804e+000 1.002904078e+000 
1.001918802e+000 1.008274310e+000 
1.002015184e+000 1.008281746e+000 
1.001815089e+000 1.008151237e+000 
1.004762610e+000 1.068682772e+000 
1.002455400e+000 1.033143338e+000 
1.003134914e+000 1.033998964e+000 
1.003526625e+000 1.034102963e+000 
1.002549450e+000 1.033176997e+000 
1.002232476e+000 1.033137921e+000 
1.003209651e+000 1.034042931e+000 
1.003791457e+000 1.034135022e+000 
1.005190275e+000 1.438893288e+000 
1.005609908e+000 1.439374938e+000 
1.007100395e+000 1.442243119e+000 
1.004828302e+000 1.437482867e+000 
1.005355441e+000 1.439120558e+000 
1.006329033e+000 1.440701562e+000 
1.007848275e+000 1.443630915e+000 
1.008699098e+000 1.444416368e+000 
1.008096135e+000 1.443940794e+000 
1.007010583e+000 1.441135984e+000 
1.007765839e+000 1.442908900e+000 
1.210625847e+000 1.958917496e+000 
1.200934701e+000 1.955865791e+000 
1.177248374e+000 1.945616961e+000 
1.362305792e+000 1.993446631e+000 
1.370490740e+000 1.994652532e+000 
1.317321778e+000 1.986640402e+000 
1.387198661e+000 1.996451262e+000 
1.206176101e+000 1.957400767e+000 
1.182774419e+000 1.948864523e+000 
1.180163864e+000 1.947916259e+000 
1.170499316e+000 1.942510265e+000 
1.207075832e+000 1.957780935e+000 
1.227210796e+000 1.964372648e+000 
1.287258115e+000 1.980957589e+000 
1.179392988e+000 1.947780900e+000 
1.208776600e+000 1.958199354e+000 
1.207657540e+000 1.957826175e+000 
1.209836469e+000 1.958900293e+000 
1.182093282e+000 1.948185120e+000 
1.194552538e+000 1.953241691e+000 
1.190947761e+000 1.952402728e+000 
1.190440958e+000 1.952387037e+000 
1.183178027e+000 1.949614499e+000 
1.192836062e+000 1.953224153e+000 
1.291066413e+000 1.981827784e+000 
1.295736817e+000 1.983020143e+000 
1.280728773e+000 1.979280470e+000 
1.196386077e+000 1.954396164e+000 
1.197445947e+000 1.955090638e+000 
1.288155929e+000 1.981313187e+000 
1.297124020e+000 1.983089077e+000 
1.178067385e+000 1.946470010e+000 
1.171269556e+000 1.942542742e+000 
1.222505391e+000 1.962733457e+000 
1.186728041e+000 1.950773402e+000 
1.192129534e+000 1.952789499e+000 
1.378203522e+000 1.995344853e+000 
1.324868092e+000 1.988167038e+000 
1.188579519e+000 1.951596810e+000 
1.184237896e+000 1.950308972e+000 
1.233909968e+000 1.966412264e+000 
1.320572485e+000 1.987355926e+000 
1.182847762e+000 1.949146933e+000 
1.258278705e+000 1.973654315e+000 
1.274102686e+000 1.978195392e+000 
1.282226853e+000 1.979727701e+000 
1.331523974e+000 1.989448639e+000 
1.231532602e+000 1.965806681e+000 
1.182589610e+000 1.948442044e+000 
1.233379944e+000 1.966371221e+000 
1.229210752e+000 1.965108380e+000 
1.275934379e+000 1.978221340e+000 
1.521088846e+000 1.999909061e+000 
1.277574239e+000 1.978988859e+000 
1.235700266e+000 1.967363630e+000 
1.173763764e+000 1.944783582e+000 
1.232150252e+000 1.966175047e+000 
1.177408625e+000 1.945751274e+000 
1.232921128e+000 1.966300980e+000 
1.174769010e+000 1.944928307e+000 
1.396406304e+000 1.997269964e+000 
1.223715500e+000 1.963423842e+000 
1.366524319e+000 1.993948312e+000 
1.169734999e+000 1.941680422e+000 
1.179101113e+000 1.946767599e+000 
1.257507829e+000 1.973559638e+000 
1.277910984e+000 1.979040655e+000 
1.275940582e+000 1.978442122e+000 
1.263402129e+000 1.975155293e+000 
1.173231501e+000 1.944007268e+000 
1.394303823e+000 1.997243437e+000 
1.285025636e+000 1.980367808e+000 
1.235327138e+000 1.966603127e+000 
1.393948317e+000 1.997183427e+000 
1.377679707e+000 1.995320706e+000 
1.334746150e+000 1.989449213e+000 
1.330969085e+000 1.989162496e+000 
1.402923476e+000 1.997465242e+000 
1.328624799e+000 1.988656104e+000 
1.173669149e+000 1.944009696e+000 
1.328069870e+000 1.988547384e+000 
1.393149485e+000 1.997156164e+000 
1.301530403e+000 1.983483051e+000 
1.319940037e+000 1.987334658e+000 
1.207998620e+000 1.957853686e+000 
1.272748027e+000 1.977591838e+000 
1.300510841e+000 1.983443825e+000 
1.195157048e+000 1.953294621e+000 
1.264017872e+000 1.975167499e+000 
1.549664010e+000 2.000000000e+000 
1.435987224e+000 1.998318908e+000 
1.257857378e+000 1.973573407e+000 
1.489989617e+000 1.999498412e+000 
1.195680497e+000 1.953693292e+000 
1.250190710e+000 1.971416019e+000 
1.323020455e+000 1.987773056e+000 
1.208555459e+000 1.957908629e+000 
1.313786363e+000 1.986301662e+000 
1.376686348e+000 1.995129996e+000 
1.253240056e+000 1.972134934e+000 
1.245010570e+000 1.970115959e+000 
1.245535985e+000 1.970268723e+000 
1.418330398e+000 1.998017404e+000 
1.231033200e+000 1.965320169e+000 
1.315764983e+000 1.986618674e+000 
1.172424061e+000 1.943079718e+000 
1.439535873e+000 1.998331987e+000 
1.539756912e+000 1.999928672e+000 
1.258716958e+000 1.974084108e+000 
1.234583214e+000 1.966510718e+000 
1.260278561e+000 1.974830472e+000 
1.273269332e+000 1.977672340e+000 
1.540042870e+000 1.999929754e+000 
1.419563010e+000 1.998195396e+000 
1.317493737e+000 1.986925657e+000 
1.182081892e+000 1.948012958e+000 
1.440337232e+000 1.998634767e+000 
1.413639846e+000 1.997953393e+000 
1.433012958e+000 1.998313035e+000 
1.270243134e+000 1.977297325e+000 
1.251787345e+000 1.971931068e+000 
1.225560963e+000 1.964276327e+000 
1.480677844e+000 1.999389164e+000 
1.271201594e+000 1.977354466e+000 
1.261512980e+000 1.974837181e+000 
1.221078628e+000 1.962283254e+000 
1.423025040e+000 1.998277697e+000 
1.172148101e+000 1.942788573e+000 
1.485448606e+000 1.999422994e+000 
1.335363602e+000 1.989575107e+000 
1.369615502e+000 1.994375292e+000 
1.315430890e+000 1.986538375e+000 
1.407917564e+000 1.997531385e+000 
1.471719862e+000 1.999232671e+000 
1.486091156e+000 1.999439313e+000 
1.377168300e+000 1.995313096e+000 
1.310858594e+000 1.985626486e+000 
1.371603203e+000 1.995046862e+000 
1.305314506e+000 1.984442804e+000 
1.303645229e+000 1.984169524e+000 
1.400961661e+000 1.997418209e+000 
1.298432669e+000 1.983202156e+000 
1.302240967e+000 1.984040847e+000 
1.478809556e+000 1.999269110e+000 
1.390169586e+000 1.996544456e+000 
1.263077768e+000 1.975143500e+000 
1.370308436e+000 1.994403818e+000 
1.380160366e+000 1.995545145e+000 
1.262915348e+000 1.974985212e+000 
1.505881734e+000 1.999884270e+000 
1.376963339e+000 1.995143613e+000 
1.494297042e+000 1.999627662e+000 
1.488377788e+000 1.999461090e+000 
1.335779677e+000 1.989788480e+000 
1.240115719e+000 1.968385115e+000 
1.336496299e+000 1.990215109e+000 
1.497343368e+000 1.999793048e+000 
1.338162190e+000 1.990416337e+000 
1.366933776e+000 1.994348672e+000 
1.479654688e+000 1.999341017e+000 
1.308719380e+000 1.985116075e+000 
1.466106564e+000 1.999063298e+000 
1.312527678e+000 1.985954767e+000 
1.468109604e+000 1.999112780e+000 
1.362885002e+000 1.993934789e+000 
1.384549662e+000 1.995876600e+000 
1.358215574e+000 1.993188351e+000 
1.350174227e+000 1.991950875e+000 
1.348824777e+000 1.991763551e+000 
1.348490684e+000 1.991738467e+000 
1.342542007e+000 1.991142495e+000 
1.255397104e+000 1.972794073e+000 
1.355069259e+000 1.992591249e+000 
1.204755003e+000 1.956612299e+000 
1.217706072e+000 1.961448855e+000 
1.204491442e+000 1.956550499e+000 
1.247870812e+000 1.970951029e+000 
1.255626196e+000 1.972924274e+000 
1.236084405e+000 1.967367867e+000 
1.214156057e+000 1.960317516e+000 
1.214628417e+000 1.960408384e+000 
1.379366438e+000 1.995527923e+000 
1.339626677e+000 1.990493330e+000 
1.244710962e+000 1.970051953e+000 
1.210645357e+000 1.959050889e+000 
1.205591833e+000 1.957067548e+000 
1.206050114e+000 1.957398641e+000 
1.206805646e+000 1.957612599e+000 
1.295118043e+000 1.982428757e+000 
1.327917121e+000 1.988488283e+000 
1.256770076e+000 1.973388104e+000 
1.406493309e+000 1.997494002e+000 
1.247306235e+000 1.970587264e+000 
1.463177994e+000 1.998892820e+000 
1.458300139e+000 1.998714312e+000 

