1.055027568e+000 1.829822737e+000 
1.022305012e+000 1.774631434e+000 
1.038608643e+000 1.805255198e+000 
1.056973308e+000 1.832696887e+000 
1.065246851e+000 1.843426136e+000 
1.162327630e+000 1.923701703e+000 
1.131941973e+000 1.906102849e+000 
1.071663038e+000 1.851254230e+000 
1.147135766e+000 1.915116938e+000 
1.048241106e+000 1.819936099e+000 
1.026238860e+000 1.782357998e+000 
1.046708240e+000 1.818164736e+000 
1.029714224e+000 1.789242681e+000 
1.063576345e+000 1.841445537e+000 
1.017281244e+000 1.760360790e+000 
1.044885287e+000 1.814704940e+000 
1.157587613e+000 1.920452553e+000 
1.029567619e+000 1.788838525e+000 
1.023183638e+000 1.776351188e+000 
1.016690077e+000 1.756529264e+000 
1.156386228e+000 1.919663694e+000 
1.016619132e+000 1.756143640e+000 
1.159573797e+000 1.922204741e+000 
1.023364136e+000 1.776663859e+000 
1.071862095e+000 1.851256522e+000 
1.056624700e+000 1.832649884e+000 
1.016867361e+000 1.758626786e+000 
1.119706268e+000 1.895832301e+000 
1.031527447e+000 1.792762143e+000 
1.114032892e+000 1.890523230e+000 
1.144310880e+000 1.913864451e+000 
1.067105530e+000 1.845862724e+000 
1.097256382e+000 1.875245061e+000 
1.125707867e+000 1.900812404e+000 
1.071258937e+000 1.849922832e+000 
1.150189988e+000 1.917403441e+000 
1.078406592e+000 1.858322432e+000 
1.075155007e+000 1.854588398e+000 
1.076626456e+000 1.856566705e+000 
1.148137729e+000 1.916765930e+000 
1.096502046e+000 1.874106985e+000 
1.076825513e+000 1.856568997e+000 
1.087052621e+000 1.866781988e+000 
1.019191455e+000 1.767415198e+000 
1.074955950e+000 1.854586107e+000 
1.153592387e+000 1.918660182e+000 
1.122902696e+000 1.899032842e+000 
1.018492287e+000 1.765266916e+000 
1.073497416e+000 1.852216210e+000 
1.022943755e+000 1.775739747e+000 
1.030208126e+000 1.790001564e+000 
1.097717837e+000 1.875283750e+000 
1.096864746e+000 1.875170287e+000 
1.069992532e+000 1.849273631e+000 
1.016280541e+000 1.754067840e+000 
1.018424958e+000 1.765150849e+000 
1.016456408e+000 1.754583646e+000 
1.034107534e+000 1.797662486e+000 
1.030802683e+000 1.791516469e+000 
1.072717156e+000 1.852184877e+000 
1.030022073e+000 1.789734131e+000 
1.032296436e+000 1.794388940e+000 
1.018604699e+000 1.765432863e+000 
1.019113843e+000 1.767285062e+000 
1.017760264e+000 1.762650141e+000 
1.162660774e+000 1.924730868e+000 
1.068238954e+000 1.846719616e+000 
1.069413805e+000 1.848361011e+000 
1.068438010e+000 1.846721907e+000 
1.074588618e+000 1.853670276e+000 
1.063209012e+000 1.840529706e+000 
1.129820529e+000 1.904986737e+000 
1.020922495e+000 1.771820942e+000 
1.022567596e+000 1.775224488e+000 
1.018934102e+000 1.767003048e+000 
1.066738198e+000 1.844946893e+000 
1.083908799e+000 1.863534388e+000 
1.067889950e+000 1.846120994e+000 
1.144208578e+000 1.913768464e+000 
1.103488212e+000 1.880962870e+000 
1.150087686e+000 1.917307454e+000 
1.066996156e+000 1.845524479e+000 
1.066127867e+000 1.844142668e+000 
1.096300700e+000 1.874008013e+000 
1.070191589e+000 1.849275923e+000 
1.067304587e+000 1.845865015e+000 
1.055933699e+000 1.831177984e+000 
1.044039416e+000 1.813558318e+000 
1.061519933e+000 1.838633394e+000 
1.061718989e+000 1.838635686e+000 
1.050146722e+000 1.823014059e+000 
1.076051209e+000 1.854989089e+000 
1.146151545e+000 1.915015160e+000 
1.058632931e+000 1.835222487e+000 
1.057996873e+000 1.834011388e+000 
1.159471495e+000 1.922108754e+000 
1.057583210e+000 1.833427984e+000 
1.095724315e+000 1.873637609e+000 
1.085446175e+000 1.864826467e+000 
1.045734390e+000 1.816058370e+000 
1.082386940e+000 1.861785520e+000 
1.128886232e+000 1.903826740e+000 
1.164076222e+000 1.924738827e+000 
1.035310152e+000 1.799876004e+000 
1.157058852e+000 1.919724372e+000 
1.025838075e+000 1.781819822e+000 
1.026600415e+000 1.783147277e+000 
1.043154845e+000 1.812372214e+000 
1.049586699e+000 1.822655981e+000 
1.033683194e+000 1.796888032e+000 
1.016772947e+000 1.757134791e+000 
1.102681255e+000 1.880581675e+000 
1.051657098e+000 1.825550686e+000 
1.038261009e+000 1.804817622e+000 
1.031009642e+000 1.791630630e+000 
1.039356441e+000 1.806639318e+000 
1.031705774e+000 1.793272196e+000 
1.023526908e+000 1.777184979e+000 
1.022753650e+000 1.775471774e+000 
1.026494931e+000 1.782774553e+000 
1.045030300e+000 1.815286294e+000 
1.042721822e+000 1.811488739e+000 
1.047957488e+000 1.819729355e+000 
1.055486949e+000 1.830974318e+000 
1.145702642e+000 1.914546870e+000 
1.155317073e+000 1.919628830e+000 
1.047034935e+000 1.818510346e+000 
1.053935420e+000 1.828104481e+000 
1.036701825e+000 1.802137189e+000 
1.041051415e+000 1.809139369e+000 
1.043629828e+000 1.813006559e+000 
1.043056050e+000 1.812363421e+000 
1.049962124e+000 1.822953407e+000 
1.041361076e+000 1.809804494e+000 
1.048729909e+000 1.821069273e+000 
1.044546634e+000 1.814542928e+000 
1.034342163e+000 1.797915513e+000 
1.040877410e+000 1.809061128e+000 
1.038872775e+000 1.805837076e+000 
1.040453070e+000 1.808286675e+000 
1.042148044e+000 1.810845602e+000 
1.040143409e+000 1.807621550e+000 
1.033944827e+000 1.797218871e+000 
1.026166645e+000 1.782099717e+000 
1.027232043e+000 1.784246300e+000 
1.027680681e+000 1.785086454e+000 
1.103597491e+000 1.881444801e+000 
1.145426697e+000 1.914540187e+000 
1.139380332e+000 1.910296469e+000 
1.142001510e+000 1.912120623e+000 
1.038101479e+000 1.804390359e+000 
1.137341493e+000 1.909040042e+000 
1.127905738e+000 1.902713491e+000 
1.108302967e+000 1.885677018e+000 
1.105844618e+000 1.883351705e+000 
1.126570761e+000 1.901924896e+000 
1.112752212e+000 1.889289297e+000 
1.096521578e+000 1.875113849e+000 
1.110461984e+000 1.887532803e+000 
1.087992712e+000 1.867152234e+000 
1.094433681e+000 1.873028495e+000 
1.123220318e+000 1.899217553e+000 
1.117820236e+000 1.893944884e+000 
1.103026305e+000 1.880761974e+000 
1.103047648e+000 1.880821212e+000 
1.135557449e+000 1.907811449e+000 
1.129641039e+000 1.904296354e+000 
1.051083559e+000 1.824113065e+000 
1.142569150e+000 1.912710900e+000 
1.117167109e+000 1.893826978e+000 
1.094816648e+000 1.873550284e+000 
1.099025324e+000 1.877241308e+000 
1.093069339e+000 1.872203099e+000 
1.088602566e+000 1.868142152e+000 
1.109635447e+000 1.886664599e+000 
1.118493029e+000 1.894405507e+000 
1.107988977e+000 1.885190976e+000 
1.083118459e+000 1.862363099e+000 
1.100894798e+000 1.879091976e+000 
1.082615453e+000 1.861858846e+000 
1.114664030e+000 1.891271180e+000 
1.114161024e+000 1.890766926e+000 
1.116229926e+000 1.892631392e+000 
1.007036857e+000 1.107527774e+000 
1.007116549e+000 1.108570423e+000 
1.007526084e+000 1.108782095e+000 
1.007493943e+000 1.108570536e+000 
1.015481216e+000 1.434175535e+000 
1.015104828e+000 1.433543004e+000 
1.008470358e+000 1.414232412e+000 
1.009095072e+000 1.417387369e+000 
1.015696479e+000 1.434952285e+000 
1.010540220e+000 1.422350832e+000 
1.011054092e+000 1.422998378e+000 
1.010018395e+000 1.420422315e+000 
1.009803132e+000 1.419645565e+000 
1.007771721e+000 1.413427933e+000 
1.009216869e+000 1.418391396e+000 
1.011463543e+000 1.425385778e+000 
1.010324957e+000 1.421574083e+000 
1.008879809e+000 1.416610619e+000 
1.011248280e+000 1.424609028e+000 
1.016061717e+000 1.436228915e+000 
1.012108099e+000 1.427294662e+000 
1.012633176e+000 1.427942480e+000 
1.013909036e+000 1.430876601e+000 
1.013168695e+000 1.429452033e+000 
1.015846454e+000 1.435452166e+000 
1.014953629e+000 1.432948218e+000 
1.012060607e+000 1.426269346e+000 
1.006871435e+000 1.059848693e+000 
1.006250830e+000 1.059112800e+000 
1.005995278e+000 1.058334353e+000 
1.006701480e+000 1.059848242e+000 
1.005593417e+000 1.057960951e+000 
1.005052698e+000 1.056446612e+000 
1.005753332e+000 1.058100529e+000 
1.006502706e+000 1.059730675e+000 
1.006932948e+000 1.060380976e+000 
1.006294050e+000 1.059614868e+000 
1.005008949e+000 1.030049713e+000 
1.003154267e+000 1.027942047e+000 
1.001139396e+000 1.024969954e+000 
1.000000001e+000 1.021997466e+000 
1.002223048e+000 1.026842527e+000 
1.001384674e+000 1.025809437e+000 
1.003444470e+000 1.028783406e+000 
1.004094652e+000 1.029589756e+000 
1.001323358e+000 1.025009533e+000 
1.000266336e+000 1.022945373e+000 
1.001278433e+000 1.025007658e+000 
1.001568636e+000 1.025849016e+000 
1.001871519e+000 1.026034210e+000 
1.001878694e+000 1.026814513e+000 
1.003199192e+000 1.027943922e+000 
1.000991251e+000 1.024172250e+000 
1.000076086e+000 1.022133246e+000 
1.000442203e+000 1.023068591e+000 
1.001557331e+000 1.025839249e+000 
1.002376902e+000 1.026950426e+000 
1.000511614e+000 1.023784857e+000 
1.000829338e+000 1.024004457e+000 
1.001633416e+000 1.025975030e+000 
1.003953186e+000 1.028828789e+000 
1.000687481e+000 1.023908074e+000 
1.000221411e+000 1.022943498e+000 
1.002331977e+000 1.026948550e+000 
1.004797233e+000 1.029828769e+000 
1.003766253e+000 1.028804813e+000 
1.003878960e+000 1.028828619e+000 
1.000397278e+000 1.023066716e+000 
1.001588491e+000 1.025973154e+000 
1.003773326e+000 1.028824150e+000 
1.002430078e+000 1.027039028e+000 
1.004766053e+000 1.029769566e+000 
1.000784413e+000 1.024002581e+000 
1.004439006e+000 1.029617770e+000 
1.003260617e+000 1.028584939e+000 
1.002594956e+000 1.027818875e+000 
1.000497231e+000 1.023167174e+000 
1.000031161e+000 1.022131371e+000 
1.001074616e+000 1.024843940e+000 
1.000321364e+000 1.022972729e+000 
1.002939290e+000 1.027819332e+000 
1.004773126e+000 1.029788903e+000 
1.199946704e+000 1.949143874e+000 
1.193704772e+000 1.945788918e+000 
1.220886884e+000 1.960191334e+000 
1.260817212e+000 1.975831084e+000 
1.236905067e+000 1.967231573e+000 
1.282987751e+000 1.984345995e+000 
1.266524458e+000 1.979268475e+000 
1.229950474e+000 1.963452002e+000 
1.555865359e+000 1.999977762e+000 
1.253428486e+000 1.973676011e+000 
1.205986342e+000 1.952874160e+000 
1.257755555e+000 1.975169584e+000 
1.249278255e+000 1.972655805e+000 
1.248045775e+000 1.971937113e+000 
1.463341443e+000 1.999538547e+000 
1.223148708e+000 1.961620429e+000 
1.244099182e+000 1.970173506e+000 
1.217314092e+000 1.958852758e+000 
1.204815471e+000 1.951574576e+000 
1.201117575e+000 1.950451560e+000 
1.197445437e+000 1.947803026e+000 
1.245425100e+000 1.970471161e+000 
1.219119731e+000 1.959525341e+000 
1.207571776e+000 1.953771281e+000 
1.202923214e+000 1.951063583e+000 
1.168134249e+000 1.927306312e+000 
1.191702623e+000 1.944924664e+000 
1.225913070e+000 1.963031881e+000 
1.164585703e+000 1.924985903e+000 
1.246365008e+000 1.970839101e+000 
1.186471502e+000 1.940587881e+000 
1.234606877e+000 1.966825767e+000 
1.327705919e+000 1.994826642e+000 
1.226852978e+000 1.963399821e+000 
1.213641954e+000 1.956212326e+000 
1.165848089e+000 1.926838774e+000 
1.233372655e+000 1.964932191e+000 
1.222182859e+000 1.961283460e+000 
1.306610866e+000 1.989919345e+000 
1.333907295e+000 1.995077895e+000 
1.174356540e+000 1.933171083e+000 
1.333051499e+000 1.994979671e+000 
1.176015510e+000 1.934375050e+000 
1.213254952e+000 1.955958529e+000 
1.169572599e+000 1.929325825e+000 
1.176477645e+000 1.934501590e+000 
1.219628167e+000 1.959611251e+000 
1.168345072e+000 1.927789383e+000 
1.302514732e+000 1.988888046e+000 
1.179642014e+000 1.936948855e+000 
1.175367869e+000 1.933636270e+000 
1.172929098e+000 1.932181182e+000 
1.559102242e+000 1.999988713e+000 
1.180357791e+000 1.937284203e+000 
1.180837020e+000 1.937479794e+000 
1.344108535e+000 1.996296507e+000 
1.252215114e+000 1.973168162e+000 
1.273634885e+000 1.981583959e+000 
1.564784494e+000 2.000000000e+000 
1.513958156e+000 1.999718942e+000 
1.315462929e+000 1.992800165e+000 
1.520548257e+000 1.999720996e+000 
1.254037952e+000 1.974033779e+000 
1.232727889e+000 1.964823688e+000 
1.525431195e+000 1.999879831e+000 
1.230926645e+000 1.964685875e+000 
1.523937815e+000 1.999878929e+000 
1.199030742e+000 1.948629890e+000 
1.225909209e+000 1.962730292e+000 
1.198551513e+000 1.948529244e+000 
1.220999133e+000 1.960498460e+000 
1.214207116e+000 1.956875530e+000 
1.242434054e+000 1.968561872e+000 
1.320055053e+000 1.993100974e+000 
1.240655095e+000 1.967489767e+000 
1.327251631e+000 1.994545987e+000 
1.504254146e+000 1.999687747e+000 
1.310662037e+000 1.991279461e+000 
1.308969244e+000 1.990875761e+000 
1.498947760e+000 1.999625077e+000 
1.178435991e+000 1.935717066e+000 
1.325540694e+000 1.994011502e+000 
1.269991829e+000 1.979563217e+000 
1.242197430e+000 1.968441167e+000 
1.301353120e+000 1.988715816e+000 
1.192657407e+000 1.944937662e+000 
1.290501669e+000 1.986908082e+000 
1.177373237e+000 1.935263604e+000 
1.384052656e+000 1.999090841e+000 
1.307599938e+000 1.990587140e+000 
1.357592141e+000 1.997006761e+000 
1.279042677e+000 1.983443963e+000 
1.270182186e+000 1.979981983e+000 
1.302890031e+000 1.989205443e+000 
1.283699826e+000 1.985197950e+000 
1.322829531e+000 1.993404716e+000 
1.179342400e+000 1.936536611e+000 
1.453606651e+000 1.999497718e+000 
1.380130482e+000 1.998898655e+000 
1.362820119e+000 1.997893439e+000 
1.252364367e+000 1.973522232e+000 
1.536431956e+000 1.999943582e+000 
1.362340891e+000 1.997804262e+000 
1.247250161e+000 1.971525203e+000 
1.552592391e+000 1.999966009e+000 
1.276463228e+000 1.982951186e+000 
1.360352848e+000 1.997771734e+000 
1.531306095e+000 1.999937911e+000 
1.195464357e+000 1.946617882e+000 
1.172092588e+000 1.931238851e+000 
1.367548635e+000 1.998060285e+000 
1.449453672e+000 1.999493000e+000 
1.183762368e+000 1.939163046e+000 
1.181949583e+000 1.938621278e+000 
1.445679173e+000 1.999474820e+000 
1.312799137e+000 1.991668199e+000 
1.446511455e+000 1.999490713e+000 
1.441942881e+000 1.999473806e+000 
1.312017724e+000 1.991349117e+000 
1.543872300e+000 1.999952044e+000 
1.240969119e+000 1.968414263e+000 
1.230612123e+000 1.964083698e+000 
1.541415971e+000 1.999946341e+000 
1.212284298e+000 1.954835430e+000 
1.182590116e+000 1.938625854e+000 
1.179095669e+000 1.936253730e+000 
1.211526038e+000 1.954739989e+000 
1.435104446e+000 1.999455147e+000 
1.184530036e+000 1.940039842e+000 
1.189682601e+000 1.943002208e+000 
1.344968370e+000 1.996844951e+000 
1.191568421e+000 1.944467911e+000 
1.530900638e+000 1.999891755e+000 
1.184566464e+000 1.940186590e+000 
1.180981489e+000 1.937719433e+000 
1.290749083e+000 1.986911724e+000 
1.196216983e+000 1.947175610e+000 
1.296981407e+000 1.988282916e+000 
1.295803714e+000 1.988237502e+000 
1.288942537e+000 1.986430647e+000 
1.303169275e+000 1.989831333e+000 
1.303416689e+000 1.989831511e+000 
1.294940487e+000 1.987986153e+000 
1.283116403e+000 1.984721666e+000 
1.167771380e+000 1.927236021e+000 
1.424002977e+000 1.999377020e+000 
1.520815659e+000 1.999767111e+000 
1.347916801e+000 1.996905867e+000 
1.169191701e+000 1.928520162e+000 
1.338870499e+000 1.996293906e+000 
1.216703235e+000 1.957608221e+000 
1.265234702e+000 1.977787472e+000 
1.170452148e+000 1.929609243e+000 
1.162088245e+000 1.922729831e+000 
1.337830458e+000 1.995295652e+000 
1.337045154e+000 1.995135897e+000 
1.256376638e+000 1.974477931e+000 
1.262737389e+000 1.976821944e+000 
1.256560680e+000 1.974523654e+000 
1.372710277e+000 1.998373464e+000 
1.350435108e+000 1.996990898e+000 
1.350225133e+000 1.996973102e+000 
1.379510708e+000 1.998659287e+000 
1.396093827e+000 1.999170671e+000 
1.492989257e+000 1.999566135e+000 
1.378593832e+000 1.998555042e+000 
1.368353841e+000 1.998269855e+000 
1.431964450e+000 1.999407074e+000 
1.425821141e+000 1.999401202e+000 
1.416434500e+000 1.999366305e+000 
1.411540895e+000 1.999339715e+000 
1.397826602e+000 1.999260645e+000 

