1.001818506e+000 1.000270009e+000 
1.002121992e+000 1.000282814e+000 
1.001928935e+000 1.000276408e+000 
1.002061432e+000 1.000282224e+000 
1.002364493e+000 1.000289215e+000 
1.001710713e+000 1.000263735e+000 
1.001696507e+000 1.000261551e+000 
1.001774115e+000 1.000269280e+000 
1.001884543e+000 1.000275683e+000 
1.001821141e+000 1.000270134e+000 
1.001636782e+000 1.000257459e+000 
1.002324936e+000 1.000289149e+000 
1.002210098e+000 1.000287992e+000 
1.002017040e+000 1.000281587e+000 
1.001633105e+000 1.000256191e+000 
1.001700184e+000 1.000262832e+000 
1.001522484e+000 1.000250597e+000 
1.001687574e+000 1.000257460e+000 
1.001573524e+000 1.000251868e+000 
1.001517557e+000 1.000249778e+000 
1.000454544e+000 1.000070564e+000 
1.000672450e+000 1.000073250e+000 
1.000433680e+000 1.000070274e+000 
1.000716194e+000 1.000073348e+000 
1.000398645e+000 1.000070230e+000 
1.000662476e+000 1.000072076e+000 
1.000499136e+000 1.000071754e+000 
1.000754385e+000 1.000074381e+000 
1.000638367e+000 1.000071858e+000 
1.000754848e+000 1.000074388e+000 
1.000594623e+000 1.000071760e+000 
1.000781583e+000 1.000075504e+000 
1.029741110e+000 1.072573963e+000 
1.030214949e+000 1.073205712e+000 
1.044227135e+000 1.088709433e+000 
1.033428204e+000 1.077208978e+000 
1.030595661e+000 1.073474643e+000 
1.039325305e+000 1.084098558e+000 
1.032839473e+000 1.076257096e+000 
1.038641106e+000 1.083326798e+000 
1.044582049e+000 1.089015358e+000 
1.028896328e+000 1.070466436e+000 
1.034671944e+000 1.078430553e+000 
1.034590201e+000 1.078209115e+000 
1.029486279e+000 1.072178658e+000 
1.030689904e+000 1.073840571e+000 
1.043706285e+000 1.088215117e+000 
1.028914370e+000 1.071172452e+000 
1.038703960e+000 1.083415967e+000 
1.038326107e+000 1.083238741e+000 
1.031945109e+000 1.075008622e+000 
1.035665817e+000 1.079702260e+000 
1.039752900e+000 1.084450116e+000 
1.043508700e+000 1.087971232e+000 
1.036201497e+000 1.080348711e+000 
1.041718898e+000 1.086251731e+000 
1.047518731e+000 1.091511045e+000 
1.045408778e+000 1.089805520e+000 
1.037302090e+000 1.081704739e+000 
1.034544363e+000 1.078203389e+000 
1.038277165e+000 1.082779078e+000 
1.035449234e+000 1.079298079e+000 
1.046007436e+000 1.090361720e+000 
1.046657561e+000 1.090972598e+000 
1.045658608e+000 1.090216327e+000 
1.044448312e+000 1.088952970e+000 
1.043647403e+000 1.088190365e+000 
1.047693729e+000 1.091571121e+000 
1.042528701e+000 1.087116622e+000 
1.000398278e+000 1.000031762e+000 
1.000358363e+000 1.000031641e+000 
1.000357059e+000 1.000031455e+000 
1.013294834e+000 1.016333702e+000 
1.015852047e+000 1.018164122e+000 
1.015768785e+000 1.017998368e+000 
1.014156661e+000 1.017186643e+000 
1.014974488e+000 1.017672642e+000 
1.013814119e+000 1.016793094e+000 
1.013235392e+000 1.016322234e+000 
1.013066679e+000 1.016069798e+000 
1.013533474e+000 1.016589634e+000 
9.999999999e-001 1.000000000e+000 
1.000065838e+000 1.000000001e+000 
1.000192185e+000 1.000000003e+000 
1.012162391e+000 1.015722480e+000 
1.010861171e+000 1.014812097e+000 
1.012717165e+000 1.015982845e+000 
1.013513574e+000 1.016433508e+000 
1.009670541e+000 1.013952455e+000 
1.009181329e+000 1.013491634e+000 
1.011560252e+000 1.015351927e+000 
1.009793487e+000 1.014034425e+000 
1.011538144e+000 1.015256167e+000 
1.010039891e+000 1.014271495e+000 
1.010234023e+000 1.014453294e+000 
1.010667690e+000 1.014723596e+000 
1.012665894e+000 1.015916930e+000 
1.010475562e+000 1.014565176e+000 
1.010352616e+000 1.014483205e+000 
1.010909229e+000 1.014835477e+000 
1.013422151e+000 1.016377495e+000 
1.019877763e+000 1.034730489e+000 
1.022956154e+000 1.037454676e+000 
1.027428826e+000 1.040622194e+000 
1.020873257e+000 1.035731279e+000 
1.019116699e+000 1.034083751e+000 
1.026409155e+000 1.039926779e+000 
1.025018341e+000 1.038920386e+000 
1.016565604e+000 1.030870078e+000 
1.016303308e+000 1.030766037e+000 
1.016728549e+000 1.031275593e+000 
1.020277986e+000 1.035245334e+000 
1.016012806e+000 1.030257464e+000 
1.017442306e+000 1.032322838e+000 
1.017890916e+000 1.032701991e+000 
1.018150736e+000 1.033200285e+000 
1.017310522e+000 1.032213237e+000 
1.017886689e+000 1.032695449e+000 
1.017424743e+000 1.032219872e+000 
1.027030629e+000 1.040380049e+000 
1.021387549e+000 1.036034002e+000 
1.023063180e+000 1.037497672e+000 
1.019579744e+000 1.034553685e+000 
1.024370111e+000 1.038383100e+000 
1.020928062e+000 1.035759896e+000 
1.025639814e+000 1.039373657e+000 
1.019208463e+000 1.034118766e+000 
1.027164834e+000 1.040449702e+000 
1.022157070e+000 1.036548565e+000 
1.021919561e+000 1.036513187e+000 
1.022360883e+000 1.036968731e+000 
1.020139523e+000 1.034750538e+000 
1.026209969e+000 1.039637380e+000 
1.019477798e+000 1.034443267e+000 
1.028612566e+000 1.041268874e+000 
1.024042401e+000 1.038143862e+000 
1.026117697e+000 1.039543758e+000 
1.026176022e+000 1.039614220e+000 
1.003143038e+000 1.000950291e+000 
1.002389397e+000 1.000819783e+000 
1.003093847e+000 1.000949263e+000 
1.005110681e+000 1.001127027e+000 
1.005231854e+000 1.001151068e+000 
1.002929138e+000 1.000914957e+000 
1.002865389e+000 1.000908988e+000 
1.003258085e+000 1.000972978e+000 
1.006585591e+000 1.001200096e+000 
1.007151491e+000 1.001225459e+000 
1.005571037e+000 1.001151767e+000 
1.007167509e+000 1.001244836e+000 
1.006414231e+000 1.001196034e+000 
1.006578616e+000 1.001199781e+000 
1.005935641e+000 1.001176081e+000 
1.005749422e+000 1.001175425e+000 
1.004202098e+000 1.001070520e+000 
1.004634289e+000 1.001100391e+000 
1.003206787e+000 1.000956271e+000 
1.003321833e+000 1.000978773e+000 
1.003296247e+000 1.000974960e+000 
1.003999832e+000 1.001048318e+000 
1.004712291e+000 1.001101047e+000 
1.005919387e+000 1.001175739e+000 
1.006390651e+000 1.001195903e+000 
1.006297100e+000 1.001195588e+000 
1.002951320e+000 1.000928911e+000 
1.002642265e+000 1.000880629e+000 
1.006280846e+000 1.001195246e+000 
1.005495370e+000 1.001151383e+000 
1.003392125e+000 1.000982575e+000 
1.004599469e+000 1.001098533e+000 
1.003402111e+000 1.000982617e+000 
1.004888218e+000 1.001122889e+000 
1.006506908e+000 1.001197539e+000 
1.003888762e+000 1.001032372e+000 
1.004298666e+000 1.001072529e+000 
1.004417317e+000 1.001092326e+000 
1.006789796e+000 1.001224672e+000 
1.004583215e+000 1.001098191e+000 
1.004513885e+000 1.001094499e+000 
1.004401063e+000 1.001091828e+000 
1.003535949e+000 1.001004406e+000 
1.003784612e+000 1.001026667e+000 
1.003237874e+000 1.000959135e+000 
1.002546117e+000 1.000841228e+000 
1.002556335e+000 1.000860709e+000 
1.003701847e+000 1.001010281e+000 
1.003519695e+000 1.001004064e+000 
1.003015068e+000 1.000934706e+000 
1.002820096e+000 1.000904578e+000 
1.003950510e+000 1.001032549e+000 
1.004656745e+000 1.001100741e+000 
1.002883844e+000 1.000910424e+000 
1.003157596e+000 1.000955058e+000 
1.002797913e+000 1.000890766e+000 
1.002734165e+000 1.000884829e+000 
1.004151202e+000 1.001056729e+000 
1.004871964e+000 1.001122547e+000 
1.004984786e+000 1.001125062e+000 
1.004367995e+000 1.001076385e+000 
1.004119332e+000 1.001054123e+000 
1.004334552e+000 1.001075930e+000 
1.009068596e+000 1.007463167e+000 
1.008176392e+000 1.006950429e+000 
1.008006923e+000 1.006911778e+000 
1.008276926e+000 1.007037014e+000 
1.008446395e+000 1.007075665e+000 
1.008381902e+000 1.007067190e+000 
1.007920884e+000 1.006817502e+000 
1.008708112e+000 1.007300065e+000 
1.008569555e+000 1.007178322e+000 
1.008487302e+000 1.007078420e+000 
1.008680735e+000 1.007278930e+000 
1.050948630e+000 1.333820203e+000 
1.055672438e+000 1.340427628e+000 
1.048391649e+000 1.329254442e+000 
1.050889881e+000 1.333819789e+000 
1.050079129e+000 1.332193336e+000 
1.047850980e+000 1.328051859e+000 
1.048114048e+000 1.328623243e+000 
1.050811554e+000 1.333593511e+000 
1.048514839e+000 1.329759676e+000 
1.051622247e+000 1.334950409e+000 
1.048380093e+000 1.329204825e+000 
1.055731566e+000 1.340632813e+000 
1.053668228e+000 1.337782141e+000 
1.052177258e+000 1.335755459e+000 
1.052469331e+000 1.335958498e+000 
1.060193471e+000 1.599862059e+000 
1.064109055e+000 1.605591957e+000 
1.057794433e+000 1.595759262e+000 
1.060073508e+000 1.599722324e+000 
1.058035230e+000 1.595874634e+000 
1.058181227e+000 1.596381866e+000 
1.055989488e+000 1.591401824e+000 
1.059855668e+000 1.599286949e+000 
1.058916335e+000 1.597914679e+000 
1.058527148e+000 1.596888956e+000 
1.058596063e+000 1.597073886e+000 
1.059651361e+000 1.598903849e+000 
1.063050488e+000 1.604041692e+000 
1.063401869e+000 1.604492725e+000 
1.082713744e+000 1.743166087e+000 
1.093461450e+000 1.757879365e+000 
1.082546635e+000 1.742868877e+000 
1.093143342e+000 1.757758609e+000 
1.093727889e+000 1.758389523e+000 
1.065348541e+000 1.710637372e+000 
1.075212451e+000 1.731026943e+000 
1.089130888e+000 1.752139509e+000 
1.116461331e+000 1.785952614e+000 
1.317753469e+000 1.904350657e+000 
1.316826521e+000 1.904076216e+000 
1.068945462e+000 1.718763306e+000 
1.074476950e+000 1.729864348e+000 
1.110222563e+000 1.780061795e+000 
1.138181269e+000 1.811181687e+000 
1.110890399e+000 1.780862648e+000 
1.137248456e+000 1.809635639e+000 
1.286172935e+000 1.898113609e+000 
1.064460671e+000 1.708015052e+000 
1.086451241e+000 1.748391757e+000 
1.066154027e+000 1.713514601e+000 
1.079280847e+000 1.737870863e+000 
1.068551459e+000 1.718033056e+000 
1.211504066e+000 1.862785802e+000 
1.070498980e+000 1.722568677e+000 
1.090029359e+000 1.753765109e+000 
1.088462534e+000 1.751631084e+000 
1.067080666e+000 1.715608083e+000 
1.082305035e+000 1.742653485e+000 
1.144322443e+000 1.815677093e+000 
1.087569847e+000 1.750146451e+000 
1.091469641e+000 1.755216582e+000 
1.092585438e+000 1.756311074e+000 
1.069214359e+000 1.719173997e+000 
1.069778611e+000 1.721008187e+000 
1.069322752e+000 1.720094087e+000 
1.100093793e+000 1.767039136e+000 
1.113461495e+000 1.783624840e+000 
1.109638017e+000 1.779430880e+000 
1.110101697e+000 1.779852563e+000 
1.091230786e+000 1.754933626e+000 
1.070354888e+000 1.721989481e+000 
1.076705924e+000 1.733569184e+000 
1.115139109e+000 1.785251754e+000 
1.066149792e+000 1.712562270e+000 
1.092876904e+000 1.757248450e+000 
1.120969769e+000 1.793122233e+000 
1.149253115e+000 1.819738829e+000 
1.147878653e+000 1.818062716e+000 
1.174488922e+000 1.837917744e+000 
1.066808880e+000 1.714667760e+000 
1.120848902e+000 1.792913001e+000 
1.131305440e+000 1.803905336e+000 
1.200620499e+000 1.855589448e+000 
1.129655027e+000 1.802092904e+000 
1.099247420e+000 1.766457170e+000 
1.064277855e+000 1.707189300e+000 
1.084623357e+000 1.745777779e+000 
1.077450212e+000 1.734740685e+000 
1.086540743e+000 1.748444785e+000 
1.102212914e+000 1.769475496e+000 
1.172082952e+000 1.836898277e+000 
1.131476069e+000 1.804351227e+000 
1.135022710e+000 1.807264390e+000 
1.175503516e+000 1.838812164e+000 
1.146546153e+000 1.817366221e+000 
1.103234087e+000 1.771073194e+000 
1.284693278e+000 1.897404508e+000 
1.140980915e+000 1.813026422e+000 
1.081465622e+000 1.741457306e+000 
1.146770428e+000 1.817583940e+000 
1.185507058e+000 1.846941133e+000 
1.119911571e+000 1.790540469e+000 
1.202656501e+000 1.856825135e+000 
1.120841955e+000 1.792021139e+000 
1.283088304e+000 1.896699086e+000 
1.125053677e+000 1.797071138e+000 
1.170095230e+000 1.835201764e+000 
1.204356182e+000 1.857712427e+000 
1.167923203e+000 1.833356220e+000 
1.076396864e+000 1.732850651e+000 
1.119819036e+000 1.790134304e+000 
1.214026358e+000 1.865104523e+000 
1.074802022e+000 1.730503969e+000 
1.075337918e+000 1.731327137e+000 
1.175115065e+000 1.838223894e+000 
1.102002010e+000 1.769163179e+000 
1.285599134e+000 1.897664046e+000 
1.249092208e+000 1.881245084e+000 
1.203464948e+000 1.857672938e+000 
1.197149750e+000 1.854029580e+000 
1.109621131e+000 1.779077713e+000 
1.263398798e+000 1.887004324e+000 
1.091310359e+000 1.754978358e+000 
1.092277850e+000 1.756107078e+000 
1.297445445e+000 1.900833758e+000 
1.295021619e+000 1.900117258e+000 
1.284801444e+000 1.897414332e+000 
1.092757876e+000 1.756488243e+000 
1.256960002e+000 1.883563767e+000 
1.136495614e+000 1.808846954e+000 
1.242301765e+000 1.878503325e+000 
1.283151608e+000 1.897203619e+000 
1.175472563e+000 1.838756116e+000 
1.262325260e+000 1.886413206e+000 
1.263075054e+000 1.886653086e+000 
1.076036132e+000 1.732627713e+000 
1.217255652e+000 1.866966204e+000 
1.105028341e+000 1.772924018e+000 
1.258428207e+000 1.885280444e+000 
1.120371356e+000 1.791583867e+000 
1.193671701e+000 1.852540999e+000 
1.118409334e+000 1.789657120e+000 
1.302437811e+000 1.901728468e+000 
1.106287192e+000 1.775011682e+000 
1.079611944e+000 1.738265126e+000 
1.084371308e+000 1.745459194e+000 
1.197798276e+000 1.854713240e+000 
1.094354522e+000 1.758931449e+000 
1.152609345e+000 1.821308021e+000 
1.200999362e+000 1.855976684e+000 
1.095603964e+000 1.760879241e+000 
1.094688712e+000 1.759504982e+000 
1.117118600e+000 1.788079456e+000 
1.210498537e+000 1.862503240e+000 
1.209455807e+000 1.861759577e+000 
1.075447220e+000 1.731546448e+000 
1.188288087e+000 1.848597905e+000 
1.244409154e+000 1.879681696e+000 
1.265525776e+000 1.888666314e+000 
1.078887698e+000 1.737415496e+000 
1.256323041e+000 1.882777768e+000 
1.211819750e+000 1.863431046e+000 
1.238024321e+000 1.874585030e+000 
1.207490007e+000 1.860580988e+000 
1.077897953e+000 1.735679692e+000 
1.179926603e+000 1.842617320e+000 
1.096179556e+000 1.761578710e+000 
1.133565122e+000 1.806053121e+000 
1.265252429e+000 1.888506746e+000 
1.096618295e+000 1.762358065e+000 
1.206814362e+000 1.859435517e+000 
1.298499190e+000 1.901060786e+000 
1.265997654e+000 1.888964070e+000 
1.171723154e+000 1.836513221e+000 
1.094288159e+000 1.758612528e+000 
1.127542530e+000 1.799907589e+000 
1.154263875e+000 1.823932797e+000 
1.166282779e+000 1.832543875e+000 
1.274373210e+000 1.893071121e+000 
1.269704842e+000 1.890390319e+000 
1.153534163e+000 1.822310922e+000 
1.224151699e+000 1.869451105e+000 
1.260316178e+000 1.885948810e+000 
1.325222635e+000 1.909019160e+000 
1.154015689e+000 1.822715719e+000 
1.126810314e+000 1.798849284e+000 
1.125666047e+000 1.797569382e+000 
1.124732835e+000 1.796979521e+000 
1.115782661e+000 1.785872046e+000 
1.264620875e+000 1.888153684e+000 
1.319667900e+000 1.907142096e+000 
1.318276529e+000 1.906863752e+000 
1.321614970e+000 1.907924355e+000 
1.229185710e+000 1.871622898e+000 
1.170546836e+000 1.835927624e+000 
1.127279880e+000 1.799294205e+000 
1.112343663e+000 1.782090404e+000 
1.127400747e+000 1.799552111e+000 
1.177572050e+000 1.840771474e+000 
1.162429839e+000 1.829964327e+000 
1.180123836e+000 1.843242690e+000 
1.323765797e+000 1.908784687e+000 
1.102468276e+000 1.769588349e+000 
1.178377217e+000 1.841525202e+000 
1.209406849e+000 1.861736284e+000 
1.242053108e+000 1.877923403e+000 
1.143213811e+000 1.814955151e+000 
1.192188358e+000 1.851680974e+000 
1.243499169e+000 1.878657256e+000 
1.214016869e+000 1.865070208e+000 
1.261545209e+000 1.885966440e+000 
1.163511104e+000 1.831164108e+000 
1.161675416e+000 1.829598105e+000 
1.156978751e+000 1.825636688e+000 
1.320221475e+000 1.907318252e+000 
1.250925180e+000 1.882700119e+000 
1.179198780e+000 1.842231248e+000 
1.187918527e+000 1.848315495e+000 
1.322926923e+000 1.908463538e+000 
1.193846783e+000 1.852773281e+000 
1.306107468e+000 1.902623189e+000 
1.102739587e+000 1.769957138e+000 
1.183006814e+000 1.845420824e+000 
1.178573001e+000 1.841852385e+000 
1.225569068e+000 1.870744330e+000 
1.221020840e+000 1.868633925e+000 
1.229620151e+000 1.872501365e+000 
1.226391125e+000 1.871466863e+000 
1.204679356e+000 1.858021682e+000 
1.173064467e+000 1.837489458e+000 
1.153069925e+000 1.822040909e+000 
1.181583194e+000 1.844158643e+000 
1.263647121e+000 1.887315774e+000 
1.294106651e+000 1.898684680e+000 
1.238354388e+000 1.875388159e+000 
1.294997360e+000 1.898764152e+000 
1.210068942e+000 1.861833218e+000 
1.266938077e+000 1.889145705e+000 
1.235373268e+000 1.873310744e+000 
1.238101087e+000 1.874634755e+000 
1.262065067e+000 1.886335396e+000 
1.205716291e+000 1.859102583e+000 
1.000796905e+000 1.000213071e+000 
1.000830432e+000 1.000213434e+000 
1.001413500e+000 1.000244345e+000 
1.001053824e+000 1.000220283e+000 
1.001050441e+000 1.000220042e+000 
1.001159485e+000 1.000227052e+000 
1.001465336e+000 1.000245682e+000 
1.001112817e+000 1.000225702e+000 
1.001135607e+000 1.000226338e+000 
1.001378672e+000 1.000243968e+000 
1.001218367e+000 1.000237616e+000 
1.001570416e+000 1.000251155e+000 
1.008968709e+000 1.007359391e+000 
1.007373870e+000 1.006453011e+000 
1.007822961e+000 1.006777152e+000 
1.008603526e+000 1.007259231e+000 
1.008489552e+000 1.007163244e+000 
1.007669792e+000 1.006655401e+000 
1.007455158e+000 1.006550818e+000 
1.008320838e+000 1.007039489e+000 
1.007762277e+000 1.006768429e+000 
1.007428548e+000 1.006457239e+000 
1.007614197e+000 1.006586457e+000 
1.526155663e+000 1.981397625e+000 
1.373124435e+000 1.936690618e+000 
1.357711515e+000 1.928787916e+000 
1.442449317e+000 1.962890062e+000 
1.359348150e+000 1.929360762e+000 
1.440589495e+000 1.961790933e+000 
1.441121636e+000 1.961796255e+000 
1.338238209e+000 1.915925407e+000 
1.494895921e+000 1.974956860e+000 
1.334178962e+000 1.913488156e+000 
1.437149996e+000 1.960305141e+000 
1.444980343e+000 1.963297680e+000 
1.358273188e+000 1.929238379e+000 
1.454944475e+000 1.965934323e+000 
1.493322905e+000 1.974144493e+000 
1.334077127e+000 1.911562466e+000 
1.464001039e+000 1.968127995e+000 
1.341139046e+000 1.917657153e+000 
1.333154649e+000 1.910784209e+000 
1.437255211e+000 1.960435915e+000 
1.374382214e+000 1.936956732e+000 
1.461264351e+000 1.967800232e+000 
1.340883851e+000 1.917563348e+000 
1.364179150e+000 1.932047164e+000 
1.658983980e+000 1.996702781e+000 
1.389061175e+000 1.943478594e+000 
1.390331735e+000 1.944606597e+000 
1.382809156e+000 1.940633939e+000 
1.657750265e+000 1.996653388e+000 
1.375339581e+000 1.937914016e+000 
1.603349306e+000 1.991962659e+000 
1.377967598e+000 1.938548097e+000 
1.400673600e+000 1.948813314e+000 
1.400134380e+000 1.948418110e+000 
1.333191142e+000 1.911053465e+000 
1.391942913e+000 1.944829690e+000 
1.656652668e+000 1.996648070e+000 
1.378185973e+000 1.938823749e+000 
1.374298457e+000 1.936761311e+000 
1.331953483e+000 1.910197006e+000 
1.391812025e+000 1.944824158e+000 
1.447764298e+000 1.964003006e+000 
1.377013969e+000 1.938277554e+000 
1.446081026e+000 1.963338121e+000 
1.336640017e+000 1.915405956e+000 
1.665790482e+000 1.997219529e+000 
1.339485696e+000 1.916951452e+000 
1.451822425e+000 1.964600109e+000 
1.403425513e+000 1.950351675e+000 
1.336666190e+000 1.915483581e+000 
1.404209865e+000 1.950663703e+000 
1.335993734e+000 1.914853930e+000 
1.402579053e+000 1.949360972e+000 
1.402958482e+000 1.950154702e+000 
1.662459061e+000 1.997200377e+000 
1.405510866e+000 1.950776249e+000 
1.448882949e+000 1.964458048e+000 
1.448640455e+000 1.964121208e+000 
1.333072296e+000 1.910641530e+000 
1.449752682e+000 1.964560747e+000 
1.516308327e+000 1.979304647e+000 
1.344725163e+000 1.920945154e+000 
1.341862894e+000 1.918802468e+000 
1.516471268e+000 1.979329155e+000 
1.341437086e+000 1.918377532e+000 
1.603660178e+000 1.992232880e+000 
1.341770022e+000 1.918443532e+000 
1.342931106e+000 1.919541943e+000 
1.341935095e+000 1.919231907e+000 
1.347042221e+000 1.921635141e+000 
1.470973123e+000 1.969861790e+000 
1.346910284e+000 1.921546782e+000 
1.344323010e+000 1.920797987e+000 
1.362827621e+000 1.931420500e+000 
1.607644268e+000 1.992441950e+000 
1.604804105e+000 1.992371180e+000 
1.371878663e+000 1.936453760e+000 
1.367876917e+000 1.934283312e+000 
1.516490422e+000 1.979380325e+000 
1.736285087e+000 1.999981447e+000 
1.378314470e+000 1.939257913e+000 
1.456408318e+000 1.966800303e+000 
1.362885314e+000 1.931712889e+000 
1.381387066e+000 1.940465872e+000 
1.380390077e+000 1.940272345e+000 
1.343940424e+000 1.920042230e+000 
1.359657861e+000 1.931375111e+000 
1.528457286e+000 1.981728380e+000 
1.527094675e+000 1.981527290e+000 
1.670371026e+000 1.997315830e+000 
1.351781079e+000 1.925109701e+000 
1.464508206e+000 1.968382877e+000 
1.366976021e+000 1.933664027e+000 
1.464634840e+000 1.968853051e+000 
1.353641216e+000 1.925782572e+000 
1.356756492e+000 1.928019055e+000 
1.353849108e+000 1.926248674e+000 
1.364681700e+000 1.932112044e+000 
1.433699714e+000 1.959396902e+000 
1.452584381e+000 1.965589774e+000 
1.354922010e+000 1.927355191e+000 
1.739339394e+000 2.000000000e+000 
1.456649819e+000 1.966802943e+000 
1.455274420e+000 1.966284253e+000 
1.368469281e+000 1.934781035e+000 
1.368041813e+000 1.934474662e+000 
1.349539600e+000 1.924063399e+000 
1.351291869e+000 1.924212962e+000 
1.347760108e+000 1.923171363e+000 
1.348123172e+000 1.923947621e+000 
1.369365370e+000 1.935464510e+000 
1.370016478e+000 1.935730742e+000 
1.365087021e+000 1.932429769e+000 
1.695868260e+000 1.998419565e+000 
1.475959700e+000 1.970878373e+000 
1.394353852e+000 1.946511265e+000 
1.423520277e+000 1.957717466e+000 
1.396648379e+000 1.947156305e+000 
1.347525687e+000 1.922434626e+000 
1.395248734e+000 1.947068566e+000 
1.374607674e+000 1.937521465e+000 
1.399079537e+000 1.948095974e+000 
1.375970370e+000 1.938141220e+000 
1.351670655e+000 1.924873980e+000 
1.397960712e+000 1.948072376e+000 
1.416650111e+000 1.955876539e+000 
1.419949505e+000 1.956364132e+000 
1.410191502e+000 1.952831904e+000 
1.374557525e+000 1.937243929e+000 
1.412725517e+000 1.953871312e+000 
1.409630009e+000 1.952814761e+000 
1.408958466e+000 1.952389534e+000 
1.423263853e+000 1.957297450e+000 
1.414157821e+000 1.954677108e+000 
1.736565575e+000 1.999994668e+000 
1.406708121e+000 1.952091483e+000 
1.405906537e+000 1.951652044e+000 
1.415452380e+000 1.955554811e+000 
1.431101339e+000 1.959193567e+000 
1.481720267e+000 1.972566398e+000 
1.402608002e+000 1.949608314e+000 
1.598274000e+000 1.991863417e+000 
1.600408781e+000 1.991871337e+000 
1.431955749e+000 1.959212718e+000 
1.596089314e+000 1.991791769e+000 
1.437710190e+000 1.960821018e+000 
1.733175711e+000 1.999910467e+000 
1.731958876e+000 1.999736584e+000 
1.595021446e+000 1.991442076e+000 
1.432907037e+000 1.959244422e+000 
1.434275479e+000 1.959648272e+000 
1.430619080e+000 1.959146475e+000 
1.422125018e+000 1.956995344e+000 
1.731658902e+000 1.999716970e+000 
1.389702457e+000 1.944271138e+000 
1.390692885e+000 1.944681615e+000 
1.497477257e+000 1.975603812e+000 
1.684055726e+000 1.997647706e+000 
1.377568916e+000 1.938478624e+000 
1.392015654e+000 1.945308138e+000 
1.440360381e+000 1.961257923e+000 
1.387754783e+000 1.943420750e+000 
1.382849933e+000 1.940923372e+000 
1.426716404e+000 1.958323407e+000 
1.724525479e+000 1.999548596e+000 
1.382988086e+000 1.941660379e+000 
1.592565091e+000 1.991203753e+000 
1.384617376e+000 1.942364883e+000 
1.583306863e+000 1.989903984e+000 
1.594499462e+000 1.991239954e+000 
1.425826296e+000 1.957978308e+000 
1.588107175e+000 1.990673174e+000 
1.511557826e+000 1.978377558e+000 
1.466789088e+000 1.969285060e+000 
1.471791418e+000 1.970574893e+000 
1.386431505e+000 1.942651547e+000 
1.466435975e+000 1.969069017e+000 
1.714161886e+000 1.999203573e+000 
1.590245255e+000 1.990723451e+000 
1.468271922e+000 1.969605491e+000 
1.386036067e+000 1.942636809e+000 
1.386590797e+000 1.942875824e+000 
1.711348086e+000 1.999195189e+000 
1.565830580e+000 1.987555050e+000 
1.565913378e+000 1.987589543e+000 
1.575263446e+000 1.989087531e+000 
1.666382002e+000 1.997283552e+000 
1.698509845e+000 1.998590572e+000 
1.586912722e+000 1.990338418e+000 
1.683033847e+000 1.997580363e+000 
1.587074424e+000 1.990374638e+000 
1.722732504e+000 1.999501646e+000 
1.685797379e+000 1.997753361e+000 
1.719993701e+000 1.999462199e+000 
1.704789375e+000 1.998968514e+000 
1.697719348e+000 1.998477555e+000 
1.717296880e+000 1.999376419e+000 
1.717280845e+000 1.999344884e+000 
1.700812340e+000 1.998760334e+000 
1.714647525e+000 1.999254216e+000 
1.486595729e+000 1.973263039e+000 
1.483949169e+000 1.973006982e+000 
1.691609735e+000 1.998328706e+000 
1.695627935e+000 1.998391578e+000 
1.704253472e+000 1.998779825e+000 
1.704471173e+000 1.998786237e+000 
1.587486864e+000 1.990444546e+000 
1.488616368e+000 1.974039921e+000 
1.477465932e+000 1.971671927e+000 
1.480205356e+000 1.972172451e+000 
1.477181324e+000 1.971395329e+000 
1.654324230e+000 1.996448091e+000 
1.528961710e+000 1.981846394e+000 
1.529755017e+000 1.981997991e+000 
1.566089599e+000 1.987793175e+000 
1.651602473e+000 1.996245861e+000 
1.691291827e+000 1.997982116e+000 
1.686885824e+000 1.997978195e+000 
1.503100872e+000 1.976980695e+000 
1.543680216e+000 1.984674478e+000 
1.545620109e+000 1.985355082e+000 
1.501451584e+000 1.976587223e+000 
1.550243473e+000 1.986125716e+000 
1.677462850e+000 1.997512536e+000 
1.556881401e+000 1.986859931e+000 
1.554454945e+000 1.986633383e+000 
1.649807926e+000 1.996134815e+000 
1.534066370e+000 1.982987648e+000 
1.553900125e+000 1.986458505e+000 
1.532089604e+000 1.982642996e+000 
1.648227494e+000 1.995988986e+000 
1.540354552e+000 1.984378717e+000 
1.538710796e+000 1.984270328e+000 
1.536265092e+000 1.983441270e+000 
1.547140676e+000 1.985405738e+000 
1.547759669e+000 1.985650821e+000 
1.541297595e+000 1.984495953e+000 
1.640219811e+000 1.995487030e+000 
1.643641528e+000 1.995634602e+000 
1.647125096e+000 1.995863782e+000 
1.643753538e+000 1.995773405e+000 
1.640067458e+000 1.995313761e+000 
1.632987943e+000 1.994987245e+000 
1.636798536e+000 1.995267336e+000 
1.634303951e+000 1.995200434e+000 
1.672782549e+000 1.997356518e+000 
1.682926747e+000 1.997543641e+000 
1.629833509e+000 1.994680128e+000 
1.522057805e+000 1.980911706e+000 
1.514033334e+000 1.979292589e+000 
1.520579883e+000 1.980557580e+000 
1.517276940e+000 1.979891928e+000 
1.518615505e+000 1.980302738e+000 
1.559266912e+000 1.987133367e+000 
1.485100871e+000 1.973212153e+000 
1.510773030e+000 1.978345577e+000 
1.495735301e+000 1.975468289e+000 
1.497595435e+000 1.976070556e+000 
1.505877281e+000 1.977661169e+000 
1.509269108e+000 1.977826560e+000 
1.488018078e+000 1.973921466e+000 
1.561632731e+000 1.987507412e+000 
1.495060797e+000 1.975454165e+000 
1.499581324e+000 1.976215652e+000 
1.525182586e+000 1.981202843e+000 
1.578103981e+000 1.989486787e+000 
1.579000810e+000 1.989658787e+000 
1.508305652e+000 1.977716749e+000 
1.512004340e+000 1.978623766e+000 
1.493466489e+000 1.974772963e+000 
1.525182964e+000 1.981293891e+000 
1.505609587e+000 1.977281368e+000 
1.616162114e+000 1.993506926e+000 
1.575577777e+000 1.989154220e+000 
1.610573651e+000 1.992755296e+000 
1.567783121e+000 1.988151953e+000 
1.572467702e+000 1.988575424e+000 
1.568991188e+000 1.988297102e+000 
1.618279838e+000 1.993642595e+000 
1.622133071e+000 1.994128596e+000 
1.626946639e+000 1.994414929e+000 
1.624692493e+000 1.994283866e+000 
1.574111801e+000 1.988817707e+000 
1.621096948e+000 1.993736773e+000 
1.626285864e+000 1.994392051e+000 
1.619551848e+000 1.993677843e+000 
1.566341232e+000 1.987884832e+000 
1.611552986e+000 1.992767544e+000 

