1.002779400e+000 1.002268996e+000 
1.002881749e+000 1.002327615e+000 
1.002972481e+000 1.002333874e+000 
1.003667672e+000 1.002496075e+000 
1.003124122e+000 1.002392494e+000 
1.003033391e+000 1.002386235e+000 
1.003745275e+000 1.002507624e+000 
1.003836188e+000 1.002512974e+000 
1.003237070e+000 1.002398161e+000 
1.003327983e+000 1.002403511e+000 
1.002644209e+000 1.002215850e+000 
1.003438526e+000 1.002450021e+000 
1.003529439e+000 1.002455371e+000 
1.002935733e+000 1.002327819e+000 
1.002845002e+000 1.002321561e+000 
1.002818820e+000 1.002320259e+000 
1.002742653e+000 1.002262941e+000 
1.003688164e+000 1.002496351e+000 
1.003413111e+000 1.002438910e+000 
1.072665638e+000 1.724552847e+000 
1.081708910e+000 1.744542288e+000 
1.085446233e+000 1.751518782e+000 
1.111346114e+000 1.793599747e+000 
1.127525738e+000 1.813503077e+000 
1.066763686e+000 1.711295961e+000 
1.162966982e+000 1.855169526e+000 
1.053946192e+000 1.676786764e+000 
1.054523629e+000 1.678262263e+000 
1.059631952e+000 1.692976115e+000 
1.061247302e+000 1.696397324e+000 
1.068930237e+000 1.715792576e+000 
1.089703930e+000 1.762151556e+000 
1.046240417e+000 1.648201329e+000 
1.048214367e+000 1.656695045e+000 
1.048506261e+000 1.657655194e+000 
1.121457921e+000 1.805427312e+000 
1.063450399e+000 1.702384088e+000 
1.074485941e+000 1.730072960e+000 
1.081779470e+000 1.745787513e+000 
1.065472718e+000 1.707637626e+000 
1.057070187e+000 1.685889817e+000 
1.101761821e+000 1.781479783e+000 
1.089430591e+000 1.761884566e+000 
1.102832236e+000 1.783215382e+000 
1.066623627e+000 1.711289116e+000 
1.065666541e+000 1.707675857e+000 
1.083195423e+000 1.748312181e+000 
1.078794824e+000 1.739346641e+000 
1.106671605e+000 1.787506667e+000 
1.236995570e+000 1.903534864e+000 
1.109585757e+000 1.791396936e+000 
1.068360126e+000 1.714655700e+000 
1.159596417e+000 1.851902949e+000 
1.077429262e+000 1.736400844e+000 
1.101271191e+000 1.779912878e+000 
1.077914601e+000 1.738118159e+000 
1.074000602e+000 1.728357672e+000 
1.075971944e+000 1.733248533e+000 
1.077776464e+000 1.736974431e+000 
1.067618418e+000 1.713161657e+000 
1.064095332e+000 1.704988176e+000 
1.114815285e+000 1.797579126e+000 
1.133735429e+000 1.820477447e+000 
1.050277160e+000 1.664699687e+000 
1.096869198e+000 1.772958128e+000 
1.050909176e+000 1.666526220e+000 
1.074212385e+000 1.728908344e+000 
1.187772100e+000 1.877233153e+000 
1.102519913e+000 1.781960358e+000 
1.060650570e+000 1.695490308e+000 
1.086123731e+000 1.754448625e+000 
1.096595859e+000 1.772675079e+000 
1.151097829e+000 1.843911881e+000 
1.118877889e+000 1.802783344e+000 
1.057542620e+000 1.687026073e+000 
1.075694960e+000 1.731460732e+000 
1.161701165e+000 1.854102699e+000 
1.103963848e+000 1.783266333e+000 
1.115558221e+000 1.797925188e+000 
1.159142537e+000 1.851435187e+000 
1.158410227e+000 1.851236637e+000 
1.046920537e+000 1.650816270e+000 
1.052381209e+000 1.671894207e+000 
1.083858116e+000 1.750753398e+000 
1.088781590e+000 1.760299333e+000 
1.047105291e+000 1.652399023e+000 
1.087114948e+000 1.756813144e+000 
1.053547284e+000 1.675767464e+000 
1.152265588e+000 1.844881130e+000 
1.063777178e+000 1.703886306e+000 
1.107971255e+000 1.789695607e+000 
1.095009576e+000 1.771439372e+000 
1.106719242e+000 1.787915474e+000 
1.098974126e+000 1.776599347e+000 
1.170420101e+000 1.862388896e+000 
1.095687063e+000 1.772218594e+000 
1.109509426e+000 1.791157322e+000 
1.079135944e+000 1.739626408e+000 
1.052794256e+000 1.673370139e+000 
1.059322781e+000 1.691868487e+000 
1.099967330e+000 1.778723215e+000 
1.106233659e+000 1.786370567e+000 
1.168059341e+000 1.860023100e+000 
1.089221321e+000 1.760690829e+000 
1.047501760e+000 1.654087250e+000 
1.097936853e+000 1.774757795e+000 
1.057526121e+000 1.686898243e+000 
1.113507419e+000 1.796239863e+000 
1.133814560e+000 1.820496326e+000 
1.054906335e+000 1.679707154e+000 
1.050755361e+000 1.666250054e+000 
1.090876830e+000 1.763981546e+000 
1.083653118e+000 1.750664864e+000 
1.092299585e+000 1.766930489e+000 
1.048472949e+000 1.657639834e+000 
1.067955760e+000 1.714022032e+000 
1.086943432e+000 1.755838784e+000 
1.079630502e+000 1.741927072e+000 
1.085459439e+000 1.753519316e+000 
1.089876392e+000 1.762457196e+000 
1.090339397e+000 1.763588896e+000 
1.061109511e+000 1.695916905e+000 
1.091741128e+000 1.766137020e+000 
1.082264809e+000 1.747513170e+000 
1.080861834e+000 1.743300085e+000 
1.105347884e+000 1.785913255e+000 
1.052135317e+000 1.670950648e+000 
1.217682093e+000 1.894173577e+000 
1.050690207e+000 1.666175620e+000 
1.054548244e+000 1.678426224e+000 
1.161732915e+000 1.854583680e+000 
1.058384434e+000 1.688933445e+000 
1.181968254e+000 1.874114215e+000 
1.054594399e+000 1.678849730e+000 
1.056061023e+000 1.683055792e+000 
1.234207271e+000 1.902175872e+000 
1.128659070e+000 1.814945882e+000 
1.061410670e+000 1.696433329e+000 
1.059106467e+000 1.690965375e+000 
1.066212501e+000 1.709256095e+000 
1.068790178e+000 1.715774866e+000 
1.176561754e+000 1.869793594e+000 
1.174012291e+000 1.868460182e+000 
1.149736653e+000 1.841788763e+000 
1.074111122e+000 1.728548469e+000 
1.074780993e+000 1.730664058e+000 
1.071708185e+000 1.723214896e+000 
1.073392684e+000 1.727526204e+000 
1.102490521e+000 1.781727682e+000 
1.072798698e+000 1.725836949e+000 
1.062713770e+000 1.700396222e+000 
1.197812272e+000 1.885494735e+000 
1.050922334e+000 1.666953699e+000 
1.071267702e+000 1.721963458e+000 
1.122525549e+000 1.806394324e+000 
1.120520898e+000 1.804607470e+000 
1.125960248e+000 1.811043888e+000 
1.169776325e+000 1.861753868e+000 
1.072194720e+000 1.724011008e+000 
1.119925692e+000 1.803244791e+000 
1.239113606e+000 1.904692846e+000 
1.058590927e+000 1.689187870e+000 
1.189010464e+000 1.878652636e+000 
1.237156179e+000 1.904185855e+000 
1.197195334e+000 1.882622444e+000 
1.065024108e+000 1.706210328e+000 
1.069291342e+000 1.716900373e+000 
1.176739245e+000 1.870038322e+000 
1.211695603e+000 1.889422206e+000 
1.234785371e+000 1.902683624e+000 
1.231203565e+000 1.900883689e+000 
1.213484440e+000 1.889736596e+000 
1.114857411e+000 1.797810604e+000 
1.117409447e+000 1.800589856e+000 
1.134012612e+000 1.820979516e+000 
1.139520655e+000 1.828356188e+000 
1.189839706e+000 1.878992292e+000 
1.126910445e+000 1.812369663e+000 
1.144108417e+000 1.834595982e+000 
1.129343694e+000 1.815256759e+000 
1.205029490e+000 1.889277398e+000 
1.171815738e+000 1.863991413e+000 
1.186008607e+000 1.874903980e+000 
1.192019478e+000 1.881099013e+000 
1.190178381e+000 1.879686195e+000 
1.130024521e+000 1.816980839e+000 
1.161158749e+000 1.853588362e+000 
1.194784828e+000 1.882494014e+000 
1.139935909e+000 1.829059976e+000 
1.175488628e+000 1.868603535e+000 
1.227429743e+000 1.899052801e+000 
1.144305740e+000 1.835255362e+000 
1.222331033e+000 1.894981044e+000 
1.178126543e+000 1.871275999e+000 
1.179694361e+000 1.872018432e+000 
1.227749253e+000 1.899336198e+000 
1.160644096e+000 1.852968038e+000 
1.140514332e+000 1.829749752e+000 
1.135319995e+000 1.823219256e+000 
1.169293550e+000 1.861478435e+000 
1.141824085e+000 1.831428647e+000 
1.152913199e+000 1.846038928e+000 
1.145221283e+000 1.836755894e+000 
1.156665163e+000 1.849127187e+000 
1.132838870e+000 1.819878711e+000 
1.147161723e+000 1.838469398e+000 
1.189882080e+000 1.879014394e+000 
1.147678448e+000 1.839557355e+000 
1.128009542e+000 1.814292869e+000 
1.134403795e+000 1.821639258e+000 
1.190689534e+000 1.880217202e+000 
1.125021256e+000 1.809810334e+000 
1.146609797e+000 1.837753738e+000 
1.147421935e+000 1.838666055e+000 
1.151043321e+000 1.843388264e+000 
1.189007834e+000 1.877320524e+000 
1.135107000e+000 1.822084879e+000 
1.217200932e+000 1.893437775e+000 
1.214159147e+000 1.892601699e+000 
1.131571598e+000 1.819068955e+000 
1.180448443e+000 1.872472286e+000 
1.138525165e+000 1.826740060e+000 
1.129921541e+000 1.816158724e+000 
1.213884945e+000 1.890156071e+000 
1.011594682e+000 1.039019618e+000 
1.011058201e+000 1.037799657e+000 
1.010843366e+000 1.037699467e+000 
1.014281249e+000 1.043508428e+000 
1.012585921e+000 1.041063195e+000 
1.017143700e+000 1.046745870e+000 
1.012265066e+000 1.040420171e+000 
1.016329125e+000 1.046095315e+000 
1.011231403e+000 1.038449400e+000 
1.014400458e+000 1.043580850e+000 
1.016734795e+000 1.046570527e+000 
1.014224818e+000 1.043480117e+000 
1.010650889e+000 1.037080595e+000 
1.011338561e+000 1.038454010e+000 
1.010582406e+000 1.036984472e+000 
1.012984986e+000 1.041653282e+000 
1.011394718e+000 1.038982567e+000 
1.012948895e+000 1.041627878e+000 
1.011981132e+000 1.039733855e+000 
1.015627965e+000 1.045033960e+000 
1.016558336e+000 1.046201536e+000 
1.011681591e+000 1.039096701e+000 
1.011805492e+000 1.039633122e+000 
1.012773255e+000 1.041527146e+000 
1.015530412e+000 1.044972675e+000 
1.014288823e+000 1.043571021e+000 
1.013663590e+000 1.042819733e+000 
1.015384443e+000 1.044942233e+000 
1.016734360e+000 1.046507631e+000 
1.015336748e+000 1.044876268e+000 
1.023401917e+000 1.083656133e+000 
1.026726324e+000 1.088607706e+000 
1.018655984e+000 1.073009677e+000 
1.018290511e+000 1.071750756e+000 
1.025505308e+000 1.087029340e+000 
1.017995186e+000 1.071474456e+000 
1.018412846e+000 1.072647478e+000 
1.020179281e+000 1.077572231e+000 
1.021484768e+000 1.080028412e+000 
1.021332616e+000 1.079865627e+000 
1.017692354e+000 1.070389000e+000 
1.019879626e+000 1.077369250e+000 
1.024385331e+000 1.084986684e+000 
1.019535436e+000 1.076332244e+000 
1.022779393e+000 1.082463425e+000 
1.017178538e+000 1.068287895e+000 
1.021183787e+000 1.078939127e+000 
1.021257772e+000 1.079818698e+000 
1.025032492e+000 1.086058380e+000 
1.020660641e+000 1.078633416e+000 
1.017300873e+000 1.069184618e+000 
1.017964325e+000 1.071461373e+000 
1.020721172e+000 1.078654568e+000 
1.024231662e+000 1.084905090e+000 
1.024833686e+000 1.086056563e+000 
1.025907481e+000 1.087876273e+000 
1.021887138e+000 1.080307365e+000 
1.022450964e+000 1.081438488e+000 
1.028027288e+000 1.090493880e+000 
1.027225721e+000 1.089159113e+000 
1.026993486e+000 1.089147401e+000 
1.027822851e+000 1.090349331e+000 
1.024513756e+000 1.085148350e+000 
1.000030832e+000 1.000000002e+000 
1.000070070e+000 1.000000441e+000 
1.000038421e+000 1.000000394e+000 
1.000128472e+000 1.000000484e+000 
1.000039237e+000 1.000000439e+000 
9.999999995e-001 1.000000000e+000 
1.002528770e+000 1.000678279e+000 
1.002269358e+000 1.000676625e+000 
1.002532398e+000 1.000678893e+000 
1.000400236e+000 1.000508821e+000 
1.000346665e+000 1.000493326e+000 
1.000500467e+000 1.000510599e+000 
1.002523574e+000 1.000677763e+000 
1.000343570e+000 1.000476605e+000 
1.000428425e+000 1.000509902e+000 
1.000658203e+000 1.000559193e+000 
1.001420092e+000 1.000628007e+000 
1.000580486e+000 1.000545850e+000 
1.000893571e+000 1.000595716e+000 
1.000733221e+000 1.000578642e+000 
1.001064811e+000 1.000612991e+000 
1.000804864e+000 1.000579454e+000 
1.000993168e+000 1.000612091e+000 
1.001756850e+000 1.000658015e+000 
1.001517066e+000 1.000643536e+000 
1.002591330e+000 1.000706191e+000 
1.001995613e+000 1.000673407e+000 
1.001692175e+000 1.000644869e+000 
1.001961950e+000 1.000660838e+000 
1.000672211e+000 1.000562242e+000 
1.001159028e+000 1.000613080e+000 
1.001943930e+000 1.000659222e+000 
1.004966935e+000 1.008690264e+000 
1.005471407e+000 1.008963051e+000 
1.005909989e+000 1.009125453e+000 
1.006218616e+000 1.009257687e+000 
1.006586534e+000 1.009401444e+000 
1.006907389e+000 1.009537096e+000 
1.005957051e+000 1.009133866e+000 
1.007085914e+000 1.009540545e+000 
1.006477220e+000 1.009264856e+000 
1.004445952e+000 1.008247669e+000 
1.005323826e+000 1.008846040e+000 
1.003962444e+000 1.007533444e+000 
1.004294177e+000 1.008122841e+000 
1.004657233e+000 1.008514231e+000 
1.004741174e+000 1.008541133e+000 
1.005148302e+000 1.008807426e+000 
1.007483004e+000 1.009666231e+000 
1.004232776e+000 1.007899960e+000 
1.009098602e+000 1.010102481e+000 
1.004378118e+000 1.008149743e+000 
1.004148835e+000 1.007873054e+000 
1.010235105e+000 1.010366661e+000 
1.004360116e+000 1.008139616e+000 
1.006804641e+000 1.009496720e+000 
1.007617267e+000 1.009777130e+000 
1.004226077e+000 1.007889122e+000 
1.008877549e+000 1.010050650e+000 
1.007125496e+000 1.009632372e+000 
1.006327592e+000 1.009261560e+000 
1.004882994e+000 1.008663511e+000 
1.005698110e+000 1.008993675e+000 
1.004505458e+000 1.008389403e+000 
1.006545699e+000 1.009356679e+000 
1.005807241e+000 1.009085078e+000 
1.004473701e+000 1.008249277e+000 
1.004262420e+000 1.007982564e+000 
1.010361833e+000 1.010386325e+000 
1.008725643e+000 1.010049897e+000 
1.008644716e+000 1.009964564e+000 
1.009004277e+000 1.010070314e+000 
1.009316710e+000 1.010194654e+000 
1.007981080e+000 1.009785863e+000 
1.008606832e+000 1.009954621e+000 
1.008083827e+000 1.009829342e+000 
1.008301935e+000 1.009921515e+000 
1.009790474e+000 1.010328290e+000 
1.009659491e+000 1.010237536e+000 
1.030801350e+000 1.175548396e+000 
1.029047077e+000 1.168568247e+000 
1.031153477e+000 1.175872410e+000 
1.035569696e+000 1.187878446e+000 
1.037043738e+000 1.191135131e+000 
1.029565917e+000 1.171601503e+000 
1.030254801e+000 1.173783100e+000 
1.030000097e+000 1.173252867e+000 
1.032251079e+000 1.179744290e+000 
1.030938967e+000 1.175663867e+000 
1.037701730e+000 1.192642810e+000 
1.033405967e+000 1.182342385e+000 
1.036478396e+000 1.189477129e+000 
1.030522834e+000 1.174068936e+000 
1.036215099e+000 1.189350010e+000 
1.037689140e+000 1.192606695e+000 
1.035332373e+000 1.187388935e+000 
1.028486263e+000 1.166891252e+000 
1.033536092e+000 1.183668839e+000 
1.034058316e+000 1.184412929e+000 
1.032957759e+000 1.181622330e+000 
1.034418817e+000 1.185629914e+000 
1.034398403e+000 1.185376221e+000 
1.030576280e+000 1.174073910e+000 
1.029775315e+000 1.171972719e+000 
1.032328846e+000 1.179959373e+000 
1.031534243e+000 1.177745210e+000 
1.031188737e+000 1.176527468e+000 
1.038562261e+000 1.427289202e+000 
1.041031964e+000 1.437521519e+000 
1.045378144e+000 1.451638761e+000 
1.040528781e+000 1.435620559e+000 
1.043857136e+000 1.446594031e+000 
1.042099199e+000 1.441258853e+000 
1.045795181e+000 1.452526902e+000 
1.039956550e+000 1.434505032e+000 
1.039493470e+000 1.432804754e+000 
1.039083947e+000 1.428668019e+000 
1.045977302e+000 1.453055322e+000 
1.042130504e+000 1.441538758e+000 
1.040683167e+000 1.436222364e+000 
1.043680755e+000 1.446388693e+000 
1.042751185e+000 1.443643568e+000 
1.044484530e+000 1.448912353e+000 
1.040369906e+000 1.435284027e+000 
1.039344421e+000 1.429342890e+000 
1.042079497e+000 1.441091401e+000 
1.044088822e+000 1.447800412e+000 
1.045713326e+000 1.452518081e+000 
1.045032428e+000 1.450007759e+000 
1.046238402e+000 1.454306604e+000 
1.045901799e+000 1.452835815e+000 
1.045817958e+000 1.452723204e+000 
1.000299786e+000 1.000129066e+000 
1.000321289e+000 1.000131940e+000 
1.000179046e+000 1.000122116e+000 
1.000241358e+000 1.000128225e+000 
1.000219855e+000 1.000125351e+000 
1.000200549e+000 1.000124991e+000 
1.000290939e+000 1.000128623e+000 
1.000289469e+000 1.000128295e+000 
1.000165147e+000 1.000111725e+000 
1.326661787e+000 1.968468817e+000 
1.258284702e+000 1.922367497e+000 
1.257551774e+000 1.921311016e+000 
1.550580645e+000 1.999900064e+000 
1.445086555e+000 1.994219490e+000 
1.260675786e+000 1.925089309e+000 
1.290739867e+000 1.948364661e+000 
1.261073119e+000 1.925145224e+000 
1.262243497e+000 1.926719926e+000 
1.284509392e+000 1.944306892e+000 
1.286284824e+000 1.945968515e+000 
1.245673290e+000 1.907659387e+000 
1.444422026e+000 1.994175649e+000 
1.545378108e+000 1.999898826e+000 
1.251613911e+000 1.915172400e+000 
1.374542283e+000 1.984154950e+000 
1.285310936e+000 1.945109140e+000 
1.274637771e+000 1.936582796e+000 
1.292761195e+000 1.948861243e+000 
1.257924714e+000 1.922200686e+000 
1.283001962e+000 1.943401567e+000 
1.277186720e+000 1.937887453e+000 
1.443528286e+000 1.994106446e+000 
1.261651114e+000 1.926673959e+000 
1.246541333e+000 1.907975791e+000 
1.311374347e+000 1.960510944e+000 
1.358980677e+000 1.979361572e+000 
1.245382636e+000 1.906883879e+000 
1.419950158e+000 1.990668603e+000 
1.453357380e+000 1.995188795e+000 
1.261153912e+000 1.925686899e+000 
1.245117295e+000 1.906453217e+000 
1.343543070e+000 1.975843064e+000 
1.360504654e+000 1.980271407e+000 
1.359640399e+000 1.979837948e+000 
1.304759188e+000 1.956508138e+000 
1.490957214e+000 1.997520564e+000 
1.299328351e+000 1.953320803e+000 
1.274323840e+000 1.935657896e+000 
1.308556098e+000 1.959711205e+000 
1.263446141e+000 1.928082859e+000 
1.301325895e+000 1.953832686e+000 
1.263307621e+000 1.928078392e+000 
1.554612291e+000 1.999959020e+000 
1.253458293e+000 1.916502951e+000 
1.334967598e+000 1.973525470e+000 
1.314206347e+000 1.961881620e+000 
1.254325794e+000 1.918748962e+000 
1.324889064e+000 1.967768831e+000 
1.310514449e+000 1.960354948e+000 
1.451820865e+000 1.995087482e+000 
1.301526533e+000 1.954158208e+000 
1.362232621e+000 1.981094817e+000 
1.422102735e+000 1.991660413e+000 
1.386031735e+000 1.985497816e+000 
1.267819260e+000 1.930964237e+000 
1.253189589e+000 1.915671590e+000 
1.259070066e+000 1.922476298e+000 
1.367286209e+000 1.982515813e+000 
1.283942022e+000 1.943662862e+000 
1.267891492e+000 1.932428882e+000 
1.383659894e+000 1.985212233e+000 
1.335871976e+000 1.974026065e+000 
1.385011260e+000 1.985315949e+000 
1.255466234e+000 1.919255918e+000 
1.259748809e+000 1.923791133e+000 
1.485643901e+000 1.997504436e+000 
1.312393208e+000 1.960775798e+000 
1.272526847e+000 1.934769674e+000 
1.301061324e+000 1.953805585e+000 
1.307198849e+000 1.958303190e+000 
1.289257916e+000 1.946245852e+000 
1.337542261e+000 1.974638354e+000 
1.480711259e+000 1.997437054e+000 
1.365075640e+000 1.982198014e+000 
1.343977011e+000 1.975984461e+000 
1.333108574e+000 1.973109484e+000 
1.373063208e+000 1.983941939e+000 
1.379321043e+000 1.984903709e+000 
1.256558361e+000 1.920164223e+000 
1.369695059e+000 1.983595393e+000 
1.373223208e+000 1.984139114e+000 
1.269073633e+000 1.933153556e+000 
1.254120467e+000 1.917760644e+000 
1.339029120e+000 1.975428584e+000 
1.265310864e+000 1.929463795e+000 
1.338346897e+000 1.975344585e+000 
1.336462900e+000 1.974326212e+000 
1.497790537e+000 1.997884257e+000 
1.363671374e+000 1.982087996e+000 
1.285125526e+000 1.944382740e+000 
1.313655139e+000 1.961676707e+000 
1.393367794e+000 1.987021101e+000 
1.395507652e+000 1.987204409e+000 
1.247465552e+000 1.909436090e+000 
1.494866227e+000 1.997613503e+000 
1.393193396e+000 1.986790276e+000 
1.253357717e+000 1.915693990e+000 
1.439591622e+000 1.993889848e+000 
1.493400213e+000 1.997557642e+000 
1.266047016e+000 1.930820225e+000 
1.374793101e+000 1.984281817e+000 
1.375177848e+000 1.984453190e+000 
1.359601131e+000 1.979547848e+000 
1.328209822e+000 1.969940528e+000 
1.266024990e+000 1.929483737e+000 
1.359438827e+000 1.979539840e+000 
1.496669579e+000 1.997841153e+000 
1.272981966e+000 1.935309125e+000 
1.495451844e+000 1.997820584e+000 
1.375322270e+000 1.984454074e+000 
1.501927955e+000 1.998143620e+000 
1.257140926e+000 1.920355568e+000 
1.478254433e+000 1.997174427e+000 
1.302610160e+000 1.954913323e+000 
1.305574044e+000 1.957147417e+000 
1.388429185e+000 1.985861078e+000 
1.303448973e+000 1.955555247e+000 
1.306555714e+000 1.957506434e+000 
1.297506093e+000 1.951999498e+000 
1.360315007e+000 1.980102273e+000 
1.282485574e+000 1.942678617e+000 
1.252397109e+000 1.915197696e+000 
1.322766540e+000 1.966866983e+000 
1.388486037e+000 1.985976555e+000 
1.555795966e+000 2.000000000e+000 
1.273710749e+000 1.935400761e+000 
1.344552745e+000 1.976726211e+000 
1.390830025e+000 1.986647176e+000 
1.340490940e+000 1.975809211e+000 
1.378391398e+000 1.984712057e+000 
1.424494205e+000 1.992287922e+000 
1.301982484e+000 1.954789234e+000 
1.378207407e+000 1.984702398e+000 
1.470034731e+000 1.996745028e+000 
1.303110706e+000 1.955470927e+000 
1.526598604e+000 1.999083924e+000 
1.327102648e+000 1.969328284e+000 
1.462361335e+000 1.995868004e+000 
1.250354221e+000 1.912060925e+000 
1.250496235e+000 1.912158419e+000 
1.248739480e+000 1.910031303e+000 
1.292498504e+000 1.948704192e+000 
1.478645422e+000 1.997214199e+000 
1.329350278e+000 1.970351139e+000 
1.440055945e+000 1.994051386e+000 
1.303839810e+000 1.955684675e+000 
1.519625690e+000 1.998863248e+000 
1.529177824e+000 1.999155113e+000 
1.251410636e+000 1.913053644e+000 
1.473025135e+000 1.996842622e+000 
1.473109600e+000 1.996931733e+000 
1.500365403e+000 1.998100934e+000 
1.474639590e+000 1.997134984e+000 
1.328068206e+000 1.969470128e+000 
1.345701181e+000 1.977494548e+000 
1.329577146e+000 1.970974403e+000 
1.319286388e+000 1.965800225e+000 
1.317608865e+000 1.964077133e+000 
1.289367209e+000 1.947462087e+000 
1.316887083e+000 1.963992434e+000 
1.248758359e+000 1.910339648e+000 
1.249039787e+000 1.911183154e+000 
1.435562093e+000 1.993484544e+000 
1.431645761e+000 1.992822597e+000 
1.305519846e+000 1.956741301e+000 
1.332822470e+000 1.972354106e+000 
1.434061725e+000 1.993249514e+000 
1.331529925e+000 1.971956757e+000 
1.438913638e+000 1.993782381e+000 
1.437878718e+000 1.993781898e+000 
1.459139509e+000 1.995716120e+000 
1.350249865e+000 1.977888650e+000 
1.293404285e+000 1.948865745e+000 
1.474023700e+000 1.996950858e+000 
1.313028588e+000 1.961315652e+000 
1.458386267e+000 1.995549050e+000 
1.351228461e+000 1.978318989e+000 
1.257504404e+000 1.920521121e+000 
1.455872655e+000 1.995426017e+000 
1.450845489e+000 1.994976191e+000 
1.448066437e+000 1.994665555e+000 
1.293892110e+000 1.949626784e+000 
1.257788962e+000 1.922165351e+000 
1.349629191e+000 1.977873771e+000 
1.455200210e+000 1.995249011e+000 
1.274899713e+000 1.936717042e+000 
1.495265649e+000 1.997775384e+000 
1.271835068e+000 1.934487226e+000 
1.317717104e+000 1.964763557e+000 
1.427780765e+000 1.992637376e+000 
1.350921735e+000 1.978283414e+000 
1.420738560e+000 1.991487312e+000 
1.293619685e+000 1.949143157e+000 
1.274507848e+000 1.935735379e+000 
1.275043476e+000 1.937804478e+000 
1.251473256e+000 1.913294836e+000 
1.427316560e+000 1.992479190e+000 
1.354364599e+000 1.979354711e+000 
1.270768019e+000 1.933353842e+000 
1.450338750e+000 1.994730392e+000 
1.280007295e+000 1.941094822e+000 
1.321171156e+000 1.966451822e+000 
1.279982769e+000 1.941011185e+000 
1.282775789e+000 1.943196549e+000 
1.262741635e+000 1.926965120e+000 
1.317705563e+000 1.964603327e+000 
1.253449539e+000 1.916226548e+000 
1.420900864e+000 1.991497313e+000 
1.492366186e+000 1.997554946e+000 
1.253185864e+000 1.915448825e+000 
1.280167339e+000 1.941501474e+000 
1.281459884e+000 1.941910855e+000 
1.277374452e+000 1.939399171e+000 
1.278667489e+000 1.940342074e+000 
1.260029001e+000 1.924780688e+000 
1.423149367e+000 1.991957280e+000 
1.304073405e+000 1.956428060e+000 
1.263532929e+000 1.928497604e+000 
1.253135881e+000 1.915302865e+000 
1.296368001e+000 1.951000527e+000 
1.462417846e+000 1.996241525e+000 
1.315390579e+000 1.962959540e+000 
1.298767306e+000 1.952820037e+000 
1.323664612e+000 1.967564905e+000 
1.296381815e+000 1.951048112e+000 
1.368518962e+000 1.982528916e+000 
1.280646096e+000 1.941631996e+000 
1.294377208e+000 1.949704542e+000 
1.314312528e+000 1.962006235e+000 
1.323782535e+000 1.967701393e+000 
1.301357399e+000 1.954009388e+000 
1.538915970e+000 1.999216924e+000 
1.325085217e+000 1.968447723e+000 
1.321767759e+000 1.966640016e+000 
1.294640150e+000 1.950937905e+000 
1.402619077e+000 1.988555041e+000 
1.399118012e+000 1.987884254e+000 
1.315185398e+000 1.962681295e+000 
1.323403367e+000 1.967476570e+000 
1.396167148e+000 1.987332886e+000 
1.397028184e+000 1.987416923e+000 
1.400943178e+000 1.987935203e+000 
1.312283825e+000 1.960574365e+000 
1.514167080e+000 1.998825841e+000 
1.524574418e+000 1.998889213e+000 
1.520745170e+000 1.998863660e+000 
1.512723783e+000 1.998678580e+000 
1.507773436e+000 1.998435019e+000 
1.508241680e+000 1.998572985e+000 
1.504890507e+000 1.998362882e+000 
1.446565878e+000 1.994258899e+000 
1.361888448e+000 1.980557981e+000 
1.433422276e+000 1.992864418e+000 
1.361839799e+000 1.980554555e+000 
1.401978464e+000 1.988441904e+000 
1.398341820e+000 1.987739240e+000 
1.415387637e+000 1.990348965e+000 
1.403214633e+000 1.988795466e+000 
1.410613758e+000 1.989279954e+000 
1.430740327e+000 1.992718927e+000 
1.412153246e+000 1.989825330e+000 
1.410800686e+000 1.989621572e+000 
1.411743855e+000 1.989692874e+000 

