1.006133931e+000 1.852823544e+000 
1.000000000e+000 1.816872250e+000 
1.140616274e+000 1.950169100e+000 
1.087142453e+000 1.911358794e+000 
1.190963546e+000 1.979577735e+000 
1.157637904e+000 1.951255225e+000 
1.057881920e+000 1.899774028e+000 
1.101284920e+000 1.921846589e+000 
1.084263290e+000 1.910999582e+000 
1.128377370e+000 1.940029670e+000 
1.030789470e+000 1.871463299e+000 
1.074903550e+000 1.900493387e+000 

1.207187467e+000 1.009628264e+000 
1.068769619e+000 1.005851364e+000 
1.190963546e+000 1.009008980e+000 
1.055229322e+000 1.005829208e+000 
1.137963676e+000 1.007678963e+000 
1.000000000e+000 1.004472130e+000 
1.081008522e+000 1.006959912e+000 
1.030789470e+000 1.005738136e+000 
1.175090176e+000 1.008426787e+000 
1.091207563e+000 1.007072330e+000 
1.144907949e+000 1.008298246e+000 
1.094688897e+000 1.007072566e+000 
1.158448245e+000 1.008406760e+000 
1.108229193e+000 1.007205586e+000 

1.000000000e+000 1.374077418e+000 
1.055229322e+000 1.421427777e+000 
1.068769619e+000 1.422115598e+000 
1.240666500e+000 1.521672345e+000 
1.322730738e+000 1.522090484e+000 
1.342621750e+000 1.525412840e+000 
1.266445699e+000 1.521939871e+000 
1.148162717e+000 1.493441421e+000 
1.074002963e+000 1.423807121e+000 
1.022254975e+000 1.377904158e+000 
1.250117967e+000 1.521841823e+000 
1.137963676e+000 1.467312515e+000 
1.084263290e+000 1.457303960e+000 
1.161703013e+000 1.494443438e+000 
1.234177040e+000 1.520411560e+000 
1.030789470e+000 1.416152766e+000 
1.144498414e+000 1.484673973e+000 
1.190963546e+000 1.496090165e+000 
1.101284920e+000 1.459088687e+000 
1.317049407e+000 1.522002161e+000 
1.215403399e+000 1.520176233e+000 
1.125724773e+000 1.465376636e+000 

1.200010669e+000 1.639089609e+000 
1.059607752e+000 1.552250841e+000 
1.149286378e+000 1.617926076e+000 
1.006133931e+000 1.507897784e+000 
1.146633781e+000 1.617757206e+000 
1.088868285e+000 1.582434467e+000 
1.159252975e+000 1.626575137e+000 
1.000000000e+000 1.506370965e+000 
1.069574349e+000 1.559201299e+000 
1.016100529e+000 1.512899082e+000 
1.032515302e+000 1.551656480e+000 
1.122193928e+000 1.617091537e+000 
1.082734354e+000 1.580752272e+000 
1.166308008e+000 1.627616493e+000 
1.190963546e+000 1.637370707e+000 
1.204856612e+000 1.656232934e+000 
1.201158573e+000 1.640084890e+000 
1.092933395e+000 1.587817739e+000 
1.030789470e+000 1.520876773e+000 
1.109955025e+000 1.597958697e+000 

1.006133931e+000 1.025266161e+000 
1.124803671e+000 1.046154294e+000 
1.140616274e+000 1.046860437e+000 
1.000000000e+000 1.025061211e+000 
1.157637904e+000 1.046975653e+000 
1.057881920e+000 1.033108408e+000 
1.190963546e+000 1.053381838e+000 
1.067848517e+000 1.038927227e+000 
1.030789470e+000 1.032493705e+000 
1.101284920e+000 1.040454253e+000 
1.016100529e+000 1.025813024e+000 
1.084263290e+000 1.039631589e+000 
1.087744624e+000 1.039720772e+000 
1.028951292e+000 1.031492609e+000 

1.006133931e+000 1.000344095e+000 
1.000000000e+000 1.000267358e+000 
1.140616274e+000 1.000520508e+000 
1.084263290e+000 1.000438442e+000 
1.057881920e+000 1.000429142e+000 
1.157637904e+000 1.000521821e+000 
1.030789470e+000 1.000355374e+000 
1.190963546e+000 1.000595594e+000 
1.128377370e+000 1.000512520e+000 
1.101284920e+000 1.000446735e+000 
1.074903550e+000 1.000429452e+000 

1.000000000e+000 1.000236925e+000 
1.068769619e+000 1.000322340e+000 
1.055229322e+000 1.000322232e+000 
1.317049407e+000 1.000563422e+000 
1.081008522e+000 1.000358373e+000 
1.137963676e+000 1.000443443e+000 
1.215403399e+000 1.000526560e+000 
1.125724773e+000 1.000407345e+000 
1.250117967e+000 1.000562263e+000 
1.234177040e+000 1.000528959e+000 
1.173941916e+000 1.000485910e+000 
1.051747988e+000 1.000316031e+000 
1.342621750e+000 1.000595594e+000 
1.113523823e+000 1.000402197e+000 
1.322730738e+000 1.000564070e+000 
1.030789470e+000 1.000315373e+000 
1.215094157e+000 1.000487560e+000 
1.148162717e+000 1.000484631e+000 
1.266445699e+000 1.000562969e+000 
1.190963546e+000 1.000487473e+000 
1.161703013e+000 1.000485862e+000 
1.240666500e+000 1.000561064e+000 
1.101284920e+000 1.000401313e+000 
1.084263290e+000 1.000401230e+000 

1.218207856e+000 1.656215605e+000 
1.006133931e+000 1.526965017e+000 
1.175395169e+000 1.627599171e+000 
1.359262000e+000 1.656219532e+000 
1.250564286e+000 1.656217461e+000 
1.245927356e+000 1.656215647e+000 
1.327420788e+000 1.656217554e+000 
1.429823444e+000 1.656219632e+000 
1.131747944e+000 1.597924610e+000 
1.133272866e+000 1.597924696e+000 
1.733735598e+000 1.656219767e+000 
1.321125730e+000 1.656217547e+000 
1.379450124e+000 1.656219574e+000 
1.610942293e+000 1.656219739e+000 
1.585163094e+000 1.656219724e+000 
1.078070043e+000 1.577264769e+000 
1.737305416e+000 1.656219781e+000 
1.209738662e+000 1.641204494e+000 
1.203875927e+000 1.629541923e+000 
1.124201501e+000 1.596900062e+000 
1.000000000e+000 1.491323565e+000 
1.215411422e+000 1.656215490e+000 
1.478369367e+000 1.656219660e+000 
1.288478813e+000 1.656217504e+000 
1.870490899e+000 1.656219817e+000 
1.752977439e+000 1.656219789e+000 
1.071774985e+000 1.577264762e+000 
1.275159312e+000 1.656217489e+000 
1.232607855e+000 1.656215640e+000 
1.159078565e+000 1.626557865e+000 
1.206040623e+000 1.641204459e+000 
1.224502914e+000 1.656215612e+000 
1.373155066e+000 1.656219567e+000 
1.204515701e+000 1.641204373e+000 
1.256859344e+000 1.656217475e+000 
1.216682934e+000 1.656215519e+000 
1.246866248e+000 1.656217425e+000 
1.212984895e+000 1.656215483e+000 
1.201859267e+000 1.629541887e+000 
1.800081651e+000 1.656219810e+000 
1.121781347e+000 1.596866589e+000 
1.147560546e+000 1.626557737e+000 
1.149085468e+000 1.626557822e+000 
1.087142453e+000 1.582138202e+000 
1.152783507e+000 1.626557858e+000 
1.123306269e+000 1.596866675e+000 
1.174615393e+000 1.627599093e+000 
1.172598734e+000 1.627599064e+000 
1.565493566e+000 1.656219696e+000 
1.044682535e+000 1.542863550e+000 
1.146839662e+000 1.617063487e+000 
1.658046505e+000 1.656219760e+000 
1.102725581e+000 1.587800467e+000 
1.785740211e+000 1.656219803e+000 
1.465634834e+000 1.656219653e+000 
1.193691691e+000 1.627599214e+000 
1.199432741e+000 1.629541880e+000 
1.632267306e+000 1.656219746e+000 
1.135321643e+000 1.617063359e+000 
1.136846565e+000 1.617063444e+000 
1.140544604e+000 1.617063480e+000 
1.372734352e+000 1.656219546e+000 
1.057881920e+000 1.577264733e+000 
1.443295796e+000 1.656219639e+000 
1.298823245e+000 1.656217518e+000 
1.181690226e+000 1.627599178e+000 
1.340893139e+000 1.656217568e+000 
1.170172208e+000 1.627599050e+000 
1.050977593e+000 1.542863557e+000 
1.091207563e+000 1.587800339e+000 
1.092732485e+000 1.587800424e+000 
1.096430523e+000 1.587800460e+000 
1.087074509e+000 1.577922083e+000 
1.030789470e+000 1.542863521e+000 
1.292528187e+000 1.656217511e+000 
1.173870246e+000 1.627599086e+000 
1.539714367e+000 1.656219682e+000 
1.109754115e+000 1.589622365e+000 
1.418721993e+000 1.656219596e+000 
1.108229193e+000 1.589622280e+000 
1.203130780e+000 1.629541916e+000 
1.113452154e+000 1.589622401e+000 
1.565921252e+000 1.656219703e+000 
1.491841719e+000 1.656219674e+000 
1.119747211e+000 1.589622408e+000 
1.270331696e+000 1.656217482e+000 
1.392922475e+000 1.656219589e+000 
1.189795168e+000 1.627599207e+000 
1.569491071e+000 1.656219717e+000 
1.316319337e+000 1.656217532e+000 

1.149286378e+000 1.953668913e+000 
1.088868285e+000 1.910560069e+000 
1.059607752e+000 1.874573711e+000 
1.200010669e+000 1.980037005e+000 
1.006133931e+000 1.819951061e+000 
1.146633781e+000 1.953448483e+000 
1.032515302e+000 1.873762695e+000 
1.201158573e+000 1.981225190e+000 
1.082734354e+000 1.908389163e+000 
1.000000000e+000 1.817963269e+000 
1.159252975e+000 1.964725432e+000 
1.166308008e+000 1.966028201e+000 
1.069574349e+000 1.883771254e+000 
1.016100529e+000 1.826780315e+000 
1.030789470e+000 1.837078170e+000 
1.204856612e+000 2.000000000e+000 
1.190963546e+000 1.977975413e+000 
1.092933395e+000 1.917743052e+000 
1.122193928e+000 1.952577690e+000 
1.109955025e+000 1.930753633e+000 

1.006133931e+000 1.282863879e+000 
1.124803671e+000 1.378645910e+000 
1.099446742e+000 1.352195590e+000 
1.028951292e+000 1.303997099e+000 
1.087744624e+000 1.352046605e+000 
1.000000000e+000 1.274356700e+000 
1.016100529e+000 1.285652311e+000 
1.101284920e+000 1.360165627e+000 
1.190963546e+000 1.413241427e+000 
1.030789470e+000 1.317459397e+000 
1.057881920e+000 1.324679876e+000 
1.067848517e+000 1.344058702e+000 
1.157637904e+000 1.387138911e+000 
1.140616274e+000 1.386268143e+000 
1.084263290e+000 1.351667048e+000 

1.006133931e+000 1.031492609e+000 
1.000000000e+000 1.024820883e+000 
1.140616274e+000 1.046860437e+000 
1.057881920e+000 1.038899413e+000 
1.190963546e+000 1.053381838e+000 
1.157637904e+000 1.046975653e+000 
1.030789470e+000 1.032493705e+000 
1.128377370e+000 1.046154294e+000 
1.074903550e+000 1.038927227e+000 
1.084263290e+000 1.039720772e+000 
1.101284920e+000 1.040454253e+000 

1.000000000e+000 1.010024305e+000 
1.068769619e+000 1.013362569e+000 
1.055229322e+000 1.013358059e+000 
1.081008522e+000 1.014852388e+000 
1.317049407e+000 1.022750266e+000 
1.342621750e+000 1.023908896e+000 
1.250117967e+000 1.022707798e+000 
1.215403399e+000 1.021419563e+000 
1.322730738e+000 1.022774000e+000 
1.234177040e+000 1.021507651e+000 
1.030789470e+000 1.013081980e+000 
1.125724773e+000 1.016683349e+000 
1.215094157e+000 1.019805588e+000 
1.240666500e+000 1.022663755e+000 
1.190963546e+000 1.019804906e+000 
1.101284920e+000 1.016440435e+000 
1.113523823e+000 1.016475076e+000 
1.266445699e+000 1.022733673e+000 
1.137963676e+000 1.018175875e+000 
1.051747988e+000 1.013105164e+000 
1.084263290e+000 1.016433645e+000 
1.148162717e+000 1.019688940e+000 
1.161703013e+000 1.019737881e+000 

1.055229322e+000 1.001736390e+000 
1.006133931e+000 1.001341455e+000 
1.028951292e+000 1.001343600e+000 
1.144097608e+000 1.002488995e+000 
1.204515701e+000 1.002712364e+000 
1.206040623e+000 1.002879369e+000 
1.000000000e+000 1.001330972e+000 
1.190963546e+000 1.002541005e+000 
1.140616274e+000 1.002184209e+000 
1.057881920e+000 1.001741612e+000 
1.061363254e+000 1.001766362e+000 
1.114837074e+000 1.002165854e+000 
1.149687639e+000 1.002522611e+000 
1.084180614e+000 1.001766784e+000 
1.030789470e+000 1.001731810e+000 
1.101284920e+000 1.002139462e+000 
1.084263290e+000 1.002130874e+000 
1.161703013e+000 1.002528670e+000 

1.059607752e+000 1.005849321e+000 
1.032515302e+000 1.005849074e+000 
1.200010669e+000 1.008752733e+000 
1.030789470e+000 1.004608345e+000 
1.000000000e+000 1.004493997e+000 
1.146633781e+000 1.008298813e+000 
1.190963546e+000 1.008690949e+000 
1.159252975e+000 1.008407629e+000 
1.006133931e+000 1.004513486e+000 
1.016100529e+000 1.004530463e+000 
1.149286378e+000 1.008300007e+000 
1.204856612e+000 1.009628830e+000 
1.201158573e+000 1.008790659e+000 
1.069574349e+000 1.005887542e+000 
1.122193928e+000 1.008294400e+000 
1.166308008e+000 1.008427353e+000 
1.082734354e+000 1.007050680e+000 
1.088868285e+000 1.007071427e+000 
1.092933395e+000 1.007089018e+000 
1.109955025e+000 1.007206152e+000 

1.076629382e+000 1.006959903e+000 
1.068769619e+000 1.005994200e+000 
1.032515302e+000 1.005849074e+000 
1.159252975e+000 1.008407629e+000 
1.153168518e+000 1.008298813e+000 
1.096414728e+000 1.007089018e+000 
1.190963546e+000 1.008690949e+000 
1.006133931e+000 1.004493136e+000 
1.201158573e+000 1.008790659e+000 
1.016100529e+000 1.004514577e+000 
1.070495451e+000 1.006956066e+000 
1.166308008e+000 1.008427353e+000 
1.092750425e+000 1.007050680e+000 
1.030789470e+000 1.004822362e+000 
1.204856612e+000 1.009628830e+000 
1.101284920e+000 1.007343236e+000 
1.000000000e+000 1.004491995e+000 
1.200010669e+000 1.008752733e+000 
1.092933395e+000 1.007073132e+000 
1.109955025e+000 1.008294400e+000 

1.006133931e+000 1.119165400e+000 
1.190963546e+000 1.202657201e+000 
1.000000000e+000 1.093725633e+000 
1.140616274e+000 1.177798481e+000 
1.030789470e+000 1.123006281e+000 
1.057881920e+000 1.147422617e+000 
1.128377370e+000 1.175092509e+000 
1.157637904e+000 1.178239034e+000 
1.074903550e+000 1.147529649e+000 
1.084263290e+000 1.150569141e+000 
1.101284920e+000 1.153380314e+000 

1.006133931e+000 1.000000376e+000 
1.190963546e+000 1.000033945e+000 
1.000000000e+000 1.000000000e+000 
1.149687639e+000 1.000033416e+000 
1.204515701e+000 1.000038744e+000 
1.161703013e+000 1.000033591e+000 
1.206040623e+000 1.000043338e+000 
1.148162717e+000 1.000033226e+000 
1.101284920e+000 1.000022591e+000 
1.027092450e+000 1.000001027e+000 
1.030789470e+000 1.000011254e+000 
1.087744624e+000 1.000022455e+000 
1.113523823e+000 1.000022709e+000 
1.057881920e+000 1.000012292e+000 
1.140616274e+000 1.000032455e+000 
1.084263290e+000 1.000022453e+000 
1.114837074e+000 1.000023494e+000 

1.006133931e+000 1.852823544e+000 
1.190963546e+000 1.979577735e+000 
1.000000000e+000 1.816872250e+000 
1.157637904e+000 1.951255225e+000 
1.057881920e+000 1.899774028e+000 
1.128377370e+000 1.940029670e+000 
1.030789470e+000 1.871463299e+000 
1.140616274e+000 1.950169100e+000 
1.087142453e+000 1.911358794e+000 
1.101284920e+000 1.921846589e+000 
1.074903550e+000 1.900493387e+000 
1.084263290e+000 1.910999582e+000 

1.207187467e+000 1.009628264e+000 
1.068769619e+000 1.005851364e+000 
1.055229322e+000 1.005829208e+000 
1.190963546e+000 1.009008980e+000 
1.158448245e+000 1.008406760e+000 
1.108229193e+000 1.007205586e+000 
1.094688897e+000 1.007072566e+000 
1.081008522e+000 1.006959912e+000 
1.030789470e+000 1.005738136e+000 
1.175090176e+000 1.008426787e+000 
1.144907949e+000 1.008298246e+000 
1.091207563e+000 1.007072330e+000 
1.137963676e+000 1.007678963e+000 
1.000000000e+000 1.004472130e+000 

1.068769619e+000 1.310522162e+000 
1.322730738e+000 1.409754470e+000 
1.234177040e+000 1.408013270e+000 
1.055229322e+000 1.309953952e+000 
1.144498414e+000 1.372731876e+000 
1.022254975e+000 1.268506203e+000 
1.000000000e+000 1.264600667e+000 
1.074002963e+000 1.312392085e+000 
1.125724773e+000 1.352665499e+000 
1.215403399e+000 1.407770385e+000 
1.317049407e+000 1.409662509e+000 
1.030789470e+000 1.305313090e+000 
1.342621750e+000 1.413241427e+000 
1.240666500e+000 1.409319470e+000 
1.266445699e+000 1.409597681e+000 
1.190963546e+000 1.383417798e+000 
1.101284920e+000 1.346911008e+000 
1.137963676e+000 1.354502163e+000 
1.161703013e+000 1.381856014e+000 
1.084263290e+000 1.345290345e+000 
1.250117967e+000 1.409495674e+000 
1.148162717e+000 1.380903528e+000 
