1.006133931e+000 1.852823544e+000 
1.190963546e+000 1.979577735e+000 
1.084263290e+000 1.910999582e+000 
1.101284920e+000 1.921846589e+000 
1.030789470e+000 1.871463299e+000 
1.074903550e+000 1.900493387e+000 
1.087142453e+000 1.911358794e+000 
1.057881920e+000 1.899774028e+000 
1.032515302e+000 1.873762695e+000 
1.159252975e+000 1.964725432e+000 
1.200010669e+000 1.980037005e+000 
1.146633781e+000 1.953448483e+000 
1.201158573e+000 1.981225190e+000 
1.166308008e+000 1.966028201e+000 
1.204856612e+000 2.000000000e+000 
1.122193928e+000 1.952577690e+000 
1.109955025e+000 1.930753633e+000 
1.149286378e+000 1.953668913e+000 
1.092933395e+000 1.917743052e+000 
1.082734354e+000 1.908389163e+000 
1.000000000e+000 1.817963269e+000 

