1.012453557e+000 1.777341840e+000 
1.017351942e+000 1.793704640e+000 
1.102698988e+000 1.912941120e+000 
1.030491573e+000 1.824097139e+000 
1.065374090e+000 1.876650905e+000 
1.018738766e+000 1.796924318e+000 
1.034087450e+000 1.831160973e+000 
1.020917490e+000 1.802810783e+000 
1.016486741e+000 1.791101724e+000 
1.016918434e+000 1.792310977e+000 
1.017932376e+000 1.795001827e+000 
1.021477090e+000 1.803547111e+000 
1.054846059e+000 1.863043438e+000 
1.045059596e+000 1.849430425e+000 
1.028453979e+000 1.819628619e+000 
1.033395851e+000 1.829934531e+000 
1.018555772e+000 1.796340236e+000 
1.023293597e+000 1.809377836e+000 
1.042716531e+000 1.845147938e+000 
1.031058145e+000 1.825060943e+000 
1.060875017e+000 1.870839505e+000 
1.060339574e+000 1.869779101e+000 
1.015045098e+000 1.786344519e+000 
1.017374598e+000 1.793894162e+000 
1.024175989e+000 1.811571291e+000 
1.011002211e+000 1.772509939e+000 
1.022397497e+000 1.807048375e+000 
1.028933509e+000 1.820452614e+000 
1.056357453e+000 1.865614294e+000 
1.034288073e+000 1.832254643e+000 
1.056277283e+000 1.865532622e+000 
1.031837787e+000 1.826746601e+000 
1.106556183e+000 1.916012725e+000 
1.060661975e+000 1.870839129e+000 
1.027815284e+000 1.818460489e+000 
1.054213228e+000 1.862420868e+000 
1.027624134e+000 1.817483447e+000 
1.012150100e+000 1.776908967e+000 
1.035268349e+000 1.833133703e+000 
1.026140334e+000 1.815402670e+000 
1.062281379e+000 1.872259640e+000 
1.023535993e+000 1.809895853e+000 
1.059503596e+000 1.868991737e+000 
1.083818941e+000 1.894602744e+000 
1.014322298e+000 1.784542994e+000 
1.020372465e+000 1.801268256e+000 
1.037689015e+000 1.837295450e+000 
1.032393043e+000 1.827834995e+000 
1.022340559e+000 1.806158627e+000 
1.035060203e+000 1.832454835e+000 
1.033692554e+000 1.830558586e+000 
1.033056518e+000 1.829753610e+000 
1.050482539e+000 1.857197842e+000 
1.013530852e+000 1.781624214e+000 
1.027172398e+000 1.816835596e+000 
1.032511654e+000 1.828585855e+000 
1.058925343e+000 1.868232644e+000 
1.070238833e+000 1.881631634e+000 
1.022074705e+000 1.805896180e+000 
1.009521631e+000 1.767925373e+000 
1.015703049e+000 1.789258242e+000 
1.061069568e+000 1.871426071e+000 
1.060989398e+000 1.871344398e+000 
1.084183693e+000 1.895210050e+000 
1.039533564e+000 1.840002967e+000 
1.024032216e+000 1.810656145e+000 
1.021234694e+000 1.803191614e+000 
1.026572954e+000 1.815892877e+000 
1.009831840e+000 1.770107396e+000 
1.092485006e+000 1.904033684e+000 
1.038354554e+000 1.838583352e+000 
1.035828253e+000 1.834227374e+000 
1.035677470e+000 1.833674258e+000 
1.014611590e+000 1.784982434e+000 
1.048611459e+000 1.854642153e+000 
1.012609137e+000 1.778662340e+000 
1.053626675e+000 1.860885531e+000 
1.009476864e+000 1.760144795e+000 
1.035471213e+000 1.833548506e+000 
1.035913175e+000 1.834436290e+000 
1.014810505e+000 1.785969411e+000 
1.080666771e+000 1.892276713e+000 
1.010538624e+000 1.771353990e+000 
1.044979426e+000 1.849348752e+000 
1.028878166e+000 1.820232924e+000 
1.048914560e+000 1.855016195e+000 
1.039613734e+000 1.840084640e+000 
1.039103730e+000 1.839477097e+000 
1.035208627e+000 1.832752460e+000 
1.036447919e+000 1.834996237e+000 
1.091019274e+000 1.901335220e+000 
1.060475797e+000 1.870252338e+000 
1.069887676e+000 1.881540575e+000 
1.036367749e+000 1.834914564e+000 
1.030969514e+000 1.824547611e+000 
1.067399322e+000 1.878630138e+000 
1.011842050e+000 1.776561989e+000 
1.026976696e+000 1.816448428e+000 
1.059719964e+000 1.869233750e+000 
1.009488142e+000 1.762024980e+000 
1.063692984e+000 1.874625722e+000 
1.050768067e+000 1.857662744e+000 
1.056267390e+000 1.864869143e+000 
1.020594698e+000 1.801824313e+000 
1.063331018e+000 1.874434529e+000 
1.012739926e+000 1.779523863e+000 
1.048214319e+000 1.853604701e+000 
1.011141831e+000 1.772684372e+000 
1.019654666e+000 1.799485850e+000 
1.031508846e+000 1.826029724e+000 
1.066147732e+000 1.877559389e+000 
1.051967380e+000 1.858442651e+000 
1.022970806e+000 1.808225641e+000 
1.079599338e+000 1.890619136e+000 
1.088123771e+000 1.899089107e+000 
1.015175978e+000 1.787218190e+000 
1.015269541e+000 1.787896157e+000 
1.013989888e+000 1.783377588e+000 
1.061857135e+000 1.872114552e+000 
1.059698985e+000 1.869141128e+000 
1.029607376e+000 1.822291868e+000 
1.011288581e+000 1.774691962e+000 
1.020161191e+000 1.800389049e+000 
1.011359175e+000 1.774808616e+000 
1.081749865e+000 1.892696562e+000 
1.013198963e+000 1.781277237e+000 
1.013341789e+000 1.781546879e+000 
1.011072805e+000 1.772626592e+000 
1.064653554e+000 1.875387220e+000 
1.055166092e+000 1.863427671e+000 
1.107254429e+000 1.917239742e+000 
1.042091972e+000 1.844681987e+000 
1.055002932e+000 1.863302239e+000 
1.085827661e+000 1.896951189e+000 
1.086864664e+000 1.898181119e+000 
1.068560904e+000 1.879876966e+000 
1.043659950e+000 1.846863633e+000 
1.013191282e+000 1.780559500e+000 
1.057292857e+000 1.865685204e+000 
1.081862646e+000 1.893542992e+000 
1.076942022e+000 1.888518280e+000 
1.076121759e+000 1.887729853e+000 
1.104965927e+000 1.914375979e+000 
1.049853037e+000 1.856465695e+000 
1.098751313e+000 1.909190230e+000 
1.100949989e+000 1.911821414e+000 
1.068943526e+000 1.880267597e+000 
1.104110254e+000 1.914348029e+000 
1.072398418e+000 1.883736199e+000 
1.075432249e+000 1.886539816e+000 
1.040516176e+000 1.841734605e+000 
1.085820310e+000 1.896572897e+000 
1.088350881e+000 1.899248793e+000 
1.095716566e+000 1.907008583e+000 
1.040980805e+000 1.842260927e+000 
1.045358812e+000 1.849912316e+000 
1.094057422e+000 1.904932788e+000 
1.095374785e+000 1.906024657e+000 
1.098845617e+000 1.909771601e+000 
1.102504329e+000 1.912625436e+000 
1.080570341e+000 1.891414178e+000 
1.094686450e+000 1.905946677e+000 
1.072048325e+000 1.883314934e+000 
1.091139723e+000 1.902446414e+000 
1.085222116e+000 1.896326738e+000 
1.074228566e+000 1.885615410e+000 
1.096986068e+000 1.907600724e+000 
1.049291329e+000 1.855256720e+000 
1.087402358e+000 1.898627213e+000 
1.047817807e+000 1.853146066e+000 
1.084784603e+000 1.896129558e+000 
1.077448199e+000 1.889029814e+000 
1.042635171e+000 1.844875707e+000 
1.093319964e+000 1.904746889e+000 
1.004976932e+000 1.083465389e+000 
1.005185598e+000 1.083703037e+000 
1.007563803e+000 1.087681903e+000 
1.006338132e+000 1.085603483e+000 
1.004595769e+000 1.081678774e+000 
1.004378425e+000 1.081475113e+000 
1.004080714e+000 1.079449810e+000 
1.005488349e+000 1.083773444e+000 
1.006524354e+000 1.087419546e+000 
1.005869513e+000 1.085569399e+000 
1.006936640e+000 1.087603099e+000 
1.006393612e+000 1.085653606e+000 
1.005652169e+000 1.085385846e+000 
1.005503603e+000 1.084822215e+000 
1.003867308e+000 1.079046968e+000 
1.004349646e+000 1.080722137e+000 
1.004128441e+000 1.080562723e+000 
1.003646103e+000 1.078887554e+000 
1.000350322e+000 1.007428420e+000 
1.000522566e+000 1.007431342e+000 
1.007765750e+000 1.109877410e+000 
1.007646905e+000 1.106146439e+000 
1.000145703e+000 1.000607152e+000 
1.000128781e+000 1.000606667e+000 
1.000134647e+000 1.000606739e+000 
1.001060765e+000 1.009276074e+000 
1.003004616e+000 1.009974120e+000 
1.002647694e+000 1.009951117e+000 
1.002397213e+000 1.009932502e+000 
1.002933972e+000 1.009958745e+000 
1.003255097e+000 1.009992735e+000 
1.002154454e+000 1.009743655e+000 
1.003435141e+000 1.009995843e+000 
1.001554557e+000 1.009527676e+000 
1.000638814e+000 1.009072579e+000 
1.000771056e+000 1.009269459e+000 
1.000753877e+000 1.009086407e+000 
1.002300919e+000 1.009758553e+000 
1.001474146e+000 1.009526327e+000 
1.001079936e+000 1.009299991e+000 
1.001967385e+000 1.009726729e+000 
1.003476256e+000 1.010004362e+000 
1.001451849e+000 1.009514998e+000 
1.001945088e+000 1.009715400e+000 
1.002957397e+000 1.009962853e+000 
1.001386825e+000 1.009508754e+000 
1.001880064e+000 1.009709156e+000 
1.003248072e+000 1.009978917e+000 
1.001716904e+000 1.009708114e+000 
1.002902977e+000 1.009955494e+000 
1.003217028e+000 1.009975594e+000 
1.003583285e+000 1.010179882e+000 
1.001223665e+000 1.009507712e+000 
1.008438308e+000 1.349497774e+000 
1.008095889e+000 1.349468004e+000 
1.008224531e+000 1.349497771e+000 
1.008864863e+000 1.353112994e+000 
1.008040499e+000 1.348933204e+000 
1.008552190e+000 1.352518661e+000 
1.009431774e+000 1.356204739e+000 
1.008736222e+000 1.353083228e+000 
1.009303133e+000 1.356174973e+000 
1.007911858e+000 1.348903438e+000 
1.009154800e+000 1.353295303e+000 
1.000215953e+000 1.001063292e+000 
1.000164025e+000 1.001062671e+000 
1.000000001e+000 1.000500304e+000 
1.166259287e+000 1.957298704e+000 
1.197958528e+000 1.971516812e+000 
1.122191329e+000 1.929531975e+000 
1.103920224e+000 1.913438583e+000 
1.157372996e+000 1.952526756e+000 
1.204899544e+000 1.974599280e+000 
1.220462225e+000 1.981174018e+000 
1.206270211e+000 1.975366202e+000 
1.168810087e+000 1.958781476e+000 
1.191855200e+000 1.969198377e+000 
1.209893443e+000 1.976878845e+000 
1.213169426e+000 1.978478736e+000 
1.178825750e+000 1.963300493e+000 
1.164790852e+000 1.956000526e+000 
1.205435838e+000 1.974789490e+000 
1.227360283e+000 1.983830955e+000 
1.155235175e+000 1.951426181e+000 
1.213686244e+000 1.978665201e+000 
1.121358730e+000 1.928927212e+000 
1.181629935e+000 1.964800144e+000 
1.217601637e+000 1.979882789e+000 
1.237299992e+000 1.986830251e+000 
1.122711287e+000 1.929576700e+000 
1.119833312e+000 1.927754848e+000 
1.154099947e+000 1.950403380e+000 
1.111859200e+000 1.921669158e+000 
1.105801745e+000 1.914418400e+000 
1.118716586e+000 1.927150085e+000 
1.233710205e+000 1.985279897e+000 
1.216713245e+000 1.979789371e+000 
1.237326931e+000 1.986851032e+000 
1.213895001e+000 1.978806535e+000 
1.109840083e+000 1.919537526e+000 
1.232215853e+000 1.985015947e+000 
1.120253808e+000 1.928391897e+000 
1.331681032e+000 1.999518108e+000 
1.110143185e+000 1.919872999e+000 
1.112197515e+000 1.922054645e+000 
1.224054680e+000 1.982287529e+000 
1.220595048e+000 1.981695308e+000 
1.230553848e+000 1.984189501e+000 
1.232096781e+000 1.984730291e+000 
1.209326699e+000 1.976841499e+000 
1.221677742e+000 1.982082870e+000 
1.208325522e+000 1.976766506e+000 
1.203842569e+000 1.974161073e+000 
1.214946313e+000 1.979176709e+000 
1.300105617e+000 1.998502716e+000 
1.229909348e+000 1.984027367e+000 
1.109452762e+000 1.919240537e+000 
1.200150175e+000 1.972766391e+000 
1.224538330e+000 1.983373980e+000 
1.178071158e+000 1.962596819e+000 
1.211722047e+000 1.977688944e+000 
1.163106305e+000 1.955814238e+000 
1.230726011e+000 1.984327810e+000 
1.154452603e+000 1.951118941e+000 
1.108001970e+000 1.917321006e+000 
1.196485014e+000 1.971321348e+000 
1.108225470e+000 1.918172222e+000 
1.177628399e+000 1.962574060e+000 
1.124660769e+000 1.931500330e+000 
1.199227847e+000 1.972723638e+000 
1.167354140e+000 1.957639862e+000 
1.217719392e+000 1.980609152e+000 
1.128231223e+000 1.933808901e+000 
1.122864756e+000 1.930372068e+000 
1.166667654e+000 1.957492909e+000 
1.168040807e+000 1.958089161e+000 
1.224984088e+000 1.983592203e+000 
1.195941136e+000 1.971142328e+000 
1.165601929e+000 1.956751638e+000 
1.116831575e+000 1.925629747e+000 
1.129619035e+000 1.935203736e+000 
1.370786435e+000 1.999919819e+000 
1.148863106e+000 1.947466065e+000 
1.178178475e+000 1.963097185e+000 
1.115441491e+000 1.924285329e+000 
1.264442158e+000 1.993783536e+000 
1.414376145e+000 2.000000000e+000 
1.105818964e+000 1.914803887e+000 
1.111894413e+000 1.921719173e+000 
1.178191815e+000 1.963100584e+000 
1.125355625e+000 1.932130229e+000 
1.195459116e+000 1.970533451e+000 
1.224484156e+000 1.982564185e+000 
1.165812605e+000 1.956870570e+000 
1.210240839e+000 1.977251809e+000 
1.125614967e+000 1.932401238e+000 
1.215376757e+000 1.979336682e+000 
1.114453176e+000 1.924030703e+000 
1.344198857e+000 1.999656583e+000 
1.170903040e+000 1.959909478e+000 
1.113185829e+000 1.922309272e+000 
1.230526909e+000 1.984168720e+000 
1.194374153e+000 1.970273055e+000 
1.304903392e+000 1.998738968e+000 
1.338408187e+000 1.999625768e+000 
1.111028191e+000 1.920062521e+000 
1.167900579e+000 1.957727831e+000 
1.172772951e+000 1.960603841e+000 
1.174936048e+000 1.961790606e+000 
1.169132815e+000 1.958953591e+000 
1.205459087e+000 1.974815715e+000 
1.314920076e+000 1.999217363e+000 
1.198450258e+000 1.972473136e+000 
1.314768981e+000 1.999217243e+000 
1.304704291e+000 1.998724766e+000 
1.302580319e+000 1.998721247e+000 
1.215145415e+000 1.979195348e+000 
1.106122065e+000 1.915139359e+000 
1.107015643e+000 1.916289124e+000 
1.248272140e+000 1.989662990e+000 
1.220363536e+000 1.980913520e+000 
1.179356571e+000 1.963399200e+000 
1.210449596e+000 1.977393143e+000 
1.113250382e+000 1.923122961e+000 
1.206809461e+000 1.975742893e+000 
1.161138887e+000 1.954782522e+000 
1.173864920e+000 1.961038552e+000 
1.160490722e+000 1.954084305e+000 
1.138032307e+000 1.940961822e+000 
1.158359306e+000 1.953005644e+000 
1.323067365e+000 1.999410606e+000 
1.347011494e+000 1.999887777e+000 
1.115692033e+000 1.924918182e+000 
1.157829258e+000 1.952977223e+000 
1.362823260e+000 1.999914397e+000 
1.208099267e+000 1.976151606e+000 
1.314191832e+000 1.999114397e+000 
1.186772059e+000 1.967293482e+000 
1.169943935e+000 1.959018096e+000 
1.191720677e+000 1.969003097e+000 
1.274564448e+000 1.995852691e+000 
1.180462483e+000 1.964327514e+000 
1.134640345e+000 1.938702021e+000 
1.112729100e+000 1.922284634e+000 
1.186122449e+000 1.966772072e+000 
1.137078411e+000 1.940359334e+000 
1.202733183e+000 1.974138388e+000 
1.117201735e+000 1.926195022e+000 
1.181952266e+000 1.965093401e+000 
1.146913646e+000 1.946838405e+000 
1.186412566e+000 1.966872379e+000 
1.187989304e+000 1.967472503e+000 
1.206362181e+000 1.975391482e+000 
1.116712540e+000 1.925603286e+000 
1.126409374e+000 1.933186705e+000 
1.204155985e+000 1.974472935e+000 
1.117092212e+000 1.925896314e+000 
1.236117797e+000 1.986136964e+000 
1.235156502e+000 1.985607873e+000 
1.198027709e+000 1.972213489e+000 
1.147938536e+000 1.947300260e+000 
1.205605801e+000 1.974875020e+000 
1.307444010e+000 1.998806554e+000 
1.124581883e+000 1.931185427e+000 
1.158528707e+000 1.953319023e+000 
1.234588350e+000 1.985464411e+000 
1.132870706e+000 1.937802932e+000 
1.158423825e+000 1.953069853e+000 
1.308087560e+000 1.998909400e+000 
1.135772377e+000 1.939708303e+000 
1.179935238e+000 1.963841373e+000 
1.184042027e+000 1.966041454e+000 
1.171790436e+000 1.960273270e+000 
1.131735737e+000 1.936215412e+000 
1.131753981e+000 1.937182641e+000 
1.134153116e+000 1.938512669e+000 
1.245503242e+000 1.988992589e+000 
1.235234777e+000 1.985612553e+000 
1.190031293e+000 1.968333969e+000 
1.192751627e+000 1.969275942e+000 
1.145558101e+000 1.946240881e+000 
1.185163631e+000 1.966702969e+000 
1.307569236e+000 1.998855241e+000 
1.138655348e+000 1.941358554e+000 
1.177052267e+000 1.962370143e+000 
1.200659269e+000 1.973154695e+000 
1.242246073e+000 1.988396410e+000 
1.196827732e+000 1.971476023e+000 
1.164800676e+000 1.956601959e+000 
1.240716626e+000 1.987723857e+000 
1.134655652e+000 1.939103540e+000 
1.142803519e+000 1.944022220e+000 
1.117594748e+000 1.926488050e+000 
1.153838491e+000 1.950332390e+000 
1.236868429e+000 1.986175454e+000 
1.239883919e+000 1.987179717e+000 
1.121742918e+000 1.929404559e+000 
1.134136548e+000 1.937906039e+000 
1.314317059e+000 1.999163085e+000 
1.245981511e+000 1.989439163e+000 
1.137538623e+000 1.940753790e+000 
1.119402260e+000 1.927294794e+000 
1.238504315e+000 1.986901401e+000 
1.244749582e+000 1.988727025e+000 
1.248378580e+000 1.989716384e+000 
1.154352395e+000 1.950818531e+000 
1.145317966e+000 1.945540231e+000 
1.146836807e+000 1.946350096e+000 
1.242352513e+000 1.988449804e+000 
1.317808756e+000 1.999338902e+000 
1.162805062e+000 1.955485990e+000 
1.144201240e+000 1.945147050e+000 
1.154411788e+000 1.951029708e+000 
1.138803822e+000 1.941767206e+000 
1.149543333e+000 1.948531743e+000 
1.141568498e+000 1.943315610e+000 
1.152426304e+000 1.950002972e+000 
1.143905780e+000 1.944662831e+000 
1.141686793e+000 1.943417457e+000 
1.310984043e+000 1.999074679e+000 
1.258824440e+000 1.992500645e+000 
1.152543998e+000 1.950313258e+000 
1.141007999e+000 1.942953703e+000 
1.256002323e+000 1.991665456e+000 
1.124602782e+000 1.931233465e+000 
1.131067331e+000 1.935723200e+000 
1.261329406e+000 1.993227925e+000 
1.127416936e+000 1.933544270e+000 
1.123268766e+000 1.930627761e+000 
1.263293415e+000 1.993657580e+000 
1.280127913e+000 1.996673683e+000 
1.293160052e+000 1.998357790e+000 
1.252924918e+000 1.990796007e+000 
1.278933513e+000 1.996499732e+000 
1.245730910e+000 1.989149733e+000 
1.249359908e+000 1.990047001e+000 
1.254672254e+000 1.991305759e+000 
1.250816671e+000 1.990441928e+000 
1.267333231e+000 1.994466971e+000 
1.248237883e+000 1.989646873e+000 
1.243997133e+000 1.988522453e+000 
1.252426768e+000 1.990649222e+000 
1.270383291e+000 1.994994350e+000 
1.292693336e+000 1.998216925e+000 
1.272324422e+000 1.995190935e+000 
1.264669350e+000 1.993809965e+000 
1.269290618e+000 1.994766999e+000 
1.252411751e+000 1.990620236e+000 
1.286479338e+000 1.997523717e+000 
1.269275601e+000 1.994738013e+000 
1.283414070e+000 1.997188825e+000 
1.287323838e+000 1.997763344e+000 
1.288518237e+000 1.997937295e+000 
1.275805857e+000 1.995940552e+000 
1.273745135e+000 1.995573203e+000 
1.270368274e+000 1.994965364e+000 
1.282969464e+000 1.996996492e+000 
1.273152312e+000 1.995384699e+000 
1.286652769e+000 1.997568721e+000 
1.291752706e+000 1.998081471e+000 
1.411014109e+000 1.999970599e+000 
1.282432194e+000 1.996929490e+000 
1.298283570e+000 1.998494856e+000 
1.301771168e+000 1.998590359e+000 
1.297081844e+000 1.998468784e+000 

