1.030212730e+000 1.045582212e+000 
1.031568300e+000 1.045953412e+000 
1.030552088e+000 1.045685939e+000 
1.032508994e+000 1.046187630e+000 
1.028552485e+000 1.044844078e+000 
1.030319515e+000 1.045603904e+000 
1.029852509e+000 1.045262419e+000 
1.028197592e+000 1.031123236e+000 
1.025628237e+000 1.030393118e+000 
1.027771526e+000 1.031008231e+000 
1.025169860e+000 1.030151287e+000 
1.026237702e+000 1.030601901e+000 
1.028083490e+000 1.031048176e+000 
1.027566512e+000 1.030930583e+000 
1.026545079e+000 1.030700459e+000 
1.000498849e+000 1.000038638e+000 
1.000588339e+000 1.000040864e+000 
1.000556927e+000 1.000040632e+000 
1.000521667e+000 1.000039025e+000 
1.000635473e+000 1.000042051e+000 
1.000639960e+000 1.000042151e+000 
1.000467138e+000 1.000006677e+000 
1.000321873e+000 1.000005308e+000 
1.000393694e+000 1.000006008e+000 
1.000302348e+000 1.000004979e+000 
1.000409130e+000 1.000006382e+000 
1.000483259e+000 1.000006701e+000 
1.000279530e+000 1.000004641e+000 
1.000359729e+000 1.000005685e+000 
1.000497647e+000 1.000006759e+000 
1.000446852e+000 1.000006392e+000 
1.040190553e+000 1.120050798e+000 
1.037013241e+000 1.118864981e+000 
1.039829148e+000 1.119869827e+000 
1.033762477e+000 1.117683190e+000 
1.035180945e+000 1.118299029e+000 
1.040315362e+000 1.120058433e+000 
1.034135119e+000 1.117835977e+000 
1.038841165e+000 1.119568513e+000 
1.040362414e+000 1.120119156e+000 
1.036268676e+000 1.118655594e+000 
1.039180641e+000 1.119667523e+000 
1.035896034e+000 1.118502807e+000 
1.040567967e+000 1.120129747e+000 
1.033297730e+000 1.117475605e+000 
1.039488936e+000 1.119779283e+000 
1.035708098e+000 1.118300228e+000 
1.038679672e+000 1.119459171e+000 
1.001833499e+000 1.000182947e+000 
1.001811119e+000 1.000182444e+000 
1.002150015e+000 1.000195942e+000 
1.001791575e+000 1.000179189e+000 
1.002083599e+000 1.000195042e+000 
1.002124019e+000 1.000195845e+000 
1.002163384e+000 1.000196426e+000 
1.001911054e+000 1.000188143e+000 
1.013434114e+000 1.007573093e+000 
1.021678696e+000 1.008997846e+000 
1.012410177e+000 1.007208807e+000 
1.012815758e+000 1.007409305e+000 
1.012308554e+000 1.007136283e+000 
1.021280242e+000 1.008952644e+000 
1.013070576e+000 1.007414334e+000 
1.013879244e+000 1.007729311e+000 
1.016659883e+000 1.008237030e+000 
1.013613054e+000 1.007628842e+000 
1.016810749e+000 1.008250874e+000 
1.016097503e+000 1.008138191e+000 
1.021114455e+000 1.008914569e+000 
1.013461290e+000 1.007573663e+000 
1.013758339e+000 1.007712887e+000 
1.022328097e+000 1.009108046e+000 
1.013879046e+000 1.007714432e+000 
1.022345035e+000 1.009113041e+000 
1.019042136e+000 1.008613323e+000 
1.012205290e+000 1.007001297e+000 
1.021265321e+000 1.008933800e+000 
1.016124679e+000 1.008138760e+000 
1.016288531e+000 1.008164915e+000 
1.018443100e+000 1.008508853e+000 
1.022572106e+000 1.009146785e+000 
1.017292059e+000 1.008322072e+000 
1.033155171e+000 1.088724814e+000 
1.023177129e+000 1.027454774e+000 
1.023898890e+000 1.027700432e+000 
1.025144510e+000 1.028159763e+000 
1.022836466e+000 1.027237364e+000 
1.025027786e+000 1.028111666e+000 
1.024842392e+000 1.028052786e+000 
1.010441522e+000 1.006675227e+000 
1.009510701e+000 1.006407925e+000 
1.011619349e+000 1.006930117e+000 
1.009917018e+000 1.006549618e+000 
1.009848548e+000 1.006517362e+000 
1.009637548e+000 1.006488639e+000 
1.009987808e+000 1.006582293e+000 
1.010512312e+000 1.006707902e+000 
1.009404826e+000 1.006331370e+000 
1.008939535e+000 1.005999806e+000 
1.009128086e+000 1.006080520e+000 
1.010365330e+000 1.006662286e+000 
1.010661608e+000 1.006744435e+000 
1.010709180e+000 1.006748821e+000 
1.011230305e+000 1.006874064e+000 
1.004462208e+000 1.000634384e+000 
1.003490254e+000 1.000565991e+000 
1.003642761e+000 1.000581982e+000 
1.003296809e+000 1.000551088e+000 
1.003713235e+000 1.000584458e+000 
1.003278750e+000 1.000548792e+000 
1.004059331e+000 1.000610159e+000 
1.003843011e+000 1.000596705e+000 
1.003170507e+000 1.000535089e+000 
1.003554645e+000 1.000575762e+000 
1.003419780e+000 1.000563515e+000 
1.003772651e+000 1.000590485e+000 
1.003913485e+000 1.000599181e+000 
1.004021061e+000 1.000607683e+000 
1.003972901e+000 1.000605208e+000 
1.004234336e+000 1.000619924e+000 
1.004683851e+000 1.000641605e+000 
1.004149019e+000 1.000612166e+000 
1.003827055e+000 1.000594229e+000 
1.003344866e+000 1.000551268e+000 
1.004738849e+000 1.000643074e+000 
1.052561352e+000 1.138974567e+000 
1.044939838e+000 1.136170304e+000 
1.047412207e+000 1.137155470e+000 
1.041296601e+000 1.134552872e+000 
1.054780951e+000 1.139714496e+000 
1.041402724e+000 1.134662907e+000 
1.042231283e+000 1.134933785e+000 
1.041750014e+000 1.134680093e+000 
1.040751359e+000 1.134124808e+000 
1.043663878e+000 1.135597179e+000 
1.043569417e+000 1.135558114e+000 
1.044274256e+000 1.135875390e+000 
1.045783698e+000 1.136455174e+000 
1.054150002e+000 1.139443706e+000 
1.051033546e+000 1.138449460e+000 
1.053298149e+000 1.139191673e+000 
1.049472801e+000 1.137914737e+000 
1.053405880e+000 1.139230517e+000 
1.054331233e+000 1.139505581e+000 
1.052103154e+000 1.138820059e+000 
1.047961187e+000 1.137335017e+000 
1.047583720e+000 1.137203737e+000 
1.048295462e+000 1.137505932e+000 
1.002324197e+000 1.000348012e+000 
1.002467343e+000 1.000354803e+000 
1.002266129e+000 1.000342222e+000 
1.002196326e+000 1.000342094e+000 
1.002380774e+000 1.000351885e+000 
1.002572103e+000 1.000360114e+000 
1.002729406e+000 1.000366360e+000 
1.002521145e+000 1.000358936e+000 
1.002888935e+000 1.000372227e+000 
1.003017077e+000 1.000376950e+000 
1.002431862e+000 1.000352831e+000 
1.002506056e+000 1.000358224e+000 
1.002768119e+000 1.000369781e+000 
1.002610817e+000 1.000363535e+000 
1.002942738e+000 1.000376350e+000 
1.002623742e+000 1.000363625e+000 
1.002783208e+000 1.000370537e+000 
1.002873846e+000 1.000371603e+000 
1.002837977e+000 1.000371049e+000 
1.003124368e+000 1.000381825e+000 
1.003063766e+000 1.000380433e+000 
1.002952157e+000 1.000376419e+000 
1.008102254e+000 1.003225652e+000 
1.007452406e+000 1.002956851e+000 
1.008009644e+000 1.003195838e+000 
1.007892885e+000 1.003166232e+000 
1.007519811e+000 1.003009004e+000 
1.007430285e+000 1.002895927e+000 
1.008531852e+000 1.003316555e+000 
1.007757938e+000 1.003149198e+000 
1.008227826e+000 1.003258475e+000 
1.008180787e+000 1.003245180e+000 
1.007845462e+000 1.003164069e+000 
1.007875130e+000 1.003166209e+000 
1.008564641e+000 1.003326265e+000 
1.007608079e+000 1.003054862e+000 
1.000933225e+000 1.000063736e+000 
1.001728521e+000 1.000070768e+000 
1.001176646e+000 1.000065784e+000 
1.001646558e+000 1.000070499e+000 
1.001090106e+000 1.000065489e+000 
1.001070575e+000 1.000065477e+000 
1.001294521e+000 1.000067256e+000 
1.001454219e+000 1.000069000e+000 
1.001249804e+000 1.000067233e+000 
1.000760347e+000 1.000061658e+000 
1.001131087e+000 1.000065729e+000 
1.001194405e+000 1.000066965e+000 
1.001398820e+000 1.000068732e+000 
1.000703117e+000 1.000060159e+000 
1.000967585e+000 1.000063953e+000 
1.000811153e+000 1.000061934e+000 
1.001748861e+000 1.000070822e+000 
1.001544732e+000 1.000069318e+000 
1.001119597e+000 1.000065720e+000 
1.000669499e+000 1.000058663e+000 
1.001340317e+000 1.000067551e+000 
1.001163291e+000 1.000065740e+000 
1.001632441e+000 1.000069481e+000 
1.000778889e+000 1.000061694e+000 
1.001766795e+000 1.000071031e+000 
1.001103642e+000 1.000065508e+000 
1.000899519e+000 1.000063470e+000 
1.000801948e+000 1.000061706e+000 
1.001115131e+000 1.000065517e+000 
1.000876460e+000 1.000063458e+000 
1.000902371e+000 1.000063478e+000 
1.000793519e+000 1.000061698e+000 
1.000844325e+000 1.000061974e+000 
1.001246952e+000 1.000067225e+000 
1.000809001e+000 1.000061733e+000 
1.001059009e+000 1.000065457e+000 
1.001470897e+000 1.000069004e+000 
1.001314643e+000 1.000067496e+000 
1.001615223e+000 1.000069367e+000 
1.000770461e+000 1.000061686e+000 
1.000821266e+000 1.000061962e+000 
1.001519058e+000 1.000069264e+000 
1.001043054e+000 1.000065245e+000 
1.001266483e+000 1.000067237e+000 
1.001056157e+000 1.000065449e+000 
1.000951629e+000 1.000063741e+000 
1.001003371e+000 1.000065185e+000 
1.000911947e+000 1.000063681e+000 
1.000879312e+000 1.000063466e+000 
1.000706178e+000 1.000061274e+000 
1.000767609e+000 1.000061678e+000 
1.000719051e+000 1.000061510e+000 
1.000869199e+000 1.000063438e+000 
1.074006174e+000 1.928244758e+000 
1.095235985e+000 1.936447441e+000 
1.195126313e+000 1.960727618e+000 
1.163378544e+000 1.954706887e+000 
1.172141257e+000 1.956499048e+000 
1.085282404e+000 1.933068690e+000 
1.087728340e+000 1.933930242e+000 
1.202297095e+000 1.961857586e+000 
1.084105336e+000 1.932504768e+000 
1.113574966e+000 1.942332750e+000 
1.109367590e+000 1.941197189e+000 
1.162813904e+000 1.954548458e+000 
1.102530264e+000 1.939025575e+000 
1.091225961e+000 1.935189177e+000 
1.120052494e+000 1.944226518e+000 
1.162960423e+000 1.954621052e+000 
1.308794307e+000 1.974578374e+000 
1.253897233e+000 1.969264139e+000 
1.185537110e+000 1.959072060e+000 
1.260737826e+000 1.969907245e+000 
1.093761185e+000 1.936056979e+000 
1.105953009e+000 1.940101850e+000 
1.069886399e+000 1.926508603e+000 
1.082863787e+000 1.932037152e+000 
1.084645807e+000 1.932792639e+000 
1.273262931e+000 1.971266811e+000 
1.069111162e+000 1.926176071e+000 
1.189222896e+000 1.959526868e+000 
1.190694039e+000 1.959888427e+000 
1.066852662e+000 1.925097642e+000 
1.110504749e+000 1.941503455e+000 
1.252893604e+000 1.969124857e+000 
1.137340276e+000 1.948589217e+000 
1.055987977e+000 1.918813135e+000 
1.066546935e+000 1.925085239e+000 
1.272681181e+000 1.971073796e+000 
1.111428539e+000 1.941832585e+000 
1.113764808e+000 1.942409580e+000 
1.177131657e+000 1.957564831e+000 
1.305998982e+000 1.974211544e+000 
1.088602145e+000 1.934247839e+000 
1.149132470e+000 1.951598149e+000 
1.302753463e+000 1.973959870e+000 
1.279004823e+000 1.971951388e+000 
1.114321705e+000 1.942686209e+000 
1.269693317e+000 1.971002054e+000 
1.265292205e+000 1.970662375e+000 
1.057572687e+000 1.920051524e+000 
1.057339731e+000 1.919899869e+000 
1.082527265e+000 1.931811144e+000 
1.098269189e+000 1.937544945e+000 
1.139526964e+000 1.949289302e+000 
1.212205023e+000 1.963449792e+000 
1.058501730e+000 1.920797338e+000 
1.106440669e+000 1.940299689e+000 
1.129152383e+000 1.946665052e+000 
1.063199515e+000 1.923498856e+000 
1.104124484e+000 1.939526218e+000 
1.082339356e+000 1.931781569e+000 
1.060039523e+000 1.921858092e+000 
1.109765470e+000 1.941359004e+000 
1.128572082e+000 1.946537354e+000 
1.101316718e+000 1.938642217e+000 
1.104519778e+000 1.939655192e+000 
1.069052761e+000 1.926163455e+000 
1.152941458e+000 1.952625318e+000 
1.148685259e+000 1.951514718e+000 
1.064084697e+000 1.923865029e+000 
1.092291293e+000 1.935538829e+000 
1.065039933e+000 1.924308696e+000 
1.142190145e+000 1.949933547e+000 
1.134431748e+000 1.948025974e+000 
1.104293464e+000 1.939587930e+000 
1.309668717e+000 1.974629516e+000 
1.252445967e+000 1.969078080e+000 
1.133845061e+000 1.947949908e+000 
1.311330735e+000 1.974771181e+000 
1.081678394e+000 1.931526146e+000 
1.100896913e+000 1.938429213e+000 
1.175960207e+000 1.957371233e+000 
1.066364761e+000 1.924965932e+000 
1.059353214e+000 1.921423777e+000 
1.126574555e+000 1.945871706e+000 
1.280728303e+000 1.972041544e+000 
1.062593223e+000 1.923223528e+000 
1.132365978e+000 1.947400732e+000 
1.130474541e+000 1.946919239e+000 
1.131727603e+000 1.947323276e+000 
1.110998478e+000 1.941656939e+000 
1.147014057e+000 1.951078675e+000 
1.064545519e+000 1.924073327e+000 
1.161992385e+000 1.954414026e+000 
1.135028922e+000 1.948189789e+000 
1.071407314e+000 1.927209076e+000 
1.150916156e+000 1.952125299e+000 
1.150165413e+000 1.951842797e+000 
1.240030197e+000 1.967329992e+000 
1.054915914e+000 1.917291154e+000 
1.242485909e+000 1.967718635e+000 
1.139044676e+000 1.949143986e+000 
1.247288696e+000 1.968399600e+000 
1.201873231e+000 1.961726178e+000 
1.240544456e+000 1.967439218e+000 
1.276222601e+000 1.971507158e+000 
1.199791530e+000 1.961521228e+000 
1.071840745e+000 1.927403958e+000 
1.055839788e+000 1.918453905e+000 
1.095067267e+000 1.936428846e+000 
1.137998354e+000 1.948775632e+000 
1.162320294e+000 1.954479066e+000 
1.111336416e+000 1.941737458e+000 
1.071877197e+000 1.927425455e+000 
1.055297590e+000 1.917867273e+000 
1.173979212e+000 1.956758178e+000 
1.277157904e+000 1.971620046e+000 
1.072149076e+000 1.927583454e+000 
1.302374547e+000 1.973782585e+000 
1.276803777e+000 1.971558466e+000 
1.080871783e+000 1.931106687e+000 
1.077932686e+000 1.929878324e+000 
1.305545388e+000 1.974125388e+000 
1.118905648e+000 1.943864520e+000 
1.215321018e+000 1.964080944e+000 
1.124093491e+000 1.945104139e+000 
1.128110007e+000 1.946320566e+000 
1.244375084e+000 1.967861836e+000 
1.095819330e+000 1.936624644e+000 
1.219378102e+000 1.964734891e+000 
1.112488427e+000 1.942072479e+000 
1.184195912e+000 1.958716156e+000 
1.058233978e+000 1.920635875e+000 
1.083467525e+000 1.932196591e+000 
1.056558006e+000 1.919210875e+000 
1.245053027e+000 1.968131027e+000 
1.307990705e+000 1.974368205e+000 
1.108998866e+000 1.941044648e+000 
1.183123165e+000 1.958527205e+000 
1.188374314e+000 1.959509348e+000 
1.241999156e+000 1.967650105e+000 
1.234958802e+000 1.966583159e+000 
1.079821086e+000 1.930712393e+000 
1.139804854e+000 1.949312290e+000 
1.082582182e+000 1.931910425e+000 
1.083286299e+000 1.932063195e+000 
1.134661365e+000 1.948067861e+000 
1.078708281e+000 1.930224371e+000 
1.055891464e+000 1.918505820e+000 
1.230730799e+000 1.966237844e+000 
1.072993547e+000 1.927910954e+000 
1.073526573e+000 1.928105574e+000 
1.082116766e+000 1.931683486e+000 
1.078227149e+000 1.930063059e+000 
1.205824721e+000 1.962479023e+000 
1.301468930e+000 1.973573527e+000 
1.298041746e+000 1.973328469e+000 
1.137649636e+000 1.948752038e+000 
1.256465594e+000 1.969756560e+000 
1.159575759e+000 1.954110283e+000 
1.254329050e+000 1.969464126e+000 
1.261197335e+000 1.969937550e+000 
1.300836936e+000 1.973395688e+000 
1.144815210e+000 1.950556874e+000 
1.152532006e+000 1.952350504e+000 
1.150848829e+000 1.951925436e+000 
1.209877938e+000 1.963103612e+000 
1.208657255e+000 1.962885235e+000 
1.290862092e+000 1.972623805e+000 
1.158730821e+000 1.953986992e+000 
1.287207590e+000 1.972384771e+000 
1.296529219e+000 1.973067533e+000 
1.164446685e+000 1.955064770e+000 
1.196159800e+000 1.960787988e+000 
1.164689048e+000 1.955109632e+000 
1.165880043e+000 1.955365242e+000 
1.285700922e+000 1.972300650e+000 
1.165034841e+000 1.955171261e+000 
1.162988846e+000 1.954701512e+000 
1.205226417e+000 1.962378566e+000 
1.249699829e+000 1.968745293e+000 
1.239383890e+000 1.967320508e+000 
1.227899992e+000 1.965632926e+000 
1.275187767e+000 1.971303472e+000 
1.192478055e+000 1.960151944e+000 
1.221212942e+000 1.964875610e+000 
1.222961175e+000 1.965014309e+000 
1.209422700e+000 1.963020449e+000 
1.224002990e+000 1.965131215e+000 
1.006773544e+000 1.002529922e+000 
1.005001446e+000 1.002289573e+000 
1.005106663e+000 1.002321288e+000 
1.004822820e+000 1.002235434e+000 
1.005237278e+000 1.002355207e+000 
1.005311617e+000 1.002356278e+000 
1.006015613e+000 1.002473755e+000 
1.005645088e+000 1.002440244e+000 
1.005077277e+000 1.002290387e+000 
1.005336864e+000 1.002379647e+000 
1.005366403e+000 1.002384006e+000 
1.005102524e+000 1.002314368e+000 
1.005132061e+000 1.002323056e+000 
1.004893393e+000 1.002243607e+000 
1.004922406e+000 1.002259552e+000 
1.005185056e+000 1.002344314e+000 
1.006514098e+000 1.002515894e+000 
1.005882153e+000 1.002472249e+000 
1.006212007e+000 1.002505107e+000 
1.006380638e+000 1.002514645e+000 
1.006521305e+000 1.002518080e+000 
1.005091935e+000 1.002295867e+000 
1.007003239e+000 1.002565675e+000 
1.006189522e+000 1.002486114e+000 
1.007261330e+000 1.002572745e+000 
1.006345467e+000 1.002506782e+000 
1.006149711e+000 1.002485938e+000 
1.006654765e+000 1.002520581e+000 
1.006632022e+000 1.002518584e+000 
1.000187121e+000 1.000004219e+000 
1.000230935e+000 1.000004505e+000 
1.000244121e+000 1.000004517e+000 
1.000158162e+000 1.000004155e+000 
1.000000000e+000 1.000003169e+000 
1.000173934e+000 1.000004212e+000 
1.000038155e+000 1.000003540e+000 
1.000053557e+000 1.000003547e+000 
1.000017780e+000 1.000003190e+000 
1.000101161e+000 1.000003863e+000 
1.000131236e+000 1.000003933e+000 
1.000247237e+000 1.000004520e+000 
1.000144976e+000 1.000004137e+000 
1.000083105e+000 1.000003854e+000 
1.000188237e+000 1.000004226e+000 
1.000201443e+000 1.000004239e+000 
1.000258444e+000 1.000004532e+000 
1.359890098e+000 1.981542162e+000 
1.354044078e+000 1.981143099e+000 
1.440802959e+000 1.989035756e+000 
1.437965009e+000 1.989017147e+000 
1.358141023e+000 1.981275319e+000 
1.449542090e+000 1.989718350e+000 
1.370437436e+000 1.982425395e+000 
1.383076911e+000 1.983851740e+000 
1.349828983e+000 1.980431257e+000 
1.393006220e+000 1.984760981e+000 
1.449056775e+000 1.989629567e+000 
1.382484365e+000 1.983509630e+000 
1.365502531e+000 1.982222763e+000 
1.342854020e+000 1.979629143e+000 
1.402826079e+000 1.985848410e+000 
1.349437232e+000 1.980374823e+000 
1.350106872e+000 1.980727363e+000 
1.346988864e+000 1.980124886e+000 
1.445862032e+000 1.989430520e+000 
1.352530269e+000 1.980927879e+000 
1.351602900e+000 1.980796163e+000 
1.344075743e+000 1.979804804e+000 
1.446749228e+000 1.989603317e+000 
1.449168608e+000 1.989693088e+000 
1.434873775e+000 1.988689786e+000 
1.433758191e+000 1.988445559e+000 
1.397917799e+000 1.985421073e+000 
1.400019480e+000 1.985765169e+000 
1.396494871e+000 1.985403566e+000 
1.382758577e+000 1.983735281e+000 
1.324488107e+000 1.977015206e+000 
1.371551996e+000 1.982636001e+000 
1.394434806e+000 1.985291868e+000 
1.348840125e+000 1.980169762e+000 
1.325375726e+000 1.977038735e+000 
1.332658872e+000 1.978636448e+000 
1.371219086e+000 1.982635525e+000 
1.339298398e+000 1.978904343e+000 
1.335476334e+000 1.978825693e+000 
1.461327867e+000 1.990468283e+000 
1.418523302e+000 1.987309927e+000 
1.326941393e+000 1.977283130e+000 
1.319834825e+000 1.976020102e+000 
1.340478029e+000 1.979308548e+000 
1.340996074e+000 1.979426120e+000 
1.434682925e+000 1.988495338e+000 
1.327744285e+000 1.977978647e+000 
1.331639112e+000 1.978217371e+000 
1.327674931e+000 1.977777394e+000 
1.326406789e+000 1.977259217e+000 
1.414596178e+000 1.987049155e+000 
1.327045333e+000 1.977489376e+000 
1.409155496e+000 1.986469938e+000 
1.410554484e+000 1.986631448e+000 
1.334892222e+000 1.978735883e+000 
1.362827201e+000 1.981842500e+000 
1.333943624e+000 1.978676791e+000 
1.322352418e+000 1.976756904e+000 
1.332411275e+000 1.978613341e+000 
1.375652952e+000 1.983098955e+000 
1.749042346e+000 1.999624879e+000 
1.319356090e+000 1.975817752e+000 
1.417421997e+000 1.987252519e+000 
1.348870231e+000 1.980271972e+000 
1.375686902e+000 1.983277299e+000 
1.313287787e+000 1.975171550e+000 
1.413888715e+000 1.986914586e+000 
1.316510175e+000 1.975717709e+000 
1.368486612e+000 1.982400669e+000 
1.321912513e+000 1.976107515e+000 
1.322097067e+000 1.976290495e+000 
1.345135778e+000 1.980064141e+000 
1.377550789e+000 1.983471336e+000 
1.321186672e+000 1.976045570e+000 
1.371826146e+000 1.982928069e+000 
1.631886528e+000 1.997573057e+000 
1.505826191e+000 1.993357537e+000 
1.384915352e+000 1.984304158e+000 
1.743143047e+000 1.999564865e+000 
1.388078488e+000 1.984735457e+000 
1.387311510e+000 1.984567195e+000 
1.383499467e+000 1.984137477e+000 
1.395480633e+000 1.985352319e+000 
1.646871601e+000 1.997954501e+000 
1.371570681e+000 1.982801412e+000 
1.503646169e+000 1.993239499e+000 
1.741875120e+000 1.999536465e+000 
1.790069731e+000 2.000000000e+000 
1.496937927e+000 1.992635425e+000 
1.398630841e+000 1.985553398e+000 
1.404808509e+000 1.986074233e+000 
1.312700591e+000 1.974781321e+000 
1.365763917e+000 1.982245840e+000 
1.454797332e+000 1.990152833e+000 
1.312775191e+000 1.974863356e+000 
1.407927270e+000 1.986219403e+000 
1.378004262e+000 1.983478595e+000 
1.361956101e+000 1.981651809e+000 
1.533291835e+000 1.994592038e+000 
1.364467968e+000 1.982053347e+000 
1.501033025e+000 1.993119988e+000 
1.402691461e+000 1.985796262e+000 
1.786518162e+000 1.999979141e+000 
1.785637624e+000 1.999978196e+000 
1.554327567e+000 1.995407448e+000 
1.513055592e+000 1.993626268e+000 
1.781560470e+000 1.999940698e+000 
1.763476792e+000 1.999758286e+000 
1.758418460e+000 1.999714722e+000 
1.762184693e+000 1.999743786e+000 
1.761158043e+000 1.999733571e+000 
1.517258352e+000 1.993854316e+000 
1.780191899e+000 1.999939862e+000 
1.750005415e+000 1.999670751e+000 
1.538122950e+000 1.994711742e+000 
1.557292006e+000 1.995411547e+000 
1.555510989e+000 1.995408559e+000 
1.539834236e+000 1.994756644e+000 
1.394240065e+000 1.985238004e+000 
1.511022674e+000 1.993500717e+000 
1.511048262e+000 1.993500961e+000 
1.545061336e+000 1.995010720e+000 
1.565538746e+000 1.995691120e+000 
1.616572690e+000 1.997336169e+000 
1.562440352e+000 1.995646017e+000 
1.665003334e+000 1.998387741e+000 
1.618168808e+000 1.997400977e+000 
1.542324267e+000 1.994863893e+000 
1.636654430e+000 1.997688302e+000 
1.618106772e+000 1.997369881e+000 
1.373665034e+000 1.982992944e+000 
1.781605190e+000 1.999958965e+000 
1.365177164e+000 1.982105029e+000 
1.557675833e+000 1.995586385e+000 
1.620159313e+000 1.997485808e+000 
1.661248829e+000 1.998201597e+000 
1.451254633e+000 1.989884949e+000 
1.497045339e+000 1.992868274e+000 
1.498278447e+000 1.993010651e+000 
1.472073727e+000 1.991352381e+000 
1.494811533e+000 1.992628463e+000 
1.712191522e+000 1.999195984e+000 
1.490503633e+000 1.992539080e+000 
1.470262682e+000 1.991263508e+000 
1.709271039e+000 1.999169106e+000 
1.664131657e+000 1.998373516e+000 
1.466487796e+000 1.990845836e+000 
1.656268850e+000 1.998197714e+000 
1.700549420e+000 1.999123625e+000 
1.697772874e+000 1.999093494e+000 
1.706892935e+000 1.999157171e+000 
1.547285724e+000 1.995066218e+000 
1.609243815e+000 1.997193841e+000 
1.712174042e+000 1.999181475e+000 
1.549259395e+000 1.995178582e+000 
1.608150462e+000 1.997135068e+000 
1.608300186e+000 1.997141030e+000 
1.553217273e+000 1.995322299e+000 
1.606618937e+000 1.996990946e+000 
1.543919996e+000 1.994905220e+000 
1.662229244e+000 1.998370517e+000 
1.694878381e+000 1.998886916e+000 
1.478713817e+000 1.991795781e+000 
1.482281744e+000 1.991913581e+000 
1.467168865e+000 1.991018444e+000 
1.463308354e+000 1.990649665e+000 
1.589459777e+000 1.996594199e+000 
1.465021672e+000 1.990841210e+000 
1.523489424e+000 1.994148187e+000 
1.689962920e+000 1.998797422e+000 
1.689548050e+000 1.998795970e+000 
1.666762017e+000 1.998435407e+000 
1.456595778e+000 1.990359950e+000 
1.688797808e+000 1.998728428e+000 
1.688646785e+000 1.998714754e+000 
1.654851995e+000 1.998117511e+000 
1.421900395e+000 1.987837352e+000 
1.587490047e+000 1.996550701e+000 
1.585333016e+000 1.996477725e+000 
1.458423841e+000 1.990419928e+000 
1.429228408e+000 1.988248012e+000 
1.425470873e+000 1.988067856e+000 
1.643810715e+000 1.997938420e+000 
1.769454445e+000 1.999784006e+000 
1.408482994e+000 1.986367535e+000 
1.419996612e+000 1.987480420e+000 
1.475194678e+000 1.991569878e+000 
1.482995185e+000 1.992126287e+000 
1.485638756e+000 1.992165285e+000 
1.421703376e+000 1.987736448e+000 
1.415799902e+000 1.987228629e+000 
1.675284701e+000 1.998587532e+000 
1.487937656e+000 1.992336686e+000 
1.492146148e+000 1.992607823e+000 
1.523029944e+000 1.994099398e+000 
1.530566554e+000 1.994346874e+000 
1.729519876e+000 1.999417789e+000 
1.766739317e+000 1.999778949e+000 
1.648689396e+000 1.997976003e+000 
1.423356664e+000 1.987952337e+000 
1.521022930e+000 1.993984969e+000 
1.508733743e+000 1.993388242e+000 
1.504663248e+000 1.993293887e+000 
1.529893526e+000 1.994294893e+000 
1.519776349e+000 1.993937550e+000 
1.723452671e+000 1.999316792e+000 
1.734202441e+000 1.999477412e+000 
1.431073789e+000 1.988442591e+000 
1.442757687e+000 1.989272038e+000 
1.420287608e+000 1.987607782e+000 
1.733624500e+000 1.999451761e+000 
1.730542935e+000 1.999427494e+000 
1.600438829e+000 1.996873247e+000 
1.411834368e+000 1.986818152e+000 
1.418836989e+000 1.987368125e+000 
1.443209910e+000 1.989375538e+000 
1.723862135e+000 1.999377578e+000 
1.443890615e+000 1.989380671e+000 
1.570307515e+000 1.995812726e+000 
1.568925352e+000 1.995790844e+000 
1.596687272e+000 1.996787238e+000 
1.593675092e+000 1.996777917e+000 
1.581417980e+000 1.996287714e+000 
1.684199268e+000 1.998631605e+000 
1.685437405e+000 1.998639949e+000 
1.578701514e+000 1.996089410e+000 
1.579416726e+000 1.996161359e+000 
1.650011222e+000 1.998063489e+000 
1.574747840e+000 1.995891968e+000 
1.574778347e+000 1.995898619e+000 
1.642709495e+000 1.997847090e+000 
1.596978679e+000 1.996814795e+000 
1.642548914e+000 1.997731221e+000 
1.631434519e+000 1.997537940e+000 
1.635969675e+000 1.997633059e+000 

