1.019716736e+000 1.740254156e+000 
1.020009041e+000 1.740785682e+000 
1.020110581e+000 1.740981104e+000 
1.021218520e+000 1.742381484e+000 
1.020430086e+000 1.741249307e+000 
1.021982350e+000 1.743128690e+000 
1.020156380e+000 1.740997935e+000 
1.018166220e+000 1.737607002e+000 
1.018025880e+000 1.737072555e+000 
1.018945174e+000 1.739100473e+000 
1.018648928e+000 1.738820472e+000 
1.017679775e+000 1.736244743e+000 
1.018280196e+000 1.737847756e+000 
1.017722451e+000 1.736848583e+000 
1.000389017e+000 1.000644305e+000 
1.000317552e+000 1.000623296e+000 
1.000349176e+000 1.000623709e+000 
1.000503479e+000 1.000647308e+000 
1.000383598e+000 1.000643410e+000 
1.000471855e+000 1.000646895e+000 
1.000420103e+000 1.000644718e+000 
1.011247991e+000 1.071873076e+000 
1.010186397e+000 1.070739088e+000 
1.010663482e+000 1.071376501e+000 
1.010967116e+000 1.071663004e+000 
1.010889052e+000 1.071526848e+000 
1.009251188e+000 1.068974362e+000 
1.009538397e+000 1.069386693e+000 
1.011316159e+000 1.072016034e+000 
1.013570614e+000 1.280802570e+000 
1.014571733e+000 1.281866351e+000 
1.014312579e+000 1.281829551e+000 
1.014129441e+000 1.281453722e+000 
1.017503164e+000 1.285242768e+000 
1.014571938e+000 1.282133430e+000 
1.014019592e+000 1.281315437e+000 
1.012852629e+000 1.279210207e+000 
1.016371499e+000 1.283744288e+000 
1.017130690e+000 1.284815016e+000 
1.016758193e+000 1.284377088e+000 
1.016373102e+000 1.283862963e+000 
1.000221081e+000 1.000099057e+000 
1.000236493e+000 1.000099875e+000 
1.000105370e+000 1.000099038e+000 
1.000254341e+000 1.000105913e+000 
1.000000000e+000 1.000092699e+000 
1.000287647e+000 1.000106161e+000 
1.012507339e+000 1.110905129e+000 
1.012149447e+000 1.110345676e+000 
1.011784254e+000 1.108559374e+000 
1.012651075e+000 1.111062732e+000 
1.012490472e+000 1.110791542e+000 
1.070796518e+000 1.889359018e+000 
1.050990135e+000 1.872688552e+000 
1.118378753e+000 1.916636751e+000 
1.224826503e+000 1.947958714e+000 
1.056678017e+000 1.877622001e+000 
1.072096248e+000 1.890236962e+000 
1.062999869e+000 1.883415646e+000 
1.038370081e+000 1.860050834e+000 
1.162518651e+000 1.933111701e+000 
1.046283598e+000 1.868586529e+000 
1.118017266e+000 1.916582958e+000 
1.201510086e+000 1.943233827e+000 
1.073753146e+000 1.891348871e+000 
1.023060785e+000 1.839666708e+000 
1.118772896e+000 1.916974679e+000 
1.051732756e+000 1.873205419e+000 
1.051134007e+000 1.872849256e+000 
1.189856760e+000 1.940010572e+000 
1.031816297e+000 1.853344995e+000 
1.112566966e+000 1.914335246e+000 
1.072792124e+000 1.890905291e+000 
1.206942444e+000 1.944766017e+000 
1.077849444e+000 1.894204635e+000 
1.104338634e+000 1.910121515e+000 
1.080492486e+000 1.896014040e+000 
1.108293534e+000 1.912148649e+000 
1.043823962e+000 1.865842739e+000 
1.159957497e+000 1.932300420e+000 
1.024418190e+000 1.842692486e+000 
1.051853166e+000 1.873477873e+000 
1.060690020e+000 1.881415293e+000 
1.111934697e+000 1.913890068e+000 
1.156470549e+000 1.931176876e+000 
1.024054266e+000 1.842277844e+000 
1.052072408e+000 1.873538417e+000 
1.059768469e+000 1.880457346e+000 
1.078003896e+000 1.894450937e+000 
1.070994404e+000 1.889772547e+000 
1.076519010e+000 1.893442897e+000 
1.083077017e+000 1.897620871e+000 
1.062349881e+000 1.882924234e+000 
1.023990305e+000 1.840881246e+000 
1.051562129e+000 1.873060453e+000 
1.078312721e+000 1.894554041e+000 
1.109745638e+000 1.912932347e+000 
1.077985729e+000 1.894273811e+000 
1.022908469e+000 1.838774628e+000 
1.152166272e+000 1.929912970e+000 
1.198235931e+000 1.942386405e+000 
1.153900992e+000 1.930489940e+000 
1.107909064e+000 1.911730797e+000 
1.151487450e+000 1.929591022e+000 
1.041366198e+000 1.863379429e+000 
1.078629307e+000 1.894697769e+000 
1.109526396e+000 1.912871803e+000 
1.061112201e+000 1.881880282e+000 
1.224025459e+000 1.947433229e+000 
1.185682489e+000 1.938730015e+000 
1.149298064e+000 1.928863684e+000 
1.086013083e+000 1.899683189e+000 
1.039096031e+000 1.861223193e+000 
1.204374986e+000 1.944191187e+000 
1.105888464e+000 1.910929201e+000 
1.109073239e+000 1.912617555e+000 
1.023881415e+000 1.840522988e+000 
1.222810433e+000 1.947224256e+000 
1.078223138e+000 1.894511481e+000 
1.124249281e+000 1.918845700e+000 
1.224329761e+000 1.947726325e+000 
1.049030091e+000 1.870869933e+000 
1.206890024e+000 1.944541992e+000 
1.079334591e+000 1.895306629e+000 
1.127890511e+000 1.920586835e+000 
1.079765175e+000 1.895590097e+000 
1.222658391e+000 1.947214389e+000 
1.126405425e+000 1.920046270e+000 
1.103308528e+000 1.909462414e+000 
1.041745311e+000 1.863903922e+000 
1.217923688e+000 1.946640370e+000 
1.026203529e+000 1.846422384e+000 
1.026414081e+000 1.846770541e+000 
1.185003666e+000 1.938408067e+000 
1.038834673e+000 1.860900981e+000 
1.189403826e+000 1.939659990e+000 
1.079553832e+000 1.895367173e+000 
1.029913000e+000 1.851139424e+000 
1.085501255e+000 1.899171982e+000 
1.081038719e+000 1.896375213e+000 
1.221530558e+000 1.947208721e+000 
1.048705296e+000 1.870676859e+000 
1.042022675e+000 1.864276516e+000 
1.046929271e+000 1.868807520e+000 
1.035121869e+000 1.856947567e+000 
1.118702990e+000 1.916796239e+000 
1.191450644e+000 1.940277769e+000 
1.029572212e+000 1.850787394e+000 
1.103885347e+000 1.909973255e+000 
1.027582047e+000 1.848099475e+000 
1.200795632e+000 1.942757979e+000 
1.028675287e+000 1.849637232e+000 
1.025910889e+000 1.846041622e+000 
1.030432492e+000 1.851716545e+000 
1.034896459e+000 1.856781642e+000 
1.164109321e+000 1.933445122e+000 
1.025192869e+000 1.844837964e+000 
1.061780076e+000 1.882154335e+000 
1.024703089e+000 1.844083717e+000 
1.191161936e+000 1.940051392e+000 
1.067104498e+000 1.886474010e+000 
1.032378930e+000 1.853971978e+000 
1.042888514e+000 1.865139083e+000 
1.028794760e+000 1.849773290e+000 
1.125903219e+000 1.919617123e+000 
1.033368674e+000 1.855181879e+000 
1.040815808e+000 1.863043144e+000 
1.188094224e+000 1.939416306e+000 
1.187385472e+000 1.939281979e+000 
1.034207602e+000 1.856007698e+000 
1.167904134e+000 1.934359605e+000 
1.171904875e+000 1.935447520e+000 
1.096536831e+000 1.906195919e+000 
1.164408982e+000 1.933447260e+000 
1.094358778e+000 1.904574369e+000 
1.037684162e+000 1.859716501e+000 
1.209323772e+000 1.945069652e+000 
1.182102681e+000 1.937901271e+000 
1.136571510e+000 1.924189389e+000 
1.034096742e+000 1.855855716e+000 
1.143825591e+000 1.926211217e+000 
1.165008073e+000 1.933848039e+000 
1.143119063e+000 1.926107020e+000 
1.136166468e+000 1.924035617e+000 
1.104094189e+000 1.910109570e+000 
1.128446388e+000 1.920870234e+000 
1.043647674e+000 1.865632482e+000 
1.088987167e+000 1.901393681e+000 
1.090968862e+000 1.902746351e+000 
1.089638168e+000 1.901890658e+000 
1.056280420e+000 1.877351002e+000 
1.092453749e+000 1.903754390e+000 
1.138888272e+000 1.925242991e+000 
1.136145816e+000 1.923649718e+000 
1.092257770e+000 1.903364575e+000 
1.200440469e+000 1.942606646e+000 
1.134457485e+000 1.923396535e+000 
1.074802668e+000 1.892089272e+000 
1.132259300e+000 1.922417336e+000 
1.097832761e+000 1.906804715e+000 
1.049660336e+000 1.871377370e+000 
1.068872196e+000 1.887740964e+000 
1.049214768e+000 1.871156534e+000 
1.197450602e+000 1.941123677e+000 
1.099634315e+000 1.907507181e+000 
1.100757522e+000 1.908393432e+000 
1.099246862e+000 1.907260474e+000 
1.047380161e+000 1.869273263e+000 
1.064985041e+000 1.884865709e+000 
1.108876211e+000 1.912268588e+000 
1.064145973e+000 1.884321030e+000 
1.063907319e+000 1.884022114e+000 
1.065565709e+000 1.885306767e+000 
1.053440777e+000 1.874914051e+000 
1.052747503e+000 1.874275215e+000 
1.054779644e+000 1.876118887e+000 
1.053166601e+000 1.874596504e+000 
1.002559478e+000 1.001704582e+000 
1.004555879e+000 1.001906843e+000 
1.002411535e+000 1.001703863e+000 
1.002270231e+000 1.001698555e+000 
1.002496448e+000 1.001704158e+000 
1.004100113e+000 1.001884083e+000 
1.003716220e+000 1.001844341e+000 
1.004693171e+000 1.001941568e+000 
1.002241318e+000 1.001648387e+000 
1.003020624e+000 1.001768110e+000 
1.005193466e+000 1.001997044e+000 
1.004600381e+000 1.001938317e+000 
1.003526873e+000 1.001823586e+000 
1.002100014e+000 1.001643078e+000 
1.004845443e+000 1.001948622e+000 
1.000959450e+000 1.001470978e+000 
1.004200593e+000 1.001885459e+000 
1.001596760e+000 1.001584192e+000 
1.001931968e+000 1.001641339e+000 
1.002916595e+000 1.001759634e+000 
1.000764635e+000 1.001463227e+000 
1.000641670e+000 1.001412811e+000 
1.003749781e+000 1.001875312e+000 
1.002831683e+000 1.001759339e+000 
1.004083191e+000 1.001882338e+000 
1.003384539e+000 1.001820423e+000 
1.002775588e+000 1.001759047e+000 
1.003447570e+000 1.001820847e+000 
1.004198855e+000 1.001885387e+000 
1.003612489e+000 1.001840587e+000 
1.001440795e+000 1.001576852e+000 
1.002185223e+000 1.001648095e+000 
1.003243532e+000 1.001819836e+000 
1.001540665e+000 1.001583899e+000 
1.002016880e+000 1.001641634e+000 
1.001355586e+000 1.001576455e+000 
1.001786802e+000 1.001639324e+000 
1.001455456e+000 1.001583503e+000 
1.001875874e+000 1.001641047e+000 
1.000903356e+000 1.001470685e+000 
1.001131956e+000 1.001520979e+000 
1.001686932e+000 1.001632276e+000 
1.002079911e+000 1.001642059e+000 
1.000860937e+000 1.001464950e+000 
1.004589440e+000 1.001937814e+000 
1.004834475e+000 1.001946877e+000 
1.002979625e+000 1.001760059e+000 
1.001659493e+000 1.001584514e+000 
1.001077809e+000 1.001481380e+000 
1.000597505e+000 1.001320952e+000 
1.002663165e+000 1.001742038e+000 
1.000554271e+000 1.001319956e+000 
1.000519636e+000 1.001220689e+000 
1.000531459e+000 1.001270564e+000 
1.001195544e+000 1.001527396e+000 
1.000988382e+000 1.001475811e+000 
1.002587672e+000 1.001731571e+000 
1.001031616e+000 1.001476808e+000 
1.001238778e+000 1.001528392e+000 
1.002752936e+000 1.001747128e+000 
1.005522990e+000 1.018208058e+000 
1.005328733e+000 1.017824327e+000 
1.005720367e+000 1.018307058e+000 
1.006542101e+000 1.021311726e+000 
1.006056408e+000 1.021153118e+000 
1.005989088e+000 1.020707835e+000 
1.005986221e+000 1.020277413e+000 
1.005820676e+000 1.019827705e+000 
1.006699599e+000 1.036260767e+000 
1.007816810e+000 1.037336009e+000 
1.007645813e+000 1.037308542e+000 
1.007203521e+000 1.036889043e+000 
1.009106858e+000 1.038514693e+000 
1.007493363e+000 1.037083324e+000 
1.008589487e+000 1.038192514e+000 
1.008147195e+000 1.037773015e+000 
1.006858746e+000 1.036294609e+000 
1.009210721e+000 1.038634485e+000 
1.381879422e+000 1.982600066e+000 
1.387897643e+000 1.982763176e+000 
1.365502469e+000 1.980397467e+000 
1.386032803e+000 1.982675336e+000 
1.365857473e+000 1.980853125e+000 
1.272169400e+000 1.962103932e+000 
1.241298898e+000 1.953372678e+000 
1.274338150e+000 1.962540564e+000 
1.226085742e+000 1.948852207e+000 
1.262472082e+000 1.959168421e+000 
1.225652583e+000 1.948393990e+000 
1.263401631e+000 1.959929070e+000 
1.350091612e+000 1.978717849e+000 
1.349196583e+000 1.978529896e+000 
1.234617720e+000 1.951488366e+000 
1.227982519e+000 1.949193714e+000 
1.358877315e+000 1.979457326e+000 
1.228649617e+000 1.949252605e+000 
1.284581719e+000 1.964634607e+000 
1.259315663e+000 1.958774849e+000 
1.238814119e+000 1.952392505e+000 
1.231438354e+000 1.950030321e+000 
1.243765183e+000 1.954136527e+000 
1.233160371e+000 1.950488142e+000 
1.243848996e+000 1.954417847e+000 
1.243292446e+000 1.953797307e+000 
1.232226450e+000 1.950332924e+000 
1.244782917e+000 1.954573064e+000 
1.345268321e+000 1.977795312e+000 
1.247661939e+000 1.955554740e+000 
1.249453130e+000 1.956553774e+000 
1.245255655e+000 1.954912284e+000 
1.247932330e+000 1.955819485e+000 
1.243808359e+000 1.954139634e+000 
1.246256571e+000 1.955348551e+000 
1.253324124e+000 1.957070678e+000 
1.275816692e+000 1.962814856e+000 
1.346453849e+000 1.977859282e+000 
1.345260419e+000 1.977732542e+000 
1.347117420e+000 1.978093024e+000 
1.235707268e+000 1.952062405e+000 
1.238393246e+000 1.952187196e+000 
1.321085612e+000 1.973146856e+000 
1.289809806e+000 1.966376327e+000 
1.290597851e+000 1.966738083e+000 
1.295596587e+000 1.967704589e+000 
1.286324782e+000 1.965607008e+000 
1.279999947e+000 1.964166537e+000 
1.285837922e+000 1.965530019e+000 
1.311637945e+000 1.971553301e+000 
1.314611525e+000 1.972025444e+000 
1.284885060e+000 1.965176980e+000 
1.273059704e+000 1.962414744e+000 
1.318525801e+000 1.972938498e+000 
1.278032693e+000 1.963381188e+000 
1.327481084e+000 1.974800930e+000 
1.315098385e+000 1.972102433e+000 
1.277714485e+000 1.963172293e+000 
1.264231538e+000 1.960127289e+000 
1.317018927e+000 1.972164965e+000 
1.304189578e+000 1.969812724e+000 
1.268912301e+000 1.961093784e+000 
1.282033988e+000 1.964287596e+000 
1.297944618e+000 1.967928910e+000 
1.277012997e+000 1.962867360e+000 
1.696856692e+000 1.999923602e+000 
1.563103679e+000 1.997554983e+000 
1.293356650e+000 1.967068180e+000 
1.252630239e+000 1.956845832e+000 
1.319692556e+000 1.972939798e+000 
1.258626830e+000 1.958643073e+000 
1.260932595e+000 1.959110375e+000 
1.255383017e+000 1.957969315e+000 
1.682594964e+000 1.999902986e+000 
1.331441175e+000 1.975516960e+000 
1.361922671e+000 1.980048688e+000 
1.359012290e+000 1.979900007e+000 
1.645957997e+000 1.999318292e+000 
1.659449367e+000 1.999531333e+000 
1.336721517e+000 1.976704665e+000 
1.698499234e+000 2.000000000e+000 
1.333552908e+000 1.975936294e+000 
1.334578779e+000 1.976298031e+000 
1.332602731e+000 1.975619770e+000 
1.333681249e+000 1.975939082e+000 
1.662354232e+000 1.999607197e+000 
1.353623480e+000 1.979079156e+000 
1.353711397e+000 1.979300312e+000 
1.342435529e+000 1.977497694e+000 
1.651116004e+000 1.999376335e+000 
1.402064249e+000 1.985086187e+000 
1.662614142e+000 1.999715469e+000 
1.328786987e+000 1.975132773e+000 
1.324668733e+000 1.974449564e+000 
1.305891283e+000 1.970211611e+000 
1.319750611e+000 1.973130192e+000 
1.284848372e+000 1.964752870e+000 
1.299225913e+000 1.968128261e+000 
1.293238063e+000 1.967068009e+000 
1.301302853e+000 1.968975046e+000 
1.301879223e+000 1.969096211e+000 
1.303227199e+000 1.969502694e+000 
1.296042260e+000 1.967802143e+000 
1.660185602e+000 1.999554197e+000 
1.657720306e+000 1.999460287e+000 
1.676559967e+000 1.999862036e+000 
1.395455411e+000 1.984098356e+000 
1.267912986e+000 1.960769134e+000 
1.636985564e+000 1.999255129e+000 
1.628835110e+000 1.999115987e+000 
1.391322889e+000 1.983781653e+000 
1.240811333e+000 1.953203540e+000 
1.376348156e+000 1.981604039e+000 
1.381862470e+000 1.982357116e+000 
1.377320205e+000 1.981726972e+000 
1.375564766e+000 1.981473733e+000 
1.376709908e+000 1.981702845e+000 
1.238685666e+000 1.952200618e+000 
1.548339354e+000 1.997277379e+000 
1.523289840e+000 1.996137577e+000 
1.532324055e+000 1.996553126e+000 
1.548139618e+000 1.997162433e+000 
1.460035321e+000 1.991787082e+000 
1.539582907e+000 1.996860031e+000 
1.536523624e+000 1.996570774e+000 
1.541305821e+000 1.997085208e+000 
1.489307966e+000 1.993768298e+000 
1.547326518e+000 1.997093429e+000 
1.541569270e+000 1.997086131e+000 
1.548084856e+000 1.997116620e+000 
1.540250924e+000 1.996860709e+000 
1.457021555e+000 1.991215917e+000 
1.299723790e+000 1.968402900e+000 
1.443380755e+000 1.990078659e+000 
1.451556628e+000 1.990832820e+000 
1.449178392e+000 1.990813944e+000 
1.446540068e+000 1.990495260e+000 
1.529097713e+000 1.996532365e+000 
1.527781955e+000 1.996378706e+000 
1.631504457e+000 1.999175112e+000 
1.615560861e+000 1.998926686e+000 
1.564537432e+000 1.997793042e+000 
1.629909834e+000 1.999157752e+000 
1.620219938e+000 1.998997725e+000 
1.617137130e+000 1.998930284e+000 
1.471702418e+000 1.992402678e+000 
1.468272339e+000 1.992237182e+000 
1.474256229e+000 1.992967982e+000 
1.502334603e+000 1.995046502e+000 
1.625920853e+000 1.999066288e+000 
1.472467063e+000 1.992659061e+000 
1.477345288e+000 1.993076136e+000 
1.486111781e+000 1.993707335e+000 
1.602939879e+000 1.998621739e+000 
1.518365426e+000 1.995990312e+000 
1.520497886e+000 1.996012158e+000 
1.633449445e+000 1.999190167e+000 
1.607058967e+000 1.998743514e+000 
1.516005017e+000 1.995886358e+000 
1.497146614e+000 1.994518986e+000 
1.481458544e+000 1.993163187e+000 
1.602676604e+000 1.998513189e+000 
1.484098158e+000 1.993556039e+000 
1.497563645e+000 1.994564784e+000 
1.497561798e+000 1.994519033e+000 
1.594736308e+000 1.998370881e+000 
1.593446052e+000 1.998359968e+000 
1.491413444e+000 1.994121546e+000 
1.490030535e+000 1.994099653e+000 
1.446091298e+000 1.990121684e+000 
1.608519356e+000 1.998873877e+000 
1.464796208e+000 1.991871913e+000 
1.596561567e+000 1.998401761e+000 
1.512300771e+000 1.995664382e+000 
1.512302617e+000 1.995710133e+000 
1.587923200e+000 1.998267792e+000 
1.586728422e+000 1.998261713e+000 
1.568247899e+000 1.997836673e+000 
1.437478483e+000 1.989106644e+000 
1.569300409e+000 1.998057764e+000 
1.421182768e+000 1.987586478e+000 
1.417151688e+000 1.987090007e+000 
1.412724608e+000 1.986469373e+000 
1.428871785e+000 1.988118990e+000 
1.414796994e+000 1.986748474e+000 
1.397708812e+000 1.984514086e+000 
1.438329124e+000 1.989222439e+000 
1.453054250e+000 1.990863153e+000 
1.388090888e+000 1.983331321e+000 
1.394625501e+000 1.983967465e+000 
1.391001328e+000 1.983738247e+000 
1.405359525e+000 1.985523145e+000 
1.427506771e+000 1.988086683e+000 
1.398739839e+000 1.984791936e+000 
1.409058056e+000 1.985831595e+000 
1.389105113e+000 1.983376607e+000 
1.431808889e+000 1.988763838e+000 
1.441004542e+000 1.989723126e+000 
1.432823114e+000 1.988809123e+000 
1.407886846e+000 1.985804067e+000 
1.425485092e+000 1.987803401e+000 
1.553529587e+000 1.997487319e+000 
1.567059342e+000 1.997811668e+000 
1.576621707e+000 1.998096408e+000 
1.564017525e+000 1.997592691e+000 
1.580314000e+000 1.998238898e+000 

