1.040595209e+000 1.067025912e+000 
1.039006768e+000 1.066215374e+000 
1.038928386e+000 1.066018216e+000 
1.039347756e+000 1.066345527e+000 
1.002901100e+000 1.000573516e+000 
1.002964714e+000 1.000573736e+000 
1.003004489e+000 1.000573842e+000 
1.002721825e+000 1.000551672e+000 
1.002889490e+000 1.000562813e+000 
1.002658211e+000 1.000551452e+000 
1.002849715e+000 1.000562709e+000 
1.042575025e+000 1.096623833e+000 
1.041993165e+000 1.096144547e+000 
1.044511265e+000 1.098169385e+000 
1.044144593e+000 1.097948754e+000 
1.042384127e+000 1.096506478e+000 
1.041487382e+000 1.095686885e+000 
1.022202045e+000 1.019617731e+000 
1.028983613e+000 1.021931594e+000 
1.024890343e+000 1.020659579e+000 
1.027219831e+000 1.021423394e+000 
1.021337837e+000 1.019158103e+000 
1.026767378e+000 1.021234288e+000 
1.023582166e+000 1.020291460e+000 
1.023963409e+000 1.020392047e+000 
1.024415862e+000 1.020580726e+000 
1.022343004e+000 1.019648120e+000 
1.023820859e+000 1.020366866e+000 
1.023368406e+000 1.020177760e+000 
1.028699329e+000 1.021907656e+000 
1.027983278e+000 1.021660914e+000 
1.034491675e+000 1.060822228e+000 
1.033535064e+000 1.060641580e+000 
1.034858226e+000 1.061613217e+000 
1.035841443e+000 1.062355838e+000 
1.034516492e+000 1.061249096e+000 
1.036268089e+000 1.062473485e+000 
1.033849922e+000 1.060771060e+000 
1.033684251e+000 1.060738969e+000 
1.034899995e+000 1.061652222e+000 
1.038494840e+000 1.063813764e+000 
1.041129574e+000 1.089969716e+000 
1.041303760e+000 1.090046987e+000 
1.000097047e+000 1.000002648e+000 
1.000126843e+000 1.000002652e+000 
1.000000000e+000 1.000002558e+000 
1.000157532e+000 1.000002659e+000 
1.000030329e+000 1.000002562e+000 
1.002301702e+000 1.000038979e+000 
1.001234240e+000 1.000037513e+000 
1.002609329e+000 1.000039012e+000 
1.002180385e+000 1.000038929e+000 
1.002320061e+000 1.000039007e+000 
1.002259809e+000 1.000038949e+000 
1.100612367e+000 1.911419783e+000 
1.053300605e+000 1.882887770e+000 
1.208663296e+000 1.949573978e+000 
1.093265359e+000 1.909018680e+000 
1.079100117e+000 1.901344205e+000 
1.076411826e+000 1.899753254e+000 
1.123818156e+000 1.922824218e+000 
1.241533634e+000 1.956119231e+000 
1.061538775e+000 1.890254330e+000 
1.087889817e+000 1.906178481e+000 
1.086537397e+000 1.905503262e+000 
1.091968996e+000 1.908155452e+000 
1.223905425e+000 1.952876356e+000 
1.220125000e+000 1.952371946e+000 
1.069213168e+000 1.895623706e+000 
1.098282080e+000 1.911169158e+000 
1.067220049e+000 1.894312038e+000 
1.056451389e+000 1.886223530e+000 
1.084142398e+000 1.904303644e+000 
1.214845400e+000 1.951105764e+000 
1.118220483e+000 1.920712630e+000 
1.094518152e+000 1.909384852e+000 
1.194342425e+000 1.946296735e+000 
1.093134179e+000 1.908679278e+000 
1.058462595e+000 1.887842090e+000 
1.058845170e+000 1.888155173e+000 
1.137144648e+000 1.928358833e+000 
1.095831061e+000 1.910146009e+000 
1.113033150e+000 1.918709494e+000 
1.149877143e+000 1.932500613e+000 
1.052304828e+000 1.881736407e+000 
1.234412737e+000 1.954342714e+000 
1.193700088e+000 1.945567687e+000 
1.054625199e+000 1.884255651e+000 
1.169148856e+000 1.939108673e+000 
1.198610484e+000 1.947594642e+000 
1.222090259e+000 1.952647637e+000 
1.202527931e+000 1.948151430e+000 
1.175278452e+000 1.941142941e+000 
1.058237425e+000 1.887709148e+000 
1.138713044e+000 1.928832007e+000 
1.063935860e+000 1.891935423e+000 
1.076723144e+000 1.899944328e+000 
1.081087604e+000 1.902534363e+000 
1.082617622e+000 1.903376642e+000 
1.169350555e+000 1.939119482e+000 
1.228572221e+000 1.953782519e+000 
1.071650974e+000 1.897079527e+000 
1.299680434e+000 1.965434278e+000 
1.111213741e+000 1.917736559e+000 
1.211886591e+000 1.950456704e+000 
1.277773937e+000 1.961492653e+000 
1.178173111e+000 1.941776123e+000 
1.183471702e+000 1.943204274e+000 
1.081469238e+000 1.902713445e+000 
1.082063854e+000 1.903071719e+000 
1.290504109e+000 1.963363273e+000 
1.098826236e+000 1.911324244e+000 
1.130138856e+000 1.925681791e+000 
1.068333081e+000 1.895123657e+000 
1.068994602e+000 1.895510149e+000 
1.107392319e+000 1.915628487e+000 
1.056798730e+000 1.886383599e+000 
1.098358121e+000 1.911178427e+000 
1.109282079e+000 1.916625378e+000 
1.054248839e+000 1.883827045e+000 
1.216605269e+000 1.951219992e+000 
1.073572246e+000 1.898064576e+000 
1.195217480e+000 1.946359171e+000 
1.064570521e+000 1.892481980e+000 
1.074874105e+000 1.898839346e+000 
1.065493555e+000 1.893102952e+000 
1.068061821e+000 1.894881210e+000 
1.059846452e+000 1.888944525e+000 
1.160308048e+000 1.936007475e+000 
1.225231008e+000 1.953226602e+000 
1.214425056e+000 1.950926990e+000 
1.071064083e+000 1.896651750e+000 
1.162950327e+000 1.937053414e+000 
1.109881286e+000 1.916987181e+000 
1.274694264e+000 1.961161705e+000 
1.055100101e+000 1.884737754e+000 
1.098192107e+000 1.911143302e+000 
1.137975610e+000 1.928788235e+000 
1.088141424e+000 1.906345040e+000 
1.109715272e+000 1.916952451e+000 
1.174690273e+000 1.940761160e+000 
1.073198981e+000 1.897944487e+000 
1.066222074e+000 1.893689826e+000 
1.155560667e+000 1.934708370e+000 
1.162039377e+000 1.936608331e+000 
1.061713404e+000 1.890379875e+000 
1.089196707e+000 1.906867321e+000 
1.254652004e+000 1.958627843e+000 
1.072917494e+000 1.897703202e+000 
1.168301079e+000 1.938813804e+000 
1.059390041e+000 1.888546632e+000 
1.083212238e+000 1.903738904e+000 
1.108485548e+000 1.916415111e+000 
1.063326324e+000 1.891543116e+000 
1.055708064e+000 1.885174318e+000 
1.154810174e+000 1.934422855e+000 
1.125763446e+000 1.924095267e+000 
1.103559132e+000 1.913883757e+000 
1.104625788e+000 1.914504686e+000 
1.115759573e+000 1.919609824e+000 
1.224690080e+000 1.953065475e+000 
1.083723716e+000 1.903998361e+000 
1.134505201e+000 1.927342738e+000 
1.299943257e+000 1.965622011e+000 
1.126682628e+000 1.924374873e+000 
1.204083282e+000 1.948534123e+000 
1.209029733e+000 1.949886914e+000 
1.154400501e+000 1.934276029e+000 
1.167682055e+000 1.938471031e+000 
1.080036814e+000 1.901877193e+000 
1.175099946e+000 1.940908636e+000 
1.184557989e+000 1.943665707e+000 
1.195331900e+000 1.946794959e+000 
1.080916201e+000 1.902423681e+000 
1.137493338e+000 1.928431383e+000 
1.120503987e+000 1.921457425e+000 
1.162091854e+000 1.936842696e+000 
1.096474621e+000 1.910441806e+000 
1.238868978e+000 1.955331452e+000 
1.105136594e+000 1.914584064e+000 
1.067933809e+000 1.894779711e+000 
1.081809225e+000 1.902990143e+000 
1.080225879e+000 1.901973750e+000 
1.162565098e+000 1.936963477e+000 
1.064651790e+000 1.892604825e+000 
1.143348635e+000 1.930474676e+000 
1.301013460e+000 1.965925230e+000 
1.293997095e+000 1.965005200e+000 
1.221372884e+000 1.952563236e+000 
1.154333706e+000 1.934067333e+000 
1.079077495e+000 1.901310417e+000 
1.217418635e+000 1.951383786e+000 
1.218069213e+000 1.951697636e+000 
1.096035772e+000 1.910233079e+000 
1.106457901e+000 1.915317278e+000 
1.120394112e+000 1.921428226e+000 
1.136430891e+000 1.928016148e+000 
1.208184499e+000 1.949514048e+000 
1.247464973e+000 1.957002551e+000 
1.105810695e+000 1.915033329e+000 
1.140965230e+000 1.929582156e+000 
1.247997733e+000 1.957116755e+000 
1.106322406e+000 1.915127132e+000 
1.304750291e+000 1.966347334e+000 
1.137929261e+000 1.928599649e+000 
1.279329311e+000 1.962579320e+000 
1.271307105e+000 1.960745573e+000 
1.243843152e+000 1.956618982e+000 
1.063924206e+000 1.891935172e+000 
1.270553578e+000 1.960687347e+000 
1.097307562e+000 1.910841618e+000 
1.134915518e+000 1.927465995e+000 
1.216701260e+000 1.951299191e+000 
1.052529998e+000 1.881868002e+000 
1.236121859e+000 1.954823991e+000 
1.242330592e+000 1.956351823e+000 
1.102574151e+000 1.913303130e+000 
1.119399848e+000 1.921229069e+000 
1.302902136e+000 1.966278615e+000 
1.217475230e+000 1.951552706e+000 
1.079364129e+000 1.901523951e+000 
1.300380096e+000 1.965749870e+000 
1.145151622e+000 1.930909859e+000 
1.268371630e+000 1.959775029e+000 
1.122270894e+000 1.922686057e+000 
1.141630702e+000 1.929818212e+000 
1.128171611e+000 1.925077911e+000 
1.197061618e+000 1.946980873e+000 
1.117591686e+000 1.920422427e+000 
1.124641422e+000 1.923468262e+000 
1.185958572e+000 1.944080083e+000 
1.138480163e+000 1.928798247e+000 
1.270235075e+000 1.960411703e+000 
1.127779820e+000 1.924679566e+000 
1.131539175e+000 1.926220284e+000 
1.080005793e+000 1.901846389e+000 
1.290622758e+000 1.964019627e+000 
1.054375983e+000 1.883998531e+000 
1.163228240e+000 1.937156855e+000 
1.268874705e+000 1.959993587e+000 
1.077266856e+000 1.900221652e+000 
1.112029616e+000 1.918045880e+000 
1.278567665e+000 1.962210953e+000 
1.112026669e+000 1.917994386e+000 
1.281270206e+000 1.962871022e+000 
1.163920737e+000 1.937352003e+000 
1.107641588e+000 1.915737081e+000 
1.242027528e+000 1.956134138e+000 
1.297681064e+000 1.965256374e+000 
1.252165735e+000 1.957195494e+000 
1.191134446e+000 1.945272594e+000 
1.120930668e+000 1.921682220e+000 
1.191502446e+000 1.945389238e+000 
1.191115208e+000 1.945239969e+000 
1.243447957e+000 1.956438248e+000 
1.189624129e+000 1.944948585e+000 
1.187644433e+000 1.944314650e+000 
1.134751915e+000 1.927379055e+000 
1.132029430e+000 1.926418255e+000 
1.164326025e+000 1.937470064e+000 
1.165214877e+000 1.937814535e+000 
1.133125108e+000 1.926823814e+000 
1.188407544e+000 1.944530587e+000 
1.289038776e+000 1.963274453e+000 
1.275501212e+000 1.961211838e+000 
1.180037751e+000 1.942509645e+000 
1.140750375e+000 1.929409555e+000 
1.144209237e+000 1.930599204e+000 
1.147181601e+000 1.931578821e+000 
1.173703356e+000 1.940441035e+000 
1.160859526e+000 1.936344690e+000 
1.159588680e+000 1.935871497e+000 
1.153320573e+000 1.933765707e+000 
1.004008466e+000 1.001195942e+000 
1.005528728e+000 1.001269850e+000 
1.005903194e+000 1.001293788e+000 
1.006203473e+000 1.001324308e+000 
1.004344497e+000 1.001201238e+000 
1.005373155e+000 1.001266483e+000 
1.005041016e+000 1.001258660e+000 
1.004557045e+000 1.001226817e+000 
1.003695389e+000 1.001172879e+000 
1.005302553e+000 1.001261701e+000 
1.005719502e+000 1.001292464e+000 
1.005263980e+000 1.001261294e+000 
1.004818582e+000 1.001229858e+000 
1.005012568e+000 1.001257987e+000 
1.004366272e+000 1.001204203e+000 
1.006086952e+000 1.001320940e+000 
1.003435722e+000 1.001108840e+000 
1.004821794e+000 1.001235373e+000 
1.003244949e+000 1.001086310e+000 
1.003026425e+000 1.001057263e+000 
1.003313419e+000 1.001108391e+000 
1.005936110e+000 1.001295123e+000 
1.003643830e+000 1.001144150e+000 
1.003122645e+000 1.001085777e+000 
1.003623830e+000 1.001141770e+000 
1.005718672e+000 1.001290279e+000 
1.000760389e+000 1.000036677e+000 
1.001058397e+000 1.000037454e+000 
1.000720533e+000 1.000036674e+000 
1.000246283e+000 1.000034945e+000 
1.000266726e+000 1.000035448e+000 
1.000455221e+000 1.000035870e+000 
1.000628173e+000 1.000036631e+000 
1.001480640e+000 1.000038092e+000 
1.000289580e+000 1.000035812e+000 
1.001447216e+000 1.000038080e+000 
1.001407360e+000 1.000038077e+000 
1.001336052e+000 1.000037719e+000 
1.001628451e+000 1.000038378e+000 
1.030146854e+000 1.031919919e+000 
1.032469454e+000 1.033674758e+000 
1.028994746e+000 1.031456290e+000 
1.030839948e+000 1.032552389e+000 
1.032015862e+000 1.033535485e+000 
1.030426332e+000 1.032412154e+000 
1.033273388e+000 1.034051242e+000 
1.032321030e+000 1.033651760e+000 
1.032182599e+000 1.033538960e+000 
1.032565816e+000 1.033678319e+000 
1.032999974e+000 1.033912372e+000 
1.051057797e+000 1.435295272e+000 
1.052276042e+000 1.436750327e+000 
1.051366065e+000 1.435833566e+000 
1.007542987e+000 1.001900107e+000 
1.007475216e+000 1.001898095e+000 
1.007412727e+000 1.001894615e+000 
1.007750490e+000 1.001921551e+000 
1.007123363e+000 1.001846134e+000 
1.007735318e+000 1.001901605e+000 
1.007397555e+000 1.001874669e+000 
1.006535811e+000 1.001811746e+000 
1.006325984e+000 1.001754085e+000 
1.006822233e+000 1.001841852e+000 
1.007210325e+000 1.001872962e+000 
1.007628132e+000 1.001900706e+000 
1.006728857e+000 1.001814608e+000 
1.006814590e+000 1.001841017e+000 
1.007201869e+000 1.001870282e+000 
1.006813778e+000 1.001839172e+000 
1.007814621e+000 1.003492460e+000 
1.009654770e+000 1.003813816e+000 
1.021083621e+000 1.004916540e+000 
1.008014986e+000 1.003497593e+000 
1.009636656e+000 1.003808388e+000 
1.008194447e+000 1.003552917e+000 
1.008793728e+000 1.003732198e+000 
1.008234567e+000 1.003553725e+000 
1.008994093e+000 1.003737331e+000 
1.019770175e+000 1.004781781e+000 
1.012550494e+000 1.004186716e+000 
1.009732791e+000 1.003863093e+000 
1.013852784e+000 1.004321486e+000 
1.009429716e+000 1.003806690e+000 
1.017392420e+000 1.004576007e+000 
1.013759303e+000 1.004284594e+000 
1.010212282e+000 1.003881285e+000 
1.014150538e+000 1.004336868e+000 
1.019384194e+000 1.004726284e+000 
1.013977299e+000 1.004332920e+000 
1.010581623e+000 1.003938303e+000 
1.010099623e+000 1.003871264e+000 
1.014930282e+000 1.004406227e+000 
1.019841541e+000 1.004785522e+000 
1.011361683e+000 1.004021502e+000 
1.020538233e+000 1.004840476e+000 
1.018425079e+000 1.004698598e+000 
1.020758953e+000 1.004848606e+000 
1.013014126e+000 1.004211487e+000 
1.017885667e+000 1.004637235e+000 
1.018124734e+000 1.004645365e+000 
1.013567800e+000 1.004280647e+000 
1.010322960e+000 1.003881876e+000 
1.013443285e+000 1.004269212e+000 
1.016247299e+000 1.004503993e+000 
1.018786616e+000 1.004714414e+000 
1.012873309e+000 1.004203801e+000 
1.020354733e+000 1.004791118e+000 
1.010386700e+000 1.003882491e+000 
1.014316680e+000 1.004350005e+000 
1.012681806e+000 1.004199854e+000 
1.012071749e+000 1.004116019e+000 
1.015479281e+000 1.004456926e+000 
1.014684669e+000 1.004389898e+000 
1.020201073e+000 1.004788365e+000 
1.048849829e+000 1.195615047e+000 
1.047654201e+000 1.195067298e+000 
1.044939910e+000 1.192628256e+000 
1.045530577e+000 1.193357619e+000 
1.045651684e+000 1.193431822e+000 
1.046394739e+000 1.194041190e+000 
1.045786307e+000 1.193605332e+000 
1.049876928e+000 1.196404655e+000 
1.047539880e+000 1.194914975e+000 
1.048884074e+000 1.195716413e+000 
1.049770121e+000 1.196302297e+000 
1.415970927e+000 1.988336682e+000 
1.355976543e+000 1.980013445e+000 
1.317705321e+000 1.970992095e+000 
1.426593831e+000 1.989791034e+000 
1.325257214e+000 1.973040295e+000 
1.439198972e+000 1.991156351e+000 
1.315290739e+000 1.970946776e+000 
1.326054462e+000 1.973945894e+000 
1.334888805e+000 1.975588070e+000 
1.355162736e+000 1.979932760e+000 
1.333977961e+000 1.975529179e+000 
1.440811329e+000 1.991158853e+000 
1.404758230e+000 1.987218517e+000 
1.402469561e+000 1.986848837e+000 
1.412953481e+000 1.988039544e+000 
1.329355911e+000 1.974729511e+000 
1.415418789e+000 1.988190838e+000 
1.411118424e+000 1.988000617e+000 
1.387908521e+000 1.985089324e+000 
1.402767979e+000 1.986952603e+000 
1.476094946e+000 1.994120448e+000 
1.354006269e+000 1.979414293e+000 
1.421732458e+000 1.989459976e+000 
1.410594592e+000 1.987850685e+000 
1.477892218e+000 1.994174730e+000 
1.306778286e+000 1.967237924e+000 
1.476818364e+000 1.994131239e+000 
1.327280741e+000 1.974152452e+000 
1.327889871e+000 1.974183129e+000 
1.307433436e+000 1.967313558e+000 
1.326220236e+000 1.974006134e+000 
1.382446865e+000 1.984446036e+000 
1.321671914e+000 1.972543937e+000 
1.322591598e+000 1.972706479e+000 
1.308009144e+000 1.967502779e+000 
1.352555458e+000 1.979163787e+000 
1.336148778e+000 1.975928464e+000 
1.428562752e+000 1.990114732e+000 
1.378520005e+000 1.983747454e+000 
1.333583555e+000 1.975323236e+000 
1.327967851e+000 1.974418877e+000 
1.348273219e+000 1.978557316e+000 
1.354654406e+000 1.979560643e+000 
1.335209092e+000 1.975847792e+000 
1.358946914e+000 1.980373076e+000 
1.356614505e+000 1.980111927e+000 
1.338181691e+000 1.976573206e+000 
1.320470548e+000 1.971973222e+000 
1.305772679e+000 1.966408428e+000 
1.339780648e+000 1.976849936e+000 
1.336590179e+000 1.976351619e+000 
1.336410512e+000 1.976299863e+000 
1.387121612e+000 1.984933637e+000 
1.353798252e+000 1.979400208e+000 
1.323209891e+000 1.972859051e+000 
1.354453443e+000 1.979524540e+000 
1.325619239e+000 1.973622760e+000 
1.312414329e+000 1.969717899e+000 
1.405583727e+000 1.987224246e+000 
1.355147338e+000 1.979743389e+000 
1.357417948e+000 1.980251159e+000 
1.318354832e+000 1.971654170e+000 
1.330683959e+000 1.974813611e+000 
1.327966182e+000 1.974392926e+000 
1.438741318e+000 1.991051100e+000 
1.436777566e+000 1.990905677e+000 
1.393607892e+000 1.985731083e+000 
1.437012202e+000 1.991025404e+000 
1.400732961e+000 1.986775451e+000 
1.403404944e+000 1.987041746e+000 
1.344380721e+000 1.977776063e+000 
1.343870600e+000 1.977632437e+000 
1.307078511e+000 1.967243280e+000 
1.308490822e+000 1.967944195e+000 
1.362851710e+000 1.981245653e+000 
1.363050444e+000 1.981535346e+000 
1.359957344e+000 1.980485621e+000 
1.343717064e+000 1.977632273e+000 
1.431947010e+000 1.990380141e+000 
1.429631917e+000 1.990272123e+000 
1.399816963e+000 1.986684118e+000 
1.342697706e+000 1.977314184e+000 
1.365672528e+000 1.981621833e+000 
1.399607118e+000 1.986543671e+000 
1.399098775e+000 1.986542239e+000 
1.318048472e+000 1.971488690e+000 
1.313899542e+000 1.969844548e+000 
1.362688513e+000 1.981119144e+000 
1.319319930e+000 1.971967740e+000 
1.395380387e+000 1.986085345e+000 
1.321283463e+000 1.972299040e+000 
1.350755641e+000 1.978969000e+000 
1.360793244e+000 1.980918951e+000 
1.393881840e+000 1.986070130e+000 
1.361943073e+000 1.981087954e+000 
1.340990537e+000 1.976876948e+000 
1.348830859e+000 1.978663966e+000 
1.425959708e+000 1.989783795e+000 
1.420090202e+000 1.988979074e+000 
1.313344093e+000 1.969823946e+000 
1.332641617e+000 1.974996730e+000 
1.432844068e+000 1.990566770e+000 
1.434282422e+000 1.990752675e+000 
1.408833059e+000 1.987629694e+000 
1.313399055e+000 1.969843025e+000 
1.331631343e+000 1.974985870e+000 
1.395390582e+000 1.986231674e+000 
1.344351315e+000 1.977642405e+000 
1.341728726e+000 1.977104776e+000 
1.341999106e+000 1.977284245e+000 
1.428968324e+000 1.990144974e+000 
1.397534190e+000 1.986497741e+000 
1.396442852e+000 1.986238775e+000 
1.347368583e+000 1.978391137e+000 
1.384607173e+000 1.984870476e+000 
1.367588781e+000 1.981988559e+000 
1.389759168e+000 1.985509533e+000 
1.423972544e+000 1.989544321e+000 
1.388920993e+000 1.985183658e+000 
1.424337698e+000 1.989595735e+000 
1.347229280e+000 1.978067012e+000 
1.345516848e+000 1.978042637e+000 
1.721782592e+000 1.999970980e+000 
1.730406793e+000 2.000000000e+000 
1.370448001e+000 1.982675473e+000 
1.728900656e+000 1.999999295e+000 
1.371699465e+000 1.982748708e+000 
1.321006676e+000 1.972134818e+000 
1.380098361e+000 1.984245525e+000 
1.379223428e+000 1.984163728e+000 
1.369569949e+000 1.982589278e+000 
1.368948564e+000 1.982330562e+000 
1.377281942e+000 1.983706305e+000 
1.601749991e+000 1.998839663e+000 
1.306159022e+000 1.966564201e+000 
1.368630470e+000 1.982081225e+000 
1.603222293e+000 1.998855464e+000 
1.310851560e+000 1.969403347e+000 
1.382634288e+000 1.984552708e+000 
1.721957721e+000 1.999987770e+000 
1.378814012e+000 1.984084655e+000 
1.373954686e+000 1.983329799e+000 
1.554138005e+000 1.997757956e+000 
1.597492217e+000 1.998779111e+000 
1.309359160e+000 1.968873253e+000 
1.310389087e+000 1.969282277e+000 
1.480201195e+000 1.994430301e+000 
1.375644294e+000 1.983527503e+000 
1.378600263e+000 1.983824410e+000 
1.548922296e+000 1.997535399e+000 
1.479477778e+000 1.994420135e+000 
1.372470745e+000 1.983073026e+000 
1.606105817e+000 1.998949240e+000 
1.598729319e+000 1.998825872e+000 
1.657820853e+000 1.999540685e+000 
1.550962971e+000 1.997673312e+000 
1.674061633e+000 1.999646404e+000 
1.309209577e+000 1.968042870e+000 
1.606174823e+000 1.998969605e+000 
1.727299591e+000 1.999994696e+000 
1.558008833e+000 1.997795568e+000 
1.305887167e+000 1.966495590e+000 
1.555065540e+000 1.997769947e+000 
1.603629784e+000 1.998946926e+000 
1.306194384e+000 1.966988724e+000 
1.409369502e+000 1.987718327e+000 
1.656248968e+000 1.999530734e+000 
1.558071161e+000 1.997910773e+000 
1.653991248e+000 1.999527031e+000 
1.580171694e+000 1.998455574e+000 
1.658990425e+000 1.999570935e+000 
1.596390565e+000 1.998760462e+000 
1.650520687e+000 1.999520009e+000 
1.589754883e+000 1.998656036e+000 
1.666322689e+000 1.999599304e+000 
1.592902941e+000 1.998669214e+000 
1.307718783e+000 1.967476202e+000 
1.572047079e+000 1.998370145e+000 
1.568625869e+000 1.998304207e+000 
1.416355221e+000 1.988412329e+000 
1.562564475e+000 1.998020193e+000 
1.416648652e+000 1.988587369e+000 
1.652556718e+000 1.999522054e+000 
1.308397590e+000 1.967568545e+000 
1.566038145e+000 1.998269097e+000 
1.564229244e+000 1.998179954e+000 
1.550419778e+000 1.997554724e+000 
1.706500932e+000 1.999891674e+000 
1.442411630e+000 1.991339654e+000 
1.669846879e+000 1.999643713e+000 
1.511391771e+000 1.996186443e+000 
1.501110390e+000 1.995595304e+000 
1.502626516e+000 1.995833826e+000 
1.520041431e+000 1.996572067e+000 
1.528677080e+000 1.996958335e+000 
1.514230574e+000 1.996311040e+000 
1.501713375e+000 1.995703289e+000 
1.492226556e+000 1.995246348e+000 
1.509476520e+000 1.996184746e+000 
1.478122690e+000 1.994340203e+000 
1.667765764e+000 1.999619694e+000 
1.525325321e+000 1.996709618e+000 
1.588970175e+000 1.998607141e+000 
1.506085473e+000 1.995917190e+000 
1.586144761e+000 1.998562322e+000 
1.525919166e+000 1.996712782e+000 
1.516350237e+000 1.996439255e+000 
1.442751731e+000 1.991351503e+000 
1.584253499e+000 1.998559938e+000 
1.498273815e+000 1.995482473e+000 
1.581258179e+000 1.998544648e+000 
1.496756076e+000 1.995478502e+000 
1.482369207e+000 1.994674102e+000 
1.494890393e+000 1.995454342e+000 
1.485899156e+000 1.994837282e+000 
1.488646906e+000 1.995102199e+000 
1.473716018e+000 1.994007684e+000 
1.481153740e+000 1.994523464e+000 
1.490818338e+000 1.995117264e+000 
1.484062423e+000 1.994779056e+000 
1.469152396e+000 1.993599450e+000 
1.697759206e+000 1.999813482e+000 
1.527507129e+000 1.996803617e+000 
1.445494634e+000 1.991771754e+000 
1.717682755e+000 1.999962744e+000 
1.465378430e+000 1.993372166e+000 
1.461015340e+000 1.993031409e+000 
1.534610124e+000 1.997090659e+000 
1.538827703e+000 1.997223740e+000 
1.541121042e+000 1.997320754e+000 
1.534290021e+000 1.997056943e+000 
1.535495977e+000 1.997109656e+000 
1.715721089e+000 1.999962050e+000 
1.536449544e+000 1.997168327e+000 
1.450931249e+000 1.992126860e+000 
1.448886266e+000 1.992112634e+000 
1.450054023e+000 1.992114562e+000 
1.445118859e+000 1.991725785e+000 
1.714033801e+000 1.999956501e+000 
1.469534321e+000 1.993615833e+000 
1.458241152e+000 1.992866364e+000 
1.459161257e+000 1.992962607e+000 
1.461483394e+000 1.993102290e+000 
1.451037441e+000 1.992339165e+000 
1.447204214e+000 1.991833120e+000 
1.427413512e+000 1.990005699e+000 
1.455150178e+000 1.992575109e+000 
1.435851289e+000 1.990796736e+000 
1.454819827e+000 1.992526921e+000 
1.709228209e+000 1.999903186e+000 
1.710749624e+000 1.999944332e+000 
1.475737699e+000 1.994046920e+000 
1.473324966e+000 1.993973368e+000 
1.471410104e+000 1.993794727e+000 
1.547225783e+000 1.997498808e+000 
1.648535379e+000 1.999480870e+000 
1.624557903e+000 1.999245438e+000 
1.644329829e+000 1.999466852e+000 
1.640013830e+000 1.999399298e+000 
1.703647212e+000 1.999839395e+000 
1.617008609e+000 1.999153963e+000 
1.606717869e+000 1.999024312e+000 
1.608710888e+000 1.999072868e+000 
1.633087043e+000 1.999349744e+000 
1.629114632e+000 1.999348403e+000 
1.626400982e+000 1.999340295e+000 
1.701820053e+000 1.999828231e+000 
1.643783430e+000 1.999413408e+000 
1.694131585e+000 1.999799990e+000 
1.689998000e+000 1.999780353e+000 
1.691099087e+000 1.999786528e+000 
1.683431472e+000 1.999716627e+000 
1.688019938e+000 1.999746273e+000 
1.686466082e+000 1.999717843e+000 
1.635737593e+000 1.999357646e+000 
1.680563894e+000 1.999668647e+000 
1.677577643e+000 1.999665387e+000 
1.623179081e+000 1.999214221e+000 
1.603112400e+000 1.998845259e+000 

