1.000009396e+000 1.005520943e+000 
1.000543330e+000 1.043889779e+000 
1.000495422e+000 1.043278636e+000 
1.000539964e+000 1.043673890e+000 
1.000825157e+000 1.044535077e+000 
1.000821239e+000 1.043895019e+000 
1.000489549e+000 1.043140192e+000 
1.000210229e+000 1.042417449e+000 
1.000258137e+000 1.043028592e+000 
1.001898799e+000 1.274646454e+000 
1.001282578e+000 1.274445606e+000 
1.001652030e+000 1.274450226e+000 
1.002352874e+000 1.275814422e+000 
1.001065925e+000 1.272515707e+000 
1.001910541e+000 1.275081559e+000 
1.001254446e+000 1.272520327e+000 
1.001757957e+000 1.274492854e+000 
1.001918132e+000 1.275086179e+000 
1.000000001e+000 1.005268946e+000 
1.115836769e+000 1.970133820e+000 
1.093796657e+000 1.964327205e+000 
1.080603485e+000 1.959645832e+000 
1.028450795e+000 1.936659046e+000 
1.077479172e+000 1.957866719e+000 
1.039457130e+000 1.942923211e+000 
1.048255087e+000 1.947093438e+000 
1.071006550e+000 1.955471936e+000 
1.032338378e+000 1.938741404e+000 
1.049006398e+000 1.947645160e+000 
1.065709831e+000 1.953902630e+000 
1.056693949e+000 1.950431529e+000 
1.068967281e+000 1.955080139e+000 
1.088297389e+000 1.962518194e+000 
1.041945255e+000 1.943787820e+000 
1.029930433e+000 1.937473113e+000 
1.112312360e+000 1.969032713e+000 
1.098173207e+000 1.965513008e+000 
1.011113808e+000 1.923410703e+000 
1.028288578e+000 1.936261703e+000 
1.047871163e+000 1.946966588e+000 
1.078303470e+000 1.958176003e+000 
1.025067055e+000 1.934627029e+000 
1.126096004e+000 1.972571179e+000 
1.139713732e+000 1.975311328e+000 
1.083937745e+000 1.960949672e+000 
1.064685769e+000 1.953734595e+000 
1.080932940e+000 1.959680803e+000 
1.010428360e+000 1.922805646e+000 
1.138490403e+000 1.974883313e+000 
1.151595553e+000 1.976601964e+000 
1.027423218e+000 1.936077884e+000 
1.172721514e+000 1.979409616e+000 
1.144497493e+000 1.975954650e+000 
1.073487705e+000 1.956145778e+000 
1.051589340e+000 1.948613129e+000 
1.077149716e+000 1.957831747e+000 
1.076922281e+000 1.957239816e+000 
1.020890034e+000 1.931472952e+000 
1.024507198e+000 1.934045917e+000 
1.028765076e+000 1.937111830e+000 
1.069501896e+000 1.955085370e+000 
1.026512529e+000 1.935312875e+000 
1.043982961e+000 1.944808672e+000 
1.080154520e+000 1.959100616e+000 
1.030210550e+000 1.937648164e+000 
1.031121239e+000 1.938413173e+000 
1.129324857e+000 1.973622909e+000 
1.161688095e+000 1.978026582e+000 
1.133727561e+000 1.973991748e+000 
1.069811308e+000 1.955192312e+000 
1.151125487e+000 1.976475010e+000 
1.165647266e+000 1.978403242e+000 
1.052629654e+000 1.949048209e+000 
1.028325133e+000 1.936339045e+000 
1.039786585e+000 1.942962076e+000 
1.162913519e+000 1.978218535e+000 
1.049335854e+000 1.947684025e+000 
1.166625277e+000 1.978582475e+000 
1.129176762e+000 1.973455279e+000 
1.136555177e+000 1.974195082e+000 
1.136616823e+000 1.974838115e+000 
1.083608289e+000 1.960914701e+000 
1.047339144e+000 1.946796870e+000 
1.060622922e+000 1.952257098e+000 
1.084762043e+000 1.961258956e+000 
1.027144333e+000 1.935924751e+000 
1.155062941e+000 1.977247924e+000 
1.054918176e+000 1.949666495e+000 
1.139470279e+000 1.975086889e+000 
1.051709096e+000 1.948705400e+000 
1.053432665e+000 1.949329214e+000 
1.142013920e+000 1.975431618e+000 
1.037812594e+000 1.941747852e+000 
1.094768554e+000 1.964665750e+000 
1.155000627e+000 1.977199528e+000 
1.093230690e+000 1.964042398e+000 
1.072905477e+000 1.955873716e+000 
1.082364704e+000 1.960225033e+000 
1.088854140e+000 1.962856595e+000 
1.086077068e+000 1.962040467e+000 
1.012739415e+000 1.925279873e+000 
1.054659800e+000 1.949665050e+000 
1.021923313e+000 1.932207369e+000 
1.064076293e+000 1.953126421e+000 
1.119224886e+000 1.971346699e+000 
1.074479049e+000 1.956549797e+000 
1.070655650e+000 1.955429626e+000 
1.119975889e+000 1.971427874e+000 
1.125793147e+000 1.972195659e+000 
1.027850726e+000 1.936224675e+000 
1.129244951e+000 1.973535824e+000 
1.131585319e+000 1.973703394e+000 
1.014079432e+000 1.926141040e+000 
1.014157950e+000 1.926196632e+000 
1.059714980e+000 1.951476936e+000 
1.096060773e+000 1.964861424e+000 
1.045663961e+000 1.945544647e+000 
1.100567955e+000 1.966648300e+000 
1.088766852e+000 1.962528295e+000 
1.075405935e+000 1.957006097e+000 
1.003046157e+000 1.914081401e+000 
1.036677636e+000 1.941128215e+000 
1.022981836e+000 1.932658617e+000 
1.182548087e+000 1.980593417e+000 
1.061098761e+000 1.952413002e+000 
1.082694159e+000 1.960263898e+000 
1.028073183e+000 1.936224766e+000 
1.127841496e+000 1.973267804e+000 
1.052749410e+000 1.949290230e+000 
1.016786072e+000 1.928433925e+000 
1.099732619e+000 1.965761155e+000 
1.020427490e+000 1.930891939e+000 
1.007837200e+000 1.920256663e+000 
1.057618117e+000 1.951193010e+000 
1.060952377e+000 1.952295962e+000 
1.004977814e+000 1.917129351e+000 
1.006044771e+000 1.918563382e+000 
1.057947573e+000 1.951231875e+000 
1.052290911e+000 1.948908388e+000 
1.017593932e+000 1.928832875e+000 
1.090260167e+000 1.963479946e+000 
1.100088815e+000 1.965771991e+000 
1.096191405e+000 1.965462497e+000 
1.003738615e+000 1.915313575e+000 
1.004918112e+000 1.916990807e+000 
1.034195818e+000 1.939873407e+000 
1.057534590e+000 1.951145355e+000 
1.011435580e+000 1.923567401e+000 
1.012561148e+000 1.924690210e+000 
1.016457372e+000 1.927863843e+000 
1.085849336e+000 1.961587726e+000 
1.054979119e+000 1.949993168e+000 
1.012210585e+000 1.924548171e+000 
1.024872696e+000 1.934426809e+000 
1.110152875e+000 1.968858808e+000 
1.014419164e+000 1.926586709e+000 
1.015797134e+000 1.927710799e+000 
1.106078014e+000 1.967993801e+000 
1.026949975e+000 1.935724531e+000 
1.028570718e+000 1.936911610e+000 
1.025897856e+000 1.934690584e+000 
1.016147697e+000 1.927852838e+000 
1.008219781e+000 1.920775696e+000 
1.004595819e+000 1.916660096e+000 
1.023001247e+000 1.932868198e+000 
1.123798487e+000 1.972152561e+000 
1.021448446e+000 1.931636964e+000 
1.017944496e+000 1.929049833e+000 
1.019734664e+000 1.930749809e+000 
1.018476500e+000 1.929625719e+000 
1.018465821e+000 1.929375013e+000 
1.018079743e+000 1.929076294e+000 
1.008306460e+000 1.920901566e+000 
1.049917669e+000 1.947751922e+000 
1.051985761e+000 1.948855163e+000 
1.050596307e+000 1.947889989e+000 
1.047591503e+000 1.946825902e+000 
1.108855467e+000 1.968174762e+000 
1.045038386e+000 1.945484358e+000 
1.155398236e+000 1.977303471e+000 
1.116874756e+000 1.970780041e+000 
1.037428948e+000 1.941679938e+000 
1.042430495e+000 1.944278865e+000 
1.078772823e+000 1.958659455e+000 
1.046760888e+000 1.946322757e+000 
1.114529425e+000 1.970044611e+000 
1.032102591e+000 1.938686328e+000 
1.050843998e+000 1.948294693e+000 
1.033758622e+000 1.939751261e+000 
1.030926881e+000 1.938212953e+000 
1.033013281e+000 1.939451337e+000 
1.078007483e+000 1.957902270e+000 
1.048979125e+000 1.947407538e+000 
1.002356476e+000 1.912176075e+000 
1.006558805e+000 1.918890321e+000 
1.054245223e+000 1.949600813e+000 
1.084725307e+000 1.961215846e+000 
1.116123752e+000 1.970698866e+000 
1.003493710e+000 1.914698561e+000 
1.109401871e+000 1.968777634e+000 
1.002724385e+000 1.913682430e+000 
1.039154509e+000 1.942383208e+000 
1.016586416e+000 1.928028722e+000 
1.123482939e+000 1.972009718e+000 
1.009559691e+000 1.922044361e+000 
1.039393130e+000 1.942673791e+000 
1.122894299e+000 1.971929188e+000 
1.011005983e+000 1.923373768e+000 
1.113778421e+000 1.969963437e+000 
1.035804425e+000 1.940864389e+000 
1.041816211e+000 1.943677330e+000 
1.022584306e+000 1.932579567e+000 
1.003368449e+000 1.914412113e+000 
1.009321378e+000 1.921717422e+000 
1.019258128e+000 1.929977696e+000 
1.034142269e+000 1.939819175e+000 
1.023962276e+000 1.933703657e+000 
1.026318170e+000 1.935112655e+000 
1.011753111e+000 1.923721491e+000 
1.104580248e+000 1.967287550e+000 
1.027780103e+000 1.936134566e+000 
1.073999909e+000 1.956382746e+000 
1.009669292e+000 1.922243116e+000 
1.002678248e+000 1.912575046e+000 
1.009069393e+000 1.921339496e+000 
1.006366543e+000 1.918869590e+000 
1.102263015e+000 1.966768388e+000 
1.011349041e+000 1.923549952e+000 
1.007729376e+000 1.920211140e+000 
1.010098889e+000 1.922445337e+000 
1.007020273e+000 1.919358055e+000 
1.007351112e+000 1.920014411e+000 
1.004530781e+000 1.916443931e+000 
1.003546213e+000 1.915097395e+000 
1.003993245e+000 1.915984529e+000 
1.005822164e+000 1.918111125e+000 
1.005356078e+000 1.917326079e+000 
1.022860205e+000 1.932652932e+000 
1.000076393e+000 1.024361849e+000 
1.000197984e+000 1.024432654e+000 
1.000084276e+000 1.024413763e+000 
1.215510313e+000 1.984381974e+000 
1.292282835e+000 1.991628838e+000 
1.363590002e+000 1.996194036e+000 
1.313341103e+000 1.993136011e+000 
1.184552869e+000 1.981245554e+000 
1.336156078e+000 1.994558783e+000 
1.077007515e+000 1.957537132e+000 
1.182934030e+000 1.980667022e+000 
1.301177070e+000 1.992119283e+000 
1.188008071e+000 1.981640189e+000 
1.192833927e+000 1.982195481e+000 
1.359479634e+000 1.996095169e+000 
1.235466447e+000 1.986718206e+000 
1.214081327e+000 1.984123517e+000 
1.293454730e+000 1.991728992e+000 
1.068520240e+000 1.953956832e+000 
1.301443541e+000 1.992286711e+000 
1.218900333e+000 1.984912515e+000 
1.226180546e+000 1.985411618e+000 
1.075725849e+000 1.957007045e+000 
1.173234707e+000 1.979757152e+000 
1.179219716e+000 1.980562649e+000 
1.373641732e+000 1.996762520e+000 
1.197137601e+000 1.982630697e+000 
1.406691407e+000 1.998151062e+000 
1.198302453e+000 1.982777832e+000 
1.373367336e+000 1.996734508e+000 
1.255601611e+000 1.988635646e+000 
1.181106601e+000 1.980564174e+000 
1.203325669e+000 1.983258476e+000 
1.202598554e+000 1.983064028e+000 
1.274485677e+000 1.990264175e+000 
1.173182300e+000 1.979676080e+000 
1.359410246e+000 1.995754206e+000 
1.327857790e+000 1.994100642e+000 
1.205238076e+000 1.983326638e+000 
1.176863962e+000 1.979986662e+000 
1.174226220e+000 1.979881071e+000 
1.187266738e+000 1.981300055e+000 
1.220813684e+000 1.985143081e+000 
1.362557996e+000 1.996160648e+000 
1.359110077e+000 1.995746473e+000 
1.205355693e+000 1.983704634e+000 
1.370473684e+000 1.996485107e+000 
1.187387342e+000 1.981390126e+000 
1.325138747e+000 1.993847641e+000 
1.217880056e+000 1.984681650e+000 
1.171543436e+000 1.979251813e+000 
1.330818541e+000 1.994342846e+000 
1.195199842e+000 1.982372265e+000 
1.323448994e+000 1.993817280e+000 
1.195422180e+000 1.982372333e+000 
1.568065813e+000 2.000000000e+000 
1.189588731e+000 1.981821411e+000 
1.183199497e+000 1.980862967e+000 
1.248250130e+000 1.987942934e+000 
1.161318274e+000 1.977993148e+000 
1.166358482e+000 1.978565144e+000 
1.231275196e+000 1.986341482e+000 
1.162924691e+000 1.978293009e+000 
1.237979954e+000 1.986951192e+000 
1.164929169e+000 1.978397944e+000 
1.333074946e+000 1.994478326e+000 
1.337837482e+000 1.994619263e+000 
1.239801689e+000 1.987000629e+000 
1.178625237e+000 1.980080423e+000 
1.169546474e+000 1.979160462e+000 
1.159707582e+000 1.977671262e+000 
1.073732338e+000 1.956194517e+000 
1.543976715e+000 1.999873646e+000 
1.158873192e+000 1.977452605e+000 
1.160498075e+000 1.977671408e+000 
1.250084814e+000 1.988168991e+000 
1.241175921e+000 1.987124695e+000 
1.251069382e+000 1.988298775e+000 
1.303332285e+000 1.992345144e+000 
1.296575187e+000 1.991876352e+000 
1.171163607e+000 1.979251223e+000 
1.320007032e+000 1.993634528e+000 
1.231109590e+000 1.986212467e+000 
1.372787569e+000 1.996647706e+000 
1.234455687e+000 1.986637031e+000 
1.241762799e+000 1.987286210e+000 
1.268299070e+000 1.989750899e+000 
1.228754867e+000 1.986099598e+000 
1.262075810e+000 1.989249257e+000 
1.269794927e+000 1.990014708e+000 
1.223326495e+000 1.985369522e+000 
1.261650612e+000 1.989223515e+000 
1.381392978e+000 1.997010504e+000 
1.256565119e+000 1.988746445e+000 
1.248420804e+000 1.987955253e+000 
1.306111747e+000 1.992678936e+000 
1.303817792e+000 1.992530929e+000 
1.315548994e+000 1.993281284e+000 
1.314594113e+000 1.993249937e+000 
1.312185129e+000 1.993081043e+000 
1.178526609e+000 1.980018817e+000 
1.333829958e+000 1.994505244e+000 
1.211968361e+000 1.984029365e+000 
1.323307741e+000 1.993793752e+000 
1.221812674e+000 1.985266472e+000 
1.272310606e+000 1.990154070e+000 
1.305196001e+000 1.992591108e+000 
1.366643218e+000 1.996377366e+000 
1.392336857e+000 1.997573443e+000 
1.209292451e+000 1.983862092e+000 
1.253500207e+000 1.988356678e+000 
1.297477447e+000 1.991998448e+000 
1.402486355e+000 1.997930627e+000 
1.285094143e+000 1.991082483e+000 
1.277769060e+000 1.990493393e+000 
1.257575878e+000 1.988827620e+000 
1.226364401e+000 1.985684222e+000 
1.408296651e+000 1.998182155e+000 
1.279340634e+000 1.990554468e+000 
1.214931744e+000 1.984339370e+000 
1.389549452e+000 1.997507731e+000 
1.390996809e+000 1.997515064e+000 
1.403740349e+000 1.998008753e+000 
1.368626068e+000 1.996382003e+000 
1.364643108e+000 1.996275935e+000 
1.395810505e+000 1.997732351e+000 
1.376014342e+000 1.996897284e+000 
1.414778953e+000 1.998304700e+000 
1.331930121e+000 1.994372658e+000 
1.308382854e+000 1.992775171e+000 
1.316665660e+000 1.993513531e+000 
1.278735895e+000 1.990544049e+000 
1.282184447e+000 1.990950467e+000 
1.284980625e+000 1.991059219e+000 
1.422708963e+000 1.998782754e+000 
1.442400173e+000 1.999481850e+000 
1.275393309e+000 1.990362028e+000 
1.409672494e+000 1.998272375e+000 
1.440182971e+000 1.999102173e+000 
1.463699317e+000 1.999651443e+000 
1.478163835e+000 1.999748348e+000 
1.408813777e+000 1.998269677e+000 
1.448069240e+000 1.999489786e+000 
1.449335645e+000 1.999540245e+000 
1.484032410e+000 1.999768024e+000 
1.502379336e+000 1.999836142e+000 
1.161266904e+000 1.977760920e+000 
1.429558485e+000 1.998966884e+000 
1.424262956e+000 1.998872666e+000 
1.428477030e+000 1.998948964e+000 
1.425496360e+000 1.998872979e+000 
1.419222034e+000 1.998345505e+000 
1.501456864e+000 1.999825775e+000 
1.500355417e+000 1.999803388e+000 
1.296795198e+000 1.991959118e+000 
1.451857646e+000 1.999577189e+000 
1.499043517e+000 1.999799983e+000 
1.353653436e+000 1.995673426e+000 
1.553076841e+000 1.999926185e+000 
1.473210716e+000 1.999696776e+000 
1.452697506e+000 1.999614327e+000 
1.469369125e+000 1.999693063e+000 
1.383836043e+000 1.997138846e+000 
1.369376567e+000 1.996402299e+000 
1.433974689e+000 1.999031347e+000 
1.441101804e+000 1.999442288e+000 
1.495761356e+000 1.999771523e+000 
1.422449786e+000 1.998586031e+000 
1.355211363e+000 1.995703945e+000 
1.291012475e+000 1.991426250e+000 
1.217253099e+000 1.984576049e+000 
1.212306828e+000 1.984057397e+000 
1.353960376e+000 1.995700262e+000 
1.351964836e+000 1.995636144e+000 
1.269504384e+000 1.989758197e+000 
1.326051148e+000 1.994003023e+000 
1.343881651e+000 1.995165543e+000 
1.332332346e+000 1.994402903e+000 
1.344740369e+000 1.995168241e+000 
1.342744828e+000 1.995104124e+000 
1.326909866e+000 1.994005721e+000 

