1.036552648e+000 1.232574673e+000 
1.034981582e+000 1.230690424e+000 
1.044583459e+000 1.251547434e+000 
1.044273152e+000 1.251057980e+000 
1.043300955e+000 1.249361266e+000 
1.035595473e+000 1.232118488e+000 
1.035541549e+000 1.232052346e+000 
1.040595824e+000 1.244499273e+000 
1.034968128e+000 1.230641702e+000 
1.044929702e+000 1.252434504e+000 
1.041513820e+000 1.246196787e+000 
1.043926768e+000 1.250462117e+000 
1.043529728e+000 1.249998208e+000 
1.038714573e+000 1.240513146e+000 
1.038445902e+000 1.240157321e+000 
1.037970212e+000 1.238896725e+000 
1.039105898e+000 1.241570800e+000 
1.037365499e+000 1.237722406e+000 
1.006841646e+000 1.029867935e+000 
1.008725205e+000 1.031641617e+000 
1.009886528e+000 1.032726749e+000 
1.010526779e+000 1.033484282e+000 
1.017848702e+000 1.038119814e+000 
1.024040897e+000 1.040764650e+000 
1.024020660e+000 1.040761257e+000 
1.008194546e+000 1.031234244e+000 
1.007199641e+000 1.030263127e+000 
1.022841652e+000 1.040310051e+000 
1.017063556e+000 1.037747140e+000 
1.007633722e+000 1.030557750e+000 
1.020857014e+000 1.039460945e+000 
1.024556540e+000 1.041075174e+000 
1.010788462e+000 1.033742774e+000 
1.007083120e+000 1.029871812e+000 
1.010852592e+000 1.033745027e+000 
1.015134351e+000 1.036811091e+000 
1.008184707e+000 1.031207237e+000 
1.009222973e+000 1.032285575e+000 
1.011820599e+000 1.034545963e+000 
1.011573556e+000 1.034295605e+000 
1.014130388e+000 1.036118542e+000 
1.016421502e+000 1.037347364e+000 
1.022169217e+000 1.039984690e+000 
1.017197169e+000 1.037802699e+000 
1.017495099e+000 1.038068102e+000 
1.023011054e+000 1.040369040e+000 
1.007872983e+000 1.030828511e+000 
1.011494785e+000 1.034285145e+000 
1.017666244e+000 1.038074804e+000 
1.016887040e+000 1.037672246e+000 
1.017166478e+000 1.037765203e+000 
1.016030364e+000 1.037220700e+000 
1.018862981e+000 1.038568701e+000 
1.016599691e+000 1.037601082e+000 
1.021182327e+000 1.039578656e+000 
1.012524572e+000 1.035062015e+000 
1.022038016e+000 1.039953536e+000 
1.009085573e+000 1.031969492e+000 
1.011925321e+000 1.034572456e+000 
1.009021443e+000 1.031958057e+000 
1.016943306e+000 1.037676219e+000 
1.012077846e+000 1.034701877e+000 
1.009465732e+000 1.032397632e+000 
1.011693779e+000 1.034392460e+000 
1.008911249e+000 1.031906849e+000 
1.008660853e+000 1.031547337e+000 
1.008954546e+000 1.031906856e+000 
1.023710312e+000 1.040692285e+000 
1.012230223e+000 1.034846452e+000 
1.013782807e+000 1.035850780e+000 
1.026524764e+000 1.041763263e+000 
1.022677076e+000 1.040289581e+000 
1.012083088e+000 1.034709957e+000 
1.027058830e+000 1.041891311e+000 
1.024425205e+000 1.040905429e+000 
1.012744826e+000 1.035212014e+000 
1.012228309e+000 1.034797349e+000 
1.029521653e+000 1.042616769e+000 
1.027862020e+000 1.042160023e+000 
1.021818919e+000 1.039868988e+000 
1.026349998e+000 1.041655290e+000 
1.029477244e+000 1.042585358e+000 
1.021790028e+000 1.039867034e+000 
1.025262442e+000 1.041277254e+000 
1.000143933e+000 1.000081594e+000 
1.000335522e+000 1.000084489e+000 
1.000273019e+000 1.000084227e+000 
1.000387073e+000 1.000084565e+000 
1.000798486e+000 1.000090719e+000 
1.000959684e+000 1.000090921e+000 
1.000619407e+000 1.000088695e+000 
1.001052212e+000 1.000092717e+000 
1.000612719e+000 1.000088511e+000 
1.000373055e+000 1.000084518e+000 
1.000433640e+000 1.000086473e+000 
1.000675222e+000 1.000088751e+000 
1.000083348e+000 1.000079659e+000 
1.000496143e+000 1.000086734e+000 
1.000226452e+000 1.000082326e+000 
1.000094620e+000 1.000079821e+000 
1.000212434e+000 1.000082285e+000 
1.000013808e+000 1.000076128e+000 
1.000552531e+000 1.000086913e+000 
1.000163949e+000 1.000082079e+000 
1.000324570e+000 1.000084325e+000 
1.000391910e+000 1.000084666e+000 
1.000029835e+000 1.000078104e+000 
1.000000000e+000 1.000075931e+000 
1.098995191e+000 1.614276125e+000 
1.167824830e+000 1.690833034e+000 
1.049732191e+000 1.527199601e+000 
1.059404315e+000 1.548905499e+000 
1.064162245e+000 1.558792620e+000 
1.070100435e+000 1.566493945e+000 
1.076858853e+000 1.579835412e+000 
1.057623739e+000 1.544462936e+000 
1.076772596e+000 1.579588889e+000 
1.093949828e+000 1.607216152e+000 
1.122451234e+000 1.642681741e+000 
1.074914249e+000 1.576590814e+000 
1.115215282e+000 1.632349851e+000 
1.167973671e+000 1.691096117e+000 
1.076219985e+000 1.578886093e+000 
1.100932640e+000 1.616806547e+000 
1.099599622e+000 1.615827059e+000 
1.049687325e+000 1.527072199e+000 
1.066172627e+000 1.561400870e+000 
1.075332478e+000 1.577555821e+000 
1.106396788e+000 1.623406215e+000 
1.123512448e+000 1.642776787e+000 
1.275304736e+000 1.774897228e+000 
1.047359258e+000 1.519748147e+000 
1.050445574e+000 1.529322436e+000 
1.085779766e+000 1.595325928e+000 
1.118516061e+000 1.637548426e+000 
1.140694212e+000 1.661817018e+000 
1.050116977e+000 1.528673609e+000 
1.093637759e+000 1.606544360e+000 
1.075970724e+000 1.578804659e+000 
1.104770491e+000 1.622080439e+000 
1.105978892e+000 1.622277575e+000 
1.092348557e+000 1.605379889e+000 
1.047430564e+000 1.520370717e+000 
1.091766309e+000 1.603271725e+000 
1.101556937e+000 1.618574922e+000 
1.122441710e+000 1.641938191e+000 
1.053074504e+000 1.536035801e+000 
1.061397094e+000 1.552250119e+000 
1.130880339e+000 1.652071848e+000 
1.060975163e+000 1.551755538e+000 
1.167912656e+000 1.691034454e+000 
1.150983232e+000 1.675089463e+000 
1.128568355e+000 1.648356167e+000 
1.120975214e+000 1.640132167e+000 
1.053232462e+000 1.536172155e+000 
1.057708365e+000 1.545728686e+000 
1.139010784e+000 1.660378368e+000 
1.088640780e+000 1.599705580e+000 
1.086286774e+000 1.595339567e+000 
1.058760887e+000 1.547668236e+000 
1.090293230e+000 1.602414504e+000 
1.051829006e+000 1.532819041e+000 
1.106562190e+000 1.623421028e+000 
1.106857186e+000 1.624010890e+000 
1.130151512e+000 1.650871778e+000 
1.257082214e+000 1.762324833e+000 
1.137937188e+000 1.659495498e+000 
1.167648719e+000 1.690100485e+000 
1.055081886e+000 1.540606038e+000 
1.338023011e+000 1.808045434e+000 
1.276872143e+000 1.776434705e+000 
1.384977704e+000 1.832797237e+000 
1.224374623e+000 1.739475507e+000 
1.134807999e+000 1.656180835e+000 
1.168492821e+000 1.691697846e+000 
1.095377128e+000 1.609495152e+000 
1.104415299e+000 1.620984590e+000 
1.076302453e+000 1.579219725e+000 
1.078686115e+000 1.583178546e+000 
1.334769815e+000 1.807714602e+000 
1.078439751e+000 1.582703538e+000 
1.078029561e+000 1.581701959e+000 
1.106992611e+000 1.624105197e+000 
1.078847257e+000 1.583181780e+000 
1.291708557e+000 1.784956427e+000 
1.096175463e+000 1.610607290e+000 
1.222072189e+000 1.735385607e+000 
1.139407964e+000 1.661466610e+000 
1.224475106e+000 1.739754304e+000 
1.224608005e+000 1.739849639e+000 
1.078987228e+000 1.583943452e+000 
1.279159494e+000 1.779120072e+000 
1.077372074e+000 1.580737900e+000 
1.130818014e+000 1.651754425e+000 
1.161838737e+000 1.686339768e+000 
1.139001466e+000 1.660315174e+000 
1.079518490e+000 1.584782775e+000 
1.107605088e+000 1.625719166e+000 
1.136797424e+000 1.659209678e+000 
1.320423492e+000 1.801998338e+000 
1.071778988e+000 1.571427432e+000 
1.073304160e+000 1.574044912e+000 
1.318467411e+000 1.801035834e+000 
1.136019764e+000 1.658140097e+000 
1.111913541e+000 1.630466536e+000 
1.161838619e+000 1.686179834e+000 
1.137958634e+000 1.659775279e+000 
1.284735964e+000 1.782252502e+000 
1.062764503e+000 1.554685318e+000 
1.133038196e+000 1.654737359e+000 
1.360803926e+000 1.821215812e+000 
1.358841718e+000 1.820011952e+000 
1.109695213e+000 1.627633106e+000 
1.110157654e+000 1.628222952e+000 
1.319723399e+000 1.801830669e+000 
1.074660000e+000 1.576344329e+000 
1.370945201e+000 1.824778529e+000 
1.319071279e+000 1.801642485e+000 
1.228628710e+000 1.743045397e+000 
1.163494345e+000 1.688030192e+000 
1.316546463e+000 1.798798728e+000 
1.318039294e+000 1.800137593e+000 
1.067711282e+000 1.564059910e+000 
1.145236455e+000 1.668689556e+000 
1.141667633e+000 1.663464309e+000 
1.171860867e+000 1.696958044e+000 
1.159314870e+000 1.683247105e+000 
1.152092467e+000 1.676005779e+000 
1.397361498e+000 1.838826661e+000 
1.228255773e+000 1.743039940e+000 
1.248293112e+000 1.758544114e+000 
1.177368382e+000 1.702555351e+000 
1.171178721e+000 1.695909022e+000 
1.192859461e+000 1.715425884e+000 
1.375630558e+000 1.824872636e+000 
1.147367695e+000 1.671247363e+000 
1.179162056e+000 1.704008267e+000 
1.224409804e+000 1.739649511e+000 
1.203493410e+000 1.725327969e+000 
1.213903683e+000 1.732556733e+000 
1.339178213e+000 1.809510939e+000 
1.239685610e+000 1.751063750e+000 
1.324799502e+000 1.805524215e+000 
1.196131629e+000 1.719413168e+000 
1.206147406e+000 1.727211581e+000 
1.284624381e+000 1.781954020e+000 
1.194301618e+000 1.717356576e+000 
1.162887187e+000 1.687459365e+000 
1.195502035e+000 1.718681139e+000 
1.169516173e+000 1.693957247e+000 
1.188837296e+000 1.712195054e+000 
1.198647672e+000 1.721150755e+000 
1.168916207e+000 1.693132696e+000 
1.165300783e+000 1.689887705e+000 
1.208359266e+000 1.729879828e+000 
1.201625143e+000 1.724034259e+000 
1.184070639e+000 1.708278342e+000 
1.182828487e+000 1.707039444e+000 
1.227745819e+000 1.742927659e+000 
1.338948067e+000 1.808590301e+000 
1.404054633e+000 1.842579796e+000 
1.205882357e+000 1.727169499e+000 
1.345811611e+000 1.812585124e+000 
1.347287962e+000 1.813596386e+000 
1.343814059e+000 1.811662577e+000 
1.144460836e+000 1.667046394e+000 
1.232832628e+000 1.745932065e+000 
1.232521922e+000 1.745780893e+000 
1.383283660e+000 1.831616364e+000 
1.376861009e+000 1.827193163e+000 
1.400317409e+000 1.840655726e+000 
1.386354482e+000 1.833323268e+000 
1.398890756e+000 1.839932234e+000 
1.394182146e+000 1.838043279e+000 
1.395012317e+000 1.838748166e+000 
1.300682764e+000 1.791860496e+000 
1.411278376e+000 1.844702622e+000 
1.410698285e+000 1.844461150e+000 
1.378997344e+000 1.828265436e+000 
1.377592911e+000 1.827429434e+000 
1.287375302e+000 1.782962401e+000 
1.367179290e+000 1.823590761e+000 
1.367228486e+000 1.824452915e+000 
1.356898403e+000 1.819097803e+000 
1.224956226e+000 1.742786649e+000 
1.303795646e+000 1.794575371e+000 
1.222101348e+000 1.739366640e+000 
1.283508272e+000 1.780990385e+000 
1.291986261e+000 1.787444939e+000 
1.409503318e+000 1.844231444e+000 
1.288629842e+000 1.784012400e+000 
1.280906438e+000 1.779485279e+000 
1.277710624e+000 1.778491822e+000 
1.258779885e+000 1.765930520e+000 
1.228956025e+000 1.744690749e+000 
1.234376980e+000 1.749495542e+000 
1.273426316e+000 1.774361864e+000 
1.340395903e+000 1.810782323e+000 
1.245998306e+000 1.757252130e+000 
1.265328170e+000 1.768899175e+000 
1.242661108e+000 1.753920490e+000 
1.242781896e+000 1.753928474e+000 
1.305731298e+000 1.794888807e+000 
1.307220097e+000 1.796580561e+000 
1.262210537e+000 1.766663536e+000 
1.243949256e+000 1.755080684e+000 
1.311024087e+000 1.797298200e+000 
1.348658261e+000 1.815208199e+000 
1.271017469e+000 1.772499410e+000 
1.303249236e+000 1.793496595e+000 
1.300897610e+000 1.792240293e+000 
1.360173357e+000 1.820249415e+000 
1.360050966e+000 1.820244580e+000 
1.011492853e+000 1.033878996e+000 
1.011121511e+000 1.033796904e+000 
1.019860260e+000 1.038866564e+000 
1.023584160e+000 1.040464132e+000 
1.016027663e+000 1.037120746e+000 
1.022131407e+000 1.039976877e+000 
1.018205724e+000 1.038255737e+000 
1.021754272e+000 1.039726818e+000 
1.023624337e+000 1.040472903e+000 
1.022624891e+000 1.040125821e+000 
1.017009280e+000 1.037699182e+000 
1.015921127e+000 1.037074903e+000 
1.013317249e+000 1.035486254e+000 
1.016583141e+000 1.037424633e+000 
1.012362728e+000 1.034851990e+000 
1.021562980e+000 1.039586215e+000 
1.015870401e+000 1.037042722e+000 
1.012946020e+000 1.035293122e+000 
1.027785488e+000 1.042051736e+000 
1.028545118e+000 1.042319513e+000 
1.012964356e+000 1.035331919e+000 
1.030567173e+000 1.043165551e+000 
1.010352891e+000 1.033011260e+000 
1.021659448e+000 1.039592851e+000 
1.013740305e+000 1.035772803e+000 
1.028444032e+000 1.042269297e+000 
1.028632112e+000 1.042351215e+000 
1.029594279e+000 1.042699136e+000 
1.030503420e+000 1.043010813e+000 
1.001505225e+000 1.002204356e+000 
1.001397862e+000 1.002198309e+000 
1.001201898e+000 1.002104430e+000 
1.002243257e+000 1.002344507e+000 
1.002391992e+000 1.002375568e+000 
1.002472493e+000 1.002377844e+000 
1.002082346e+000 1.002338499e+000 
1.001170681e+000 1.002104369e+000 
1.001421022e+000 1.002201475e+000 
1.001121152e+000 1.002102255e+000 
1.002534653e+000 1.002380288e+000 
1.002334519e+000 1.002373199e+000 
1.002468473e+000 1.002376414e+000 
1.002649848e+000 1.002408809e+000 
1.002125265e+000 1.002340146e+000 
1.002787822e+000 1.002413454e+000 
1.001446454e+000 1.002202563e+000 
1.002255893e+000 1.002344523e+000 
1.001585884e+000 1.002238173e+000 
1.002216301e+000 1.002344062e+000 
1.001362624e+000 1.002197235e+000 
1.001552472e+000 1.002208716e+000 
1.001481580e+000 1.002203911e+000 
1.001657849e+000 1.002240605e+000 
1.001999701e+000 1.002310741e+000 
1.001901324e+000 1.002305334e+000 
1.002039852e+000 1.002311825e+000 
1.001788619e+000 1.002276215e+000 
1.001737911e+000 1.002275131e+000 
1.001775424e+000 1.002275575e+000 
1.002782773e+000 1.002413011e+000 
1.001726459e+000 1.002273770e+000 
1.002026658e+000 1.002311185e+000 
1.001919944e+000 1.002306042e+000 
1.001237485e+000 1.002105420e+000 
1.001540352e+000 1.002205703e+000 
1.001617698e+000 1.002239521e+000 
1.001888129e+000 1.002304694e+000 
1.001803926e+000 1.002301814e+000 
1.001680665e+000 1.002272695e+000 
1.001977692e+000 1.002309380e+000 
1.001644655e+000 1.002239966e+000 
1.002012560e+000 1.002311027e+000 
1.002118164e+000 1.002339860e+000 
1.002707321e+000 1.002411178e+000 
1.002159054e+000 1.002341626e+000 
1.001560452e+000 1.002237085e+000 
1.001839164e+000 1.002302889e+000 
1.001327675e+000 1.002162820e+000 
1.002502838e+000 1.002378940e+000 
1.001942455e+000 1.002308305e+000 
1.002047109e+000 1.002337424e+000 
1.002390893e+000 1.002374738e+000 
1.001292438e+000 1.002161746e+000 
1.002706222e+000 1.002410348e+000 
1.045323671e+000 1.387897516e+000 
1.032474559e+000 1.221883033e+000 
1.031977577e+000 1.221133646e+000 
1.033405979e+000 1.225583107e+000 
1.032865224e+000 1.223890802e+000 
1.032162334e+000 1.221846148e+000 
1.031369062e+000 1.219420158e+000 
1.037082498e+000 1.233674200e+000 
1.036471103e+000 1.232562610e+000 
1.030838387e+000 1.217140754e+000 
1.003092289e+000 1.005895408e+000 
1.004064954e+000 1.006315603e+000 
1.004306662e+000 1.006333718e+000 
1.004810817e+000 1.006471065e+000 
1.003857819e+000 1.006223823e+000 
1.003469335e+000 1.006057140e+000 
1.003993905e+000 1.006302769e+000 
1.006364554e+000 1.006836379e+000 
1.002873005e+000 1.005718703e+000 
1.003785340e+000 1.006213192e+000 
1.003479635e+000 1.006129521e+000 
1.003928868e+000 1.006236658e+000 
1.004332346e+000 1.006338301e+000 
1.005843843e+000 1.006679868e+000 
1.006107954e+000 1.006755021e+000 
1.004407098e+000 1.006390841e+000 
1.003319660e+000 1.005984897e+000 
1.003617670e+000 1.006142554e+000 
1.003710587e+000 1.006160652e+000 
1.004379142e+000 1.006344348e+000 
1.003397543e+000 1.006054761e+000 
1.003546621e+000 1.006129719e+000 
1.005579600e+000 1.006608820e+000 
1.003279927e+000 1.005967337e+000 
1.003025304e+000 1.005895210e+000 
1.004479577e+000 1.006401472e+000 
1.005347494e+000 1.006584810e+000 
1.002943409e+000 1.005793041e+000 
1.005204195e+000 1.006527295e+000 
1.006069564e+000 1.006735446e+000 
1.005504984e+000 1.006605364e+000 
1.005722900e+000 1.006666334e+000 
1.005700120e+000 1.006612114e+000 
1.005981218e+000 1.006684532e+000 
1.005447383e+000 1.006596816e+000 
1.002810208e+000 1.005706315e+000 
1.002957878e+000 1.005810601e+000 
1.004655571e+000 1.006421141e+000 
1.003020525e+000 1.005866551e+000 
1.003590641e+000 1.006136561e+000 
1.006299022e+000 1.006757508e+000 
1.003882526e+000 1.006225893e+000 
1.003188720e+000 1.005956944e+000 
1.004579466e+000 1.006413722e+000 
1.004158077e+000 1.006315668e+000 
1.005897404e+000 1.006681796e+000 
1.004230557e+000 1.006326298e+000 
1.004506986e+000 1.006403091e+000 
1.005038498e+000 1.006510060e+000 
1.003393377e+000 1.005989736e+000 
1.005265319e+000 1.006572983e+000 
1.005413904e+000 1.006591584e+000 
1.004889913e+000 1.006491459e+000 
1.048813012e+000 1.520934225e+000 
1.049397490e+000 1.522613034e+000 
1.046014245e+000 1.511891230e+000 
1.063601003e+000 1.554777609e+000 
1.069406508e+000 1.564730785e+000 
1.054914363e+000 1.536421445e+000 
1.057179581e+000 1.541122456e+000 
1.063787727e+000 1.555047953e+000 
1.067462966e+000 1.561907418e+000 
1.085235898e+000 1.589095952e+000 
1.057586366e+000 1.542382868e+000 
1.006550516e+000 1.011285285e+000 
1.006818722e+000 1.011483835e+000 
1.006761383e+000 1.011400426e+000 
1.443512378e+000 1.884707143e+000 
1.443590187e+000 1.885139080e+000 
1.599523945e+000 1.962601310e+000 
1.449029965e+000 1.890389232e+000 
1.530052786e+000 1.936755516e+000 
1.512958835e+000 1.927756670e+000 
1.635535148e+000 1.972626281e+000 
1.413468959e+000 1.849665151e+000 
1.412275650e+000 1.849196099e+000 
1.614274556e+000 1.967490790e+000 
1.529904488e+000 1.936525613e+000 
1.448453670e+000 1.887822196e+000 
1.627086557e+000 1.970204219e+000 
1.413696855e+000 1.850705624e+000 
1.600498813e+000 1.962868539e+000 
1.521243789e+000 1.932542585e+000 
1.467298007e+000 1.901321741e+000 
1.528457527e+000 1.935935822e+000 
1.527813118e+000 1.935261619e+000 
1.627785218e+000 1.971102027e+000 
1.460667696e+000 1.897911447e+000 
1.616756597e+000 1.968113689e+000 
1.558278762e+000 1.947637800e+000 
1.465488340e+000 1.900268768e+000 
1.631782533e+000 1.972215038e+000 
1.627472952e+000 1.970283813e+000 
1.578802603e+000 1.956128518e+000 
1.555976489e+000 1.946363482e+000 
1.573321954e+000 1.953671804e+000 
1.584562768e+000 1.957774168e+000 
1.412216958e+000 1.847015346e+000 
1.455478859e+000 1.893349680e+000 
1.587904140e+000 1.959422697e+000 
1.585751738e+000 1.958855280e+000 
1.443364641e+000 1.883898291e+000 
1.420905383e+000 1.862145780e+000 
1.422895013e+000 1.864000875e+000 
1.446758724e+000 1.887634221e+000 
1.584639078e+000 1.957877626e+000 
1.424253869e+000 1.865366792e+000 
1.586829815e+000 1.959122758e+000 
1.425933083e+000 1.868826896e+000 
1.600967649e+000 1.963414924e+000 
1.457051560e+000 1.894409923e+000 
1.451667826e+000 1.892374773e+000 
1.415036299e+000 1.851522720e+000 
1.445093864e+000 1.887203409e+000 
1.449809733e+000 1.891280125e+000 
1.448768679e+000 1.889218459e+000 
1.420771310e+000 1.861312641e+000 
1.605521760e+000 1.965216287e+000 
1.414357743e+000 1.851192348e+000 
1.420076587e+000 1.861038982e+000 
1.540291892e+000 1.941026317e+000 
1.421819972e+000 1.862545044e+000 
1.422944397e+000 1.864676317e+000 
1.538201473e+000 1.940405850e+000 
1.424400196e+000 1.867022921e+000 
1.441496030e+000 1.883436458e+000 
1.573787181e+000 1.954014356e+000 
1.574555144e+000 1.954533127e+000 
1.426692466e+000 1.869859642e+000 
1.456305047e+000 1.893369940e+000 
1.429862120e+000 1.872801123e+000 
1.427127001e+000 1.871140537e+000 
1.575572002e+000 1.955528092e+000 
1.556268514e+000 1.947042277e+000 
1.428055073e+000 1.872206070e+000 
1.427934472e+000 1.872048796e+000 
1.550666926e+000 1.944949066e+000 
1.574705617e+000 1.954917817e+000 
1.500137227e+000 1.920093865e+000 
1.536459665e+000 1.939700201e+000 
1.432968996e+000 1.874913483e+000 
1.457003686e+000 1.894367245e+000 
1.430243600e+000 1.873362962e+000 
1.436476822e+000 1.879709057e+000 
1.575556134e+000 1.954936492e+000 
1.462834112e+000 1.898976552e+000 
1.466105322e+000 1.900960354e+000 
1.419523926e+000 1.857471983e+000 
1.436669018e+000 1.879942126e+000 
1.435214872e+000 1.876831920e+000 
1.419137635e+000 1.857384824e+000 
1.433125896e+000 1.875763595e+000 
1.437805788e+000 1.880591894e+000 
1.433635018e+000 1.876747837e+000 
1.438709231e+000 1.881199573e+000 
1.435872162e+000 1.879676272e+000 
1.618877806e+000 1.968820903e+000 
1.460174910e+000 1.896872872e+000 
1.447971377e+000 1.887696861e+000 
1.552017116e+000 1.945385552e+000 
1.441026401e+000 1.883347466e+000 
1.502860360e+000 1.922063785e+000 
1.513820197e+000 1.928003870e+000 
1.439736584e+000 1.882562518e+000 
1.647164041e+000 1.974569250e+000 
1.505732405e+000 1.923865419e+000 
1.464761668e+000 1.899245905e+000 
1.640848029e+000 1.973260042e+000 
1.509642573e+000 1.927209353e+000 
1.647400638e+000 1.974779654e+000 
1.504371200e+000 1.923435996e+000 
1.508165965e+000 1.924772848e+000 
1.588493846e+000 1.959460640e+000 
1.519822095e+000 1.932162049e+000 
1.442227063e+000 1.883843312e+000 
1.525444897e+000 1.933753209e+000 
1.587441064e+000 1.959314663e+000 
1.457503570e+000 1.895145096e+000 
1.440815158e+000 1.882781741e+000 
1.505629312e+000 1.923717233e+000 
1.498255138e+000 1.919580295e+000 
1.503245189e+000 1.922718482e+000 
1.503280271e+000 1.923041803e+000 
1.444710472e+000 1.886087592e+000 
1.497225029e+000 1.919126980e+000 
1.459359664e+000 1.896251217e+000 
1.501291416e+000 1.921580713e+000 
1.622921474e+000 1.969542277e+000 
1.565945302e+000 1.951310378e+000 
1.572039939e+000 1.953526210e+000 
1.615112771e+000 1.967809165e+000 
1.526392147e+000 1.934943292e+000 
1.529160771e+000 1.936427463e+000 
1.533677775e+000 1.938487135e+000 
1.532074208e+000 1.938141498e+000 
1.492805932e+000 1.916639535e+000 
1.490145419e+000 1.915343580e+000 
1.517337879e+000 1.930205558e+000 
1.492645982e+000 1.916256930e+000 
1.520638379e+000 1.932485407e+000 
1.521963403e+000 1.933036872e+000 
1.491465164e+000 1.915803020e+000 
1.476754735e+000 1.907148536e+000 
1.518814190e+000 1.930764971e+000 
1.563214089e+000 1.949391010e+000 
1.643148971e+000 1.973414448e+000 
1.481191616e+000 1.911276693e+000 
1.482901208e+000 1.911692608e+000 
1.478880704e+000 1.908855655e+000 
1.472045719e+000 1.904357755e+000 
1.479915717e+000 1.909472189e+000 
1.478712351e+000 1.908774752e+000 
1.480315170e+000 1.910113052e+000 
1.486624436e+000 1.913383584e+000 
1.494539527e+000 1.917446230e+000 
1.485671228e+000 1.912443569e+000 
1.627783778e+000 1.970456015e+000 
1.570123100e+000 1.952707984e+000 
1.570607940e+000 1.953408644e+000 
1.473334148e+000 1.904647640e+000 
1.470337301e+000 1.903229034e+000 
1.468967587e+000 1.902140293e+000 
1.513444876e+000 1.927915967e+000 
1.514569809e+000 1.928600263e+000 
1.517863605e+000 1.930216901e+000 
1.473906490e+000 1.905581844e+000 
1.477998182e+000 1.908119491e+000 
1.579805328e+000 1.957180626e+000 
1.475473851e+000 1.906274313e+000 
1.581751133e+000 1.957666558e+000 
1.589030316e+000 1.960169749e+000 
1.585892462e+000 1.958857791e+000 
1.602277054e+000 1.964549729e+000 
1.594503164e+000 1.962218313e+000 
1.548415484e+000 1.944457843e+000 
1.601027515e+000 1.964236799e+000 
1.616114336e+000 1.967840794e+000 
1.553293568e+000 1.946316325e+000 
1.552352909e+000 1.945884598e+000 
1.611055575e+000 1.966791757e+000 
1.545641714e+000 1.943676349e+000 
1.564640126e+000 1.950834052e+000 
1.611168713e+000 1.967149957e+000 
1.608357732e+000 1.966397710e+000 
1.595388321e+000 1.962394616e+000 
1.543053227e+000 1.942063733e+000 
1.591847754e+000 1.961234589e+000 
1.541489887e+000 1.941541492e+000 
1.543872967e+000 1.942769334e+000 
1.606190693e+000 1.965322625e+000 
1.559901009e+000 1.948950048e+000 
1.563251467e+000 1.950107471e+000 
1.558475872e+000 1.948110989e+000 
1.566799097e+000 1.951666282e+000 
1.660799075e+000 1.977954810e+000 
1.560688186e+000 1.949197785e+000 
1.618859489e+000 1.968577087e+000 
1.660119500e+000 1.977942795e+000 
1.638267910e+000 1.972777677e+000 
1.651762918e+000 1.975732902e+000 
1.569011319e+000 1.952249698e+000 
1.656562438e+000 1.976945493e+000 
1.642398360e+000 1.973354599e+000 
1.597052765e+000 1.962484501e+000 
1.597778826e+000 1.962569552e+000 
1.624351763e+000 1.969988131e+000 
1.659165340e+000 1.977293971e+000 
1.803367850e+000 1.994732888e+000 
1.764541122e+000 1.992910066e+000 
1.852037498e+000 1.998224411e+000 
1.763755513e+000 1.991547131e+000 
1.809153095e+000 1.995241882e+000 
1.873763457e+000 1.999942885e+000 
1.747517729e+000 1.990301828e+000 
1.875062640e+000 2.000000000e+000 
1.874966267e+000 1.999969897e+000 
1.810518511e+000 1.996088406e+000 
1.800353943e+000 1.994706296e+000 
1.825643873e+000 1.996121176e+000 
1.807383336e+000 1.995094109e+000 
1.804258029e+000 1.994862604e+000 
1.827904034e+000 1.996843642e+000 
1.828124098e+000 1.996981629e+000 
1.776802773e+000 1.993555044e+000 
1.777244745e+000 1.993856063e+000 
1.776101422e+000 1.993490059e+000 
1.687408997e+000 1.982388961e+000 
1.684920697e+000 1.982152187e+000 
1.873620065e+000 1.999885389e+000 
1.777944709e+000 1.994100293e+000 
1.856610573e+000 1.998914066e+000 
1.683194526e+000 1.981869877e+000 
1.688047415e+000 1.983023839e+000 
1.838670974e+000 1.997631305e+000 
1.682795221e+000 1.981848884e+000 
1.834937254e+000 1.997500020e+000 
1.838045631e+000 1.997614968e+000 
1.853165860e+000 1.998552402e+000 
1.855202266e+000 1.998796032e+000 
1.871492193e+000 1.999724839e+000 
1.853626055e+000 1.998753357e+000 
1.862807467e+000 1.999676857e+000 
1.415428649e+000 1.851923551e+000 
1.417470729e+000 1.856132495e+000 
1.415939602e+000 1.855478456e+000 
1.417647422e+000 1.856190838e+000 
1.416435924e+000 1.855544439e+000 
1.809706132e+000 1.995566512e+000 
1.757633853e+000 1.991047942e+000 
1.859287017e+000 1.998989893e+000 
1.861596406e+000 1.999062781e+000 
1.833635465e+000 1.996982023e+000 
1.751598495e+000 1.990525081e+000 
1.797627766e+000 1.994211269e+000 
1.726341121e+000 1.988707277e+000 
1.725241792e+000 1.988661204e+000 
1.847936827e+000 1.998086696e+000 
1.840298905e+000 1.997912349e+000 
1.838948885e+000 1.997896815e+000 
1.759173397e+000 1.991533927e+000 
1.667005794e+000 1.978611766e+000 
1.719997215e+000 1.987622796e+000 
1.687609723e+000 1.982639836e+000 
1.688845247e+000 1.983415833e+000 
1.700520873e+000 1.985918646e+000 
1.737676541e+000 1.989936249e+000 
1.661012707e+000 1.978550887e+000 
1.723020754e+000 1.988486785e+000 
1.734518565e+000 1.989741055e+000 
1.733737692e+000 1.989642698e+000 
1.730650310e+000 1.989378821e+000 
1.730197198e+000 1.989327314e+000 
1.671378245e+000 1.980230334e+000 
1.671343654e+000 1.979914149e+000 
1.756015356e+000 1.990901912e+000 
1.757472802e+000 1.990994577e+000 
1.696348514e+000 1.984870347e+000 
1.678359479e+000 1.981475177e+000 
1.674581171e+000 1.981028700e+000 
1.676718855e+000 1.981470994e+000 
1.667166763e+000 1.979295159e+000 
1.750674587e+000 1.990348114e+000 
1.659554866e+000 1.977665291e+000 
1.652830884e+000 1.976632427e+000 
1.708053815e+000 1.986355934e+000 
1.713190498e+000 1.987193176e+000 
1.682780817e+000 1.981828251e+000 
1.712328006e+000 1.986875069e+000 
1.712438978e+000 1.986961412e+000 
1.651299089e+000 1.975533170e+000 
1.645583035e+000 1.973962092e+000 
1.654318458e+000 1.976658382e+000 
1.744667061e+000 1.989988296e+000 
1.711989216e+000 1.986746782e+000 
1.701847929e+000 1.985946418e+000 
1.704527934e+000 1.986279571e+000 
1.798095260e+000 1.994355268e+000 
1.697915371e+000 1.985015358e+000 
1.692373462e+000 1.983987243e+000 
1.695061632e+000 1.984446717e+000 
1.689516349e+000 1.983645707e+000 

