1.044459921e+000 1.041850753e+000 
1.046670126e+000 1.043257336e+000 
1.062373041e+000 1.049562996e+000 
1.045792184e+000 1.042774393e+000 
1.046287600e+000 1.042932628e+000 
1.047679295e+000 1.043782235e+000 
1.047603928e+000 1.043609842e+000 
1.051898822e+000 1.045154049e+000 
1.047883383e+000 1.043886490e+000 
1.048148816e+000 1.043961592e+000 
1.053464521e+000 1.046190565e+000 
1.043711300e+000 1.041332617e+000 
1.045067786e+000 1.042351856e+000 
1.053139261e+000 1.046120784e+000 
1.052495940e+000 1.045815639e+000 
1.070667872e+000 1.052130083e+000 
1.072587722e+000 1.052770736e+000 
1.058604140e+000 1.048248312e+000 
1.070508742e+000 1.052076621e+000 
1.064723949e+000 1.050239004e+000 
1.047152934e+000 1.043428867e+000 
1.064106690e+000 1.050233220e+000 
1.074814782e+000 1.053360916e+000 
1.056652558e+000 1.047493645e+000 
1.058499246e+000 1.048201143e+000 
1.047493466e+000 1.043581204e+000 
1.043751754e+000 1.041352955e+000 
1.073697089e+000 1.053052072e+000 
1.048716363e+000 1.044053552e+000 
1.059726067e+000 1.048609435e+000 
1.070215368e+000 1.052027847e+000 
1.069766034e+000 1.051873267e+000 
1.056509947e+000 1.047474354e+000 
1.063440114e+000 1.049900656e+000 
1.061576273e+000 1.049088332e+000 
1.061064021e+000 1.048959263e+000 
1.058303886e+000 1.048117539e+000 
1.045653625e+000 1.042561254e+000 
1.066685375e+000 1.050997937e+000 
1.071020954e+000 1.052247418e+000 
1.054363132e+000 1.046578601e+000 
1.065336379e+000 1.050548630e+000 
1.052705658e+000 1.045869837e+000 
1.057607339e+000 1.047860125e+000 
1.054727509e+000 1.046716412e+000 
1.078217037e+000 1.133858901e+000 
1.013125544e+000 1.003930649e+000 
1.013356198e+000 1.003990191e+000 
1.013289329e+000 1.003972635e+000 
1.016784466e+000 1.004416896e+000 
1.013230524e+000 1.003945583e+000 
1.015585599e+000 1.004280049e+000 
1.019242801e+000 1.004641801e+000 
1.015233648e+000 1.004237578e+000 
1.020297761e+000 1.004748357e+000 
1.013838682e+000 1.004053800e+000 
1.020078344e+000 1.004735321e+000 
1.014339651e+000 1.004135229e+000 
1.014402837e+000 1.004143606e+000 
1.019429106e+000 1.004664471e+000 
1.020181151e+000 1.004744010e+000 
1.015970213e+000 1.004320435e+000 
1.015769455e+000 1.004300837e+000 
1.015471391e+000 1.004259996e+000 
1.015453422e+000 1.004256580e+000 
1.016027394e+000 1.004326672e+000 
1.019342245e+000 1.004646148e+000 
1.015249790e+000 1.004240322e+000 
1.015723890e+000 1.004297668e+000 
1.016951078e+000 1.004427644e+000 
1.018468327e+000 1.004575770e+000 
1.018628612e+000 1.004581754e+000 
1.019109576e+000 1.004630433e+000 
1.018208944e+000 1.004559390e+000 
1.084606434e+000 1.892884836e+000 
1.083688963e+000 1.892612804e+000 
1.082032630e+000 1.891073337e+000 
1.086348517e+000 1.894404122e+000 
1.097699768e+000 1.902012191e+000 
1.084763208e+000 1.893314074e+000 
1.115343945e+000 1.910892603e+000 
1.262863284e+000 1.946877959e+000 
1.193697317e+000 1.933787423e+000 
1.207426119e+000 1.936834578e+000 
1.116654305e+000 1.911548385e+000 
1.080427966e+000 1.889456883e+000 
1.122783863e+000 1.913700802e+000 
1.176967095e+000 1.929913006e+000 
1.081721955e+000 1.890872430e+000 
1.084863710e+000 1.893415210e+000 
1.082312482e+000 1.891262419e+000 
1.082173428e+000 1.891191669e+000 
1.097356230e+000 1.901899904e+000 
1.104770265e+000 1.905988302e+000 
1.124942629e+000 1.914229110e+000 
1.221022959e+000 1.939317521e+000 
1.219842387e+000 1.939199590e+000 
1.082080821e+000 1.891173057e+000 
1.116377345e+000 1.911363406e+000 
1.164372434e+000 1.926750170e+000 
1.078740914e+000 1.887651873e+000 
1.095983860e+000 1.901089579e+000 
1.120883690e+000 1.912578227e+000 
1.163122755e+000 1.926462693e+000 
1.106486972e+000 1.906631178e+000 
1.108370345e+000 1.907650763e+000 
1.241881076e+000 1.943316962e+000 
1.290658710e+000 1.951512028e+000 
1.297263070e+000 1.952393402e+000 
1.109152204e+000 1.907998254e+000 
1.221483514e+000 1.939482310e+000 
1.116339494e+000 1.911203390e+000 
1.188457572e+000 1.932701224e+000 
1.117531005e+000 1.911607189e+000 
1.115939260e+000 1.911189009e+000 
1.290517941e+000 1.951255861e+000 
1.088214798e+000 1.895891171e+000 
1.115620905e+000 1.911077582e+000 
1.257688665e+000 1.946262626e+000 
1.085449331e+000 1.893937285e+000 
1.118333018e+000 1.912081618e+000 
1.120040362e+000 1.912429976e+000 
1.090281272e+000 1.897203103e+000 
1.114069384e+000 1.910309702e+000 
1.080211474e+000 1.889385811e+000 
1.153324828e+000 1.923373654e+000 
1.246848466e+000 1.944428503e+000 
1.245104924e+000 1.944101345e+000 
1.093144405e+000 1.899251070e+000 
1.159731506e+000 1.925721299e+000 
1.155536261e+000 1.923851074e+000 
1.087006231e+000 1.894969034e+000 
1.342314992e+000 1.957787762e+000 
1.092614064e+000 1.898986381e+000 
1.082494728e+000 1.891436642e+000 
1.299278048e+000 1.952842576e+000 
1.081048508e+000 1.890270170e+000 
1.105730216e+000 1.906446814e+000 
1.088599674e+000 1.895958991e+000 
1.093166921e+000 1.899293009e+000 
1.232544061e+000 1.941770356e+000 
1.117121849e+000 1.911584403e+000 
1.126145616e+000 1.915074271e+000 
1.081720254e+000 1.890857053e+000 
1.233079273e+000 1.942005652e+000 
1.101005658e+000 1.903999315e+000 
1.092515348e+000 1.898926531e+000 
1.096713395e+000 1.901651273e+000 
1.140523949e+000 1.919648681e+000 
1.091279703e+000 1.897880873e+000 
1.102396317e+000 1.904674414e+000 
1.147007739e+000 1.921655330e+000 
1.132445163e+000 1.917035092e+000 
1.081958801e+000 1.891029555e+000 
1.101680978e+000 1.904310492e+000 
1.136204083e+000 1.918262279e+000 
1.297787388e+000 1.952609173e+000 
1.087738365e+000 1.895377912e+000 
1.115053573e+000 1.910695441e+000 
1.085900331e+000 1.894168754e+000 
1.111832149e+000 1.909297346e+000 
1.209431355e+000 1.937256934e+000 
1.091091005e+000 1.897699100e+000 
1.150535389e+000 1.922546680e+000 
1.150625353e+000 1.922704674e+000 
1.101236798e+000 1.904085476e+000 
1.101946295e+000 1.904440488e+000 
1.145755984e+000 1.921389925e+000 
1.155663923e+000 1.924351369e+000 
1.234714413e+000 1.942329802e+000 
1.151645975e+000 1.923138338e+000 
1.152928949e+000 1.923339356e+000 
1.296906048e+000 1.952341441e+000 
1.214881696e+000 1.938103171e+000 
1.149526351e+000 1.922380982e+000 
1.228534714e+000 1.941085318e+000 
1.331713580e+000 1.956357952e+000 
1.270094328e+000 1.948190691e+000 
1.301936925e+000 1.953348548e+000 
1.333998426e+000 1.957239620e+000 
1.130307450e+000 1.916455122e+000 
1.249148673e+000 1.944816655e+000 
1.266345279e+000 1.947428009e+000 
1.252070681e+000 1.945410873e+000 
1.250841151e+000 1.945191978e+000 
1.288650079e+000 1.951037698e+000 
1.285728742e+000 1.950708407e+000 
1.363478460e+000 1.960464525e+000 
1.361957319e+000 1.960169559e+000 
1.363454671e+000 1.960191278e+000 
1.140077254e+000 1.919582496e+000 
1.108112042e+000 1.907527005e+000 
1.109226402e+000 1.908032122e+000 
1.185407165e+000 1.932090850e+000 
1.179458281e+000 1.930692220e+000 
1.271321769e+000 1.948532604e+000 
1.189062581e+000 1.933025771e+000 
1.367073915e+000 1.960470611e+000 
1.368118878e+000 1.960952017e+000 
1.184863938e+000 1.932002120e+000 
1.153699170e+000 1.923760530e+000 
1.338754910e+000 1.957691295e+000 
1.129125269e+000 1.916081816e+000 
1.346513154e+000 1.958398276e+000 
1.145103899e+000 1.921162899e+000 
1.170230392e+000 1.928427127e+000 
1.339677733e+000 1.957710042e+000 
1.305232784e+000 1.954029452e+000 
1.270627487e+000 1.948241114e+000 
1.133958782e+000 1.917522061e+000 
1.265262659e+000 1.947201579e+000 
1.126246923e+000 1.915086014e+000 
1.189952444e+000 1.933344373e+000 
1.224306480e+000 1.940328776e+000 
1.276944200e+000 1.949703368e+000 
1.198553153e+000 1.935201427e+000 
1.173138658e+000 1.929138791e+000 
1.136125183e+000 1.918120786e+000 
1.197629475e+000 1.934830961e+000 
1.201152537e+000 1.935671595e+000 
1.140680676e+000 1.919777248e+000 
1.154511870e+000 1.923841427e+000 
1.153284361e+000 1.923344401e+000 
1.222967965e+000 1.940083007e+000 
1.191733219e+000 1.933784498e+000 
1.260539613e+000 1.946697730e+000 
1.258845147e+000 1.946456605e+000 
1.218915897e+000 1.939034515e+000 
1.156667242e+000 1.924637255e+000 
1.168993514e+000 1.928134572e+000 
1.136914444e+000 1.918444870e+000 
1.189947550e+000 1.933265145e+000 
1.348880627e+000 1.958463715e+000 
1.323741519e+000 1.956147096e+000 
1.321514901e+000 1.955858824e+000 
1.186019958e+000 1.932276691e+000 
1.125089072e+000 1.914565244e+000 
1.190278806e+000 1.933442371e+000 
1.179247968e+000 1.930573555e+000 
1.221542116e+000 1.939803143e+000 
1.161422905e+000 1.926009989e+000 
1.184011822e+000 1.931718723e+000 
1.182568501e+000 1.931391780e+000 
1.199171763e+000 1.935372029e+000 
1.167389319e+000 1.927686370e+000 
1.217720522e+000 1.938761422e+000 
1.196721011e+000 1.934741761e+000 
1.162420863e+000 1.926258854e+000 
1.235247460e+000 1.942388637e+000 
1.224398440e+000 1.940415842e+000 
1.320670965e+000 1.955369990e+000 
1.319371614e+000 1.955229630e+000 
1.332149590e+000 1.956734337e+000 
1.299927927e+000 1.952896256e+000 
1.313841958e+000 1.954567231e+000 
1.254327016e+000 1.945542496e+000 
1.256615801e+000 1.946214110e+000 
1.317822491e+000 1.954767505e+000 
1.213996526e+000 1.938097332e+000 
1.353215749e+000 1.958899997e+000 
1.239678091e+000 1.943183182e+000 
1.247957387e+000 1.944630271e+000 
1.213666618e+000 1.937937527e+000 
1.284916874e+000 1.950492396e+000 
1.284271770e+000 1.950459922e+000 
1.000048180e+000 1.000000568e+000 
1.000082825e+000 1.000000593e+000 
1.000192241e+000 1.000005461e+000 
1.000173609e+000 1.000005414e+000 
1.000296413e+000 1.000008063e+000 
1.000277421e+000 1.000007670e+000 
1.000021492e+000 1.000000280e+000 
9.999999986e-001 1.000000000e+000 
1.056240833e+000 1.046840329e+000 
1.068953297e+000 1.051468949e+000 
1.051455692e+000 1.044450292e+000 
1.063380279e+000 1.049801397e+000 
1.060808148e+000 1.048822746e+000 
1.071860717e+000 1.052418022e+000 
1.074482391e+000 1.053193005e+000 
1.065271922e+000 1.050398810e+000 
1.066385502e+000 1.050646441e+000 
1.064868021e+000 1.050257054e+000 
1.025016456e+000 1.012025241e+000 
1.021634423e+000 1.011254065e+000 
1.025481959e+000 1.012159807e+000 
1.020889923e+000 1.011062293e+000 
1.026037828e+000 1.012253764e+000 
1.022937237e+000 1.011592980e+000 
1.020544218e+000 1.010903522e+000 
1.020630030e+000 1.010954566e+000 
1.022844304e+000 1.011585373e+000 
1.024047434e+000 1.011858852e+000 
1.024657670e+000 1.011989783e+000 
1.025323690e+000 1.012129193e+000 
1.024773370e+000 1.012000185e+000 
1.023124294e+000 1.011654184e+000 
1.022798374e+000 1.011583161e+000 
1.024361382e+000 1.011927465e+000 
1.024920757e+000 1.012014377e+000 
1.023503087e+000 1.011718828e+000 
1.022415833e+000 1.011481591e+000 
1.021922537e+000 1.011316614e+000 
1.028013150e+000 1.017238870e+000 
1.035314582e+000 1.019787956e+000 
1.036103951e+000 1.020037914e+000 
1.027081741e+000 1.016830868e+000 
1.030439534e+000 1.018165631e+000 
1.036940556e+000 1.020176300e+000 
1.026401528e+000 1.016511654e+000 
1.035722565e+000 1.019882730e+000 
1.035850192e+000 1.019944581e+000 
1.034554449e+000 1.019539586e+000 
1.041613376e+000 1.021434336e+000 
1.028927616e+000 1.017668105e+000 
1.029507503e+000 1.017885392e+000 
1.031085219e+000 1.018428658e+000 
1.038879190e+000 1.020678957e+000 
1.030455992e+000 1.018213108e+000 
1.041425178e+000 1.021434133e+000 
1.041104678e+000 1.021325379e+000 
1.028038991e+000 1.017266665e+000 
1.042954113e+000 1.021700225e+000 
1.033562890e+000 1.019239934e+000 
1.041081612e+000 1.021317189e+000 
1.000525219e+000 1.000089323e+000 
1.000584165e+000 1.000093734e+000 
1.000632694e+000 1.000094048e+000 
1.001568435e+000 1.000113937e+000 
1.002447600e+000 1.000123935e+000 
1.002639386e+000 1.000124859e+000 
1.002224480e+000 1.000121809e+000 
1.001720557e+000 1.000115972e+000 
1.000946867e+000 1.000104170e+000 
1.000770579e+000 1.000099074e+000 
1.001876408e+000 1.000117156e+000 
1.000653956e+000 1.000094095e+000 
1.000899610e+000 1.000103349e+000 
1.001891780e+000 1.000117354e+000 
1.001539981e+000 1.000113551e+000 
1.001775411e+000 1.000116992e+000 
1.002043903e+000 1.000119388e+000 
1.000710900e+000 1.000096950e+000 
1.000876024e+000 1.000101915e+000 
1.002821936e+000 1.000125646e+000 
1.002193025e+000 1.000119977e+000 
1.001695831e+000 1.000114735e+000 
1.003056485e+000 1.000127869e+000 
1.002753193e+000 1.000125645e+000 
1.000980997e+000 1.000104472e+000 
1.001203992e+000 1.000108887e+000 
1.001387858e+000 1.000111517e+000 
1.000573015e+000 1.000091924e+000 
1.000536601e+000 1.000091611e+000 
1.001026447e+000 1.000106425e+000 
1.001491242e+000 1.000112302e+000 
1.001516878e+000 1.000112304e+000 
1.002072357e+000 1.000119774e+000 
1.002028531e+000 1.000119191e+000 
1.001308278e+000 1.000109260e+000 
1.001452365e+000 1.000111875e+000 
1.002673512e+000 1.000125019e+000 
1.001904431e+000 1.000117777e+000 
1.002611071e+000 1.000124717e+000 
1.000688885e+000 1.000096649e+000 
1.000744814e+000 1.000098772e+000 
1.000513104e+000 1.000089322e+000 
1.000828767e+000 1.000101096e+000 
1.000476690e+000 1.000089009e+000 
1.000736449e+000 1.000098771e+000 
1.001333011e+000 1.000109673e+000 
1.001100805e+000 1.000106785e+000 
1.002295477e+000 1.000121902e+000 
1.002396043e+000 1.000122301e+000 
1.002218285e+000 1.000120266e+000 
1.000488805e+000 1.000089011e+000 
1.000384910e+000 1.000079844e+000 
1.000357000e+000 1.000079530e+000 
1.000411970e+000 1.000082123e+000 
1.000384060e+000 1.000079534e+000 
1.000548716e+000 1.000091613e+000 
1.000688278e+000 1.000096648e+000 
1.000424330e+000 1.000083883e+000 
1.000467710e+000 1.000086351e+000 
1.003031264e+000 1.000126505e+000 
1.002688249e+000 1.000125020e+000 
1.004407789e+000 1.000736244e+000 
1.003751367e+000 1.000695184e+000 
1.005105517e+000 1.000762236e+000 
1.005468368e+000 1.000772454e+000 
1.005836199e+000 1.000781786e+000 
1.008317570e+000 1.000837593e+000 
1.005637782e+000 1.000780050e+000 
1.003570908e+000 1.000677715e+000 
1.003818598e+000 1.000702974e+000 
1.005507950e+000 1.000772757e+000 
1.004849885e+000 1.000755112e+000 
1.007044555e+000 1.000816264e+000 
1.003508225e+000 1.000675460e+000 
1.003691119e+000 1.000686744e+000 
1.003716066e+000 1.000693240e+000 
1.003846239e+000 1.000703287e+000 
1.008036238e+000 1.000836339e+000 
1.006896981e+000 1.000814411e+000 
1.005197233e+000 1.000770838e+000 
1.004914016e+000 1.000761933e+000 
1.007975653e+000 1.000836272e+000 
1.008485555e+000 1.000845428e+000 
1.006810395e+000 1.000809531e+000 
1.008881197e+000 1.000850028e+000 
1.004548919e+000 1.000744237e+000 
1.004953598e+000 1.000762229e+000 
1.009683355e+000 1.000863406e+000 
1.009564936e+000 1.000862393e+000 
1.004162827e+000 1.000720099e+000 
1.010275250e+000 1.000871424e+000 
1.003628177e+000 1.000684486e+000 
1.005388734e+000 1.000771144e+000 
1.006445011e+000 1.000800512e+000 
1.003352892e+000 1.000661556e+000 
1.003977996e+000 1.000711987e+000 
1.009517764e+000 1.000862341e+000 
1.009507882e+000 1.000855603e+000 
1.009110986e+000 1.000854211e+000 
1.005488960e+000 1.000772653e+000 
1.008383441e+000 1.000844971e+000 
1.007958566e+000 1.000836172e+000 
1.003663477e+000 1.000686430e+000 
1.003374313e+000 1.000661883e+000 
1.003910765e+000 1.000704202e+000 
1.004700838e+000 1.000744244e+000 
1.006157745e+000 1.000791775e+000 
1.005185151e+000 1.000763542e+000 
1.004060823e+000 1.000712297e+000 
1.007425555e+000 1.000825382e+000 
1.006837096e+000 1.000809742e+000 
1.009510974e+000 1.000855725e+000 
1.003426868e+000 1.000669045e+000 
1.005583313e+000 1.000777567e+000 
1.003695407e+000 1.000692273e+000 
1.003730708e+000 1.000694209e+000 
1.005911561e+000 1.000786597e+000 
1.006679171e+000 1.000807254e+000 
1.008775165e+000 1.000846591e+000 
1.007930083e+000 1.000832348e+000 
1.006930815e+000 1.000814559e+000 
1.009919327e+000 1.000864542e+000 
1.009885494e+000 1.000864344e+000 
1.005768634e+000 1.000781612e+000 
1.007648611e+000 1.000827247e+000 
1.009407600e+000 1.000855361e+000 
1.008218373e+000 1.000836795e+000 
1.007583206e+000 1.000826075e+000 
1.006732924e+000 1.000808213e+000 
1.007721972e+000 1.000831777e+000 
1.006106360e+000 1.000788635e+000 
1.007259064e+000 1.000823583e+000 
1.007688138e+000 1.000831629e+000 
1.007225230e+000 1.000823449e+000 
1.005863140e+000 1.000783088e+000 
1.006218731e+000 1.000793921e+000 
1.007083003e+000 1.000816704e+000 
1.004298701e+000 1.000723415e+000 
1.006225791e+000 1.000796007e+000 
1.006507629e+000 1.000803641e+000 
1.006312475e+000 1.000797531e+000 
1.011871154e+000 1.000890687e+000 
1.011712615e+000 1.000885264e+000 
1.011080710e+000 1.000876532e+000 
1.011551949e+000 1.000885225e+000 
1.011108694e+000 1.000876533e+000 
1.012282726e+000 1.000893287e+000 
1.012263195e+000 1.000893007e+000 
1.012107031e+000 1.000892838e+000 
1.010987484e+000 1.000875877e+000 
1.010766132e+000 1.000873307e+000 
1.011478628e+000 1.000882512e+000 
1.011899138e+000 1.000890688e+000 
1.012302441e+000 1.000893593e+000 
1.011239801e+000 1.000882227e+000 
1.010889005e+000 1.000873798e+000 
1.012606792e+000 1.002639098e+000 
1.012726976e+000 1.002678478e+000 
1.012884219e+000 1.002688584e+000 
1.012442467e+000 1.002628320e+000 
1.013045710e+000 1.002723530e+000 
1.012638998e+000 1.002672282e+000 
1.012719893e+000 1.002677806e+000 
1.012850242e+000 1.002683552e+000 
1.012803323e+000 1.002683060e+000 
1.077855354e+000 1.128575393e+000 
1.077094630e+000 1.127947956e+000 
1.077834667e+000 1.128480903e+000 
1.076839432e+000 1.127700819e+000 
1.077167287e+000 1.128014050e+000 
1.077186242e+000 1.128060554e+000 
1.076458306e+000 1.127390043e+000 
1.413283038e+000 1.970335494e+000 
1.425275019e+000 1.972147518e+000 
1.425498639e+000 1.972394243e+000 
1.478729202e+000 1.980831937e+000 
1.869981864e+000 2.000000000e+000 
1.414554348e+000 1.970633699e+000 
1.480013230e+000 1.981014902e+000 
1.426931125e+000 1.972944963e+000 
1.402760480e+000 1.967796519e+000 
1.398466067e+000 1.967015320e+000 
1.442883603e+000 1.975373310e+000 
1.399055373e+000 1.967538831e+000 
1.410637802e+000 1.969926133e+000 
1.443489873e+000 1.975665148e+000 
1.424139201e+000 1.972109117e+000 
1.396646996e+000 1.966856081e+000 
1.417233909e+000 1.971261132e+000 
1.429722048e+000 1.973222448e+000 
1.467228886e+000 1.979469660e+000 
1.485080229e+000 1.981720264e+000 
1.437078992e+000 1.974598242e+000 
1.395233216e+000 1.966148000e+000 
1.395634896e+000 1.966405424e+000 
1.445125380e+000 1.975838839e+000 
1.404423790e+000 1.968100005e+000 
1.414182257e+000 1.970477479e+000 
1.415749697e+000 1.970727556e+000 
1.414011725e+000 1.970438936e+000 
1.562333299e+000 1.989675539e+000 
1.397988985e+000 1.966856110e+000 
1.561290840e+000 1.989652600e+000 
1.415947393e+000 1.971048527e+000 
1.393012379e+000 1.965788187e+000 
1.455742149e+000 1.977205551e+000 
1.392052910e+000 1.965200992e+000 
1.409609439e+000 1.969544053e+000 
1.428777335e+000 1.973091441e+000 
1.405912484e+000 1.968293556e+000 
1.422080448e+000 1.971916338e+000 
1.393395759e+000 1.965928346e+000 
1.393577403e+000 1.966073863e+000 
1.376332598e+000 1.961080194e+000 
1.391223860e+000 1.965150214e+000 
1.407535761e+000 1.968997227e+000 
1.433849309e+000 1.973808998e+000 
1.434391158e+000 1.974026306e+000 
1.409146515e+000 1.969252306e+000 
1.406158775e+000 1.968474794e+000 
1.378959404e+000 1.961568715e+000 
1.830725507e+000 1.999360201e+000 
1.434412793e+000 1.974084668e+000 
1.412687517e+000 1.970113691e+000 
1.377246958e+000 1.961367687e+000 
1.377787062e+000 1.961379908e+000 
1.430954023e+000 1.973620586e+000 
1.392209735e+000 1.965292586e+000 
1.407696781e+000 1.969152622e+000 
1.406844171e+000 1.968614511e+000 
1.376882040e+000 1.961356607e+000 
1.865579178e+000 1.999972533e+000 
1.467810740e+000 1.979486174e+000 
1.405391895e+000 1.968180568e+000 
1.806223192e+000 1.999182299e+000 
1.415708099e+000 1.970682557e+000 
1.861896427e+000 1.999943596e+000 
1.799647000e+000 1.999146740e+000 
1.405789352e+000 1.968228507e+000 
1.799157054e+000 1.999127924e+000 
1.390298771e+000 1.964767271e+000 
1.442061146e+000 1.975230810e+000 
1.505011096e+000 1.983802143e+000 
1.527498714e+000 1.986374479e+000 
1.436056647e+000 1.974140090e+000 
1.465560740e+000 1.979008661e+000 
1.403861828e+000 1.967823662e+000 
1.471320410e+000 1.979937154e+000 
1.414505426e+000 1.970570122e+000 
1.388020145e+000 1.964249092e+000 
1.442366346e+000 1.975278038e+000 
1.861013357e+000 1.999911549e+000 
1.471581838e+000 1.979944681e+000 
1.448962220e+000 1.976275119e+000 
1.423439624e+000 1.972002742e+000 
1.379673152e+000 1.962062807e+000 
1.450327186e+000 1.976548869e+000 
1.419445909e+000 1.971500512e+000 
1.419494232e+000 1.971513679e+000 
1.411168188e+000 1.969976649e+000 
1.385107439e+000 1.963388288e+000 
1.772164702e+000 1.998943361e+000 
1.418232554e+000 1.971325495e+000 
1.423053271e+000 1.971992965e+000 
1.381612022e+000 1.962449969e+000 
1.447829851e+000 1.976259206e+000 
1.445309981e+000 1.976044689e+000 
1.383717841e+000 1.962774916e+000 
1.384240224e+000 1.962941218e+000 
1.433145694e+000 1.973754638e+000 
1.441784907e+000 1.975161773e+000 
1.385960082e+000 1.963650200e+000 
1.438555438e+000 1.975114259e+000 
1.438977760e+000 1.975156478e+000 
1.431776716e+000 1.973694542e+000 
1.452469521e+000 1.977079797e+000 
1.456721425e+000 1.977739929e+000 
1.459733945e+000 1.978314307e+000 
1.389747619e+000 1.964433657e+000 
1.461851884e+000 1.978667313e+000 
1.380926696e+000 1.962288758e+000 
1.430745451e+000 1.973433856e+000 
1.453720894e+000 1.977188355e+000 
1.381600705e+000 1.962386723e+000 
1.387514710e+000 1.963717138e+000 
1.450713251e+000 1.976742583e+000 
1.387872725e+000 1.963761492e+000 
1.469505545e+000 1.979752055e+000 
1.490627306e+000 1.982306551e+000 
1.382063521e+000 1.962516851e+000 
1.490492817e+000 1.982284935e+000 
1.463887862e+000 1.978796768e+000 
1.383049410e+000 1.962589158e+000 
1.407355120e+000 1.968849420e+000 
1.426840061e+000 1.972622978e+000 
1.489570789e+000 1.982250791e+000 
1.856222507e+000 1.999775540e+000 
1.664426776e+000 1.995755692e+000 
1.833293873e+000 1.999512273e+000 
1.835055076e+000 1.999580247e+000 
1.836390275e+000 1.999716635e+000 
1.857564552e+000 1.999792891e+000 
1.627213730e+000 1.993796947e+000 
1.853785143e+000 1.999763847e+000 
1.512684325e+000 1.984830872e+000 
1.815452316e+000 1.999222543e+000 
1.816513979e+000 1.999234555e+000 
1.781093616e+000 1.999046386e+000 
1.785969402e+000 1.999055803e+000 
1.668833298e+000 1.995967546e+000 
1.559548905e+000 1.989408622e+000 
1.584553282e+000 1.990966176e+000 
1.778335310e+000 1.998965452e+000 
1.460760163e+000 1.978370898e+000 
1.503378469e+000 1.983641185e+000 
1.442472158e+000 1.975368039e+000 
1.469089234e+000 1.979672439e+000 
1.507806485e+000 1.984243910e+000 
1.552718990e+000 1.989016383e+000 
1.556804237e+000 1.989306428e+000 
1.554417076e+000 1.989082237e+000 
1.555410091e+000 1.989192621e+000 
1.503490278e+000 1.983667124e+000 
1.457471664e+000 1.977780220e+000 
1.456123540e+000 1.977672299e+000 
1.513456281e+000 1.984852700e+000 
1.506487011e+000 1.984029960e+000 
1.458441157e+000 1.978227224e+000 
1.515598724e+000 1.985155083e+000 
1.519142372e+000 1.985576317e+000 
1.464942753e+000 1.978951130e+000 
1.466337545e+000 1.979236290e+000 
1.466509068e+000 1.979337747e+000 
1.509419585e+000 1.984463283e+000 
1.487149294e+000 1.981806144e+000 
1.488408838e+000 1.981863733e+000 
1.447321873e+000 1.976045661e+000 
1.451843239e+000 1.976912666e+000 
1.501750895e+000 1.983388520e+000 
1.491644639e+000 1.982429259e+000 
1.496086358e+000 1.982920184e+000 
1.504202179e+000 1.983735016e+000 
1.526431421e+000 1.986320035e+000 
1.500078250e+000 1.983172527e+000 
1.492770407e+000 1.982544621e+000 
1.524828839e+000 1.986186570e+000 
1.528192538e+000 1.986552975e+000 
1.524464276e+000 1.986090145e+000 
1.536027057e+000 1.987305696e+000 
1.542468391e+000 1.987914757e+000 
1.547161745e+000 1.988348235e+000 
1.540267952e+000 1.987747913e+000 
1.522344908e+000 1.985992811e+000 
1.475583413e+000 1.980594422e+000 
1.544235089e+000 1.988155437e+000 
1.473077156e+000 1.980259744e+000 
1.543908759e+000 1.988127924e+000 
1.474173108e+000 1.980321085e+000 
1.541121093e+000 1.987904444e+000 
1.495753828e+000 1.982875583e+000 
1.532247504e+000 1.986954972e+000 
1.534235531e+000 1.987132312e+000 
1.517543087e+000 1.985333977e+000 
1.517242437e+000 1.985293515e+000 
1.474861375e+000 1.980457603e+000 
1.482975040e+000 1.981457739e+000 
1.519782316e+000 1.985660693e+000 
1.530420778e+000 1.986728086e+000 
1.482828794e+000 1.981360320e+000 
1.538684632e+000 1.987438297e+000 
1.550737407e+000 1.988761792e+000 
1.463213949e+000 1.978785666e+000 
1.566137351e+000 1.990168597e+000 
1.574937388e+000 1.990877194e+000 
1.563505138e+000 1.989977889e+000 
1.560636144e+000 1.989557277e+000 
1.570924685e+000 1.990510581e+000 
1.569019847e+000 1.990475828e+000 
1.577873320e+000 1.990939830e+000 
1.457465559e+000 1.977743723e+000 
1.562934993e+000 1.989769346e+000 
1.573287738e+000 1.990642376e+000 
1.665831822e+000 1.995929759e+000 
1.572929985e+000 1.990602725e+000 
1.574289132e+000 1.990677880e+000 
1.605657428e+000 1.992560791e+000 
1.814957321e+000 1.999216296e+000 
1.740807170e+000 1.998477416e+000 
1.593991266e+000 1.991966440e+000 
1.593338822e+000 1.991922885e+000 
1.587352550e+000 1.991505838e+000 
1.593176437e+000 1.991875920e+000 
1.589785510e+000 1.991675973e+000 
1.588154708e+000 1.991658313e+000 
1.596446567e+000 1.992033391e+000 
1.742727835e+000 1.998557161e+000 
1.741067595e+000 1.998551321e+000 
1.745756732e+000 1.998629461e+000 
1.730507447e+000 1.998189999e+000 
1.769940331e+000 1.998875632e+000 
1.710465797e+000 1.997763914e+000 
1.743254103e+000 1.998590997e+000 
1.757741320e+000 1.998824787e+000 
1.769503637e+000 1.998874546e+000 
1.742749921e+000 1.998570753e+000 
1.637660628e+000 1.994628246e+000 
1.708732872e+000 1.997647286e+000 
1.700340930e+000 1.997433848e+000 
1.733506370e+000 1.998428148e+000 
1.732467343e+000 1.998402584e+000 
1.636714271e+000 1.994503177e+000 
1.767981540e+000 1.998868210e+000 
1.649541220e+000 1.995357134e+000 
1.648250585e+000 1.995340819e+000 
1.620834270e+000 1.993667933e+000 
1.613579184e+000 1.993279026e+000 
1.682804049e+000 1.996747550e+000 
1.651819800e+000 1.995458207e+000 
1.615849973e+000 1.993403820e+000 
1.655661277e+000 1.995707464e+000 
1.610709142e+000 1.992969557e+000 
1.695777538e+000 1.997333264e+000 
1.692175527e+000 1.997148544e+000 
1.694655378e+000 1.997170297e+000 
1.685197558e+000 1.996913820e+000 
1.683394915e+000 1.996908593e+000 
1.698206270e+000 1.997391402e+000 
1.642118553e+000 1.994804787e+000 
1.708792896e+000 1.997739843e+000 
1.711673586e+000 1.997844190e+000 
1.610508905e+000 1.992901082e+000 
1.612842045e+000 1.993142426e+000 
1.669351813e+000 1.996232540e+000 
1.644189563e+000 1.995095012e+000 
1.645962184e+000 1.995206426e+000 
1.643583440e+000 1.994887747e+000 
1.730539239e+000 1.998207557e+000 
1.671464807e+000 1.996260704e+000 
1.679561746e+000 1.996690193e+000 
1.671618042e+000 1.996297812e+000 
1.677314288e+000 1.996662561e+000 
1.657757613e+000 1.995713336e+000 
1.634135516e+000 1.994399128e+000 
1.629560182e+000 1.994222689e+000 
1.627496409e+000 1.994065104e+000 
1.621352033e+000 1.993670608e+000 
1.628297760e+000 1.994072404e+000 

