1.001251416e+000 1.013115027e+000 
1.001141655e+000 1.013105105e+000 
1.000800968e+000 1.012593030e+000 
1.000951066e+000 1.012596361e+000 
1.000824141e+000 1.012593208e+000 
1.006825440e+000 1.886005312e+000 
1.033510159e+000 1.910858441e+000 
1.037105349e+000 1.912905936e+000 
1.026044002e+000 1.905174041e+000 
1.064206078e+000 1.928426325e+000 
1.006548228e+000 1.884846248e+000 
1.044036442e+000 1.917345723e+000 
1.044966453e+000 1.917926357e+000 
1.046373968e+000 1.918854461e+000 
1.065415312e+000 1.928897827e+000 
1.035292801e+000 1.912258553e+000 
1.028334525e+000 1.907075610e+000 
1.031559997e+000 1.909052741e+000 
1.047010549e+000 1.919099984e+000 
1.032378758e+000 1.910080065e+000 
1.065724822e+000 1.929098368e+000 
1.045537561e+000 1.918194464e+000 
1.132887958e+000 1.954088671e+000 
1.020260553e+000 1.900838728e+000 
1.138072694e+000 1.955088188e+000 
1.139402125e+000 1.955687473e+000 
1.104122630e+000 1.944191284e+000 
1.091526076e+000 1.939629448e+000 
1.010720181e+000 1.890851801e+000 
1.145662897e+000 1.957393650e+000 
1.030368582e+000 1.907943314e+000 
1.085846134e+000 1.937376593e+000 
1.133779753e+000 1.954241978e+000 
1.031291288e+000 1.908732833e+000 
1.090043727e+000 1.939085040e+000 
1.008524682e+000 1.887778605e+000 
1.083431057e+000 1.936595405e+000 
1.063475827e+000 1.928323616e+000 
1.005199377e+000 1.882476136e+000 
1.036837851e+000 1.912538438e+000 
1.008941060e+000 1.888191660e+000 
1.124361399e+000 1.951048772e+000 
1.007830439e+000 1.887154713e+000 
1.093005373e+000 1.940075230e+000 
1.103429622e+000 1.944123061e+000 
1.024445863e+000 1.904017110e+000 
1.159646755e+000 1.961744300e+000 
1.025081444e+000 1.904574681e+000 
1.034205331e+000 1.910911321e+000 
1.126250541e+000 1.952070290e+000 
1.012272346e+000 1.892479998e+000 
1.097283912e+000 1.941853949e+000 
1.035205427e+000 1.911410821e+000 
1.064842659e+000 1.928691243e+000 
1.082326520e+000 1.936019343e+000 
1.061766226e+000 1.927596250e+000 
1.064336887e+000 1.928534844e+000 
1.063399165e+000 1.927965343e+000 
1.025577264e+000 1.904795486e+000 
1.070542909e+000 1.931148011e+000 
1.005643060e+000 1.883769738e+000 
1.013706729e+000 1.894175199e+000 
1.011141031e+000 1.891071777e+000 
1.068337326e+000 1.930294180e+000 
1.098685315e+000 1.942328084e+000 
1.004778527e+000 1.882256159e+000 
1.004501315e+000 1.881097096e+000 
1.123308907e+000 1.950904581e+000 
1.023815640e+000 1.903370103e+000 
1.062593664e+000 1.927916491e+000 
1.035043813e+000 1.911295671e+000 
1.095928283e+000 1.941069715e+000 
1.004233366e+000 1.879904213e+000 
1.024912601e+000 1.904395665e+000 
1.122376627e+000 1.950562712e+000 
1.058825601e+000 1.926192518e+000 
1.079202972e+000 1.934629651e+000 
1.019655055e+000 1.900267991e+000 
1.093806130e+000 1.940155320e+000 
1.018708389e+000 1.899210531e+000 
1.157368693e+000 1.960971393e+000 
1.121786349e+000 1.950313887e+000 
1.148348010e+000 1.958607627e+000 
1.104846144e+000 1.944489791e+000 
1.100648550e+000 1.942781344e+000 
1.003985895e+000 1.878847403e+000 
1.146863631e+000 1.957866313e+000 
1.092995476e+000 1.939916431e+000 
1.093832745e+000 1.940207033e+000 
1.099984037e+000 1.942714287e+000 
1.077462848e+000 1.934158382e+000 
1.073672125e+000 1.932367678e+000 
1.004263107e+000 1.880006466e+000 
1.050208954e+000 1.920931969e+000 
1.128522156e+000 1.952485575e+000 
1.149830359e+000 1.959162665e+000 
1.124791256e+000 1.951459619e+000 
1.006112552e+000 1.884634434e+000 
1.019344400e+000 1.899842096e+000 
1.020786457e+000 1.901046368e+000 
1.108649204e+000 1.946071612e+000 
1.021391954e+000 1.901617104e+000 
1.005997188e+000 1.884531266e+000 
1.030729376e+000 1.908387293e+000 
1.005914920e+000 1.884276349e+000 
1.056706283e+000 1.924828629e+000 
1.005389769e+000 1.883522602e+000 
1.026625124e+000 1.905550049e+000 
1.077858002e+000 1.934160604e+000 
1.005142299e+000 1.882465791e+000 
1.034511061e+000 1.911001158e+000 
1.147415730e+000 1.958265759e+000 
1.006550623e+000 1.885298184e+000 
1.048371035e+000 1.919765057e+000 
1.008635840e+000 1.887884598e+000 
1.007388895e+000 1.886563462e+000 
1.007658089e+000 1.886764723e+000 
1.129569947e+000 1.952911046e+000 
1.127502762e+000 1.952240069e+000 
1.057324482e+000 1.925343778e+000 
1.061129645e+000 1.927331333e+000 
1.136678982e+000 1.954702231e+000 
1.152360674e+000 1.959785934e+000 
1.069219635e+000 1.930714254e+000 
1.014887792e+000 1.895609109e+000 
1.051011035e+000 1.921530535e+000 
1.018296222e+000 1.898779486e+000 
1.053139431e+000 1.922790721e+000 
1.052892886e+000 1.922636285e+000 
1.056191082e+000 1.924399438e+000 
1.060376132e+000 1.926952495e+000 
1.123032515e+000 1.950798765e+000 
1.014380834e+000 1.895069666e+000 
1.015932998e+000 1.896697864e+000 
1.010153295e+000 1.889897946e+000 
1.017307513e+000 1.897856746e+000 
1.029320720e+000 1.907523572e+000 
1.140884474e+000 1.956222936e+000 
1.054062686e+000 1.923139252e+000 
1.015120353e+000 1.895771199e+000 
1.013294757e+000 1.893757446e+000 
1.012230611e+000 1.892273035e+000 
1.011957180e+000 1.891887479e+000 
1.013568189e+000 1.894143001e+000 
1.014846922e+000 1.895385644e+000 
1.118711337e+000 1.949523983e+000 
1.121114455e+000 1.950157655e+000 
1.140333801e+000 1.955787550e+000 
1.052512154e+000 1.922379275e+000 
1.108936490e+000 1.946161578e+000 
1.112840465e+000 1.947401873e+000 
1.116501259e+000 1.948755943e+000 
1.051647616e+000 1.921776058e+000 
1.109765452e+000 1.946611969e+000 
1.115517833e+000 1.948406738e+000 
1.074701015e+000 1.932753274e+000 
1.027093744e+000 1.905715320e+000 
1.130320768e+000 1.953281936e+000 
1.088536291e+000 1.938088348e+000 
1.065973104e+000 1.929433155e+000 
1.010405015e+000 1.890259282e+000 
1.086619246e+000 1.937577665e+000 
1.097361099e+000 1.941860946e+000 
1.033340746e+000 1.910499263e+000 
1.039450684e+000 1.914332591e+000 
1.131302574e+000 1.953284993e+000 
1.067299530e+000 1.929667004e+000 
1.096232946e+000 1.941307863e+000 
1.071920557e+000 1.931744682e+000 
1.103890951e+000 1.944151932e+000 
1.069022435e+000 1.930450858e+000 
1.097024453e+000 1.941844040e+000 
1.093891026e+000 1.940433280e+000 
1.089819608e+000 1.938678495e+000 
1.044945733e+000 1.917683777e+000 
1.037051968e+000 1.912626268e+000 
1.112272987e+000 1.947213264e+000 
1.079164127e+000 1.934542308e+000 
1.042937159e+000 1.916413880e+000 
1.038115421e+000 1.913226522e+000 
1.040031823e+000 1.914573945e+000 
1.040514137e+000 1.914976284e+000 
1.041436040e+000 1.915565140e+000 
1.001281497e+000 1.023822377e+000 
1.001408422e+000 1.024725505e+000 
1.001856203e+000 1.042518558e+000 
1.001551117e+000 1.041455764e+000 
1.002034175e+000 1.042592167e+000 
1.000138655e+000 1.001565914e+000 
1.003494265e+000 1.110146250e+000 
1.003352353e+000 1.109075150e+000 
1.003803562e+000 1.110378181e+000 
1.002982958e+000 1.066890678e+000 
1.002574471e+000 1.066728375e+000 
1.002124453e+000 1.065837534e+000 
1.000313295e+000 1.009114463e+000 
1.000643359e+000 1.009638788e+000 
1.000612534e+000 1.009186674e+000 
1.000282470e+000 1.008662349e+000 
1.000508933e+000 1.009129824e+000 
1.000001614e+000 1.001554776e+000 
1.000140270e+000 1.001566499e+000 
9.999999977e-001 1.001554191e+000 
1.284914110e+000 1.987337713e+000 
1.270991947e+000 1.985839795e+000 
1.408623270e+000 1.997425463e+000 
1.291951309e+000 1.988435806e+000 
1.594510625e+000 1.999987556e+000 
1.371115526e+000 1.995149389e+000 
1.621777387e+000 2.000000000e+000 
1.365552942e+000 1.994730879e+000 
1.252175015e+000 1.982923123e+000 
1.177808632e+000 1.967148045e+000 
1.201486493e+000 1.973850529e+000 
1.161272581e+000 1.962708307e+000 
1.163610939e+000 1.963446977e+000 
1.176255756e+000 1.967142016e+000 
1.173731864e+000 1.966414795e+000 
1.293918632e+000 1.988490444e+000 
1.296582858e+000 1.988860135e+000 
1.160031640e+000 1.961794705e+000 
1.315713814e+000 1.990867307e+000 
1.241677691e+000 1.980880682e+000 
1.319334682e+000 1.991033517e+000 
1.249539107e+000 1.982082193e+000 
1.170758387e+000 1.965313598e+000 
1.190241449e+000 1.970601400e+000 
1.286251981e+000 1.987490592e+000 
1.243545310e+000 1.981402240e+000 
1.295126137e+000 1.988602017e+000 
1.282631113e+000 1.987324381e+000 
1.276219292e+000 1.986507083e+000 
1.159329870e+000 1.961670721e+000 
1.309442119e+000 1.990141241e+000 
1.153375599e+000 1.960259505e+000 
1.562029836e+000 1.999926706e+000 
1.296695874e+000 1.989043034e+000 
1.280230340e+000 1.986744870e+000 
1.258788900e+000 1.984052124e+000 
1.468744604e+000 1.999262977e+000 
1.152167656e+000 1.959351413e+000 
1.290632309e+000 1.988090988e+000 
1.620861622e+000 1.999993224e+000 
1.146421909e+000 1.957615304e+000 
1.287375678e+000 1.987934969e+000 
1.253561555e+000 1.983330199e+000 
1.266174554e+000 1.985000058e+000 
1.281280798e+000 1.987062793e+000 
1.250746539e+000 1.982550156e+000 
1.271960602e+000 1.985951368e+000 
1.326925309e+000 1.991974207e+000 
1.238082809e+000 1.980338041e+000 
1.319330124e+000 1.990917371e+000 
1.319638363e+000 1.991123991e+000 
1.264668955e+000 1.985000000e+000 
1.353670837e+000 1.993762774e+000 
1.260935006e+000 1.984274736e+000 
1.268309756e+000 1.985545232e+000 
1.279066739e+000 1.986532394e+000 
1.273989151e+000 1.986111425e+000 
1.574663545e+000 1.999927545e+000 
1.236031466e+000 1.979564828e+000 
1.249165043e+000 1.982019688e+000 
1.456187383e+000 1.998929818e+000 
1.455796303e+000 1.998922535e+000 
1.376594282e+000 1.995454549e+000 
1.523390570e+000 1.999852734e+000 
1.468719112e+000 1.999262849e+000 
1.227969269e+000 1.978686885e+000 
1.496174945e+000 1.999615477e+000 
1.228083221e+000 1.978687149e+000 
1.209528759e+000 1.975665471e+000 
1.221043388e+000 1.977335536e+000 
1.372265631e+000 1.995335001e+000 
1.274839777e+000 1.986138979e+000 
1.503447028e+000 1.999616367e+000 
1.462642059e+000 1.999110525e+000 
1.496552314e+000 1.999615677e+000 
1.475173789e+000 1.999450839e+000 
1.441102215e+000 1.998729871e+000 
1.403186314e+000 1.997300781e+000 
1.494135068e+000 1.999566334e+000 
1.451194368e+000 1.998922131e+000 
1.479611967e+000 1.999467480e+000 
1.458040124e+000 1.999110121e+000 
1.449913596e+000 1.998920941e+000 
1.467438341e+000 1.999261660e+000 
1.481512829e+000 1.999548676e+000 
1.483301560e+000 1.999562538e+000 
1.412043368e+000 1.997663476e+000 
1.359780649e+000 1.994404391e+000 
1.430651720e+000 1.998379496e+000 
1.411283438e+000 1.997638336e+000 
1.494971078e+000 1.999585080e+000 
1.425159888e+000 1.998346453e+000 
1.444511364e+000 1.998768407e+000 
1.409928444e+000 1.997427538e+000 
1.478951931e+000 1.999450966e+000 
1.418267459e+000 1.997852113e+000 
1.366905485e+000 1.995025236e+000 
1.437833073e+000 1.998576948e+000 
1.391723458e+000 1.996448853e+000 
1.378272385e+000 1.995889334e+000 
1.395391208e+000 1.996584029e+000 
1.412262019e+000 1.997677928e+000 
1.202993894e+000 1.973949906e+000 
1.400765655e+000 1.996802317e+000 
1.387243841e+000 1.996063520e+000 
1.324719210e+000 1.991649591e+000 
1.191773944e+000 1.971482173e+000 
1.183559855e+000 1.969195672e+000 
1.171123072e+000 1.965670429e+000 
1.182301461e+000 1.968554165e+000 
1.213530842e+000 1.976156381e+000 
1.216079007e+000 1.976896043e+000 
1.210742998e+000 1.976122830e+000 
1.263641369e+000 1.984599755e+000 
1.161165718e+000 1.962303640e+000 
1.178641233e+000 1.967417371e+000 
1.256349722e+000 1.983648388e+000 
1.185772675e+000 1.969938220e+000 
1.204877119e+000 1.974578877e+000 
1.268102840e+000 1.985187876e+000 
1.168453687e+000 1.964793839e+000 
1.216861869e+000 1.977017084e+000 
1.398551055e+000 1.996766955e+000 
1.267988888e+000 1.985187612e+000 
1.245242322e+000 1.981978587e+000 
1.385679420e+000 1.995948083e+000 
1.251792570e+000 1.982630760e+000 
1.155724966e+000 1.960671471e+000 
1.157535180e+000 1.961243672e+000 
1.155078717e+000 1.960328222e+000 
1.422924397e+000 1.997861136e+000 
1.402586041e+000 1.996813598e+000 
1.368297569e+000 1.995076499e+000 
1.358141681e+000 1.994373063e+000 
1.351367000e+000 1.993732225e+000 
1.349152149e+000 1.993501696e+000 
1.339685568e+000 1.993020827e+000 
1.400157079e+000 1.996781097e+000 
1.355797438e+000 1.994151028e+000 
1.354698531e+000 1.994143312e+000 
1.366379963e+000 1.994851263e+000 
1.207022958e+000 1.975329552e+000 
1.305798299e+000 1.989854856e+000 
1.325959993e+000 1.991759181e+000 
1.338851377e+000 1.992734746e+000 
1.267174598e+000 1.985005015e+000 
1.139336561e+000 1.955193031e+000 
1.136568523e+000 1.954528356e+000 
1.184048610e+000 1.969350216e+000 
1.147512024e+000 1.958447227e+000 
1.343712220e+000 1.993364598e+000 
1.328699256e+000 1.992242113e+000 
1.193481783e+000 1.971587273e+000 
1.197337787e+000 1.972567668e+000 
1.342442112e+000 1.993346442e+000 
1.160108198e+000 1.961955588e+000 
1.191381963e+000 1.971298517e+000 
1.188485143e+000 1.970525304e+000 
1.201204129e+000 1.973666081e+000 
1.393899342e+000 1.996542870e+000 
1.304501090e+000 1.989763736e+000 
1.304364924e+000 1.989561134e+000 
1.304801458e+000 1.989801980e+000 
1.311342416e+000 1.990461583e+000 
1.223181776e+000 1.978078409e+000 
1.178693425e+000 1.967478522e+000 
1.322039769e+000 1.991468900e+000 
1.214959135e+000 1.976589132e+000 
1.206177590e+000 1.974885428e+000 
1.194986918e+000 1.972059612e+000 
1.230444616e+000 1.979009715e+000 
1.204113637e+000 1.974281707e+000 
1.198307309e+000 1.972892868e+000 
1.242627292e+000 1.981195966e+000 
1.321051372e+000 1.991347860e+000 
1.145302728e+000 1.957274085e+000 
1.249392046e+000 1.982063839e+000 
1.143085850e+000 1.956607616e+000 
1.230993213e+000 1.979314870e+000 
1.186693844e+000 1.970116702e+000 
1.163125363e+000 1.962931644e+000 
1.167178575e+000 1.964645573e+000 
1.239477878e+000 1.980574698e+000 
1.228370478e+000 1.978904897e+000 
1.233172810e+000 1.979555421e+000 
1.169948897e+000 1.965117663e+000 
1.237191377e+000 1.980119916e+000 
1.221231679e+000 1.977383470e+000 

