1.000791728e+000 1.005639154e+000 
1.001010691e+000 1.005651476e+000 
1.001366807e+000 1.005906313e+000 
1.000954716e+000 1.005646117e+000 
1.001011551e+000 1.005780329e+000 
1.001556799e+000 1.005961643e+000 
1.001493336e+000 1.005959443e+000 
1.001347822e+000 1.005818302e+000 
1.001152507e+000 1.005818015e+000 
1.001249991e+000 1.005818268e+000 
1.000155765e+000 1.000112774e+000 
1.000147490e+000 1.000112704e+000 
1.000080869e+000 1.000110601e+000 
1.000108287e+000 1.000110764e+000 
1.000233171e+000 1.000609362e+000 
1.000296790e+000 1.000609543e+000 
9.999999994e-001 1.000055917e+000 
1.000041468e+000 1.000055928e+000 
1.000612863e+000 1.002653280e+000 
1.000337348e+000 1.002611912e+000 
1.000380132e+000 1.002616623e+000 
1.000397750e+000 1.002616651e+000 
1.004235756e+000 1.034368226e+000 
1.004404597e+000 1.034520056e+000 
1.004608416e+000 1.035119342e+000 
1.004069829e+000 1.033718060e+000 
1.000781115e+000 1.002822308e+000 
1.008684273e+000 1.409647051e+000 
1.009861557e+000 1.411961998e+000 
1.008881706e+000 1.410127833e+000 
1.010399388e+000 1.413921630e+000 
1.009161647e+000 1.411481216e+000 
1.009867854e+000 1.412703920e+000 
1.067341174e+000 1.886248743e+000 
1.130159444e+000 1.919122150e+000 
1.017290116e+000 1.839410691e+000 
1.023675532e+000 1.848763054e+000 
1.075971703e+000 1.891383263e+000 
1.016224008e+000 1.838076005e+000 
1.132083320e+000 1.919724090e+000 
1.100711335e+000 1.904620012e+000 
1.143245396e+000 1.923423886e+000 
1.114890173e+000 1.911571340e+000 
1.091488748e+000 1.900364163e+000 
1.125670729e+000 1.916701750e+000 
1.057426109e+000 1.880005686e+000 
1.065272231e+000 1.885159603e+000 
1.092673387e+000 1.900884610e+000 
1.025053175e+000 1.850259725e+000 
1.105679540e+000 1.907640839e+000 
1.087076264e+000 1.897856134e+000 
1.021199213e+000 1.845384959e+000 
1.024956403e+000 1.850184890e+000 
1.055788255e+000 1.878797940e+000 
1.013283341e+000 1.832872818e+000 
1.014791395e+000 1.835764473e+000 
1.075304100e+000 1.890611511e+000 
1.102815598e+000 1.906097381e+000 
1.095915646e+000 1.902619355e+000 
1.070486336e+000 1.888236081e+000 
1.095381615e+000 1.902339350e+000 
1.066613860e+000 1.885886364e+000 
1.054830951e+000 1.878066586e+000 
1.030846843e+000 1.857113558e+000 
1.019537048e+000 1.842977387e+000 
1.094351144e+000 1.901349195e+000 
1.092139356e+000 1.900604605e+000 
1.022068586e+000 1.846450028e+000 
1.020726717e+000 1.844663381e+000 
1.119344152e+000 1.914027587e+000 
1.174211718e+000 1.933822965e+000 
1.101136808e+000 1.904948957e+000 
1.012250297e+000 1.830452341e+000 
1.055780809e+000 1.878581531e+000 
1.154952135e+000 1.927226111e+000 
1.154396413e+000 1.927193093e+000 
1.038557014e+000 1.864336841e+000 
1.012712941e+000 1.831538893e+000 
1.113542115e+000 1.910893583e+000 
1.062820421e+000 1.883307291e+000 
1.040488199e+000 1.866118909e+000 
1.033216701e+000 1.859678022e+000 
1.028913778e+000 1.855236417e+000 
1.010791788e+000 1.825233457e+000 
1.092766271e+000 1.900885248e+000 
1.022327387e+000 1.846648859e+000 
1.093463296e+000 1.901114323e+000 
1.027564671e+000 1.853568924e+000 
1.037574541e+000 1.863427213e+000 
1.127554164e+000 1.917744913e+000 
1.012534662e+000 1.831249227e+000 
1.037886025e+000 1.863602187e+000 
1.085928450e+000 1.897309103e+000 
1.097632604e+000 1.903282684e+000 
1.089249750e+000 1.899094583e+000 
1.029978560e+000 1.856478440e+000 
1.029584376e+000 1.855882780e+000 
1.123390477e+000 1.915854764e+000 
1.031799718e+000 1.858341956e+000 
1.037983731e+000 1.863614022e+000 
1.093528098e+000 1.901273434e+000 
1.123169847e+000 1.915823227e+000 
1.052848912e+000 1.876571749e+000 
1.011411125e+000 1.828496323e+000 
1.011695489e+000 1.829293210e+000 
1.036057153e+000 1.862351439e+000 
1.011201756e+000 1.826439531e+000 
1.115268489e+000 1.911762626e+000 
1.012444168e+000 1.830916800e+000 
1.012159804e+000 1.830119914e+000 
1.016505638e+000 1.838584046e+000 
1.018283050e+000 1.841030025e+000 
1.010917392e+000 1.825642644e+000 
1.039707183e+000 1.865465703e+000 
1.034255822e+000 1.860563693e+000 
1.037806417e+000 1.863577225e+000 
1.092831074e+000 1.901044359e+000 
1.059155726e+000 1.881164932e+000 
1.021785949e+000 1.845975206e+000 
1.123646242e+000 1.916020765e+000 
1.123866872e+000 1.916052302e+000 
1.012896309e+000 1.832273179e+000 
1.013130219e+000 1.832476975e+000 
1.011772772e+000 1.829520275e+000 
1.013570219e+000 1.833419305e+000 
1.016941181e+000 1.839040421e+000 
1.124339254e+000 1.916382573e+000 
1.123614588e+000 1.915890420e+000 
1.029096313e+000 1.855298438e+000 
1.110120482e+000 1.909602086e+000 
1.048776418e+000 1.873147399e+000 
1.025512549e+000 1.850975150e+000 
1.123393958e+000 1.915858883e+000 
1.108383958e+000 1.908458970e+000 
1.044811041e+000 1.869777535e+000 
1.109190437e+000 1.909078396e+000 
1.016353439e+000 1.838182660e+000 
1.020444080e+000 1.844162600e+000 
1.022920399e+000 1.847566654e+000 
1.024651507e+000 1.849926300e+000 
1.047447840e+000 1.872172498e+000 
1.017695308e+000 1.840270039e+000 
1.033395198e+000 1.859885525e+000 
1.121000000e+000 1.914508824e+000 
1.017398915e+000 1.839862624e+000 
1.024487891e+000 1.849516140e+000 
1.120668729e+000 1.914413088e+000 
1.097505505e+000 1.903156324e+000 
1.048804103e+000 1.873220660e+000 
1.152602653e+000 1.926927966e+000 
1.129152811e+000 1.918405968e+000 
1.116571968e+000 1.912424112e+000 
1.147701036e+000 1.925257735e+000 
1.067514435e+000 1.886669302e+000 
1.068380962e+000 1.886786038e+000 
1.041082575e+000 1.866553534e+000 
1.149770674e+000 1.926103966e+000 
1.064246973e+000 1.884478398e+000 
1.069544241e+000 1.887714918e+000 
1.151864882e+000 1.926814604e+000 
1.161755162e+000 1.930046779e+000 
1.111118737e+000 1.909650143e+000 
1.061656904e+000 1.882729066e+000 
1.064506503e+000 1.884637261e+000 
1.097592733e+000 1.903248546e+000 
1.135496394e+000 1.920485923e+000 
1.065662530e+000 1.885558714e+000 
1.041412843e+000 1.866586017e+000 
1.178206198e+000 1.935154663e+000 
1.060025438e+000 1.881665786e+000 
1.064649089e+000 1.884838442e+000 
1.060293957e+000 1.881917062e+000 
1.061521962e+000 1.882470053e+000 
1.041440459e+000 1.867010784e+000 
1.066319116e+000 1.885860653e+000 
1.094573484e+000 1.901864107e+000 
1.034806675e+000 1.861140544e+000 
1.035264789e+000 1.861453913e+000 
1.121624491e+000 1.914877045e+000 
1.081786768e+000 1.895020539e+000 
1.157012294e+000 1.928125742e+000 
1.153790815e+000 1.927014361e+000 
1.168779955e+000 1.932224751e+000 
1.082862223e+000 1.895520820e+000 
1.080907965e+000 1.894207483e+000 
1.027169437e+000 1.852776546e+000 
1.141507459e+000 1.923249384e+000 
1.136695336e+000 1.921066219e+000 
1.085420130e+000 1.897043551e+000 
1.175212056e+000 1.934122673e+000 
1.149688494e+000 1.925930035e+000 
1.145767317e+000 1.924250452e+000 
1.082010878e+000 1.895056195e+000 
1.050059490e+000 1.874362094e+000 
1.070660582e+000 1.888287192e+000 
1.160589549e+000 1.929448300e+000 
1.076762086e+000 1.891816075e+000 
1.165164482e+000 1.930939236e+000 
1.144505137e+000 1.923701123e+000 
1.159495810e+000 1.929272795e+000 
1.083632465e+000 1.896105156e+000 
1.071292586e+000 1.888670879e+000 
1.090418599e+000 1.899576262e+000 
1.037249526e+000 1.863386927e+000 
1.048995021e+000 1.873386350e+000 
1.158718505e+000 1.928543434e+000 
1.038111755e+000 1.864047599e+000 
1.049174099e+000 1.873462765e+000 
1.035783407e+000 1.862091183e+000 
1.053437969e+000 1.876973679e+000 
1.042360061e+000 1.867695030e+000 
1.177525595e+000 1.934894935e+000 
1.044477019e+000 1.869666563e+000 
1.051316308e+000 1.875292349e+000 
1.043906116e+000 1.869090119e+000 
1.178458598e+000 1.935486290e+000 
1.042875153e+000 1.868123625e+000 
1.039577171e+000 1.865326550e+000 
1.073926074e+000 1.890206816e+000 
1.178233624e+000 1.935280019e+000 
1.072451518e+000 1.889290071e+000 
1.074794150e+000 1.890610340e+000 
1.006103189e+000 1.078526036e+000 
1.006020752e+000 1.077748626e+000 
1.004972569e+000 1.075769804e+000 
1.006164453e+000 1.078587220e+000 
1.005776636e+000 1.077734951e+000 
1.004728452e+000 1.075756130e+000 
1.005054628e+000 1.075924316e+000 
1.005926514e+000 1.077736629e+000 
1.007595020e+000 1.145377749e+000 
1.006782568e+000 1.143794812e+000 
1.008175446e+000 1.146354067e+000 
1.007059604e+000 1.144140334e+000 
1.007898410e+000 1.145857918e+000 
1.006479178e+000 1.143164016e+000 
1.006747185e+000 1.143790472e+000 
1.003153160e+000 1.014462399e+000 
1.002231942e+000 1.014115990e+000 
1.001610447e+000 1.013504213e+000 
1.002411469e+000 1.014119357e+000 
1.002165320e+000 1.014094820e+000 
1.001860656e+000 1.013936575e+000 
1.001794034e+000 1.013915405e+000 
1.001757465e+000 1.013888996e+000 
1.002596743e+000 1.014161944e+000 
1.002702555e+000 1.014165265e+000 
1.003709720e+000 1.014684402e+000 
1.001966468e+000 1.013939896e+000 
1.002092400e+000 1.013940539e+000 
1.004009962e+000 1.014695100e+000 
1.003444246e+000 1.014508307e+000 
1.003643098e+000 1.014663231e+000 
1.003815532e+000 1.014687722e+000 
1.002530122e+000 1.014140774e+000 
1.001678433e+000 1.013721229e+000 
1.003783436e+000 1.014684448e+000 
1.001677069e+000 1.013525383e+000 
1.304379469e+000 1.980744216e+000 
1.180309143e+000 1.936339997e+000 
1.306984406e+000 1.982009416e+000 
1.415609765e+000 1.996744188e+000 
1.204237291e+000 1.947983060e+000 
1.201834845e+000 1.947010481e+000 
1.442620086e+000 1.998011184e+000 
1.230166051e+000 1.958296635e+000 
1.210010480e+000 1.951176877e+000 
1.199387862e+000 1.945817531e+000 
1.179862747e+000 1.936064753e+000 
1.336026803e+000 1.988403084e+000 
1.205605512e+000 1.948637919e+000 
1.205476302e+000 1.948625688e+000 
1.198305982e+000 1.945162232e+000 
1.185289532e+000 1.938474752e+000 
1.206569625e+000 1.949325114e+000 
1.224739515e+000 1.956827741e+000 
1.309227707e+000 1.982343796e+000 
1.196826795e+000 1.944931388e+000 
1.182883562e+000 1.937665746e+000 
1.178834601e+000 1.935806048e+000 
1.327530258e+000 1.986157464e+000 
1.370361628e+000 1.992541113e+000 
1.259468246e+000 1.968042316e+000 
1.180491921e+000 1.936409874e+000 
1.308889270e+000 1.982208071e+000 
1.198422465e+000 1.945813321e+000 
1.181848393e+000 1.937245063e+000 
1.211191053e+000 1.951768478e+000 
1.210921151e+000 1.951469902e+000 
1.433353277e+000 1.997916587e+000 
1.310210042e+000 1.982721529e+000 
1.310200760e+000 1.982362061e+000 
1.178825163e+000 1.935694988e+000 
1.208303821e+000 1.950386294e+000 
1.286149891e+000 1.976415880e+000 
1.196032697e+000 1.944052639e+000 
1.181790369e+000 1.937025381e+000 
1.181489716e+000 1.936931597e+000 
1.182060271e+000 1.937323956e+000 
1.184162731e+000 1.938123943e+000 
1.217245207e+000 1.953922151e+000 
1.190089336e+000 1.941800425e+000 
1.204828018e+000 1.948275859e+000 
1.204639494e+000 1.948124958e+000 
1.178264047e+000 1.935413689e+000 
1.334507793e+000 1.987674684e+000 
1.182488236e+000 1.937608331e+000 
1.202983690e+000 1.947494064e+000 
1.178602484e+000 1.935549413e+000 
1.173823734e+000 1.933053998e+000 
1.202130911e+000 1.947228706e+000 
1.205182781e+000 1.948561959e+000 
1.180190126e+000 1.936241976e+000 
1.172742940e+000 1.932286334e+000 
1.208184804e+000 1.950288273e+000 
1.209891462e+000 1.951078856e+000 
1.367128593e+000 1.992044797e+000 
1.181370699e+000 1.936833576e+000 
1.206551002e+000 1.949216818e+000 
1.230350317e+000 1.958431454e+000 
1.193199892e+000 1.942946974e+000 
1.360926029e+000 1.991991813e+000 
1.297493089e+000 1.979522049e+000 
1.297752307e+000 1.979568097e+000 
1.207846366e+000 1.950152548e+000 
1.297913349e+000 1.979589618e+000 
1.347770773e+000 1.990166716e+000 
1.353322122e+000 1.990801375e+000 
1.213057390e+000 1.952270842e+000 
1.360238364e+000 1.991890645e+000 
1.305913621e+000 1.981914141e+000 
1.209616251e+000 1.951041153e+000 
1.194169957e+000 1.943475095e+000 
1.331609100e+000 1.987512718e+000 
1.192844111e+000 1.942896362e+000 
1.330549132e+000 1.987025289e+000 
1.207334436e+000 1.949405124e+000 
1.188809388e+000 1.941176275e+000 
1.190384190e+000 1.941903600e+000 
1.190121818e+000 1.941831134e+000 
1.350642121e+000 1.990345293e+000 
1.291748566e+000 1.978082465e+000 
1.206000188e+000 1.948977273e+000 
1.177003434e+000 1.934715183e+000 
1.341274790e+000 1.989145015e+000 
1.569454767e+000 1.999956670e+000 
1.335865761e+000 1.988381563e+000 
1.187516818e+000 1.940079265e+000 
1.340266175e+000 1.988829311e+000 
1.272391731e+000 1.972639406e+000 
1.373140004e+000 1.992801574e+000 
1.191696620e+000 1.942558459e+000 
1.519218136e+000 1.999512547e+000 
1.187272528e+000 1.940006800e+000 
1.220883653e+000 1.955391618e+000 
1.359645068e+000 1.991786867e+000 
1.287325664e+000 1.977351362e+000 
1.185617511e+000 1.939479453e+000 
1.381111833e+000 1.993847659e+000 
1.355819344e+000 1.990871757e+000 
1.347860081e+000 1.990242572e+000 
1.230606998e+000 1.958510235e+000 
1.240963555e+000 1.962379039e+000 
1.342157283e+000 1.989273313e+000 
1.335410950e+000 1.988154235e+000 
1.271921364e+000 1.972634393e+000 
1.357355606e+000 1.991348018e+000 
1.207817566e+000 1.949776828e+000 
1.306074663e+000 1.981935662e+000 
1.219261914e+000 1.954643537e+000 
1.220040614e+000 1.955334526e+000 
1.248809293e+000 1.965517383e+000 
1.200546181e+000 1.946124507e+000 
1.340741332e+000 1.988902499e+000 
1.218685841e+000 1.954390063e+000 
1.200385139e+000 1.946102987e+000 
1.241078403e+000 1.962790994e+000 
1.521245799e+000 1.999598035e+000 
1.219879572e+000 1.955313005e+000 
1.514705977e+000 1.999482777e+000 
1.351939619e+000 1.990450173e+000 
1.428540629e+000 1.997802105e+000 
1.411850299e+000 1.996323540e+000 
1.343804737e+000 1.989578478e+000 
1.572458167e+000 2.000000000e+000 
1.342352876e+000 1.989454593e+000 
1.221120641e+000 1.955586796e+000 
1.216752418e+000 1.953647198e+000 
1.249712871e+000 1.966065336e+000 
1.250230119e+000 1.966155167e+000 
1.271695463e+000 1.972480292e+000 
1.337435696e+000 1.988456139e+000 
1.368469471e+000 1.992372494e+000 
1.342612094e+000 1.989500641e+000 
1.184905131e+000 1.938344486e+000 
1.243806721e+000 1.963639294e+000 
1.410499749e+000 1.996300883e+000 
1.271580528e+000 1.972359774e+000 
1.186903037e+000 1.939516411e+000 
1.241920914e+000 1.963122198e+000 
1.381331583e+000 1.993900206e+000 
1.332511053e+000 1.987560406e+000 
1.269429978e+000 1.972035084e+000 
1.380679570e+000 1.993746953e+000 
1.398635927e+000 1.995331575e+000 
1.346861759e+000 1.990047892e+000 
1.375253417e+000 1.993566732e+000 
1.193757374e+000 1.942992709e+000 
1.226172895e+000 1.957575245e+000 
1.425951775e+000 1.997500032e+000 
1.225108954e+000 1.957168052e+000 
1.250783443e+000 1.966234716e+000 
1.322926788e+000 1.985706665e+000 
1.423803787e+000 1.997263323e+000 
1.427764625e+000 1.997738752e+000 
1.212538301e+000 1.952057149e+000 
1.323356657e+000 1.985746685e+000 
1.421995846e+000 1.997233394e+000 
1.195225711e+000 1.943797390e+000 
1.242984041e+000 1.963532247e+000 
1.246308800e+000 1.964917578e+000 
1.245589555e+000 1.964467477e+000 
1.214309173e+000 1.952453335e+000 
1.222733200e+000 1.956069003e+000 
1.225505496e+000 1.957330277e+000 
1.224846902e+000 1.956878908e+000 
1.409007255e+000 1.996123478e+000 
1.373302265e+000 1.993016511e+000 
1.326434875e+000 1.986050624e+000 
1.328120825e+000 1.986919855e+000 
1.234508024e+000 1.960104334e+000 
1.231468488e+000 1.959646581e+000 
1.372116441e+000 1.992569125e+000 
1.322608167e+000 1.985703218e+000 
1.233158110e+000 1.959861764e+000 
1.402262960e+000 1.995749446e+000 
1.285672967e+000 1.976349662e+000 
1.228082132e+000 1.958086237e+000 
1.284195322e+000 1.976226287e+000 
1.298776743e+000 1.979988519e+000 
1.398828957e+000 1.995434142e+000 
1.282859315e+000 1.975412046e+000 
1.280411046e+000 1.975024271e+000 
1.300177667e+000 1.980704181e+000 
1.298625445e+000 1.979909441e+000 
1.279199989e+000 1.974448453e+000 
1.248386878e+000 1.965369000e+000 
1.293315879e+000 1.978656730e+000 
1.299167208e+000 1.980044880e+000 
1.296497487e+000 1.979501448e+000 
1.289675954e+000 1.977453783e+000 
1.277340527e+000 1.973676244e+000 
1.289180211e+000 1.977420979e+000 
1.234642273e+000 1.960518974e+000 
1.253969762e+000 1.967111109e+000 
1.304628071e+000 1.981376669e+000 
1.273083975e+000 1.973116664e+000 
1.260020285e+000 1.968935199e+000 
1.244590722e+000 1.964184464e+000 
1.232423383e+000 1.959834570e+000 
1.295005502e+000 1.978872823e+000 
1.256454311e+000 1.967965998e+000 
1.252174571e+000 1.966700386e+000 
1.261945979e+000 1.969363601e+000 
1.568398492e+000 1.999950376e+000 
1.259725670e+000 1.968740198e+000 
1.387073161e+000 1.994218048e+000 
1.298867538e+000 1.980018945e+000 
1.275568689e+000 1.973602749e+000 
1.223302190e+000 1.956485866e+000 
1.251145424e+000 1.966305721e+000 
1.264514819e+000 1.970588240e+000 
1.266238923e+000 1.970852368e+000 
1.299938110e+000 1.980187290e+000 
1.237703101e+000 1.961924221e+000 
1.216469888e+000 1.953358380e+000 
1.391520069e+000 1.994792329e+000 
1.265158879e+000 1.970682187e+000 
1.234960372e+000 1.960557181e+000 
1.236743168e+000 1.961457138e+000 
1.255843245e+000 1.967785758e+000 
1.281636003e+000 1.975261184e+000 
1.315339186e+000 1.983990155e+000 
1.325427800e+000 1.985899379e+000 
1.241903596e+000 1.962894083e+000 
1.308083992e+000 1.982088850e+000 
1.264011881e+000 1.969959889e+000 
1.278654368e+000 1.974180004e+000 
1.278612956e+000 1.974175161e+000 
1.314886621e+000 1.983704605e+000 
1.322274119e+000 1.985123993e+000 
1.318836801e+000 1.984525727e+000 
1.314501567e+000 1.983519236e+000 
1.317571092e+000 1.984458072e+000 
1.569920759e+000 1.999976239e+000 
1.237509483e+000 1.961499410e+000 
1.314760785e+000 1.983565284e+000 
1.384177995e+000 1.994003133e+000 
1.230935169e+000 1.959237819e+000 
1.439710300e+000 1.997987678e+000 
1.316682742e+000 1.984264949e+000 
1.452038015e+000 1.998405297e+000 
1.313524759e+000 1.983410620e+000 
1.290062937e+000 1.977475335e+000 
1.473079190e+000 1.999073538e+000 
1.478009944e+000 1.999308225e+000 
1.474959184e+000 1.999197271e+000 
1.458291335e+000 1.998924711e+000 
1.379636251e+000 1.993696968e+000 
1.233760125e+000 1.960015547e+000 
1.489301554e+000 1.999346768e+000 
1.407201207e+000 1.995817610e+000 
1.443748454e+000 1.998077242e+000 
1.445655624e+000 1.998302919e+000 
1.408140802e+000 1.995970610e+000 
1.387370815e+000 1.994516035e+000 
1.410417725e+000 1.996201309e+000 
1.326932572e+000 1.986050747e+000 
1.395840403e+000 1.995021835e+000 
1.525664641e+000 1.999708804e+000 
1.458238532e+000 1.998795647e+000 
1.394655486e+000 1.994964123e+000 
1.453363584e+000 1.998662841e+000 
1.453810237e+000 1.998775390e+000 
1.396932408e+000 1.995194822e+000 
1.534692768e+000 1.999799802e+000 
1.471635058e+000 1.998969942e+000 
1.452334442e+000 1.998569892e+000 
1.502291751e+000 1.999450042e+000 
1.528853684e+000 1.999721983e+000 
1.448001257e+000 1.998342382e+000 
1.535079985e+000 1.999931505e+000 

