1.001731882e+000 1.001305750e+000 
1.001696997e+000 1.001301746e+000 
1.001649553e+000 1.001301187e+000 
1.001779327e+000 1.001306309e+000 
1.002629577e+000 1.001358908e+000 
1.001474901e+000 1.001274021e+000 
1.002270280e+000 1.001333927e+000 
1.002665315e+000 1.001382095e+000 
1.002019710e+000 1.001329659e+000 
1.001450078e+000 1.001273456e+000 
1.001573589e+000 1.001276433e+000 
1.001482480e+000 1.001275844e+000 
1.001267667e+000 1.001245940e+000 
1.001780635e+000 1.001306556e+000 
1.001338628e+000 1.001269868e+000 
1.001296068e+000 1.001246774e+000 
1.002353043e+000 1.001357209e+000 
1.001641891e+000 1.001278889e+000 
1.001907064e+000 1.001324840e+000 
1.001937380e+000 1.001325096e+000 
1.002454479e+000 1.001358333e+000 
1.001698306e+000 1.001301993e+000 
1.001476210e+000 1.001274269e+000 
1.002400487e+000 1.001357772e+000 
1.001650861e+000 1.001301434e+000 
1.002121146e+000 1.001330783e+000 
1.002501924e+000 1.001358896e+000 
1.001275211e+000 1.001246482e+000 
1.001733191e+000 1.001305997e+000 
1.001889936e+000 1.001324533e+000 
1.001269936e+000 1.001245961e+000 
1.001882072e+000 1.001307680e+000 
1.002383154e+000 1.001357567e+000 
1.001192664e+000 1.001221009e+000 
1.001227766e+000 1.001245923e+000 
1.001407908e+000 1.001273418e+000 
1.001455352e+000 1.001273977e+000 
1.001941949e+000 1.001328840e+000 
1.001834627e+000 1.001307121e+000 
1.001972265e+000 1.001329096e+000 
1.002073702e+000 1.001330220e+000 
1.002484590e+000 1.001358692e+000 
1.001601946e+000 1.001277143e+000 
1.001178506e+000 1.001218264e+000 
1.000728957e+000 1.000409039e+000 
1.000705210e+000 1.000395934e+000 
1.000910930e+000 1.000416553e+000 
1.000886854e+000 1.000413183e+000 
1.000877992e+000 1.000409644e+000 
1.001038480e+000 1.000423562e+000 
1.000825520e+000 1.000409431e+000 
1.000937692e+000 1.000416593e+000 
1.000798758e+000 1.000409390e+000 
1.001172718e+000 1.000429931e+000 
1.001126576e+000 1.000427355e+000 
1.001025787e+000 1.000420350e+000 
1.000999025e+000 1.000420346e+000 
1.000675527e+000 1.000393399e+000 
1.000649119e+000 1.000387035e+000 
1.000701544e+000 1.000394639e+000 
1.001150447e+000 1.000427805e+000 
1.001062352e+000 1.000424012e+000 
1.001089114e+000 1.000424053e+000 
1.014031469e+000 1.064415068e+000 
1.017990428e+000 1.069981038e+000 
1.018542684e+000 1.070341324e+000 
1.019501595e+000 1.071612970e+000 
1.019903816e+000 1.072203542e+000 
1.020091955e+000 1.072226381e+000 
1.019726195e+000 1.072132468e+000 
1.017108187e+000 1.068979346e+000 
1.018746610e+000 1.071112436e+000 
1.015880962e+000 1.067565570e+000 
1.018720305e+000 1.070412399e+000 
1.015330673e+000 1.066730427e+000 
1.015139278e+000 1.066227828e+000 
1.014926261e+000 1.065904190e+000 
1.014948584e+000 1.065958034e+000 
1.014375271e+000 1.064836243e+000 
1.016594147e+000 1.068497261e+000 
1.016404278e+000 1.067926988e+000 
1.017091269e+000 1.068840215e+000 
1.016574706e+000 1.068408171e+000 
1.052325199e+000 1.840317535e+000 
1.032272782e+000 1.808468757e+000 
1.074359966e+000 1.863349706e+000 
1.190228652e+000 1.924634089e+000 
1.038425056e+000 1.821187706e+000 
1.073221012e+000 1.862441008e+000 
1.084669792e+000 1.872057380e+000 
1.197086282e+000 1.927561257e+000 
1.130100882e+000 1.901715438e+000 
1.214441939e+000 1.929744983e+000 
1.064311549e+000 1.854022242e+000 
1.076437572e+000 1.865334615e+000 
1.034619266e+000 1.814480414e+000 
1.059113124e+000 1.848456065e+000 
1.107101241e+000 1.887593046e+000 
1.180894953e+000 1.921348902e+000 
1.037104761e+000 1.818472046e+000 
1.059417768e+000 1.848669181e+000 
1.072406980e+000 1.861759129e+000 
1.184224063e+000 1.922980706e+000 
1.155818555e+000 1.913327391e+000 
1.032705258e+000 1.809376247e+000 
1.108535651e+000 1.889442933e+000 
1.055966322e+000 1.845443331e+000 
1.033911722e+000 1.813072611e+000 
1.036955105e+000 1.818150171e+000 
1.043634132e+000 1.829760242e+000 
1.098623355e+000 1.882588033e+000 
1.202300429e+000 1.927607282e+000 
1.055599199e+000 1.844727002e+000 
1.079401513e+000 1.867529155e+000 
1.125087931e+000 1.899216544e+000 
1.034578333e+000 1.814008889e+000 
1.150784483e+000 1.911622055e+000 
1.088654188e+000 1.875096689e+000 
1.061211611e+000 1.850978598e+000 
1.194670995e+000 1.926895565e+000 
1.196427667e+000 1.926930563e+000 
1.151231729e+000 1.911628336e+000 
1.055328144e+000 1.844658586e+000 
1.034339654e+000 1.813322047e+000 
1.054311864e+000 1.843299821e+000 
1.048754052e+000 1.836249636e+000 
1.074556261e+000 1.863587494e+000 
1.033673042e+000 1.812385769e+000 
1.032194348e+000 1.807879677e+000 
1.041697950e+000 1.826895316e+000 
1.042158974e+000 1.827667925e+000 
1.050375668e+000 1.838003076e+000 
1.037208829e+000 1.818657201e+000 
1.036546989e+000 1.817804734e+000 
1.041286948e+000 1.825898363e+000 
1.062222852e+000 1.851672950e+000 
1.034462707e+000 1.813379942e+000 
1.067763141e+000 1.857577834e+000 
1.060922237e+000 1.850867024e+000 
1.115477923e+000 1.893899087e+000 
1.136284879e+000 1.905939620e+000 
1.153409999e+000 1.912338264e+000 
1.064482968e+000 1.854484926e+000 
1.059690391e+000 1.849179960e+000 
1.131747398e+000 1.902803229e+000 
1.139302762e+000 1.907253785e+000 
1.143239897e+000 1.908942623e+000 
1.144133806e+000 1.909334555e+000 
1.142229532e+000 1.908568507e+000 
1.141741180e+000 1.908281601e+000 
1.144876517e+000 1.909510613e+000 
1.147660854e+000 1.909974776e+000 
1.151563231e+000 1.911853693e+000 
1.034473737e+000 1.813408882e+000 
1.144183901e+000 1.909346011e+000 
1.087893794e+000 1.874806130e+000 
1.067224500e+000 1.857112914e+000 
1.148086277e+000 1.911224928e+000 
1.060101937e+000 1.849710952e+000 
1.192697373e+000 1.925680161e+000 
1.139369773e+000 1.907309550e+000 
1.042969802e+000 1.828558544e+000 
1.068910999e+000 1.858576070e+000 
1.057770527e+000 1.847120075e+000 
1.059065919e+000 1.848421558e+000 
1.037645036e+000 1.819423391e+000 
1.064911152e+000 1.854910139e+000 
1.072102336e+000 1.861546014e+000 
1.104718501e+000 1.886673330e+000 
1.172421033e+000 1.918863597e+000 
1.042691169e+000 1.828221731e+000 
1.066574589e+000 1.856520446e+000 
1.047371043e+000 1.834407128e+000 
1.060049461e+000 1.849620019e+000 
1.154598392e+000 1.912735704e+000 
1.167832368e+000 1.917257748e+000 
1.058024164e+000 1.847847029e+000 
1.082473606e+000 1.870324136e+000 
1.134773217e+000 1.905033495e+000 
1.190074888e+000 1.924475484e+000 
1.190839113e+000 1.925365395e+000 
1.187256192e+000 1.923446869e+000 
1.128384854e+000 1.901279243e+000 
1.076132928e+000 1.865121500e+000 
1.060421457e+000 1.850281041e+000 
1.127575870e+000 1.900529502e+000 
1.202460599e+000 1.928319492e+000 
1.058544335e+000 1.848049595e+000 
1.172261704e+000 1.918480977e+000 
1.090284241e+000 1.876285669e+000 
1.063210396e+000 1.852995240e+000 
1.136156516e+000 1.905650958e+000 
1.095454404e+000 1.880431538e+000 
1.117567711e+000 1.894897126e+000 
1.067388621e+000 1.857202325e+000 
1.045819653e+000 1.832381318e+000 
1.084312181e+000 1.871671784e+000 
1.046222833e+000 1.832979914e+000 
1.049711328e+000 1.837592537e+000 
1.105149858e+000 1.887033825e+000 
1.040889905e+000 1.825216802e+000 
1.039428544e+000 1.822923579e+000 
1.105099526e+000 1.886965689e+000 
1.038564364e+000 1.821218959e+000 
1.103587376e+000 1.886055288e+000 
1.085615809e+000 1.872765857e+000 
1.038165114e+000 1.820609926e+000 
1.039213659e+000 1.822535814e+000 
1.092068611e+000 1.877998234e+000 
1.089829590e+000 1.875857986e+000 
1.084113906e+000 1.871209983e+000 
1.051425219e+000 1.839874745e+000 
1.145709648e+000 1.909578317e+000 
1.088118213e+000 1.874977264e+000 
1.048647579e+000 1.836153256e+000 
1.046198016e+000 1.832906618e+000 
1.079798154e+000 1.868438592e+000 
1.046730722e+000 1.833784251e+000 
1.038876068e+000 1.821795834e+000 
1.054032907e+000 1.842930020e+000 
1.043928586e+000 1.829921181e+000 
1.045179274e+000 1.831563717e+000 
1.051593131e+000 1.840093503e+000 
1.051318745e+000 1.839778365e+000 
1.100718850e+000 1.884268892e+000 
1.052602655e+000 1.841317683e+000 
1.049343764e+000 1.837168424e+000 
1.133935745e+000 1.904158614e+000 
1.087269986e+000 1.874131689e+000 
1.050996708e+000 1.839096981e+000 
1.063274945e+000 1.853007256e+000 
1.088891863e+000 1.875648708e+000 
1.096472500e+000 1.881039328e+000 
1.119480810e+000 1.895918709e+000 
1.212031783e+000 1.929370441e+000 
1.091459269e+000 1.877393775e+000 
1.222115337e+000 1.932075537e+000 
1.089698344e+000 1.875769797e+000 
1.085787512e+000 1.872892224e+000 
1.085897556e+000 1.873299354e+000 
1.222303895e+000 1.932493510e+000 
1.093438967e+000 1.878959738e+000 
1.166864933e+000 1.916916967e+000 
1.090747647e+000 1.876849060e+000 
1.115294705e+000 1.893543901e+000 
1.113027674e+000 1.892470695e+000 
1.158427130e+000 1.913698924e+000 
1.104659646e+000 1.886451853e+000 
1.216607118e+000 1.930789536e+000 
1.159608776e+000 1.913857998e+000 
1.119958735e+000 1.896325565e+000 
1.112058710e+000 1.891665188e+000 
1.120927699e+000 1.897131072e+000 
1.116737508e+000 1.894688232e+000 
1.116243860e+000 1.894163385e+000 
1.088325974e+000 1.875036731e+000 
1.099156655e+000 1.882943520e+000 
1.103082095e+000 1.885776178e+000 
1.112520288e+000 1.892033630e+000 
1.215329411e+000 1.930330355e+000 
1.122944553e+000 1.897935711e+000 
1.182734740e+000 1.921699547e+000 
1.169377943e+000 1.917966456e+000 
1.111442510e+000 1.891186521e+000 
1.229155774e+000 1.934364718e+000 
1.128940839e+000 1.901366510e+000 
1.229058148e+000 1.933920213e+000 
1.077536147e+000 1.866368738e+000 
1.077169903e+000 1.865918686e+000 
1.125719784e+000 1.899521605e+000 
1.076270629e+000 1.865293578e+000 
1.078661768e+000 1.867112330e+000 
1.225757112e+000 1.933401185e+000 
1.080573108e+000 1.868724573e+000 
1.098178688e+000 1.882338976e+000 
1.209745274e+000 1.928687257e+000 
1.172555592e+000 1.919229465e+000 
1.177061396e+000 1.920745952e+000 
1.173678111e+000 1.919402526e+000 
1.166273256e+000 1.916683075e+000 
1.173503956e+000 1.919351596e+000 
1.000015567e+000 1.000001210e+000 
1.000276427e+000 1.000001628e+000 
1.000072050e+000 1.000001235e+000 
1.000291994e+000 1.000001833e+000 
1.000087617e+000 1.000001440e+000 
1.000000000e+000 1.000001004e+000 
1.000182817e+000 1.000001623e+000 
1.003241183e+000 1.007189049e+000 
1.003070229e+000 1.007131679e+000 
1.002962097e+000 1.006881711e+000 
1.002938620e+000 1.006865439e+000 
1.003032957e+000 1.007013672e+000 
1.003199679e+000 1.007146112e+000 
1.004502102e+000 1.008160863e+000 
1.005123001e+000 1.008476806e+000 
1.003740307e+000 1.007757905e+000 
1.004995915e+000 1.008429216e+000 
1.003246169e+000 1.007470225e+000 
1.003939571e+000 1.007885403e+000 
1.005076769e+000 1.008439902e+000 
1.003466454e+000 1.007619087e+000 
1.004332345e+000 1.008126975e+000 
1.004835006e+000 1.008319178e+000 
1.003531181e+000 1.007621827e+000 
1.003462097e+000 1.007600678e+000 
1.003661360e+000 1.007728176e+000 
1.003310896e+000 1.007472965e+000 
1.004194818e+000 1.007974133e+000 
1.004050970e+000 1.007885653e+000 
1.004213079e+000 1.008018662e+000 
1.004580728e+000 1.008164006e+000 
1.003851707e+000 1.007758155e+000 
1.005111686e+000 1.008465330e+000 
1.004793778e+000 1.008196421e+000 
1.004679360e+000 1.008182404e+000 
1.000628184e+000 1.000246857e+000 
1.000610543e+000 1.000047074e+000 
1.000491184e+000 1.000046554e+000 
1.000526343e+000 1.000046744e+000 
1.000576486e+000 1.000046838e+000 
1.002771685e+000 1.003369692e+000 
1.002683901e+000 1.003316584e+000 
1.002739816e+000 1.003368621e+000 
1.030138987e+000 1.262364500e+000 
1.031695663e+000 1.264413403e+000 
1.027853892e+000 1.258811741e+000 
1.022265206e+000 1.247785525e+000 
1.027036935e+000 1.257772014e+000 
1.026656703e+000 1.256844501e+000 
1.028456123e+000 1.259563943e+000 
1.027220097e+000 1.257942538e+000 
1.021254227e+000 1.245101395e+000 
1.022547678e+000 1.248367099e+000 
1.022321439e+000 1.247876309e+000 
1.029378515e+000 1.261254936e+000 
1.020762618e+000 1.244470658e+000 
1.020444978e+000 1.243316213e+000 
1.023342663e+000 1.250555583e+000 
1.021982653e+000 1.247266749e+000 
1.023230882e+000 1.250092960e+000 
1.023054197e+000 1.249900331e+000 
1.022795223e+000 1.249274727e+000 
1.025183075e+000 1.254257013e+000 
1.023513317e+000 1.250952764e+000 
1.031524290e+000 1.264032246e+000 
1.026713114e+000 1.256991952e+000 
1.029029850e+000 1.260667104e+000 
1.024731113e+000 1.253200886e+000 
1.029960327e+000 1.261794494e+000 
1.023907688e+000 1.251655933e+000 
1.025709732e+000 1.255315463e+000 
1.023732826e+000 1.251552690e+000 
1.005717468e+000 1.018290799e+000 
1.008745523e+000 1.020084772e+000 
1.009598991e+000 1.020423442e+000 
1.005659260e+000 1.018079590e+000 
1.009354070e+000 1.020341479e+000 
1.007669157e+000 1.019534829e+000 
1.010643696e+000 1.020932364e+000 
1.005219576e+000 1.017757832e+000 
1.006157152e+000 1.018612557e+000 
1.005774626e+000 1.018302707e+000 
1.006486902e+000 1.018848420e+000 
1.012910693e+000 1.021926868e+000 
1.005787126e+000 1.018328317e+000 
1.006064837e+000 1.018564184e+000 
1.006257217e+000 1.018615713e+000 
1.006579217e+000 1.018896793e+000 
1.009157026e+000 1.020282594e+000 
1.005887191e+000 1.018331473e+000 
1.013591257e+000 1.022191943e+000 
1.005694811e+000 1.018279944e+000 
1.008634861e+000 1.020014806e+000 
1.007970323e+000 1.019757535e+000 
1.008726650e+000 1.020029239e+000 
1.008337481e+000 1.019856215e+000 
1.008215244e+000 1.019836944e+000 
1.007052191e+000 1.019166645e+000 
1.006804350e+000 1.018925670e+000 
1.011790940e+000 1.021457211e+000 
1.011606150e+000 1.021330031e+000 
1.012187704e+000 1.021561703e+000 
1.010920274e+000 1.021073976e+000 
1.008971571e+000 1.020108648e+000 
1.011558185e+000 1.021320506e+000 
1.011702941e+000 1.021434014e+000 
1.010814668e+000 1.020998433e+000 
1.013679673e+000 1.022212072e+000 
1.010604584e+000 1.020885980e+000 
1.012063947e+000 1.021540054e+000 
1.013421624e+000 1.022096098e+000 
1.013486725e+000 1.022111519e+000 
1.012501346e+000 1.021737362e+000 
1.012652644e+000 1.021810894e+000 
1.013744774e+000 1.022227468e+000 
1.002647743e+000 1.001376805e+000 
1.356023045e+000 1.974672099e+000 
1.324290251e+000 1.968545833e+000 
1.289998214e+000 1.958294042e+000 
1.339807091e+000 1.971609479e+000 
1.260257657e+000 1.948472645e+000 
1.226336053e+000 1.933879661e+000 
1.337938873e+000 1.971206392e+000 
1.511261428e+000 1.995842193e+000 
1.361978745e+000 1.976105264e+000 
1.304711850e+000 1.962791372e+000 
1.276659604e+000 1.953819765e+000 
1.250180789e+000 1.944506449e+000 
1.260464868e+000 1.948672113e+000 
1.354007792e+000 1.974385946e+000 
1.251766889e+000 1.945043979e+000 
1.236816774e+000 1.937318119e+000 
1.273542614e+000 1.952632395e+000 
1.263154699e+000 1.949369371e+000 
1.315550831e+000 1.965848549e+000 
1.358893957e+000 1.974937617e+000 
1.263157239e+000 1.949395972e+000 
1.337668084e+000 1.970956814e+000 
1.270108735e+000 1.951269554e+000 
1.360982110e+000 1.975378121e+000 
1.267546007e+000 1.950970724e+000 
1.257449470e+000 1.948436551e+000 
1.265874008e+000 1.949940289e+000 
1.306238107e+000 1.963271501e+000 
1.509125063e+000 1.995837502e+000 
1.256546674e+000 1.947357753e+000 
1.234037847e+000 1.935983016e+000 
1.302944308e+000 1.962557636e+000 
1.364061377e+000 1.976522519e+000 
1.364028115e+000 1.976201634e+000 
1.240301793e+000 1.940291206e+000 
1.555311909e+000 1.998044842e+000 
1.338522434e+000 1.971563518e+000 
1.359029392e+000 1.975205732e+000 
1.299973390e+000 1.961776446e+000 
1.270535364e+000 1.951525178e+000 
1.255503150e+000 1.946944215e+000 
1.266672965e+000 1.950604571e+000 
1.309913925e+000 1.964689039e+000 
1.244809020e+000 1.941971944e+000 
1.246156717e+000 1.942898702e+000 
1.367970559e+000 1.976827902e+000 
1.267030558e+000 1.950963440e+000 
1.458594593e+000 1.991074637e+000 
1.351652811e+000 1.974025290e+000 
1.320709075e+000 1.968004308e+000 
1.505098248e+000 1.995674418e+000 
1.262998624e+000 1.948991909e+000 
1.302983666e+000 1.962733102e+000 
1.521670973e+000 1.996419597e+000 
1.304776907e+000 1.962918250e+000 
1.248798171e+000 1.943905698e+000 
1.282887985e+000 1.956419920e+000 
1.316231767e+000 1.966296799e+000 
1.240891504e+000 1.941083340e+000 
1.319430384e+000 1.967487185e+000 
1.346042831e+000 1.972769464e+000 
1.243073547e+000 1.941343631e+000 
1.288934472e+000 1.958040148e+000 
1.332644316e+000 1.969078509e+000 
1.348923204e+000 1.973405696e+000 
1.228811909e+000 1.933911877e+000 
1.285236946e+000 1.956839946e+000 
1.292206925e+000 1.959563944e+000 
1.357914739e+000 1.974850745e+000 
1.354838467e+000 1.974512705e+000 
1.332842065e+000 1.969187371e+000 
1.251897835e+000 1.945141364e+000 
1.526950385e+000 1.996554487e+000 
1.475404656e+000 1.992444788e+000 
1.348922151e+000 1.973008466e+000 
1.351553039e+000 1.973814077e+000 
1.352925253e+000 1.974259921e+000 
1.329584371e+000 1.968935634e+000 
1.278635367e+000 1.955007413e+000 
1.298354803e+000 1.960379161e+000 
1.298670061e+000 1.960685221e+000 
1.336592842e+000 1.970500234e+000 
1.252792602e+000 1.945347479e+000 
1.342109309e+000 1.971721180e+000 
1.251252443e+000 1.944887464e+000 
1.457051998e+000 1.990901521e+000 
1.650646681e+000 2.000000000e+000 
1.335013623e+000 1.969941490e+000 
1.349793227e+000 1.973585459e+000 
1.288102341e+000 1.957592372e+000 
1.294477982e+000 1.960105156e+000 
1.280933453e+000 1.955672400e+000 
1.302604609e+000 1.962422767e+000 
1.306862371e+000 1.963982595e+000 
1.304972285e+000 1.963248406e+000 
1.503470710e+000 1.995601138e+000 
1.240188091e+000 1.939243819e+000 
1.281553254e+000 1.955957727e+000 
1.246894583e+000 1.943360665e+000 
1.225636447e+000 1.932548360e+000 
1.238518484e+000 1.938003367e+000 
1.235617732e+000 1.936408846e+000 
1.483400626e+000 1.993867838e+000 
1.315624636e+000 1.965913481e+000 
1.497437840e+000 1.995361153e+000 
1.311893621e+000 1.964887850e+000 
1.318993854e+000 1.966696717e+000 
1.500378311e+000 1.995480060e+000 
1.295671834e+000 1.960360314e+000 
1.286611769e+000 1.956973106e+000 
1.233112247e+000 1.935379820e+000 
1.251016383e+000 1.944615714e+000 
1.308761751e+000 1.964108123e+000 
1.254593873e+000 1.946114838e+000 
1.516231151e+000 1.996057487e+000 
1.299337303e+000 1.960983592e+000 
1.520452484e+000 1.996231232e+000 
1.253918022e+000 1.945663448e+000 
1.446492825e+000 1.989416620e+000 
1.232494599e+000 1.934790758e+000 
1.471940148e+000 1.992311942e+000 
1.521560239e+000 1.996315283e+000 
1.299686346e+000 1.961293665e+000 
1.232145768e+000 1.934637319e+000 
1.477714931e+000 1.992857668e+000 
1.275832687e+000 1.953523860e+000 
1.238358952e+000 1.937838950e+000 
1.489257352e+000 1.994242809e+000 
1.273621218e+000 1.952877745e+000 
1.485928662e+000 1.994161265e+000 
1.239920145e+000 1.938005029e+000 
1.255214993e+000 1.946288652e+000 
1.313127140e+000 1.965164772e+000 
1.231491235e+000 1.934396452e+000 
1.492919648e+000 1.994496138e+000 
1.275575612e+000 1.952962586e+000 
1.272606418e+000 1.952177199e+000 
1.314280639e+000 1.965452571e+000 
1.479700030e+000 1.993640228e+000 
1.489815623e+000 1.994288961e+000 
1.479548373e+000 1.993229676e+000 
1.291144201e+000 1.958800338e+000 
1.291395489e+000 1.958996042e+000 
1.335509817e+000 1.970463989e+000 
1.329556061e+000 1.968582206e+000 
1.308195107e+000 1.963989204e+000 
1.548587274e+000 1.997518517e+000 
1.567776494e+000 1.998652234e+000 
1.313569602e+000 1.965198940e+000 
1.315122791e+000 1.965573658e+000 
1.333802212e+000 1.969807590e+000 
1.298903004e+000 1.960841385e+000 
1.549263099e+000 1.997687255e+000 
1.287173619e+000 1.957306128e+000 
1.306239265e+000 1.963385686e+000 
1.303828092e+000 1.962776991e+000 
1.234602860e+000 1.936000100e+000 
1.493063728e+000 1.994782183e+000 
1.563178253e+000 1.998601447e+000 
1.270223274e+000 1.951360491e+000 
1.417894230e+000 1.985298850e+000 
1.559210602e+000 1.998071175e+000 
1.262983820e+000 1.948783625e+000 
1.561166361e+000 1.998436473e+000 
1.554162906e+000 1.998009290e+000 
1.452457304e+000 1.990460102e+000 
1.449400003e+000 1.990170794e+000 
1.454499056e+000 1.990745730e+000 
1.265722616e+000 1.949620121e+000 
1.337050542e+000 1.970623926e+000 
1.512785080e+000 1.995875769e+000 
1.581576993e+000 1.998917999e+000 
1.455079578e+000 1.990848963e+000 
1.269155877e+000 1.951236889e+000 
1.272023150e+000 1.951922111e+000 
1.559404536e+000 1.998270102e+000 
1.423371195e+000 1.985865673e+000 
1.331958776e+000 1.969071900e+000 
1.476492703e+000 1.992827531e+000 
1.617859193e+000 1.999734787e+000 
1.475637301e+000 1.992804520e+000 
1.429202605e+000 1.986961129e+000 
1.465965047e+000 1.991984477e+000 
1.462810696e+000 1.991519296e+000 
1.460529451e+000 1.991157988e+000 
1.608885542e+000 1.999628504e+000 
1.344745694e+000 1.971983433e+000 
1.650410240e+000 1.999948534e+000 
1.419760705e+000 1.985644445e+000 
1.430558777e+000 1.986995579e+000 
1.426027727e+000 1.986503723e+000 
1.425034398e+000 1.986225457e+000 
1.648354759e+000 1.999945311e+000 
1.422617802e+000 1.985805422e+000 
1.438339589e+000 1.988411533e+000 
1.439095635e+000 1.988423857e+000 
1.446681982e+000 1.989651547e+000 
1.431583041e+000 1.987633630e+000 
1.426317333e+000 1.986821525e+000 
1.463721805e+000 1.991786842e+000 
1.443784740e+000 1.989361650e+000 
1.463472200e+000 1.991723618e+000 
1.440276788e+000 1.988739519e+000 
1.440414960e+000 1.988792270e+000 
1.470421382e+000 1.992253263e+000 
1.435515968e+000 1.988285275e+000 
1.449220302e+000 1.989751529e+000 
1.467966994e+000 1.992200958e+000 
1.449000015e+000 1.989710833e+000 
1.463170022e+000 1.991574916e+000 
1.611041383e+000 1.999698476e+000 
1.596699657e+000 1.999465055e+000 
1.644889003e+000 1.999926694e+000 
1.368105409e+000 1.976872705e+000 
1.368408717e+000 1.977045542e+000 
1.645230029e+000 1.999928834e+000 
1.376522072e+000 1.978736606e+000 
1.366902467e+000 1.976688101e+000 
1.344975659e+000 1.972191846e+000 
1.365930351e+000 1.976621683e+000 
1.643896024e+000 1.999912791e+000 
1.619979835e+000 1.999877957e+000 
1.361204554e+000 1.975756961e+000 
1.367524629e+000 1.976800253e+000 
1.373784157e+000 1.978040899e+000 
1.373013226e+000 1.977906700e+000 
1.595725678e+000 1.999342502e+000 
1.595841678e+000 1.999355284e+000 
1.410190509e+000 1.984327670e+000 
1.380483237e+000 1.979314206e+000 
1.408040781e+000 1.984082040e+000 
1.411095150e+000 1.984401757e+000 
1.407779164e+000 1.984077345e+000 
1.594020571e+000 1.999326113e+000 
1.607160786e+000 1.999561174e+000 
1.387286330e+000 1.980506001e+000 
1.399717036e+000 1.983033825e+000 
1.404916423e+000 1.983752075e+000 
1.393559109e+000 1.982076448e+000 
1.388375333e+000 1.980887593e+000 
1.642800004e+000 1.999880397e+000 
1.390880882e+000 1.981508589e+000 
1.411038838e+000 1.984377506e+000 
1.392718531e+000 1.981952994e+000 
1.378400621e+000 1.979076503e+000 
1.382764237e+000 1.980099255e+000 
1.385327681e+000 1.980148732e+000 
1.590224596e+000 1.999236880e+000 
1.396775858e+000 1.982626734e+000 
1.396348418e+000 1.982298822e+000 
1.402165995e+000 1.983215412e+000 
1.398458491e+000 1.982793080e+000 
1.580553425e+000 1.998876677e+000 
1.584743132e+000 1.999085834e+000 
1.586066909e+000 1.999124219e+000 
1.585587195e+000 1.999117599e+000 
1.370857510e+000 1.977476115e+000 
1.642714867e+000 1.999878462e+000 
1.376184774e+000 1.978414399e+000 
1.386293625e+000 1.980227146e+000 
1.414893187e+000 1.984798228e+000 
1.414655026e+000 1.984751423e+000 
1.557057200e+000 1.998046536e+000 
1.573115016e+000 1.998694535e+000 
1.528673322e+000 1.996622085e+000 
1.579923116e+000 1.998855279e+000 
1.551706735e+000 1.997888795e+000 
1.578140435e+000 1.998728016e+000 
1.552756576e+000 1.997914888e+000 
1.551603482e+000 1.997773650e+000 
1.526342821e+000 1.996532142e+000 
1.545445177e+000 1.997407276e+000 
1.545996701e+000 1.997438052e+000 
1.544466015e+000 1.997283119e+000 
1.543655067e+000 1.997235032e+000 
1.539293032e+000 1.997086274e+000 
1.541023848e+000 1.997207081e+000 
1.545040048e+000 1.997326009e+000 
1.535314527e+000 1.996959547e+000 
1.532983470e+000 1.996769732e+000 
1.532723077e+000 1.996708033e+000 

