1.011838852e+000 1.026252037e+000 
1.016567844e+000 1.029642245e+000 
1.012006089e+000 1.026464224e+000 
1.017038749e+000 1.029744468e+000 
1.017588499e+000 1.029958344e+000 
1.015895250e+000 1.028976890e+000 
1.011574357e+000 1.026142712e+000 
1.017428829e+000 1.029818775e+000 
1.056227207e+000 1.755710302e+000 
1.059653541e+000 1.762741926e+000 
1.065748648e+000 1.774527330e+000 
1.179856322e+000 1.898595451e+000 
1.047626143e+000 1.734551714e+000 
1.055258595e+000 1.753295942e+000 
1.127243326e+000 1.857809067e+000 
1.074659886e+000 1.789689618e+000 
1.048910117e+000 1.738248737e+000 
1.090597057e+000 1.815082616e+000 
1.071795728e+000 1.784772515e+000 
1.060754415e+000 1.764844334e+000 
1.055504887e+000 1.754331684e+000 
1.055754829e+000 1.755094232e+000 
1.072654154e+000 1.786085039e+000 
1.091209644e+000 1.816390344e+000 
1.130644883e+000 1.860217613e+000 
1.058306142e+000 1.760826147e+000 
1.063030621e+000 1.768890301e+000 
1.049245031e+000 1.739325037e+000 
1.099942957e+000 1.827913961e+000 
1.129088275e+000 1.858865674e+000 
1.071440399e+000 1.784348877e+000 
1.059117767e+000 1.762000171e+000 
1.082197793e+000 1.802356212e+000 
1.086052390e+000 1.808534726e+000 
1.176675393e+000 1.897114485e+000 
1.148491293e+000 1.879405598e+000 
1.053234389e+000 1.749120889e+000 
1.103934528e+000 1.832393876e+000 
1.208229501e+000 1.911910753e+000 
1.069525743e+000 1.781176720e+000 
1.083837128e+000 1.805584084e+000 
1.049513208e+000 1.740789373e+000 
1.086560472e+000 1.809409125e+000 
1.161903462e+000 1.885845167e+000 
1.070393537e+000 1.782241937e+000 
1.128493963e+000 1.858346041e+000 
1.069796246e+000 1.781240963e+000 
1.073198210e+000 1.787247759e+000 
1.064085137e+000 1.770847733e+000 
1.087146041e+000 1.810015246e+000 
1.049887689e+000 1.741608288e+000 
1.176573322e+000 1.897027138e+000 
1.072393019e+000 1.785773488e+000 
1.085174280e+000 1.806661156e+000 
1.161396251e+000 1.885464508e+000 
1.049387753e+000 1.739731383e+000 
1.140177256e+000 1.871154156e+000 
1.208177844e+000 1.911275951e+000 
1.071255099e+000 1.783893401e+000 
1.211829082e+000 1.912432809e+000 
1.143902437e+000 1.874786111e+000 
1.156704679e+000 1.884380513e+000 
1.064487905e+000 1.771610281e+000 
1.066264639e+000 1.775177964e+000 
1.157224269e+000 1.884808328e+000 
1.060531495e+000 1.764045093e+000 
1.061157183e+000 1.765606882e+000 
1.190428860e+000 1.901465027e+000 
1.046482927e+000 1.731949984e+000 
1.192073646e+000 1.903463261e+000 
1.153833514e+000 1.883778398e+000 
1.130530851e+000 1.859876332e+000 
1.151281611e+000 1.881815762e+000 
1.046565466e+000 1.732098261e+000 
1.059903482e+000 1.763504474e+000 
1.065345880e+000 1.773764782e+000 
1.053910587e+000 1.750304610e+000 
1.045496896e+000 1.728375502e+000 
1.210054010e+000 1.911920907e+000 
1.161928637e+000 1.886513623e+000 
1.045260141e+000 1.725489342e+000 
1.061942899e+000 1.767111185e+000 
1.052222791e+000 1.745896859e+000 
1.076741515e+000 1.792423078e+000 
1.097116311e+000 1.824269429e+000 
1.053403321e+000 1.749325893e+000 
1.176984558e+000 1.897205209e+000 
1.213715245e+000 1.913649184e+000 
1.047242651e+000 1.733757865e+000 
1.045979515e+000 1.730788015e+000 
1.075641005e+000 1.791171389e+000 
1.146555136e+000 1.877055293e+000 
1.201229338e+000 1.907566289e+000 
1.145350262e+000 1.876119664e+000 
1.135672463e+000 1.866891541e+000 
1.103535061e+000 1.831655135e+000 
1.210728461e+000 1.912144090e+000 
1.049258822e+000 1.739388331e+000 
1.085388037e+000 1.807279882e+000 
1.149234452e+000 1.880352763e+000 
1.151189517e+000 1.881462436e+000 
1.132754647e+000 1.863695889e+000 
1.156026082e+000 1.884350900e+000 
1.097230929e+000 1.824332919e+000 
1.191580859e+000 1.903065152e+000 
1.187249426e+000 1.901023730e+000 
1.119131558e+000 1.849820748e+000 
1.054864619e+000 1.752806199e+000 
1.054703483e+000 1.752356203e+000 
1.151365467e+000 1.881823970e+000 
1.179533748e+000 1.897473525e+000 
1.052820313e+000 1.747891444e+000 
1.099338328e+000 1.826801202e+000 
1.134415638e+000 1.865774545e+000 
1.205978133e+000 1.909727683e+000 
1.143866568e+000 1.874777904e+000 
1.097364703e+000 1.824556282e+000 
1.126055395e+000 1.857447258e+000 
1.106702038e+000 1.834733240e+000 
1.073552718e+000 1.787526513e+000 
1.142129559e+000 1.873142527e+000 
1.137413826e+000 1.868359689e+000 
1.151533399e+000 1.881875505e+000 
1.101843899e+000 1.830230198e+000 
1.101753477e+000 1.829388804e+000 
1.076240125e+000 1.792164555e+000 
1.051677563e+000 1.744979963e+000 
1.080994079e+000 1.800583016e+000 
1.124397437e+000 1.855616470e+000 
1.122717567e+000 1.854119995e+000 
1.120737119e+000 1.851446053e+000 
1.080529657e+000 1.799570876e+000 
1.073722186e+000 1.788125082e+000 
1.162509556e+000 1.887206111e+000 
1.092043563e+000 1.817296382e+000 
1.078200849e+000 1.795614808e+000 
1.056128581e+000 1.755545745e+000 
1.131853084e+000 1.862267839e+000 
1.114240486e+000 1.844816736e+000 
1.113756359e+000 1.843683530e+000 
1.108478853e+000 1.837791305e+000 
1.079392258e+000 1.797660839e+000 
1.124980127e+000 1.856622272e+000 
1.107499844e+000 1.836790669e+000 
1.072271091e+000 1.785762991e+000 
1.080895733e+000 1.800549559e+000 
1.107339750e+000 1.836552581e+000 
1.136956124e+000 1.868057447e+000 
1.078448727e+000 1.796477450e+000 
1.088417049e+000 1.811972403e+000 
1.071024307e+000 1.783446405e+000 
1.116122405e+000 1.846991451e+000 
1.064066600e+000 1.770503357e+000 
1.147113790e+000 1.877562633e+000 
1.115226567e+000 1.845718661e+000 
1.116944965e+000 1.848200466e+000 
1.117334377e+000 1.849058769e+000 
1.111316957e+000 1.841059252e+000 
1.081623564e+000 1.801447589e+000 
1.094255178e+000 1.820462388e+000 
1.090029140e+000 1.814284354e+000 
1.110927545e+000 1.840200949e+000 
1.159965127e+000 1.885146399e+000 
1.099500801e+000 1.827263091e+000 
1.130742290e+000 1.861149926e+000 
1.163329327e+000 1.887905985e+000 
1.100068896e+000 1.828162265e+000 
1.111038074e+000 1.840488336e+000 
1.088311336e+000 1.811963848e+000 
1.100915812e+000 1.829265331e+000 
1.094987085e+000 1.821504694e+000 
1.092317188e+000 1.817885710e+000 
1.105772522e+000 1.834524297e+000 
1.130841361e+000 1.861645279e+000 
1.129138056e+000 1.859842197e+000 
1.202821835e+000 1.908228749e+000 
1.218411044e+000 1.915469158e+000 
1.216380433e+000 1.914129864e+000 
1.195442942e+000 1.904164010e+000 
1.122251094e+000 1.853100054e+000 
1.124181392e+000 1.855124665e+000 
1.162124843e+000 1.887194718e+000 
1.164169664e+000 1.888398129e+000 
1.168849745e+000 1.892334654e+000 
1.168749922e+000 1.892309340e+000 
1.166098842e+000 1.890390240e+000 
1.182809110e+000 1.899187426e+000 
1.187027022e+000 1.900028763e+000 
1.005245936e+000 1.010729109e+000 
1.004417934e+000 1.010476850e+000 
1.004032514e+000 1.010418983e+000 
1.005156308e+000 1.010559013e+000 
1.005004410e+000 1.010519797e+000 
1.005782014e+000 1.011808679e+000 
1.008663369e+000 1.012978541e+000 
1.006481201e+000 1.012210872e+000 
1.005650630e+000 1.011794832e+000 
1.006552738e+000 1.012479848e+000 
1.011184446e+000 1.013920794e+000 
1.008598313e+000 1.012887742e+000 
1.006312835e+000 1.012166138e+000 
1.005311297e+000 1.011763993e+000 
1.011184122e+000 1.013919925e+000 
1.007415303e+000 1.012595822e+000 
1.007525982e+000 1.012633787e+000 
1.011065142e+000 1.013904954e+000 
1.005571935e+000 1.011792917e+000 
1.009547994e+000 1.013383978e+000 
1.008941644e+000 1.013240605e+000 
1.007141846e+000 1.012546321e+000 
1.006224076e+000 1.012135305e+000 
1.009482492e+000 1.013304391e+000 
1.010548033e+000 1.013800512e+000 
1.007538926e+000 1.012793122e+000 
1.009879571e+000 1.013579374e+000 
1.005942913e+000 1.011846674e+000 
1.009438399e+000 1.013288551e+000 
1.008482452e+000 1.012873617e+000 
1.010503941e+000 1.013798857e+000 
1.009835479e+000 1.013563534e+000 
1.008879532e+000 1.013148600e+000 
1.004017251e+000 1.005177700e+000 
1.000193602e+000 1.000009963e+000 
1.000250860e+000 1.000013286e+000 
1.000000000e+000 1.000000000e+000 
1.000021820e+000 1.000009866e+000 
1.000012164e+000 1.000002752e+000 
1.036245327e+000 1.385023906e+000 
1.041581953e+000 1.400888549e+000 
1.039134548e+000 1.391432675e+000 
1.040668370e+000 1.399018395e+000 
1.041495643e+000 1.400687634e+000 
1.041993355e+000 1.402191467e+000 
1.036660761e+000 1.385135193e+000 
1.039347970e+000 1.395161038e+000 
1.036934559e+000 1.386504567e+000 
1.038328566e+000 1.390621008e+000 
1.037913828e+000 1.390609238e+000 
1.037275992e+000 1.387299112e+000 
1.041752913e+000 1.401742747e+000 
1.042193452e+000 1.403747162e+000 
1.042055480e+000 1.402501686e+000 
1.020111941e+000 1.060240976e+000 
1.022787706e+000 1.062989688e+000 
1.023448313e+000 1.064151190e+000 
1.018747477e+000 1.058159600e+000 
1.019037068e+000 1.059106414e+000 
1.019680504e+000 1.060185394e+000 
1.021457746e+000 1.061560479e+000 
1.018067161e+000 1.056907170e+000 
1.022582437e+000 1.062864754e+000 
1.020632358e+000 1.061350025e+000 
1.017967367e+000 1.056597161e+000 
1.018038725e+000 1.056773311e+000 
1.023155662e+000 1.063323881e+000 
1.018482589e+000 1.058047967e+000 
1.022094338e+000 1.062801232e+000 
1.024212285e+000 1.098921825e+000 
1.031022469e+000 1.109992815e+000 
1.031866666e+000 1.111469189e+000 
1.031558154e+000 1.110263997e+000 
1.024908036e+000 1.100911330e+000 
1.029124020e+000 1.107771101e+000 
1.026290194e+000 1.103088931e+000 
1.024080481e+000 1.098718122e+000 
1.023780469e+000 1.098663219e+000 
1.025812426e+000 1.102447169e+000 
1.029453588e+000 1.108087993e+000 
1.030175659e+000 1.109385743e+000 
1.027823964e+000 1.105864790e+000 
1.024301589e+000 1.099255079e+000 
1.030595971e+000 1.109579887e+000 
1.024611355e+000 1.099807608e+000 
1.024826413e+000 1.100443063e+000 
1.033351221e+000 1.198525051e+000 
1.034414578e+000 1.198970929e+000 
1.035537249e+000 1.202106958e+000 
1.034094174e+000 1.198550354e+000 
1.035772596e+000 1.202629729e+000 
1.035310885e+000 1.201632459e+000 
1.034105525e+000 1.198593482e+000 
1.034821401e+000 1.201005745e+000 
1.000652879e+000 1.000414843e+000 
1.000681224e+000 1.000414871e+000 
1.001791985e+000 1.000482463e+000 
1.003781489e+000 1.000520509e+000 
1.003460694e+000 1.000518536e+000 
1.002082312e+000 1.000486557e+000 
1.003003427e+000 1.000506251e+000 
1.001293454e+000 1.000464781e+000 
1.001787268e+000 1.000482418e+000 
1.003853343e+000 1.000522200e+000 
1.000767861e+000 1.000417211e+000 
1.000494417e+000 1.000412768e+000 
1.001743468e+000 1.000482409e+000 
1.002587875e+000 1.000505405e+000 
1.000718036e+000 1.000415928e+000 
1.002297548e+000 1.000500154e+000 
1.001590825e+000 1.000467731e+000 
1.000790316e+000 1.000434697e+000 
1.001311381e+000 1.000465783e+000 
1.001006229e+000 1.000435304e+000 
1.000499135e+000 1.000414463e+000 
1.003361599e+000 1.000506697e+000 
1.000474869e+000 1.000399278e+000 
1.001632298e+000 1.000468920e+000 
1.001065427e+000 1.000450093e+000 
1.002137861e+000 1.000487768e+000 
1.042497301e+000 1.405715381e+000 
1.042977868e+000 1.406940992e+000 
1.045139326e+000 1.412277537e+000 
1.044265911e+000 1.410633627e+000 
1.044445112e+000 1.410650437e+000 
1.043592901e+000 1.408322573e+000 
1.043452018e+000 1.407205201e+000 
1.014975986e+000 1.028755869e+000 
1.015439354e+000 1.028756747e+000 
1.014219425e+000 1.028636010e+000 
1.012483657e+000 1.027322196e+000 
1.014707688e+000 1.028649294e+000 
1.013820446e+000 1.028528557e+000 
1.013401876e+000 1.027943761e+000 
1.016253500e+000 1.029332393e+000 
1.013219319e+000 1.027487757e+000 
1.014616869e+000 1.028638219e+000 
1.016467075e+000 1.029474992e+000 
1.017925913e+000 1.030259603e+000 
1.000416573e+000 1.000235470e+000 
1.000378412e+000 1.000202906e+000 
1.000271844e+000 1.000202827e+000 
1.000402507e+000 1.000234907e+000 
1.032817286e+000 1.181290188e+000 
1.250558606e+000 1.938327181e+000 
1.272915161e+000 1.951275332e+000 
1.323908835e+000 1.971911937e+000 
1.228153820e+000 1.922965049e+000 
1.373725240e+000 1.984186451e+000 
1.293356213e+000 1.960021838e+000 
1.296542369e+000 1.960404251e+000 
1.299176432e+000 1.961981104e+000 
1.303663809e+000 1.964310615e+000 
1.291730250e+000 1.959434160e+000 
1.266287298e+000 1.947539128e+000 
1.487947387e+000 1.998248886e+000 
1.251843985e+000 1.939596056e+000 
1.232520542e+000 1.925721505e+000 
1.241456481e+000 1.934076830e+000 
1.234222701e+000 1.928465894e+000 
1.391139452e+000 1.988039960e+000 
1.276790909e+000 1.952826440e+000 
1.238123831e+000 1.931855435e+000 
1.233948376e+000 1.928206519e+000 
1.262131404e+000 1.945008445e+000 
1.225145120e+000 1.918889517e+000 
1.237986553e+000 1.931697108e+000 
1.221509748e+000 1.916027348e+000 
1.279636244e+000 1.954148783e+000 
1.268700230e+000 1.949266878e+000 
1.265622465e+000 1.947419898e+000 
1.268144249e+000 1.948971302e+000 
1.238542534e+000 1.931990029e+000 
1.355135391e+000 1.981021035e+000 
1.267755890e+000 1.948284818e+000 
1.227754862e+000 1.922531472e+000 
1.237580155e+000 1.931521212e+000 
1.266863465e+000 1.948195021e+000 
1.227348463e+000 1.922355576e+000 
1.235258528e+000 1.929094623e+000 
1.232307514e+000 1.925609905e+000 
1.269913516e+000 1.950113444e+000 
1.236397192e+000 1.930733277e+000 
1.278426928e+000 1.953667467e+000 
1.275576028e+000 1.952275340e+000 
1.237307679e+000 1.931044902e+000 
1.600836777e+000 2.000000000e+000 
1.277510850e+000 1.953163950e+000 
1.299949662e+000 1.961984565e+000 
1.239726592e+000 1.933605332e+000 
1.262932272e+000 1.945400134e+000 
1.263479438e+000 1.946092779e+000 
1.264367164e+000 1.946246106e+000 
1.226579389e+000 1.920268738e+000 
1.264498644e+000 1.946926868e+000 
1.248688125e+000 1.937975800e+000 
1.265180638e+000 1.947351829e+000 
1.235406551e+000 1.930169810e+000 
1.259683614e+000 1.943484491e+000 
1.242514527e+000 1.934871060e+000 
1.247597287e+000 1.937681879e+000 
1.245877891e+000 1.936996532e+000 
1.251418744e+000 1.938566292e+000 
1.242920925e+000 1.935046956e+000 
1.243498668e+000 1.935702954e+000 
1.296544455e+000 1.960791462e+000 
1.227821824e+000 1.922773143e+000 
1.250327906e+000 1.938272371e+000 
1.274468786e+000 1.951340943e+000 
1.329546668e+000 1.973730910e+000 
1.255861430e+000 1.941109489e+000 
1.268950096e+000 1.949267938e+000 
1.296985259e+000 1.960936181e+000 
1.308089621e+000 1.965538557e+000 
1.230584095e+000 1.925079231e+000 
1.344609937e+000 1.978731058e+000 
1.339173391e+000 1.976518854e+000 
1.226711923e+000 1.921233944e+000 
1.569539380e+000 1.999750937e+000 
1.332817017e+000 1.974849393e+000 
1.229301246e+000 1.923824172e+000 
1.335581092e+000 1.975802009e+000 
1.342476572e+000 1.978079626e+000 
1.229930499e+000 1.924444037e+000 
1.336748622e+000 1.975833558e+000 
1.344699839e+000 1.978805101e+000 
1.341108323e+000 1.977746196e+000 
1.337433937e+000 1.976137184e+000 
1.227102655e+000 1.921437544e+000 
1.352597397e+000 1.980387445e+000 
1.330848067e+000 1.973762023e+000 
1.253229191e+000 1.939647933e+000 
1.355359141e+000 1.981113205e+000 
1.352682915e+000 1.980567855e+000 
1.244686030e+000 1.935997268e+000 
1.241632565e+000 1.934395501e+000 
1.232773706e+000 1.927937913e+000 
1.347044326e+000 1.979526963e+000 
1.349236503e+000 1.979669409e+000 
1.241330611e+000 1.934009849e+000 
1.238948893e+000 1.933330990e+000 
1.407766710e+000 1.990667198e+000 
1.325938149e+000 1.973033469e+000 
1.256069955e+000 1.941381218e+000 
1.409919146e+000 1.991017941e+000 
1.288427443e+000 1.957796166e+000 
1.294822451e+000 1.960322931e+000 
1.339537939e+000 1.976556668e+000 
1.340619419e+000 1.977494101e+000 
1.284925689e+000 1.956335091e+000 
1.281511547e+000 1.954576294e+000 
1.338244287e+000 1.976512858e+000 
1.258180090e+000 1.942557674e+000 
1.291536127e+000 1.959112705e+000 
1.294594525e+000 1.960268486e+000 
1.261391794e+000 1.944118486e+000 
1.288963744e+000 1.957951369e+000 
1.252324102e+000 1.939615052e+000 
1.286385083e+000 1.956371729e+000 
1.256356176e+000 1.942007860e+000 
1.279574023e+000 1.953819054e+000 
1.261698394e+000 1.944601862e+000 
1.281307142e+000 1.954435543e+000 
1.300556998e+000 1.962892254e+000 
1.376788134e+000 1.985339464e+000 
1.286469780e+000 1.957183098e+000 
1.302901616e+000 1.963870163e+000 
1.290731154e+000 1.958694225e+000 
1.287283421e+000 1.957402576e+000 
1.254274753e+000 1.940927926e+000 
1.351181069e+000 1.980026811e+000 
1.298645852e+000 1.961729008e+000 
1.517561895e+000 1.999395720e+000 
1.522369286e+000 1.999585519e+000 
1.520914610e+000 1.999459173e+000 
1.253665770e+000 1.940183427e+000 
1.592965953e+000 1.999901839e+000 
1.588860321e+000 1.999883221e+000 
1.325255453e+000 1.972029874e+000 
1.220759307e+000 1.915542933e+000 
1.223448522e+000 1.917716012e+000 
1.221933939e+000 1.917062368e+000 
1.225965974e+000 1.920004654e+000 
1.224640592e+000 1.917996718e+000 
1.261226343e+000 1.944076630e+000 
1.224751229e+000 1.918338479e+000 
1.227223852e+000 1.921500790e+000 
1.533659116e+000 1.999605723e+000 
1.224283027e+000 1.917808281e+000 
1.391726737e+000 1.988090490e+000 
1.254189900e+000 1.940247195e+000 
1.407127719e+000 1.990619991e+000 
1.325346658e+000 1.972305566e+000 
1.514567364e+000 1.999138045e+000 
1.515891469e+000 1.999184466e+000 
1.393180805e+000 1.988381295e+000 
1.393517356e+000 1.988963267e+000 
1.398319642e+000 1.989528308e+000 
1.394716747e+000 1.989061458e+000 
1.382544567e+000 1.986932274e+000 
1.385195302e+000 1.987768101e+000 
1.510066161e+000 1.999073364e+000 
1.383979594e+000 1.987099727e+000 
1.379476263e+000 1.986375554e+000 
1.512010309e+000 1.999126453e+000 
1.381748296e+000 1.986910074e+000 
1.392106022e+000 1.988206930e+000 
1.507144921e+000 1.998897470e+000 
1.365057982e+000 1.983282158e+000 
1.521826355e+000 1.999511774e+000 
1.369538826e+000 1.983949684e+000 
1.517520075e+000 1.999306363e+000 
1.304878905e+000 1.964380770e+000 
1.300509730e+000 1.962795714e+000 
1.396918121e+000 1.989095006e+000 
1.317833537e+000 1.969759275e+000 
1.317058132e+000 1.968953177e+000 
1.359153037e+000 1.981758758e+000 
1.362288482e+000 1.982624213e+000 
1.364774105e+000 1.983186597e+000 
1.318570744e+000 1.969985422e+000 
1.323220946e+000 1.971293985e+000 
1.320054116e+000 1.970282959e+000 
1.540929969e+000 1.999625178e+000 
1.367150969e+000 1.983544216e+000 
1.364381522e+000 1.982988623e+000 
1.377207964e+000 1.985392129e+000 
1.357721801e+000 1.981371604e+000 
1.306168105e+000 1.965136294e+000 
1.400947979e+000 1.989576754e+000 
1.305943381e+000 1.965093762e+000 
1.354845604e+000 1.980646333e+000 
1.310262727e+000 1.966461893e+000 
1.310475724e+000 1.966732428e+000 
1.420896568e+000 1.992781432e+000 
1.373861879e+000 1.984766327e+000 
1.314797469e+000 1.968191830e+000 
1.310313212e+000 1.966641827e+000 
1.312966846e+000 1.967617239e+000 
1.313983091e+000 1.967868875e+000 
1.400137278e+000 1.989540500e+000 
1.493157400e+000 1.998665475e+000 
1.498199078e+000 1.998712605e+000 
1.413051486e+000 1.991624014e+000 
1.429039013e+000 1.993752999e+000 
1.488742287e+000 1.998378750e+000 
1.474388725e+000 1.998120196e+000 
1.500869699e+000 1.998714347e+000 
1.501154621e+000 1.998809932e+000 
1.401451939e+000 1.989819199e+000 
1.402403840e+000 1.990136097e+000 
1.421358225e+000 1.993247006e+000 
1.563099562e+000 1.999637014e+000 
1.488206857e+000 1.998285907e+000 
1.498113818e+000 1.998676741e+000 
1.483627349e+000 1.998190326e+000 
1.479835492e+000 1.998177304e+000 
1.469370073e+000 1.997907271e+000 
1.480297869e+000 1.998178861e+000 
1.417164123e+000 1.992478528e+000 
1.416231342e+000 1.992112603e+000 
1.415632254e+000 1.992111456e+000 
1.452929477e+000 1.996500536e+000 
1.443574186e+000 1.995254830e+000 
1.435404134e+000 1.994677669e+000 
1.451782841e+000 1.996370799e+000 
1.487526752e+000 1.998215881e+000 
1.487007785e+000 1.998209475e+000 
1.414319141e+000 1.991771301e+000 
1.440571047e+000 1.995029798e+000 
1.472629854e+000 1.998044035e+000 
1.429278343e+000 1.994168955e+000 
1.416836275e+000 1.992406432e+000 
1.434668687e+000 1.994378856e+000 
1.436832470e+000 1.994790296e+000 
1.423897504e+000 1.993275309e+000 
1.421109286e+000 1.992891980e+000 
1.426378288e+000 1.993712429e+000 
1.460082588e+000 1.996953448e+000 
1.455422545e+000 1.996588848e+000 
1.461659466e+000 1.997079015e+000 
1.450203533e+000 1.996059145e+000 
1.443823250e+000 1.995368206e+000 
1.448097386e+000 1.995991233e+000 
1.433374432e+000 1.994330716e+000 
1.457408925e+000 1.996626358e+000 
1.438894283e+000 1.994903119e+000 
1.444446813e+000 1.995524442e+000 
1.465357629e+000 1.997404676e+000 
1.451753663e+000 1.996094263e+000 
1.464795357e+000 1.997343904e+000 
1.458162519e+000 1.996683696e+000 

