1.003868590e+000 1.001386914e+000 
1.005458388e+000 1.001592749e+000 
1.005063168e+000 1.001562476e+000 
1.004303689e+000 1.001471095e+000 
1.004845574e+000 1.001535416e+000 
1.004772140e+000 1.001532284e+000 
1.005719944e+000 1.001596034e+000 
1.005240794e+000 1.001565521e+000 
1.004291180e+000 1.001452663e+000 
1.004634398e+000 1.001506300e+000 
1.004950053e+000 1.001554480e+000 
1.005542318e+000 1.001592989e+000 
1.003948207e+000 1.001413632e+000 
1.004416804e+000 1.001479092e+000 
1.004377123e+000 1.001473964e+000 
1.004521283e+000 1.001498137e+000 
1.004178065e+000 1.001444668e+000 
1.003516560e+000 1.001355857e+000 
1.003649704e+000 1.001382642e+000 
1.003743586e+000 1.001386255e+000 
1.005686699e+000 1.001593582e+000 
1.005384954e+000 1.001589785e+000 
1.004021641e+000 1.001416685e+000 
1.004251500e+000 1.001447631e+000 
1.004989734e+000 1.001559512e+000 
1.003670152e+000 1.001383291e+000 
1.003434766e+000 1.001327069e+000 
1.003266855e+000 1.001324284e+000 
1.003443126e+000 1.001353018e+000 
1.022174397e+000 1.024133180e+000 
1.038066480e+000 1.030788653e+000 
1.033247528e+000 1.029359159e+000 
1.034871401e+000 1.029932235e+000 
1.034403539e+000 1.029642542e+000 
1.038589973e+000 1.030990014e+000 
1.038069481e+000 1.030945184e+000 
1.024692242e+000 1.025751245e+000 
1.033494627e+000 1.029595970e+000 
1.027994755e+000 1.027384643e+000 
1.032862780e+000 1.029314028e+000 
1.034611365e+000 1.029851848e+000 
1.026585022e+000 1.026725944e+000 
1.031083471e+000 1.028715785e+000 
1.035463043e+000 1.030172588e+000 
1.039417305e+000 1.031202227e+000 
1.036617184e+000 1.030608462e+000 
1.032614579e+000 1.029146317e+000 
1.025664584e+000 1.026253653e+000 
1.028697400e+000 1.027714984e+000 
1.029121793e+000 1.027885186e+000 
1.030407146e+000 1.028388240e+000 
1.030557284e+000 1.028505374e+000 
1.028568319e+000 1.027660061e+000 
1.031559436e+000 1.028854843e+000 
1.027897653e+000 1.027366107e+000 
1.027919807e+000 1.027367001e+000 
1.021568507e+000 1.023533721e+000 
1.021728913e+000 1.023826322e+000 
1.026959448e+000 1.026873317e+000 
1.030579438e+000 1.028506268e+000 
1.022550516e+000 1.024418471e+000 
1.027362616e+000 1.027071905e+000 
1.022888981e+000 1.024659574e+000 
1.025088936e+000 1.026025174e+000 
1.026562868e+000 1.026723029e+000 
1.021477400e+000 1.023237800e+000 
1.025916516e+000 1.026395469e+000 
1.021670684e+000 1.023802727e+000 
1.022492287e+000 1.024392106e+000 
1.025389024e+000 1.026103155e+000 
1.023793625e+000 1.025263406e+000 
1.023586398e+000 1.025105318e+000 
1.023189704e+000 1.024845988e+000 
1.022116168e+000 1.024108547e+000 
1.022644830e+000 1.024442451e+000 
1.024045558e+000 1.025402499e+000 
1.051860752e+000 1.167876608e+000 
1.052860178e+000 1.169716227e+000 
1.050794324e+000 1.165890312e+000 
1.052451350e+000 1.168966638e+000 
1.051384921e+000 1.166980266e+000 
1.053218051e+000 1.169863940e+000 
1.053883694e+000 1.170818932e+000 
1.054050466e+000 1.170947021e+000 
1.052934170e+000 1.169812094e+000 
1.001088300e+000 1.000372483e+000 
1.000631421e+000 1.000348587e+000 
1.000869513e+000 1.000370256e+000 
1.002465252e+000 1.000408067e+000 
1.001101648e+000 1.000378546e+000 
1.001984760e+000 1.000400061e+000 
1.001952974e+000 1.000397237e+000 
1.000644769e+000 1.000354649e+000 
1.001585587e+000 1.000388316e+000 
1.001444256e+000 1.000380527e+000 
1.000856165e+000 1.000364194e+000 
1.000714834e+000 1.000356405e+000 
1.000728181e+000 1.000362467e+000 
1.001017188e+000 1.000370768e+000 
1.001338311e+000 1.000379887e+000 
1.001316041e+000 1.000379756e+000 
1.002118334e+000 1.000401943e+000 
1.001457372e+000 1.000387545e+000 
1.001843429e+000 1.000392272e+000 
1.001958332e+000 1.000398347e+000 
1.001083906e+000 1.000371466e+000 
1.001847029e+000 1.000396597e+000 
1.001617374e+000 1.000391141e+000 
1.001980603e+000 1.000398479e+000 
1.002690490e+000 1.000411057e+000 
1.001810824e+000 1.000391306e+000 
1.001838242e+000 1.000391480e+000 
1.001429579e+000 1.000380519e+000 
1.001479643e+000 1.000387676e+000 
1.003130524e+000 1.000419857e+000 
1.002495959e+000 1.000410892e+000 
1.002661245e+000 1.000410897e+000 
1.002250474e+000 1.000407098e+000 
1.003153149e+000 1.000419923e+000 
1.041419664e+000 1.095736478e+000 
1.046043345e+000 1.101444611e+000 
1.050035426e+000 1.105793518e+000 
1.044624089e+000 1.099981178e+000 
1.045539414e+000 1.101054042e+000 
1.047715546e+000 1.103248769e+000 
1.046563812e+000 1.102101366e+000 
1.049252299e+000 1.104897669e+000 
1.041870278e+000 1.097252379e+000 
1.045225885e+000 1.100540444e+000 
1.044874927e+000 1.100222018e+000 
1.041806136e+000 1.096479519e+000 
1.048643819e+000 1.104197857e+000 
1.045146832e+000 1.100430271e+000 
1.042137032e+000 1.097260353e+000 
1.039545750e+000 1.091807707e+000 
1.040036897e+000 1.093331159e+000 
1.050704799e+000 1.106118380e+000 
1.039501326e+000 1.091778427e+000 
1.041045504e+000 1.095607566e+000 
1.046995855e+000 1.102365270e+000 
1.057731389e+000 1.187339845e+000 
1.056411507e+000 1.184384671e+000 
1.060449790e+000 1.192496820e+000 
1.061014936e+000 1.193488951e+000 
1.057193439e+000 1.186364060e+000 
1.055901853e+000 1.182550006e+000 
1.058285854e+000 1.189129452e+000 
1.057741421e+000 1.187999649e+000 
1.060279026e+000 1.192061477e+000 
1.057472894e+000 1.187181472e+000 
1.059974436e+000 1.191593109e+000 
1.058203127e+000 1.188838814e+000 
1.058020484e+000 1.188566971e+000 
1.085036712e+000 1.710362839e+000 
1.084203383e+000 1.708678805e+000 
1.108614547e+000 1.744367699e+000 
1.166030943e+000 1.802838566e+000 
1.166441487e+000 1.803997836e+000 
1.111935278e+000 1.750280903e+000 
1.108026229e+000 1.743756412e+000 
1.143972508e+000 1.784742502e+000 
1.095106677e+000 1.726095663e+000 
1.113729716e+000 1.752127393e+000 
1.113594982e+000 1.751872604e+000 
1.192463283e+000 1.823628850e+000 
1.227716912e+000 1.846552864e+000 
1.112949786e+000 1.751311181e+000 
1.087523098e+000 1.714528811e+000 
1.093990774e+000 1.724552764e+000 
1.114406715e+000 1.753020823e+000 
1.112623354e+000 1.750363043e+000 
1.116342622e+000 1.755216230e+000 
1.113290748e+000 1.751815957e+000 
1.143206926e+000 1.783840377e+000 
1.211575226e+000 1.836442531e+000 
1.177338968e+000 1.812744615e+000 
1.167467738e+000 1.805555973e+000 
1.111779400e+000 1.749695767e+000 
1.107792428e+000 1.743732198e+000 
1.099917051e+000 1.733755239e+000 
1.124400714e+000 1.764124905e+000 
1.181162561e+000 1.815311157e+000 
1.292067987e+000 1.881491135e+000 
1.166873646e+000 1.804667033e+000 
1.140654720e+000 1.780178451e+000 
1.139809377e+000 1.779505385e+000 
1.087329060e+000 1.714285311e+000 
1.127533140e+000 1.767358936e+000 
1.166649002e+000 1.804497091e+000 
1.084633732e+000 1.709307945e+000 
1.087678275e+000 1.715196451e+000 
1.142509588e+000 1.782760149e+000 
1.141476703e+000 1.781639022e+000 
1.171800445e+000 1.808679973e+000 
1.095938930e+000 1.727583093e+000 
1.095992025e+000 1.727712612e+000 
1.187435191e+000 1.819687322e+000 
1.113844011e+000 1.752459400e+000 
1.158334297e+000 1.797012985e+000 
1.236124557e+000 1.852953521e+000 
1.112394997e+000 1.750353485e+000 
1.096956178e+000 1.729250378e+000 
1.105679235e+000 1.741284699e+000 
1.139142751e+000 1.777713107e+000 
1.166304373e+000 1.803719654e+000 
1.164190735e+000 1.802671460e+000 
1.240957048e+000 1.855977271e+000 
1.150259362e+000 1.790098807e+000 
1.109239275e+000 1.745657846e+000 
1.113266772e+000 1.751422736e+000 
1.093248424e+000 1.723495604e+000 
1.139426626e+000 1.778810541e+000 
1.136803986e+000 1.776197788e+000 
1.104104786e+000 1.739000369e+000 
1.092055019e+000 1.721335429e+000 
1.121261667e+000 1.761088066e+000 
1.109369553e+000 1.746130468e+000 
1.101564284e+000 1.735703590e+000 
1.157349918e+000 1.795988827e+000 
1.127881682e+000 1.767465386e+000 
1.192325144e+000 1.823534209e+000 
1.124548846e+000 1.764170306e+000 
1.152196979e+000 1.791929161e+000 
1.149075448e+000 1.789985064e+000 
1.192621698e+000 1.823694100e+000 
1.143930454e+000 1.784169057e+000 
1.089131168e+000 1.717232908e+000 
1.238626793e+000 1.855133802e+000 
1.099187015e+000 1.732647326e+000 
1.229959755e+000 1.848363451e+000 
1.107574804e+000 1.743540086e+000 
1.155422150e+000 1.794519503e+000 
1.159855802e+000 1.798576452e+000 
1.087614290e+000 1.714729471e+000 
1.129152001e+000 1.768847761e+000 
1.373489921e+000 1.904449283e+000 
1.088270782e+000 1.715698248e+000 
1.163128637e+000 1.802120009e+000 
1.098918582e+000 1.732120867e+000 
1.103615927e+000 1.738525678e+000 
1.104681845e+000 1.739945543e+000 
1.109863563e+000 1.746776754e+000 
1.121166359e+000 1.760885900e+000 
1.093468938e+000 1.723542732e+000 
1.093435961e+000 1.723510127e+000 
1.099312114e+000 1.732876508e+000 
1.149046109e+000 1.789171939e+000 
1.102551439e+000 1.737377459e+000 
1.097677018e+000 1.730452482e+000 
1.119034049e+000 1.758123142e+000 
1.147023246e+000 1.787804328e+000 
1.101686341e+000 1.736026623e+000 
1.093825034e+000 1.724105322e+000 
1.146136640e+000 1.786767100e+000 
1.175287130e+000 1.812266239e+000 
1.093153095e+000 1.723256903e+000 
1.118601138e+000 1.757608441e+000 
1.132435439e+000 1.771962986e+000 
1.131324473e+000 1.770409679e+000 
1.136562535e+000 1.775608622e+000 
1.234761674e+000 1.852131786e+000 
1.118191221e+000 1.756932825e+000 
1.373117946e+000 1.903998240e+000 
1.231663500e+000 1.850948414e+000 
1.126986221e+000 1.766827405e+000 
1.136578647e+000 1.775701427e+000 
1.135929800e+000 1.775115362e+000 
1.106858117e+000 1.742488810e+000 
1.150334443e+000 1.790234725e+000 
1.230796992e+000 1.849837277e+000 
1.124872298e+000 1.764913073e+000 
1.144680742e+000 1.784970975e+000 
1.174282451e+000 1.811290900e+000 
1.169655291e+000 1.807155321e+000 
1.371528758e+000 1.903723822e+000 
1.243009952e+000 1.856462563e+000 
1.374956359e+000 1.905362628e+000 
1.377792678e+000 1.907401954e+000 
1.377189697e+000 1.907389546e+000 
1.375757366e+000 1.906250951e+000 
1.139222536e+000 1.778019124e+000 
1.385262488e+000 1.910574056e+000 
1.384394080e+000 1.910487729e+000 
1.169302288e+000 1.807077299e+000 
1.198105614e+000 1.827911959e+000 
1.378271659e+000 1.908269802e+000 
1.233761437e+000 1.851948616e+000 
1.385881679e+000 1.910865736e+000 
1.169803462e+000 1.808060275e+000 
1.291022827e+000 1.881167891e+000 
1.169458050e+000 1.807125531e+000 
1.384218606e+000 1.909736989e+000 
1.288859891e+000 1.880014787e+000 
1.291407802e+000 1.881197160e+000 
1.177545618e+000 1.813568857e+000 
1.178095475e+000 1.814642234e+000 
1.166940124e+000 1.804786010e+000 
1.157955520e+000 1.796604369e+000 
1.160666847e+000 1.799204333e+000 
1.394501464e+000 1.913286780e+000 
1.392272196e+000 1.912691298e+000 
1.187965753e+000 1.822186229e+000 
1.187680499e+000 1.821599676e+000 
1.184338113e+000 1.818467892e+000 
1.188095715e+000 1.822504561e+000 
1.189026031e+000 1.823248179e+000 
1.290544939e+000 1.880230755e+000 
1.298374163e+000 1.882893114e+000 
1.295300497e+000 1.882625044e+000 
1.222369120e+000 1.843613843e+000 
1.278910171e+000 1.875445576e+000 
1.213300992e+000 1.838511893e+000 
1.282392991e+000 1.877492512e+000 
1.282456578e+000 1.877592524e+000 
1.244795867e+000 1.858199654e+000 
1.237265207e+000 1.854422160e+000 
1.247283486e+000 1.859385750e+000 
1.216749823e+000 1.840176423e+000 
1.196136993e+000 1.827166021e+000 
1.243965473e+000 1.857898466e+000 
1.243124329e+000 1.857302200e+000 
1.209088102e+000 1.836190973e+000 
1.204648033e+000 1.831893545e+000 
1.222552177e+000 1.844406549e+000 
1.199390835e+000 1.829055518e+000 
1.201705390e+000 1.830277773e+000 
1.204806229e+000 1.832459558e+000 
1.201793441e+000 1.830492557e+000 
1.223874500e+000 1.845539952e+000 
1.225792089e+000 1.846433901e+000 
1.218185634e+000 1.841532862e+000 
1.228412470e+000 1.847807797e+000 
1.194149114e+000 1.825803429e+000 
1.218312553e+000 1.841693470e+000 
1.206867480e+000 1.834262737e+000 
1.218213457e+000 1.841572263e+000 
1.185912950e+000 1.819568061e+000 
1.250687847e+000 1.860352474e+000 
1.252974583e+000 1.861203651e+000 
1.207559743e+000 1.834383342e+000 
1.183692533e+000 1.818020082e+000 
1.251894483e+000 1.860744081e+000 
1.281106589e+000 1.877070792e+000 
1.285663663e+000 1.879928825e+000 
1.257230104e+000 1.863808863e+000 
1.269476438e+000 1.870583001e+000 
1.301431083e+000 1.884772570e+000 
1.303303705e+000 1.886089233e+000 
1.256371962e+000 1.863403515e+000 
1.274724915e+000 1.872917006e+000 
1.366633574e+000 1.902582472e+000 
1.318889430e+000 1.891674368e+000 
1.312317682e+000 1.889076231e+000 
1.263001715e+000 1.866482154e+000 
1.264952522e+000 1.867392997e+000 
1.268328173e+000 1.869066620e+000 
1.268256188e+000 1.868662976e+000 
1.268790242e+000 1.869165392e+000 
1.315479337e+000 1.891000243e+000 
1.314396228e+000 1.889774138e+000 
1.368069739e+000 1.903524546e+000 
1.323028156e+000 1.892686627e+000 
1.308725762e+000 1.887963702e+000 
1.334564754e+000 1.892948319e+000 
1.313693967e+000 1.889144682e+000 
1.350103250e+000 1.897300094e+000 
1.347297664e+000 1.895783133e+000 
1.349345295e+000 1.896504568e+000 
1.355486472e+000 1.898414340e+000 
1.357966458e+000 1.899188798e+000 
1.355984169e+000 1.898953785e+000 
1.352824827e+000 1.897465026e+000 
1.361809392e+000 1.900771927e+000 
1.008443073e+000 1.004334992e+000 
1.008556258e+000 1.004341421e+000 
1.008351748e+000 1.004329448e+000 
1.013472541e+000 1.010626166e+000 
1.013624888e+000 1.010637220e+000 
1.016989665e+000 1.011975393e+000 
1.018032967e+000 1.012264798e+000 
1.012831421e+000 1.010460599e+000 
1.014701078e+000 1.011370688e+000 
1.016605857e+000 1.011892085e+000 
1.012710437e+000 1.010452845e+000 
1.013228904e+000 1.010611913e+000 
1.021318406e+000 1.012923271e+000 
1.014055906e+000 1.010925569e+000 
1.015293792e+000 1.011554689e+000 
1.013939507e+000 1.010916149e+000 
1.014456172e+000 1.011209823e+000 
1.014184413e+000 1.011077014e+000 
1.017681817e+000 1.012198648e+000 
1.018277767e+000 1.012319086e+000 
1.013107920e+000 1.010604159e+000 
1.013812269e+000 1.010911317e+000 
1.019301925e+000 1.012526681e+000 
1.019839696e+000 1.012645949e+000 
1.020233380e+000 1.012757359e+000 
1.016152831e+000 1.011739471e+000 
1.017739996e+000 1.012199818e+000 
1.020118317e+000 1.012650480e+000 
1.014123451e+000 1.010936487e+000 
1.014640117e+000 1.011230161e+000 
1.015071953e+000 1.011389772e+000 
1.021237852e+000 1.012923056e+000 
1.014328934e+000 1.011204991e+000 
1.016211010e+000 1.011740641e+000 
1.020779751e+000 1.012805830e+000 
1.015537429e+000 1.011568942e+000 
1.020459029e+000 1.012787798e+000 
1.015840135e+000 1.011721556e+000 
1.017495197e+000 1.012145530e+000 
1.014572571e+000 1.011219243e+000 
1.015781956e+000 1.011720387e+000 
1.015664667e+000 1.011573774e+000 
1.019784914e+000 1.012596193e+000 
1.019789926e+000 1.012628819e+000 
1.014841734e+000 1.011389020e+000 
1.016547678e+000 1.011890916e+000 
1.012824251e+000 1.010456203e+000 
1.014572480e+000 1.011213785e+000 
1.020844168e+000 1.012811646e+000 
1.015521259e+000 1.011563484e+000 
1.013221735e+000 1.010607517e+000 
1.013465371e+000 1.010621769e+000 
1.007331725e+000 1.004172872e+000 
1.005894047e+000 1.003818761e+000 
1.005759113e+000 1.003684191e+000 
1.006201162e+000 1.003893081e+000 
1.006764265e+000 1.004041387e+000 
1.008633727e+000 1.004383975e+000 
1.006891274e+000 1.004098520e+000 
1.007141868e+000 1.004101600e+000 
1.006505774e+000 1.003967382e+000 
1.006632783e+000 1.004024515e+000 
1.006328171e+000 1.003950214e+000 
1.007580372e+000 1.004190060e+000 
1.010001065e+000 1.004605294e+000 
1.006170496e+000 1.003889930e+000 
1.006043488e+000 1.003832798e+000 
1.008075053e+000 1.004316492e+000 
1.005830503e+000 1.003758477e+000 
1.010359391e+000 1.004669466e+000 
1.010453273e+000 1.004679609e+000 
1.010009803e+000 1.004659497e+000 
1.007101344e+000 1.004098867e+000 
1.008782009e+000 1.004447676e+000 
1.008655000e+000 1.004390543e+000 
1.007232826e+000 1.004115740e+000 
1.009206597e+000 1.004523759e+000 
1.009768759e+000 1.004589850e+000 
1.009265648e+000 1.004523951e+000 
1.008995432e+000 1.004519090e+000 
1.009876895e+000 1.004601946e+000 
1.009851065e+000 1.004593411e+000 
1.008203406e+000 1.004319573e+000 
1.010739036e+000 1.004682548e+000 
1.008297288e+000 1.004322479e+000 
1.008868423e+000 1.004461958e+000 
1.009557594e+000 1.004585182e+000 
1.007229696e+000 1.004101948e+000 
1.007894784e+000 1.004250466e+000 
1.009424686e+000 1.004527626e+000 
1.008574676e+000 1.004383783e+000 
1.009365636e+000 1.004527434e+000 
1.007577242e+000 1.004176269e+000 
1.010780758e+000 1.004687905e+000 
1.007473049e+000 1.004175779e+000 
1.007835734e+000 1.004250273e+000 
1.007214558e+000 1.004101774e+000 
1.007488188e+000 1.004175953e+000 
1.000189086e+000 1.000075448e+000 
9.999999997e-001 1.000071575e+000 
1.000536573e+000 1.000078821e+000 
1.000273415e+000 1.000077138e+000 
1.000001170e+000 1.000071872e+000 
1.000071019e+000 1.000073765e+000 
1.000526799e+000 1.000077228e+000 
1.062578607e+000 1.526731405e+000 
1.062787265e+000 1.527440486e+000 
1.062659806e+000 1.527152380e+000 
1.083379081e+000 1.556626631e+000 
1.068629259e+000 1.537167666e+000 
1.074995868e+000 1.546218265e+000 
1.061466950e+000 1.524078019e+000 
1.062593998e+000 1.527115317e+000 
1.070175186e+000 1.539716404e+000 
1.083830459e+000 1.557254654e+000 
1.082398925e+000 1.556182278e+000 
1.083859789e+000 1.557572713e+000 
1.061742890e+000 1.524919093e+000 
1.079577357e+000 1.552361288e+000 
1.064679850e+000 1.529981712e+000 
1.072625360e+000 1.543021352e+000 
1.070563355e+000 1.540147247e+000 
1.075378837e+000 1.546921296e+000 
1.065358680e+000 1.532424487e+000 
1.084031515e+000 1.557716287e+000 
1.065280809e+000 1.531994880e+000 
1.063433078e+000 1.528500855e+000 
1.082352449e+000 1.555564452e+000 
1.081569012e+000 1.554789526e+000 
1.066483707e+000 1.533655467e+000 
1.075545008e+000 1.547347872e+000 
1.076530752e+000 1.548408161e+000 
1.070822594e+000 1.540255760e+000 
1.070596776e+000 1.540235294e+000 
1.072237218e+000 1.542380220e+000 
1.070261656e+000 1.539718973e+000 
1.067919456e+000 1.535787110e+000 
1.072802028e+000 1.543194177e+000 
1.072795639e+000 1.543099737e+000 
1.076971153e+000 1.549328765e+000 
1.079727319e+000 1.552624938e+000 
1.011792393e+000 1.009738322e+000 
1.012292210e+000 1.009919687e+000 
1.011860918e+000 1.009887930e+000 
1.011154388e+000 1.009419609e+000 
1.011562079e+000 1.009727052e+000 
1.011493554e+000 1.009572625e+000 
1.011301959e+000 1.009559646e+000 
1.010981611e+000 1.009409607e+000 
1.011159997e+000 1.009559124e+000 
1.011510077e+000 1.009579569e+000 
1.012077534e+000 1.009887971e+000 
1.010952273e+000 1.009255649e+000 
1.012429941e+000 1.009983523e+000 
1.012157389e+000 1.009917223e+000 
1.594723410e+000 1.990047453e+000 
1.404893827e+000 1.931922742e+000 
1.612499429e+000 1.991949149e+000 
1.496058632e+000 1.970574151e+000 
1.409803034e+000 1.936742963e+000 
1.515709485e+000 1.976075147e+000 
1.532713697e+000 1.979768121e+000 
1.565080637e+000 1.985208897e+000 
1.473588763e+000 1.963823267e+000 
1.420290168e+000 1.942137657e+000 
1.413828223e+000 1.938884161e+000 
1.419091068e+000 1.940985771e+000 
1.569827695e+000 1.986052057e+000 
1.485167339e+000 1.968412493e+000 
1.543596853e+000 1.981366904e+000 
1.586573476e+000 1.988706312e+000 
1.581453333e+000 1.987601466e+000 
1.406464891e+000 1.933624336e+000 
1.562908223e+000 1.984971434e+000 
1.422155282e+000 1.942801569e+000 
1.419395019e+000 1.941403034e+000 
1.563597458e+000 1.985067657e+000 
1.725226561e+000 1.999599331e+000 
1.561026199e+000 1.984960285e+000 
1.567583993e+000 1.985800715e+000 
1.490988218e+000 1.969529902e+000 
1.450685137e+000 1.956489453e+000 
1.405939032e+000 1.933467828e+000 
1.584157290e+000 1.988465429e+000 
1.580296860e+000 1.987557304e+000 
1.535028389e+000 1.980009620e+000 
1.534664594e+000 1.979961345e+000 
1.579974242e+000 1.987508129e+000 
1.589647330e+000 1.989210067e+000 
1.423963653e+000 1.943267585e+000 
1.404978231e+000 1.933324085e+000 
1.577604594e+000 1.987107762e+000 
1.507121807e+000 1.974318464e+000 
1.491661132e+000 1.969675087e+000 
1.420448660e+000 1.942628682e+000 
1.508056938e+000 1.974403071e+000 
1.592549838e+000 1.989568737e+000 
1.588081261e+000 1.989109545e+000 
1.405435917e+000 1.933386732e+000 
1.491220928e+000 1.969555881e+000 
1.489239298e+000 1.969495285e+000 
1.595880353e+000 1.990164689e+000 
1.441574644e+000 1.953450961e+000 
1.737703513e+000 2.000000000e+000 
1.432058465e+000 1.948376063e+000 
1.469417543e+000 1.962856029e+000 
1.444188516e+000 1.954512738e+000 
1.625391983e+000 1.993597106e+000 
1.444706102e+000 1.955117864e+000 
1.447637807e+000 1.956241962e+000 
1.440044795e+000 1.952650368e+000 
1.408289202e+000 1.935115816e+000 
1.406469203e+000 1.934697611e+000 
1.730371197e+000 1.999706522e+000 
1.466801615e+000 1.962534401e+000 
1.459880044e+000 1.960076150e+000 
1.624174241e+000 1.993327161e+000 
1.425499426e+000 1.944190589e+000 
1.470233524e+000 1.962983272e+000 
1.581699318e+000 1.987902965e+000 
1.427509910e+000 1.944554458e+000 
1.472347438e+000 1.963822350e+000 
1.428993318e+000 1.946634074e+000 
1.442025038e+000 1.953865987e+000 
1.408484324e+000 1.935293063e+000 
1.735151313e+000 1.999936492e+000 
1.734671475e+000 1.999897483e+000 
1.452765146e+000 1.957674558e+000 
1.436352079e+000 1.950778374e+000 
1.436674698e+000 1.950879610e+000 
1.566983794e+000 1.985365973e+000 
1.408278167e+000 1.934760821e+000 
1.437011387e+000 1.951113943e+000 
1.463662001e+000 1.961316537e+000 
1.502439886e+000 1.973026693e+000 
1.567407708e+000 1.985411806e+000 
1.470352517e+000 1.963303031e+000 
1.445562656e+000 1.955369759e+000 
1.456011976e+000 1.959646874e+000 
1.464079850e+000 1.961954285e+000 
1.404879809e+000 1.930892503e+000 
1.476410613e+000 1.965374342e+000 
1.559096545e+000 1.984222259e+000 
1.619288461e+000 1.992681047e+000 
1.517252357e+000 1.976802870e+000 
1.461406008e+000 1.960968453e+000 
1.732916267e+000 1.999769914e+000 
1.463459352e+000 1.961285752e+000 
1.413338575e+000 1.937038775e+000 
1.505730947e+000 1.974150820e+000 
1.416627137e+000 1.938960675e+000 
1.417232204e+000 1.939589669e+000 
1.498044940e+000 1.971643459e+000 
1.427853201e+000 1.945489440e+000 
1.447673789e+000 1.956378052e+000 
1.624467560e+000 1.993354872e+000 
1.455288354e+000 1.958763655e+000 
1.427526194e+000 1.945461812e+000 
1.438260750e+000 1.952275375e+000 
1.435706471e+000 1.950468526e+000 
1.464934633e+000 1.962178081e+000 
1.497060058e+000 1.971270942e+000 
1.476570106e+000 1.965406190e+000 
1.505629111e+000 1.974017031e+000 
1.440210812e+000 1.953075021e+000 
1.622970970e+000 1.993174127e+000 
1.447036221e+000 1.956116048e+000 
1.428390670e+000 1.946013316e+000 
1.629928521e+000 1.993649753e+000 
1.732958092e+000 1.999857401e+000 
1.455005698e+000 1.958703500e+000 
1.622999995e+000 1.993175826e+000 
1.529642939e+000 1.978947176e+000 
1.426278262e+000 1.944254585e+000 
1.733167241e+000 1.999871226e+000 
1.629132258e+000 1.993637031e+000 
1.488002682e+000 1.968930885e+000 
1.602892021e+000 1.990727212e+000 
1.445608683e+000 1.955441023e+000 
1.602934957e+000 1.990775550e+000 
1.473796772e+000 1.964112810e+000 
1.453282430e+000 1.958179675e+000 
1.516280083e+000 1.976726222e+000 
1.488345425e+000 1.969177825e+000 
1.612938207e+000 1.992189448e+000 
1.431258878e+000 1.947884042e+000 
1.455495830e+000 1.959464072e+000 
1.453673267e+000 1.958281251e+000 
1.606388239e+000 1.991438157e+000 
1.476759610e+000 1.965517550e+000 
1.450867628e+000 1.957569022e+000 
1.608690233e+000 1.991794639e+000 
1.484863657e+000 1.968256981e+000 
1.471378685e+000 1.963676865e+000 
1.426437067e+000 1.944494528e+000 
1.639935862e+000 1.994822528e+000 
1.457056448e+000 1.959749191e+000 
1.432232488e+000 1.948919568e+000 
1.473815043e+000 1.964736835e+000 
1.617472891e+000 1.992461401e+000 
1.431895779e+000 1.948255739e+000 
1.517308320e+000 1.976913608e+000 
1.518952878e+000 1.977136770e+000 
1.522904419e+000 1.977949338e+000 
1.434360927e+000 1.950106288e+000 
1.444770340e+000 1.955135241e+000 
1.445069202e+000 1.955248261e+000 
1.548934756e+000 1.982222441e+000 
1.549712019e+000 1.982374188e+000 
1.443124894e+000 1.954005752e+000 
1.460126053e+000 1.960690406e+000 
1.460153533e+000 1.960705839e+000 
1.445982896e+000 1.955654114e+000 
1.604693574e+000 1.991083283e+000 
1.482281974e+000 1.967349545e+000 
1.521801388e+000 1.977572024e+000 
1.433391367e+000 1.949346639e+000 
1.433679349e+000 1.949750738e+000 
1.433153733e+000 1.949272078e+000 
1.457191831e+000 1.959840112e+000 
1.481528065e+000 1.967244639e+000 
1.441769264e+000 1.953593001e+000 
1.423794144e+000 1.943037534e+000 
1.468832402e+000 1.962702967e+000 
1.467789411e+000 1.962689366e+000 
1.461707996e+000 1.961255309e+000 
1.424308590e+000 1.943702009e+000 
1.425413113e+000 1.943782705e+000 
1.503763179e+000 1.973324520e+000 
1.425493852e+000 1.944105268e+000 
1.482065469e+000 1.967280303e+000 
1.430369179e+000 1.947751935e+000 
1.428478673e+000 1.946264063e+000 
1.478747193e+000 1.966167809e+000 
1.443813579e+000 1.954380557e+000 
1.429916572e+000 1.947296054e+000 
1.597583294e+000 1.990252188e+000 
1.550486437e+000 1.982502513e+000 
1.496240186e+000 1.971066223e+000 
1.548565192e+000 1.982208487e+000 
1.486475092e+000 1.968619663e+000 
1.707698648e+000 1.999087102e+000 
1.486914579e+000 1.968688476e+000 
1.722712263e+000 1.999556648e+000 
1.502979856e+000 1.973083421e+000 
1.480409473e+000 1.966606492e+000 
1.517409719e+000 1.976924951e+000 
1.514043917e+000 1.975898258e+000 
1.430941759e+000 1.947757012e+000 
1.709102791e+000 1.999176952e+000 
1.505524507e+000 1.973748623e+000 
1.620706265e+000 1.992956629e+000 
1.519292289e+000 1.977352361e+000 
1.720637568e+000 1.999461674e+000 
1.511355369e+000 1.975315900e+000 
1.525637010e+000 1.978614225e+000 
1.511363618e+000 1.975372964e+000 
1.501033786e+000 1.972750754e+000 
1.463596011e+000 1.961311165e+000 
1.510158069e+000 1.975193816e+000 
1.527190703e+000 1.978743728e+000 
1.540058601e+000 1.980984071e+000 
1.537106698e+000 1.980794611e+000 
1.547063570e+000 1.982060341e+000 
1.530648549e+000 1.979504509e+000 
1.530041770e+000 1.979445051e+000 
1.719960988e+000 1.999299163e+000 
1.454584158e+000 1.958661852e+000 
1.717855209e+000 1.999270260e+000 
1.719219007e+000 1.999290184e+000 
1.512228209e+000 1.975403531e+000 
1.515067399e+000 1.976044663e+000 
1.513011532e+000 1.975644630e+000 
1.492760196e+000 1.970215338e+000 
1.492069326e+000 1.970059963e+000 
1.493119572e+000 1.970452926e+000 
1.497431464e+000 1.971379011e+000 
1.498855951e+000 1.972034550e+000 
1.709160550e+000 1.999216772e+000 
1.716470335e+000 1.999269027e+000 
1.560381185e+000 1.984456631e+000 
1.715196132e+000 1.999251449e+000 
1.469639715e+000 1.962963927e+000 
1.557516217e+000 1.984164107e+000 
1.553244259e+000 1.983425071e+000 
1.533328882e+000 1.979874688e+000 
1.537256775e+000 1.980821805e+000 
1.536238018e+000 1.980526149e+000 
1.577839601e+000 1.987505761e+000 
1.487875559e+000 1.968917480e+000 
1.522367730e+000 1.977882336e+000 
1.587990082e+000 1.988865098e+000 
1.700991339e+000 1.998897037e+000 
1.583376317e+000 1.988259458e+000 
1.592330929e+000 1.989408713e+000 
1.592361719e+000 1.989490206e+000 
1.520987614e+000 1.977425523e+000 
1.551608590e+000 1.983126052e+000 
1.552217705e+000 1.983322832e+000 
1.554413934e+000 1.983717132e+000 
1.491677005e+000 1.969922648e+000 
1.555864909e+000 1.983748201e+000 
1.701720839e+000 1.998953345e+000 
1.545696226e+000 1.981784570e+000 
1.702491822e+000 1.998986555e+000 
1.599770627e+000 1.990312240e+000 
1.527018170e+000 1.978653976e+000 
1.615757464e+000 1.992285785e+000 
1.542151157e+000 1.981217049e+000 
1.566031873e+000 1.985273999e+000 
1.524828141e+000 1.978306243e+000 
1.702318837e+000 1.998969289e+000 
1.660068420e+000 1.996525917e+000 
1.630632395e+000 1.993951466e+000 
1.616621803e+000 1.992385732e+000 
1.687264919e+000 1.998235973e+000 
1.681354340e+000 1.997838226e+000 
1.637324991e+000 1.994622816e+000 
1.698493418e+000 1.998776096e+000 
1.677673705e+000 1.997724441e+000 
1.683586166e+000 1.998104453e+000 
1.685960757e+000 1.998200786e+000 
1.689432400e+000 1.998342107e+000 
1.695483470e+000 1.998758336e+000 
1.695805621e+000 1.998768560e+000 
1.689959396e+000 1.998481228e+000 
1.690405868e+000 1.998635774e+000 
1.651793924e+000 1.995603754e+000 
1.653371450e+000 1.995669037e+000 
1.575824216e+000 1.986686933e+000 
1.683441416e+000 1.998045139e+000 
1.653726170e+000 1.995887993e+000 
1.648838888e+000 1.995347277e+000 
1.648979887e+000 1.995405647e+000 
1.647384074e+000 1.995228242e+000 
1.661310199e+000 1.996639840e+000 
1.644670329e+000 1.995105936e+000 
1.647848704e+000 1.995267086e+000 
1.632702621e+000 1.994047632e+000 
1.612525656e+000 1.992083332e+000 
1.676035681e+000 1.997647506e+000 
1.672757791e+000 1.997638897e+000 
1.636137466e+000 1.994414267e+000 
1.668815084e+000 1.997220192e+000 
1.601831301e+000 1.990588089e+000 
1.668533890e+000 1.997126495e+000 
1.666235937e+000 1.997120984e+000 
1.633602633e+000 1.994195078e+000 
1.668642620e+000 1.997190037e+000 
1.648168148e+000 1.995271219e+000 
1.631778340e+000 1.994007972e+000 
1.664437994e+000 1.997008076e+000 
1.671419026e+000 1.997326518e+000 
1.574171574e+000 1.986330420e+000 

