1.000203541e+000 1.000030161e+000 
1.000296489e+000 1.000033770e+000 
1.000652658e+000 1.000039695e+000 
1.000311831e+000 1.000033776e+000 
1.000743400e+000 1.000040683e+000 
1.000325250e+000 1.000034769e+000 
1.000432201e+000 1.000036286e+000 
1.000416859e+000 1.000036280e+000 
1.000280445e+000 1.000033705e+000 
1.000497091e+000 1.000037404e+000 
1.000464300e+000 1.000037304e+000 
1.000549962e+000 1.000038155e+000 
1.000399411e+000 1.000036186e+000 
1.000575019e+000 1.000038590e+000 
1.000512433e+000 1.000037409e+000 
1.000479642e+000 1.000037310e+000 
1.000709608e+000 1.000039877e+000 
1.000209192e+000 1.000031145e+000 
1.000266675e+000 1.000032587e+000 
1.000325601e+000 1.000034894e+000 
1.000733325e+000 1.000040012e+000 
1.000373733e+000 1.000035000e+000 
1.000212437e+000 1.000031293e+000 
1.000762832e+000 1.000041011e+000 
1.000724950e+000 1.000039883e+000 
1.000699930e+000 1.000039759e+000 
1.000251333e+000 1.000032581e+000 
1.000313235e+000 1.000033805e+000 
1.000248088e+000 1.000032433e+000 
1.000295787e+000 1.000033711e+000 
1.000534620e+000 1.000038150e+000 
1.000384069e+000 1.000036181e+000 
1.000358391e+000 1.000034994e+000 
1.000338913e+000 1.000034992e+000 
1.000604526e+000 1.000039590e+000 
1.000619868e+000 1.000039596e+000 
1.000590361e+000 1.000038596e+000 
1.000637316e+000 1.000039690e+000 
1.000452611e+000 1.000036434e+000 
1.000749440e+000 1.000040716e+000 
1.000216773e+000 1.000031427e+000 
1.015579097e+000 1.015811308e+000 
1.013211186e+000 1.014826084e+000 
1.020840349e+000 1.017572141e+000 
1.008227282e+000 1.011966841e+000 
1.010144004e+000 1.013141249e+000 
1.020178600e+000 1.017432123e+000 
1.011597427e+000 1.014026497e+000 
1.017034864e+000 1.016417307e+000 
1.022805374e+000 1.018191484e+000 
1.009068705e+000 1.012431749e+000 
1.009222774e+000 1.012647490e+000 
1.019341020e+000 1.017143140e+000 
1.019353136e+000 1.017176081e+000 
1.007581230e+000 1.011453325e+000 
1.009321635e+000 1.012648482e+000 
1.018384671e+000 1.016878623e+000 
1.008806953e+000 1.012388695e+000 
1.007486373e+000 1.011262825e+000 
1.011785041e+000 1.014056041e+000 
1.016870530e+000 1.016331438e+000 
1.022591246e+000 1.017958559e+000 
1.012489329e+000 1.014477271e+000 
1.007745138e+000 1.011696533e+000 
1.008281575e+000 1.012161441e+000 
1.014552734e+000 1.015571435e+000 
1.013516070e+000 1.015046248e+000 
1.014115040e+000 1.015345268e+000 
1.020875869e+000 1.017659377e+000 
1.009743565e+000 1.012887248e+000 
1.025295749e+000 1.018789293e+000 
1.025244575e+000 1.018788689e+000 
1.009141197e+000 1.012439571e+000 
1.008543327e+000 1.012204495e+000 
1.009005969e+000 1.012428058e+000 
1.012205266e+000 1.014445962e+000 
1.019129720e+000 1.017023847e+000 
1.013873083e+000 1.015249395e+000 
1.017494002e+000 1.016521732e+000 
1.023557527e+000 1.018366810e+000 
1.024125562e+000 1.018531249e+000 
1.028829890e+000 1.019656977e+000 
1.022601979e+000 1.018140372e+000 
1.012642575e+000 1.014654729e+000 
1.025081110e+000 1.018757687e+000 
1.024580470e+000 1.018612547e+000 
1.010008776e+000 1.013129736e+000 
1.019438755e+000 1.017211664e+000 
1.017262226e+000 1.016465451e+000 
1.014028670e+000 1.015265367e+000 
1.013619661e+000 1.015090699e+000 
1.023065057e+000 1.018196337e+000 
1.019695481e+000 1.017319589e+000 
1.017652926e+000 1.016579892e+000 
1.010669320e+000 1.013376021e+000 
1.019919727e+000 1.017401936e+000 
1.016007197e+000 1.016052318e+000 
1.010762890e+000 1.013405565e+000 
1.011288553e+000 1.013827687e+000 
1.017951820e+000 1.016685909e+000 
1.018147843e+000 1.016842239e+000 
1.016327218e+000 1.016082703e+000 
1.011999537e+000 1.014229765e+000 
1.016517210e+000 1.016189626e+000 
1.030850252e+000 1.020163158e+000 
1.009465800e+000 1.012844194e+000 
1.029931811e+000 1.019899080e+000 
1.008779652e+000 1.012222970e+000 
1.010671496e+000 1.013386533e+000 
1.010196390e+000 1.013159280e+000 
1.009195111e+000 1.012616940e+000 
1.011448887e+000 1.013949113e+000 
1.012165732e+000 1.014251636e+000 
1.011309935e+000 1.013828787e+000 
1.014285238e+000 1.015398909e+000 
1.014974244e+000 1.015656750e+000 
1.027079587e+000 1.019227830e+000 
1.034499766e+000 1.020965973e+000 
1.035842463e+000 1.021317462e+000 
1.035114580e+000 1.021107099e+000 
1.034656931e+000 1.020981866e+000 
1.025989807e+000 1.018952149e+000 
1.033945558e+000 1.020860748e+000 
1.030506147e+000 1.019959319e+000 
1.027728703e+000 1.019394131e+000 
1.035204142e+000 1.021140995e+000 
1.034696376e+000 1.021016088e+000 
1.028570335e+000 1.019569876e+000 
1.031957197e+000 1.020338849e+000 
1.027016020e+000 1.019213698e+000 
1.032293685e+000 1.020434201e+000 
1.032845701e+000 1.020626439e+000 
1.031921616e+000 1.020290414e+000 
1.028832545e+000 1.019671194e+000 
1.026678607e+000 1.019057510e+000 
1.000063892e+000 1.000027013e+000 
1.000157463e+000 1.000028299e+000 
1.000019705e+000 1.000025727e+000 
1.000131507e+000 1.000028138e+000 
1.000153235e+000 1.000028148e+000 
1.000175695e+000 1.000029424e+000 
1.000130675e+000 1.000027114e+000 
1.000059989e+000 1.000025858e+000 
1.000000000e+000 1.000023623e+000 
1.000007018e+000 1.000024669e+000 
1.005657510e+000 1.005490289e+000 
1.005926855e+000 1.005588029e+000 
1.005270752e+000 1.005357754e+000 
1.007360194e+000 1.006000168e+000 
1.004639504e+000 1.005106119e+000 
1.007135501e+000 1.005974442e+000 
1.004216646e+000 1.004883430e+000 
1.004745496e+000 1.005130732e+000 
1.006940153e+000 1.005945209e+000 
1.004441213e+000 1.004995512e+000 
1.006638115e+000 1.005860037e+000 
1.003981159e+000 1.004677436e+000 
1.004102578e+000 1.004794528e+000 
1.004446855e+000 1.005008462e+000 
1.005595092e+000 1.005476340e+000 
1.004322638e+000 1.004908043e+000 
1.006121156e+000 1.005671083e+000 
1.004015310e+000 1.004771413e+000 
1.004239877e+000 1.004883495e+000 
1.002537891e+000 1.001849813e+000 
1.002276209e+000 1.001706847e+000 
1.002388769e+000 1.001749267e+000 
1.003409658e+000 1.002032489e+000 
1.003487389e+000 1.002036244e+000 
1.003684545e+000 1.002083331e+000 
1.003218189e+000 1.001984890e+000 
1.002350143e+000 1.001742974e+000 
1.002406573e+000 1.001752411e+000 
1.002477537e+000 1.001802684e+000 
1.003303710e+000 1.002015016e+000 
1.003381441e+000 1.002018772e+000 
1.002523542e+000 1.001804508e+000 
1.002655442e+000 1.001885437e+000 
1.002907519e+000 1.001906122e+000 
1.002525801e+000 1.001805577e+000 
1.002455168e+000 1.001758571e+000 
1.002009443e+000 1.000584199e+000 
1.002160344e+000 1.000625365e+000 
1.001995501e+000 1.000580831e+000 
1.002262489e+000 1.000626864e+000 
1.002061026e+000 1.000604676e+000 
1.002149663e+000 1.000607457e+000 
1.002197178e+000 1.000625500e+000 
1.002047085e+000 1.000601309e+000 
1.002097860e+000 1.000604811e+000 
1.035946239e+000 1.363655437e+000 
1.036214565e+000 1.364296490e+000 
1.040059693e+000 1.371837919e+000 
1.038234308e+000 1.369426323e+000 
1.041122776e+000 1.373978428e+000 
1.040284367e+000 1.372375404e+000 
1.041623039e+000 1.374755210e+000 
1.038848944e+000 1.369867391e+000 
1.039530170e+000 1.371139542e+000 
1.037593041e+000 1.367350338e+000 
1.041778477e+000 1.375068983e+000 
1.036166101e+000 1.363710767e+000 
1.036838628e+000 1.365587445e+000 
1.037891078e+000 1.367978027e+000 
1.075754499e+000 1.848722264e+000 
1.070671675e+000 1.843991329e+000 
1.072856568e+000 1.846663317e+000 
1.092622513e+000 1.863512348e+000 
1.093141843e+000 1.864178075e+000 
1.124039555e+000 1.884619461e+000 
1.162108498e+000 1.904845379e+000 
1.103871917e+000 1.871743158e+000 
1.089850831e+000 1.861560111e+000 
1.118766697e+000 1.882367579e+000 
1.043327872e+000 1.809564833e+000 
1.047837223e+000 1.817076083e+000 
1.043557796e+000 1.810259333e+000 
1.113092946e+000 1.878860393e+000 
1.044458926e+000 1.811826528e+000 
1.072466886e+000 1.845815256e+000 
1.043804526e+000 1.810644624e+000 
1.048717866e+000 1.818624494e+000 
1.074057014e+000 1.847639992e+000 
1.147902195e+000 1.897715614e+000 
1.145177315e+000 1.897111528e+000 
1.065921833e+000 1.839530585e+000 
1.042485239e+000 1.807336364e+000 
1.111676455e+000 1.877789725e+000 
1.283125540e+000 1.935519047e+000 
1.046622656e+000 1.815531708e+000 
1.287096796e+000 1.936554322e+000 
1.046868791e+000 1.815749948e+000 
1.133302594e+000 1.890824241e+000 
1.217211477e+000 1.921451159e+000 
1.064312916e+000 1.837721759e+000 
1.072544452e+000 1.846280954e+000 
1.046970981e+000 1.815905365e+000 
1.081648482e+000 1.854741202e+000 
1.045085228e+000 1.812729858e+000 
1.045794295e+000 1.814032092e+000 
1.073370393e+000 1.847162289e+000 
1.273520368e+000 1.934676899e+000 
1.271713613e+000 1.934321419e+000 
1.084822519e+000 1.857748896e+000 
1.083049833e+000 1.855908995e+000 
1.097846132e+000 1.867701026e+000 
1.292016786e+000 1.939157907e+000 
1.291233442e+000 1.938577463e+000 
1.101476735e+000 1.870112003e+000 
1.101354697e+000 1.870030902e+000 
1.055401129e+000 1.827735689e+000 
1.083382564e+000 1.856548020e+000 
1.115728703e+000 1.880402276e+000 
1.100458938e+000 1.869417553e+000 
1.268044895e+000 1.933497053e+000 
1.096724989e+000 1.866524049e+000 
1.071976808e+000 1.845722407e+000 
1.063000038e+000 1.836493459e+000 
1.091201402e+000 1.862660747e+000 
1.230675895e+000 1.926121970e+000 
1.078886194e+000 1.852323209e+000 
1.074183286e+000 1.847843426e+000 
1.172477814e+000 1.908772998e+000 
1.055765701e+000 1.828110906e+000 
1.194078960e+000 1.916697529e+000 
1.054994147e+000 1.827186188e+000 
1.050647192e+000 1.821575024e+000 
1.055473482e+000 1.827832995e+000 
1.129969429e+000 1.888518520e+000 
1.048617850e+000 1.818347170e+000 
1.137527398e+000 1.893178562e+000 
1.156152302e+000 1.902208948e+000 
1.050836215e+000 1.821608674e+000 
1.102201373e+000 1.870402102e+000 
1.160290849e+000 1.904176678e+000 
1.100769348e+000 1.869701762e+000 
1.112737078e+000 1.878614778e+000 
1.049938740e+000 1.820630671e+000 
1.100682300e+000 1.869430940e+000 
1.067501490e+000 1.841247287e+000 
1.153347497e+000 1.900777464e+000 
1.134094928e+000 1.891382026e+000 
1.064377703e+000 1.837825152e+000 
1.135065147e+000 1.891803613e+000 
1.195130214e+000 1.917171567e+000 
1.217607269e+000 1.921467505e+000 
1.130224014e+000 1.888852668e+000 
1.068272018e+000 1.842029978e+000 
1.132731640e+000 1.890508668e+000 
1.085393953e+000 1.858056578e+000 
1.229209585e+000 1.925455734e+000 
1.090855056e+000 1.862388027e+000 
1.263522341e+000 1.932064579e+000 
1.048902100e+000 1.818734871e+000 
1.136090192e+000 1.891988887e+000 
1.131387225e+000 1.889783585e+000 
1.150361707e+000 1.899198161e+000 
1.128913265e+000 1.888062942e+000 
1.264399601e+000 1.932608601e+000 
1.266956976e+000 1.933279928e+000 
1.102938398e+000 1.871043665e+000 
1.157939339e+000 1.902733580e+000 
1.132567397e+000 1.889840341e+000 
1.058510337e+000 1.831594892e+000 
1.057112043e+000 1.829700479e+000 
1.226610160e+000 1.924749057e+000 
1.054751102e+000 1.826915228e+000 
1.191660395e+000 1.915310956e+000 
1.137036664e+000 1.892851393e+000 
1.131175519e+000 1.889474789e+000 
1.154211882e+000 1.901033265e+000 
1.187374718e+000 1.913481527e+000 
1.265222631e+000 1.932957507e+000 
1.144571705e+000 1.896979073e+000 
1.187246900e+000 1.913432317e+000 
1.155430822e+000 1.901880285e+000 
1.151845763e+000 1.900181533e+000 
1.128466608e+000 1.887885763e+000 
1.070756766e+000 1.844466552e+000 
1.121091742e+000 1.883793722e+000 
1.092296060e+000 1.863482391e+000 
1.232871120e+000 1.926339341e+000 
1.121207740e+000 1.883803328e+000 
1.121974022e+000 1.884136229e+000 
1.074737835e+000 1.848314310e+000 
1.106674906e+000 1.873862520e+000 
1.114330881e+000 1.879481428e+000 
1.071965078e+000 1.845492293e+000 
1.074548481e+000 1.848178907e+000 
1.117455607e+000 1.881439782e+000 
1.107343822e+000 1.874344111e+000 
1.074658952e+000 1.848302075e+000 
1.108808861e+000 1.875593827e+000 
1.281490923e+000 1.935047594e+000 
1.204925194e+000 1.920180993e+000 
1.105528984e+000 1.873152483e+000 
1.193309434e+000 1.916134451e+000 
1.098993945e+000 1.868383416e+000 
1.177547711e+000 1.911262142e+000 
1.243760339e+000 1.929181596e+000 
1.060986628e+000 1.834348548e+000 
1.164939443e+000 1.905278616e+000 
1.165852208e+000 1.905525759e+000 
1.166682107e+000 1.906170654e+000 
1.068719316e+000 1.842517788e+000 
1.147436042e+000 1.897567861e+000 
1.228874337e+000 1.925422383e+000 
1.083599724e+000 1.856560080e+000 
1.117630269e+000 1.881623387e+000 
1.107621234e+000 1.874653057e+000 
1.054357416e+000 1.826346894e+000 
1.165489869e+000 1.905508746e+000 
1.218365691e+000 1.922987422e+000 
1.059216398e+000 1.832438980e+000 
1.241970572e+000 1.928059832e+000 
1.065728708e+000 1.839479619e+000 
1.068467802e+000 1.842230767e+000 
1.084086041e+000 1.857077495e+000 
1.059650286e+000 1.832979733e+000 
1.184949949e+000 1.912821693e+000 
1.165097504e+000 1.905500585e+000 
1.059856291e+000 1.833077502e+000 
1.220435050e+000 1.923341751e+000 
1.247858323e+000 1.929207808e+000 
1.283406165e+000 1.935973423e+000 
1.142103329e+000 1.895252856e+000 
1.126913619e+000 1.886896555e+000 
1.169798621e+000 1.907688334e+000 
1.124678392e+000 1.885703541e+000 
1.302655794e+000 1.939709533e+000 
1.089504098e+000 1.861346274e+000 
1.065051076e+000 1.838700077e+000 
1.088253795e+000 1.860302389e+000 
1.192236744e+000 1.915715440e+000 
1.182719606e+000 1.911885726e+000 
1.104205950e+000 1.871933303e+000 
1.222989912e+000 1.923676331e+000 
1.222468652e+000 1.923513336e+000 
1.061492517e+000 1.834981064e+000 
1.185757590e+000 1.912921713e+000 
1.060483703e+000 1.833889063e+000 
1.255554679e+000 1.931371496e+000 
1.249078439e+000 1.929667684e+000 
1.252490653e+000 1.929967624e+000 
1.255390011e+000 1.931277962e+000 
1.254187349e+000 1.930327036e+000 
1.202996773e+000 1.918881727e+000 
1.291000236e+000 1.936801078e+000 
1.242451220e+000 1.928472676e+000 
1.000842141e+000 1.000154445e+000 
1.001124281e+000 1.000177082e+000 
1.000795340e+000 1.000153083e+000 
1.001373094e+000 1.000188673e+000 
1.001426608e+000 1.000188736e+000 
1.001507321e+000 1.000194161e+000 
1.001270932e+000 1.000183138e+000 
1.001235170e+000 1.000182638e+000 
1.001327316e+000 1.000187594e+000 
1.001564532e+000 1.000194770e+000 
1.001013635e+000 1.000174296e+000 
1.001621458e+000 1.000195073e+000 
1.001710273e+000 1.000200195e+000 
1.001436624e+000 1.000189206e+000 
1.000955865e+000 1.000169640e+000 
1.001430021e+000 1.000188975e+000 
1.000925577e+000 1.000168262e+000 
1.000867808e+000 1.000163606e+000 
1.001966359e+000 1.000206629e+000 
1.001132192e+000 1.000179990e+000 
1.001146207e+000 1.000180005e+000 
1.001054061e+000 1.000175049e+000 
1.001313301e+000 1.000187579e+000 
1.001465240e+000 1.000193628e+000 
1.001113691e+000 1.000176604e+000 
1.001713782e+000 1.000200790e+000 
1.001005569e+000 1.000170102e+000 
1.001635652e+000 1.000195849e+000 
1.001769879e+000 1.000201337e+000 
1.001631955e+000 1.000195303e+000 
1.001107641e+000 1.000176151e+000 
1.001678020e+000 1.000200181e+000 
1.001550516e+000 1.000194756e+000 
1.001093626e+000 1.000176136e+000 
1.001173437e+000 1.000180349e+000 
1.001451224e+000 1.000193614e+000 
1.001187453e+000 1.000180364e+000 
1.001352993e+000 1.000188205e+000 
1.001311361e+000 1.000186384e+000 
1.000836586e+000 1.000153442e+000 
1.000909053e+000 1.000163965e+000 
1.001860690e+000 1.000201486e+000 
1.356548913e+000 1.966867329e+000 
1.344288044e+000 1.962731328e+000 
1.323172450e+000 1.953820497e+000 
1.305244146e+000 1.941418925e+000 
1.317355827e+000 1.951701519e+000 
1.319454796e+000 1.952368041e+000 
1.340986341e+000 1.961867374e+000 
1.488757711e+000 1.990248833e+000 
1.500973829e+000 1.991995876e+000 
1.392321425e+000 1.976334874e+000 
1.491697677e+000 1.990689057e+000 
1.375081828e+000 1.972039048e+000 
1.483807516e+000 1.989780607e+000 
1.399827191e+000 1.977512005e+000 
1.345082628e+000 1.963300090e+000 
1.349496745e+000 1.964643374e+000 
1.504593057e+000 1.992203520e+000 
1.356682016e+000 1.967517624e+000 
1.346454726e+000 1.964047819e+000 
1.392268527e+000 1.975873587e+000 
1.371782082e+000 1.971235049e+000 
1.356027358e+000 1.966648026e+000 
1.354702022e+000 1.966495428e+000 
1.460272189e+000 1.987585409e+000 
1.413481462e+000 1.980297307e+000 
1.309311166e+000 1.945797826e+000 
1.409852594e+000 1.980031691e+000 
1.312493872e+000 1.949222364e+000 
1.372196603e+000 1.971474743e+000 
1.373296234e+000 1.971792696e+000 
1.391476185e+000 1.975415373e+000 
1.312845015e+000 1.949549766e+000 
1.352701781e+000 1.965909620e+000 
1.440468243e+000 1.984542444e+000 
1.345126011e+000 1.963430142e+000 
1.693959167e+000 1.999914902e+000 
1.508727987e+000 1.992668492e+000 
1.507812516e+000 1.992498875e+000 
1.327629179e+000 1.956871001e+000 
1.318264615e+000 1.951958851e+000 
1.511119799e+000 1.992918225e+000 
1.508890590e+000 1.992800758e+000 
1.318217237e+000 1.951805054e+000 
1.305281681e+000 1.941685933e+000 
1.331537865e+000 1.958470551e+000 
1.311146348e+000 1.948660232e+000 
1.459602195e+000 1.987358418e+000 
1.484848841e+000 1.990073516e+000 
1.330944868e+000 1.957868318e+000 
1.499741253e+000 1.991656071e+000 
1.498966248e+000 1.991638021e+000 
1.326975746e+000 1.955322067e+000 
1.331512352e+000 1.958419982e+000 
1.339095800e+000 1.961104542e+000 
1.330992246e+000 1.958022007e+000 
1.329247242e+000 1.957214862e+000 
1.344225543e+000 1.962646934e+000 
1.341609827e+000 1.962509136e+000 
1.695722763e+000 2.000000000e+000 
1.329266164e+000 1.957236949e+000 
1.335421038e+000 1.960018299e+000 
1.307821351e+000 1.943245174e+000 
1.346781750e+000 1.964097013e+000 
1.401464982e+000 1.977757319e+000 
1.413838807e+000 1.980412215e+000 
1.335962389e+000 1.960829140e+000 
1.354535895e+000 1.966346180e+000 
1.334377821e+000 1.959774739e+000 
1.313650679e+000 1.949935507e+000 
1.315094980e+000 1.950515300e+000 
1.339256876e+000 1.961738550e+000 
1.498899212e+000 1.991637525e+000 
1.390022719e+000 1.975363160e+000 
1.317315531e+000 1.951290091e+000 
1.352360842e+000 1.965773980e+000 
1.310386801e+000 1.948109392e+000 
1.397612670e+000 1.977096166e+000 
1.350473948e+000 1.965390940e+000 
1.305632556e+000 1.941992896e+000 
1.307983958e+000 1.945475746e+000 
1.305749174e+000 1.942472668e+000 
1.510616501e+000 1.992838316e+000 
1.331039973e+000 1.958184661e+000 
1.356423579e+000 1.966714857e+000 
1.329686325e+000 1.957413998e+000 
1.327398787e+000 1.956285199e+000 
1.351577668e+000 1.965600464e+000 
1.326718090e+000 1.955049940e+000 
1.325774385e+000 1.954982776e+000 
1.332468463e+000 1.959281286e+000 
1.312025704e+000 1.949119719e+000 
1.330618709e+000 1.957855459e+000 
1.379148133e+000 1.972342470e+000 
1.310915603e+000 1.948609424e+000 
1.345684592e+000 1.963473740e+000 
1.528079616e+000 1.993928008e+000 
1.441573894e+000 1.984686326e+000 
1.406251993e+000 1.979132805e+000 
1.347451491e+000 1.964305242e+000 
1.351915296e+000 1.965724986e+000 
1.321450086e+000 1.953234654e+000 
1.317058172e+000 1.951099048e+000 
1.344612654e+000 1.962971802e+000 
1.529557505e+000 1.994008143e+000 
1.529021914e+000 1.994000297e+000 
1.344297874e+000 1.962927083e+000 
1.332004543e+000 1.959020287e+000 
1.314487031e+000 1.950406718e+000 
1.674941127e+000 1.999714419e+000 
1.506817062e+000 1.992372727e+000 
1.325491705e+000 1.954075739e+000 
1.360602436e+000 1.968266248e+000 
1.348495370e+000 1.964611862e+000 
1.321132306e+000 1.953100988e+000 
1.472080224e+000 1.989019931e+000 
1.474273994e+000 1.989339288e+000 
1.505584621e+000 1.992264147e+000 
1.358876077e+000 1.968020903e+000 
1.337648636e+000 1.960896116e+000 
1.441799411e+000 1.984741385e+000 
1.442817375e+000 1.984782591e+000 
1.396257799e+000 1.976683406e+000 
1.370212478e+000 1.970087157e+000 
1.370741452e+000 1.970328038e+000 
1.360661414e+000 1.968319611e+000 
1.526030409e+000 1.993862984e+000 
1.481928784e+000 1.989698642e+000 
1.337922423e+000 1.961026666e+000 
1.358600776e+000 1.967677582e+000 
1.322728270e+000 1.953670648e+000 
1.319874294e+000 1.952960495e+000 
1.672137390e+000 1.999687300e+000 
1.471490216e+000 1.988775148e+000 
1.476469653e+000 1.989642137e+000 
1.405035852e+000 1.978865268e+000 
1.400423221e+000 1.977587172e+000 
1.469138891e+000 1.988607253e+000 
1.475385612e+000 1.989485165e+000 
1.513056676e+000 1.993041448e+000 
1.670119101e+000 1.999651204e+000 
1.442996426e+000 1.985123994e+000 
1.404330417e+000 1.978765694e+000 
1.466057317e+000 1.988209875e+000 
1.466983594e+000 1.988423580e+000 
1.315944707e+000 1.950980914e+000 
1.552225632e+000 1.995719672e+000 
1.363085738e+000 1.968964577e+000 
1.366409152e+000 1.969462601e+000 
1.404125669e+000 1.978613806e+000 
1.512127682e+000 1.992966399e+000 
1.457665443e+000 1.987173625e+000 
1.364995078e+000 1.969300107e+000 
1.325654181e+000 1.954370636e+000 
1.380275683e+000 1.972772436e+000 
1.492835217e+000 1.990772652e+000 
1.354331603e+000 1.966313302e+000 
1.368317572e+000 1.969918091e+000 
1.512705951e+000 1.993027355e+000 
1.325733774e+000 1.954413515e+000 
1.376763745e+000 1.972224644e+000 
1.355310594e+000 1.966589876e+000 
1.368480869e+000 1.970031644e+000 
1.492881491e+000 1.990778290e+000 
1.384310862e+000 1.973849325e+000 
1.693061979e+000 1.999762073e+000 
1.494011573e+000 1.991193136e+000 
1.692019911e+000 1.999729882e+000 
1.454764968e+000 1.987015885e+000 
1.367829715e+000 1.969817473e+000 
1.384463801e+000 1.974030213e+000 
1.688166555e+000 1.999718352e+000 
1.686444215e+000 1.999717943e+000 
1.384116279e+000 1.973794945e+000 
1.448888723e+000 1.986400264e+000 
1.414665429e+000 1.980716023e+000 
1.382045713e+000 1.973647527e+000 
1.443727245e+000 1.985736060e+000 
1.557415582e+000 1.995952480e+000 
1.663952534e+000 1.999549157e+000 
1.382931642e+000 1.973720571e+000 
1.493266153e+000 1.990930804e+000 
1.447153128e+000 1.986122270e+000 
1.451645502e+000 1.986564327e+000 
1.546080786e+000 1.995368403e+000 
1.416217098e+000 1.980851018e+000 
1.655857524e+000 1.999455269e+000 
1.664224287e+000 1.999588209e+000 
1.416653196e+000 1.981038147e+000 
1.428877850e+000 1.983483570e+000 
1.492262964e+000 1.990700350e+000 
1.554018673e+000 1.995842387e+000 
1.489442305e+000 1.990604978e+000 
1.411603980e+000 1.980160142e+000 
1.416542944e+000 1.981015719e+000 
1.424038930e+000 1.982589827e+000 
1.408324147e+000 1.979586863e+000 
1.409598869e+000 1.979862619e+000 
1.418450714e+000 1.981471535e+000 
1.424509698e+000 1.982718852e+000 
1.389674669e+000 1.974914091e+000 
1.407045431e+000 1.979315276e+000 
1.419722211e+000 1.981556519e+000 
1.452343489e+000 1.986687668e+000 
1.446939853e+000 1.985966596e+000 
1.493943459e+000 1.990984609e+000 
1.371247509e+000 1.970623064e+000 
1.420942071e+000 1.981745062e+000 
1.422310330e+000 1.982175668e+000 
1.427381087e+000 1.983363997e+000 
1.420617646e+000 1.981713123e+000 
1.429869110e+000 1.983539486e+000 
1.431713984e+000 1.983713940e+000 
1.435922638e+000 1.984268671e+000 
1.437145814e+000 1.984478482e+000 
1.432834840e+000 1.983783833e+000 
1.435126805e+000 1.984150168e+000 
1.434021814e+000 1.984012651e+000 
1.453288991e+000 1.986887421e+000 
1.456264460e+000 1.987157325e+000 
1.461947070e+000 1.987873648e+000 
1.645944095e+000 1.999124113e+000 
1.388636710e+000 1.974517511e+000 
1.464534106e+000 1.987977676e+000 
1.648490951e+000 1.999348151e+000 
1.486086624e+000 1.990218484e+000 
1.484922996e+000 1.990110621e+000 
1.466254156e+000 1.988280975e+000 
1.545712657e+000 1.995067616e+000 
1.524607124e+000 1.993761461e+000 
1.459655208e+000 1.987528454e+000 
1.461725538e+000 1.987834314e+000 
1.522089972e+000 1.993558423e+000 
1.582216031e+000 1.997464362e+000 
1.583463612e+000 1.997480918e+000 
1.583797930e+000 1.997544887e+000 
1.584057394e+000 1.997637765e+000 
1.603515917e+000 1.998050989e+000 
1.521314469e+000 1.993478260e+000 
1.611445371e+000 1.998356483e+000 
1.643497260e+000 1.999117735e+000 
1.575039652e+000 1.997036942e+000 
1.592051875e+000 1.997648111e+000 
1.590140697e+000 1.997644142e+000 
1.593681878e+000 1.997860423e+000 
1.594585721e+000 1.997863599e+000 
1.579507639e+000 1.997297049e+000 
1.491502467e+000 1.990647227e+000 
1.548006617e+000 1.995463580e+000 
1.568832919e+000 1.996845969e+000 
1.562822309e+000 1.996380048e+000 
1.641379332e+000 1.998930856e+000 
1.563590058e+000 1.996490134e+000 
1.646416760e+000 1.999154028e+000 
1.397330633e+000 1.976754662e+000 
1.557641695e+000 1.995995899e+000 
1.574774043e+000 1.996989362e+000 
1.571714514e+000 1.996960714e+000 
1.531527095e+000 1.994454526e+000 
1.571046124e+000 1.996856523e+000 
1.487366682e+000 1.990243451e+000 
1.599557149e+000 1.998012685e+000 
1.522631767e+000 1.993628956e+000 
1.521027541e+000 1.993428487e+000 
1.529949777e+000 1.994302305e+000 
1.533331975e+000 1.994700604e+000 
1.549279970e+000 1.995527349e+000 
1.554986710e+000 1.995851593e+000 
1.612777365e+000 1.998408982e+000 
1.538087778e+000 1.994884215e+000 
1.609067245e+000 1.998072930e+000 
1.558460645e+000 1.996131344e+000 
1.539167724e+000 1.995049517e+000 
1.559808839e+000 1.996199800e+000 
1.538455377e+000 1.994897417e+000 
1.535780698e+000 1.994815179e+000 
1.537058611e+000 1.994827257e+000 
1.631470370e+000 1.998903967e+000 
1.627901718e+000 1.998713969e+000 
1.628707554e+000 1.998865762e+000 
1.627026083e+000 1.998707198e+000 
1.624176345e+000 1.998698418e+000 
1.621443043e+000 1.998630350e+000 
1.620656696e+000 1.998618792e+000 
1.618301717e+000 1.998430967e+000 
1.617320617e+000 1.998413300e+000 
1.610648703e+000 1.998196775e+000 
1.607599254e+000 1.998052248e+000 

