1.001331186e+000 1.113131044e+000 
1.001313256e+000 1.113072605e+000 
1.001248521e+000 1.112998562e+000 
1.001421951e+000 1.115101773e+000 
1.000078811e+000 1.001291065e+000 
1.000000000e+000 1.001288488e+000 
1.001838618e+000 1.165357351e+000 
1.002915136e+000 1.168111137e+000 
1.002313026e+000 1.165977821e+000 
1.002440728e+000 1.167490668e+000 
1.003064551e+000 1.168584727e+000 
1.003473760e+000 1.169176720e+000 
1.001792192e+000 1.164919950e+000 
1.002154497e+000 1.165359068e+000 
1.003018125e+000 1.168147301e+000 
1.002756607e+000 1.167492384e+000 
1.003531533e+000 1.170351341e+000 
1.022851008e+000 1.844447166e+000 
1.004039078e+000 1.787096101e+000 
1.004399877e+000 1.791728542e+000 
1.006157403e+000 1.798060431e+000 
1.018689078e+000 1.836013677e+000 
1.073564193e+000 1.911160290e+000 
1.047499683e+000 1.883006489e+000 
1.005839796e+000 1.797342601e+000 
1.024804627e+000 1.848505964e+000 
1.005704159e+000 1.796928967e+000 
1.059167231e+000 1.896522403e+000 
1.039070481e+000 1.870385345e+000 
1.056824888e+000 1.893351841e+000 
1.030462272e+000 1.858036082e+000 
1.034242223e+000 1.863507365e+000 
1.007342316e+000 1.802517764e+000 
1.027719162e+000 1.853246750e+000 
1.041675481e+000 1.875427295e+000 
1.043651432e+000 1.877990061e+000 
1.034655212e+000 1.864579037e+000 
1.004887992e+000 1.793623210e+000 
1.003655285e+000 1.785387477e+000 
1.009970778e+000 1.812917974e+000 
1.004264239e+000 1.791094553e+000 
1.057096140e+000 1.893812868e+000 
1.016937222e+000 1.831018853e+000 
1.034265391e+000 1.864338829e+000 
1.008963652e+000 1.808251474e+000 
1.022199597e+000 1.843127783e+000 
1.005007186e+000 1.793843184e+000 
1.032062926e+000 1.860435753e+000 
1.029572938e+000 1.856563046e+000 
1.048601050e+000 1.883104395e+000 
1.061003136e+000 1.899403490e+000 
1.085683130e+000 1.919933964e+000 
1.072511865e+000 1.910258525e+000 
1.023154481e+000 1.844813287e+000 
1.014555770e+000 1.825193143e+000 
1.004150077e+000 1.787468311e+000 
1.021119045e+000 1.841199691e+000 
1.054610669e+000 1.891100603e+000 
1.006403820e+000 1.799661986e+000 
1.007146767e+000 1.802410617e+000 
1.031952940e+000 1.860141568e+000 
1.067653638e+000 1.905640038e+000 
1.060261965e+000 1.897934145e+000 
1.005681700e+000 1.796662449e+000 
1.058628027e+000 1.895819583e+000 
1.028317533e+000 1.854022600e+000 
1.020572833e+000 1.840015610e+000 
1.013489831e+000 1.822896242e+000 
1.094422845e+000 1.926214751e+000 
1.044857465e+000 1.879684767e+000 
1.022938567e+000 1.844491825e+000 
1.059521224e+000 1.897205401e+000 
1.026525231e+000 1.851117738e+000 
1.029444559e+000 1.855964843e+000 
1.022626102e+000 1.844282044e+000 
1.058851242e+000 1.896428238e+000 
1.003817225e+000 1.785440661e+000 
1.009288673e+000 1.810333377e+000 
1.056440233e+000 1.892868271e+000 
1.013380750e+000 1.822450177e+000 
1.046090133e+000 1.881205941e+000 
1.007821280e+000 1.804706662e+000 
1.064036284e+000 1.902928635e+000 
1.029201114e+000 1.855420590e+000 
1.066418134e+000 1.904426663e+000 
1.069259324e+000 1.907089763e+000 
1.021522498e+000 1.842223458e+000 
1.037476567e+000 1.868535666e+000 
1.049097412e+000 1.885049088e+000 
1.056843357e+000 1.893374349e+000 
1.052235560e+000 1.887791332e+000 
1.054269097e+000 1.890395134e+000 
1.048635411e+000 1.883150633e+000 
1.005433544e+000 1.795799943e+000 
1.007027573e+000 1.802088736e+000 
1.057643817e+000 1.894625748e+000 
1.056574553e+000 1.893258687e+000 
1.012906225e+000 1.821362701e+000 
1.062200378e+000 1.900047549e+000 
1.098990123e+000 1.928872834e+000 
1.008970744e+000 1.808869966e+000 
1.010674513e+000 1.815760484e+000 
1.031131516e+000 1.858991981e+000 
1.056389472e+000 1.892718139e+000 
1.065303799e+000 1.903598226e+000 
1.008338531e+000 1.807162169e+000 
1.032922025e+000 1.861665000e+000 
1.068144989e+000 1.906261326e+000 
1.030432038e+000 1.857736047e+000 
1.063418921e+000 1.901284842e+000 
1.025906307e+000 1.850052215e+000 
1.033811621e+000 1.863306494e+000 
1.031067817e+000 1.858864581e+000 
1.042719012e+000 1.876331600e+000 
1.018420527e+000 1.835131256e+000 
1.026026799e+000 1.850276666e+000 
1.066351843e+000 1.903769564e+000 
1.037920652e+000 1.869731431e+000 
1.050121857e+000 1.886177231e+000 
1.014102088e+000 1.823754993e+000 
1.035743463e+000 1.866123487e+000 
1.018070614e+000 1.834043781e+000 
1.018989242e+000 1.836218732e+000 
1.011169287e+000 1.817381053e+000 
1.036033196e+000 1.866641864e+000 
1.050895265e+000 1.887187705e+000 
1.011939463e+000 1.819134535e+000 
1.012951160e+000 1.821422819e+000 
1.010436178e+000 1.814428183e+000 
1.010631726e+000 1.814535331e+000 
1.006898612e+000 1.801548110e+000 
1.051416673e+000 1.887555574e+000 
1.016680169e+000 1.830244962e+000 
1.005407824e+000 1.794219290e+000 
1.015555910e+000 1.828022685e+000 
1.014776334e+000 1.825997791e+000 
1.009566838e+000 1.811674025e+000 
1.033266069e+000 1.862594029e+000 
1.009666001e+000 1.812674702e+000 
1.008219336e+000 1.807060643e+000 
1.008414885e+000 1.807167791e+000 
1.043933705e+000 1.878091560e+000 
1.009013044e+000 1.809458214e+000 
1.048687904e+000 1.884729680e+000 
1.019764910e+000 1.838347744e+000 
1.009861549e+000 1.812781849e+000 
1.027272018e+000 1.852405678e+000 
1.007573125e+000 1.803844155e+000 
1.006758856e+000 1.800277029e+000 
1.025575434e+000 1.849362342e+000 
1.014494652e+000 1.824933407e+000 
1.019234630e+000 1.837260268e+000 
1.017337783e+000 1.831914769e+000 
1.015490756e+000 1.827575559e+000 
1.017485636e+000 1.832918402e+000 
1.016996160e+000 1.831071904e+000 
1.052535663e+000 1.888610434e+000 
1.023630999e+000 1.846145855e+000 
1.016181227e+000 1.829168821e+000 
1.053482598e+000 1.889622920e+000 
1.040326908e+000 1.872584121e+000 
1.024012462e+000 1.846732414e+000 
1.026808799e+000 1.851532597e+000 
1.036716778e+000 1.867434529e+000 
1.020208185e+000 1.839210552e+000 
1.017784746e+000 1.833200916e+000 
1.035505229e+000 1.866089299e+000 
1.039744355e+000 1.872200143e+000 
1.011589478e+000 1.817751819e+000 
1.040393225e+000 1.872860281e+000 
1.042107661e+000 1.875854261e+000 
1.047253858e+000 1.882450864e+000 
1.041085039e+000 1.873764997e+000 
1.000278959e+000 1.004457883e+000 
1.001753950e+000 1.161798630e+000 
1.001548498e+000 1.159581066e+000 
1.000153171e+000 1.001392505e+000 
1.000235745e+000 1.001392808e+000 
1.000205342e+000 1.001392614e+000 
1.000218370e+000 1.001392620e+000 
1.000187643e+000 1.001392598e+000 
1.000315286e+000 1.011423300e+000 
1.000374826e+000 1.011429878e+000 
1.001191036e+000 1.033825277e+000 
1.001064683e+000 1.033790461e+000 
1.000977274e+000 1.032810013e+000 
1.000863647e+000 1.031971924e+000 
1.000750565e+000 1.026020638e+000 
1.000447911e+000 1.025056572e+000 
1.000465191e+000 1.025133379e+000 
1.000553863e+000 1.025949131e+000 
1.321024525e+000 1.997538734e+000 
1.211859499e+000 1.979354561e+000 
1.344051727e+000 1.998691352e+000 
1.315739255e+000 1.997283789e+000 
1.078223894e+000 1.915396267e+000 
1.112496993e+000 1.937749024e+000 
1.328815295e+000 1.998136074e+000 
1.075152443e+000 1.912964151e+000 
1.208376014e+000 1.977868902e+000 
1.215946016e+000 1.980771633e+000 
1.328833957e+000 1.998225248e+000 
1.323530025e+000 1.997881130e+000 
1.084888864e+000 1.919691631e+000 
1.088198931e+000 1.922648144e+000 
1.112052463e+000 1.937587020e+000 
1.130620265e+000 1.948043955e+000 
1.081562190e+000 1.917824389e+000 
1.073003791e+000 1.910263266e+000 
1.321836399e+000 1.997691231e+000 
1.125103624e+000 1.945238068e+000 
1.085187922e+000 1.919761003e+000 
1.521022515e+000 1.999972030e+000 
1.321307100e+000 1.997681108e+000 
1.063398693e+000 1.900160642e+000 
1.201422407e+000 1.976358263e+000 
1.079735597e+000 1.915776276e+000 
1.121551643e+000 1.943215390e+000 
1.080492022e+000 1.917105800e+000 
1.084444334e+000 1.919529627e+000 
1.076741505e+000 1.914326966e+000 
1.274470915e+000 1.991984566e+000 
1.279065271e+000 1.992578523e+000 
1.096923629e+000 1.927649659e+000 
1.071247904e+000 1.909182292e+000 
1.075504120e+000 1.913758998e+000 
1.072220562e+000 1.909641424e+000 
1.077917855e+000 1.915318206e+000 
1.252872750e+000 1.988055649e+000 
1.090403954e+000 1.923157144e+000 
1.260732203e+000 1.989423454e+000 
1.094978906e+000 1.926747047e+000 
1.079859752e+000 1.916041401e+000 
1.080944344e+000 1.917799662e+000 
1.128356329e+000 1.946612275e+000 
1.075276267e+000 1.913302213e+000 
1.090747429e+000 1.924729769e+000 
1.092684630e+000 1.925094259e+000 
1.083868677e+000 1.919254066e+000 
1.113082314e+000 1.938178068e+000 
1.089789898e+000 1.923155404e+000 
1.109689555e+000 1.936161506e+000 
1.130062030e+000 1.947763058e+000 
1.079036311e+000 1.915616215e+000 
1.235562511e+000 1.984910117e+000 
1.246321649e+000 1.986616615e+000 
1.107438886e+000 1.934859235e+000 
1.083164884e+000 1.918300648e+000 
1.094893540e+000 1.926523891e+000 
1.276211373e+000 1.992013186e+000 
1.097955428e+000 1.928808969e+000 
1.067289954e+000 1.904482934e+000 
1.101255643e+000 1.930602980e+000 
1.095574796e+000 1.927490898e+000 
1.099177878e+000 1.929501183e+000 
1.077767905e+000 1.914751192e+000 
1.083381430e+000 1.918349991e+000 
1.090461123e+000 1.923677831e+000 
1.074706017e+000 1.912466114e+000 
1.103140655e+000 1.931985039e+000 
1.074387323e+000 1.911889222e+000 
1.070006533e+000 1.908425450e+000 
1.102150249e+000 1.931860834e+000 
1.204150406e+000 1.977476770e+000 
1.255654656e+000 1.988768219e+000 
1.093749867e+000 1.925708210e+000 
1.097861015e+000 1.928567194e+000 
1.093688342e+000 1.925115658e+000 
1.097120274e+000 1.928232193e+000 
1.072420269e+000 1.909984658e+000 
1.235542785e+000 1.984671923e+000 
1.086144729e+000 1.920606049e+000 
1.238739571e+000 1.985656780e+000 
1.105753331e+000 1.933871120e+000 
1.238995849e+000 1.985926678e+000 
1.100575174e+000 1.930577479e+000 
1.097626123e+000 1.928307378e+000 
1.106292831e+000 1.933905586e+000 
1.287080413e+000 1.993652830e+000 
1.215616565e+000 1.980474934e+000 
1.208881645e+000 1.978895859e+000 
1.209320473e+000 1.979200907e+000 
1.231731474e+000 1.984478216e+000 
1.107033572e+000 1.934240587e+000 
1.205511528e+000 1.977856703e+000 
1.202528397e+000 1.977162363e+000 
1.309160387e+000 1.996814678e+000 
1.216891039e+000 1.980859033e+000 
1.103430490e+000 1.932230301e+000 
1.256689348e+000 1.988968709e+000 
1.230669546e+000 1.984274603e+000 
1.261545265e+000 1.990000664e+000 
1.087977867e+000 1.921958754e+000 
1.086927517e+000 1.921516019e+000 
1.114661642e+000 1.938890836e+000 
1.291027762e+000 1.994501488e+000 
1.069627545e+000 1.907735424e+000 
1.306283969e+000 1.996142046e+000 
1.187084948e+000 1.971923037e+000 
1.262149302e+000 1.990017502e+000 
1.315525654e+000 1.997195749e+000 
1.174321116e+000 1.967642017e+000 
1.257799391e+000 1.989217734e+000 
1.306679634e+000 1.996264212e+000 
1.272829772e+000 1.991955243e+000 
1.234843659e+000 1.984640220e+000 
1.181789402e+000 1.969846568e+000 
1.191288613e+000 1.972913912e+000 
1.272044826e+000 1.991640308e+000 
1.194664051e+000 1.974310462e+000 
1.253699459e+000 1.988555704e+000 
1.368255749e+000 1.999275519e+000 
1.179315927e+000 1.969446010e+000 
1.228142125e+000 1.983078387e+000 
1.223934625e+000 1.982695528e+000 
1.131554789e+000 1.948815598e+000 
1.104888626e+000 1.933033347e+000 
1.212560044e+000 1.979774985e+000 
1.222288800e+000 1.982001188e+000 
1.218860082e+000 1.981295699e+000 
1.144528884e+000 1.954271679e+000 
1.128333686e+000 1.946574149e+000 
1.200347014e+000 1.976096886e+000 
1.157440137e+000 1.960882057e+000 
1.294017145e+000 1.994965368e+000 
1.289347686e+000 1.993876190e+000 
1.196115536e+000 1.974435294e+000 
1.225333444e+000 1.982800554e+000 
1.186049127e+000 1.971589646e+000 
1.271692987e+000 1.991360423e+000 
1.255976335e+000 1.988921320e+000 
1.101795918e+000 1.930988529e+000 
1.181390436e+000 1.969717546e+000 
1.283139583e+000 1.993325724e+000 
1.293080099e+000 1.994521019e+000 
1.278908105e+000 1.992410275e+000 
1.215335625e+000 1.980228472e+000 
1.182409563e+000 1.970240619e+000 
1.264995792e+000 1.990741048e+000 
1.135918270e+000 1.950140575e+000 
1.283349244e+000 1.993452578e+000 
1.267723769e+000 1.990870294e+000 
1.135997955e+000 1.950459915e+000 
1.124280016e+000 1.944826510e+000 
1.151658452e+000 1.958246877e+000 
1.253447748e+000 1.988233633e+000 
1.240930405e+000 1.986288941e+000 
1.318259749e+000 1.997416830e+000 
1.312345947e+000 1.996861553e+000 
1.277836340e+000 1.992378272e+000 
1.514936281e+000 1.999967518e+000 
1.247574313e+000 1.986670906e+000 
1.201957087e+000 1.976650501e+000 
1.280587651e+000 1.992720944e+000 
1.514269984e+000 1.999952843e+000 
1.194598951e+000 1.974233926e+000 
1.281236905e+000 1.992728302e+000 
1.221044670e+000 1.981728900e+000 
1.230045789e+000 1.983183747e+000 
1.215229935e+000 1.980218500e+000 
1.150182648e+000 1.957687771e+000 
1.487685460e+000 1.999910665e+000 
1.494578064e+000 1.999942957e+000 
1.490290510e+000 1.999914494e+000 
1.126107783e+000 1.945690366e+000 
1.156798525e+000 1.960463540e+000 
1.125208211e+000 1.945308019e+000 
1.494038068e+000 1.999941943e+000 
1.524466363e+000 2.000000000e+000 
1.338796003e+000 1.998486128e+000 
1.412782394e+000 1.999710264e+000 
1.498587880e+000 1.999948882e+000 
1.373684728e+000 1.999410471e+000 
1.243637693e+000 1.986378890e+000 
1.187976216e+000 1.972427465e+000 
1.186634587e+000 1.971836780e+000 
1.123199356e+000 1.944252540e+000 
1.349932970e+000 1.999088280e+000 
1.343939192e+000 1.998614589e+000 
1.153851227e+000 1.959391056e+000 
1.158517870e+000 1.961224739e+000 
1.346350646e+000 1.998722546e+000 
1.130231877e+000 1.947808617e+000 
1.169604487e+000 1.965603622e+000 
1.386460395e+000 1.999650089e+000 
1.285719829e+000 1.993546163e+000 
1.290307920e+000 1.993893172e+000 
1.178175772e+000 1.968587032e+000 
1.368372257e+000 1.999396141e+000 
1.376575917e+000 1.999525467e+000 
1.293929353e+000 1.994800910e+000 
1.304324348e+000 1.995718658e+000 
1.357096246e+000 1.999225674e+000 
1.187091319e+000 1.972305890e+000 
1.247980383e+000 1.987229473e+000 
1.299737589e+000 1.995448488e+000 
1.164476085e+000 1.963706349e+000 
1.155022799e+000 1.959472544e+000 
1.145600326e+000 1.955354807e+000 
1.150099694e+000 1.957207644e+000 
1.136902152e+000 1.951346903e+000 
1.146079277e+000 1.956037355e+000 
1.144922817e+000 1.954729421e+000 
1.146924767e+000 1.956069135e+000 
1.137520712e+000 1.951558600e+000 
1.172026124e+000 1.966527960e+000 
1.145970521e+000 1.955673837e+000 
1.178950019e+000 1.968892080e+000 
1.159973708e+000 1.961841011e+000 
1.163031936e+000 1.963066300e+000 
1.175714190e+000 1.967736820e+000 
1.173367752e+000 1.967118645e+000 
1.189513126e+000 1.972690549e+000 
1.165397814e+000 1.963770717e+000 
1.185228239e+000 1.971398297e+000 
1.191936997e+000 1.973342989e+000 
1.435320771e+000 1.999841600e+000 
1.183751191e+000 1.970831304e+000 
1.304807631e+000 1.995911731e+000 
1.169142728e+000 1.965540032e+000 
1.436612013e+000 1.999868095e+000 
1.193278626e+000 1.973933673e+000 
1.153300613e+000 1.958612822e+000 
1.155574679e+000 1.959562996e+000 
1.166626508e+000 1.964554906e+000 
1.147443423e+000 1.956409949e+000 
1.307303651e+000 1.996357797e+000 
1.308819371e+000 1.996416320e+000 
1.249470877e+000 1.987614292e+000 
1.137777965e+000 1.951646951e+000 
1.413833260e+000 1.999716329e+000 
1.249389165e+000 1.987444223e+000 
1.429568875e+000 1.999818221e+000 
1.455072674e+000 1.999905968e+000 
1.438422592e+000 1.999893696e+000 
1.304914626e+000 1.995970254e+000 
1.142440370e+000 1.953885224e+000 
1.191867959e+000 1.973047423e+000 
1.136026183e+000 1.951039819e+000 
1.165929636e+000 1.964074465e+000 
1.165803277e+000 1.963802971e+000 
1.141700709e+000 1.953701255e+000 
1.139253403e+000 1.952477646e+000 
1.417477224e+000 1.999727317e+000 
1.139636880e+000 1.952714418e+000 
1.490904170e+000 1.999932072e+000 
1.415929950e+000 1.999721193e+000 
1.133025184e+000 1.949129964e+000 
1.424656507e+000 1.999807450e+000 
1.110106074e+000 1.936203062e+000 
1.126578624e+000 1.945828538e+000 
1.116325428e+000 1.939963133e+000 
1.113521495e+000 1.938561363e+000 
1.123404754e+000 1.944333218e+000 
1.119491656e+000 1.942107305e+000 
1.153237283e+000 1.958580804e+000 
1.110466733e+000 1.936438699e+000 
1.117645861e+000 1.941418023e+000 
1.122382637e+000 1.944054307e+000 
1.116969546e+000 1.940787276e+000 
1.115203510e+000 1.939074983e+000 
1.130998134e+000 1.948286735e+000 
1.119395337e+000 1.942102343e+000 
1.129567641e+000 1.947482605e+000 
1.109084611e+000 1.935864384e+000 
1.117288203e+000 1.941017726e+000 

