1.001519012e+000 1.001929582e+000 
1.001408677e+000 1.001898849e+000 
1.001805173e+000 1.001975752e+000 
1.001533273e+000 1.001935604e+000 
1.001517937e+000 1.001925889e+000 
1.002210662e+000 1.002052884e+000 
1.002264753e+000 1.002059757e+000 
1.002059976e+000 1.002027255e+000 
1.001735465e+000 1.001975530e+000 
1.002040562e+000 1.002016357e+000 
1.001644343e+000 1.001952132e+000 
1.002358942e+000 1.002087857e+000 
1.001841988e+000 1.001992059e+000 
1.001911696e+000 1.001992281e+000 
1.002064331e+000 1.002032825e+000 
1.002051577e+000 1.002016736e+000 
1.002140954e+000 1.002052662e+000 
1.002134039e+000 1.002033047e+000 
1.002285384e+000 1.002069534e+000 
1.002355092e+000 1.002069756e+000 
1.002363297e+000 1.002093428e+000 
1.001981102e+000 1.001999154e+000 
1.005373618e+000 1.005910908e+000 
1.006007350e+000 1.006024751e+000 
1.006650404e+000 1.006121065e+000 
1.007132198e+000 1.006271154e+000 
1.005085391e+000 1.005803198e+000 
1.003860580e+000 1.005481285e+000 
1.004948397e+000 1.005757035e+000 
1.005888357e+000 1.005997684e+000 
1.005261089e+000 1.005880117e+000 
1.007598947e+000 1.006290250e+000 
1.003349697e+000 1.005202032e+000 
1.004233095e+000 1.005568354e+000 
1.006937872e+000 1.006190167e+000 
1.005191492e+000 1.005811131e+000 
1.004497431e+000 1.005635156e+000 
1.005244283e+000 1.005811670e+000 
1.003893535e+000 1.005483719e+000 
1.003603884e+000 1.005380185e+000 
1.006401925e+000 1.006107988e+000 
1.003689816e+000 1.005388567e+000 
1.003770520e+000 1.005467049e+000 
1.003219171e+000 1.005133871e+000 
1.004547260e+000 1.005652722e+000 
1.004034532e+000 1.005536152e+000 
1.003262578e+000 1.005194737e+000 
1.005115761e+000 1.005804940e+000 
1.006944765e+000 1.006192781e+000 
1.007020497e+000 1.006198971e+000 
1.006775210e+000 1.006182087e+000 
1.003389471e+000 1.005354952e+000 
1.003704911e+000 1.005459120e+000 
1.004964076e+000 1.005786149e+000 
1.004763539e+000 1.005719304e+000 
1.004685857e+000 1.005703702e+000 
1.004761588e+000 1.005709894e+000 
1.010729255e+000 1.031113459e+000 
1.009240332e+000 1.029908963e+000 
1.009336811e+000 1.029964689e+000 
1.008569032e+000 1.028899333e+000 
1.008791523e+000 1.029458891e+000 
1.009164121e+000 1.029794593e+000 
1.008888002e+000 1.029514616e+000 
1.007951370e+000 1.027791735e+000 
1.008292674e+000 1.028461808e+000 
1.009177779e+000 1.029800037e+000 
1.029540476e+000 1.139227648e+000 
1.022427452e+000 1.124284982e+000 
1.026853811e+000 1.134565791e+000 
1.033888625e+000 1.146280884e+000 
1.023479394e+000 1.127734083e+000 
1.028244877e+000 1.137270944e+000 
1.027576613e+000 1.135959210e+000 
1.026413472e+000 1.133631748e+000 
1.030457549e+000 1.141009423e+000 
1.023360165e+000 1.127678112e+000 
1.031994290e+000 1.143208525e+000 
1.024234889e+000 1.129177724e+000 
1.027498383e+000 1.135530859e+000 
1.021825400e+000 1.122638002e+000 
1.025634991e+000 1.132320014e+000 
1.022626428e+000 1.125933564e+000 
1.034979351e+000 1.147254998e+000 
1.023611395e+000 1.127737468e+000 
1.027804539e+000 1.136337206e+000 
1.027086204e+000 1.135079925e+000 
1.031547716e+000 1.142750495e+000 
1.026185546e+000 1.133254057e+000 
1.024626185e+000 1.129837117e+000 
1.028196951e+000 1.136907512e+000 
1.033752536e+000 1.145818092e+000 
1.031605252e+000 1.142950410e+000 
1.028401028e+000 1.137296759e+000 
1.031877194e+000 1.143198236e+000 
1.032228043e+000 1.143862010e+000 
1.032828450e+000 1.144609953e+000 
1.024691965e+000 1.129867285e+000 
1.016853388e+000 1.057099442e+000 
1.015885539e+000 1.055568800e+000 
1.015930893e+000 1.055625887e+000 
1.020442999e+000 1.061164964e+000 
1.017914587e+000 1.058201371e+000 
1.018502374e+000 1.058807655e+000 
1.020618463e+000 1.061439543e+000 
1.020123423e+000 1.060823786e+000 
1.013440745e+000 1.052172616e+000 
1.021341410e+000 1.062043302e+000 
1.014525826e+000 1.053873239e+000 
1.013218444e+000 1.051426023e+000 
1.020370637e+000 1.060979136e+000 
1.020111319e+000 1.060814289e+000 
1.016145214e+000 1.056071991e+000 
1.018560003e+000 1.058994508e+000 
1.015170770e+000 1.054672564e+000 
1.014976109e+000 1.054491267e+000 
1.019275138e+000 1.059836783e+000 
1.021719228e+000 1.062367632e+000 
1.047867185e+000 1.699106945e+000 
1.057981170e+000 1.719934392e+000 
1.084504856e+000 1.763777740e+000 
1.061938980e+000 1.727663034e+000 
1.123220726e+000 1.806039937e+000 
1.082724598e+000 1.760964710e+000 
1.055236914e+000 1.715268274e+000 
1.090191739e+000 1.771017165e+000 
1.088613608e+000 1.768937180e+000 
1.107005398e+000 1.789986796e+000 
1.065994035e+000 1.734986158e+000 
1.099454070e+000 1.781254856e+000 
1.111087717e+000 1.794316175e+000 
1.102007863e+000 1.785191102e+000 
1.050142770e+000 1.704467709e+000 
1.054463578e+000 1.713908393e+000 
1.075227017e+000 1.750413421e+000 
1.065028640e+000 1.733312818e+000 
1.084676434e+000 1.764062972e+000 
1.130639159e+000 1.814210769e+000 
1.071054436e+000 1.743755705e+000 
1.087110351e+000 1.766926103e+000 
1.056064923e+000 1.717171692e+000 
1.060803247e+000 1.725828864e+000 
1.127488923e+000 1.810649208e+000 
1.070847720e+000 1.743019939e+000 
1.056665054e+000 1.718282589e+000 
1.044334616e+000 1.690152915e+000 
1.136273526e+000 1.819527219e+000 
1.178575927e+000 1.846472033e+000 
1.232679534e+000 1.874263804e+000 
1.066611756e+000 1.736245811e+000 
1.097944323e+000 1.779918518e+000 
1.188079200e+000 1.850805536e+000 
1.101833310e+000 1.784913527e+000 
1.069311010e+000 1.740225348e+000 
1.111989149e+000 1.795574591e+000 
1.073306143e+000 1.747282128e+000 
1.043237350e+000 1.687631643e+000 
1.074268199e+000 1.748666938e+000 
1.075410799e+000 1.750452356e+000 
1.271070832e+000 1.884692636e+000 
1.050022969e+000 1.704070440e+000 
1.047992185e+000 1.699547715e+000 
1.043564373e+000 1.688358995e+000 
1.070160917e+000 1.741989459e+000 
1.157462616e+000 1.835474587e+000 
1.061224877e+000 1.726372479e+000 
1.168986591e+000 1.841067603e+000 
1.152051143e+000 1.831379110e+000 
1.050451534e+000 1.705030128e+000 
1.060320524e+000 1.724289179e+000 
1.047942756e+000 1.699130661e+000 
1.070343183e+000 1.742515861e+000 
1.069936075e+000 1.741094450e+000 
1.060703857e+000 1.725542875e+000 
1.197456833e+000 1.855544773e+000 
1.044732151e+000 1.691399017e+000 
1.130086460e+000 1.813546129e+000 
1.153205912e+000 1.831735811e+000 
1.067728141e+000 1.737954642e+000 
1.148702064e+000 1.828444646e+000 
1.063652855e+000 1.730901985e+000 
1.052598492e+000 1.709694681e+000 
1.070454305e+000 1.742644809e+000 
1.071571359e+000 1.744353640e+000 
1.145424648e+000 1.825672239e+000 
1.073792705e+000 1.747982518e+000 
1.134787488e+000 1.816412036e+000 
1.051162460e+000 1.706149351e+000 
1.074764763e+000 1.749532857e+000 
1.043363909e+000 1.688153083e+000 
1.042771760e+000 1.686312271e+000 
1.096308036e+000 1.778233900e+000 
1.072533006e+000 1.745734709e+000 
1.058585916e+000 1.721474435e+000 
1.069023625e+000 1.739884965e+000 
1.096964840e+000 1.778531137e+000 
1.151989175e+000 1.830629833e+000 
1.214610096e+000 1.864675626e+000 
1.141773479e+000 1.823303176e+000 
1.135066564e+000 1.817414169e+000 
1.270913433e+000 1.883959279e+000 
1.137116177e+000 1.820426060e+000 
1.102650746e+000 1.785570312e+000 
1.102706426e+000 1.785803174e+000 
1.172504876e+000 1.844056400e+000 
1.047410595e+000 1.697975805e+000 
1.269497760e+000 1.883263627e+000 
1.273759279e+000 1.885058086e+000 
1.185880809e+000 1.849572682e+000 
1.057636075e+000 1.719837135e+000 
1.061069056e+000 1.726313128e+000 
1.097731997e+000 1.779299825e+000 
1.125268604e+000 1.809105935e+000 
1.160841013e+000 1.838490955e+000 
1.220379964e+000 1.867958809e+000 
1.157730810e+000 1.836301597e+000 
1.161509373e+000 1.838741537e+000 
1.067065753e+000 1.737038295e+000 
1.206147217e+000 1.860425170e+000 
1.270808064e+000 1.883667142e+000 
1.057623125e+000 1.719304349e+000 
1.046727485e+000 1.696245843e+000 
1.233572277e+000 1.874904565e+000 
1.231153741e+000 1.873900525e+000 
1.270512018e+000 1.883295365e+000 
1.232657079e+000 1.874008882e+000 
1.266283852e+000 1.881257167e+000 
1.173074117e+000 1.844648935e+000 
1.204836624e+000 1.859815694e+000 
1.124378279e+000 1.807678003e+000 
1.100768848e+000 1.783375365e+000 
1.041618131e+000 1.681894010e+000 
1.226008567e+000 1.869988524e+000 
1.226855253e+000 1.871409657e+000 
1.174808367e+000 1.844936614e+000 
1.273879114e+000 1.885222190e+000 
1.214490303e+000 1.864480141e+000 
1.046511509e+000 1.695877971e+000 
1.271993473e+000 1.885037148e+000 
1.158493275e+000 1.836677323e+000 
1.108968888e+000 1.791918150e+000 
1.099480913e+000 1.781712422e+000 
1.132262178e+000 1.814730703e+000 
1.045930405e+000 1.694461425e+000 
1.177528778e+000 1.845921645e+000 
1.049654732e+000 1.703263111e+000 
1.129041931e+000 1.812426919e+000 
1.186320149e+000 1.850016513e+000 
1.137735172e+000 1.820552121e+000 
1.053110299e+000 1.710652904e+000 
1.099742236e+000 1.781731059e+000 
1.104975318e+000 1.788167703e+000 
1.217858825e+000 1.866558741e+000 
1.239005679e+000 1.875230173e+000 
1.245222640e+000 1.877825100e+000 
1.229759089e+000 1.872404734e+000 
1.147362708e+000 1.826234865e+000 
1.103620801e+000 1.786679622e+000 
1.094129334e+000 1.775748278e+000 
1.064115967e+000 1.731223436e+000 
1.270996964e+000 1.884009915e+000 
1.269070614e+000 1.883087696e+000 
1.184828020e+000 1.848620826e+000 
1.117781283e+000 1.801963881e+000 
1.263106801e+000 1.879791148e+000 
1.187504818e+000 1.850260741e+000 
1.153117369e+000 1.831437065e+000 
1.218996969e+000 1.867128205e+000 
1.082202920e+000 1.760088836e+000 
1.116387119e+000 1.800218143e+000 
1.128939851e+000 1.812340394e+000 
1.185651918e+000 1.848842243e+000 
1.085611747e+000 1.764766604e+000 
1.151589560e+000 1.830386334e+000 
1.114845498e+000 1.799111246e+000 
1.084132186e+000 1.762950450e+000 
1.128001439e+000 1.811681170e+000 
1.131712752e+000 1.814300745e+000 
1.128449584e+000 1.812010993e+000 
1.191815757e+000 1.852606062e+000 
1.094416555e+000 1.776062641e+000 
1.134025854e+000 1.815878637e+000 
1.187166689e+000 1.850103052e+000 
1.193167183e+000 1.853492870e+000 
1.096033960e+000 1.777422196e+000 
1.096065434e+000 1.777587281e+000 
1.126964383e+000 1.810368354e+000 
1.215812990e+000 1.866136393e+000 
1.206028926e+000 1.860370126e+000 
1.120173190e+000 1.803763211e+000 
1.118972460e+000 1.802605755e+000 
1.096259000e+000 1.777722523e+000 
1.121033513e+000 1.804364813e+000 
1.098761990e+000 1.780579777e+000 
1.200810809e+000 1.856322993e+000 
1.204620459e+000 1.859663682e+000 
1.189075219e+000 1.851634156e+000 
1.079704681e+000 1.756688437e+000 
1.069504191e+000 1.740314125e+000 
1.079547058e+000 1.756292840e+000 
1.078137450e+000 1.754438056e+000 
1.074906671e+000 1.749604761e+000 
1.212271987e+000 1.863509425e+000 
1.111245620e+000 1.794431498e+000 
1.191785349e+000 1.852245501e+000 
1.109913896e+000 1.793271757e+000 
1.000381149e+000 1.000118857e+000 
1.000183667e+000 1.000112203e+000 
1.000280915e+000 1.000116064e+000 
1.000631591e+000 1.000125286e+000 
1.000548189e+000 1.000124806e+000 
1.000484354e+000 1.000121349e+000 
1.000566107e+000 1.000124854e+000 
1.000528677e+000 1.000122796e+000 
1.000346700e+000 1.000118549e+000 
1.000008641e+000 1.000006806e+000 
1.000040940e+000 1.000007126e+000 
1.000000000e+000 1.000006596e+000 
1.000032300e+000 1.000006916e+000 
1.000049850e+000 1.000007413e+000 
1.000104191e+000 1.000007663e+000 
1.000164314e+000 1.000007664e+000 
1.003027706e+000 1.004797669e+000 
1.003160958e+000 1.004823445e+000 
1.002784166e+000 1.004633201e+000 
1.002919872e+000 1.004718294e+000 
1.002703912e+000 1.004544104e+000 
1.002618234e+000 1.004444021e+000 
1.002978575e+000 1.004730853e+000 
1.002431693e+000 1.004262978e+000 
1.002644751e+000 1.004445580e+000 
1.003086408e+000 1.004810228e+000 
1.002653525e+000 1.004453066e+000 
1.002616403e+000 1.004365469e+000 
1.002541433e+000 1.004344616e+000 
1.002627111e+000 1.004444699e+000 
1.002739203e+000 1.004553149e+000 
1.002658949e+000 1.004464052e+000 
1.002573272e+000 1.004363969e+000 
1.002762615e+000 1.004556663e+000 
1.002842868e+000 1.004645760e+000 
1.000634565e+000 1.000494217e+000 
1.010026263e+000 1.031067890e+000 
1.009502556e+000 1.030309309e+000 
1.009349225e+000 1.030113823e+000 
1.011059569e+000 1.032007378e+000 
1.009614385e+000 1.030553587e+000 
1.010741226e+000 1.031672750e+000 
1.009889374e+000 1.030822108e+000 
1.011313359e+000 1.032124677e+000 
1.009550983e+000 1.030336507e+000 
1.011615083e+000 1.032660932e+000 
1.012822256e+000 1.033606605e+000 
1.008461242e+000 1.028599355e+000 
1.008997933e+000 1.029530920e+000 
1.008642631e+000 1.028954094e+000 
1.013100196e+000 1.033945159e+000 
1.013079711e+000 1.033936928e+000 
1.008593481e+000 1.028953775e+000 
1.012252404e+000 1.033216278e+000 
1.011990894e+000 1.033047256e+000 
1.009405755e+000 1.030301933e+000 
1.012997093e+000 1.033747001e+000 
1.008876968e+000 1.029496347e+000 
1.008525745e+000 1.028626193e+000 
1.008676471e+000 1.029078502e+000 
1.012664461e+000 1.033561049e+000 
1.009522163e+000 1.030335541e+000 
1.011837441e+000 1.032763860e+000 
1.011466824e+000 1.032536832e+000 
1.011728334e+000 1.032705854e+000 
1.011977243e+000 1.032973203e+000 
1.001229246e+000 1.000705648e+000 
1.000865354e+000 1.000656014e+000 
1.000971460e+000 1.000666997e+000 
1.000885994e+000 1.000664567e+000 
1.001246157e+000 1.000706451e+000 
1.000648110e+000 1.000624684e+000 
1.001109914e+000 1.000686597e+000 
1.001068360e+000 1.000686081e+000 
1.001335301e+000 1.000708076e+000 
1.000651872e+000 1.000632084e+000 
1.001196632e+000 1.000697368e+000 
1.000763616e+000 1.000654468e+000 
1.000660072e+000 1.000632990e+000 
1.001014266e+000 1.000675854e+000 
1.001058179e+000 1.000677768e+000 
1.001295325e+000 1.000707862e+000 
1.000992100e+000 1.000675551e+000 
1.001357518e+000 1.000716935e+000 
1.001397494e+000 1.000717150e+000 
1.000713145e+000 1.000636697e+000 
1.001167053e+000 1.000696575e+000 
1.000716908e+000 1.000644098e+000 
1.001386601e+000 1.000716950e+000 
1.001120371e+000 1.000686837e+000 
1.001399071e+000 1.000717451e+000 
1.001336879e+000 1.000708378e+000 
1.000823801e+000 1.000655497e+000 
1.000646810e+000 1.000622180e+000 
1.001130553e+000 1.000695155e+000 
1.001028600e+000 1.000676975e+000 
1.000711846e+000 1.000634194e+000 
1.000725108e+000 1.000645004e+000 
1.000929907e+000 1.000666481e+000 
1.000637046e+000 1.000621129e+000 
1.039156913e+000 1.466882141e+000 
1.039528946e+000 1.467739663e+000 
1.039420202e+000 1.467598812e+000 
1.039949600e+000 1.468756711e+000 
1.036201685e+000 1.457001379e+000 
1.039085475e+000 1.466632798e+000 
1.037214213e+000 1.460980109e+000 
1.037697256e+000 1.462708599e+000 
1.035295409e+000 1.453036035e+000 
1.037115331e+000 1.460566363e+000 
1.041442703e+000 1.472874885e+000 
1.038087147e+000 1.463839285e+000 
1.037336440e+000 1.461341321e+000 
1.037776596e+000 1.462873271e+000 
1.036012957e+000 1.456549414e+000 
1.038079979e+000 1.463500651e+000 
1.327759611e+000 1.919919812e+000 
1.316424077e+000 1.914793849e+000 
1.332717123e+000 1.922290890e+000 
1.302592618e+000 1.906412767e+000 
1.305676883e+000 1.907607070e+000 
1.335219196e+000 1.923557763e+000 
1.329399824e+000 1.920512740e+000 
1.312630572e+000 1.911991561e+000 
1.283022128e+000 1.891440265e+000 
1.319646327e+000 1.917038154e+000 
1.282608217e+000 1.891165225e+000 
1.301861996e+000 1.903613763e+000 
1.298274815e+000 1.902837850e+000 
1.310298336e+000 1.910972503e+000 
1.310290589e+000 1.910372568e+000 
1.306890250e+000 1.909414722e+000 
1.319811724e+000 1.917885557e+000 
1.308650436e+000 1.910137069e+000 
1.326540697e+000 1.919721841e+000 
1.322663703e+000 1.918870210e+000 
1.294235109e+000 1.898461660e+000 
1.338391871e+000 1.925985486e+000 
1.318869588e+000 1.916649621e+000 
1.319471992e+000 1.916957632e+000 
1.287343335e+000 1.894011490e+000 
1.289221285e+000 1.895429742e+000 
1.304493600e+000 1.907591119e+000 
1.352211872e+000 1.930912018e+000 
1.291238340e+000 1.897212064e+000 
1.300607836e+000 1.903125497e+000 
1.295519232e+000 1.900482393e+000 
1.297317897e+000 1.901848712e+000 
1.294587982e+000 1.899821592e+000 
1.297548166e+000 1.902046175e+000 
1.296335647e+000 1.901755973e+000 
1.306845387e+000 1.908172124e+000 
1.301825836e+000 1.903311175e+000 
1.295945898e+000 1.901544392e+000 
1.848686747e+000 2.000000000e+000 
1.284578711e+000 1.893290398e+000 
1.281706234e+000 1.890122288e+000 
1.278132272e+000 1.887578790e+000 
1.279079508e+000 1.889879252e+000 
1.290102471e+000 1.896869553e+000 
1.301976278e+000 1.903911938e+000 
1.278517577e+000 1.889233624e+000 
1.287823536e+000 1.894357555e+000 
1.284073606e+000 1.891950194e+000 
1.283445350e+000 1.891719007e+000 
1.281875062e+000 1.890905235e+000 
1.294262766e+000 1.899009907e+000 
1.291382250e+000 1.898191641e+000 
1.286434302e+000 1.893927689e+000 
1.285853947e+000 1.893844873e+000 
1.281523014e+000 1.889949221e+000 
1.302468708e+000 1.903912732e+000 
1.278856749e+000 1.889553962e+000 
1.288052764e+000 1.895125294e+000 
1.811710977e+000 1.999395182e+000 
1.469809149e+000 1.967487635e+000 
1.346497666e+000 1.927899032e+000 
1.338361895e+000 1.923791975e+000 
1.331010858e+000 1.920742271e+000 
1.429750381e+000 1.957801335e+000 
1.469275568e+000 1.967434767e+000 
1.464996481e+000 1.966511757e+000 
1.433995009e+000 1.959022380e+000 
1.431489902e+000 1.958822675e+000 
1.460549053e+000 1.965734827e+000 
1.434729021e+000 1.959031206e+000 
1.314071706e+000 1.912973919e+000 
1.844991756e+000 1.999847288e+000 
1.484896891e+000 1.970136042e+000 
1.335921680e+000 1.923577872e+000 
1.343879365e+000 1.926722909e+000 
1.360868166e+000 1.935097452e+000 
1.358649028e+000 1.933891123e+000 
1.845339448e+000 1.999888533e+000 
1.311214233e+000 1.911819394e+000 
1.351422023e+000 1.930352366e+000 
1.350745007e+000 1.930004441e+000 
1.315658629e+000 1.913651709e+000 
1.347568148e+000 1.929268277e+000 
1.326461108e+000 1.919139131e+000 
1.344180384e+000 1.927808994e+000 
1.448454929e+000 1.963590672e+000 
1.443912005e+000 1.961771397e+000 
1.333953975e+000 1.922400657e+000 
1.439564167e+000 1.961073021e+000 
1.442535733e+000 1.961482678e+000 
1.354065159e+000 1.932264082e+000 
1.352867310e+000 1.931034092e+000 
1.332047776e+000 1.921336166e+000 
1.332553941e+000 1.921756613e+000 
1.366709834e+000 1.937963996e+000 
1.367180415e+000 1.937990891e+000 
1.354616484e+000 1.932298281e+000 
1.353780270e+000 1.931521544e+000 
1.803404280e+000 1.998817427e+000 
1.367692685e+000 1.938299298e+000 
1.343480207e+000 1.926689838e+000 
1.334024151e+000 1.922685116e+000 
1.355950442e+000 1.933056860e+000 
1.361593540e+000 1.935225751e+000 
1.390331168e+000 1.946108890e+000 
1.362597974e+000 1.935587290e+000 
1.359204824e+000 1.934558634e+000 
1.372334594e+000 1.940873410e+000 
1.373141075e+000 1.940898198e+000 
1.378719638e+000 1.942578361e+000 
1.381477689e+000 1.943767714e+000 
1.375797488e+000 1.941728350e+000 
1.369564773e+000 1.939799129e+000 
1.368584748e+000 1.939098422e+000 
1.371357951e+000 1.940062363e+000 
1.376917729e+000 1.942544385e+000 
1.839238071e+000 1.999682062e+000 
1.834107536e+000 1.999473833e+000 
1.837241239e+000 1.999591702e+000 
1.838285087e+000 1.999615684e+000 
1.390818076e+000 1.946805389e+000 
1.838616657e+000 1.999632502e+000 
1.478858874e+000 1.969311187e+000 
1.458328876e+000 1.965093815e+000 
1.464164249e+000 1.966490218e+000 
1.665561204e+000 1.994149829e+000 
1.644638939e+000 1.991909864e+000 
1.645611555e+000 1.992311311e+000 
1.658506973e+000 1.993321354e+000 
1.656966193e+000 1.992943640e+000 
1.663449676e+000 1.993637896e+000 
1.659100993e+000 1.993349508e+000 
1.708885215e+000 1.997228774e+000 
1.710902587e+000 1.997237498e+000 
1.706750090e+000 1.996723003e+000 
1.792015665e+000 1.998736689e+000 
1.643060642e+000 1.991886611e+000 
1.792980955e+000 1.998745884e+000 
1.439734301e+000 1.961374466e+000 
1.444663019e+000 1.962401642e+000 
1.451951479e+000 1.964079644e+000 
1.444286600e+000 1.962069762e+000 
1.453242739e+000 1.964958944e+000 
1.386622729e+000 1.945085183e+000 
1.452857442e+000 1.964160224e+000 
1.633319703e+000 1.991360192e+000 
1.699525369e+000 1.996230160e+000 
1.625172091e+000 1.990847731e+000 
1.620425923e+000 1.990449075e+000 
1.619588294e+000 1.990432443e+000 
1.679694767e+000 1.994966638e+000 
1.739149843e+000 1.998669067e+000 
1.404754879e+000 1.951175155e+000 
1.611360231e+000 1.989785128e+000 
1.685498600e+000 1.995254254e+000 
1.607961123e+000 1.989434880e+000 
1.608537705e+000 1.989561517e+000 
1.617089557e+000 1.990044315e+000 
1.612766584e+000 1.990005456e+000 
1.734190991e+000 1.998652415e+000 
1.384267190e+000 1.943948660e+000 
1.703759271e+000 1.996457105e+000 
1.687233653e+000 1.995408183e+000 
1.732454511e+000 1.998551931e+000 
1.727106843e+000 1.998425121e+000 
1.717505945e+000 1.997448521e+000 
1.724438662e+000 1.998170125e+000 
1.720585345e+000 1.997703418e+000 
1.720899095e+000 1.997805643e+000 
1.699472625e+000 1.995886444e+000 
1.637566004e+000 1.991527472e+000 
1.390674861e+000 1.946160408e+000 
1.434796997e+000 1.959504823e+000 
1.700086273e+000 1.996310463e+000 
1.398468603e+000 1.949410018e+000 
1.393928948e+000 1.947269646e+000 
1.394004702e+000 1.947617883e+000 
1.422543667e+000 1.956978148e+000 
1.640474943e+000 1.991805776e+000 
1.427410963e+000 1.957781785e+000 
1.419982768e+000 1.955823023e+000 
1.429964583e+000 1.958390291e+000 
1.418820385e+000 1.955583378e+000 
1.430594200e+000 1.958614619e+000 
1.647076649e+000 1.992317204e+000 
1.421500250e+000 1.956065240e+000 
1.403419698e+000 1.949997442e+000 
1.395331563e+000 1.948099948e+000 
1.397703675e+000 1.948658700e+000 
1.404426963e+000 1.950468357e+000 
1.673808525e+000 1.994193401e+000 
1.411462150e+000 1.952679934e+000 
1.410961004e+000 1.952573650e+000 
1.414384435e+000 1.953772230e+000 
1.409283273e+000 1.952279523e+000 
1.678202710e+000 1.994813692e+000 
1.640128958e+000 1.991744628e+000 
1.692468555e+000 1.995749327e+000 
1.690461995e+000 1.995630637e+000 
1.460414744e+000 1.965558074e+000 
1.602595734e+000 1.988755682e+000 
1.599049157e+000 1.988414849e+000 
1.597862603e+000 1.988412454e+000 
1.488333118e+000 1.971515120e+000 
1.470988562e+000 1.967604807e+000 
1.472869853e+000 1.968457159e+000 
1.475265147e+000 1.969081144e+000 
1.478789503e+000 1.969307637e+000 
1.496832779e+000 1.973382946e+000 
1.492565918e+000 1.972409924e+000 
1.493704058e+000 1.972650750e+000 
1.494920485e+000 1.972831500e+000 
1.538815666e+000 1.981299015e+000 
1.479114289e+000 1.969563943e+000 
1.538518146e+000 1.981184146e+000 
1.536025347e+000 1.980739001e+000 
1.590927943e+000 1.987950983e+000 
1.569808286e+000 1.985588155e+000 
1.547684051e+000 1.982640131e+000 
1.580172390e+000 1.986804359e+000 
1.576627182e+000 1.986524949e+000 
1.547424479e+000 1.982395627e+000 
1.550699351e+000 1.983243949e+000 
1.559668372e+000 1.984420138e+000 
1.584581639e+000 1.987209566e+000 
1.535032334e+000 1.980736277e+000 
1.553049551e+000 1.983581032e+000 
1.554242933e+000 1.983673708e+000 
1.555179881e+000 1.983966680e+000 
1.490616193e+000 1.972029715e+000 
1.545345876e+000 1.982274111e+000 
1.525340728e+000 1.978645556e+000 
1.549905176e+000 1.982698894e+000 
1.527323927e+000 1.979016969e+000 
1.528419428e+000 1.979209970e+000 
1.525427760e+000 1.978944116e+000 
1.576470089e+000 1.986320728e+000 
1.574168587e+000 1.986094828e+000 
1.579717918e+000 1.986796117e+000 
1.578046170e+000 1.986562209e+000 
1.524105873e+000 1.978463840e+000 
1.519136197e+000 1.977304372e+000 
1.515779351e+000 1.977200455e+000 
1.524020882e+000 1.978270801e+000 
1.596292311e+000 1.988287441e+000 
1.507020902e+000 1.974996621e+000 
1.594630983e+000 1.988119286e+000 
1.511576854e+000 1.975957091e+000 
1.505897193e+000 1.974873478e+000 
1.510128313e+000 1.975473963e+000 
1.512152035e+000 1.976000612e+000 
1.505876174e+000 1.974756220e+000 

