1.001963742e+000 1.011397428e+000 
1.003409846e+000 1.011881979e+000 
1.001604576e+000 1.011115984e+000 
1.002175886e+000 1.011424954e+000 
1.002786135e+000 1.011678762e+000 
1.001317431e+000 1.010875127e+000 
1.001418320e+000 1.010914004e+000 
1.003235983e+000 1.011881941e+000 
1.001626788e+000 1.011142812e+000 
1.001471024e+000 1.010914562e+000 
1.001780381e+000 1.011182367e+000 
1.002225696e+000 1.011432863e+000 
1.001396108e+000 1.010887094e+000 
1.001676597e+000 1.011156488e+000 
1.001213342e+000 1.010659876e+000 
1.001255405e+000 1.010670410e+000 
1.002347845e+000 1.011595090e+000 
1.002038658e+000 1.011420173e+000 
1.002422760e+000 1.011617835e+000 
1.003136552e+000 1.011700957e+000 
1.002488505e+000 1.011623352e+000 
1.003170238e+000 1.011876425e+000 
1.002609799e+000 1.011630525e+000 
1.003154510e+000 1.011837521e+000 
1.003148999e+000 1.011829566e+000 
1.000303824e+000 1.001098671e+000 
1.000362080e+000 1.001098673e+000 
1.000259316e+000 1.001095875e+000 
1.000384169e+000 1.001099814e+000 
1.000442425e+000 1.001099817e+000 
1.003771412e+000 1.069068017e+000 
1.003559950e+000 1.067868592e+000 
1.003901109e+000 1.069561565e+000 
1.000770762e+000 1.003633667e+000 
1.000979229e+000 1.003648718e+000 
1.000744655e+000 1.003633346e+000 
1.000603952e+000 1.003530433e+000 
1.000665978e+000 1.003539730e+000 
1.000637603e+000 1.003532573e+000 
1.000454837e+000 1.003412907e+000 
1.000872160e+000 1.003635647e+000 
1.000917204e+000 1.003639210e+000 
1.000888117e+000 1.003638246e+000 
1.000891097e+000 1.003638889e+000 
1.000561889e+000 1.003513681e+000 
1.000953123e+000 1.003648396e+000 
1.000950142e+000 1.003647754e+000 
1.000587996e+000 1.003514002e+000 
1.000480944e+000 1.003413229e+000 
1.000243739e+000 1.001006742e+000 
1.000193955e+000 1.001002056e+000 
1.000135699e+000 1.001000545e+000 
1.000215579e+000 1.001006076e+000 
1.000069994e+000 1.000550504e+000 
1.000045833e+000 1.000541986e+000 
1.000126178e+000 1.000550871e+000 
1.000024161e+000 1.000537844e+000 
1.000000000e+000 1.000529326e+000 
1.004713019e+000 1.111919531e+000 
1.006153032e+000 1.115064645e+000 
1.004033365e+000 1.110195821e+000 
1.005709276e+000 1.113934463e+000 
1.004337195e+000 1.110658150e+000 
1.005044965e+000 1.112232752e+000 
1.005156775e+000 1.112982783e+000 
1.006478796e+000 1.115200263e+000 
1.003925325e+000 1.109255793e+000 
1.004445235e+000 1.110951823e+000 
1.005493517e+000 1.113133180e+000 
1.003497472e+000 1.040580429e+000 
1.003493703e+000 1.040514048e+000 
1.003435447e+000 1.039787999e+000 
1.008514444e+000 1.307894001e+000 
1.008178503e+000 1.306782455e+000 
1.007765481e+000 1.305818737e+000 
1.008336740e+000 1.307803655e+000 
1.008473969e+000 1.307877862e+000 
1.008220369e+000 1.307719925e+000 
1.008746839e+000 1.309019570e+000 
1.006891494e+000 1.302962548e+000 
1.007464452e+000 1.304518026e+000 
1.007185317e+000 1.304166997e+000 
1.006724793e+000 1.302094463e+000 
1.007595416e+000 1.305382912e+000 
1.007068946e+000 1.304083267e+000 
1.006732130e+000 1.302642507e+000 
1.009011770e+000 1.309525402e+000 
1.008713052e+000 1.308078275e+000 
1.009206398e+000 1.310178714e+000 
1.033385206e+000 1.901451594e+000 
1.056780487e+000 1.922056330e+000 
1.032174791e+000 1.900125028e+000 
1.033709506e+000 1.901571528e+000 
1.033357339e+000 1.901255469e+000 
1.036426176e+000 1.904474245e+000 
1.031299030e+000 1.898698868e+000 
1.099315689e+000 1.945717367e+000 
1.037179207e+000 1.904916938e+000 
1.087092046e+000 1.940379728e+000 
1.012047018e+000 1.871549880e+000 
1.069241589e+000 1.930581526e+000 
1.009669028e+000 1.866242864e+000 
1.038344319e+000 1.906337164e+000 
1.022096895e+000 1.887775918e+000 
1.065172233e+000 1.928250995e+000 
1.091529568e+000 1.942362127e+000 
1.076446466e+000 1.935143222e+000 
1.024806580e+000 1.891263279e+000 
1.068040968e+000 1.930130515e+000 
1.064633092e+000 1.927497479e+000 
1.071885403e+000 1.932817124e+000 
1.073407255e+000 1.933503616e+000 
1.065936294e+000 1.928639836e+000 
1.065627676e+000 1.928293069e+000 
1.071109361e+000 1.931980015e+000 
1.069780729e+000 1.931397296e+000 
1.069703577e+000 1.930832079e+000 
1.070460473e+000 1.931707905e+000 
1.131110169e+000 1.956571174e+000 
1.121568077e+000 1.953343205e+000 
1.093722823e+000 1.943464933e+000 
1.110652230e+000 1.949755666e+000 
1.010819650e+000 1.868976961e+000 
1.111081826e+000 1.950287786e+000 
1.108411727e+000 1.949261422e+000 
1.101665115e+000 1.946963887e+000 
1.038142588e+000 1.905953585e+000 
1.018985997e+000 1.883391640e+000 
1.124949097e+000 1.954691991e+000 
1.015403350e+000 1.877451608e+000 
1.013107273e+000 1.873640548e+000 
1.012772142e+000 1.872894963e+000 
1.103146599e+000 1.947297499e+000 
1.051363247e+000 1.917635717e+000 
1.136159498e+000 1.957731537e+000 
1.020797379e+000 1.886074033e+000 
1.026040347e+000 1.892728034e+000 
1.009223678e+000 1.865219283e+000 
1.054900733e+000 1.920207892e+000 
1.025588792e+000 1.892010345e+000 
1.122348976e+000 1.953661213e+000 
1.088336639e+000 1.940533791e+000 
1.087547489e+000 1.940421344e+000 
1.054224817e+000 1.919990732e+000 
1.038672033e+000 1.906462534e+000 
1.039325180e+000 1.907308411e+000 
1.039994900e+000 1.907940978e+000 
1.146917072e+000 1.961788062e+000 
1.148956832e+000 1.962023098e+000 
1.023776908e+000 1.889798690e+000 
1.143053778e+000 1.960714554e+000 
1.017734354e+000 1.881380827e+000 
1.010811214e+000 1.868614919e+000 
1.011961837e+000 1.871349015e+000 
1.104149911e+000 1.947600268e+000 
1.114917552e+000 1.951286254e+000 
1.029427227e+000 1.896791413e+000 
1.153115894e+000 1.963340568e+000 
1.018977214e+000 1.883281627e+000 
1.030463983e+000 1.898089345e+000 
1.019421667e+000 1.884009430e+000 
1.038987447e+000 1.906798935e+000 
1.026764058e+000 1.893617990e+000 
1.118819409e+000 1.953109650e+000 
1.125555957e+000 1.954766032e+000 
1.017289901e+000 1.880655234e+000 
1.123796959e+000 1.954498472e+000 
1.107476621e+000 1.948845140e+000 
1.128226056e+000 1.955759940e+000 
1.100051082e+000 1.945848362e+000 
1.015462954e+000 1.877841494e+000 
1.032744925e+000 1.900301733e+000 
1.039542936e+000 1.907453198e+000 
1.038862503e+000 1.906493124e+000 
1.058369267e+000 1.922951627e+000 
1.037408951e+000 1.905130920e+000 
1.132705827e+000 1.957255835e+000 
1.036973422e+000 1.904824409e+000 
1.035960551e+000 1.903847013e+000 
1.038156013e+000 1.906191737e+000 
1.084047097e+000 1.938740408e+000 
1.118050956e+000 1.952252728e+000 
1.155113406e+000 1.963950077e+000 
1.011593341e+000 1.870360264e+000 
1.095938869e+000 1.943997777e+000 
1.063805600e+000 1.926746793e+000 
1.113660892e+000 1.950987391e+000 
1.062641694e+000 1.926045920e+000 
1.011148888e+000 1.869632518e+000 
1.043501251e+000 1.910607782e+000 
1.014357731e+000 1.875714797e+000 
1.019935493e+000 1.884638113e+000 
1.018975971e+000 1.883109608e+000 
1.150180166e+000 1.962633791e+000 
1.049298773e+000 1.916064958e+000 
1.031143243e+000 1.898598795e+000 
1.044683843e+000 1.911962081e+000 
1.150041766e+000 1.962586887e+000 
1.047387080e+000 1.914478010e+000 
1.137828379e+000 1.959115095e+000 
1.043981206e+000 1.911161088e+000 
1.019700044e+000 1.884187496e+000 
1.130035727e+000 1.956215149e+000 
1.013633658e+000 1.874661138e+000 
1.014175620e+000 1.875645277e+000 
1.053265751e+000 1.919376120e+000 
1.017825082e+000 1.881514180e+000 
1.016449369e+000 1.879454346e+000 
1.048070918e+000 1.914791601e+000 
1.049655439e+000 1.916420532e+000 
1.046821490e+000 1.913703814e+000 
1.045593635e+000 1.912430411e+000 
1.055672846e+000 1.921297215e+000 
1.026016996e+000 1.892603374e+000 
1.014138837e+000 1.874964392e+000 
1.052160344e+000 1.918430736e+000 
1.050832844e+000 1.917466505e+000 
1.049244254e+000 1.915913908e+000 
1.030927337e+000 1.898388283e+000 
1.053694414e+000 1.919834693e+000 
1.086075963e+000 1.939723310e+000 
1.154632153e+000 1.963677066e+000 
1.083790569e+000 1.938473957e+000 
1.023128312e+000 1.888921156e+000 
1.022804653e+000 1.888483127e+000 
1.080412106e+000 1.936690098e+000 
1.159582917e+000 1.965189071e+000 
1.160248476e+000 1.965402770e+000 
1.027793408e+000 1.894868890e+000 
1.027469749e+000 1.894429519e+000 
1.079950330e+000 1.936494874e+000 
1.136766658e+000 1.958396109e+000 
1.079745310e+000 1.936428898e+000 
1.060960684e+000 1.925017381e+000 
1.126327441e+000 1.954807169e+000 
1.059873238e+000 1.924008216e+000 
1.139523899e+000 1.959435496e+000 
1.059988849e+000 1.924010145e+000 
1.146481570e+000 1.961407952e+000 
1.001120223e+000 1.010410921e+000 
1.001082406e+000 1.010391492e+000 
1.360401505e+000 1.994186402e+000 
1.221212267e+000 1.979286526e+000 
1.151981314e+000 1.962925475e+000 
1.319574993e+000 1.991674491e+000 
1.169825367e+000 1.967777292e+000 
1.280508523e+000 1.987497754e+000 
1.171749387e+000 1.968383724e+000 
1.215759725e+000 1.978609698e+000 
1.188220156e+000 1.972262062e+000 
1.170333257e+000 1.968058013e+000 
1.180740232e+000 1.970897437e+000 
1.210575596e+000 1.977792386e+000 
1.341316898e+000 1.992865045e+000 
1.274956936e+000 1.987381969e+000 
1.172075498e+000 1.968437967e+000 
1.170765593e+000 1.968297591e+000 
1.249801638e+000 1.983998532e+000 
1.218829676e+000 1.979266641e+000 
1.245424384e+000 1.983656516e+000 
1.261616378e+000 1.985760482e+000 
1.207121148e+000 1.976222580e+000 
1.164166035e+000 1.966699494e+000 
1.206542093e+000 1.976200323e+000 
1.214757079e+000 1.978496792e+000 
1.616375640e+000 1.999683296e+000 
1.708203776e+000 1.999940506e+000 
1.166433585e+000 1.967509411e+000 
1.723620845e+000 1.999988939e+000 
1.167558421e+000 1.967597645e+000 
1.154082973e+000 1.963444571e+000 
1.155562480e+000 1.964193561e+000 
1.293221655e+000 1.989286823e+000 
1.335170688e+000 1.992628695e+000 
1.368580249e+000 1.994881901e+000 
1.670912263e+000 1.999864238e+000 
1.370676736e+000 1.995117596e+000 
1.254349200e+000 1.985086949e+000 
1.342429591e+000 1.993124269e+000 
1.340333104e+000 1.992854932e+000 
1.262557836e+000 1.986177393e+000 
1.730056759e+000 2.000000000e+000 
1.164806384e+000 1.967122559e+000 
1.286755650e+000 1.988668108e+000 
1.155410160e+000 1.963954816e+000 
1.248172123e+000 1.983964968e+000 
1.262802998e+000 1.986193330e+000 
1.227106276e+000 1.980164726e+000 
1.646124710e+000 1.999807597e+000 
1.209380971e+000 1.977403391e+000 
1.189739697e+000 1.972336304e+000 
1.156889666e+000 1.964666438e+000 
1.216901274e+000 1.978945607e+000 
1.234043661e+000 1.981460858e+000 
1.228585783e+000 1.980899106e+000 
1.235932195e+000 1.982216022e+000 
1.221294745e+000 1.979305928e+000 
1.177676649e+000 1.969951588e+000 
1.174179436e+000 1.968864989e+000 
1.224490703e+000 1.980073675e+000 
1.268484618e+000 1.986942548e+000 
1.235227431e+000 1.981779171e+000 
1.716623075e+000 1.999947538e+000 
1.160711304e+000 1.966014317e+000 
1.243828703e+000 1.983315940e+000 
1.186430719e+000 1.971974229e+000 
1.300672563e+000 1.989962763e+000 
1.185961533e+000 1.971951623e+000 
1.263786792e+000 1.986233189e+000 
1.254294654e+000 1.984856778e+000 
1.622913821e+000 1.999763251e+000 
1.182379710e+000 1.970975348e+000 
1.304640462e+000 1.990559848e+000 
1.233736687e+000 1.981209406e+000 
1.290064493e+000 1.989062304e+000 
1.151666848e+000 1.962910439e+000 
1.301656356e+000 1.990010961e+000 
1.161454626e+000 1.966063729e+000 
1.153870992e+000 1.963362998e+000 
1.260118660e+000 1.985740063e+000 
1.243875964e+000 1.983393859e+000 
1.145771478e+000 1.960716753e+000 
1.163965079e+000 1.966608469e+000 
1.158405400e+000 1.964876686e+000 
1.190269042e+000 1.973408696e+000 
1.635514808e+000 1.999773168e+000 
1.191144440e+000 1.973709763e+000 
1.298448730e+000 1.989943488e+000 
1.316725304e+000 1.991390119e+000 
1.165284499e+000 1.967205075e+000 
1.182154415e+000 1.970908580e+000 
1.194860383e+000 1.973780077e+000 
1.268154021e+000 1.986657710e+000 
1.259827198e+000 1.985515846e+000 
1.281784247e+000 1.987876200e+000 
1.722588284e+000 1.999969093e+000 
1.282288051e+000 1.988116172e+000 
1.267170228e+000 1.986569837e+000 
1.250501087e+000 1.984516317e+000 
1.306160004e+000 1.990616490e+000 
1.294407653e+000 1.989612067e+000 
1.377657097e+000 1.995367762e+000 
1.177641642e+000 1.969681352e+000 
1.640073071e+000 1.999781401e+000 
1.310201081e+000 1.990941541e+000 
1.235110219e+000 1.981514594e+000 
1.373102227e+000 1.995127883e+000 
1.376137556e+000 1.995361747e+000 
1.285676845e+000 1.988485485e+000 
1.185011008e+000 1.971236593e+000 
1.309217287e+000 1.990913452e+000 
1.202708932e+000 1.975985629e+000 
1.312200914e+000 1.991171948e+000 
1.185656073e+000 1.971604091e+000 
1.545133458e+000 1.999223163e+000 
1.189904738e+000 1.973406249e+000 
1.199105754e+000 1.975338935e+000 
1.583549130e+000 1.999510683e+000 
1.195092580e+000 1.973813738e+000 
1.343195283e+000 1.993293295e+000 
1.589148944e+000 1.999536200e+000 
1.385676290e+000 1.996084403e+000 
1.375768574e+000 1.995203511e+000 
1.590021018e+000 1.999581268e+000 
1.399622656e+000 1.996707069e+000 
1.397637791e+000 1.996661718e+000 
1.395752985e+000 1.996645642e+000 
1.389877182e+000 1.996596152e+000 
1.611432423e+000 1.999675296e+000 
1.566932979e+000 1.999358489e+000 
1.513003455e+000 1.998896885e+000 
1.512112366e+000 1.998878948e+000 
1.413071329e+000 1.997331809e+000 
1.609808774e+000 1.999654128e+000 
1.418446130e+000 1.997356245e+000 
1.380281590e+000 1.995610563e+000 
1.601024883e+000 1.999622783e+000 
1.608300964e+000 1.999645561e+000 
1.343951225e+000 1.993504453e+000 
1.500558476e+000 1.998856525e+000 
1.597790124e+000 1.999585983e+000 
1.418913268e+000 1.997437009e+000 
1.362674936e+000 1.994677008e+000 
1.339105379e+000 1.992747826e+000 
1.407454672e+000 1.996809984e+000 
1.569880916e+000 1.999438347e+000 
1.566985846e+000 1.999379567e+000 
1.408375917e+000 1.996959675e+000 
1.386809625e+000 1.996278217e+000 
1.578115175e+000 1.999492843e+000 
1.462410364e+000 1.998402903e+000 
1.488877436e+000 1.998665609e+000 
1.704904046e+000 1.999867128e+000 
1.552145521e+000 1.999237672e+000 
1.706773656e+000 1.999907339e+000 
1.536945250e+000 1.999157118e+000 
1.541929487e+000 1.999171129e+000 
1.536400001e+000 1.999093756e+000 
1.351870924e+000 1.993864168e+000 
1.557990723e+000 1.999327307e+000 
1.378349795e+000 1.995411250e+000 
1.369140308e+000 1.995028357e+000 
1.354078470e+000 1.993940914e+000 
1.353156098e+000 1.993867189e+000 
1.382117281e+000 1.995610900e+000 
1.354281720e+000 1.994063777e+000 
1.552710595e+000 1.999259841e+000 
1.434708077e+000 1.997917650e+000 
1.341681538e+000 1.992938273e+000 
1.428900464e+000 1.997859470e+000 
1.469084289e+000 1.998451760e+000 
1.424900020e+000 1.997784647e+000 
1.423009711e+000 1.997712722e+000 
1.511176414e+000 1.998859236e+000 
1.438709983e+000 1.998131500e+000 
1.466618021e+000 1.998428124e+000 
1.459423418e+000 1.998373234e+000 
1.446474963e+000 1.998145199e+000 
1.353946445e+000 1.993871858e+000 
1.487732597e+000 1.998663444e+000 
1.472576770e+000 1.998521746e+000 
1.493658946e+000 1.998776898e+000 
1.450373658e+000 1.998273877e+000 
1.494495581e+000 1.998778642e+000 
1.520834601e+000 1.998980676e+000 
1.515206670e+000 1.998925421e+000 
1.518895540e+000 1.998929031e+000 
1.479302145e+000 1.998644079e+000 
1.502844596e+000 1.998857318e+000 
1.529248383e+000 1.999000961e+000 

