1.004152352e+000 1.400301330e+000 
1.007277530e+000 1.407702979e+000 
1.006632724e+000 1.406378777e+000 
1.007812312e+000 1.408471017e+000 
1.006862859e+000 1.406989264e+000 
1.003388251e+000 1.396632598e+000 
1.004412058e+000 1.400539634e+000 
1.005126623e+000 1.403362266e+000 
1.003457466e+000 1.398847765e+000 
1.004812893e+000 1.401446026e+000 
1.005592804e+000 1.404588712e+000 
1.007397641e+000 1.407757302e+000 
1.004334417e+000 1.400520100e+000 
1.003923647e+000 1.400074211e+000 
1.005008847e+000 1.402570837e+000 
1.006807457e+000 1.406706934e+000 
1.004542666e+000 1.401344392e+000 
1.002735511e+000 1.128128188e+000 
1.002868266e+000 1.128129550e+000 
1.000853570e+000 1.122078116e+000 
1.001745068e+000 1.125934168e+000 
1.001565200e+000 1.125928593e+000 
1.002518812e+000 1.128118807e+000 
1.002698681e+000 1.128124512e+000 
1.001781899e+000 1.125937974e+000 
1.000697043e+000 1.119679200e+000 
1.002222295e+000 1.126176335e+000 
1.001395615e+000 1.125923483e+000 
1.001259031e+000 1.123810650e+000 
1.002139505e+000 1.126167382e+000 
1.000925748e+000 1.123757333e+000 
1.051659519e+000 1.809530319e+000 
1.111105122e+000 1.874207092e+000 
1.102275547e+000 1.868027604e+000 
1.193758703e+000 1.920773003e+000 
1.152698676e+000 1.901352762e+000 
1.067136339e+000 1.829612991e+000 
1.041557060e+000 1.795570175e+000 
1.128191949e+000 1.887001705e+000 
1.012740884e+000 1.741786072e+000 
1.066026774e+000 1.827640604e+000 
1.144991868e+000 1.898507230e+000 
1.018653453e+000 1.754512353e+000 
1.061325796e+000 1.822128075e+000 
1.073646367e+000 1.837458767e+000 
1.136781395e+000 1.893766131e+000 
1.144083100e+000 1.897799044e+000 
1.054569528e+000 1.813540248e+000 
1.008647197e+000 1.730171517e+000 
1.062760199e+000 1.824529965e+000 
1.035612960e+000 1.785633847e+000 
1.090094480e+000 1.856482177e+000 
1.100016170e+000 1.865116115e+000 
1.056976404e+000 1.816766203e+000 
1.020646717e+000 1.758054278e+000 
1.174543219e+000 1.912578196e+000 
1.022464360e+000 1.762273555e+000 
1.009633019e+000 1.732742717e+000 
1.085862030e+000 1.851757898e+000 
1.152859544e+000 1.902876394e+000 
1.115320664e+000 1.878250637e+000 
1.030638964e+000 1.776825928e+000 
1.013755730e+000 1.744115917e+000 
1.119077423e+000 1.881699271e+000 
1.013609330e+000 1.743673000e+000 
1.097062539e+000 1.863049900e+000 
1.118114194e+000 1.880996279e+000 
1.036707824e+000 1.787370028e+000 
1.116423744e+000 1.879429950e+000 
1.096090978e+000 1.861903191e+000 
1.058780060e+000 1.818922365e+000 
1.081938984e+000 1.847525521e+000 
1.083732737e+000 1.849625784e+000 
1.019221790e+000 1.755759073e+000 
1.087053705e+000 1.852407745e+000 
1.150211313e+000 1.900869697e+000 
1.094506113e+000 1.859935477e+000 
1.027293361e+000 1.771645226e+000 
1.099583553e+000 1.864987399e+000 
1.097841858e+000 1.863831281e+000 
1.008826709e+000 1.730712791e+000 
1.021099080e+000 1.758999807e+000 
1.037146230e+000 1.788108542e+000 
1.095174550e+000 1.860699587e+000 
1.106093401e+000 1.870876521e+000 
1.060851889e+000 1.822083275e+000 
1.091701207e+000 1.857456416e+000 
1.098893492e+000 1.864523977e+000 
1.121103290e+000 1.882792503e+000 
1.106083959e+000 1.870855350e+000 
1.050290997e+000 1.807884745e+000 
1.089889883e+000 1.855795735e+000 
1.145595490e+000 1.898998570e+000 
1.095245840e+000 1.861332482e+000 
1.034917207e+000 1.784357412e+000 
1.045303316e+000 1.801044232e+000 
1.045704582e+000 1.801811371e+000 
1.089507792e+000 1.855246065e+000 
1.071534922e+000 1.834358150e+000 
1.033822343e+000 1.782855202e+000 
1.157034668e+000 1.904998609e+000 
1.112580084e+000 1.875224939e+000 
1.200009380e+000 1.923309901e+000 
1.093494960e+000 1.859556679e+000 
1.105268080e+000 1.870243589e+000 
1.044637410e+000 1.799931212e+000 
1.039458589e+000 1.792149966e+000 
1.136332055e+000 1.893241230e+000 
1.120232156e+000 1.882257695e+000 
1.011584280e+000 1.738963661e+000 
1.133653764e+000 1.891560967e+000 
1.010962055e+000 1.737135394e+000 
1.045854905e+000 1.801826832e+000 
1.014344982e+000 1.745304745e+000 
1.076655985e+000 1.841541116e+000 
1.078245142e+000 1.842954937e+000 
1.111140865e+000 1.874394754e+000 
1.050723087e+000 1.808417635e+000 
1.145027610e+000 1.898694892e+000 
1.040921822e+000 1.794062942e+000 
1.089703499e+000 1.855370198e+000 
1.037294061e+000 1.788166043e+000 
1.037480669e+000 1.788463281e+000 
1.128531266e+000 1.888281042e+000 
1.042067423e+000 1.796263478e+000 
1.008863896e+000 1.730855896e+000 
1.011178753e+000 1.737914980e+000 
1.136817138e+000 1.893953793e+000 
1.031463319e+000 1.778350950e+000 
1.158312390e+000 1.905134946e+000 
1.145631233e+000 1.899186232e+000 
1.148026948e+000 1.899697253e+000 
1.052989267e+000 1.810744213e+000 
1.077884733e+000 1.842112230e+000 
1.145393110e+000 1.898990614e+000 
1.019765265e+000 1.756450932e+000 
1.091160150e+000 1.856570845e+000 
1.041707383e+000 1.795585636e+000 
1.092589448e+000 1.858089368e+000 
1.118919908e+000 1.881199019e+000 
1.121922606e+000 1.883824025e+000 
1.109324166e+000 1.872829623e+000 
1.121137697e+000 1.883119986e+000 
1.124521967e+000 1.885156141e+000 
1.047417837e+000 1.803854956e+000 
1.037763365e+000 1.788763602e+000 
1.130049647e+000 1.888485915e+000 
1.129580135e+000 1.888414234e+000 
1.047034330e+000 1.803025266e+000 
1.038753120e+000 1.790444383e+000 
1.024425894e+000 1.765539251e+000 
1.018851969e+000 1.754597467e+000 
1.031925438e+000 1.779263484e+000 
1.160487914e+000 1.906459151e+000 
1.016001755e+000 1.748354200e+000 
1.141775521e+000 1.895936445e+000 
1.126771458e+000 1.886500989e+000 
1.111765822e+000 1.875081238e+000 
1.074065691e+000 1.837857085e+000 
1.090945422e+000 1.856525165e+000 
1.026613556e+000 1.769966001e+000 
1.154479455e+000 1.903446073e+000 
1.142212136e+000 1.897077997e+000 
1.178791716e+000 1.914606086e+000 
1.178947463e+000 1.914934505e+000 
1.207821046e+000 1.927344846e+000 
1.080983282e+000 1.846127324e+000 
1.175873938e+000 1.913726091e+000 
1.136047089e+000 1.892411380e+000 
1.062910522e+000 1.824545426e+000 
1.016557427e+000 1.749203189e+000 
1.014306458e+000 1.745056069e+000 
1.155950803e+000 1.903904404e+000 
1.022945732e+000 1.762972838e+000 
1.065832898e+000 1.827620431e+000 
1.175397675e+000 1.913089457e+000 
1.043980419e+000 1.798874829e+000 
1.037263495e+000 1.788138003e+000 
1.021397256e+000 1.759737278e+000 
1.199539868e+000 1.923238219e+000 
1.204541037e+000 1.925271120e+000 
1.064704274e+000 1.826308833e+000 
1.052409601e+000 1.810680844e+000 
1.060141465e+000 1.820686986e+000 
1.029715324e+000 1.775720180e+000 
1.203991864e+000 1.925123252e+000 
1.008781106e+000 1.730484658e+000 
1.202974070e+000 1.924119794e+000 
1.012353363e+000 1.740488735e+000 
1.061917244e+000 1.823225914e+000 
1.015000639e+000 1.747026342e+000 
1.059451652e+000 1.820040936e+000 
1.178270975e+000 1.914288021e+000 
1.057637090e+000 1.817474966e+000 
1.066921611e+000 1.829567311e+000 
1.028896591e+000 1.774291854e+000 
1.067988634e+000 1.830347505e+000 
1.062587784e+000 1.824037253e+000 
1.063991079e+000 1.825776640e+000 
1.076128911e+000 1.840625487e+000 
1.198990694e+000 1.923090351e+000 
1.166611439e+000 1.909496683e+000 
1.049819777e+000 1.807108044e+000 
1.052364293e+000 1.810606172e+000 
1.075303086e+000 1.839592071e+000 
1.058719575e+000 1.818846223e+000 
1.067949844e+000 1.830143578e+000 
1.177196668e+000 1.914275838e+000 
1.068077828e+000 1.830492420e+000 
1.180163152e+000 1.915351174e+000 
1.201346986e+000 1.923539717e+000 
1.081198010e+000 1.846173004e+000 
1.168967731e+000 1.909946049e+000 
1.179185698e+000 1.914939054e+000 
1.073588837e+000 1.837157888e+000 
1.176906432e+000 1.914010614e+000 
1.182862051e+000 1.916234290e+000 
1.187205142e+000 1.918543211e+000 
1.024320137e+000 1.765392006e+000 
1.067458503e+000 1.829778985e+000 
1.068691311e+000 1.831207720e+000 
1.073239866e+000 1.836823669e+000 
1.016075263e+000 1.748677981e+000 
1.015556310e+000 1.747864465e+000 
1.034994529e+000 1.784547239e+000 
1.025541271e+000 1.767841455e+000 
1.036574834e+000 1.786946819e+000 
1.033777034e+000 1.782651619e+000 
1.082799981e+000 1.847865038e+000 
1.024939821e+000 1.766593091e+000 
1.030887510e+000 1.777412217e+000 
1.025721463e+000 1.768022644e+000 
1.031297987e+000 1.778124895e+000 
1.000131589e+000 1.008517789e+000 
1.000267686e+000 1.010702680e+000 
1.000333144e+000 1.010726730e+000 
1.000573379e+000 1.028119919e+000 
1.000491982e+000 1.027799700e+000 
1.000687936e+000 1.028670818e+000 
1.000453984e+000 1.027790624e+000 
1.000576175e+000 1.028264836e+000 
1.000535381e+000 1.028110843e+000 
1.000657571e+000 1.028585055e+000 
1.000000002e+000 1.004344615e+000 
1.003048103e+000 1.150224353e+000 
1.003249179e+000 1.151953575e+000 
1.003243786e+000 1.150315781e+000 
1.000046155e+000 1.005450984e+000 
1.243417449e+000 1.940547371e+000 
1.265935730e+000 1.947143583e+000 
1.567835379e+000 1.997192189e+000 
1.247615675e+000 1.942256752e+000 
1.556493661e+000 1.996862762e+000 
1.272885042e+000 1.949755049e+000 
1.495350709e+000 1.992021987e+000 
1.313275901e+000 1.960642519e+000 
1.486439900e+000 1.991664359e+000 
1.268807976e+000 1.948757348e+000 
1.246818211e+000 1.941554404e+000 
1.270298355e+000 1.949457993e+000 
1.234959092e+000 1.936964690e+000 
1.284123923e+000 1.953366207e+000 
1.276699584e+000 1.951331015e+000 
1.230628039e+000 1.935612749e+000 
1.272090583e+000 1.949547621e+000 
1.368004531e+000 1.973671875e+000 
1.753111510e+000 1.999886011e+000 
1.533193796e+000 1.994892997e+000 
1.261194190e+000 1.946420513e+000 
1.388556072e+000 1.978017572e+000 
1.525605916e+000 1.994696472e+000 
1.246887401e+000 1.942186026e+000 
1.518032620e+000 1.994387124e+000 
1.254140071e+000 1.944813381e+000 
1.504808729e+000 1.992962314e+000 
1.259378907e+000 1.945521365e+000 
1.443325301e+000 1.985984998e+000 
1.414066923e+000 1.982277230e+000 
1.240584412e+000 1.939507624e+000 
1.498722701e+000 1.992808474e+000 
1.381483814e+000 1.975720958e+000 
1.248620030e+000 1.943072902e+000 
1.445807244e+000 1.986636182e+000 
1.251407886e+000 1.943171676e+000 
1.246839159e+000 1.941556853e+000 
1.472311822e+000 1.989970014e+000 
1.751674437e+000 1.999608795e+000 
1.243691597e+000 1.940914825e+000 
1.391514121e+000 1.978077973e+000 
1.237921693e+000 1.938911722e+000 
1.448925733e+000 1.987237982e+000 
1.512374620e+000 1.993473711e+000 
1.495128454e+000 1.991818391e+000 
1.193388225e+000 1.920253831e+000 
1.182834915e+000 1.915450599e+000 
1.761799760e+000 2.000000000e+000 
1.449369127e+000 1.987281858e+000 
1.218373568e+000 1.930680897e+000 
1.461559799e+000 1.989073262e+000 
1.456482272e+000 1.988497981e+000 
1.385977250e+000 1.977316211e+000 
1.218687682e+000 1.931596643e+000 
1.546404764e+000 1.996140947e+000 
1.244321581e+000 1.941098749e+000 
1.236310752e+000 1.938882117e+000 
1.222665068e+000 1.932238814e+000 
1.471155724e+000 1.989645195e+000 
1.214364040e+000 1.928786426e+000 
1.220504954e+000 1.932089147e+000 
1.215509038e+000 1.928964017e+000 
1.205446574e+000 1.926141295e+000 
1.334378923e+000 1.965949553e+000 
1.211236196e+000 1.928308088e+000 
1.551000738e+000 1.996569189e+000 
1.429432250e+000 1.984538174e+000 
1.474775043e+000 1.990352452e+000 
1.507931474e+000 1.993192715e+000 
1.197990883e+000 1.922581550e+000 
1.172940791e+000 1.910151717e+000 
1.208758358e+000 1.927474185e+000 
1.496845073e+000 1.992599842e+000 
1.427965607e+000 1.984521855e+000 
1.382533070e+000 1.977106146e+000 
1.434403569e+000 1.985601197e+000 
1.310899862e+000 1.960222115e+000 
1.483891797e+000 1.991511940e+000 
1.433370893e+000 1.985032818e+000 
1.295108931e+000 1.955541792e+000 
1.745791100e+000 1.999549243e+000 
1.395063079e+000 1.979228666e+000 
1.455503646e+000 1.987861120e+000 
1.451270850e+000 1.987774820e+000 
1.387808078e+000 1.977733425e+000 
1.399151643e+000 1.980098086e+000 
1.291406258e+000 1.955100199e+000 
1.411139798e+000 1.981718760e+000 
1.400685571e+000 1.980193855e+000 
1.299459612e+000 1.957306478e+000 
1.318831305e+000 1.961873498e+000 
1.370456089e+000 1.974289221e+000 
1.550809128e+000 1.996418137e+000 
1.308377077e+000 1.959951609e+000 
1.289971703e+000 1.954490260e+000 
1.292586146e+000 1.955271286e+000 
1.314927482e+000 1.961649153e+000 
1.561475690e+000 1.997024281e+000 
1.312732371e+000 1.960406213e+000 
1.228708075e+000 1.934178640e+000 
1.570738520e+000 1.997637887e+000 
1.230207382e+000 1.935008771e+000 
1.313722624e+000 1.961016153e+000 
1.534026500e+000 1.995079631e+000 
1.409577230e+000 1.981422328e+000 
1.613127514e+000 1.997803045e+000 
1.322411843e+000 1.963174366e+000 
1.336359522e+000 1.966692190e+000 
1.373472596e+000 1.974443272e+000 
1.515392804e+000 1.993822687e+000 
1.513663798e+000 1.993650890e+000 
1.232301763e+000 1.936225502e+000 
1.404094898e+000 1.980329708e+000 
1.608959705e+000 1.997781787e+000 
1.200999212e+000 1.923439823e+000 
1.523950071e+000 1.994484123e+000 
1.615761840e+000 1.998229847e+000 
1.627938151e+000 1.998491583e+000 
1.539203350e+000 1.995442965e+000 
1.622505008e+000 1.998312319e+000 
1.446728512e+000 1.986911113e+000 
1.185684681e+000 1.916321636e+000 
1.569483848e+000 1.997262598e+000 
1.554573537e+000 1.996626016e+000 
1.421208015e+000 1.983185420e+000 
1.733420282e+000 1.999347737e+000 
1.727533041e+000 1.999311189e+000 
1.735253230e+000 1.999538603e+000 
1.730641553e+000 1.999317106e+000 
1.588453304e+000 1.997640425e+000 
1.260309677e+000 1.945946381e+000 
1.570224731e+000 1.997431463e+000 
1.327251403e+000 1.964300566e+000 
1.329709018e+000 1.964967975e+000 
1.322718047e+000 1.963444296e+000 
1.267675428e+000 1.948284040e+000 
1.228024391e+000 1.934028071e+000 
1.734875031e+000 1.999432634e+000 
1.349147452e+000 1.969745256e+000 
1.353133745e+000 1.970417257e+000 
1.359283403e+000 1.972225270e+000 
1.351321942e+000 1.970159443e+000 
1.365718926e+000 1.973512589e+000 
1.360030250e+000 1.972631264e+000 
1.342627455e+000 1.967506645e+000 
1.273751432e+000 1.949806091e+000 
1.222621816e+000 1.932236383e+000 
1.287138960e+000 1.954015706e+000 
1.285496657e+000 1.953581245e+000 
1.270194040e+000 1.948882578e+000 
1.287271169e+000 1.954221401e+000 
1.354839011e+000 1.970949473e+000 
1.298366835e+000 1.956886355e+000 
1.223989602e+000 1.932357929e+000 
1.294827887e+000 1.955508407e+000 
1.306131353e+000 1.958974933e+000 
1.304636424e+000 1.958368313e+000 
1.480688901e+000 1.990835767e+000 
1.439258987e+000 1.985839001e+000 
1.686322091e+000 1.999304947e+000 
1.433073326e+000 1.984830360e+000 
1.401902267e+000 1.980261212e+000 
1.403535889e+000 1.980281467e+000 
1.398776316e+000 1.979436587e+000 
1.676379092e+000 1.998805158e+000 
1.664598610e+000 1.998544763e+000 
1.659649750e+000 1.998514916e+000 
1.679073697e+000 1.998830974e+000 
1.680951178e+000 1.998885186e+000 

