1.000000001e+000 1.002504033e+000 
1.000005448e+000 1.015654446e+000 
1.000002804e+000 1.005056461e+000 
1.042159248e+000 1.895799436e+000 
1.061958851e+000 1.913513720e+000 
1.054018554e+000 1.907043138e+000 
1.054256157e+000 1.907295596e+000 
1.048393595e+000 1.901332723e+000 
1.032343531e+000 1.885697958e+000 
1.053533846e+000 1.906809378e+000 
1.048770957e+000 1.902127679e+000 
1.063443224e+000 1.914930405e+000 
1.052895250e+000 1.906481366e+000 
1.051921500e+000 1.904141928e+000 
1.048738214e+000 1.901365098e+000 
1.027940550e+000 1.880644617e+000 
1.044945857e+000 1.898116047e+000 
1.055996551e+000 1.908366285e+000 
1.077013355e+000 1.923087836e+000 
1.028460112e+000 1.881699488e+000 
1.050908104e+000 1.903662496e+000 
1.058543869e+000 1.910255294e+000 
1.050798196e+000 1.903580156e+000 
1.027684213e+000 1.880114105e+000 
1.055222516e+000 1.908214195e+000 
1.056027543e+000 1.908576499e+000 
1.080152544e+000 1.924721575e+000 
1.079292123e+000 1.924222751e+000 
1.035750007e+000 1.889457606e+000 
1.043818294e+000 1.897986233e+000 
1.047914466e+000 1.901024965e+000 
1.064217259e+000 1.915082496e+000 
1.056644227e+000 1.909714094e+000 
1.046791162e+000 1.900463193e+000 
1.069468371e+000 1.918524143e+000 
1.062491551e+000 1.913715654e+000 
1.001168288e+000 1.834994591e+000 
1.052159103e+000 1.904394386e+000 
1.082854201e+000 1.926423227e+000 
1.045903256e+000 1.899541661e+000 
1.034389100e+000 1.888643376e+000 
1.072607560e+000 1.920129125e+000 
1.006360162e+000 1.847107778e+000 
1.008286386e+000 1.851337836e+000 
1.012767346e+000 1.858462446e+000 
1.010922304e+000 1.855428814e+000 
1.045222661e+000 1.899154640e+000 
1.124453262e+000 1.948213117e+000 
1.003740194e+000 1.840315143e+000 
1.114653310e+000 1.944113566e+000 
1.002787329e+000 1.837582797e+000 
1.114805266e+000 1.944835119e+000 
1.029826168e+000 1.883221541e+000 
1.015308219e+000 1.863165467e+000 
1.022213317e+000 1.873352398e+000 
1.002401402e+000 1.837398651e+000 
1.118434527e+000 1.946335543e+000 
1.059839183e+000 1.911726013e+000 
1.031719041e+000 1.885217326e+000 
1.067594464e+000 1.917016841e+000 
1.061434828e+000 1.912314162e+000 
1.005309733e+000 1.844145398e+000 
1.013964254e+000 1.860881536e+000 
1.008763637e+000 1.851689621e+000 
1.006034218e+000 1.846267328e+000 
1.006709860e+000 1.847194551e+000 
1.003228140e+000 1.839359135e+000 
1.004107994e+000 1.841973912e+000 
1.066647125e+000 1.916573515e+000 
1.074726380e+000 1.921475639e+000 
1.030389111e+000 1.883646407e+000 
1.016246697e+000 1.864586564e+000 
1.001664816e+000 1.836927613e+000 
1.057613378e+000 1.909906229e+000 
1.120119025e+000 1.946610979e+000 
1.079721908e+000 1.924328093e+000 
1.034952043e+000 1.888892290e+000 
1.013763629e+000 1.860589442e+000 
1.028051005e+000 1.881318905e+000 
1.009822605e+000 1.853513251e+000 
1.024860341e+000 1.876420035e+000 
1.046729648e+000 1.899922427e+000 
1.007424844e+000 1.848996107e+000 
1.108460602e+000 1.941422229e+000 
1.026418889e+000 1.878435127e+000 
1.043584950e+000 1.897301817e+000 
1.011165063e+000 1.856410815e+000 
1.016964707e+000 1.865762552e+000 
1.004394235e+000 1.842470970e+000 
1.012053806e+000 1.857687352e+000 
1.005371068e+000 1.844445080e+000 
1.025654214e+000 1.878017409e+000 
1.031307608e+000 1.884830723e+000 
1.006947594e+000 1.848651722e+000 
1.004695425e+000 1.843517857e+000 
1.016958822e+000 1.865732124e+000 
1.073321571e+000 1.920421961e+000 
1.082271364e+000 1.926039332e+000 
1.003383509e+000 1.839851983e+000 
1.011256386e+000 1.856760129e+000 
1.008100487e+000 1.849923330e+000 
1.012717421e+000 1.858112566e+000 
1.015216896e+000 1.862806984e+000 
1.000597167e+000 1.833453776e+000 
1.037709007e+000 1.892046892e+000 
1.009439280e+000 1.852616844e+000 
1.040798341e+000 1.894985206e+000 
1.008962029e+000 1.852265059e+000 
1.037153907e+000 1.890876312e+000 
1.068411648e+000 1.917208760e+000 
1.063160536e+000 1.913767113e+000 
1.018804075e+000 1.869131290e+000 
1.117204095e+000 1.945445596e+000 
1.020849644e+000 1.872076707e+000 
1.032698376e+000 1.886878673e+000 
1.017353788e+000 1.866110885e+000 
1.022219202e+000 1.873382827e+000 
1.125980308e+000 1.948839567e+000 
1.010671852e+000 1.855167148e+000 
1.107032546e+000 1.940572281e+000 
1.014723685e+000 1.861652411e+000 
1.021461885e+000 1.872524086e+000 
1.007623237e+000 1.849578945e+000 
1.066597282e+000 1.915470842e+000 
1.038460235e+000 1.892681978e+000 
1.127965672e+000 1.949386658e+000 
1.002849335e+000 1.838589080e+000 
1.099418747e+000 1.935936268e+000 
1.018252960e+000 1.867951376e+000 
1.005635678e+000 1.844985848e+000 
1.017759749e+000 1.866994780e+000 
1.003037132e+000 1.838900770e+000 
1.111860769e+000 1.943418434e+000 
1.023507455e+000 1.875469504e+000 
1.038544674e+000 1.892957238e+000 
1.020298530e+000 1.870896794e+000 
1.023140662e+000 1.874726106e+000 
1.125822966e+000 1.948345404e+000 
1.026919154e+000 1.879298816e+000 
1.039183270e+000 1.893313592e+000 
1.086160850e+000 1.928781051e+000 
1.021962864e+000 1.873090732e+000 
1.024609889e+000 1.876264182e+000 
1.113049349e+000 1.943690359e+000 
1.040425263e+000 1.893987550e+000 
1.010074435e+000 1.853574922e+000 
1.015731613e+000 1.864124601e+000 
1.080842001e+000 1.924976778e+000 
1.116385311e+000 1.944990326e+000 
1.076667988e+000 1.922065251e+000 
1.103241153e+000 1.938065337e+000 
1.032331583e+000 1.885671172e+000 
1.076988837e+000 1.922140241e+000 
1.018753939e+000 1.868415876e+000 
1.110660299e+000 1.941988966e+000 
1.017259485e+000 1.866046490e+000 
1.022640398e+000 1.873760270e+000 
1.109811096e+000 1.941787738e+000 
1.102058072e+000 1.937765736e+000 
1.107370414e+000 1.940584943e+000 
1.014878406e+000 1.861662591e+000 
1.012525965e+000 1.857836639e+000 
1.109649182e+000 1.941718029e+000 
1.040787358e+000 1.894620796e+000 
1.111653080e+000 1.942360802e+000 
1.025287422e+000 1.877222114e+000 
1.024109624e+000 1.875543135e+000 
1.033800809e+000 1.887346137e+000 
1.000268314e+000 1.057519789e+000 
1.000567645e+000 1.057834467e+000 
1.000263451e+000 1.056629193e+000 
1.000473175e+000 1.057538199e+000 
1.000458378e+000 1.057520425e+000 
1.212851360e+000 1.974058810e+000 
1.331124628e+000 1.991493978e+000 
1.268024425e+000 1.983281458e+000 
1.388127199e+000 1.996254867e+000 
1.317077216e+000 1.989960503e+000 
1.373877665e+000 1.995484340e+000 
1.330169378e+000 1.991412560e+000 
1.304072278e+000 1.988258851e+000 
1.220259456e+000 1.975636250e+000 
1.347312492e+000 1.992504345e+000 
1.372922414e+000 1.995402922e+000 
1.419595662e+000 1.997830053e+000 
1.161716439e+000 1.961051547e+000 
1.093751119e+000 1.932847232e+000 
1.245833944e+000 1.979799965e+000 
1.103576303e+000 1.938815472e+000 
1.218182512e+000 1.974621068e+000 
1.350894229e+000 1.992859080e+000 
1.147921103e+000 1.956709691e+000 
1.092767666e+000 1.932825724e+000 
1.161491907e+000 1.960308665e+000 
1.177349077e+000 1.965397973e+000 
1.242332600e+000 1.979696924e+000 
1.181840307e+000 1.966959173e+000 
1.239430337e+000 1.979091620e+000 
1.402075380e+000 1.997705381e+000 
1.390625153e+000 1.996599848e+000 
1.258685651e+000 1.982078586e+000 
1.212242123e+000 1.973590178e+000 
1.389691866e+000 1.996405414e+000 
1.208501505e+000 1.973189660e+000 
1.399280673e+000 1.997278983e+000 
1.379646203e+000 1.995575732e+000 
1.219318677e+000 1.975034572e+000 
1.142522959e+000 1.954890174e+000 
1.167478196e+000 1.962452040e+000 
1.167358691e+000 1.962394498e+000 
1.210023342e+000 1.973383866e+000 
1.150301757e+000 1.957436885e+000 
1.245936083e+000 1.980106620e+000 
1.244508052e+000 1.979714051e+000 
1.422571469e+000 1.998103256e+000 
1.081417999e+000 1.925105724e+000 
1.122108860e+000 1.947102066e+000 
1.147088450e+000 1.956606650e+000 
1.202019715e+000 1.972073389e+000 
1.351246114e+000 1.992904607e+000 
1.260085778e+000 1.982398923e+000 
1.146314415e+000 1.955896502e+000 
1.130450408e+000 1.950119916e+000 
1.341480898e+000 1.992165458e+000 
1.214353759e+000 1.974062631e+000 
1.165905134e+000 1.962164075e+000 
1.191152195e+000 1.969469430e+000 
1.161531742e+000 1.960918967e+000 
1.357327230e+000 1.993605892e+000 
1.192416610e+000 1.969904233e+000 
1.153903491e+000 1.958571853e+000 
1.308237391e+000 1.988937994e+000 
1.320003692e+000 1.990187955e+000 
1.365797068e+000 1.994454168e+000 
1.434467881e+000 1.998298862e+000 
1.157482110e+000 1.959768778e+000 
1.123139461e+000 1.947812961e+000 
1.178854894e+000 1.965914472e+000 
1.130663975e+000 1.950465250e+000 
1.249918875e+000 1.980515276e+000 
1.383249265e+000 1.996003729e+000 
1.093950709e+000 1.933112596e+000 
1.384602929e+000 1.996155819e+000 
1.122140986e+000 1.947283812e+000 
1.158838097e+000 1.960174127e+000 
1.092236959e+000 1.932378447e+000 
1.139593688e+000 1.954004400e+000 
1.100927866e+000 1.937443333e+000 
1.107506006e+000 1.940974757e+000 
1.142993110e+000 1.955084608e+000 
1.177480897e+000 1.965888851e+000 
1.168242487e+000 1.963140944e+000 
1.372709391e+000 1.995050287e+000 
1.269773593e+000 1.983558781e+000 
1.140797579e+000 1.954361159e+000 
1.163906089e+000 1.962116829e+000 
1.137148206e+000 1.953136472e+000 
1.135802284e+000 1.952555222e+000 
1.096400022e+000 1.935057367e+000 
1.256225321e+000 1.981679736e+000 
1.257625448e+000 1.982000074e+000 
1.353897497e+000 1.993502880e+000 
1.090613261e+000 1.932042811e+000 
1.156646443e+000 1.959352139e+000 
1.079029359e+000 1.923539694e+000 
1.129151574e+000 1.949977535e+000 
1.190149017e+000 1.968897244e+000 
1.076022067e+000 1.921693635e+000 
1.363415768e+000 1.994113947e+000 
1.361804797e+000 1.994028326e+000 
1.257295733e+000 1.981812485e+000 
1.217291190e+000 1.974582206e+000 
1.345386023e+000 1.992245257e+000 
1.218767025e+000 1.974693573e+000 
1.088739981e+000 1.930855567e+000 
1.089393386e+000 1.931157475e+000 
1.094848733e+000 1.934125691e+000 
1.323048396e+000 1.990536634e+000 
1.335390703e+000 1.991892930e+000 
1.368507330e+000 1.994859176e+000 
1.470269107e+000 1.999779918e+000 
1.346315628e+000 1.992397347e+000 
1.081032030e+000 1.925100322e+000 
1.123568203e+000 1.947850701e+000 
1.379761898e+000 1.995729978e+000 
1.094087480e+000 1.933554229e+000 
1.306851488e+000 1.988834982e+000 
1.286077914e+000 1.986029131e+000 
1.180637361e+000 1.966384490e+000 
1.298744233e+000 1.987882874e+000 
1.325236128e+000 1.990868815e+000 
1.101746894e+000 1.937556329e+000 
1.179761060e+000 1.966134896e+000 
1.306442304e+000 1.988477823e+000 
1.287174646e+000 1.986261306e+000 
1.084036520e+000 1.927796494e+000 
1.097394936e+000 1.935730538e+000 
1.227815274e+000 1.976928285e+000 
1.251618452e+000 1.980774810e+000 
1.222777604e+000 1.975882035e+000 
1.157902511e+000 1.959894852e+000 
1.231379566e+000 1.977635753e+000 
1.316269122e+000 1.989762113e+000 
1.308571051e+000 1.989167163e+000 
1.313190577e+000 1.989512519e+000 
1.148488086e+000 1.956882502e+000 
1.419260279e+000 1.997821115e+000 
1.299775458e+000 1.988060461e+000 
1.251117825e+000 1.980760914e+000 
1.150680567e+000 1.957668091e+000 
1.296696913e+000 1.987810867e+000 
1.284868537e+000 1.985552157e+000 
1.134057625e+000 1.952082794e+000 
1.104984530e+000 1.939605342e+000 
1.284211880e+000 1.985492311e+000 
1.103924677e+000 1.939319538e+000 
1.099444346e+000 1.936915209e+000 
1.299403428e+000 1.987927585e+000 
1.105974087e+000 1.940504210e+000 
1.131755077e+000 1.951082508e+000 
1.166654786e+000 1.962315607e+000 
1.448617295e+000 1.998969665e+000 
1.207230177e+000 1.972787208e+000 
1.093900651e+000 1.932964949e+000 
1.214715092e+000 1.974470014e+000 
1.291259318e+000 1.986759281e+000 
1.203817844e+000 1.972472414e+000 
1.173139093e+000 1.964748486e+000 
1.294104719e+000 1.987104184e+000 
1.281888745e+000 1.985405367e+000 
1.289211998e+000 1.986705334e+000 
1.251641526e+000 1.980867561e+000 
1.264450399e+000 1.983052470e+000 
1.277325506e+000 1.985028259e+000 
1.281285517e+000 1.985070919e+000 
1.279928308e+000 1.985070602e+000 
1.241226749e+000 1.979379748e+000 
1.259100898e+000 1.982240479e+000 
1.099744326e+000 1.937131451e+000 
1.087297813e+000 1.929425630e+000 
1.170847677e+000 1.963579210e+000 
1.254212162e+000 1.980952333e+000 
1.203540701e+000 1.972298983e+000 
1.233416917e+000 1.978079781e+000 
1.221185543e+000 1.975822752e+000 
1.194168649e+000 1.970055383e+000 
1.085248403e+000 1.928240958e+000 
1.081573164e+000 1.925729943e+000 
1.233164776e+000 1.977740276e+000 
1.286775345e+000 1.986106445e+000 
1.197374469e+000 1.970582090e+000 
1.179693158e+000 1.965984710e+000 
1.237620281e+000 1.978768011e+000 
1.085989391e+000 1.928646459e+000 
1.433551868e+000 1.998286162e+000 
1.264796882e+000 1.983055843e+000 
1.196761365e+000 1.970386651e+000 
1.272403180e+000 1.984142161e+000 
1.187022694e+000 1.968129622e+000 
1.128396149e+000 1.949898749e+000 
1.224594409e+000 1.976487963e+000 
1.095946018e+000 1.934564123e+000 
1.248908565e+000 1.980503748e+000 
1.206530474e+000 1.972681373e+000 
1.427521966e+000 1.998207436e+000 
1.199196041e+000 1.970979721e+000 
1.446493757e+000 1.998857096e+000 
1.190565541e+000 1.969154688e+000 
1.413118364e+000 1.997743208e+000 
1.212528731e+000 1.973830431e+000 
1.395312258e+000 1.996637675e+000 
1.188257731e+000 1.968492393e+000 
1.195592165e+000 1.970194044e+000 
1.190372837e+000 1.968998117e+000 
1.426290840e+000 1.998169885e+000 
1.434819366e+000 1.998440193e+000 
1.424155582e+000 1.998122560e+000 
1.433195004e+000 1.998268572e+000 
1.436159831e+000 1.998548497e+000 
1.254737221e+000 1.981502616e+000 
1.227740870e+000 1.976640054e+000 
1.420807395e+000 1.997877687e+000 
1.398163953e+000 1.996708989e+000 
1.268282668e+000 1.983330171e+000 
1.274984168e+000 1.984455468e+000 
1.156614045e+000 1.959075856e+000 
1.412938123e+000 1.997705657e+000 
1.463177366e+000 1.999383757e+000 
1.478875820e+000 1.999781633e+000 
1.462745914e+000 1.999345301e+000 
1.466898745e+000 1.999637229e+000 
1.454946348e+000 1.999274459e+000 
1.486278062e+000 2.000000000e+000 
1.296013172e+000 1.987145103e+000 
1.168950235e+000 1.963381104e+000 
1.150045192e+000 1.957057477e+000 
1.152311794e+000 1.957987643e+000 
1.174750976e+000 1.964860795e+000 
1.349754840e+000 1.992605614e+000 
1.440871968e+000 1.998636780e+000 

