1.027977880e+000 1.879044350e+000 
1.034966858e+000 1.887058984e+000 
1.035287061e+000 1.887070790e+000 
1.032426474e+000 1.883806021e+000 
1.085025006e+000 1.926633541e+000 
1.073714228e+000 1.921151485e+000 
1.052840490e+000 1.903778080e+000 
1.116551440e+000 1.945226395e+000 
1.009403975e+000 1.844917172e+000 
1.113288144e+000 1.943454394e+000 
1.058791476e+000 1.909106083e+000 
1.090492210e+000 1.930976580e+000 
1.091647360e+000 1.932181720e+000 
1.129754630e+000 1.951374001e+000 
1.033944276e+000 1.885907113e+000 
1.062055546e+000 1.912000247e+000 
1.096349803e+000 1.934684064e+000 
1.122122469e+000 1.947895955e+000 
1.082495997e+000 1.926076984e+000 
1.080987119e+000 1.925353487e+000 
1.070912418e+000 1.919163379e+000 
1.062298838e+000 1.912028190e+000 
1.041710478e+000 1.893985138e+000 
1.056935799e+000 1.907504709e+000 
1.058112101e+000 1.908815965e+000 
1.017474554e+000 1.862520266e+000 
1.019997023e+000 1.867132761e+000 
1.007041587e+000 1.836173416e+000 
1.015522725e+000 1.858547498e+000 
1.023670231e+000 1.873456477e+000 
1.027241155e+000 1.878141757e+000 
1.040763361e+000 1.893022175e+000 
1.011268456e+000 1.849648310e+000 
1.018416226e+000 1.864659236e+000 
1.066348470e+000 1.915679677e+000 
1.007932137e+000 1.840388537e+000 
1.132407734e+000 1.952440404e+000 
1.034848037e+000 1.886458494e+000 
1.036366091e+000 1.888021512e+000 
1.131507575e+000 1.951850258e+000 
1.158373373e+000 1.962870623e+000 
1.095290894e+000 1.934210864e+000 
1.062656490e+000 1.912695163e+000 
1.081721962e+000 1.926003846e+000 
1.016621919e+000 1.861052026e+000 
1.027190972e+000 1.878049821e+000 
1.031445219e+000 1.882721785e+000 
1.007584451e+000 1.839285519e+000 
1.061456576e+000 1.911430038e+000 
1.007998293e+000 1.840596782e+000 
1.018615829e+000 1.864670435e+000 
1.120936623e+000 1.947696568e+000 
1.007219877e+000 1.837798712e+000 
1.115425122e+000 1.944682195e+000 
1.149482332e+000 1.959848028e+000 
1.019318886e+000 1.865803587e+000 
1.067513391e+000 1.916055750e+000 
1.008228609e+000 1.841140601e+000 
1.113390510e+000 1.943879619e+000 
1.022967174e+000 1.872306161e+000 
1.052968558e+000 1.904192756e+000 
1.145579751e+000 1.958171102e+000 
1.077103599e+000 1.923150021e+000 
1.069216991e+000 1.917608257e+000 
1.131814072e+000 1.952197937e+000 
1.086749948e+000 1.928912446e+000 
1.007650607e+000 1.839493946e+000 
1.056405093e+000 1.906827600e+000 
1.021436401e+000 1.869537849e+000 
1.022289036e+000 1.870994160e+000 
1.109500017e+000 1.941937024e+000 
1.106816665e+000 1.940256955e+000 
1.078063779e+000 1.923544722e+000 
1.086617875e+000 1.928606799e+000 
1.042610412e+000 1.894847655e+000 
1.085753183e+000 1.928398652e+000 
1.117206682e+000 1.946282913e+000 
1.078014986e+000 1.923412961e+000 
1.045138123e+000 1.897165376e+000 
1.122905259e+000 1.948904328e+000 
1.010016244e+000 1.846606330e+000 
1.111331972e+000 1.942743863e+000 
1.014280677e+000 1.856274057e+000 
1.014812991e+000 1.857069522e+000 
1.034741290e+000 1.886398187e+000 
1.119399209e+000 1.947247855e+000 
1.014055747e+000 1.855458749e+000 
1.118422488e+000 1.946427097e+000 
1.108330450e+000 1.941072517e+000 
1.039235992e+000 1.891344740e+000 
1.037218726e+000 1.889465878e+000 
1.036494226e+000 1.888725103e+000 
1.095379038e+000 1.934225707e+000 
1.100301712e+000 1.936792827e+000 
1.123301790e+000 1.948921216e+000 
1.117034043e+000 1.945946084e+000 
1.114726956e+000 1.944457775e+000 
1.018273501e+000 1.863896157e+000 
1.036470020e+000 1.888702160e+000 
1.035691358e+000 1.887766818e+000 
1.009720695e+000 1.845883169e+000 
1.040038861e+000 1.892297698e+000 
1.012367649e+000 1.852152838e+000 
1.045862622e+000 1.897894117e+000 
1.075129525e+000 1.921693789e+000 
1.014131100e+000 1.855968055e+000 
1.008642317e+000 1.842403386e+000 
1.009654539e+000 1.845674916e+000 
1.118692002e+000 1.946430502e+000 
1.140598616e+000 1.955915151e+000 
1.016472342e+000 1.860745628e+000 
1.138319377e+000 1.955222230e+000 
1.085789767e+000 1.928483612e+000 
1.013819665e+000 1.855371943e+000 
1.089332727e+000 1.930418062e+000 
1.091883041e+000 1.932183701e+000 
1.040938796e+000 1.893176839e+000 
1.101815497e+000 1.937601533e+000 
1.113983849e+000 1.943892992e+000 
1.045532786e+000 1.897398459e+000 
1.008828479e+000 1.843468004e+000 
1.049206562e+000 1.901039360e+000 
1.089414818e+000 1.930471193e+000 
1.013102971e+000 1.853508162e+000 
1.089433300e+000 1.930583772e+000 
1.012664121e+000 1.852916521e+000 
1.013292072e+000 1.854024777e+000 
1.011498771e+000 1.850192129e+000 
1.033189174e+000 1.884705840e+000 
1.094121326e+000 1.933385300e+000 
1.044218870e+000 1.896361786e+000 
1.071487032e+000 1.919231903e+000 
1.045275512e+000 1.897376380e+000 
1.050933591e+000 1.902933719e+000 
1.015710975e+000 1.859162463e+000 
1.009951011e+000 1.846426988e+000 
1.088899270e+000 1.929907664e+000 
1.015005363e+000 1.857694490e+000 
1.009420734e+000 1.845034389e+000 
1.011116360e+000 1.849151380e+000 
1.011824042e+000 1.850881031e+000 
1.010658692e+000 1.848156639e+000 
1.108286904e+000 1.941058692e+000 
1.111841161e+000 1.943052742e+000 
1.115841078e+000 1.945078805e+000 
1.055402811e+000 1.906214285e+000 
1.087817839e+000 1.929193625e+000 
1.046000012e+000 1.898111138e+000 
1.106092165e+000 1.939848656e+000 
1.022736318e+000 1.871516957e+000 
1.079807503e+000 1.924842713e+000 
1.026371016e+000 1.876754082e+000 
1.035569585e+000 1.887226946e+000 
1.061854353e+000 1.911886913e+000 
1.035512971e+000 1.887207069e+000 
1.064060528e+000 1.913622358e+000 
1.102963670e+000 1.938487317e+000 
1.019133471e+000 1.865379285e+000 
1.071722713e+000 1.919259710e+000 
1.056535266e+000 1.907340045e+000 
1.052293931e+000 1.903353090e+000 
1.065148164e+000 1.913814114e+000 
1.023237560e+000 1.872705139e+000 
1.135425120e+000 1.953822901e+000 
1.023523418e+000 1.872921515e+000 
1.050442725e+000 1.901935523e+000 
1.024808553e+000 1.874640643e+000 
1.020267410e+000 1.867497402e+000 
1.059273396e+000 1.909454701e+000 
1.020553267e+000 1.867736493e+000 
1.024980513e+000 1.875293921e+000 
1.072835937e+000 1.919891024e+000 
1.066043964e+000 1.914925180e+000 
1.059334020e+000 1.909483431e+000 
1.030229748e+000 1.881461773e+000 
1.031901365e+000 1.883121988e+000 
1.059974052e+000 1.909978259e+000 
1.028586076e+000 1.879721736e+000 
1.029773602e+000 1.881067941e+000 
1.144083957e+000 1.957263106e+000 
1.028718340e+000 1.879747587e+000 
1.145343212e+000 1.957613262e+000 
1.141814565e+000 1.956075337e+000 
1.140514265e+000 1.955716927e+000 
1.144416846e+000 1.957390288e+000 
1.001951413e+000 1.007519003e+000 
1.004185981e+000 1.033311787e+000 
1.003897873e+000 1.033071858e+000 
1.003704097e+000 1.031967758e+000 
1.003958172e+000 1.033151478e+000 
1.003871608e+000 1.032048195e+000 
1.003643798e+000 1.031887633e+000 
1.005348543e+000 1.117378545e+000 
1.004330675e+000 1.113242755e+000 
1.005502599e+000 1.117659477e+000 
1.006999223e+000 1.122041975e+000 
1.006632467e+000 1.120985124e+000 
1.004556747e+000 1.115077754e+000 
1.005107766e+000 1.116341682e+000 
1.006604390e+000 1.120730835e+000 
1.005118540e+000 1.116940168e+000 
1.005055874e+000 1.116129213e+000 
1.006237634e+000 1.119667329e+000 
1.004751783e+000 1.115906731e+000 
1.005881651e+000 1.119232378e+000 
1.006248407e+000 1.120295884e+000 
1.002381204e+000 1.009523304e+000 
1.002176590e+000 1.009101992e+000 
1.002142926e+000 1.009043722e+000 
1.002202828e+000 1.009158757e+000 
1.002356885e+000 1.009178757e+000 
1.002407443e+000 1.009580068e+000 
1.002098784e+000 1.009036069e+000 
1.001676426e+000 1.004203443e+000 
1.001061133e+000 1.003619905e+000 
1.001311701e+000 1.003893004e+000 
1.001022884e+000 1.003581671e+000 
1.001551056e+000 1.003963927e+000 
1.001443212e+000 1.003963005e+000 
1.001623507e+000 1.003970673e+000 
1.000984643e+000 1.003341685e+000 
1.000941466e+000 1.003339504e+000 
1.001425068e+000 1.003896826e+000 
1.001191854e+000 1.003656388e+000 
1.001856721e+000 1.004211111e+000 
1.001078486e+000 1.003652566e+000 
1.001556579e+000 1.003966539e+000 
1.000534883e+000 1.000654172e+000 
1.000822608e+000 1.000704810e+000 
1.000428007e+000 1.000649438e+000 
1.000608302e+000 1.000699597e+000 
1.000340878e+000 1.000647828e+000 
1.000207210e+000 1.000647786e+000 
1.000387505e+000 1.000648457e+000 
1.000715178e+000 1.000703496e+000 
1.000582478e+000 1.000693988e+000 
1.000474633e+000 1.000652520e+000 
1.000113367e+000 1.000592747e+000 
1.000559623e+000 1.000693942e+000 
1.000827046e+000 1.000745712e+000 
1.000026238e+000 1.000591136e+000 
1.003199473e+000 1.014208326e+000 
1.002861207e+000 1.013166374e+000 
1.002641052e+000 1.012936154e+000 
1.003063409e+000 1.014093394e+000 
1.003024137e+000 1.013170558e+000 
1.002438850e+000 1.012009134e+000 
1.002822023e+000 1.013099643e+000 
1.002619821e+000 1.012172624e+000 
1.003401675e+000 1.015135345e+000 
1.003287457e+000 1.015022991e+000 
9.999999994e-001 1.000003410e+000 
1.253095543e+000 1.989975595e+000 
1.178577076e+000 1.970919177e+000 
1.155471185e+000 1.962601979e+000 
1.279381092e+000 1.993780503e+000 
1.250533807e+000 1.988750630e+000 
1.234404526e+000 1.986084606e+000 
1.204504962e+000 1.979154122e+000 
1.157658567e+000 1.962635693e+000 
1.212809126e+000 1.980999499e+000 
1.224479130e+000 1.984032509e+000 
1.211741602e+000 1.980994524e+000 
1.241555455e+000 1.986795560e+000 
1.248906157e+000 1.988702112e+000 
1.679542952e+000 1.999988379e+000 
1.158314806e+000 1.962691027e+000 
1.176141945e+000 1.970546215e+000 
1.258797640e+000 1.990376508e+000 
1.280906644e+000 1.993788334e+000 
1.203407037e+000 1.978748993e+000 
1.246785938e+000 1.988249428e+000 
1.188081517e+000 1.973390004e+000 
1.227860408e+000 1.984923912e+000 
1.201389757e+000 1.978119065e+000 
1.242177033e+000 1.987275582e+000 
1.258403991e+000 1.990285038e+000 
1.242663532e+000 1.987368728e+000 
1.322544048e+000 1.997084847e+000 
1.242268700e+000 1.987314728e+000 
1.166644203e+000 1.966867910e+000 
1.316889408e+000 1.997059944e+000 
1.402139926e+000 1.999160968e+000 
1.188753306e+000 1.973603384e+000 
1.186356139e+000 1.973268904e+000 
1.217078217e+000 1.982346929e+000 
1.238481599e+000 1.986616211e+000 
1.158434612e+000 1.963834511e+000 
1.186623563e+000 1.973278456e+000 
1.209711216e+000 1.979848101e+000 
1.152154232e+000 1.960771138e+000 
1.185593570e+000 1.973242373e+000 
1.396584501e+000 1.999106720e+000 
1.179086677e+000 1.971083099e+000 
1.182212292e+000 1.972298233e+000 
1.209642224e+000 1.979845498e+000 
1.680286948e+000 2.000000000e+000 
1.275540142e+000 1.992626314e+000 
1.219481650e+000 1.982743095e+000 
1.224054184e+000 1.983601512e+000 
1.191044944e+000 1.974671845e+000 
1.206788315e+000 1.979686436e+000 
1.195098011e+000 1.975801968e+000 
1.225383452e+000 1.984557964e+000 
1.237847895e+000 1.986144556e+000 
1.237803243e+000 1.986113511e+000 
1.171422449e+000 1.968211958e+000 
1.357278983e+000 1.998508410e+000 
1.189551099e+000 1.973996193e+000 
1.410073861e+000 1.999246243e+000 
1.402979625e+000 1.999236627e+000 
1.196392874e+000 1.976175428e+000 
1.199356301e+000 1.977387732e+000 
1.180195012e+000 1.971688725e+000 
1.231247836e+000 1.985155331e+000 
1.185298930e+000 1.972940175e+000 
1.220798172e+000 1.983248007e+000 
1.221175935e+000 1.983577607e+000 
1.213243305e+000 1.981578673e+000 
1.202713250e+000 1.978446226e+000 
1.202441547e+000 1.978256202e+000 
1.206766317e+000 1.979675674e+000 
1.203385039e+000 1.978689157e+000 
1.164297138e+000 1.966023327e+000 
1.191716733e+000 1.974804540e+000 
1.209862027e+000 1.980621032e+000 
1.184579590e+000 1.972452664e+000 
1.221131283e+000 1.983512351e+000 
1.197986481e+000 1.977086844e+000 
1.197042989e+000 1.976779132e+000 
1.196924354e+000 1.976736602e+000 
1.324356145e+000 1.997097832e+000 
1.391269152e+000 1.999101387e+000 
1.184894700e+000 1.972460863e+000 
1.147152779e+000 1.958981577e+000 
1.161678994e+000 1.965069780e+000 
1.161333711e+000 1.964813326e+000 
1.207247873e+000 1.979763943e+000 
1.143529503e+000 1.956900067e+000 
1.159522023e+000 1.963955278e+000 
1.168734269e+000 1.967587026e+000 
1.491620760e+000 1.999893375e+000 
1.259227402e+000 1.990417123e+000 
1.193352259e+000 1.975092743e+000 
1.185251378e+000 1.972667651e+000 
1.142847097e+000 1.956810098e+000 
1.150299400e+000 1.960135024e+000 
1.247891970e+000 1.988644529e+000 
1.145453845e+000 1.957851620e+000 
1.389635941e+000 1.999016350e+000 
1.351639731e+000 1.998069011e+000 
1.539078096e+000 1.999980971e+000 
1.286531993e+000 1.994116551e+000 
1.284880292e+000 1.993973743e+000 
1.149627611e+000 1.959895322e+000 
1.142175308e+000 1.956561256e+000 
1.152243005e+000 1.961040055e+000 
1.146783750e+000 1.958648408e+000 
1.149945400e+000 1.959954937e+000 
1.169524692e+000 1.967906497e+000 
1.140209029e+000 1.955328624e+000 
1.150763317e+000 1.960380696e+000 
1.168241942e+000 1.967432781e+000 
1.175573546e+000 1.969841750e+000 
1.142119176e+000 1.956151056e+000 
1.172131441e+000 1.968905087e+000 
1.144910605e+000 1.957516398e+000 
1.170495887e+000 1.968008184e+000 
1.195300933e+000 1.975880284e+000 
1.152410841e+000 1.961105876e+000 
1.154623559e+000 1.962005429e+000 
1.166187903e+000 1.966606914e+000 
1.292153986e+000 1.994970466e+000 
1.291619392e+000 1.994691188e+000 
1.245810975e+000 1.988053604e+000 
1.263543666e+000 1.990982319e+000 
1.233164225e+000 1.985325325e+000 
1.261596008e+000 1.990908939e+000 
1.164612248e+000 1.966064792e+000 
1.160488816e+000 1.964675105e+000 
1.301093600e+000 1.995816076e+000 
1.309208252e+000 1.996590200e+000 
1.232482523e+000 1.985221501e+000 
1.263826493e+000 1.991320713e+000 
1.309135918e+000 1.996542259e+000 
1.315325717e+000 1.996806652e+000 
1.412865303e+000 1.999347643e+000 
1.251895830e+000 1.989360834e+000 
1.266359026e+000 1.991442385e+000 
1.387572098e+000 1.998976968e+000 
1.305219235e+000 1.996238576e+000 
1.244048985e+000 1.987966641e+000 
1.300691030e+000 1.995814983e+000 
1.256149705e+000 1.990089893e+000 
1.474340884e+000 1.999811265e+000 
1.466424472e+000 1.999798809e+000 
1.476929487e+000 1.999833211e+000 
1.257294912e+000 1.990094207e+000 
1.257367246e+000 1.990107427e+000 
1.276904879e+000 1.993100709e+000 
1.458102285e+000 1.999774809e+000 
1.269713156e+000 1.991947408e+000 
1.455559020e+000 1.999768784e+000 
1.496211378e+000 1.999945537e+000 
1.454798661e+000 1.999695990e+000 
1.276154000e+000 1.992753137e+000 
1.313624491e+000 1.996613141e+000 
1.521912476e+000 1.999965346e+000 
1.417991769e+000 1.999377927e+000 
1.413729894e+000 1.999369747e+000 
1.419716780e+000 1.999397845e+000 
1.274350673e+000 1.992400298e+000 
1.274127124e+000 1.992387477e+000 
1.339621392e+000 1.997847571e+000 
1.439843103e+000 1.999693484e+000 
1.336053628e+000 1.997678059e+000 
1.364106748e+000 1.998590818e+000 
1.439046611e+000 1.999686428e+000 
1.420455074e+000 1.999577261e+000 
1.351936732e+000 1.998088310e+000 
1.355924800e+000 1.998387726e+000 
1.344127080e+000 1.998009894e+000 
1.375471123e+000 1.998906905e+000 
1.427941421e+000 1.999627388e+000 
1.333240176e+000 1.997586382e+000 
1.367788300e+000 1.998692760e+000 
1.328120933e+000 1.997408611e+000 
1.328184823e+000 1.997412553e+000 
1.344062948e+000 1.997924721e+000 
1.366071450e+000 1.998620020e+000 
1.330789857e+000 1.997419267e+000 

