1.000111808e+000 1.000294723e+000 
1.000173070e+000 1.000305636e+000 
1.000381627e+000 1.000330167e+000 
1.000346235e+000 1.000328939e+000 
1.000198683e+000 1.000315114e+000 
1.000555549e+000 1.000351969e+000 
1.000570509e+000 1.000352176e+000 
1.000247642e+000 1.000317269e+000 
1.000247290e+000 1.000316468e+000 
1.000328580e+000 1.000327967e+000 
1.000319385e+000 1.000319383e+000 
1.000257802e+000 1.000317432e+000 
1.000147909e+000 1.000305610e+000 
1.000599156e+000 1.000353241e+000 
1.000234074e+000 1.000316342e+000 
1.000421045e+000 1.000332049e+000 
1.000222411e+000 1.000316204e+000 
1.000412017e+000 1.000331121e+000 
1.000632311e+000 1.000360772e+000 
1.000189615e+000 1.000307006e+000 
1.003604557e+000 1.051262540e+000 
1.003778490e+000 1.051397989e+000 
1.003027813e+000 1.049475308e+000 
1.004073872e+000 1.052291605e+000 
1.005007725e+000 1.054808331e+000 
1.003349694e+000 1.050371727e+000 
1.003566543e+000 1.051259673e+000 
1.005064061e+000 1.055006945e+000 
1.004457594e+000 1.053827351e+000 
1.003664556e+000 1.051266526e+000 
1.003942504e+000 1.052242504e+000 
1.004164472e+000 1.053007460e+000 
1.004217307e+000 1.053050891e+000 
1.004445589e+000 1.053271446e+000 
1.004453717e+000 1.053700515e+000 
1.004150206e+000 1.052377830e+000 
1.003718490e+000 1.051394003e+000 
1.004479334e+000 1.053902259e+000 
1.003383417e+000 1.050383871e+000 
1.003975859e+000 1.052284752e+000 
1.003832839e+000 1.051483095e+000 
1.003680476e+000 1.051391137e+000 
1.004118024e+000 1.052318799e+000 
1.004685875e+000 1.054047906e+000 
1.004571527e+000 1.053958814e+000 
1.003423108e+000 1.050500387e+000 
1.005139518e+000 1.055570332e+000 
1.004297885e+000 1.053140106e+000 
1.005224176e+000 1.055570401e+000 
1.005042320e+000 1.054932037e+000 
1.003645076e+000 1.051265343e+000 
1.003068332e+000 1.049478111e+000 
1.004593268e+000 1.054033722e+000 
1.004740659e+000 1.054562030e+000 
1.004163384e+000 1.052917078e+000 
1.005037646e+000 1.054881190e+000 
1.003003375e+000 1.045900081e+000 
1.002940919e+000 1.045311117e+000 
1.002726060e+000 1.044401546e+000 
1.002878440e+000 1.045291923e+000 
1.002788538e+000 1.044447644e+000 
1.002853424e+000 1.045006842e+000 
1.002632347e+000 1.043529291e+000 
1.002682776e+000 1.043643110e+000 
1.007012142e+000 1.201137476e+000 
1.006523645e+000 1.199298796e+000 
1.006559200e+000 1.199420535e+000 
1.006778176e+000 1.200333420e+000 
1.001472722e+000 1.009755687e+000 
1.001397276e+000 1.009693936e+000 
1.001124663e+000 1.009206572e+000 
1.001297937e+000 1.009513467e+000 
1.001182635e+000 1.009243321e+000 
1.001125879e+000 1.009211437e+000 
1.000983765e+000 1.008806295e+000 
1.000940926e+000 1.008607091e+000 
1.001212600e+000 1.009385683e+000 
1.001288887e+000 1.009513443e+000 
1.001428585e+000 1.009727258e+000 
1.001263053e+000 1.009495460e+000 
1.001202529e+000 1.009305355e+000 
1.001375607e+000 1.009687689e+000 
1.001151713e+000 1.009226652e+000 
1.001078572e+000 1.009030324e+000 
1.001238434e+000 1.009403795e+000 
1.001009599e+000 1.008822894e+000 
1.000966760e+000 1.008625076e+000 
1.001189911e+000 1.009299132e+000 
1.000953544e+000 1.008614700e+000 
1.001362391e+000 1.009678826e+000 
1.001345834e+000 1.009553793e+000 
1.001333216e+000 1.009547570e+000 
1.007103360e+000 1.425267391e+000 
1.007481369e+000 1.428254366e+000 
1.007490127e+000 1.428267430e+000 
1.007233956e+000 1.426743978e+000 
1.007457046e+000 1.427994364e+000 
1.007397126e+000 1.427463044e+000 
1.007103415e+000 1.425584098e+000 
1.007558831e+000 1.429252276e+000 
1.009113516e+000 1.854212498e+000 
1.046205731e+000 1.904868980e+000 
1.008776779e+000 1.852789643e+000 
1.030338405e+000 1.891043264e+000 
1.040363166e+000 1.900934338e+000 
1.034581003e+000 1.896214964e+000 
1.049768403e+000 1.908776030e+000 
1.012175568e+000 1.864162533e+000 
1.017233659e+000 1.874120286e+000 
1.015682971e+000 1.871361815e+000 
1.007651570e+000 1.844007473e+000 
1.008448601e+000 1.851549029e+000 
1.009268799e+000 1.854604791e+000 
1.100788378e+000 1.933780452e+000 
1.010165753e+000 1.858839586e+000 
1.029017885e+000 1.890075159e+000 
1.017576074e+000 1.874362518e+000 
1.112065281e+000 1.936859691e+000 
1.008297059e+000 1.850908151e+000 
1.008249632e+000 1.850831172e+000 
1.011522282e+000 1.862706855e+000 
1.014376267e+000 1.868889451e+000 
1.065828588e+000 1.920020514e+000 
1.010604699e+000 1.860579485e+000 
1.028002568e+000 1.889033671e+000 
1.041917893e+000 1.902454410e+000 
1.007748048e+000 1.845014998e+000 
1.008002340e+000 1.847394122e+000 
1.007647172e+000 1.842774860e+000 
1.016209010e+000 1.872222463e+000 
1.010776404e+000 1.861023357e+000 
1.008021341e+000 1.848682140e+000 
1.010114083e+000 1.858492093e+000 
1.026817891e+000 1.887635244e+000 
1.039606815e+000 1.900544695e+000 
1.008117819e+000 1.849689664e+000 
1.011522692e+000 1.863068082e+000 
1.014561462e+000 1.869128561e+000 
1.023187243e+000 1.883754172e+000 
1.099966091e+000 1.933653717e+000 
1.011171219e+000 1.862094115e+000 
1.014728797e+000 1.869681396e+000 
1.097702347e+000 1.932593054e+000 
1.009217067e+000 1.854468465e+000 
1.108337868e+000 1.936519452e+000 
1.105066147e+000 1.935447307e+000 
1.008740263e+000 1.852659458e+000 
1.008880193e+000 1.853125843e+000 
1.009519903e+000 1.855771367e+000 
1.038466704e+000 1.899778433e+000 
1.016788925e+000 1.873078431e+000 
1.029516321e+000 1.890428436e+000 
1.010516743e+000 1.859989512e+000 
1.016691496e+000 1.872925241e+000 
1.017929429e+000 1.874922883e+000 
1.010066656e+000 1.858415114e+000 
1.007823101e+000 1.846175635e+000 
1.010391040e+000 1.859830226e+000 
1.013594004e+000 1.867350462e+000 
1.023949759e+000 1.884731095e+000 
1.080483576e+000 1.927416230e+000 
1.013708495e+000 1.867467254e+000 
1.070385443e+000 1.922275075e+000 
1.009093608e+000 1.854119819e+000 
1.008957089e+000 1.853236378e+000 
1.015308712e+000 1.870537364e+000 
1.007796467e+000 1.845130513e+000 
1.008357487e+000 1.851146486e+000 
1.007784388e+000 1.845085935e+000 
1.009444976e+000 1.854862212e+000 
1.012621642e+000 1.865283235e+000 
1.050259284e+000 1.909320412e+000 
1.032343924e+000 1.894239862e+000 
1.012486670e+000 1.864977509e+000 
1.032774398e+000 1.894534414e+000 
1.013741211e+000 1.867607641e+000 
1.013977106e+000 1.868053095e+000 
1.011639122e+000 1.863133336e+000 
1.014543803e+000 1.869081824e+000 
1.053483572e+000 1.912060976e+000 
1.012801920e+000 1.865663936e+000 
1.012723644e+000 1.865581629e+000 
1.050609448e+000 1.909492451e+000 
1.054479027e+000 1.912740295e+000 
1.033305031e+000 1.895013988e+000 
1.017139769e+000 1.873509703e+000 
1.065675268e+000 1.919914216e+000 
1.022312436e+000 1.882669364e+000 
1.058518693e+000 1.915291788e+000 
1.037423698e+000 1.898713826e+000 
1.008567368e+000 1.851811138e+000 
1.010938393e+000 1.861361447e+000 
1.119813716e+000 1.939458940e+000 
1.031581409e+000 1.893262939e+000 
1.098871336e+000 1.933085057e+000 
1.070359970e+000 1.922025495e+000 
1.007919579e+000 1.847183160e+000 
1.088286464e+000 1.930000822e+000 
1.086590321e+000 1.929570175e+000 
1.010600456e+000 1.860245295e+000 
1.031380498e+000 1.892965628e+000 
1.035422049e+000 1.896931385e+000 
1.019902157e+000 1.878439470e+000 
1.023268068e+000 1.883821419e+000 
1.023643798e+000 1.884324354e+000 
1.033955830e+000 1.895541596e+000 
1.028352217e+000 1.889259982e+000 
1.071027145e+000 1.922830630e+000 
1.098888346e+000 1.933147332e+000 
1.100851524e+000 1.933799996e+000 
1.022958686e+000 1.883465045e+000 
1.049330923e+000 1.908412828e+000 
1.061890720e+000 1.917955103e+000 
1.019608208e+000 1.878071989e+000 
1.030386462e+000 1.891300498e+000 
1.008225674e+000 1.850004978e+000 
1.073161916e+000 1.924292345e+000 
1.027535117e+000 1.888533411e+000 
1.035978181e+000 1.897333761e+000 
1.035617092e+000 1.897033275e+000 
1.008404914e+000 1.851223465e+000 
1.098204122e+000 1.932903656e+000 
1.054296239e+000 1.912590441e+000 
1.008685664e+000 1.852387099e+000 
1.038118078e+000 1.899204069e+000 
1.030735971e+000 1.891794233e+000 
1.098028642e+000 1.932607642e+000 
1.093774548e+000 1.931169201e+000 
1.091284914e+000 1.931002863e+000 
1.053794463e+000 1.912205874e+000 
1.022393261e+000 1.882736612e+000 
1.025471898e+000 1.886369182e+000 
1.059079975e+000 1.916055823e+000 
1.019397729e+000 1.877584710e+000 
1.038604006e+000 1.899838990e+000 
1.037219562e+000 1.898578950e+000 
1.020326713e+000 1.879297287e+000 
1.026099462e+000 1.886912225e+000 
1.018827408e+000 1.876533342e+000 
1.040934287e+000 1.901447446e+000 
1.044530539e+000 1.904452933e+000 
1.025381123e+000 1.886046146e+000 
1.023453096e+000 1.883997923e+000 
1.024750005e+000 1.885422021e+000 
1.024858477e+000 1.885481084e+000 
1.019738733e+000 1.878199182e+000 
1.038665078e+000 1.899959014e+000 
1.052520098e+000 1.911097768e+000 
1.083336445e+000 1.928558899e+000 
1.020701150e+000 1.879880897e+000 
1.120368556e+000 1.939889270e+000 
1.047385545e+000 1.906752516e+000 
1.021922416e+000 1.881992934e+000 
1.126024472e+000 1.941300292e+000 
1.111154161e+000 1.936747130e+000 
1.049678467e+000 1.908623416e+000 
1.125340248e+000 1.941056616e+000 
1.018239527e+000 1.875515187e+000 
1.075686413e+000 1.925302766e+000 
1.061227183e+000 1.917430244e+000 
1.112079013e+000 1.937353087e+000 
1.102650162e+000 1.934870683e+000 
1.050761059e+000 1.909704979e+000 
1.071104558e+000 1.923177080e+000 
1.040154314e+000 1.900851050e+000 
1.099764244e+000 1.933257751e+000 
1.116952030e+000 1.938929010e+000 
1.099209263e+000 1.933187810e+000 
1.070740810e+000 1.922653521e+000 
1.060663287e+000 1.916991929e+000 
1.096311399e+000 1.932277665e+000 
1.043024425e+000 1.903264329e+000 
1.046789067e+000 1.906238757e+000 
1.019415388e+000 1.877631447e+000 
1.070678690e+000 1.922599934e+000 
1.042068804e+000 1.902546448e+000 
1.121887143e+000 1.940012820e+000 
1.080005625e+000 1.927096839e+000 
1.048146774e+000 1.907567214e+000 
1.051167697e+000 1.909896750e+000 
1.071051135e+000 1.922858698e+000 
1.081046468e+000 1.927467120e+000 
1.077476745e+000 1.926164462e+000 
1.048878142e+000 1.907993157e+000 
1.019267106e+000 1.877325253e+000 
1.059866287e+000 1.916367984e+000 
1.127543059e+000 1.941422340e+000 
1.088816378e+000 1.930335228e+000 
1.077323425e+000 1.926058163e+000 
1.067269513e+000 1.920859523e+000 
1.062617230e+000 1.918289420e+000 
1.084567552e+000 1.928584374e+000 
1.066116884e+000 1.920148821e+000 
1.063605511e+000 1.919166212e+000 
1.066516939e+000 1.920292910e+000 
1.061165062e+000 1.917376496e+000 
1.056232918e+000 1.913744732e+000 
1.068838122e+000 1.921992100e+000 
1.087734607e+000 1.929912481e+000 
1.066282479e+000 1.920265612e+000 
1.064862022e+000 1.919312135e+000 
1.071787676e+000 1.923335898e+000 
1.113890670e+000 1.937957673e+000 
1.107534635e+000 1.935506864e+000 
1.000792287e+000 1.003420077e+000 
1.000933625e+000 1.003551684e+000 
1.000741222e+000 1.003413051e+000 
1.000897468e+000 1.003532633e+000 
1.000833283e+000 1.003449753e+000 
1.000793959e+000 1.003432328e+000 
1.000858407e+000 1.003528156e+000 
1.000820066e+000 1.003446206e+000 
1.000662441e+000 1.003240370e+000 
1.000712421e+000 1.003323098e+000 
1.000919669e+000 1.003540845e+000 
1.000846403e+000 1.003525607e+000 
1.000889662e+000 1.003530020e+000 
1.000714885e+000 1.003333650e+000 
1.000902878e+000 1.003533567e+000 
1.000859619e+000 1.003529154e+000 
1.000728101e+000 1.003337196e+000 
1.000788649e+000 1.003417212e+000 
1.000754438e+000 1.003416598e+000 
1.000688778e+000 1.003319771e+000 
1.000079329e+000 1.000005627e+000 
1.000019280e+000 1.000005314e+000 
9.999999998e-001 1.000005053e+000 
1.000025037e+000 1.000005317e+000 
1.000006662e+000 1.000005310e+000 
1.000054708e+000 1.000005621e+000 
1.001913995e+000 1.011326831e+000 
1.001943259e+000 1.011329701e+000 
1.001629183e+000 1.010925109e+000 
1.001511709e+000 1.010704101e+000 
1.001776694e+000 1.011156592e+000 
1.001737098e+000 1.011150297e+000 
1.001849971e+000 1.011183640e+000 
1.001673300e+000 1.010949436e+000 
1.001482549e+000 1.010703262e+000 
1.001560427e+000 1.010916093e+000 
1.001648069e+000 1.010946607e+000 
1.001600023e+000 1.010922388e+000 
1.001537733e+000 1.010876830e+000 
1.002091128e+000 1.021055684e+000 
1.001984436e+000 1.020726836e+000 
1.002177267e+000 1.021876903e+000 
1.002571734e+000 1.023290517e+000 
1.002106184e+000 1.021592702e+000 
1.002406938e+000 1.022543422e+000 
1.002429787e+000 1.022595539e+000 
1.002346948e+000 1.022531715e+000 
1.002488914e+000 1.023041062e+000 
1.002453305e+000 1.022996415e+000 
1.002607343e+000 1.023335163e+000 
1.002238701e+000 1.022061954e+000 
1.002345058e+000 1.022526655e+000 
1.002238727e+000 1.022130578e+000 
1.002199897e+000 1.022055595e+000 
1.002323524e+000 1.022414779e+000 
1.002306590e+000 1.022384443e+000 
1.006315698e+000 1.166274876e+000 
1.006192465e+000 1.165830160e+000 
1.006377570e+000 1.166616440e+000 
1.006135015e+000 1.165796458e+000 
1.005914404e+000 1.165025861e+000 
1.005731595e+000 1.164090448e+000 
1.005460820e+000 1.162652327e+000 
1.005744483e+000 1.164160373e+000 
1.006001851e+000 1.165412437e+000 
1.005835658e+000 1.164336827e+000 
1.005769997e+000 1.164264828e+000 
1.006254337e+000 1.166171724e+000 
1.006107648e+000 1.165758967e+000 
1.006228608e+000 1.166121651e+000 
1.284359824e+000 1.981242527e+000 
1.404541666e+000 1.994803742e+000 
1.284843130e+000 1.981714289e+000 
1.323388648e+000 1.986422331e+000 
1.128810480e+000 1.941795331e+000 
1.302594796e+000 1.984202782e+000 
1.130198108e+000 1.943622482e+000 
1.302460735e+000 1.984201847e+000 
1.292297495e+000 1.982956925e+000 
1.570202321e+000 1.999557580e+000 
1.251910593e+000 1.977369454e+000 
1.141173424e+000 1.946978957e+000 
1.253040737e+000 1.977376981e+000 
1.285926152e+000 1.982474517e+000 
1.570607064e+000 1.999575791e+000 
1.294826228e+000 1.983149976e+000 
1.254553016e+000 1.977791422e+000 
1.128818227e+000 1.942346001e+000 
1.325849510e+000 1.986614208e+000 
1.236767898e+000 1.973989621e+000 
1.568720235e+000 1.999538119e+000 
1.250166565e+000 1.976622763e+000 
1.570883565e+000 1.999651399e+000 
1.218777190e+000 1.970413663e+000 
1.409682622e+000 1.995156307e+000 
1.409642738e+000 1.995062759e+000 
1.139489742e+000 1.946751626e+000 
1.413230850e+000 1.995162927e+000 
1.453616165e+000 1.997079635e+000 
1.406874620e+000 1.995025825e+000 
1.274775910e+000 1.979845884e+000 
1.296055178e+000 1.983427785e+000 
1.650807646e+000 2.000000000e+000 
1.264091731e+000 1.978874844e+000 
1.300187268e+000 1.983911874e+000 
1.307868636e+000 1.984798099e+000 
1.649360068e+000 1.999999999e+000 
1.282141087e+000 1.981088362e+000 
1.218475440e+000 1.970246035e+000 
1.246666764e+000 1.976163805e+000 
1.249266839e+000 1.976517258e+000 
1.263480395e+000 1.978847370e+000 
1.258479460e+000 1.978376248e+000 
1.250232113e+000 1.976844125e+000 
1.416355033e+000 1.995496002e+000 
1.251482313e+000 1.977212421e+000 
1.239103425e+000 1.974878475e+000 
1.327662113e+000 1.987209042e+000 
1.290721094e+000 1.982595363e+000 
1.314759268e+000 1.985587424e+000 
1.238020253e+000 1.973994226e+000 
1.238941519e+000 1.974877628e+000 
1.255988754e+000 1.978079277e+000 
1.623490528e+000 1.999919701e+000 
1.265710111e+000 1.979249125e+000 
1.213955776e+000 1.969537404e+000 
1.627822190e+000 1.999932632e+000 
1.325581342e+000 1.986601054e+000 
1.337066155e+000 1.988246943e+000 
1.145274629e+000 1.948587855e+000 
1.636989268e+000 1.999967396e+000 
1.213716011e+000 1.969281299e+000 
1.248867866e+000 1.976514492e+000 
1.323424281e+000 1.986575416e+000 
1.215443666e+000 1.969689186e+000 
1.215962451e+000 1.969790007e+000 
1.380404781e+000 1.992469977e+000 
1.314411223e+000 1.985534812e+000 
1.270262477e+000 1.979631857e+000 
1.637234335e+000 1.999974043e+000 
1.641481615e+000 1.999984576e+000 
1.278281707e+000 1.980441492e+000 
1.603238161e+000 1.999829756e+000 
1.264845442e+000 1.979030213e+000 
1.129842101e+000 1.942504849e+000 
1.255763465e+000 1.978005215e+000 
1.261191717e+000 1.978781667e+000 
1.267930837e+000 1.979391078e+000 
1.408509573e+000 1.995059377e+000 
1.127254967e+000 1.941324649e+000 
1.622122374e+000 1.999911547e+000 
1.636547663e+000 1.999954275e+000 
1.614119013e+000 1.999887069e+000 
1.166118233e+000 1.956622960e+000 
1.146743339e+000 1.949781178e+000 
1.148568941e+000 1.950406682e+000 
1.168079889e+000 1.957120181e+000 
1.605091670e+000 1.999885549e+000 
1.279118331e+000 1.980597526e+000 
1.165521223e+000 1.956281274e+000 
1.213235536e+000 1.969200351e+000 
1.404917671e+000 1.995022271e+000 
1.233412569e+000 1.973552400e+000 
1.165117061e+000 1.956176040e+000 
1.156855089e+000 1.953421651e+000 
1.154252221e+000 1.952210231e+000 
1.155115440e+000 1.953070879e+000 
1.162984469e+000 1.955637444e+000 
1.128163269e+000 1.941633170e+000 
1.151177731e+000 1.950900840e+000 
1.275784598e+000 1.980231696e+000 
1.149256823e+000 1.950462834e+000 
1.401925339e+000 1.994533699e+000 
1.168931756e+000 1.957453477e+000 
1.170779647e+000 1.957830565e+000 
1.166231998e+000 1.956744766e+000 
1.631035142e+000 1.999951815e+000 
1.159487703e+000 1.953971157e+000 
1.164562059e+000 1.956132811e+000 
1.161556357e+000 1.954903285e+000 
1.132161884e+000 1.943860539e+000 
1.157815197e+000 1.953784474e+000 
1.159647042e+000 1.954396429e+000 
1.640600741e+000 1.999984105e+000 
1.399711930e+000 1.994502036e+000 
1.242617599e+000 1.975532691e+000 
1.224485703e+000 1.971440874e+000 
1.224892358e+000 1.971817531e+000 
1.393263547e+000 1.993817254e+000 
1.226740249e+000 1.972194619e+000 
1.272828072e+000 1.979663228e+000 
1.141340382e+000 1.947693422e+000 
1.232149451e+000 1.972970015e+000 
1.224486032e+000 1.971647943e+000 
1.322850640e+000 1.986402785e+000 
1.178723158e+000 1.960347278e+000 
1.303554699e+000 1.984246585e+000 
1.321013456e+000 1.986310311e+000 
1.318223449e+000 1.985971177e+000 
1.202950186e+000 1.966912999e+000 
1.134193605e+000 1.944369516e+000 
1.146512512e+000 1.949110877e+000 
1.153599811e+000 1.952163401e+000 
1.207547425e+000 1.968179988e+000 
1.184307241e+000 1.962503155e+000 
1.139050220e+000 1.946244816e+000 
1.228798342e+000 1.972551632e+000 
1.183666177e+000 1.962151690e+000 
1.236432593e+000 1.973898000e+000 
1.168453278e+000 1.957357668e+000 
1.151614768e+000 1.951092242e+000 
1.203234961e+000 1.967066717e+000 
1.193056792e+000 1.964841344e+000 
1.181842132e+000 1.961565288e+000 
1.181085228e+000 1.961086766e+000 
1.175203214e+000 1.959319259e+000 
1.196296609e+000 1.965256784e+000 
1.219235313e+000 1.970752865e+000 
1.177550354e+000 1.959844211e+000 
1.176819650e+000 1.959707108e+000 
1.185780834e+000 1.962874960e+000 
1.187006966e+000 1.963067464e+000 
1.191157804e+000 1.964281438e+000 
1.197021202e+000 1.965914189e+000 
1.171792608e+000 1.958470930e+000 
1.152968611e+000 1.951644979e+000 
1.188734056e+000 1.963471704e+000 
1.190565175e+000 1.963876383e+000 
1.152614323e+000 1.951499178e+000 
1.185534382e+000 1.962555930e+000 
1.151162787e+000 1.950655794e+000 
1.199388385e+000 1.966028639e+000 
1.206380676e+000 1.967726853e+000 
1.200465153e+000 1.966251921e+000 
1.178042573e+000 1.959955174e+000 
1.135288296e+000 1.944734193e+000 
1.200744590e+000 1.966300074e+000 
1.134919232e+000 1.944583035e+000 
1.575008602e+000 1.999773298e+000 
1.451878029e+000 1.996959846e+000 
1.207508684e+000 1.967733256e+000 
1.210699292e+000 1.968653738e+000 
1.447340426e+000 1.996915831e+000 
1.426396566e+000 1.995936862e+000 
1.296348304e+000 1.983592165e+000 
1.602160047e+000 1.999827174e+000 
1.594275656e+000 1.999824333e+000 
1.144127099e+000 1.948311696e+000 
1.605003112e+000 1.999837379e+000 
1.416417914e+000 1.995503848e+000 
1.137687928e+000 1.945799083e+000 
1.419221998e+000 1.995806613e+000 
1.426570024e+000 1.996106719e+000 
1.339396506e+000 1.988363096e+000 
1.432359804e+000 1.996458743e+000 
1.435427577e+000 1.996635625e+000 
1.438790828e+000 1.996860610e+000 
1.551944676e+000 1.999347790e+000 
1.307825888e+000 1.984732661e+000 
1.306064820e+000 1.984374171e+000 
1.551998466e+000 1.999383789e+000 
1.556068983e+000 1.999406265e+000 
1.344043031e+000 1.988907392e+000 
1.551905853e+000 1.999318837e+000 
1.523606334e+000 1.998861566e+000 
1.556833294e+000 1.999521059e+000 
1.524789502e+000 1.998976629e+000 
1.535229538e+000 1.999176341e+000 
1.428595722e+000 1.996278779e+000 
1.532048247e+000 1.999145590e+000 
1.529435854e+000 1.999138327e+000 
1.552263742e+000 1.999400398e+000 
1.458958600e+000 1.997545741e+000 
1.453642649e+000 1.997409322e+000 
1.520457982e+000 1.998844133e+000 
1.505755438e+000 1.998829908e+000 
1.524729546e+000 1.998862320e+000 
1.495928659e+000 1.998792098e+000 
1.461846340e+000 1.997581201e+000 
1.461186955e+000 1.997550008e+000 
1.511531334e+000 1.998839150e+000 
1.568855602e+000 1.999553355e+000 
1.336133982e+000 1.988092253e+000 
1.339412125e+000 1.988637162e+000 
1.330274430e+000 1.987335663e+000 
1.338180726e+000 1.988301244e+000 
1.334617195e+000 1.987878786e+000 
1.495263494e+000 1.998659745e+000 
1.466289491e+000 1.997769760e+000 
1.489051996e+000 1.998585775e+000 
1.487841219e+000 1.998524236e+000 
1.491316348e+000 1.998614505e+000 
1.375037539e+000 1.992442951e+000 
1.478142550e+000 1.998443026e+000 
1.340747503e+000 1.988833120e+000 
1.455017658e+000 1.997440361e+000 
1.344409519e+000 1.989295375e+000 
1.477605889e+000 1.998055522e+000 
1.472833372e+000 1.998008575e+000 
1.488684897e+000 1.998543625e+000 
1.349481627e+000 1.989903032e+000 
1.335047800e+000 1.987881057e+000 
1.371088237e+000 1.991967415e+000 
1.365110949e+000 1.991553923e+000 
1.358092567e+000 1.990945014e+000 
1.362377988e+000 1.991108095e+000 
1.347017100e+000 1.989576339e+000 
1.349186076e+000 1.989722327e+000 
1.397595098e+000 1.994176546e+000 
1.354420485e+000 1.990554769e+000 
1.367184150e+000 1.991597933e+000 
1.465674942e+000 1.997621855e+000 
1.352616963e+000 1.990097902e+000 
1.366980042e+000 1.991575053e+000 
1.477264155e+000 1.998041935e+000 
1.382711249e+000 1.992935895e+000 
1.396748936e+000 1.994144625e+000 
1.382455629e+000 1.992920958e+000 
1.387669020e+000 1.993446732e+000 
1.387413399e+000 1.993427247e+000 
1.387021377e+000 1.993421284e+000 

