1.002948723e+000 1.010404025e+000 
1.003501466e+000 1.010669070e+000 
1.002566399e+000 1.010092450e+000 
1.003351464e+000 1.010583874e+000 
1.002822408e+000 1.010310196e+000 
1.002744867e+000 1.010267535e+000 
1.002989375e+000 1.010425400e+000 
1.003235300e+000 1.010555297e+000 
1.002977085e+000 1.010404106e+000 
1.002896571e+000 1.010322790e+000 
1.003017736e+000 1.010428088e+000 
1.002646913e+000 1.010178250e+000 
1.000225795e+000 1.000005399e+000 
1.000121732e+000 1.000005398e+000 
1.007143994e+000 1.043911713e+000 
1.012162598e+000 1.050279736e+000 
1.010278620e+000 1.048666103e+000 
1.007685419e+000 1.045298400e+000 
1.013242620e+000 1.051200464e+000 
1.007474948e+000 1.044826287e+000 
1.008234091e+000 1.045855164e+000 
1.007790145e+000 1.045334351e+000 
1.008094544e+000 1.045797114e+000 
1.010620269e+000 1.049097177e+000 
1.007285493e+000 1.044305474e+000 
1.011779163e+000 1.050138804e+000 
1.011359631e+000 1.049662991e+000 
1.011911546e+000 1.050183804e+000 
1.011883888e+000 1.050176130e+000 
1.010076846e+000 1.048576364e+000 
1.011276909e+000 1.049655316e+000 
1.008684211e+000 1.046325902e+000 
1.011172184e+000 1.049617990e+000 
1.010816208e+000 1.049142178e+000 
1.008538734e+000 1.046203276e+000 
1.009886252e+000 1.048200919e+000 
1.008430859e+000 1.046180533e+000 
1.009354214e+000 1.047605537e+000 
1.009163620e+000 1.047238419e+000 
1.021371922e+000 1.298154011e+000 
1.022914861e+000 1.300615836e+000 
1.018738701e+000 1.293910478e+000 
1.020773323e+000 1.297277206e+000 
1.017357921e+000 1.291091227e+000 
1.019562203e+000 1.295139458e+000 
1.017565493e+000 1.291508062e+000 
1.022605683e+000 1.299832183e+000 
1.018512245e+000 1.293407754e+000 
1.016552704e+000 1.288059079e+000 
1.018148397e+000 1.292660839e+000 
1.018067015e+000 1.292561200e+000 
1.017488931e+000 1.291327263e+000 
1.020982872e+000 1.297525456e+000 
1.020546931e+000 1.296885651e+000 
1.016623446e+000 1.289065116e+000 
1.020173889e+000 1.296272737e+000 
1.022787071e+000 1.300204261e+000 
1.000021705e+000 1.000000242e+000 
1.000013392e+000 1.000000241e+000 
1.000000000e+000 1.000000231e+000 
1.000069721e+000 1.000000253e+000 
1.007090244e+000 1.022003175e+000 
1.014083564e+000 1.176660397e+000 
1.014648272e+000 1.177631561e+000 
1.014405734e+000 1.177459799e+000 
1.015675823e+000 1.179450588e+000 
1.014558600e+000 1.177460659e+000 
1.014760780e+000 1.178094567e+000 
1.016409501e+000 1.180735774e+000 
1.016188754e+000 1.180289987e+000 
1.014970441e+000 1.178430962e+000 
1.015483372e+000 1.179270363e+000 
1.016543799e+000 1.180924756e+000 
1.014348419e+000 1.177191591e+000 
1.014343685e+000 1.176993369e+000 
1.015838417e+000 1.179905131e+000 
1.013931325e+000 1.176090393e+000 
1.015263438e+000 1.178599302e+000 
1.013886934e+000 1.175945309e+000 
1.013609155e+000 1.175290991e+000 
1.023811819e+000 1.316034649e+000 
1.000427701e+000 1.001611783e+000 
1.000948836e+000 1.001682611e+000 
1.001136499e+000 1.001706898e+000 
1.001661789e+000 1.001753984e+000 
1.000747782e+000 1.001657686e+000 
1.001789909e+000 1.001755964e+000 
1.002217871e+000 1.001803065e+000 
1.002132260e+000 1.001780029e+000 
1.001160002e+000 1.001707264e+000 
1.002447113e+000 1.001825476e+000 
1.001858166e+000 1.001774625e+000 
1.000538887e+000 1.001634088e+000 
1.000601840e+000 1.001634761e+000 
1.002488777e+000 1.001826225e+000 
1.000517100e+000 1.001632425e+000 
1.001761105e+000 1.001755291e+000 
1.001899830e+000 1.001775374e+000 
1.002347969e+000 1.001804618e+000 
1.002048961e+000 1.001778561e+000 
1.000909465e+000 1.001681146e+000 
1.000569056e+000 1.001634312e+000 
1.001419414e+000 1.001730293e+000 
1.001970099e+000 1.001775615e+000 
1.002083111e+000 1.001778752e+000 
1.000479311e+000 1.001613461e+000 
1.001190172e+000 1.001707882e+000 
1.001782395e+000 1.001755406e+000 
1.002522926e+000 1.001826416e+000 
1.000532358e+000 1.001632641e+000 
1.002293684e+000 1.001804004e+000 
1.000419955e+000 1.001608952e+000 
1.001530680e+000 1.001750875e+000 
1.000832643e+000 1.001678129e+000 
1.000847554e+000 1.001678137e+000 
1.000732870e+000 1.001657678e+000 
1.000993918e+000 1.001683236e+000 
1.001564829e+000 1.001751066e+000 
1.000381643e+000 1.001588592e+000 
1.001335587e+000 1.001728655e+000 
1.001063521e+000 1.001703070e+000 
1.000442613e+000 1.001611790e+000 
1.000655324e+000 1.001653018e+000 
1.000609180e+000 1.001635658e+000 
1.001100929e+000 1.001705549e+000 
1.001070759e+000 1.001705325e+000 
1.001048609e+000 1.001703062e+000 
1.000993937e+000 1.001702308e+000 
1.001301438e+000 1.001728464e+000 
1.001125431e+000 1.001706079e+000 
1.000791483e+000 1.001658643e+000 
1.000606607e+000 1.001635256e+000 
1.031046286e+000 1.831769722e+000 
1.033523228e+000 1.835119522e+000 
1.032518099e+000 1.833858370e+000 
1.027392159e+000 1.825930362e+000 
1.034797460e+000 1.837034030e+000 
1.055811272e+000 1.859610569e+000 
1.156114804e+000 1.918810966e+000 
1.025016242e+000 1.821969731e+000 
1.024415945e+000 1.820599453e+000 
1.063366260e+000 1.865901995e+000 
1.029836191e+000 1.829999980e+000 
1.082995939e+000 1.880011786e+000 
1.141065100e+000 1.912376774e+000 
1.142244875e+000 1.912629207e+000 
1.030254265e+000 1.830358982e+000 
1.034088214e+000 1.836231631e+000 
1.039106941e+000 1.842633016e+000 
1.070264559e+000 1.871424718e+000 
1.145136003e+000 1.913896955e+000 
1.067214895e+000 1.868774923e+000 
1.085749170e+000 1.881945419e+000 
1.029100430e+000 1.828536770e+000 
1.044169228e+000 1.848482998e+000 
1.179412228e+000 1.926615016e+000 
1.052597342e+000 1.856395417e+000 
1.060046329e+000 1.863016206e+000 
1.023813664e+000 1.819093807e+000 
1.079853899e+000 1.877849585e+000 
1.140586177e+000 1.912148163e+000 
1.030467254e+000 1.830421800e+000 
1.082280445e+000 1.879564576e+000 
1.113772154e+000 1.899442585e+000 
1.055479722e+000 1.859213232e+000 
1.031727114e+000 1.832583348e+000 
1.156051088e+000 1.918730435e+000 
1.079074034e+000 1.877529425e+000 
1.029204497e+000 1.828998783e+000 
1.034588922e+000 1.836575606e+000 
1.058005109e+000 1.861593451e+000 
1.076827357e+000 1.876062916e+000 
1.056704018e+000 1.860414898e+000 
1.176344056e+000 1.925862867e+000 
1.050841977e+000 1.854590864e+000 
1.054618892e+000 1.858369248e+000 
1.075853861e+000 1.875187595e+000 
1.119463793e+000 1.902214315e+000 
1.026550277e+000 1.824740209e+000 
1.082729971e+000 1.879757859e+000 
1.024691123e+000 1.821341136e+000 
1.082821702e+000 1.879983673e+000 
1.075032082e+000 1.874422217e+000 
1.102296668e+000 1.892616661e+000 
1.101379535e+000 1.892231037e+000 
1.093050275e+000 1.887024316e+000 
1.109975721e+000 1.897365046e+000 
1.160856145e+000 1.920565945e+000 
1.075253525e+000 1.874733045e+000 
1.143196017e+000 1.913200794e+000 
1.047524683e+000 1.851781445e+000 
1.043142012e+000 1.847123648e+000 
1.028334512e+000 1.827527264e+000 
1.032364439e+000 1.833693959e+000 
1.130610771e+000 1.907493674e+000 
1.024910408e+000 1.821599249e+000 
1.028061951e+000 1.827180189e+000 
1.041380494e+000 1.845385144e+000 
1.058529292e+000 1.861721588e+000 
1.097467110e+000 1.889904591e+000 
1.126839996e+000 1.905725652e+000 
1.039162098e+000 1.842677414e+000 
1.024619963e+000 1.821172824e+000 
1.045813458e+000 1.850070945e+000 
1.133703834e+000 1.909020007e+000 
1.039205919e+000 1.842761506e+000 
1.026538988e+000 1.824739170e+000 
1.115678718e+000 1.899749825e+000 
1.135356266e+000 1.910304328e+000 
1.041714613e+000 1.845814547e+000 
1.041197213e+000 1.845151420e+000 
1.039970413e+000 1.843783446e+000 
1.170268544e+000 1.923853907e+000 
1.143879057e+000 1.913657514e+000 
1.034798616e+000 1.837326034e+000 
1.060950152e+000 1.863992344e+000 
1.062299656e+000 1.865035452e+000 
1.063001995e+000 1.865702021e+000 
1.104365672e+000 1.894287808e+000 
1.092615391e+000 1.886698363e+000 
1.158725228e+000 1.919745844e+000 
1.123141503e+000 1.904103602e+000 
1.035422773e+000 1.838092522e+000 
1.229969592e+000 1.940502486e+000 
1.068505254e+000 1.869920758e+000 
1.203135105e+000 1.933251746e+000 
1.068043902e+000 1.869650797e+000 
1.133300614e+000 1.908769262e+000 
1.110837591e+000 1.897741624e+000 
1.046921077e+000 1.851053357e+000 
1.141384787e+000 1.912502066e+000 
1.050720209e+000 1.854568010e+000 
1.033352439e+000 1.834954084e+000 
1.094479145e+000 1.887947567e+000 
1.145958976e+000 1.914346819e+000 
1.051736512e+000 1.855553759e+000 
1.035962956e+000 1.838686906e+000 
1.037196872e+000 1.840431046e+000 
1.147242422e+000 1.914876120e+000 
1.036673357e+000 1.839779949e+000 
1.130445566e+000 1.907484675e+000 
1.125888854e+000 1.905154100e+000 
1.147006034e+000 1.914469363e+000 
1.065913750e+000 1.867799908e+000 
1.032865435e+000 1.834232088e+000 
1.207050282e+000 1.934063833e+000 
1.145478272e+000 1.914123901e+000 
1.085129878e+000 1.881592848e+000 
1.151893493e+000 1.916975294e+000 
1.156989640e+000 1.919013006e+000 
1.116056833e+000 1.900384552e+000 
1.102307444e+000 1.892851894e+000 
1.109246955e+000 1.897000597e+000 
1.039020366e+000 1.842480424e+000 
1.252716240e+000 1.945279951e+000 
1.102757289e+000 1.893298706e+000 
1.090091875e+000 1.885137879e+000 
1.111460400e+000 1.897893289e+000 
1.168223549e+000 1.923346135e+000 
1.084113431e+000 1.880974849e+000 
1.048613363e+000 1.852781386e+000 
1.107638572e+000 1.896008214e+000 
1.113068783e+000 1.898882291e+000 
1.210188946e+000 1.934632967e+000 
1.181031284e+000 1.927310258e+000 
1.168499769e+000 1.923348207e+000 
1.185833802e+000 1.928395790e+000 
1.066518783e+000 1.868448615e+000 
1.154024410e+000 1.917797524e+000 
1.066914646e+000 1.868715466e+000 
1.234766722e+000 1.941634309e+000 
1.175169419e+000 1.925497271e+000 
1.083174174e+000 1.880258484e+000 
1.228468461e+000 1.939551032e+000 
1.123029430e+000 1.903894990e+000 
1.236127004e+000 1.942059380e+000 
1.228651911e+000 1.940086297e+000 
1.052842136e+000 1.856473337e+000 
1.110510042e+000 1.897373440e+000 
1.053477020e+000 1.857191260e+000 
1.116504047e+000 1.900657655e+000 
1.238072779e+000 1.942166631e+000 
1.092179078e+000 1.886511933e+000 
1.139751527e+000 1.911802977e+000 
1.103762961e+000 1.893620700e+000 
1.052180369e+000 1.855898990e+000 
1.106946888e+000 1.895561751e+000 
1.045783858e+000 1.849944523e+000 
1.046003628e+000 1.850201710e+000 
1.168755741e+000 1.923389530e+000 
1.085201260e+000 1.881751544e+000 
1.091666313e+000 1.886042672e+000 
1.115913775e+000 1.900102891e+000 
1.103525650e+000 1.893461301e+000 
1.234827141e+000 1.941712708e+000 
1.183404154e+000 1.927549954e+000 
1.187468029e+000 1.928976222e+000 
1.211571869e+000 1.934891800e+000 
1.224183971e+000 1.939100536e+000 
1.250901372e+000 1.944902699e+000 
1.205898289e+000 1.933486245e+000 
1.047663873e+000 1.851791034e+000 
1.206986566e+000 1.933981611e+000 
1.227717993e+000 1.939531924e+000 
1.247794946e+000 1.943786315e+000 
1.237546353e+000 1.942146121e+000 
1.094949586e+000 1.888122379e+000 
1.172348713e+000 1.924473165e+000 
1.233412689e+000 1.941474792e+000 
1.219409358e+000 1.937436075e+000 
1.087243595e+000 1.883040175e+000 
1.174743182e+000 1.925136361e+000 
1.192489305e+000 1.930453569e+000 
1.128221096e+000 1.906289314e+000 
1.143598902e+000 1.913258914e+000 
1.163008736e+000 1.921282007e+000 
1.184302308e+000 1.928094903e+000 
1.171717982e+000 1.924126480e+000 
1.195178914e+000 1.931118553e+000 
1.084709903e+000 1.881216357e+000 
1.183909612e+000 1.927789008e+000 
1.081610442e+000 1.879046756e+000 
1.189619159e+000 1.929536416e+000 
1.120990970e+000 1.902551313e+000 
1.210526115e+000 1.934776064e+000 
1.114720103e+000 1.899581034e+000 
1.204546486e+000 1.933315980e+000 
1.006708593e+000 1.021983937e+000 
1.006219912e+000 1.021673157e+000 
1.005737935e+000 1.021292903e+000 
1.003793278e+000 1.019242896e+000 
1.005570467e+000 1.021159543e+000 
1.005612220e+000 1.021160575e+000 
1.003896093e+000 1.019499108e+000 
1.006519677e+000 1.021894515e+000 
1.004768362e+000 1.020502194e+000 
1.003994037e+000 1.019512672e+000 
1.004569452e+000 1.020327287e+000 
1.004061735e+000 1.019695170e+000 
1.004671601e+000 1.020470483e+000 
1.004262494e+000 1.019964946e+000 
1.004405214e+000 1.020191937e+000 
1.003827664e+000 1.019421419e+000 
1.003727650e+000 1.019234126e+000 
1.003996107e+000 1.019686400e+000 
1.005862025e+000 1.021397705e+000 
1.006425996e+000 1.021742518e+000 
1.006628909e+000 1.021953377e+000 
1.007141158e+000 1.022262886e+000 
1.005380049e+000 1.021017451e+000 
1.006311170e+000 1.021708473e+000 
1.006464671e+000 1.021818028e+000 
1.006146933e+000 1.021573124e+000 
1.006448931e+000 1.021794400e+000 
1.000253068e+000 1.000519227e+000 
1.000353370e+000 1.000531074e+000 
1.000322367e+000 1.000530449e+000 
1.000290241e+000 1.000526022e+000 
1.276237529e+000 1.954376813e+000 
1.257137634e+000 1.946986381e+000 
1.273177880e+000 1.953672060e+000 
1.250292756e+000 1.944091365e+000 
1.253903651e+000 1.945639421e+000 
1.282535402e+000 1.957367145e+000 
1.260462974e+000 1.948817912e+000 
1.305997616e+000 1.963773051e+000 
1.584270391e+000 1.998616358e+000 
1.306124617e+000 1.963864192e+000 
1.258893667e+000 1.948621288e+000 
1.592507363e+000 1.998755215e+000 
1.304564253e+000 1.963267440e+000 
1.256854540e+000 1.946971976e+000 
1.437167713e+000 1.988230488e+000 
1.301754448e+000 1.962349793e+000 
1.255602092e+000 1.946109795e+000 
1.357533735e+000 1.975726218e+000 
1.292429141e+000 1.959893050e+000 
1.640134298e+000 1.999850229e+000 
1.279129732e+000 1.954819261e+000 
1.264728319e+000 1.950296204e+000 
1.591467895e+000 1.998745075e+000 
1.402147916e+000 1.982650928e+000 
1.340727349e+000 1.971622430e+000 
1.325268554e+000 1.967701656e+000 
1.263711747e+000 1.949977623e+000 
1.429993046e+000 1.986900770e+000 
1.249975772e+000 1.943989637e+000 
1.364890808e+000 1.976439351e+000 
1.274591574e+000 1.953837963e+000 
1.263653587e+000 1.949612197e+000 
1.335863382e+000 1.970783224e+000 
1.588517369e+000 1.998660156e+000 
1.416396898e+000 1.985250204e+000 
1.372951365e+000 1.978001115e+000 
1.361080456e+000 1.976068968e+000 
1.363524844e+000 1.976428790e+000 
1.401417324e+000 1.982511441e+000 
1.388219233e+000 1.980722702e+000 
1.332676766e+000 1.970201285e+000 
1.261288005e+000 1.949371006e+000 
1.301109441e+000 1.962252657e+000 
1.352169200e+000 1.974529475e+000 
1.305110119e+000 1.963502498e+000 
1.390738883e+000 1.981057082e+000 
1.307305234e+000 1.963911880e+000 
1.567943587e+000 1.998264048e+000 
1.278663083e+000 1.954761230e+000 
1.347358450e+000 1.973594920e+000 
1.298825395e+000 1.961778799e+000 
1.323262370e+000 1.967441378e+000 
1.292490744e+000 1.960179850e+000 
1.295344918e+000 1.961387554e+000 
1.346501151e+000 1.973345648e+000 
1.331381617e+000 1.970183194e+000 
1.397040734e+000 1.982078279e+000 
1.391039559e+000 1.981170646e+000 
1.308619929e+000 1.964138858e+000 
1.281032376e+000 1.956086148e+000 
1.595477448e+000 1.998916509e+000 
1.294255923e+000 1.960784272e+000 
1.334541071e+000 1.970382199e+000 
1.398501909e+000 1.982501887e+000 
1.344362847e+000 1.973117058e+000 
1.302196386e+000 1.962790371e+000 
1.343017778e+000 1.972365056e+000 
1.328243717e+000 1.969059351e+000 
1.395109366e+000 1.981755192e+000 
1.396251971e+000 1.981812526e+000 
1.280132539e+000 1.955672113e+000 
1.303938947e+000 1.963109548e+000 
1.313577213e+000 1.965218637e+000 
1.336037447e+000 1.971165678e+000 
1.354432379e+000 1.974985462e+000 
1.290411042e+000 1.959681914e+000 
1.299418044e+000 1.961857180e+000 
1.286957091e+000 1.957910648e+000 
1.353298908e+000 1.974983558e+000 
1.287934660e+000 1.958746715e+000 
1.264800963e+000 1.950561351e+000 
1.258647075e+000 1.947336877e+000 
1.312407149e+000 1.965048441e+000 
1.256577122e+000 1.946773908e+000 
1.531804496e+000 1.996172806e+000 
1.262488172e+000 1.949434078e+000 
1.331122783e+000 1.970112996e+000 
1.350190622e+000 1.973812934e+000 
1.289182725e+000 1.959301205e+000 
1.350676904e+000 1.974166399e+000 
1.341443004e+000 1.972042369e+000 
1.544276719e+000 1.997013777e+000 
1.344016173e+000 1.972800815e+000 
1.318188051e+000 1.966570591e+000 
1.294363721e+000 1.960803055e+000 
1.387876869e+000 1.980528617e+000 
1.302187158e+000 1.962592741e+000 
1.331078947e+000 1.969924919e+000 
1.308954253e+000 1.964350578e+000 
1.329219045e+000 1.969407237e+000 
1.342308513e+000 1.972342388e+000 
1.555695329e+000 1.997757498e+000 
1.319841180e+000 1.967186151e+000 
1.330801050e+000 1.969855207e+000 
1.292579189e+000 1.960221584e+000 
1.334549665e+000 1.970668572e+000 
1.562936635e+000 1.998262351e+000 
1.365735414e+000 1.976449937e+000 
1.501256287e+000 1.994031276e+000 
1.558269586e+000 1.997896803e+000 
1.287033714e+000 1.958468465e+000 
1.559251598e+000 1.998034190e+000 
1.366812013e+000 1.976868712e+000 
1.664023071e+000 2.000000000e+000 
1.439065471e+000 1.988586377e+000 
1.514673130e+000 1.995177765e+000 
1.310779050e+000 1.964549918e+000 
1.389351641e+000 1.980783597e+000 
1.539296901e+000 1.996711399e+000 
1.508830203e+000 1.994680292e+000 
1.530339047e+000 1.996036011e+000 
1.272549025e+000 1.952622910e+000 
1.514525739e+000 1.995083763e+000 
1.382724908e+000 1.979862853e+000 
1.386126010e+000 1.980452123e+000 
1.374641383e+000 1.978481592e+000 
1.431476479e+000 1.987407656e+000 
1.535345038e+000 1.996642561e+000 
1.435018743e+000 1.987955468e+000 
1.595669006e+000 1.999112126e+000 
1.277733315e+000 1.954469113e+000 
1.662717706e+000 1.999987037e+000 
1.443270968e+000 1.989118044e+000 
1.605545880e+000 1.999149438e+000 
1.416759670e+000 1.985262652e+000 
1.258883116e+000 1.947552449e+000 
1.591345252e+000 1.998730205e+000 
1.558156411e+000 1.997837571e+000 
1.418930052e+000 1.985859979e+000 
1.271346718e+000 1.952277789e+000 
1.553692538e+000 1.997665431e+000 
1.269622481e+000 1.951506034e+000 
1.270930681e+000 1.951903082e+000 
1.656011504e+000 1.999916778e+000 
1.551432607e+000 1.997537251e+000 
1.370000576e+000 1.977586286e+000 
1.368341515e+000 1.977159281e+000 
1.378726313e+000 1.979195019e+000 
1.381194000e+000 1.979563142e+000 
1.657775559e+000 1.999938003e+000 
1.378169718e+000 1.979062541e+000 
1.532411200e+000 1.996457253e+000 
1.525471266e+000 1.995843051e+000 
1.550328394e+000 1.997446213e+000 
1.338878780e+000 1.971348868e+000 
1.338043302e+000 1.971334809e+000 
1.491862180e+000 1.993516868e+000 
1.546260404e+000 1.997088509e+000 
1.554806582e+000 1.997683915e+000 
1.551903406e+000 1.997562387e+000 
1.547289454e+000 1.997157121e+000 
1.279546377e+000 1.954882885e+000 
1.652828255e+000 1.999916298e+000 
1.580604492e+000 1.998411188e+000 
1.550744363e+000 1.997494767e+000 
1.266267914e+000 1.950601191e+000 
1.514931828e+000 1.995274831e+000 
1.513175800e+000 1.994975983e+000 
1.511245000e+000 1.994840649e+000 
1.611339052e+000 1.999181595e+000 
1.530672172e+000 1.996162650e+000 
1.626008083e+000 1.999743208e+000 
1.614662477e+000 1.999346888e+000 
1.427928877e+000 1.986762900e+000 
1.619815616e+000 1.999721503e+000 
1.613992611e+000 1.999275397e+000 
1.457601945e+000 1.990837369e+000 
1.459674443e+000 1.991007575e+000 
1.614280947e+000 1.999338803e+000 
1.458327349e+000 1.990958461e+000 
1.285751037e+000 1.957725754e+000 
1.376325550e+000 1.978675140e+000 
1.374355298e+000 1.978386653e+000 
1.449163551e+000 1.989632236e+000 
1.314002383e+000 1.965371141e+000 
1.355775880e+000 1.974991906e+000 
1.318353502e+000 1.966639248e+000 
1.317293560e+000 1.966265026e+000 
1.325699428e+000 1.968398404e+000 
1.435944384e+000 1.988031748e+000 
1.314888847e+000 1.965666303e+000 
1.326563387e+000 1.968519136e+000 
1.439458107e+000 1.988616043e+000 
1.456983382e+000 1.990722732e+000 
1.453317580e+000 1.990396026e+000 
1.439938190e+000 1.988710510e+000 
1.420521412e+000 1.986132321e+000 
1.417277810e+000 1.985637848e+000 
1.414485965e+000 1.985194842e+000 
1.419388628e+000 1.986116920e+000 
1.410700105e+000 1.984372038e+000 
1.405020427e+000 1.983572199e+000 
1.406214063e+000 1.983595278e+000 
1.403157678e+000 1.983193208e+000 
1.489260184e+000 1.993456776e+000 
1.411013518e+000 1.984394919e+000 
1.410104212e+000 1.984316105e+000 
1.423028169e+000 1.986318252e+000 
1.412606843e+000 1.984764778e+000 
1.403022049e+000 1.982931236e+000 
1.450589277e+000 1.989874502e+000 
1.435028726e+000 1.987994001e+000 
1.524704307e+000 1.995619674e+000 
1.432055041e+000 1.987683389e+000 
1.527015679e+000 1.995954598e+000 
1.447210017e+000 1.989602489e+000 
1.438384768e+000 1.988413067e+000 
1.444289915e+000 1.989179954e+000 
1.520477746e+000 1.995545298e+000 
1.517864887e+000 1.995366617e+000 
1.421130288e+000 1.986159652e+000 
1.525010169e+000 1.995705238e+000 
1.492236184e+000 1.993664437e+000 
1.486283933e+000 1.993362590e+000 
1.469227244e+000 1.991770111e+000 
1.491131332e+000 1.993468141e+000 
1.425057225e+000 1.986553019e+000 
1.479440018e+000 1.992478403e+000 
1.470971287e+000 1.991776230e+000 
1.475571482e+000 1.992280864e+000 
1.475337108e+000 1.992243915e+000 
1.471267654e+000 1.991913400e+000 
1.483138446e+000 1.992821342e+000 
1.465524875e+000 1.991356127e+000 
1.503784095e+000 1.994279599e+000 
1.501527268e+000 1.994269310e+000 
1.498980902e+000 1.993890233e+000 
1.505741828e+000 1.994395855e+000 
1.495916593e+000 1.993787095e+000 
1.579008020e+000 1.998376909e+000 
1.574825672e+000 1.998366299e+000 
1.570862631e+000 1.998327247e+000 
1.571308582e+000 1.998331203e+000 

