1.001565791e+000 1.680939846e+000 
1.001860897e+000 1.681867827e+000 
1.001479706e+000 1.679168378e+000 
1.001707800e+000 1.681191474e+000 
1.001859247e+000 1.681380318e+000 
1.001433115e+000 1.421362762e+000 
1.000020848e+000 1.010258221e+000 
1.000218313e+000 1.138079582e+000 
1.001083538e+000 1.141107793e+000 
1.000771602e+000 1.140285523e+000 
1.000409600e+000 1.139596812e+000 
1.000716146e+000 1.139846557e+000 
1.000574138e+000 1.139723216e+000 
1.000185201e+000 1.022539515e+000 
1.064202714e+000 1.936577485e+000 
1.039567470e+000 1.914126779e+000 
1.047653850e+000 1.922146751e+000 
1.099458320e+000 1.955112046e+000 
1.025035940e+000 1.895616246e+000 
1.033312175e+000 1.906412039e+000 
1.106336263e+000 1.957786896e+000 
1.016163714e+000 1.882995441e+000 
1.012150183e+000 1.876293455e+000 
1.051803296e+000 1.927816827e+000 
1.014445113e+000 1.879906675e+000 
1.125926030e+000 1.965708806e+000 
1.030335490e+000 1.902981758e+000 
1.057398831e+000 1.932544661e+000 
1.010919989e+000 1.874188115e+000 
1.059021340e+000 1.933584560e+000 
1.105015397e+000 1.957771621e+000 
1.030213343e+000 1.902502273e+000 
1.117522470e+000 1.962407892e+000 
1.045025112e+000 1.919983274e+000 
1.121651901e+000 1.964223034e+000 
1.048171060e+000 1.923627868e+000 
1.040296934e+000 1.914672543e+000 
1.087263757e+000 1.948974477e+000 
1.035174917e+000 1.909054638e+000 
1.121514178e+000 1.963428608e+000 
1.029983021e+000 1.902390004e+000 
1.020801446e+000 1.889525181e+000 
1.118948638e+000 1.962708230e+000 
1.056474627e+000 1.931817279e+000 
1.028597313e+000 1.900674060e+000 
1.045705687e+000 1.921463339e+000 
1.057951577e+000 1.933140836e+000 
1.128383603e+000 1.965801922e+000 
1.060466759e+000 1.934512022e+000 
1.034112490e+000 1.907359120e+000 
1.043217759e+000 1.917985603e+000 
1.006206559e+000 1.864026227e+000 
1.031742389e+000 1.904036056e+000 
1.046465126e+000 1.921873107e+000 
1.001915987e+000 1.850895958e+000 
1.049645771e+000 1.925012599e+000 
1.083280555e+000 1.947215128e+000 
1.030706875e+000 1.903417431e+000 
1.029171346e+000 1.901252692e+000 
1.034686523e+000 1.907963850e+000 
1.118923500e+000 1.962415686e+000 
1.130237458e+000 1.966746535e+000 
1.023305185e+000 1.893376191e+000 
1.048930499e+000 1.924008591e+000 
1.027013820e+000 1.898448463e+000 
1.041011801e+000 1.915676016e+000 
1.087403244e+000 1.949230813e+000 
1.060674553e+000 1.934590943e+000 
1.103304212e+000 1.956554593e+000 
1.087161447e+000 1.948969523e+000 
1.003589432e+000 1.856371092e+000 
1.002534724e+000 1.851776427e+000 
1.019315600e+000 1.887930105e+000 
1.017968454e+000 1.885872763e+000 
1.083253463e+000 1.947042203e+000 
1.079333447e+000 1.945627670e+000 
1.004217366e+000 1.859808437e+000 
1.047911645e+000 1.923299262e+000 
1.082803549e+000 1.946918312e+000 
1.025283195e+000 1.896078916e+000 
1.078957849e+000 1.945430880e+000 
1.002763565e+000 1.855632343e+000 
1.086865051e+000 1.948931560e+000 
1.083566477e+000 1.947242806e+000 
1.032018399e+000 1.904714748e+000 
1.008075109e+000 1.867390891e+000 
1.027440720e+000 1.898883183e+000 
1.007005930e+000 1.865712257e+000 
1.003818273e+000 1.858521943e+000 
1.061195767e+000 1.934965482e+000 
1.008172118e+000 1.868897880e+000 
1.006767431e+000 1.864724741e+000 
1.062050495e+000 1.935370025e+000 
1.005467841e+000 1.861851050e+000 
1.005075452e+000 1.861385176e+000 
1.062547683e+000 1.935532555e+000 
1.026439788e+000 1.897843610e+000 
1.007676103e+000 1.866685405e+000 
1.006502481e+000 1.864305581e+000 
1.005571346e+000 1.863145758e+000 
1.073154855e+000 1.942262043e+000 
1.014608170e+000 1.880482801e+000 
1.020655937e+000 1.889105539e+000 
1.020448502e+000 1.888830201e+000 
1.044236612e+000 1.918723977e+000 
1.062265530e+000 1.935464439e+000 
1.050403793e+000 1.925511737e+000 
1.021103057e+000 1.890340181e+000 
1.024607728e+000 1.895200394e+000 
1.011522249e+000 1.875069942e+000 
1.039935667e+000 1.914273886e+000 
1.034175924e+000 1.907489931e+000 
1.087430337e+000 1.949427603e+000 
1.050985314e+000 1.926466769e+000 
1.019898326e+000 1.888338196e+000 
1.045683132e+000 1.920122453e+000 
1.041771239e+000 1.916559448e+000 
1.025093507e+000 1.896047585e+000 
1.021245473e+000 1.890395538e+000 
1.044844908e+000 1.919860088e+000 
1.080291484e+000 1.945918760e+000 
1.017805198e+000 1.885180139e+000 
1.006818017e+000 1.865251098e+000 
1.008291468e+000 1.869265890e+000 
1.009457779e+000 1.870183737e+000 
1.009864097e+000 1.872248419e+000 
1.010469446e+000 1.872953329e+000 
1.009086776e+000 1.870160484e+000 
1.017151265e+000 1.884271548e+000 
1.019152345e+000 1.887237481e+000 
1.016695163e+000 1.883627677e+000 
1.024255259e+000 1.894609998e+000 
1.014816567e+000 1.880938099e+000 
1.015186248e+000 1.881416560e+000 
1.013627007e+000 1.878609590e+000 
1.031510684e+000 1.904020203e+000 
1.079302531e+000 1.945511121e+000 
1.089231288e+000 1.949962082e+000 
1.004210929e+000 1.858898221e+000 
1.134742259e+000 1.968370748e+000 
1.036166193e+000 1.909847944e+000 
1.116167469e+000 1.962109287e+000 
1.038994361e+000 1.913196226e+000 
1.119905561e+000 1.963146467e+000 
1.054009254e+000 1.929652750e+000 
1.094739156e+000 1.952718928e+000 
1.034008668e+000 1.907043696e+000 
1.096519801e+000 1.953902603e+000 
1.055028108e+000 1.930391124e+000 
1.052562735e+000 1.928226595e+000 
1.059986955e+000 1.933844558e+000 
1.011492776e+000 1.874720880e+000 
1.093027948e+000 1.951603547e+000 
1.031954965e+000 1.904528670e+000 
1.108913928e+000 1.959147982e+000 
1.110741061e+000 1.960015321e+000 
1.095174737e+000 1.952929389e+000 
1.104262249e+000 1.956832177e+000 
1.090962724e+000 1.951181998e+000 
1.099082722e+000 1.954915256e+000 
1.007811930e+000 1.867053415e+000 
1.070752534e+000 1.940635854e+000 
1.100793930e+000 1.955470780e+000 
1.064697760e+000 1.936987211e+000 
1.022908113e+000 1.892552656e+000 
1.069418900e+000 1.940167637e+000 
1.003714731e+000 1.856487474e+000 
1.064708094e+000 1.937021394e+000 
1.071841365e+000 1.941348498e+000 
1.032955898e+000 1.905754840e+000 
1.008790855e+000 1.869778349e+000 
1.011812042e+000 1.875488378e+000 
1.013463856e+000 1.878005650e+000 
1.009817795e+000 1.871708706e+000 
1.010857210e+000 1.873519400e+000 
1.013097967e+000 1.877875555e+000 
1.007765800e+000 1.866833197e+000 
1.005525044e+000 1.862410507e+000 
1.006143781e+000 1.863290976e+000 
1.026412784e+000 1.897414227e+000 
1.028155069e+000 1.899243766e+000 
1.092820144e+000 1.951380118e+000 
1.023097801e+000 1.892555012e+000 
1.016017742e+000 1.882916785e+000 
1.024444947e+000 1.894612355e+000 
1.014624646e+000 1.880510381e+000 
1.014670595e+000 1.880859442e+000 
1.012058551e+000 1.875935859e+000 
1.000000000e+000 1.000000057e+000 
1.001332592e+000 1.309058143e+000 
1.001190584e+000 1.306941727e+000 
1.136709306e+000 1.969659910e+000 
1.277744948e+000 1.998704178e+000 
1.114737944e+000 1.960087973e+000 
1.147576822e+000 1.973199678e+000 
1.231446624e+000 1.993665672e+000 
1.135081002e+000 1.969183951e+000 
1.153023368e+000 1.975059136e+000 
1.581107987e+000 2.000000000e+000 
1.131642758e+000 1.967543405e+000 
1.349240561e+000 1.999658244e+000 
1.200529022e+000 1.987930830e+000 
1.221690827e+000 1.991703077e+000 
1.185119361e+000 1.983804623e+000 
1.115410094e+000 1.960270634e+000 
1.199523503e+000 1.987485928e+000 
1.207156270e+000 1.989576130e+000 
1.210620696e+000 1.990336870e+000 
1.225331057e+000 1.992401845e+000 
1.182858628e+000 1.983008001e+000 
1.171525393e+000 1.979731056e+000 
1.165655304e+000 1.978317727e+000 
1.226371729e+000 1.993339868e+000 
1.221785708e+000 1.992178868e+000 
1.170322841e+000 1.979413144e+000 
1.199797055e+000 1.987572061e+000 
1.343542580e+000 1.999628194e+000 
1.215203088e+000 1.991341249e+000 
1.154078133e+000 1.975216780e+000 
1.195211034e+000 1.986219304e+000 
1.151001039e+000 1.973827194e+000 
1.163115042e+000 1.977576608e+000 
1.236206565e+000 1.994072338e+000 
1.207159899e+000 1.989613809e+000 
1.242615265e+000 1.995548109e+000 
1.237627969e+000 1.994452869e+000 
1.129792634e+000 1.965810032e+000 
1.328404031e+000 1.999604621e+000 
1.566461269e+000 1.999992946e+000 
1.366231863e+000 1.999767223e+000 
1.152221311e+000 1.974753266e+000 
1.186971561e+000 1.984394770e+000 
1.132804951e+000 1.967771342e+000 
1.156108661e+000 1.976279771e+000 
1.234576504e+000 1.994026997e+000 
1.363825361e+000 1.999737760e+000 
1.133661742e+000 1.968253759e+000 
1.462448838e+000 1.999888459e+000 
1.239720384e+000 1.994905452e+000 
1.130355025e+000 1.967177253e+000 
1.277604110e+000 1.998666765e+000 
1.284707065e+000 1.998795965e+000 
1.351639079e+000 1.999702350e+000 
1.213746947e+000 1.990814468e+000 
1.140019653e+000 1.970805934e+000 
1.133657670e+000 1.968112188e+000 
1.254538309e+000 1.996989853e+000 
1.340400456e+000 1.999622007e+000 
1.143524325e+000 1.971922614e+000 
1.318906745e+000 1.999527379e+000 
1.347484244e+000 1.999636232e+000 
1.142347717e+000 1.971160819e+000 
1.547280578e+000 1.999938409e+000 
1.199022670e+000 1.987453289e+000 
1.180914008e+000 1.982545568e+000 
1.198189516e+000 1.986991404e+000 
1.177369515e+000 1.982118351e+000 
1.294369482e+000 1.999113876e+000 
1.189026824e+000 1.985186306e+000 
1.303661996e+000 1.999294534e+000 
1.178997710e+000 1.982245775e+000 
1.169296713e+000 1.979395865e+000 
1.255963920e+000 1.997113601e+000 
1.202573878e+000 1.988501872e+000 
1.172301879e+000 1.980423300e+000 
1.154622647e+000 1.975992871e+000 
1.192485834e+000 1.985974117e+000 
1.195285335e+000 1.986369243e+000 
1.164710692e+000 1.978191323e+000 
1.280901140e+000 1.998710615e+000 
1.184402151e+000 1.983536443e+000 
1.159833872e+000 1.977093434e+000 
1.315647112e+000 1.999451711e+000 
1.471666523e+000 1.999891146e+000 
1.192429224e+000 1.985772647e+000 
1.298712918e+000 1.999279111e+000 
1.205272584e+000 1.988712924e+000 
1.315832093e+000 1.999490509e+000 
1.298897899e+000 1.999283722e+000 
1.259310115e+000 1.997603229e+000 
1.443230920e+000 1.999849232e+000 
1.311371194e+000 1.999383792e+000 
1.296863354e+000 1.999147079e+000 
1.310444848e+000 1.999330162e+000 
1.274212931e+000 1.998548701e+000 
1.266473681e+000 1.997768883e+000 
1.339925413e+000 1.999612539e+000 
1.253808614e+000 1.996420854e+000 
1.190783500e+000 1.985256793e+000 
1.229750530e+000 1.993447044e+000 
1.232703353e+000 1.993687094e+000 
1.295346834e+000 1.999122565e+000 
1.447652207e+000 1.999863683e+000 
1.148641321e+000 1.973510213e+000 
1.305489742e+000 1.999313821e+000 
1.173063909e+000 1.980799485e+000 
1.452627569e+000 1.999865007e+000 
1.434231842e+000 1.999818005e+000 
1.165726277e+000 1.978586461e+000 
1.247705537e+000 1.995942556e+000 
1.166036418e+000 1.978670372e+000 
1.284974203e+000 1.999020891e+000 
1.285259249e+000 1.999071389e+000 

