1.062382560e+000 1.831192137e+000 
1.009557235e+000 1.729713355e+000 
1.034347032e+000 1.786133912e+000 
1.066870690e+000 1.836942641e+000 
1.117124251e+000 1.896993230e+000 
1.145842886e+000 1.919507146e+000 
1.151068976e+000 1.922721429e+000 
1.139648270e+000 1.915840954e+000 
1.076265263e+000 1.851065771e+000 
1.049480116e+000 1.812450459e+000 
1.149929435e+000 1.922367535e+000 
1.082486059e+000 1.859972273e+000 
1.013637312e+000 1.743066465e+000 
1.004834725e+000 1.710878334e+000 
1.027323296e+000 1.773447607e+000 
1.100628436e+000 1.880194712e+000 
1.011196643e+000 1.734936844e+000 
1.011443325e+000 1.735136065e+000 
1.028020116e+000 1.774264340e+000 
1.010960442e+000 1.733458461e+000 
1.014548629e+000 1.744332562e+000 
1.003749822e+000 1.701822026e+000 
1.048806692e+000 1.810034339e+000 
1.068782685e+000 1.840593394e+000 
1.125067703e+000 1.905393622e+000 
1.122556996e+000 1.902275219e+000 
1.038608778e+000 1.793429357e+000 
1.035273880e+000 1.787845786e+000 
1.119711054e+000 1.900260480e+000 
1.008983629e+000 1.727537552e+000 
1.143597172e+000 1.918438207e+000 
1.012452788e+000 1.739286894e+000 
1.017066458e+000 1.749541877e+000 
1.007220952e+000 1.720802898e+000 
1.008697745e+000 1.726853347e+000 
1.036221497e+000 1.789574718e+000 
1.119038014e+000 1.898309457e+000 
1.014075320e+000 1.744098656e+000 
1.012993255e+000 1.740793647e+000 
1.029522326e+000 1.777351788e+000 
1.011688220e+000 1.736887303e+000 
1.051730063e+000 1.815603246e+000 
1.024780640e+000 1.767245136e+000 
1.030051561e+000 1.777790103e+000 
1.027699413e+000 1.773680799e+000 
1.034158409e+000 1.785481340e+000 
1.026650092e+000 1.771219860e+000 
1.028464899e+000 1.774860283e+000 
1.030270698e+000 1.777938337e+000 
1.026197203e+000 1.770593351e+000 
1.142816252e+000 1.916469817e+000 
1.032335495e+000 1.781810351e+000 
1.015595341e+000 1.746480991e+000 
1.036032874e+000 1.788922146e+000 
1.154282060e+000 1.925114047e+000 
1.021040232e+000 1.759265487e+000 
1.127532130e+000 1.905708840e+000 
1.028160741e+000 1.774657765e+000 
1.058689498e+000 1.825540452e+000 
1.031754922e+000 1.781120220e+000 
1.037538122e+000 1.791642277e+000 
1.085721860e+000 1.863641336e+000 
1.031442658e+000 1.780887135e+000 
1.006323917e+000 1.717430797e+000 
1.111978274e+000 1.891170811e+000 
1.019313403e+000 1.754376715e+000 
1.126370682e+000 1.905544674e+000 
1.085495675e+000 1.863387455e+000 
1.006844821e+000 1.719979872e+000 
1.152494519e+000 1.923391880e+000 
1.100345818e+000 1.880138882e+000 
1.147471548e+000 1.920175875e+000 
1.010131165e+000 1.732283837e+000 
1.011946543e+000 1.738645218e+000 
1.005355629e+000 1.712730161e+000 
1.009310552e+000 1.729514135e+000 
1.039327578e+000 1.794633750e+000 
1.006019185e+000 1.715842297e+000 
1.071339560e+000 1.844248808e+000 
1.042225938e+000 1.798677201e+000 
1.068214591e+000 1.840221229e+000 
1.007495174e+000 1.723152753e+000 
1.059075846e+000 1.826237179e+000 
1.005561561e+000 1.714633561e+000 
1.017772213e+000 1.751684644e+000 
1.005045667e+000 1.711887850e+000 
1.025497194e+000 1.769111330e+000 
1.101199024e+000 1.881020445e+000 
1.010648177e+000 1.733225376e+000 
1.004653745e+000 1.709174518e+000 
1.096814926e+000 1.875499463e+000 
1.054175326e+000 1.818732202e+000 
1.074218898e+000 1.848621073e+000 
1.101894203e+000 1.881202285e+000 
1.043739074e+000 1.801088693e+000 
1.057031181e+000 1.823550336e+000 
1.020744797e+000 1.758829667e+000 
1.018625022e+000 1.754143631e+000 
1.006723494e+000 1.719325607e+000 
1.006202589e+000 1.716776532e+000 
1.060784254e+000 1.828834580e+000 
1.128591701e+000 1.905861853e+000 
1.050543104e+000 1.813472541e+000 
1.060471989e+000 1.828601495e+000 
1.105727418e+000 1.885661712e+000 
1.016692207e+000 1.748757395e+000 
1.048652076e+000 1.809947062e+000 
1.073940708e+000 1.847451195e+000 
1.052176821e+000 1.816041383e+000 
1.026573319e+000 1.770826542e+000 
1.022280975e+000 1.761947328e+000 
1.064439894e+000 1.834087246e+000 
1.069094950e+000 1.840826479e+000 
1.025873311e+000 1.769344521e+000 
1.052436659e+000 1.816101339e+000 
1.062189947e+000 1.830934459e+000 
1.004137852e+000 1.706428807e+000 
1.018371021e+000 1.752926496e+000 
1.057668731e+000 1.824450156e+000 
1.104922480e+000 1.885477217e+000 
1.100813516e+000 1.880344970e+000 
1.003778882e+000 1.704545564e+000 
1.071027295e+000 1.844015724e+000 
1.020030146e+000 1.757626306e+000 
1.046867038e+000 1.806671245e+000 
1.017214150e+000 1.749809977e+000 
1.016167438e+000 1.747661548e+000 
1.020936390e+000 1.759158890e+000 
1.059552735e+000 1.827080355e+000 
1.052028116e+000 1.815954106e+000 
1.042825038e+000 1.800305176e+000 
1.109085750e+000 1.889052704e+000 
1.148671999e+000 1.921361428e+000 
1.008206168e+000 1.724666785e+000 
1.008012187e+000 1.724094292e+000 
1.050981753e+000 1.814473919e+000 
1.043672090e+000 1.800743491e+000 
1.048348111e+000 1.809596202e+000 
1.100675679e+000 1.880244248e+000 
1.099961341e+000 1.880024487e+000 
1.021571336e+000 1.760551569e+000 
1.114916481e+000 1.895213138e+000 
1.030481859e+000 1.778161536e+000 
1.044863276e+000 1.803001757e+000 
1.037303706e+000 1.790845068e+000 
1.166617609e+000 1.930299567e+000 
1.077245419e+000 1.852125030e+000 
1.042948349e+000 1.800656036e+000 
1.051647651e+000 1.815375722e+000 
1.070347187e+000 1.842665195e+000 
1.054863173e+000 1.820362325e+000 
1.053361536e+000 1.818379543e+000 
1.041714859e+000 1.798488389e+000 
1.051335386e+000 1.815142637e+000 
1.050230840e+000 1.813239456e+000 
1.089038167e+000 1.867428997e+000 
1.046136250e+000 1.805262507e+000 
1.053243047e+000 1.817825636e+000 
1.047262343e+000 1.808116764e+000 
1.052267665e+000 1.816049204e+000 
1.004256290e+000 1.706924532e+000 
1.076756134e+000 1.851791845e+000 
1.081831755e+000 1.858686047e+000 
1.022938337e+000 1.763177143e+000 
1.053673801e+000 1.818612628e+000 
1.092448265e+000 1.870964618e+000 
1.088905773e+000 1.866923076e+000 
1.004404317e+000 1.707798260e+000 
1.084075955e+000 1.861721371e+000 
1.076577528e+000 1.851298856e+000 
1.099117253e+000 1.878686686e+000 
1.096677089e+000 1.875398740e+000 
1.070780050e+000 1.843153053e+000 
1.003899235e+000 1.705121625e+000 
1.097100373e+000 1.875971995e+000 
1.080249591e+000 1.856250927e+000 
1.105589581e+000 1.885560989e+000 
1.092806044e+000 1.871289442e+000 
1.093388712e+000 1.872134688e+000 
1.090422008e+000 1.867907761e+000 
1.110135581e+000 1.890154968e+000 
1.135445416e+000 1.911599612e+000 
1.136413664e+000 1.912876968e+000 
1.078090211e+000 1.852597752e+000 
1.130940920e+000 1.908427088e+000 
1.129507908e+000 1.907483290e+000 
1.137647235e+000 1.914071066e+000 
1.072556477e+000 1.845962129e+000 
1.067607647e+000 1.838735959e+000 
1.130910008e+000 1.908374997e+000 
1.064242346e+000 1.833425050e+000 
1.133129835e+000 1.909996073e+000 
1.079237630e+000 1.855475811e+000 
1.133912561e+000 1.910855080e+000 
1.117726578e+000 1.897712229e+000 
1.065698478e+000 1.835665368e+000 
1.124381340e+000 1.902707806e+000 
1.120549271e+000 1.900365513e+000 
1.112044974e+000 1.891570105e+000 
1.116958876e+000 1.896886846e+000 
1.069939278e+000 1.842010914e+000 
1.096696735e+000 1.875430704e+000 
1.103509746e+000 1.883451103e+000 
1.099526421e+000 1.879195653e+000 
1.054558144e+000 1.819697534e+000 
1.112248676e+000 1.891844904e+000 
1.103739781e+000 1.883725902e+000 
1.112560941e+000 1.892077988e+000 
1.000608525e+000 1.045441679e+000 
1.000697345e+000 1.045619696e+000 
1.000561492e+000 1.045277822e+000 
1.000684286e+000 1.045574633e+000 
1.000595466e+000 1.045396617e+000 
1.001960765e+000 1.258638974e+000 
1.000426458e+000 1.012067927e+000 
1.000148028e+000 1.011849887e+000 
1.000105137e+000 1.011838881e+000 
1.000397374e+000 1.012067808e+000 
1.000259102e+000 1.012056475e+000 
1.000470013e+000 1.012147578e+000 
1.001924027e+000 1.165908657e+000 
1.000546787e+000 1.023038779e+000 
1.000474134e+000 1.022589601e+000 
1.000533239e+000 1.022713696e+000 
1.000000001e+000 1.001311164e+000 
1.003621536e+000 1.616911263e+000 
1.002713721e+000 1.612464010e+000 
1.002980186e+000 1.613568377e+000 
1.002312050e+000 1.609077467e+000 
1.002578515e+000 1.610181834e+000 
1.003576920e+000 1.614721933e+000 
1.001718655e+000 1.105349594e+000 
1.000939398e+000 1.102984545e+000 
1.001012051e+000 1.103331838e+000 
1.000782216e+000 1.101374033e+000 
1.001221278e+000 1.103538095e+000 
1.001290108e+000 1.103639006e+000 
1.001409761e+000 1.104721565e+000 
1.001482414e+000 1.105072875e+000 
1.001597574e+000 1.105093126e+000 
1.001698509e+000 1.105288191e+000 
1.001603129e+000 1.105256390e+000 
1.000033643e+000 1.009519845e+000 
1.000042706e+000 1.009559479e+000 
1.000065619e+000 1.011639376e+000 
1.000042874e+000 1.011639290e+000 
1.262938324e+000 1.974370101e+000 
1.379621014e+000 1.997162562e+000 
1.418511847e+000 1.998807053e+000 
1.365691731e+000 1.996480888e+000 
1.482658446e+000 1.999927286e+000 
1.256030371e+000 1.971831252e+000 
1.270543458e+000 1.975764156e+000 
1.473524647e+000 1.999909996e+000 
1.281881415e+000 1.978687624e+000 
1.370112493e+000 1.996900305e+000 
1.249084524e+000 1.969479972e+000 
1.235982913e+000 1.963989191e+000 
1.306644548e+000 1.984889833e+000 
1.264210619e+000 1.974823664e+000 
1.260499927e+000 1.974307679e+000 
1.367668900e+000 1.996557479e+000 
1.134681010e+000 1.911113366e+000 
1.483776272e+000 2.000000000e+000 
1.358528535e+000 1.994825871e+000 
1.229433045e+000 1.963268544e+000 
1.227369151e+000 1.962879329e+000 
1.244719153e+000 1.968638531e+000 
1.239017792e+000 1.966883207e+000 
1.271734300e+000 1.977185912e+000 
1.209905765e+000 1.954840854e+000 
1.175252034e+000 1.937034397e+000 
1.161981998e+000 1.929608785e+000 
1.212454691e+000 1.956726056e+000 
1.164310502e+000 1.930200816e+000 
1.237864046e+000 1.966679631e+000 
1.207204948e+000 1.954566050e+000 
1.253932974e+000 1.971741144e+000 
1.203236781e+000 1.952039258e+000 
1.252153528e+000 1.971405638e+000 
1.166738787e+000 1.931803255e+000 
1.204577871e+000 1.953007613e+000 
1.242322298e+000 1.968310005e+000 
1.230469682e+000 1.963667430e+000 
1.237072555e+000 1.966149999e+000 
1.236934666e+000 1.965941166e+000 
1.227101861e+000 1.962611636e+000 
1.216226006e+000 1.957726988e+000 
1.221475750e+000 1.959886994e+000 
1.215412895e+000 1.957289106e+000 
1.226014343e+000 1.961689262e+000 
1.222218833e+000 1.960724362e+000 
1.202874954e+000 1.951333205e+000 
1.227468576e+000 1.962884368e+000 
1.251420624e+000 1.970542395e+000 
1.256670368e+000 1.972702401e+000 
1.271733251e+000 1.976192403e+000 
1.280775553e+000 1.978247398e+000 
1.270386722e+000 1.975553950e+000 
1.305496730e+000 1.984793116e+000 
1.199393541e+000 1.950689381e+000 
1.309205638e+000 1.985036570e+000 
1.199789628e+000 1.950691147e+000 
1.122473470e+000 1.900806304e+000 
1.122091734e+000 1.900621084e+000 
1.456169143e+000 1.999280276e+000 
1.472347866e+000 1.999727449e+000 
1.442672658e+000 1.999222981e+000 
1.199661119e+000 1.950690653e+000 
1.211261125e+000 1.956247962e+000 
1.194349418e+000 1.948199663e+000 
1.156763930e+000 1.925305181e+000 
1.201012776e+000 1.951167516e+000 
1.301568707e+000 1.984134071e+000 
1.461752725e+000 1.999391125e+000 
1.156075907e+000 1.925292493e+000 
1.206527513e+000 1.953859695e+000 
1.446760012e+000 1.999262377e+000 
1.163455029e+000 1.929825881e+000 
1.430933928e+000 1.999133603e+000 
1.271414841e+000 1.976076077e+000 
1.158197182e+000 1.927883446e+000 
1.256594403e+000 1.972215190e+000 
1.158210823e+000 1.927884996e+000 
1.153210254e+000 1.924269012e+000 
1.171312968e+000 1.935955445e+000 
1.145186033e+000 1.918696609e+000 
1.156770626e+000 1.926765893e+000 
1.174811362e+000 1.936980395e+000 
1.172172752e+000 1.936977574e+000 
1.182117576e+000 1.942793950e+000 
1.175732234e+000 1.938166078e+000 
1.185177450e+000 1.944932416e+000 
1.180435344e+000 1.941854230e+000 
1.160100517e+000 1.928774290e+000 
1.172023244e+000 1.936354130e+000 
1.190872905e+000 1.946584997e+000 
1.210469645e+000 1.956066391e+000 
1.219460132e+000 1.959608598e+000 
1.250815142e+000 1.969969340e+000 
1.151967180e+000 1.923341518e+000 
1.424283251e+000 1.999034264e+000 
1.184724167e+000 1.943762957e+000 
1.159858554e+000 1.928219781e+000 
1.463428224e+000 1.999706751e+000 
1.169827907e+000 1.934975656e+000 
1.427999907e+000 1.999035041e+000 
1.300638602e+000 1.983436840e+000 
1.183341942e+000 1.942822366e+000 
1.298652074e+000 1.983330611e+000 
1.192634488e+000 1.947554093e+000 
1.217428092e+000 1.958470728e+000 
1.419400814e+000 1.998943561e+000 
1.195573802e+000 1.949218205e+000 
1.364479532e+000 1.995357073e+000 
1.167676784e+000 1.933004939e+000 
1.288415701e+000 1.980047909e+000 
1.285767576e+000 1.979989383e+000 
1.417904571e+000 1.998675280e+000 
1.292708729e+000 1.981904594e+000 
1.353388029e+000 1.994293206e+000 
1.348312559e+000 1.993029861e+000 
1.249839750e+000 1.969670038e+000 
1.462426311e+000 1.999704609e+000 
1.344556490e+000 1.992801132e+000 
1.354978335e+000 1.994329674e+000 
1.310897205e+000 1.986277141e+000 
1.169777848e+000 1.934975614e+000 
1.340798910e+000 1.992460518e+000 
1.339550866e+000 1.990932108e+000 
1.391695420e+000 1.998422490e+000 
1.328196824e+000 1.989649800e+000 
1.319754879e+000 1.988367217e+000 
1.330744157e+000 1.990339347e+000 
1.335407319e+000 1.990469174e+000 
1.347266923e+000 1.992933083e+000 
1.312291072e+000 1.986617829e+000 
1.357621163e+000 1.994670807e+000 
1.414680977e+000 1.998592525e+000 
1.389933166e+000 1.998190709e+000 
1.334013957e+000 1.990384959e+000 
1.328838082e+000 1.990032499e+000 
1.321619289e+000 1.988691367e+000 
1.323389373e+000 1.989166676e+000 
1.310027448e+000 1.986096192e+000 
1.352120628e+000 1.993518355e+000 
1.289486250e+000 1.980725513e+000 
1.314790923e+000 1.986912634e+000 
1.350569710e+000 1.993177222e+000 
1.317964382e+000 1.988026100e+000 
1.325461337e+000 1.989212979e+000 
1.382318388e+000 1.997538516e+000 
1.379866496e+000 1.997371225e+000 
1.179469053e+000 1.939911731e+000 
1.384042129e+000 1.997992514e+000 
1.303792525e+000 1.984451294e+000 
1.288574825e+000 1.980254752e+000 
1.281798247e+000 1.978519476e+000 
1.279335123e+000 1.978178935e+000 
1.293268444e+000 1.982349184e+000 
1.259955355e+000 1.972994584e+000 
1.276400748e+000 1.977555682e+000 
1.266942351e+000 1.975453571e+000 
1.413848923e+000 1.998520719e+000 

