1.001047696e+000 1.000575847e+000 
1.001863971e+000 1.001751076e+000 
1.002081330e+000 1.001782038e+000 
1.001777727e+000 1.001728277e+000 
1.001220463e+000 1.000660398e+000 
1.001226401e+000 1.000668934e+000 
1.001091050e+000 1.000638882e+000 
1.001260717e+000 1.000669193e+000 
1.020457170e+000 1.066303630e+000 
1.021059170e+000 1.066831252e+000 
1.020928215e+000 1.066740065e+000 
1.018823936e+000 1.064677669e+000 
1.021101277e+000 1.067037259e+000 
1.019842178e+000 1.065684042e+000 
1.000000000e+000 1.000000394e+000 
1.000063114e+000 1.000000544e+000 
1.001070050e+000 1.000591346e+000 
1.006261748e+000 1.009475383e+000 
1.005667356e+000 1.009110249e+000 
1.005989058e+000 1.009347596e+000 
1.007532017e+000 1.009920090e+000 
1.005722005e+000 1.009199625e+000 
1.007411115e+000 1.009863275e+000 
1.006199360e+000 1.009445867e+000 
1.007148490e+000 1.009759678e+000 
1.006119878e+000 1.009370399e+000 
1.005344325e+000 1.008752794e+000 
1.006925833e+000 1.009724244e+000 
1.005416678e+000 1.008872700e+000 
1.005457350e+000 1.008886389e+000 
1.001974936e+000 1.001774593e+000 
1.001479586e+000 1.001661121e+000 
1.001337737e+000 1.001603328e+000 
1.001813680e+000 1.001747354e+000 
1.001292512e+000 1.001600574e+000 
1.001344913e+000 1.001659615e+000 
1.001595210e+000 1.001689935e+000 
1.001786376e+000 1.001744042e+000 
1.001697314e+000 1.001717895e+000 
1.001661217e+000 1.001717349e+000 
1.001849777e+000 1.001747900e+000 
1.002093040e+000 1.001788816e+000 
1.001775282e+000 1.001725079e+000 
1.002089971e+000 1.001783941e+000 
1.001891648e+000 1.001755672e+000 
1.001716956e+000 1.001724534e+000 
1.000095080e+000 1.000032195e+000 
1.000609819e+000 1.000037029e+000 
1.000289289e+000 1.000035548e+000 
1.000182048e+000 1.000033896e+000 
1.000755899e+000 1.000037511e+000 
1.000256558e+000 1.000034934e+000 
1.000115036e+000 1.000032650e+000 
1.000158112e+000 1.000033729e+000 
1.000089764e+000 1.000031577e+000 
1.000517042e+000 1.000036460e+000 
1.000382066e+000 1.000036117e+000 
1.000131033e+000 1.000033278e+000 
1.000280503e+000 1.000035073e+000 
1.000251181e+000 1.000034891e+000 
1.000805924e+000 1.000037652e+000 
1.012006542e+000 1.021060314e+000 
1.010558307e+000 1.020483340e+000 
1.008910226e+000 1.019473597e+000 
1.009031026e+000 1.019587635e+000 
1.010816561e+000 1.020577910e+000 
1.010283813e+000 1.020303109e+000 
1.014703498e+000 1.022117924e+000 
1.008673392e+000 1.019292515e+000 
1.010056759e+000 1.020118766e+000 
1.017599033e+000 1.023203667e+000 
1.008484536e+000 1.019194267e+000 
1.016994381e+000 1.022926078e+000 
1.008545368e+000 1.019220997e+000 
1.010946061e+000 1.020603511e+000 
1.017990798e+000 1.023349039e+000 
1.009614718e+000 1.019879501e+000 
1.008581348e+000 1.019234126e+000 
1.014606500e+000 1.022099080e+000 
1.016269227e+000 1.022641576e+000 
1.013904502e+000 1.021843652e+000 
1.008813414e+000 1.019433738e+000 
1.007975538e+000 1.018636798e+000 
1.009971414e+000 1.020092841e+000 
1.013347665e+000 1.021615587e+000 
1.009833008e+000 1.020029689e+000 
1.008744382e+000 1.019302391e+000 
1.014445188e+000 1.022049802e+000 
1.013263473e+000 1.021585287e+000 
1.007648515e+000 1.018251055e+000 
1.017507284e+000 1.023139802e+000 
1.011353146e+000 1.020819510e+000 
1.016276883e+000 1.022683107e+000 
1.011406973e+000 1.020831260e+000 
1.012982851e+000 1.021485273e+000 
1.011167519e+000 1.020761875e+000 
1.013035992e+000 1.021496825e+000 
1.012922676e+000 1.021406632e+000 
1.016638850e+000 1.022844095e+000 
1.015737607e+000 1.022509223e+000 
1.017803345e+000 1.023270286e+000 
1.003776245e+000 1.003603300e+000 
1.002273757e+000 1.003151237e+000 
1.002172010e+000 1.003088904e+000 
1.002484760e+000 1.003231232e+000 
1.004097145e+000 1.003667069e+000 
1.002665266e+000 1.003292398e+000 
1.004036062e+000 1.003666723e+000 
1.004998602e+000 1.003795102e+000 
1.002619247e+000 1.003286982e+000 
1.003338650e+000 1.003483430e+000 
1.003694867e+000 1.003549041e+000 
1.002683428e+000 1.003294344e+000 
1.002390792e+000 1.003169892e+000 
1.002665504e+000 1.003294257e+000 
1.002122246e+000 1.003041584e+000 
1.003118183e+000 1.003420318e+000 
1.003618598e+000 1.003546368e+000 
1.004318097e+000 1.003679693e+000 
1.002705466e+000 1.003296204e+000 
1.002690626e+000 1.003295627e+000 
1.003426821e+000 1.003486016e+000 
1.002206560e+000 1.003099264e+000 
1.004464620e+000 1.003682527e+000 
1.003450151e+000 1.003487769e+000 
1.004262951e+000 1.003677726e+000 
1.004366187e+000 1.003681343e+000 
1.026660394e+000 1.099350994e+000 
1.033622724e+000 1.103994167e+000 
1.021269093e+000 1.093714523e+000 
1.027230821e+000 1.099612119e+000 
1.028003452e+000 1.100532254e+000 
1.032080027e+000 1.103168955e+000 
1.021623640e+000 1.094032121e+000 
1.028289030e+000 1.100602541e+000 
1.025529011e+000 1.098312603e+000 
1.037782830e+000 1.106451836e+000 
1.026920931e+000 1.099399456e+000 
1.037609915e+000 1.106318907e+000 
1.024356284e+000 1.097225370e+000 
1.022795504e+000 1.095835098e+000 
1.021988584e+000 1.094633659e+000 
1.022267610e+000 1.094924893e+000 
1.032356571e+000 1.103352343e+000 
1.022458545e+000 1.095182875e+000 
1.031674021e+000 1.102963431e+000 
1.030334016e+000 1.101907857e+000 
1.026097508e+000 1.098700161e+000 
1.037481441e+000 1.106258687e+000 
1.027518592e+000 1.099872967e+000 
1.037184039e+000 1.106074646e+000 
1.033669771e+000 1.104055828e+000 
1.098880394e+000 1.890358963e+000 
1.105547463e+000 1.893039934e+000 
1.128698049e+000 1.904487048e+000 
1.186532413e+000 1.924694930e+000 
1.043605446e+000 1.850179402e+000 
1.052330131e+000 1.859221381e+000 
1.055222385e+000 1.862059157e+000 
1.069032502e+000 1.872678210e+000 
1.058364573e+000 1.864554152e+000 
1.060016365e+000 1.865799247e+000 
1.067240426e+000 1.871143616e+000 
1.082673260e+000 1.881648990e+000 
1.227828732e+000 1.935407151e+000 
1.040384015e+000 1.846155808e+000 
1.060238843e+000 1.866090022e+000 
1.075933518e+000 1.877338934e+000 
1.081985665e+000 1.881144272e+000 
1.040101627e+000 1.845780239e+000 
1.116058931e+000 1.899284762e+000 
1.095461965e+000 1.888788870e+000 
1.068915187e+000 1.872395087e+000 
1.070577930e+000 1.873613134e+000 
1.154739189e+000 1.914308219e+000 
1.217294865e+000 1.932469118e+000 
1.040355091e+000 1.845900670e+000 
1.061514564e+000 1.866968310e+000 
1.129203848e+000 1.904502499e+000 
1.132198323e+000 1.906100487e+000 
1.166531194e+000 1.917880062e+000 
1.184078422e+000 1.924234645e+000 
1.084981253e+000 1.882842925e+000 
1.143283919e+000 1.910046277e+000 
1.095431351e+000 1.888580458e+000 
1.070162699e+000 1.873363696e+000 
1.133054882e+000 1.906562429e+000 
1.117397898e+000 1.899631993e+000 
1.064974387e+000 1.869466287e+000 
1.067415499e+000 1.871649661e+000 
1.145372089e+000 1.911025707e+000 
1.098909178e+000 1.890669220e+000 
1.232936367e+000 1.936296636e+000 
1.130588076e+000 1.905407061e+000 
1.207822640e+000 1.930197612e+000 
1.079560263e+000 1.879276837e+000 
1.246609490e+000 1.938713995e+000 
1.039169249e+000 1.844205338e+000 
1.155601371e+000 1.914939447e+000 
1.119614492e+000 1.900779226e+000 
1.128471605e+000 1.904440768e+000 
1.129357354e+000 1.904793294e+000 
1.081742997e+000 1.880719096e+000 
1.244737175e+000 1.938347598e+000 
1.063792331e+000 1.868651665e+000 
1.100388029e+000 1.891186576e+000 
1.063211317e+000 1.868201865e+000 
1.176564929e+000 1.921627210e+000 
1.111227941e+000 1.896668675e+000 
1.039741054e+000 1.845107830e+000 
1.156527428e+000 1.915313758e+000 
1.244192095e+000 1.938196331e+000 
1.127348946e+000 1.904022022e+000 
1.073678076e+000 1.875849830e+000 
1.074189105e+000 1.876254357e+000 
1.088535227e+000 1.884816505e+000 
1.112367077e+000 1.897230336e+000 
1.112644743e+000 1.897658859e+000 
1.040448420e+000 1.846250988e+000 
1.086042458e+000 1.883650349e+000 
1.101021097e+000 1.891685711e+000 
1.100334112e+000 1.891127852e+000 
1.107049390e+000 1.894221268e+000 
1.056267229e+000 1.862804171e+000 
1.122589276e+000 1.901937481e+000 
1.118619868e+000 1.900300162e+000 
1.135916901e+000 1.907541976e+000 
1.071088026e+000 1.873917199e+000 
1.223930062e+000 1.934164202e+000 
1.218585852e+000 1.933060412e+000 
1.217304410e+000 1.932793387e+000 
1.039395569e+000 1.844331045e+000 
1.156519571e+000 1.915153491e+000 
1.050954838e+000 1.857824315e+000 
1.048656343e+000 1.855745481e+000 
1.237180822e+000 1.936733172e+000 
1.050308383e+000 1.857303366e+000 
1.125855085e+000 1.903544292e+000 
1.131324645e+000 1.905998579e+000 
1.120907734e+000 1.901184351e+000 
1.327704709e+000 1.950783081e+000 
1.124594927e+000 1.902784823e+000 
1.126852995e+000 1.903878365e+000 
1.161209251e+000 1.916377837e+000 
1.184925133e+000 1.924592436e+000 
1.177500474e+000 1.921894826e+000 
1.156815209e+000 1.915402171e+000 
1.157413161e+000 1.915553659e+000 
1.051124652e+000 1.858166573e+000 
1.148511137e+000 1.911731729e+000 
1.046392560e+000 1.853585382e+000 
1.051436617e+000 1.858436334e+000 
1.091598646e+000 1.886829890e+000 
1.186685239e+000 1.925000028e+000 
1.228392874e+000 1.935594124e+000 
1.045176781e+000 1.851938459e+000 
1.157246143e+000 1.915412311e+000 
1.144530211e+000 1.910903986e+000 
1.100109332e+000 1.891024167e+000 
1.220926826e+000 1.933670275e+000 
1.218918264e+000 1.933285261e+000 
1.217868553e+000 1.932980142e+000 
1.174505425e+000 1.921105271e+000 
1.098696113e+000 1.890313587e+000 
1.282928893e+000 1.945231428e+000 
1.090333526e+000 1.886149084e+000 
1.050009300e+000 1.857085098e+000 
1.046065467e+000 1.853171230e+000 
1.049361000e+000 1.856502240e+000 
1.057319409e+000 1.863436147e+000 
1.151334676e+000 1.913033691e+000 
1.062080766e+000 1.867104529e+000 
1.044769386e+000 1.851793210e+000 
1.046235422e+000 1.853451089e+000 
1.218993673e+000 1.933289409e+000 
1.130358005e+000 1.905027404e+000 
1.138620459e+000 1.908509549e+000 
1.103895983e+000 1.893025183e+000 
1.081074166e+000 1.880184822e+000 
1.100645193e+000 1.891353685e+000 
1.093912822e+000 1.888149062e+000 
1.089757434e+000 1.885795841e+000 
1.051409851e+000 1.858322507e+000 
1.149750550e+000 1.912410721e+000 
1.187126478e+000 1.925081756e+000 
1.083546905e+000 1.881934649e+000 
1.056240030e+000 1.862503257e+000 
1.108859579e+000 1.895475634e+000 
1.094453741e+000 1.888167595e+000 
1.100945835e+000 1.891392363e+000 
1.277314862e+000 1.943323640e+000 
1.099292264e+000 1.891006655e+000 
1.066993654e+000 1.870988971e+000 
1.117869366e+000 1.899917418e+000 
1.051889780e+000 1.858731861e+000 
1.252659004e+000 1.939743447e+000 
1.096014773e+000 1.888945784e+000 
1.130162939e+000 1.904933482e+000 
1.186879363e+000 1.925045020e+000 
1.267084583e+000 1.941617544e+000 
1.263963759e+000 1.941332036e+000 
1.205999813e+000 1.929865277e+000 
1.187668232e+000 1.925289546e+000 
1.247301541e+000 1.938925551e+000 
1.311254872e+000 1.947996211e+000 
1.044721443e+000 1.851415690e+000 
1.281481843e+000 1.944948873e+000 
1.272466677e+000 1.942350702e+000 
1.181438203e+000 1.922935116e+000 
1.280062119e+000 1.944600960e+000 
1.215201726e+000 1.932388138e+000 
1.212885315e+000 1.931950263e+000 
1.214963884e+000 1.932233991e+000 
1.324890538e+000 1.950664718e+000 
1.328143008e+000 1.951025164e+000 
1.226341900e+000 1.934671576e+000 
1.169470204e+000 1.918844202e+000 
1.192004548e+000 1.926399618e+000 
1.191008668e+000 1.925895651e+000 
1.163957974e+000 1.917031590e+000 
1.210163201e+000 1.931237658e+000 
1.323920858e+000 1.949870271e+000 
1.189794011e+000 1.925812130e+000 
1.175423669e+000 1.921483703e+000 
1.173759423e+000 1.921005348e+000 
1.165069688e+000 1.917034213e+000 
1.309109519e+000 1.947853098e+000 
1.189183150e+000 1.925787884e+000 
1.140711256e+000 1.909181782e+000 
1.194629562e+000 1.927317182e+000 
1.191166075e+000 1.926004062e+000 
1.178536965e+000 1.922471478e+000 
1.279896886e+000 1.944422840e+000 
1.312211448e+000 1.948470310e+000 
1.282119522e+000 1.945080771e+000 
1.302251109e+000 1.947382751e+000 
1.168294984e+000 1.918246593e+000 
1.263665585e+000 1.941320141e+000 
1.392051189e+000 1.969336795e+000 
1.855986015e+000 2.000000000e+000 
1.849130018e+000 1.999917756e+000 
1.351722596e+000 1.958925147e+000 
1.352008791e+000 1.959198005e+000 
1.356011025e+000 1.959569168e+000 
1.351418566e+000 1.958694384e+000 
1.350678540e+000 1.958554897e+000 
1.443367031e+000 1.977471807e+000 
1.461320733e+000 1.979889486e+000 
1.459388608e+000 1.979715139e+000 
1.444350813e+000 1.977848839e+000 
1.357608143e+000 1.960566368e+000 
1.853288290e+000 1.999996470e+000 
1.373423947e+000 1.965050854e+000 
1.441908979e+000 1.977231457e+000 
1.440355270e+000 1.977141611e+000 
1.429616220e+000 1.975354102e+000 
1.358047549e+000 1.961018417e+000 
1.357514186e+000 1.960201114e+000 
1.356283656e+000 1.959676258e+000 
1.354468425e+000 1.959522840e+000 
1.372857867e+000 1.964536259e+000 
1.358155058e+000 1.961131445e+000 
1.430952653e+000 1.975790672e+000 
1.354170093e+000 1.959520511e+000 
1.369883847e+000 1.964099184e+000 
1.361593633e+000 1.961554934e+000 
1.370377234e+000 1.964456494e+000 
1.427455243e+000 1.975207828e+000 
1.426872829e+000 1.975042894e+000 
1.394347825e+000 1.969932606e+000 
1.377097354e+000 1.966807409e+000 
1.374505468e+000 1.965989844e+000 
1.382791030e+000 1.967397387e+000 
1.393558215e+000 1.969821574e+000 
1.373186651e+000 1.964884777e+000 
1.337787569e+000 1.954598297e+000 
1.451539985e+000 1.978672818e+000 
1.383205363e+000 1.967835262e+000 
1.375364105e+000 1.966411163e+000 
1.392301914e+000 1.969642202e+000 
1.392762468e+000 1.969712421e+000 
1.387603472e+000 1.968991711e+000 
1.387562630e+000 1.968536222e+000 
1.385303260e+000 1.968253326e+000 
1.337828485e+000 1.954682453e+000 
1.380486796e+000 1.966849242e+000 
1.391550441e+000 1.969065513e+000 
1.362058769e+000 1.961759100e+000 
1.338369726e+000 1.955000254e+000 
1.436721209e+000 1.976480185e+000 
1.386121913e+000 1.968298653e+000 
1.362503203e+000 1.961827514e+000 
1.332597860e+000 1.953990818e+000 
1.364989712e+000 1.963037751e+000 
1.356315436e+000 1.959718294e+000 
1.366881176e+000 1.963610826e+000 
1.363100568e+000 1.962305349e+000 
1.381500739e+000 1.967280508e+000 
1.364290079e+000 1.962801217e+000 
1.404842206e+000 1.971181829e+000 
1.817883887e+000 1.999101621e+000 
1.364987972e+000 1.962825568e+000 
1.341226050e+000 1.955974699e+000 
1.339861413e+000 1.955325705e+000 
1.340803793e+000 1.955929695e+000 
1.340247903e+000 1.955714173e+000 
1.343071510e+000 1.956485298e+000 
1.330726730e+000 1.951705486e+000 
1.502383335e+000 1.985088526e+000 
1.845902578e+000 1.999853265e+000 
1.498737577e+000 1.984612925e+000 
1.501401485e+000 1.984907091e+000 
1.481524501e+000 1.982666622e+000 
1.479144842e+000 1.982625196e+000 
1.463535852e+000 1.980386190e+000 
1.356455404e+000 1.959859513e+000 
1.471401649e+000 1.981425280e+000 
1.453527418e+000 1.979125267e+000 
1.481942407e+000 1.982671038e+000 
1.345225754e+000 1.956917057e+000 
1.346510675e+000 1.957715230e+000 
1.347180507e+000 1.957742415e+000 
1.782220729e+000 1.998852378e+000 
1.341675610e+000 1.956389477e+000 
1.348856338e+000 1.958021752e+000 
1.464812083e+000 1.980535032e+000 
1.343112702e+000 1.956740913e+000 
1.783188688e+000 1.998867181e+000 
1.321358901e+000 1.949084356e+000 
1.336447337e+000 1.954492009e+000 
1.335847763e+000 1.954138557e+000 
1.820667081e+000 1.999226026e+000 
1.319990880e+000 1.948799915e+000 
1.323025447e+000 1.949342409e+000 
1.537723849e+000 1.988687293e+000 
1.327246642e+000 1.950679006e+000 
1.823115292e+000 1.999260613e+000 
1.819353564e+000 1.999219604e+000 
1.840129355e+000 1.999778143e+000 
1.452800369e+000 1.978787096e+000 
1.588185474e+000 1.992197385e+000 
1.584403809e+000 1.992008302e+000 
1.476084943e+000 1.982267393e+000 
1.779919596e+000 1.998710854e+000 
1.485706554e+000 1.983362004e+000 
1.837149668e+000 1.999638784e+000 
1.330012456e+000 1.951269448e+000 
1.812582898e+000 1.999007682e+000 
1.522313011e+000 1.987319315e+000 
1.459556466e+000 1.979765822e+000 
1.496576755e+000 1.984526561e+000 
1.492643315e+000 1.984373961e+000 
1.453514746e+000 1.978938994e+000 
1.471125830e+000 1.981421225e+000 
1.466162359e+000 1.981058603e+000 
1.509235618e+000 1.986275391e+000 
1.502448728e+000 1.985212669e+000 
1.836727947e+000 1.999471736e+000 
1.502627080e+000 1.985464154e+000 
1.504499586e+000 1.985563179e+000 
1.499120828e+000 1.984835104e+000 
1.502757263e+000 1.985523976e+000 
1.487038221e+000 1.983473823e+000 
1.488959919e+000 1.983781253e+000 
1.836934228e+000 1.999543889e+000 
1.453130167e+000 1.978874673e+000 
1.487513022e+000 1.983630874e+000 
1.434998719e+000 1.975844314e+000 
1.833967570e+000 1.999471132e+000 
1.428874904e+000 1.975230137e+000 
1.410722286e+000 1.972775897e+000 
1.413486747e+000 1.973174069e+000 
1.594089524e+000 1.992761461e+000 
1.409578124e+000 1.972001947e+000 
1.492280207e+000 1.984057358e+000 
1.817118033e+000 1.999009525e+000 
1.708709200e+000 1.997656161e+000 
1.823836974e+000 1.999356366e+000 
1.611243833e+000 1.993860588e+000 
1.605464161e+000 1.993402113e+000 
1.607168654e+000 1.993535626e+000 
1.620111026e+000 1.994104544e+000 
1.639798482e+000 1.995034101e+000 
1.629530134e+000 1.994656727e+000 
1.625778195e+000 1.994499647e+000 
1.631696520e+000 1.994689277e+000 
1.623326653e+000 1.994304407e+000 
1.623647082e+000 1.994459887e+000 
1.615523437e+000 1.994042246e+000 
1.620188618e+000 1.994232035e+000 
1.408246622e+000 1.971960005e+000 
1.429803262e+000 1.975518578e+000 
1.616343892e+000 1.994099271e+000 
1.498893020e+000 1.984772383e+000 
1.701675806e+000 1.997280497e+000 
1.479056590e+000 1.982573149e+000 
1.398270086e+000 1.970305964e+000 
1.419798611e+000 1.973779705e+000 
1.400215282e+000 1.970583789e+000 
1.418094680e+000 1.973611016e+000 
1.405929735e+000 1.971408050e+000 
1.415916932e+000 1.973472452e+000 
1.417809286e+000 1.973596424e+000 
1.401160316e+000 1.970737599e+000 
1.698663383e+000 1.997232641e+000 
1.483193389e+000 1.983108232e+000 
1.701294561e+000 1.997276619e+000 
1.409962908e+000 1.972322865e+000 
1.704526165e+000 1.997335095e+000 
1.450463430e+000 1.978374536e+000 
1.678004219e+000 1.996493714e+000 
1.477809415e+000 1.982336990e+000 
1.703585304e+000 1.997332294e+000 
1.407495929e+000 1.971792466e+000 
1.678360802e+000 1.996655617e+000 
1.471721776e+000 1.981511091e+000 
1.470584270e+000 1.981386452e+000 
1.686938491e+000 1.996744633e+000 
1.690077766e+000 1.997037970e+000 
1.790019866e+000 1.998898944e+000 
1.794903760e+000 1.998980624e+000 
1.769566601e+000 1.998568067e+000 
1.791171892e+000 1.998931061e+000 
1.793445582e+000 1.998952481e+000 
1.421761138e+000 1.974295183e+000 
1.424939646e+000 1.974670578e+000 
1.598677680e+000 1.992927204e+000 
1.598992253e+000 1.992995277e+000 
1.595288296e+000 1.992825456e+000 
1.592449123e+000 1.992702319e+000 
1.745088241e+000 1.998147276e+000 
1.743392488e+000 1.998040960e+000 
1.653962286e+000 1.995705012e+000 
1.665669822e+000 1.996145303e+000 
1.582031462e+000 1.991880109e+000 
1.581314450e+000 1.991816870e+000 
1.667426682e+000 1.996201510e+000 
1.664919428e+000 1.996068620e+000 
1.660965869e+000 1.995860828e+000 
1.663022314e+000 1.996066697e+000 
1.462315536e+000 1.980344600e+000 
1.581230304e+000 1.991673456e+000 
1.753087497e+000 1.998308710e+000 
1.642346425e+000 1.995125275e+000 
1.628878533e+000 1.994593495e+000 
1.614367392e+000 1.994004331e+000 
1.513950633e+000 1.986792642e+000 
1.511533491e+000 1.986412625e+000 
1.514840359e+000 1.986988083e+000 
1.516306868e+000 1.987011327e+000 
1.517950009e+000 1.987085742e+000 
1.511550959e+000 1.986418005e+000 
1.526104832e+000 1.987832676e+000 
1.523136285e+000 1.987594482e+000 
1.775510515e+000 1.998675809e+000 
1.528594007e+000 1.988139679e+000 
1.532220698e+000 1.988517167e+000 
1.528520269e+000 1.988131284e+000 
1.566641474e+000 1.990928010e+000 
1.577823273e+000 1.991632973e+000 
1.545853566e+000 1.989565874e+000 
1.575006264e+000 1.991381666e+000 
1.576337316e+000 1.991537237e+000 
1.539391908e+000 1.988982462e+000 
1.540259386e+000 1.989055684e+000 
1.568509685e+000 1.991021428e+000 
1.540405821e+000 1.989224351e+000 
1.558160702e+000 1.990317505e+000 
1.556404020e+000 1.990201451e+000 
1.557190450e+000 1.990267507e+000 
1.557079429e+000 1.990239252e+000 
1.553723249e+000 1.989989061e+000 
1.534510604e+000 1.988609221e+000 
1.673221042e+000 1.996328252e+000 
1.670761842e+000 1.996321521e+000 
1.661746910e+000 1.995861393e+000 
1.550644626e+000 1.989805965e+000 
1.772976482e+000 1.998605162e+000 
1.770032882e+000 1.998582779e+000 
1.766302819e+000 1.998542780e+000 
1.764360442e+000 1.998524377e+000 
1.734178173e+000 1.998009161e+000 
1.762703266e+000 1.998367761e+000 
1.752442061e+000 1.998265945e+000 
1.750199883e+000 1.998185100e+000 
1.749457344e+000 1.998183333e+000 
1.750405767e+000 1.998234551e+000 
1.725024623e+000 1.997882392e+000 

