1.000356047e+000 1.000597441e+000 
1.000347373e+000 1.000597397e+000 
1.002033882e+000 1.014275346e+000 
1.002311734e+000 1.015095007e+000 
1.003044354e+000 1.015506608e+000 
1.002140452e+000 1.014805705e+000 
1.002607378e+000 1.015367023e+000 
1.002051038e+000 1.014763770e+000 
1.003149420e+000 1.015508791e+000 
1.002186004e+000 1.014815476e+000 
1.002853921e+000 1.015461087e+000 
1.002958987e+000 1.015463270e+000 
1.002232584e+000 1.015079674e+000 
1.003719315e+000 1.021200976e+000 
1.003531315e+000 1.020800358e+000 
1.004368656e+000 1.021572716e+000 
1.004719294e+000 1.022023350e+000 
1.003155345e+000 1.020149970e+000 
1.004041342e+000 1.021340441e+000 
1.004371465e+000 1.021580198e+000 
1.008351744e+000 1.070454949e+000 
1.009898507e+000 1.072340986e+000 
1.007082225e+000 1.069124305e+000 
1.010957412e+000 1.074177301e+000 
1.006392995e+000 1.067927357e+000 
1.011456656e+000 1.074601940e+000 
1.009508313e+000 1.072321280e+000 
1.007808448e+000 1.070123740e+000 
1.007481083e+000 1.069245862e+000 
1.006517662e+000 1.068126470e+000 
1.007074715e+000 1.069027005e+000 
1.012156827e+000 1.075632245e+000 
1.013062843e+000 1.076583385e+000 
1.013843706e+000 1.077706884e+000 
1.012065096e+000 1.075607061e+000 
1.014919687e+000 1.078488241e+000 
1.011626230e+000 1.075182170e+000 
1.014273229e+000 1.078049084e+000 
1.014682963e+000 1.078334297e+000 
1.011094393e+000 1.074379844e+000 
1.011302345e+000 1.074589113e+000 
1.012730056e+000 1.076309143e+000 
1.008839936e+000 1.071849151e+000 
1.008388801e+000 1.071030170e+000 
1.013777330e+000 1.077508450e+000 
1.008550453e+000 1.071049224e+000 
1.008960668e+000 1.071859517e+000 
1.017094155e+000 1.196429677e+000 
1.015556239e+000 1.191619834e+000 
1.016322785e+000 1.193966419e+000 
1.015299992e+000 1.190129311e+000 
1.015389792e+000 1.191395926e+000 
1.015820323e+000 1.191768142e+000 
1.015333781e+000 1.191115445e+000 
1.001087567e+000 1.002848488e+000 
1.001277150e+000 1.002895813e+000 
1.001069441e+000 1.002848481e+000 
1.000928797e+000 1.002839432e+000 
1.001534008e+000 1.002906437e+000 
1.001203425e+000 1.002894560e+000 
1.001339182e+000 1.002901267e+000 
1.001529818e+000 1.002904438e+000 
1.001458428e+000 1.002904261e+000 
1.001053071e+000 1.002844688e+000 
1.001384702e+000 1.002903009e+000 
1.001018628e+000 1.002844434e+000 
1.001753161e+000 1.002958266e+000 
1.000812308e+000 1.002786810e+000 
1.000816839e+000 1.002792158e+000 
1.000808224e+000 1.002749207e+000 
1.001119218e+000 1.002887018e+000 
1.001110911e+000 1.002848729e+000 
1.000867653e+000 1.002796206e+000 
1.001153714e+000 1.002890818e+000 
1.001057754e+000 1.002847057e+000 
1.001270074e+000 1.002895660e+000 
1.000979610e+000 1.002843480e+000 
1.000956329e+000 1.002839511e+000 
1.001334992e+000 1.002899267e+000 
1.000844372e+000 1.002792236e+000 
1.001547047e+000 1.002946475e+000 
1.001651983e+000 1.002950610e+000 
1.001614574e+000 1.002950259e+000 
1.001660095e+000 1.002952001e+000 
1.001034945e+000 1.002844681e+000 
1.040420971e+000 1.781011807e+000 
1.191924709e+000 1.920082445e+000 
1.034822142e+000 1.766648714e+000 
1.049112043e+000 1.799366410e+000 
1.060324641e+000 1.821578954e+000 
1.042148760e+000 1.785767445e+000 
1.061775977e+000 1.824268211e+000 
1.149549543e+000 1.905128400e+000 
1.024319564e+000 1.731396073e+000 
1.026009965e+000 1.738414087e+000 
1.028253890e+000 1.744892873e+000 
1.044562235e+000 1.790016994e+000 
1.049654208e+000 1.799594639e+000 
1.048655621e+000 1.797342666e+000 
1.066143487e+000 1.829998693e+000 
1.073082580e+000 1.841500155e+000 
1.189012579e+000 1.918162756e+000 
1.022360256e+000 1.721869605e+000 
1.065933030e+000 1.829564737e+000 
1.034425672e+000 1.765798821e+000 
1.106262582e+000 1.876049710e+000 
1.042504532e+000 1.786285521e+000 
1.067352530e+000 1.832623821e+000 
1.099215171e+000 1.870511503e+000 
1.104683090e+000 1.874428681e+000 
1.067012208e+000 1.831799090e+000 
1.071563710e+000 1.836803747e+000 
1.194304765e+000 1.921379810e+000 
1.026301797e+000 1.738592644e+000 
1.191000753e+000 1.919990965e+000 
1.127429739e+000 1.894525198e+000 
1.027285128e+000 1.742335265e+000 
1.190575555e+000 1.919198176e+000 
1.029132310e+000 1.749024385e+000 
1.038381038e+000 1.775829693e+000 
1.177563597e+000 1.915181879e+000 
1.135938308e+000 1.899100555e+000 
1.064806264e+000 1.828186482e+000 
1.046723504e+000 1.794614765e+000 
1.122586107e+000 1.890586265e+000 
1.107815719e+000 1.877161247e+000 
1.161705998e+000 1.908664436e+000 
1.059756887e+000 1.820181853e+000 
1.054414912e+000 1.810282214e+000 
1.043668705e+000 1.789000593e+000 
1.055391384e+000 1.811842639e+000 
1.157187382e+000 1.906824431e+000 
1.115219013e+000 1.883113545e+000 
1.104815089e+000 1.874443100e+000 
1.051428691e+000 1.803734636e+000 
1.049801181e+000 1.800567140e+000 
1.030876165e+000 1.754970874e+000 
1.022650205e+000 1.723005064e+000 
1.057437600e+000 1.815196303e+000 
1.025741475e+000 1.736355319e+000 
1.101051891e+000 1.872844085e+000 
1.046545988e+000 1.794134017e+000 
1.127640105e+000 1.894884495e+000 
1.137216672e+000 1.899582129e+000 
1.043506187e+000 1.788375966e+000 
1.050581241e+000 1.802248766e+000 
1.139568493e+000 1.901210492e+000 
1.141467862e+000 1.901385685e+000 
1.129615502e+000 1.896072497e+000 
1.138191993e+000 1.900161209e+000 
1.149138045e+000 1.903997468e+000 
1.173415287e+000 1.913667237e+000 
1.041685572e+000 1.784146202e+000 
1.119270213e+000 1.887753478e+000 
1.081999734e+000 1.853899081e+000 
1.023497764e+000 1.726932660e+000 
1.054632849e+000 1.810348897e+000 
1.027543831e+000 1.742843800e+000 
1.026871612e+000 1.741540100e+000 
1.032305729e+000 1.759857649e+000 
1.025470035e+000 1.735537258e+000 
1.118271882e+000 1.886626287e+000 
1.031623896e+000 1.757369577e+000 
1.079596839e+000 1.850565740e+000 
1.026698284e+000 1.740081748e+000 
1.049998796e+000 1.800906419e+000 
1.033853367e+000 1.764202768e+000 
1.033394415e+000 1.762217261e+000 
1.023507014e+000 1.728013028e+000 
1.038485332e+000 1.776155304e+000 
1.044161837e+000 1.789865880e+000 
1.178754241e+000 1.915750447e+000 
1.025718711e+000 1.736033480e+000 
1.031215107e+000 1.756143100e+000 
1.035862537e+000 1.768794451e+000 
1.029498190e+000 1.750067768e+000 
1.031262299e+000 1.756241932e+000 
1.036888852e+000 1.772029485e+000 
1.094159012e+000 1.865901396e+000 
1.024010526e+000 1.729561624e+000 
1.095723683e+000 1.867737642e+000 
1.050339281e+000 1.801584698e+000 
1.029948969e+000 1.751742848e+000 
1.059254754e+000 1.819106197e+000 
1.087010746e+000 1.859130449e+000 
1.050699599e+000 1.802281743e+000 
1.050750586e+000 1.802394178e+000 
1.023667735e+000 1.729127878e+000 
1.091393866e+000 1.863099565e+000 
1.190496077e+000 1.918993797e+000 
1.070144482e+000 1.836567563e+000 
1.060782038e+000 1.821812232e+000 
1.100208209e+000 1.872081692e+000 
1.097082671e+000 1.869087386e+000 
1.064039323e+000 1.827432914e+000 
1.079920375e+000 1.851027333e+000 
1.069113851e+000 1.834853646e+000 
1.036761451e+000 1.771230777e+000 
1.095167888e+000 1.867245529e+000 
1.142578471e+000 1.901916001e+000 
1.072855881e+000 1.841015201e+000 
1.129404037e+000 1.895636994e+000 
1.071843068e+000 1.838903263e+000 
1.169816296e+000 1.912651466e+000 
1.137659619e+000 1.899605913e+000 
1.037855314e+000 1.774206420e+000 
1.079596368e+000 1.850236605e+000 
1.023095015e+000 1.723969423e+000 
1.126479017e+000 1.894063473e+000 
1.131266785e+000 1.897332692e+000 
1.090202886e+000 1.862894367e+000 
1.039218259e+000 1.777724478e+000 
1.134996547e+000 1.898452856e+000 
1.077851965e+000 1.848905169e+000 
1.077497977e+000 1.848147355e+000 
1.119389762e+000 1.888030578e+000 
1.161416843e+000 1.908331868e+000 
1.038288467e+000 1.775416699e+000 
1.165213987e+000 1.909786887e+000 
1.073426126e+000 1.842148891e+000 
1.118757076e+000 1.887385290e+000 
1.066148526e+000 1.830199844e+000 
1.149255466e+000 1.904173382e+000 
1.039586530e+000 1.779050046e+000 
1.080118258e+000 1.851556771e+000 
1.078062079e+000 1.849095347e+000 
1.091631680e+000 1.863757936e+000 
1.068423608e+000 1.833949494e+000 
1.034695601e+000 1.766045955e+000 
1.108857449e+000 1.877745668e+000 
1.037068416e+000 1.772437325e+000 
1.079925128e+000 1.851254585e+000 
1.078519651e+000 1.849504133e+000 
1.046109889e+000 1.792976693e+000 
1.109902286e+000 1.878712145e+000 
1.109399660e+000 1.878666616e+000 
1.028331621e+000 1.746250176e+000 
1.047231290e+000 1.795389730e+000 
1.029649829e+000 1.750671358e+000 
1.125920637e+000 1.892898470e+000 
1.124151843e+000 1.891680234e+000 
1.056271450e+000 1.813565372e+000 
1.092623564e+000 1.864178101e+000 
1.025716595e+000 1.735792651e+000 
1.080510195e+000 1.851986016e+000 
1.078661146e+000 1.849963708e+000 
1.028679715e+000 1.747800406e+000 
1.051316974e+000 1.803416848e+000 
1.058419650e+000 1.817674016e+000 
1.112831426e+000 1.881455971e+000 
1.047759136e+000 1.796294853e+000 
1.045712049e+000 1.792798309e+000 
1.165634183e+000 1.909838073e+000 
1.052574818e+000 1.805951179e+000 
1.058039239e+000 1.816992572e+000 
1.050182700e+000 1.801411682e+000 
1.037978613e+000 1.774541669e+000 
1.076711708e+000 1.847106942e+000 
1.166218646e+000 1.910477111e+000 
1.051973527e+000 1.805019895e+000 
1.163942234e+000 1.909398528e+000 
1.111327073e+000 1.879624087e+000 
1.168108390e+000 1.910922759e+000 
1.054318821e+000 1.809169796e+000 
1.000240160e+000 1.000128220e+000 
1.000286399e+000 1.000128622e+000 
1.000179868e+000 1.000128144e+000 
1.000332949e+000 1.000131442e+000 
1.000307147e+000 1.000131432e+000 
1.000094292e+000 1.000124922e+000 
1.000007009e+000 1.000119234e+000 
1.000294431e+000 1.000128975e+000 
1.000141350e+000 1.000125677e+000 
1.000042891e+000 1.000119263e+000 
1.000055774e+000 1.000122456e+000 
1.000251429e+000 1.000128505e+000 
1.006278825e+000 1.045922080e+000 
1.004990609e+000 1.042694893e+000 
1.004920085e+000 1.042611009e+000 
1.005469549e+000 1.044603522e+000 
1.005999260e+000 1.045438089e+000 
1.005144590e+000 1.043572784e+000 
9.999999994e-001 1.000000000e+000 
1.017273241e+000 1.298526703e+000 
1.018806629e+000 1.303146724e+000 
1.018336680e+000 1.301234874e+000 
1.017636812e+000 1.299021721e+000 
1.019888307e+000 1.305995546e+000 
1.017772609e+000 1.299284106e+000 
1.019355867e+000 1.304910612e+000 
1.018289455e+000 1.301136618e+000 
1.000781538e+000 1.002425310e+000 
1.000769426e+000 1.002372181e+000 
1.000743305e+000 1.001573063e+000 
1.000390106e+000 1.001415565e+000 
1.000604238e+000 1.001519670e+000 
1.000673827e+000 1.001525244e+000 
1.000366770e+000 1.001370559e+000 
1.000653559e+000 1.001521065e+000 
1.000521748e+000 1.001515011e+000 
1.000426198e+000 1.001462513e+000 
1.000620174e+000 1.001520586e+000 
1.000677671e+000 1.001567510e+000 
1.000493087e+000 1.001468087e+000 
1.000402862e+000 1.001417525e+000 
1.022082430e+000 1.555204293e+000 
1.019946823e+000 1.546734951e+000 
1.019997178e+000 1.547195489e+000 
1.021713536e+000 1.553164560e+000 
1.021281660e+000 1.552382317e+000 
1.020586085e+000 1.549670658e+000 
1.020215144e+000 1.548706875e+000 
1.020997223e+000 1.550508803e+000 
1.016855925e+000 1.194432527e+000 
1.228369661e+000 1.936577070e+000 
1.837926872e+000 1.999778914e+000 
1.231065248e+000 1.937324275e+000 
1.272677882e+000 1.950762191e+000 
1.273746715e+000 1.950830465e+000 
1.210653739e+000 1.928727428e+000 
1.230988307e+000 1.936990628e+000 
1.230647819e+000 1.936884077e+000 
1.227696977e+000 1.936284378e+000 
1.841525460e+000 2.000000000e+000 
1.837909955e+000 1.999681295e+000 
1.825841783e+000 1.999559221e+000 
1.825790760e+000 1.999292878e+000 
1.493228433e+000 1.984315748e+000 
1.471620377e+000 1.982327235e+000 
1.277083929e+000 1.953538466e+000 
1.488125513e+000 1.983641594e+000 
1.489539182e+000 1.984122285e+000 
1.481412107e+000 1.983221330e+000 
1.436949274e+000 1.978568880e+000 
1.452369240e+000 1.980966053e+000 
1.344204617e+000 1.965885411e+000 
1.372592247e+000 1.968277848e+000 
1.444944834e+000 1.979869723e+000 
1.261832621e+000 1.949416742e+000 
1.254702011e+000 1.946670923e+000 
1.462021306e+000 1.981594833e+000 
1.463743155e+000 1.982257429e+000 
1.462221636e+000 1.981962867e+000 
1.447389097e+000 1.980389662e+000 
1.456181327e+000 1.981500097e+000 
1.450475541e+000 1.980965814e+000 
1.256650272e+000 1.947910926e+000 
1.187559871e+000 1.916035915e+000 
1.186721940e+000 1.915961845e+000 
1.248654103e+000 1.946572328e+000 
1.442556377e+000 1.979412760e+000 
1.483541651e+000 1.983507073e+000 
1.245415764e+000 1.943874339e+000 
1.386086795e+000 1.971301978e+000 
1.376558186e+000 1.968958345e+000 
1.382737529e+000 1.970685687e+000 
1.394678921e+000 1.973012773e+000 
1.238444870e+000 1.941451567e+000 
1.237849679e+000 1.941152981e+000 
1.376980223e+000 1.969561342e+000 
1.377357948e+000 1.969570401e+000 
1.256526522e+000 1.947724531e+000 
1.430486387e+000 1.977708658e+000 
1.399837042e+000 1.973441437e+000 
1.234954320e+000 1.941141991e+000 
1.353630295e+000 1.966309045e+000 
1.232576272e+000 1.938898057e+000 
1.245464311e+000 1.944123414e+000 
1.360251866e+000 1.967196389e+000 
1.356213452e+000 1.967064385e+000 
1.265324691e+000 1.950494397e+000 
1.323417463e+000 1.962187141e+000 
1.391583163e+000 1.972119552e+000 
1.233883314e+000 1.940200647e+000 
1.354010936e+000 1.966343431e+000 
1.263983386e+000 1.950074920e+000 
1.333691649e+000 1.963611647e+000 
1.218480745e+000 1.932959545e+000 
1.220915238e+000 1.934779052e+000 
1.476134510e+000 1.982848005e+000 
1.223983551e+000 1.936175844e+000 
1.243047206e+000 1.942906907e+000 
1.221823435e+000 1.935252658e+000 
1.425438539e+000 1.977079962e+000 
1.407403263e+000 1.974476389e+000 
1.281701856e+000 1.954671624e+000 
1.413247433e+000 1.975659432e+000 
1.332048123e+000 1.963104216e+000 
1.330930653e+000 1.962925689e+000 
1.325967590e+000 1.962247925e+000 
1.332351399e+000 1.963383613e+000 
1.187607442e+000 1.916398580e+000 
1.193038346e+000 1.920283585e+000 
1.332156280e+000 1.963331097e+000 
1.303105767e+000 1.958726736e+000 
1.307395247e+000 1.959568085e+000 
1.297662053e+000 1.957855773e+000 
1.291764118e+000 1.956289258e+000 
1.321614416e+000 1.961748218e+000 
1.301283453e+000 1.958429111e+000 
1.310252218e+000 1.960286750e+000 
1.216676274e+000 1.932161192e+000 
1.308641468e+000 1.959773625e+000 
1.274255620e+000 1.952565827e+000 
1.291076305e+000 1.956138163e+000 
1.279539684e+000 1.953684769e+000 
1.291673371e+000 1.956281735e+000 
1.198199899e+000 1.924113691e+000 
1.196149833e+000 1.922641947e+000 
1.194260435e+000 1.920791196e+000 
1.196214897e+000 1.922946309e+000 
1.200083273e+000 1.925421969e+000 
1.197969205e+000 1.923968250e+000 
1.208211497e+000 1.928185576e+000 
1.204328286e+000 1.927930849e+000 
1.201865758e+000 1.925625601e+000 
1.220043129e+000 1.933508275e+000 
1.211870836e+000 1.929443500e+000 
1.231651530e+000 1.938242782e+000 
1.213964601e+000 1.930953935e+000 
1.212290645e+000 1.930487156e+000 
1.208472191e+000 1.928241437e+000 
1.232105470e+000 1.938552145e+000 
1.409705480e+000 1.974503096e+000 
1.819425643e+000 1.999258658e+000 
1.411348619e+000 1.974840455e+000 
1.422248594e+000 1.976283475e+000 
1.364474220e+000 1.967544226e+000 
1.438665964e+000 1.978636878e+000 
1.817966435e+000 1.999236762e+000 
1.740376643e+000 1.998521626e+000 
1.754985746e+000 1.999077931e+000 
1.806605740e+000 1.999118786e+000 
1.412663756e+000 1.975123091e+000 
1.382036862e+000 1.969820361e+000 
1.819834515e+000 1.999268477e+000 
1.824634682e+000 1.999278608e+000 
1.808300276e+000 1.999206050e+000 
1.353061691e+000 1.966136310e+000 
1.750257215e+000 1.998847193e+000 
1.735613723e+000 1.998326729e+000 
1.744661948e+000 1.998611153e+000 
1.634377454e+000 1.994314812e+000 
1.641246460e+000 1.994508701e+000 
1.640540922e+000 1.994370299e+000 
1.643411976e+000 1.994712374e+000 
1.648032886e+000 1.994963868e+000 
1.735693471e+000 1.998429279e+000 
1.734501088e+000 1.998235293e+000 
1.724571629e+000 1.998073628e+000 
1.730958051e+000 1.998166627e+000 
1.724668759e+000 1.998084316e+000 
1.693648650e+000 1.997045013e+000 
1.656125676e+000 1.995171047e+000 
1.677349966e+000 1.996360419e+000 
1.671396749e+000 1.995660713e+000 
1.717121607e+000 1.998042425e+000 
1.675639332e+000 1.995936060e+000 
1.708029856e+000 1.997836840e+000 
1.682806927e+000 1.996748076e+000 
1.693641322e+000 1.996961186e+000 
1.705271590e+000 1.997741257e+000 
1.698023547e+000 1.997552849e+000 
1.676865668e+000 1.996296990e+000 
1.696956455e+000 1.997186539e+000 
1.673620212e+000 1.995870244e+000 
1.620371648e+000 1.993451791e+000 
1.623587113e+000 1.993781820e+000 
1.631391202e+000 1.994124977e+000 
1.659973393e+000 1.995502336e+000 
1.621997180e+000 1.993549624e+000 
1.668818465e+000 1.995532145e+000 
1.616753222e+000 1.993417233e+000 
1.612404652e+000 1.993175806e+000 
1.486392299e+000 1.983518034e+000 
1.618767202e+000 1.993418682e+000 
1.491995193e+000 1.984193518e+000 
1.492928478e+000 1.984234944e+000 
1.609198545e+000 1.992983955e+000 
1.596053477e+000 1.992244232e+000 
1.592173904e+000 1.992152347e+000 
1.487997123e+000 1.983593465e+000 
1.496136355e+000 1.984788082e+000 
1.500710130e+000 1.985043396e+000 
1.561623798e+000 1.990160338e+000 
1.600427366e+000 1.992554679e+000 
1.577174852e+000 1.991323781e+000 
1.566616385e+000 1.990404013e+000 
1.591095932e+000 1.992040519e+000 
1.587789585e+000 1.991784295e+000 
1.568305290e+000 1.990487386e+000 
1.539583433e+000 1.988363976e+000 
1.550963677e+000 1.989173867e+000 
1.580949847e+000 1.991605469e+000 
1.590765753e+000 1.991983938e+000 
1.548733360e+000 1.988984544e+000 
1.534482178e+000 1.988088841e+000 
1.569437152e+000 1.990596386e+000 
1.520745911e+000 1.986792470e+000 
1.511703255e+000 1.986184113e+000 
1.508105162e+000 1.985749245e+000 
1.541832002e+000 1.988550137e+000 
1.512801322e+000 1.986245811e+000 
1.553990913e+000 1.989659748e+000 
1.545793497e+000 1.988832779e+000 
1.515083745e+000 1.986503311e+000 
1.569992544e+000 1.990732888e+000 
1.514888733e+000 1.986349191e+000 
1.528686934e+000 1.987582659e+000 

