1.000566580e+000 1.000346955e+000 
1.000528227e+000 1.000346376e+000 
1.000424784e+000 1.000338625e+000 
1.000378234e+000 1.000335690e+000 
1.000480656e+000 1.000341533e+000 
1.000366513e+000 1.000335681e+000 
1.000280096e+000 1.000327972e+000 
1.000154850e+000 1.000320033e+000 
1.000119079e+000 1.000315981e+000 
1.000180099e+000 1.000322389e+000 
1.000226021e+000 1.000327951e+000 
1.000202589e+000 1.000327785e+000 
1.000357093e+000 1.000330295e+000 
1.000646331e+000 1.000348622e+000 
1.000177253e+000 1.000320697e+000 
1.000658470e+000 1.000349423e+000 
1.000323268e+000 1.000329438e+000 
1.000341064e+000 1.000330285e+000 
1.000326629e+000 1.000329447e+000 
1.000344425e+000 1.000330294e+000 
1.000385637e+000 1.000335846e+000 
1.000463137e+000 1.000339203e+000 
1.000388998e+000 1.000335856e+000 
1.000515939e+000 1.000343043e+000 
1.002104758e+000 1.003541818e+000 
1.002220929e+000 1.003589136e+000 
1.001937492e+000 1.003472875e+000 
1.002022540e+000 1.003518688e+000 
1.002794519e+000 1.008288221e+000 
1.003155094e+000 1.008521624e+000 
1.002563044e+000 1.008163487e+000 
1.003117359e+000 1.008516687e+000 
1.002472961e+000 1.008050919e+000 
1.002391867e+000 1.008039630e+000 
1.002825312e+000 1.008288724e+000 
1.002610848e+000 1.008166617e+000 
1.003198454e+000 1.008527976e+000 
1.008720858e+000 1.021027393e+000 
1.007543174e+000 1.020412136e+000 
1.009601533e+000 1.021286053e+000 
1.003955484e+000 1.017297814e+000 
1.010321953e+000 1.021609244e+000 
1.004778300e+000 1.018383981e+000 
1.009428228e+000 1.021282890e+000 
1.005986477e+000 1.019504818e+000 
1.006319379e+000 1.019788269e+000 
1.007455903e+000 1.020411208e+000 
1.008594536e+000 1.020987363e+000 
1.006575284e+000 1.019828977e+000 
1.007751244e+000 1.020451056e+000 
1.005227801e+000 1.018900349e+000 
1.009228405e+000 1.021271414e+000 
1.004832976e+000 1.018394864e+000 
1.006874914e+000 1.020091756e+000 
1.011077355e+000 1.021891608e+000 
1.007686836e+000 1.020437033e+000 
1.010284196e+000 1.021588768e+000 
1.010615393e+000 1.021797391e+000 
1.011075097e+000 1.021873846e+000 
1.008966432e+000 1.021233632e+000 
1.014324001e+000 1.081783584e+000 
1.015320221e+000 1.083170181e+000 
1.015602198e+000 1.083690132e+000 
1.011787054e+000 1.077506272e+000 
1.014852675e+000 1.082464894e+000 
1.012568045e+000 1.078544503e+000 
1.012318131e+000 1.077912097e+000 
1.012235049e+000 1.077908089e+000 
1.013706110e+000 1.080852131e+000 
1.011222964e+000 1.075976091e+000 
1.011401651e+000 1.076665066e+000 
1.013841567e+000 1.081511243e+000 
1.015547247e+000 1.083311381e+000 
1.012883784e+000 1.079294733e+000 
1.012430723e+000 1.078438561e+000 
1.012916597e+000 1.079325688e+000 
1.014536140e+000 1.082357730e+000 
1.013471472e+000 1.080650710e+000 
1.016732926e+000 1.111193066e+000 
1.016069106e+000 1.110311295e+000 
1.015885077e+000 1.110011200e+000 
1.016012849e+000 1.110274218e+000 
1.016913885e+000 1.111509992e+000 
1.001788962e+000 1.001436573e+000 
1.001887457e+000 1.001451019e+000 
1.000721525e+000 1.001259786e+000 
1.000819837e+000 1.001286725e+000 
1.000964956e+000 1.001310486e+000 
1.001015590e+000 1.001310888e+000 
1.001420990e+000 1.001388321e+000 
1.001033616e+000 1.001334878e+000 
1.000670890e+000 1.001259384e+000 
1.001370355e+000 1.001387918e+000 
1.001876286e+000 1.001450998e+000 
1.001494801e+000 1.001401899e+000 
1.017083706e+000 1.267703853e+000 
1.018601760e+000 1.271546422e+000 
1.022572038e+000 1.278421484e+000 
1.021064131e+000 1.276270615e+000 
1.020483529e+000 1.275410905e+000 
1.027400075e+000 1.284452297e+000 
1.019813134e+000 1.274271587e+000 
1.025709662e+000 1.282312935e+000 
1.023871911e+000 1.280005527e+000 
1.017393567e+000 1.269150370e+000 
1.017728227e+000 1.270154748e+000 
1.021924666e+000 1.277326443e+000 
1.018830151e+000 1.271892950e+000 
1.018960113e+000 1.272630855e+000 
1.021462099e+000 1.276691186e+000 
1.019358162e+000 1.273328114e+000 
1.023181364e+000 1.278999478e+000 
1.027144071e+000 1.284068281e+000 
1.026408138e+000 1.283497634e+000 
1.025840902e+000 1.282613117e+000 
1.001185417e+000 1.001373987e+000 
1.001818806e+000 1.001445402e+000 
1.001489563e+000 1.001400479e+000 
1.001052607e+000 1.001349770e+000 
1.001595218e+000 1.001423275e+000 
1.001672010e+000 1.001427347e+000 
1.001718755e+000 1.001429387e+000 
1.001536308e+000 1.001402519e+000 
1.001048016e+000 1.001348379e+000 
1.001781464e+000 1.001429799e+000 
1.001444990e+000 1.001398699e+000 
1.001831885e+000 1.001445445e+000 
1.001627437e+000 1.001425568e+000 
1.001442807e+000 1.001396270e+000 
1.032646493e+000 1.486219800e+000 
1.029421684e+000 1.481195614e+000 
1.027958235e+000 1.477045002e+000 
1.029060442e+000 1.480397764e+000 
1.032429413e+000 1.485494401e+000 
1.027423902e+000 1.475322471e+000 
1.028074983e+000 1.477562523e+000 
1.032094396e+000 1.485229725e+000 
1.032701853e+000 1.486412856e+000 
1.027607118e+000 1.476293022e+000 
1.030911192e+000 1.483608468e+000 
1.032126659e+000 1.485265116e+000 
1.002305675e+000 1.006475063e+000 
1.002384258e+000 1.006584232e+000 
1.006402229e+000 1.019795280e+000 
1.010091006e+000 1.021432633e+000 
1.008180343e+000 1.020690735e+000 
1.004435095e+000 1.018265451e+000 
1.008221940e+000 1.020738342e+000 
1.004970206e+000 1.018802238e+000 
1.005622983e+000 1.019370270e+000 
1.008423486e+000 1.020787635e+000 
1.005344249e+000 1.019079712e+000 
1.005244637e+000 1.019074116e+000 
1.005938411e+000 1.019433243e+000 
1.007090191e+000 1.020214596e+000 
1.007852693e+000 1.020523963e+000 
1.004046879e+000 1.018017317e+000 
1.008132092e+000 1.020684391e+000 
1.004440412e+000 1.018283247e+000 
1.004941736e+000 1.018586904e+000 
1.007923336e+000 1.020678573e+000 
1.007443216e+000 1.020380393e+000 
1.007562845e+000 1.020412500e+000 
1.004540024e+000 1.018288842e+000 
1.005523295e+000 1.019221827e+000 
1.006035875e+000 1.019520006e+000 
1.000091018e+000 1.000003448e+000 
1.000052630e+000 1.000001392e+000 
1.000060176e+000 1.000002671e+000 
1.000004308e+000 1.000000777e+000 
1.000023448e+000 1.000001204e+000 
9.999999996e-001 1.000000000e+000 
1.042675778e+000 1.831930263e+000 
1.036178209e+000 1.821870426e+000 
1.050991072e+000 1.840917707e+000 
1.087905962e+000 1.872482599e+000 
1.116098171e+000 1.889727325e+000 
1.060468235e+000 1.850641126e+000 
1.063353145e+000 1.852611417e+000 
1.037134153e+000 1.823653317e+000 
1.058431712e+000 1.848692769e+000 
1.086141262e+000 1.871258214e+000 
1.041091847e+000 1.829922088e+000 
1.048645839e+000 1.838555286e+000 
1.229119810e+000 1.933559055e+000 
1.088586011e+000 1.872688534e+000 
1.088494933e+000 1.872683691e+000 
1.043902768e+000 1.833318999e+000 
1.075128393e+000 1.862575955e+000 
1.114757427e+000 1.889262922e+000 
1.043233268e+000 1.832641227e+000 
1.066719779e+000 1.855589321e+000 
1.095651295e+000 1.876905227e+000 
1.038877084e+000 1.826291980e+000 
1.105569661e+000 1.883461584e+000 
1.046990471e+000 1.836674601e+000 
1.219272867e+000 1.930944749e+000 
1.230013481e+000 1.933632187e+000 
1.140333935e+000 1.900875839e+000 
1.069994011e+000 1.858186706e+000 
1.212828860e+000 1.929953998e+000 
1.208145773e+000 1.928550458e+000 
1.100362100e+000 1.880233395e+000 
1.174442344e+000 1.916346818e+000 
1.140582768e+000 1.900901215e+000 
1.052430095e+000 1.842610332e+000 
1.060249638e+000 1.850301434e+000 
1.157754260e+000 1.910278886e+000 
1.039828165e+000 1.827557461e+000 
1.082145094e+000 1.867939342e+000 
1.162915902e+000 1.911795272e+000 
1.033426077e+000 1.816555819e+000 
1.035143753e+000 1.820226887e+000 
1.075561098e+000 1.863392805e+000 
1.286009413e+000 1.944948614e+000 
1.066570808e+000 1.855574105e+000 
1.111280147e+000 1.886912624e+000 
1.156718223e+000 1.909739396e+000 
1.284983961e+000 1.944397445e+000 
1.251553401e+000 1.937591352e+000 
1.248204667e+000 1.937208481e+000 
1.117004595e+000 1.890097129e+000 
1.231473282e+000 1.934465901e+000 
1.040715516e+000 1.829162863e+000 
1.041690010e+000 1.830088402e+000 
1.185193316e+000 1.919756582e+000 
1.037756144e+000 1.824621132e+000 
1.171249878e+000 1.915233902e+000 
1.061595654e+000 1.851619258e+000 
1.047921858e+000 1.837830205e+000 
1.061264847e+000 1.851341005e+000 
1.044644789e+000 1.834352303e+000 
1.116904800e+000 1.889981362e+000 
1.197100679e+000 1.924733317e+000 
1.089082691e+000 1.873247902e+000 
1.238716141e+000 1.936430468e+000 
1.115218675e+000 1.889448252e+000 
1.258327022e+000 1.939295510e+000 
1.061179011e+000 1.851230375e+000 
1.100749729e+000 1.880604068e+000 
1.050440881e+000 1.840312021e+000 
1.224426182e+000 1.932889529e+000 
1.221536172e+000 1.931932607e+000 
1.260596485e+000 1.939756891e+000 
1.158900445e+000 1.910726381e+000 
1.074311583e+000 1.862154254e+000 
1.120107116e+000 1.891379005e+000 
1.149454548e+000 1.906273830e+000 
1.117025530e+000 1.890313890e+000 
1.091828189e+000 1.875017704e+000 
1.267291034e+000 1.941367328e+000 
1.257706474e+000 1.938802458e+000 
1.230302262e+000 1.933971870e+000 
1.077456276e+000 1.864576606e+000 
1.268346419e+000 1.941542663e+000 
1.195847527e+000 1.924426557e+000 
1.090581712e+000 1.874270101e+000 
1.038959000e+000 1.826441627e+000 
1.087849979e+000 1.872296925e+000 
1.089010311e+000 1.873033025e+000 
1.164893659e+000 1.913193613e+000 
1.060497345e+000 1.850771403e+000 
1.272342813e+000 1.942605565e+000 
1.269264175e+000 1.941626140e+000 
1.033918961e+000 1.817179653e+000 
1.257481090e+000 1.938612466e+000 
1.087937377e+000 1.872494766e+000 
1.165831777e+000 1.913292357e+000 
1.172572372e+000 1.915586525e+000 
1.040004464e+000 1.828016908e+000 
1.120393832e+000 1.891786441e+000 
1.163246312e+000 1.912629150e+000 
1.133713348e+000 1.898259852e+000 
1.048769520e+000 1.838704183e+000 
1.091397907e+000 1.874618587e+000 
1.176241742e+000 1.917075942e+000 
1.206955904e+000 1.928121306e+000 
1.188534599e+000 1.922045025e+000 
1.068252473e+000 1.856737060e+000 
1.126325935e+000 1.895254510e+000 
1.084898577e+000 1.870373761e+000 
1.181654573e+000 1.919174235e+000 
1.269347032e+000 1.941679590e+000 
1.063708078e+000 1.853318415e+000 
1.054143165e+000 1.844357144e+000 
1.090214085e+000 1.873879109e+000 
1.056768843e+000 1.847191756e+000 
1.175841034e+000 1.916763157e+000 
1.068103503e+000 1.856721630e+000 
1.169937473e+000 1.914860343e+000 
1.140653723e+000 1.901758992e+000 
1.054905061e+000 1.844883426e+000 
1.083160241e+000 1.869238840e+000 
1.059030752e+000 1.849206113e+000 
1.081471023e+000 1.867722676e+000 
1.060861177e+000 1.851098101e+000 
1.079544701e+000 1.866309253e+000 
1.061549225e+000 1.851580787e+000 
1.144439480e+000 1.903796193e+000 
1.145182794e+000 1.903814452e+000 
1.035992986e+000 1.821679169e+000 
1.112121470e+000 1.887240991e+000 
1.160201566e+000 1.911036301e+000 
1.036257935e+000 1.822141868e+000 
1.188485196e+000 1.920810439e+000 
1.058718634e+000 1.848812007e+000 
1.274298906e+000 1.942828042e+000 
1.256607039e+000 1.938155638e+000 
1.176080437e+000 1.916946085e+000 
1.162121946e+000 1.911573299e+000 
1.091987287e+000 1.875021837e+000 
1.175637001e+000 1.916753128e+000 
1.037389635e+000 1.824035533e+000 
1.100724054e+000 1.880474262e+000 
1.045776111e+000 1.835464640e+000 
1.106111351e+000 1.883995518e+000 
1.217117049e+000 1.929970744e+000 
1.040195030e+000 1.828236203e+000 
1.112200084e+000 1.887450144e+000 
1.195716633e+000 1.924317424e+000 
1.173178017e+000 1.915634744e+000 
1.077044406e+000 1.864091783e+000 
1.288705770e+000 1.945350999e+000 
1.076846474e+000 1.863902998e+000 
1.289587380e+000 1.945441558e+000 
1.053806319e+000 1.843941314e+000 
1.234837122e+000 1.935496382e+000 
1.098577738e+000 1.879184740e+000 
1.204306706e+000 1.927343990e+000 
1.176904912e+000 1.917266714e+000 
1.045497770e+000 1.835180933e+000 
1.145325342e+000 1.903888485e+000 
1.233226288e+000 1.935090402e+000 
1.103376912e+000 1.882405515e+000 
1.200497101e+000 1.925518763e+000 
1.190755637e+000 1.922160083e+000 
1.052985217e+000 1.843254053e+000 
1.202238340e+000 1.926923832e+000 
1.202015521e+000 1.926636223e+000 
1.114467646e+000 1.888932884e+000 
1.056230203e+000 1.846376384e+000 
1.198510128e+000 1.925059738e+000 
1.068525113e+000 1.856754074e+000 
1.087109678e+000 1.871679098e+000 
1.207404260e+000 1.928166206e+000 
1.205561200e+000 1.927831174e+000 
1.206197682e+000 1.928034087e+000 
1.287559391e+000 1.945106763e+000 
1.071275990e+000 1.859656989e+000 
1.070988165e+000 1.859233503e+000 
1.175538116e+000 1.916573669e+000 
1.120252977e+000 1.891572162e+000 
1.210298375e+000 1.929308981e+000 
1.068745969e+000 1.857124925e+000 
1.129265955e+000 1.896294320e+000 
1.186277437e+000 1.920568617e+000 
1.058105269e+000 1.848138981e+000 
1.089636553e+000 1.873398209e+000 
1.035628590e+000 1.820902729e+000 
1.036624800e+000 1.822820610e+000 
1.137056622e+000 1.900361974e+000 
1.200579964e+000 1.925911916e+000 
1.193339371e+000 1.923748884e+000 
1.161550222e+000 1.911436080e+000 
1.103182304e+000 1.881965540e+000 
1.108569601e+000 1.885486796e+000 
1.110358495e+000 1.886389433e+000 
1.123540907e+000 1.893630619e+000 
1.052828515e+000 1.842929954e+000 
1.119332364e+000 1.891110802e+000 
1.121591021e+000 1.892402830e+000 
1.148938338e+000 1.905809643e+000 
1.135575400e+000 1.899282614e+000 
1.148206378e+000 1.905537290e+000 
1.149369324e+000 1.905834690e+000 
1.140909724e+000 1.902030891e+000 
1.137414661e+000 1.900774447e+000 
1.142722278e+000 1.902734102e+000 
1.146680673e+000 1.904683331e+000 
1.146570330e+000 1.904414286e+000 
1.116557905e+000 1.889742771e+000 
1.133392784e+000 1.898006782e+000 
1.136149349e+000 1.899769550e+000 
1.288374565e+000 1.945199172e+000 
1.003357149e+000 1.014027296e+000 
1.003519537e+000 1.014498393e+000 
1.003792728e+000 1.014580376e+000 
1.003772490e+000 1.014563474e+000 
1.003720056e+000 1.014549681e+000 
1.003900608e+000 1.014810780e+000 
1.003287522e+000 1.014020682e+000 
1.003838341e+000 1.014782330e+000 
1.003258706e+000 1.013532694e+000 
1.301938524e+000 1.950799671e+000 
1.463195310e+000 1.984291773e+000 
1.296130782e+000 1.948738221e+000 
1.307313824e+000 1.952281518e+000 
1.299650048e+000 1.950115489e+000 
1.320537825e+000 1.956350443e+000 
1.293225292e+000 1.946908738e+000 
1.291702624e+000 1.946709961e+000 
1.284628800e+000 1.944110703e+000 
1.282391729e+000 1.943393640e+000 
1.284169299e+000 1.943869543e+000 
1.304508910e+000 1.952110650e+000 
1.316929741e+000 1.955345458e+000 
1.316248827e+000 1.955324300e+000 
1.313642880e+000 1.954738884e+000 
1.780633837e+000 2.000000000e+000 
1.321737093e+000 1.956473905e+000 
1.319370099e+000 1.956346542e+000 
1.302098363e+000 1.950861454e+000 
1.315760519e+000 1.955088868e+000 
1.299653708e+000 1.950470664e+000 
1.317902220e+000 1.955856186e+000 
1.298044683e+000 1.949312985e+000 
1.298002282e+000 1.949297564e+000 
1.289954725e+000 1.946131508e+000 
1.293446031e+000 1.947446102e+000 
1.296730980e+000 1.948836240e+000 
1.295012425e+000 1.948166068e+000 
1.310591384e+000 1.953430272e+000 
1.290585808e+000 1.946242610e+000 
1.298649377e+000 1.949878391e+000 
1.297781747e+000 1.949227893e+000 
1.308981298e+000 1.953000240e+000 
1.309282749e+000 1.953010592e+000 
1.311978240e+000 1.954037969e+000 
1.308638823e+000 1.952935730e+000 
1.307771260e+000 1.952898685e+000 
1.303040197e+000 1.951131632e+000 
1.303428348e+000 1.951413059e+000 
1.300750638e+000 1.950561927e+000 
1.303698530e+000 1.951556867e+000 
1.662832488e+000 1.998221540e+000 
1.652578380e+000 1.998042147e+000 
1.777576242e+000 1.999877544e+000 
1.659945101e+000 1.998146158e+000 
1.650709980e+000 1.997900785e+000 
1.626762882e+000 1.997209837e+000 
1.506594183e+000 1.988765740e+000 
1.503974197e+000 1.988534914e+000 
1.777896781e+000 1.999900715e+000 
1.389793860e+000 1.972857232e+000 
1.394401101e+000 1.974005575e+000 
1.354691963e+000 1.965819841e+000 
1.361595310e+000 1.967160632e+000 
1.327341619e+000 1.957850308e+000 
1.355987121e+000 1.966272370e+000 
1.353620706e+000 1.965700440e+000 
1.332994039e+000 1.959768581e+000 
1.353879467e+000 1.965751817e+000 
1.508721621e+000 1.989192406e+000 
1.334371931e+000 1.960261765e+000 
1.351405676e+000 1.965006555e+000 
1.774708293e+000 1.999869799e+000 
1.391380692e+000 1.973529424e+000 
1.325172345e+000 1.957469466e+000 
1.321796217e+000 1.956680265e+000 
1.321379888e+000 1.956406134e+000 
1.353333337e+000 1.965390335e+000 
1.362889234e+000 1.967196597e+000 
1.323389861e+000 1.957033934e+000 
1.411457899e+000 1.977268812e+000 
1.765513622e+000 1.999735486e+000 
1.413930990e+000 1.977370385e+000 
1.360231271e+000 1.966975826e+000 
1.326039924e+000 1.957690060e+000 
1.346712651e+000 1.963705910e+000 
1.349079411e+000 1.964298263e+000 
1.421058653e+000 1.978434227e+000 
1.345453490e+000 1.963461396e+000 
1.345008218e+000 1.963076901e+000 
1.344779388e+000 1.962891530e+000 
1.484383001e+000 1.986901100e+000 
1.770545093e+000 1.999856285e+000 
1.341562621e+000 1.962183432e+000 
1.367252317e+000 1.968279135e+000 
1.370357229e+000 1.968946972e+000 
1.368473188e+000 1.968726250e+000 
1.337371281e+000 1.961402317e+000 
1.334724288e+000 1.960888928e+000 
1.338221277e+000 1.961851905e+000 
1.344251082e+000 1.962580845e+000 
1.329420764e+000 1.958657587e+000 
1.371660236e+000 1.969295505e+000 
1.329127915e+000 1.958282006e+000 
1.380843125e+000 1.970831347e+000 
1.374270681e+000 1.969834977e+000 
1.341873436e+000 1.962209188e+000 
1.379671447e+000 1.970507427e+000 
1.766212367e+000 1.999828158e+000 
1.537047792e+000 1.991386949e+000 
1.331190606e+000 1.959380419e+000 
1.330109541e+000 1.959030962e+000 
1.365625122e+000 1.967637279e+000 
1.397320190e+000 1.974463471e+000 
1.394017166e+000 1.973882370e+000 
1.394753196e+000 1.974079257e+000 
1.407826431e+000 1.976520806e+000 
1.404820519e+000 1.976061060e+000 
1.762150514e+000 1.999729936e+000 
1.407288786e+000 1.976385490e+000 
1.402294112e+000 1.975442396e+000 
1.403794554e+000 1.975468053e+000 
1.757014464e+000 1.999708879e+000 
1.386179474e+000 1.971958488e+000 
1.393185636e+000 1.973695844e+000 
1.717008996e+000 1.999132806e+000 
1.415778419e+000 1.978034255e+000 
1.713219351e+000 1.999034886e+000 
1.387454312e+000 1.972696384e+000 
1.714828129e+000 1.999117875e+000 
1.431437381e+000 1.980131138e+000 
1.408844063e+000 1.976967615e+000 
1.376306939e+000 1.969839645e+000 
1.383339855e+000 1.971265912e+000 
1.435686642e+000 1.981112163e+000 
1.426398650e+000 1.979326117e+000 
1.426812924e+000 1.979538157e+000 
1.752372747e+000 1.999621872e+000 
1.444204831e+000 1.982163084e+000 
1.422819462e+000 1.978981831e+000 
1.421559017e+000 1.978709570e+000 
1.439873493e+000 1.981498262e+000 
1.464335291e+000 1.985113310e+000 
1.467813366e+000 1.985478119e+000 
1.494109807e+000 1.987812940e+000 
1.494567779e+000 1.987951039e+000 
1.509567989e+000 1.989329482e+000 
1.495017601e+000 1.988160412e+000 
1.484852087e+000 1.987255117e+000 
1.474902090e+000 1.986041768e+000 
1.467086505e+000 1.985457554e+000 
1.487856562e+000 1.987256087e+000 
1.446748008e+000 1.982492170e+000 
1.465458680e+000 1.985310497e+000 
1.499694515e+000 1.988421090e+000 
1.471513165e+000 1.985933205e+000 
1.471575871e+000 1.985977139e+000 
1.755508980e+000 1.999672133e+000 
1.479392373e+000 1.986538127e+000 
1.480685554e+000 1.986799430e+000 
1.482156317e+000 1.986892567e+000 
1.425200469e+000 1.979219719e+000 
1.435215020e+000 1.980789191e+000 
1.752098245e+000 1.999582062e+000 
1.749240439e+000 1.999495460e+000 
1.550268813e+000 1.992954459e+000 
1.547195156e+000 1.992655442e+000 
1.544590625e+000 1.992599421e+000 
1.548329169e+000 1.992873924e+000 
1.526547356e+000 1.991210045e+000 
1.522087340e+000 1.990812379e+000 
1.525337195e+000 1.991089807e+000 
1.537049741e+000 1.992110671e+000 
1.522874281e+000 1.990922312e+000 
1.520673460e+000 1.990525959e+000 
1.556678921e+000 1.993361483e+000 
1.551728343e+000 1.993169552e+000 
1.525356402e+000 1.991103633e+000 
1.458239514e+000 1.984150976e+000 
1.453636086e+000 1.983313983e+000 
1.457782849e+000 1.984087040e+000 
1.517584323e+000 1.990078928e+000 
1.498670141e+000 1.988202512e+000 
1.454479535e+000 1.983498067e+000 
1.555882609e+000 1.993275520e+000 
1.747288407e+000 1.999449952e+000 
1.743497401e+000 1.999440966e+000 
1.739171611e+000 1.999404303e+000 
1.737552851e+000 1.999371757e+000 
1.732099570e+000 1.999229662e+000 
1.737622288e+000 1.999399343e+000 
1.493968214e+000 1.987785389e+000 
1.726176689e+000 1.999136446e+000 
1.645516132e+000 1.997844948e+000 
1.565369539e+000 1.993779377e+000 
1.570435428e+000 1.994295112e+000 
1.567313160e+000 1.994024732e+000 
1.629201212e+000 1.997384057e+000 
1.646774532e+000 1.997858898e+000 
1.627543317e+000 1.997249165e+000 
1.572047653e+000 1.994500592e+000 
1.573776664e+000 1.994514068e+000 
1.675927012e+000 1.998320873e+000 
1.634807484e+000 1.997499611e+000 
1.622925560e+000 1.997153407e+000 
1.640001373e+000 1.997697894e+000 
1.634755759e+000 1.997456055e+000 
1.636053384e+000 1.997629096e+000 
1.699391817e+000 1.998908446e+000 
1.695485983e+000 1.998741764e+000 
1.680782070e+000 1.998378513e+000 
1.696003135e+000 1.998825374e+000 
1.685473377e+000 1.998389602e+000 
1.689197286e+000 1.998575815e+000 
1.690339928e+000 1.998645173e+000 
1.692541853e+000 1.998713301e+000 
1.567079293e+000 1.993851292e+000 
1.641520772e+000 1.997713552e+000 
1.673838442e+000 1.998285847e+000 
1.590260565e+000 1.995432529e+000 
1.618261399e+000 1.996869173e+000 
1.594918216e+000 1.995765035e+000 
1.603179848e+000 1.996054838e+000 
1.656175682e+000 1.998068369e+000 
1.606300668e+000 1.996311024e+000 
1.603986341e+000 1.996128069e+000 
1.608905500e+000 1.996394400e+000 
1.586356484e+000 1.995250181e+000 
1.609338700e+000 1.996453348e+000 
1.594835395e+000 1.995633008e+000 
1.605956884e+000 1.996236492e+000 
1.584345241e+000 1.994971016e+000 
1.585421471e+000 1.995155140e+000 
1.581861018e+000 1.994808393e+000 
1.582013269e+000 1.994825888e+000 
1.579761826e+000 1.994653298e+000 

