1.000727216e+000 1.113480298e+000 
1.000508651e+000 1.113461811e+000 
1.001231281e+000 1.113857074e+000 
1.000850325e+000 1.113573302e+000 
1.000000000e+000 1.000458496e+000 
1.004280834e+000 1.300541917e+000 
1.002724189e+000 1.297652258e+000 
1.004605497e+000 1.301036108e+000 
1.003845724e+000 1.299667318e+000 
1.003170929e+000 1.297985291e+000 
1.003429748e+000 1.298872327e+000 
1.003575275e+000 1.299284606e+000 
1.004692749e+000 1.301357117e+000 
1.002411157e+000 1.296616502e+000 
1.002940140e+000 1.297857684e+000 
1.003256821e+000 1.298207170e+000 
1.000381720e+000 1.016400978e+000 
1.000405750e+000 1.016438607e+000 
1.000211659e+000 1.016398205e+000 
1.002271405e+000 1.276669803e+000 
1.120900175e+000 1.950215689e+000 
1.028205494e+000 1.911114705e+000 
1.032071390e+000 1.913806017e+000 
1.082269578e+000 1.938229945e+000 
1.036434305e+000 1.916658041e+000 
1.029863298e+000 1.912379598e+000 
1.085562735e+000 1.939760591e+000 
1.122590501e+000 1.950560101e+000 
1.033446197e+000 1.914699726e+000 
1.099108229e+000 1.944526747e+000 
1.078408663e+000 1.936892496e+000 
1.026324393e+000 1.909911233e+000 
1.018753588e+000 1.904260874e+000 
1.007027506e+000 1.890003301e+000 
1.019765449e+000 1.905222586e+000 
1.074734635e+000 1.935791069e+000 
1.127985069e+000 1.951901999e+000 
1.044000274e+000 1.920811299e+000 
1.082701993e+000 1.938451043e+000 
1.082468730e+000 1.938449549e+000 
1.047544479e+000 1.923022495e+000 
1.057981433e+000 1.927794892e+000 
1.037162583e+000 1.916897244e+000 
1.071851905e+000 1.934514804e+000 
1.064773019e+000 1.931186695e+000 
1.023320664e+000 1.907817742e+000 
1.024257547e+000 1.908425649e+000 
1.080673235e+000 1.937532187e+000 
1.100235569e+000 1.944685307e+000 
1.019073660e+000 1.904680769e+000 
1.083228502e+000 1.938778559e+000 
1.015691384e+000 1.901472626e+000 
1.027888516e+000 1.910759266e+000 
1.021878523e+000 1.906838833e+000 
1.045119203e+000 1.921914638e+000 
1.114826881e+000 1.948219183e+000 
1.032839881e+000 1.914133182e+000 
1.006226455e+000 1.888489581e+000 
1.007203826e+000 1.890894597e+000 
1.115450692e+000 1.949053498e+000 
1.062480020e+000 1.929921185e+000 
1.116345733e+000 1.949072934e+000 
1.113136556e+000 1.947884898e+000 
1.005581599e+000 1.887298949e+000 
1.018279246e+000 1.903704956e+000 
1.032046640e+000 1.913794992e+000 
1.091385282e+000 1.941487504e+000 
1.004849750e+000 1.884685099e+000 
1.058928408e+000 1.928547080e+000 
1.060366513e+000 1.929559622e+000 
1.011357312e+000 1.896662139e+000 
1.063019473e+000 1.930360279e+000 
1.054379725e+000 1.926536478e+000 
1.061926820e+000 1.929890454e+000 
1.072559113e+000 1.934702788e+000 
1.124291100e+000 1.950996289e+000 
1.043801366e+000 1.920480039e+000 
1.059221322e+000 1.929018347e+000 
1.079913462e+000 1.937203177e+000 
1.052329669e+000 1.925202895e+000 
1.041867241e+000 1.919789204e+000 
1.049636879e+000 1.924243857e+000 
1.105048196e+000 1.945706973e+000 
1.074238558e+000 1.935029255e+000 
1.090864328e+000 1.941288162e+000 
1.102324747e+000 1.945375432e+000 
1.105214973e+000 1.945743500e+000 
1.050966757e+000 1.925071589e+000 
1.087307424e+000 1.940106568e+000 
1.098271541e+000 1.944205852e+000 
1.006656328e+000 1.888760783e+000 
1.108425922e+000 1.947030561e+000 
1.053123413e+000 1.926068064e+000 
1.066687935e+000 1.932207343e+000 
1.012113051e+000 1.897597070e+000 
1.084668568e+000 1.938827295e+000 
1.113363137e+000 1.947951461e+000 
1.093290245e+000 1.942266565e+000 
1.088226593e+000 1.940209667e+000 
1.031941262e+000 1.913712148e+000 
1.087221519e+000 1.940039824e+000 
1.016716363e+000 1.902391982e+000 
1.014984479e+000 1.900787890e+000 
1.025093294e+000 1.908928127e+000 
1.070003846e+000 1.933572910e+000 
1.067739274e+000 1.932734760e+000 
1.028728744e+000 1.911203872e+000 
1.046430788e+000 1.922269650e+000 
1.088452614e+000 1.940596071e+000 
1.041153198e+000 1.918940912e+000 
1.092145054e+000 1.941756398e+000 
1.115856945e+000 1.949069824e+000 
1.010546243e+000 1.895464521e+000 
1.120918686e+000 1.950224041e+000 
1.012305480e+000 1.897753879e+000 
1.008922868e+000 1.893171275e+000 
1.089212387e+000 1.940846664e+000 
1.030411672e+000 1.912565093e+000 
1.058381896e+000 1.928223667e+000 
1.011036076e+000 1.896407618e+000 
1.005269203e+000 1.886351390e+000 
1.020511037e+000 1.905752491e+000 
1.090145843e+000 1.941129833e+000 
1.031586867e+000 1.913273210e+000 
1.095384526e+000 1.942766281e+000 
1.007339902e+000 1.890950861e+000 
1.057390857e+000 1.927781896e+000 
1.091956048e+000 1.941619638e+000 
1.063741921e+000 1.930670483e+000 
1.014872418e+000 1.900493946e+000 
1.011774958e+000 1.897155660e+000 
1.024231636e+000 1.908218887e+000 
1.015272504e+000 1.901045915e+000 
1.025589984e+000 1.909212628e+000 
1.005104757e+000 1.885754992e+000 
1.054657775e+000 1.926614334e+000 
1.010287934e+000 1.895256844e+000 
1.052599010e+000 1.925614472e+000 
1.055783555e+000 1.927203463e+000 
1.058041381e+000 1.928008227e+000 
1.092316402e+000 1.942075746e+000 
1.042516492e+000 1.919979984e+000 
1.077081570e+000 1.936409698e+000 
1.013503059e+000 1.899004090e+000 
1.045084104e+000 1.921481016e+000 
1.009220378e+000 1.893528156e+000 
1.008566900e+000 1.892732683e+000 
1.008281030e+000 1.891680096e+000 
1.036103518e+000 1.916031290e+000 
1.006539673e+000 1.888552639e+000 
1.009532773e+000 1.894405657e+000 
1.040409317e+000 1.918804643e+000 
1.008966986e+000 1.893290157e+000 
1.032546946e+000 1.913932068e+000 
1.043449254e+000 1.920438163e+000 
1.121520370e+000 1.950240611e+000 
1.021537689e+000 1.906400543e+000 
1.012861193e+000 1.898428652e+000 
1.048074292e+000 1.923089792e+000 
1.021007726e+000 1.906026475e+000 
1.058032862e+000 1.927900599e+000 
1.064936319e+000 1.931293122e+000 
1.063648125e+000 1.930522560e+000 
1.020262139e+000 1.905485005e+000 
1.070763618e+000 1.933798387e+000 
1.007739988e+000 1.891433270e+000 
1.008563190e+000 1.892667550e+000 
1.078105621e+000 1.936460174e+000 
1.094867884e+000 1.942561739e+000 
1.007023796e+000 1.889823097e+000 
1.044711110e+000 1.920946263e+000 
1.016316277e+000 1.901785248e+000 
1.066075466e+000 1.932086530e+000 
1.025387928e+000 1.909135661e+000 
1.016677424e+000 1.902240062e+000 
1.059045732e+000 1.928826718e+000 
1.119700863e+000 1.949827725e+000 
1.008963276e+000 1.893225025e+000 
1.018353502e+000 1.903708904e+000 
1.006139586e+000 1.887961036e+000 
1.035085460e+000 1.915552382e+000 
1.112198335e+000 1.947791489e+000 
1.034760521e+000 1.915287742e+000 
1.031924149e+000 1.913285940e+000 
1.011236101e+000 1.896530844e+000 
1.006102665e+000 1.887796517e+000 
1.039756457e+000 1.918688752e+000 
1.115283362e+000 1.948229174e+000 
1.038456668e+000 1.917745675e+000 
1.035764933e+000 1.915855040e+000 
1.000503284e+000 1.032567536e+000 
1.000443133e+000 1.031901101e+000 
1.000005381e+000 1.000519361e+000 
1.000094467e+000 1.009135072e+000 
1.000161677e+000 1.009321960e+000 
1.000056080e+000 1.003767228e+000 
1.000068174e+000 1.003849939e+000 
1.002166330e+000 1.131209903e+000 
1.001996926e+000 1.130420476e+000 
1.002165366e+000 1.131123813e+000 
1.123335822e+000 1.950878258e+000 
1.127950231e+000 1.951427221e+000 
1.425706649e+000 1.992137767e+000 
1.228336197e+000 1.972263925e+000 
1.126749367e+000 1.951199908e+000 
1.410266175e+000 1.991056540e+000 
1.423536128e+000 1.991866515e+000 
1.411850544e+000 1.991584057e+000 
1.180319547e+000 1.964249861e+000 
1.180995862e+000 1.964502364e+000 
1.162110826e+000 1.960757525e+000 
1.152709900e+000 1.958770745e+000 
1.154120475e+000 1.958906582e+000 
1.265406409e+000 1.978046395e+000 
1.171020208e+000 1.962802429e+000 
1.229200392e+000 1.972908808e+000 
1.399527723e+000 1.990514549e+000 
1.728596354e+000 1.999986102e+000 
1.469111529e+000 1.995300663e+000 
1.221196711e+000 1.971516216e+000 
1.464760553e+000 1.994874309e+000 
1.243054486e+000 1.974909034e+000 
1.393614506e+000 1.990039620e+000 
1.378227798e+000 1.988957592e+000 
1.473794663e+000 1.995341449e+000 
1.175143356e+000 1.963974087e+000 
1.166579945e+000 1.962252247e+000 
1.450397507e+000 1.994128473e+000 
1.440224724e+000 1.993421407e+000 
1.171228056e+000 1.962907250e+000 
1.242238348e+000 1.974797770e+000 
1.242011920e+000 1.974596224e+000 
1.703139868e+000 1.999823889e+000 
1.315855533e+000 1.983257696e+000 
1.324937784e+000 1.984461608e+000 
1.314499865e+000 1.983121908e+000 
1.331644747e+000 1.984722111e+000 
1.729801686e+000 2.000000000e+000 
1.151559921e+000 1.958198755e+000 
1.200508045e+000 1.968071673e+000 
1.322302034e+000 1.983841492e+000 
1.226167111e+000 1.971970437e+000 
1.324853549e+000 1.984203161e+000 
1.232527013e+000 1.973282010e+000 
1.323664879e+000 1.984154537e+000 
1.226638633e+000 1.972023020e+000 
1.248709948e+000 1.975129755e+000 
1.237926967e+000 1.974382381e+000 
1.237875513e+000 1.974280626e+000 
1.237266225e+000 1.974116348e+000 
1.138892416e+000 1.955842820e+000 
1.317055474e+000 1.983444467e+000 
1.203074505e+000 1.968958808e+000 
1.707880927e+000 1.999902880e+000 
1.142516817e+000 1.956921533e+000 
1.195221211e+000 1.967097084e+000 
1.136988432e+000 1.955548173e+000 
1.495728412e+000 1.996080269e+000 
1.131390439e+000 1.953951280e+000 
1.149385024e+000 1.957831069e+000 
1.140806622e+000 1.956388475e+000 
1.192131474e+000 1.966141350e+000 
1.583667232e+000 1.998593830e+000 
1.134810983e+000 1.954698239e+000 
1.714530539e+000 1.999955703e+000 
1.183881454e+000 1.964926867e+000 
1.134149197e+000 1.954545685e+000 
1.130264731e+000 1.953422371e+000 
1.129534308e+000 1.952998701e+000 
1.150694221e+000 1.957982779e+000 
1.187372500e+000 1.965446410e+000 
1.285443226e+000 1.980715369e+000 
1.178708743e+000 1.964150863e+000 
1.704356467e+000 1.999870968e+000 
1.286663048e+000 1.980840761e+000 
1.158518202e+000 1.960639819e+000 
1.318259600e+000 1.983501125e+000 
1.159938438e+000 1.960646288e+000 
1.163954030e+000 1.961930510e+000 
1.155121186e+000 1.959788012e+000 
1.127987019e+000 1.952637696e+000 
1.130873625e+000 1.953673787e+000 
1.154830744e+000 1.958959619e+000 
1.301473367e+000 1.982232199e+000 
1.299787066e+000 1.982154226e+000 
1.279150522e+000 1.979774465e+000 
1.595501542e+000 1.998829962e+000 
1.279462383e+000 1.980178620e+000 
1.256958433e+000 1.977377169e+000 
1.253572960e+000 1.977123265e+000 
1.268540123e+000 1.978728285e+000 
1.261459694e+000 1.977823579e+000 
1.284248754e+000 1.980427856e+000 
1.329450426e+000 1.984521819e+000 
1.302238926e+000 1.982445384e+000 
1.298054504e+000 1.982076628e+000 
1.294717451e+000 1.981578064e+000 
1.219729144e+000 1.971235818e+000 
1.288126083e+000 1.981306955e+000 
1.330519344e+000 1.984666078e+000 
1.284899563e+000 1.980484991e+000 
1.322360913e+000 1.983992529e+000 
1.431006780e+000 1.992629358e+000 
1.296695655e+000 1.981600346e+000 
1.395799093e+000 1.990434287e+000 
1.609193559e+000 1.999070811e+000 
1.189240402e+000 1.965911909e+000 
1.272486552e+000 1.979004633e+000 
1.271266868e+000 1.978989759e+000 
1.608473554e+000 1.999035678e+000 
1.239345441e+000 1.974414598e+000 
1.261217178e+000 1.977632009e+000 
1.597126476e+000 1.998978263e+000 
1.249473754e+000 1.975727379e+000 
1.235128138e+000 1.973432688e+000 
1.251205757e+000 1.976233431e+000 
1.599487849e+000 1.999026010e+000 
1.251759187e+000 1.976247479e+000 
1.253240613e+000 1.976512245e+000 
1.192844069e+000 1.966603743e+000 
1.202187284e+000 1.968179999e+000 
1.696759610e+000 1.999752360e+000 
1.198907657e+000 1.967765296e+000 
1.197331308e+000 1.967428629e+000 
1.213951877e+000 1.970577160e+000 
1.222737009e+000 1.971836299e+000 
1.213131123e+000 1.970376373e+000 
1.209700201e+000 1.969727103e+000 
1.222948011e+000 1.971856785e+000 
1.213398446e+000 1.970563112e+000 
1.199461087e+000 1.967779344e+000 
1.367905532e+000 1.988251842e+000 
1.379133794e+000 1.989243760e+000 
1.340641463e+000 1.985659243e+000 
1.685614997e+000 1.999723604e+000 
1.217911338e+000 1.970603805e+000 
1.393926107e+000 1.990073986e+000 
1.482856601e+000 1.995570262e+000 
1.350707550e+000 1.986334986e+000 
1.370518015e+000 1.988437471e+000 
1.434517050e+000 1.992781132e+000 
1.445224869e+000 1.993656218e+000 
1.450731843e+000 1.994157801e+000 
1.340597800e+000 1.985416934e+000 
1.434587910e+000 1.993196877e+000 
1.454465989e+000 1.994289650e+000 
1.448012439e+000 1.993852402e+000 
1.661656526e+000 1.999698732e+000 
1.439538830e+000 1.993227941e+000 
1.658954144e+000 1.999546588e+000 
1.442215529e+000 1.993485639e+000 
1.551275341e+000 1.998280625e+000 
1.557410351e+000 1.998289390e+000 
1.542819414e+000 1.998074940e+000 
1.537690741e+000 1.997671612e+000 
1.663487151e+000 1.999701768e+000 
1.526781033e+000 1.997443705e+000 
1.515475306e+000 1.997028326e+000 
1.486877241e+000 1.995872056e+000 
1.491932809e+000 1.995962476e+000 
1.529245983e+000 1.997449317e+000 
1.516487643e+000 1.997256885e+000 
1.538434256e+000 1.997784875e+000 
1.522679608e+000 1.997267999e+000 
1.384117117e+000 1.989486159e+000 
1.377548201e+000 1.988786521e+000 
1.354758184e+000 1.986958256e+000 
1.516096614e+000 1.997056286e+000 
1.376226604e+000 1.988742839e+000 
1.512247499e+000 1.996959766e+000 
1.498236537e+000 1.996228071e+000 
1.501130242e+000 1.996623363e+000 
1.506114319e+000 1.996716010e+000 
1.625744701e+000 1.999441342e+000 
1.632912793e+000 1.999528407e+000 
1.346444821e+000 1.985916591e+000 
1.566578966e+000 1.998330955e+000 
1.631876815e+000 1.999493648e+000 
1.628726667e+000 1.999481696e+000 
1.570042171e+000 1.998382492e+000 
1.624344361e+000 1.999371011e+000 
1.584265886e+000 1.998790614e+000 
1.359043952e+000 1.987278031e+000 
1.335927705e+000 1.985059329e+000 
1.363709554e+000 1.987568486e+000 
1.363807821e+000 1.987615490e+000 
1.353536770e+000 1.986651476e+000 
1.497499063e+000 1.996154281e+000 
1.492372072e+000 1.995992243e+000 
1.618684131e+000 1.999125422e+000 
1.574165461e+000 1.998436786e+000 
1.598432467e+000 1.999016078e+000 
1.389339754e+000 1.990025895e+000 
1.417376385e+000 1.991651778e+000 
1.402334956e+000 1.990668646e+000 
1.403606694e+000 1.990697294e+000 
1.574833365e+000 1.998454720e+000 
1.576248586e+000 1.998465832e+000 
1.582086378e+000 1.998538949e+000 

