1.002096524e+000 1.063876063e+000 
1.002272811e+000 1.064170288e+000 
1.002413034e+000 1.065865260e+000 
1.002558775e+000 1.066148513e+000 
1.002524720e+000 1.065883372e+000 
1.002244624e+000 1.063965038e+000 
1.002407166e+000 1.065765445e+000 
1.002051301e+000 1.061641538e+000 
1.001933747e+000 1.061538420e+000 
1.002845071e+000 1.068556649e+000 
1.002962625e+000 1.068661522e+000 
1.001908261e+000 1.059155954e+000 
1.000009075e+000 1.000910592e+000 
1.000030262e+000 1.000911942e+000 
1.000118811e+000 1.000987035e+000 
1.000075927e+000 1.000986956e+000 
1.000069179e+000 1.000986719e+000 
1.000012694e+000 1.000910974e+000 
1.000138253e+000 1.000987191e+000 
1.011747412e+000 1.675213382e+000 
1.139161333e+000 1.830264676e+000 
1.127597543e+000 1.819729706e+000 
1.091719265e+000 1.788555293e+000 
1.010536577e+000 1.672062275e+000 
1.032678872e+000 1.717036400e+000 
1.097051770e+000 1.794000516e+000 
1.093478182e+000 1.791361225e+000 
1.005901176e+000 1.657070025e+000 
1.011807105e+000 1.675634802e+000 
1.032750327e+000 1.717168935e+000 
1.006627336e+000 1.659698025e+000 
1.095213931e+000 1.792955541e+000 
1.090250715e+000 1.787911618e+000 
1.153384348e+000 1.840898711e+000 
1.099681673e+000 1.795494318e+000 
1.173629180e+000 1.855665038e+000 
1.012782678e+000 1.677772529e+000 
1.099807519e+000 1.797047730e+000 
1.059769881e+000 1.755993081e+000 
1.089162352e+000 1.787269735e+000 
1.063706054e+000 1.760540420e+000 
1.064577318e+000 1.761231727e+000 
1.088686287e+000 1.787056332e+000 
1.126652249e+000 1.819382798e+000 
1.070594702e+000 1.768323239e+000 
1.118587224e+000 1.813060941e+000 
1.086813183e+000 1.785124730e+000 
1.009320096e+000 1.668690954e+000 
1.120666924e+000 1.813140653e+000 
1.008777823e+000 1.667393089e+000 
1.081367998e+000 1.779158309e+000 
1.008298481e+000 1.664111264e+000 
1.044343784e+000 1.735741172e+000 
1.114185627e+000 1.808715795e+000 
1.006953718e+000 1.660789914e+000 
1.012133488e+000 1.676726691e+000 
1.073122633e+000 1.771176025e+000 
1.133926880e+000 1.825416211e+000 
1.010958656e+000 1.672853491e+000 
1.142160298e+000 1.832534688e+000 
1.034306138e+000 1.720792841e+000 
1.084764663e+000 1.782991405e+000 
1.031056457e+000 1.715583468e+000 
1.093424748e+000 1.791308115e+000 
1.007169609e+000 1.660995890e+000 
1.089325565e+000 1.787334799e+000 
1.111656810e+000 1.806707387e+000 
1.121175809e+000 1.814377385e+000 
1.094117460e+000 1.791639692e+000 
1.015198402e+000 1.683564869e+000 
1.121878334e+000 1.814435711e+000 
1.015309469e+000 1.684521139e+000 
1.062098931e+000 1.758435920e+000 
1.060591630e+000 1.756748047e+000 
1.004034496e+000 1.646920621e+000 
1.016910722e+000 1.687705056e+000 
1.006508780e+000 1.659107417e+000 
1.100651627e+000 1.797511929e+000 
1.065233249e+000 1.761870041e+000 
1.027496024e+000 1.708956962e+000 
1.063525637e+000 1.759616927e+000 
1.014233617e+000 1.681755865e+000 
1.027108670e+000 1.708116279e+000 
1.023632190e+000 1.701847423e+000 
1.053813055e+000 1.748414263e+000 
1.009199902e+000 1.668184305e+000 
1.105259429e+000 1.801020882e+000 
1.026160483e+000 1.706689564e+000 
1.082274431e+000 1.779559341e+000 
1.005144780e+000 1.653312721e+000 
1.138557131e+000 1.828310903e+000 
1.004160017e+000 1.648439618e+000 
1.047008853e+000 1.739505420e+000 
1.003238345e+000 1.642160027e+000 
1.132297938e+000 1.823555755e+000 
1.003005909e+000 1.640764841e+000 
1.079858635e+000 1.777181474e+000 
1.118241498e+000 1.812016562e+000 
1.025023935e+000 1.704548157e+000 
1.051978867e+000 1.746228249e+000 
1.045580055e+000 1.737765760e+000 
1.056655457e+000 1.752174108e+000 
1.076530519e+000 1.774411332e+000 
1.058162758e+000 1.753861981e+000 
1.104961670e+000 1.800899277e+000 
1.025787329e+000 1.706190404e+000 
1.027711790e+000 1.709232141e+000 
1.062721112e+000 1.759219795e+000 
1.024468600e+000 1.704027020e+000 
1.128077268e+000 1.820567501e+000 
1.098931269e+000 1.795307857e+000 
1.030619934e+000 1.714611557e+000 
1.048517414e+000 1.742179552e+000 
1.041399745e+000 1.731405576e+000 
1.031945204e+000 1.716975373e+000 
1.050471566e+000 1.744540376e+000 
1.097775312e+000 1.794235142e+000 
1.045058341e+000 1.736739787e+000 
1.042825521e+000 1.733863932e+000 
1.003530555e+000 1.644561179e+000 
1.049901338e+000 1.743234861e+000 
1.139139286e+000 1.828700417e+000 
1.019456857e+000 1.693882054e+000 
1.004320393e+000 1.649219591e+000 
1.061338342e+000 1.757442296e+000 
1.008539073e+000 1.665939250e+000 
1.038720509e+000 1.727397686e+000 
1.116477916e+000 1.809640061e+000 
1.078232664e+000 1.775571062e+000 
1.016886133e+000 1.687398098e+000 
1.052361933e+000 1.746573368e+000 
1.099108752e+000 1.795326826e+000 
1.020007243e+000 1.694630486e+000 
1.019082564e+000 1.693004978e+000 
1.018335030e+000 1.691606871e+000 
1.016317040e+000 1.686495984e+000 
1.006054140e+000 1.657476815e+000 
1.004712107e+000 1.651080220e+000 
1.040206258e+000 1.729438058e+000 
1.022677078e+000 1.700024682e+000 
1.025756897e+000 1.705993172e+000 
1.065620316e+000 1.762334934e+000 
1.059030511e+000 1.754275702e+000 
1.075759452e+000 1.773208157e+000 
1.036850280e+000 1.724816247e+000 
1.032975412e+000 1.718356089e+000 
1.073440769e+000 1.771266169e+000 
1.072153929e+000 1.769762515e+000 
1.065825543e+000 1.762742979e+000 
1.036183764e+000 1.723412250e+000 
1.056137065e+000 1.751288107e+000 
1.050337742e+000 1.743553291e+000 
1.069811232e+000 1.767226659e+000 
1.061905942e+000 1.758012412e+000 
1.033117257e+000 1.718576276e+000 
1.037518241e+000 1.725269264e+000 
1.000000001e+000 1.000298772e+000 
1.000268316e+000 1.003388814e+000 
1.000315784e+000 1.022055310e+000 
1.000308034e+000 1.021861287e+000 
1.000319404e+000 1.022063578e+000 
1.000229767e+000 1.003134779e+000 
1.000169290e+000 1.002947395e+000 
1.001664845e+000 1.032798455e+000 
1.001284383e+000 1.032486872e+000 
1.001208659e+000 1.032466393e+000 
1.001010395e+000 1.030839110e+000 
1.000433859e+000 1.027102738e+000 
1.000427990e+000 1.027049824e+000 
1.000358135e+000 1.027038692e+000 
1.000487726e+000 1.028717757e+000 
1.000685990e+000 1.030345040e+000 
1.000761714e+000 1.030365519e+000 
1.001824865e+000 1.032853665e+000 
1.001506729e+000 1.032557180e+000 
1.193911208e+000 1.867057971e+000 
1.156515864e+000 1.845462130e+000 
1.279923099e+000 1.922128676e+000 
1.301369207e+000 1.932729583e+000 
1.184125944e+000 1.864084675e+000 
1.161350394e+000 1.849725828e+000 
1.134377181e+000 1.826051773e+000 
1.149510717e+000 1.840775946e+000 
1.295789708e+000 1.929274552e+000 
1.285332408e+000 1.925434839e+000 
1.294382839e+000 1.929261014e+000 
1.143501095e+000 1.834112569e+000 
1.147561251e+000 1.837073262e+000 
1.296019502e+000 1.930549943e+000 
1.145180272e+000 1.835066865e+000 
1.149057708e+000 1.839409923e+000 
1.168289274e+000 1.853728882e+000 
1.171588010e+000 1.855567880e+000 
1.166793167e+000 1.851680216e+000 
1.162752286e+000 1.850524431e+000 
1.154345424e+000 1.845417400e+000 
1.329280099e+000 1.942575734e+000 
1.184676234e+000 1.864444277e+000 
1.247380087e+000 1.902624379e+000 
1.176281987e+000 1.857193682e+000 
1.136834142e+000 1.827365492e+000 
1.165294965e+000 1.851228538e+000 
1.148788621e+000 1.837117671e+000 
1.180395424e+000 1.861760870e+000 
1.171518898e+000 1.855278370e+000 
1.252088541e+000 1.906179680e+000 
1.258142325e+000 1.909823133e+000 
1.249554561e+000 1.905214535e+000 
1.167727922e+000 1.853168669e+000 
1.310745603e+000 1.935308241e+000 
1.124746366e+000 1.818374705e+000 
1.290378808e+000 1.927552022e+000 
1.177247091e+000 1.859776247e+000 
1.135790233e+000 1.826623637e+000 
1.129453227e+000 1.823203460e+000 
1.289885196e+000 1.927251670e+000 
1.276938436e+000 1.920102802e+000 
1.142274011e+000 1.833231151e+000 
1.124576069e+000 1.817765177e+000 
1.163205754e+000 1.851025764e+000 
1.262773934e+000 1.912355575e+000 
1.271171414e+000 1.916459350e+000 
1.254953653e+000 1.908557636e+000 
1.154037231e+000 1.843891711e+000 
1.244166020e+000 1.901811764e+000 
1.234429628e+000 1.896642837e+000 
1.122558465e+000 1.815780114e+000 
1.158956651e+000 1.847981708e+000 
1.272977409e+000 1.918045031e+000 
1.266049518e+000 1.914401579e+000 
1.305198452e+000 1.933247714e+000 
1.343056718e+000 1.948035677e+000 
1.153579923e+000 1.841433310e+000 
1.123067285e+000 1.816007757e+000 
1.148823624e+000 1.837950057e+000 
1.136339114e+000 1.826887520e+000 
1.137313069e+000 1.828300902e+000 
1.309758255e+000 1.934499299e+000 
1.247402530e+000 1.903283306e+000 
1.117035357e+000 1.811628303e+000 
1.146439763e+000 1.837040682e+000 
1.349794998e+000 1.951128389e+000 
1.282440735e+000 1.922708522e+000 
1.140416301e+000 1.830401978e+000 
1.219113043e+000 1.886637004e+000 
1.224280323e+000 1.890010966e+000 
1.321176316e+000 1.939700238e+000 
1.214891064e+000 1.884457363e+000 
1.323791692e+000 1.941027693e+000 
1.323055689e+000 1.940727342e+000 
1.306026554e+000 1.934181224e+000 
1.215384676e+000 1.884757715e+000 
1.287802717e+000 1.926839225e+000 
1.292042362e+000 1.928638359e+000 
1.311353219e+000 1.936274447e+000 
1.334260111e+000 1.945041899e+000 
1.120870259e+000 1.813343565e+000 
1.318619261e+000 1.938334919e+000 
1.275597274e+000 1.919501445e+000 
1.271666694e+000 1.917062711e+000 
1.285016213e+000 1.923967803e+000 
1.565421889e+000 1.999209462e+000 
1.272023075e+000 1.917363062e+000 
1.275559644e+000 1.918860772e+000 
1.214208526e+000 1.882302920e+000 
1.259620061e+000 1.909869826e+000 
1.570945244e+000 2.000000000e+000 
1.519250870e+000 1.992671070e+000 
1.329637358e+000 1.943098989e+000 
1.550094321e+000 1.998675955e+000 
1.338451820e+000 1.947151649e+000 
1.378799086e+000 1.960777434e+000 
1.213338340e+000 1.881945357e+000 
1.109975728e+000 1.801209800e+000 
1.332696143e+000 1.944943308e+000 
1.348841479e+000 1.950404993e+000 
1.410433906e+000 1.969929293e+000 
1.565503283e+000 1.999928063e+000 
1.524619057e+000 1.993882370e+000 
1.346069500e+000 1.950097029e+000 
1.543024248e+000 1.997324451e+000 
1.331177781e+000 1.944642957e+000 
1.330643344e+000 1.944146974e+000 
1.508300521e+000 1.992386290e+000 
1.496100249e+000 1.990025466e+000 
1.548716213e+000 1.998638691e+000 
1.527998710e+000 1.994872383e+000 
1.538539508e+000 1.996978215e+000 
1.492911946e+000 1.988662418e+000 
1.505216527e+000 1.990412075e+000 
1.554066556e+000 1.998990626e+000 
1.488485548e+000 1.987664642e+000 
1.545297412e+000 1.998604017e+000 
1.477851924e+000 1.985951547e+000 
1.464816238e+000 1.982902067e+000 
1.486546781e+000 1.987442305e+000 
1.561944759e+000 1.999193042e+000 
1.465064086e+000 1.983465673e+000 
1.216710390e+000 1.884945840e+000 
1.217220762e+000 1.886046093e+000 
1.225001794e+000 1.892671711e+000 
1.219741538e+000 1.888723579e+000 
1.231748091e+000 1.895343514e+000 
1.430507433e+000 1.975469594e+000 
1.480969376e+000 1.986112680e+000 
1.392183176e+000 1.966139791e+000 
1.400940230e+000 1.968500614e+000 
1.469783161e+000 1.984364086e+000 
1.388424026e+000 1.964453562e+000 
1.388838849e+000 1.964877607e+000 
1.388103355e+000 1.964324763e+000 
1.468002560e+000 1.984218569e+000 
1.391231865e+000 1.965689226e+000 
1.385304435e+000 1.964022722e+000 
1.337083371e+000 1.946784531e+000 
1.326688292e+000 1.942491625e+000 
1.459254960e+000 1.982128020e+000 
1.241678855e+000 1.901228324e+000 
1.250243784e+000 1.905971548e+000 
1.228405466e+000 1.892922570e+000 
1.237123449e+000 1.898867501e+000 
1.235491584e+000 1.897829079e+000 
1.461820873e+000 1.982290726e+000 
1.240540467e+000 1.899889551e+000 
1.260156789e+000 1.911092738e+000 
1.231509271e+000 1.895042326e+000 
1.238196710e+000 1.898909129e+000 
1.229857589e+000 1.894741975e+000 
1.238568352e+000 1.899849006e+000 
1.305949525e+000 1.933517735e+000 
1.261059191e+000 1.911196182e+000 
1.375665570e+000 1.960622290e+000 
1.219429623e+000 1.887205428e+000 
1.214472725e+000 1.884321902e+000 
1.336637343e+000 1.946544412e+000 
1.339360383e+000 1.947623760e+000 
1.205745934e+000 1.878243078e+000 
1.183773006e+000 1.862704863e+000 
1.194017402e+000 1.869601828e+000 
1.210224493e+000 1.881622745e+000 
1.201382177e+000 1.875281792e+000 
1.185687840e+000 1.864569220e+000 
1.208598314e+000 1.880470917e+000 
1.187282472e+000 1.864949132e+000 
1.198497880e+000 1.873285599e+000 
1.205383234e+000 1.877481118e+000 
1.195932236e+000 1.871466185e+000 
1.202195162e+000 1.875774613e+000 
1.179130433e+000 1.860214808e+000 
1.197364427e+000 1.872071188e+000 
1.269683066e+000 1.915559195e+000 
1.275581225e+000 1.919152372e+000 
1.253784423e+000 1.907586771e+000 
1.253256543e+000 1.907274823e+000 
1.448974564e+000 1.980019010e+000 
1.354584052e+000 1.953838190e+000 
1.244589113e+000 1.902618531e+000 
1.551470766e+000 1.998798204e+000 
1.381238811e+000 1.962809895e+000 
1.351592530e+000 1.953288377e+000 
1.357214212e+000 1.955292482e+000 
1.360288177e+000 1.956371829e+000 
1.363976345e+000 1.957228341e+000 
1.350516436e+000 1.952563980e+000 
1.430090557e+000 1.975455045e+000 
1.398370481e+000 1.967773382e+000 
1.369291710e+000 1.958513224e+000 
1.394170056e+000 1.967108075e+000 
1.531141614e+000 1.995674736e+000 
1.436242184e+000 1.977991597e+000 
1.433168219e+000 1.977274458e+000 
1.362775980e+000 1.956482878e+000 
1.400538168e+000 1.968077061e+000 
1.381014554e+000 1.962236086e+000 
1.406699728e+000 1.969713488e+000 
1.366254514e+000 1.957575554e+000 
1.442362207e+000 1.978533007e+000 
1.412071567e+000 1.971225816e+000 
1.403024775e+000 1.969463494e+000 
1.439252382e+000 1.978071753e+000 
1.366180561e+000 1.957562226e+000 
1.445525153e+000 1.979181122e+000 
1.453829533e+000 1.981079330e+000 
1.412841409e+000 1.971810457e+000 
1.441908332e+000 1.978073736e+000 
1.415239606e+000 1.972612249e+000 
1.417979627e+000 1.972990835e+000 
1.420887496e+000 1.973792628e+000 
1.337684328e+000 1.947118515e+000 
1.515263017e+000 1.992501665e+000 
1.423276745e+000 1.973933754e+000 
1.418466357e+000 1.973088817e+000 
1.424609959e+000 1.975188302e+000 
1.452266821e+000 1.980816463e+000 
1.520031324e+000 1.993388547e+000 
1.528460059e+000 1.995299663e+000 
1.504949308e+000 1.990381509e+000 
1.520916329e+000 1.993418255e+000 
1.535632154e+000 1.995954807e+000 
1.320072878e+000 1.939010692e+000 
1.476170525e+000 1.985327334e+000 
1.515613477e+000 1.992589406e+000 
1.505271522e+000 1.990689899e+000 
1.485866471e+000 1.986913088e+000 

