1.008130317e+000 1.770443347e+000 
1.051969256e+000 1.868482445e+000 
1.055066205e+000 1.873134812e+000 
1.091235517e+000 1.914979406e+000 
1.061590366e+000 1.882883009e+000 
1.044615602e+000 1.857555381e+000 
1.014825594e+000 1.792223973e+000 
1.063036864e+000 1.883627774e+000 
1.005224127e+000 1.755607779e+000 
1.017567432e+000 1.799125446e+000 
1.097237865e+000 1.918878586e+000 
1.135949508e+000 1.943219191e+000 
1.111519488e+000 1.929940318e+000 
1.046014480e+000 1.859380341e+000 
1.061526315e+000 1.881308499e+000 
1.017068097e+000 1.798605917e+000 
1.060526274e+000 1.880451395e+000 
1.069839363e+000 1.894206837e+000 
1.097588061e+000 1.919233577e+000 
1.068428920e+000 1.892066479e+000 
1.060174459e+000 1.879539811e+000 
1.113010337e+000 1.930783560e+000 
1.053142755e+000 1.870167272e+000 
1.056269196e+000 1.875181045e+000 
1.025606108e+000 1.819408591e+000 
1.057096873e+000 1.875185081e+000 
1.043638784e+000 1.855622024e+000 
1.057568653e+000 1.876637448e+000 
1.063578200e+000 1.884890559e+000 
1.053555656e+000 1.870815536e+000 
1.053980575e+000 1.871214422e+000 
1.004753660e+000 1.753913160e+000 
1.012020882e+000 1.784602698e+000 
1.025772639e+000 1.820451238e+000 
1.080050440e+000 1.903894798e+000 
1.021978144e+000 1.811186000e+000 
1.011410832e+000 1.782850392e+000 
1.058390321e+000 1.877549587e+000 
1.089999222e+000 1.913253863e+000 
1.059079202e+000 1.878956724e+000 
1.007063334e+000 1.767141183e+000 
1.085056964e+000 1.909496059e+000 
1.009506703e+000 1.776562052e+000 
1.009691872e+000 1.777302758e+000 
1.097558960e+000 1.918990409e+000 
1.006153706e+000 1.761594187e+000 
1.077136660e+000 1.901017026e+000 
1.034721425e+000 1.837360860e+000 
1.033059833e+000 1.835301502e+000 
1.018068383e+000 1.800430156e+000 
1.020249325e+000 1.806103946e+000 
1.047040146e+000 1.860422118e+000 
1.124505036e+000 1.936176131e+000 
1.004223814e+000 1.748675980e+000 
1.033793146e+000 1.836354094e+000 
1.028583231e+000 1.826379678e+000 
1.063170803e+000 1.884371873e+000 
1.119806085e+000 1.934007381e+000 
1.021941439e+000 1.810334340e+000 
1.023499169e+000 1.814700340e+000 
1.008983605e+000 1.775436123e+000 
1.035391106e+000 1.840380411e+000 
1.116255748e+000 1.933280870e+000 
1.034731524e+000 1.837963305e+000 
1.042090722e+000 1.852069965e+000 
1.007394312e+000 1.767185075e+000 
1.123693104e+000 1.935803517e+000 
1.079107965e+000 1.903081202e+000 
1.027390541e+000 1.823842723e+000 
1.045116662e+000 1.857654309e+000 
1.041589662e+000 1.851971038e+000 
1.139370970e+000 1.944125955e+000 
1.036516097e+000 1.841812393e+000 
1.061510715e+000 1.880743807e+000 
1.081502228e+000 1.906071163e+000 
1.047742043e+000 1.862741394e+000 
1.067904793e+000 1.890324913e+000 
1.049041500e+000 1.864197797e+000 
1.027144243e+000 1.823161105e+000 
1.074366467e+000 1.898556760e+000 
1.008748981e+000 1.773820963e+000 
1.022895380e+000 1.813141271e+000 
1.004498738e+000 1.750260553e+000 
1.077126744e+000 1.900946856e+000 
1.058258419e+000 1.876865444e+000 
1.012777009e+000 1.787139753e+000 
1.040418901e+000 1.850128717e+000 
1.038671854e+000 1.845703033e+000 
1.059768968e+000 1.879184719e+000 
1.007581044e+000 1.769509195e+000 
1.044139844e+000 1.855720952e+000 
1.042870243e+000 1.854527253e+000 
1.067633020e+000 1.889548483e+000 
1.024500277e+000 1.816618631e+000 
1.076812801e+000 1.900912009e+000 
1.035180701e+000 1.839420506e+000 
1.037093786e+000 1.843189730e+000 
1.095668969e+000 1.918268042e+000 
1.038791174e+000 1.845741777e+000 
1.008296031e+000 1.772158694e+000 
1.013337435e+000 1.788341276e+000 
1.012177175e+000 1.785778855e+000 
1.014868633e+000 1.792793700e+000 
1.079327435e+000 1.903329946e+000 
1.011178469e+000 1.781115771e+000 
1.005576732e+000 1.756741856e+000 
1.073477750e+000 1.897455244e+000 
1.005868811e+000 1.760634710e+000 
1.049783508e+000 1.865422301e+000 
1.010458215e+000 1.780202615e+000 
1.039588308e+000 1.848195359e+000 
1.029480076e+000 1.828097711e+000 
1.114454215e+000 1.931953878e+000 
1.006077414e+000 1.760951922e+000 
1.075678440e+000 1.899838334e+000 
1.107000392e+000 1.926472496e+000 
1.004882891e+000 1.754341516e+000 
1.010165346e+000 1.777915826e+000 
1.022657052e+000 1.812420810e+000 
1.032195724e+000 1.833928521e+000 
1.042422201e+000 1.853306572e+000 
1.007949317e+000 1.770315913e+000 
1.037816304e+000 1.844798251e+000 
1.023947385e+000 1.815599377e+000 
1.054746822e+000 1.871557784e+000 
1.005125281e+000 1.755148045e+000 
1.035958320e+000 1.841269519e+000 
1.037675223e+000 1.844606332e+000 
1.023386869e+000 1.814453597e+000 
1.097719093e+000 1.919246089e+000 
1.006586320e+000 1.764792076e+000 
1.004706812e+000 1.753170709e+000 
1.005739579e+000 1.759990401e+000 
1.049534222e+000 1.864618555e+000 
1.065701860e+000 1.887307011e+000 
1.030268125e+000 1.829319428e+000 
1.085024108e+000 1.909107261e+000 
1.077726720e+000 1.901638606e+000 
1.091217209e+000 1.913759007e+000 
1.015850872e+000 1.794974248e+000 
1.006111200e+000 1.761324896e+000 
1.008606465e+000 1.772495223e+000 
1.060486205e+000 1.880222877e+000 
1.082720215e+000 1.906576308e+000 
1.005600401e+000 1.758476263e+000 
1.029670664e+000 1.828330746e+000 
1.101813192e+000 1.923332218e+000 
1.138404867e+000 1.943820630e+000 
1.029249999e+000 1.827384311e+000 
1.026229018e+000 1.821132964e+000 
1.006828710e+000 1.765210582e+000 
1.119965600e+000 1.934946321e+000 
1.030766137e+000 1.830308319e+000 
1.028216292e+000 1.825504730e+000 
1.104823763e+000 1.925394614e+000 
1.010408591e+000 1.779531482e+000 
1.021023540e+000 1.808112675e+000 
1.022489584e+000 1.811736560e+000 
1.032939976e+000 1.834533119e+000 
1.018127121e+000 1.801483977e+000 
1.064245789e+000 1.884987736e+000 
1.115626155e+000 1.932049790e+000 
1.124830582e+000 1.937797642e+000 
1.026417648e+000 1.821940300e+000 
1.031735316e+000 1.832264787e+000 
1.129452957e+000 1.940403225e+000 
1.051053108e+000 1.866616000e+000 
1.051652670e+000 1.867245194e+000 
1.087477413e+000 1.910881790e+000 
1.022747533e+000 1.812511743e+000 
1.074334527e+000 1.897746944e+000 
1.076594269e+000 1.900448358e+000 
1.075511363e+000 1.899385390e+000 
1.020538376e+000 1.806916020e+000 
1.080332922e+000 1.904146949e+000 
1.024675030e+000 1.817273934e+000 
1.019451912e+000 1.804619927e+000 
1.139550164e+000 1.944776521e+000 
1.041259471e+000 1.850686430e+000 
1.006226907e+000 1.762329206e+000 
1.014095759e+000 1.790708842e+000 
1.141329298e+000 1.945085947e+000 
1.144856714e+000 1.946811490e+000 
1.022936163e+000 1.813348786e+000 
1.152064510e+000 1.949765443e+000 
1.017115485e+000 1.798661303e+000 
1.074169357e+000 1.897539081e+000 
1.080395814e+000 1.904887791e+000 
1.074302984e+000 1.897691831e+000 
1.142221531e+000 1.945563745e+000 
1.019213584e+000 1.803780070e+000 
1.023190767e+000 1.813649365e+000 
1.018599380e+000 1.802264944e+000 
1.079846512e+000 1.903732968e+000 
1.129139008e+000 1.939381033e+000 
1.017701611e+000 1.799471935e+000 
1.016615147e+000 1.797175843e+000 
1.109102877e+000 1.927764545e+000 
1.096123509e+000 1.918761939e+000 
1.008282389e+000 1.771468074e+000 
1.121456449e+000 1.935789563e+000 
1.019977860e+000 1.805904701e+000 
1.116148325e+000 1.932963898e+000 
1.121423883e+000 1.935757316e+000 
1.063001926e+000 1.883293818e+000 
1.108015716e+000 1.926868415e+000 
1.101700497e+000 1.922251450e+000 
1.013907129e+000 1.789855693e+000 
1.098564468e+000 1.920979153e+000 
1.015710170e+000 1.794524069e+000 
1.011355545e+000 1.781545582e+000 
1.149242242e+000 1.949634672e+000 
1.095413353e+000 1.917803826e+000 
1.114047276e+000 1.931292373e+000 
1.093791393e+000 1.916291788e+000 
1.015107395e+000 1.793531517e+000 
1.088144362e+000 1.911265507e+000 
1.097733129e+000 1.920231803e+000 
1.100075070e+000 1.921465501e+000 
1.046816005e+000 1.860029824e+000 
1.094720530e+000 1.917011596e+000 
1.089828134e+000 1.912991050e+000 
1.100846754e+000 1.921716496e+000 
1.091782661e+000 1.915484550e+000 
1.129021219e+000 1.939186997e+000 
1.142686735e+000 1.945814387e+000 
1.139159319e+000 1.944088845e+000 
1.147950641e+000 1.947573903e+000 
1.127736461e+000 1.939111239e+000 
1.132392298e+000 1.940990026e+000 
1.134055236e+000 1.942434562e+000 
1.130495887e+000 1.940709950e+000 
1.001320151e+000 1.221096842e+000 
1.000599537e+000 1.216442158e+000 
1.001061765e+000 1.216587125e+000 
1.001019411e+000 1.216494582e+000 
1.000472299e+000 1.216045632e+000 
1.001609770e+000 1.221758029e+000 
1.000013642e+000 1.001308161e+000 
1.002010642e+000 1.464662044e+000 
1.002121705e+000 1.468149280e+000 
1.001716546e+000 1.460467901e+000 
1.002047729e+000 1.466128678e+000 
1.002353485e+000 1.469200058e+000 
1.000000000e+000 1.000186493e+000 
1.000020014e+000 1.003886736e+000 
1.002705789e+000 1.636287754e+000 
1.003867747e+000 1.645168666e+000 
1.003624177e+000 1.643929577e+000 
1.002481260e+000 1.635653834e+000 
1.002732481e+000 1.638529365e+000 
1.004121991e+000 1.646606618e+000 
1.003620693e+000 1.641841078e+000 
1.000037088e+000 1.044831695e+000 
1.000309033e+000 1.044841420e+000 
1.000418341e+000 1.045003637e+000 
1.323766548e+000 1.995536606e+000 
1.162261083e+000 1.953771320e+000 
1.320559753e+000 1.994856547e+000 
1.292818977e+000 1.991338165e+000 
1.302383668e+000 1.992710622e+000 
1.356272002e+000 1.999356379e+000 
1.187922526e+000 1.964439744e+000 
1.313826413e+000 1.994073481e+000 
1.188648648e+000 1.964787758e+000 
1.291468281e+000 1.991247497e+000 
1.287106818e+000 1.990756753e+000 
1.323740332e+000 1.995222775e+000 
1.161993633e+000 1.953374225e+000 
1.304812808e+000 1.993172277e+000 
1.358808261e+000 1.999370965e+000 
1.286552223e+000 1.990403667e+000 
1.308096820e+000 1.993532230e+000 
1.278731882e+000 1.989607460e+000 
1.293107806e+000 1.991578361e+000 
1.311611972e+000 1.993778264e+000 
1.361401598e+000 1.999567130e+000 
1.231000776e+000 1.978300489e+000 
1.293450565e+000 1.991709152e+000 
1.215153099e+000 1.973805287e+000 
1.295984871e+000 1.991906047e+000 
1.290749022e+000 1.991132903e+000 
1.321249617e+000 1.994995355e+000 
1.224404233e+000 1.975895019e+000 
1.183213138e+000 1.963134398e+000 
1.310242429e+000 1.993683003e+000 
1.296871635e+000 1.992219878e+000 
1.196838792e+000 1.967512188e+000 
1.224715335e+000 1.976353541e+000 
1.196910236e+000 1.968067765e+000 
1.182777899e+000 1.962913433e+000 
1.287030255e+000 1.990671248e+000 
1.259717333e+000 1.986562291e+000 
1.283990542e+000 1.990180504e+000 
1.152391951e+000 1.950113664e+000 
1.290068007e+000 1.990813694e+000 
1.307560222e+000 1.993229218e+000 
1.301768782e+000 1.992276819e+000 
1.239266416e+000 1.980173477e+000 
1.155556911e+000 1.952216934e+000 
1.154202464e+000 1.950410091e+000 
1.154074496e+000 1.950183161e+000 
1.170345321e+000 1.957026586e+000 
1.351850476e+000 1.998836099e+000 
1.159073911e+000 1.952634390e+000 
1.266258389e+000 1.987611995e+000 
1.264074423e+000 1.987243425e+000 
1.187213774e+000 1.964361210e+000 
1.154595786e+000 1.951264196e+000 
1.150750323e+000 1.949649694e+000 
1.341632331e+000 1.997717195e+000 
1.158863140e+000 1.952425221e+000 
1.275795294e+000 1.988419420e+000 
1.360698587e+000 1.999479720e+000 
1.282421288e+000 1.989807876e+000 
1.268774439e+000 1.987775799e+000 
1.285328630e+000 1.990322950e+000 
1.271345861e+000 1.987808952e+000 
1.160095862e+000 1.953336938e+000 
1.179073324e+000 1.961340811e+000 
1.362864543e+000 1.999575478e+000 
1.170631724e+000 1.957662090e+000 
1.162780900e+000 1.954510884e+000 
1.273045067e+000 1.988204300e+000 
1.265823812e+000 1.987311013e+000 
1.248371895e+000 1.982955752e+000 
1.322699874e+000 1.995150625e+000 
1.249107709e+000 1.982983652e+000 
1.364713859e+000 2.000000000e+000 
1.268223053e+000 1.987628376e+000 
1.246422409e+000 1.982261438e+000 
1.250781556e+000 1.983733297e+000 
1.271508183e+000 1.987942207e+000 
1.233383528e+000 1.979113849e+000 
1.240176125e+000 1.981215833e+000 
1.263727490e+000 1.986936348e+000 
1.217771196e+000 1.973839909e+000 
1.202275959e+000 1.969055614e+000 
1.248180301e+000 1.982941376e+000 
1.162735601e+000 1.954407726e+000 
1.302325840e+000 1.992394828e+000 
1.211871234e+000 1.972190111e+000 
1.167114016e+000 1.956727002e+000 
1.178363034e+000 1.961169296e+000 
1.253708632e+000 1.984681295e+000 
1.181542609e+000 1.962276070e+000 
1.208067717e+000 1.971037516e+000 
1.209599332e+000 1.971679032e+000 
1.209242660e+000 1.971321426e+000 
1.315407643e+000 1.994390636e+000 
1.187935938e+000 1.964683530e+000 
1.213065378e+000 1.973342643e+000 
1.172486116e+000 1.959003309e+000 
1.174314869e+000 1.959796192e+000 
1.174011474e+000 1.959578723e+000 
1.226044850e+000 1.976570592e+000 
1.202999543e+000 1.970215908e+000 
1.228920811e+000 1.977650592e+000 
1.197421186e+000 1.968209988e+000 
1.189751376e+000 1.966182994e+000 
1.211469851e+000 1.971879387e+000 
1.192192997e+000 1.966649281e+000 
1.227364494e+000 1.977349432e+000 
1.236972760e+000 1.979613690e+000 
1.218518020e+000 1.974332243e+000 
1.230876435e+000 1.978273138e+000 
1.219550666e+000 1.975588066e+000 
1.234025885e+000 1.979528549e+000 
1.226085961e+000 1.977202568e+000 
1.212820748e+000 1.972342634e+000 
1.184610440e+000 1.964106157e+000 
1.189093793e+000 1.965569282e+000 
1.247103452e+000 1.982740304e+000 
1.206386839e+000 1.970390684e+000 
1.238214253e+000 1.980029785e+000 
1.239776790e+000 1.980477809e+000 
1.145583065e+000 1.947037341e+000 
1.335370164e+000 1.996647076e+000 
1.275475450e+000 1.988224099e+000 
1.344740641e+000 1.997930920e+000 
1.170411600e+000 1.957641530e+000 
1.176652142e+000 1.959960806e+000 
1.180375049e+000 1.962047315e+000 
1.200817372e+000 1.968530993e+000 
1.201661246e+000 1.969024441e+000 
1.244838034e+000 1.981312301e+000 
1.208977110e+000 1.971202983e+000 
1.337707827e+000 1.996900741e+000 
1.348083850e+000 1.998411113e+000 
1.165625517e+000 1.955740585e+000 
1.164715862e+000 1.955153371e+000 
1.246229605e+000 1.981990427e+000 
1.347471928e+000 1.998225740e+000 
1.341506351e+000 1.997464653e+000 
1.333223122e+000 1.996590392e+000 
1.326879786e+000 1.995637993e+000 
1.332007679e+000 1.996283293e+000 
1.348864512e+000 1.998460213e+000 
1.338373107e+000 1.997371753e+000 
1.330795220e+000 1.996116341e+000 
1.346061432e+000 1.997986493e+000 
1.329632455e+000 1.996102121e+000 

