1.000285855e+000 1.082209649e+000 
1.000335420e+000 1.133399978e+000 
1.000378128e+000 1.136247953e+000 
1.000478117e+000 1.136372680e+000 
1.017862025e+000 1.944111682e+000 
1.053359024e+000 1.972574925e+000 
1.027616441e+000 1.954442022e+000 
1.010992100e+000 1.934290970e+000 
1.060960658e+000 1.977198953e+000 
1.015894909e+000 1.941520421e+000 
1.030364474e+000 1.957132496e+000 
1.014811243e+000 1.940259199e+000 
1.002066593e+000 1.916193243e+000 
1.070604301e+000 1.979489928e+000 
1.004093865e+000 1.923463116e+000 
1.058895688e+000 1.975962694e+000 
1.028942617e+000 1.956166247e+000 
1.006969446e+000 1.928394554e+000 
1.007298983e+000 1.929148672e+000 
1.055249929e+000 1.973638611e+000 
1.066878846e+000 1.978344690e+000 
1.006348292e+000 1.926956874e+000 
1.010260589e+000 1.933701321e+000 
1.024939205e+000 1.952169072e+000 
1.057278338e+000 1.975176722e+000 
1.038138437e+000 1.965097267e+000 
1.064275449e+000 1.977878637e+000 
1.016736867e+000 1.943483642e+000 
1.030897965e+000 1.958477177e+000 
1.018537099e+000 1.944725357e+000 
1.036099756e+000 1.962627182e+000 
1.015938756e+000 1.941966714e+000 
1.010241129e+000 1.932888350e+000 
1.006193160e+000 1.926324921e+000 
1.002831658e+000 1.919287467e+000 
1.013051173e+000 1.938919904e+000 
1.004730066e+000 1.923558434e+000 
1.029372169e+000 1.956791910e+000 
1.035479377e+000 1.962610996e+000 
1.004020333e+000 1.922974520e+000 
1.032698197e+000 1.959611118e+000 
1.015567449e+000 1.941353757e+000 
1.021666995e+000 1.947711476e+000 
1.016243491e+000 1.941992020e+000 
1.007311169e+000 1.930370820e+000 
1.081131367e+000 1.982344977e+000 
1.014181469e+000 1.939205129e+000 
1.026647889e+000 1.953648929e+000 
1.006895913e+000 1.927905958e+000 
1.030651301e+000 1.957646104e+000 
1.008453300e+000 1.931316685e+000 
1.009109455e+000 1.932029173e+000 
1.020153132e+000 1.947660694e+000 
1.072719220e+000 1.979730351e+000 
1.015243150e+000 1.941128833e+000 
1.011335312e+000 1.935270373e+000 
1.030468413e+000 1.957352218e+000 
1.076078811e+000 1.981519658e+000 
1.014661788e+000 1.939896076e+000 
1.069145124e+000 1.978988260e+000 
1.002402106e+000 1.918424392e+000 
1.036362430e+000 1.963366302e+000 
1.008911971e+000 1.931571574e+000 
1.019027974e+000 1.945813622e+000 
1.035257804e+000 1.962408628e+000 
1.045532993e+000 1.969171121e+000 
1.055740780e+000 1.974627967e+000 
1.001426721e+000 1.912222967e+000 
1.032177098e+000 1.959309627e+000 
1.051600603e+000 1.972321673e+000 
1.049258149e+000 1.970934798e+000 
1.012505018e+000 1.936544872e+000 
1.054635320e+000 1.973360897e+000 
1.034562198e+000 1.962135130e+000 
1.047150343e+000 1.969957093e+000 
1.050063045e+000 1.971772918e+000 
1.001451841e+000 1.913304142e+000 
1.034466300e+000 1.961199501e+000 
1.082567586e+000 1.982522993e+000 
1.018876629e+000 1.944978069e+000 
1.009273736e+000 1.932186752e+000 
1.047746478e+000 1.970153911e+000 
1.033999203e+000 1.960003882e+000 
1.033210921e+000 1.959892800e+000 
1.021249377e+000 1.947674490e+000 
1.075395616e+000 1.980839975e+000 
1.016405129e+000 1.942060545e+000 
1.018893601e+000 1.945717335e+000 
1.017751471e+000 1.944078907e+000 
1.057699184e+000 1.975413939e+000 
1.008364350e+000 1.930622490e+000 
1.015230964e+000 1.940769760e+000 
1.053787007e+000 1.973008960e+000 
1.063394523e+000 1.977430083e+000 
1.003130988e+000 1.920354614e+000 
1.013604556e+000 1.939118649e+000 
1.040451393e+000 1.966512890e+000 
1.034028707e+000 1.960790449e+000 
1.011986329e+000 1.935796062e+000 
1.031593571e+000 1.958750675e+000 
1.038130534e+000 1.964101176e+000 
1.009592247e+000 1.932609879e+000 
1.008906493e+000 1.931459568e+000 
1.034132646e+000 1.961010172e+000 
1.014595216e+000 1.939683652e+000 
1.001868393e+000 1.914128900e+000 
1.019723580e+000 1.947035030e+000 
1.005404690e+000 1.924659978e+000 
1.036875154e+000 1.963550754e+000 
1.028603438e+000 1.955302258e+000 
1.077879043e+000 1.982021325e+000 
1.012517204e+000 1.937767021e+000 
1.016417445e+000 1.942426908e+000 
1.005619410e+000 1.926178340e+000 
1.010248402e+000 1.933342248e+000 
1.090120401e+000 1.984876375e+000 
1.014277436e+000 1.939289915e+000 
1.003919271e+000 1.921323656e+000 
1.006718973e+000 1.927332284e+000 
1.003678610e+000 1.921303698e+000 
1.005277687e+000 1.924507518e+000 
1.001881393e+000 1.914167217e+000 
1.022108681e+000 1.949314023e+000 
1.030221750e+000 1.957020440e+000 
1.087806423e+000 1.984374707e+000 
1.094081520e+000 1.985257830e+000 
1.071610734e+000 1.979505248e+000 
1.048485028e+000 1.970234823e+000 
1.046129128e+000 1.969367939e+000 
1.075946120e+000 1.981341642e+000 
1.005119896e+000 1.924128464e+000 
1.039855258e+000 1.966316072e+000 
1.086641134e+000 1.983873040e+000 
1.010050918e+000 1.932844998e+000 
1.047070551e+000 1.969719876e+000 
1.073100789e+000 1.980291220e+000 
1.074371578e+000 1.980792887e+000 
1.043580414e+000 1.968079749e+000 
1.034014187e+000 1.960423697e+000 
1.043349458e+000 1.967500183e+000 
1.048687901e+000 1.970505847e+000 
1.001418698e+000 1.906558586e+000 
1.041392816e+000 1.966864826e+000 
1.042080890e+000 1.967345157e+000 
9.999999998e-001 1.042761927e+000 
1.000630454e+000 1.261993267e+000 
1.001049773e+000 1.272597050e+000 
1.000659889e+000 1.271793948e+000 
1.001347963e+000 1.274641373e+000 
1.000906616e+000 1.272389750e+000 
1.001334963e+000 1.274455216e+000 
1.124958821e+000 1.991316411e+000 
1.025385111e+000 1.952929567e+000 
1.097825443e+000 1.986003717e+000 
1.171150381e+000 1.996105792e+000 
1.132626226e+000 1.992162133e+000 
1.108505089e+000 1.988443663e+000 
1.025206453e+000 1.952839459e+000 
1.106831764e+000 1.987941995e+000 
1.175733327e+000 1.997889931e+000 
1.025487932e+000 1.953358968e+000 
1.093315212e+000 1.985167285e+000 
1.153807893e+000 1.993942326e+000 
1.020006275e+000 1.947173914e+000 
1.122448244e+000 1.990571431e+000 
1.027332493e+000 1.954094663e+000 
1.027267143e+000 1.953732508e+000 
1.151323674e+000 1.993807935e+000 
1.141216356e+000 1.993426480e+000 
1.117842794e+000 1.989704489e+000 
1.100716812e+000 1.986852960e+000 
1.026276214e+000 1.953561465e+000 
1.095151062e+000 1.985588613e+000 
1.119060838e+000 1.990052064e+000 
1.155956544e+000 1.995536549e+000 
1.021762175e+000 1.948380503e+000 
1.153834024e+000 1.995017183e+000 
1.146194901e+000 1.993669793e+000 
1.120519795e+000 1.990277678e+000 
1.113177810e+000 1.989206342e+000 
1.165131798e+000 1.995918004e+000 
1.111258610e+000 1.988461362e+000 
1.028126103e+000 1.954855618e+000 
1.135563700e+000 1.992907114e+000 
1.024634376e+000 1.952117039e+000 
1.022839553e+000 1.950871341e+000 
1.021708868e+000 1.948016292e+000 
1.123491152e+000 1.990797044e+000 
1.023300334e+000 1.951239614e+000 
1.098109701e+000 1.986333594e+000 
1.161057579e+000 1.995779862e+000 
1.104321188e+000 1.987197015e+000 
1.097061687e+000 1.985831926e+000 
1.181511824e+000 1.998028073e+000 
1.196796495e+000 2.000000000e+000 
1.105212676e+000 1.987698683e+000 
1.140542246e+000 1.993150426e+000 
1.086549102e+000 1.982927081e+000 

