1.042398424e+000 1.966245582e+000 
1.052723374e+000 1.971086008e+000 
1.048219756e+000 1.969174495e+000 
1.090202162e+000 1.983275402e+000 
1.041213192e+000 1.965217322e+000 
1.070649726e+000 1.977748458e+000 
1.047902069e+000 1.969166977e+000 
1.034754799e+000 1.962033962e+000 
1.037274994e+000 1.963324780e+000 
1.040054295e+000 1.964951903e+000 
1.039035984e+000 1.964019305e+000 
1.034437112e+000 1.962026444e+000 
1.024956741e+000 1.956126264e+000 
1.056251030e+000 1.972891459e+000 
1.055085603e+000 1.971935473e+000 
1.053963856e+000 1.971669127e+000 
1.055758206e+000 1.972373391e+000 
1.045660418e+000 1.967395262e+000 
1.029631369e+000 1.959113160e+000 
1.024059820e+000 1.955152337e+000 
1.046759492e+000 1.968824832e+000 
1.069988168e+000 1.976837927e+000 
1.032410670e+000 1.960740283e+000 
1.060754648e+000 1.974802972e+000 
1.051263110e+000 1.970736345e+000 
1.049846349e+000 1.969299257e+000 
1.058467474e+000 1.973580640e+000 
1.052405687e+000 1.971078490e+000 
1.066256646e+000 1.976089489e+000 
1.046998079e+000 1.969077201e+000 
1.064577141e+000 1.976002101e+000 
1.066762249e+000 1.976239863e+000 
1.027500579e+000 1.957685143e+000 
1.003300686e+000 1.936742194e+000 
1.028652224e+000 1.958199960e+000 
1.039627451e+000 1.964343266e+000 
1.027736043e+000 1.957753387e+000 
1.026625782e+000 1.956913799e+000 
1.050100791e+000 1.969425673e+000 
1.045342731e+000 1.967387744e+000 
1.051819384e+000 1.970996232e+000 
1.064259454e+000 1.975994583e+000 
1.017825271e+000 1.951016681e+000 
1.030288453e+000 1.959554580e+000 
1.038725071e+000 1.963603523e+000 
1.064129630e+000 1.975254150e+000 
1.060300391e+000 1.973723433e+000 
1.055641877e+000 1.972195360e+000 
1.044962382e+000 1.966814380e+000 
1.055324190e+000 1.972187843e+000 
1.047315766e+000 1.969084719e+000 
1.060436961e+000 1.974795455e+000 
1.009084860e+000 1.944520860e+000 
1.038940730e+000 1.963937957e+000 
1.043831101e+000 1.966454297e+000 
1.046377362e+000 1.967961592e+000 
1.055933344e+000 1.972883942e+000 
1.058149787e+000 1.973573122e+000 
1.050339378e+000 1.969678042e+000 
1.051501697e+000 1.970988714e+000 
1.053646169e+000 1.971661609e+000 
1.026974611e+000 1.957170111e+000 
1.031649238e+000 1.960157007e+000 
1.046584355e+000 1.968149577e+000 
1.051254588e+000 1.970461878e+000 
1.062751840e+000 1.974897878e+000 
1.029001053e+000 1.958456273e+000 
1.039727226e+000 1.964703300e+000 
1.042080737e+000 1.966238064e+000 
1.021951155e+000 1.953945050e+000 
1.033675680e+000 1.961443169e+000 
1.041971580e+000 1.965636945e+000 
1.071690447e+000 1.977939152e+000 
1.028129911e+000 1.957831937e+000 
1.057930535e+000 1.972978847e+000 
1.072008134e+000 1.977946670e+000 
1.067867954e+000 1.976740024e+000 
1.073511819e+000 1.978347865e+000 
1.068185641e+000 1.976747541e+000 
1.017089167e+000 1.950953785e+000 
1.020598523e+000 1.953236794e+000 
1.046157511e+000 1.967540940e+000 
1.031525239e+000 1.959571692e+000 
1.035356211e+000 1.962036039e+000 
1.033329769e+000 1.960749878e+000 
1.035673898e+000 1.962043557e+000 
1.044891920e+000 1.966794207e+000 
1.044574233e+000 1.966786689e+000 
1.035815518e+000 1.962088447e+000 
1.036939489e+000 1.962790290e+000 
1.040892461e+000 1.965046152e+000 
1.038044173e+000 1.963589015e+000 
1.041653893e+000 1.965629428e+000 
1.036140004e+000 1.962410830e+000 
1.044353193e+000 1.966667448e+000 
1.035822317e+000 1.962403312e+000 
1.039309183e+000 1.964291901e+000 
1.036281624e+000 1.962455720e+000 
1.036839640e+000 1.962477697e+000 
1.024821252e+000 1.955735613e+000 
1.079911237e+000 1.980643490e+000 
1.025482710e+000 1.956641296e+000 
1.005536805e+000 1.939511153e+000 
1.000000000e+000 1.928844012e+000 
1.019107036e+000 1.951997633e+000 
1.066542260e+000 1.976126265e+000 
1.028440674e+000 1.957997551e+000 
1.016858698e+000 1.950206491e+000 
1.031207552e+000 1.959564175e+000 
1.083733730e+000 1.981842618e+000 
1.084051417e+000 1.981850136e+000 
1.076274746e+000 1.979037971e+000 
1.028271531e+000 1.957876828e+000 
1.006530702e+000 1.940706190e+000 
1.062434153e+000 1.974890360e+000 
1.071513502e+000 1.977751830e+000 
1.076546098e+000 1.979192866e+000 
1.026401809e+000 1.956650891e+000 
1.076305137e+000 1.979090379e+000 
1.074472219e+000 1.978947586e+000 
1.070332040e+000 1.977740940e+000 
1.073194132e+000 1.978340347e+000 
1.074154533e+000 1.978940069e+000 
1.060146979e+000 1.973668028e+000 
1.070235414e+000 1.977144592e+000 
1.070267146e+000 1.977515937e+000 
1.008050230e+000 1.943687274e+000 
1.014250043e+000 1.948345465e+000 
1.010398555e+000 1.945273133e+000 
1.021715692e+000 1.953858659e+000 
1.007443568e+000 1.942324198e+000 
1.006853099e+000 1.941345648e+000 
1.005818468e+000 1.940490136e+000 
1.004502175e+000 1.938655641e+000 
1.003015072e+000 1.936460955e+000 
1.012968277e+000 1.947364514e+000 
1.001595324e+000 1.932627015e+000 
1.000426215e+000 1.929600493e+000 
1.014840828e+000 1.949162644e+000 
1.021894910e+000 1.953867070e+000 
1.014560197e+000 1.948740168e+000 
1.015671316e+000 1.949896465e+000 
1.027050792e+000 1.957241144e+000 
1.018586703e+000 1.951658514e+000 
1.023006481e+000 1.954911135e+000 
1.021133478e+000 1.953283794e+000 
1.005372427e+000 1.939281831e+000 
1.027812224e+000 1.957824420e+000 
1.013798765e+000 1.948098335e+000 
1.024503565e+000 1.955728096e+000 
1.022477123e+000 1.954441934e+000 
1.010013291e+000 1.944653463e+000 
1.020433926e+000 1.952877707e+000 
1.023654602e+000 1.954983627e+000 
1.006688720e+000 1.941116326e+000 
1.019697822e+000 1.952814811e+000 
1.024390255e+000 1.955199334e+000 
1.011933647e+000 1.946530928e+000 
1.023742134e+000 1.955144820e+000 
1.015576933e+000 1.949225540e+000 
1.045998188e+000 1.967435491e+000 
1.007960893e+000 1.942756072e+000 
1.021195358e+000 1.953519540e+000 
1.001169109e+000 1.931870534e+000 
1.012232173e+000 1.947301618e+000 
1.013062661e+000 1.948035439e+000 
1.009277187e+000 1.944590568e+000 
1.021971850e+000 1.954055264e+000 
1.010851211e+000 1.945595722e+000 
1.013806198e+000 1.948306773e+000 
1.019399296e+000 1.952021835e+000 
1.002118081e+000 1.934766692e+000 
1.010711736e+000 1.945367358e+000 
1.002970271e+000 1.935629119e+000 
1.008978660e+000 1.943819877e+000 
1.004139380e+000 1.937164641e+000 
1.014636685e+000 1.949040594e+000 
1.021442493e+000 1.953586063e+000 
1.018663192e+000 1.951958940e+000 
1.027369060e+000 1.957292509e+000 
1.006926262e+000 1.941922486e+000 
1.009881249e+000 1.944633537e+000 
1.017945344e+000 1.951135866e+000 
1.014379110e+000 1.948446186e+000 
1.026777593e+000 1.956968548e+000 
1.026607629e+000 1.956709233e+000 
1.029395502e+000 1.958578671e+000 
1.019634759e+000 1.952166784e+000 
1.010808181e+000 1.945385351e+000 
1.018137223e+000 1.951462056e+000 
1.016790641e+000 1.950183095e+000 
1.000948972e+000 1.931740170e+000 
1.010260425e+000 1.944800829e+000 
1.016702657e+000 1.950174713e+000 
1.011137680e+000 1.946078425e+000 
1.005654089e+000 1.940260814e+000 
1.004337796e+000 1.938426319e+000 
1.018072406e+000 1.951164047e+000 
1.016054536e+000 1.950120200e+000 
1.011197542e+000 1.946468033e+000 
1.008242556e+000 1.943756982e+000 
1.012028030e+000 1.947201854e+000 
1.011130809e+000 1.945630831e+000 
1.145587403e+000 1.993717256e+000 
1.121136850e+000 1.990170637e+000 
1.116087010e+000 1.989381262e+000 
1.099953288e+000 1.985747165e+000 
1.090240781e+000 1.983343417e+000 
1.105157754e+000 1.987542261e+000 
1.157919849e+000 1.995065462e+000 
1.086386553e+000 1.982324503e+000 
1.096958494e+000 1.985369017e+000 
1.121596157e+000 1.990223045e+000 
1.109511994e+000 1.988230912e+000 
1.142875743e+000 1.993599922e+000 
1.081899156e+000 1.981497731e+000 
1.219706023e+000 1.998894186e+000 
1.067595630e+000 1.976277399e+000 
1.063362455e+000 1.975032435e+000 
1.081835985e+000 1.981418435e+000 
1.137989332e+000 1.993131111e+000 
1.304128593e+000 1.999648076e+000 
1.080424223e+000 1.980915768e+000 
1.102487924e+000 1.986863167e+000 
1.164873059e+000 1.996032359e+000 
1.077391435e+000 1.980199505e+000 
1.084568986e+000 1.982178321e+000 
1.106932474e+000 1.988080602e+000 
1.114386546e+000 1.988924411e+000 
1.080061265e+000 1.980880095e+000 
1.095140927e+000 1.985222835e+000 
1.100650033e+000 1.986244035e+000 
1.094288664e+000 1.984689923e+000 
1.087601774e+000 1.982894584e+000 
1.123332856e+000 1.990512672e+000 
1.084931944e+000 1.982213995e+000 
1.140412425e+000 1.993437028e+000 
1.320493472e+000 1.999688080e+000 
1.083094053e+000 1.981596358e+000 
1.097980203e+000 1.985564941e+000 
1.174288697e+000 1.996764686e+000 
1.157766183e+000 1.994969540e+000 
1.090542897e+000 1.983395825e+000 
1.121606351e+000 1.990235930e+000 
1.230396187e+000 1.999098682e+000 
1.262642421e+000 1.999386511e+000 
1.174095145e+000 1.996288161e+000 
1.240019097e+000 1.999164215e+000 
1.245491078e+000 1.999303892e+000 
1.213517215e+000 1.998648975e+000 
1.224877254e+000 1.999041212e+000 
1.318363994e+000 1.999686838e+000 
1.122984807e+000 1.990369227e+000 
1.097291532e+000 1.985373146e+000 
1.117217642e+000 1.989663329e+000 
1.092471097e+000 1.984543741e+000 
1.087963376e+000 1.983245514e+000 
1.088827151e+000 1.983248887e+000 
1.090633206e+000 1.983924609e+000 
1.143392940e+000 1.993677569e+000 
1.156243903e+000 1.994964170e+000 
1.215284111e+000 1.998871408e+000 
1.075920605e+000 1.979004256e+000 
1.088964326e+000 1.983249642e+000 
1.123047144e+000 1.990453027e+000 
1.224676656e+000 1.999016063e+000 
1.086511226e+000 1.982847424e+000 
1.130516023e+000 1.992052055e+000 
1.278822369e+000 1.999457864e+000 
1.167652929e+000 1.996035878e+000 
1.301564517e+000 1.999609489e+000 
1.169823792e+000 1.996182060e+000 
1.213341368e+000 1.998644847e+000 
1.373761437e+000 1.999998759e+000 
1.222688718e+000 1.998994411e+000 
1.240335315e+000 1.999219034e+000 
1.243188343e+000 1.999224909e+000 
1.217612186e+000 1.998893060e+000 
1.233073164e+000 1.999136415e+000 
1.114453769e+000 1.988980107e+000 
1.186373374e+000 1.997534012e+000 
1.045180469e+000 1.966967616e+000 
1.192618949e+000 1.997928407e+000 
1.076769219e+000 1.979485085e+000 
1.112049455e+000 1.988845450e+000 
1.075343256e+000 1.978990218e+000 
1.135171495e+000 1.992437887e+000 
1.169376770e+000 1.996079576e+000 
1.136171765e+000 1.992984928e+000 
1.139424769e+000 1.993381076e+000 
1.268529335e+000 1.999388952e+000 
1.132460225e+000 1.992281768e+000 
1.134151523e+000 1.992379671e+000 
1.186624819e+000 1.997662670e+000 
1.139326991e+000 1.993196844e+000 
1.184045299e+000 1.997512359e+000 
1.187871849e+000 1.997763962e+000 
1.209566495e+000 1.998618860e+000 
1.127905947e+000 1.991985275e+000 
1.094845346e+000 1.984697440e+000 
1.083650735e+000 1.981603876e+000 
1.190290874e+000 1.997906755e+000 
1.089383834e+000 1.983256404e+000 
1.138751286e+000 1.993135239e+000 
1.181640480e+000 1.997147669e+000 
1.101206715e+000 1.986251552e+000 
1.080980905e+000 1.980923286e+000 
1.281639513e+000 1.999457870e+000 
1.091189889e+000 1.983932126e+000 
1.348898606e+000 1.999887034e+000 
1.151141561e+000 1.994599575e+000 
1.202502025e+000 1.998495857e+000 
1.258277654e+000 1.999365201e+000 
1.179348036e+000 1.996993969e+000 
1.091517461e+000 1.983933548e+000 
1.181498640e+000 1.997144280e+000 
1.170232450e+000 1.996186188e+000 
1.131076524e+000 1.992193802e+000 
1.100485820e+000 1.985996264e+000 
1.130743486e+000 1.992189674e+000 
1.070217736e+000 1.976947827e+000 
1.102041691e+000 1.986764069e+000 
1.092327512e+000 1.984396363e+000 
1.142004290e+000 1.993531386e+000 
1.109480937e+000 1.988119767e+000 
1.375890916e+000 2.000000000e+000 
1.117996664e+000 1.990014518e+000 
1.181165602e+000 1.997140152e+000 
1.152740802e+000 1.994622111e+000 
1.139009304e+000 1.993189327e+000 
1.105014169e+000 1.987394884e+000 
1.299643236e+000 1.999597579e+000 
1.207533107e+000 1.998520361e+000 
1.114923452e+000 1.989365641e+000 
1.101959512e+000 1.986685479e+000 
1.182518099e+000 1.997326549e+000 
1.102342093e+000 1.986832857e+000 
1.097834372e+000 1.985534631e+000 
1.091904692e+000 1.984030843e+000 
1.094997342e+000 1.985075457e+000 
1.128925920e+000 1.992043491e+000 
1.342100620e+000 1.999815226e+000 
1.195321956e+000 1.997931259e+000 
1.162666949e+000 1.995228339e+000 
1.163108951e+000 1.995273776e+000 
1.211894570e+000 1.998640512e+000 
1.121964834e+000 1.990311011e+000 
1.117123599e+000 1.989659201e+000 
1.154093298e+000 1.994813860e+000 
1.222594693e+000 1.998898934e+000 
1.303198333e+000 1.999631328e+000 
1.132894090e+000 1.992339984e+000 
1.159580600e+000 1.995121392e+000 
1.104159659e+000 1.986979040e+000 
1.155910865e+000 1.994960042e+000 
1.150923236e+000 1.994475928e+000 
1.158061469e+000 1.995110353e+000 
1.153502756e+000 1.994626239e+000 
1.160338874e+000 1.995208255e+000 
1.125165094e+000 1.990847097e+000 
1.124907076e+000 1.990793009e+000 
1.198074016e+000 1.998247644e+000 
1.196256450e+000 1.998101461e+000 
1.200224620e+000 1.998397954e+000 
1.198835970e+000 1.998251772e+000 
1.114599864e+000 1.989026028e+000 
1.303158169e+000 1.999618142e+000 
1.111545207e+000 1.988316624e+000 
1.120576184e+000 1.990164829e+000 
1.148137347e+000 1.993996504e+000 
1.124145122e+000 1.990788881e+000 
1.127255371e+000 1.991498285e+000 
1.119016636e+000 1.990072734e+000 
1.123347528e+000 1.990700914e+000 
1.099086272e+000 1.985647343e+000 
1.164683146e+000 1.995579598e+000 
1.126402185e+000 1.991410319e+000 
1.150716867e+000 1.994146815e+000 
1.163921192e+000 1.995575470e+000 
1.137191738e+000 1.993043145e+000 
1.281738602e+000 1.999464263e+000 
1.119814230e+000 1.990160701e+000 
1.149954913e+000 1.994142687e+000 
1.149696895e+000 1.994088599e+000 
1.172663757e+000 1.996244171e+000 
1.204830100e+000 1.998517509e+000 
1.238055671e+000 1.999142290e+000 
1.322224201e+000 1.999718316e+000 
1.295874663e+000 1.999548709e+000 
1.281819085e+000 1.999541203e+000 
1.355649857e+000 1.999961280e+000 
1.281760065e+000 1.999469384e+000 
1.278816633e+000 1.999396624e+000 
1.327299392e+000 1.999798805e+000 
1.354735569e+000 1.999911771e+000 
1.316209970e+000 1.999678453e+000 
1.324039430e+000 1.999734263e+000 
1.327020492e+000 1.999792788e+000 

