1.000081487e+000 1.000000484e+000 
1.000023817e+000 1.000000144e+000 
1.000000000e+000 1.000000000e+000 
1.000360890e+000 1.000000785e+000 
1.000027805e+000 1.000000181e+000 
1.000360972e+000 1.000000787e+000 
1.000237842e+000 1.000000740e+000 
1.000276460e+000 1.000000741e+000 
1.000475572e+000 1.000001060e+000 
1.000078326e+000 1.000000445e+000 
1.000411411e+000 1.000001050e+000 
1.000407423e+000 1.000001014e+000 
1.000110732e+000 1.000000712e+000 
1.000996510e+000 1.000001382e+000 
1.000671629e+000 1.000001349e+000 
1.000120430e+000 1.000000739e+000 
1.000335842e+000 1.000000750e+000 
1.000074338e+000 1.000000409e+000 
1.034336555e+000 1.674246803e+000 
1.037916899e+000 1.684012940e+000 
1.044348427e+000 1.697369514e+000 
1.044872321e+000 1.698441417e+000 
1.060654257e+000 1.724598268e+000 
1.066475193e+000 1.733556692e+000 
1.089590900e+000 1.762419990e+000 
1.038262642e+000 1.684629083e+000 
1.039998329e+000 1.688699654e+000 
1.043091326e+000 1.694679603e+000 
1.103127059e+000 1.776928070e+000 
1.194635132e+000 1.842253396e+000 
1.108294532e+000 1.780486895e+000 
1.060840243e+000 1.724885045e+000 
1.089641465e+000 1.762491241e+000 
1.031678622e+000 1.666076516e+000 
1.116617133e+000 1.788015207e+000 
1.133491248e+000 1.802171225e+000 
1.035014929e+000 1.675963745e+000 
1.033319281e+000 1.671367242e+000 
1.048004043e+000 1.703676676e+000 
1.058135067e+000 1.720098283e+000 
1.032428837e+000 1.668613493e+000 
1.094251226e+000 1.768063975e+000 
1.049054725e+000 1.705314289e+000 
1.076075254e+000 1.745085624e+000 
1.033070177e+000 1.670188899e+000 
1.169856215e+000 1.828522118e+000 
1.051295382e+000 1.708949989e+000 
1.034030162e+000 1.673509709e+000 
1.266484557e+000 1.876808407e+000 
1.074177637e+000 1.743739066e+000 
1.095819969e+000 1.769382880e+000 
1.257774415e+000 1.874981208e+000 
1.255892033e+000 1.874079224e+000 
1.113044930e+000 1.785490975e+000 
1.043593655e+000 1.695757518e+000 
1.069231910e+000 1.737374672e+000 
1.087707210e+000 1.760202622e+000 
1.098706571e+000 1.772722421e+000 
1.031989928e+000 1.667052236e+000 
1.035709823e+000 1.678282317e+000 
1.037409759e+000 1.682684618e+000 
1.132981016e+000 1.801748581e+000 
1.037649416e+000 1.683332413e+000 
1.050543996e+000 1.707536768e+000 
1.036727098e+000 1.681157829e+000 
1.033451373e+000 1.671849636e+000 
1.081773094e+000 1.753979290e+000 
1.134108600e+000 1.802774981e+000 
1.055041196e+000 1.715281944e+000 
1.059185738e+000 1.722391591e+000 
1.039625728e+000 1.687507373e+000 
1.042011002e+000 1.692750579e+000 
1.233014742e+000 1.861602443e+000 
1.118726483e+000 1.790074626e+000 
1.072621658e+000 1.741794523e+000 
1.090583431e+000 1.763472840e+000 
1.113878672e+000 1.786319792e+000 
1.111095290e+000 1.783474084e+000 
1.065081209e+000 1.730935399e+000 
1.102679414e+000 1.776224860e+000 
1.098566175e+000 1.772177871e+000 
1.045167678e+000 1.698683147e+000 
1.263669394e+000 1.876022260e+000 
1.034201164e+000 1.674044621e+000 
1.037610279e+000 1.683245610e+000 
1.093011340e+000 1.766949445e+000 
1.054505621e+000 1.714686332e+000 
1.102628849e+000 1.776153609e+000 
1.060313336e+000 1.724021273e+000 
1.060425003e+000 1.724300533e+000 
1.059866296e+000 1.723338733e+000 
1.042370420e+000 1.693170178e+000 
1.041511463e+000 1.691637917e+000 
1.058539112e+000 1.720563955e+000 
1.087074122e+000 1.759332373e+000 
1.086933727e+000 1.758787822e+000 
1.107233873e+000 1.780285516e+000 
1.043848888e+000 1.696260014e+000 
1.080043628e+000 1.751928184e+000 
1.090025252e+000 1.763021116e+000 
1.058840967e+000 1.721659862e+000 
1.046262877e+000 1.700423533e+000 
1.047814154e+000 1.703391255e+000 
1.054031602e+000 1.713587585e+000 
1.092320190e+000 1.765653910e+000 
1.042986769e+000 1.694599238e+000 
1.088952446e+000 1.761304708e+000 
1.042873121e+000 1.694406395e+000 
1.059977963e+000 1.723618137e+000 
1.083000354e+000 1.755182552e+000 
1.063246625e+000 1.728602414e+000 
1.264323729e+000 1.876081204e+000 
1.112207563e+000 1.785042993e+000 
1.096620092e+000 1.770129900e+000 
1.147514520e+000 1.813396873e+000 
1.099583285e+000 1.773105867e+000 
1.195257536e+000 1.843256263e+000 
1.110655336e+000 1.783351883e+000 
1.253950470e+000 1.873117485e+000 
1.085525539e+000 1.758320259e+000 
1.203176317e+000 1.846273822e+000 
1.097978702e+000 1.771348155e+000 
1.252843636e+000 1.872688596e+000 
1.251568761e+000 1.871786906e+000 
1.052839053e+000 1.711271760e+000 
1.068286160e+000 1.736255535e+000 
1.078501527e+000 1.749659354e+000 
1.065716209e+000 1.732418946e+000 
1.084109132e+000 1.756629714e+000 
1.110487570e+000 1.783087565e+000 
1.203832145e+000 1.846721450e+000 
1.146909648e+000 1.812725764e+000 
1.071254901e+000 1.740208476e+000 
1.200080427e+000 1.844739049e+000 
1.053025584e+000 1.711696089e+000 
1.053730852e+000 1.712867967e+000 
1.072275382e+000 1.741715435e+000 
1.142932711e+000 1.809886705e+000 
1.105465681e+000 1.778625358e+000 
1.065144402e+000 1.731148227e+000 
1.113481086e+000 1.785633056e+000 
1.116777252e+000 1.788507033e+000 
1.064680889e+000 1.730846309e+000 
1.146396056e+000 1.812340426e+000 
1.078559572e+000 1.749928063e+000 
1.250359582e+000 1.871764821e+000 
1.069586368e+000 1.737822400e+000 
1.068387101e+000 1.736336200e+000 
1.079769966e+000 1.751476007e+000 
1.146300231e+000 1.812095036e+000 
1.139362733e+000 1.806987353e+000 
1.074364504e+000 1.744254582e+000 
1.076167943e+000 1.746691613e+000 
1.145106993e+000 1.811862181e+000 
1.233065377e+000 1.862385025e+000 
1.077723847e+000 1.748844678e+000 
1.146756934e+000 1.812474884e+000 
1.061876420e+000 1.726336922e+000 
1.142372035e+000 1.809443337e+000 
1.232810855e+000 1.861556207e+000 
1.166540965e+000 1.826790990e+000 
1.140158494e+000 1.807604360e+000 
1.175840797e+000 1.832446479e+000 
1.241133619e+000 1.867042092e+000 
1.164593202e+000 1.825069402e+000 
1.172819510e+000 1.830968788e+000 
1.171924941e+000 1.830604184e+000 
1.177835950e+000 1.834052277e+000 
1.167939578e+000 1.827967853e+000 
1.132893567e+000 1.801404701e+000 
1.185038904e+000 1.838064074e+000 
1.151630728e+000 1.815924542e+000 
1.235118757e+000 1.863651226e+000 
1.156846982e+000 1.820793406e+000 
1.155938209e+000 1.820154417e+000 
1.161914236e+000 1.824451243e+000 
1.152059426e+000 1.816664586e+000 
1.149214661e+000 1.814042635e+000 
1.276909214e+000 1.880049555e+000 
1.179304522e+000 1.834915052e+000 
1.218243421e+000 1.853794491e+000 
1.236692522e+000 1.864588351e+000 
1.234293285e+000 1.863321731e+000 
1.129977815e+000 1.798176484e+000 
1.187526353e+000 1.839524929e+000 
1.236136991e+000 1.864016692e+000 
1.161798016e+000 1.823856747e+000 
1.173603982e+000 1.831548989e+000 
1.155557524e+000 1.819737150e+000 
1.183688918e+000 1.837192543e+000 
1.180073986e+000 1.835590636e+000 
1.242079815e+000 1.867772630e+000 
1.277027420e+000 1.880540246e+000 
1.190119192e+000 1.840863026e+000 
1.227096475e+000 1.858911190e+000 
1.230030031e+000 1.860925569e+000 
1.246158562e+000 1.869579993e+000 
1.223309146e+000 1.856214037e+000 
1.245888134e+000 1.869266740e+000 
1.230550291e+000 1.861521269e+000 
1.208248661e+000 1.849508274e+000 
1.208351493e+000 1.850025488e+000 
1.210683218e+000 1.851210654e+000 
1.249877124e+000 1.871242214e+000 
1.207408074e+000 1.849195877e+000 
1.208936008e+000 1.850167953e+000 
1.194669157e+000 1.842526573e+000 
1.205315223e+000 1.847471974e+000 
1.206550183e+000 1.848351421e+000 
1.058112257e+000 1.716186812e+000 
1.120385384e+000 1.792450503e+000 
1.119835909e+000 1.792076988e+000 
1.119322102e+000 1.791790040e+000 
1.122318132e+000 1.793947663e+000 
1.117616958e+000 1.789574796e+000 
1.117321115e+000 1.789516085e+000 
1.121047234e+000 1.793100371e+000 
1.120019834e+000 1.792110484e+000 
1.227851517e+000 1.859568851e+000 
1.111561725e+000 1.783902162e+000 
1.101804965e+000 1.773851767e+000 
1.109179866e+000 1.782079976e+000 
1.199464469e+000 1.844150695e+000 
1.201051969e+000 1.845473007e+000 
1.115469592e+000 1.787764977e+000 
1.111603472e+000 1.784062339e+000 
1.269790396e+000 1.876896370e+000 
1.272369443e+000 1.878117455e+000 
1.102040684e+000 1.774040511e+000 
1.114258267e+000 1.786741595e+000 
1.205282467e+000 1.847350985e+000 
1.186281009e+000 1.838870433e+000 
1.104542266e+000 1.777274977e+000 
1.118805246e+000 1.790919993e+000 
1.188462763e+000 1.840334983e+000 
1.108401680e+000 1.781251365e+000 
1.238678001e+000 1.865022217e+000 
1.115076763e+000 1.787542555e+000 
1.187633288e+000 1.839866882e+000 
1.116850385e+000 1.788904696e+000 
1.197639536e+000 1.843824168e+000 
1.224775552e+000 1.857936957e+000 
1.138272764e+000 1.805461677e+000 
1.190354433e+000 1.841590579e+000 
1.124894346e+000 1.795552544e+000 
1.131330002e+000 1.800714899e+000 
1.213782587e+000 1.852495845e+000 
1.125996754e+000 1.796573057e+000 
1.130040740e+000 1.799593241e+000 
1.125545238e+000 1.796496960e+000 
1.130537053e+000 1.800073323e+000 
1.124941807e+000 1.795819561e+000 
1.210968133e+000 1.851350783e+000 
1.122146543e+000 1.793615008e+000 
1.145073178e+000 1.810128645e+000 
1.153526340e+000 1.817218043e+000 
1.215698196e+000 1.853596640e+000 
1.155170730e+000 1.818272741e+000 
1.218921966e+000 1.855063963e+000 
1.153214362e+000 1.816752974e+000 
1.204162843e+000 1.846889956e+000 
1.018762960e+000 1.123807802e+000 
1.026100886e+000 1.137452743e+000 
1.015680158e+000 1.115986820e+000 
1.016540953e+000 1.118681368e+000 
1.015816787e+000 1.116278005e+000 
1.017187815e+000 1.120052965e+000 
1.021536928e+000 1.129595860e+000 
1.025973512e+000 1.137358917e+000 
1.016372197e+000 1.117596688e+000 
1.016763608e+000 1.118854659e+000 
1.021090871e+000 1.128664741e+000 
1.017919736e+000 1.122120338e+000 
1.017561623e+000 1.121058790e+000 
1.019048796e+000 1.124650190e+000 
1.018568246e+000 1.123549981e+000 
1.019119413e+000 1.124743648e+000 
1.018987066e+000 1.124404948e+000 
1.024080391e+000 1.134275925e+000 
1.020952355e+000 1.128454443e+000 
1.020047637e+000 1.126480024e+000 
1.022846275e+000 1.132126312e+000 
1.018057588e+000 1.122589739e+000 
1.022564964e+000 1.131536628e+000 
1.020016488e+000 1.126382954e+000 
1.023244781e+000 1.132776498e+000 
1.024687607e+000 1.135177036e+000 
1.024828754e+000 1.135439900e+000 
1.025465893e+000 1.136453771e+000 
1.023308125e+000 1.132793481e+000 
1.001344284e+000 1.001929112e+000 
1.001272531e+000 1.001926791e+000 
1.002667030e+000 1.002117404e+000 
1.002185518e+000 1.002068422e+000 
1.001861290e+000 1.002027263e+000 
1.001723211e+000 1.001995648e+000 
1.001952733e+000 1.002032161e+000 
1.002320187e+000 1.002076896e+000 
1.002024740e+000 1.002035714e+000 
1.001919798e+000 1.002027338e+000 
1.003101769e+000 1.002159453e+000 
1.001149643e+000 1.001859614e+000 
1.001994171e+000 1.002035064e+000 
1.002649056e+000 1.002116839e+000 
1.001187215e+000 1.001892849e+000 
1.002289619e+000 1.002076245e+000 
1.003723166e+000 1.002234472e+000 
1.002278749e+000 1.002073992e+000 
1.003109651e+000 1.002160283e+000 
1.001619111e+000 1.001987825e+000 
1.001554110e+000 1.001971268e+000 
1.001400668e+000 1.001948178e+000 
1.002562088e+000 1.002109028e+000 
1.002531520e+000 1.002108378e+000 
1.001205231e+000 1.001893459e+000 
1.002915907e+000 1.002152138e+000 
1.003810254e+000 1.002238611e+000 
1.002851746e+000 1.002136134e+000 
1.002248180e+000 1.002073342e+000 
1.003277550e+000 1.002190788e+000 
1.002467360e+000 1.002092374e+000 
1.003140219e+000 1.002160934e+000 
1.001452697e+000 1.001961783e+000 
1.002965330e+000 1.002156698e+000 
1.002946475e+000 1.002152788e+000 
1.001394780e+000 1.001938439e+000 
1.003326973e+000 1.002195347e+000 
1.001128455e+000 1.001859553e+000 
1.001166026e+000 1.001892789e+000 
1.003448611e+000 1.002199962e+000 
1.003361523e+000 1.002195822e+000 
1.001237780e+000 1.001895109e+000 
1.002838094e+000 1.002121612e+000 
1.003392092e+000 1.002196473e+000 
1.001314556e+000 1.001929014e+000 
1.001983301e+000 1.002032811e+000 
1.003479180e+000 1.002200612e+000 
1.001323096e+000 1.001929051e+000 
1.001532921e+000 1.001971207e+000 
1.001293368e+000 1.001928954e+000 
1.001216591e+000 1.001895048e+000 
1.001204884e+000 1.001892884e+000 
1.003159679e+000 1.002162255e+000 
1.026965794e+000 1.197485415e+000 
1.029864138e+000 1.204843063e+000 
1.027351546e+000 1.198374754e+000 
1.026798061e+000 1.196468177e+000 
1.029760954e+000 1.204499741e+000 
1.029544363e+000 1.204253718e+000 
1.003895785e+000 1.005293871e+000 
1.004872912e+000 1.005595667e+000 
1.003826322e+000 1.005280810e+000 
1.003961861e+000 1.005368844e+000 
1.004296767e+000 1.005380578e+000 
1.005457368e+000 1.005795020e+000 
1.005587804e+000 1.005796545e+000 
1.005900007e+000 1.005897647e+000 
1.004586471e+000 1.005504291e+000 
1.004533768e+000 1.005503969e+000 
1.004464305e+000 1.005490909e+000 
1.004349471e+000 1.005380903e+000 
1.004742476e+000 1.005594147e+000 
1.004820208e+000 1.005595342e+000 
1.004366230e+000 1.005393639e+000 
1.004509368e+000 1.005490960e+000 
1.005177119e+000 1.005705840e+000 
1.004795180e+000 1.005594468e+000 
1.005718490e+000 1.005881129e+000 
1.004924868e+000 1.005596880e+000 
1.005014326e+000 1.005679197e+000 
1.004418933e+000 1.005393964e+000 
1.005847303e+000 1.005897321e+000 
1.005987907e+000 1.005970540e+000 
1.004648614e+000 1.005568076e+000 
1.004718077e+000 1.005581137e+000 
1.012020706e+000 1.052494104e+000 
1.012128373e+000 1.052579811e+000 
1.011844971e+000 1.052161028e+000 
1.012189612e+000 1.052633496e+000 
1.011253500e+000 1.050185965e+000 
1.006275009e+000 1.014856607e+000 
1.006793320e+000 1.015137783e+000 
1.006674017e+000 1.015134228e+000 
1.006109273e+000 1.014808279e+000 
1.006389307e+000 1.014999659e+000 
1.006053363e+000 1.014626100e+000 
1.006315888e+000 1.014919063e+000 
1.008827829e+000 1.029707238e+000 
1.009753352e+000 1.030900187e+000 
1.008679839e+000 1.029583280e+000 
1.008608579e+000 1.029566208e+000 
1.009531514e+000 1.030799165e+000 
1.008366046e+000 1.029170905e+000 
1.008392775e+000 1.029172542e+000 
1.008724960e+000 1.029592056e+000 
1.009861198e+000 1.030901805e+000 
1.009208478e+000 1.030394473e+000 
1.009019836e+000 1.030024121e+000 
1.009726190e+000 1.030876873e+000 
1.009338985e+000 1.030428817e+000 
1.011131692e+000 1.032109741e+000 
1.015653844e+000 1.062081808e+000 
1.013951152e+000 1.059242324e+000 
1.013500945e+000 1.058450994e+000 
1.014557417e+000 1.060102367e+000 
1.014633545e+000 1.060540473e+000 
1.014742183e+000 1.060540487e+000 
1.012282653e+000 1.055912300e+000 
1.014572781e+000 1.060294003e+000 
1.014122575e+000 1.059502673e+000 
1.015119979e+000 1.061272679e+000 
1.012972287e+000 1.056843308e+000 
1.007218508e+000 1.027286534e+000 
1.006844288e+000 1.026426844e+000 
1.007682294e+000 1.028043002e+000 
1.007884340e+000 1.028266644e+000 
1.007189773e+000 1.027255232e+000 
1.007062387e+000 1.026839013e+000 
1.008113742e+000 1.028500023e+000 
1.008315789e+000 1.028725312e+000 
1.007644700e+000 1.027875134e+000 
1.008109115e+000 1.028498045e+000 
1.279296214e+000 1.880755856e+000 
1.292733012e+000 1.901515179e+000 
1.301042422e+000 1.909530351e+000 
1.291952282e+000 1.900158001e+000 
1.304169385e+000 1.912579830e+000 
1.330257682e+000 1.930862179e+000 
1.304869336e+000 1.912954692e+000 
1.279360388e+000 1.881140548e+000 
1.350054599e+000 1.942118409e+000 
1.282077424e+000 1.889992487e+000 
1.336088196e+000 1.934070288e+000 
1.365259739e+000 1.949432972e+000 
1.295898285e+000 1.904925107e+000 
1.296604954e+000 1.905832978e+000 
1.295226270e+000 1.904255084e+000 
1.282632499e+000 1.890640798e+000 
1.278561426e+000 1.880626571e+000 
1.282610861e+000 1.890481102e+000 
1.289201334e+000 1.897432501e+000 
1.337771097e+000 1.935817127e+000 
1.481086400e+000 1.983633968e+000 
1.283545406e+000 1.891074139e+000 
1.351774982e+000 1.942777660e+000 
1.357087626e+000 1.945564425e+000 
1.342899423e+000 1.938285187e+000 
1.339212538e+000 1.935832083e+000 
1.357637089e+000 1.946002470e+000 
1.280707184e+000 1.889982147e+000 
1.313328918e+000 1.918885804e+000 
1.346782687e+000 1.940239159e+000 
1.343691097e+000 1.938306133e+000 
1.458020196e+000 1.978554694e+000 
1.347987779e+000 1.940414200e+000 
1.345503527e+000 1.939369085e+000 
1.303159866e+000 1.911616702e+000 
1.349069024e+000 1.941099411e+000 
1.329042959e+000 1.930661876e+000 
1.344045536e+000 1.939356251e+000 
1.336502331e+000 1.934187787e+000 
1.308520064e+000 1.915762272e+000 
1.336770308e+000 1.935764033e+000 
1.335562474e+000 1.934032217e+000 
1.339216504e+000 1.936824738e+000 
1.339856089e+000 1.936954644e+000 
1.454297963e+000 1.978085788e+000 
1.313223823e+000 1.918396225e+000 
1.351380443e+000 1.942547179e+000 
1.349173895e+000 1.941615745e+000 
1.333807257e+000 1.933813876e+000 
1.285531466e+000 1.893464209e+000 
1.285532404e+000 1.893485339e+000 
1.284092358e+000 1.891857455e+000 
1.291000771e+000 1.899459046e+000 
1.285075910e+000 1.892001709e+000 
1.345971267e+000 1.939669981e+000 
1.356143260e+000 1.945508161e+000 
1.324159094e+000 1.927592994e+000 
1.322617765e+000 1.926534270e+000 
1.285094329e+000 1.892822130e+000 
1.323498929e+000 1.926837558e+000 
1.289991291e+000 1.898443902e+000 
1.318190459e+000 1.922794553e+000 
1.304891349e+000 1.914013525e+000 
1.323007210e+000 1.926691515e+000 
1.308027820e+000 1.915320551e+000 
1.312272007e+000 1.917655953e+000 
1.324965998e+000 1.928246939e+000 
1.308458980e+000 1.915519122e+000 
1.309144991e+000 1.917166659e+000 
1.304402067e+000 1.912859617e+000 
1.313120900e+000 1.918227523e+000 
1.299553652e+000 1.907663303e+000 
1.321341911e+000 1.925811972e+000 
1.341740016e+000 1.937524185e+000 
1.302098999e+000 1.909937120e+000 
1.306368977e+000 1.914983752e+000 
1.325622550e+000 1.928669224e+000 
1.319562501e+000 1.923144468e+000 
1.319853789e+000 1.923886728e+000 
1.301243460e+000 1.909852507e+000 
1.321424864e+000 1.925866271e+000 
1.302114203e+000 1.911440607e+000 
1.348194862e+000 1.940555915e+000 
1.298320785e+000 1.907071863e+000 
1.319966724e+000 1.924752993e+000 
1.346166924e+000 1.939863165e+000 
1.363970659e+000 1.949374485e+000 
1.501900131e+000 1.987525805e+000 
1.371894855e+000 1.953787345e+000 
1.376960977e+000 1.955543650e+000 
1.352863880e+000 1.943152884e+000 
1.383812927e+000 1.958103502e+000 
1.368509837e+000 1.951559342e+000 
1.373151519e+000 1.953963435e+000 
1.386505259e+000 1.959304371e+000 
1.384202467e+000 1.958890308e+000 
1.381371254e+000 1.957192683e+000 
1.358673868e+000 1.946853078e+000 
1.359425024e+000 1.947177468e+000 
1.369071435e+000 1.952648573e+000 
1.363314722e+000 1.949286020e+000 
1.357823543e+000 1.946601842e+000 
1.366017466e+000 1.950839310e+000 
1.375098623e+000 1.954481494e+000 
1.378330055e+000 1.955683612e+000 
1.354855358e+000 1.944320980e+000 
1.443639201e+000 1.975456209e+000 
1.379074830e+000 1.956211175e+000 
1.388760091e+000 1.959685005e+000 
1.401913743e+000 1.964128938e+000 
1.392682379e+000 1.960808363e+000 
1.389953976e+000 1.959991264e+000 
1.399463259e+000 1.963352696e+000 
1.480419935e+000 1.983414356e+000 
1.407557099e+000 1.965499891e+000 
1.387075989e+000 1.959444955e+000 
1.393226024e+000 1.961218120e+000 
1.396531726e+000 1.962011855e+000 
1.446653961e+000 1.976638885e+000 
1.406288649e+000 1.965151831e+000 
1.363092172e+000 1.949139844e+000 
1.353179419e+000 1.943268567e+000 
1.362042583e+000 1.948696547e+000 
1.370766332e+000 1.953081160e+000 
1.367495999e+000 1.950932544e+000 
1.362930551e+000 1.948712356e+000 
1.395837158e+000 1.961751532e+000 
1.452872325e+000 1.977721973e+000 
1.459682259e+000 1.979439285e+000 
1.444473379e+000 1.975463441e+000 
1.445687267e+000 1.976328835e+000 
1.493370377e+000 1.986242796e+000 
1.491630838e+000 1.985964198e+000 
1.507387182e+000 1.988295152e+000 
1.577909965e+000 1.997184051e+000 
1.327347769e+000 1.929507604e+000 
1.330979519e+000 1.931563593e+000 
1.287169827e+000 1.896930348e+000 
1.288778411e+000 1.897295366e+000 
1.296200251e+000 1.905102372e+000 
1.285643047e+000 1.894539791e+000 
1.294550610e+000 1.904004088e+000 
1.320418798e+000 1.925149523e+000 
1.542997345e+000 1.994141734e+000 
1.294472974e+000 1.903820079e+000 
1.293072897e+000 1.901888268e+000 
1.299661014e+000 1.908879973e+000 
1.293780900e+000 1.902928225e+000 
1.286388904e+000 1.895094278e+000 
1.600132757e+000 1.998550795e+000 
1.608387751e+000 1.998962834e+000 
1.326189923e+000 1.929079905e+000 
1.300464067e+000 1.909300851e+000 
1.285869748e+000 1.894905206e+000 
1.330487470e+000 1.931010172e+000 
1.289370221e+000 1.898300243e+000 
1.287573572e+000 1.897268767e+000 
1.306331564e+000 1.914203295e+000 
1.292189235e+000 1.900715543e+000 
1.317446657e+000 1.922157587e+000 
1.327133767e+000 1.929117469e+000 
1.528446503e+000 1.991952238e+000 
1.307940604e+000 1.915022716e+000 
1.524979089e+000 1.991167800e+000 
1.531906856e+000 1.992284076e+000 
1.303812428e+000 1.911891651e+000 
1.291842523e+000 1.900150158e+000 
1.328027456e+000 1.929885139e+000 
1.317272471e+000 1.921393122e+000 
1.291796209e+000 1.900126787e+000 
1.292274123e+000 1.900725962e+000 
1.291992515e+000 1.900402345e+000 
1.295742280e+000 1.904640010e+000 
1.541857551e+000 1.993867305e+000 
1.299229117e+000 1.907171721e+000 
1.300273749e+000 1.908927760e+000 
1.318696572e+000 1.922896664e+000 
1.296415162e+000 1.905155632e+000 
1.297674526e+000 1.906380468e+000 
1.625759449e+000 2.000000000e+000 
1.526390326e+000 1.991625823e+000 
1.590414327e+000 1.997819107e+000 
1.550570626e+000 1.994435316e+000 
1.297179206e+000 1.906264099e+000 
1.600468973e+000 1.998908851e+000 
1.312930779e+000 1.918072152e+000 
1.547257709e+000 1.994385566e+000 
1.623477726e+000 1.999840663e+000 
1.525153788e+000 1.991332854e+000 
1.409319215e+000 1.966418766e+000 
1.600356903e+000 1.998748674e+000 
1.604839652e+000 1.998953761e+000 
1.544318625e+000 1.994270806e+000 
1.599618249e+000 1.998391841e+000 
1.447750952e+000 1.976682249e+000 
1.312338992e+000 1.917992862e+000 
1.312011867e+000 1.917423884e+000 
1.596422043e+000 1.998199893e+000 
1.312310200e+000 1.917814024e+000 
1.315252784e+000 1.921116498e+000 
1.407801824e+000 1.965806603e+000 
1.540174575e+000 1.993745958e+000 
1.582956282e+000 1.997331269e+000 
1.316940874e+000 1.921208270e+000 
1.574044196e+000 1.996852740e+000 
1.596432436e+000 1.998382989e+000 
1.333570818e+000 1.932886028e+000 
1.618439503e+000 1.999401566e+000 
1.312296302e+000 1.917789670e+000 
1.504321544e+000 1.987625443e+000 
1.314165364e+000 1.919627713e+000 
1.541874009e+000 1.993894063e+000 
1.590665881e+000 1.997837918e+000 
1.619227395e+000 1.999528179e+000 
1.610479924e+000 1.999361389e+000 
1.535018862e+000 1.992911362e+000 
1.619821554e+000 1.999798267e+000 
1.592293666e+000 1.997911683e+000 
1.539287997e+000 1.993298269e+000 
1.403195768e+000 1.964402903e+000 
1.610071855e+000 1.999251872e+000 
1.560042159e+000 1.995240064e+000 
1.619331315e+000 1.999757904e+000 
1.332903162e+000 1.932362207e+000 
1.336650052e+000 1.934387665e+000 
1.401789836e+000 1.963700183e+000 
1.401425453e+000 1.963571772e+000 
1.487903060e+000 1.985213603e+000 
1.483272204e+000 1.984550408e+000 
1.516300091e+000 1.989962088e+000 
1.397958986e+000 1.962413777e+000 
1.541922445e+000 1.993900673e+000 
1.586324521e+000 1.997610028e+000 
1.518313697e+000 1.990005008e+000 
1.488713953e+000 1.985402350e+000 
1.592605587e+000 1.998105250e+000 
1.470472962e+000 1.982094564e+000 
1.474806632e+000 1.982923418e+000 
1.475107855e+000 1.982988775e+000 
1.470774186e+000 1.982159922e+000 
1.536706142e+000 1.992944827e+000 
1.533694101e+000 1.992407657e+000 
1.448819148e+000 1.977580662e+000 
1.533232260e+000 1.992403615e+000 
1.451330080e+000 1.977655196e+000 
1.448570523e+000 1.977162376e+000 
1.505093656e+000 1.988285097e+000 
1.451117790e+000 1.977616181e+000 
1.458584647e+000 1.979436757e+000 
1.411806380e+000 1.967115608e+000 
1.392373934e+000 1.960330732e+000 
1.465963705e+000 1.981547320e+000 
1.413868902e+000 1.967575999e+000 
1.413744522e+000 1.967569357e+000 
1.463272898e+000 1.980747180e+000 
1.414614682e+000 1.968288725e+000 
1.416859539e+000 1.968759307e+000 
1.399000788e+000 1.962777570e+000 
1.464311056e+000 1.981282487e+000 
1.469519916e+000 1.981891769e+000 
1.460762931e+000 1.980030863e+000 
1.405653011e+000 1.965061485e+000 
1.419150520e+000 1.969546279e+000 
1.425308776e+000 1.971497975e+000 
1.430768625e+000 1.973109585e+000 
1.434434004e+000 1.974138007e+000 
1.464199933e+000 1.980828983e+000 
1.432108715e+000 1.973178930e+000 
1.420382929e+000 1.969546664e+000 
1.440460799e+000 1.975401449e+000 
1.429287710e+000 1.972336776e+000 
1.415682601e+000 1.968679175e+000 
1.433512651e+000 1.973803610e+000 
1.561280381e+000 1.995305345e+000 
1.430680310e+000 1.972735727e+000 
1.427408386e+000 1.972262161e+000 
1.463228821e+000 1.980656579e+000 
1.421952253e+000 1.970387592e+000 
1.423213246e+000 1.970585534e+000 
1.461668402e+000 1.980479638e+000 
1.454573797e+000 1.978472575e+000 
1.438916231e+000 1.974665520e+000 
1.439338304e+000 1.974680408e+000 
1.442847346e+000 1.975440084e+000 
1.445138642e+000 1.976084555e+000 
1.444487700e+000 1.976019624e+000 
1.515102215e+000 1.989688337e+000 
1.531701022e+000 1.992260433e+000 
1.531660185e+000 1.992188652e+000 
1.529845687e+000 1.992131055e+000 
1.566841864e+000 1.995988425e+000 
1.498047975e+000 1.987214676e+000 
1.589850550e+000 1.997677346e+000 
1.567331315e+000 1.996168915e+000 
1.508436668e+000 1.988853805e+000 
1.566938391e+000 1.995995088e+000 
1.564549222e+000 1.995970614e+000 
1.563374914e+000 1.995380732e+000 
1.514522635e+000 1.989619592e+000 
1.511123002e+000 1.989422317e+000 
1.496456933e+000 1.987005659e+000 
1.563522506e+000 1.995567579e+000 
1.521519299e+000 1.991092890e+000 
1.474383386e+000 1.982782567e+000 
1.507886941e+000 1.988535296e+000 
1.570698666e+000 1.996220573e+000 
1.556798130e+000 1.994779410e+000 
1.554838595e+000 1.994644450e+000 
1.495165891e+000 1.986853198e+000 
1.500024633e+000 1.987274067e+000 
1.481372956e+000 1.984338045e+000 
1.484089074e+000 1.984818834e+000 
1.489624024e+000 1.985639447e+000 
1.476177109e+000 1.983193992e+000 
1.476734259e+000 1.983202808e+000 
1.551269829e+000 1.994530885e+000 
1.520074339e+000 1.990478122e+000 
1.501136569e+000 1.987419680e+000 
1.504675136e+000 1.988122391e+000 
1.520697229e+000 1.990564162e+000 
1.573639899e+000 1.996495582e+000 
1.555244901e+000 1.994661334e+000 
1.556636445e+000 1.994762822e+000 
1.491981669e+000 1.985973646e+000 

