1.078282342e+000 1.896888922e+000 
1.076831410e+000 1.896200992e+000 
1.078984451e+000 1.897493133e+000 
1.084919397e+000 1.900952081e+000 
1.112982325e+000 1.915238547e+000 
1.115652856e+000 1.915971660e+000 
1.135579036e+000 1.925158690e+000 
1.059916255e+000 1.883097333e+000 
1.061485647e+000 1.884650553e+000 
1.071859841e+000 1.893244479e+000 
1.075158419e+000 1.895466496e+000 
1.074151753e+000 1.894728351e+000 
1.062469508e+000 1.885466303e+000 
1.072278932e+000 1.893446773e+000 
1.077663181e+000 1.896622467e+000 
1.086018326e+000 1.901606116e+000 
1.114205383e+000 1.915946834e+000 
1.070275699e+000 1.892190315e+000 
1.244514661e+000 1.953962508e+000 
1.073477142e+000 1.894284612e+000 
1.109458329e+000 1.913739821e+000 
1.138346228e+000 1.925912395e+000 
1.083550831e+000 1.900163655e+000 
1.113809552e+000 1.915702850e+000 
1.290761289e+000 1.960995235e+000 
1.285912497e+000 1.960751278e+000 
1.077885521e+000 1.896855477e+000 
1.063399707e+000 1.886402271e+000 
1.106565963e+000 1.912460548e+000 
1.173675345e+000 1.937440300e+000 
1.247614705e+000 1.954645968e+000 
1.106271347e+000 1.912388898e+000 
1.061751609e+000 1.884828672e+000 
1.301849887e+000 1.963164694e+000 
1.069317486e+000 1.891226079e+000 
1.241649074e+000 1.953391187e+000 
1.068654371e+000 1.890565117e+000 
1.100050935e+000 1.909282453e+000 
1.089865395e+000 1.903967347e+000 
1.073281421e+000 1.894190025e+000 
1.167201241e+000 1.935395602e+000 
1.102589561e+000 1.910699771e+000 
1.071716798e+000 1.893013603e+000 
1.072447158e+000 1.893495518e+000 
1.310841568e+000 1.964555140e+000 
1.104120362e+000 1.911406733e+000 
1.104291915e+000 1.911486334e+000 
1.194463756e+000 1.942400195e+000 
1.081507618e+000 1.898925479e+000 
1.098026467e+000 1.908399187e+000 
1.084649761e+000 1.900817190e+000 
1.181508823e+000 1.939641024e+000 
1.197747734e+000 1.943369951e+000 
1.245911379e+000 1.954139672e+000 
1.255909759e+000 1.955283019e+000 
1.253801653e+000 1.955265600e+000 
1.089576834e+000 1.903766566e+000 
1.088946491e+000 1.903514621e+000 
1.116239338e+000 1.917017774e+000 
1.067198803e+000 1.889212780e+000 
1.087176113e+000 1.902348270e+000 
1.117455383e+000 1.917495353e+000 
1.175208914e+000 1.937445208e+000 
1.190330687e+000 1.941316256e+000 
1.107734003e+000 1.913033860e+000 
1.065802923e+000 1.888097103e+000 
1.066086520e+000 1.888425299e+000 
1.094878849e+000 1.906711380e+000 
1.095607361e+000 1.907218726e+000 
1.179320458e+000 1.939000370e+000 
1.099347281e+000 1.908877824e+000 
1.067782840e+000 1.889860774e+000 
1.226832805e+000 1.950074315e+000 
1.063116110e+000 1.886073830e+000 
1.139101350e+000 1.926328507e+000 
1.165468496e+000 1.935001496e+000 
1.199393357e+000 1.943861317e+000 
1.117598114e+000 1.917584931e+000 
1.140486635e+000 1.926754718e+000 
1.143742991e+000 1.928208924e+000 
1.060224922e+000 1.883293011e+000 
1.118751139e+000 1.917980894e+000 
1.086826446e+000 1.902164744e+000 
1.086884370e+000 1.902175570e+000 
1.130621021e+000 1.922853632e+000 
1.270658271e+000 1.957820329e+000 
1.065743581e+000 1.887997803e+000 
1.118814159e+000 1.918062742e+000 
1.085152662e+000 1.900995154e+000 
1.085843997e+000 1.901459839e+000 
1.165229929e+000 1.934972259e+000 
1.270314419e+000 1.957782729e+000 
1.271963649e+000 1.958038531e+000 
1.205302235e+000 1.945228477e+000 
1.093775716e+000 1.906085674e+000 
1.120837522e+000 1.918965203e+000 
1.103021433e+000 1.910753195e+000 
1.140904879e+000 1.926807452e+000 
1.222345550e+000 1.949065139e+000 
1.101099380e+000 1.909947766e+000 
1.089997073e+000 1.904075715e+000 
1.144498634e+000 1.928455097e+000 
1.194910161e+000 1.942608763e+000 
1.090102340e+000 1.904099208e+000 
1.141393490e+000 1.927433133e+000 
1.067248823e+000 1.889224243e+000 
1.224081447e+000 1.949180357e+000 
1.309811831e+000 1.964178248e+000 
1.139853051e+000 1.926589779e+000 
1.225600138e+000 1.949889180e+000 
1.148152950e+000 1.929623091e+000 
1.285904905e+000 1.960057472e+000 
1.119299470e+000 1.918334392e+000 
1.126202016e+000 1.921347003e+000 
1.119621477e+000 1.918487624e+000 
1.080109950e+000 1.898103563e+000 
1.182214671e+000 1.939865491e+000 
1.304096319e+000 1.963515827e+000 
1.116918327e+000 1.917242661e+000 
1.154024855e+000 1.931499117e+000 
1.081402351e+000 1.898902234e+000 
1.294212679e+000 1.961812193e+000 
1.273528477e+000 1.958474296e+000 
1.083048029e+000 1.899742253e+000 
1.200305924e+000 1.944089257e+000 
1.209315878e+000 1.946362826e+000 
1.304918290e+000 1.963636201e+000 
1.113146762e+000 1.915278372e+000 
1.180283946e+000 1.939253850e+000 
1.095409342e+000 1.906943215e+000 
1.279977628e+000 1.959650854e+000 
1.277416136e+000 1.959182611e+000 
1.294038988e+000 1.961325352e+000 
1.101421095e+000 1.909950374e+000 
1.117583895e+000 1.917523496e+000 
1.126394109e+000 1.921420342e+000 
1.301508578e+000 1.963032665e+000 
1.136334679e+000 1.925405764e+000 
1.123218666e+000 1.920057400e+000 
1.199053395e+000 1.943627253e+000 
1.133002164e+000 1.923945952e+000 
1.143156310e+000 1.927944690e+000 
1.132737490e+000 1.923836343e+000 
1.248592233e+000 1.954761895e+000 
1.247049369e+000 1.954438990e+000 
1.239444055e+000 1.952884938e+000 
1.224740748e+000 1.949583404e+000 
1.212322194e+000 1.946576183e+000 
1.133682922e+000 1.924404837e+000 
1.126641171e+000 1.921540614e+000 
1.187403947e+000 1.940591156e+000 
1.167237361e+000 1.935424076e+000 
1.212468715e+000 1.946643974e+000 
1.193568176e+000 1.942184717e+000 
1.143865106e+000 1.928220815e+000 
1.275986354e+000 1.958544419e+000 
1.113659793e+000 1.915556919e+000 
1.113363230e+000 1.915464080e+000 
1.307667740e+000 1.963773267e+000 
1.215154399e+000 1.947265943e+000 
1.149058514e+000 1.929918635e+000 
1.145032161e+000 1.928471540e+000 
1.145516101e+000 1.928696645e+000 
1.230960684e+000 1.950970831e+000 
1.229147178e+000 1.950609434e+000 
1.218211619e+000 1.947662078e+000 
1.170840854e+000 1.936611055e+000 
1.167481271e+000 1.935915757e+000 
1.132703253e+000 1.923821545e+000 
1.169734450e+000 1.936454908e+000 
1.137092168e+000 1.925620121e+000 
1.177444830e+000 1.938302047e+000 
1.142621551e+000 1.927859185e+000 
1.161744383e+000 1.934039058e+000 
1.163034404e+000 1.934493122e+000 
1.218865316e+000 1.948083919e+000 
1.110571795e+000 1.914269053e+000 
1.152115175e+000 1.930987159e+000 
1.157869137e+000 1.932798049e+000 
1.156073070e+000 1.932082297e+000 
1.156483073e+000 1.932438028e+000 
1.224348212e+000 1.949331800e+000 
1.112216429e+000 1.914832745e+000 
1.234202037e+000 1.951787843e+000 
1.175663775e+000 1.937943815e+000 
1.206762934e+000 1.945353418e+000 
1.223687796e+000 1.949071928e+000 
1.208204206e+000 1.945776120e+000 
1.324545726e+000 1.965530353e+000 
1.332955046e+000 1.966101263e+000 
1.260058299e+000 1.956124013e+000 
1.261486017e+000 1.956357274e+000 
1.260820191e+000 1.956183589e+000 
1.258423967e+000 1.955573020e+000 
1.268554719e+000 1.957234128e+000 
1.028470758e+000 1.014447122e+000 
1.030510382e+000 1.014724697e+000 
1.028859844e+000 1.014530324e+000 
1.026597165e+000 1.013967694e+000 
1.027924991e+000 1.014282579e+000 
1.017457974e+000 1.011380140e+000 
1.025463087e+000 1.013753077e+000 
1.020644057e+000 1.012459303e+000 
1.021308094e+000 1.012638655e+000 
1.017587391e+000 1.011409827e+000 
1.026075503e+000 1.013863805e+000 
1.021321447e+000 1.012674070e+000 
1.016749469e+000 1.011044530e+000 
1.024502898e+000 1.013443727e+000 
1.022240113e+000 1.012869546e+000 
1.026756703e+000 1.014058179e+000 
1.019895309e+000 1.012267989e+000 
1.026327068e+000 1.013947925e+000 
1.021985484e+000 1.012853422e+000 
1.017156766e+000 1.011232851e+000 
1.021735134e+000 1.012778599e+000 
1.016970292e+000 1.011214914e+000 
1.018295347e+000 1.011619741e+000 
1.016126614e+000 1.010700248e+000 
1.025993145e+000 1.013814786e+000 
1.024788054e+000 1.013460829e+000 
1.022653800e+000 1.012974608e+000 
1.031075225e+000 1.014939518e+000 
1.025129164e+000 1.013619938e+000 
1.030531876e+000 1.014856630e+000 
1.029279490e+000 1.014560155e+000 
1.016122687e+000 1.010546137e+000 
1.016945213e+000 1.011060664e+000 
1.010788792e+000 1.005972594e+000 
1.012027788e+000 1.006186335e+000 
1.012294412e+000 1.006289381e+000 
1.011136668e+000 1.005997632e+000 
1.013512305e+000 1.006496201e+000 
1.014230767e+000 1.006611540e+000 
1.013131112e+000 1.006404963e+000 
1.016046142e+000 1.006878476e+000 
1.012444636e+000 1.006289624e+000 
1.011332497e+000 1.006083046e+000 
1.011627003e+000 1.006100055e+000 
1.012166050e+000 1.006198385e+000 
1.012722272e+000 1.006304736e+000 
1.012645250e+000 1.006301674e+000 
1.002157659e+000 1.000327113e+000 
1.002164451e+000 1.000327467e+000 
1.002017950e+000 1.000318272e+000 
1.058812041e+000 1.240417704e+000 
1.059559792e+000 1.240964602e+000 
1.058949468e+000 1.240589666e+000 
1.059212001e+000 1.240665348e+000 
1.033445505e+000 1.026472936e+000 
1.033800713e+000 1.026619321e+000 
1.033505778e+000 1.026492667e+000 
1.035673769e+000 1.027364987e+000 
1.031809367e+000 1.025684791e+000 
1.032963449e+000 1.026236017e+000 
1.032572271e+000 1.025991174e+000 
1.032029942e+000 1.025734524e+000 
1.055653115e+000 1.153111716e+000 
1.056527812e+000 1.153803833e+000 
1.057834817e+000 1.154734480e+000 
1.056908647e+000 1.154054062e+000 
1.056088854e+000 1.153515059e+000 
1.056497666e+000 1.153736481e+000 
1.058274835e+000 1.154749361e+000 
1.049297773e+000 1.119742264e+000 
1.048804794e+000 1.119298731e+000 
1.053718698e+000 1.122154614e+000 
1.049606439e+000 1.119974725e+000 
1.050514220e+000 1.120424119e+000 
1.053028161e+000 1.121755490e+000 
1.048928421e+000 1.119525103e+000 
1.052511737e+000 1.121441655e+000 
1.055311340e+000 1.122834935e+000 
1.054801865e+000 1.122583402e+000 
1.051138160e+000 1.120777218e+000 
1.004288404e+000 1.000979992e+000 
1.009529530e+000 1.001182279e+000 
1.004735491e+000 1.001002842e+000 
1.004329568e+000 1.000982152e+000 
1.004424343e+000 1.000996732e+000 
1.003922529e+000 1.000959190e+000 
1.005067518e+000 1.001023999e+000 
1.004524358e+000 1.000998687e+000 
1.004913488e+000 1.001023445e+000 
1.005221836e+000 1.001025691e+000 
1.006065922e+000 1.001065670e+000 
1.003571519e+000 1.000950239e+000 
1.004856385e+000 1.001019843e+000 
1.002352550e+000 1.000863988e+000 
1.003212214e+000 1.000913723e+000 
1.005067806e+000 1.001025138e+000 
1.003052433e+000 1.000908774e+000 
1.007267192e+000 1.001112789e+000 
1.004078572e+000 1.000975156e+000 
1.003071035e+000 1.000909608e+000 
1.003231215e+000 1.000914242e+000 
1.003150698e+000 1.000912223e+000 
1.005051867e+000 1.001023696e+000 
1.003312053e+000 1.000914664e+000 
1.002787903e+000 1.000886838e+000 
1.007012044e+000 1.001094882e+000 
1.003108028e+000 1.000912137e+000 
1.005407736e+000 1.001043099e+000 
1.003842618e+000 1.000956462e+000 
1.005887939e+000 1.001065521e+000 
1.003273885e+000 1.000914328e+000 
1.002633734e+000 1.000882683e+000 
1.010289090e+000 1.001205033e+000 
1.004174646e+000 1.000977618e+000 
1.002992531e+000 1.000907113e+000 
1.010684749e+000 1.001221990e+000 
1.005342731e+000 1.001042693e+000 
1.006124220e+000 1.001067473e+000 
1.002312661e+000 1.000848616e+000 
1.005336588e+000 1.001042266e+000 
1.009865267e+000 1.001198575e+000 
1.002543404e+000 1.000866554e+000 
1.002195292e+000 1.000832161e+000 
1.002286585e+000 1.000848462e+000 
1.009994975e+000 1.001198790e+000 
1.007735235e+000 1.001117860e+000 
1.004565522e+000 1.001000847e+000 
1.010264488e+000 1.001203501e+000 
1.002866537e+000 1.000889331e+000 
1.002202494e+000 1.000832315e+000 
1.002446817e+000 1.000866482e+000 
1.002728002e+000 1.000885176e+000 
1.008806338e+000 1.001159754e+000 
1.003316062e+000 1.000916172e+000 
1.006505947e+000 1.001088371e+000 
1.004809771e+000 1.001004575e+000 
1.007389339e+000 1.001113577e+000 
1.002179213e+000 1.000787976e+000 
1.008587533e+000 1.001155920e+000 
1.007826656e+000 1.001133658e+000 
1.007449361e+000 1.001114964e+000 
1.009705067e+000 1.001195908e+000 
1.008143363e+000 1.001136644e+000 
1.010284163e+000 1.001203876e+000 
1.010465944e+000 1.001218171e+000 
1.009412863e+000 1.001179502e+000 
1.009197386e+000 1.001176230e+000 
1.010036043e+000 1.001201209e+000 
1.010449046e+000 1.001214662e+000 
1.009787359e+000 1.001197200e+000 
1.008999346e+000 1.001173605e+000 
1.009661865e+000 1.001192014e+000 
1.043601720e+000 1.079802953e+000 
1.045847773e+000 1.080884054e+000 
1.037871770e+000 1.077008260e+000 
1.041214207e+000 1.078829982e+000 
1.039836143e+000 1.078200544e+000 
1.041902971e+000 1.079204211e+000 
1.046017685e+000 1.080938467e+000 
1.038071039e+000 1.077173173e+000 
1.042898857e+000 1.079595855e+000 
1.041637354e+000 1.079022731e+000 
1.039462343e+000 1.077930020e+000 
1.001585607e+000 1.000092889e+000 
1.001307374e+000 1.000086417e+000 
1.001383983e+000 1.000090392e+000 
1.001488833e+000 1.000090751e+000 
1.001492865e+000 1.000090830e+000 
1.001926111e+000 1.000096073e+000 
1.001327796e+000 1.000088290e+000 
1.001422703e+000 1.000090699e+000 
1.001731375e+000 1.000093839e+000 
1.001643879e+000 1.000093535e+000 
1.001834818e+000 1.000095982e+000 
1.001497066e+000 1.000091087e+000 
1.046387246e+000 1.107703713e+000 
1.046174783e+000 1.107470745e+000 
1.047491746e+000 1.108403213e+000 
1.000130253e+000 1.000019250e+000 
9.999999999e-001 1.000018475e+000 
1.000041017e+000 1.000018949e+000 
1.000749982e+000 1.000020793e+000 
1.000656467e+000 1.000020446e+000 
1.000845073e+000 1.000020955e+000 
1.001016457e+000 1.000021409e+000 
1.001109972e+000 1.000021756e+000 
1.375272298e+000 1.975866911e+000 
1.444915565e+000 1.986096546e+000 
1.352588396e+000 1.971451760e+000 
1.443222508e+000 1.985936955e+000 
1.440421837e+000 1.985748286e+000 
1.440794012e+000 1.985754608e+000 
1.369431369e+000 1.975091994e+000 
1.375370192e+000 1.976004140e+000 
1.334685910e+000 1.966313290e+000 
1.354682512e+000 1.971569697e+000 
1.347344964e+000 1.969312791e+000 
1.430179750e+000 1.984455227e+000 
1.345978745e+000 1.969071312e+000 
1.451978089e+000 1.986851949e+000 
1.354751806e+000 1.971592579e+000 
1.369957396e+000 1.975139227e+000 
1.331167938e+000 1.965634098e+000 
1.338134287e+000 1.967000444e+000 
1.366557193e+000 1.974420426e+000 
1.402092172e+000 1.980719781e+000 
1.335445139e+000 1.966805248e+000 
1.400329902e+000 1.980608628e+000 
1.374391318e+000 1.975614644e+000 
1.350064682e+000 1.970332354e+000 
1.379464833e+000 1.976864699e+000 
1.371758368e+000 1.975518692e+000 
1.329391095e+000 1.965560772e+000 
1.446900663e+000 1.986419113e+000 
1.442177194e+000 1.985810201e+000 
1.363507636e+000 1.973741212e+000 
1.363064343e+000 1.973267088e+000 
1.389335807e+000 1.978666821e+000 
1.366364181e+000 1.974241457e+000 
1.507500448e+000 1.992415803e+000 
1.358539192e+000 1.972484594e+000 
1.425542957e+000 1.983702683e+000 
1.365757717e+000 1.973886085e+000 
1.387888289e+000 1.978439485e+000 
1.384607200e+000 1.977729654e+000 
1.351430953e+000 1.970883226e+000 
1.366083127e+000 1.974207970e+000 
1.368621659e+000 1.975035637e+000 
1.337283307e+000 1.966931187e+000 
1.330713040e+000 1.965606478e+000 
1.517524457e+000 1.993005099e+000 
1.347714785e+000 1.969532634e+000 
1.462369550e+000 1.987968683e+000 
1.346282371e+000 1.969212243e+000 
1.338208938e+000 1.967692015e+000 
1.342797569e+000 1.968560754e+000 
1.344082864e+000 1.968686154e+000 
1.487080388e+000 1.990384519e+000 
1.450513198e+000 1.986792938e+000 
1.486365159e+000 1.990270977e+000 
1.496897633e+000 1.991501850e+000 
1.499597681e+000 1.991703009e+000 
1.442531184e+000 1.985814688e+000 
1.398408163e+000 1.980135867e+000 
1.332260780e+000 1.965789424e+000 
1.358109349e+000 1.972199801e+000 
1.332201461e+000 1.965637448e+000 
1.342586360e+000 1.968284409e+000 
1.339404709e+000 1.967939249e+000 
1.454594163e+000 1.987238281e+000 
1.332396113e+000 1.965924621e+000 
1.434092322e+000 1.984951355e+000 
1.429858384e+000 1.984426760e+000 
1.423478030e+000 1.983540820e+000 
1.430832733e+000 1.984623206e+000 
1.431767989e+000 1.984759712e+000 
1.423321901e+000 1.983540460e+000 
1.439533477e+000 1.985647042e+000 
1.355891649e+000 1.971829392e+000 
1.359692084e+000 1.972731443e+000 
1.421238512e+000 1.983097273e+000 
1.337859608e+000 1.966946953e+000 
1.374787888e+000 1.975741030e+000 
1.416764711e+000 1.982593046e+000 
1.420050033e+000 1.982848077e+000 
1.348185900e+000 1.969983599e+000 
1.416560808e+000 1.982538811e+000 
1.416373737e+000 1.982515105e+000 
1.417470298e+000 1.982828138e+000 
1.411285842e+000 1.981963257e+000 
1.423723583e+000 1.983655622e+000 
1.412962716e+000 1.982099327e+000 
1.434497991e+000 1.984974444e+000 
1.438574369e+000 1.985474419e+000 
1.422204764e+000 1.983163712e+000 
1.435619480e+000 1.985051401e+000 
1.410626330e+000 1.981822793e+000 
1.427614271e+000 1.984269161e+000 
1.404444231e+000 1.981058893e+000 
1.763055158e+000 2.000000000e+000 
1.403846266e+000 1.980942837e+000 
1.402601531e+000 1.980819610e+000 
1.405815515e+000 1.981251672e+000 
1.408349316e+000 1.981400816e+000 
1.454082910e+000 1.987080876e+000 
1.443786306e+000 1.986093337e+000 
1.461991391e+000 1.987751598e+000 
1.452999209e+000 1.986893960e+000 
1.426378385e+000 1.983953191e+000 
1.750112177e+000 1.999901463e+000 
1.758992573e+000 1.999985855e+000 
1.455275661e+000 1.987335663e+000 
1.372907760e+000 1.975524700e+000 
1.363211450e+000 1.973340900e+000 
1.456193627e+000 1.987384908e+000 
1.361102246e+000 1.973188672e+000 
1.414836808e+000 1.982176496e+000 
1.385812176e+000 1.977896981e+000 
1.401527844e+000 1.980634687e+000 
1.360858591e+000 1.972934689e+000 
1.337232588e+000 1.966913108e+000 
1.360332511e+000 1.972909322e+000 
1.360227296e+000 1.972878959e+000 
1.487136592e+000 1.990418398e+000 
1.347992867e+000 1.969861155e+000 
1.345939800e+000 1.968879441e+000 
1.350952658e+000 1.970529492e+000 
1.364616793e+000 1.973786515e+000 
1.375412537e+000 1.976257452e+000 
1.356464938e+000 1.971900668e+000 
1.373270114e+000 1.975602463e+000 
1.382903202e+000 1.977583816e+000 
1.471122172e+000 1.989116627e+000 
1.345048552e+000 1.968726983e+000 
1.342745554e+000 1.968513562e+000 
1.446271586e+000 1.986283735e+000 
1.388842709e+000 1.978495257e+000 
1.380544592e+000 1.977247605e+000 
1.380474205e+000 1.977069719e+000 
1.376704940e+000 1.976444621e+000 
1.473253587e+000 1.989197389e+000 
1.479991231e+000 1.989895494e+000 
1.377469735e+000 1.976449644e+000 
1.374816309e+000 1.975819193e+000 
1.760203106e+000 1.999990562e+000 
1.463557309e+000 1.988167759e+000 
1.572044591e+000 1.996206821e+000 
1.571793706e+000 1.996196040e+000 
1.754793146e+000 1.999974524e+000 
1.756778963e+000 1.999979909e+000 
1.386213940e+000 1.978036815e+000 
1.399196851e+000 1.980152722e+000 
1.395811121e+000 1.979701148e+000 
1.391866417e+000 1.979088812e+000 
1.394838938e+000 1.979485887e+000 
1.394577861e+000 1.979459947e+000 
1.396894579e+000 1.979915302e+000 
1.393578035e+000 1.979268479e+000 
1.393886832e+000 1.979294864e+000 
1.687196533e+000 1.999369817e+000 
1.699208600e+000 1.999499761e+000 
1.704930525e+000 1.999637251e+000 
1.382644944e+000 1.977360856e+000 
1.409507325e+000 1.981497860e+000 
1.716037362e+000 1.999752276e+000 
1.720749231e+000 1.999828914e+000 
1.720580142e+000 1.999813145e+000 
1.721911271e+000 1.999842809e+000 
1.721658825e+000 1.999834983e+000 
1.713020333e+000 1.999731796e+000 
1.723782680e+000 1.999893642e+000 
1.721966228e+000 1.999881845e+000 
1.535892798e+000 1.994267910e+000 
1.716170037e+000 1.999755036e+000 
1.711626921e+000 1.999684447e+000 
1.524000687e+000 1.993611815e+000 
1.710715857e+000 1.999676981e+000 
1.494265457e+000 1.991166528e+000 
1.491567153e+000 1.990945438e+000 
1.490147032e+000 1.990924082e+000 
1.500464204e+000 1.991828831e+000 
1.536392348e+000 1.994357700e+000 
1.495310259e+000 1.991405209e+000 
1.533943806e+000 1.994241060e+000 
1.527984180e+000 1.994095352e+000 
1.701155605e+000 1.999564423e+000 
1.510614488e+000 1.992635522e+000 
1.514538792e+000 1.992994085e+000 
1.526715558e+000 1.993852587e+000 
1.512920816e+000 1.992830839e+000 
1.703733819e+000 1.999579150e+000 
1.519164208e+000 1.993294953e+000 
1.513469776e+000 1.992893069e+000 
1.465459024e+000 1.988428600e+000 
1.456920588e+000 1.987451731e+000 
1.457868728e+000 1.987736799e+000 
1.462655340e+000 1.988121113e+000 
1.462774243e+000 1.988130571e+000 
1.699911073e+000 1.999526475e+000 
1.524577304e+000 1.993687840e+000 
1.488980738e+000 1.990648922e+000 
1.462806130e+000 1.988155473e+000 
1.483911026e+000 1.990234618e+000 
1.481747151e+000 1.989963935e+000 
1.512860875e+000 1.992778524e+000 
1.468383136e+000 1.988587985e+000 
1.694033862e+000 1.999385010e+000 
1.474216598e+000 1.989310362e+000 
1.481147981e+000 1.989934981e+000 
1.477537082e+000 1.989477098e+000 
1.463722737e+000 1.988195574e+000 
1.561326408e+000 1.995967840e+000 
1.572356731e+000 1.996402796e+000 
1.565784722e+000 1.996189308e+000 
1.537823582e+000 1.994485620e+000 
1.546151051e+000 1.994979910e+000 
1.549520342e+000 1.995153685e+000 
1.550461102e+000 1.995283705e+000 
1.544151327e+000 1.994889008e+000 
1.686337872e+000 1.999303981e+000 
1.616935234e+000 1.998149756e+000 
1.603930899e+000 1.997822603e+000 
1.613299098e+000 1.998006341e+000 
1.526631850e+000 1.993835847e+000 
1.604739413e+000 1.997870050e+000 
1.541460567e+000 1.994689340e+000 
1.547504730e+000 1.995028838e+000 
1.585444597e+000 1.997089167e+000 
1.603765576e+000 1.997790450e+000 
1.602776699e+000 1.997749681e+000 
1.646503376e+000 1.998828392e+000 
1.600767167e+000 1.997688687e+000 
1.560811370e+000 1.995927194e+000 
1.658002953e+000 1.998978364e+000 
1.647019270e+000 1.998850619e+000 
1.576383979e+000 1.996704383e+000 
1.654764342e+000 1.998926812e+000 
1.657928119e+000 1.998958924e+000 
1.590230472e+000 1.997334157e+000 
1.657168234e+000 1.998953941e+000 
1.644098955e+000 1.998749012e+000 
1.595761843e+000 1.997475978e+000 
1.595971441e+000 1.997656385e+000 
1.652174701e+000 1.998869902e+000 
1.608635552e+000 1.997936362e+000 
1.547971151e+000 1.995034781e+000 
1.589221075e+000 1.997304024e+000 
1.623804217e+000 1.998184892e+000 
1.533216846e+000 1.994176883e+000 
1.575203771e+000 1.996636010e+000 
1.553266260e+000 1.995354042e+000 
1.573147428e+000 1.996578037e+000 
1.579280976e+000 1.996786507e+000 
1.577588932e+000 1.996759772e+000 
1.564364912e+000 1.996115633e+000 
1.560497532e+000 1.995873977e+000 
1.685212886e+000 1.999303692e+000 
1.677205636e+000 1.999272747e+000 
1.556406581e+000 1.995639537e+000 
1.585554760e+000 1.997115569e+000 
1.635776183e+000 1.998556810e+000 
1.559185667e+000 1.995790160e+000 
1.635819538e+000 1.998573349e+000 
1.667000942e+000 1.999029704e+000 
1.641364018e+000 1.998652249e+000 
1.636316163e+000 1.998575371e+000 
1.663927297e+000 1.999019177e+000 
1.631093181e+000 1.998437863e+000 
1.628116998e+000 1.998291991e+000 
1.672030264e+000 1.999101987e+000 
1.674496737e+000 1.999138176e+000 
1.670392014e+000 1.999099315e+000 

