1.034863932e+000 1.185967477e+000 
1.037412082e+000 1.186934864e+000 
1.036172856e+000 1.186472619e+000 
1.030169459e+000 1.183245466e+000 
1.030149543e+000 1.183167136e+000 
1.039259519e+000 1.187623571e+000 
1.042145541e+000 1.188532341e+000 
1.033412199e+000 1.185417215e+000 
1.031889763e+000 1.184541974e+000 
1.039002592e+000 1.187520629e+000 
1.033551451e+000 1.185471551e+000 
1.030297149e+000 1.183739043e+000 
1.032152657e+000 1.184842712e+000 
1.029302402e+000 1.182721881e+000 
1.042473987e+000 1.188617182e+000 
1.029223740e+000 1.182655160e+000 
1.034284303e+000 1.185866085e+000 
1.037718108e+000 1.187017928e+000 
1.037306474e+000 1.186918886e+000 
1.028910100e+000 1.182288088e+000 
1.031249541e+000 1.184277066e+000 
1.035674140e+000 1.186371897e+000 
1.038957333e+000 1.187480173e+000 
1.038185535e+000 1.187257171e+000 
1.042931138e+000 1.188734199e+000 
1.035454194e+000 1.186211187e+000 
1.038545700e+000 1.187381131e+000 
1.032125670e+000 1.184621163e+000 
1.029490155e+000 1.182845057e+000 
1.034739804e+000 1.185908937e+000 
1.041926845e+000 1.188468793e+000 
1.032824194e+000 1.185011414e+000 
1.030363277e+000 1.183858422e+000 
1.033396838e+000 1.185400208e+000 
1.029870595e+000 1.183165393e+000 
1.032583448e+000 1.184945234e+000 
1.030484902e+000 1.183862220e+000 
1.043984026e+000 1.189029883e+000 
1.044531168e+000 1.189178272e+000 
1.042860588e+000 1.188694816e+000 
1.044073388e+000 1.189068801e+000 
1.043782119e+000 1.188988554e+000 
1.045977784e+000 1.189536339e+000 
1.046490346e+000 1.189663226e+000 
1.045589244e+000 1.189453085e+000 
1.000087100e+000 1.000000836e+000 
9.999999998e-001 1.000000785e+000 
1.000147222e+000 1.000000841e+000 
1.027840357e+000 1.117909143e+000 
1.028892220e+000 1.118638992e+000 
1.028384500e+000 1.118401018e+000 
1.028026049e+000 1.117955455e+000 
1.028234525e+000 1.118177979e+000 
1.028611387e+000 1.118454795e+000 
1.011853340e+000 1.010422127e+000 
1.010862574e+000 1.010213804e+000 
1.012502800e+000 1.010567658e+000 
1.011182314e+000 1.010379326e+000 
1.014221589e+000 1.010764726e+000 
1.015802664e+000 1.011007464e+000 
1.013870078e+000 1.010723627e+000 
1.014986612e+000 1.010870719e+000 
1.013520105e+000 1.010682387e+000 
1.012901103e+000 1.010576394e+000 
1.014396848e+000 1.010767878e+000 
1.015336585e+000 1.010911959e+000 
1.018723058e+000 1.017863785e+000 
1.022224659e+000 1.018683448e+000 
1.016388403e+000 1.017262464e+000 
1.016758739e+000 1.017333956e+000 
1.020567551e+000 1.018280938e+000 
1.021673205e+000 1.018551888e+000 
1.019318543e+000 1.017915940e+000 
1.019562506e+000 1.018062219e+000 
1.021446149e+000 1.018446966e+000 
1.017032740e+000 1.017430341e+000 
1.016661644e+000 1.017333205e+000 
1.015803339e+000 1.017009042e+000 
1.021571818e+000 1.018453154e+000 
1.015865809e+000 1.017063459e+000 
1.022746416e+000 1.018711387e+000 
1.000182658e+000 1.000001814e+000 
1.000421585e+000 1.000001995e+000 
1.000220815e+000 1.000001929e+000 
1.000391947e+000 1.000001943e+000 
1.000352512e+000 1.000001942e+000 
1.000414695e+000 1.000001944e+000 
1.000213925e+000 1.000001878e+000 
1.000339485e+000 1.000001933e+000 
1.001935567e+000 1.000597862e+000 
1.001833558e+000 1.000582910e+000 
1.002057474e+000 1.000600514e+000 
1.002186408e+000 1.000603125e+000 
1.006710238e+000 1.002845913e+000 
1.005312553e+000 1.002689230e+000 
1.006006232e+000 1.002773799e+000 
1.006489613e+000 1.002817801e+000 
1.005478075e+000 1.002725959e+000 
1.005825146e+000 1.002766667e+000 
1.006807509e+000 1.002853869e+000 
1.006547977e+000 1.002817856e+000 
1.005659162e+000 1.002733091e+000 
1.006583660e+000 1.002845881e+000 
1.005977057e+000 1.002769159e+000 
1.006046621e+000 1.002810027e+000 
1.006452500e+000 1.002814142e+000 
1.006729957e+000 1.002849501e+000 
1.006925540e+000 1.004936022e+000 
1.007038378e+000 1.004939501e+000 
1.007618814e+000 1.005027458e+000 
1.001219323e+000 1.000124690e+000 
1.001624654e+000 1.000127295e+000 
1.001484137e+000 1.000125673e+000 
1.000628963e+000 1.000119260e+000 
1.000530676e+000 1.000116924e+000 
1.000973310e+000 1.000122649e+000 
1.001022222e+000 1.000122722e+000 
1.001550092e+000 1.000127026e+000 
1.001304080e+000 1.000124984e+000 
1.000947661e+000 1.000122452e+000 
1.001409575e+000 1.000125403e+000 
1.000498470e+000 1.000116823e+000 
1.000794444e+000 1.000119577e+000 
1.001522065e+000 1.000126775e+000 
1.001047872e+000 1.000122918e+000 
1.001078805e+000 1.000123068e+000 
1.001293884e+000 1.000124959e+000 
1.001153367e+000 1.000123337e+000 
1.000796731e+000 1.000120625e+000 
1.000902226e+000 1.000121043e+000 
1.000487047e+000 1.000115212e+000 
1.001718178e+000 1.000464533e+000 
1.001680252e+000 1.000463844e+000 
1.001722209e+000 1.000471059e+000 
1.009033505e+000 1.005374539e+000 
1.008169360e+000 1.005205712e+000 
1.009426319e+000 1.005465737e+000 
1.009764017e+000 1.005468772e+000 
1.008715377e+000 1.005304815e+000 
1.009083098e+000 1.005384895e+000 
1.009401225e+000 1.005454619e+000 
1.008537081e+000 1.005285792e+000 
1.008948493e+000 1.005362929e+000 
1.009220750e+000 1.005432654e+000 
1.009029335e+000 1.005371653e+000 
1.008491848e+000 1.005218934e+000 
1.066691087e+000 1.937784855e+000 
1.103628159e+000 1.952215198e+000 
1.114861440e+000 1.955544722e+000 
1.146181436e+000 1.963314178e+000 
1.231202305e+000 1.977192135e+000 
1.154434465e+000 1.965227804e+000 
1.060239479e+000 1.934196779e+000 
1.242302669e+000 1.978519069e+000 
1.050078240e+000 1.927889494e+000 
1.130464649e+000 1.959716956e+000 
1.172232183e+000 1.968890040e+000 
1.056701047e+000 1.931849600e+000 
1.179141597e+000 1.969929156e+000 
1.051742013e+000 1.928803666e+000 
1.100252433e+000 1.951267031e+000 
1.201689881e+000 1.973363267e+000 
1.077008510e+000 1.942188638e+000 
1.081939268e+000 1.944402786e+000 
1.049045516e+000 1.926854905e+000 
1.062083117e+000 1.935135665e+000 
1.075615461e+000 1.941872785e+000 
1.094522162e+000 1.949325632e+000 
1.091795634e+000 1.948264246e+000 
1.047920743e+000 1.926312364e+000 
1.053270788e+000 1.930225751e+000 
1.077598720e+000 1.942616202e+000 
1.102219793e+000 1.951654736e+000 
1.071041975e+000 1.939873825e+000 
1.085526511e+000 1.945769116e+000 
1.120015988e+000 1.956832452e+000 
1.095500870e+000 1.949662978e+000 
1.055230993e+000 1.931403379e+000 
1.054111135e+000 1.930647839e+000 
1.063914086e+000 1.936459974e+000 
1.122701050e+000 1.957646696e+000 
1.063865555e+000 1.936413109e+000 
1.073044426e+000 1.940676559e+000 
1.049703347e+000 1.927666286e+000 
1.051808938e+000 1.928982195e+000 
1.060587432e+000 1.934428849e+000 
1.063217479e+000 1.935815585e+000 
1.062492140e+000 1.935473011e+000 
1.202737036e+000 1.973635084e+000 
1.147870170e+000 1.963732690e+000 
1.153988388e+000 1.965007901e+000 
1.175683879e+000 1.969322751e+000 
1.147338101e+000 1.963546569e+000 
1.066688476e+000 1.937755638e+000 
1.065659348e+000 1.937183343e+000 
1.088881613e+000 1.947259170e+000 
1.128022671e+000 1.959050950e+000 
1.074464708e+000 1.941483560e+000 
1.234683348e+000 1.977650420e+000 
1.071718460e+000 1.940022339e+000 
1.050746991e+000 1.928497129e+000 
1.081318838e+000 1.944072804e+000 
1.149521054e+000 1.964109701e+000 
1.052061029e+000 1.929224566e+000 
1.234060033e+000 1.977481649e+000 
1.051244251e+000 1.928620639e+000 
1.049430293e+000 1.927250273e+000 
1.076019539e+000 1.941932959e+000 
1.210982432e+000 1.974241790e+000 
1.185264094e+000 1.970995601e+000 
1.197533890e+000 1.972804872e+000 
1.089990525e+000 1.947703308e+000 
1.076463509e+000 1.942081545e+000 
1.153334412e+000 1.964801492e+000 
1.093532426e+000 1.948891645e+000 
1.269578148e+000 1.981150598e+000 
1.101912921e+000 1.951595716e+000 
1.093565556e+000 1.948995249e+000 
1.242293525e+000 1.978473360e+000 
1.054261566e+000 1.930748084e+000 
1.136982389e+000 1.961232833e+000 
1.211413393e+000 1.974412765e+000 
1.131104015e+000 1.959811386e+000 
1.068793894e+000 1.938786425e+000 
1.076580912e+000 1.942120392e+000 
1.088411850e+000 1.946980538e+000 
1.098904384e+000 1.950756194e+000 
1.242752284e+000 1.978621463e+000 
1.057318113e+000 1.932644581e+000 
1.059766935e+000 1.934102598e+000 
1.067472961e+000 1.938190729e+000 
1.073486277e+000 1.940850314e+000 
1.076284074e+000 1.942038467e+000 
1.093695761e+000 1.949102040e+000 
1.178721602e+000 1.969810541e+000 
1.097251012e+000 1.950276934e+000 
1.072574550e+000 1.940514956e+000 
1.089968051e+000 1.947640567e+000 
1.055497360e+000 1.931479856e+000 
1.082606896e+000 1.944770129e+000 
1.078275082e+000 1.942770808e+000 
1.078479704e+000 1.942985039e+000 
1.100912037e+000 1.951380475e+000 
1.061003464e+000 1.934793223e+000 
1.062634413e+000 1.935579367e+000 
1.104023863e+000 1.952347842e+000 
1.085931079e+000 1.946060302e+000 
1.059879585e+000 1.934122155e+000 
1.106197519e+000 1.952966473e+000 
1.069358689e+000 1.939021022e+000 
1.085026647e+000 1.945619789e+000 
1.087584030e+000 1.946679906e+000 
1.065865516e+000 1.937357159e+000 
1.105862047e+000 1.952846502e+000 
1.086885097e+000 1.946426014e+000 
1.095898351e+000 1.949841629e+000 
1.080049514e+000 1.943710013e+000 
1.180229898e+000 1.970255717e+000 
1.102892678e+000 1.951878925e+000 
1.112104011e+000 1.954723273e+000 
1.137708946e+000 1.961517222e+000 
1.137956161e+000 1.961666301e+000 
1.237369382e+000 1.977965911e+000 
1.235110764e+000 1.977692374e+000 
1.155386860e+000 1.965241512e+000 
1.141959476e+000 1.962622387e+000 
1.104921269e+000 1.952633659e+000 
1.172419485e+000 1.968903020e+000 
1.170917795e+000 1.968552974e+000 
1.071907206e+000 1.940081173e+000 
1.070928498e+000 1.939743827e+000 
1.054797468e+000 1.931066302e+000 
1.128996669e+000 1.959182268e+000 
1.056737353e+000 1.932292309e+000 
1.072530752e+000 1.940374941e+000 
1.176862304e+000 1.969653671e+000 
1.187636182e+000 1.971349922e+000 
1.239222025e+000 1.978175270e+000 
1.057735214e+000 1.932777282e+000 
1.173698038e+000 1.969065120e+000 
1.211817501e+000 1.974646184e+000 
1.180332883e+000 1.970271182e+000 
1.196988144e+000 1.972781122e+000 
1.237389373e+000 1.978002937e+000 
1.157546336e+000 1.965795402e+000 
1.241024114e+000 1.978365076e+000 
1.118340657e+000 1.956488876e+000 
1.212260934e+000 1.974651011e+000 
1.214565211e+000 1.975043311e+000 
1.215195760e+000 1.975116262e+000 
1.228519812e+000 1.976851596e+000 
1.112939894e+000 1.955077272e+000 
1.213403423e+000 1.974763057e+000 
1.129379673e+000 1.959374483e+000 
1.118744026e+000 1.956659465e+000 
1.156040836e+000 1.965447921e+000 
1.183447800e+000 1.970645424e+000 
1.202590336e+000 1.973399872e+000 
1.270531256e+000 1.981196790e+000 
1.135307743e+000 1.960875158e+000 
1.135106968e+000 1.960803237e+000 
1.245659430e+000 1.978866560e+000 
1.132913938e+000 1.960326486e+000 
1.129757597e+000 1.959508805e+000 
1.187574312e+000 1.971275526e+000 
1.196091072e+000 1.972612708e+000 
1.153744232e+000 1.964933586e+000 
1.120865838e+000 1.957206456e+000 
1.248813680e+000 1.979186253e+000 
1.250080145e+000 1.979373082e+000 
1.184623916e+000 1.970988764e+000 
1.126772923e+000 1.958677106e+000 
1.247537905e+000 1.979030414e+000 
1.176016881e+000 1.969441807e+000 
1.156228256e+000 1.965482295e+000 
1.182010141e+000 1.970563246e+000 
1.108698658e+000 1.953569165e+000 
1.160471096e+000 1.966361061e+000 
1.270998922e+000 1.981228498e+000 
1.109918628e+000 1.954100044e+000 
1.130937303e+000 1.959724179e+000 
1.111078572e+000 1.954494404e+000 
1.165016036e+000 1.967289132e+000 
1.116732121e+000 1.956183918e+000 
1.158389125e+000 1.965968905e+000 
1.187006825e+000 1.971267545e+000 
1.161209949e+000 1.966501649e+000 
1.120933591e+000 1.957257930e+000 
1.112369722e+000 1.954756093e+000 
1.189524836e+000 1.971691069e+000 
1.160045821e+000 1.966270074e+000 
1.161530923e+000 1.966589001e+000 
1.110421548e+000 1.954144595e+000 
1.188980283e+000 1.971669064e+000 
1.153265647e+000 1.964747706e+000 
1.159724847e+000 1.966182721e+000 
1.212731487e+000 1.974661129e+000 
1.125985687e+000 1.958394324e+000 
1.133339202e+000 1.960392943e+000 
1.132111142e+000 1.959991718e+000 
1.134252426e+000 1.960590958e+000 
1.199618874e+000 1.973122616e+000 
1.207437190e+000 1.974130009e+000 
1.271651218e+000 1.981440525e+000 
1.252399736e+000 1.979482071e+000 
1.270146280e+000 1.981182266e+000 
1.274848398e+000 1.981693257e+000 
1.026748349e+000 1.051456044e+000 
1.023986539e+000 1.050609047e+000 
1.024061821e+000 1.050663803e+000 
1.025538559e+000 1.051126576e+000 
1.024975338e+000 1.050944546e+000 
1.024671373e+000 1.050864440e+000 
1.022849345e+000 1.050157748e+000 
1.023922968e+000 1.050592662e+000 
1.027782535e+000 1.051686690e+000 
1.027378627e+000 1.051603637e+000 
1.023247755e+000 1.050297842e+000 
1.023801820e+000 1.050548284e+000 
1.004656488e+000 1.001051701e+000 
1.002940179e+000 1.000993008e+000 
1.005294358e+000 1.001069291e+000 
1.003726371e+000 1.001029285e+000 
1.004414253e+000 1.001048780e+000 
1.004583826e+000 1.001051192e+000 
1.002706451e+000 1.000990369e+000 
1.004987968e+000 1.001066142e+000 
1.002497589e+000 1.000971441e+000 
1.004647981e+000 1.001051419e+000 
1.002201529e+000 1.000954189e+000 
1.002437205e+000 1.000957450e+000 
1.004159740e+000 1.001046553e+000 
1.002942127e+000 1.000993629e+000 
1.004774960e+000 1.001065538e+000 
1.005221696e+000 1.001068781e+000 
1.003215255e+000 1.001009827e+000 
1.003960099e+000 1.001031924e+000 
1.003648624e+000 1.001027095e+000 
1.004762006e+000 1.001052586e+000 
1.005160337e+000 1.001068387e+000 
1.003892086e+000 1.001029334e+000 
1.002375135e+000 1.000954191e+000 
1.005087675e+000 1.001067623e+000 
1.002201268e+000 1.000934811e+000 
1.003042739e+000 1.001007410e+000 
1.345532301e+000 1.989581570e+000 
1.336497242e+000 1.988974935e+000 
1.373890781e+000 1.991603375e+000 
1.401971538e+000 1.993492299e+000 
1.417888711e+000 1.994288744e+000 
1.404563039e+000 1.993767622e+000 
1.422935486e+000 1.994662515e+000 
1.407834203e+000 1.993850228e+000 
1.426938701e+000 1.995025037e+000 
1.430329318e+000 1.995182504e+000 
1.428610825e+000 1.995042077e+000 
1.420763701e+000 1.994579133e+000 
1.425495290e+000 1.994786544e+000 
1.448704628e+000 1.995808359e+000 
1.408218872e+000 1.993925374e+000 
1.437233099e+000 1.995355848e+000 
1.315528502e+000 1.986511731e+000 
1.262302100e+000 1.979652922e+000 
1.260321190e+000 1.979585379e+000 
1.439165573e+000 1.995430473e+000 
1.345096366e+000 1.989488981e+000 
1.441127864e+000 1.995500715e+000 
1.444741930e+000 1.995765917e+000 
1.263434438e+000 1.979888971e+000 
1.449171387e+000 1.995826648e+000 
1.263778599e+000 1.979910935e+000 
1.268409362e+000 1.981093543e+000 
1.271200850e+000 1.981303369e+000 
1.348389851e+000 1.989706597e+000 
1.406378535e+000 1.993833546e+000 
1.434226698e+000 1.995231318e+000 
1.454032552e+000 1.995900709e+000 
1.401956958e+000 1.993437989e+000 
1.415067767e+000 1.994159412e+000 
1.300696040e+000 1.984810872e+000 
1.399522343e+000 1.993426156e+000 
1.580957055e+000 1.999282937e+000 
1.281437657e+000 1.982759031e+000 
1.280993897e+000 1.982714459e+000 
1.264644040e+000 1.980238586e+000 
1.307272352e+000 1.985666200e+000 
1.333200314e+000 1.988618150e+000 
1.310901373e+000 1.986120165e+000 
1.262688512e+000 1.979679012e+000 
1.313743506e+000 1.986484314e+000 
1.335336775e+000 1.988688965e+000 
1.265688870e+000 1.980415708e+000 
1.299763406e+000 1.984751861e+000 
1.482909862e+000 1.997130227e+000 
1.276831221e+000 1.982146800e+000 
1.282101446e+000 1.982917968e+000 
1.268334261e+000 1.980904681e+000 
1.266540582e+000 1.980721724e+000 
1.279632683e+000 1.982583388e+000 
1.264531626e+000 1.980130747e+000 
1.275211056e+000 1.981860654e+000 
1.272136239e+000 1.981580994e+000 
1.275947225e+000 1.981996717e+000 
1.274248274e+000 1.981650616e+000 
1.304568459e+000 1.985411414e+000 
1.287894873e+000 1.983536259e+000 
1.355038451e+000 1.990344048e+000 
1.359190896e+000 1.990759313e+000 
1.351944435e+000 1.990045542e+000 
1.359814765e+000 1.990833284e+000 
1.287951359e+000 1.983575147e+000 
1.301030235e+000 1.985113406e+000 
1.292284733e+000 1.984090763e+000 
1.367028422e+000 1.991264822e+000 
1.293347361e+000 1.984224721e+000 
1.348862693e+000 1.990036261e+000 
1.386801284e+000 1.992674613e+000 
1.286083347e+000 1.983464050e+000 
1.279141855e+000 1.982389102e+000 
1.316098883e+000 1.986611082e+000 
1.298001297e+000 1.984661685e+000 
1.354992630e+000 1.990294001e+000 
1.290697265e+000 1.983961151e+000 
1.318832890e+000 1.987053300e+000 
1.285116363e+000 1.983243940e+000 
1.348784909e+000 1.989869078e+000 
1.336457840e+000 1.988943225e+000 
1.336190562e+000 1.988855140e+000 
1.328539273e+000 1.988265946e+000 
1.374669513e+000 1.991628473e+000 
1.415343925e+000 1.994207498e+000 
1.390714866e+000 1.992850798e+000 
1.327375236e+000 1.987967946e+000 
1.323627485e+000 1.987582282e+000 
1.323656806e+000 1.987589009e+000 
1.341076961e+000 1.989193323e+000 
1.341605112e+000 1.989468224e+000 
1.368184746e+000 1.991510471e+000 
1.381575889e+000 1.992524848e+000 
1.376859134e+000 1.991933048e+000 
1.380440164e+000 1.992343270e+000 
1.386803597e+000 1.992715999e+000 
1.387819794e+000 1.992731558e+000 
1.327492604e+000 1.987994523e+000 
1.321932035e+000 1.987428668e+000 
1.454459173e+000 1.995993183e+000 
1.456501813e+000 1.996014713e+000 
1.318023431e+000 1.986933318e+000 
1.300818150e+000 1.984961606e+000 
1.309308833e+000 1.985897256e+000 
1.316249224e+000 1.986691448e+000 
1.374755169e+000 1.991743684e+000 
1.311999709e+000 1.986254252e+000 
1.328349637e+000 1.988095307e+000 
1.306328163e+000 1.985615488e+000 
1.306155456e+000 1.985610639e+000 
1.711570655e+000 2.000000000e+000 
1.371260236e+000 1.991547665e+000 
1.487355132e+000 1.997413581e+000 
1.468624276e+000 1.996829747e+000 
1.707312029e+000 1.999995366e+000 
1.470884290e+000 1.996837561e+000 
1.473011505e+000 1.996993140e+000 
1.635190364e+000 1.999629231e+000 
1.627227944e+000 1.999618873e+000 
1.474987239e+000 1.997043753e+000 
1.706058696e+000 1.999989721e+000 
1.703868677e+000 1.999985163e+000 
1.697713407e+000 1.999982586e+000 
1.656789523e+000 1.999765585e+000 
1.646676020e+000 1.999747270e+000 
1.413302079e+000 1.994158892e+000 
1.395417338e+000 1.993269980e+000 
1.572105017e+000 1.999173147e+000 
1.695236820e+000 1.999980999e+000 
1.574341944e+000 1.999270011e+000 
1.564723579e+000 1.999165840e+000 
1.689698732e+000 1.999959207e+000 
1.649252192e+000 1.999759045e+000 
1.512955971e+000 1.998060145e+000 
1.534689711e+000 1.998590782e+000 
1.509552883e+000 1.998057040e+000 
1.687425119e+000 1.999931384e+000 
1.526486278e+000 1.998474972e+000 
1.520708648e+000 1.998145569e+000 
1.680726093e+000 1.999915936e+000 
1.679022153e+000 1.999906941e+000 
1.409099802e+000 1.994005789e+000 
1.417512834e+000 1.994278553e+000 
1.667749960e+000 1.999891966e+000 
1.506204361e+000 1.997970624e+000 
1.681392571e+000 1.999924276e+000 
1.418298638e+000 1.994376282e+000 
1.403015078e+000 1.993724683e+000 
1.391077559e+000 1.992929932e+000 
1.667288670e+000 1.999863398e+000 
1.376775619e+000 1.991767772e+000 
1.666892642e+000 1.999861498e+000 
1.496599173e+000 1.997639073e+000 
1.658544116e+000 1.999841759e+000 
1.494920524e+000 1.997603819e+000 
1.492705146e+000 1.997546750e+000 
1.502822099e+000 1.997877442e+000 
1.500749230e+000 1.997764453e+000 
1.491016416e+000 1.997433179e+000 
1.525262493e+000 1.998369095e+000 
1.506390775e+000 1.998027388e+000 
1.452663609e+000 1.995894370e+000 
1.484631998e+000 1.997266943e+000 
1.467145378e+000 1.996623302e+000 
1.457681838e+000 1.996193412e+000 
1.558160795e+000 1.998987471e+000 
1.460592975e+000 1.996374656e+000 
1.462774301e+000 1.996408666e+000 
1.464209650e+000 1.996470980e+000 
1.463835482e+000 1.996409122e+000 
1.618907978e+000 1.999564039e+000 
1.599093461e+000 1.999497338e+000 
1.597227882e+000 1.999402273e+000 
1.643126786e+000 1.999697685e+000 
1.643846666e+000 1.999697925e+000 
1.641096145e+000 1.999664206e+000 
1.555127879e+000 1.998963626e+000 
1.542025418e+000 1.998814557e+000 
1.545807512e+000 1.998830182e+000 
1.541143160e+000 1.998765831e+000 
1.546815177e+000 1.998894921e+000 
1.582667699e+000 1.999352491e+000 
1.538179352e+000 1.998750648e+000 
1.595215672e+000 1.999395420e+000 
1.546537381e+000 1.998851100e+000 
1.634297063e+000 1.999621959e+000 
1.583952111e+000 1.999361309e+000 
1.614332396e+000 1.999510070e+000 
1.499691574e+000 1.997719326e+000 
1.596011984e+000 1.999396236e+000 
1.587366810e+000 1.999388430e+000 
1.530997789e+000 1.998542975e+000 
1.623770218e+000 1.999605276e+000 
1.537736549e+000 1.998655900e+000 
1.525335961e+000 1.998403057e+000 
1.642509080e+000 1.999664595e+000 
1.598231984e+000 1.999415171e+000 
1.523733899e+000 1.998357893e+000 
1.516162546e+000 1.998123810e+000 

