1.004331843e+000 1.032969420e+000 
1.003158789e+000 1.030169196e+000 
1.003189022e+000 1.030791571e+000 
1.003620676e+000 1.031549393e+000 
1.003797721e+000 1.032211598e+000 
1.003389050e+000 1.031028021e+000 
1.003335834e+000 1.030831401e+000 
1.002927163e+000 1.029647823e+000 
1.002727135e+000 1.029411374e+000 
1.004531872e+000 1.033205870e+000 
1.003153762e+000 1.029669012e+000 
1.004224348e+000 1.032469236e+000 
1.003535862e+000 1.031067850e+000 
1.003997749e+000 1.032448048e+000 
1.003780523e+000 1.031716077e+000 
1.026663198e+000 1.825728933e+000 
1.013397471e+000 1.791689199e+000 
1.012242288e+000 1.787229859e+000 
1.030832923e+000 1.833080447e+000 
1.012503886e+000 1.788362925e+000 
1.064036505e+000 1.877879976e+000 
1.091216009e+000 1.904130194e+000 
1.112282583e+000 1.917773399e+000 
1.054972917e+000 1.866676956e+000 
1.012997787e+000 1.789827085e+000 
1.042644229e+000 1.850540974e+000 
1.144987195e+000 1.933162324e+000 
1.064491472e+000 1.878097408e+000 
1.088391845e+000 1.901976622e+000 
1.050279888e+000 1.860068480e+000 
1.031405239e+000 1.834043649e+000 
1.023665714e+000 1.820854916e+000 
1.038156258e+000 1.844336616e+000 
1.139757749e+000 1.930919518e+000 
1.037929830e+000 1.844064468e+000 
1.116999716e+000 1.919984201e+000 
1.012365802e+000 1.787633878e+000 
1.030245939e+000 1.832033214e+000 
1.086167841e+000 1.900101602e+000 
1.012104203e+000 1.786500811e+000 
1.016512545e+000 1.802768527e+000 
1.016758336e+000 1.803542592e+000 
1.025215348e+000 1.823355352e+000 
1.011523608e+000 1.783833928e+000 
1.038159045e+000 1.844399801e+000 
1.015063383e+000 1.798302962e+000 
1.024908788e+000 1.822752190e+000 
1.060834082e+000 1.874247419e+000 
1.077745523e+000 1.892912874e+000 
1.085184735e+000 1.899541472e+000 
1.084517284e+000 1.899154444e+000 
1.033328290e+000 1.837298737e+000 
1.140546995e+000 1.931503828e+000 
1.014459115e+000 1.795458673e+000 
1.145372871e+000 1.933303264e+000 
1.082040321e+000 1.897015300e+000 
1.119746869e+000 1.921255615e+000 
1.102081256e+000 1.912406837e+000 
1.059618667e+000 1.872384389e+000 
1.105373069e+000 1.914250600e+000 
1.092672512e+000 1.905221498e+000 
1.027854233e+000 1.828021294e+000 
1.064046768e+000 1.878066900e+000 
1.121688863e+000 1.922174148e+000 
1.037406515e+000 1.843437475e+000 
1.037091788e+000 1.842919626e+000 
1.150355652e+000 1.935534431e+000 
1.038502146e+000 1.845048820e+000 
1.108264792e+000 1.915263606e+000 
1.064495670e+000 1.878359050e+000 
1.123102235e+000 1.922955948e+000 
1.016548850e+000 1.803044166e+000 
1.013119809e+000 1.790035840e+000 
1.144743989e+000 1.932717806e+000 
1.017569334e+000 1.805649161e+000 
1.095744087e+000 1.907232005e+000 
1.014323208e+000 1.795285610e+000 
1.029767219e+000 1.831101275e+000 
1.065313381e+000 1.879392620e+000 
1.027844168e+000 1.827846187e+000 
1.028398794e+000 1.828982312e+000 
1.064996236e+000 1.879107458e+000 
1.101035172e+000 1.911060641e+000 
1.030321845e+000 1.832237401e+000 
1.124080206e+000 1.923270074e+000 
1.017299874e+000 1.804941067e+000 
1.032168990e+000 1.835288303e+000 
1.033554718e+000 1.837570885e+000 
1.142581043e+000 1.932659063e+000 
1.032053461e+000 1.835211036e+000 
1.027271852e+000 1.826882985e+000 
1.015633792e+000 1.799965320e+000 
1.028971110e+000 1.829945514e+000 
1.025663133e+000 1.824491422e+000 
1.029673623e+000 1.831070013e+000 
1.023725543e+000 1.820876037e+000 
1.077286425e+000 1.892475031e+000 
1.018870641e+000 1.809206936e+000 
1.020116106e+000 1.811986539e+000 
1.014297569e+000 1.795266783e+000 
1.025461139e+000 1.824129416e+000 
1.013381408e+000 1.791168906e+000 
1.148195268e+000 1.934408757e+000 
1.025154539e+000 1.823295201e+000 
1.017158688e+000 1.804639212e+000 
1.146662781e+000 1.934344183e+000 
1.013469484e+000 1.792294262e+000 
1.019381359e+000 1.810566843e+000 
1.023277758e+000 1.819739967e+000 
1.142324751e+000 1.932541011e+000 
1.024134478e+000 1.821426983e+000 
1.022398882e+000 1.818173604e+000 
1.016647971e+000 1.803405395e+000 
1.021951097e+000 1.817037533e+000 
1.017081120e+000 1.804600123e+000 
1.036519473e+000 1.841956424e+000 
1.020906695e+000 1.814310498e+000 
1.021417413e+000 1.815670405e+000 
1.021440379e+000 1.815677627e+000 
1.080548509e+000 1.895575890e+000 
1.016055846e+000 1.801547114e+000 
1.013731083e+000 1.793427328e+000 
1.018729456e+000 1.808905081e+000 
1.020458910e+000 1.813174428e+000 
1.018198717e+000 1.807290568e+000 
1.019590752e+000 1.810811380e+000 
1.016849965e+000 1.803767401e+000 
1.019240173e+000 1.810264987e+000 
1.044450057e+000 1.852670529e+000 
1.014583043e+000 1.796399444e+000 
1.071268790e+000 1.886066304e+000 
1.097554764e+000 1.908915398e+000 
1.082432677e+000 1.897632506e+000 
1.087552194e+000 1.901103825e+000 
1.093358821e+000 1.905789500e+000 
1.079778688e+000 1.895113697e+000 
1.094820317e+000 1.906961115e+000 
1.037318216e+000 1.843191774e+000 
1.026706958e+000 1.826389672e+000 
1.104139183e+000 1.912980759e+000 
1.056973841e+000 1.869287876e+000 
1.074544228e+000 1.889573254e+000 
1.039254676e+000 1.845989995e+000 
1.085962068e+000 1.899886060e+000 
1.035889061e+000 1.840888179e+000 
1.104726631e+000 1.913665143e+000 
1.089864497e+000 1.902930269e+000 
1.114797525e+000 1.919420762e+000 
1.071641940e+000 1.886504147e+000 
1.062877443e+000 1.876593936e+000 
1.035816959e+000 1.840831925e+000 
1.141724681e+000 1.931773183e+000 
1.073638586e+000 1.888692801e+000 
1.047378650e+000 1.856707890e+000 
1.055206854e+000 1.866950398e+000 
1.108705405e+000 1.915899729e+000 
1.075757699e+000 1.890893624e+000 
1.150739077e+000 1.935565953e+000 
1.112911465e+000 1.918358856e+000 
1.077036492e+000 1.892211921e+000 
1.121886087e+000 1.922578403e+000 
1.039481103e+000 1.846262143e+000 
1.118735725e+000 1.920890367e+000 
1.141856140e+000 1.932225995e+000 
1.066877343e+000 1.881115660e+000 
1.105878271e+000 1.914478453e+000 
1.051934568e+000 1.861804534e+000 
1.065414023e+000 1.879924307e+000 
1.078821117e+000 1.893832157e+000 
1.066525969e+000 1.880859717e+000 
1.125419421e+000 1.924562085e+000 
1.067714926e+000 1.882018272e+000 
1.062733199e+000 1.876400853e+000 
1.062039859e+000 1.875691323e+000 
1.059284698e+000 1.872229866e+000 
1.115429422e+000 1.919591236e+000 
1.125946404e+000 1.924612616e+000 
1.063245653e+000 1.877484829e+000 
1.068836315e+000 1.883544365e+000 
1.117497228e+000 1.920245113e+000 
1.132002399e+000 1.927574672e+000 
1.072679821e+000 1.887726340e+000 
1.121072334e+000 1.921992945e+000 
1.124844469e+000 1.924323050e+000 
1.118017681e+000 1.920739782e+000 
1.069540494e+000 1.884033702e+000 
1.058359730e+000 1.871076035e+000 
1.118411788e+000 1.920873447e+000 
1.064703011e+000 1.878492051e+000 
1.096759947e+000 1.908270173e+000 
1.070361559e+000 1.885229344e+000 
1.130451029e+000 1.927388847e+000 
1.133219681e+000 1.928330770e+000 
1.112666379e+000 1.917969741e+000 
1.042502216e+000 1.850315685e+000 
1.099260390e+000 1.909542654e+000 
1.044676485e+000 1.852942677e+000 
1.060385179e+000 1.873955269e+000 
1.074628530e+000 1.889850808e+000 
1.047873126e+000 1.857254822e+000 
1.064847255e+000 1.878685134e+000 
1.039176836e+000 1.845573726e+000 
1.126469550e+000 1.924773944e+000 
1.056470882e+000 1.868680102e+000 
1.052258524e+000 1.862111901e+000 
1.039689323e+000 1.846515807e+000 
1.040459116e+000 1.847573282e+000 
1.052198696e+000 1.862090780e+000 
1.055899165e+000 1.868097115e+000 
1.052620389e+000 1.863422668e+000 
1.055373453e+000 1.867201425e+000 
1.051583194e+000 1.861547603e+000 
1.053717818e+000 1.864901345e+000 
1.056676759e+000 1.868701700e+000 
1.051053050e+000 1.860675855e+000 
1.045976013e+000 1.854776235e+000 
1.046244062e+000 1.855051019e+000 
1.045778262e+000 1.854621439e+000 
1.046046310e+000 1.854896223e+000 
1.152597478e+000 1.936402925e+000 
1.001303714e+000 1.008551901e+000 
1.001256619e+000 1.008451189e+000 
1.000912962e+000 1.008387079e+000 
1.000992257e+000 1.008409763e+000 
1.001436625e+000 1.008575310e+000 
1.001045873e+000 1.008410488e+000 
1.001199146e+000 1.008433087e+000 
1.000966578e+000 1.008387804e+000 
1.004749229e+000 1.075516954e+000 
1.000456509e+000 1.005530224e+000 
1.000263254e+000 1.005396713e+000 
1.000491718e+000 1.005530870e+000 
1.000831894e+000 1.005841727e+000 
1.000371657e+000 1.005527166e+000 
1.000336448e+000 1.005526521e+000 
1.000603833e+000 1.005693358e+000 
1.000564510e+000 1.005674814e+000 
1.000723894e+000 1.005697062e+000 
1.000514457e+000 1.005558780e+000 
1.000228045e+000 1.005396068e+000 
1.000807419e+000 1.005829869e+000 
1.000788391e+000 1.005702480e+000 
1.000328155e+000 1.005399111e+000 
1.004741736e+000 1.058532583e+000 
1.002112622e+000 1.018180323e+000 
1.002664454e+000 1.018731023e+000 
1.001890657e+000 1.017772888e+000 
1.002202027e+000 1.018180560e+000 
1.001801252e+000 1.017772651e+000 
1.002512363e+000 1.018518379e+000 
1.001594879e+000 1.017416868e+000 
1.002027241e+000 1.017983995e+000 
1.002637880e+000 1.018554084e+000 
1.002042748e+000 1.017985532e+000 
1.001605691e+000 1.017451803e+000 
1.001757783e+000 1.017659597e+000 
1.001442010e+000 1.017163159e+000 
1.007190650e+000 1.086774082e+000 
1.006882127e+000 1.086043660e+000 
1.007622966e+000 1.087156259e+000 
1.006610938e+000 1.085106917e+000 
1.007667567e+000 1.088027028e+000 
1.007332215e+000 1.086932428e+000 
1.008658969e+000 1.089460783e+000 
1.006705190e+000 1.085671832e+000 
1.006025800e+000 1.083857539e+000 
1.005540341e+000 1.082755289e+000 
1.005292949e+000 1.081685894e+000 
1.005769643e+000 1.083680813e+000 
1.006167365e+000 1.084015885e+000 
1.007817675e+000 1.088034679e+000 
1.006396668e+000 1.084941409e+000 
1.008460411e+000 1.088594228e+000 
1.008945105e+000 1.089697032e+000 
1.006603429e+000 1.085025304e+000 
1.006117969e+000 1.083923053e+000 
1.009301706e+000 1.090020333e+000 
1.009206151e+000 1.090001584e+000 
1.008364856e+000 1.088575480e+000 
1.010787310e+000 1.623431395e+000 
1.011250942e+000 1.625321192e+000 
1.011279168e+000 1.625564850e+000 
1.010373107e+000 1.620923672e+000 
1.010933556e+000 1.623696965e+000 
1.010109711e+000 1.619919826e+000 
1.010759084e+000 1.623187737e+000 
1.009801814e+000 1.618106619e+000 
1.009765016e+000 1.617655306e+000 
1.011117718e+000 1.624281826e+000 
1.000049154e+000 1.000168319e+000 
1.000000001e+000 1.000165070e+000 
1.000184537e+000 1.000172136e+000 
1.000122601e+000 1.000172000e+000 
1.000195321e+000 1.000172572e+000 
1.000073448e+000 1.000168750e+000 
1.000176520e+000 1.000172117e+000 
1.164196036e+000 1.943486019e+000 
1.192583488e+000 1.957566880e+000 
1.194594555e+000 1.958584662e+000 
1.167206314e+000 1.945742993e+000 
1.160145067e+000 1.940754861e+000 
1.172962220e+000 1.948662659e+000 
1.170069567e+000 1.947221414e+000 
1.258713155e+000 1.980662329e+000 
1.263579258e+000 1.981964298e+000 
1.160883415e+000 1.941943938e+000 
1.168057297e+000 1.946079972e+000 
1.171300277e+000 1.947787066e+000 
1.479787824e+000 1.999265172e+000 
1.181507919e+000 1.952720549e+000 
1.201686238e+000 1.961216652e+000 
1.260802953e+000 1.980749342e+000 
1.476408386e+000 1.999226883e+000 
1.302816588e+000 1.990861494e+000 
1.152857142e+000 1.936437167e+000 
1.159170222e+000 1.940689826e+000 
1.237826801e+000 1.974352664e+000 
1.166047258e+000 1.944812299e+000 
1.262825677e+000 1.981594687e+000 
1.168407625e+000 1.946345821e+000 
1.295673952e+000 1.989722468e+000 
1.297937449e+000 1.989794932e+000 
1.562176594e+000 2.000000000e+000 
1.163150840e+000 1.942991188e+000 
1.301486984e+000 1.990694759e+000 
1.165597890e+000 1.944730183e+000 
1.290794813e+000 1.988657235e+000 
1.237800420e+000 1.974294792e+000 
1.364138937e+000 1.995756858e+000 
1.364139342e+000 1.995899755e+000 
1.168935049e+000 1.946560925e+000 
1.169993968e+000 1.947104536e+000 
1.263365582e+000 1.981918237e+000 
1.183850827e+000 1.953535879e+000 
1.182633391e+000 1.953013585e+000 
1.280699721e+000 1.986481691e+000 
1.171744784e+000 1.948152328e+000 
1.156464339e+000 1.937951005e+000 
1.184705211e+000 1.954293942e+000 
1.183831904e+000 1.953320306e+000 
1.306819572e+000 1.991761322e+000 
1.201748657e+000 1.961788552e+000 
1.190873091e+000 1.956928022e+000 
1.179160913e+000 1.951418417e+000 
1.175720541e+000 1.949955599e+000 
1.153778704e+000 1.936481947e+000 
1.178613194e+000 1.951396843e+000 
1.192003780e+000 1.957136315e+000 
1.292058531e+000 1.988780312e+000 
1.154359592e+000 1.936964595e+000 
1.199744395e+000 1.960843189e+000 
1.154971215e+000 1.937171963e+000 
1.156079484e+000 1.937636505e+000 
1.342351116e+000 1.994757063e+000 
1.340467168e+000 1.994541423e+000 
1.156246112e+000 1.937722497e+000 
1.336985204e+000 1.994382093e+000 
1.196198076e+000 1.959222985e+000 
1.174753854e+000 1.949839649e+000 
1.194859484e+000 1.958645042e+000 
1.177838924e+000 1.951210803e+000 
1.284126732e+000 1.987383506e+000 
1.292634503e+000 1.988796000e+000 
1.180625642e+000 1.952405429e+000 
1.206204677e+000 1.963647512e+000 
1.157230093e+000 1.939709149e+000 
1.188193829e+000 1.955473228e+000 
1.161394407e+000 1.942068993e+000 
1.196908881e+000 1.959600218e+000 
1.195673605e+000 1.958832681e+000 
1.226085826e+000 1.971232577e+000 
1.208315063e+000 1.964088487e+000 
1.189852016e+000 1.956330407e+000 
1.261368569e+000 1.981468125e+000 
1.234504272e+000 1.973325252e+000 
1.195459943e+000 1.958831382e+000 
1.197764827e+000 1.959957753e+000 
1.174419783e+000 1.949370860e+000 
1.202345337e+000 1.962090317e+000 
1.262320625e+000 1.981517258e+000 
1.280979695e+000 1.986606098e+000 
1.336154324e+000 1.994185092e+000 
1.203801528e+000 1.962479955e+000 
1.305262923e+000 1.991410995e+000 
1.263085608e+000 1.981822039e+000 
1.237051013e+000 1.974245071e+000 
1.234714235e+000 1.973839484e+000 
1.163129795e+000 1.942739650e+000 
1.164393422e+000 1.944086038e+000 
1.232268733e+000 1.972993480e+000 
1.278982683e+000 1.986107336e+000 
1.162438198e+000 1.942436703e+000 
1.560103803e+000 1.999979086e+000 
1.213751519e+000 1.966579749e+000 
1.209184676e+000 1.964561028e+000 
1.204765066e+000 1.962869579e+000 
1.262207029e+000 1.981514230e+000 
1.249947986e+000 1.978181754e+000 
1.291322170e+000 1.988671593e+000 
1.338502110e+000 1.994477872e+000 
1.274102153e+000 1.984898711e+000 
1.289506882e+000 1.988325419e+000 
1.510912433e+000 1.999668906e+000 
1.333828793e+000 1.994064235e+000 
1.209674497e+000 1.964648981e+000 
1.212997511e+000 1.965889371e+000 
1.269776645e+000 1.983644957e+000 
1.270486593e+000 1.983812983e+000 
1.210053334e+000 1.964768728e+000 
1.265939391e+000 1.982780824e+000 
1.223662768e+000 1.970190268e+000 
1.231399514e+000 1.972803472e+000 
1.275917441e+000 1.985244885e+000 
1.222607917e+000 1.969826286e+000 
1.238530455e+000 1.975027048e+000 
1.333252821e+000 1.994048548e+000 
1.226867109e+000 1.971305409e+000 
1.235591748e+000 1.974232705e+000 
1.252731004e+000 1.979077896e+000 
1.211251502e+000 1.965434711e+000 
1.550324320e+000 1.999913952e+000 
1.227809800e+000 1.971454718e+000 
1.159068323e+000 1.940044269e+000 
1.269976603e+000 1.983650543e+000 
1.227768086e+000 1.971432200e+000 
1.278613999e+000 1.985828636e+000 
1.253013227e+000 1.979088346e+000 
1.277172623e+000 1.985570479e+000 
1.301166919e+000 1.990324638e+000 
1.297890348e+000 1.989741890e+000 
1.166940671e+000 1.944889656e+000 
1.218392143e+000 1.968211604e+000 
1.278462554e+000 1.985591543e+000 
1.248463172e+000 1.977920618e+000 
1.223283931e+000 1.970070521e+000 
1.240107830e+000 1.975541167e+000 
1.358902503e+000 1.995712979e+000 
1.239206853e+000 1.975415143e+000 
1.220140211e+000 1.968826587e+000 
1.217857181e+000 1.967954594e+000 
1.283978948e+000 1.987167385e+000 
1.213349809e+000 1.966060420e+000 
1.248894948e+000 1.977966634e+000 
1.547587841e+000 1.999838192e+000 
1.398484077e+000 1.997257975e+000 
1.403725854e+000 1.997440605e+000 
1.373095494e+000 1.996563246e+000 
1.254075457e+000 1.979255234e+000 
1.372990837e+000 1.996282644e+000 
1.180082217e+000 1.951919679e+000 
1.386928153e+000 1.996955925e+000 
1.543009999e+000 1.999830926e+000 
1.194237383e+000 1.958097125e+000 
1.247244840e+000 1.977474591e+000 
1.255155523e+000 1.979712310e+000 
1.246435453e+000 1.977229923e+000 
1.378831138e+000 1.996784208e+000 
1.341125276e+000 1.994721370e+000 
1.250875991e+000 1.978545642e+000 
1.353739303e+000 1.995333414e+000 
1.192091913e+000 1.957340209e+000 
1.188822667e+000 1.955948077e+000 
1.208489035e+000 1.964120005e+000 
1.217663305e+000 1.967762496e+000 
1.367046155e+000 1.996073147e+000 
1.370009344e+000 1.996149903e+000 
1.352456409e+000 1.995194375e+000 
1.352653971e+000 1.995272242e+000 
1.378490448e+000 1.996606749e+000 
1.382154478e+000 1.996797435e+000 
1.499936427e+000 1.999589858e+000 
1.232926991e+000 1.973221875e+000 
1.347022700e+000 1.995115121e+000 
1.498982193e+000 1.999568021e+000 
1.353506037e+000 1.995319188e+000 
1.511716273e+000 1.999733042e+000 
1.356921835e+000 1.995497404e+000 
1.328358103e+000 1.993800829e+000 
1.323969696e+000 1.993457308e+000 
1.495972694e+000 1.999498308e+000 
1.542227601e+000 1.999825684e+000 
1.535397572e+000 1.999808710e+000 
1.524471872e+000 1.999744923e+000 
1.468861606e+000 1.999092213e+000 
1.483068166e+000 1.999418247e+000 
1.491875330e+000 1.999466007e+000 
1.534399363e+000 1.999761778e+000 
1.269074570e+000 1.983223657e+000 
1.530565508e+000 1.999746172e+000 
1.491924813e+000 1.999495197e+000 
1.264954417e+000 1.982026904e+000 
1.319363244e+000 1.993001409e+000 
1.458171004e+000 1.998973934e+000 
1.496802139e+000 1.999532456e+000 
1.487945492e+000 1.999455505e+000 
1.314184476e+000 1.992535758e+000 
1.311337436e+000 1.992095927e+000 
1.314934298e+000 1.992812844e+000 
1.428381319e+000 1.998275934e+000 
1.480759689e+000 1.999322255e+000 
1.314210541e+000 1.992598546e+000 
1.473138267e+000 1.999204966e+000 
1.318441296e+000 1.992916338e+000 
1.382818157e+000 1.996835700e+000 
1.387565849e+000 1.996989067e+000 
1.463103998e+000 1.999033076e+000 
1.392999047e+000 1.997224078e+000 
1.407467788e+000 1.997483391e+000 
1.424635435e+000 1.998230929e+000 
1.389658757e+000 1.997160543e+000 
1.400848268e+000 1.997389379e+000 
1.442591688e+000 1.998767867e+000 
1.421982769e+000 1.998203487e+000 
1.463683427e+000 1.999044311e+000 
1.411624230e+000 1.997651208e+000 
1.508297079e+000 1.999607574e+000 
1.450410224e+000 1.998876711e+000 
1.446536181e+000 1.998856785e+000 
1.429517090e+000 1.998416275e+000 
1.428686778e+000 1.998302348e+000 
1.400425988e+000 1.997337955e+000 
1.439294017e+000 1.998636156e+000 
1.418670247e+000 1.997955221e+000 
1.440324584e+000 1.998693330e+000 
1.415252457e+000 1.997854105e+000 
1.470464069e+000 1.999148300e+000 
1.435046046e+000 1.998538707e+000 
1.465603410e+000 1.999088537e+000 
1.458476043e+000 1.999017812e+000 
1.451728452e+000 1.998906757e+000 
1.398221988e+000 1.997233773e+000 
1.414682558e+000 1.997820461e+000 

