1.008300330e+000 1.003743562e+000 
1.009350942e+000 1.003948038e+000 
1.009445785e+000 1.003950469e+000 
1.009654674e+000 1.003985537e+000 
1.009985335e+000 1.004051637e+000 
1.008087124e+000 1.003684942e+000 
1.009484440e+000 1.003974414e+000 
1.009702704e+000 1.004014542e+000 
1.008207699e+000 1.003740242e+000 
1.010081835e+000 1.004058969e+000 
1.008119506e+000 1.003707126e+000 
1.008729743e+000 1.003866832e+000 
1.010035708e+000 1.004056028e+000 
1.008845038e+000 1.003873170e+000 
1.009038305e+000 1.003878330e+000 
1.009564154e+000 1.003982190e+000 
1.011044011e+000 1.004203112e+000 
1.010369223e+000 1.004096260e+000 
1.009962357e+000 1.004027174e+000 
1.009971371e+000 1.004046076e+000 
1.009072232e+000 1.003903318e+000 
1.008584638e+000 1.003810300e+000 
1.010331864e+000 1.004091308e+000 
1.010387269e+000 1.004097154e+000 
1.009140407e+000 1.003905745e+000 
1.010735340e+000 1.004160082e+000 
1.011493354e+000 1.004264940e+000 
1.010308847e+000 1.004090893e+000 
1.021208265e+000 1.022502805e+000 
1.021055896e+000 1.022362873e+000 
1.021124157e+000 1.022399907e+000 
1.020762962e+000 1.021944585e+000 
1.071700819e+000 1.289463376e+000 
1.066304930e+000 1.283105239e+000 
1.070750136e+000 1.288451123e+000 
1.066090457e+000 1.282973503e+000 
1.064893629e+000 1.281137901e+000 
1.071329543e+000 1.288933713e+000 
1.071277146e+000 1.288933067e+000 
1.065221383e+000 1.281564299e+000 
1.073680202e+000 1.291415189e+000 
1.064836424e+000 1.281001356e+000 
1.064862551e+000 1.281004511e+000 
1.068781294e+000 1.286123482e+000 
1.066575633e+000 1.283362229e+000 
1.068113313e+000 1.285279700e+000 
1.068688812e+000 1.285896857e+000 
1.066416420e+000 1.283197228e+000 
1.066978952e+000 1.283898423e+000 
1.066462415e+000 1.283270203e+000 
1.066975604e+000 1.283876192e+000 
1.069134201e+000 1.286469334e+000 
1.064231254e+000 1.279943046e+000 
1.066915561e+000 1.283780610e+000 
1.066897113e+000 1.283676109e+000 
1.064621779e+000 1.280684870e+000 
1.064977147e+000 1.281153868e+000 
1.001880962e+000 1.000295125e+000 
1.003479164e+000 1.000337100e+000 
1.001985323e+000 1.000300056e+000 
1.002240343e+000 1.000309499e+000 
1.001445226e+000 1.000267705e+000 
1.001919022e+000 1.000295698e+000 
1.002797071e+000 1.000325232e+000 
1.002221234e+000 1.000308828e+000 
1.001443779e+000 1.000266344e+000 
1.002475228e+000 1.000317744e+000 
1.003510294e+000 1.000337266e+000 
1.003469595e+000 1.000336912e+000 
1.001531956e+000 1.000272048e+000 
1.002762258e+000 1.000324530e+000 
1.002057139e+000 1.000303780e+000 
1.001956696e+000 1.000295873e+000 
1.002104736e+000 1.000303907e+000 
1.002154140e+000 1.000307558e+000 
1.001669529e+000 1.000286426e+000 
1.001405875e+000 1.000259044e+000 
1.001609347e+000 1.000278133e+000 
1.003058913e+000 1.000329324e+000 
1.002684367e+000 1.000321424e+000 
1.080022196e+000 1.388123891e+000 
1.074730125e+000 1.380752747e+000 
1.079828271e+000 1.387647096e+000 
1.075421039e+000 1.381852649e+000 
1.076083424e+000 1.382614941e+000 
1.081800000e+000 1.390277187e+000 
1.075970305e+000 1.382560754e+000 
1.073899489e+000 1.378874764e+000 
1.081732196e+000 1.390215288e+000 
1.078897692e+000 1.386685971e+000 
1.078743507e+000 1.386381523e+000 
1.078777129e+000 1.386441322e+000 
1.076833878e+000 1.383820749e+000 
1.079502337e+000 1.387239812e+000 
1.080587705e+000 1.388774662e+000 
1.073956965e+000 1.379029362e+000 
1.074105280e+000 1.379457851e+000 
1.082011004e+000 1.390525496e+000 
1.080379926e+000 1.388377952e+000 
1.083695288e+000 1.785658828e+000 
1.084053334e+000 1.786553700e+000 
1.092282278e+000 1.799555453e+000 
1.102724496e+000 1.812309967e+000 
1.120179614e+000 1.831637931e+000 
1.087697289e+000 1.792667453e+000 
1.169681497e+000 1.870040956e+000 
1.161209582e+000 1.863340372e+000 
1.190281799e+000 1.880074279e+000 
1.101423986e+000 1.811063275e+000 
1.161662540e+000 1.864738117e+000 
1.114568179e+000 1.825981521e+000 
1.092784150e+000 1.800248457e+000 
1.142718677e+000 1.850982047e+000 
1.089103917e+000 1.795022820e+000 
1.100858781e+000 1.810412174e+000 
1.113520236e+000 1.825080772e+000 
1.121150681e+000 1.832709723e+000 
1.086370413e+000 1.790263583e+000 
1.089991089e+000 1.796265228e+000 
1.098523389e+000 1.807323552e+000 
1.126558611e+000 1.837583579e+000 
1.210855850e+000 1.890946350e+000 
1.115086929e+000 1.826410952e+000 
1.253364036e+000 1.907586090e+000 
1.085008634e+000 1.788143553e+000 
1.094336980e+000 1.802017893e+000 
1.103645212e+000 1.813722732e+000 
1.265875190e+000 1.913399782e+000 
1.086578922e+000 1.790900932e+000 
1.088925943e+000 1.794794564e+000 
1.100749169e+000 1.810183160e+000 
1.095772033e+000 1.803738242e+000 
1.117039008e+000 1.828278269e+000 
1.119294630e+000 1.830898671e+000 
1.168945282e+000 1.868888326e+000 
1.293411252e+000 1.920341712e+000 
1.293138814e+000 1.920104099e+000 
1.094771834e+000 1.802802097e+000 
1.241495391e+000 1.903585269e+000 
1.084477659e+000 1.787260009e+000 
1.088180905e+000 1.793655420e+000 
1.128768797e+000 1.839735631e+000 
1.121453087e+000 1.832853741e+000 
1.210963734e+000 1.891364693e+000 
1.234685067e+000 1.901378344e+000 
1.303911054e+000 1.922550407e+000 
1.115703446e+000 1.826980180e+000 
1.082775219e+000 1.783943450e+000 
1.084764259e+000 1.787814401e+000 
1.197056099e+000 1.884448281e+000 
1.226779664e+000 1.898310892e+000 
1.194704688e+000 1.882095830e+000 
1.083852502e+000 1.786074898e+000 
1.083359320e+000 1.784993544e+000 
1.092097798e+000 1.799205019e+000 
1.087531723e+000 1.792425583e+000 
1.175164804e+000 1.872246670e+000 
1.103494018e+000 1.813636487e+000 
1.238919154e+000 1.902954775e+000 
1.238095598e+000 1.902577076e+000 
1.112489579e+000 1.823967331e+000 
1.293256933e+000 1.920159260e+000 
1.103460346e+000 1.813515521e+000 
1.294362180e+000 1.920519043e+000 
1.103367581e+000 1.813513500e+000 
1.202563448e+000 1.886283692e+000 
1.200171801e+000 1.885818156e+000 
1.293707524e+000 1.920355473e+000 
1.096845628e+000 1.804928521e+000 
1.118947276e+000 1.830323859e+000 
1.237658151e+000 1.902275615e+000 
1.127782979e+000 1.839062308e+000 
1.093431515e+000 1.801173076e+000 
1.336323604e+000 1.927101863e+000 
1.333499295e+000 1.926863018e+000 
1.094376242e+000 1.802343356e+000 
1.098049169e+000 1.806739856e+000 
1.114712639e+000 1.826142435e+000 
1.161198327e+000 1.863291386e+000 
1.220395194e+000 1.894896429e+000 
1.128259282e+000 1.839339397e+000 
1.311497621e+000 1.924149951e+000 
1.310285966e+000 1.923950813e+000 
1.337368063e+000 1.927815649e+000 
1.115191465e+000 1.826554451e+000 
1.092736216e+000 1.800153935e+000 
1.215338408e+000 1.893080806e+000 
1.176997430e+000 1.873432268e+000 
1.206482588e+000 1.888898845e+000 
1.167801437e+000 1.868726099e+000 
1.098739471e+000 1.807374929e+000 
1.113456837e+000 1.824891622e+000 
1.161068665e+000 1.863258289e+000 
1.306574935e+000 1.923429564e+000 
1.181777060e+000 1.875097541e+000 
1.179997471e+000 1.874905222e+000 
1.243257249e+000 1.904510018e+000 
1.250159009e+000 1.906582644e+000 
1.351169208e+000 1.931241260e+000 
1.099287962e+000 1.808105965e+000 
1.097730553e+000 1.805884925e+000 
1.323759864e+000 1.926141546e+000 
1.201701697e+000 1.885871505e+000 
1.344139979e+000 1.929936739e+000 
1.113822068e+000 1.825333749e+000 
1.144387872e+000 1.852557947e+000 
1.205215939e+000 1.887947000e+000 
1.343416431e+000 1.929614284e+000 
1.107532305e+000 1.818545421e+000 
1.107944952e+000 1.819027657e+000 
1.117348783e+000 1.828838184e+000 
1.126232953e+000 1.837437852e+000 
1.119983352e+000 1.831551814e+000 
1.224078323e+000 1.896819054e+000 
1.092078480e+000 1.799137548e+000 
1.115319953e+000 1.826739886e+000 
1.265422454e+000 1.912789357e+000 
1.222983835e+000 1.896386979e+000 
1.209340804e+000 1.890503432e+000 
1.252664931e+000 1.907030075e+000 
1.336970358e+000 1.927452490e+000 
1.105211789e+000 1.815602682e+000 
1.205759576e+000 1.888376655e+000 
1.110953295e+000 1.822382009e+000 
1.108557788e+000 1.819516768e+000 
1.110771960e+000 1.822112851e+000 
1.110493232e+000 1.821859049e+000 
1.148169574e+000 1.855025522e+000 
1.247937291e+000 1.905957589e+000 
1.108697916e+000 1.819699851e+000 
1.111353383e+000 1.822834301e+000 
1.107023371e+000 1.817744595e+000 
1.105305684e+000 1.815748358e+000 
1.170635466e+000 1.870694493e+000 
1.132216750e+000 1.842975244e+000 
1.134078063e+000 1.844544473e+000 
1.211273897e+000 1.891617636e+000 
1.209764116e+000 1.890688408e+000 
1.109754369e+000 1.820871085e+000 
1.149029333e+000 1.855522707e+000 
1.140347644e+000 1.849278042e+000 
1.140547685e+000 1.849814988e+000 
1.206913479e+000 1.889893215e+000 
1.141123416e+000 1.849942719e+000 
1.185057273e+000 1.877461563e+000 
1.161411467e+000 1.863591823e+000 
1.189482773e+000 1.879707700e+000 
1.138068662e+000 1.847258154e+000 
1.135523029e+000 1.845599717e+000 
1.252406790e+000 1.907028895e+000 
1.261422000e+000 1.911169432e+000 
1.130971898e+000 1.841796385e+000 
1.148923729e+000 1.855131920e+000 
1.264515740e+000 1.912180898e+000 
1.291645803e+000 1.919634400e+000 
1.135617001e+000 1.845678392e+000 
1.133073057e+000 1.843763337e+000 
1.291835765e+000 1.919645841e+000 
1.125523161e+000 1.836925055e+000 
1.132833603e+000 1.843379314e+000 
1.124849144e+000 1.836159513e+000 
1.123399617e+000 1.834673569e+000 
1.287326574e+000 1.917827181e+000 
1.287600310e+000 1.917874623e+000 
1.341653570e+000 1.928148657e+000 
1.289988580e+000 1.919080116e+000 
1.141906336e+000 1.850539600e+000 
1.137872266e+000 1.847230237e+000 
1.184411981e+000 1.876864704e+000 
1.233691174e+000 1.900511908e+000 
1.258203879e+000 1.910008834e+000 
1.143651751e+000 1.851974033e+000 
1.154044511e+000 1.859525030e+000 
1.198993573e+000 1.885030054e+000 
1.277375619e+000 1.915547089e+000 
1.142824283e+000 1.851325350e+000 
1.158442902e+000 1.862319788e+000 
1.195271897e+000 1.882933177e+000 
1.183933365e+000 1.876530144e+000 
1.153298519e+000 1.859232117e+000 
1.256044965e+000 1.908619805e+000 
1.165525149e+000 1.867350066e+000 
1.163212060e+000 1.865635789e+000 
1.254765984e+000 1.907831563e+000 
1.254050343e+000 1.907616849e+000 
1.124221337e+000 1.835353331e+000 
1.145719771e+000 1.853252670e+000 
1.146645344e+000 1.853714838e+000 
1.151695968e+000 1.857514132e+000 
1.285091108e+000 1.916330765e+000 
1.159753888e+000 1.863161770e+000 
1.335731027e+000 1.926915635e+000 
1.155007392e+000 1.860237776e+000 
1.157428221e+000 1.861967021e+000 
1.159449291e+000 1.862665443e+000 
1.154373328e+000 1.859698056e+000 
1.347296572e+000 1.930337791e+000 
1.161446141e+000 1.864259045e+000 
1.178636535e+000 1.874102014e+000 
1.198208432e+000 1.884615241e+000 
1.154180644e+000 1.859638881e+000 
1.165141300e+000 1.866881895e+000 
1.318069539e+000 1.924778757e+000 
1.161553044e+000 1.864423437e+000 
1.305109652e+000 1.923115120e+000 
1.300081705e+000 1.921493905e+000 
1.349128012e+000 1.930496159e+000 
1.250458128e+000 1.906660420e+000 
1.347038821e+000 1.930146874e+000 
1.362532022e+000 1.932579878e+000 
1.181915480e+000 1.875511628e+000 
1.227421318e+000 1.898662559e+000 
1.230154429e+000 1.899155319e+000 
1.242669509e+000 1.903954419e+000 
1.229177171e+000 1.898879608e+000 
1.240285038e+000 1.903251894e+000 
1.191046051e+000 1.880575019e+000 
1.285559995e+000 1.916678571e+000 
1.189712931e+000 1.879718556e+000 
1.188506832e+000 1.878790979e+000 
1.330201252e+000 1.926823958e+000 
1.206220707e+000 1.888570505e+000 
1.284523877e+000 1.916192775e+000 
1.362626560e+000 1.932913332e+000 
1.195488907e+000 1.883176809e+000 
1.340353684e+000 1.927879096e+000 
1.004012115e+000 1.001164645e+000 
1.004090810e+000 1.001166563e+000 
1.004326142e+000 1.001209825e+000 
1.004394247e+000 1.001210388e+000 
1.004102404e+000 1.001178666e+000 
1.003987962e+000 1.001152697e+000 
1.004055431e+000 1.001166512e+000 
1.004365606e+000 1.001210050e+000 
1.004073037e+000 1.001166528e+000 
1.004038784e+000 1.001166303e+000 
1.004431038e+000 1.001213196e+000 
1.004172929e+000 1.001194457e+000 
1.004264503e+000 1.001194480e+000 
1.004113223e+000 1.001178683e+000 
1.004171239e+000 1.001180376e+000 
1.004101630e+000 1.001166579e+000 
1.013581152e+000 1.010029226e+000 
1.014482376e+000 1.010291938e+000 
1.014857253e+000 1.010463108e+000 
1.015891085e+000 1.010778198e+000 
1.017951136e+000 1.011220690e+000 
1.018134797e+000 1.011245426e+000 
1.016546345e+000 1.010904374e+000 
1.016155878e+000 1.010831986e+000 
1.015608320e+000 1.010697880e+000 
1.015948438e+000 1.010780226e+000 
1.017560669e+000 1.011148304e+000 
1.018483085e+000 1.011331999e+000 
1.013251319e+000 1.009894456e+000 
1.015769627e+000 1.010740635e+000 
1.011977195e+000 1.009226228e+000 
1.011745652e+000 1.009068713e+000 
1.013983221e+000 1.010171378e+000 
1.014683463e+000 1.010424304e+000 
1.015308535e+000 1.010620126e+000 
1.012671556e+000 1.009611915e+000 
1.019880928e+000 1.011583330e+000 
1.016265336e+000 1.010860380e+000 
1.012886971e+000 1.009731237e+000 
1.015682786e+000 1.010702174e+000 
1.012791804e+000 1.009682480e+000 
1.011788023e+000 1.009081419e+000 
1.016212740e+000 1.010847221e+000 
1.016322688e+000 1.010862356e+000 
1.014991263e+000 1.010511965e+000 
1.013346486e+000 1.009943660e+000 
1.018408748e+000 1.011316961e+000 
1.011702740e+000 1.008998394e+000 
1.015520732e+000 1.010661267e+000 
1.017977003e+000 1.011230872e+000 
1.012559000e+000 1.009542382e+000 
1.013127808e+000 1.009838583e+000 
1.013207104e+000 1.009883280e+000 
1.016113754e+000 1.010810369e+000 
1.018338690e+000 1.011312980e+000 
1.017863909e+000 1.011206289e+000 
1.018614759e+000 1.011338060e+000 
1.017312982e+000 1.011083353e+000 
1.018323042e+000 1.011266057e+000 
1.020107925e+000 1.011596524e+000 
1.004883079e+000 1.002014563e+000 
1.005118578e+000 1.002064563e+000 
1.005052272e+000 1.002052340e+000 
1.004966877e+000 1.002027866e+000 
1.005204137e+000 1.002065648e+000 
1.006489793e+000 1.002202358e+000 
1.004485517e+000 1.001930680e+000 
1.004816772e+000 1.002002274e+000 
1.004900571e+000 1.002015464e+000 
1.004722450e+000 1.001973573e+000 
1.004728120e+000 1.001980497e+000 
1.005152254e+000 1.002064951e+000 
1.007793200e+000 1.002281499e+000 
1.005212558e+000 1.002067406e+000 
1.005415768e+000 1.002095293e+000 
1.005830630e+000 1.002137253e+000 
1.005953463e+000 1.002150502e+000 
1.006676830e+000 1.002216487e+000 
1.004552332e+000 1.001945294e+000 
1.004616017e+000 1.001955855e+000 
1.004661814e+000 1.001968190e+000 
1.005502570e+000 1.002095439e+000 
1.007684339e+000 1.002268362e+000 
1.004768556e+000 1.001987439e+000 
1.005517130e+000 1.002096045e+000 
1.005334901e+000 1.002081807e+000 
1.005979184e+000 1.002151317e+000 
1.005701450e+000 1.002124694e+000 
1.007950463e+000 1.002294852e+000 
1.005938706e+000 1.002149870e+000 
1.007776236e+000 1.002280570e+000 
1.006059777e+000 1.002162074e+000 
1.007162073e+000 1.002247854e+000 
1.004797450e+000 1.001987452e+000 
1.005000553e+000 1.002028138e+000 
1.005278864e+000 1.002079681e+000 
1.006742706e+000 1.002220191e+000 
1.006102017e+000 1.002164687e+000 
1.004649499e+000 1.001958612e+000 
1.006034215e+000 1.002151734e+000 
1.006223088e+000 1.002177222e+000 
1.007696210e+000 1.002279358e+000 
1.006378534e+000 1.002201123e+000 
1.006074534e+000 1.002162728e+000 
1.006863777e+000 1.002232519e+000 
1.006264162e+000 1.002177709e+000 
1.007004810e+000 1.002234447e+000 
1.007615815e+000 1.002264398e+000 
1.000121144e+000 1.000005909e+000 
1.000011039e+000 1.000003915e+000 
1.000167407e+000 1.000006808e+000 
1.000563281e+000 1.000009858e+000 
1.000188532e+000 1.000006840e+000 
1.001173255e+000 1.000012823e+000 
1.000448449e+000 1.000009063e+000 
1.000084313e+000 1.000005711e+000 
1.000025032e+000 1.000004747e+000 
1.000449853e+000 1.000009067e+000 
1.000000002e+000 1.000003874e+000 
1.000919020e+000 1.000011824e+000 
1.000967756e+000 1.000012221e+000 
1.000625674e+000 1.000010338e+000 
1.045053073e+000 1.074409407e+000 
1.044462750e+000 1.073977631e+000 
1.033241945e+000 1.065259156e+000 
1.033581373e+000 1.065578565e+000 
1.050160149e+000 1.076863487e+000 
1.064104592e+000 1.082381379e+000 
1.057226606e+000 1.079833430e+000 
1.060982110e+000 1.081635976e+000 
1.042449482e+000 1.073185822e+000 
1.044482774e+000 1.074163184e+000 
1.054999773e+000 1.079006326e+000 
1.055885482e+000 1.079354068e+000 
1.059719540e+000 1.080745230e+000 
1.033495492e+000 1.065318083e+000 
1.037668910e+000 1.069868802e+000 
1.039019485e+000 1.070984518e+000 
1.063289422e+000 1.081923056e+000 
1.037266976e+000 1.069598254e+000 
1.037166479e+000 1.069510122e+000 
1.037191895e+000 1.069513440e+000 
1.037634241e+000 1.069844518e+000 
1.043118368e+000 1.073546038e+000 
1.045217558e+000 1.074529069e+000 
1.034840830e+000 1.067364298e+000 
1.062850715e+000 1.081743490e+000 
1.034929733e+000 1.067395759e+000 
1.040541168e+000 1.072036420e+000 
1.040952038e+000 1.072340513e+000 
1.046744672e+000 1.075300691e+000 
1.033809612e+000 1.066131435e+000 
1.033908297e+000 1.066174125e+000 
1.034132004e+000 1.066445611e+000 
1.037350493e+000 1.069752815e+000 
1.040623109e+000 1.072043169e+000 
1.051934350e+000 1.077622488e+000 
1.033695220e+000 1.065852316e+000 
1.045762463e+000 1.074879936e+000 
1.048644255e+000 1.076027048e+000 
1.035265168e+000 1.067750961e+000 
1.039653200e+000 1.071381583e+000 
1.046952164e+000 1.075312305e+000 
1.033941379e+000 1.066210356e+000 
1.037305457e+000 1.069747581e+000 
1.038511405e+000 1.070661392e+000 
1.055454876e+000 1.079196025e+000 
1.063476215e+000 1.082010943e+000 
1.053384716e+000 1.077974603e+000 
1.034831048e+000 1.067350950e+000 
1.035066392e+000 1.067405220e+000 
1.037515363e+000 1.069834868e+000 
1.046213095e+000 1.074988856e+000 
1.040914487e+000 1.072139048e+000 
1.049428270e+000 1.076372418e+000 
1.043937765e+000 1.073919364e+000 
1.050841597e+000 1.077165241e+000 
1.051914446e+000 1.077558173e+000 
1.041535851e+000 1.072551800e+000 
1.052238001e+000 1.077749031e+000 
1.050998322e+000 1.077335381e+000 
1.063795476e+000 1.082184357e+000 
1.040382133e+000 1.071943569e+000 
1.049182247e+000 1.076345828e+000 
1.058280102e+000 1.080360440e+000 
1.038732301e+000 1.070707355e+000 
1.052956189e+000 1.077883216e+000 
1.035352557e+000 1.067959975e+000 
1.044121924e+000 1.073968357e+000 
1.050025753e+000 1.076852078e+000 
1.043576914e+000 1.073721589e+000 
1.035441460e+000 1.067995571e+000 
1.036341136e+000 1.068833947e+000 
1.050793096e+000 1.077164993e+000 
1.051334853e+000 1.077492896e+000 
1.055794317e+000 1.079278595e+000 
1.054238747e+000 1.078330783e+000 
1.056740866e+000 1.079595998e+000 
1.054631438e+000 1.078593872e+000 
1.045409812e+000 1.074608117e+000 
1.052740121e+000 1.077873031e+000 
1.059396631e+000 1.080461570e+000 
1.041609043e+000 1.072657328e+000 
1.046025126e+000 1.074908051e+000 
1.060569217e+000 1.081003563e+000 
1.041449167e+000 1.072537456e+000 
1.052874517e+000 1.077882838e+000 
1.037161929e+000 1.069509678e+000 
1.059080096e+000 1.080396084e+000 
1.023554326e+000 1.032645537e+000 
1.031138052e+000 1.036261290e+000 
1.029253977e+000 1.035540323e+000 
1.028922649e+000 1.035395464e+000 
1.022147583e+000 1.031681973e+000 
1.022536619e+000 1.032011286e+000 
1.022871894e+000 1.032195438e+000 
1.023631256e+000 1.032702506e+000 
1.027072543e+000 1.034445938e+000 
1.031192746e+000 1.036377827e+000 
1.021393098e+000 1.031039404e+000 
1.022370188e+000 1.031850395e+000 
1.022837267e+000 1.032181761e+000 
1.024459274e+000 1.033183824e+000 
1.027275366e+000 1.034582523e+000 
1.032280364e+000 1.036814032e+000 
1.022250447e+000 1.031683677e+000 
1.024606708e+000 1.033195329e+000 
1.025470373e+000 1.033654123e+000 
1.032015478e+000 1.036724199e+000 
1.021386212e+000 1.030964382e+000 
1.024029996e+000 1.032939876e+000 
1.026066136e+000 1.034050718e+000 
1.027685501e+000 1.034809537e+000 
1.029801659e+000 1.035745761e+000 
1.026772137e+000 1.034368403e+000 
1.027168110e+000 1.034562686e+000 
1.022597572e+000 1.032023004e+000 
1.028501079e+000 1.035231241e+000 
1.021364465e+000 1.030896303e+000 
1.024670968e+000 1.033332952e+000 
1.024610595e+000 1.033244589e+000 
1.031450515e+000 1.036387516e+000 
1.021609319e+000 1.031190951e+000 
1.023965407e+000 1.032923059e+000 
1.025151452e+000 1.033628537e+000 
1.026533854e+000 1.034224532e+000 
1.025003245e+000 1.033487998e+000 
1.030113731e+000 1.035845172e+000 
1.029167127e+000 1.035490009e+000 
1.030467707e+000 1.036005094e+000 
1.032327550e+000 1.036829534e+000 
1.033173581e+000 1.037169301e+000 
1.024915795e+000 1.033426591e+000 
1.024876045e+000 1.033422108e+000 
1.028973717e+000 1.035412549e+000 
1.028090944e+000 1.034998668e+000 
1.032437627e+000 1.036880519e+000 
1.032986330e+000 1.037058985e+000 
1.027116955e+000 1.034506929e+000 
1.026443632e+000 1.034197745e+000 
1.027916322e+000 1.034928552e+000 
1.026832865e+000 1.034393525e+000 
1.026319458e+000 1.034062173e+000 
1.027373207e+000 1.034632916e+000 
1.442426697e+000 1.979001015e+000 
1.432798876e+000 1.976858280e+000 
1.422176198e+000 1.973983338e+000 
1.533416548e+000 1.994719916e+000 
1.523504209e+000 1.993362187e+000 
1.363679298e+000 1.943621499e+000 
1.387790819e+000 1.962644156e+000 
1.425480046e+000 1.974971454e+000 
1.370583438e+000 1.953218253e+000 
1.524207801e+000 1.993528110e+000 
1.531976587e+000 1.994443873e+000 
1.395606837e+000 1.965747419e+000 
1.537804761e+000 1.995232130e+000 
1.555336565e+000 1.996628459e+000 
1.387340551e+000 1.961791560e+000 
1.534918353e+000 1.995191256e+000 
1.511957811e+000 1.991698711e+000 
1.491183190e+000 1.988582952e+000 
1.611049199e+000 1.999376211e+000 
1.446377584e+000 1.980102876e+000 
1.490918632e+000 1.988539468e+000 
1.380339638e+000 1.957556289e+000 
1.445727352e+000 1.979991222e+000 
1.384443058e+000 1.960687956e+000 
1.383491487e+000 1.959889802e+000 
1.376632360e+000 1.956397286e+000 
1.363775823e+000 1.943877276e+000 
1.364737853e+000 1.944564162e+000 
1.374334058e+000 1.954975151e+000 
1.377713871e+000 1.956534462e+000 
1.372251850e+000 1.953906621e+000 
1.378350485e+000 1.956869994e+000 
1.370991061e+000 1.953855909e+000 
1.380749254e+000 1.957731788e+000 
1.504562876e+000 1.990625759e+000 
1.498055026e+000 1.989814547e+000 
1.427851883e+000 1.975718201e+000 
1.432433354e+000 1.976853260e+000 
1.445078642e+000 1.979598672e+000 
1.443497911e+000 1.979462197e+000 
1.378171112e+000 1.956672204e+000 
1.516283898e+000 1.992343393e+000 
1.401705649e+000 1.967813066e+000 
1.495815232e+000 1.989556420e+000 
1.383963069e+000 1.960408221e+000 
1.506818313e+000 1.991014732e+000 
1.400931723e+000 1.967775802e+000 
1.396012792e+000 1.965986954e+000 
1.384162210e+000 1.960638612e+000 
1.496419850e+000 1.989655038e+000 
1.503032396e+000 1.990530985e+000 
1.408426724e+000 1.970565600e+000 
1.480967533e+000 1.986646560e+000 
1.381082046e+000 1.958065011e+000 
1.546056774e+000 1.996108451e+000 
1.367143987e+000 1.949298174e+000 
1.505139220e+000 1.990844563e+000 
1.420993350e+000 1.973973429e+000 
1.413461284e+000 1.971756712e+000 
1.493966443e+000 1.989359689e+000 
1.469585817e+000 1.984934905e+000 
1.417566115e+000 1.972687595e+000 
1.409313096e+000 1.970666471e+000 
1.559087949e+000 1.997161185e+000 
1.423726745e+000 1.974494510e+000 
1.384887647e+000 1.960854407e+000 
1.376599770e+000 1.955689364e+000 
1.375558905e+000 1.955563727e+000 
1.375402953e+000 1.955552153e+000 
1.397175004e+000 1.966209264e+000 
1.370366415e+000 1.950787842e+000 
1.446907865e+000 1.980342091e+000 
1.420594557e+000 1.973800537e+000 
1.457201521e+000 1.982996806e+000 
1.376622564e+000 1.955979793e+000 
1.407789189e+000 1.970369976e+000 
1.389007192e+000 1.963038267e+000 
1.419388301e+000 1.973716324e+000 
1.381643111e+000 1.958227079e+000 
1.495339361e+000 1.989477050e+000 
1.494573297e+000 1.989442121e+000 
1.405631112e+000 1.969648411e+000 
1.466281921e+000 1.984625057e+000 
1.497168107e+000 1.989734452e+000 
1.556139500e+000 1.996828958e+000 
1.419108092e+000 1.973367881e+000 
1.469282461e+000 1.984895150e+000 
1.451500249e+000 1.981348552e+000 
1.422324183e+000 1.974121139e+000 
1.393391218e+000 1.964744628e+000 
1.467906544e+000 1.984861055e+000 
1.365690112e+000 1.945624926e+000 
1.418788617e+000 1.972819419e+000 
1.370150838e+000 1.950469069e+000 
1.449888814e+000 1.980894736e+000 
1.369660058e+000 1.950430828e+000 
1.383161775e+000 1.959757435e+000 
1.409602622e+000 1.970958280e+000 
1.381655964e+000 1.958598436e+000 
1.368093782e+000 1.949807701e+000 
1.368471562e+000 1.950178100e+000 
1.626021300e+000 1.999576413e+000 
1.366985169e+000 1.946560403e+000 
1.385148399e+000 1.961629871e+000 
1.365639740e+000 1.944811290e+000 
1.365588844e+000 1.944780357e+000 
1.392633920e+000 1.964363047e+000 
1.426927818e+000 1.975392722e+000 
1.390233340e+000 1.963612561e+000 
1.385719394e+000 1.961644267e+000 
1.384728718e+000 1.960835393e+000 
1.391174203e+000 1.963705276e+000 
1.388897028e+000 1.962907321e+000 
1.387852803e+000 1.962785461e+000 
1.392961182e+000 1.964671175e+000 
1.628776263e+000 1.999593060e+000 
1.393373364e+000 1.964689846e+000 
1.380597846e+000 1.957564476e+000 
1.389221745e+000 1.963168821e+000 
1.389086991e+000 1.963074045e+000 
1.393788600e+000 1.964891837e+000 
1.447688708e+000 1.980411950e+000 
1.388763368e+000 1.962866685e+000 
1.637565118e+000 2.000000000e+000 
1.394300319e+000 1.965113198e+000 
1.386792274e+000 1.961655144e+000 
1.391142319e+000 1.963673377e+000 
1.402408690e+000 1.967997116e+000 
1.406345730e+000 1.970302713e+000 
1.439927293e+000 1.978742309e+000 
1.470701407e+000 1.985063504e+000 
1.382505910e+000 1.958714467e+000 
1.433612018e+000 1.977217154e+000 
1.433142332e+000 1.977037166e+000 
1.433029560e+000 1.976921260e+000 
1.395065377e+000 1.965518035e+000 
1.405154837e+000 1.969614068e+000 
1.405720885e+000 1.969698331e+000 
1.424187012e+000 1.974658682e+000 
1.395154958e+000 1.965691124e+000 
1.391252189e+000 1.964197373e+000 
1.395024636e+000 1.965159871e+000 
1.399336928e+000 1.967207645e+000 
1.606561963e+000 1.998995162e+000 
1.373511441e+000 1.954729042e+000 
1.373465590e+000 1.954503729e+000 
1.402992183e+000 1.968607849e+000 
1.442542668e+000 1.979180513e+000 
1.438859360e+000 1.978269824e+000 
1.397636095e+000 1.966567702e+000 
1.376367652e+000 1.955627219e+000 
1.383963238e+000 1.960453003e+000 
1.429195272e+000 1.976176669e+000 
1.430440793e+000 1.976391220e+000 
1.403692143e+000 1.968754394e+000 
1.399552756e+000 1.967410547e+000 
1.404178886e+000 1.969243967e+000 
1.630055330e+000 1.999708022e+000 
1.405149207e+000 1.969583740e+000 
1.381545550e+000 1.958072704e+000 
1.426164726e+000 1.975029438e+000 
1.416364819e+000 1.972477827e+000 
1.428637110e+000 1.976163073e+000 
1.472954034e+000 1.985499422e+000 
1.431190179e+000 1.976641828e+000 
1.441136883e+000 1.978915212e+000 
1.482292871e+000 1.987104660e+000 
1.456630162e+000 1.982561062e+000 
1.452722344e+000 1.981735939e+000 
1.435934631e+000 1.977524856e+000 
1.448342729e+000 1.980795361e+000 
1.478141172e+000 1.986349195e+000 
1.366107136e+000 1.946507164e+000 
1.401627210e+000 1.967802714e+000 
1.414022567e+000 1.971832939e+000 
1.415277500e+000 1.972345873e+000 
1.434977492e+000 1.977424357e+000 
1.408850059e+000 1.970618651e+000 
1.436315249e+000 1.977827416e+000 
1.620490226e+000 1.999498650e+000 
1.498131090e+000 1.989899447e+000 
1.490810633e+000 1.988493781e+000 
1.491934810e+000 1.988898488e+000 
1.551571100e+000 1.996416608e+000 
1.499545594e+000 1.990046543e+000 
1.497263229e+000 1.989791857e+000 
1.459453993e+000 1.983474403e+000 
1.486798403e+000 1.988026090e+000 
1.481577972e+000 1.987037218e+000 
1.464524722e+000 1.984234661e+000 
1.528912597e+000 1.994042756e+000 
1.527905341e+000 1.993979332e+000 
1.437728425e+000 1.977936432e+000 
1.532752754e+000 1.994471007e+000 
1.541184960e+000 1.995413898e+000 
1.474274399e+000 1.985831635e+000 
1.533336984e+000 1.994537402e+000 
1.530623776e+000 1.994290784e+000 
1.476384601e+000 1.986129022e+000 
1.455407562e+000 1.982249255e+000 
1.465131286e+000 1.984319331e+000 
1.465283293e+000 1.984533589e+000 
1.488200525e+000 1.988239815e+000 
1.471654309e+000 1.985365019e+000 
1.399152669e+000 1.967071555e+000 
1.486444084e+000 1.987971056e+000 
1.463410504e+000 1.983892260e+000 
1.462411147e+000 1.983782817e+000 
1.500501098e+000 1.990066145e+000 
1.484139049e+000 1.987475170e+000 
1.461233319e+000 1.983747243e+000 
1.410796528e+000 1.971126926e+000 
1.540687966e+000 1.995299943e+000 
1.484780915e+000 1.987572867e+000 
1.490458395e+000 1.988463636e+000 
1.451466090e+000 1.981154674e+000 
1.501745773e+000 1.990238997e+000 
1.412914182e+000 1.971706077e+000 
1.483680705e+000 1.987437399e+000 
1.498598770e+000 1.989918138e+000 
1.455966717e+000 1.982372721e+000 
1.454747712e+000 1.982167365e+000 
1.447963963e+000 1.980577290e+000 
1.458163113e+000 1.983000936e+000 
1.457000177e+000 1.982764952e+000 
1.507079099e+000 1.991202876e+000 
1.454616496e+000 1.981992284e+000 
1.485239612e+000 1.987644906e+000 
1.478650070e+000 1.986363789e+000 
1.383061486e+000 1.959464157e+000 
1.398507210e+000 1.966623531e+000 
1.453713845e+000 1.981762814e+000 
1.450274403e+000 1.981130058e+000 
1.399004269e+000 1.966709736e+000 
1.446314097e+000 1.980056668e+000 
1.442838608e+000 1.979228084e+000 
1.426714316e+000 1.975392301e+000 
1.447489830e+000 1.980356877e+000 
1.396959551e+000 1.966129703e+000 
1.379837585e+000 1.957013633e+000 
1.380038237e+000 1.957483500e+000 
1.434325629e+000 1.977324139e+000 
1.506737317e+000 1.990935948e+000 
1.440839137e+000 1.978763095e+000 
1.430805499e+000 1.976408385e+000 
1.502580076e+000 1.990287090e+000 
1.509205491e+000 1.991521111e+000 
1.440926345e+000 1.978789131e+000 
1.589212475e+000 1.998161394e+000 
1.416189091e+000 1.972358625e+000 
1.417184131e+000 1.972668367e+000 
1.414808843e+000 1.972075623e+000 
1.588523410e+000 1.998139102e+000 
1.584214092e+000 1.997925531e+000 
1.584061038e+000 1.997853243e+000 
1.584218637e+000 1.997974180e+000 
1.513854570e+000 1.991916402e+000 
1.609901700e+000 1.999132127e+000 
1.514343208e+000 1.992053413e+000 
1.606304293e+000 1.998827506e+000 
1.589544739e+000 1.998223191e+000 
1.594274632e+000 1.998647932e+000 
1.607849433e+000 1.999075568e+000 
1.591752087e+000 1.998434658e+000 
1.590799427e+000 1.998347344e+000 
1.566126249e+000 1.997442387e+000 
1.567807563e+000 1.997537146e+000 
1.543610227e+000 1.995573652e+000 
1.542697836e+000 1.995440033e+000 
1.589854112e+000 1.998263804e+000 
1.550350133e+000 1.996223972e+000 
1.590832147e+000 1.998423461e+000 
1.568562765e+000 1.997571434e+000 
1.545942485e+000 1.995774354e+000 
1.596343047e+000 1.998751070e+000 
1.569585444e+000 1.997764018e+000 
1.563444171e+000 1.997324514e+000 
1.569180956e+000 1.997679442e+000 
1.521851603e+000 1.992792228e+000 
1.520362207e+000 1.992592380e+000 
1.555641747e+000 1.996688351e+000 
1.520313981e+000 1.992549611e+000 
1.519615058e+000 1.992529320e+000 
1.556111302e+000 1.996703981e+000 
1.483411952e+000 1.987215788e+000 
1.554447513e+000 1.996426344e+000 

