1.032732677e+000 1.146212221e+000 
1.041472547e+000 1.153747773e+000 
1.041548715e+000 1.153868185e+000 
1.038829855e+000 1.152033080e+000 
1.039452569e+000 1.152412398e+000 
1.033164898e+000 1.146703959e+000 
1.033193755e+000 1.146720242e+000 
1.033460708e+000 1.146841364e+000 
1.041353773e+000 1.153660138e+000 
1.033493658e+000 1.146914329e+000 
1.033587908e+000 1.147360062e+000 
1.039692081e+000 1.152627242e+000 
1.035022765e+000 1.148744696e+000 
1.034675725e+000 1.148608364e+000 
1.035497943e+000 1.149406392e+000 
1.041347629e+000 1.153643029e+000 
1.036267071e+000 1.150114723e+000 
1.037143140e+000 1.150802262e+000 
1.033839611e+000 1.147506812e+000 
1.036938397e+000 1.150645721e+000 
1.037399250e+000 1.151002852e+000 
1.038141579e+000 1.151547050e+000 
1.038115794e+000 1.151526239e+000 
1.035487682e+000 1.149398784e+000 
1.004565220e+000 1.001611859e+000 
1.005281751e+000 1.001728183e+000 
1.006247150e+000 1.001822696e+000 
1.004740602e+000 1.001641838e+000 
1.005040729e+000 1.001674913e+000 
1.005097107e+000 1.001699741e+000 
1.005530712e+000 1.001759774e+000 
1.005474333e+000 1.001734818e+000 
1.006010279e+000 1.001794461e+000 
1.005824575e+000 1.001790005e+000 
1.005587705e+000 1.001761771e+000 
1.004551143e+000 1.001611740e+000 
1.005154100e+000 1.001701738e+000 
1.005711203e+000 1.001763060e+000 
1.004784271e+000 1.001643169e+000 
1.004983736e+000 1.001672916e+000 
1.004368008e+000 1.001582449e+000 
1.004045353e+000 1.001517811e+000 
1.004219575e+000 1.001548464e+000 
1.004507475e+000 1.001610529e+000 
1.004455829e+000 1.001583855e+000 
1.004347226e+000 1.001574904e+000 
1.004635126e+000 1.001636973e+000 
1.003950039e+000 1.001489922e+000 
1.004124261e+000 1.001520461e+000 
1.007461029e+000 1.005194566e+000 
1.007394134e+000 1.005190874e+000 
1.006596107e+000 1.001844529e+000 
1.007333302e+000 1.001930201e+000 
1.006498886e+000 1.001840285e+000 
1.006203678e+000 1.001809663e+000 
1.006827988e+000 1.001872931e+000 
1.007082143e+000 1.001902239e+000 
1.006730767e+000 1.001868742e+000 
1.007249104e+000 1.001922648e+000 
1.007368102e+000 1.003956578e+000 
1.104595366e+000 1.948569091e+000 
1.044514398e+000 1.915215907e+000 
1.046894123e+000 1.917584383e+000 
1.052061020e+000 1.921747352e+000 
1.124356959e+000 1.955520512e+000 
1.175757787e+000 1.967673103e+000 
1.043851455e+000 1.914121129e+000 
1.049052304e+000 1.919701392e+000 
1.071962539e+000 1.934612983e+000 
1.050953919e+000 1.921082206e+000 
1.044822308e+000 1.915728375e+000 
1.046677530e+000 1.917312422e+000 
1.046449618e+000 1.917253032e+000 
1.044186732e+000 1.914948650e+000 
1.064873756e+000 1.930267972e+000 
1.049338324e+000 1.919897106e+000 
1.066270360e+000 1.931072699e+000 
1.068208658e+000 1.932276389e+000 
1.045949907e+000 1.917138774e+000 
1.048816173e+000 1.919327493e+000 
1.045336235e+000 1.916343651e+000 
1.043156993e+000 1.913629086e+000 
1.087015631e+000 1.941969517e+000 
1.048393085e+000 1.919163993e+000 
1.235546785e+000 1.974801692e+000 
1.047930176e+000 1.918764755e+000 
1.080263556e+000 1.938833726e+000 
1.121237106e+000 1.954523415e+000 
1.052735313e+000 1.922144593e+000 
1.043267258e+000 1.913709743e+000 
1.160046174e+000 1.964842919e+000 
1.148243996e+000 1.962087004e+000 
1.237113317e+000 1.974803482e+000 
1.067516472e+000 1.931985603e+000 
1.198865130e+000 1.970602324e+000 
1.167459402e+000 1.966210388e+000 
1.061614150e+000 1.928098952e+000 
1.085562960e+000 1.941354810e+000 
1.077924396e+000 1.937134989e+000 
1.081304118e+000 1.939460479e+000 
1.124524471e+000 1.955575886e+000 
1.049559242e+000 1.920060280e+000 
1.090072777e+000 1.943336044e+000 
1.045598030e+000 1.916698947e+000 
1.149551365e+000 1.962185376e+000 
1.062877871e+000 1.929051732e+000 
1.078954437e+000 1.937840593e+000 
1.147762806e+000 1.961794038e+000 
1.059340697e+000 1.926789607e+000 
1.202071625e+000 1.971106520e+000 
1.150246455e+000 1.962330146e+000 
1.177500420e+000 1.967868723e+000 
1.059727902e+000 1.927150070e+000 
1.190477077e+000 1.969713649e+000 
1.061806675e+000 1.928332014e+000 
1.180088173e+000 1.968464706e+000 
1.178970038e+000 1.968087141e+000 
1.181985924e+000 1.968729399e+000 
1.102227196e+000 1.948262679e+000 
1.178891332e+000 1.968043601e+000 
1.153360136e+000 1.963232069e+000 
1.068894088e+000 1.932769362e+000 
1.069494469e+000 1.933176393e+000 
1.049518567e+000 1.919907015e+000 
1.093569014e+000 1.944863425e+000 
1.120206520e+000 1.954344863e+000 
1.083339977e+000 1.940310800e+000 
1.090414749e+000 1.943516158e+000 
1.185533698e+000 1.969242673e+000 
1.064621034e+000 1.929914994e+000 
1.061580855e+000 1.928098710e+000 
1.159127164e+000 1.964493884e+000 
1.078972398e+000 1.937840804e+000 
1.147872969e+000 1.961839927e+000 
1.052858335e+000 1.922291352e+000 
1.203471467e+000 1.971255163e+000 
1.149498286e+000 1.962120054e+000 
1.086273326e+000 1.941535751e+000 
1.084886613e+000 1.941055170e+000 
1.069738646e+000 1.933336967e+000 
1.183068223e+000 1.968996847e+000 
1.043510714e+000 1.913928555e+000 
1.042421496e+000 1.912985829e+000 
1.061665905e+000 1.928184651e+000 
1.049761411e+000 1.920060607e+000 
1.063000122e+000 1.929147915e+000 
1.083865401e+000 1.940499519e+000 
1.158581061e+000 1.964290493e+000 
1.088633557e+000 1.942739043e+000 
1.054558349e+000 1.923677151e+000 
1.230192386e+000 1.974134641e+000 
1.087197408e+000 1.942019035e+000 
1.090737136e+000 1.943726400e+000 
1.069662423e+000 1.933223418e+000 
1.084529760e+000 1.940889876e+000 
1.080512998e+000 1.939001020e+000 
1.081945586e+000 1.939646059e+000 
1.060732003e+000 1.927709622e+000 
1.058066488e+000 1.926171343e+000 
1.086394856e+000 1.941555200e+000 
1.060477793e+000 1.927568902e+000 
1.061389930e+000 1.928043283e+000 
1.201401816e+000 1.970905276e+000 
1.172791892e+000 1.967003980e+000 
1.222881200e+000 1.973233076e+000 
1.118796730e+000 1.953740503e+000 
1.071420126e+000 1.934193535e+000 
1.097113524e+000 1.946220882e+000 
1.070780256e+000 1.934015362e+000 
1.073220258e+000 1.935023195e+000 
1.042355583e+000 1.912390273e+000 
1.184531618e+000 1.969085937e+000 
1.204513646e+000 1.971401334e+000 
1.126383025e+000 1.955891741e+000 
1.194920458e+000 1.970396355e+000 
1.043981219e+000 1.914605323e+000 
1.059706137e+000 1.927149422e+000 
1.052983675e+000 1.922389761e+000 
1.073307935e+000 1.935302466e+000 
1.097779964e+000 1.946557284e+000 
1.108812724e+000 1.950471295e+000 
1.101498717e+000 1.947813411e+000 
1.116751833e+000 1.952986303e+000 
1.072376542e+000 1.934779641e+000 
1.151299270e+000 1.962766300e+000 
1.050227387e+000 1.920458943e+000 
1.074790020e+000 1.935813319e+000 
1.193636416e+000 1.970187780e+000 
1.110902564e+000 1.951168985e+000 
1.071616443e+000 1.934352812e+000 
1.118219448e+000 1.953564220e+000 
1.094566090e+000 1.945338963e+000 
1.049992007e+000 1.920358412e+000 
1.066114206e+000 1.931021757e+000 
1.078078609e+000 1.937431490e+000 
1.068178304e+000 1.932210088e+000 
1.119839689e+000 1.954024617e+000 
1.163654951e+000 1.965216454e+000 
1.187949984e+000 1.969434172e+000 
1.051923636e+000 1.921717883e+000 
1.057510782e+000 1.925726412e+000 
1.095551299e+000 1.945756508e+000 
1.127952295e+000 1.956247595e+000 
1.166326665e+000 1.965674657e+000 
1.151136451e+000 1.962587942e+000 
1.171856514e+000 1.966913208e+000 
1.056106299e+000 1.924902231e+000 
1.145677224e+000 1.960989005e+000 
1.125946296e+000 1.955710142e+000 
1.124947086e+000 1.955600084e+000 
1.054892054e+000 1.923974778e+000 
1.054004411e+000 1.923201828e+000 
1.054363745e+000 1.923625117e+000 
1.144104288e+000 1.960800133e+000 
1.056360509e+000 1.925042951e+000 
1.099932422e+000 1.947319172e+000 
1.122681067e+000 1.954952260e+000 
1.055308983e+000 1.924358231e+000 
1.107407963e+000 1.949899548e+000 
1.171592707e+000 1.966828501e+000 
1.097313926e+000 1.946343580e+000 
1.091360874e+000 1.943855678e+000 
1.091455908e+000 1.943858101e+000 
1.146328099e+000 1.961229174e+000 
1.096165761e+000 1.945992161e+000 
1.150380259e+000 1.962414357e+000 
1.076728310e+000 1.936899881e+000 
1.123316968e+000 1.955219428e+000 
1.128126581e+000 1.956476970e+000 
1.078055155e+000 1.937349225e+000 
1.053848799e+000 1.923033501e+000 
1.155137441e+000 1.963466179e+000 
1.155807491e+000 1.963756931e+000 
1.128941352e+000 1.956536310e+000 
1.078948968e+000 1.937788030e+000 
1.152968012e+000 1.963015912e+000 
1.156147507e+000 1.963834549e+000 
1.152029253e+000 1.962862600e+000 
1.109996300e+000 1.950764383e+000 
1.078663642e+000 1.937599171e+000 
1.098952891e+000 1.946976561e+000 
1.116801190e+000 1.953092169e+000 
1.120911043e+000 1.954453140e+000 
1.110065136e+000 1.950867358e+000 
1.109774799e+000 1.950601652e+000 
1.131492670e+000 1.957222469e+000 
1.127297299e+000 1.956225347e+000 
1.115273934e+000 1.952465382e+000 
1.118470667e+000 1.953670227e+000 
1.215169807e+000 1.972527733e+000 
1.133386295e+000 1.957663200e+000 
1.123903849e+000 1.955312659e+000 
1.207525410e+000 1.971818368e+000 
1.134933790e+000 1.958000117e+000 
1.111584297e+000 1.951342368e+000 
1.135362001e+000 1.958263283e+000 
1.145220220e+000 1.960918871e+000 
1.106275654e+000 1.949483838e+000 
1.137732769e+000 1.958804422e+000 
1.136939688e+000 1.958495204e+000 
1.139022019e+000 1.959263287e+000 
1.142014824e+000 1.960101651e+000 
1.141315868e+000 1.959737895e+000 
1.211401577e+000 1.972019972e+000 
1.102939541e+000 1.948407713e+000 
1.114592142e+000 1.952399549e+000 
1.137136526e+000 1.958528503e+000 
1.101731006e+000 1.947863987e+000 
1.227339754e+000 1.973597047e+000 
1.212335460e+000 1.972512514e+000 
1.234041123e+000 1.974686622e+000 
1.229005890e+000 1.973823438e+000 
1.232682703e+000 1.974477563e+000 
1.206140620e+000 1.971648820e+000 
1.234960933e+000 1.974786900e+000 
1.042192370e+000 1.465125062e+000 
1.028333536e+000 1.041218229e+000 
1.027899705e+000 1.040722971e+000 
1.028581078e+000 1.041339281e+000 
1.030806460e+000 1.042724814e+000 
1.028306554e+000 1.041199564e+000 
1.029167665e+000 1.041794895e+000 
1.028917018e+000 1.041672138e+000 
1.029893970e+000 1.042259716e+000 
1.031059103e+000 1.042962428e+000 
1.031501886e+000 1.043274162e+000 
1.031804032e+000 1.043487163e+000 
1.030204905e+000 1.042603473e+000 
1.029419503e+000 1.041830910e+000 
1.002035143e+000 1.000219236e+000 
1.003120063e+000 1.000226535e+000 
1.001136151e+000 1.000204666e+000 
1.000858620e+000 1.000200534e+000 
1.002436665e+000 1.000222155e+000 
1.001840819e+000 1.000215958e+000 
1.001299107e+000 1.000208170e+000 
1.001235092e+000 1.000207354e+000 
1.002194925e+000 1.000221811e+000 
1.001450430e+000 1.000208782e+000 
1.003488381e+000 1.000227892e+000 
1.000349209e+000 1.000190085e+000 
1.000753868e+000 1.000196858e+000 
1.001132343e+000 1.000204631e+000 
1.001770962e+000 1.000215545e+000 
1.001572830e+000 1.000212301e+000 
1.001036961e+000 1.000204080e+000 
1.000914560e+000 1.000200595e+000 
1.000600281e+000 1.000196478e+000 
1.000439589e+000 1.000192741e+000 
1.002563243e+000 1.000223161e+000 
1.000392726e+000 1.000190455e+000 
1.003248233e+000 1.000227514e+000 
1.002860031e+000 1.000223752e+000 
1.003545021e+000 1.000228139e+000 
1.003899339e+000 1.000231105e+000 
1.009289943e+000 1.009208239e+000 
1.010991771e+000 1.009883972e+000 
1.008384063e+000 1.008797516e+000 
1.012374308e+000 1.010288484e+000 
1.013462445e+000 1.010500296e+000 
1.024510691e+000 1.012535614e+000 
1.007892032e+000 1.008494315e+000 
1.023913784e+000 1.012489968e+000 
1.014130148e+000 1.010675586e+000 
1.016506464e+000 1.011219783e+000 
1.019309857e+000 1.011647369e+000 
1.020315653e+000 1.011838326e+000 
1.013313784e+000 1.010484915e+000 
1.008657707e+000 1.008933018e+000 
1.008640657e+000 1.008931810e+000 
1.020587607e+000 1.011876109e+000 
1.008006559e+000 1.008518898e+000 
1.018474184e+000 1.011546247e+000 
1.014362295e+000 1.010783180e+000 
1.019834209e+000 1.011708442e+000 
1.013132330e+000 1.010464011e+000 
1.017148082e+000 1.011294716e+000 
1.015714943e+000 1.011088437e+000 
1.021900850e+000 1.012101195e+000 
1.011542784e+000 1.010039347e+000 
1.008151015e+000 1.008670300e+000 
1.017707541e+000 1.011341258e+000 
1.018626950e+000 1.011547227e+000 
1.011306134e+000 1.009918417e+000 
1.012207646e+000 1.010214396e+000 
1.016986944e+000 1.011226856e+000 
1.016204827e+000 1.011141607e+000 
1.009431382e+000 1.009326986e+000 
1.020957595e+000 1.011947034e+000 
1.010429989e+000 1.009646778e+000 
1.010862621e+000 1.009784546e+000 
1.010838539e+000 1.009779575e+000 
1.014931138e+000 1.010922853e+000 
1.016226521e+000 1.011186185e+000 
1.009547711e+000 1.009327810e+000 
1.007549035e+000 1.008240526e+000 
1.008038677e+000 1.008520825e+000 
1.015383223e+000 1.011016754e+000 
1.014626224e+000 1.010807465e+000 
1.023079129e+000 1.012384450e+000 
1.025626117e+000 1.012764715e+000 
1.010517637e+000 1.009751762e+000 
1.010259869e+000 1.009630370e+000 
1.009909011e+000 1.009499962e+000 
1.011134234e+000 1.009909169e+000 
1.010734108e+000 1.009775000e+000 
1.014033166e+000 1.010652997e+000 
1.010166780e+000 1.009619331e+000 
1.009130164e+000 1.009104175e+000 
1.011528478e+000 1.010039199e+000 
1.010680029e+000 1.009752775e+000 
1.011226889e+000 1.009911188e+000 
1.012900605e+000 1.010367672e+000 
1.025009658e+000 1.012640713e+000 
1.025045873e+000 1.012658794e+000 
1.020907780e+000 1.011925016e+000 
1.020051020e+000 1.011774733e+000 
1.022922653e+000 1.012274711e+000 
1.025560971e+000 1.012709224e+000 
1.025051150e+000 1.012680393e+000 
1.024584811e+000 1.012539818e+000 
1.019174114e+000 1.011616762e+000 
1.025423379e+000 1.012682256e+000 
1.022131910e+000 1.012151277e+000 
1.032717886e+000 1.105501414e+000 
1.032060560e+000 1.105039880e+000 
1.032334866e+000 1.105191100e+000 
1.000070423e+000 1.000000006e+000 
1.000273389e+000 1.000000013e+000 
1.000190722e+000 1.000000012e+000 
1.000000000e+000 1.000000000e+000 
1.026285753e+000 1.038038852e+000 
1.026029612e+000 1.037906624e+000 
1.025998849e+000 1.037759848e+000 
1.026660785e+000 1.038301275e+000 
1.027023789e+000 1.038387892e+000 
1.027191514e+000 1.038497922e+000 
1.021249080e+000 1.011959261e+000 
1.019050886e+000 1.011590978e+000 
1.020883716e+000 1.011897108e+000 
1.020139725e+000 1.011793050e+000 
1.018380172e+000 1.011471158e+000 
1.020775656e+000 1.011885644e+000 
1.019034592e+000 1.011582098e+000 
1.017438159e+000 1.011305111e+000 
1.334108355e+000 1.992185782e+000 
1.272250817e+000 1.984402687e+000 
1.273773211e+000 1.984967612e+000 
1.242079318e+000 1.975772743e+000 
1.309172340e+000 1.989551948e+000 
1.309366919e+000 1.989779238e+000 
1.268882683e+000 1.984180802e+000 
1.562161492e+000 1.999695018e+000 
1.272300397e+000 1.984719167e+000 
1.243167073e+000 1.976638465e+000 
1.245288890e+000 1.977683842e+000 
1.558657197e+000 1.999692097e+000 
1.553154453e+000 1.999670015e+000 
1.355610578e+000 1.994132206e+000 
1.542202198e+000 1.999628508e+000 
1.272915209e+000 1.984796080e+000 
1.333481509e+000 1.991911455e+000 
1.248089429e+000 1.978249030e+000 
1.305121464e+000 1.989279987e+000 
1.261576336e+000 1.982295389e+000 
1.247063539e+000 1.978092912e+000 
1.346114036e+000 1.993219761e+000 
1.247866184e+000 1.978177076e+000 
1.294289265e+000 1.987829417e+000 
1.277199017e+000 1.985493158e+000 
1.360780290e+000 1.994321075e+000 
1.250207251e+000 1.978954858e+000 
1.241178339e+000 1.975527596e+000 
1.307851622e+000 1.989541234e+000 
1.309226365e+000 1.989710691e+000 
1.339203865e+000 1.992486929e+000 
1.323281197e+000 1.990864240e+000 
1.361857723e+000 1.994584366e+000 
1.252975155e+000 1.979956380e+000 
1.267969859e+000 1.983932109e+000 
1.537402180e+000 1.999599873e+000 
1.274317522e+000 1.984976481e+000 
1.251001691e+000 1.979270953e+000 
1.253828346e+000 1.980162794e+000 
1.253961216e+000 1.980407653e+000 
1.313654300e+000 1.990134679e+000 
1.361331136e+000 1.994571692e+000 
1.254693393e+000 1.980409828e+000 
1.301687934e+000 1.988678217e+000 
1.350135112e+000 1.993618374e+000 
1.292402323e+000 1.987520172e+000 
1.298198021e+000 1.988289645e+000 
1.300035093e+000 1.988487888e+000 
1.291100252e+000 1.987515459e+000 
1.295361831e+000 1.987872417e+000 
1.279306561e+000 1.985730345e+000 
1.312427049e+000 1.990002040e+000 
1.275007381e+000 1.985196237e+000 
1.290721474e+000 1.987235983e+000 
1.633550769e+000 1.999984247e+000 
1.242543761e+000 1.976328125e+000 
1.351650410e+000 1.993866168e+000 
1.294059802e+000 1.987723821e+000 
1.275352639e+000 1.985209439e+000 
1.362383871e+000 1.994658414e+000 
1.298137319e+000 1.988208813e+000 
1.295720654e+000 1.987946323e+000 
1.238407693e+000 1.975516877e+000 
1.286956651e+000 1.986796985e+000 
1.254713801e+000 1.980432666e+000 
1.293389563e+000 1.987552541e+000 
1.265401486e+000 1.983366739e+000 
1.265886005e+000 1.983593583e+000 
1.250408360e+000 1.979022909e+000 
1.337576016e+000 1.992456954e+000 
1.269951448e+000 1.984352567e+000 
1.378696266e+000 1.995594824e+000 
1.326482716e+000 1.991350101e+000 
1.321606796e+000 1.990784612e+000 
1.285312675e+000 1.986330146e+000 
1.329982738e+000 1.991727221e+000 
1.348608922e+000 1.993401220e+000 
1.248699541e+000 1.978456544e+000 
1.276958118e+000 1.985294651e+000 
1.333738551e+000 1.991941396e+000 
1.241271289e+000 1.975566480e+000 
1.267894496e+000 1.983888096e+000 
1.318457153e+000 1.990470157e+000 
1.245125903e+000 1.977127882e+000 
1.326129106e+000 1.991111233e+000 
1.634422320e+000 2.000000000e+000 
1.245046115e+000 1.976982928e+000 
1.290792167e+000 1.987238613e+000 
1.599775721e+000 1.999862705e+000 
1.595979344e+000 1.999847118e+000 
1.285415659e+000 1.986333898e+000 
1.354969660e+000 1.994075282e+000 
1.286077071e+000 1.986723700e+000 
1.329337444e+000 1.991642023e+000 
1.267068039e+000 1.983876209e+000 
1.245109384e+000 1.976993048e+000 
1.359097721e+000 1.994275480e+000 
1.364327833e+000 1.994710072e+000 
1.318889473e+000 1.990580096e+000 
1.302864495e+000 1.988898068e+000 
1.277087917e+000 1.985320247e+000 
1.281672121e+000 1.986270698e+000 
1.358754791e+000 1.994247410e+000 
1.357268727e+000 1.994244168e+000 
1.383912681e+000 1.995876390e+000 
1.367600287e+000 1.994939980e+000 
1.324222709e+000 1.990900644e+000 
1.306965989e+000 1.989420267e+000 
1.296738329e+000 1.988157990e+000 
1.338126129e+000 1.992474984e+000 
1.280250228e+000 1.985760505e+000 
1.383455494e+000 1.995838976e+000 
1.334240976e+000 1.992210867e+000 
1.322003500e+000 1.990861354e+000 
1.342054150e+000 1.992807215e+000 
1.293942522e+000 1.987554613e+000 
1.342871155e+000 1.992861376e+000 
1.301046907e+000 1.988615379e+000 
1.296473258e+000 1.987969780e+000 
1.334859058e+000 1.992251272e+000 
1.251063919e+000 1.979332763e+000 
1.320427170e+000 1.990653550e+000 
1.284383873e+000 1.986320257e+000 
1.302210341e+000 1.988779199e+000 
1.304369693e+000 1.988981622e+000 
1.265388184e+000 1.983269554e+000 
1.345486002e+000 1.993097314e+000 
1.262337554e+000 1.982509127e+000 
1.263904851e+000 1.983017132e+000 
1.251399462e+000 1.979343520e+000 
1.349757704e+000 1.993447427e+000 
1.350575993e+000 1.993676555e+000 
1.262675083e+000 1.982602597e+000 
1.260025830e+000 1.981874281e+000 
1.253556443e+000 1.979964941e+000 
1.238170901e+000 1.974932372e+000 
1.259259133e+000 1.981702122e+000 
1.243916053e+000 1.976952269e+000 
1.257886473e+000 1.981362654e+000 
1.255216729e+000 1.980633432e+000 
1.250935995e+000 1.979042684e+000 
1.261645005e+000 1.982299459e+000 
1.260790221e+000 1.982216922e+000 
1.252327841e+000 1.979571674e+000 
1.263612443e+000 1.982603940e+000 
1.241723436e+000 1.975769206e+000 
1.256351960e+000 1.981060847e+000 
1.256169404e+000 1.980743959e+000 
1.257582504e+000 1.981256435e+000 
1.256598890e+000 1.981077026e+000 
1.370887329e+000 1.995208476e+000 
1.375684642e+000 1.995464732e+000 
1.375291995e+000 1.995434578e+000 
1.316959750e+000 1.990313029e+000 
1.335468011e+000 1.992322865e+000 
1.316420309e+000 1.990208594e+000 
1.256629215e+000 1.981083590e+000 
1.626250512e+000 1.999977398e+000 
1.332199138e+000 1.991846235e+000 
1.324286379e+000 1.991110638e+000 
1.369779767e+000 1.995093520e+000 
1.626462139e+000 1.999983407e+000 
1.366503391e+000 1.994821046e+000 
1.344431316e+000 1.992890198e+000 
1.377620423e+000 1.995585297e+000 
1.380709146e+000 1.995681228e+000 
1.402660402e+000 1.996815896e+000 
1.489298753e+000 1.999353414e+000 
1.561628854e+000 1.999693283e+000 
1.535849966e+000 1.999573621e+000 
1.396843584e+000 1.996493418e+000 
1.454775953e+000 1.998667758e+000 
1.426187179e+000 1.997945060e+000 
1.622768149e+000 1.999966085e+000 
1.397926057e+000 1.996583565e+000 
1.389236454e+000 1.996136973e+000 
1.623523973e+000 1.999973654e+000 
1.432345947e+000 1.997986147e+000 
1.490218954e+000 1.999381949e+000 
1.394441619e+000 1.996432434e+000 
1.401376091e+000 1.996721074e+000 
1.457929660e+000 1.998767765e+000 
1.428808037e+000 1.997958436e+000 
1.434416469e+000 1.998093018e+000 
1.434522951e+000 1.998105056e+000 
1.521785394e+000 1.999558837e+000 
1.479793452e+000 1.999331104e+000 
1.365663147e+000 1.994725746e+000 
1.621312451e+000 1.999964042e+000 
1.521786898e+000 1.999569497e+000 
1.408571856e+000 1.997201276e+000 
1.408546356e+000 1.997174448e+000 
1.490760592e+000 1.999382608e+000 
1.496307101e+000 1.999437172e+000 
1.441344461e+000 1.998347149e+000 
1.413006695e+000 1.997490028e+000 
1.412931094e+000 1.997348089e+000 
1.439746667e+000 1.998322460e+000 
1.502954129e+000 1.999457654e+000 
1.418010630e+000 1.997650425e+000 
1.413950642e+000 1.997490778e+000 
1.415711796e+000 1.997531524e+000 
1.617875286e+000 1.999960924e+000 
1.479788384e+000 1.999267074e+000 
1.520554841e+000 1.999547718e+000 
1.515427437e+000 1.999506250e+000 
1.613055601e+000 1.999960055e+000 
1.404972634e+000 1.996908569e+000 
1.410177799e+000 1.997204407e+000 
1.586830586e+000 1.999841065e+000 
1.612016690e+000 1.999956083e+000 
1.486707197e+000 1.999343354e+000 
1.492982223e+000 1.999412361e+000 
1.572872592e+000 1.999820903e+000 
1.568539681e+000 1.999814015e+000 
1.570802707e+000 1.999814979e+000 
1.550453715e+000 1.999638078e+000 
1.515326286e+000 1.999502097e+000 
1.609639908e+000 1.999925378e+000 
1.604725865e+000 1.999915981e+000 
1.552885367e+000 1.999645629e+000 
1.565488573e+000 1.999788758e+000 
1.395299188e+000 1.996457403e+000 
1.607839640e+000 1.999920252e+000 
1.602837667e+000 1.999912358e+000 
1.516875543e+000 1.999546684e+000 
1.502975281e+000 1.999471331e+000 
1.373737066e+000 1.995268665e+000 
1.507271947e+000 1.999488801e+000 
1.373633159e+000 1.995256688e+000 
1.403367912e+000 1.996863783e+000 
1.608017475e+000 1.999925302e+000 
1.447195727e+000 1.998447829e+000 
1.564354845e+000 1.999731215e+000 
1.562485176e+000 1.999729869e+000 
1.507468329e+000 1.999501486e+000 
1.505100860e+000 1.999487473e+000 
1.499822429e+000 1.999448028e+000 
1.436279565e+000 1.998136111e+000 
1.345009788e+000 1.992999116e+000 
1.345419156e+000 1.993000128e+000 
1.424620745e+000 1.997823436e+000 
1.392063812e+000 1.996287792e+000 
1.391605632e+000 1.996265326e+000 
1.406253629e+000 1.996985391e+000 
1.451700435e+000 1.998610543e+000 
1.445792009e+000 1.998404897e+000 
1.466848032e+000 1.999054748e+000 
1.473325046e+000 1.999149664e+000 
1.473934503e+000 1.999154657e+000 
1.464314735e+000 1.998962833e+000 
1.471551087e+000 1.999093470e+000 
1.470941630e+000 1.999085324e+000 
1.462384048e+000 1.998867762e+000 
1.460586334e+000 1.998860706e+000 

