1.013281826e+000 1.148097444e+000 
1.011703417e+000 1.144774913e+000 
1.013668570e+000 1.148592847e+000 
1.012856554e+000 1.147379624e+000 
1.013125259e+000 1.147759756e+000 
1.012469811e+000 1.146884221e+000 
1.013512002e+000 1.148255159e+000 
1.012156621e+000 1.146008199e+000 
1.014185497e+000 1.149153937e+000 
1.001364492e+000 1.000458271e+000 
1.001104138e+000 1.000448673e+000 
1.000736983e+000 1.000429761e+000 
1.000567276e+000 1.000427583e+000 
1.001022043e+000 1.000447703e+000 
1.000508674e+000 1.000419521e+000 
1.000387398e+000 1.000409601e+000 
1.000467422e+000 1.000419355e+000 
1.000562308e+000 1.000419689e+000 
1.000824474e+000 1.000437766e+000 
1.000783223e+000 1.000437602e+000 
1.000695731e+000 1.000429596e+000 
1.001191629e+000 1.000456679e+000 
1.001098890e+000 1.000448402e+000 
1.000934551e+000 1.000439697e+000 
1.000980791e+000 1.000447539e+000 
1.001287644e+000 1.000457572e+000 
1.001325771e+000 1.000457579e+000 
1.000893300e+000 1.000439532e+000 
1.001087797e+000 1.000447738e+000 
1.001153654e+000 1.000449130e+000 
1.000319668e+000 1.000393082e+000 
1.000337631e+000 1.000401189e+000 
1.001284519e+000 1.000457414e+000 
1.001246393e+000 1.000457408e+000 
1.001457231e+000 1.000466549e+000 
1.017666303e+000 1.586965273e+000 
1.019391771e+000 1.590574774e+000 
1.019029473e+000 1.590112215e+000 
1.017950577e+000 1.587788372e+000 
1.016234507e+000 1.583345247e+000 
1.016894544e+000 1.585905840e+000 
1.017145855e+000 1.586195824e+000 
1.018230726e+000 1.588534136e+000 
1.018074824e+000 1.588012944e+000 
1.020368583e+000 1.592778647e+000 
1.019722343e+000 1.591683694e+000 
1.016378950e+000 1.583982166e+000 
1.017737870e+000 1.587530409e+000 
1.021198671e+000 1.594427381e+000 
1.018515513e+000 1.589092176e+000 
1.018740052e+000 1.589640905e+000 
1.020447807e+000 1.592894696e+000 
9.999999994e-001 1.000003554e+000 
1.004423068e+000 1.017307460e+000 
1.003977148e+000 1.016925368e+000 
1.003639600e+000 1.016849220e+000 
1.004391741e+000 1.017299360e+000 
1.004267744e+000 1.017297115e+000 
1.004523632e+000 1.017578825e+000 
1.004505525e+000 1.017308316e+000 
1.004820454e+000 1.017691634e+000 
1.003369071e+000 1.016469360e+000 
1.004934238e+000 1.017700590e+000 
1.003510847e+000 1.016794864e+000 
1.004223672e+000 1.017240906e+000 
1.003479520e+000 1.016491450e+000 
1.005073781e+000 1.017736348e+000 
1.003250553e+000 1.016165142e+000 
1.000002201e+000 1.000074638e+000 
1.000065204e+000 1.000074938e+000 
1.000225547e+000 1.000088272e+000 
1.000108191e+000 1.000084299e+000 
1.000099173e+000 1.000084036e+000 
1.000190041e+000 1.000085944e+000 
1.000241083e+000 1.000089671e+000 
1.014724327e+000 1.273281665e+000 
1.014726207e+000 1.274424229e+000 
1.015345717e+000 1.562342754e+000 
1.015675562e+000 1.564755241e+000 
1.015615926e+000 1.563514656e+000 
1.015918499e+000 1.565383991e+000 
1.002466099e+000 1.008956613e+000 
1.002810942e+000 1.009012430e+000 
1.002349443e+000 1.008816525e+000 
1.002734549e+000 1.009001633e+000 
1.002589088e+000 1.008995271e+000 
1.002420583e+000 1.008949115e+000 
1.002483587e+000 1.008972804e+000 
1.003139112e+000 1.009130727e+000 
1.002543573e+000 1.008987773e+000 
1.002301028e+000 1.008808746e+000 
1.002155567e+000 1.008802384e+000 
1.002111641e+000 1.008800664e+000 
1.001884689e+000 1.008615275e+000 
1.001824703e+000 1.008600306e+000 
1.001635316e+000 1.008592224e+000 
1.003124641e+000 1.009123256e+000 
1.001679242e+000 1.008593943e+000 
1.001474025e+000 1.008406834e+000 
1.002095581e+000 1.008787415e+000 
1.001988652e+000 1.008786696e+000 
1.002411909e+000 1.008934984e+000 
1.001873117e+000 1.008608085e+000 
1.003007447e+000 1.009077938e+000 
1.121808623e+000 1.920968500e+000 
1.026527035e+000 1.842333570e+000 
1.048729141e+000 1.872907266e+000 
1.028854669e+000 1.847071671e+000 
1.048615724e+000 1.872791850e+000 
1.053681622e+000 1.878394920e+000 
1.032716081e+000 1.852547134e+000 
1.029755066e+000 1.848125300e+000 
1.075657044e+000 1.896514738e+000 
1.025042912e+000 1.839918133e+000 
1.079077764e+000 1.899025206e+000 
1.099293774e+000 1.910609780e+000 
1.032936335e+000 1.853003401e+000 
1.025413425e+000 1.840710790e+000 
1.119050988e+000 1.920256016e+000 
1.076052361e+000 1.896604844e+000 
1.037679121e+000 1.859703784e+000 
1.068402903e+000 1.891442427e+000 
1.023511251e+000 1.836842904e+000 
1.047703687e+000 1.871937770e+000 
1.046216866e+000 1.870351021e+000 
1.051323644e+000 1.876209489e+000 
1.042879003e+000 1.866267660e+000 
1.076965008e+000 1.897737380e+000 
1.067238689e+000 1.890307312e+000 
1.021803916e+000 1.832891601e+000 
1.023853346e+000 1.837286299e+000 
1.068508107e+000 1.891481158e+000 
1.075115890e+000 1.896311807e+000 
1.102101584e+000 1.911793985e+000 
1.130365555e+000 1.926405184e+000 
1.024509271e+000 1.838390639e+000 
1.028350256e+000 1.845529541e+000 
1.066075327e+000 1.889836899e+000 
1.021512879e+000 1.832313557e+000 
1.052882887e+000 1.877650991e+000 
1.112626758e+000 1.916952457e+000 
1.040681858e+000 1.863324499e+000 
1.026272701e+000 1.842065545e+000 
1.129607920e+000 1.926108691e+000 
1.061409267e+000 1.886365071e+000 
1.048989096e+000 1.873554356e+000 
1.048399255e+000 1.872687581e+000 
1.120262964e+000 1.920897523e+000 
1.129118592e+000 1.926094121e+000 
1.140221210e+000 1.930656610e+000 
1.044700471e+000 1.868390745e+000 
1.045172250e+000 1.869066970e+000 
1.176833700e+000 1.941636805e+000 
1.102612640e+000 1.911906843e+000 
1.030780291e+000 1.850056957e+000 
1.030360722e+000 1.849070397e+000 
1.046905634e+000 1.871157469e+000 
1.150832055e+000 1.934261948e+000 
1.131650252e+000 1.927161376e+000 
1.074707314e+000 1.896057470e+000 
1.115506119e+000 1.918090528e+000 
1.106274441e+000 1.913712514e+000 
1.103145041e+000 1.912725677e+000 
1.045620225e+000 1.869540883e+000 
1.101349547e+000 1.911312745e+000 
1.041311256e+000 1.864001230e+000 
1.088220869e+000 1.903883417e+000 
1.074381712e+000 1.895687303e+000 
1.054837683e+000 1.879830557e+000 
1.026080524e+000 1.841885644e+000 
1.028122231e+000 1.844948249e+000 
1.030053380e+000 1.848433565e+000 
1.033365344e+000 1.853655245e+000 
1.082168616e+000 1.900610743e+000 
1.086223676e+000 1.903162160e+000 
1.039430976e+000 1.861860462e+000 
1.139017109e+000 1.930428632e+000 
1.160441898e+000 1.937350418e+000 
1.065219733e+000 1.888881366e+000 
1.175355784e+000 1.941541214e+000 
1.031776689e+000 1.851563221e+000 
1.126992909e+000 1.923542221e+000 
1.032266504e+000 1.851958605e+000 
1.062911571e+000 1.887009611e+000 
1.127621271e+000 1.925011217e+000 
1.038754463e+000 1.860980881e+000 
1.064018321e+000 1.888185799e+000 
1.100023340e+000 1.910913740e+000 
1.153862805e+000 1.934374035e+000 
1.055073550e+000 1.879897234e+000 
1.095005703e+000 1.908144143e+000 
1.040861680e+000 1.863524552e+000 
1.073333973e+000 1.895185730e+000 
1.027372333e+000 1.843368917e+000 
1.052350122e+000 1.877065885e+000 
1.132408192e+000 1.927166370e+000 
1.029874303e+000 1.848400587e+000 
1.039351417e+000 1.861390777e+000 
1.057978081e+000 1.883027072e+000 
1.063874337e+000 1.887681192e+000 
1.057157600e+000 1.882035387e+000 
1.066042235e+000 1.889467538e+000 
1.162410134e+000 1.937839743e+000 
1.039052777e+000 1.861246434e+000 
1.063623728e+000 1.887261358e+000 
1.039655840e+000 1.862195806e+000 
1.098093139e+000 1.909723274e+000 
1.174159268e+000 1.940579966e+000 
1.038128697e+000 1.860292314e+000 
1.034466458e+000 1.854941953e+000 
1.131111488e+000 1.926842145e+000 
1.056706320e+000 1.881600000e+000 
1.174960927e+000 1.941124204e+000 
1.172359735e+000 1.940228153e+000 
1.064779063e+000 1.888560456e+000 
1.105925911e+000 1.913677494e+000 
1.103900608e+000 1.912776212e+000 
1.078768651e+000 1.898764512e+000 
1.067680365e+000 1.890513601e+000 
1.072715205e+000 1.894559043e+000 
1.079114447e+000 1.899072386e+000 
1.076509336e+000 1.896752693e+000 
1.135420319e+000 1.928600579e+000 
1.158171059e+000 1.935678994e+000 
1.177398765e+000 1.941860299e+000 
1.106828937e+000 1.914301530e+000 
1.022330645e+000 1.833923473e+000 
1.114173624e+000 1.917401520e+000 
1.079795559e+000 1.899392028e+000 
1.021242495e+000 1.831645256e+000 
1.107048114e+000 1.914340925e+000 
1.034132300e+000 1.854835601e+000 
1.093905043e+000 1.907488744e+000 
1.108287048e+000 1.915235547e+000 
1.032741705e+000 1.852686255e+000 
1.042534883e+000 1.865440346e+000 
1.105643190e+000 1.913073465e+000 
1.099908495e+000 1.910860888e+000 
1.080775543e+000 1.899576124e+000 
1.158221515e+000 1.936297050e+000 
1.094526421e+000 1.907614586e+000 
1.072378125e+000 1.894339343e+000 
1.053276509e+000 1.878370540e+000 
1.023271007e+000 1.836068823e+000 
1.114717335e+000 1.917731245e+000 
1.056237215e+000 1.881157895e+000 
1.070299114e+000 1.892745874e+000 
1.106783834e+000 1.914250805e+000 
1.035187072e+000 1.856329707e+000 
1.164824958e+000 1.938449317e+000 
1.091590136e+000 1.906190385e+000 
1.094800703e+000 1.907659023e+000 
1.041068702e+000 1.863707549e+000 
1.027448972e+000 1.843797822e+000 
1.097694461e+000 1.909384676e+000 
1.177665127e+000 1.942054399e+000 
1.088116972e+000 1.903811149e+000 
1.089285684e+000 1.904539915e+000 
1.146049357e+000 1.932544396e+000 
1.149762833e+000 1.933771529e+000 
1.147665376e+000 1.933059457e+000 
1.117309737e+000 1.919465034e+000 
1.054351690e+000 1.879014584e+000 
1.026697052e+000 1.842421262e+000 
1.123573447e+000 1.922384677e+000 
1.084037415e+000 1.901796433e+000 
1.123389033e+000 1.922244544e+000 
1.051102736e+000 1.875978832e+000 
1.122086032e+000 1.921608518e+000 
1.137056219e+000 1.929337711e+000 
1.167219966e+000 1.938467265e+000 
1.157001031e+000 1.935358475e+000 
1.146191442e+000 1.932583597e+000 
1.023806560e+000 1.837063898e+000 
1.120112848e+000 1.920392490e+000 
1.005575223e+000 1.034275263e+000 
1.007642954e+000 1.035683154e+000 
1.008638302e+000 1.036352734e+000 
1.005737810e+000 1.034280976e+000 
1.008178956e+000 1.035858290e+000 
1.010737938e+000 1.037264348e+000 
1.007402380e+000 1.035613764e+000 
1.007048578e+000 1.035260555e+000 
1.011122901e+000 1.037429175e+000 
1.005085976e+000 1.034079554e+000 
1.008110996e+000 1.035842471e+000 
1.009614629e+000 1.036707320e+000 
1.007218557e+000 1.035547645e+000 
1.008949389e+000 1.036448792e+000 
1.006888718e+000 1.035048413e+000 
1.009868574e+000 1.036780445e+000 
1.010864335e+000 1.037310237e+000 
1.008652913e+000 1.036357333e+000 
1.229133531e+000 1.956926492e+000 
1.290579856e+000 1.970703721e+000 
1.234995493e+000 1.959145832e+000 
1.180425905e+000 1.942214985e+000 
1.282314112e+000 1.969135351e+000 
1.185223971e+000 1.943019394e+000 
1.180012280e+000 1.942085769e+000 
1.284865201e+000 1.970026492e+000 
1.234557071e+000 1.959127986e+000 
1.294959018e+000 1.971656372e+000 
1.236236991e+000 1.959447901e+000 
1.185380616e+000 1.943193614e+000 
1.182814510e+000 1.942712107e+000 
1.294175316e+000 1.971516642e+000 
1.181601881e+000 1.942587142e+000 
1.225416464e+000 1.956330146e+000 
1.338461421e+000 1.978536393e+000 
1.221299893e+000 1.955572519e+000 
1.223078651e+000 1.955866405e+000 
1.343927476e+000 1.979793470e+000 
1.210395487e+000 1.951497641e+000 
1.202349615e+000 1.949819046e+000 
1.199576285e+000 1.948961290e+000 
1.665184455e+000 2.000000000e+000 
1.194141433e+000 1.946403094e+000 
1.224014138e+000 1.956314045e+000 
1.211216491e+000 1.952012963e+000 
1.221272682e+000 1.955413440e+000 
1.217877561e+000 1.954450474e+000 
1.200888563e+000 1.949498422e+000 
1.203825759e+000 1.950568035e+000 
1.226118587e+000 1.956840537e+000 
1.206724986e+000 1.951188688e+000 
1.222243418e+000 1.955681600e+000 
1.198393258e+000 1.948350289e+000 
1.223662651e+000 1.955988056e+000 
1.208923353e+000 1.951279772e+000 
1.206634284e+000 1.950866719e+000 
1.211887250e+000 1.952417973e+000 
1.211505411e+000 1.952068793e+000 
1.200579561e+000 1.949137378e+000 
1.239099863e+000 1.960385789e+000 
1.187107855e+000 1.944028146e+000 
1.240510212e+000 1.960520640e+000 
1.236372890e+000 1.959519837e+000 
1.221181918e+000 1.955095799e+000 
1.215213417e+000 1.952881110e+000 
1.245894399e+000 1.961968223e+000 
1.242107415e+000 1.960909674e+000 
1.242909704e+000 1.961066464e+000 
1.245375205e+000 1.961929083e+000 
1.183684604e+000 1.942923397e+000 
1.244399036e+000 1.961699418e+000 
1.192371799e+000 1.945652282e+000 
1.258390183e+000 1.965177495e+000 
1.251940370e+000 1.962724044e+000 
1.255718558e+000 1.963850626e+000 
1.264087436e+000 1.966364236e+000 
1.253896980e+000 1.962889535e+000 
1.267388093e+000 1.966590928e+000 
1.266893877e+000 1.966487031e+000 
1.284881895e+000 1.970165974e+000 
1.256875004e+000 1.964456426e+000 
1.269860565e+000 1.967271589e+000 
1.279409732e+000 1.968710503e+000 
1.280832414e+000 1.968918019e+000 
1.191368818e+000 1.945192102e+000 
1.193046016e+000 1.945773314e+000 
1.187982050e+000 1.944628396e+000 
1.276288822e+000 1.968402151e+000 
1.190842105e+000 1.945005129e+000 
1.190204636e+000 1.944939584e+000 
1.185756891e+000 1.943654701e+000 
1.184292859e+000 1.942986209e+000 
1.404007618e+000 1.988073138e+000 
1.414024330e+000 1.988804257e+000 
1.408946183e+000 1.988639535e+000 
1.399000835e+000 1.987631801e+000 
1.404817926e+000 1.988175525e+000 
1.291570475e+000 1.971414617e+000 
1.297887196e+000 1.972679583e+000 
1.343031131e+000 1.979127314e+000 
1.658812609e+000 1.999945042e+000 
1.390446839e+000 1.986580449e+000 
1.371079939e+000 1.984018947e+000 
1.360673687e+000 1.983112712e+000 
1.428886868e+000 1.990089880e+000 
1.649050436e+000 1.999878549e+000 
1.650094160e+000 1.999933792e+000 
1.388004145e+000 1.986159331e+000 
1.362577478e+000 1.983409768e+000 
1.310593759e+000 1.975139779e+000 
1.318131384e+000 1.976208135e+000 
1.317731590e+000 1.975829260e+000 
1.312740041e+000 1.975220810e+000 
1.376463345e+000 1.985099163e+000 
1.325767433e+000 1.977130622e+000 
1.321948553e+000 1.976579453e+000 
1.372500232e+000 1.984529808e+000 
1.313089649e+000 1.975409149e+000 
1.315556429e+000 1.975768746e+000 
1.303211805e+000 1.973518809e+000 
1.278599621e+000 1.968692836e+000 
1.261745052e+000 1.965573843e+000 
1.375263221e+000 1.984945890e+000 
1.393117480e+000 1.986970054e+000 
1.338652892e+000 1.978916301e+000 
1.379551583e+000 1.985434262e+000 
1.380463324e+000 1.985739022e+000 
1.357909199e+000 1.982493979e+000 
1.322758538e+000 1.976736099e+000 
1.355896788e+000 1.981918240e+000 
1.366024591e+000 1.983793689e+000 
1.299878012e+000 1.973014624e+000 
1.337056630e+000 1.978518361e+000 
1.403923151e+000 1.987830142e+000 
1.295039225e+000 1.972128238e+000 
1.355968381e+000 1.981986997e+000 
1.282590618e+000 1.969339399e+000 
1.306933091e+000 1.974359387e+000 
1.270936031e+000 1.967469586e+000 
1.319961887e+000 1.976341979e+000 
1.396098886e+000 1.987105995e+000 
1.302381935e+000 1.973196032e+000 
1.389314717e+000 1.986257743e+000 
1.349893373e+000 1.981200460e+000 
1.400920841e+000 1.987633349e+000 
1.395050670e+000 1.986973699e+000 
1.295708875e+000 1.972136905e+000 
1.349963248e+000 1.981252079e+000 
1.344573457e+000 1.980417182e+000 
1.348354257e+000 1.980909232e+000 
1.646722798e+000 1.999878054e+000 
1.481463447e+000 1.993627298e+000 
1.620137080e+000 1.999672344e+000 
1.636250168e+000 1.999861936e+000 
1.626817775e+000 1.999819676e+000 
1.286242545e+000 1.970266544e+000 
1.619567176e+000 1.999572437e+000 
1.626311537e+000 1.999774568e+000 
1.333374615e+000 1.978109604e+000 
1.484349484e+000 1.994293768e+000 
1.494440936e+000 1.994962601e+000 
1.336131840e+000 1.978450803e+000 
1.623205479e+000 1.999676591e+000 
1.612454393e+000 1.999559662e+000 
1.604505371e+000 1.999219396e+000 
1.606535306e+000 1.999340751e+000 
1.554335908e+000 1.997730876e+000 
1.445060365e+000 1.991372800e+000 
1.554702958e+000 1.997780491e+000 
1.582683907e+000 1.998712561e+000 
1.444631381e+000 1.991310283e+000 
1.561644120e+000 1.998034560e+000 
1.446509397e+000 1.991711033e+000 
1.603025382e+000 1.999188782e+000 
1.445166314e+000 1.991537179e+000 
1.608641125e+000 1.999477113e+000 
1.521221228e+000 1.996453888e+000 
1.448883332e+000 1.991812262e+000 
1.452741476e+000 1.992088191e+000 
1.503146214e+000 1.995458920e+000 
1.585587195e+000 1.998864187e+000 
1.502170373e+000 1.995446616e+000 
1.519959179e+000 1.996307084e+000 
1.579923703e+000 1.998634152e+000 
1.597190617e+000 1.999158505e+000 
1.519795432e+000 1.996278196e+000 
1.473309814e+000 1.993487522e+000 
1.524377604e+000 1.996510525e+000 
1.580682882e+000 1.998705000e+000 
1.571698954e+000 1.998384978e+000 
1.595996215e+000 1.999028276e+000 
1.536825179e+000 1.996978948e+000 
1.569309113e+000 1.998200955e+000 
1.534925536e+000 1.996926937e+000 
1.587443253e+000 1.998960504e+000 
1.565540846e+000 1.998185346e+000 
1.540036078e+000 1.997182103e+000 
1.570049126e+000 1.998380084e+000 
1.423139604e+000 1.989410032e+000 
1.536902256e+000 1.997039474e+000 
1.528646976e+000 1.996892914e+000 
1.571796142e+000 1.998494397e+000 
1.434259730e+000 1.990554671e+000 
1.525956403e+000 1.996715247e+000 
1.504664420e+000 1.995722508e+000 
1.516514644e+000 1.996191536e+000 
1.509913171e+000 1.996027445e+000 
1.512284558e+000 1.996136571e+000 
1.545564578e+000 1.997280820e+000 
1.419068246e+000 1.989172033e+000 
1.423808852e+000 1.989548258e+000 
1.423635468e+000 1.989498008e+000 
1.433723607e+000 1.990402677e+000 
1.457120849e+000 1.992412220e+000 
1.464185375e+000 1.992796629e+000 
1.458848922e+000 1.992433515e+000 
1.464145823e+000 1.992790501e+000 
1.469512196e+000 1.993320015e+000 
1.468877420e+000 1.993037527e+000 
1.487231137e+000 1.994474392e+000 
1.487347450e+000 1.994522293e+000 
1.462417750e+000 1.992769206e+000 
1.483807864e+000 1.994272949e+000 
1.482499540e+000 1.994227367e+000 
1.493097929e+000 1.994914836e+000 
1.547243162e+000 1.997448573e+000 
1.549889379e+000 1.997544389e+000 
1.552377497e+000 1.997571177e+000 

