1.000111089e+000 1.000230694e+000 
1.000147173e+000 1.000243032e+000 
1.000100078e+000 1.000229798e+000 
1.000088283e+000 1.000229780e+000 
1.000101951e+000 1.000229945e+000 
1.002277974e+000 1.010980033e+000 
1.001185844e+000 1.010390784e+000 
1.001046552e+000 1.010125141e+000 
1.000856921e+000 1.009852374e+000 
1.000895846e+000 1.010092935e+000 
1.001138801e+000 1.010125324e+000 
1.002035019e+000 1.010947806e+000 
1.001642203e+000 1.010653900e+000 
1.001428799e+000 1.010423012e+000 
1.001776145e+000 1.010681186e+000 
1.001954020e+000 1.010912074e+000 
1.001989548e+000 1.010912251e+000 
1.000000001e+000 1.000000081e+000 
1.003161027e+000 1.016343129e+000 
1.002830727e+000 1.016081081e+000 
1.005807985e+000 1.017466035e+000 
1.007803128e+000 1.018073422e+000 
1.004502183e+000 1.017075336e+000 
1.003690598e+000 1.016646074e+000 
1.005044923e+000 1.017195185e+000 
1.005225779e+000 1.017245960e+000 
1.003431111e+000 1.016595300e+000 
1.004415052e+000 1.017074260e+000 
1.008389865e+000 1.018299060e+000 
1.005976943e+000 1.017525235e+000 
1.003821366e+000 1.016779670e+000 
1.003886772e+000 1.016797702e+000 
1.006150255e+000 1.017544808e+000 
1.008623782e+000 1.018348885e+000 
1.007559425e+000 1.018050056e+000 
1.006063124e+000 1.017543731e+000 
1.004658755e+000 1.017097626e+000 
1.004949273e+000 1.017175613e+000 
1.004198109e+000 1.016896337e+000 
1.006610901e+000 1.017746096e+000 
1.008867486e+000 1.018372252e+000 
1.003344673e+000 1.016481899e+000 
1.003973904e+000 1.016798778e+000 
1.002954419e+000 1.016297528e+000 
1.008546437e+000 1.018321351e+000 
1.002928192e+000 1.016214479e+000 
1.009797040e+000 1.018633501e+000 
1.008081260e+000 1.018114499e+000 
1.003258493e+000 1.016476527e+000 
1.003213906e+000 1.016348303e+000 
1.002624119e+000 1.016035480e+000 
1.003518242e+000 1.016596376e+000 
1.006889033e+000 1.017787173e+000 
1.005931359e+000 1.017469912e+000 
1.007715997e+000 1.018072346e+000 
1.006523770e+000 1.017745020e+000 
1.007006612e+000 1.017791695e+000 
1.054189898e+000 1.921365586e+000 
1.039486536e+000 1.911045689e+000 
1.159632596e+000 1.963316970e+000 
1.068802279e+000 1.929808840e+000 
1.185840695e+000 1.968554965e+000 
1.073628847e+000 1.932494603e+000 
1.136915785e+000 1.957504489e+000 
1.080647504e+000 1.935869997e+000 
1.047571782e+000 1.917253828e+000 
1.130812563e+000 1.955521592e+000 
1.054718988e+000 1.922133982e+000 
1.151969138e+000 1.961358320e+000 
1.045638113e+000 1.915832155e+000 
1.132871410e+000 1.955999102e+000 
1.046047574e+000 1.916226446e+000 
1.150208580e+000 1.960958037e+000 
1.160991346e+000 1.963516936e+000 
1.129454284e+000 1.955327215e+000 
1.151199565e+000 1.961314251e+000 
1.043131192e+000 1.913956540e+000 
1.034202384e+000 1.906857090e+000 
1.133986767e+000 1.956601691e+000 
1.136634642e+000 1.957313581e+000 
1.122066394e+000 1.952804298e+000 
1.145798143e+000 1.960320304e+000 
1.037920969e+000 1.909685007e+000 
1.128214037e+000 1.955057883e+000 
1.087670786e+000 1.939132789e+000 
1.056820937e+000 1.923324231e+000 
1.027551049e+000 1.900866549e+000 
1.087681623e+000 1.939216223e+000 
1.012066158e+000 1.882675071e+000 
1.018643310e+000 1.891403077e+000 
1.099754078e+000 1.944861295e+000 
1.133705624e+000 1.956410784e+000 
1.011783612e+000 1.881982891e+000 
1.039632760e+000 1.911056555e+000 
1.010733742e+000 1.880464898e+000 
1.011372579e+000 1.881135123e+000 
1.183703156e+000 1.968073724e+000 
1.126934611e+000 1.954650827e+000 
1.089620270e+000 1.940130042e+000 
1.015928403e+000 1.888125376e+000 
1.049471155e+000 1.918701274e+000 
1.033408822e+000 1.906130764e+000 
1.025992017e+000 1.899326351e+000 
1.130840904e+000 1.955666688e+000 
1.023318219e+000 1.896688702e+000 
1.175150057e+000 1.966366456e+000 
1.011039001e+000 1.880880981e+000 
1.012812970e+000 1.883639476e+000 
1.170482794e+000 1.965540356e+000 
1.168452288e+000 1.965207942e+000 
1.014618677e+000 1.886380721e+000 
1.036005958e+000 1.908276482e+000 
1.015252564e+000 1.887359701e+000 
1.125801207e+000 1.954239338e+000 
1.085919654e+000 1.938254574e+000 
1.123316059e+000 1.953285967e+000 
1.021296486e+000 1.894615403e+000 
1.114818852e+000 1.950189450e+000 
1.040774620e+000 1.912004010e+000 
1.009858419e+000 1.878816852e+000 
1.014337454e+000 1.885978674e+000 
1.087105520e+000 1.938978721e+000 
1.120028720e+000 1.952258028e+000 
1.013871865e+000 1.885416316e+000 
1.014971341e+000 1.886957654e+000 
1.056550334e+000 1.923218140e+000 
1.048466993e+000 1.918010574e+000 
1.047194224e+000 1.917041412e+000 
1.160064798e+000 1.963482721e+000 
1.023990701e+000 1.897401957e+000 
1.061978772e+000 1.926198253e+000 
1.126312114e+000 1.954392212e+000 
1.055917895e+000 1.922750563e+000 
1.012258226e+000 1.882804096e+000 
1.015718153e+000 1.887922059e+000 
1.018950948e+000 1.891874012e+000 
1.098469583e+000 1.944289276e+000 
1.021783396e+000 1.895157281e+000 
1.115702785e+000 1.950448254e+000 
1.120893516e+000 1.952346113e+000 
1.024497854e+000 1.897921969e+000 
1.013590642e+000 1.885014269e+000 
1.124879429e+000 1.953893575e+000 
1.010461519e+000 1.879677262e+000 
1.022290549e+000 1.895677293e+000 
1.020930541e+000 1.894183793e+000 
1.018464038e+000 1.891332133e+000 
1.059538851e+000 1.924915326e+000 
1.157068189e+000 1.962935662e+000 
1.010127940e+000 1.879423120e+000 
1.191297854e+000 1.969031878e+000 
1.022923046e+000 1.896196428e+000 
1.118747689e+000 1.951638858e+000 
1.009852989e+000 1.877453577e+000 
1.016883894e+000 1.889388061e+000 
1.025100681e+000 1.898607721e+000 
1.011460356e+000 1.881633293e+000 
1.130414616e+000 1.955397452e+000 
1.028921983e+000 1.902251171e+000 
1.013266063e+000 1.884309975e+000 
1.190406163e+000 1.968957569e+000 
1.027047145e+000 1.900315679e+000 
1.017717226e+000 1.890367728e+000 
1.012984840e+000 1.883972491e+000 
1.045566248e+000 1.915701745e+000 
1.021729566e+000 1.895076589e+000 
1.139776812e+000 1.958248585e+000 
1.021180568e+000 1.894471530e+000 
1.069062374e+000 1.930084495e+000 
1.071623524e+000 1.931354079e+000 
1.158710516e+000 1.963152950e+000 
1.159697744e+000 1.963481300e+000 
1.075675887e+000 1.933426427e+000 
1.032627207e+000 1.905484312e+000 
1.032887678e+000 1.905722361e+000 
1.181606961e+000 1.967912769e+000 
1.039246890e+000 1.910830809e+000 
1.064470970e+000 1.927664061e+000 
1.038203966e+000 1.909777201e+000 
1.039137169e+000 1.910758630e+000 
1.109045228e+000 1.948182688e+000 
1.039101171e+000 1.910596375e+000 
1.038876699e+000 1.910520582e+000 
1.044555661e+000 1.914907132e+000 
1.153905633e+000 1.962020866e+000 
1.030181199e+000 1.903480537e+000 
1.128068132e+000 1.954673055e+000 
1.069251307e+000 1.930132649e+000 
1.146794220e+000 1.960637137e+000 
1.019007554e+000 1.891877541e+000 
1.028371926e+000 1.901753484e+000 
1.068960376e+000 1.929971108e+000 
1.186934715e+000 1.968889905e+000 
1.155302067e+000 1.962319491e+000 
1.067879674e+000 1.929363150e+000 
1.156559216e+000 1.962446626e+000 
1.108323121e+000 1.947755204e+000 
1.078068926e+000 1.934606573e+000 
1.184321266e+000 1.968166359e+000 
1.143006188e+000 1.959172523e+000 
1.018785642e+000 1.891558196e+000 
1.152887175e+000 1.961670593e+000 
1.027497105e+000 1.900832120e+000 
1.168129671e+000 1.964857669e+000 
1.143290837e+000 1.959172789e+000 
1.057397377e+000 1.923498840e+000 
1.055254552e+000 1.922480273e+000 
1.107569229e+000 1.947541919e+000 
1.033298807e+000 1.906008954e+000 
1.066292409e+000 1.928558292e+000 
1.110684208e+000 1.948764903e+000 
1.053075978e+000 1.921156504e+000 
1.057895841e+000 1.923937848e+000 
1.020358605e+000 1.893389270e+000 
1.066583340e+000 1.928719834e+000 
1.177422152e+000 1.966781669e+000 
1.037739068e+000 1.909591365e+000 
1.037356019e+000 1.909096725e+000 
1.025627588e+000 1.898933768e+000 
1.173082660e+000 1.966005544e+000 
1.079229841e+000 1.935154567e+000 
1.114475326e+000 1.949992568e+000 
1.062839491e+000 1.926728904e+000 
1.041046949e+000 1.912218828e+000 
1.030607833e+000 1.903797788e+000 
1.064963662e+000 1.927738351e+000 
1.081700349e+000 1.936385397e+000 
1.042073857e+000 1.913021660e+000 
1.180683982e+000 1.967201293e+000 
1.096054166e+000 1.943111321e+000 
1.097758441e+000 1.944003072e+000 
1.096675714e+000 1.943341279e+000 
1.076214547e+000 1.933670510e+000 
1.052622240e+000 1.920996600e+000 
1.185045862e+000 1.968230404e+000 
1.116810992e+000 1.951012010e+000 
1.068170605e+000 1.929524691e+000 
1.097170529e+000 1.943980710e+000 
1.106489749e+000 1.947170039e+000 
1.098232930e+000 1.944161147e+000 
1.094238956e+000 1.942472482e+000 
1.085446930e+000 1.938111996e+000 
1.082218872e+000 1.936636847e+000 
1.108014028e+000 1.947647336e+000 
1.040028505e+000 1.911477261e+000 
1.059473576e+000 1.924863354e+000 
1.040549649e+000 1.911885664e+000 
1.091260238e+000 1.941105173e+000 
1.103056684e+000 1.945985159e+000 
1.050383731e+000 1.919391578e+000 
1.042850523e+000 1.913638220e+000 
1.047752692e+000 1.917432933e+000 
1.073369759e+000 1.932238147e+000 
1.050904875e+000 1.919799981e+000 
1.033666873e+000 1.906270745e+000 
1.050197436e+000 1.919115486e+000 
1.082582178e+000 1.936762791e+000 
1.026800372e+000 1.900095309e+000 
1.099366161e+000 1.944448599e+000 
1.092355605e+000 1.941411070e+000 
1.026187954e+000 1.899448905e+000 
1.102374090e+000 1.945564740e+000 
1.070975843e+000 1.930900584e+000 
1.086190294e+000 1.938512988e+000 
1.194098750e+000 1.969754256e+000 
1.000073509e+000 1.000094637e+000 
1.000038474e+000 1.000093265e+000 
1.000668188e+000 1.008677899e+000 
1.000633153e+000 1.008558683e+000 
1.000295812e+000 1.008386683e+000 
1.000627107e+000 1.008549939e+000 
1.000419186e+000 1.008534066e+000 
1.000805268e+000 1.008697768e+000 
1.000655311e+000 1.008657545e+000 
1.000418679e+000 1.008400397e+000 
1.000147826e+000 1.000325732e+000 
1.000267519e+000 1.000326066e+000 
1.000174890e+000 1.000325881e+000 
1.000027953e+000 1.000004255e+000 
1.290982464e+000 1.987323128e+000 
1.299506834e+000 1.988168814e+000 
1.372029540e+000 1.995287107e+000 
1.248657301e+000 1.981153212e+000 
1.295947945e+000 1.987796896e+000 
1.600768778e+000 2.000000000e+000 
1.224532307e+000 1.976636272e+000 
1.240109558e+000 1.979924185e+000 
1.311315626e+000 1.989581448e+000 
1.297091889e+000 1.987809935e+000 
1.269768210e+000 1.984930146e+000 
1.235424019e+000 1.979042011e+000 
1.240586961e+000 1.980141554e+000 
1.304336244e+000 1.988950420e+000 
1.274090071e+000 1.985460516e+000 
1.450743678e+000 1.998517715e+000 
1.583199464e+000 1.999808083e+000 
1.197275571e+000 1.970206318e+000 
1.283139205e+000 1.986364567e+000 
1.558694260e+000 1.999702069e+000 
1.285299225e+000 1.986749860e+000 
1.455611213e+000 1.998599518e+000 
1.284191974e+000 1.986525570e+000 
1.568138349e+000 1.999722703e+000 
1.225313556e+000 1.976695010e+000 
1.291839324e+000 1.987553471e+000 
1.235582736e+000 1.979135403e+000 
1.268279194e+000 1.984670085e+000 
1.285949966e+000 1.986821531e+000 
1.488064817e+000 1.998931490e+000 
1.215283870e+000 1.974578172e+000 
1.290835621e+000 1.987252665e+000 
1.225889242e+000 1.976840714e+000 
1.237729523e+000 1.979550044e+000 
1.266179821e+000 1.984294145e+000 
1.288851956e+000 1.987207043e+000 
1.258696738e+000 1.983121792e+000 
1.271940542e+000 1.985095981e+000 
1.256961440e+000 1.982996290e+000 
1.459611617e+000 1.998667192e+000 
1.551390364e+000 1.999660560e+000 
1.269235102e+000 1.984898880e+000 
1.217411207e+000 1.975223938e+000 
1.263182697e+000 1.983680036e+000 
1.598517220e+000 1.999876665e+000 
1.547395676e+000 1.999650712e+000 
1.269357956e+000 1.984899103e+000 
1.242368316e+000 1.980368716e+000 
1.197942187e+000 1.970536295e+000 
1.455916803e+000 1.998611673e+000 
1.214956313e+000 1.974530331e+000 
1.245874490e+000 1.980989829e+000 
1.480547597e+000 1.998820603e+000 
1.558191194e+000 1.999692220e+000 
1.202484924e+000 1.971661063e+000 
1.197889968e+000 1.970508564e+000 
1.476074658e+000 1.998783598e+000 
1.273196628e+000 1.985415024e+000 
1.330711539e+000 1.991624034e+000 
1.281088954e+000 1.986205431e+000 
1.223780100e+000 1.976610044e+000 
1.235722104e+000 1.979367667e+000 
1.328917670e+000 1.991621494e+000 
1.342817674e+000 1.993059716e+000 
1.224353087e+000 1.976619892e+000 
1.332721460e+000 1.992113885e+000 
1.195973520e+000 1.970134645e+000 
1.219702583e+000 1.975677061e+000 
1.198260391e+000 1.970763258e+000 
1.235713884e+000 1.979187706e+000 
1.221420369e+000 1.976029132e+000 
1.315099203e+000 1.989841362e+000 
1.201019937e+000 1.971508820e+000 
1.333282145e+000 1.992220974e+000 
1.487445733e+000 1.998898891e+000 
1.221186149e+000 1.975864318e+000 
1.490083069e+000 1.998947003e+000 
1.277934473e+000 1.985620609e+000 
1.487218123e+000 1.998870456e+000 
1.267191849e+000 1.984332058e+000 
1.280947781e+000 1.986162827e+000 
1.221724075e+000 1.976189486e+000 
1.263477189e+000 1.983731422e+000 
1.278029666e+000 1.985721305e+000 
1.322092226e+000 1.990957281e+000 
1.464525429e+000 1.998730219e+000 
1.327626971e+000 1.991554727e+000 
1.208845965e+000 1.973233189e+000 
1.504579333e+000 1.999165982e+000 
1.284085673e+000 1.986412203e+000 
1.495050888e+000 1.999012943e+000 
1.449048009e+000 1.998511112e+000 
1.378475055e+000 1.995616268e+000 
1.197278745e+000 1.970363513e+000 
1.264159392e+000 1.984278021e+000 
1.249141800e+000 1.981728224e+000 
1.226444823e+000 1.977088039e+000 
1.442990361e+000 1.998341964e+000 
1.230686967e+000 1.977971358e+000 
1.368071736e+000 1.994901731e+000 
1.447160660e+000 1.998449363e+000 
1.367203736e+000 1.994818527e+000 
1.422405768e+000 1.997653122e+000 
1.339380750e+000 1.992661620e+000 
1.591921574e+000 1.999861203e+000 
1.229942765e+000 1.977962173e+000 
1.241468150e+000 1.980158708e+000 
1.591876721e+000 1.999845878e+000 
1.503655071e+000 1.999097630e+000 
1.227207748e+000 1.977327506e+000 
1.286415486e+000 1.986951962e+000 
1.233075079e+000 1.978609720e+000 
1.222231989e+000 1.976221256e+000 
1.371497815e+000 1.995239215e+000 
1.225230843e+000 1.976669941e+000 
1.282533437e+000 1.986355762e+000 
1.210413441e+000 1.973712200e+000 
1.268210811e+000 1.984389990e+000 
1.422546941e+000 1.997728289e+000 
1.327362944e+000 1.991511900e+000 
1.508795187e+000 1.999186061e+000 
1.252532973e+000 1.982496384e+000 
1.498453150e+000 1.999029870e+000 
1.253537123e+000 1.982528005e+000 
1.439022142e+000 1.998224050e+000 
1.255928551e+000 1.982971843e+000 
1.193181412e+000 1.969410318e+000 
1.194660404e+000 1.969991630e+000 
1.509414742e+000 1.999194677e+000 
1.297252692e+000 1.988037398e+000 
1.208802956e+000 1.973135706e+000 
1.208358269e+000 1.972983480e+000 
1.191891527e+000 1.969243661e+000 
1.503325119e+000 1.999091476e+000 
1.219472080e+000 1.975494788e+000 
1.561766877e+000 1.999719188e+000 
1.199452343e+000 1.971091686e+000 
1.216717071e+000 1.974965550e+000 
1.336150513e+000 1.992340956e+000 
1.201405674e+000 1.971588888e+000 
1.202838744e+000 1.971810357e+000 
1.204132579e+000 1.972280982e+000 
1.207574719e+000 1.972810309e+000 
1.210375018e+000 1.973652995e+000 
1.212636415e+000 1.974116163e+000 
1.193941489e+000 1.969650125e+000 
1.205192419e+000 1.972407407e+000 
1.197706662e+000 1.970390897e+000 
1.317023975e+000 1.990404646e+000 
1.229162567e+000 1.977642385e+000 
1.228382830e+000 1.977514532e+000 
1.259578938e+000 1.983444219e+000 
1.260358674e+000 1.983572072e+000 
1.301026526e+000 1.988551742e+000 
1.307057036e+000 1.989285896e+000 
1.431870828e+000 1.998093546e+000 
1.243506563e+000 1.980484682e+000 
1.250986898e+000 1.981850182e+000 
1.578735985e+000 1.999807397e+000 
1.242016458e+000 1.980265472e+000 
1.242796195e+000 1.980383918e+000 
1.319500447e+000 1.990946278e+000 
1.243934130e+000 1.980486667e+000 
1.252089338e+000 1.982213983e+000 
1.413344381e+000 1.997570927e+000 
1.413894802e+000 1.997573967e+000 
1.412898165e+000 1.997473050e+000 
1.305364286e+000 1.989140835e+000 
1.324985121e+000 1.991261809e+000 
1.324648458e+000 1.991255204e+000 
1.325374456e+000 1.991378381e+000 
1.309273650e+000 1.989557083e+000 
1.297526345e+000 1.988101932e+000 
1.300282966e+000 1.988458732e+000 
1.300405820e+000 1.988458956e+000 
1.315454769e+000 1.990047435e+000 
1.315242196e+000 1.990042611e+000 
1.312203375e+000 1.989829256e+000 
1.313112185e+000 1.989833055e+000 
1.307883543e+000 1.989290873e+000 
1.438805019e+000 1.998192001e+000 
1.438180650e+000 1.998133562e+000 
1.438581909e+000 1.998140730e+000 
1.359074509e+000 1.994364518e+000 
1.396008495e+000 1.996721562e+000 
1.395198912e+000 1.996654691e+000 
1.399533041e+000 1.997023687e+000 
1.397822336e+000 1.996831586e+000 
1.424506393e+000 1.997803037e+000 
1.399192847e+000 1.997003096e+000 
1.361003175e+000 1.994526676e+000 
1.356370435e+000 1.994042382e+000 
1.390864521e+000 1.996447552e+000 
1.392369343e+000 1.996502011e+000 
1.390858594e+000 1.996326692e+000 
1.400180606e+000 1.997051018e+000 
1.517679900e+000 1.999261236e+000 
1.374598492e+000 1.995542896e+000 
1.426334647e+000 1.997852003e+000 
1.369590296e+000 1.995089840e+000 
1.358376850e+000 1.994261687e+000 
1.370037904e+000 1.995147716e+000 
1.515908103e+000 1.999236892e+000 
1.528090528e+000 1.999573335e+000 
1.520259578e+000 1.999446898e+000 
1.518445601e+000 1.999437273e+000 
1.522520998e+000 1.999461617e+000 
1.499553672e+000 1.999049478e+000 
1.345721904e+000 1.993182676e+000 
1.341016904e+000 1.992838760e+000 
1.353885904e+000 1.994002405e+000 
1.347699363e+000 1.993440269e+000 
1.336642094e+000 1.992456468e+000 
1.351106159e+000 1.993734466e+000 
1.337811421e+000 1.992514344e+000 
1.357051001e+000 1.994151708e+000 
1.388121522e+000 1.996144616e+000 

