1.008222658e+000 1.122896013e+000 
1.008175167e+000 1.122406036e+000 
1.007879850e+000 1.121009580e+000 
1.007631617e+000 1.114549067e+000 
1.007719596e+000 1.117049258e+000 
1.007411811e+000 1.111422145e+000 
1.007651133e+000 1.115245224e+000 
1.007485636e+000 1.113699439e+000 
1.007451410e+000 1.111971968e+000 
1.007483589e+000 1.112719254e+000 
1.007198823e+000 1.109386383e+000 
1.007364320e+000 1.110932168e+000 
1.012052646e+000 1.480336978e+000 
1.014008841e+000 1.487296678e+000 
1.011686861e+000 1.478246977e+000 
1.013651398e+000 1.486287953e+000 
1.014750349e+000 1.490208966e+000 
1.013093874e+000 1.484004591e+000 
1.014464538e+000 1.489069680e+000 
1.012322019e+000 1.481359669e+000 
1.013438124e+000 1.485532446e+000 
1.009518337e+000 1.221070902e+000 
1.009667928e+000 1.221923067e+000 
1.010246004e+000 1.223444384e+000 
1.009366697e+000 1.219697754e+000 
1.011262384e+000 1.226817860e+000 
1.009078424e+000 1.218992759e+000 
1.011207266e+000 1.226720535e+000 
1.008709237e+000 1.217193149e+000 
1.008226016e+000 1.214100744e+000 
1.009467714e+000 1.219936074e+000 
1.011147890e+000 1.225801790e+000 
1.000107232e+000 1.000112012e+000 
1.000146006e+000 1.000115142e+000 
1.000119974e+000 1.000114949e+000 
1.000085120e+000 1.000111912e+000 
1.000081201e+000 1.000111818e+000 
1.000144238e+000 1.000115107e+000 
1.000048574e+000 1.000109141e+000 
1.000059088e+000 1.000111718e+000 
1.000032060e+000 1.000107908e+000 
1.000118206e+000 1.000114914e+000 
1.000058895e+000 1.000111439e+000 
1.000048380e+000 1.000108864e+000 
1.000109460e+000 1.000112374e+000 
1.000021545e+000 1.000105333e+000 
1.000162914e+000 1.000115275e+000 
1.000188946e+000 1.000115468e+000 
1.000140318e+000 1.000115014e+000 
1.000190714e+000 1.000115503e+000 
1.000284080e+000 1.000118857e+000 
1.000310112e+000 1.000119051e+000 
1.000142087e+000 1.000115049e+000 
1.000164683e+000 1.000115310e+000 
1.000215025e+000 1.000118573e+000 
1.000938934e+000 1.002329616e+000 
1.000658973e+000 1.002317890e+000 
1.000400031e+000 1.002260907e+000 
1.000317640e+000 1.002209275e+000 
1.000701718e+000 1.002319780e+000 
1.000681376e+000 1.002318805e+000 
1.000975366e+000 1.002336342e+000 
1.000461646e+000 1.002267020e+000 
1.000798528e+000 1.002322481e+000 
1.000868858e+000 1.002327907e+000 
1.000866160e+000 1.002327592e+000 
1.000843565e+000 1.002325110e+000 
1.000619761e+000 1.002312692e+000 
1.000945011e+000 1.002331856e+000 
1.000857773e+000 1.002325985e+000 
1.000769956e+000 1.002322432e+000 
1.000506683e+000 1.002269648e+000 
1.000726412e+000 1.002321433e+000 
1.000362677e+000 1.002211903e+000 
1.000658780e+000 1.002316323e+000 
1.000975577e+000 1.002367844e+000 
1.000559576e+000 1.002275484e+000 
1.000572398e+000 1.002277224e+000 
1.015238070e+000 1.649524866e+000 
1.015575738e+000 1.650716529e+000 
9.999999997e-001 1.000005440e+000 
1.000010017e+000 1.000005442e+000 
1.039412424e+000 1.715182860e+000 
1.043280934e+000 1.721797643e+000 
1.059208228e+000 1.744383041e+000 
1.037424343e+000 1.711965405e+000 
1.060239749e+000 1.746633489e+000 
1.022402237e+000 1.681759696e+000 
1.017986262e+000 1.666479628e+000 
1.016225105e+000 1.660245754e+000 
1.024739394e+000 1.687141904e+000 
1.028142634e+000 1.694931867e+000 
1.017267400e+000 1.664353940e+000 
1.025240677e+000 1.688662766e+000 
1.024047670e+000 1.685547274e+000 
1.037043311e+000 1.711654414e+000 
1.026715608e+000 1.691952647e+000 
1.022805834e+000 1.682813497e+000 
1.019318062e+000 1.673312489e+000 
1.017749527e+000 1.665941260e+000 
1.030209305e+000 1.698751977e+000 
1.021501105e+000 1.679597211e+000 
1.025814572e+000 1.689905121e+000 
1.027482661e+000 1.693857884e+000 
1.074241820e+000 1.763745300e+000 
1.019883763e+000 1.674594008e+000 
1.034348934e+000 1.705350770e+000 
1.021099672e+000 1.678633301e+000 
1.027306172e+000 1.693075749e+000 
1.074610297e+000 1.763760195e+000 
1.018828764e+000 1.671339576e+000 
1.030706476e+000 1.699432884e+000 
1.018640859e+000 1.670435292e+000 
1.030365784e+000 1.698948185e+000 
1.036081044e+000 1.709685018e+000 
1.016709383e+000 1.661981808e+000 
1.023546955e+000 1.684532278e+000 
1.018187021e+000 1.668118879e+000 
1.020692769e+000 1.677595400e+000 
1.017368642e+000 1.665173134e+000 
1.032612229e+000 1.702946533e+000 
1.035540533e+000 1.708640805e+000 
1.034966283e+000 1.707891957e+000 
1.057839301e+000 1.743349141e+000 
1.036577134e+000 1.710742791e+000 
1.033377698e+000 1.704676233e+000 
1.033717106e+000 1.704836352e+000 
1.035760844e+000 1.708752289e+000 
1.048950800e+000 1.731516038e+000 
1.061554127e+000 1.749280678e+000 
1.171360239e+000 1.855018390e+000 
1.173416936e+000 1.855593839e+000 
1.066102416e+000 1.756591057e+000 
1.246559111e+000 1.893535992e+000 
1.049598270e+000 1.732713931e+000 
1.099124850e+000 1.795209513e+000 
1.047540236e+000 1.729177752e+000 
1.059252267e+000 1.746447210e+000 
1.031678086e+000 1.700880964e+000 
1.173890486e+000 1.855627791e+000 
1.172848405e+000 1.855532851e+000 
1.171813346e+000 1.855108083e+000 
1.115031734e+000 1.809355720e+000 
1.068366386e+000 1.759323112e+000 
1.175456492e+000 1.857612792e+000 
1.119657527e+000 1.812364078e+000 
1.050018753e+000 1.732982363e+000 
1.087418870e+000 1.781816707e+000 
1.043898017e+000 1.724072265e+000 
1.045126851e+000 1.726719020e+000 
1.054259614e+000 1.740870662e+000 
1.168963301e+000 1.852793284e+000 
1.054240622e+000 1.740467832e+000 
1.049004774e+000 1.731715585e+000 
1.041630560e+000 1.720262348e+000 
1.075361224e+000 1.767781334e+000 
1.052030304e+000 1.737069503e+000 
1.063002971e+000 1.751048901e+000 
1.048677220e+000 1.730938195e+000 
1.075118785e+000 1.767420141e+000 
1.048583999e+000 1.730872524e+000 
1.046327348e+000 1.728417308e+000 
1.055885194e+000 1.742519987e+000 
1.104039688e+000 1.799253126e+000 
1.045476995e+000 1.727082198e+000 
1.064370331e+000 1.753016347e+000 
1.075931987e+000 1.768622490e+000 
1.121627157e+000 1.815587059e+000 
1.046690045e+000 1.729079379e+000 
1.055222693e+000 1.741545642e+000 
1.084557977e+000 1.778908735e+000 
1.107377061e+000 1.802726488e+000 
1.078928967e+000 1.772160278e+000 
1.039885658e+000 1.716996451e+000 
1.079694843e+000 1.772948077e+000 
1.066402924e+000 1.756651494e+000 
1.034765932e+000 1.707067230e+000 
1.067469776e+000 1.758558503e+000 
1.096152004e+000 1.791785911e+000 
1.034683587e+000 1.706526250e+000 
1.038523235e+000 1.714798081e+000 
1.069125737e+000 1.759786999e+000 
1.158039835e+000 1.846348329e+000 
1.135959708e+000 1.829348426e+000 
1.064791786e+000 1.753833952e+000 
1.041384420e+000 1.719989597e+000 
1.080811578e+000 1.774665354e+000 
1.151231858e+000 1.841126761e+000 
1.052041938e+000 1.737179852e+000 
1.042344370e+000 1.721260272e+000 
1.036802546e+000 1.711077567e+000 
1.118743581e+000 1.812064123e+000 
1.048790891e+000 1.731008774e+000 
1.096842102e+000 1.792788344e+000 
1.040427360e+000 1.718553532e+000 
1.059242073e+000 1.745978971e+000 
1.071898097e+000 1.763708457e+000 
1.054058991e+000 1.740149092e+000 
1.109934429e+000 1.802950417e+000 
1.050361078e+000 1.734470064e+000 
1.026712356e+000 1.690070887e+000 
1.041072875e+000 1.719288161e+000 
1.212155470e+000 1.873392705e+000 
1.094941112e+000 1.790269364e+000 
1.110583364e+000 1.805009047e+000 
1.043651877e+000 1.723799513e+000 
1.029668721e+000 1.696352201e+000 
1.110177242e+000 1.803016886e+000 
1.104164203e+000 1.799482763e+000 
1.197308608e+000 1.868735485e+000 
1.143509322e+000 1.835833999e+000 
1.037856518e+000 1.712969676e+000 
1.141206777e+000 1.833490833e+000 
1.209896273e+000 1.872943224e+000 
1.203506544e+000 1.871404895e+000 
1.213632320e+000 1.874310337e+000 
1.137136827e+000 1.830290717e+000 
1.135533327e+000 1.829138189e+000 
1.083723156e+000 1.778202323e+000 
1.085600120e+000 1.780447599e+000 
1.033287693e+000 1.703882336e+000 
1.137274989e+000 1.830912206e+000 
1.078589873e+000 1.772121397e+000 
1.098423746e+000 1.794436570e+000 
1.036491766e+000 1.710361550e+000 
1.161250980e+000 1.849301827e+000 
1.159372733e+000 1.847458880e+000 
1.148724664e+000 1.839611922e+000 
1.088134763e+000 1.783379029e+000 
1.133025483e+000 1.827152019e+000 
1.163999198e+000 1.849459737e+000 
1.105455539e+000 1.800821223e+000 
1.031299829e+000 1.699810052e+000 
1.145806569e+000 1.838044870e+000 
1.102617913e+000 1.798166608e+000 
1.150345506e+000 1.840294215e+000 
1.121404646e+000 1.815251771e+000 
1.157265467e+000 1.846217731e+000 
1.029573966e+000 1.696163028e+000 
1.079191845e+000 1.772263079e+000 
1.126461624e+000 1.821513640e+000 
1.092427536e+000 1.787912021e+000 
1.078397086e+000 1.771391762e+000 
1.192075490e+000 1.866802864e+000 
1.208250159e+000 1.871963762e+000 
1.157113862e+000 1.845064024e+000 
1.154278827e+000 1.843641924e+000 
1.079289960e+000 1.772696567e+000 
1.090268317e+000 1.785589261e+000 
1.123220525e+000 1.818942696e+000 
1.105217073e+000 1.800124571e+000 
1.133937616e+000 1.827400172e+000 
1.035414198e+000 1.708004838e+000 
1.217929097e+000 1.876646564e+000 
1.216017250e+000 1.875472724e+000 
1.029876556e+000 1.696626963e+000 
1.165269026e+000 1.850901220e+000 
1.122253545e+000 1.816425985e+000 
1.128113223e+000 1.822448704e+000 
1.221170890e+000 1.878922860e+000 
1.139355945e+000 1.832814889e+000 
1.195925905e+000 1.868335451e+000 
1.131391608e+000 1.824898819e+000 
1.123178975e+000 1.816839073e+000 
1.144248642e+000 1.836320896e+000 
1.233708701e+000 1.887296441e+000 
1.141995942e+000 1.833570372e+000 
1.142136300e+000 1.833891236e+000 
1.081278737e+000 1.775293601e+000 
1.219024462e+000 1.877937197e+000 
1.236216000e+000 1.887971211e+000 
1.048225840e+000 1.730808647e+000 
1.232012365e+000 1.885420814e+000 
1.174426395e+000 1.857305572e+000 
1.183285520e+000 1.862190571e+000 
1.190754385e+000 1.864876468e+000 
1.194109648e+000 1.867410658e+000 
1.096019742e+000 1.790829825e+000 
1.172296603e+000 1.855385660e+000 
1.049379708e+000 1.732297547e+000 
1.187684931e+000 1.863102381e+000 
1.119680804e+000 1.812979138e+000 
1.186107033e+000 1.862340834e+000 
1.076484013e+000 1.768860731e+000 
1.111410196e+000 1.806133329e+000 
1.211593001e+000 1.873100590e+000 
1.189362118e+000 1.864496861e+000 
1.218951230e+000 1.877110602e+000 
1.084788833e+000 1.779146519e+000 
1.200893728e+000 1.870383701e+000 
1.062250040e+000 1.749540758e+000 
1.229704335e+000 1.884033250e+000 
1.113812567e+000 1.807649386e+000 
1.092197791e+000 1.786708676e+000 
1.110427311e+000 1.804495908e+000 
1.110891460e+000 1.805129729e+000 
1.070484511e+000 1.760841071e+000 
1.005424540e+000 1.055911156e+000 
1.005893625e+000 1.056841030e+000 
1.004995932e+000 1.054299171e+000 
1.005626129e+000 1.056536244e+000 
1.005344398e+000 1.055743846e+000 
1.006002799e+000 1.056983208e+000 
1.004623645e+000 1.052798280e+000 
1.004849077e+000 1.053984071e+000 
1.004779200e+000 1.053131447e+000 
1.004558296e+000 1.052070085e+000 
1.004770500e+000 1.053050946e+000 
1.004475993e+000 1.050326844e+000 
1.006409967e+000 1.058133400e+000 
1.004561482e+000 1.052618751e+000 
1.004708337e+000 1.052933851e+000 
1.005080645e+000 1.055001662e+000 
1.004717037e+000 1.052951919e+000 
1.007054806e+000 1.059903126e+000 
1.006710911e+000 1.058993632e+000 
1.004413830e+000 1.050288498e+000 
1.006818665e+000 1.059152183e+000 
1.006691698e+000 1.058925798e+000 
1.006690692e+000 1.058829223e+000 
1.005605825e+000 1.056486190e+000 
1.006051792e+000 1.057344073e+000 
1.005830958e+000 1.056839908e+000 
1.006111572e+000 1.057943724e+000 
1.003222110e+000 1.010906682e+000 
1.002842295e+000 1.010634088e+000 
1.001113196e+000 1.008649033e+000 
1.003616958e+000 1.011037324e+000 
1.001177100e+000 1.008688078e+000 
1.003672952e+000 1.011045773e+000 
1.001363438e+000 1.009271490e+000 
1.001822674e+000 1.009938093e+000 
1.001424776e+000 1.009502539e+000 
1.003555579e+000 1.011020315e+000 
1.004084671e+000 1.011351768e+000 
1.004243395e+000 1.011372969e+000 
1.003990199e+000 1.011332889e+000 
1.003158283e+000 1.010717006e+000 
1.003379374e+000 1.010968400e+000 
1.002069296e+000 1.010004150e+000 
1.002217102e+000 1.010223597e+000 
1.001259363e+000 1.008971821e+000 
1.002178983e+000 1.010181923e+000 
1.001506651e+000 1.009572381e+000 
1.001273823e+000 1.009232445e+000 
1.001981398e+000 1.009962300e+000 
1.001457403e+000 1.009519081e+000 
1.001615935e+000 1.009624318e+000 
1.002684815e+000 1.010538041e+000 
1.002717127e+000 1.010539957e+000 
1.007754953e+000 1.119136190e+000 
1.416643565e+000 1.977076174e+000 
1.418194890e+000 1.978461492e+000 
1.297128950e+000 1.928324487e+000 
1.302677545e+000 1.931498884e+000 
1.268388284e+000 1.910909037e+000 
1.287316139e+000 1.923511439e+000 
1.227682063e+000 1.882719595e+000 
1.231214819e+000 1.884557861e+000 
1.317558978e+000 1.939326092e+000 
1.308247100e+000 1.932680271e+000 
1.287364608e+000 1.924473256e+000 
1.275211479e+000 1.914802758e+000 
1.320264939e+000 1.940899301e+000 
1.249238157e+000 1.893686944e+000 
1.223146357e+000 1.879716684e+000 
1.306750604e+000 1.932480728e+000 
1.218496845e+000 1.876649125e+000 
1.319228159e+000 1.940143098e+000 
1.289320984e+000 1.925165641e+000 
1.278242777e+000 1.919537604e+000 
1.271258757e+000 1.914145181e+000 
1.332776352e+000 1.947312861e+000 
1.282829972e+000 1.922709605e+000 
1.260932092e+000 1.904719909e+000 
1.282602786e+000 1.921210477e+000 
1.332670473e+000 1.947114002e+000 
1.277165250e+000 1.917822269e+000 
1.265482037e+000 1.909686573e+000 
1.269982131e+000 1.912307519e+000 
1.269741004e+000 1.911335500e+000 
1.340478701e+000 1.951441534e+000 
1.288779118e+000 1.925072230e+000 
1.275627425e+000 1.916805325e+000 
1.233616372e+000 1.886752547e+000 
1.266665351e+000 1.910493847e+000 
1.277856181e+000 1.918496101e+000 
1.279476490e+000 1.920039496e+000 
1.232573257e+000 1.885602569e+000 
1.232699494e+000 1.886543178e+000 
1.263555579e+000 1.906896584e+000 
1.265413754e+000 1.909442677e+000 
1.286756889e+000 1.923382223e+000 
1.292747131e+000 1.926611837e+000 
1.298508106e+000 1.929377261e+000 
1.340288428e+000 1.951238160e+000 
1.342948546e+000 1.952939893e+000 
1.301813809e+000 1.930832688e+000 
1.298679006e+000 1.929938912e+000 
1.275578470e+000 1.916124646e+000 
1.346885918e+000 1.953056157e+000 
1.284836499e+000 1.923094126e+000 
1.422831625e+000 1.979191388e+000 
1.291608090e+000 1.926289203e+000 
1.264368457e+000 1.908023803e+000 
1.250650585e+000 1.897132536e+000 
1.290332861e+000 1.925816969e+000 
1.334589148e+000 1.949009581e+000 
1.301515944e+000 1.930717658e+000 
1.338972542e+000 1.950306288e+000 
1.282636904e+000 1.921658932e+000 
1.293120447e+000 1.926782483e+000 
1.251294088e+000 1.898029229e+000 
1.347278725e+000 1.954339285e+000 
1.332386363e+000 1.947020087e+000 
1.338628764e+000 1.949337184e+000 
1.324225683e+000 1.941952469e+000 
1.261617194e+000 1.905306791e+000 
1.365648756e+000 1.960103552e+000 
1.252853276e+000 1.899420447e+000 
1.595100771e+000 2.000000000e+000 
1.259866944e+000 1.904242392e+000 
1.333358034e+000 1.947584137e+000 
1.362830295e+000 1.959657804e+000 
1.362665998e+000 1.959129826e+000 
1.366520768e+000 1.960391006e+000 
1.500904384e+000 1.992976841e+000 
1.371119015e+000 1.962748346e+000 
1.367853578e+000 1.961268738e+000 
1.379446549e+000 1.965329817e+000 
1.239991028e+000 1.890281319e+000 
1.240639165e+000 1.891591784e+000 
1.243042795e+000 1.891845245e+000 
1.245050283e+000 1.893155710e+000 
1.236182934e+000 1.887535441e+000 
1.238549329e+000 1.890035316e+000 
1.468019636e+000 1.989337031e+000 
1.402361054e+000 1.973041653e+000 
1.263202978e+000 1.905819217e+000 
1.433162094e+000 1.982588815e+000 
1.593462762e+000 1.999767821e+000 
1.412765287e+000 1.976284221e+000 
1.226965799e+000 1.881234958e+000 
1.406978686e+000 1.975537052e+000 
1.440767134e+000 1.984699796e+000 
1.467094961e+000 1.987641458e+000 
1.467135860e+000 1.988000496e+000 
1.308564182e+000 1.935277793e+000 
1.303932663e+000 1.932319725e+000 
1.462769010e+000 1.987224705e+000 
1.312074387e+000 1.937081217e+000 
1.312482649e+000 1.937703429e+000 
1.263232410e+000 1.906568381e+000 
1.312081942e+000 1.937642641e+000 
1.315264417e+000 1.938675207e+000 
1.320053676e+000 1.940150041e+000 
1.592429662e+000 1.999657364e+000 
1.309553550e+000 1.935770752e+000 
1.310680052e+000 1.936742771e+000 
1.245705502e+000 1.893228644e+000 
1.257817733e+000 1.904145081e+000 
1.262265061e+000 1.905813752e+000 
1.405202232e+000 1.974710924e+000 
1.251394150e+000 1.898591736e+000 
1.255570452e+000 1.900704745e+000 
1.253148394e+000 1.899777921e+000 
1.388221597e+000 1.968921879e+000 
1.384962102e+000 1.968262472e+000 
1.243759625e+000 1.892687813e+000 
1.389523655e+000 1.969960181e+000 
1.440519565e+000 1.983436052e+000 
1.396577662e+000 1.972563580e+000 
1.393449952e+000 1.971619025e+000 
1.388226611e+000 1.969853871e+000 
1.389595384e+000 1.970091503e+000 
1.390721887e+000 1.971063523e+000 
1.254435093e+000 1.900487665e+000 
1.380979970e+000 1.966764804e+000 
1.424264994e+000 1.979942448e+000 
1.480841058e+000 1.990199730e+000 
1.383596110e+000 1.968056743e+000 
1.439770449e+000 1.983221629e+000 
1.436785158e+000 1.982714901e+000 
1.519658950e+000 1.994554760e+000 
1.402444310e+000 1.974062108e+000 
1.430895167e+000 1.981800670e+000 
1.423491145e+000 1.979326671e+000 
1.328167974e+000 1.945226213e+000 
1.331577242e+000 1.946689718e+000 
1.431842195e+000 1.982036381e+000 
1.498773050e+000 1.992794939e+000 
1.329598474e+000 1.946083148e+000 
1.324738282e+000 1.944061743e+000 
1.291172603e+000 1.926077113e+000 
1.327127576e+000 1.945038057e+000 
1.325615876e+000 1.944820667e+000 
1.300883012e+000 1.930259248e+000 
1.498570365e+000 1.992786052e+000 
1.501471582e+000 1.993734310e+000 
1.456311448e+000 1.987083871e+000 
1.514342275e+000 1.994200191e+000 
1.508857028e+000 1.993963095e+000 
1.448330850e+000 1.984926233e+000 
1.452699302e+000 1.986373461e+000 
1.448007765e+000 1.984808157e+000 
1.450408570e+000 1.985254769e+000 
1.427023347e+000 1.980201442e+000 
1.590252781e+000 1.999493821e+000 
1.531621629e+000 1.995863683e+000 
1.425848074e+000 1.980033554e+000 
1.533379685e+000 1.995941184e+000 
1.366650640e+000 1.960836104e+000 
1.370056534e+000 1.962235072e+000 
1.367605371e+000 1.960930921e+000 
1.514168142e+000 1.994079106e+000 
1.349057284e+000 1.955114188e+000 
1.359452649e+000 1.959085866e+000 
1.354853144e+000 1.957440753e+000 
1.355411342e+000 1.957627852e+000 
1.353191256e+000 1.956772854e+000 
1.375815213e+000 1.964182429e+000 
1.354743270e+000 1.957322174e+000 
1.321547399e+000 1.941784147e+000 
1.412881112e+000 1.976320542e+000 
1.585042622e+000 1.999490409e+000 
1.374682624e+000 1.963777481e+000 
1.482636909e+000 1.990738501e+000 
1.352137218e+000 1.955468466e+000 
1.410405458e+000 1.975870275e+000 
1.413974714e+000 1.976906843e+000 
1.488486840e+000 1.991248682e+000 
1.377482642e+000 1.964582706e+000 
1.488374153e+000 1.991185732e+000 
1.451626190e+000 1.985833820e+000 
1.373664515e+000 1.963744103e+000 
1.372469986e+000 1.963169779e+000 
1.491095670e+000 1.992529311e+000 
1.491090535e+000 1.991774777e+000 
1.582589938e+000 1.999303399e+000 
1.578637810e+000 1.999254466e+000 
1.572850588e+000 1.998721665e+000 
1.578264778e+000 1.999064324e+000 
1.521078748e+000 1.994981689e+000 
1.517486588e+000 1.994373226e+000 
1.570202382e+000 1.998627717e+000 
1.573227140e+000 1.998980699e+000 
1.574275128e+000 1.999045453e+000 
1.558001212e+000 1.997973212e+000 
1.551897169e+000 1.997489152e+000 
1.462835657e+000 1.987325722e+000 
1.472021545e+000 1.989541062e+000 
1.472299486e+000 1.989553137e+000 
1.548195596e+000 1.996907470e+000 
1.475268485e+000 1.990071877e+000 
1.563963629e+000 1.998309570e+000 
1.548864396e+000 1.997139316e+000 
1.547846194e+000 1.996749283e+000 
1.566448435e+000 1.998580785e+000 
1.560526233e+000 1.998204658e+000 
1.541162199e+000 1.996737546e+000 
1.538431385e+000 1.996719370e+000 
1.553073936e+000 1.997936179e+000 
1.534477206e+000 1.996432966e+000 
1.534455451e+000 1.996239104e+000 
1.531438836e+000 1.995354490e+000 
1.550288064e+000 1.997237723e+000 

