1.006269832e+000 1.578465086e+000 
1.088491989e+000 1.730941518e+000 
1.179967098e+000 1.812458812e+000 
1.102454096e+000 1.746321262e+000 
1.068427506e+000 1.706429754e+000 
1.004532144e+000 1.570127183e+000 
1.003849623e+000 1.568343716e+000 
1.059221301e+000 1.695852932e+000 
1.050822337e+000 1.682881421e+000 
1.066939495e+000 1.705089060e+000 
1.115092673e+000 1.758277490e+000 
1.147576502e+000 1.788294823e+000 
1.133743030e+000 1.777696577e+000 
1.143669919e+000 1.785371566e+000 
1.062245965e+000 1.698881995e+000 
1.063686250e+000 1.702035530e+000 
1.156499878e+000 1.795950695e+000 
1.058502798e+000 1.693743980e+000 
1.119054278e+000 1.762088483e+000 
1.004336927e+000 1.569543265e+000 
1.122646879e+000 1.766773097e+000 
1.122107775e+000 1.766515054e+000 
1.125145481e+000 1.768670054e+000 
1.116405002e+000 1.761303407e+000 
1.005796474e+000 1.576861314e+000 
1.140811509e+000 1.781720802e+000 
1.126505901e+000 1.768715781e+000 
1.121637864e+000 1.765571135e+000 
1.005991691e+000 1.577832487e+000 
1.007397377e+000 1.584738500e+000 
1.004961512e+000 1.574514687e+000 
1.090186138e+000 1.732074352e+000 
1.160826885e+000 1.800246259e+000 
1.007457919e+000 1.584895523e+000 
1.154594713e+000 1.794407141e+000 
1.152885883e+000 1.793580710e+000 
1.005647882e+000 1.576096113e+000 
1.008235311e+000 1.590910025e+000 
1.008040093e+000 1.589938852e+000 
1.061584964e+000 1.698558270e+000 
1.011775994e+000 1.604022122e+000 
1.011023069e+000 1.599692963e+000 
1.175113931e+000 1.808666519e+000 
1.016391362e+000 1.616536680e+000 
1.004826865e+000 1.572623373e+000 
1.059134830e+000 1.695532353e+000 
1.090693039e+000 1.733627579e+000 
1.073290904e+000 1.712995501e+000 
1.121229813e+000 1.764898158e+000 
1.019176687e+000 1.623130125e+000 
1.169861877e+000 1.806231261e+000 
1.090428165e+000 1.733463647e+000 
1.135996137e+000 1.778307604e+000 
1.177621798e+000 1.809741900e+000 
1.163319096e+000 1.801570622e+000 
1.123953644e+000 1.767251097e+000 
1.127292528e+000 1.768927997e+000 
1.151927898e+000 1.791677463e+000 
1.132156029e+000 1.775474643e+000 
1.150421730e+000 1.791117252e+000 
1.171648785e+000 1.808174596e+000 
1.006862954e+000 1.582764615e+000 
1.171876685e+000 1.808547018e+000 
1.175403892e+000 1.809142555e+000 
1.062509240e+000 1.699926577e+000 
1.136078549e+000 1.778500560e+000 
1.130288767e+000 1.774232832e+000 
1.056754312e+000 1.692348616e+000 
1.124615711e+000 1.768597052e+000 
1.060128723e+000 1.696742840e+000 
1.064959374e+000 1.702952494e+000 
1.051972983e+000 1.684150288e+000 
1.009082717e+000 1.593846321e+000 
1.052894516e+000 1.686166018e+000 
1.170100972e+000 1.806995342e+000 
1.007884495e+000 1.588802992e+000 
1.115593206e+000 1.759346640e+000 
1.055243726e+000 1.689318432e+000 
1.113580963e+000 1.757181865e+000 
1.110104444e+000 1.754624277e+000 
1.014412082e+000 1.611340600e+000 
1.008966588e+000 1.592286790e+000 
1.009433533e+000 1.595953355e+000 
1.014589217e+000 1.612178520e+000 
1.012655940e+000 1.606837615e+000 
1.013562955e+000 1.609346703e+000 
1.148090045e+000 1.788397538e+000 
1.015921161e+000 1.614952661e+000 
1.109502004e+000 1.753438046e+000 
1.155808058e+000 1.794973500e+000 
1.119230606e+000 1.763042842e+000 
1.096379740e+000 1.740586552e+000 
1.163777065e+000 1.802353227e+000 
1.081635432e+000 1.723337177e+000 
1.169573804e+000 1.804948361e+000 
1.147606331e+000 1.788296436e+000 
1.177264297e+000 1.809222288e+000 
1.099840011e+000 1.744476878e+000 
1.099872862e+000 1.744880356e+000 
1.095179979e+000 1.739134241e+000 
1.090725891e+000 1.734031057e+000 
1.015484347e+000 1.614027591e+000 
1.061384096e+000 1.697492783e+000 
1.069563086e+000 1.708257923e+000 
1.096377226e+000 1.739973921e+000 
1.012226578e+000 1.604736293e+000 
1.008672125e+000 1.591835095e+000 
1.012401792e+000 1.605478131e+000 
1.011494778e+000 1.602969042e+000 
1.102476572e+000 1.747100745e+000 
1.011071824e+000 1.599839208e+000 
1.098604671e+000 1.743401969e+000 
1.141374159e+000 1.782627787e+000 
1.074977749e+000 1.715759216e+000 
1.070512800e+000 1.709576618e+000 
1.092734970e+000 1.736291907e+000 
1.076556644e+000 1.716648413e+000 
1.079879148e+000 1.722340787e+000 
1.096448170e+000 1.740612628e+000 
1.088207471e+000 1.729795233e+000 
1.150926489e+000 1.791446827e+000 
1.137358367e+000 1.779073990e+000 
1.146865465e+000 1.787756957e+000 
1.115740573e+000 1.759564982e+000 
1.147360534e+000 1.787762895e+000 
1.086855750e+000 1.729625679e+000 
1.101140521e+000 1.745023147e+000 
1.104565213e+000 1.749290875e+000 
1.092702118e+000 1.735888429e+000 
1.153670116e+000 1.793685339e+000 
1.076909120e+000 1.718073059e+000 
1.084712269e+000 1.727503394e+000 
1.107527535e+000 1.751423204e+000 
1.091466779e+000 1.734813520e+000 
1.075581170e+000 1.715885712e+000 
1.086025729e+000 1.728808144e+000 
1.053793825e+000 1.686511219e+000 
1.071116221e+000 1.709703115e+000 
1.082532121e+000 1.725524524e+000 
1.066188675e+000 1.703863698e+000 
1.061248481e+000 1.697316459e+000 
1.053780829e+000 1.686355053e+000 
1.025833204e+000 1.641612277e+000 
1.031309831e+000 1.651521574e+000 
1.055747570e+000 1.690047167e+000 
1.032782361e+000 1.656047008e+000 
1.031663010e+000 1.653595535e+000 
1.032631166e+000 1.655515973e+000 
1.033909294e+000 1.657757467e+000 
1.037592344e+000 1.664170286e+000 
1.063053637e+000 1.700021544e+000 
1.073188922e+000 1.711634280e+000 
1.058342197e+000 1.692969758e+000 
1.032295161e+000 1.654276595e+000 
1.033414512e+000 1.656733983e+000 
1.040562130e+000 1.667680410e+000 
1.036465411e+000 1.662385889e+000 
1.046407058e+000 1.677330852e+000 
1.023001744e+000 1.635228244e+000 
1.048723157e+000 1.680457142e+000 
1.043483002e+000 1.672951934e+000 
1.052336095e+000 1.685616846e+000 
1.015249078e+000 1.613461427e+000 
1.029063547e+000 1.647279788e+000 
1.022732334e+000 1.633387327e+000 
1.015618848e+000 1.614195822e+000 
1.023375216e+000 1.636115497e+000 
1.015397412e+000 1.613723686e+000 
1.003347411e+000 1.555425732e+000 
1.027211233e+000 1.643975981e+000 
1.048501567e+000 1.680410607e+000 
1.030926082e+000 1.650604624e+000 
1.016856625e+000 1.618449308e+000 
1.054359993e+000 1.688702234e+000 
1.022046184e+000 1.632467679e+000 
1.022881239e+000 1.633822818e+000 
1.020688174e+000 1.628392543e+000 
1.066533433e+000 1.704120692e+000 
1.010875981e+000 1.597486929e+000 
1.003834884e+000 1.558656736e+000 
1.060628071e+000 1.696868499e+000 
1.047043418e+000 1.678108749e+000 
1.068118605e+000 1.705875329e+000 
1.060891499e+000 1.697011888e+000 
1.049566049e+000 1.682369669e+000 
1.041600219e+000 1.670967412e+000 
1.035900719e+000 1.660587755e+000 
1.003556027e+000 1.557796582e+000 
1.041033335e+000 1.669559648e+000 
1.030182898e+000 1.649737176e+000 
1.039553731e+000 1.666843205e+000 
1.045090943e+000 1.675139427e+000 
1.047572081e+000 1.678246849e+000 
1.049235806e+000 1.680716100e+000 
1.027904081e+000 1.645678079e+000 
1.036945279e+000 1.663735782e+000 
1.015027521e+000 1.612863777e+000 
1.025048686e+000 1.639115385e+000 
1.025806207e+000 1.640064395e+000 
1.018859070e+000 1.622807011e+000 
1.013139158e+000 1.607246921e+000 
1.019731934e+000 1.626163873e+000 
1.014314187e+000 1.609813609e+000 
1.018045547e+000 1.620983791e+000 
1.017374798e+000 1.619062696e+000 
1.019358462e+000 1.625278557e+000 
1.000021613e+000 1.015166076e+000 
1.000126993e+000 1.015216555e+000 
1.000224807e+000 1.015501280e+000 
1.000288825e+000 1.015545042e+000 
1.000039418e+000 1.015175912e+000 
1.000322391e+000 1.055113579e+000 
1.001605585e+000 1.061566571e+000 
1.001674541e+000 1.061594729e+000 
1.001506817e+000 1.061369667e+000 
1.000502589e+000 1.058019063e+000 
1.000672333e+000 1.058052115e+000 
1.000603377e+000 1.058024110e+000 
1.001100141e+000 1.059908354e+000 
1.001437861e+000 1.061341661e+000 
1.001080073e+000 1.059903308e+000 
1.001532292e+000 1.061417152e+000 
1.001035528e+000 1.059532907e+000 
1.001874848e+000 1.205606217e+000 
1.002009762e+000 1.206618060e+000 
1.003077371e+000 1.356726126e+000 
1.002763877e+000 1.355917722e+000 
1.002337388e+000 1.353638228e+000 
1.003135211e+000 1.357128924e+000 
9.999999997e-001 1.001881703e+000 
1.001676240e+000 1.100346640e+000 
1.000775532e+000 1.058449803e+000 
1.001163833e+000 1.060055870e+000 
1.000405761e+000 1.056797587e+000 
1.000786647e+000 1.058461879e+000 
1.001149842e+000 1.059933597e+000 
1.001558211e+000 1.061544710e+000 
1.001195016e+000 1.060072992e+000 
1.000416877e+000 1.056809664e+000 
1.000719866e+000 1.058181943e+000 
1.001421421e+000 1.060113392e+000 
1.000806715e+000 1.058466925e+000 
1.000436944e+000 1.056814709e+000 
1.000914811e+000 1.058491322e+000 
1.337325877e+000 1.920814978e+000 
1.290201135e+000 1.893775011e+000 
1.188810393e+000 1.820106303e+000 
1.203412894e+000 1.829919119e+000 
1.180347398e+000 1.813833441e+000 
1.181304685e+000 1.814577445e+000 
1.268526017e+000 1.877679118e+000 
1.166837366e+000 1.802908560e+000 
1.187828654e+000 1.817416874e+000 
1.311198393e+000 1.905960050e+000 
1.250410250e+000 1.865576825e+000 
1.188025050e+000 1.818474846e+000 
1.247894703e+000 1.863887939e+000 
1.260800589e+000 1.873725545e+000 
1.244471060e+000 1.863204714e+000 
1.272560714e+000 1.880211481e+000 
1.226682029e+000 1.847561864e+000 
1.242738699e+000 1.860024694e+000 
1.315574918e+000 1.906593801e+000 
1.273837797e+000 1.880925703e+000 
1.345786574e+000 1.922686350e+000 
1.188180316e+000 1.818726834e+000 
1.306986427e+000 1.903680360e+000 
1.295504479e+000 1.896632819e+000 
1.300595964e+000 1.899658736e+000 
1.339575254e+000 1.921549279e+000 
1.178069811e+000 1.810134774e+000 
1.266764799e+000 1.877346065e+000 
1.258222427e+000 1.871788095e+000 
1.255709104e+000 1.870699628e+000 
1.183088831e+000 1.815700917e+000 
1.305854599e+000 1.903230356e+000 
1.334966215e+000 1.919438562e+000 
1.340057701e+000 1.922464479e+000 
1.310110327e+000 1.904968743e+000 
1.331183958e+000 1.916683508e+000 
1.327001974e+000 1.914425711e+000 
1.310927866e+000 1.905638003e+000 
1.300763114e+000 1.900204439e+000 
1.290118112e+000 1.893328067e+000 
1.329291381e+000 1.916401242e+000 
1.305846288e+000 1.903202056e+000 
1.296542837e+000 1.897896450e+000 
1.265191686e+000 1.876637700e+000 
1.291451352e+000 1.894870532e+000 
1.269335327e+000 1.879704909e+000 
1.273847600e+000 1.882743887e+000 
1.281895847e+000 1.889136752e+000 
1.255115906e+000 1.868988190e+000 
1.280483838e+000 1.886905158e+000 
1.276547763e+000 1.883712262e+000 
1.220819500e+000 1.843424386e+000 
1.281413399e+000 1.888221552e+000 
1.280162506e+000 1.885894142e+000 
1.289026913e+000 1.892503034e+000 
1.264017147e+000 1.876100508e+000 
1.286987332e+000 1.892162669e+000 
1.169020329e+000 1.804159851e+000 
1.331345246e+000 1.918244272e+000 
1.335510945e+000 1.919473853e+000 
1.261989909e+000 1.874221426e+000 
1.179723680e+000 1.811589627e+000 
1.266667651e+000 1.876951900e+000 
1.195017822e+000 1.823149150e+000 
1.262572456e+000 1.874279405e+000 
1.205526683e+000 1.831794741e+000 
1.265884336e+000 1.876865482e+000 
1.261024657e+000 1.874045617e+000 
1.192408010e+000 1.822858362e+000 
1.185373592e+000 1.816862755e+000 
1.188217089e+000 1.818819185e+000 
1.183125604e+000 1.815793268e+000 
1.197377896e+000 1.825469765e+000 
1.191382299e+000 1.822445088e+000 
1.190347972e+000 1.820190185e+000 
1.201007058e+000 1.828620393e+000 
1.355582395e+000 1.928522171e+000 
1.201288009e+000 1.828822465e+000 
1.200516957e+000 1.827399855e+000 
1.228556471e+000 1.851605981e+000 
1.213599364e+000 1.838963188e+000 
1.226883998e+000 1.848596124e+000 
1.251264902e+000 1.866457342e+000 
1.360386447e+000 1.929965465e+000 
1.237595664e+000 1.857657815e+000 
1.186018819e+000 1.817164268e+000 
1.250594785e+000 1.866448027e+000 
1.233881981e+000 1.854664771e+000 
1.207857006e+000 1.834809575e+000 
1.232004284e+000 1.854631898e+000 
1.361327380e+000 1.930332401e+000 
1.358041568e+000 1.929013681e+000 
1.236114763e+000 1.854760220e+000 
1.211248331e+000 1.836749179e+000 
1.203527852e+000 1.831783658e+000 
1.197886776e+000 1.827255937e+000 
1.216656256e+000 1.842696983e+000 
1.361751512e+000 1.931050232e+000 
1.247472208e+000 1.863655906e+000 
1.347060682e+000 1.923766022e+000 
1.358868206e+000 1.929840892e+000 
1.212718221e+000 1.838213883e+000 
1.207531461e+000 1.832943193e+000 
1.222611353e+000 1.846128618e+000 
1.304118835e+000 1.901921521e+000 
1.349539892e+000 1.925000286e+000 
1.327560348e+000 1.914765579e+000 
1.328398615e+000 1.915395056e+000 
1.357745491e+000 1.928878230e+000 
1.322827611e+000 1.911884514e+000 
1.347368011e+000 1.924991932e+000 
1.256883357e+000 1.871114609e+000 
1.349871082e+000 1.925230394e+000 
1.324223198e+000 1.913386150e+000 
1.308663287e+000 1.904455929e+000 
1.323088080e+000 1.912299299e+000 
1.318635709e+000 1.911518529e+000 
1.202081450e+000 1.829851948e+000 
1.324609731e+000 1.913770187e+000 
1.278616502e+000 1.885140265e+000 
1.317809287e+000 1.909055580e+000 
1.316476152e+000 1.908039789e+000 
1.236782830e+000 1.856031029e+000 
1.216196423e+000 1.840103154e+000 
1.239517504e+000 1.858634975e+000 
1.236166819e+000 1.855525886e+000 
1.224065665e+000 1.846768393e+000 
1.220835114e+000 1.844427548e+000 
1.206453929e+000 1.832836196e+000 
1.351616084e+000 1.925987284e+000 
1.363115893e+000 1.931206051e+000 
1.353383576e+000 1.926529160e+000 
1.432416003e+000 1.956959016e+000 
1.668840331e+000 1.999651895e+000 
1.364110045e+000 1.932845901e+000 
1.367510555e+000 1.934055886e+000 
1.663220084e+000 1.998836109e+000 
1.431998489e+000 1.956924295e+000 
1.411484922e+000 1.950794593e+000 
1.683806829e+000 2.000000000e+000 
1.388136924e+000 1.941640113e+000 
1.404059308e+000 1.948075257e+000 
1.249858383e+000 1.864237853e+000 
1.388565798e+000 1.941909890e+000 
1.395737248e+000 1.944670115e+000 
1.398971986e+000 1.946529103e+000 
1.392329734e+000 1.943624749e+000 
1.407670639e+000 1.950169115e+000 
1.407174612e+000 1.949950140e+000 
1.398475960e+000 1.946310128e+000 
1.383973915e+000 1.940063771e+000 
1.422461941e+000 1.954841770e+000 
1.412929891e+000 1.951038037e+000 
1.414849105e+000 1.952699140e+000 
1.590494316e+000 1.996242728e+000 
1.645317727e+000 1.998122428e+000 
1.405758760e+000 1.948683629e+000 
1.401028387e+000 1.947264762e+000 
1.430567239e+000 1.956767026e+000 
1.663088307e+000 1.998251949e+000 
1.514239379e+000 1.983063984e+000 
1.303982762e+000 1.900290202e+000 
1.316309583e+000 1.906696952e+000 
1.354851282e+000 1.927862110e+000 
1.373226616e+000 1.936803466e+000 
1.377167187e+000 1.937008474e+000 
1.346431817e+000 1.923103996e+000 
1.397660397e+000 1.945894373e+000 
1.397141962e+000 1.945796786e+000 
1.426911272e+000 1.956229402e+000 
1.354192901e+000 1.926985336e+000 
1.593815107e+000 1.996459226e+000 
1.600632822e+000 1.996607881e+000 
1.552954000e+000 1.993075453e+000 
1.597174064e+000 1.996596463e+000 
1.578834432e+000 1.994840408e+000 
1.589150978e+000 1.995778049e+000 
1.581708132e+000 1.994904212e+000 
1.570799104e+000 1.994726101e+000 
1.560785750e+000 1.993332300e+000 
1.604520408e+000 1.997293285e+000 
1.557397611e+000 1.993267522e+000 
1.660947543e+000 1.998160028e+000 
1.666261961e+000 1.998938137e+000 
1.683238412e+000 1.999809627e+000 
1.623936284e+000 1.997927568e+000 
1.555730595e+000 1.993084663e+000 
1.252337347e+000 1.868172702e+000 
1.683450678e+000 1.999854332e+000 
1.616511144e+000 1.997763886e+000 
1.561548868e+000 1.993936991e+000 
1.616506791e+000 1.997297240e+000 
1.269247704e+000 1.878714564e+000 
1.277790378e+000 1.884069790e+000 
1.440887595e+000 1.961199538e+000 
1.466915699e+000 1.969946586e+000 
1.467411725e+000 1.970169641e+000 
1.371756269e+000 1.934715670e+000 
1.471991608e+000 1.971905269e+000 
1.460007063e+000 1.968047785e+000 
1.446958416e+000 1.963704472e+000 
1.453252311e+000 1.965797970e+000 
1.242568074e+000 1.859098943e+000 
1.457332197e+000 1.966446031e+000 
1.461045199e+000 1.968936034e+000 
1.435225193e+000 1.958427069e+000 
1.460549173e+000 1.968489319e+000 
1.377546687e+000 1.937939958e+000 
1.267712019e+000 1.877493761e+000 
1.222268660e+000 1.845364336e+000 
1.221772633e+000 1.845086811e+000 
1.386809359e+000 1.940902412e+000 
1.395645676e+000 1.944544589e+000 
1.498448616e+000 1.979103145e+000 
1.452097552e+000 1.964668652e+000 
1.396749214e+000 1.944922368e+000 
1.465059523e+000 1.969464267e+000 
1.433120687e+000 1.957601125e+000 
1.423507324e+000 1.955419086e+000 
1.439033003e+000 1.959876203e+000 
1.430061581e+000 1.956636651e+000 
1.438790896e+000 1.959637961e+000 
1.437843665e+000 1.959261378e+000 
1.450863346e+000 1.964094490e+000 
1.463430353e+000 1.969171391e+000 
1.263784833e+000 1.874993578e+000 
1.489272548e+000 1.976102485e+000 
1.481002144e+000 1.973822638e+000 
1.482126809e+000 1.974688145e+000 
1.254141934e+000 1.868242635e+000 
1.475765078e+000 1.972632795e+000 
1.482762228e+000 1.975129573e+000 
1.545911581e+000 1.990246506e+000 
1.538932987e+000 1.990018641e+000 
1.541205457e+000 1.990050083e+000 
1.505717607e+000 1.981195963e+000 
1.530015892e+000 1.987749420e+000 
1.505418994e+000 1.980965598e+000 
1.519859154e+000 1.985312537e+000 
1.502321005e+000 1.979980979e+000 
1.493776816e+000 1.977814892e+000 
1.497875671e+000 1.978115790e+000 
1.503399944e+000 1.980104300e+000 
1.529688924e+000 1.987328099e+000 
1.536194691e+000 1.989360280e+000 
1.491754530e+000 1.976718525e+000 
1.547456451e+000 1.991029630e+000 
1.509093301e+000 1.982190489e+000 
1.516627363e+000 1.983735666e+000 
1.523800197e+000 1.986032262e+000 
1.546174515e+000 1.990501292e+000 

