1.020434638e+000 1.614219780e+000 
1.009798813e+000 1.569046961e+000 
1.160838127e+000 1.838169779e+000 
1.017953143e+000 1.603955457e+000 
1.054396560e+000 1.699839534e+000 
1.050957894e+000 1.693351902e+000 
1.059698959e+000 1.711952270e+000 
1.142972959e+000 1.821534890e+000 
1.045610389e+000 1.681855185e+000 
1.045332746e+000 1.681488212e+000 
1.137646418e+000 1.816793108e+000 
1.164586061e+000 1.839159120e+000 
1.021450184e+000 1.617558468e+000 
1.149637752e+000 1.826692354e+000 
1.072580321e+000 1.734519909e+000 
1.020112321e+000 1.612868717e+000 
1.072199962e+000 1.734286650e+000 
1.139108591e+000 1.818254699e+000 
1.021977981e+000 1.619985181e+000 
1.023287814e+000 1.623900877e+000 
1.101573282e+000 1.779828898e+000 
1.023933891e+000 1.624949972e+000 
1.017619131e+000 1.602896607e+000 
1.016365470e+000 1.598769009e+000 
1.011760068e+000 1.577809497e+000 
1.114859888e+000 1.795979836e+000 
1.118929949e+000 1.800502409e+000 
1.146297776e+000 1.826356182e+000 
1.007506283e+000 1.555444222e+000 
1.017027476e+000 1.600542266e+000 
1.067445429e+000 1.726869005e+000 
1.019500119e+000 1.609884308e+000 
1.096084296e+000 1.771854898e+000 
1.010129061e+000 1.570951688e+000 
1.061729490e+000 1.715487715e+000 
1.154047082e+000 1.832730775e+000 
1.014194607e+000 1.588865164e+000 
1.080876661e+000 1.747401075e+000 
1.094255204e+000 1.769310923e+000 
1.115172996e+000 1.797419022e+000 
1.038808194e+000 1.667135629e+000 
1.007745502e+000 1.556946661e+000 
1.061836274e+000 1.716964286e+000 
1.009257442e+000 1.565989500e+000 
1.061924845e+000 1.716964835e+000 
1.065046464e+000 1.723529466e+000 
1.052487310e+000 1.696518767e+000 
1.063787850e+000 1.720554161e+000 
1.024578822e+000 1.627380520e+000 
1.032788256e+000 1.650269913e+000 
1.071739639e+000 1.733717900e+000 
1.079482389e+000 1.744748059e+000 
1.104667783e+000 1.782823398e+000 
1.006739954e+000 1.549016539e+000 
1.008818301e+000 1.563105096e+000 
1.076516542e+000 1.741179710e+000 
1.030333945e+000 1.644730217e+000 
1.032089589e+000 1.648846970e+000 
1.073347314e+000 1.736858456e+000 
1.013602770e+000 1.586086829e+000 
1.013506727e+000 1.585479622e+000 
1.062149295e+000 1.717246551e+000 
1.008276931e+000 1.560047635e+000 
1.033683722e+000 1.653128079e+000 
1.011759335e+000 1.577517908e+000 
1.007239807e+000 1.553234372e+000 
1.011167359e+000 1.576376823e+000 
1.035331623e+000 1.657849724e+000 
1.110507176e+000 1.790734649e+000 
1.046115170e+000 1.683244485e+000 
1.011761262e+000 1.578562260e+000 
1.040776123e+000 1.672168865e+000 
1.106490039e+000 1.785677418e+000 
1.037590181e+000 1.663795818e+000 
1.008543406e+000 1.562257486e+000 
1.087011526e+000 1.757177916e+000 
1.080650455e+000 1.747384078e+000 
1.094107046e+000 1.768493099e+000 
1.021181806e+000 1.616664962e+000 
1.044413790e+000 1.679766965e+000 
1.087833166e+000 1.757854123e+000 
1.141209494e+000 1.818892041e+000 
1.094190069e+000 1.768742870e+000 
1.093670776e+000 1.767732508e+000 
1.108887757e+000 1.789411022e+000 
1.089478301e+000 1.761634806e+000 
1.090354887e+000 1.762249238e+000 
1.017121297e+000 1.600557442e+000 
1.098113536e+000 1.772960248e+000 
1.008506372e+000 1.560888728e+000 
1.009486884e+000 1.566432927e+000 
1.066041922e+000 1.724299590e+000 
1.015743106e+000 1.595448790e+000 
1.060890681e+000 1.714271245e+000 
1.010418157e+000 1.571841230e+000 
1.057973599e+000 1.708262861e+000 
1.010017508e+000 1.569761762e+000 
1.128356902e+000 1.808253162e+000 
1.064284459e+000 1.721411312e+000 
1.067378374e+000 1.726174412e+000 
1.014011285e+000 1.587897805e+000 
1.110335341e+000 1.790507396e+000 
1.153336315e+000 1.830924182e+000 
1.028033352e+000 1.638547550e+000 
1.017425787e+000 1.601600510e+000 
1.054765420e+000 1.700731620e+000 
1.144187466e+000 1.822706282e+000 
1.042629732e+000 1.674746674e+000 
1.116322060e+000 1.797443477e+000 
1.020586191e+000 1.614706615e+000 
1.120220287e+000 1.801732565e+000 
1.065970905e+000 1.723743607e+000 
1.134029856e+000 1.815616331e+000 
1.155870569e+000 1.834026411e+000 
1.028739812e+000 1.640448209e+000 
1.055280814e+000 1.702765157e+000 
1.060112926e+000 1.712308928e+000 
1.027690498e+000 1.637051997e+000 
1.128490842e+000 1.808477863e+000 
1.012282737e+000 1.580493716e+000 
1.129431352e+000 1.810300460e+000 
1.131598833e+000 1.813069357e+000 
1.088143881e+000 1.759073843e+000 
1.121798525e+000 1.804133141e+000 
1.120392122e+000 1.801959818e+000 
1.125361291e+000 1.806090184e+000 
1.086105056e+000 1.755174126e+000 
1.058418139e+000 1.709171211e+000 
1.091509111e+000 1.765334610e+000 
1.150311878e+000 1.827259629e+000 
1.081582786e+000 1.747654214e+000 
1.151431172e+000 1.829997573e+000 
1.068418934e+000 1.728208613e+000 
1.112933472e+000 1.794362298e+000 
1.054009728e+000 1.699160295e+000 
1.105638161e+000 1.783855939e+000 
1.149809587e+000 1.826937899e+000 
1.131430957e+000 1.812048383e+000 
1.026439215e+000 1.633661621e+000 
1.028506994e+000 1.639746182e+000 
1.100001963e+000 1.776138616e+000 
1.117074676e+000 1.798082690e+000 
1.078450226e+000 1.742508972e+000 
1.019615370e+000 1.610745009e+000 
1.153508150e+000 1.831169728e+000 
1.150794730e+000 1.828611220e+000 
1.026573153e+000 1.634010182e+000 
1.155092598e+000 1.833324127e+000 
1.018484572e+000 1.606545619e+000 
1.067927075e+000 1.727183169e+000 
1.124295254e+000 1.805116468e+000 
1.104071457e+000 1.782820630e+000 
1.023504717e+000 1.624260306e+000 
1.124356726e+000 1.805712949e+000 
1.125928850e+000 1.806219212e+000 
1.022819837e+000 1.621728921e+000 
1.027625059e+000 1.636783935e+000 
1.018413806e+000 1.605423811e+000 
1.036348112e+000 1.660549535e+000 
1.115088699e+000 1.796799509e+000 
1.025111737e+000 1.629027335e+000 
1.054509584e+000 1.699949371e+000 
1.066742102e+000 1.725068852e+000 
1.023117205e+000 1.622599025e+000 
1.150683268e+000 1.827285705e+000 
1.156088798e+000 1.835887846e+000 
1.078816019e+000 1.743234632e+000 
1.033398777e+000 1.652107682e+000 
1.070508041e+000 1.731421898e+000 
1.034972108e+000 1.656693870e+000 
1.046011310e+000 1.682932942e+000 
1.099680385e+000 1.775654364e+000 
1.037406102e+000 1.663309606e+000 
1.047567918e+000 1.685995643e+000 
1.033596777e+000 1.653122779e+000 
1.088383182e+000 1.759690126e+000 
1.060406063e+000 1.712983541e+000 
1.062849475e+000 1.717637149e+000 
1.083809507e+000 1.752391825e+000 
1.037149175e+000 1.662416323e+000 
1.075911067e+000 1.739424273e+000 
1.052802700e+000 1.696888501e+000 
1.048426973e+000 1.687924947e+000 
1.051589778e+000 1.694314653e+000 
1.043309576e+000 1.677180371e+000 
1.038446672e+000 1.665927573e+000 
1.039040270e+000 1.667400560e+000 
1.001375454e+000 1.027031110e+000 
1.001185374e+000 1.027022452e+000 
1.001541476e+000 1.027882253e+000 
1.000009673e+000 1.000004373e+000 
9.999999994e-001 1.000000000e+000 
1.000042427e+000 1.002843978e+000 
1.002681301e+000 1.061555505e+000 
1.002275053e+000 1.060026858e+000 
1.002553740e+000 1.061388250e+000 
1.002030736e+000 1.058594777e+000 
1.002477625e+000 1.060104553e+000 
1.001624488e+000 1.057066129e+000 
1.001708952e+000 1.058361544e+000 
1.002155841e+000 1.059871320e+000 
1.002147492e+000 1.059859603e+000 
1.002843760e+000 1.186729643e+000 
1.004774830e+000 1.199028828e+000 
1.004547584e+000 1.197934292e+000 
1.004168535e+000 1.194828931e+000 
1.003691276e+000 1.192763210e+000 
1.003178236e+000 1.187784045e+000 
1.006587516e+000 1.208524765e+000 
1.004598363e+000 1.198201530e+000 
1.005189334e+000 1.200738924e+000 
1.005691621e+000 1.204126606e+000 
1.004477501e+000 1.197755431e+000 
1.000075680e+000 1.003577238e+000 
1.000135342e+000 1.003590138e+000 
1.000247938e+000 1.003596902e+000 
1.002842494e+000 1.114445172e+000 
1.000429824e+000 1.010300572e+000 
1.000629295e+000 1.010691003e+000 
1.000297026e+000 1.010300408e+000 
1.000504609e+000 1.010686056e+000 
1.000810060e+000 1.010691506e+000 
1.001061504e+000 1.019979702e+000 
1.000912827e+000 1.019256053e+000 
1.001042113e+000 1.019330153e+000 
1.000851970e+000 1.018542995e+000 
1.000892022e+000 1.019216867e+000 
1.001000647e+000 1.019265431e+000 
1.001088183e+000 1.021125123e+000 
1.001145160e+000 1.021864928e+000 
1.294379038e+000 1.937309451e+000 
1.190445920e+000 1.864469009e+000 
1.365659136e+000 1.965411841e+000 
1.301581226e+000 1.942263944e+000 
1.283404696e+000 1.931122152e+000 
1.199178850e+000 1.873805798e+000 
1.361450663e+000 1.964793662e+000 
1.369881823e+000 1.965874182e+000 
1.285326819e+000 1.933048749e+000 
1.305106618e+000 1.943986195e+000 
1.369977696e+000 1.966176493e+000 
1.216045274e+000 1.886623926e+000 
1.212037526e+000 1.882764430e+000 
1.209753685e+000 1.880959074e+000 
1.291495960e+000 1.937239333e+000 
1.208586658e+000 1.880808220e+000 
1.207065749e+000 1.880064796e+000 
1.305405941e+000 1.944058815e+000 
1.372173221e+000 1.968159794e+000 
1.355176346e+000 1.962643672e+000 
1.378240801e+000 1.970054454e+000 
1.210044645e+000 1.881357793e+000 
1.205881156e+000 1.879092833e+000 
1.226592646e+000 1.894071786e+000 
1.219879725e+000 1.889484772e+000 
1.358128330e+000 1.964743518e+000 
1.666758005e+000 2.000000000e+000 
1.350867715e+000 1.960337937e+000 
1.661250642e+000 1.999867363e+000 
1.264079715e+000 1.919411305e+000 
1.370393597e+000 1.967499082e+000 
1.214239955e+000 1.884858120e+000 
1.258751295e+000 1.917846761e+000 
1.243322222e+000 1.908006780e+000 
1.658467912e+000 1.999788148e+000 
1.248433177e+000 1.909584244e+000 
1.252992614e+000 1.913532775e+000 
1.256430306e+000 1.916220461e+000 
1.203151233e+000 1.876116269e+000 
1.653806167e+000 1.999602594e+000 
1.339257255e+000 1.957719281e+000 
1.246216786e+000 1.908967980e+000 
1.177770234e+000 1.850930389e+000 
1.263339616e+000 1.919176524e+000 
1.182826529e+000 1.856095295e+000 
1.171750182e+000 1.847232749e+000 
1.174820538e+000 1.850128924e+000 
1.168109076e+000 1.843848781e+000 
1.175549172e+000 1.850314954e+000 
1.170005885e+000 1.846379248e+000 
1.165221034e+000 1.840002627e+000 
1.294755121e+000 1.938244592e+000 
1.201554392e+000 1.875258825e+000 
1.266908365e+000 1.920854349e+000 
1.640233387e+000 1.999096979e+000 
1.216029866e+000 1.886012728e+000 
1.212842668e+000 1.884180285e+000 
1.374260401e+000 1.968179522e+000 
1.178111697e+000 1.851432884e+000 
1.230299026e+000 1.897337799e+000 
1.231660734e+000 1.898452384e+000 
1.212065374e+000 1.883115095e+000 
1.226107563e+000 1.893176133e+000 
1.223209142e+000 1.891495148e+000 
1.210046874e+000 1.881815253e+000 
1.228716433e+000 1.895560896e+000 
1.229958390e+000 1.896479043e+000 
1.233556996e+000 1.898969948e+000 
1.230825073e+000 1.897935624e+000 
1.337676888e+000 1.956004525e+000 
1.197956361e+000 1.871893886e+000 
1.185919509e+000 1.860340852e+000 
1.178283466e+000 1.854659127e+000 
1.195248785e+000 1.870750719e+000 
1.190819203e+000 1.865885746e+000 
1.187504737e+000 1.863375820e+000 
1.186485451e+000 1.861623581e+000 
1.192388680e+000 1.869315103e+000 
1.187275575e+000 1.863204519e+000 
1.200977311e+000 1.874666093e+000 
1.203309252e+000 1.877353885e+000 
1.245667624e+000 1.908353929e+000 
1.196797842e+000 1.871618704e+000 
1.178275509e+000 1.852467565e+000 
1.180692415e+000 1.855116973e+000 
1.648201566e+000 1.999560532e+000 
1.177493628e+000 1.850374491e+000 
1.641487136e+000 1.999353474e+000 
1.280445956e+000 1.930568236e+000 
1.241137236e+000 1.903742491e+000 
1.276653418e+000 1.929097565e+000 
1.273063694e+000 1.926117790e+000 
1.184106421e+000 1.858303554e+000 
1.249993304e+000 1.911624997e+000 
1.255329470e+000 1.914777726e+000 
1.639229132e+000 1.998973088e+000 
1.283566125e+000 1.932157271e+000 
1.449166983e+000 1.984522837e+000 
1.262445432e+000 1.918466504e+000 
1.478503893e+000 1.989627737e+000 
1.275458531e+000 1.926329690e+000 
1.267048523e+000 1.921412299e+000 
1.271205181e+000 1.924538561e+000 
1.595710394e+000 1.998225036e+000 
1.630009234e+000 1.998808981e+000 
1.630245196e+000 1.998834046e+000 
1.473974974e+000 1.988964750e+000 
1.453226502e+000 1.985920477e+000 
1.451794661e+000 1.985315380e+000 
1.620708649e+000 1.998717765e+000 
1.415005283e+000 1.978712444e+000 
1.559008266e+000 1.996623375e+000 
1.339234248e+000 1.957230975e+000 
1.580195204e+000 1.998065474e+000 
1.611688570e+000 1.998544286e+000 
1.383225352e+000 1.971223761e+000 
1.557033539e+000 1.996559063e+000 
1.346075062e+000 1.960129768e+000 
1.376944728e+000 1.969299256e+000 
1.341129640e+000 1.957962615e+000 
1.532739121e+000 1.995473342e+000 
1.502888415e+000 1.992581213e+000 
1.576734588e+000 1.998005495e+000 
1.490784224e+000 1.991482574e+000 
1.337701212e+000 1.956872908e+000 
1.350983063e+000 1.961439286e+000 
1.438034280e+000 1.983777553e+000 
1.414140072e+000 1.977797194e+000 
1.620853685e+000 1.998747804e+000 
1.443747525e+000 1.984263927e+000 
1.478873260e+000 1.989734625e+000 
1.607744212e+000 1.998425724e+000 
1.541407503e+000 1.995880937e+000 
1.341812239e+000 1.958565364e+000 
1.366949478e+000 1.965802151e+000 
1.572521890e+000 1.997690942e+000 
1.485345250e+000 1.990009277e+000 
1.562963024e+000 1.996788275e+000 
1.328093341e+000 1.952940792e+000 
1.323249024e+000 1.952087709e+000 
1.487085220e+000 1.991072975e+000 
1.374384744e+000 1.968281601e+000 
1.317778299e+000 1.949739414e+000 
1.331393295e+000 1.954363076e+000 
1.506232454e+000 1.992943493e+000 
1.333705524e+000 1.955102361e+000 
1.570012010e+000 1.997242136e+000 
1.470089850e+000 1.988424733e+000 
1.313297087e+000 1.947068566e+000 
1.465110210e+000 1.987554690e+000 
1.570227384e+000 1.997280673e+000 
1.326267484e+000 1.952805145e+000 
1.390676871e+000 1.972701575e+000 
1.565480006e+000 1.996960468e+000 
1.466630766e+000 1.987670209e+000 
1.385483710e+000 1.971729296e+000 
1.389156315e+000 1.972582859e+000 
1.548142228e+000 1.996130153e+000 
1.458884563e+000 1.986479410e+000 
1.352132129e+000 1.961779443e+000 
1.469335176e+000 1.987767045e+000 
1.392976409e+000 1.973943097e+000 
1.315848728e+000 1.948458030e+000 
1.308891820e+000 1.946223336e+000 
1.521279385e+000 1.994850208e+000 
1.494174869e+000 1.991981373e+000 
1.537321235e+000 1.995647979e+000 
1.549831122e+000 1.996427377e+000 
1.544491324e+000 1.995956535e+000 
1.519781090e+000 1.994160739e+000 
1.286707607e+000 1.934435172e+000 
1.520767085e+000 1.994548099e+000 
1.308860777e+000 1.944849437e+000 
1.516282597e+000 1.993360838e+000 
1.316990267e+000 1.948586823e+000 
1.300096125e+000 1.942029619e+000 
1.295874631e+000 1.939507617e+000 
1.408098221e+000 1.977230462e+000 
1.301804642e+000 1.943036680e+000 
1.296276024e+000 1.939637137e+000 
1.503636221e+000 1.992620591e+000 
1.288487957e+000 1.936700239e+000 
1.303863673e+000 1.943875604e+000 
1.502512368e+000 1.992355953e+000 
1.290819451e+000 1.937238991e+000 
1.289502791e+000 1.936773319e+000 
1.287973532e+000 1.934443992e+000 
1.511702729e+000 1.993331423e+000 
1.364853245e+000 1.965389893e+000 
1.433182020e+000 1.982465709e+000 
1.435951330e+000 1.982549139e+000 
1.417860260e+000 1.979760154e+000 
1.423565728e+000 1.981120670e+000 
1.418372560e+000 1.980057951e+000 
1.429158375e+000 1.981768157e+000 
1.394687185e+000 1.974437628e+000 
1.434908825e+000 1.982483958e+000 
1.429154992e+000 1.981363633e+000 
1.400652161e+000 1.975813815e+000 
1.405273454e+000 1.976286134e+000 
1.405304434e+000 1.976523564e+000 
1.268069196e+000 1.922152591e+000 
1.411778197e+000 1.977553145e+000 
1.471932075e+000 1.988599608e+000 

