1.008753287e+000 1.011986594e+000 
1.010093184e+000 1.013393591e+000 
1.009273380e+000 1.012596761e+000 
1.008934400e+000 1.012047233e+000 
1.009534233e+000 1.012915246e+000 
1.009731569e+000 1.013012175e+000 
1.009272776e+000 1.012588786e+000 
1.010186607e+000 1.013398120e+000 
1.026582074e+000 1.124072703e+000 
1.024004555e+000 1.121198958e+000 
1.024332939e+000 1.121325759e+000 
1.022813168e+000 1.119574390e+000 
1.027527688e+000 1.125379997e+000 
1.026908951e+000 1.124833153e+000 
1.024595770e+000 1.121853073e+000 
1.024940050e+000 1.122391429e+000 
1.025940582e+000 1.123919671e+000 
1.025001643e+000 1.122464065e+000 
1.020269904e+000 1.086753760e+000 
1.021648435e+000 1.088542103e+000 
1.021467882e+000 1.087984335e+000 
1.022620746e+000 1.089538128e+000 
1.019981274e+000 1.085950729e+000 
1.021442483e+000 1.087939152e+000 
1.020981623e+000 1.087699891e+000 
1.022382991e+000 1.089033359e+000 
1.020956224e+000 1.087633298e+000 
1.012067222e+000 1.016142028e+000 
1.011665334e+000 1.015800387e+000 
1.012455787e+000 1.016267974e+000 
1.012458607e+000 1.016277108e+000 
1.012080117e+000 1.016201121e+000 
1.011344332e+000 1.015730387e+000 
1.010306459e+000 1.014860017e+000 
1.010929549e+000 1.015331020e+000 
1.011950033e+000 1.016117340e+000 
1.007910184e+000 1.006854699e+000 
1.008278157e+000 1.007078560e+000 
1.007599168e+000 1.006821933e+000 
1.007283029e+000 1.006538781e+000 
1.008425211e+000 1.007105906e+000 
1.007135975e+000 1.006511435e+000 
1.007746222e+000 1.006849279e+000 
1.007463256e+000 1.006768061e+000 
1.008622668e+000 1.007113740e+000 
1.006548933e+000 1.003338902e+000 
1.006365407e+000 1.003252138e+000 
1.005916449e+000 1.003212544e+000 
1.002778470e+000 1.000988667e+000 
1.002883711e+000 1.000996759e+000 
1.002050408e+000 1.000830012e+000 
1.002715995e+000 1.000947748e+000 
1.001957200e+000 1.000775151e+000 
1.001991645e+000 1.000828185e+000 
1.001964302e+000 1.000826768e+000 
1.002215465e+000 1.000877222e+000 
1.003006908e+000 1.000998511e+000 
1.002743338e+000 1.000949165e+000 
1.029383352e+000 1.130662652e+000 
1.028135681e+000 1.128600329e+000 
1.029158856e+000 1.130406530e+000 
1.028720448e+000 1.130136024e+000 
1.028486628e+000 1.129256370e+000 
1.031247125e+000 1.384404976e+000 
1.029570321e+000 1.380369053e+000 
1.030645707e+000 1.383624313e+000 
1.031221158e+000 1.384098791e+000 
1.030889132e+000 1.383829189e+000 
1.030104478e+000 1.382745984e+000 
1.029797901e+000 1.381359652e+000 
1.000554359e+000 1.000046856e+000 
1.001615235e+000 1.000066424e+000 
1.001437070e+000 1.000060959e+000 
1.001830122e+000 1.000067305e+000 
1.001161299e+000 1.000059030e+000 
1.000546979e+000 1.000046225e+000 
1.001271179e+000 1.000059762e+000 
1.000308192e+000 1.000040019e+000 
1.001197058e+000 1.000059752e+000 
1.001286238e+000 1.000060844e+000 
1.001341215e+000 1.000060855e+000 
1.001189678e+000 1.000059120e+000 
1.001511714e+000 1.000065934e+000 
1.000141587e+000 1.000034435e+000 
1.001648764e+000 1.000066684e+000 
1.000196565e+000 1.000039320e+000 
1.000698516e+000 1.000047959e+000 
1.001722885e+000 1.000067180e+000 
1.000518600e+000 1.000046134e+000 
1.001578727e+000 1.000066077e+000 
1.000463622e+000 1.000041249e+000 
1.001667907e+000 1.000067169e+000 
1.000869015e+000 1.000053039e+000 
9.999999998e-001 1.000028268e+000 
1.001444335e+000 1.000061088e+000 
1.000643539e+000 1.000047949e+000 
1.001080186e+000 1.000054284e+000 
1.000321503e+000 1.000041134e+000 
1.001019180e+000 1.000054040e+000 
1.000190733e+000 1.000035080e+000 
1.001025208e+000 1.000054274e+000 
1.001117644e+000 1.000054773e+000 
1.000936028e+000 1.000053181e+000 
1.000376481e+000 1.000041145e+000 
1.001484493e+000 1.000061465e+000 
1.001866162e+000 1.000067790e+000 
1.001920493e+000 1.000068263e+000 
1.000841794e+000 1.000048570e+000 
1.000309274e+000 1.000041030e+000 
1.000964202e+000 1.000054030e+000 
1.000775164e+000 1.000048092e+000 
1.000615268e+000 1.000047355e+000 
1.000057816e+000 1.000032793e+000 
1.000078706e+000 1.000033257e+000 
1.000216107e+000 1.000039900e+000 
1.000473983e+000 1.000045636e+000 
1.012563764e+000 1.020225040e+000 
1.013155550e+000 1.020783047e+000 
1.013758587e+000 1.021457695e+000 
1.014042309e+000 1.021549474e+000 
1.017930874e+000 1.024038742e+000 
1.014910028e+000 1.022067400e+000 
1.018208974e+000 1.024321201e+000 
1.015283427e+000 1.022487917e+000 
1.015758419e+000 1.022874146e+000 
1.014421308e+000 1.021574125e+000 
1.015902792e+000 1.022887732e+000 
1.018391212e+000 1.024331201e+000 
1.016943567e+000 1.023488178e+000 
1.016130731e+000 1.023005247e+000 
1.017770472e+000 1.023934973e+000 
1.017842805e+000 1.023965785e+000 
1.015655738e+000 1.022619018e+000 
1.015901101e+000 1.022875712e+000 
1.014867040e+000 1.022025454e+000 
1.017086248e+000 1.023489744e+000 
1.016571255e+000 1.023357077e+000 
1.014875560e+000 1.022033002e+000 
1.017547335e+000 1.023846262e+000 
1.012722155e+000 1.020242833e+000 
1.014096430e+000 1.021554398e+000 
1.013402472e+000 1.021071466e+000 
1.013642178e+000 1.021095521e+000 
1.034817819e+000 1.889165681e+000 
1.032392774e+000 1.886013647e+000 
1.062112224e+000 1.913332294e+000 
1.087671122e+000 1.929766147e+000 
1.086117897e+000 1.928937253e+000 
1.150010055e+000 1.953397973e+000 
1.179476980e+000 1.960418264e+000 
1.179754958e+000 1.960521951e+000 
1.177112134e+000 1.960184209e+000 
1.179973294e+000 1.960622314e+000 
1.033021607e+000 1.887071479e+000 
1.032309579e+000 1.885975662e+000 
1.146737460e+000 1.952483595e+000 
1.151107649e+000 1.954034899e+000 
1.036511853e+000 1.891706323e+000 
1.048706316e+000 1.903858917e+000 
1.062099453e+000 1.913163232e+000 
1.072992245e+000 1.920662132e+000 
1.071065081e+000 1.919413211e+000 
1.082708196e+000 1.926751825e+000 
1.116450199e+000 1.940743407e+000 
1.102949905e+000 1.936175548e+000 
1.147042230e+000 1.952786515e+000 
1.031813744e+000 1.885291564e+000 
1.132149030e+000 1.946374847e+000 
1.135289936e+000 1.947439196e+000 
1.035290516e+000 1.889933071e+000 
1.109722003e+000 1.938964206e+000 
1.049465870e+000 1.904354895e+000 
1.113371073e+000 1.940391304e+000 
1.158355590e+000 1.956301707e+000 
1.118757512e+000 1.942348038e+000 
1.143234132e+000 1.950643332e+000 
1.128250980e+000 1.944856774e+000 
1.120949849e+000 1.942933898e+000 
1.144269717e+000 1.951623640e+000 
1.111526619e+000 1.939559900e+000 
1.145707474e+000 1.951776136e+000 
1.146622356e+000 1.952145636e+000 
1.141451458e+000 1.950329716e+000 
1.110195483e+000 1.939046792e+000 
1.052370397e+000 1.906775790e+000 
1.101942228e+000 1.935974322e+000 
1.045553976e+000 1.901026078e+000 
1.056492110e+000 1.909680006e+000 
1.035815075e+000 1.890553617e+000 
1.036693834e+000 1.891885663e+000 
1.038834234e+000 1.894247990e+000 
1.060309563e+000 1.912240576e+000 
1.147796153e+000 1.952900919e+000 
1.037621232e+000 1.892953274e+000 
1.034812252e+000 1.889075527e+000 
1.116979729e+000 1.941324482e+000 
1.036169575e+000 1.891226639e+000 
1.081667369e+000 1.926308130e+000 
1.153151263e+000 1.954942793e+000 
1.155165879e+000 1.955527146e+000 
1.082955880e+000 1.927162188e+000 
1.032875270e+000 1.886823758e+000 
1.043955224e+000 1.899511221e+000 
1.048594854e+000 1.903716318e+000 
1.033629770e+000 1.887771730e+000 
1.099959415e+000 1.934943884e+000 
1.042139837e+000 1.897828034e+000 
1.052624577e+000 1.907025074e+000 
1.049169600e+000 1.904174271e+000 
1.061028235e+000 1.912748429e+000 
1.070681199e+000 1.919402545e+000 
1.062582396e+000 1.913964315e+000 
1.079587533e+000 1.925038753e+000 
1.081146479e+000 1.926079216e+000 
1.085679341e+000 1.928252359e+000 
1.129802694e+000 1.945174858e+000 
1.034157668e+000 1.888527017e+000 
1.037600495e+000 1.892715116e+000 
1.072138830e+000 1.920242974e+000 
1.034849682e+000 1.889282880e+000 
1.073224852e+000 1.920984015e+000 
1.082778563e+000 1.926803383e+000 
1.149550576e+000 1.953161290e+000 
1.087618156e+000 1.929288183e+000 
1.105925250e+000 1.937593460e+000 
1.104080796e+000 1.936761415e+000 
1.051709810e+000 1.906277639e+000 
1.076304133e+000 1.923014420e+000 
1.083864120e+000 1.927751020e+000 
1.047705108e+000 1.902973881e+000 
1.092518911e+000 1.931384763e+000 
1.093330441e+000 1.931800963e+000 
1.075865902e+000 1.922465944e+000 
1.078201733e+000 1.924197510e+000 
1.150856235e+000 1.953984910e+000 
1.047170059e+000 1.902499863e+000 
1.077763760e+000 1.923877110e+000 
1.078537499e+000 1.924371119e+000 
1.113992236e+000 1.940419502e+000 
1.050422507e+000 1.905168514e+000 
1.041927314e+000 1.897691309e+000 
1.038312522e+000 1.893811415e+000 
1.037152495e+000 1.892396284e+000 
1.040159456e+000 1.895775285e+000 
1.071839052e+000 1.920144549e+000 
1.176206070e+000 1.959954115e+000 
1.060069452e+000 1.912027500e+000 
1.039637744e+000 1.895338555e+000 
1.041604920e+000 1.897190490e+000 
1.046494952e+000 1.901870465e+000 
1.084832299e+000 1.928103104e+000 
1.048388033e+000 1.903554071e+000 
1.129912544e+000 1.945363539e+000 
1.045188798e+000 1.900720244e+000 
1.037788263e+000 1.893150565e+000 
1.036628236e+000 1.891735413e+000 
1.097798453e+000 1.933992910e+000 
1.053596843e+000 1.907627574e+000 
1.065175460e+000 1.915685318e+000 
1.040624550e+000 1.896315741e+000 
1.095174895e+000 1.932630480e+000 
1.177910868e+000 1.960302560e+000 
1.045072875e+000 1.900614531e+000 
1.043380895e+000 1.898940995e+000 
1.069066692e+000 1.918272410e+000 
1.154921654e+000 1.955237997e+000 
1.040901564e+000 1.896520772e+000 
1.040379852e+000 1.896084043e+000 
1.058621562e+000 1.911063671e+000 
1.165531188e+000 1.957472759e+000 
1.158742451e+000 1.956329984e+000 
1.123431921e+000 1.943219836e+000 
1.073602315e+000 1.921140882e+000 
1.167393314e+000 1.958231988e+000 
1.100203640e+000 1.935233340e+000 
1.073813766e+000 1.921255208e+000 
1.071620519e+000 1.919991233e+000 
1.092838914e+000 1.931414144e+000 
1.102789699e+000 1.936007994e+000 
1.164770231e+000 1.957282260e+000 
1.064683793e+000 1.915444020e+000 
1.152514221e+000 1.954428338e+000 
1.138186017e+000 1.948499534e+000 
1.056239322e+000 1.909499889e+000 
1.148614173e+000 1.953138851e+000 
1.175459900e+000 1.959497561e+000 
1.052509861e+000 1.906905843e+000 
1.043568295e+000 1.899288863e+000 
1.077164192e+000 1.923306288e+000 
1.063624277e+000 1.914646803e+000 
1.102990957e+000 1.936186545e+000 
1.128570099e+000 1.944937120e+000 
1.054082332e+000 1.908016935e+000 
1.044825734e+000 1.900383259e+000 
1.090065749e+000 1.930138090e+000 
1.054477945e+000 1.908309709e+000 
1.093792310e+000 1.932026172e+000 
1.134746341e+000 1.947257983e+000 
1.091339148e+000 1.930779499e+000 
1.092066406e+000 1.931085300e+000 
1.094469390e+000 1.932185860e+000 
1.093666937e+000 1.932024483e+000 
1.091941033e+000 1.931083611e+000 
1.057356865e+000 1.910346455e+000 
1.150499062e+000 1.953962003e+000 
1.146794954e+000 1.952486634e+000 
1.062922417e+000 1.914253840e+000 
1.180652522e+000 1.960670061e+000 
1.150254836e+000 1.953674289e+000 
1.062738015e+000 1.914092461e+000 
1.133720802e+000 1.946968184e+000 
1.123199760e+000 1.942944063e+000 
1.064614671e+000 1.915278439e+000 
1.136798259e+000 1.948096496e+000 
1.140855590e+000 1.949327141e+000 
1.060026474e+000 1.912015680e+000 
1.058482167e+000 1.910986348e+000 
1.061355928e+000 1.913136335e+000 
1.125293467e+000 1.943762459e+000 
1.123985866e+000 1.943223427e+000 
1.181070348e+000 1.960791867e+000 
1.139269604e+000 1.948943948e+000 
1.172968029e+000 1.959139298e+000 
1.182415918e+000 1.960947769e+000 
1.187177095e+000 1.962413711e+000 
1.169850073e+000 1.958520623e+000 
1.192706612e+000 1.962576896e+000 
1.182467978e+000 1.961030696e+000 
1.184331593e+000 1.961635787e+000 
1.195691038e+000 1.963151631e+000 
1.019304649e+000 1.029122223e+000 
1.019592698e+000 1.030430413e+000 
1.019949656e+000 1.030666490e+000 
1.004856813e+000 1.003045879e+000 
1.004723040e+000 1.003032067e+000 
1.006614128e+000 1.003398992e+000 
1.003622163e+000 1.002662930e+000 
1.005070228e+000 1.003136005e+000 
1.006891825e+000 1.003414756e+000 
1.006656649e+000 1.003402638e+000 
1.003536442e+000 1.002662410e+000 
1.003110748e+000 1.002535841e+000 
1.003764642e+000 1.002789500e+000 
1.004465760e+000 1.003021134e+000 
1.004415116e+000 1.002922978e+000 
1.004124867e+000 1.002908400e+000 
1.004167388e+000 1.002912045e+000 
1.005500816e+000 1.003164930e+000 
1.006596580e+000 1.003385499e+000 
1.004432792e+000 1.003017489e+000 
1.004796744e+000 1.003036440e+000 
1.003970392e+000 1.002890919e+000 
1.003068228e+000 1.002532195e+000 
1.003722122e+000 1.002785855e+000 
1.005256333e+000 1.003144058e+000 
1.006771081e+000 1.003405918e+000 
1.003332637e+000 1.002659285e+000 
1.003622885e+000 1.002673863e+000 
1.003714138e+000 1.002684030e+000 
1.006549919e+000 1.003368655e+000 
1.349011694e+000 1.992188604e+000 
1.347679962e+000 1.991877645e+000 
1.358128600e+000 1.992982269e+000 
1.357638458e+000 1.992821566e+000 
1.362417560e+000 1.992988195e+000 
1.364922432e+000 1.993264381e+000 
1.249640771e+000 1.978143847e+000 
1.569048986e+000 1.999771184e+000 
1.385107443e+000 1.994787588e+000 
1.247228904e+000 1.977641004e+000 
1.247695543e+000 1.977701577e+000 
1.207505613e+000 1.967057471e+000 
1.584527523e+000 1.999862628e+000 
1.206857036e+000 1.966719325e+000 
1.212868704e+000 1.968415758e+000 
1.249297307e+000 1.977993463e+000 
1.264137122e+000 1.980889170e+000 
1.215768561e+000 1.969324805e+000 
1.211385297e+000 1.968160721e+000 
1.216836516e+000 1.969509073e+000 
1.258778066e+000 1.979275903e+000 
1.584612597e+000 1.999870744e+000 
1.616745180e+000 1.999990642e+000 
1.529457290e+000 1.999528995e+000 
1.397081282e+000 1.995556352e+000 
1.582396154e+000 1.999843729e+000 
1.241818809e+000 1.976220640e+000 
1.524979899e+000 1.999512546e+000 
1.256851756e+000 1.979147952e+000 
1.203971044e+000 1.965442624e+000 
1.250711303e+000 1.978159781e+000 
1.617827221e+000 2.000000000e+000 
1.583319799e+000 1.999845710e+000 
1.524092783e+000 1.999472596e+000 
1.250469523e+000 1.978151565e+000 
1.204006970e+000 1.965599867e+000 
1.530332734e+000 1.999535439e+000 
1.555086127e+000 1.999688812e+000 
1.552822360e+000 1.999636306e+000 
1.260298523e+000 1.980075566e+000 
1.581011657e+000 1.999810917e+000 
1.261401903e+000 1.980618327e+000 
1.251720569e+000 1.978623181e+000 
1.253662237e+000 1.978700129e+000 
1.259409459e+000 1.979991921e+000 
1.348754575e+000 1.991973906e+000 
1.237192050e+000 1.974808882e+000 
1.531334886e+000 1.999567900e+000 
1.554770571e+000 1.999686915e+000 
1.554723977e+000 1.999679609e+000 
1.559189049e+000 1.999718550e+000 
1.236085695e+000 1.974587103e+000 
1.261990920e+000 1.980655085e+000 
1.535958329e+000 1.999604507e+000 
1.238560055e+000 1.975186225e+000 
1.237107841e+000 1.974665683e+000 
1.264593910e+000 1.981149081e+000 
1.511480256e+000 1.999449679e+000 
1.555925778e+000 1.999715604e+000 
1.319241813e+000 1.988572198e+000 
1.260017574e+000 1.980057665e+000 
1.315419191e+000 1.988372118e+000 
1.530411241e+000 1.999564726e+000 
1.240401983e+000 1.975702905e+000 
1.243232363e+000 1.976382341e+000 
1.376490729e+000 1.994430231e+000 
1.259059926e+000 1.979774964e+000 
1.244282290e+000 1.977133058e+000 
1.276939290e+000 1.983221281e+000 
1.277852369e+000 1.983427543e+000 
1.386245393e+000 1.994979521e+000 
1.379140385e+000 1.994655403e+000 
1.237532995e+000 1.974840554e+000 
1.237867432e+000 1.974900900e+000 
1.206791633e+000 1.966539548e+000 
1.210415340e+000 1.967626106e+000 
1.209830503e+000 1.967375321e+000 
1.280880570e+000 1.983848792e+000 
1.243383454e+000 1.976714044e+000 
1.206461957e+000 1.966447237e+000 
1.246985084e+000 1.977520859e+000 
1.239528864e+000 1.975432016e+000 
1.209870841e+000 1.967527870e+000 
1.246434805e+000 1.977418356e+000 
1.195505136e+000 1.962980362e+000 
1.252522539e+000 1.978630841e+000 
1.321674789e+000 1.989340337e+000 
1.232090857e+000 1.973460983e+000 
1.319709578e+000 1.988982265e+000 
1.226617559e+000 1.972582336e+000 
1.223227280e+000 1.971680264e+000 
1.321120435e+000 1.989231971e+000 
1.247795372e+000 1.977979537e+000 
1.233924859e+000 1.974429944e+000 
1.221285965e+000 1.971118642e+000 
1.265365970e+000 1.981301581e+000 
1.260700248e+000 1.980295640e+000 
1.575078274e+000 1.999787585e+000 
1.222975446e+000 1.971350269e+000 
1.226867990e+000 1.972883175e+000 
1.311312188e+000 1.988053429e+000 
1.362868314e+000 1.993232804e+000 
1.280150606e+000 1.983788741e+000 
1.279677642e+000 1.983712625e+000 
1.313740090e+000 1.988349032e+000 
1.262436914e+000 1.980787696e+000 
1.610349068e+000 1.999980745e+000 
1.212528123e+000 1.968238341e+000 
1.306114892e+000 1.987592030e+000 
1.609053087e+000 1.999951535e+000 
1.265510133e+000 1.981453477e+000 
1.215117075e+000 1.968952198e+000 
1.376038160e+000 1.994221583e+000 
1.204704735e+000 1.965708443e+000 
1.274460418e+000 1.982890055e+000 
1.301968923e+000 1.987006362e+000 
1.299897949e+000 1.986691245e+000 
1.305750935e+000 1.987527226e+000 
1.276033811e+000 1.983143370e+000 
1.216630014e+000 1.969422528e+000 
1.277082161e+000 1.983367528e+000 
1.270310762e+000 1.982125410e+000 
1.272504943e+000 1.982468036e+000 
1.224669954e+000 1.972162870e+000 
1.209202754e+000 1.967307564e+000 
1.280948852e+000 1.983902390e+000 
1.303212685e+000 1.987132286e+000 
1.304912636e+000 1.987354443e+000 
1.296234539e+000 1.986053637e+000 
1.299373442e+000 1.986663349e+000 
1.220211802e+000 1.970737961e+000 
1.290915791e+000 1.985446353e+000 
1.229778022e+000 1.973307013e+000 
1.601507573e+000 1.999896497e+000 
1.232273359e+000 1.973833202e+000 
1.218150812e+000 1.970034006e+000 
1.605463643e+000 1.999951281e+000 
1.271969562e+000 1.982157396e+000 
1.338440435e+000 1.990988863e+000 
1.274037414e+000 1.982733090e+000 
1.219224975e+000 1.970414687e+000 
1.342710761e+000 1.991404959e+000 
1.339101697e+000 1.991253535e+000 
1.335659592e+000 1.990834204e+000 
1.198464748e+000 1.963609847e+000 
1.333117007e+000 1.990581410e+000 
1.229695623e+000 1.973296717e+000 
1.263295597e+000 1.980788689e+000 
1.372825571e+000 1.994119145e+000 
1.366027311e+000 1.993552817e+000 
1.309811395e+000 1.987864890e+000 
1.290010425e+000 1.985216025e+000 
1.290550326e+000 1.985392806e+000 
1.292231446e+000 1.985493197e+000 
1.294375489e+000 1.985646760e+000 
1.271980991e+000 1.982251678e+000 
1.307512048e+000 1.987772280e+000 
1.366250766e+000 1.993640008e+000 
1.336608079e+000 1.990897984e+000 
1.282612731e+000 1.984132978e+000 
1.196918147e+000 1.963383900e+000 
1.205329040e+000 1.966065302e+000 
1.201586801e+000 1.965209517e+000 
1.201054271e+000 1.964970363e+000 
1.571355502e+000 1.999774271e+000 
1.198644699e+000 1.964026950e+000 
1.241774060e+000 1.975858647e+000 
1.378247565e+000 1.994531428e+000 
1.369840170e+000 1.993937570e+000 
1.199439197e+000 1.964104421e+000 
1.337700288e+000 1.990971273e+000 
1.200960677e+000 1.964647333e+000 
1.200674600e+000 1.964412971e+000 
1.334300133e+000 1.990812880e+000 
1.327714766e+000 1.989908579e+000 
1.373119355e+000 1.994138872e+000 
1.328003862e+000 1.990270479e+000 
1.368493584e+000 1.993848975e+000 
1.217143068e+000 1.969740413e+000 
1.224399850e+000 1.971747412e+000 
1.352243257e+000 1.992393508e+000 
1.325059988e+000 1.989667399e+000 
1.356246551e+000 1.992700716e+000 
1.386624906e+000 1.995028398e+000 
1.387117202e+000 1.995160570e+000 
1.414640800e+000 1.996749690e+000 
1.392385069e+000 1.995484090e+000 
1.391625069e+000 1.995412488e+000 
1.390402132e+000 1.995361214e+000 
1.355873967e+000 1.992518661e+000 
1.326915969e+000 1.989882204e+000 
1.324850406e+000 1.989511548e+000 
1.541187928e+000 1.999631012e+000 
1.508748117e+000 1.999382697e+000 
1.388254026e+000 1.995215064e+000 
1.439968378e+000 1.998242278e+000 
1.426222628e+000 1.997515873e+000 
1.424406018e+000 1.997479347e+000 
1.436836869e+000 1.997929538e+000 
1.422807901e+000 1.997205542e+000 
1.419631621e+000 1.997153736e+000 
1.494902012e+000 1.999334475e+000 
1.498273298e+000 1.999336950e+000 
1.397934131e+000 1.995890192e+000 
1.419742310e+000 1.997181273e+000 
1.448117053e+000 1.998451828e+000 
1.439202327e+000 1.998094256e+000 
1.441804641e+000 1.998307404e+000 
1.437202995e+000 1.998017986e+000 
1.483474344e+000 1.999267178e+000 
1.436493463e+000 1.997872397e+000 
1.418401192e+000 1.997014599e+000 
1.411798173e+000 1.996721041e+000 
1.399523586e+000 1.995995833e+000 
1.486845631e+000 1.999269668e+000 
1.411027330e+000 1.996715200e+000 
1.439936382e+000 1.998096239e+000 
1.402939050e+000 1.996241584e+000 
1.406022025e+000 1.996406564e+000 
1.480848347e+000 1.999173071e+000 
1.459460413e+000 1.998617238e+000 
1.476627505e+000 1.999121260e+000 
1.456739251e+000 1.998523958e+000 
1.452944838e+000 1.998466393e+000 
1.456094908e+000 1.998512334e+000 
1.464830439e+000 1.998823409e+000 
1.469641537e+000 1.998972794e+000 
1.470412380e+000 1.998978835e+000 
1.471087595e+000 1.999025250e+000 
1.471593420e+000 1.999030654e+000 
1.471666714e+000 1.999095652e+000 

