1.017016112e+000 1.192274532e+000 
1.017330474e+000 1.192919218e+000 
1.016066694e+000 1.185467001e+000 
1.017857809e+000 1.194488588e+000 
1.017015678e+000 1.192057971e+000 
1.016946873e+000 1.192056411e+000 
1.018234502e+000 1.195346281e+000 
1.016007032e+000 1.185245788e+000 
1.012529068e+000 1.104629455e+000 
1.011202156e+000 1.100952628e+000 
1.010668020e+000 1.099885011e+000 
1.010432710e+000 1.099099708e+000 
1.012358170e+000 1.103921782e+000 
1.014096203e+000 1.107535497e+000 
1.013102348e+000 1.105855125e+000 
1.010871205e+000 1.100576612e+000 
1.013765253e+000 1.107159482e+000 
1.011466721e+000 1.101052370e+000 
1.010162459e+000 1.096286950e+000 
1.011765449e+000 1.102577762e+000 
1.000631475e+000 1.000464169e+000 
1.000499750e+000 1.000418241e+000 
1.000438133e+000 1.000376737e+000 
1.000345419e+000 1.000372004e+000 
1.000215696e+000 1.000326749e+000 
1.000226503e+000 1.000327286e+000 
1.000490661e+000 1.000410683e+000 
1.000100702e+000 1.000274094e+000 
1.000200123e+000 1.000323049e+000 
1.000334612e+000 1.000371467e+000 
1.000317070e+000 1.000327983e+000 
1.000047476e+000 1.000273556e+000 
1.000146898e+000 1.000322512e+000 
1.000146735e+000 1.000276474e+000 
1.000023595e+000 1.000178866e+000 
1.000459773e+000 1.000407202e+000 
1.000442576e+000 1.000402965e+000 
1.018801332e+000 1.403143166e+000 
1.021507365e+000 1.415397020e+000 
1.018589171e+000 1.402551041e+000 
1.022577846e+000 1.419137417e+000 
1.019934630e+000 1.409153752e+000 
1.020197090e+000 1.411203265e+000 
1.020792923e+000 1.412790755e+000 
1.018495813e+000 1.401789571e+000 
1.021060359e+000 1.412980293e+000 
1.018994435e+000 1.404014520e+000 
1.023648420e+000 1.422998102e+000 
1.023645352e+000 1.422829994e+000 
1.001232995e+000 1.003793841e+000 
1.001558781e+000 1.004023118e+000 
1.001183159e+000 1.003792096e+000 
1.001363182e+000 1.003906203e+000 
1.000648228e+000 1.003419393e+000 
1.000803250e+000 1.003549689e+000 
1.001473348e+000 1.004008543e+000 
1.001343162e+000 1.003896181e+000 
1.000990019e+000 1.003655292e+000 
1.000756090e+000 1.003533005e+000 
1.000678265e+000 1.003431389e+000 
1.001261601e+000 1.003876562e+000 
1.001027672e+000 1.003754275e+000 
1.000898175e+000 1.003634534e+000 
1.001418928e+000 1.003995587e+000 
1.001355763e+000 1.003903271e+000 
1.001245596e+000 1.003800931e+000 
1.001851184e+000 1.008317007e+000 
1.001575182e+000 1.007791427e+000 
1.001868609e+000 1.008329596e+000 
1.001714361e+000 1.008061358e+000 
1.001640113e+000 1.007994855e+000 
1.001696936e+000 1.008048769e+000 
1.001776936e+000 1.008250504e+000 
1.009734441e+000 1.094107073e+000 
1.009992658e+000 1.095507271e+000 
1.009258274e+000 1.091891251e+000 
1.008452238e+000 1.087915779e+000 
1.008813388e+000 1.089699011e+000 
1.009421636e+000 1.093381766e+000 
1.008958805e+000 1.090584965e+000 
1.010254761e+000 1.096538051e+000 
1.006440031e+000 1.049646614e+000 
1.006674255e+000 1.050281707e+000 
1.006017540e+000 1.048635780e+000 
1.006289513e+000 1.049409195e+000 
1.006434771e+000 1.049632038e+000 
1.002320244e+000 1.010785326e+000 
1.002402389e+000 1.010790776e+000 
1.002884952e+000 1.011306614e+000 
1.003006679e+000 1.011317729e+000 
1.002162751e+000 1.010346435e+000 
1.002107511e+000 1.010326968e+000 
1.002290947e+000 1.010565193e+000 
1.002682546e+000 1.011068924e+000 
1.001890013e+000 1.009791065e+000 
1.001964109e+000 1.010078479e+000 
1.002577519e+000 1.011020787e+000 
1.001908868e+000 1.010059012e+000 
1.002627305e+000 1.011049457e+000 
1.003183428e+000 1.011571755e+000 
1.002802435e+000 1.011279468e+000 
1.002857675e+000 1.011303800e+000 
1.002793271e+000 1.011079114e+000 
1.000000000e+000 1.000000000e+000 
1.006859352e+000 1.050869523e+000 
1.005598716e+000 1.048034045e+000 
1.005341723e+000 1.047011646e+000 
1.006127404e+000 1.049001093e+000 
1.006979189e+000 1.050970372e+000 
1.006588601e+000 1.049947974e+000 
1.003293670e+000 1.021669710e+000 
1.003721101e+000 1.023231793e+000 
1.003542219e+000 1.022739737e+000 
1.003422902e+000 1.022725597e+000 
1.003925501e+000 1.023700248e+000 
1.005004746e+000 1.025254337e+000 
1.003395722e+000 1.022172975e+000 
1.004588920e+000 1.024688633e+000 
1.004231520e+000 1.024145337e+000 
1.004167126e+000 1.023819590e+000 
1.004416839e+000 1.024311785e+000 
1.004645732e+000 1.024794241e+000 
1.003406451e+000 1.022179824e+000 
1.069967802e+000 1.698880941e+000 
1.207171695e+000 1.832233626e+000 
1.024166964e+000 1.595308651e+000 
1.060447836e+000 1.684220696e+000 
1.063417947e+000 1.689071219e+000 
1.180845133e+000 1.816458382e+000 
1.090488220e+000 1.732819663e+000 
1.204625294e+000 1.829993718e+000 
1.025072673e+000 1.598784667e+000 
1.081330021e+000 1.718693644e+000 
1.030776599e+000 1.618057482e+000 
1.200774006e+000 1.828088510e+000 
1.087486847e+000 1.727732423e+000 
1.231837162e+000 1.843892240e+000 
1.096113160e+000 1.739748899e+000 
1.035501987e+000 1.630880772e+000 
1.070931145e+000 1.701837990e+000 
1.066532277e+000 1.694406430e+000 
1.067859790e+000 1.696844140e+000 
1.175103681e+000 1.810749676e+000 
1.181176176e+000 1.816657033e+000 
1.088574073e+000 1.729609303e+000 
1.041813410e+000 1.646291317e+000 
1.092746511e+000 1.735183347e+000 
1.174322998e+000 1.810469680e+000 
1.082149148e+000 1.720037276e+000 
1.156989950e+000 1.799685095e+000 
1.136666997e+000 1.783837082e+000 
1.026384429e+000 1.604482916e+000 
1.055374112e+000 1.674395187e+000 
1.028980797e+000 1.613469125e+000 
1.048269830e+000 1.660788033e+000 
1.086535667e+000 1.726044676e+000 
1.222368273e+000 1.840841154e+000 
1.118444386e+000 1.765232393e+000 
1.025423368e+000 1.600169793e+000 
1.049065222e+000 1.662360114e+000 
1.146694133e+000 1.791710686e+000 
1.202544514e+000 1.829194887e+000 
1.145133175e+000 1.790679851e+000 
1.027041213e+000 1.606213326e+000 
1.241954392e+000 1.847759450e+000 
1.039967008e+000 1.641598769e+000 
1.052952669e+000 1.669333888e+000 
1.040261017e+000 1.642397431e+000 
1.024607152e+000 1.596636298e+000 
1.229899371e+000 1.842126219e+000 
1.053831563e+000 1.671055287e+000 
1.083724318e+000 1.721090503e+000 
1.024057796e+000 1.594191987e+000 
1.083136580e+000 1.721064054e+000 
1.249891752e+000 1.853441807e+000 
1.245927116e+000 1.852240147e+000 
1.029512264e+000 1.614704695e+000 
1.147270911e+000 1.791939407e+000 
1.205820352e+000 1.830595525e+000 
1.053833310e+000 1.671218475e+000 
1.146271674e+000 1.791205773e+000 
1.054181734e+000 1.671728958e+000 
1.088308717e+000 1.728796722e+000 
1.053202350e+000 1.670469749e+000 
1.231277347e+000 1.842352701e+000 
1.053550774e+000 1.670980232e+000 
1.093852410e+000 1.736344997e+000 
1.146403755e+000 1.791372206e+000 
1.030979735e+000 1.618956871e+000 
1.039974094e+000 1.641897768e+000 
1.109992653e+000 1.757516455e+000 
1.113101401e+000 1.760785935e+000 
1.094642414e+000 1.737483766e+000 
1.080445951e+000 1.716293512e+000 
1.030460588e+000 1.617444493e+000 
1.073667560e+000 1.706185587e+000 
1.099101813e+000 1.743459340e+000 
1.050748720e+000 1.665648562e+000 
1.062932689e+000 1.688883454e+000 
1.080498973e+000 1.716976017e+000 
1.039439128e+000 1.640515878e+000 
1.038938802e+000 1.639047739e+000 
1.071621654e+000 1.702442200e+000 
1.083987295e+000 1.721601847e+000 
1.036415733e+000 1.633046884e+000 
1.100842885e+000 1.744998823e+000 
1.074222865e+000 1.707543795e+000 
1.103807743e+000 1.749231981e+000 
1.124038359e+000 1.771602192e+000 
1.074067211e+000 1.707201961e+000 
1.072403101e+000 1.704382238e+000 
1.115517612e+000 1.763290481e+000 
1.084482312e+000 1.722738968e+000 
1.027881498e+000 1.609847094e+000 
1.097104068e+000 1.741590735e+000 
1.027433339e+000 1.608105726e+000 
1.072801819e+000 1.705390576e+000 
1.044956361e+000 1.653817135e+000 
1.044709293e+000 1.652832880e+000 
1.034139166e+000 1.626511670e+000 
1.145571648e+000 1.790941230e+000 
1.166659901e+000 1.806374064e+000 
1.041161385e+000 1.644471756e+000 
1.045132764e+000 1.654099880e+000 
1.060195977e+000 1.683492857e+000 
1.084850796e+000 1.723858294e+000 
1.082640474e+000 1.720048904e+000 
1.116941610e+000 1.765147848e+000 
1.168355164e+000 1.807634538e+000 
1.244871501e+000 1.851335534e+000 
1.119302955e+000 1.766905712e+000 
1.206495676e+000 1.830637035e+000 
1.238033036e+000 1.845587794e+000 
1.055003378e+000 1.673535075e+000 
1.033233444e+000 1.624452424e+000 
1.032591643e+000 1.622840254e+000 
1.054975752e+000 1.673263609e+000 
1.214848126e+000 1.836412696e+000 
1.124518895e+000 1.772990799e+000 
1.118726754e+000 1.766023072e+000 
1.138842015e+000 1.785640318e+000 
1.054770454e+000 1.673126554e+000 
1.118512951e+000 1.765766943e+000 
1.046050201e+000 1.656561736e+000 
1.046507738e+000 1.657052972e+000 
1.105062281e+000 1.750503240e+000 
1.140418720e+000 1.786636294e+000 
1.043012181e+000 1.648872591e+000 
1.215841487e+000 1.836693616e+000 
1.119972470e+000 1.767584066e+000 
1.132273782e+000 1.780236539e+000 
1.151286014e+000 1.795594852e+000 
1.108719131e+000 1.755937839e+000 
1.249704221e+000 1.852259900e+000 
1.142712241e+000 1.788987606e+000 
1.147588502e+000 1.792825894e+000 
1.062769217e+000 1.688214292e+000 
1.103806304e+000 1.748891100e+000 
1.137332227e+000 1.784622502e+000 
1.232661770e+000 1.844502585e+000 
1.032227683e+000 1.622210001e+000 
1.126705186e+000 1.774820654e+000 
1.105714607e+000 1.751758642e+000 
1.148428693e+000 1.793650124e+000 
1.199097043e+000 1.827628224e+000 
1.127375855e+000 1.776016035e+000 
1.079783869e+000 1.714810917e+000 
1.114165906e+000 1.762115457e+000 
1.051707098e+000 1.667263216e+000 
1.052236581e+000 1.668119893e+000 
1.078379443e+000 1.712649980e+000 
1.061716312e+000 1.686278986e+000 
1.127332341e+000 1.775128364e+000 
1.136372873e+000 1.783117080e+000 
1.172054643e+000 1.809895171e+000 
1.055818427e+000 1.674969457e+000 
1.113226410e+000 1.760927310e+000 
1.170318637e+000 1.808791009e+000 
1.111070485e+000 1.758539958e+000 
1.115093954e+000 1.762806641e+000 
1.155030597e+000 1.798718850e+000 
1.193460444e+000 1.824015276e+000 
1.170762655e+000 1.809195842e+000 
1.181937552e+000 1.817399278e+000 
1.191584218e+000 1.823011736e+000 
1.185222983e+000 1.820171232e+000 
1.178321786e+000 1.814473393e+000 
1.055889093e+000 1.675051152e+000 
1.162976971e+000 1.803407514e+000 
1.177035536e+000 1.812991740e+000 
1.158964136e+000 1.801764063e+000 
1.235279402e+000 1.845345362e+000 
1.190437977e+000 1.821192477e+000 
1.180191347e+000 1.815315808e+000 
1.007341149e+000 1.059157397e+000 
1.008179975e+000 1.062196320e+000 
1.008122905e+000 1.062175964e+000 
1.007820522e+000 1.061176970e+000 
1.007284079e+000 1.059137040e+000 
1.007536190e+000 1.060159439e+000 
1.007593259e+000 1.060179795e+000 
1.007999164e+000 1.061181837e+000 
1.007763452e+000 1.061156614e+000 
1.007275075e+000 1.058118290e+000 
1.014803939e+000 1.176355496e+000 
1.015055376e+000 1.178803570e+000 
1.590629016e+000 1.984029269e+000 
1.594775414e+000 1.984628680e+000 
1.594917929e+000 1.985258703e+000 
1.249879869e+000 1.852488024e+000 
1.244585753e+000 1.848463596e+000 
1.248827994e+000 1.852251963e+000 
1.874534356e+000 2.000000000e+000 
1.774300106e+000 1.996369999e+000 
1.251443656e+000 1.853685998e+000 
1.870909237e+000 1.999990683e+000 
1.776041603e+000 1.996867260e+000 
1.782254915e+000 1.997802562e+000 
1.780715353e+000 1.997660090e+000 
1.868027513e+000 1.999925667e+000 
1.773060514e+000 1.996292586e+000 
1.777349498e+000 1.997021455e+000 
1.458914644e+000 1.956369570e+000 
1.455602877e+000 1.955324152e+000 
1.476688592e+000 1.961346004e+000 
1.254174675e+000 1.856491704e+000 
1.251620154e+000 1.854436552e+000 
1.423401534e+000 1.946543525e+000 
1.370337396e+000 1.925436559e+000 
1.364526853e+000 1.923855458e+000 
1.361757077e+000 1.922814565e+000 
1.324310091e+000 1.904002679e+000 
1.845027990e+000 1.998906387e+000 
1.843641025e+000 1.998835017e+000 
1.862994906e+000 1.999720483e+000 
1.847254925e+000 1.999200013e+000 
1.860304339e+000 1.999619467e+000 
1.858808143e+000 1.999435958e+000 
1.855227106e+000 1.999370161e+000 
1.431959429e+000 1.949617952e+000 
1.488891345e+000 1.964519959e+000 
1.486365786e+000 1.964036170e+000 
1.486559601e+000 1.964305983e+000 
1.254388444e+000 1.858001190e+000 
1.255713174e+000 1.859075778e+000 
1.859418994e+000 1.999482234e+000 
1.253435430e+000 1.856369302e+000 
1.260514746e+000 1.861285564e+000 
1.264044186e+000 1.864197282e+000 
1.580386864e+000 1.983152109e+000 
1.818648205e+000 1.998331394e+000 
1.804469152e+000 1.998205767e+000 
1.343130322e+000 1.914093718e+000 
1.244495721e+000 1.848337453e+000 
1.803842172e+000 1.997854310e+000 
1.803505155e+000 1.997803402e+000 
1.273482506e+000 1.870929174e+000 
1.262497778e+000 1.862721736e+000 
1.272244581e+000 1.869888035e+000 
1.258080474e+000 1.860922426e+000 
1.559346589e+000 1.980006178e+000 
1.309257945e+000 1.896008852e+000 
1.305396876e+000 1.894937517e+000 
1.241533680e+000 1.847302282e+000 
1.301625469e+000 1.893241350e+000 
1.298467646e+000 1.890987617e+000 
1.298563164e+000 1.891008978e+000 
1.297144608e+000 1.889363812e+000 
1.292978806e+000 1.887566302e+000 
1.327149475e+000 1.906869077e+000 
1.268450933e+000 1.866513480e+000 
1.268148951e+000 1.866393655e+000 
1.267258989e+000 1.865239155e+000 
1.325027527e+000 1.906332237e+000 
1.314117579e+000 1.898980597e+000 
1.315031226e+000 1.900641107e+000 
1.263101459e+000 1.863538325e+000 
1.270949840e+000 1.868354995e+000 
1.311432367e+000 1.898318508e+000 
1.312131462e+000 1.898460007e+000 
1.290132423e+000 1.883437146e+000 
1.320743822e+000 1.903757588e+000 
1.339854782e+000 1.912713045e+000 
1.287421131e+000 1.883184057e+000 
1.317115062e+000 1.901386690e+000 
1.314559363e+000 1.899070553e+000 
1.330668022e+000 1.908841415e+000 
1.288126893e+000 1.883307432e+000 
1.345147016e+000 1.915466762e+000 
1.333850511e+000 1.910795578e+000 
1.290594336e+000 1.884573665e+000 
1.366162668e+000 1.924865064e+000 
1.344215531e+000 1.915434171e+000 
1.374979614e+000 1.929402102e+000 
1.349254744e+000 1.916753743e+000 
1.325901129e+000 1.906337086e+000 
1.320469744e+000 1.903165325e+000 
1.574993634e+000 1.982218710e+000 
1.294603021e+000 1.888159558e+000 
1.292430971e+000 1.886959739e+000 
1.281327313e+000 1.877922303e+000 
1.282199251e+000 1.878319757e+000 
1.283605857e+000 1.879585658e+000 
1.282659120e+000 1.878712832e+000 
1.280487070e+000 1.877512621e+000 
1.338142270e+000 1.912210265e+000 
1.274611060e+000 1.872592408e+000 
1.274880845e+000 1.872836062e+000 
1.614164308e+000 1.987093512e+000 
1.274992670e+000 1.873208157e+000 
1.284537601e+000 1.880719900e+000 
1.275850053e+000 1.874149284e+000 
1.365858767e+000 1.924331395e+000 
1.358714418e+000 1.921735692e+000 
1.279355664e+000 1.876959311e+000 
1.371911082e+000 1.927742418e+000 
1.380462387e+000 1.931582198e+000 
1.513677959e+000 1.970905189e+000 
1.561710384e+000 1.980078158e+000 
1.361070789e+000 1.922757617e+000 
1.393644746e+000 1.938838638e+000 
1.392636836e+000 1.938455496e+000 
1.525785961e+000 1.973737730e+000 
1.376438363e+000 1.930304075e+000 
1.528314630e+000 1.975007504e+000 
1.519456028e+000 1.972416180e+000 
1.521047811e+000 1.973456941e+000 
1.355669174e+000 1.920393745e+000 
1.354865097e+000 1.919870641e+000 
1.515035486e+000 1.971357509e+000 
1.514830659e+000 1.970994288e+000 
1.493065820e+000 1.966140849e+000 
1.503441534e+000 1.969630684e+000 
1.391052229e+000 1.936844189e+000 
1.446505797e+000 1.953525287e+000 
1.388652067e+000 1.935184109e+000 
1.495101488e+000 1.967059396e+000 
1.382485097e+000 1.932789488e+000 
1.498043161e+000 1.968007239e+000 
1.500047706e+000 1.968021744e+000 
1.373297016e+000 1.928528174e+000 
1.511536065e+000 1.970347873e+000 
1.502494563e+000 1.968629783e+000 
1.355115262e+000 1.919904842e+000 
1.351693266e+000 1.919190471e+000 
1.389120916e+000 1.936069273e+000 
1.356248934e+000 1.921242065e+000 
1.348962887e+000 1.916684115e+000 
1.385639400e+000 1.933251944e+000 
1.382173753e+000 1.932048586e+000 
1.514968034e+000 1.971019272e+000 
1.563699844e+000 1.980436417e+000 
1.295332583e+000 1.888627354e+000 
1.569637028e+000 1.981269941e+000 
1.465853669e+000 1.959397112e+000 
1.564974225e+000 1.980730601e+000 
1.422653735e+000 1.946512790e+000 
1.419332567e+000 1.945817599e+000 
1.403771661e+000 1.940829468e+000 
1.416171260e+000 1.944711918e+000 
1.412411571e+000 1.943997247e+000 
1.407374076e+000 1.942865658e+000 
1.388146787e+000 1.934363023e+000 
1.400332295e+000 1.940137478e+000 
1.403103325e+000 1.940777097e+000 
1.477182010e+000 1.962115135e+000 
1.479582105e+000 1.962159497e+000 
1.741379028e+000 1.996059463e+000 
1.440912056e+000 1.951936562e+000 
1.443471168e+000 1.952871861e+000 
1.731784405e+000 1.995966362e+000 
1.684496881e+000 1.993557025e+000 
1.646226789e+000 1.990937149e+000 
1.643047069e+000 1.990494633e+000 
1.619903498e+000 1.987999319e+000 
1.625569494e+000 1.988201269e+000 
1.617142624e+000 1.987466210e+000 
1.718839604e+000 1.995374911e+000 
1.653966375e+000 1.991441606e+000 
1.634644697e+000 1.989465199e+000 
1.607179157e+000 1.986368943e+000 
1.605819519e+000 1.986103766e+000 
1.619593077e+000 1.987649266e+000 
1.648450079e+000 1.991013074e+000 
1.492226656e+000 1.965889572e+000 
1.490610083e+000 1.965867155e+000 
1.708461369e+000 1.994370652e+000 
1.715208290e+000 1.994836844e+000 
1.722561274e+000 1.995454658e+000 
1.716030281e+000 1.994893681e+000 
1.568389488e+000 1.980778168e+000 
1.716235148e+000 1.995171312e+000 
1.716635542e+000 1.995331882e+000 
1.711779070e+000 1.994797260e+000 
1.633551768e+000 1.988937968e+000 
1.670107454e+000 1.992570487e+000 
1.639077690e+000 1.989637116e+000 
1.677419793e+000 1.993528244e+000 
1.674433102e+000 1.993444099e+000 
1.690978305e+000 1.994217249e+000 
1.687673891e+000 1.993668693e+000 
1.543258946e+000 1.977574306e+000 
1.534189951e+000 1.975915232e+000 
1.531438652e+000 1.975641418e+000 
1.534509413e+000 1.976301127e+000 
1.545863007e+000 1.977703794e+000 
1.550743775e+000 1.978451457e+000 
1.538904972e+000 1.976823935e+000 
1.438337409e+000 1.951580315e+000 
1.434445495e+000 1.950667862e+000 
1.436448706e+000 1.950857334e+000 
1.470384346e+000 1.960074243e+000 
1.416994896e+000 1.945152629e+000 
1.686961343e+000 1.993659098e+000 
1.449086375e+000 1.954057085e+000 
1.456056510e+000 1.956354745e+000 
1.427257073e+000 1.947922546e+000 
1.468159301e+000 1.959792535e+000 
1.463601189e+000 1.958800108e+000 
1.662620920e+000 1.991869325e+000 
1.658376332e+000 1.991717678e+000 
1.460069477e+000 1.957222666e+000 
1.453086651e+000 1.954971255e+000 
1.666117686e+000 1.992330843e+000 
1.562274843e+000 1.980345766e+000 
1.664954451e+000 1.991935013e+000 
1.555895509e+000 1.979159007e+000 
1.587210941e+000 1.983619479e+000 
1.583923435e+000 1.983381966e+000 
1.583093923e+000 1.983279458e+000 
1.640555188e+000 1.989903045e+000 
1.626714171e+000 1.988351217e+000 

