1.007868423e+000 1.015691381e+000 
1.009132086e+000 1.016391022e+000 
1.007068924e+000 1.015261663e+000 
1.006470897e+000 1.014943443e+000 
1.012294087e+000 1.017664028e+000 
1.010141783e+000 1.016872901e+000 
1.011172692e+000 1.017245438e+000 
1.009290854e+000 1.016459725e+000 
1.010026210e+000 1.016809821e+000 
1.012369799e+000 1.017707245e+000 
1.011758615e+000 1.017502120e+000 
1.012818912e+000 1.017857921e+000 
1.006388081e+000 1.014720001e+000 
1.009830800e+000 1.016713095e+000 
1.009559069e+000 1.016586279e+000 
1.010298110e+000 1.016904585e+000 
1.011476209e+000 1.017342630e+000 
1.010324006e+000 1.016922244e+000 
1.009329503e+000 1.016467991e+000 
1.010521400e+000 1.016986381e+000 
1.006509546e+000 1.014954146e+000 
1.007185641e+000 1.015388821e+000 
1.007720036e+000 1.015678827e+000 
1.007409745e+000 1.015525235e+000 
1.006401447e+000 1.014824432e+000 
1.006440096e+000 1.014835160e+000 
1.006589672e+000 1.014963730e+000 
1.006628321e+000 1.014975507e+000 
1.006842008e+000 1.015116893e+000 
1.038553306e+000 1.261655492e+000 
1.037125171e+000 1.257421244e+000 
1.037326679e+000 1.258107046e+000 
1.038791155e+000 1.262276842e+000 
1.037980367e+000 1.260047371e+000 
1.038919261e+000 1.262625931e+000 
1.037604074e+000 1.258891610e+000 
1.039356223e+000 1.401965487e+000 
1.043841785e+000 1.411462193e+000 
1.042761834e+000 1.409334577e+000 
1.039081332e+000 1.400941945e+000 
1.040071252e+000 1.403442036e+000 
1.043730511e+000 1.411218627e+000 
1.040786578e+000 1.405013387e+000 
1.038953600e+000 1.400441924e+000 
1.042303416e+000 1.408571047e+000 
1.043337477e+000 1.410508691e+000 
1.041729706e+000 1.407454315e+000 
1.040635974e+000 1.404900565e+000 
1.044319506e+000 1.412305502e+000 
1.042935919e+000 1.409472073e+000 
1.040481868e+000 1.404272786e+000 
1.000999881e+000 1.000743950e+000 
1.001860910e+000 1.000790768e+000 
1.001506153e+000 1.000770168e+000 
1.001791571e+000 1.000784748e+000 
1.002227957e+000 1.000807272e+000 
1.001868852e+000 1.000792043e+000 
1.002092280e+000 1.000800971e+000 
1.002215061e+000 1.000807131e+000 
1.002272534e+000 1.000808092e+000 
1.001068306e+000 1.000746829e+000 
1.001117168e+000 1.000750845e+000 
1.001609997e+000 1.000777470e+000 
1.001991633e+000 1.000798203e+000 
1.000843386e+000 1.000734870e+000 
1.000932959e+000 1.000735761e+000 
1.002050426e+000 1.000799321e+000 
1.001836685e+000 1.000787892e+000 
1.001798921e+000 1.000785116e+000 
1.001324579e+000 1.000762890e+000 
1.000959551e+000 1.000738049e+000 
1.001551267e+000 1.000773311e+000 
1.002084338e+000 1.000799696e+000 
1.001181746e+000 1.000752493e+000 
1.002350738e+000 1.000813432e+000 
1.001629205e+000 1.000777554e+000 
1.002346267e+000 1.000810921e+000 
1.001139877e+000 1.000751691e+000 
1.001452712e+000 1.000770027e+000 
1.001045597e+000 1.000745973e+000 
1.001092420e+000 1.000747669e+000 
1.001883010e+000 1.000792053e+000 
1.002182350e+000 1.000804603e+000 
1.001738129e+000 1.000784608e+000 
1.002144939e+000 1.000803277e+000 
1.001529167e+000 1.000772027e+000 
1.001686452e+000 1.000779469e+000 
1.001128013e+000 1.000751088e+000 
1.001220552e+000 1.000754807e+000 
1.001959465e+000 1.000794052e+000 
1.001400426e+000 1.000765328e+000 
1.001206683e+000 1.000753867e+000 
1.001663743e+000 1.000778623e+000 
1.001255545e+000 1.000757883e+000 
1.001278254e+000 1.000758729e+000 
1.001029935e+000 1.000744107e+000 
1.001180776e+000 1.000752090e+000 
1.001587167e+000 1.000775368e+000 
1.001074139e+000 1.000747454e+000 
1.001169882e+000 1.000751890e+000 
1.001723254e+000 1.000781234e+000 
1.001230501e+000 1.000756598e+000 
1.001540962e+000 1.000772463e+000 
1.002305131e+000 1.000810764e+000 
1.001420587e+000 1.000766236e+000 
1.001437837e+000 1.000766654e+000 
1.000821661e+000 1.000719778e+000 
1.000977172e+000 1.000743105e+000 
1.001711459e+000 1.000780798e+000 
1.001674588e+000 1.000778866e+000 
1.001979627e+000 1.000794960e+000 
1.001814585e+000 1.000786607e+000 
1.000910250e+000 1.000734915e+000 
1.000928517e+000 1.000735318e+000 
1.000995439e+000 1.000743508e+000 
1.001037307e+000 1.000744310e+000 
1.001378326e+000 1.000764043e+000 
1.001389171e+000 1.000764286e+000 
1.001044155e+000 1.000744513e+000 
1.001406386e+000 1.000765866e+000 
1.001183974e+000 1.000753010e+000 
1.001691804e+000 1.000780447e+000 
1.001319153e+000 1.000759128e+000 
1.000803137e+000 1.000712590e+000 
1.001266390e+000 1.000758126e+000 
1.000948939e+000 1.000735875e+000 
1.001115549e+000 1.000750142e+000 
1.001108201e+000 1.000749962e+000 
1.001212516e+000 1.000754491e+000 
1.000923824e+000 1.000735269e+000 
1.005736125e+000 1.006587904e+000 
1.006073013e+000 1.006725221e+000 
1.005461515e+000 1.006517396e+000 
1.005789057e+000 1.006608551e+000 
1.005326513e+000 1.006459750e+000 
1.005892892e+000 1.006654156e+000 
1.005524332e+000 1.006538512e+000 
1.004930224e+000 1.006150071e+000 
1.004981841e+000 1.006183267e+000 
1.006128069e+000 1.006727532e+000 
1.005209785e+000 1.006393718e+000 
1.005460405e+000 1.006516278e+000 
1.005844113e+000 1.006610420e+000 
1.005177601e+000 1.006339468e+000 
1.005019516e+000 1.006274059e+000 
1.005127504e+000 1.006296090e+000 
1.005989678e+000 1.006702901e+000 
1.006203317e+000 1.006763438e+000 
1.045673810e+000 1.546610759e+000 
1.052564829e+000 1.561981810e+000 
1.050018358e+000 1.556713346e+000 
1.044564440e+000 1.544094462e+000 
1.049011466e+000 1.554971491e+000 
1.050321587e+000 1.557660496e+000 
1.048453093e+000 1.553470622e+000 
1.046280616e+000 1.547923507e+000 
1.050179099e+000 1.557460736e+000 
1.049733117e+000 1.556225860e+000 
1.052481300e+000 1.561769795e+000 
1.045059604e+000 1.545025138e+000 
1.044956339e+000 1.544920649e+000 
1.046516091e+000 1.548870939e+000 
1.047828223e+000 1.551935860e+000 
1.051698386e+000 1.560428226e+000 
1.047002986e+000 1.549795474e+000 
1.047481511e+000 1.550972728e+000 
1.045333255e+000 1.545785459e+000 
1.049598914e+000 1.555883307e+000 
1.047316815e+000 1.549809537e+000 
1.050819263e+000 1.557800746e+000 
1.046119600e+000 1.546769749e+000 
1.049572347e+000 1.555222784e+000 
1.052345331e+000 1.560793691e+000 
1.050937433e+000 1.558070963e+000 
1.050910346e+000 1.557990238e+000 
1.025741877e+000 1.095055732e+000 
1.028093069e+000 1.098138852e+000 
1.031177785e+000 1.101581841e+000 
1.022557678e+000 1.089567629e+000 
1.025544589e+000 1.094756327e+000 
1.025980070e+000 1.095301340e+000 
1.030523038e+000 1.100991223e+000 
1.022941882e+000 1.090667617e+000 
1.024279298e+000 1.092946136e+000 
1.027527247e+000 1.097350331e+000 
1.031402751e+000 1.101856899e+000 
1.024088911e+000 1.092304611e+000 
1.023748470e+000 1.091810404e+000 
1.022673276e+000 1.090312852e+000 
1.023549060e+000 1.091519089e+000 
1.025075245e+000 1.094030559e+000 
1.028243695e+000 1.098317809e+000 
1.023419218e+000 1.091513684e+000 
1.028134089e+000 1.098223692e+000 
1.023238318e+000 1.090933323e+000 
1.022020997e+000 1.088967010e+000 
1.026159043e+000 1.095637741e+000 
1.022919756e+000 1.090348670e+000 
1.024683639e+000 1.093389034e+000 
1.026409243e+000 1.095741399e+000 
1.031468280e+000 1.101940572e+000 
1.026929057e+000 1.096660043e+000 
1.025268612e+000 1.094395594e+000 
1.026636816e+000 1.096108183e+000 
1.029831633e+000 1.100101709e+000 
1.027333832e+000 1.097104993e+000 
1.028448173e+000 1.098626744e+000 
1.029098100e+000 1.099388966e+000 
1.028339452e+000 1.098518466e+000 
1.024527561e+000 1.092956062e+000 
1.024086146e+000 1.091854778e+000 
1.029587773e+000 1.099966248e+000 
1.028790495e+000 1.098917628e+000 
1.029855532e+000 1.100288167e+000 
1.024219834e+000 1.092418580e+000 
1.029341959e+000 1.099524427e+000 
1.024959464e+000 1.093927193e+000 
1.014861750e+000 1.039664544e+000 
1.014061259e+000 1.038598285e+000 
1.015046476e+000 1.039903657e+000 
1.018806502e+000 1.042802219e+000 
1.020957113e+000 1.044285144e+000 
1.013228749e+000 1.037661822e+000 
1.013059617e+000 1.037413457e+000 
1.016276418e+000 1.040820395e+000 
1.016976410e+000 1.041451526e+000 
1.019099733e+000 1.042803931e+000 
1.014192370e+000 1.038874138e+000 
1.014592588e+000 1.039393094e+000 
1.019335717e+000 1.043126828e+000 
1.013575436e+000 1.038012158e+000 
1.016818950e+000 1.041399607e+000 
1.018191227e+000 1.042267672e+000 
1.020212692e+000 1.043745441e+000 
1.013737222e+000 1.038304526e+000 
1.014080829e+000 1.038830125e+000 
1.016157531e+000 1.040820385e+000 
1.013456548e+000 1.038012148e+000 
1.016527180e+000 1.041141998e+000 
1.016684641e+000 1.041185108e+000 
1.019627487e+000 1.043393245e+000 
1.021059059e+000 1.044333519e+000 
1.021959661e+000 1.044946490e+000 
1.014167684e+000 1.038836470e+000 
1.016728729e+000 1.041348371e+000 
1.014030583e+000 1.038581770e+000 
1.014358276e+000 1.039072678e+000 
1.016436960e+000 1.041081953e+000 
1.015659483e+000 1.040271996e+000 
1.015691810e+000 1.040291493e+000 
1.013893699e+000 1.038511788e+000 
1.015727586e+000 1.040483061e+000 
1.020547036e+000 1.044052362e+000 
1.015885046e+000 1.040534981e+000 
1.021570649e+000 1.044667348e+000 
1.021910764e+000 1.044905126e+000 
1.020085302e+000 1.043715100e+000 
1.017670601e+000 1.041908187e+000 
1.019563289e+000 1.043365197e+000 
1.021821133e+000 1.044842815e+000 
1.019406856e+000 1.043155980e+000 
1.019865717e+000 1.043453264e+000 
1.002513284e+000 1.002228511e+000 
1.002604412e+000 1.002249746e+000 
1.002553874e+000 1.002235041e+000 
1.002359400e+000 1.002176965e+000 
1.002627732e+000 1.002272460e+000 
1.002511028e+000 1.002225480e+000 
1.002625475e+000 1.002269935e+000 
1.002601858e+000 1.002248737e+000 
1.031790795e+000 1.149029099e+000 
1.032431844e+000 1.150668830e+000 
1.032184038e+000 1.149965490e+000 
1.032557128e+000 1.150741006e+000 
1.000034911e+000 1.000000119e+000 
9.999999998e-001 1.000000118e+000 
1.000400488e+000 1.000000142e+000 
1.000290205e+000 1.000000129e+000 
1.000313056e+000 1.000000131e+000 
1.000765619e+000 1.000000151e+000 
1.000665614e+000 1.000000150e+000 
1.033163412e+000 1.157426523e+000 
1.033448656e+000 1.157626709e+000 
1.034982658e+000 1.161642826e+000 
1.033846305e+000 1.158798459e+000 
1.034723587e+000 1.161441649e+000 
1.034700504e+000 1.161024808e+000 
1.035504024e+000 1.163040131e+000 
1.035007053e+000 1.162205109e+000 
1.033412729e+000 1.157557206e+000 
1.063471424e+000 1.741071599e+000 
1.073408251e+000 1.757897754e+000 
1.079995940e+000 1.768176443e+000 
1.270645356e+000 1.896926102e+000 
1.054311027e+000 1.725084085e+000 
1.054760395e+000 1.725983153e+000 
1.063966327e+000 1.741858054e+000 
1.116141873e+000 1.809897598e+000 
1.072540126e+000 1.756181325e+000 
1.082420928e+000 1.771077728e+000 
1.093832715e+000 1.785011033e+000 
1.066224842e+000 1.746521852e+000 
1.077365491e+000 1.764616303e+000 
1.082040202e+000 1.770488023e+000 
1.161030866e+000 1.847093019e+000 
1.056313893e+000 1.729009629e+000 
1.056709964e+000 1.729770228e+000 
1.058380743e+000 1.732691457e+000 
1.111196802e+000 1.804711160e+000 
1.114904057e+000 1.808570435e+000 
1.137665190e+000 1.828622261e+000 
1.136915775e+000 1.828593192e+000 
1.065958473e+000 1.745333997e+000 
1.066157972e+000 1.745597303e+000 
1.070987954e+000 1.753904986e+000 
1.143826890e+000 1.833590607e+000 
1.064807702e+000 1.743382015e+000 
1.072562285e+000 1.756385371e+000 
1.203599311e+000 1.872458842e+000 
1.201143671e+000 1.871093208e+000 
1.195499914e+000 1.867496174e+000 
1.069105516e+000 1.750443472e+000 
1.060208802e+000 1.735880354e+000 
1.073216388e+000 1.757577108e+000 
1.056391849e+000 1.729023709e+000 
1.191053273e+000 1.865903101e+000 
1.060776361e+000 1.736825697e+000 
1.071862192e+000 1.755191771e+000 
1.081576065e+000 1.770375199e+000 
1.081321421e+000 1.769497540e+000 
1.085836114e+000 1.775391082e+000 
1.245084627e+000 1.887971080e+000 
1.062479380e+000 1.739943117e+000 
1.059785758e+000 1.735294341e+000 
1.062175788e+000 1.739512123e+000 
1.064473633e+000 1.743146489e+000 
1.079008820e+000 1.766448063e+000 
1.055392201e+000 1.727440302e+000 
1.083538961e+000 1.772333347e+000 
1.078788685e+000 1.766058804e+000 
1.055203335e+000 1.726885986e+000 
1.058723633e+000 1.733441270e+000 
1.069424133e+000 1.751436806e+000 
1.074095117e+000 1.759033534e+000 
1.178848980e+000 1.858455708e+000 
1.231709105e+000 1.885054984e+000 
1.233254118e+000 1.885489253e+000 
1.077905012e+000 1.765228445e+000 
1.086863451e+000 1.776851770e+000 
1.132322486e+000 1.824969860e+000 
1.177884125e+000 1.857851216e+000 
1.069799042e+000 1.751993177e+000 
1.074566900e+000 1.759658819e+000 
1.186655608e+000 1.862971523e+000 
1.210313191e+000 1.875544724e+000 
1.219360828e+000 1.879188939e+000 
1.218369132e+000 1.879078409e+000 
1.158002445e+000 1.844926769e+000 
1.089090790e+000 1.779715562e+000 
1.059892033e+000 1.735453830e+000 
1.234122008e+000 1.886081018e+000 
1.088763143e+000 1.779215312e+000 
1.110657525e+000 1.803778949e+000 
1.081569835e+000 1.769540633e+000 
1.149209274e+000 1.837917130e+000 
1.082271607e+000 1.770561239e+000 
1.081881407e+000 1.770465527e+000 
1.109288584e+000 1.802337284e+000 
1.231563196e+000 1.884832227e+000 
1.230481183e+000 1.884676851e+000 
1.266394494e+000 1.895896440e+000 
1.263656045e+000 1.894831990e+000 
1.079543787e+000 1.767305277e+000 
1.110092746e+000 1.803238148e+000 
1.166556023e+000 1.850900201e+000 
1.052869360e+000 1.720834526e+000 
1.310883550e+000 1.908856907e+000 
1.107824953e+000 1.800661827e+000 
1.109981148e+000 1.803174820e+000 
1.153130632e+000 1.840800555e+000 
1.067137344e+000 1.747101865e+000 
1.169571639e+000 1.852675709e+000 
1.286736785e+000 1.900524741e+000 
1.088004589e+000 1.778033390e+000 
1.220140619e+000 1.879504377e+000 
1.110296153e+000 1.803306297e+000 
1.221750106e+000 1.879570391e+000 
1.194130343e+000 1.867017260e+000 
1.188182359e+000 1.864144500e+000 
1.167542977e+000 1.852046091e+000 
1.081470035e+000 1.769508674e+000 
1.197918205e+000 1.869227151e+000 
1.196575659e+000 1.869014485e+000 
1.143224162e+000 1.833350058e+000 
1.080643247e+000 1.768720022e+000 
1.106218523e+000 1.799034599e+000 
1.109564745e+000 1.802609156e+000 
1.254409062e+000 1.891771777e+000 
1.088128817e+000 1.778429795e+000 
1.193702020e+000 1.866767606e+000 
1.169047372e+000 1.852487964e+000 
1.161557008e+000 1.847447469e+000 
1.099213577e+000 1.791290963e+000 
1.134298299e+000 1.826493789e+000 
1.129798704e+000 1.822648361e+000 
1.092329766e+000 1.783288973e+000 
1.105839392e+000 1.798521953e+000 
1.158843513e+000 1.845369941e+000 
1.067222924e+000 1.747267203e+000 
1.111861785e+000 1.805167398e+000 
1.145526759e+000 1.835349224e+000 
1.138044881e+000 1.829331898e+000 
1.124298624e+000 1.817837751e+000 
1.164939273e+000 1.850022844e+000 
1.151983318e+000 1.840007715e+000 
1.083759313e+000 1.772592751e+000 
1.129804051e+000 1.822751124e+000 
1.159736386e+000 1.846039636e+000 
1.102081942e+000 1.794690846e+000 
1.268080676e+000 1.896089479e+000 
1.093410647e+000 1.784788965e+000 
1.152470034e+000 1.840713574e+000 
1.110477132e+000 1.803694261e+000 
1.130740474e+000 1.823159368e+000 
1.090190336e+000 1.781141120e+000 
1.162431435e+000 1.847817588e+000 
1.140292740e+000 1.831314788e+000 
1.167069798e+000 1.851587173e+000 
1.138825558e+000 1.830405569e+000 
1.182902094e+000 1.860962678e+000 
1.196413377e+000 1.867986700e+000 
1.122116114e+000 1.815708787e+000 
1.147839744e+000 1.836748840e+000 
1.302145269e+000 1.906187639e+000 
1.099577587e+000 1.791831825e+000 
1.272886436e+000 1.897671113e+000 
1.092760002e+000 1.784070682e+000 
1.107055763e+000 1.799976267e+000 
1.305319995e+000 1.907100829e+000 
1.107329719e+000 1.800143365e+000 
1.095546065e+000 1.787254260e+000 
1.119180712e+000 1.812667871e+000 
1.123411796e+000 1.816810088e+000 
1.210302678e+000 1.875169019e+000 
1.171154513e+000 1.853570186e+000 
1.097619263e+000 1.789604658e+000 
1.214082084e+000 1.877229230e+000 
1.192085255e+000 1.866257173e+000 
1.120229980e+000 1.813571569e+000 
1.156522251e+000 1.843156396e+000 
1.121831402e+000 1.815624062e+000 
1.269368290e+000 1.896279326e+000 
1.271519996e+000 1.897187436e+000 
1.120886397e+000 1.814220618e+000 
1.164066832e+000 1.849160864e+000 
1.199905578e+000 1.870029387e+000 
1.169167879e+000 1.852531143e+000 
1.112234028e+000 1.805546308e+000 
1.104239487e+000 1.796485151e+000 
1.153635462e+000 1.841073071e+000 
1.140279296e+000 1.831115593e+000 
1.103141060e+000 1.795366375e+000 
1.103898073e+000 1.796266751e+000 
1.112732533e+000 1.805958116e+000 
1.129180205e+000 1.822024275e+000 
1.172226648e+000 1.854640345e+000 
1.212261018e+000 1.876093763e+000 
1.262006475e+000 1.894800932e+000 
1.260189553e+000 1.894011322e+000 
1.113299877e+000 1.806663970e+000 
1.226226809e+000 1.881808343e+000 
1.189842621e+000 1.864661897e+000 
1.209724575e+000 1.874773659e+000 
1.100113894e+000 1.792243516e+000 
1.180843056e+000 1.859355700e+000 
1.186872255e+000 1.863105532e+000 
1.320080008e+000 1.910890824e+000 
1.281560651e+000 1.899290373e+000 
1.307121575e+000 1.907486866e+000 
1.299600148e+000 1.904420818e+000 
1.195727821e+000 1.867758396e+000 
1.175542522e+000 1.856698928e+000 
1.174214189e+000 1.855608743e+000 
1.132051152e+000 1.824703479e+000 
1.314152960e+000 1.909204868e+000 
1.259550895e+000 1.893727430e+000 
1.255807427e+000 1.892664880e+000 
1.246718774e+000 1.889110369e+000 
1.247957081e+000 1.889825031e+000 
1.248994205e+000 1.890302132e+000 
1.250581099e+000 1.890972598e+000 
1.247508699e+000 1.889736480e+000 
1.246269914e+000 1.889051385e+000 
1.277599661e+000 1.898420525e+000 
1.302535741e+000 1.906822801e+000 
1.295364385e+000 1.903059147e+000 
1.292052105e+000 1.902373755e+000 
1.309322177e+000 1.908232687e+000 
1.308058971e+000 1.907545246e+000 
1.314735067e+000 1.909674956e+000 
1.300366275e+000 1.905482288e+000 
1.247346311e+000 1.889665403e+000 
1.295337161e+000 1.902672641e+000 
1.285598444e+000 1.899858755e+000 
1.285719368e+000 1.899986715e+000 
1.297027967e+000 1.903891152e+000 
1.004449053e+000 1.002716120e+000 
1.003783463e+000 1.002613621e+000 
1.002794362e+000 1.002478852e+000 
1.003381180e+000 1.002558764e+000 
1.004249063e+000 1.002690996e+000 
1.003758380e+000 1.002613146e+000 
1.002665436e+000 1.002432259e+000 
1.003584147e+000 1.002586132e+000 
1.003002122e+000 1.002529943e+000 
1.003192821e+000 1.002558434e+000 
1.003876950e+000 1.002637867e+000 
1.002981623e+000 1.002529487e+000 
1.003526465e+000 1.002583864e+000 
1.003893410e+000 1.002638247e+000 
1.003835727e+000 1.002635978e+000 
1.002845077e+000 1.002481857e+000 
1.003056619e+000 1.002549552e+000 
1.004166340e+000 1.002666273e+000 
1.003801231e+000 1.002633863e+000 
1.003856450e+000 1.002637411e+000 
1.004002866e+000 1.002661190e+000 
1.003404344e+000 1.002583844e+000 
1.002771424e+000 1.002472852e+000 
1.003610539e+000 1.002606470e+000 
1.004225939e+000 1.002689337e+000 
1.003968941e+000 1.002659580e+000 
1.003798965e+000 1.002632522e+000 
1.003557628e+000 1.002585810e+000 
1.004774414e+000 1.002764306e+000 
1.637453948e+000 1.998422162e+000 
1.319516645e+000 1.910586680e+000 
1.476865024e+000 1.980723243e+000 
1.433879774e+000 1.970618532e+000 
1.338800114e+000 1.928871230e+000 
1.402336906e+000 1.960025895e+000 
1.337078579e+000 1.927125644e+000 
1.337781066e+000 1.927650956e+000 
1.693491229e+000 1.999401022e+000 
1.429800535e+000 1.969050821e+000 
1.432391321e+000 1.970306453e+000 
1.323438844e+000 1.915058392e+000 
1.377036847e+000 1.950235565e+000 
1.353325586e+000 1.938396102e+000 
1.435752374e+000 1.970671694e+000 
1.404447577e+000 1.961151867e+000 
1.320571673e+000 1.912016125e+000 
1.337716193e+000 1.927513341e+000 
1.396526117e+000 1.958125434e+000 
1.394269780e+000 1.957313388e+000 
1.361074948e+000 1.942947070e+000 
1.404204094e+000 1.960526829e+000 
1.679544995e+000 1.999253758e+000 
1.392026872e+000 1.956318278e+000 
1.608341730e+000 1.997247942e+000 
1.392703162e+000 1.957259557e+000 
1.415105614e+000 1.964125791e+000 
1.402539068e+000 1.960429595e+000 
1.431887098e+000 1.969765510e+000 
1.392223656e+000 1.956513258e+000 
1.390391315e+000 1.956232433e+000 
1.439075865e+000 1.971516613e+000 
1.390012690e+000 1.956174380e+000 
1.372425265e+000 1.948295957e+000 
1.416081980e+000 1.965077452e+000 
1.390297851e+000 1.956212035e+000 
1.419856666e+000 1.966552945e+000 
1.373552019e+000 1.949181609e+000 
1.374210026e+000 1.949761370e+000 
1.415993020e+000 1.964616993e+000 
1.405342801e+000 1.961290195e+000 
1.677400673e+000 1.998933689e+000 
1.380853929e+000 1.952238794e+000 
1.707427150e+000 2.000000000e+000 
1.493740380e+000 1.984379396e+000 
1.379876439e+000 1.952229466e+000 
1.369496395e+000 1.947183538e+000 
1.675971492e+000 1.998930447e+000 
1.369384796e+000 1.947180649e+000 
1.678142499e+000 1.998948147e+000 
1.394813691e+000 1.957706746e+000 
1.321228869e+000 1.912036376e+000 
1.679107046e+000 1.998980020e+000 
1.482234833e+000 1.982253396e+000 
1.411759384e+000 1.963475559e+000 
1.321852301e+000 1.914025282e+000 
1.667226785e+000 1.998769272e+000 
1.412797344e+000 1.963501992e+000 
1.413094986e+000 1.963838925e+000 
1.410082431e+000 1.962811074e+000 
1.358152890e+000 1.941821275e+000 
1.705628070e+000 1.999995760e+000 
1.342783628e+000 1.931079758e+000 
1.339995388e+000 1.930467846e+000 
1.342799978e+000 1.931103908e+000 
1.343963574e+000 1.932380058e+000 
1.339443193e+000 1.929624351e+000 
1.331310148e+000 1.922316573e+000 
1.330973799e+000 1.921683016e+000 
1.349820226e+000 1.936920982e+000 
1.347439375e+000 1.935901545e+000 
1.334263903e+000 1.924945215e+000 
1.349020159e+000 1.936542978e+000 
1.334744884e+000 1.925318108e+000 
1.324699543e+000 1.915968068e+000 
1.347037823e+000 1.933832019e+000 
1.342313006e+000 1.930993327e+000 
1.328625966e+000 1.921269994e+000 
1.366606938e+000 1.945629573e+000 
1.332407737e+000 1.923676427e+000 
1.354227147e+000 1.939398060e+000 
1.334260614e+000 1.924835452e+000 
1.353700710e+000 1.938607147e+000 
1.354861432e+000 1.940516406e+000 
1.364205592e+000 1.944749877e+000 
1.344539758e+000 1.933143176e+000 
1.351231770e+000 1.938031821e+000 
1.360214344e+000 1.942595438e+000 
1.351560434e+000 1.938054671e+000 
1.347279321e+000 1.934204294e+000 
1.344238563e+000 1.932466462e+000 
1.335293480e+000 1.925608191e+000 
1.327448466e+000 1.919793250e+000 
1.325744501e+000 1.918248440e+000 
1.327914209e+000 1.920223620e+000 
1.326778017e+000 1.919260279e+000 
1.356074922e+000 1.940798446e+000 
1.366280244e+000 1.945570169e+000 
1.356126710e+000 1.940891833e+000 
1.331526276e+000 1.923460455e+000 
1.337076429e+000 1.927055501e+000 
1.346410022e+000 1.933404840e+000 
1.357581699e+000 1.941290845e+000 
1.358791071e+000 1.942452335e+000 
1.333909803e+000 1.924089507e+000 
1.355375684e+000 1.940792887e+000 
1.346890705e+000 1.933682529e+000 
1.356430670e+000 1.941256688e+000 
1.346410178e+000 1.933461909e+000 
1.325637747e+000 1.917481422e+000 
1.370074325e+000 1.947348298e+000 
1.370563184e+000 1.947913212e+000 
1.614420495e+000 1.997410203e+000 
1.334056103e+000 1.924437885e+000 
1.579424919e+000 1.995650400e+000 
1.364879734e+000 1.944863640e+000 
1.439845813e+000 1.971936892e+000 
1.364947279e+000 1.945273714e+000 
1.439351610e+000 1.971839958e+000 
1.450983114e+000 1.974736878e+000 
1.366687736e+000 1.945800773e+000 
1.368205943e+000 1.946725672e+000 
1.363309125e+000 1.944325285e+000 
1.361513641e+000 1.943861556e+000 
1.366863967e+000 1.946354294e+000 
1.338761700e+000 1.927987925e+000 
1.678201149e+000 1.998969634e+000 
1.336805468e+000 1.926406472e+000 
1.632713559e+000 1.997934433e+000 
1.403041065e+000 1.960465143e+000 
1.407409719e+000 1.962245486e+000 
1.384202742e+000 1.953412638e+000 
1.384450889e+000 1.953736360e+000 
1.406180651e+000 1.961452816e+000 
1.416631940e+000 1.965291586e+000 
1.400237492e+000 1.960010111e+000 
1.378904251e+000 1.951823783e+000 
1.426521263e+000 1.968534492e+000 
1.378017466e+000 1.951593973e+000 
1.398009668e+000 1.959116979e+000 
1.378863702e+000 1.951816478e+000 
1.381282146e+000 1.952859290e+000 
1.425146032e+000 1.967638835e+000 
1.419244407e+000 1.966233692e+000 
1.387229225e+000 1.954557406e+000 
1.398641965e+000 1.959471611e+000 
1.425345049e+000 1.968113848e+000 
1.385152484e+000 1.953919740e+000 
1.381816773e+000 1.953293052e+000 
1.397756079e+000 1.959093812e+000 
1.455530285e+000 1.976047824e+000 
1.409825686e+000 1.962597587e+000 
1.456374084e+000 1.976380299e+000 
1.406477066e+000 1.961614336e+000 
1.417436817e+000 1.965576916e+000 
1.440172666e+000 1.972036271e+000 
1.439692708e+000 1.971859896e+000 
1.469054040e+000 1.979129820e+000 
1.702949485e+000 1.999896065e+000 
1.437370376e+000 1.971342290e+000 
1.471394506e+000 1.979964605e+000 
1.469229361e+000 1.979597387e+000 
1.430026820e+000 1.969304257e+000 
1.518408909e+000 1.988671532e+000 
1.524485348e+000 1.989780856e+000 
1.702134555e+000 1.999787644e+000 
1.422919849e+000 1.967171093e+000 
1.585885018e+000 1.996038309e+000 
1.602260485e+000 1.996786799e+000 
1.582129310e+000 1.995709391e+000 
1.585487231e+000 1.995991196e+000 
1.447789689e+000 1.974217271e+000 
1.436171012e+000 1.970875204e+000 
1.444386258e+000 1.973362364e+000 
1.444514632e+000 1.973891596e+000 
1.443367205e+000 1.973236112e+000 
1.498287097e+000 1.985848932e+000 
1.366212533e+000 1.945334803e+000 
1.461558613e+000 1.977834132e+000 
1.454126887e+000 1.975747448e+000 
1.461287525e+000 1.977830346e+000 
1.463983732e+000 1.978194780e+000 
1.531201241e+000 1.990523450e+000 
1.447255237e+000 1.974108703e+000 
1.444316665e+000 1.973240315e+000 
1.456124250e+000 1.976137845e+000 
1.490736056e+000 1.984276560e+000 
1.486455900e+000 1.982887681e+000 
1.696820793e+000 1.999600740e+000 
1.490063674e+000 1.984260844e+000 
1.475359083e+000 1.980663866e+000 
1.540934398e+000 1.992172896e+000 
1.556974210e+000 1.993930483e+000 
1.558270677e+000 1.994081283e+000 
1.477007063e+000 1.981141739e+000 
1.595343429e+000 1.996721832e+000 
1.411552337e+000 1.963287794e+000 
1.696392746e+000 1.999589585e+000 
1.532309995e+000 1.990968992e+000 
1.603460509e+000 1.996951641e+000 
1.694846628e+000 1.999537386e+000 
1.543895116e+000 1.992624732e+000 
1.692887576e+000 1.999317325e+000 
1.542348841e+000 1.992513057e+000 
1.541643516e+000 1.992417764e+000 
1.568148152e+000 1.994812428e+000 
1.562208230e+000 1.994602641e+000 
1.537840045e+000 1.992047618e+000 
1.563334355e+000 1.994627902e+000 
1.494042898e+000 1.984739341e+000 
1.484685454e+000 1.982882644e+000 
1.536324521e+000 1.991692084e+000 
1.525258739e+000 1.990175554e+000 
1.523213488e+000 1.989746368e+000 
1.566973009e+000 1.994797643e+000 
1.554876050e+000 1.993927326e+000 
1.584077838e+000 1.995892090e+000 
1.513932060e+000 1.988475458e+000 
1.431842659e+000 1.969658114e+000 
1.477351330e+000 1.981437903e+000 
1.533846258e+000 1.991200308e+000 
1.553044743e+000 1.993796954e+000 
1.529072714e+000 1.990518960e+000 
1.550037439e+000 1.993258681e+000 
1.690246904e+000 1.999306132e+000 
1.505648500e+000 1.986962406e+000 
1.487980317e+000 1.983535015e+000 
1.534685390e+000 1.991581839e+000 
1.576034692e+000 1.995537223e+000 
1.558863487e+000 1.994296292e+000 
1.507519402e+000 1.987501663e+000 
1.558317600e+000 1.994289192e+000 
1.508758829e+000 1.987799132e+000 
1.572923372e+000 1.995314414e+000 
1.545999630e+000 1.992862836e+000 
1.518750386e+000 1.988966770e+000 
1.573389298e+000 1.995399402e+000 
1.569589472e+000 1.995305306e+000 
1.670847577e+000 1.998774060e+000 
1.502634434e+000 1.986712430e+000 
1.666563556e+000 1.998676899e+000 
1.462607210e+000 1.977966116e+000 
1.628137946e+000 1.997792615e+000 
1.467501128e+000 1.979094797e+000 
1.457730367e+000 1.977000748e+000 
1.627511891e+000 1.997709432e+000 
1.506630437e+000 1.987190750e+000 
1.454234391e+000 1.975930800e+000 
1.593360026e+000 1.996340737e+000 
1.510993349e+000 1.987823930e+000 
1.594144660e+000 1.996480335e+000 
1.544936558e+000 1.992680877e+000 
1.528540324e+000 1.990332748e+000 
1.591124957e+000 1.996331636e+000 
1.593382431e+000 1.996348409e+000 
1.449600515e+000 1.974642496e+000 
1.452522708e+000 1.975481458e+000 
1.645955544e+000 1.998638441e+000 
1.662338771e+000 1.998646101e+000 
1.522195350e+000 1.989590403e+000 
1.465742456e+000 1.978681240e+000 
1.459371642e+000 1.977188268e+000 
1.521248425e+000 1.989351234e+000 
1.487122701e+000 1.983219206e+000 
1.489245730e+000 1.983741353e+000 
1.469898032e+000 1.979607998e+000 
1.474141131e+000 1.980399386e+000 
1.483158312e+000 1.982425145e+000 
1.497899652e+000 1.985398822e+000 
1.507140623e+000 1.987465303e+000 
1.494338193e+000 1.984778456e+000 
1.479728290e+000 1.981802265e+000 
1.477003733e+000 1.981016564e+000 
1.486456940e+000 1.983147645e+000 
1.631786303e+000 1.997927724e+000 
1.636585896e+000 1.998019659e+000 
1.624014400e+000 1.997525209e+000 
1.639752881e+000 1.998499941e+000 
1.626556484e+000 1.997651022e+000 
1.635537058e+000 1.997964162e+000 

