1.034350464e+000 1.184395017e+000 
1.031457819e+000 1.127969349e+000 
1.032061462e+000 1.128601915e+000 
1.030867733e+000 1.127280474e+000 
1.031205513e+000 1.127675624e+000 
1.031652034e+000 1.128306394e+000 
1.029377527e+000 1.124387821e+000 
1.029486661e+000 1.125051978e+000 
1.033413401e+000 1.129838313e+000 
1.034333913e+000 1.130790368e+000 
1.034101529e+000 1.130765856e+000 
1.018747870e+000 1.035408472e+000 
1.012854949e+000 1.030106818e+000 
1.013469868e+000 1.030836838e+000 
1.018221971e+000 1.035041857e+000 
1.017896295e+000 1.034730582e+000 
1.014422656e+000 1.031865046e+000 
1.013810762e+000 1.031211032e+000 
1.014495751e+000 1.032280301e+000 
1.013883857e+000 1.031645774e+000 
1.013086159e+000 1.030462462e+000 
1.013636733e+000 1.030852132e+000 
1.020510275e+000 1.036725196e+000 
1.016551056e+000 1.033904792e+000 
1.018615317e+000 1.035391200e+000 
1.017429525e+000 1.034642772e+000 
1.015415567e+000 1.032901118e+000 
1.013731757e+000 1.031201720e+000 
1.018697047e+000 1.035391268e+000 
1.016040040e+000 1.033517104e+000 
1.018144949e+000 1.035027455e+000 
1.019631417e+000 1.036079165e+000 
1.019950303e+000 1.036351016e+000 
1.019265024e+000 1.035735825e+000 
1.037092935e+000 1.252025207e+000 
1.038506360e+000 1.254380546e+000 
1.039000967e+000 1.255565478e+000 
1.039127833e+000 1.255942441e+000 
1.038511379e+000 1.254424128e+000 
1.038159642e+000 1.254315225e+000 
1.041226261e+000 1.259098221e+000 
1.041124496e+000 1.259045120e+000 
1.040542866e+000 1.258181014e+000 
1.039498280e+000 1.256292728e+000 
1.036662302e+000 1.249997704e+000 
1.012251871e+000 1.006887969e+000 
1.012808285e+000 1.007068896e+000 
1.012576331e+000 1.006988830e+000 
1.012517840e+000 1.006986055e+000 
1.012794643e+000 1.007065753e+000 
1.011625831e+000 1.006761154e+000 
1.012084439e+000 1.006858897e+000 
1.042947925e+000 1.787420243e+000 
1.050504760e+000 1.798483918e+000 
1.149950055e+000 1.873708917e+000 
1.042595512e+000 1.785624270e+000 
1.042701913e+000 1.785645857e+000 
1.047298716e+000 1.793706514e+000 
1.047469770e+000 1.794180765e+000 
1.069126258e+000 1.818793950e+000 
1.052214881e+000 1.800489032e+000 
1.189283645e+000 1.892693778e+000 
1.335865116e+000 1.932272844e+000 
1.042826049e+000 1.786793805e+000 
1.188673615e+000 1.892486918e+000 
1.066073662e+000 1.815836546e+000 
1.097708670e+000 1.842038696e+000 
1.058856803e+000 1.808102323e+000 
1.072196961e+000 1.821747229e+000 
1.077092204e+000 1.825612267e+000 
1.084852801e+000 1.832959976e+000 
1.074641313e+000 1.823724157e+000 
1.079503692e+000 1.827700291e+000 
1.075160493e+000 1.824295332e+000 
1.221934615e+000 1.906073606e+000 
1.049914595e+000 1.797354302e+000 
1.043562387e+000 1.788122944e+000 
1.052877311e+000 1.801401080e+000 
1.060076870e+000 1.809550571e+000 
1.044128930e+000 1.789111356e+000 
1.071445515e+000 1.821299007e+000 
1.071398861e+000 1.820926924e+000 
1.044421903e+000 1.789460528e+000 
1.068061454e+000 1.817947938e+000 
1.097446509e+000 1.841742324e+000 
1.287252772e+000 1.924083027e+000 
1.285296418e+000 1.923771470e+000 
1.070268631e+000 1.819842385e+000 
1.214729409e+000 1.902157940e+000 
1.168249833e+000 1.883079427e+000 
1.057681128e+000 1.807011810e+000 
1.277122305e+000 1.921290004e+000 
1.067847340e+000 1.817755717e+000 
1.082885053e+000 1.831054057e+000 
1.041423093e+000 1.783232752e+000 
1.111078258e+000 1.851558312e+000 
1.044888493e+000 1.790192143e+000 
1.070475369e+000 1.820075908e+000 
1.071748175e+000 1.821491228e+000 
1.131054843e+000 1.864215431e+000 
1.064922003e+000 1.814701289e+000 
1.058638411e+000 1.807957664e+000 
1.070547255e+000 1.820263027e+000 
1.070450986e+000 1.819978821e+000 
1.098227673e+000 1.842232781e+000 
1.082085264e+000 1.830468913e+000 
1.058712622e+000 1.807981829e+000 
1.096952095e+000 1.841464191e+000 
1.053622544e+000 1.802345112e+000 
1.112578067e+000 1.852621218e+000 
1.262678318e+000 1.916655094e+000 
1.260026279e+000 1.916182318e+000 
1.193469506e+000 1.895512976e+000 
1.058607623e+000 1.807923874e+000 
1.058026650e+000 1.807458968e+000 
1.057969066e+000 1.807127413e+000 
1.086428143e+000 1.833983010e+000 
1.053428259e+000 1.802078356e+000 
1.132944967e+000 1.864867780e+000 
1.214901674e+000 1.902185056e+000 
1.108385838e+000 1.849474849e+000 
1.059601366e+000 1.809167293e+000 
1.150746682e+000 1.874265282e+000 
1.126171328e+000 1.861110507e+000 
1.048161294e+000 1.794915025e+000 
1.092243367e+000 1.838546966e+000 
1.126365006e+000 1.861218868e+000 
1.046543659e+000 1.792621803e+000 
1.159762674e+000 1.878903560e+000 
1.048969460e+000 1.796108188e+000 
1.067119697e+000 1.816749510e+000 
1.066363397e+000 1.816129631e+000 
1.063285102e+000 1.812825328e+000 
1.187942090e+000 1.892445950e+000 
1.099059475e+000 1.842816185e+000 
1.113833457e+000 1.853299784e+000 
1.126501492e+000 1.861383971e+000 
1.124649353e+000 1.860141735e+000 
1.160263567e+000 1.879501177e+000 
1.062027068e+000 1.811656235e+000 
1.081312108e+000 1.829650935e+000 
1.064380621e+000 1.813987082e+000 
1.116461246e+000 1.855302622e+000 
1.081821402e+000 1.830176832e+000 
1.089738774e+000 1.836730988e+000 
1.160242104e+000 1.879153813e+000 
1.065621375e+000 1.815352873e+000 
1.129881167e+000 1.863170316e+000 
1.109510636e+000 1.850270174e+000 
1.089165647e+000 1.836297229e+000 
1.114122071e+000 1.853647228e+000 
1.171200993e+000 1.885068765e+000 
1.126829311e+000 1.861882644e+000 
1.275201921e+000 1.920242244e+000 
1.049232234e+000 1.796481407e+000 
1.271506312e+000 1.919794850e+000 
1.218465467e+000 1.904156169e+000 
1.047347264e+000 1.793788530e+000 
1.144134986e+000 1.871194140e+000 
1.151727028e+000 1.875109167e+000 
1.330619265e+000 1.930471817e+000 
1.310862643e+000 1.926470916e+000 
1.144710592e+000 1.871798771e+000 
1.094618800e+000 1.840072945e+000 
1.142728895e+000 1.870081568e+000 
1.121484156e+000 1.858556296e+000 
1.128700126e+000 1.862768548e+000 
1.130560247e+000 1.863768570e+000 
1.097464050e+000 1.841989590e+000 
1.085857283e+000 1.833519628e+000 
1.100397976e+000 1.844198596e+000 
1.200084571e+000 1.897506483e+000 
1.192083279e+000 1.894400417e+000 
1.189548617e+000 1.893586020e+000 
1.215122874e+000 1.902637582e+000 
1.284948839e+000 1.923324674e+000 
1.304451640e+000 1.926104776e+000 
1.128050720e+000 1.862430345e+000 
1.101852431e+000 1.845213372e+000 
1.099157198e+000 1.843137723e+000 
1.271144778e+000 1.918396833e+000 
1.128136923e+000 1.862531682e+000 
1.099472047e+000 1.843191812e+000 
1.217195945e+000 1.903766538e+000 
1.275502972e+000 1.920479628e+000 
1.154648365e+000 1.876850714e+000 
1.095841932e+000 1.841237699e+000 
1.182080058e+000 1.890522974e+000 
1.162167912e+000 1.880598874e+000 
1.151177425e+000 1.874935080e+000 
1.182502516e+000 1.890533411e+000 
1.217854897e+000 1.904022135e+000 
1.184294309e+000 1.891595395e+000 
1.077805645e+000 1.826209927e+000 
1.155169229e+000 1.877282979e+000 
1.095058254e+000 1.840508410e+000 
1.101262496e+000 1.844478918e+000 
1.119389757e+000 1.857186152e+000 
1.121142040e+000 1.858324480e+000 
1.104922240e+000 1.847040854e+000 
1.161077569e+000 1.879715197e+000 
1.339420238e+000 1.932591842e+000 
1.076130147e+000 1.824821257e+000 
1.118511044e+000 1.856457374e+000 
1.110014031e+000 1.850753497e+000 
1.102568284e+000 1.845466374e+000 
1.305355207e+000 1.926362780e+000 
1.115824993e+000 1.854822124e+000 
1.076546174e+000 1.825153359e+000 
1.094673150e+000 1.840149950e+000 
1.161290796e+000 1.880300798e+000 
1.276640441e+000 1.920807571e+000 
1.161161480e+000 1.879973426e+000 
1.190716965e+000 1.894221133e+000 
1.216133040e+000 1.903543492e+000 
1.157680382e+000 1.878438834e+000 
1.186305285e+000 1.892398046e+000 
1.100336741e+000 1.844122177e+000 
1.156560487e+000 1.878020459e+000 
1.221603837e+000 1.905608193e+000 
1.220134177e+000 1.905031621e+000 
1.213257485e+000 1.902006626e+000 
1.165367930e+000 1.882009502e+000 
1.174183263e+000 1.886096679e+000 
1.185463250e+000 1.892059952e+000 
1.215812542e+000 1.902989721e+000 
1.164969492e+000 1.881832882e+000 
1.148188194e+000 1.873099376e+000 
1.136363992e+000 1.866697686e+000 
1.136480367e+000 1.866988003e+000 
1.152873851e+000 1.875726041e+000 
1.139370162e+000 1.868322759e+000 
1.226506618e+000 1.907618492e+000 
1.229786620e+000 1.908518597e+000 
1.245021665e+000 1.912653468e+000 
1.159412693e+000 1.878861868e+000 
1.348214770e+000 1.933636099e+000 
1.269876896e+000 1.918312323e+000 
1.147082161e+000 1.872436961e+000 
1.345966425e+000 1.933173188e+000 
1.345239470e+000 1.933153968e+000 
1.346383349e+000 1.933472743e+000 
1.250059510e+000 1.913616810e+000 
1.325147908e+000 1.929616546e+000 
1.234461030e+000 1.909953953e+000 
1.253983938e+000 1.914991706e+000 
1.233710529e+000 1.909511419e+000 
1.177075403e+000 1.887350545e+000 
1.178150680e+000 1.888106534e+000 
1.203822532e+000 1.899228105e+000 
1.202904305e+000 1.898493618e+000 
1.209722385e+000 1.901334990e+000 
1.240418849e+000 1.910974202e+000 
1.238377189e+000 1.910429463e+000 
1.322577207e+000 1.928608323e+000 
1.314610773e+000 1.926835827e+000 
1.333739089e+000 1.930967248e+000 
1.029209335e+000 1.077541850e+000 
1.026381534e+000 1.074738568e+000 
1.023761673e+000 1.072067632e+000 
1.022484574e+000 1.070055052e+000 
1.022116046e+000 1.069438560e+000 
1.022370516e+000 1.069916481e+000 
1.022641228e+000 1.070115858e+000 
1.022413891e+000 1.069935576e+000 
1.026194208e+000 1.074562997e+000 
1.027608893e+000 1.076230645e+000 
1.024588830e+000 1.072941380e+000 
1.025970711e+000 1.074290233e+000 
1.023463828e+000 1.071570615e+000 
1.025871374e+000 1.074267302e+000 
1.021947954e+000 1.069053839e+000 
1.025536946e+000 1.074052430e+000 
1.022188136e+000 1.069446115e+000 
1.029109998e+000 1.077518919e+000 
1.020809011e+000 1.066919920e+000 
1.022654865e+000 1.070379037e+000 
1.027505133e+000 1.075959728e+000 
1.023066768e+000 1.071014626e+000 
1.028971270e+000 1.077345183e+000 
1.026090448e+000 1.074292172e+000 
1.026543174e+000 1.074799008e+000 
1.002236012e+000 1.000632281e+000 
1.003221929e+000 1.000733568e+000 
1.003553089e+000 1.000751858e+000 
1.004402156e+000 1.000803908e+000 
1.004147237e+000 1.000787887e+000 
1.004082804e+000 1.000785632e+000 
1.002109169e+000 1.000614575e+000 
1.004191115e+000 1.000788051e+000 
1.002995593e+000 1.000702586e+000 
1.004036518e+000 1.000771737e+000 
1.004077478e+000 1.000785471e+000 
1.004185789e+000 1.000787891e+000 
1.004293844e+000 1.000801489e+000 
1.004317340e+000 1.000803543e+000 
1.003661400e+000 1.000754278e+000 
1.003828563e+000 1.000769971e+000 
1.003872441e+000 1.000770135e+000 
1.004249967e+000 1.000801325e+000 
1.003509211e+000 1.000751694e+000 
1.004038926e+000 1.000785467e+000 
1.003576585e+000 1.000753912e+000 
1.002253807e+000 1.000632378e+000 
1.002323621e+000 1.000648493e+000 
1.003019088e+000 1.000704640e+000 
1.002441530e+000 1.000651614e+000 
1.004106300e+000 1.000787685e+000 
1.002951715e+000 1.000702421e+000 
1.002097674e+000 1.000613043e+000 
1.002542129e+000 1.000667523e+000 
1.002341415e+000 1.000648590e+000 
1.002297537e+000 1.000648426e+000 
1.002586007e+000 1.000667687e+000 
1.002892844e+000 1.000699544e+000 
1.003484791e+000 1.000736477e+000 
1.002452916e+000 1.000652804e+000 
1.003109673e+000 1.000719018e+000 
1.003042300e+000 1.000716800e+000 
1.002758382e+000 1.000685001e+000 
1.003086178e+000 1.000716964e+000 
1.002676592e+000 1.000682065e+000 
1.003153551e+000 1.000719182e+000 
1.002827214e+000 1.000685177e+000 
1.002410283e+000 1.000651543e+000 
1.002632714e+000 1.000681901e+000 
1.002740658e+000 1.000684943e+000 
1.002230849e+000 1.000632276e+000 
1.002204765e+000 1.000632209e+000 
1.001973088e+000 1.000595433e+000 
1.035748125e+000 1.194330207e+000 
1.036121206e+000 1.195153898e+000 
1.035336477e+000 1.193793070e+000 
1.036611834e+000 1.196132429e+000 
1.035584924e+000 1.194136030e+000 
1.000787966e+000 1.000083250e+000 
1.001266237e+000 1.000098949e+000 
1.001715762e+000 1.000111180e+000 
1.000575135e+000 1.000075142e+000 
1.001348603e+000 1.000101793e+000 
1.001272592e+000 1.000099061e+000 
1.000502523e+000 1.000070296e+000 
1.000711955e+000 1.000080518e+000 
1.000625359e+000 1.000077269e+000 
1.000780259e+000 1.000080721e+000 
1.001442255e+000 1.000105741e+000 
1.000834772e+000 1.000085160e+000 
1.001892208e+000 1.000113462e+000 
1.001702076e+000 1.000108446e+000 
1.000381506e+000 1.000067002e+000 
1.000947052e+000 1.000088997e+000 
1.000831333e+000 1.000083872e+000 
1.000000000e+000 1.000044465e+000 
1.000005075e+000 1.000044543e+000 
1.000676664e+000 1.000079909e+000 
1.000494526e+000 1.000069982e+000 
1.001023064e+000 1.000091729e+000 
1.001558917e+000 1.000108180e+000 
1.000599675e+000 1.000076681e+000 
1.000802235e+000 1.000083331e+000 
1.001464541e+000 1.000105900e+000 
1.001098111e+000 1.000093780e+000 
1.001098794e+000 1.000094086e+000 
1.000549450e+000 1.000074741e+000 
1.000689215e+000 1.000080327e+000 
1.000924313e+000 1.000088805e+000 
1.000810232e+000 1.000083621e+000 
1.000427970e+000 1.000067068e+000 
1.000049341e+000 1.000048716e+000 
1.000460507e+000 1.000067998e+000 
1.000317650e+000 1.000063944e+000 
1.000544750e+000 1.000071922e+000 
1.000518719e+000 1.000070343e+000 
1.001000325e+000 1.000091537e+000 
1.000355821e+000 1.000066561e+000 
1.000826428e+000 1.000083668e+000 
1.001506610e+000 1.000106396e+000 
1.001249853e+000 1.000098870e+000 
1.000878144e+000 1.000085859e+000 
1.001365790e+000 1.000102899e+000 
1.000762572e+000 1.000080610e+000 
1.000241741e+000 1.000061392e+000 
1.000199302e+000 1.000058497e+000 
1.000291965e+000 1.000063333e+000 
1.000267425e+000 1.000061818e+000 
1.001581657e+000 1.000108371e+000 
1.000149077e+000 1.000056557e+000 
1.001313483e+000 1.000101116e+000 
1.001073110e+000 1.000093668e+000 
1.001224168e+000 1.000098452e+000 
1.001205888e+000 1.000097622e+000 
1.000099736e+000 1.000052180e+000 
1.000493034e+000 1.000069901e+000 
1.000101175e+000 1.000052453e+000 
1.001049687e+000 1.000093171e+000 
1.000974640e+000 1.000091197e+000 
1.000898629e+000 1.000088388e+000 
1.000454862e+000 1.000067285e+000 
1.000476838e+000 1.000069871e+000 
1.001139001e+000 1.000095835e+000 
1.001290059e+000 1.000100619e+000 
1.000784548e+000 1.000083220e+000 
1.000527063e+000 1.000071811e+000 
1.001827845e+000 1.000113085e+000 
1.001214048e+000 1.000097810e+000 
1.001388529e+000 1.000103091e+000 
1.010998207e+000 1.006656082e+000 
1.007957600e+000 1.006068907e+000 
1.009469726e+000 1.006424842e+000 
1.008185686e+000 1.006143627e+000 
1.006403051e+000 1.005649763e+000 
1.009251932e+000 1.006363527e+000 
1.005963755e+000 1.005527394e+000 
1.009231443e+000 1.006361849e+000 
1.010188111e+000 1.006483224e+000 
1.006320348e+000 1.005642681e+000 
1.004997332e+000 1.005244412e+000 
1.006717304e+000 1.005744543e+000 
1.007808910e+000 1.006021233e+000 
1.006524794e+000 1.005716481e+000 
1.006285626e+000 1.005625479e+000 
1.009343301e+000 1.006378590e+000 
1.009016492e+000 1.006349532e+000 
1.005641501e+000 1.005429309e+000 
1.009963302e+000 1.006463651e+000 
1.005955754e+000 1.005524089e+000 
1.005814546e+000 1.005451437e+000 
1.009697080e+000 1.006463635e+000 
1.009604894e+000 1.006460875e+000 
1.006599879e+000 1.005720259e+000 
1.008645411e+000 1.006245489e+000 
1.006649961e+000 1.005740766e+000 
1.006271991e+000 1.005622174e+000 
1.010184464e+000 1.006464090e+000 
1.006202539e+000 1.005618396e+000 
1.004457210e+000 1.005033351e+000 
1.006130238e+000 1.005600915e+000 
1.011234828e+000 1.006723434e+000 
1.010646529e+000 1.006611507e+000 
1.011710904e+000 1.006806374e+000 
1.012405846e+000 1.006921760e+000 
1.008537344e+000 1.006168959e+000 
1.430682175e+000 1.972234219e+000 
1.484122877e+000 1.981931686e+000 
1.426599754e+000 1.971575387e+000 
1.368074930e+000 1.953661112e+000 
1.518345021e+000 1.987269614e+000 
1.481520105e+000 1.981773632e+000 
1.370044161e+000 1.954034914e+000 
1.358309679e+000 1.949201160e+000 
1.366986720e+000 1.953420241e+000 
1.441865441e+000 1.974897687e+000 
1.422020141e+000 1.970488049e+000 
1.447798695e+000 1.976396606e+000 
1.445653891e+000 1.976145968e+000 
1.375390646e+000 1.956557757e+000 
1.450168175e+000 1.976620010e+000 
1.449408530e+000 1.976584674e+000 
1.531133269e+000 1.988837277e+000 
1.481965674e+000 1.981821999e+000 
1.367470006e+000 1.953430356e+000 
1.457716833e+000 1.978006767e+000 
1.386342696e+000 1.960141815e+000 
1.450542345e+000 1.976717428e+000 
1.368450964e+000 1.953944843e+000 
1.376109859e+000 1.956817004e+000 
1.414981260e+000 1.968892541e+000 
1.404877562e+000 1.966434127e+000 
1.374896979e+000 1.956342551e+000 
1.395576681e+000 1.962635977e+000 
1.353425185e+000 1.944831905e+000 
1.450984832e+000 1.976984531e+000 
1.396664278e+000 1.963753909e+000 
1.673096012e+000 1.998488613e+000 
1.673450486e+000 1.998749404e+000 
1.413356029e+000 1.968396661e+000 
1.654154380e+000 1.997908284e+000 
1.660988609e+000 1.998237240e+000 
1.443186197e+000 1.975332384e+000 
1.350787787e+000 1.942681981e+000 
1.356805649e+000 1.948609163e+000 
1.410664368e+000 1.967581620e+000 
1.372869947e+000 1.955539256e+000 
1.351618192e+000 1.943971073e+000 
1.395747177e+000 1.962890737e+000 
1.372931308e+000 1.956100879e+000 
1.444040512e+000 1.975337898e+000 
1.392906106e+000 1.962148580e+000 
1.391333505e+000 1.962035267e+000 
1.452277159e+000 1.977096278e+000 
1.657481821e+000 1.998096900e+000 
1.357684985e+000 1.948650159e+000 
1.519084229e+000 1.987359408e+000 
1.363064716e+000 1.950763011e+000 
1.393545161e+000 1.962473676e+000 
1.662521810e+000 1.998239534e+000 
1.355508498e+000 1.945394218e+000 
1.664856632e+000 1.998429913e+000 
1.378078637e+000 1.957647970e+000 
1.352548187e+000 1.944053339e+000 
1.727991505e+000 1.999787746e+000 
1.459331282e+000 1.978344650e+000 
1.654030869e+000 1.997908259e+000 
1.352606129e+000 1.944151499e+000 
1.357994292e+000 1.949011620e+000 
1.354575359e+000 1.945102415e+000 
1.377870208e+000 1.957537192e+000 
1.655284730e+000 1.998094970e+000 
1.359176816e+000 1.949243639e+000 
1.697594392e+000 1.999567463e+000 
1.378807534e+000 1.958143387e+000 
1.381137224e+000 1.959156665e+000 
1.376528518e+000 1.957390437e+000 
1.731278280e+000 2.000000000e+000 
1.542050601e+000 1.990554797e+000 
1.361712629e+000 1.950093924e+000 
1.355684823e+000 1.946028917e+000 
1.354788606e+000 1.945333609e+000 
1.662571499e+000 1.998414406e+000 
1.352789132e+000 1.944216515e+000 
1.383825548e+000 1.959553043e+000 
1.383646016e+000 1.959157305e+000 
1.541763118e+000 1.990519197e+000 
1.350876588e+000 1.943724426e+000 
1.697341425e+000 1.999458643e+000 
1.379738535e+000 1.958280838e+000 
1.371967384e+000 1.955093814e+000 
1.470273868e+000 1.979878712e+000 
1.471019968e+000 1.980132272e+000 
1.372075239e+000 1.955441164e+000 
1.557461870e+000 1.992028780e+000 
1.362302279e+000 1.950446622e+000 
1.360376206e+000 1.949780072e+000 
1.423485650e+000 1.970711961e+000 
1.350463832e+000 1.942521054e+000 
1.424102697e+000 1.971006235e+000 
1.362242290e+000 1.950328697e+000 
1.361144375e+000 1.950002915e+000 
1.371249138e+000 1.954681073e+000 
1.353175748e+000 1.944622935e+000 
1.436501184e+000 1.973714959e+000 
1.400431060e+000 1.965301021e+000 
1.414393361e+000 1.968587766e+000 
1.429237946e+000 1.972232057e+000 
1.428412321e+000 1.972071927e+000 
1.425028267e+000 1.971257873e+000 
1.426655503e+000 1.971820955e+000 
1.362050860e+000 1.950204039e+000 
1.412041950e+000 1.968372096e+000 
1.423245591e+000 1.970546849e+000 
1.423375325e+000 1.970590485e+000 
1.411629790e+000 1.968215585e+000 
1.729224808e+000 1.999838582e+000 
1.408511545e+000 1.967352121e+000 
1.360267958e+000 1.949617369e+000 
1.360144993e+000 1.949561403e+000 
1.408390142e+000 1.967302632e+000 
1.406930082e+000 1.966990948e+000 
1.406096364e+000 1.966651322e+000 
1.402086139e+000 1.965689570e+000 
1.406276791e+000 1.966734045e+000 
1.363851654e+000 1.950961096e+000 
1.380816518e+000 1.958515020e+000 
1.406417926e+000 1.966811237e+000 
1.402412781e+000 1.965714633e+000 
1.401628727e+000 1.965669386e+000 
1.423501411e+000 1.970841962e+000 
1.697250833e+000 1.999430926e+000 
1.439914300e+000 1.974450571e+000 
1.421027669e+000 1.970177711e+000 
1.727884672e+000 1.999724641e+000 
1.531259726e+000 1.988984654e+000 
1.730824845e+000 1.999938847e+000 
1.398429336e+000 1.964457187e+000 
1.401537469e+000 1.965491823e+000 
1.519921905e+000 1.987899501e+000 
1.418243752e+000 1.969482151e+000 
1.366291918e+000 1.952345247e+000 
1.364882215e+000 1.952227898e+000 
1.419427545e+000 1.969789132e+000 
1.386964100e+000 1.960346859e+000 
1.384373594e+000 1.959968524e+000 
1.396345707e+000 1.963244777e+000 
1.418283226e+000 1.969552710e+000 
1.388396992e+000 1.960605245e+000 
1.419848209e+000 1.970040281e+000 
1.388435364e+000 1.960621082e+000 
1.379303560e+000 1.958202911e+000 
1.421744764e+000 1.970486891e+000 
1.421536714e+000 1.970424590e+000 
1.571994531e+000 1.993200632e+000 
1.544242610e+000 1.990905995e+000 
1.560829875e+000 1.992537107e+000 
1.366185894e+000 1.952256002e+000 
1.360773700e+000 1.949887515e+000 
1.435069248e+000 1.973681102e+000 
1.415862795e+000 1.968999964e+000 
1.461163565e+000 1.978530798e+000 
1.486447595e+000 1.982975944e+000 
1.565195127e+000 1.992809255e+000 
1.559366231e+000 1.992292937e+000 
1.439406123e+000 1.974332512e+000 
1.399970134e+000 1.964943329e+000 
1.690171762e+000 1.999400537e+000 
1.463823755e+000 1.979118860e+000 
1.466950619e+000 1.979442326e+000 
1.426424663e+000 1.971480290e+000 
1.388995304e+000 1.960770460e+000 
1.387646842e+000 1.960433779e+000 
1.386376906e+000 1.960331516e+000 
1.364253604e+000 1.951726525e+000 
1.730202729e+000 1.999867668e+000 
1.426551474e+000 1.971522618e+000 
1.489040097e+000 1.983529860e+000 
1.455549219e+000 1.977632091e+000 
1.454385497e+000 1.977298649e+000 
1.457274229e+000 1.977952244e+000 
1.456964608e+000 1.977917715e+000 
1.458678904e+000 1.978092594e+000 
1.666964672e+000 1.998453467e+000 
1.458749581e+000 1.978239108e+000 
1.364142772e+000 1.951092899e+000 
1.437206783e+000 1.973893202e+000 
1.366301088e+000 1.952393054e+000 
1.545768550e+000 1.991171961e+000 
1.551024717e+000 1.991594325e+000 
1.558779376e+000 1.992179026e+000 
1.498784225e+000 1.984758818e+000 
1.545433877e+000 1.991134425e+000 
1.622805202e+000 1.996255165e+000 
1.546141727e+000 1.991346826e+000 
1.544252884e+000 1.990979400e+000 
1.543036956e+000 1.990835623e+000 
1.727659131e+000 1.999668656e+000 
1.461181412e+000 1.978559275e+000 
1.686663329e+000 1.998952206e+000 
1.485175913e+000 1.982696203e+000 
1.550521002e+000 1.991499788e+000 
1.417671468e+000 1.969163280e+000 
1.553382109e+000 1.991760709e+000 
1.554291122e+000 1.992022446e+000 
1.718455197e+000 1.999603674e+000 
1.442849566e+000 1.975052165e+000 
1.441306609e+000 1.974893825e+000 
1.465362015e+000 1.979341994e+000 
1.588179409e+000 1.994235621e+000 
1.438803780e+000 1.974264735e+000 
1.433538431e+000 1.973040014e+000 
1.601296458e+000 1.994997963e+000 
1.433657738e+000 1.973185502e+000 
1.445116560e+000 1.975600273e+000 
1.521710417e+000 1.988188614e+000 
1.524601502e+000 1.988501116e+000 
1.532590648e+000 1.989570953e+000 
1.531819460e+000 1.989496796e+000 
1.520912085e+000 1.988020801e+000 
1.524300197e+000 1.988412258e+000 
1.461867966e+000 1.978611091e+000 
1.590948999e+000 1.994544424e+000 
1.533540326e+000 1.989684449e+000 
1.589260631e+000 1.994345850e+000 
1.596919240e+000 1.994841819e+000 
1.460509530e+000 1.978357667e+000 
1.587060193e+000 1.994216626e+000 
1.596405551e+000 1.994697016e+000 
1.682473097e+000 1.998807525e+000 
1.436600215e+000 1.973752820e+000 
1.540242876e+000 1.990296995e+000 
1.532029728e+000 1.989505280e+000 
1.540161500e+000 1.990260940e+000 
1.599465591e+000 1.994996880e+000 
1.515876546e+000 1.987114977e+000 
1.595515196e+000 1.994662052e+000 
1.567781288e+000 1.993067467e+000 
1.533921524e+000 1.989708522e+000 
1.484175815e+000 1.982639863e+000 
1.594014301e+000 1.994609785e+000 
1.606537301e+000 1.995707440e+000 
1.577710005e+000 1.993764525e+000 
1.582883377e+000 1.993950429e+000 
1.507754433e+000 1.985949806e+000 
1.579413213e+000 1.993796933e+000 
1.579553652e+000 1.993870560e+000 
1.503993110e+000 1.985659097e+000 
1.576364891e+000 1.993543936e+000 
1.628144671e+000 1.996563253e+000 
1.631609120e+000 1.997013644e+000 
1.632408748e+000 1.997070525e+000 
1.393447353e+000 1.962180149e+000 
1.390844391e+000 1.961463565e+000 
1.571806178e+000 1.993158341e+000 
1.617815924e+000 1.996200237e+000 
1.475586481e+000 1.980974033e+000 
1.610485461e+000 1.996021485e+000 
1.473496479e+000 1.980566981e+000 
1.479923275e+000 1.981642513e+000 
1.573277199e+000 1.993408039e+000 
1.479618330e+000 1.981587241e+000 
1.476712401e+000 1.981248252e+000 
1.573016726e+000 1.993394181e+000 
1.612929360e+000 1.996150908e+000 
1.500229388e+000 1.984873507e+000 
1.485508842e+000 1.982822433e+000 
1.513536726e+000 1.986914370e+000 
1.601928294e+000 1.995021951e+000 
1.491332205e+000 1.983754892e+000 
1.477521421e+000 1.981416569e+000 
1.604041423e+000 1.995291890e+000 
1.503311823e+000 1.985218432e+000 
1.470319414e+000 1.979994817e+000 
1.495525417e+000 1.984490851e+000 
1.495198418e+000 1.984379171e+000 
1.494346224e+000 1.984239268e+000 
1.495475387e+000 1.984457609e+000 
1.468318322e+000 1.979593495e+000 
1.472596843e+000 1.980364650e+000 
1.602293931e+000 1.995105857e+000 
1.602795003e+000 1.995289380e+000 
1.635917947e+000 1.997265427e+000 
1.471761381e+000 1.980254462e+000 
1.641068437e+000 1.997593052e+000 
1.643926421e+000 1.997796915e+000 
1.655226855e+000 1.997912572e+000 
1.507072379e+000 1.985903128e+000 
1.489985862e+000 1.983607856e+000 
1.510791103e+000 1.986459368e+000 
1.505459967e+000 1.985830190e+000 
1.511992179e+000 1.986515834e+000 
1.597038431e+000 1.994975604e+000 
1.650343530e+000 1.997900935e+000 
1.649231398e+000 1.997842309e+000 
1.583980344e+000 1.994026826e+000 
1.513241193e+000 1.986748233e+000 
1.629869961e+000 1.996711515e+000 
1.528631268e+000 1.988806429e+000 
1.526866217e+000 1.988592452e+000 
1.623421710e+000 1.996519094e+000 
1.682985828e+000 1.998876564e+000 
1.684372516e+000 1.998907771e+000 
1.672311052e+000 1.998477611e+000 
1.626927873e+000 1.996523584e+000 
1.627676958e+000 1.996539517e+000 

