1.017328004e+000 1.177530848e+000 
1.017514151e+000 1.177648871e+000 
1.018585999e+000 1.180029744e+000 
1.017435827e+000 1.177610996e+000 
1.016716611e+000 1.175129212e+000 
1.010780570e+000 1.064266131e+000 
1.011990082e+000 1.065721272e+000 
1.012710973e+000 1.067068089e+000 
1.009411581e+000 1.061387693e+000 
1.009655280e+000 1.062099284e+000 
1.011032377e+000 1.064794531e+000 
1.011522552e+000 1.065043678e+000 
1.010985241e+000 1.064362745e+000 
1.012631986e+000 1.066521670e+000 
1.010654969e+000 1.064105512e+000 
1.012403065e+000 1.066521096e+000 
1.012058619e+000 1.065796892e+000 
1.009959183e+000 1.062599051e+000 
1.009914174e+000 1.062540811e+000 
1.010330387e+000 1.063352265e+000 
1.009995241e+000 1.062627685e+000 
1.185306596e+000 1.892860709e+000 
1.193878592e+000 1.895474139e+000 
1.211744834e+000 1.902568043e+000 
1.047123039e+000 1.756605343e+000 
1.054259416e+000 1.769875335e+000 
1.065015324e+000 1.787559893e+000 
1.048681570e+000 1.759467041e+000 
1.051913884e+000 1.765882291e+000 
1.031613252e+000 1.723089728e+000 
1.116761567e+000 1.846587288e+000 
1.073348901e+000 1.799809719e+000 
1.054473421e+000 1.770597953e+000 
1.072037660e+000 1.797453849e+000 
1.055974318e+000 1.772770498e+000 
1.056994197e+000 1.774886740e+000 
1.035007574e+000 1.730369815e+000 
1.089103499e+000 1.819963224e+000 
1.052552208e+000 1.766444299e+000 
1.046444986e+000 1.755141900e+000 
1.032984517e+000 1.725931951e+000 
1.043303239e+000 1.748258094e+000 
1.109105853e+000 1.840288870e+000 
1.027695301e+000 1.713355077e+000 
1.119072970e+000 1.848598887e+000 
1.051485010e+000 1.764416083e+000 
1.150190690e+000 1.874626911e+000 
1.087129165e+000 1.817302796e+000 
1.028565791e+000 1.715824724e+000 
1.225999117e+000 1.909787437e+000 
1.034090733e+000 1.728228469e+000 
1.029777001e+000 1.718869865e+000 
1.032036833e+000 1.724078522e+000 
1.081661003e+000 1.810985265e+000 
1.047987805e+000 1.758109411e+000 
1.027767265e+000 1.713744897e+000 
1.079904508e+000 1.808646065e+000 
1.026886626e+000 1.711430987e+000 
1.030137573e+000 1.719376767e+000 
1.055286132e+000 1.771608133e+000 
1.218989365e+000 1.906929567e+000 
1.043007412e+000 1.747662910e+000 
1.041784086e+000 1.744695416e+000 
1.084591125e+000 1.814212806e+000 
1.039444565e+000 1.739278584e+000 
1.211832052e+000 1.904204264e+000 
1.223537496e+000 1.908877541e+000 
1.068565089e+000 1.792498548e+000 
1.102391654e+000 1.833431273e+000 
1.159369442e+000 1.880735509e+000 
1.168582960e+000 1.886137873e+000 
1.125684908e+000 1.853811273e+000 
1.036795070e+000 1.732905552e+000 
1.038642628e+000 1.737071656e+000 
1.057344370e+000 1.775302316e+000 
1.180707433e+000 1.892080189e+000 
1.057823882e+000 1.776242108e+000 
1.027407173e+000 1.712692114e+000 
1.206950888e+000 1.902542451e+000 
1.031037759e+000 1.721895564e+000 
1.054195322e+000 1.769543351e+000 
1.053667195e+000 1.768595636e+000 
1.029618287e+000 1.718378834e+000 
1.042665898e+000 1.746579679e+000 
1.050357475e+000 1.762560976e+000 
1.026605944e+000 1.710311445e+000 
1.055893070e+000 1.772425300e+000 
1.026610719e+000 1.710572881e+000 
1.106633688e+000 1.837856479e+000 
1.045352801e+000 1.752510319e+000 
1.085572810e+000 1.815524333e+000 
1.101899804e+000 1.832816024e+000 
1.197966135e+000 1.899093443e+000 
1.058572473e+000 1.777547558e+000 
1.138597524e+000 1.865237704e+000 
1.058128933e+000 1.776698586e+000 
1.079219082e+000 1.807934108e+000 
1.118136997e+000 1.847896499e+000 
1.097660002e+000 1.828384523e+000 
1.077512712e+000 1.805369599e+000 
1.178914065e+000 1.890951283e+000 
1.103586143e+000 1.834567494e+000 
1.041406870e+000 1.743761063e+000 
1.198105657e+000 1.899628529e+000 
1.083798802e+000 1.813796302e+000 
1.039648508e+000 1.739809236e+000 
1.110896353e+000 1.842083470e+000 
1.083059693e+000 1.812745750e+000 
1.040868842e+000 1.742566126e+000 
1.069724105e+000 1.794461349e+000 
1.141598929e+000 1.867186161e+000 
1.056075785e+000 1.772910157e+000 
1.174855315e+000 1.889273031e+000 
1.085609780e+000 1.816098788e+000 
1.089233268e+000 1.819967787e+000 
1.084593786e+000 1.814528832e+000 
1.046376814e+000 1.754783356e+000 
1.156261901e+000 1.878430415e+000 
1.199667487e+000 1.899889499e+000 
1.142672779e+000 1.868059400e+000 
1.024946315e+000 1.704436525e+000 
1.091599713e+000 1.822988157e+000 
1.046736367e+000 1.755414064e+000 
1.155482586e+000 1.877863169e+000 
1.200734389e+000 1.900101992e+000 
1.073995617e+000 1.800313048e+000 
1.113411530e+000 1.844509987e+000 
1.092612870e+000 1.823797986e+000 
1.088377432e+000 1.819143197e+000 
1.164275231e+000 1.883170802e+000 
1.090459741e+000 1.821259559e+000 
1.181464704e+000 1.892577029e+000 
1.115614908e+000 1.846236386e+000 
1.094662019e+000 1.825679240e+000 
1.110755559e+000 1.841698940e+000 
1.098205881e+000 1.829567591e+000 
1.062123317e+000 1.783119773e+000 
1.055113570e+000 1.771126989e+000 
1.072147107e+000 1.797565029e+000 
1.165857932e+000 1.883871013e+000 
1.025064267e+000 1.705686689e+000 
1.111896753e+000 1.842581256e+000 
1.118320812e+000 1.848073430e+000 
1.129576744e+000 1.858259352e+000 
1.146824483e+000 1.870711118e+000 
1.062081149e+000 1.783111428e+000 
1.149061756e+000 1.873096647e+000 
1.146888609e+000 1.871123930e+000 
1.059916998e+000 1.779699267e+000 
1.151662581e+000 1.875146059e+000 
1.078886742e+000 1.807015945e+000 
1.141730638e+000 1.867811010e+000 
1.117816414e+000 1.847359728e+000 
1.119689641e+000 1.849096091e+000 
1.066815935e+000 1.790254659e+000 
1.080397195e+000 1.808919687e+000 
1.180474456e+000 1.891646693e+000 
1.038730540e+000 1.737339740e+000 
1.204106233e+000 1.901736135e+000 
1.063586974e+000 1.785409615e+000 
1.068790773e+000 1.793184398e+000 
1.138190454e+000 1.865172904e+000 
1.130880406e+000 1.859005152e+000 
1.145455654e+000 1.869774071e+000 
1.039062417e+000 1.738212859e+000 
1.059408310e+000 1.778581866e+000 
1.215146515e+000 1.905907129e+000 
1.148196836e+000 1.872505799e+000 
1.147749603e+000 1.871265192e+000 
1.108707386e+000 1.839799508e+000 
1.074493671e+000 1.801235641e+000 
1.076268908e+000 1.803453544e+000 
1.088291200e+000 1.818736574e+000 
1.149865177e+000 1.873410002e+000 
1.116895473e+000 1.847268531e+000 
1.139420093e+000 1.865936615e+000 
1.117840422e+000 1.847502690e+000 
1.120620097e+000 1.849741086e+000 
1.175573355e+000 1.889324284e+000 
1.126633152e+000 1.855676806e+000 
1.076729823e+000 1.804437202e+000 
1.153002800e+000 1.875744466e+000 
1.179517720e+000 1.891645906e+000 
1.102510232e+000 1.833982887e+000 
1.105011442e+000 1.835350288e+000 
1.169820226e+000 1.886570148e+000 
1.172833305e+000 1.888404382e+000 
1.178905615e+000 1.890947296e+000 
1.124622430e+000 1.852412788e+000 
1.171750080e+000 1.886700387e+000 
1.188575087e+000 1.895064883e+000 
1.178332112e+000 1.890612559e+000 
1.144310706e+000 1.868600542e+000 
1.000104085e+000 1.000087650e+000 
9.999999995e-001 1.000085257e+000 
1.000120323e+000 1.000087652e+000 
1.000069678e+000 1.000087649e+000 
1.000225577e+000 1.000089061e+000 
1.000188826e+000 1.000088019e+000 
1.000051917e+000 1.000085700e+000 
1.000032510e+000 1.000085448e+000 
1.000145607e+000 1.000087965e+000 
1.000180014e+000 1.000087966e+000 
1.000255933e+000 1.000089988e+000 
1.008634514e+000 1.034205077e+000 
1.001566880e+000 1.001647438e+000 
1.001648885e+000 1.001681606e+000 
1.001575588e+000 1.001649967e+000 
1.001638545e+000 1.001681545e+000 
1.003634762e+000 1.010923011e+000 
1.004498722e+000 1.011854060e+000 
1.003993070e+000 1.011463406e+000 
1.003894769e+000 1.011301917e+000 
1.004011929e+000 1.011463452e+000 
1.004079479e+000 1.011492456e+000 
1.004062280e+000 1.011466157e+000 
1.004228132e+000 1.011656649e+000 
1.004161793e+000 1.011498756e+000 
1.004436461e+000 1.011736776e+000 
1.004327644e+000 1.011689251e+000 
1.004386110e+000 1.011734071e+000 
1.003671448e+000 1.011076171e+000 
1.003738999e+000 1.011105174e+000 
1.018746027e+000 1.180724770e+000 
1.019005281e+000 1.181944644e+000 
1.021388750e+000 1.186659872e+000 
1.017014363e+000 1.175574423e+000 
1.019334140e+000 1.182371545e+000 
1.021184001e+000 1.186291952e+000 
1.018934656e+000 1.181626624e+000 
1.020600725e+000 1.185323687e+000 
1.019400264e+000 1.182682477e+000 
1.020405027e+000 1.184869186e+000 
1.021448977e+000 1.186900744e+000 
1.001346554e+000 1.000450724e+000 
1.000285159e+000 1.000375560e+000 
1.000362089e+000 1.000384135e+000 
1.000553053e+000 1.000395918e+000 
1.000860814e+000 1.000428614e+000 
1.001024279e+000 1.000438952e+000 
1.001146080e+000 1.000441220e+000 
1.001228827e+000 1.000449280e+000 
1.000951422e+000 1.000431201e+000 
1.000787957e+000 1.000420863e+000 
1.000876332e+000 1.000430592e+000 
1.001466363e+000 1.000459909e+000 
1.001028352e+000 1.000439777e+000 
1.001265889e+000 1.000450405e+000 
1.000745078e+000 1.000420254e+000 
1.000377397e+000 1.000386091e+000 
1.000864887e+000 1.000429438e+000 
1.000371980e+000 1.000385192e+000 
1.000557254e+000 1.000403318e+000 
1.000634184e+000 1.000411893e+000 
1.000295050e+000 1.000376616e+000 
1.000797650e+000 1.000422232e+000 
1.000473217e+000 1.000394659e+000 
1.000334812e+000 1.000377280e+000 
1.001354236e+000 1.000456610e+000 
1.000698673e+000 1.000418951e+000 
1.001544406e+000 1.000465961e+000 
1.001350683e+000 1.000451352e+000 
1.000436049e+000 1.000386747e+000 
1.000994369e+000 1.000437592e+000 
1.001113146e+000 1.000440724e+000 
1.001153762e+000 1.000447106e+000 
1.001358309e+000 1.000457434e+000 
1.000990296e+000 1.000436768e+000 
1.001391298e+000 1.000457734e+000 
1.001395371e+000 1.000458559e+000 
1.001157835e+000 1.000447931e+000 
1.001109018e+000 1.000440096e+000 
1.001541011e+000 1.000460332e+000 
1.012870478e+000 1.101476073e+000 
1.015008957e+000 1.106090504e+000 
1.012997841e+000 1.101635656e+000 
1.013254279e+000 1.102318116e+000 
1.014184260e+000 1.104394469e+000 
1.016497734e+000 1.108484468e+000 
1.015136320e+000 1.106254243e+000 
1.016594625e+000 1.108881999e+000 
1.014449619e+000 1.104474471e+000 
1.006325508e+000 1.032610744e+000 
1.007038563e+000 1.033407252e+000 
1.006940466e+000 1.033371866e+000 
1.004878892e+000 1.030525240e+000 
1.005836355e+000 1.031949320e+000 
1.004521235e+000 1.029762318e+000 
1.005113955e+000 1.030900447e+000 
1.005245257e+000 1.031200663e+000 
1.004576983e+000 1.030126396e+000 
1.005049513e+000 1.030870176e+000 
1.004747603e+000 1.030471332e+000 
1.005284575e+000 1.031245383e+000 
1.004812045e+000 1.030501602e+000 
1.005376546e+000 1.031254571e+000 
1.005441647e+000 1.031503886e+000 
1.004518398e+000 1.029751813e+000 
1.009250679e+000 1.035019111e+000 
1.008067581e+000 1.034198536e+000 
1.007642967e+000 1.033811915e+000 
1.006206258e+000 1.032327728e+000 
1.006852466e+000 1.033100597e+000 
1.006793539e+000 1.033012921e+000 
1.007729119e+000 1.033864215e+000 
1.007347316e+000 1.033467117e+000 
1.007969484e+000 1.034163123e+000 
1.008744398e+000 1.034623250e+000 
1.006627418e+000 1.033009589e+000 
1.006513207e+000 1.032705148e+000 
1.006841935e+000 1.033065053e+000 
1.022707907e+000 1.288586056e+000 
1.024339661e+000 1.292390628e+000 
1.024867646e+000 1.293293517e+000 
1.023767855e+000 1.291179349e+000 
1.024294869e+000 1.292078077e+000 
1.022948255e+000 1.289411910e+000 
1.022061919e+000 1.286929983e+000 
1.001704638e+000 1.008331204e+000 
1.002799753e+000 1.008796132e+000 
1.002961398e+000 1.008872353e+000 
1.002892775e+000 1.008872067e+000 
1.003378366e+000 1.008971133e+000 
1.003066285e+000 1.008891085e+000 
1.003255075e+000 1.008967836e+000 
1.002719930e+000 1.008794043e+000 
1.003057165e+000 1.008873168e+000 
1.002442612e+000 1.008695973e+000 
1.003150187e+000 1.008949104e+000 
1.003397395e+000 1.009032099e+000 
1.002881574e+000 1.008870264e+000 
1.002463239e+000 1.008705498e+000 
1.001775571e+000 1.008366469e+000 
1.002263014e+000 1.008609801e+000 
1.003471388e+000 1.009047069e+000 
1.002788552e+000 1.008794328e+000 
1.002812952e+000 1.008869979e+000 
1.003359052e+000 1.008969925e+000 
1.002194391e+000 1.008609516e+000 
1.002373989e+000 1.008695688e+000 
1.002364765e+000 1.008611890e+000 
1.003070364e+000 1.008947015e+000 
1.001894572e+000 1.008377000e+000 
1.003034644e+000 1.008872778e+000 
1.002296142e+000 1.008611605e+000 
1.002630680e+000 1.008784233e+000 
1.001988204e+000 1.008436267e+000 
1.002108074e+000 1.008523345e+000 
1.002039451e+000 1.008523060e+000 
1.002699303e+000 1.008784518e+000 
1.001653391e+000 1.008244411e+000 
1.372623258e+000 1.973892164e+000 
1.245693329e+000 1.925219946e+000 
1.248487365e+000 1.926037283e+000 
1.247488774e+000 1.925953951e+000 
1.245895464e+000 1.925765063e+000 
1.372317743e+000 1.973691144e+000 
1.240500051e+000 1.920039676e+000 
1.294379311e+000 1.948075671e+000 
1.229106153e+000 1.913792678e+000 
1.233672159e+000 1.915169399e+000 
1.249421185e+000 1.927918992e+000 
1.236798697e+000 1.917200249e+000 
1.245372992e+000 1.923022074e+000 
1.228750559e+000 1.912935390e+000 
1.267653161e+000 1.937095821e+000 
1.512838572e+000 1.994382064e+000 
1.337311100e+000 1.964502544e+000 
1.243318861e+000 1.921433374e+000 
1.240324424e+000 1.919344443e+000 
1.343343052e+000 1.966161605e+000 
1.507459619e+000 1.994153403e+000 
1.307927185e+000 1.953523065e+000 
1.339884897e+000 1.965373537e+000 
1.248616359e+000 1.926861243e+000 
1.302290806e+000 1.951759918e+000 
1.511274328e+000 1.994220817e+000 
1.248726562e+000 1.926946817e+000 
1.512451302e+000 1.994368639e+000 
1.506114156e+000 1.993999561e+000 
1.234011631e+000 1.917119099e+000 
1.242031916e+000 1.920284763e+000 
1.680356717e+000 2.000000000e+000 
1.228625250e+000 1.910558257e+000 
1.500751269e+000 1.993617774e+000 
1.233755093e+000 1.915476693e+000 
1.677732311e+000 1.999977731e+000 
1.434287271e+000 1.985876515e+000 
1.242997250e+000 1.921215759e+000 
1.375731597e+000 1.974800902e+000 
1.434658998e+000 1.986096038e+000 
1.495474950e+000 1.993468359e+000 
1.237244602e+000 1.918058474e+000 
1.501715430e+000 1.993786137e+000 
1.500850615e+000 1.993672186e+000 
1.232933993e+000 1.914189943e+000 
1.602445850e+000 1.998639118e+000 
1.597265658e+000 1.998623990e+000 
1.242717258e+000 1.920706878e+000 
1.596090492e+000 1.998542231e+000 
1.306618612e+000 1.953465352e+000 
1.305010161e+000 1.952969087e+000 
1.621724078e+000 1.999148646e+000 
1.628612432e+000 1.999668038e+000 
1.623122964e+000 1.999165549e+000 
1.623845638e+000 1.999640769e+000 
1.239694916e+000 1.919265893e+000 
1.610714864e+000 1.998864110e+000 
1.361067054e+000 1.971526063e+000 
1.560444419e+000 1.997236720e+000 
1.258968232e+000 1.933500111e+000 
1.606835219e+000 1.998676326e+000 
1.562644985e+000 1.997638151e+000 
1.669912413e+000 1.999808005e+000 
1.561734859e+000 1.997481975e+000 
1.602489226e+000 1.998662877e+000 
1.604208852e+000 1.998667044e+000 
1.390919776e+000 1.978663495e+000 
1.270139812e+000 1.938565146e+000 
1.666585598e+000 1.999797294e+000 
1.565345792e+000 1.997738213e+000 
1.565458824e+000 1.997827999e+000 
1.245494106e+000 1.923561970e+000 
1.244834253e+000 1.922693997e+000 
1.670113212e+000 1.999853020e+000 
1.238519943e+000 1.918808672e+000 
1.272866428e+000 1.939798929e+000 
1.304991359e+000 1.952889355e+000 
1.308005976e+000 1.954436058e+000 
1.298550765e+000 1.950669304e+000 
1.302822433e+000 1.952495076e+000 
1.394432572e+000 1.979811261e+000 
1.286859863e+000 1.946091942e+000 
1.271368239e+000 1.939366903e+000 
1.256693119e+000 1.932369136e+000 
1.285586003e+000 1.945728867e+000 
1.321188690e+000 1.959298405e+000 
1.294490301e+000 1.948589212e+000 
1.304638887e+000 1.952870594e+000 
1.278050282e+000 1.942286254e+000 
1.277089630e+000 1.941842713e+000 
1.323490539e+000 1.960465305e+000 
1.259104315e+000 1.933601915e+000 
1.450961355e+000 1.988331266e+000 
1.288637932e+000 1.946734691e+000 
1.316433707e+000 1.957292340e+000 
1.295392704e+000 1.948938627e+000 
1.241576234e+000 1.920201080e+000 
1.309322214e+000 1.955375734e+000 
1.293856540e+000 1.948066804e+000 
1.277202335e+000 1.941947747e+000 
1.282759725e+000 1.944515394e+000 
1.566510913e+000 1.997832324e+000 
1.260481905e+000 1.933675092e+000 
1.274367341e+000 1.941051194e+000 
1.273124748e+000 1.940698199e+000 
1.284616285e+000 1.945280727e+000 
1.473678656e+000 1.991399111e+000 
1.252640925e+000 1.930307980e+000 
1.480083919e+000 1.992276037e+000 
1.322719161e+000 1.959962886e+000 
1.252533895e+000 1.929801371e+000 
1.255025111e+000 1.931821720e+000 
1.263761402e+000 1.936170542e+000 
1.245291011e+000 1.922710340e+000 
1.251146392e+000 1.928930757e+000 
1.250871187e+000 1.928079185e+000 
1.268431208e+000 1.938188888e+000 
1.253584082e+000 1.930880751e+000 
1.322882161e+000 1.960056918e+000 
1.253144632e+000 1.930778339e+000 
1.264469615e+000 1.936764157e+000 
1.327987648e+000 1.961900117e+000 
1.257706969e+000 1.933069894e+000 
1.298288627e+000 1.950038546e+000 
1.291759320e+000 1.947858001e+000 
1.473938921e+000 1.991441005e+000 
1.317372932e+000 1.958002686e+000 
1.315146256e+000 1.957275269e+000 
1.296874476e+000 1.949826791e+000 
1.314118552e+000 1.957058098e+000 
1.260802601e+000 1.934916961e+000 
1.377136858e+000 1.975643756e+000 
1.319837225e+000 1.958860848e+000 
1.317589570e+000 1.958359075e+000 
1.261573793e+000 1.935299321e+000 
1.555566764e+000 1.996846416e+000 
1.531344195e+000 1.995787465e+000 
1.518255216e+000 1.994936706e+000 
1.582112647e+000 1.998158818e+000 
1.416020651e+000 1.983561298e+000 
1.409389845e+000 1.982145491e+000 
1.314038345e+000 1.956811124e+000 
1.392439504e+000 1.979142867e+000 
1.242622527e+000 1.920321262e+000 
1.319031533e+000 1.958598315e+000 
1.482245585e+000 1.992536318e+000 
1.431352917e+000 1.985827971e+000 
1.425283110e+000 1.985186852e+000 
1.362287450e+000 1.971666846e+000 
1.584485481e+000 1.998301537e+000 
1.436950283e+000 1.987014638e+000 
1.439927997e+000 1.987350919e+000 
1.586685649e+000 1.998325448e+000 
1.581346390e+000 1.998028373e+000 
1.379557417e+000 1.976572567e+000 
1.387656819e+000 1.978349470e+000 
1.438475923e+000 1.987324924e+000 
1.378020109e+000 1.976279389e+000 
1.391345459e+000 1.978918957e+000 
1.650773943e+000 1.999670252e+000 
1.262543483e+000 1.935593816e+000 
1.550146093e+000 1.996787515e+000 
1.343791947e+000 1.967103590e+000 
1.522653429e+000 1.995411016e+000 
1.360003167e+000 1.971310198e+000 
1.388689571e+000 1.978559330e+000 
1.358348484e+000 1.971210990e+000 
1.383612870e+000 1.977397657e+000 
1.341130384e+000 1.966011880e+000 
1.276951166e+000 1.941674522e+000 
1.521682961e+000 1.995394304e+000 
1.497208320e+000 1.993578231e+000 
1.382376442e+000 1.977174476e+000 
1.392135221e+000 1.978986066e+000 
1.382157219e+000 1.976799490e+000 
1.436089222e+000 1.987009338e+000 
1.521653850e+000 1.994975310e+000 
1.666641692e+000 1.999806234e+000 
1.484180748e+000 1.992569155e+000 
1.475011196e+000 1.991909935e+000 
1.443350528e+000 1.987669188e+000 
1.664328260e+000 1.999763507e+000 
1.489111256e+000 1.993308650e+000 
1.367775892e+000 1.973285785e+000 
1.258946259e+000 1.933437261e+000 
1.661596361e+000 1.999677671e+000 
1.291691571e+000 1.947136371e+000 
1.486820459e+000 1.992901056e+000 
1.400658154e+000 1.980583488e+000 
1.346539164e+000 1.967415908e+000 
1.445327361e+000 1.987760487e+000 
1.369396478e+000 1.973686550e+000 
1.596015554e+000 1.998373688e+000 
1.356081704e+000 1.970464882e+000 
1.336608486e+000 1.964386779e+000 
1.365240360e+000 1.972849039e+000 
1.359439567e+000 1.971276369e+000 
1.334610484e+000 1.963919752e+000 
1.365457077e+000 1.973133959e+000 
1.345474284e+000 1.967415043e+000 
1.333180080e+000 1.963818583e+000 
1.364659553e+000 1.972811564e+000 
1.330294585e+000 1.962580628e+000 
1.332073116e+000 1.963220543e+000 
1.373539390e+000 1.974664081e+000 
1.352157392e+000 1.969431561e+000 
1.608097058e+000 1.998832269e+000 
1.575658839e+000 1.997991605e+000 
1.441897234e+000 1.987565451e+000 
1.423424005e+000 1.984787774e+000 
1.578670981e+000 1.998010505e+000 
1.348873436e+000 1.968550065e+000 
1.421313951e+000 1.984544628e+000 
1.364558881e+000 1.972757620e+000 
1.405495122e+000 1.981754932e+000 
1.330504552e+000 1.962777120e+000 
1.619365075e+000 1.999007575e+000 
1.623201451e+000 1.999449275e+000 
1.350448317e+000 1.969093635e+000 
1.327379448e+000 1.961848967e+000 
1.344629597e+000 1.967291180e+000 
1.311071060e+000 1.955817888e+000 
1.338051108e+000 1.965144025e+000 
1.347401402e+000 1.968115895e+000 
1.362891483e+000 1.972276190e+000 
1.426364954e+000 1.985301241e+000 
1.332980454e+000 1.963552820e+000 
1.611545530e+000 1.998982737e+000 
1.411106104e+000 1.982540547e+000 
1.595018712e+000 1.998369060e+000 
1.402283270e+000 1.980591417e+000 
1.347849210e+000 1.968285361e+000 
1.417285786e+000 1.984163244e+000 
1.537998395e+000 1.995982041e+000 
1.244159256e+000 1.921534279e+000 
1.403611661e+000 1.981217244e+000 
1.528486575e+000 1.995442006e+000 
1.300925471e+000 1.950863034e+000 
1.296209363e+000 1.949268357e+000 
1.558828438e+000 1.997233736e+000 
1.534937733e+000 1.995856466e+000 
1.538153082e+000 1.996331297e+000 
1.407531021e+000 1.981804171e+000 
1.465632528e+000 1.990672642e+000 
1.466277405e+000 1.990839509e+000 
1.458608800e+000 1.989635978e+000 
1.619446163e+000 1.999015215e+000 
1.469833112e+000 1.990996438e+000 
1.543279727e+000 1.996495875e+000 
1.316685922e+000 1.957307912e+000 
1.457557298e+000 1.989556792e+000 
1.459206063e+000 1.989853715e+000 
1.455973345e+000 1.989339400e+000 
1.453078887e+000 1.988695438e+000 
1.451020191e+000 1.988391537e+000 
1.398837076e+000 1.980010898e+000 
1.353340021e+000 1.969506737e+000 
1.279976241e+000 1.943193954e+000 

