1.000899670e+000 1.000219157e+000 
1.000697402e+000 1.000208464e+000 
1.001063108e+000 1.000225953e+000 
1.000747638e+000 1.000209248e+000 
1.000571415e+000 1.000198662e+000 
1.000222876e+000 1.000170953e+000 
1.000664471e+000 1.000201760e+000 
1.000914760e+000 1.000219322e+000 
1.000146408e+000 1.000162496e+000 
1.001006499e+000 1.000220884e+000 
1.000194255e+000 1.000162628e+000 
1.000523720e+000 1.000198581e+000 
1.000202234e+000 1.000162727e+000 
1.000184495e+000 1.000162532e+000 
1.000384203e+000 1.000189010e+000 
1.000290256e+000 1.000179510e+000 
1.001116001e+000 1.000229232e+000 
1.000239319e+000 1.000173691e+000 
1.000639803e+000 1.000200857e+000 
1.000667324e+000 1.000201853e+000 
1.000342075e+000 1.000180745e+000 
1.000805258e+000 1.000210974e+000 
1.000436022e+000 1.000190244e+000 
1.000951896e+000 1.000220086e+000 
1.000515292e+000 1.000191944e+000 
1.000755022e+000 1.000210189e+000 
1.000602082e+000 1.000200548e+000 
1.001044905e+000 1.000221982e+000 
1.000866739e+000 1.000212454e+000 
1.001034012e+000 1.000221407e+000 
1.001025008e+000 1.000220925e+000 
1.001154164e+000 1.000230780e+000 
1.000373651e+000 1.000182364e+000 
1.001134510e+000 1.000229273e+000 
1.000957290e+000 1.000220883e+000 
1.000214897e+000 1.000170854e+000 
1.000779367e+000 1.000210905e+000 
1.000316031e+000 1.000180638e+000 
1.001066792e+000 1.000229231e+000 
1.000409977e+000 1.000190138e+000 
1.000669865e+000 1.000202557e+000 
1.000467597e+000 1.000191863e+000 
1.000133401e+000 1.000000275e+000 
1.000139325e+000 1.000000293e+000 
1.000045379e+000 1.000000029e+000 
1.000087035e+000 1.000000040e+000 
9.999999996e-001 1.000000000e+000 
1.000122996e+000 1.000000262e+000 
1.000112302e+000 1.000000045e+000 
1.000081903e+000 1.000000038e+000 
1.047204636e+000 1.726134027e+000 
1.118730687e+000 1.822049229e+000 
1.251529654e+000 1.895289258e+000 
1.288727570e+000 1.911799064e+000 
1.102054294e+000 1.808890265e+000 
1.095990097e+000 1.800897875e+000 
1.064512013e+000 1.758003762e+000 
1.119355794e+000 1.823100776e+000 
1.117961069e+000 1.821682142e+000 
1.204599068e+000 1.877466210e+000 
1.165465640e+000 1.856555940e+000 
1.037845105e+000 1.707413246e+000 
1.079446033e+000 1.780277633e+000 
1.184872182e+000 1.867128833e+000 
1.073619664e+000 1.770987028e+000 
1.118940538e+000 1.822153702e+000 
1.043079532e+000 1.719374924e+000 
1.104308655e+000 1.810932016e+000 
1.033663633e+000 1.695669619e+000 
1.052220088e+000 1.737640452e+000 
1.059034316e+000 1.749316089e+000 
1.106463998e+000 1.812481277e+000 
1.032978807e+000 1.693225142e+000 
1.090158643e+000 1.794137703e+000 
1.043316240e+000 1.719925316e+000 
1.277862490e+000 1.908978535e+000 
1.054792446e+000 1.742174508e+000 
1.162094162e+000 1.854011750e+000 
1.078955247e+000 1.779857941e+000 
1.225634605e+000 1.887726860e+000 
1.060274083e+000 1.751320816e+000 
1.118161815e+000 1.821901071e+000 
1.228580390e+000 1.889546146e+000 
1.081047793e+000 1.782866155e+000 
1.041773569e+000 1.716256242e+000 
1.041663853e+000 1.716077610e+000 
1.203594549e+000 1.876590978e+000 
1.077592968e+000 1.777881498e+000 
1.090340990e+000 1.794324953e+000 
1.081474833e+000 1.782895184e+000 
1.082545504e+000 1.784794562e+000 
1.033623090e+000 1.695601161e+000 
1.173747819e+000 1.861328075e+000 
1.098633746e+000 1.804154003e+000 
1.092224324e+000 1.796673030e+000 
1.060525886e+000 1.751723629e+000 
1.058810404e+000 1.748536248e+000 
1.099484052e+000 1.805579983e+000 
1.087056559e+000 1.790585468e+000 
1.090931371e+000 1.795311983e+000 
1.045036280e+000 1.723167179e+000 
1.048594492e+000 1.729999863e+000 
1.156861216e+000 1.851075320e+000 
1.036049258e+000 1.703056316e+000 
1.072310472e+000 1.769459160e+000 
1.130033554e+000 1.832684564e+000 
1.035450479e+000 1.701825358e+000 
1.252172483e+000 1.897217087e+000 
1.089442800e+000 1.793378953e+000 
1.086422638e+000 1.789955753e+000 
1.048452189e+000 1.729883350e+000 
1.075877728e+000 1.775230959e+000 
1.226647171e+000 1.888279289e+000 
1.045178583e+000 1.723283692e+000 
1.061196078e+000 1.752727957e+000 
1.107182212e+000 1.813320549e+000 
1.040588914e+000 1.713453190e+000 
1.201130604e+000 1.876050896e+000 
1.246315722e+000 1.894328662e+000 
1.090773528e+000 1.794633790e+000 
1.296537881e+000 1.913093935e+000 
1.091291301e+000 1.795885563e+000 
1.107493271e+000 1.813684166e+000 
1.044516760e+000 1.721931012e+000 
1.050425814e+000 1.734099132e+000 
1.053927191e+000 1.740538254e+000 
1.086012424e+000 1.789450871e+000 
1.088901551e+000 1.792184479e+000 
1.110813211e+000 1.816437774e+000 
1.053466095e+000 1.739650852e+000 
1.159032570e+000 1.852703660e+000 
1.119828421e+000 1.823657037e+000 
1.076688093e+000 1.775997946e+000 
1.067030672e+000 1.762033512e+000 
1.066481869e+000 1.760936638e+000 
1.240937328e+000 1.892566702e+000 
1.094219562e+000 1.799293012e+000 
1.037773687e+000 1.707000359e+000 
1.235930889e+000 1.891462962e+000 
1.276894397e+000 1.908748340e+000 
1.120147494e+000 1.823917072e+000 
1.038331924e+000 1.708199758e+000 
1.101237891e+000 1.807931477e+000 
1.156942291e+000 1.851222709e+000 
1.036497233e+000 1.704189201e+000 
1.092645633e+000 1.797500169e+000 
1.058946278e+000 1.749124045e+000 
1.064394772e+000 1.757723517e+000 
1.140140589e+000 1.839649205e+000 
1.131264240e+000 1.834016456e+000 
1.035419605e+000 1.701480929e+000 
1.208505179e+000 1.879609364e+000 
1.053103085e+000 1.738872628e+000 
1.083622560e+000 1.786676445e+000 
1.136481136e+000 1.837443224e+000 
1.298329592e+000 1.914949087e+000 
1.230603106e+000 1.890308850e+000 
1.227254125e+000 1.888481431e+000 
1.227310909e+000 1.888682722e+000 
1.290248559e+000 1.912347516e+000 
1.144264085e+000 1.843068837e+000 
1.062009596e+000 1.754040781e+000 
1.270502042e+000 1.903848169e+000 
1.282781295e+000 1.909737819e+000 
1.035798352e+000 1.702346853e+000 
1.112742820e+000 1.818523398e+000 
1.262753366e+000 1.900785909e+000 
1.284749652e+000 1.910283073e+000 
1.277676735e+000 1.908937540e+000 
1.265154571e+000 1.901487738e+000 
1.120365749e+000 1.824113920e+000 
1.200087776e+000 1.875202704e+000 
1.068796546e+000 1.764750077e+000 
1.067955232e+000 1.763283092e+000 
1.049833745e+000 1.732786367e+000 
1.191373297e+000 1.870529047e+000 
1.285505077e+000 1.910717536e+000 
1.159686730e+000 1.853347676e+000 
1.287618723e+000 1.911202939e+000 
1.109967832e+000 1.815744740e+000 
1.036856865e+000 1.704922467e+000 
1.204680030e+000 1.877658633e+000 
1.037854425e+000 1.707705966e+000 
1.062740522e+000 1.755137413e+000 
1.059220886e+000 1.749609690e+000 
1.116994511e+000 1.821241856e+000 
1.046202585e+000 1.725421143e+000 
1.063320887e+000 1.756121540e+000 
1.045821884e+000 1.724685452e+000 
1.041050610e+000 1.714292945e+000 
1.207940927e+000 1.879322135e+000 
1.173024772e+000 1.861108073e+000 
1.049913655e+000 1.733000252e+000 
1.071105781e+000 1.768047827e+000 
1.127382303e+000 1.830827995e+000 
1.178389913e+000 1.864196590e+000 
1.210770554e+000 1.880801375e+000 
1.063805042e+000 1.756809650e+000 
1.070320662e+000 1.766647505e+000 
1.049299500e+000 1.731708124e+000 
1.260555088e+000 1.900230488e+000 
1.130138835e+000 1.833287350e+000 
1.267648697e+000 1.902916112e+000 
1.122842322e+000 1.826718031e+000 
1.146254701e+000 1.844401550e+000 
1.126068091e+000 1.829786955e+000 
1.111753222e+000 1.817282099e+000 
1.252339979e+000 1.897548498e+000 
1.254642775e+000 1.898701968e+000 
1.168234692e+000 1.858613177e+000 
1.176849016e+000 1.863861613e+000 
1.074332017e+000 1.772593251e+000 
1.294779066e+000 1.912973521e+000 
1.292891327e+000 1.912537326e+000 
1.173876377e+000 1.862266204e+000 
1.061564521e+000 1.753340065e+000 
1.073072337e+000 1.770864630e+000 
1.062954435e+000 1.755578880e+000 
1.144637263e+000 1.843438823e+000 
1.147059876e+000 1.844555981e+000 
1.056748767e+000 1.745521306e+000 
1.143418797e+000 1.841962071e+000 
1.257933767e+000 1.899260427e+000 
1.175759228e+000 1.862532042e+000 
1.056100116e+000 1.744247262e+000 
1.171236424e+000 1.859834745e+000 
1.253733098e+000 1.897972151e+000 
1.149166568e+000 1.846660752e+000 
1.255294040e+000 1.898913627e+000 
1.196586858e+000 1.873144576e+000 
1.258718589e+000 1.899544123e+000 
1.171762336e+000 1.860400695e+000 
1.177989904e+000 1.863914879e+000 
1.053516430e+000 1.739786931e+000 
1.181829675e+000 1.866081259e+000 
1.213304283e+000 1.882317227e+000 
1.208919175e+000 1.879994649e+000 
1.245320400e+000 1.893828695e+000 
1.145148259e+000 1.843566785e+000 
1.148235695e+000 1.846012287e+000 
1.139132823e+000 1.839388140e+000 
1.266990264e+000 1.901805955e+000 
1.085022083e+000 1.787584114e+000 
1.243650211e+000 1.893774998e+000 
1.199853687e+000 1.875119406e+000 
1.179133883e+000 1.864534729e+000 
1.207443402e+000 1.879231232e+000 
1.144834618e+000 1.843443456e+000 
1.193267451e+000 1.871299493e+000 
1.143608330e+000 1.842560284e+000 
1.148422682e+000 1.846166894e+000 
1.152239905e+000 1.848427159e+000 
1.014130170e+000 1.066819702e+000 
1.014999428e+000 1.069367866e+000 
1.014682847e+000 1.068881004e+000 
1.016261312e+000 1.071514820e+000 
1.014139149e+000 1.067766889e+000 
1.015252754e+000 1.069974319e+000 
1.013560264e+000 1.065726388e+000 
1.015115612e+000 1.069828421e+000 
1.001552804e+000 1.002683012e+000 
1.002851781e+000 1.003237769e+000 
1.002782853e+000 1.003237349e+000 
1.003454109e+000 1.003362457e+000 
1.003191671e+000 1.003326104e+000 
1.003365163e+000 1.003353466e+000 
1.002860482e+000 1.003253983e+000 
1.002415086e+000 1.003100406e+000 
1.003749143e+000 1.003428225e+000 
1.002241595e+000 1.003073044e+000 
1.002322464e+000 1.003089677e+000 
1.002001189e+000 1.002984289e+000 
1.001832247e+000 1.002922897e+000 
1.001922314e+000 1.002930443e+000 
1.002174680e+000 1.003011651e+000 
1.001423996e+000 1.002659220e+000 
1.001558124e+000 1.002754487e+000 
1.001585309e+000 1.002825694e+000 
1.001658196e+000 1.002897213e+000 
1.001936293e+000 1.002975226e+000 
1.001829692e+000 1.002919714e+000 
1.003930711e+000 1.003447946e+000 
1.002520787e+000 1.003172703e+000 
1.003247957e+000 1.003339471e+000 
1.003020708e+000 1.003270437e+000 
1.003429525e+000 1.003359191e+000 
1.019280548e+000 1.128515833e+000 
1.018687518e+000 1.126766627e+000 
1.017492235e+000 1.110069546e+000 
1.017026471e+000 1.109388520e+000 
1.001163046e+000 1.000794579e+000 
1.001195040e+000 1.000805378e+000 
1.001201551e+000 1.000807232e+000 
1.001393656e+000 1.000828852e+000 
1.001390237e+000 1.000826575e+000 
1.012488744e+000 1.027737065e+000 
1.012335891e+000 1.027634663e+000 
1.006862814e+000 1.016490309e+000 
1.005751817e+000 1.015356119e+000 
1.003953589e+000 1.013446572e+000 
1.005086341e+000 1.014669484e+000 
1.006023098e+000 1.015729504e+000 
1.007090294e+000 1.016521910e+000 
1.008207254e+000 1.017221684e+000 
1.004880587e+000 1.014618240e+000 
1.008459350e+000 1.017290067e+000 
1.007792371e+000 1.016903079e+000 
1.008332947e+000 1.017247223e+000 
1.004874383e+000 1.014609026e+000 
1.005522708e+000 1.015319083e+000 
1.007644974e+000 1.016842608e+000 
1.007276393e+000 1.016550855e+000 
1.007665968e+000 1.016860235e+000 
1.004251392e+000 1.013847780e+000 
1.004763862e+000 1.014566120e+000 
1.005198361e+000 1.014964580e+000 
1.004466058e+000 1.014164912e+000 
1.004430080e+000 1.014156233e+000 
1.007296646e+000 1.016574936e+000 
1.009683497e+000 1.025795385e+000 
1.010658601e+000 1.026899908e+000 
1.010336410e+000 1.026508480e+000 
1.010942898e+000 1.027179296e+000 
1.009008449e+000 1.024312833e+000 
1.013211775e+000 1.029464570e+000 
1.010005688e+000 1.026186814e+000 
1.011135555e+000 1.027467377e+000 
1.009251751e+000 1.025058639e+000 
1.012976463e+000 1.029201138e+000 
1.009924425e+000 1.026162483e+000 
1.027989023e+000 1.320815156e+000 
1.026766666e+000 1.318796256e+000 
1.020639998e+000 1.306355156e+000 
1.031145728e+000 1.325143989e+000 
1.020893074e+000 1.307434083e+000 
1.020347432e+000 1.305415436e+000 
1.021748846e+000 1.309633929e+000 
1.023834399e+000 1.314098391e+000 
1.024796574e+000 1.315704030e+000 
1.023901037e+000 1.314273774e+000 
1.021455809e+000 1.309065446e+000 
1.024262073e+000 1.314642692e+000 
1.023604624e+000 1.313756959e+000 
1.029498264e+000 1.323048386e+000 
1.030111545e+000 1.323440851e+000 
1.029299248e+000 1.322626571e+000 
1.023256849e+000 1.312953290e+000 
1.030665229e+000 1.324466130e+000 
1.030111096e+000 1.323337478e+000 
1.021282558e+000 1.308400835e+000 
1.032329111e+000 1.326762015e+000 
1.025507192e+000 1.316544287e+000 
1.019386006e+000 1.302666811e+000 
1.339852835e+000 1.932980133e+000 
1.352972558e+000 1.938458823e+000 
1.352662540e+000 1.938400410e+000 
1.350768427e+000 1.937993483e+000 
1.336561246e+000 1.932396284e+000 
1.727617798e+000 1.998163587e+000 
1.311020497e+000 1.921235985e+000 
1.762413421e+000 2.000000000e+000 
1.312099652e+000 1.922054647e+000 
1.318728604e+000 1.924614290e+000 
1.726201078e+000 1.998119129e+000 
1.335993339e+000 1.931838383e+000 
1.729615211e+000 1.998356792e+000 
1.331774259e+000 1.930443964e+000 
1.328083065e+000 1.928510776e+000 
1.357189496e+000 1.940168501e+000 
1.730838124e+000 1.998464980e+000 
1.311236575e+000 1.921945399e+000 
1.313927731e+000 1.922454910e+000 
1.317463245e+000 1.924575489e+000 
1.314135834e+000 1.923826493e+000 
1.315272217e+000 1.923906163e+000 
1.418530933e+000 1.959051523e+000 
1.735036447e+000 1.998719393e+000 
1.419088556e+000 1.960315891e+000 
1.731691528e+000 1.998557917e+000 
1.732862976e+000 1.998661807e+000 
1.332565127e+000 1.931172157e+000 
1.418029324e+000 1.958585847e+000 
1.335973200e+000 1.931394217e+000 
1.391864541e+000 1.952389655e+000 
1.394788455e+000 1.953019637e+000 
1.370630711e+000 1.945207403e+000 
1.443803578e+000 1.964981969e+000 
1.442842274e+000 1.964771889e+000 
1.387863786e+000 1.951513973e+000 
1.371282012e+000 1.945926201e+000 
1.409425362e+000 1.956961266e+000 
1.407191738e+000 1.956766393e+000 
1.309387956e+000 1.920621746e+000 
1.397320440e+000 1.954005738e+000 
1.403415645e+000 1.956068436e+000 
1.301381665e+000 1.915549729e+000 
1.397455703e+000 1.954650286e+000 
1.400155459e+000 1.955710663e+000 
1.411194892e+000 1.956995926e+000 
1.303294834e+000 1.916703651e+000 
1.301813025e+000 1.915782737e+000 
1.441181544e+000 1.964521490e+000 
1.455492588e+000 1.968660721e+000 
1.303561015e+000 1.917382000e+000 
1.405634758e+000 1.956223768e+000 
1.399478316e+000 1.955166191e+000 
1.337177852e+000 1.932507860e+000 
1.330524985e+000 1.929590246e+000 
1.334501595e+000 1.931268523e+000 
1.334325233e+000 1.931206524e+000 
1.322158050e+000 1.925668053e+000 
1.320262404e+000 1.925467829e+000 
1.331648224e+000 1.930166564e+000 
1.374112604e+000 1.945926614e+000 
1.307274326e+000 1.918779331e+000 
1.274871766e+000 1.903858462e+000 
1.299905047e+000 1.915319788e+000 
1.759395063e+000 1.999832712e+000 
1.323977680e+000 1.926524901e+000 
1.325703750e+000 1.927760521e+000 
1.758911082e+000 1.999831385e+000 
1.340744547e+000 1.934245558e+000 
1.294347882e+000 1.912687100e+000 
1.755924852e+000 1.999824762e+000 
1.297528670e+000 1.914857558e+000 
1.344064583e+000 1.936262196e+000 
1.345853959e+000 1.936482674e+000 
1.345467957e+000 1.936391028e+000 
1.754787598e+000 1.999653230e+000 
1.752182785e+000 1.999549316e+000 
1.348132957e+000 1.937362163e+000 
1.723165591e+000 1.998059822e+000 
1.348682033e+000 1.937453760e+000 
1.326642500e+000 1.928151502e+000 
1.348640481e+000 1.937372532e+000 
1.356407809e+000 1.940139992e+000 
1.305541550e+000 1.917706951e+000 
1.302739580e+000 1.915834623e+000 
1.746423507e+000 1.998993949e+000 
1.745172382e+000 1.998955035e+000 
1.384689531e+000 1.949946370e+000 
1.362607079e+000 1.943464063e+000 
1.363967992e+000 1.943598373e+000 
1.354964174e+000 1.940106528e+000 
1.359302270e+000 1.942755751e+000 
1.359145511e+000 1.941938497e+000 
1.389646059e+000 1.951812388e+000 
1.374655183e+000 1.947513075e+000 
1.378199582e+000 1.948145489e+000 
1.358086381e+000 1.941627748e+000 
1.369838788e+000 1.945194764e+000 
1.387165507e+000 1.950988464e+000 
1.384967752e+000 1.950413009e+000 
1.379803981e+000 1.948629428e+000 
1.378401845e+000 1.948280144e+000 
1.548917049e+000 1.985338236e+000 
1.548135706e+000 1.985269691e+000 
1.366855261e+000 1.944697773e+000 
1.366304857e+000 1.943955228e+000 
1.450173151e+000 1.967830416e+000 
1.426859549e+000 1.961172013e+000 
1.434401683e+000 1.964304897e+000 
1.436191388e+000 1.964491147e+000 
1.428134985e+000 1.962395234e+000 
1.430283038e+000 1.963261422e+000 
1.444298264e+000 1.965843761e+000 
1.429841699e+000 1.962889942e+000 
1.427724997e+000 1.961950806e+000 
1.446802363e+000 1.966899897e+000 
1.445176222e+000 1.966822336e+000 
1.444507161e+000 1.966652636e+000 
1.526901729e+000 1.983016072e+000 
1.508378214e+000 1.980576855e+000 
1.701558549e+000 1.997660627e+000 
1.702670051e+000 1.997753796e+000 
1.413294298e+000 1.957803225e+000 
1.412073762e+000 1.957233552e+000 
1.556946811e+000 1.986940480e+000 
1.518314307e+000 1.982281118e+000 
1.526416709e+000 1.982910212e+000 
1.530409753e+000 1.983493782e+000 
1.527083435e+000 1.983249015e+000 
1.523670468e+000 1.982836802e+000 
1.486569653e+000 1.976406034e+000 
1.510379989e+000 1.980760063e+000 
1.510337137e+000 1.980722230e+000 
1.523277303e+000 1.982786518e+000 
1.475905859e+000 1.973880269e+000 
1.558150923e+000 1.987043471e+000 
1.507894340e+000 1.980095089e+000 
1.502054895e+000 1.979144623e+000 
1.498126026e+000 1.978342282e+000 
1.484492405e+000 1.976057139e+000 
1.680045015e+000 1.997250254e+000 
1.671544405e+000 1.996916223e+000 
1.707754065e+000 1.997754127e+000 
1.675857947e+000 1.997192976e+000 
1.491520299e+000 1.977488760e+000 
1.696699464e+000 1.997649591e+000 
1.709470736e+000 1.997758598e+000 
1.673203381e+000 1.996941957e+000 
1.457836003e+000 1.969600899e+000 
1.688580553e+000 1.997413121e+000 
1.474559414e+000 1.973774139e+000 
1.473123690e+000 1.973099365e+000 
1.676704004e+000 1.997241047e+000 
1.482511366e+000 1.975302211e+000 
1.467973939e+000 1.971708761e+000 
1.473136892e+000 1.973160872e+000 
1.457406202e+000 1.969271474e+000 
1.470937358e+000 1.972848987e+000 
1.715440724e+000 1.997919262e+000 
1.460695800e+000 1.970451387e+000 
1.712646317e+000 1.997865453e+000 
1.488703483e+000 1.977095919e+000 
1.459472014e+000 1.969710315e+000 
1.462230709e+000 1.970981426e+000 
1.460165131e+000 1.970194058e+000 
1.538964439e+000 1.984330860e+000 
1.542210413e+000 1.984821612e+000 
1.485528415e+000 1.976253535e+000 
1.502736187e+000 1.979246304e+000 
1.540658974e+000 1.984443508e+000 
1.609531822e+000 1.993020834e+000 
1.599365678e+000 1.991986304e+000 
1.598776496e+000 1.991930866e+000 
1.660071273e+000 1.996521628e+000 
1.660843454e+000 1.996746709e+000 
1.603932574e+000 1.992665459e+000 
1.619845868e+000 1.993937614e+000 
1.596071307e+000 1.991864383e+000 
1.611821944e+000 1.993305289e+000 
1.591948534e+000 1.991465318e+000 
1.595449483e+000 1.991843190e+000 
1.594800275e+000 1.991604802e+000 
1.546753565e+000 1.985202012e+000 
1.646226147e+000 1.995655989e+000 
1.649283093e+000 1.995761971e+000 
1.547704751e+000 1.985232642e+000 
1.648537983e+000 1.995690725e+000 
1.645165656e+000 1.995403966e+000 
1.645601442e+000 1.995651443e+000 
1.586341936e+000 1.990814688e+000 
1.639659715e+000 1.995353747e+000 
1.638237469e+000 1.995260022e+000 
1.572618136e+000 1.989086294e+000 
1.563711818e+000 1.987987790e+000 
1.562650229e+000 1.987701862e+000 
1.561880074e+000 1.987641092e+000 
1.578862689e+000 1.990046147e+000 
1.570013555e+000 1.988631611e+000 
1.623636238e+000 1.994154190e+000 
1.635581782e+000 1.995037680e+000 
1.626068650e+000 1.994273576e+000 
1.626117241e+000 1.994596899e+000 
1.622931568e+000 1.993979163e+000 
1.626157546e+000 1.994602563e+000 
1.577965321e+000 1.989743831e+000 
1.634770482e+000 1.994727430e+000 
1.575028412e+000 1.989347964e+000 
1.635061546e+000 1.994735181e+000 

