1.000162824e+000 1.007699549e+000 
9.999999979e-001 1.007590863e+000 
1.000077210e+000 1.007607356e+000 
1.000253930e+000 1.011553938e+000 
1.000370850e+000 1.011627797e+000 
1.000167596e+000 1.011543884e+000 
1.001926280e+000 1.324994575e+000 
1.001253263e+000 1.319431133e+000 
1.017635542e+000 1.744719433e+000 
1.096314694e+000 1.906578247e+000 
1.009012182e+000 1.708126090e+000 
1.067618518e+000 1.869070227e+000 
1.098269271e+000 1.907593237e+000 
1.027614524e+000 1.778341315e+000 
1.069847321e+000 1.872953846e+000 
1.202214699e+000 1.960776172e+000 
1.068658330e+000 1.871504687e+000 
1.039492888e+000 1.812577133e+000 
1.065381774e+000 1.865279402e+000 
1.192615744e+000 1.957554802e+000 
1.065673391e+000 1.865858215e+000 
1.100000240e+000 1.909977619e+000 
1.163529680e+000 1.949237163e+000 
1.012732816e+000 1.725263001e+000 
1.043543481e+000 1.821834480e+000 
1.094884245e+000 1.905342390e+000 
1.131697151e+000 1.934590195e+000 
1.013335171e+000 1.727859813e+000 
1.069259761e+000 1.871899133e+000 
1.035305651e+000 1.801270507e+000 
1.201357852e+000 1.960312578e+000 
1.189480530e+000 1.957271732e+000 
1.028545547e+000 1.780958458e+000 
1.038602151e+000 1.809584901e+000 
1.043714132e+000 1.822707754e+000 
1.096089143e+000 1.906324809e+000 
1.067927243e+000 1.870275265e+000 
1.065195266e+000 1.864384012e+000 
1.006562105e+000 1.698270263e+000 
1.075337201e+000 1.879942839e+000 
1.005847358e+000 1.693479700e+000 
1.013823009e+000 1.730807834e+000 
1.011451099e+000 1.720111224e+000 
1.067702584e+000 1.869753862e+000 
1.037770547e+000 1.807208288e+000 
1.071791449e+000 1.875411669e+000 
1.090382494e+000 1.900287600e+000 
1.012388575e+000 1.724350713e+000 
1.064411585e+000 1.863835391e+000 
1.009009870e+000 1.707997216e+000 
1.073727586e+000 1.877348031e+000 
1.064636244e+000 1.864356794e+000 
1.006093247e+000 1.694448586e+000 
1.070909517e+000 1.874970192e+000 
1.092224223e+000 1.901567883e+000 
1.082717954e+000 1.890081856e+000 
1.074669116e+000 1.878181099e+000 
1.043400529e+000 1.821833569e+000 
1.010056369e+000 1.713036254e+000 
1.060773144e+000 1.856931948e+000 
1.045540837e+000 1.826791744e+000 
1.005384211e+000 1.692879454e+000 
1.153662096e+000 1.944918185e+000 
1.007583194e+000 1.702411083e+000 
1.059785847e+000 1.854269364e+000 
1.079719881e+000 1.886074703e+000 
1.102527079e+000 1.912038769e+000 
1.026479018e+000 1.774527979e+000 
1.006460334e+000 1.697132241e+000 
1.021135584e+000 1.757319773e+000 
1.032188272e+000 1.792370778e+000 
1.018104525e+000 1.747173171e+000 
1.043336138e+000 1.821831814e+000 
1.030787910e+000 1.788136632e+000 
1.007150481e+000 1.700319731e+000 
1.031653207e+000 1.790505347e+000 
1.082115861e+000 1.889484626e+000 
1.147075347e+000 1.941833657e+000 
1.146473458e+000 1.941822326e+000 
1.061045717e+000 1.857973935e+000 
1.005096832e+000 1.688901603e+000 
1.149149551e+000 1.943795973e+000 
1.042397374e+000 1.819661693e+000 
1.013232882e+000 1.727672352e+000 
1.083540958e+000 1.891560710e+000 
1.186145023e+000 1.955791402e+000 
1.041432601e+000 1.817146812e+000 
1.138930628e+000 1.937771711e+000 
1.077468694e+000 1.882962651e+000 
1.009584993e+000 1.711323505e+000 
1.044676247e+000 1.824514202e+000 
1.031812590e+000 1.791095894e+000 
1.015065624e+000 1.735005331e+000 
1.047028407e+000 1.829568541e+000 
1.062934008e+000 1.861289022e+000 
1.006403781e+000 1.696991777e+000 
1.005257593e+000 1.691686255e+000 
1.011258593e+000 1.719221966e+000 
1.004827173e+000 1.686780185e+000 
1.054259365e+000 1.844515457e+000 
1.143807511e+000 1.940842214e+000 
1.017873817e+000 1.745370872e+000 
1.019735672e+000 1.752715828e+000 
1.140142547e+000 1.939520570e+000 
1.144462255e+000 1.941230331e+000 
1.006333715e+000 1.695917989e+000 
1.112285868e+000 1.920928112e+000 
1.010141475e+000 1.714120762e+000 
1.014622340e+000 1.733555750e+000 
1.033431574e+000 1.795326167e+000 
1.131916805e+000 1.934728715e+000 
1.115543634e+000 1.922893333e+000 
1.013449657e+000 1.729645284e+000 
1.092883717e+000 1.903363176e+000 
1.092295264e+000 1.902577664e+000 
1.085112497e+000 1.893485680e+000 
1.114418554e+000 1.922110514e+000 
1.033558382e+000 1.796466971e+000 
1.077831595e+000 1.883494725e+000 
1.034082688e+000 1.797570166e+000 
1.092658166e+000 1.903109738e+000 
1.036612722e+000 1.804056990e+000 
1.033493991e+000 1.796465216e+000 
1.157607964e+000 1.947346261e+000 
1.117289009e+000 1.925974301e+000 
1.040768605e+000 1.815257766e+000 
1.029408861e+000 1.783620962e+000 
1.104344920e+000 1.914320360e+000 
1.123836847e+000 1.928299759e+000 
1.021623664e+000 1.759303109e+000 
1.044475403e+000 1.824261443e+000 
1.161142193e+000 1.947985321e+000 
1.162278544e+000 1.948631513e+000 
1.091042253e+000 1.901188882e+000 
1.055457925e+000 1.847116388e+000 
1.016556094e+000 1.741607292e+000 
1.048126561e+000 1.831881749e+000 
1.011261229e+000 1.719306376e+000 
1.014076031e+000 1.731144122e+000 
1.084524937e+000 1.892432204e+000 
1.065898050e+000 1.866379619e+000 
1.063646863e+000 1.863004179e+000 
1.062709349e+000 1.860767619e+000 
1.060267879e+000 1.855812878e+000 
1.194131349e+000 1.957956054e+000 
1.139727138e+000 1.937966546e+000 
1.012074581e+000 1.722130904e+000 
1.063159559e+000 1.861763677e+000 
1.010585351e+000 1.715602760e+000 
1.127582669e+000 1.930997659e+000 
1.017212284e+000 1.743661880e+000 
1.041159559e+000 1.816232556e+000 
1.017737614e+000 1.745069821e+000 
1.035718362e+000 1.802413428e+000 
1.172380389e+000 1.951791482e+000 
1.053203397e+000 1.842506990e+000 
1.054000061e+000 1.844076066e+000 
1.021071193e+000 1.757317283e+000 
1.009429626e+000 1.710131628e+000 
1.093428295e+000 1.903529866e+000 
1.015314166e+000 1.736275610e+000 
1.108014816e+000 1.918521421e+000 
1.012891307e+000 1.725359036e+000 
1.183410493e+000 1.955227959e+000 
1.015825081e+000 1.739173617e+000 
1.105989815e+000 1.916020751e+000 
1.099774689e+000 1.909724260e+000 
1.007892438e+000 1.703502829e+000 
1.104033389e+000 1.913874857e+000 
1.026374862e+000 1.774484778e+000 
1.117824074e+000 1.926844994e+000 
1.183950325e+000 1.955598506e+000 
1.080082782e+000 1.886606715e+000 
1.112520244e+000 1.921140235e+000 
1.103221050e+000 1.913500414e+000 
1.107479751e+000 1.917651011e+000 
1.145935840e+000 1.941303570e+000 
1.068398077e+000 1.870518721e+000 
1.012176931e+000 1.722572340e+000 
1.008467876e+000 1.706222301e+000 
1.010076030e+000 1.714106588e+000 
1.007977544e+000 1.704597511e+000 
1.005591758e+000 1.693211348e+000 
1.193488015e+000 1.957849642e+000 
1.130775651e+000 1.932765564e+000 
1.143064221e+000 1.940247553e+000 
1.087300069e+000 1.895359353e+000 
1.113055308e+000 1.922010928e+000 
1.098274555e+000 1.908760909e+000 
1.094015855e+000 1.904583433e+000 
1.180285884e+000 1.953506058e+000 
1.018447267e+000 1.748450389e+000 
1.023688863e+000 1.765758414e+000 
1.089973036e+000 1.899486361e+000 
1.176337016e+000 1.952612772e+000 
1.025809218e+000 1.772913663e+000 
1.167170545e+000 1.951050141e+000 
1.026831586e+000 1.775639219e+000 
1.162839880e+000 1.948643130e+000 
1.165122246e+000 1.949699716e+000 
1.034688789e+000 1.799218885e+000 
1.014514104e+000 1.732224836e+000 
1.191977121e+000 1.957497884e+000 
1.036485378e+000 1.803810216e+000 
1.050258637e+000 1.836540908e+000 
1.017841214e+000 1.745074645e+000 
1.089748377e+000 1.898964958e+000 
1.015774921e+000 1.737378341e+000 
1.093791196e+000 1.904061940e+000 
1.036341869e+000 1.803674690e+000 
1.035241260e+000 1.801268752e+000 
1.019377217e+000 1.751648388e+000 
1.035575411e+000 1.802412369e+000 
1.054885919e+000 1.846068715e+000 
1.056954768e+000 1.849184457e+000 
1.052008899e+000 1.840039406e+000 
1.051259679e+000 1.838627357e+000 
1.034398807e+000 1.797952796e+000 
1.034147080e+000 1.797571920e+000 
1.030112603e+000 1.786047823e+000 
1.046045612e+000 1.827657247e+000 
1.029218021e+000 1.783488048e+000 
1.029509122e+000 1.784203080e+000 
1.076425018e+000 1.881727342e+000 
1.052496203e+000 1.840674372e+000 
1.038931358e+000 1.811032085e+000 
1.032708658e+000 1.793501627e+000 
1.050941936e+000 1.837856259e+000 
1.053428056e+000 1.843028393e+000 
1.035511019e+000 1.802410614e+000 
1.032239316e+000 1.792501297e+000 
1.037914252e+000 1.807925814e+000 
1.031837421e+000 1.791685722e+000 
1.057169578e+000 1.850103610e+000 
1.056140507e+000 1.848566695e+000 
1.049391750e+000 1.835144718e+000 
1.078510371e+000 1.884090692e+000 
1.015814291e+000 1.737857935e+000 
1.047903238e+000 1.831409208e+000 
1.038112207e+000 1.808140251e+000 
1.027565771e+000 1.777793087e+000 
1.024567225e+000 1.768707919e+000 
1.025457389e+000 1.771100206e+000 
1.114551918e+000 1.922627062e+000 
1.019614394e+000 1.752320841e+000 
1.022248075e+000 1.760993544e+000 
1.020427499e+000 1.755502403e+000 
1.022007937e+000 1.760378593e+000 
1.018969148e+000 1.750204602e+000 
1.023166508e+000 1.764204654e+000 
1.048967991e+000 1.833435436e+000 
1.022506645e+000 1.761998769e+000 
1.025011652e+000 1.769834997e+000 
1.019997896e+000 1.753636899e+000 
1.096522089e+000 1.906578486e+000 
1.001016876e+000 1.092865533e+000 
1.000610225e+000 1.091432563e+000 
1.000695746e+000 1.092794549e+000 
1.001189079e+000 1.094074089e+000 
1.000890258e+000 1.092808566e+000 
1.001167684e+000 1.092885384e+000 
1.000563057e+000 1.049279387e+000 
1.000424133e+000 1.049278854e+000 
1.000588064e+000 1.049300738e+000 
1.003098998e+000 1.423731597e+000 
1.004272760e+000 1.428260102e+000 
1.003526306e+000 1.425107917e+000 
1.002904280e+000 1.420816514e+000 
1.003458635e+000 1.424972469e+000 
1.004495775e+000 1.428902681e+000 
1.002955080e+000 1.420910712e+000 
1.002645442e+000 1.419978981e+000 
1.002288412e+000 1.418294055e+000 
1.004657999e+000 1.429622508e+000 
1.004806536e+000 1.430689817e+000 
1.003835341e+000 1.426574165e+000 
1.002163013e+000 1.328388825e+000 
1.197367351e+000 1.959897833e+000 
1.392886027e+000 1.994845279e+000 
1.176907820e+000 1.953080017e+000 
1.400778314e+000 1.994933467e+000 
1.303093081e+000 1.983395482e+000 
1.182571964e+000 1.953793004e+000 
1.217144441e+000 1.964248973e+000 
1.646345762e+000 1.999955264e+000 
1.172312590e+000 1.951154394e+000 
1.628503500e+000 1.999835304e+000 
1.195127386e+000 1.958305165e+000 
1.251079196e+000 1.971260865e+000 
1.211166514e+000 1.962457685e+000 
1.205746267e+000 1.961729155e+000 
1.265791233e+000 1.975498859e+000 
1.189477689e+000 1.956305745e+000 
1.268576682e+000 1.976355807e+000 
1.642478330e+000 1.999947554e+000 
1.378919987e+000 1.994810993e+000 
1.658678258e+000 2.000000000e+000 
1.302688547e+000 1.983373615e+000 
1.196494594e+000 1.958346078e+000 
1.183066882e+000 1.954141885e+000 
1.252839692e+000 1.972804945e+000 
1.242659743e+000 1.970599384e+000 
1.301830830e+000 1.983023020e+000 
1.222164099e+000 1.964527438e+000 
1.255828239e+000 1.973560099e+000 
1.347891781e+000 1.991058406e+000 
1.624065756e+000 1.999832180e+000 
1.228720430e+000 1.966664512e+000 
1.230091585e+000 1.968167064e+000 
1.654240514e+000 1.999996876e+000 
1.224977356e+000 1.966165297e+000 
1.258095723e+000 1.973598223e+000 
1.291285480e+000 1.981176836e+000 
1.424436717e+000 1.996190365e+000 
1.262467474e+000 1.974514369e+000 
1.283723437e+000 1.978371578e+000 
1.223908630e+000 1.966021254e+000 
1.360625704e+000 1.992191091e+000 
1.313217289e+000 1.985405710e+000 
1.345645913e+000 1.990310988e+000 
1.264527136e+000 1.975432848e+000 
1.210447850e+000 1.962369627e+000 
1.347270010e+000 1.990596061e+000 
1.239145473e+000 1.969195366e+000 
1.295655854e+000 1.981578220e+000 
1.263347277e+000 1.975055502e+000 
1.347793744e+000 1.990693842e+000 
1.341172522e+000 1.989845061e+000 
1.301458956e+000 1.982328428e+000 
1.215474793e+000 1.963887940e+000 
1.320068724e+000 1.986310707e+000 
1.295965357e+000 1.981757549e+000 
1.405128253e+000 1.995323762e+000 
1.338200393e+000 1.989087809e+000 
1.339205100e+000 1.989268212e+000 
1.196825961e+000 1.958417185e+000 
1.338674049e+000 1.989147971e+000 
1.235756119e+000 1.968837953e+000 
1.240701751e+000 1.969514681e+000 
1.361212433e+000 1.992342815e+000 
1.368077443e+000 1.993217593e+000 
1.209620566e+000 1.961985449e+000 
1.204727740e+000 1.961046572e+000 
1.328606280e+000 1.987327644e+000 
1.286274606e+000 1.979388960e+000 
1.322207786e+000 1.986714044e+000 
1.226647912e+000 1.966427630e+000 
1.229587248e+000 1.966818042e+000 
1.481487538e+000 1.997963097e+000 
1.312874510e+000 1.985065019e+000 
1.287978657e+000 1.980201453e+000 
1.325247785e+000 1.986807106e+000 
1.274102641e+000 1.976569692e+000 
1.631361325e+000 1.999836325e+000 
1.272142829e+000 1.976407184e+000 
1.637692935e+000 1.999863105e+000 
1.365005659e+000 1.992352966e+000 
1.366496695e+000 1.993212240e+000 
1.309031502e+000 1.983953028e+000 
1.441925983e+000 1.996415321e+000 
1.597152410e+000 1.999788424e+000 
1.636810913e+000 1.999843580e+000 
1.434481634e+000 1.996239897e+000 
1.611680111e+000 1.999820651e+000 
1.375608518e+000 1.994192582e+000 
1.443851436e+000 1.996501479e+000 
1.419201301e+000 1.995992909e+000 
1.395332074e+000 1.994849149e+000 
1.575489833e+000 1.999663240e+000 
1.408838909e+000 1.995410762e+000 
1.465122610e+000 1.997038969e+000 
1.446474883e+000 1.996596477e+000 
1.467729435e+000 1.997397886e+000 
1.415667911e+000 1.995958622e+000 
1.568291230e+000 1.999642815e+000 
1.583795129e+000 1.999752021e+000 
1.472406070e+000 1.997587389e+000 
1.216343892e+000 1.964022963e+000 
1.590993731e+000 1.999772446e+000 
1.553788121e+000 1.999500083e+000 
1.539469707e+000 1.999467856e+000 
1.246218079e+000 1.970978209e+000 
1.507853448e+000 1.998582308e+000 
1.501945354e+000 1.998362277e+000 
1.513041044e+000 1.999000132e+000 
1.525106236e+000 1.999321430e+000 
1.489175180e+000 1.998073895e+000 
1.506567436e+000 1.998582250e+000 
1.494763588e+000 1.998126000e+000 
1.497624674e+000 1.998175220e+000 
1.513027909e+000 1.998813075e+000 
1.454029225e+000 1.997001009e+000 
1.470943334e+000 1.997436040e+000 
1.276664640e+000 1.978322878e+000 
1.403468780e+000 1.995269648e+000 
1.410523378e+000 1.995489694e+000 
1.355557652e+000 1.991151762e+000 
1.407590959e+000 1.995331312e+000 
1.392569855e+000 1.994813213e+000 
1.251477476e+000 1.971469813e+000 
1.365285042e+000 1.992502486e+000 
1.467259511e+000 1.997305829e+000 
1.400779167e+000 1.995006710e+000 
1.466625464e+000 1.997211356e+000 
1.446887752e+000 1.996781237e+000 

