1.005581567e+000 1.007107317e+000 
1.006323869e+000 1.007400773e+000 
1.006024907e+000 1.007320538e+000 
1.006836525e+000 1.007685992e+000 
1.005935885e+000 1.007223420e+000 
1.005296332e+000 1.006945917e+000 
1.004577559e+000 1.006499997e+000 
1.004953880e+000 1.006763557e+000 
1.005799242e+000 1.007180334e+000 
1.004457295e+000 1.006412342e+000 
1.004617446e+000 1.006691957e+000 
1.004936095e+000 1.006734527e+000 
1.005171554e+000 1.006836573e+000 
1.004699575e+000 1.006722541e+000 
1.005884532e+000 1.007183495e+000 
1.006675529e+000 1.007514381e+000 
1.007964349e+000 1.007945673e+000 
1.006747528e+000 1.007552995e+000 
1.005256844e+000 1.006839735e+000 
1.006226036e+000 1.007333686e+000 
1.004409471e+000 1.006134280e+000 
1.005833928e+000 1.007183446e+000 
1.019602135e+000 1.064094943e+000 
1.019128566e+000 1.063224020e+000 
1.002128436e+000 1.000957629e+000 
1.001825221e+000 1.000944134e+000 
1.002841091e+000 1.001046755e+000 
1.003091955e+000 1.001056197e+000 
1.001636053e+000 1.000920034e+000 
1.003232224e+000 1.001080072e+000 
1.001787706e+000 1.000923975e+000 
1.003841264e+000 1.001117377e+000 
1.004074083e+000 1.001142374e+000 
1.001534461e+000 1.000891088e+000 
1.004030432e+000 1.001141477e+000 
1.001741170e+000 1.000922762e+000 
1.001332756e+000 1.000861452e+000 
1.001063939e+000 1.000830825e+000 
1.004225424e+000 1.001143833e+000 
1.001429636e+000 1.000890828e+000 
1.004398976e+000 1.001173582e+000 
1.004204984e+000 1.001143215e+000 
1.002060293e+000 1.000956079e+000 
1.002297141e+000 1.000986835e+000 
1.003194220e+000 1.001077568e+000 
1.002803087e+000 1.001044251e+000 
1.002613919e+000 1.001020152e+000 
1.002248241e+000 1.000986610e+000 
1.004336122e+000 1.001143997e+000 
1.001110565e+000 1.000857511e+000 
1.000786518e+000 1.000798721e+000 
1.001373369e+000 1.000862879e+000 
1.000975973e+000 1.000828135e+000 
1.000695513e+000 1.000773321e+000 
1.001308926e+000 1.000860817e+000 
1.002524313e+000 1.001013438e+000 
1.003611664e+000 1.001109898e+000 
1.003145320e+000 1.001077344e+000 
1.004378417e+000 1.001150470e+000 
1.003281123e+000 1.001080296e+000 
1.001910376e+000 1.000944393e+000 
1.002889991e+000 1.001046979e+000 
1.003005052e+000 1.001053469e+000 
1.003401232e+000 1.001083836e+000 
1.001558198e+000 1.000910817e+000 
1.003792364e+000 1.001117153e+000 
1.002956152e+000 1.001053244e+000 
1.002754187e+000 1.001044027e+000 
1.002178255e+000 1.000977451e+000 
1.003698568e+000 1.001112626e+000 
1.002384044e+000 1.000989563e+000 
1.003562764e+000 1.001109673e+000 
1.004164430e+000 1.001142990e+000 
1.003981532e+000 1.001141252e+000 
1.002651923e+000 1.001022655e+000 
1.001820382e+000 1.000924145e+000 
1.003672674e+000 1.001112401e+000 
1.002565020e+000 1.001019927e+000 
1.001805109e+000 1.000924087e+000 
1.002166440e+000 1.000960132e+000 
1.002079536e+000 1.000957404e+000 
1.002335145e+000 1.000989338e+000 
1.002437409e+000 1.001010710e+000 
1.001386064e+000 1.000886717e+000 
1.000929347e+000 1.000801449e+000 
1.001304263e+000 1.000860239e+000 
1.003757447e+000 1.001113613e+000 
1.003500457e+000 1.001086142e+000 
1.000195111e+000 1.000048964e+000 
1.000048634e+000 1.000048859e+000 
9.999999998e-001 1.000047073e+000 
1.091856107e+000 1.877790949e+000 
1.123944660e+000 1.901065375e+000 
1.124199713e+000 1.901253431e+000 
1.105065515e+000 1.887466227e+000 
1.174706824e+000 1.925212246e+000 
1.046178347e+000 1.827406274e+000 
1.047902149e+000 1.830048190e+000 
1.053854756e+000 1.839153653e+000 
1.053779756e+000 1.838677663e+000 
1.062321892e+000 1.850463065e+000 
1.064870513e+000 1.852983209e+000 
1.067848291e+000 1.856359520e+000 
1.083400692e+000 1.870799729e+000 
1.036159486e+000 1.811330034e+000 
1.035298583e+000 1.808612120e+000 
1.034638801e+000 1.806841717e+000 
1.062059728e+000 1.849868957e+000 
1.056837213e+000 1.843294870e+000 
1.059654730e+000 1.847179053e+000 
1.039679706e+000 1.818409111e+000 
1.073428994e+000 1.861418471e+000 
1.053175606e+000 1.837821360e+000 
1.055341016e+000 1.841282739e+000 
1.140092236e+000 1.910102064e+000 
1.041695902e+000 1.821477174e+000 
1.060700722e+000 1.848280458e+000 
1.087188168e+000 1.874703432e+000 
1.124809996e+000 1.902006457e+000 
1.035444853e+000 1.808798931e+000 
1.035499705e+000 1.809559655e+000 
1.060545063e+000 1.848122181e+000 
1.191299136e+000 1.930914370e+000 
1.049133122e+000 1.831897856e+000 
1.039929349e+000 1.818842520e+000 
1.044096840e+000 1.824514561e+000 
1.050937015e+000 1.834806914e+000 
1.053605764e+000 1.838609070e+000 
1.081942165e+000 1.870045681e+000 
1.043157361e+000 1.823530184e+000 
1.054760420e+000 1.840292826e+000 
1.038646148e+000 1.816687377e+000 
1.072917627e+000 1.861346052e+000 
1.153526145e+000 1.916773767e+000 
1.140795573e+000 1.910700486e+000 
1.168388308e+000 1.922254975e+000 
1.036708654e+000 1.813037686e+000 
1.157357150e+000 1.918197409e+000 
1.035796816e+000 1.810627163e+000 
1.108192134e+000 1.888717697e+000 
1.106141236e+000 1.888148471e+000 
1.067586127e+000 1.855765412e+000 
1.079502591e+000 1.867679087e+000 
1.037518557e+000 1.814539435e+000 
1.125775081e+000 1.902653256e+000 
1.159547751e+000 1.919361519e+000 
1.061608775e+000 1.849156949e+000 
1.049575131e+000 1.832702880e+000 
1.091091675e+000 1.877365314e+000 
1.102853491e+000 1.885981945e+000 
1.161218155e+000 1.920192935e+000 
1.185282818e+000 1.929879137e+000 
1.054642457e+000 1.840164517e+000 
1.038036029e+000 1.815491744e+000 
1.089566600e+000 1.876438695e+000 
1.057526097e+000 1.844018947e+000 
1.057727547e+000 1.844239034e+000 
1.060610426e+000 1.848163591e+000 
1.037881228e+000 1.815243426e+000 
1.172559747e+000 1.924531579e+000 
1.180567635e+000 1.927802618e+000 
1.079540542e+000 1.868053937e+000 
1.142694348e+000 1.911506060e+000 
1.036345983e+000 1.812335895e+000 
1.063550875e+000 1.851536285e+000 
1.073599442e+000 1.862071272e+000 
1.083937167e+000 1.871884438e+000 
1.143368056e+000 1.911841010e+000 
1.082392300e+000 1.870456919e+000 
1.152177019e+000 1.915981882e+000 
1.086433034e+000 1.874356639e+000 
1.200176179e+000 1.934331314e+000 
1.084776547e+000 1.872790106e+000 
1.058625899e+000 1.845561196e+000 
1.072343184e+000 1.861182915e+000 
1.181118881e+000 1.928364294e+000 
1.045546911e+000 1.826592189e+000 
1.049357484e+000 1.832299292e+000 
1.178965998e+000 1.926575949e+000 
1.035741964e+000 1.809866438e+000 
1.064439517e+000 1.852472030e+000 
1.125708154e+000 1.902234773e+000 
1.108583275e+000 1.889749796e+000 
1.127835701e+000 1.903506338e+000 
1.063946495e+000 1.851741058e+000 
1.076790976e+000 1.865586967e+000 
1.064817650e+000 1.852695837e+000 
1.068414718e+000 1.856505164e+000 
1.063209900e+000 1.851038190e+000 
1.070749858e+000 1.859177453e+000 
1.067818951e+000 1.855966311e+000 
1.121808471e+000 1.899591044e+000 
1.153904312e+000 1.916853820e+000 
1.173507382e+000 1.924989962e+000 
1.040229391e+000 1.818971191e+000 
1.106868921e+000 1.888556867e+000 
1.065656608e+000 1.853858652e+000 
1.181862983e+000 1.928612691e+000 
1.175646650e+000 1.925675560e+000 
1.066587775e+000 1.854613349e+000 
1.117995373e+000 1.896744611e+000 
1.100122971e+000 1.884096622e+000 
1.233019860e+000 1.942990834e+000 
1.170739872e+000 1.923571476e+000 
1.182966736e+000 1.929073560e+000 
1.056000492e+000 1.841580999e+000 
1.078215328e+000 1.866726655e+000 
1.042134005e+000 1.821821044e+000 
1.152822809e+000 1.916180823e+000 
1.065257530e+000 1.853218768e+000 
1.113677976e+000 1.893558746e+000 
1.065994126e+000 1.853921646e+000 
1.180819853e+000 1.927892869e+000 
1.115753564e+000 1.895027314e+000 
1.069996951e+000 1.858309831e+000 
1.085847746e+000 1.873732836e+000 
1.176627916e+000 1.925699160e+000 
1.184112101e+000 1.929401709e+000 
1.045451613e+000 1.826467581e+000 
1.213543416e+000 1.937610434e+000 
1.050551977e+000 1.834227706e+000 
1.082560393e+000 1.870576161e+000 
1.046919391e+000 1.828652969e+000 
1.149325535e+000 1.914509848e+000 
1.132379951e+000 1.905511092e+000 
1.074057333e+000 1.862301728e+000 
1.138761462e+000 1.909221101e+000 
1.144483700e+000 1.912172667e+000 
1.216238457e+000 1.938376499e+000 
1.220605691e+000 1.940422253e+000 
1.046685927e+000 1.828434405e+000 
1.160913515e+000 1.919761606e+000 
1.200595545e+000 1.934766980e+000 
1.043959834e+000 1.824429685e+000 
1.048991417e+000 1.831586853e+000 
1.118867404e+000 1.897581885e+000 
1.044991809e+000 1.825984633e+000 
1.064122901e+000 1.851825153e+000 
1.095085120e+000 1.880241936e+000 
1.147302940e+000 1.913454447e+000 
1.125071744e+000 1.902064792e+000 
1.115698040e+000 1.894568922e+000 
1.095624539e+000 1.880664471e+000 
1.071598672e+000 1.860260237e+000 
1.094856543e+000 1.880152357e+000 
1.121614888e+000 1.899293293e+000 
1.066802623e+000 1.854961259e+000 
1.124520497e+000 1.901559531e+000 
1.112041302e+000 1.892033440e+000 
1.092230461e+000 1.878223957e+000 
1.157295855e+000 1.917906885e+000 
1.109664758e+000 1.890626999e+000 
1.088130817e+000 1.875111083e+000 
1.233861568e+000 1.943198207e+000 
1.110201307e+000 1.890876587e+000 
1.214636213e+000 1.937828669e+000 
1.134051568e+000 1.906089370e+000 
1.140013621e+000 1.909802912e+000 
1.156035530e+000 1.917339243e+000 
1.216503614e+000 1.938492041e+000 
1.094383911e+000 1.879995182e+000 
1.075255944e+000 1.864000306e+000 
1.122680502e+000 1.900402330e+000 
1.098204361e+000 1.882694106e+000 
1.137700994e+000 1.908438032e+000 
1.123622683e+000 1.900956191e+000 
1.050512140e+000 1.833983599e+000 
1.115241822e+000 1.894511168e+000 
1.123338608e+000 1.900658605e+000 
1.137170993e+000 1.907756631e+000 
1.064284535e+000 1.851833832e+000 
1.096218660e+000 1.881184742e+000 
1.064068975e+000 1.851770838e+000 
1.216757338e+000 1.938670253e+000 
1.215481355e+000 1.938339141e+000 
1.074367477e+000 1.862913422e+000 
1.051968311e+000 1.835911222e+000 
1.224641410e+000 1.941497522e+000 
1.047418680e+000 1.829481800e+000 
1.225811872e+000 1.941990180e+000 
1.203481495e+000 1.935688545e+000 
1.202616286e+000 1.935187865e+000 
1.211362238e+000 1.936936325e+000 
1.217073266e+000 1.939226797e+000 
1.209660054e+000 1.936471225e+000 
1.186696945e+000 1.929926841e+000 
1.195073271e+000 1.932515658e+000 
1.133081712e+000 1.905675670e+000 
1.187912337e+000 1.930740533e+000 
1.000260610e+000 1.000055480e+000 
1.000380388e+000 1.000057236e+000 
1.000207903e+000 1.000054002e+000 
1.000456490e+000 1.000057584e+000 
1.000424175e+000 1.000057286e+000 
1.000324226e+000 1.000055760e+000 
1.012782813e+000 1.033625034e+000 
1.015746231e+000 1.037633648e+000 
1.013164017e+000 1.034132037e+000 
1.012520604e+000 1.033487190e+000 
1.015484022e+000 1.037495804e+000 
1.013007223e+000 1.033645996e+000 
1.034274680e+000 1.452499711e+000 
1.034116760e+000 1.451234341e+000 
1.032815042e+000 1.447991381e+000 
1.032552566e+000 1.447457386e+000 
1.031377229e+000 1.444074017e+000 
1.030807591e+000 1.443108061e+000 
1.031977118e+000 1.446035201e+000 
1.031645515e+000 1.445064240e+000 
1.031415615e+000 1.444523069e+000 
1.033546914e+000 1.449667339e+000 
1.034108417e+000 1.451179472e+000 
1.000537094e+000 1.000277948e+000 
1.000463211e+000 1.000277091e+000 
1.026791488e+000 1.175776333e+000 
1.028593782e+000 1.178997708e+000 
1.026279207e+000 1.173391386e+000 
1.026667021e+000 1.174929177e+000 
1.027100834e+000 1.176644406e+000 
1.026357676e+000 1.174354171e+000 
1.029543709e+000 1.180377011e+000 
1.029335476e+000 1.179533649e+000 
1.030247561e+000 1.181157882e+000 
1.030464722e+000 1.181257092e+000 
1.026328032e+000 1.173406125e+000 
1.027032326e+000 1.176067147e+000 
1.010246790e+000 1.017170392e+000 
1.008309191e+000 1.014968692e+000 
1.009207904e+000 1.016025772e+000 
1.012502142e+000 1.018464639e+000 
1.010934449e+000 1.017536878e+000 
1.011217067e+000 1.017626319e+000 
1.010529407e+000 1.017259832e+000 
1.011444161e+000 1.017630586e+000 
1.009007196e+000 1.015739175e+000 
1.010889593e+000 1.017301951e+000 
1.008010868e+000 1.014650958e+000 
1.011577252e+000 1.017667445e+000 
1.009840709e+000 1.016515899e+000 
1.009516907e+000 1.016196299e+000 
1.008858143e+000 1.015704310e+000 
1.008332725e+000 1.015075289e+000 
1.009234290e+000 1.016050462e+000 
1.008418015e+000 1.015077526e+000 
1.008631049e+000 1.015393023e+000 
1.012191717e+000 1.018147671e+000 
1.011593138e+000 1.017905148e+000 
1.024362122e+000 1.113263665e+000 
1.024989811e+000 1.114038819e+000 
1.026072707e+000 1.115011860e+000 
1.021126747e+000 1.108080072e+000 
1.020113987e+000 1.104944363e+000 
1.023175089e+000 1.111479509e+000 
1.025358242e+000 1.114382517e+000 
1.025185887e+000 1.114149737e+000 
1.020278156e+000 1.106696681e+000 
1.020023518e+000 1.104944320e+000 
1.020126901e+000 1.106097710e+000 
1.020642740e+000 1.107232883e+000 
1.024650616e+000 1.113746736e+000 
1.025402532e+000 1.114491476e+000 
1.020268468e+000 1.106200978e+000 
1.022736011e+000 1.110894130e+000 
1.021916854e+000 1.109497055e+000 
1.025201437e+000 1.114246686e+000 
1.015909777e+000 1.038148155e+000 
1.016954842e+000 1.039320160e+000 
1.014366685e+000 1.036751600e+000 
1.013937346e+000 1.036152803e+000 
1.014765789e+000 1.036923088e+000 
1.015487977e+000 1.037618729e+000 
1.013278909e+000 1.034986550e+000 
1.013684107e+000 1.035596508e+000 
1.014707808e+000 1.036848606e+000 
1.014620530e+000 1.036848444e+000 
1.014215332e+000 1.036238486e+000 
1.016493479e+000 1.038785622e+000 
1.016095188e+000 1.038163475e+000 
1.016133938e+000 1.038619245e+000 
1.015088873e+000 1.037447241e+000 
1.018968787e+000 1.061838966e+000 
1.016981528e+000 1.058820287e+000 
1.016979412e+000 1.058764919e+000 
1.018584750e+000 1.061030125e+000 
1.017340334e+000 1.059261518e+000 
1.018714859e+000 1.061322809e+000 
1.302365300e+000 1.972057600e+000 
1.297222341e+000 1.970719893e+000 
1.316503465e+000 1.976928116e+000 
1.316490223e+000 1.976107091e+000 
1.258447801e+000 1.954684423e+000 
1.278603056e+000 1.963736708e+000 
1.282894360e+000 1.965772800e+000 
1.450500801e+000 1.998150292e+000 
1.330578195e+000 1.980285001e+000 
1.342795566e+000 1.982523600e+000 
1.240945918e+000 1.948104569e+000 
1.277978432e+000 1.962997444e+000 
1.299932328e+000 1.971503504e+000 
1.372777731e+000 1.988395257e+000 
1.289720801e+000 1.968329833e+000 
1.261599174e+000 1.956594786e+000 
1.312524994e+000 1.975406096e+000 
1.268717950e+000 1.959688072e+000 
1.273100130e+000 1.961434452e+000 
1.308061000e+000 1.973883411e+000 
1.270779863e+000 1.960467618e+000 
1.449798516e+000 1.997808581e+000 
1.242806149e+000 1.948883279e+000 
1.292421470e+000 1.969092477e+000 
1.290211282e+000 1.968347772e+000 
1.237937443e+000 1.945296762e+000 
1.266288246e+000 1.958365990e+000 
1.265821684e+000 1.958352276e+000 
1.263626266e+000 1.956796071e+000 
1.300880330e+000 1.972019514e+000 
1.255666516e+000 1.954129917e+000 
1.238102924e+000 1.945472567e+000 
1.326495998e+000 1.979400299e+000 
1.312899981e+000 1.975500313e+000 
1.316768642e+000 1.977140904e+000 
1.319213452e+000 1.977717405e+000 
1.323384765e+000 1.978392117e+000 
1.261132612e+000 1.956582066e+000 
1.326870986e+000 1.979499253e+000 
1.404645075e+000 1.992648760e+000 
1.279747134e+000 1.964438567e+000 
1.428918193e+000 1.996068904e+000 
1.346138539e+000 1.983535352e+000 
1.261747086e+000 1.956721282e+000 
1.272205537e+000 1.961301839e+000 
1.304619744e+000 1.972761272e+000 
1.485897702e+000 1.998583929e+000 
1.425477292e+000 1.995414703e+000 
1.470427247e+000 1.998325655e+000 
1.321653762e+000 1.977876424e+000 
1.385496629e+000 1.990161293e+000 
1.326059330e+000 1.979019264e+000 
1.380558890e+000 1.989668542e+000 
1.253376566e+000 1.953185084e+000 
1.267019968e+000 1.958966622e+000 
1.271516886e+000 1.960907966e+000 
1.278490855e+000 1.963401849e+000 
1.322741014e+000 1.978243946e+000 
1.267575780e+000 1.959029971e+000 
1.406149285e+000 1.992885820e+000 
1.491375774e+000 1.998588757e+000 
1.242183959e+000 1.948180288e+000 
1.383229851e+000 1.989903874e+000 
1.236638530e+000 1.945074568e+000 
1.236523986e+000 1.944268150e+000 
1.233270785e+000 1.943056908e+000 
1.471765454e+000 1.998330873e+000 
1.377521406e+000 1.988794189e+000 
1.372978243e+000 1.988557996e+000 
1.324160999e+000 1.978712821e+000 
1.242284479e+000 1.948604762e+000 
1.268001647e+000 1.959178452e+000 
1.419927349e+000 1.995093179e+000 
1.377570556e+000 1.989412144e+000 
1.435364747e+000 1.996396762e+000 
1.351825794e+000 1.984963407e+000 
1.418984735e+000 1.994462040e+000 
1.288720646e+000 1.967129307e+000 
1.269600315e+000 1.959966973e+000 
1.248093570e+000 1.950851730e+000 
1.311655070e+000 1.974899998e+000 
1.351311512e+000 1.984791253e+000 
1.353318468e+000 1.985521763e+000 
1.294872960e+000 1.969987882e+000 
1.426842907e+000 1.995720012e+000 
1.245011211e+000 1.950148403e+000 
1.329830318e+000 1.979833275e+000 
1.426684178e+000 1.995679624e+000 
1.439553127e+000 1.996556837e+000 
1.425284745e+000 1.995407349e+000 
1.247278716e+000 1.950528520e+000 
1.243543172e+000 1.949322883e+000 
1.436343858e+000 1.996533096e+000 
1.436185129e+000 1.996492707e+000 
1.267011580e+000 1.958719654e+000 
1.409485669e+000 1.993883783e+000 
1.305908761e+000 1.973093637e+000 
1.373454584e+000 1.988636505e+000 
1.275278226e+000 1.962414856e+000 
1.533707994e+000 1.999367846e+000 
1.239515829e+000 1.947301404e+000 
1.442312888e+000 1.996942700e+000 
1.239493066e+000 1.946403523e+000 
1.302994555e+000 1.972580276e+000 
1.274874167e+000 1.962235305e+000 
1.235897992e+000 1.944193799e+000 
1.444226068e+000 1.997550411e+000 
1.424913839e+000 1.995256876e+000 
1.235840831e+000 1.944143590e+000 
1.255431459e+000 1.954089513e+000 
1.443097540e+000 1.997534700e+000 
1.407839711e+000 1.993125763e+000 
1.329723607e+000 1.979680411e+000 
1.504169972e+000 1.998670034e+000 
1.239145767e+000 1.945906283e+000 
1.412519045e+000 1.994269305e+000 
1.408438660e+000 1.993468262e+000 
1.282632918e+000 1.965336187e+000 
1.389700038e+000 1.990851406e+000 
1.274288159e+000 1.961952071e+000 
1.425655041e+000 1.995674138e+000 
1.256569745e+000 1.954458843e+000 
1.279343978e+000 1.963933937e+000 
1.251842296e+000 1.952555111e+000 
1.408987984e+000 1.993543230e+000 
1.262387551e+000 1.956728230e+000 
1.251429446e+000 1.952334232e+000 
1.308040866e+000 1.973688966e+000 
1.259783777e+000 1.955537094e+000 
1.421403655e+000 1.995123705e+000 
1.252451476e+000 1.952865679e+000 
1.457094398e+000 1.998160145e+000 
1.306457096e+000 1.973508005e+000 
1.416905562e+000 1.994302732e+000 
1.333578612e+000 1.980682136e+000 
1.309102795e+000 1.974719801e+000 
1.236720019e+000 1.945131272e+000 
1.407148718e+000 1.993055219e+000 
1.432506485e+000 1.996329125e+000 
1.249050078e+000 1.951045832e+000 
1.533020697e+000 1.999282453e+000 
1.441269041e+000 1.996921016e+000 
1.259315097e+000 1.955328902e+000 
1.409477928e+000 1.993867992e+000 
1.499508209e+000 1.998641626e+000 
1.404092940e+000 1.992396105e+000 
1.474703719e+000 1.998410709e+000 
1.422227407e+000 1.995236214e+000 
1.265713668e+000 1.957798345e+000 
1.497307311e+000 1.998603786e+000 
1.287508090e+000 1.967122450e+000 
1.260711576e+000 1.955729133e+000 
1.289537103e+000 1.968108580e+000 
1.291371423e+000 1.968626151e+000 
1.298380280e+000 1.970923337e+000 
1.282237884e+000 1.965226414e+000 
1.480948418e+000 1.998437695e+000 
1.292223191e+000 1.968795772e+000 
1.294007023e+000 1.969213323e+000 
1.412187137e+000 1.994005501e+000 
1.238026000e+000 1.945318912e+000 
1.294624400e+000 1.969398795e+000 
1.463382651e+000 1.998223364e+000 
1.286530358e+000 1.966944444e+000 
1.334362362e+000 1.981057154e+000 
1.347473143e+000 1.984350598e+000 
1.289285206e+000 1.967663499e+000 
1.533565956e+000 1.999355757e+000 
1.281061429e+000 1.965191739e+000 
1.351206070e+000 1.984785152e+000 
1.466924876e+000 1.998296932e+000 
1.249271054e+000 1.951192738e+000 
1.417449540e+000 1.994390765e+000 
1.284101597e+000 1.966193799e+000 
1.283474471e+000 1.965860503e+000 
1.293735298e+000 1.969169948e+000 
1.251174520e+000 1.952030949e+000 
1.476904617e+000 1.998423818e+000 
1.296795003e+000 1.970092964e+000 
1.266576094e+000 1.958483818e+000 
1.339187015e+000 1.982034754e+000 
1.307602861e+000 1.973600959e+000 
1.263905230e+000 1.957676506e+000 
1.254016876e+000 1.953241088e+000 
1.336594470e+000 1.981140152e+000 
1.645031769e+000 2.000000000e+000 
1.639376437e+000 1.999999154e+000 
1.352928130e+000 1.985345335e+000 
1.359772692e+000 1.986647673e+000 
1.553395614e+000 1.999440807e+000 
1.553912329e+000 1.999445165e+000 
1.255108757e+000 1.953707434e+000 
1.333212584e+000 1.980506671e+000 
1.636092871e+000 1.999984818e+000 
1.296930787e+000 1.970104007e+000 
1.521813824e+000 1.999132679e+000 
1.315327160e+000 1.975684848e+000 
1.337027288e+000 1.981531567e+000 
1.234223467e+000 1.943498308e+000 
1.361136562e+000 1.986839212e+000 
1.369112852e+000 1.988238950e+000 
1.232165531e+000 1.942134219e+000 
1.633191715e+000 1.999941859e+000 
1.563696732e+000 1.999652799e+000 
1.556014739e+000 1.999579366e+000 
1.557357030e+000 1.999622353e+000 
1.359643898e+000 1.986552735e+000 
1.620521664e+000 1.999897545e+000 
1.388817221e+000 1.990677365e+000 
1.623692038e+000 1.999913064e+000 
1.393758641e+000 1.991230656e+000 
1.388006561e+000 1.990410384e+000 
1.619493895e+000 1.999836295e+000 
1.342975780e+000 1.983098796e+000 
1.340635711e+000 1.982314968e+000 
1.364905015e+000 1.987219131e+000 
1.404416892e+000 1.992495115e+000 
1.355078178e+000 1.985616687e+000 
1.400959620e+000 1.992279245e+000 
1.357956394e+000 1.986301891e+000 
1.616404343e+000 1.999826116e+000 
1.365826510e+000 1.987296202e+000 
1.392941082e+000 1.991157459e+000 
1.612152447e+000 1.999790208e+000 
1.609504582e+000 1.999744188e+000 
1.396670258e+000 1.992023022e+000 
1.396514005e+000 1.991939589e+000 
1.394041190e+000 1.991553551e+000 
1.604986752e+000 1.999701303e+000 
1.605786533e+000 1.999720976e+000 
1.549425818e+000 1.999414490e+000 
1.547229525e+000 1.999373338e+000 
1.548546297e+000 1.999388112e+000 
1.527247390e+000 1.999230913e+000 
1.604216708e+000 1.999698223e+000 
1.603135712e+000 1.999696069e+000 
1.515149922e+000 1.998975071e+000 
1.512265307e+000 1.998860874e+000 
1.599916391e+000 1.999695064e+000 
1.513913984e+000 1.998900400e+000 
1.512990324e+000 1.998874897e+000 
1.516551292e+000 1.998988987e+000 
1.508082947e+000 1.998795322e+000 

