1.089709797e+000 1.941082793e+000 
1.026641827e+000 1.884143083e+000 
1.027348652e+000 1.885652580e+000 
1.052675937e+000 1.917753116e+000 
1.046854399e+000 1.912086156e+000 
1.027125239e+000 1.885406789e+000 
1.052496892e+000 1.917627633e+000 
1.088398099e+000 1.940900439e+000 
1.094648431e+000 1.944952868e+000 
1.154493798e+000 1.964465277e+000 
1.025825453e+000 1.881835637e+000 
1.041291956e+000 1.906178256e+000 
1.057039949e+000 1.921206161e+000 
1.070271048e+000 1.930114735e+000 
1.033338866e+000 1.894663939e+000 
1.091058019e+000 1.942737319e+000 
1.027012531e+000 1.885088824e+000 
1.039854220e+000 1.904437396e+000 
1.095501918e+000 1.945033772e+000 
1.030159544e+000 1.890469477e+000 
1.092668472e+000 1.943836513e+000 
1.026189411e+000 1.882956819e+000 
1.028683641e+000 1.888117575e+000 
1.029336382e+000 1.888709146e+000 
1.028131882e+000 1.887119572e+000 
1.044231441e+000 1.909335699e+000 
1.044938186e+000 1.909799727e+000 
1.058663133e+000 1.922151306e+000 
1.082721674e+000 1.937651461e+000 
1.090727662e+000 1.942513701e+000 
1.137541106e+000 1.960729270e+000 
1.054625096e+000 1.919525410e+000 
1.146632170e+000 1.962706823e+000 
1.130617232e+000 1.959077950e+000 
1.042574124e+000 1.907405506e+000 
1.133569274e+000 1.959965570e+000 
1.026351108e+000 1.883377811e+000 
1.038692614e+000 1.903019434e+000 
1.032644354e+000 1.893960306e+000 
1.050267863e+000 1.915670377e+000 
1.082399397e+000 1.937543565e+000 
1.028247733e+000 1.887172104e+000 
1.048323868e+000 1.913736213e+000 
1.097481877e+000 1.946148338e+000 
1.025926106e+000 1.882687765e+000 
1.046601663e+000 1.911851843e+000 
1.049969333e+000 1.915202220e+000 
1.051913328e+000 1.917136242e+000 
1.051355574e+000 1.916562107e+000 
1.033419936e+000 1.894782347e+000 
1.038156530e+000 1.902386028e+000 
1.045722234e+000 1.910831118e+000 
1.046026608e+000 1.910958638e+000 
1.037455372e+000 1.901387965e+000 
1.107958063e+000 1.951552282e+000 
1.049126544e+000 1.914605349e+000 
1.074292669e+000 1.932498040e+000 
1.027382711e+000 1.885799327e+000 
1.066512978e+000 1.927710119e+000 
1.080419439e+000 1.936393172e+000 
1.150986615e+000 1.963882534e+000 
1.066033167e+000 1.927477005e+000 
1.067332240e+000 1.928287428e+000 
1.086486506e+000 1.940359248e+000 
1.067457209e+000 1.928462591e+000 
1.081413078e+000 1.936519850e+000 
1.057288835e+000 1.921412843e+000 
1.080089082e+000 1.936169548e+000 
1.105582041e+000 1.950487431e+000 
1.035865703e+000 1.899380968e+000 
1.037222554e+000 1.901036150e+000 
1.025180377e+000 1.880003091e+000 
1.078545063e+000 1.934837654e+000 
1.025717474e+000 1.880798892e+000 
1.135316258e+000 1.960309106e+000 
1.032562864e+000 1.893903629e+000 
1.054191717e+000 1.918960086e+000 
1.156471290e+000 1.965254125e+000 
1.033579330e+000 1.895667104e+000 
1.033461264e+000 1.895364720e+000 
1.054559020e+000 1.919381562e+000 
1.031907370e+000 1.892930415e+000 
1.135461150e+000 1.960402853e+000 
1.096262709e+000 1.945613778e+000 
1.053139608e+000 1.918225697e+000 
1.046146089e+000 1.911268140e+000 
1.159609335e+000 1.965714413e+000 
1.036409585e+000 1.899929318e+000 
1.060713694e+000 1.923630341e+000 
1.099313412e+000 1.947350076e+000 
1.076805296e+000 1.934147448e+000 
1.101505241e+000 1.948465141e+000 
1.101274699e+000 1.948403466e+000 
1.078715071e+000 1.934941305e+000 
1.035524027e+000 1.898864373e+000 
1.055116871e+000 1.919616838e+000 
1.047762770e+000 1.912916236e+000 
1.045270226e+000 1.910670471e+000 
1.051928452e+000 1.917185516e+000 
1.138035971e+000 1.960892894e+000 
1.113259332e+000 1.953350583e+000 
1.056161600e+000 1.920642048e+000 
1.043662386e+000 1.908715775e+000 
1.076474940e+000 1.933923825e+000 
1.105154806e+000 1.950043890e+000 
1.122034153e+000 1.956050653e+000 
1.030031505e+000 1.890076236e+000 
1.122126503e+000 1.956608875e+000 
1.053573917e+000 1.918651228e+000 
1.034992662e+000 1.898062513e+000 
1.059503612e+000 1.922856664e+000 
1.047532877e+000 1.912861055e+000 
1.054969536e+000 1.919555326e+000 
1.036919288e+000 1.900753214e+000 
1.060488716e+000 1.923586999e+000 
1.052432598e+000 1.917586276e+000 
1.061735422e+000 1.924454277e+000 
1.065284716e+000 1.926881564e+000 
1.084395954e+000 1.939078801e+000 
1.042151305e+000 1.906867678e+000 
1.062999607e+000 1.925434737e+000 
1.034452371e+000 1.896985075e+000 
1.071138507e+000 1.930446097e+000 
1.161608880e+000 1.966315243e+000 
1.117633372e+000 1.955035235e+000 
1.142178760e+000 1.961558778e+000 
1.039122892e+000 1.903566279e+000 
1.139035311e+000 1.961307676e+000 
1.076803778e+000 1.934091205e+000 
1.102842634e+000 1.949172841e+000 
1.040008450e+000 1.904629865e+000 
1.097200317e+000 1.946116896e+000 
1.031339262e+000 1.891887089e+000 
1.111473713e+000 1.952588780e+000 
1.047235411e+000 1.912272938e+000 
1.155422494e+000 1.965055636e+000 
1.028958401e+000 1.888482694e+000 
1.065934326e+000 1.927304262e+000 
1.029084439e+000 1.888494399e+000 
1.029580891e+000 1.889516307e+000 
1.037731420e+000 1.901740550e+000 
1.063729104e+000 1.925864680e+000 
1.132759241e+000 1.959595410e+000 
1.054270908e+000 1.919052153e+000 
1.110424106e+000 1.952166133e+000 
1.111129132e+000 1.952536010e+000 
1.110807925e+000 1.952509299e+000 
1.077286612e+000 1.934266559e+000 
1.040867799e+000 1.905319660e+000 
1.034649619e+000 1.897515814e+000 
1.036569814e+000 1.900322591e+000 
1.089747807e+000 1.941891353e+000 
1.092175363e+000 1.943439086e+000 
1.041217273e+000 1.905749839e+000 
1.119685615e+000 1.955876139e+000 
1.040437018e+000 1.904884729e+000 
1.097912311e+000 1.946505829e+000 
1.129252059e+000 1.958910158e+000 
1.074733467e+000 1.932695173e+000 
1.133717619e+000 1.960109528e+000 
1.059654106e+000 1.923004158e+000 
1.095544057e+000 1.945176986e+000 
1.104497302e+000 1.949874612e+000 
1.064432123e+000 1.926360157e+000 
1.032444290e+000 1.893684959e+000 
1.130961813e+000 1.959135614e+000 
1.060021652e+000 1.923120658e+000 
1.115994337e+000 1.954170833e+000 
1.077930589e+000 1.934708463e+000 
1.072841225e+000 1.931445231e+000 
1.058622094e+000 1.922076011e+000 
1.090378057e+000 1.942016232e+000 
1.048262233e+000 1.913395015e+000 
1.048809261e+000 1.913859001e+000 
1.031825908e+000 1.892777621e+000 
1.074492067e+000 1.932509746e+000 
1.106013841e+000 1.950593169e+000 
1.141614984e+000 1.961453015e+000 
1.136589134e+000 1.960705309e+000 
1.085802619e+000 1.939462893e+000 
1.079836329e+000 1.935690529e+000 
1.083640260e+000 1.938452592e+000 
1.142666509e+000 1.962095435e+000 
1.109840392e+000 1.951840677e+000 
1.085484148e+000 1.939315515e+000 
1.082961106e+000 1.937732871e+000 
1.142254440e+000 1.961777625e+000 
1.083250113e+000 1.937948174e+000 
1.083350094e+000 1.938195533e+000 
1.067662596e+000 1.928511051e+000 
1.081429949e+000 1.936930563e+000 
1.114415322e+000 1.953913435e+000 
1.041872808e+000 1.906405627e+000 
1.062598252e+000 1.925017852e+000 
1.082050729e+000 1.937344491e+000 
1.082275557e+000 1.937359458e+000 
1.042758366e+000 1.907469689e+000 
1.032137088e+000 1.892950389e+000 
1.125833544e+000 1.957825207e+000 
1.123257252e+000 1.956655619e+000 
1.003851901e+000 1.008454766e+000 
1.003926332e+000 1.008461225e+000 
1.003621802e+000 1.008302574e+000 
1.003343356e+000 1.008151514e+000 
1.003808963e+000 1.008438846e+000 
1.003986563e+000 1.008584163e+000 
1.003652593e+000 1.008436645e+000 
1.003348293e+000 1.008285437e+000 
1.003631234e+000 1.008426485e+000 
1.003578611e+000 1.008286254e+000 
1.003317502e+000 1.008151366e+000 
1.003297742e+000 1.008007413e+000 
1.018112437e+000 1.123022464e+000 
1.017379675e+000 1.121614422e+000 
1.017918528e+000 1.122708123e+000 
1.024319068e+000 1.427899614e+000 
1.024788961e+000 1.428792866e+000 
1.024691720e+000 1.428110410e+000 
1.023841246e+000 1.426005156e+000 
1.024924004e+000 1.428946876e+000 
1.024291839e+000 1.426769406e+000 
1.024683128e+000 1.428102896e+000 
1.010219418e+000 1.029547424e+000 
1.010206960e+000 1.029534677e+000 
1.023035693e+000 1.405005473e+000 
1.021254616e+000 1.402153232e+000 
1.019799933e+000 1.399084775e+000 
1.018334144e+000 1.396120352e+000 
1.018513888e+000 1.397218872e+000 
1.020320155e+000 1.400712360e+000 
1.019294236e+000 1.398225197e+000 
1.023387277e+000 1.405430503e+000 
1.022097593e+000 1.403545713e+000 
1.022946160e+000 1.404606852e+000 
1.020657320e+000 1.401075287e+000 
1.020264284e+000 1.400083735e+000 
1.022449177e+000 1.403970743e+000 
1.020110171e+000 1.399649187e+000 
1.019631009e+000 1.398792716e+000 
1.021606200e+000 1.402578263e+000 
1.021100503e+000 1.401718685e+000 
1.021587650e+000 1.402542198e+000 
1.019434110e+000 1.398432209e+000 
1.013311442e+000 1.037632171e+000 
1.010911579e+000 1.035646344e+000 
1.010857260e+000 1.035567542e+000 
1.012200314e+000 1.036835784e+000 
1.012210537e+000 1.036911338e+000 
1.011348196e+000 1.036165796e+000 
1.010240163e+000 1.034452821e+000 
1.010386138e+000 1.035022191e+000 
1.011876080e+000 1.036681297e+000 
1.010666073e+000 1.035133046e+000 
1.010992815e+000 1.035734407e+000 
1.011674529e+000 1.036332751e+000 
1.011564059e+000 1.036260156e+000 
1.000000000e+000 1.000000000e+000 
1.000015480e+000 1.000000191e+000 
1.001101724e+000 1.000078155e+000 
1.001381431e+000 1.000078859e+000 
1.000557036e+000 1.000075120e+000 
1.000346676e+000 1.000073322e+000 
1.000522879e+000 1.000074901e+000 
1.000071662e+000 1.000064648e+000 
1.001197634e+000 1.000078379e+000 
1.001233834e+000 1.000078489e+000 
1.000654990e+000 1.000075235e+000 
1.000461126e+000 1.000074897e+000 
1.000829151e+000 1.000076923e+000 
1.000593236e+000 1.000075231e+000 
1.000382875e+000 1.000073433e+000 
1.000733240e+000 1.000076699e+000 
1.000865350e+000 1.000077033e+000 
1.000160294e+000 1.000071715e+000 
1.000250765e+000 1.000073098e+000 
1.000121717e+000 1.000070104e+000 
1.000201399e+000 1.000071932e+000 
1.000072351e+000 1.000068937e+000 
1.000031633e+000 1.000064606e+000 
1.001361287e+000 1.000078525e+000 
1.001520167e+000 1.002149141e+000 
1.002329158e+000 1.002414048e+000 
1.002552698e+000 1.002429829e+000 
1.002880772e+000 1.002488296e+000 
1.001922705e+000 1.002336092e+000 
1.002377339e+000 1.002415997e+000 
1.002390881e+000 1.002419348e+000 
1.002506727e+000 1.002424256e+000 
1.001648923e+000 1.002278596e+000 
1.001954289e+000 1.002341965e+000 
1.002086024e+000 1.002352156e+000 
1.002881596e+000 1.002496339e+000 
1.002147747e+000 1.002357456e+000 
1.001809012e+000 1.002328423e+000 
1.002002470e+000 1.002343914e+000 
1.001471634e+000 1.002141778e+000 
1.002201091e+000 1.002389559e+000 
1.001388432e+000 1.002138950e+000 
1.001569048e+000 1.002262504e+000 
1.014656371e+000 1.061403278e+000 
1.016877349e+000 1.064069273e+000 
1.014451462e+000 1.060407318e+000 
1.013486480e+000 1.059450491e+000 
1.014833668e+000 1.061568211e+000 
1.014655386e+000 1.060678105e+000 
1.013663778e+000 1.059615425e+000 
1.017104769e+000 1.064247691e+000 
1.016102514e+000 1.063282675e+000 
1.015293022e+000 1.062197853e+000 
1.014123132e+000 1.060245066e+000 
1.016835872e+000 1.063766337e+000 
1.009296689e+000 1.028271685e+000 
1.008956039e+000 1.028203088e+000 
1.009635663e+000 1.028877129e+000 
1.008425125e+000 1.027651642e+000 
1.009226445e+000 1.028260614e+000 
1.009129343e+000 1.028251740e+000 
1.009581860e+000 1.028771317e+000 
1.008414151e+000 1.027135143e+000 
1.004353967e+000 1.009117501e+000 
1.005556485e+000 1.009556650e+000 
1.007903446e+000 1.010072544e+000 
1.006250972e+000 1.009741672e+000 
1.007402973e+000 1.010035771e+000 
1.006273493e+000 1.009745678e+000 
1.005135155e+000 1.009422123e+000 
1.005379722e+000 1.009500232e+000 
1.004710510e+000 1.009276962e+000 
1.007786883e+000 1.010062244e+000 
1.004526372e+000 1.009195610e+000 
1.005282249e+000 1.009443176e+000 
1.007550067e+000 1.010056824e+000 
1.005716557e+000 1.009584932e+000 
1.005814030e+000 1.009641988e+000 
1.005569463e+000 1.009563879e+000 
1.007881264e+000 1.010068279e+000 
1.006924905e+000 1.009902322e+000 
1.006103383e+000 1.009718358e+000 
1.007778026e+000 1.010062035e+000 
1.005278934e+000 1.009431596e+000 
1.004128416e+000 1.009040509e+000 
1.004955077e+000 1.009355072e+000 
1.004703136e+000 1.009251081e+000 
1.005131840e+000 1.009410543e+000 
1.004300926e+000 1.009045845e+000 
1.007047669e+000 1.009930898e+000 
1.008025309e+000 1.010090421e+000 
1.227090577e+000 1.984601977e+000 
1.248905599e+000 1.987361008e+000 
1.164880598e+000 1.967493466e+000 
1.636995413e+000 1.999999733e+000 
1.165775022e+000 1.968059553e+000 
1.230735725e+000 1.984847711e+000 
1.164475278e+000 1.966925287e+000 
1.320517531e+000 1.994981209e+000 
1.228547375e+000 1.984800672e+000 
1.602369797e+000 1.999936699e+000 
1.168229724e+000 1.969162013e+000 
1.232230332e+000 1.985033676e+000 
1.342885534e+000 1.996920947e+000 
1.225116531e+000 1.984060047e+000 
1.233061773e+000 1.985355628e+000 
1.351305717e+000 1.997397010e+000 
1.343196594e+000 1.996922121e+000 
1.465170520e+000 1.999085072e+000 
1.163806980e+000 1.966729314e+000 
1.177004548e+000 1.971967168e+000 
1.367210537e+000 1.997551930e+000 
1.628589476e+000 1.999994770e+000 
1.242899119e+000 1.986396425e+000 
1.334789422e+000 1.996242368e+000 
1.244931514e+000 1.986770021e+000 
1.163991959e+000 1.966871306e+000 
1.244928748e+000 1.986729641e+000 
1.162849354e+000 1.966648281e+000 
1.167863080e+000 1.968522477e+000 
1.238352529e+000 1.986089900e+000 
1.378054515e+000 1.997862921e+000 
1.171342056e+000 1.970133815e+000 
1.170306448e+000 1.969733793e+000 
1.166579593e+000 1.968440951e+000 
1.166739627e+000 1.968491971e+000 
1.609445952e+000 1.999940615e+000 
1.169416294e+000 1.969577003e+000 
1.340484270e+000 1.996698213e+000 
1.589708834e+000 1.999889904e+000 
1.348891442e+000 1.997377966e+000 
1.589952506e+000 1.999904137e+000 
1.638286303e+000 2.000000000e+000 
1.381754175e+000 1.997954909e+000 
1.259501300e+000 1.988395402e+000 
1.235181349e+000 1.985742853e+000 
1.237812018e+000 1.986085569e+000 
1.356147735e+000 1.997438849e+000 
1.172647098e+000 1.971067438e+000 
1.173315396e+000 1.971263619e+000 
1.322198553e+000 1.995202445e+000 
1.385874837e+000 1.997967304e+000 
1.245535137e+000 1.986773850e+000 
1.341075779e+000 1.996700945e+000 
1.243536815e+000 1.986708223e+000 
1.181481697e+000 1.973051337e+000 
1.174359526e+000 1.971586408e+000 
1.223985785e+000 1.983947755e+000 
1.232234829e+000 1.985164271e+000 
1.336894922e+000 1.996300590e+000 
1.182112177e+000 1.973531892e+000 
1.175459914e+000 1.971814247e+000 
1.177177554e+000 1.972261823e+000 
1.193916776e+000 1.976271672e+000 
1.324262535e+000 1.995393402e+000 
1.616576943e+000 1.999945585e+000 
1.196426017e+000 1.977116712e+000 
1.240055870e+000 1.986186146e+000 
1.226349148e+000 1.984330503e+000 
1.198100941e+000 1.977828542e+000 
1.212573646e+000 1.981807481e+000 
1.211238892e+000 1.981502964e+000 
1.326893204e+000 1.995754886e+000 
1.207146477e+000 1.980458409e+000 
1.208090941e+000 1.980665563e+000 
1.225683556e+000 1.984253436e+000 
1.209619341e+000 1.980712415e+000 
1.386850310e+000 1.997984051e+000 
1.181718127e+000 1.973434441e+000 
1.399507982e+000 1.998366947e+000 
1.178778730e+000 1.973039613e+000 
1.219188451e+000 1.983152055e+000 
1.226994807e+000 1.984458051e+000 
1.347639629e+000 1.996947047e+000 
1.214141070e+000 1.982075905e+000 
1.178127989e+000 1.972464099e+000 
1.398950155e+000 1.998297061e+000 
1.206067894e+000 1.980180137e+000 
1.178561351e+000 1.972469714e+000 
1.475104248e+000 1.999093180e+000 
1.205527727e+000 1.979978307e+000 
1.397019355e+000 1.998273847e+000 
1.619704893e+000 1.999970372e+000 
1.623735863e+000 1.999978743e+000 
1.174186604e+000 1.971449486e+000 
1.229997342e+000 1.984819340e+000 
1.171144972e+000 1.969975865e+000 
1.170613396e+000 1.969932814e+000 
1.172486886e+000 1.970632777e+000 
1.216411281e+000 1.982722915e+000 
1.213994568e+000 1.981988808e+000 
1.170086303e+000 1.969719211e+000 
1.194019052e+000 1.976738009e+000 
1.210346267e+000 1.981264441e+000 
1.210156933e+000 1.981073743e+000 
1.239913708e+000 1.986133123e+000 
1.366140369e+000 1.997440018e+000 
1.214944872e+000 1.982166778e+000 
1.172340754e+000 1.970543658e+000 
1.479178505e+000 1.999156089e+000 
1.481241006e+000 1.999170558e+000 
1.197298871e+000 1.977699473e+000 
1.187141080e+000 1.974957652e+000 
1.195447607e+000 1.977087449e+000 
1.476107983e+000 1.999102638e+000 
1.222784856e+000 1.983428903e+000 
1.203314276e+000 1.979371547e+000 
1.476487315e+000 1.999142818e+000 
1.191665262e+000 1.976088418e+000 
1.186159056e+000 1.974757055e+000 
1.188594765e+000 1.975722277e+000 
1.191110448e+000 1.976073338e+000 
1.231359091e+000 1.985025127e+000 
1.199358225e+000 1.978306025e+000 
1.205352527e+000 1.979861726e+000 
1.182460953e+000 1.973860035e+000 
1.186639072e+000 1.974768880e+000 
1.202142636e+000 1.978892176e+000 
1.184494124e+000 1.974422187e+000 
1.192887340e+000 1.976219178e+000 
1.183937603e+000 1.974067488e+000 
1.331685507e+000 1.995933358e+000 
1.202975536e+000 1.979187880e+000 
1.201692868e+000 1.978885204e+000 
1.337012765e+000 1.996312396e+000 
1.183269305e+000 1.973920520e+000 
1.520892965e+000 1.999514466e+000 
1.181534445e+000 1.973114322e+000 
1.277920853e+000 1.990767717e+000 
1.548345887e+000 1.999732510e+000 
1.281009362e+000 1.991356969e+000 
1.558834664e+000 1.999742473e+000 
1.586442922e+000 1.999856373e+000 
1.576963683e+000 1.999853553e+000 
1.569588691e+000 1.999843688e+000 
1.565534891e+000 1.999833643e+000 
1.493530799e+000 1.999319999e+000 
1.517553266e+000 1.999489511e+000 
1.529021652e+000 1.999566101e+000 
1.200980284e+000 1.978422874e+000 
1.530111597e+000 1.999598852e+000 
1.437116879e+000 1.998908854e+000 
1.336641790e+000 1.996249977e+000 
1.433679552e+000 1.998870010e+000 
1.432296636e+000 1.998868025e+000 
1.533739640e+000 1.999618858e+000 
1.536276467e+000 1.999625055e+000 
1.458435575e+000 1.999039646e+000 
1.502572410e+000 1.999428743e+000 
1.547854775e+000 1.999686237e+000 
1.514834517e+000 1.999446298e+000 
1.419556749e+000 1.998702510e+000 
1.239919507e+000 1.986134286e+000 
1.526795753e+000 1.999557710e+000 
1.534317777e+000 1.999620175e+000 
1.530796209e+000 1.999617841e+000 
1.505262215e+000 1.999436031e+000 
1.389031981e+000 1.998085688e+000 
1.452926572e+000 1.999028575e+000 
1.429743124e+000 1.998787176e+000 
1.196835008e+000 1.977328439e+000 
1.265422507e+000 1.989444514e+000 
1.426486025e+000 1.998775158e+000 
1.452551280e+000 1.998930961e+000 
1.424562041e+000 1.998758514e+000 
1.424844054e+000 1.998772518e+000 
1.389350496e+000 1.998112008e+000 
1.424907715e+000 1.998773439e+000 
1.416091576e+000 1.998656932e+000 
1.339453773e+000 1.996439182e+000 
1.412428489e+000 1.998647061e+000 
1.401773242e+000 1.998546933e+000 
1.403314787e+000 1.998548989e+000 
1.408726543e+000 1.998594370e+000 
1.404888187e+000 1.998551366e+000 
1.406112368e+000 1.998567426e+000 
1.263898274e+000 1.989409075e+000 
1.495824452e+000 1.999334304e+000 
1.263467727e+000 1.989309145e+000 
1.375246357e+000 1.997689521e+000 
1.248189082e+000 1.987273137e+000 
1.274026186e+000 1.990525045e+000 
1.268636069e+000 1.990028961e+000 
1.489832558e+000 1.999174834e+000 
1.272416414e+000 1.990333486e+000 
1.295387838e+000 1.992934146e+000 
1.252908203e+000 1.987831306e+000 
1.259892086e+000 1.988973937e+000 
1.265490214e+000 1.989748809e+000 
1.488735856e+000 1.999173640e+000 
1.339012352e+000 1.996414963e+000 
1.303121511e+000 1.993701953e+000 
1.312803505e+000 1.994246309e+000 
1.291429907e+000 1.992627019e+000 
1.292605846e+000 1.992669798e+000 
1.255054122e+000 1.988262795e+000 
1.255452317e+000 1.988325384e+000 
1.254586410e+000 1.988222898e+000 
1.255259676e+000 1.988284701e+000 
1.292949001e+000 1.992762693e+000 
1.292083094e+000 1.992660487e+000 
1.313806234e+000 1.994335903e+000 
1.315997305e+000 1.994675997e+000 
1.313366636e+000 1.994330370e+000 
1.284547352e+000 1.991894093e+000 
1.309155869e+000 1.994128855e+000 
1.311195003e+000 1.994152894e+000 
1.299343747e+000 1.993357126e+000 
1.282374485e+000 1.991485768e+000 
1.283594944e+000 1.991518544e+000 
1.314423653e+000 1.994548236e+000 
1.291093794e+000 1.992519235e+000 
1.491448728e+000 1.999219494e+000 
1.281664781e+000 1.991426629e+000 

