1.001739544e+000 1.002280550e+000 
1.001642640e+000 1.002271610e+000 
1.001685350e+000 1.002274125e+000 
1.002120249e+000 1.002383741e+000 
1.002187669e+000 1.002383758e+000 
1.002092735e+000 1.002379630e+000 
1.001899118e+000 1.002333231e+000 
1.001844924e+000 1.002326806e+000 
1.001748019e+000 1.002317866e+000 
1.001802214e+000 1.002324291e+000 
1.002066055e+000 1.002377316e+000 
1.009311768e+000 1.024870911e+000 
1.006452159e+000 1.022312028e+000 
1.006964765e+000 1.022869743e+000 
1.009514686e+000 1.025056214e+000 
1.009618939e+000 1.025064642e+000 
1.006274398e+000 1.021827296e+000 
1.009306107e+000 1.024643732e+000 
1.008037936e+000 1.023911656e+000 
1.009808379e+000 1.025144802e+000 
1.005912523e+000 1.021270207e+000 
1.008016410e+000 1.023887512e+000 
1.006380363e+000 1.022303372e+000 
1.008414029e+000 1.023975521e+000 
1.005850612e+000 1.020734013e+000 
1.006602889e+000 1.022312585e+000 
1.007691263e+000 1.023437577e+000 
1.006925531e+000 1.022866884e+000 
1.006752824e+000 1.022360775e+000 
1.007127707e+000 1.022878923e+000 
1.006018488e+000 1.021746214e+000 
1.007382501e+000 1.022973697e+000 
1.008879797e+000 1.024466050e+000 
1.007966902e+000 1.023540067e+000 
1.009929267e+000 1.025372612e+000 
1.006845949e+000 1.022380308e+000 
1.000830699e+000 1.001964038e+000 
1.000525382e+000 1.001837336e+000 
1.001352825e+000 1.002076041e+000 
1.000674536e+000 1.001901162e+000 
1.000764932e+000 1.001908627e+000 
1.000421075e+000 1.001785563e+000 
1.000511471e+000 1.001793029e+000 
1.000971289e+000 1.001971787e+000 
1.000615778e+000 1.001844801e+000 
1.000962187e+000 1.001970109e+000 
1.000880893e+000 1.001964321e+000 
1.001443220e+000 1.002083507e+000 
1.001121704e+000 1.002024045e+000 
1.001582874e+000 1.002086596e+000 
1.001212100e+000 1.002031511e+000 
1.001108786e+000 1.001972925e+000 
1.001630478e+000 1.002134201e+000 
1.000921065e+000 1.001969826e+000 
1.001110913e+000 1.001973198e+000 
1.000615749e+000 1.001843123e+000 
1.000764903e+000 1.001906950e+000 
1.000665584e+000 1.001849386e+000 
1.000511442e+000 1.001791351e+000 
1.014312738e+000 1.318327509e+000 
1.013233221e+000 1.317960362e+000 
1.019484172e+000 1.328145712e+000 
1.015687603e+000 1.322031982e+000 
1.013020184e+000 1.315977270e+000 
1.018345047e+000 1.326688420e+000 
1.019312950e+000 1.327969372e+000 
1.012613451e+000 1.314214887e+000 
1.015758242e+000 1.322339189e+000 
1.016113111e+000 1.323298548e+000 
1.014377022e+000 1.319249016e+000 
1.014567540e+000 1.320070326e+000 
1.013204354e+000 1.316403842e+000 
1.015499386e+000 1.321676924e+000 
1.015072502e+000 1.321211169e+000 
1.014956680e+000 1.320913781e+000 
1.015205945e+000 1.321400193e+000 
1.016808138e+000 1.324361502e+000 
1.017378275e+000 1.325230413e+000 
1.017278638e+000 1.325022768e+000 
1.017733250e+000 1.325776807e+000 
1.005826954e+000 1.011789437e+000 
1.005795877e+000 1.011782244e+000 
1.000148476e+000 1.000051749e+000 
1.000375902e+000 1.000053605e+000 
1.154720320e+000 1.953820764e+000 
1.188643747e+000 1.963230848e+000 
1.120078067e+000 1.942040915e+000 
1.022557252e+000 1.874142372e+000 
1.019947291e+000 1.868484242e+000 
1.021128225e+000 1.871479955e+000 
1.020269016e+000 1.870107854e+000 
1.118378473e+000 1.941453781e+000 
1.028833429e+000 1.881912308e+000 
1.030480780e+000 1.883733227e+000 
1.162181838e+000 1.956459946e+000 
1.185800904e+000 1.962538481e+000 
1.090968329e+000 1.928587008e+000 
1.101569741e+000 1.933873189e+000 
1.086913758e+000 1.926552785e+000 
1.137339456e+000 1.948790571e+000 
1.026622217e+000 1.879155624e+000 
1.030997191e+000 1.884168329e+000 
1.076743238e+000 1.920852736e+000 
1.056569191e+000 1.907268565e+000 
1.054294422e+000 1.905535914e+000 
1.131699653e+000 1.947068826e+000 
1.107576053e+000 1.936745134e+000 
1.020814922e+000 1.871264719e+000 
1.185420181e+000 1.962403032e+000 
1.029959255e+000 1.883215987e+000 
1.020245801e+000 1.869912647e+000 
1.033170628e+000 1.886401113e+000 
1.023381612e+000 1.875338753e+000 
1.034597801e+000 1.887799628e+000 
1.026251819e+000 1.878940518e+000 
1.027206889e+000 1.880034255e+000 
1.024361450e+000 1.876572193e+000 
1.069261837e+000 1.916138923e+000 
1.057961080e+000 1.908462153e+000 
1.026810302e+000 1.879647378e+000 
1.191426754e+000 1.963994577e+000 
1.187584500e+000 1.962794534e+000 
1.023747974e+000 1.875666037e+000 
1.111079649e+000 1.938654180e+000 
1.022393722e+000 1.874140811e+000 
1.037525450e+000 1.890507755e+000 
1.025013464e+000 1.877486650e+000 
1.063584590e+000 1.912786990e+000 
1.067082948e+000 1.915003014e+000 
1.161731184e+000 1.956376499e+000 
1.031518717e+000 1.884689279e+000 
1.059995514e+000 1.910108601e+000 
1.056504908e+000 1.907180249e+000 
1.105967673e+000 1.935985591e+000 
1.130039941e+000 1.945936624e+000 
1.040030414e+000 1.892823745e+000 
1.099591458e+000 1.933112413e+000 
1.100177757e+000 1.933185765e+000 
1.094452779e+000 1.930199076e+000 
1.085680216e+000 1.925592613e+000 
1.035165350e+000 1.888292315e+000 
1.044184563e+000 1.896405269e+000 
1.065630809e+000 1.913942623e+000 
1.163504218e+000 1.956717111e+000 
1.030949245e+000 1.883987354e+000 
1.061675691e+000 1.911176487e+000 
1.027143742e+000 1.879673967e+000 
1.061315855e+000 1.911107425e+000 
1.034247829e+000 1.887431247e+000 
1.115397624e+000 1.940387124e+000 
1.103603556e+000 1.935061354e+000 
1.037108553e+000 1.890181940e+000 
1.109263407e+000 1.937794864e+000 
1.040424654e+000 1.893096940e+000 
1.060615968e+000 1.910285094e+000 
1.091721388e+000 1.929024775e+000 
1.043715872e+000 1.895990869e+000 
1.049683038e+000 1.901439376e+000 
1.048491036e+000 1.900437573e+000 
1.135699197e+000 1.948171547e+000 
1.070331847e+000 1.916897310e+000 
1.107935055e+000 1.936786256e+000 
1.154883334e+000 1.954620679e+000 
1.028008907e+000 1.880714938e+000 
1.127704581e+000 1.945044656e+000 
1.097301503e+000 1.931814806e+000 
1.114356940e+000 1.939917653e+000 
1.109622409e+000 1.937836818e+000 
1.108645594e+000 1.937255275e+000 
1.048838895e+000 1.900707819e+000 
1.024210323e+000 1.876271167e+000 
1.105146224e+000 1.935665273e+000 
1.101361423e+000 1.933738525e+000 
1.105610312e+000 1.935907632e+000 
1.076235093e+000 1.920520963e+000 
1.177801505e+000 1.960560883e+000 
1.034853280e+000 1.888001246e+000 
1.022764120e+000 1.874354837e+000 
1.033414233e+000 1.886569630e+000 
1.134128647e+000 1.947426932e+000 
1.090326756e+000 1.928287093e+000 
1.048500009e+000 1.900484602e+000 
1.044244216e+000 1.896603466e+000 
1.092143002e+000 1.929179957e+000 
1.039507133e+000 1.892238264e+000 
1.061060124e+000 1.910601822e+000 
1.020154159e+000 1.868674436e+000 
1.098611439e+000 1.932566696e+000 
1.022919015e+000 1.874651150e+000 
1.037681354e+000 1.890607442e+000 
1.075023898e+000 1.919757838e+000 
1.068201938e+000 1.915503922e+000 
1.065947931e+000 1.914085744e+000 
1.168465550e+000 1.958116496e+000 
1.057233319e+000 1.907719686e+000 
1.163612035e+000 1.956735411e+000 
1.060751020e+000 1.910352115e+000 
1.164219289e+000 1.957044541e+000 
1.042049146e+000 1.894521303e+000 
1.031465276e+000 1.884462103e+000 
1.044801610e+000 1.897080497e+000 
1.095701572e+000 1.930997928e+000 
1.047492777e+000 1.899541627e+000 
1.077390802e+000 1.921296731e+000 
1.049800986e+000 1.901498522e+000 
1.038945743e+000 1.891722547e+000 
1.089233135e+000 1.927584664e+000 
1.046483024e+000 1.898608958e+000 
1.073122381e+000 1.918633854e+000 
1.103087624e+000 1.934782090e+000 
1.039510303e+000 1.892281721e+000 
1.193569499e+000 1.964045186e+000 
1.191302961e+000 1.963638113e+000 
1.096197573e+000 1.931233739e+000 
1.074278091e+000 1.919421957e+000 
1.085883061e+000 1.925891770e+000 
1.088792928e+000 1.927461225e+000 
1.081124940e+000 1.923485012e+000 
1.129220078e+000 1.945928547e+000 
1.131479679e+000 1.946963658e+000 
1.125139604e+000 1.944151422e+000 
1.038598875e+000 1.891471963e+000 
1.069808475e+000 1.916591054e+000 
1.132740931e+000 1.947138685e+000 
1.139154316e+000 1.949738976e+000 
1.047409314e+000 1.899488727e+000 
1.048468255e+000 1.900384201e+000 
1.159187523e+000 1.955662387e+000 
1.046768872e+000 1.898909923e+000 
1.074423292e+000 1.919591048e+000 
1.078825253e+000 1.922099938e+000 
1.048142180e+000 1.900048019e+000 
1.134944960e+000 1.947916512e+000 
1.144061698e+000 1.951193820e+000 
1.195561588e+000 1.964650446e+000 
1.120750774e+000 1.942341126e+000 
1.049396289e+000 1.901183825e+000 
1.123041647e+000 1.943610465e+000 
1.144120231e+000 1.951285025e+000 
1.117203337e+000 1.940953737e+000 
1.093722433e+000 1.929860582e+000 
1.050129155e+000 1.901808008e+000 
1.050455230e+000 1.902076967e+000 
1.051704498e+000 1.903137561e+000 
1.075712541e+000 1.920223126e+000 
1.140729575e+000 1.950356164e+000 
1.133260181e+000 1.947313068e+000 
1.155052852e+000 1.954721881e+000 
1.126274538e+000 1.944797118e+000 
1.136113649e+000 1.948312938e+000 
1.138019383e+000 1.949112745e+000 
1.145827429e+000 1.952095442e+000 
1.112640995e+000 1.938942989e+000 
1.102142472e+000 1.934522794e+000 
1.138595821e+000 1.949235199e+000 
1.143672817e+000 1.951148924e+000 
1.106663794e+000 1.936380939e+000 
1.086047033e+000 1.925911308e+000 
1.079670932e+000 1.922479239e+000 
1.078989225e+000 1.922117473e+000 
1.134564263e+000 1.947543949e+000 
1.082609493e+000 1.924004185e+000 
1.044971720e+000 1.897135772e+000 
1.044050600e+000 1.896377858e+000 
1.128285034e+000 1.945410840e+000 
1.044414326e+000 1.896657804e+000 
1.183654465e+000 1.961685809e+000 
1.166117430e+000 1.957435972e+000 
1.170348736e+000 1.958827908e+000 
1.159583056e+000 1.956066397e+000 
1.160629471e+000 1.956157154e+000 
1.172679741e+000 1.959430805e+000 
1.166239097e+000 1.957669488e+000 
1.179724539e+000 1.961249430e+000 
1.162832810e+000 1.956695537e+000 
1.157833075e+000 1.955492999e+000 
1.184517923e+000 1.962192922e+000 
1.186659448e+000 1.962701727e+000 
1.000040801e+000 1.000050336e+000 
1.000157763e+000 1.000051965e+000 
1.000177448e+000 1.000052278e+000 
9.999999996e-001 1.000049013e+000 
1.000098267e+000 1.000050860e+000 
1.000366867e+000 1.000053525e+000 
1.000236944e+000 1.000053383e+000 
1.000418186e+000 1.000053702e+000 
1.010492100e+000 1.078965870e+000 
1.010157376e+000 1.078942930e+000 
1.010855657e+000 1.080038799e+000 
1.010505161e+000 1.079678855e+000 
1.010520933e+000 1.080015859e+000 
1.009969577e+000 1.040943626e+000 
1.010011207e+000 1.041124275e+000 
1.011146170e+000 1.156899713e+000 
1.011330665e+000 1.157222598e+000 
1.011823553e+000 1.308443623e+000 
1.011547585e+000 1.307041367e+000 
1.012583477e+000 1.310193095e+000 
1.011740107e+000 1.307966824e+000 
1.012446297e+000 1.309905968e+000 
1.011976783e+000 1.308966413e+000 
1.012362851e+000 1.309429043e+000 
1.003366843e+000 1.010388701e+000 
1.004767754e+000 1.011378677e+000 
1.003480950e+000 1.010432503e+000 
1.003118339e+000 1.010128365e+000 
1.005272502e+000 1.011658516e+000 
1.003051225e+000 1.010107873e+000 
1.005829306e+000 1.011972798e+000 
1.003364749e+000 1.010354410e+000 
1.005109490e+000 1.011618279e+000 
1.002802722e+000 1.009847536e+000 
1.003165333e+000 1.010151748e+000 
1.002748671e+000 1.009550069e+000 
1.003997516e+000 1.010867130e+000 
1.004175864e+000 1.010918254e+000 
1.003798100e+000 1.010664395e+000 
1.004139836e+000 1.010914974e+000 
1.004607112e+000 1.011197081e+000 
1.004517600e+000 1.011168833e+000 
1.004717016e+000 1.011371568e+000 
1.004339252e+000 1.011117709e+000 
1.004460338e+000 1.011135883e+000 
1.004927613e+000 1.011417989e+000 
1.002714171e+000 1.004225941e+000 
1.002417833e+000 1.004100019e+000 
1.002355923e+000 1.004095936e+000 
1.002562995e+000 1.004127268e+000 
1.326683901e+000 1.993154582e+000 
1.285421489e+000 1.987799044e+000 
1.281592848e+000 1.986922317e+000 
1.270440110e+000 1.984874069e+000 
1.220248096e+000 1.973406255e+000 
1.331119562e+000 1.993611447e+000 
1.211605542e+000 1.970875858e+000 
1.213242365e+000 1.971148837e+000 
1.271555755e+000 1.984953918e+000 
1.209910229e+000 1.970720883e+000 
1.352779133e+000 1.995672476e+000 
1.214619758e+000 1.971892366e+000 
1.239036678e+000 1.978508047e+000 
1.232634332e+000 1.976404123e+000 
1.222284755e+000 1.973826892e+000 
1.204501333e+000 1.968680547e+000 
1.303943523e+000 1.990460787e+000 
1.198064031e+000 1.966175196e+000 
1.201273367e+000 1.967969280e+000 
1.205159725e+000 1.969109181e+000 
1.206569925e+000 1.969352543e+000 
1.277259885e+000 1.986144101e+000 
1.354366701e+000 1.995928306e+000 
1.309022000e+000 1.991102286e+000 
1.206912645e+000 1.969567554e+000 
1.470462701e+000 1.999862061e+000 
1.200498300e+000 1.967017637e+000 
1.225983656e+000 1.974877267e+000 
1.325546963e+000 1.993000866e+000 
1.204058369e+000 1.968072093e+000 
1.204158613e+000 1.968431682e+000 
1.278609585e+000 1.986439452e+000 
1.541173294e+000 1.999958754e+000 
1.466123588e+000 1.999819183e+000 
1.299786464e+000 1.989851631e+000 
1.274233021e+000 1.985629431e+000 
1.273900796e+000 1.985563741e+000 
1.326441902e+000 1.993091027e+000 
1.199564437e+000 1.966300827e+000 
1.196111807e+000 1.965113440e+000 
1.199907157e+000 1.966518339e+000 
1.331391596e+000 1.993750866e+000 
1.197219528e+000 1.965434764e+000 
1.277412573e+000 1.986259824e+000 
1.293409275e+000 1.989065810e+000 
1.224168295e+000 1.974690581e+000 
1.236840193e+000 1.978307822e+000 
1.213762881e+000 1.971549591e+000 
1.191277670e+000 1.963255945e+000 
1.226125549e+000 1.974882439e+000 
1.234634388e+000 1.977229515e+000 
1.237919347e+000 1.978354802e+000 
1.240447913e+000 1.979160223e+000 
1.208027301e+000 1.969697782e+000 
1.193784258e+000 1.964287223e+000 
1.281182725e+000 1.986825921e+000 
1.275196315e+000 1.985671216e+000 
1.235467146e+000 1.977477792e+000 
1.540554384e+000 1.999947889e+000 
1.239459045e+000 1.978992584e+000 
1.236250189e+000 1.978026202e+000 
1.222827356e+000 1.974295697e+000 
1.233663787e+000 1.977190032e+000 
1.217002624e+000 1.972690870e+000 
1.216926364e+000 1.972214457e+000 
1.197776157e+000 1.965807657e+000 
1.327763816e+000 1.993300606e+000 
1.196427570e+000 1.965265311e+000 
1.197433437e+000 1.965565891e+000 
1.212762032e+000 1.971066138e+000 
1.226617142e+000 1.975585741e+000 
1.333900797e+000 1.993910692e+000 
1.229099409e+000 1.976333620e+000 
1.362115655e+000 1.996550068e+000 
1.351606746e+000 1.995647102e+000 
1.218987889e+000 1.972938323e+000 
1.298358969e+000 1.989706295e+000 
1.293064455e+000 1.988775636e+000 
1.226274422e+000 1.975338255e+000 
1.221265871e+000 1.973527396e+000 
1.194137717e+000 1.964397762e+000 
1.232962131e+000 1.976880018e+000 
1.295285788e+000 1.989160616e+000 
1.216574420e+000 1.972051010e+000 
1.223863111e+000 1.974442610e+000 
1.290224006e+000 1.988359185e+000 
1.263849223e+000 1.983520039e+000 
1.221522095e+000 1.973684494e+000 
1.335794063e+000 1.994361972e+000 
1.298354429e+000 1.989673426e+000 
1.253432623e+000 1.981835341e+000 
1.246853131e+000 1.980323262e+000 
1.254857023e+000 1.981860631e+000 
1.261806415e+000 1.983357338e+000 
1.257207661e+000 1.982424527e+000 
1.252372461e+000 1.981630444e+000 
1.257475875e+000 1.982531921e+000 
1.296909938e+000 1.989161751e+000 
1.250423571e+000 1.981075866e+000 
1.312749627e+000 1.991734323e+000 
1.349540648e+000 1.995495377e+000 
1.269008069e+000 1.984632900e+000 
1.346322190e+000 1.995198211e+000 
1.245759134e+000 1.979949521e+000 
1.246948607e+000 1.980434895e+000 
1.353325942e+000 1.995802334e+000 
1.255041963e+000 1.981956701e+000 
1.233532011e+000 1.977022428e+000 
1.355023958e+000 1.996143861e+000 
1.243495856e+000 1.979778883e+000 
1.353179391e+000 1.995791316e+000 
1.279668438e+000 1.986719695e+000 
1.300522518e+000 1.989888730e+000 
1.310492930e+000 1.991145213e+000 
1.246121577e+000 1.980003395e+000 
1.305466149e+000 1.990670516e+000 
1.399449180e+000 1.998541281e+000 
1.272340473e+000 1.985166089e+000 
1.265354898e+000 1.983895007e+000 
1.541193239e+000 2.000000000e+000 
1.272725356e+000 1.985445083e+000 
1.265908983e+000 1.984016560e+000 
1.250146292e+000 1.981025583e+000 
1.535495290e+000 1.999935937e+000 
1.292754718e+000 1.988605122e+000 
1.532851472e+000 1.999933671e+000 
1.432571262e+000 1.999419224e+000 
1.367700207e+000 1.996937639e+000 
1.311208001e+000 1.991687878e+000 
1.365410033e+000 1.996928482e+000 
1.315134953e+000 1.992078135e+000 
1.423777198e+000 1.999367904e+000 
1.359460805e+000 1.996515128e+000 
1.317101656e+000 1.992150173e+000 
1.310948642e+000 1.991566774e+000 
1.276484445e+000 1.985767193e+000 
1.430655557e+000 1.999418135e+000 
1.428077038e+000 1.999416708e+000 
1.308111174e+000 1.990883711e+000 
1.343986103e+000 1.995057278e+000 
1.436088219e+000 1.999520688e+000 
1.365351322e+000 1.996916152e+000 
1.316735363e+000 1.992144996e+000 
1.370880828e+000 1.997352382e+000 
1.394549420e+000 1.998518032e+000 
1.321640854e+000 1.992793499e+000 
1.513460044e+000 1.999930563e+000 
1.301900320e+000 1.990120400e+000 
1.341634193e+000 1.994762815e+000 
1.333304815e+000 1.993863711e+000 
1.318664546e+000 1.992421431e+000 
1.328934889e+000 1.993560834e+000 
1.337316211e+000 1.994442948e+000 
1.335260602e+000 1.994171152e+000 
1.349791877e+000 1.995546833e+000 
1.339237277e+000 1.994610049e+000 
1.435247876e+000 1.999430434e+000 
1.323564997e+000 1.992972124e+000 
1.357943612e+000 1.996317527e+000 
1.463783577e+000 1.999797342e+000 
1.453297686e+000 1.999796070e+000 
1.376857052e+000 1.997696134e+000 
1.393977623e+000 1.998419756e+000 
1.448135875e+000 1.999778763e+000 
1.378423280e+000 1.997929870e+000 
1.308606372e+000 1.990980966e+000 
1.441924449e+000 1.999636998e+000 
1.442628247e+000 1.999647545e+000 
1.368429349e+000 1.997032564e+000 
1.362899843e+000 1.996616648e+000 
1.405110367e+000 1.999027012e+000 
1.403348485e+000 1.998961205e+000 
1.406572482e+000 1.999036555e+000 
1.413261169e+000 1.999314636e+000 
1.402330915e+000 1.998852694e+000 
1.400786223e+000 1.998783934e+000 
1.385227513e+000 1.998112034e+000 
1.385370632e+000 1.998220373e+000 
1.392511214e+000 1.998369812e+000 
1.382507750e+000 1.998037264e+000 
1.373558068e+000 1.997589393e+000 
1.364045022e+000 1.996802411e+000 
1.383896225e+000 1.998085260e+000 
1.388248975e+000 1.998306207e+000 

