1.002257623e+000 1.344059843e+000 
1.001459916e+000 1.340653886e+000 
1.001955525e+000 1.342366420e+000 
1.001346517e+000 1.017457832e+000 
1.000467761e+000 1.016339450e+000 
1.001191692e+000 1.017430424e+000 
1.001202114e+000 1.017452628e+000 
1.000766893e+000 1.017342736e+000 
1.000327574e+000 1.016326007e+000 
1.001356938e+000 1.017467496e+000 
1.001216751e+000 1.017454054e+000 
1.015309488e+000 1.835482423e+000 
1.024493922e+000 1.854514062e+000 
1.026356355e+000 1.857095778e+000 
1.006481709e+000 1.811235290e+000 
1.071918440e+000 1.910005789e+000 
1.080998631e+000 1.916419987e+000 
1.083756479e+000 1.919879646e+000 
1.031353351e+000 1.864640552e+000 
1.028119341e+000 1.859876525e+000 
1.068008285e+000 1.906173972e+000 
1.035306142e+000 1.870762454e+000 
1.039745904e+000 1.876322731e+000 
1.011340014e+000 1.827102369e+000 
1.012734315e+000 1.830045596e+000 
1.007723174e+000 1.816782024e+000 
1.027356538e+000 1.858576372e+000 
1.037552602e+000 1.873943422e+000 
1.029844460e+000 1.863055014e+000 
1.030279388e+000 1.863710360e+000 
1.034607833e+000 1.870019876e+000 
1.027556122e+000 1.859738986e+000 
1.032389231e+000 1.866284435e+000 
1.028586381e+000 1.860893895e+000 
1.026996353e+000 1.858320445e+000 
1.060556103e+000 1.899236539e+000 
1.085868455e+000 1.920849133e+000 
1.028448392e+000 1.860840089e+000 
1.017570685e+000 1.840877557e+000 
1.035745959e+000 1.871706549e+000 
1.025766510e+000 1.856002921e+000 
1.044438730e+000 1.882311919e+000 
1.031869416e+000 1.866283811e+000 
1.023455791e+000 1.852074654e+000 
1.016374520e+000 1.838130466e+000 
1.086189400e+000 1.920854415e+000 
1.047023387e+000 1.885802873e+000 
1.025627160e+000 1.855911986e+000 
1.061403748e+000 1.899977047e+000 
1.058232075e+000 1.896690855e+000 
1.075491857e+000 1.912326870e+000 
1.086466465e+000 1.921347539e+000 
1.071852831e+000 1.909110407e+000 
1.022704310e+000 1.850777997e+000 
1.042960714e+000 1.880071395e+000 
1.065710158e+000 1.903924349e+000 
1.018949693e+000 1.843567293e+000 
1.045942447e+000 1.884200917e+000 
1.069877547e+000 1.907952483e+000 
1.008915630e+000 1.820260857e+000 
1.075998107e+000 1.913071184e+000 
1.020149460e+000 1.846210502e+000 
1.046325077e+000 1.885060295e+000 
1.088008067e+000 1.922992685e+000 
1.020325120e+000 1.846607667e+000 
1.048817089e+000 1.886895730e+000 
1.053093221e+000 1.892336078e+000 
1.022344125e+000 1.850522070e+000 
1.043204030e+000 1.880464852e+000 
1.022903894e+000 1.851940611e+000 
1.045137040e+000 1.883054497e+000 
1.023796164e+000 1.853041715e+000 
1.020847770e+000 1.846953079e+000 
1.020965118e+000 1.847832333e+000 
1.036265774e+000 1.871707172e+000 
1.063409058e+000 1.901832463e+000 
1.021114282e+000 1.848204546e+000 
1.016767929e+000 1.839229204e+000 
1.023934153e+000 1.853095520e+000 
1.069379531e+000 1.907103111e+000 
1.058055310e+000 1.896401062e+000 
1.041780017e+000 1.879078197e+000 
1.044518434e+000 1.882814262e+000 
1.066662063e+000 1.904582541e+000 
1.015803106e+000 1.837235160e+000 
1.057811994e+000 1.896074744e+000 
1.062387441e+000 1.900968694e+000 
1.089104646e+000 1.923797921e+000 
1.072745101e+000 1.910321107e+000 
1.036473074e+000 1.871848788e+000 
1.059618638e+000 1.898320777e+000 
1.082993244e+000 1.918611972e+000 
1.034155931e+000 1.869112904e+000 
1.052151595e+000 1.891267183e+000 
1.078253380e+000 1.915058466e+000 
1.050347813e+000 1.887881717e+000 
1.015571763e+000 1.836482114e+000 
1.053958239e+000 1.893513216e+000 
1.054653922e+000 1.893513351e+000 
1.054656548e+000 1.894255793e+000 
1.061044751e+000 1.899406933e+000 
1.085106376e+000 1.920757907e+000 
1.058544507e+000 1.897322695e+000 
1.060089315e+000 1.898719071e+000 
1.047505775e+000 1.886044333e+000 
1.060332630e+000 1.899045389e+000 
1.064256704e+000 1.902747205e+000 
1.016506830e+000 1.838172087e+000 
1.056450251e+000 1.895348650e+000 
1.043586660e+000 1.881324230e+000 
1.059186538e+000 1.897663940e+000 
1.009735881e+000 1.822268337e+000 
1.040103761e+000 1.876685956e+000 
1.007588789e+000 1.816098135e+000 
1.004858286e+000 1.805200473e+000 
1.081853370e+000 1.918007829e+000 
1.050588267e+000 1.889347468e+000 
1.039702500e+000 1.876185815e+000 
1.065148964e+000 1.903715182e+000 
1.045699131e+000 1.883807460e+000 
1.058525987e+000 1.896799356e+000 
1.041499829e+000 1.878954449e+000 
1.067516802e+000 1.906170382e+000 
1.075000375e+000 1.912308389e+000 
1.082360092e+000 1.918168119e+000 
1.057980974e+000 1.896334637e+000 
1.049997787e+000 1.887879768e+000 
1.061895958e+000 1.900965104e+000 
1.036894347e+000 1.872848969e+000 
1.005333374e+000 1.807110987e+000 
1.086479884e+000 1.921805182e+000 
1.013407174e+000 1.831844861e+000 
1.017357774e+000 1.840322061e+000 
1.014603339e+000 1.834591952e+000 
1.015982347e+000 1.837281688e+000 
1.008489753e+000 1.819208469e+000 
1.057424364e+000 1.895464459e+000 
1.007298188e+000 1.815580871e+000 
1.038484375e+000 1.875442614e+000 
1.033721003e+000 1.868477752e+000 
1.086494967e+000 1.922125327e+000 
1.039182685e+000 1.876185192e+000 
1.006872311e+000 1.814528482e+000 
1.089747973e+000 1.924875404e+000 
1.005759251e+000 1.808310807e+000 
1.086308781e+000 1.920918332e+000 
1.019192546e+000 1.843860576e+000 
1.073864076e+000 1.910508607e+000 
1.009310005e+000 1.821215949e+000 
1.020599384e+000 1.846793756e+000 
1.012965658e+000 1.830798643e+000 
1.007115124e+000 1.814910709e+000 
1.015056865e+000 1.835071324e+000 
1.008732566e+000 1.819590695e+000 
1.006498379e+000 1.812254432e+000 
1.006689247e+000 1.813858320e+000 
1.013930480e+000 1.832792687e+000 
1.006093024e+000 1.810954808e+000 
1.008054742e+000 1.817607663e+000 
1.012481534e+000 1.829027680e+000 
1.011765891e+000 1.828155434e+000 
1.011156950e+000 1.826432206e+000 
1.009960785e+000 1.823685116e+000 
1.012308438e+000 1.828992531e+000 
1.019220377e+000 1.844104020e+000 
1.007871678e+000 1.816937500e+000 
1.011074549e+000 1.825480759e+000 
1.031432665e+000 1.865141530e+000 
1.033542508e+000 1.867735798e+000 
1.010386661e+000 1.824738181e+000 
1.033022693e+000 1.867735175e+000 
1.010569725e+000 1.825408344e+000 
1.009571103e+000 1.821991328e+000 
1.016225200e+000 1.837574970e+000 
1.019728928e+000 1.844439539e+000 
1.025982595e+000 1.856172598e+000 
1.071465491e+000 1.908920595e+000 
1.014242102e+000 1.833040722e+000 
1.014483867e+000 1.833921789e+000 
1.013287702e+000 1.831174698e+000 
1.057792977e+000 1.895555551e+000 
1.083639411e+000 1.919045576e+000 
1.085802059e+000 1.920758042e+000 
1.009388039e+000 1.821321166e+000 
1.081774762e+000 1.917265639e+000 
1.026849940e+000 1.857124457e+000 
1.000302098e+000 1.010925712e+000 
1.003507281e+000 1.479560582e+000 
1.003810456e+000 1.481804731e+000 
1.003765974e+000 1.480713790e+000 
1.004381710e+000 1.483032055e+000 
1.002704048e+000 1.474003275e+000 
1.004775278e+000 1.484653619e+000 
1.003194720e+000 1.479486467e+000 
1.002891545e+000 1.477242318e+000 
1.000000000e+000 1.006159844e+000 
1.138441869e+000 1.960069132e+000 
1.174361051e+000 1.975821023e+000 
1.125822529e+000 1.952698949e+000 
1.155485820e+000 1.968094024e+000 
1.144275820e+000 1.962819210e+000 
1.149851945e+000 1.964993956e+000 
1.160965977e+000 1.970661092e+000 
1.160607633e+000 1.970653729e+000 
1.169274434e+000 1.973416403e+000 
1.155163068e+000 1.968086660e+000 
1.217022519e+000 1.989063905e+000 
1.173732307e+000 1.975609871e+000 
1.222442645e+000 1.989682211e+000 
1.099776438e+000 1.933535843e+000 
1.161355362e+000 1.970844101e+000 
1.154299315e+000 1.967390084e+000 
1.123437949e+000 1.949933150e+000 
1.421058783e+000 2.000000000e+000 
1.249774020e+000 1.995973453e+000 
1.288842696e+000 1.998877110e+000 
1.166441584e+000 1.973403807e+000 
1.297673153e+000 1.999238639e+000 
1.130522720e+000 1.955374278e+000 
1.289034371e+000 1.998877962e+000 
1.335755868e+000 1.999812414e+000 
1.290557295e+000 1.998904434e+000 
1.130504919e+000 1.955181319e+000 
1.165265691e+000 1.972316720e+000 
1.173984907e+000 1.975620700e+000 
1.205569467e+000 1.984943011e+000 
1.189471568e+000 1.980022306e+000 
1.190724431e+000 1.980229948e+000 
1.190550557e+000 1.980229724e+000 
1.276865212e+000 1.998762953e+000 
1.148340537e+000 1.964627960e+000 
1.208525463e+000 1.985838618e+000 
1.211503935e+000 1.987260609e+000 
1.296833566e+000 1.999211315e+000 
1.122134520e+000 1.949739127e+000 
1.105904004e+000 1.938901411e+000 
1.127721608e+000 1.954004533e+000 
1.124495130e+000 1.951995009e+000 
1.133205638e+000 1.956760677e+000 
1.133559432e+000 1.956943686e+000 
1.147581633e+000 1.964511333e+000 
1.278388135e+000 1.998789426e+000 
1.127725481e+000 1.954193608e+000 
1.149871040e+000 1.966114658e+000 
1.163061450e+000 1.971745283e+000 
1.126398082e+000 1.953489668e+000 
1.180128851e+000 1.978132108e+000 
1.116768040e+000 1.946713900e+000 
1.110553259e+000 1.942614212e+000 
1.120118372e+000 1.949498754e+000 
1.117395106e+000 1.947417840e+000 
1.276673537e+000 1.998762102e+000 
1.209723600e+000 1.986556669e+000 
1.209915275e+000 1.986557520e+000 
1.255192264e+000 1.996667092e+000 
1.175825264e+000 1.976153787e+000 
1.179937176e+000 1.978131257e+000 
1.119189027e+000 1.948888718e+000 
1.178156842e+000 1.977427317e+000 
1.140295908e+000 1.960422143e+000 
1.123657015e+000 1.951215795e+000 
1.143588846e+000 1.962170615e+000 
1.178330715e+000 1.977427541e+000 
1.225225057e+000 1.990010686e+000 
1.126380280e+000 1.953296709e+000 
1.123674816e+000 1.951408754e+000 
1.255000589e+000 1.996666240e+000 
1.129340823e+000 1.954906375e+000 
1.106898443e+000 1.940212099e+000 
1.080646684e+000 1.915508745e+000 
1.112564450e+000 1.943829337e+000 
1.112546649e+000 1.943636377e+000 
1.080628882e+000 1.915315708e+000 
1.134444155e+000 1.957479105e+000 
1.260357888e+000 1.997193490e+000 
1.270122624e+000 1.998167595e+000 
1.087861529e+000 1.922789157e+000 
1.205927810e+000 1.984950375e+000 
1.267305489e+000 1.997728027e+000 
1.185782034e+000 1.979746765e+000 
1.263224600e+000 1.997613245e+000 
1.104863701e+000 1.937623060e+000 
1.259255351e+000 1.996781246e+000 
1.141829651e+000 1.961932261e+000 
1.183920303e+000 1.979242755e+000 
1.116323947e+000 1.945685731e+000 
1.159681011e+000 1.969983623e+000 
1.261635192e+000 1.997456268e+000 
1.254181182e+000 1.996088459e+000 
1.248510885e+000 1.995816700e+000 
1.140740899e+000 1.961088052e+000 
1.180111049e+000 1.978131480e+000 
1.155670697e+000 1.968291429e+000 
1.211677808e+000 1.987260832e+000 
1.217348792e+000 1.989064129e+000 
1.140758700e+000 1.961281012e+000 
1.098234487e+000 1.932832527e+000 
1.246245477e+000 1.995200506e+000 
1.211695609e+000 1.987261460e+000 
1.206842005e+000 1.985275958e+000 
1.096491379e+000 1.930749847e+000 
1.155496824e+000 1.968291265e+000 
1.216990449e+000 1.989057741e+000 
1.247282444e+000 1.995432019e+000 
1.096473577e+000 1.930556888e+000 
1.209680025e+000 1.986550504e+000 
1.211319465e+000 1.987254444e+000 
1.137030552e+000 1.959417883e+000 
1.169699122e+000 1.973957203e+000 
1.166799928e+000 1.973411170e+000 
1.407258769e+000 1.999977713e+000 
1.157485325e+000 1.969568675e+000 
1.395948383e+000 1.999895253e+000 
1.131891618e+000 1.956578850e+000 
1.103674206e+000 1.937622312e+000 
1.095643719e+000 1.930338954e+000 
1.146171217e+000 1.964251529e+000 
1.159308735e+000 1.969764248e+000 
1.093412795e+000 1.927909326e+000 
1.101771254e+000 1.935387132e+000 
1.165846195e+000 1.972525740e+000 
1.144513976e+000 1.963354629e+000 
1.151560139e+000 1.966818598e+000 
1.146153416e+000 1.964058569e+000 
1.106853296e+000 1.939453981e+000 
1.097046149e+000 1.932063784e+000 
1.083348883e+000 1.918939775e+000 
1.109603907e+000 1.942100054e+000 
1.165863996e+000 1.972718700e+000 
1.097063951e+000 1.932256744e+000 
1.090625390e+000 1.925231356e+000 
1.141482966e+000 1.961605455e+000 
1.109621709e+000 1.942293014e+000 
1.147182080e+000 1.964253684e+000 
1.158496188e+000 1.969570831e+000 
1.094549542e+000 1.929827115e+000 
1.105672935e+000 1.938096400e+000 
1.109003693e+000 1.940480843e+000 
1.113948598e+000 1.944860083e+000 
1.254687154e+000 1.996500927e+000 
1.113944725e+000 1.944720454e+000 
1.113930797e+000 1.944667123e+000 
1.267811461e+000 1.998140495e+000 
1.089905115e+000 1.925076390e+000 
1.106880641e+000 1.940019140e+000 
1.105574839e+000 1.938082099e+000 
1.099955228e+000 1.934660908e+000 
1.135546778e+000 1.957853271e+000 
1.091662474e+000 1.927368444e+000 
1.102647975e+000 1.937272947e+000 
1.080476139e+000 1.915314068e+000 
1.275730169e+000 1.998520517e+000 
1.108315907e+000 1.940355972e+000 
1.096762286e+000 1.931845439e+000 
1.275904043e+000 1.998520741e+000 
1.101328245e+000 1.935332021e+000 
1.118754410e+000 1.948699644e+000 
1.097060078e+000 1.932067669e+000 
1.245799982e+000 1.994583279e+000 
1.090785753e+000 1.925804674e+000 
1.091633398e+000 1.926519094e+000 
1.182798382e+000 1.978723685e+000 
1.241477897e+000 1.994137746e+000 
1.221272582e+000 1.989656961e+000 
1.390658374e+000 1.999854484e+000 
1.092807968e+000 1.927540705e+000 
1.093897019e+000 1.928281634e+000 
1.243694151e+000 1.994359797e+000 
1.196498334e+000 1.982543479e+000 
1.154044456e+000 1.967240909e+000 
1.196480533e+000 1.982542851e+000 
1.198288040e+000 1.983460792e+000 
1.194339617e+000 1.982149719e+000 
1.190977616e+000 1.981121405e+000 
1.192617056e+000 1.981845507e+000 
1.325196962e+000 1.999530221e+000 
1.319367460e+000 1.999386597e+000 
1.198054383e+000 1.983001695e+000 
1.323382972e+000 1.999387140e+000 
1.207001474e+000 1.985600094e+000 
1.194009906e+000 1.982042850e+000 
1.240756611e+000 1.993833979e+000 
1.160039354e+000 1.969990986e+000 
1.175807463e+000 1.976153159e+000 
1.240738810e+000 1.993833351e+000 
1.235470139e+000 1.993412793e+000 
1.198036582e+000 1.983001067e+000 
1.228730711e+000 1.991541855e+000 
1.229799155e+000 1.991609496e+000 
1.223059727e+000 1.989738558e+000 
1.229973028e+000 1.991609719e+000 
1.235644013e+000 1.993413016e+000 
1.201374597e+000 1.984208799e+000 
1.216361657e+000 1.988464813e+000 
1.229159618e+000 1.991569075e+000 
1.225632728e+000 1.990873049e+000 
1.203067061e+000 1.984786076e+000 
1.187436775e+000 1.979944295e+000 
1.385952952e+000 1.999853941e+000 
1.229498157e+000 1.991585170e+000 
1.330759672e+000 1.999579711e+000 

