1.038749095e+000 1.520549193e+000 
1.037518654e+000 1.518543722e+000 
1.036339586e+000 1.516533839e+000 
1.038914493e+000 1.520678225e+000 
1.035664199e+000 1.514877403e+000 
1.038016461e+000 1.519276580e+000 
1.037082281e+000 1.517877737e+000 
1.037696668e+000 1.519081282e+000 
1.039480092e+000 1.522055690e+000 
1.038108243e+000 1.519489453e+000 
1.038544616e+000 1.520155169e+000 
1.039899909e+000 1.522968014e+000 
1.040575296e+000 1.524595249e+000 
1.019190785e+000 1.092797539e+000 
1.020129491e+000 1.094947259e+000 
1.022217357e+000 1.097895501e+000 
1.021402323e+000 1.096973467e+000 
1.019305341e+000 1.092798453e+000 
1.020291324e+000 1.095317497e+000 
1.019628482e+000 1.093364455e+000 
1.019658779e+000 1.094259898e+000 
1.025334611e+000 1.100677438e+000 
1.022716236e+000 1.098523660e+000 
1.023846646e+000 1.099524662e+000 
1.021299032e+000 1.096942310e+000 
1.020156445e+000 1.095075424e+000 
1.021107947e+000 1.096812432e+000 
1.023647650e+000 1.099296906e+000 
1.023553942e+000 1.099105353e+000 
1.006703958e+000 1.011576989e+000 
1.006836604e+000 1.014561029e+000 
1.007384029e+000 1.014830305e+000 
1.007013033e+000 1.014689200e+000 
1.007418691e+000 1.014830647e+000 
1.006762552e+000 1.014553431e+000 
1.007044657e+000 1.014689618e+000 
1.008889563e+000 1.024124106e+000 
1.008982388e+000 1.024135969e+000 
1.008636127e+000 1.023878654e+000 
1.010218036e+000 1.024805543e+000 
1.008785600e+000 1.023950633e+000 
1.011624473e+000 1.025657996e+000 
1.007632804e+000 1.023126933e+000 
1.009158245e+000 1.024185777e+000 
1.009225799e+000 1.024189217e+000 
1.009486819e+000 1.024445479e+000 
1.012780075e+000 1.026091982e+000 
1.009619328e+000 1.024495018e+000 
1.007466928e+000 1.022843803e+000 
1.013256862e+000 1.026246319e+000 
1.010763572e+000 1.025157977e+000 
1.011367168e+000 1.025477326e+000 
1.011259132e+000 1.025429002e+000 
1.008560501e+000 1.023829294e+000 
1.010631062e+000 1.025108438e+000 
1.008065982e+000 1.023487985e+000 
1.008089489e+000 1.023493330e+000 
1.009132158e+000 1.024158542e+000 
1.010538237e+000 1.025096575e+000 
1.009155666e+000 1.024163887e+000 
1.045648706e+000 1.837687404e+000 
1.115225276e+000 1.901357407e+000 
1.121883259e+000 1.904761264e+000 
1.041899594e+000 1.827812879e+000 
1.122236015e+000 1.905109044e+000 
1.043950941e+000 1.835024046e+000 
1.092282764e+000 1.885244461e+000 
1.231334272e+000 1.946540433e+000 
1.046223612e+000 1.838644072e+000 
1.153587589e+000 1.920342724e+000 
1.067845117e+000 1.864924840e+000 
1.119670526e+000 1.903463132e+000 
1.040627188e+000 1.826304747e+000 
1.044361830e+000 1.835621457e+000 
1.055847786e+000 1.852168448e+000 
1.068125632e+000 1.865200721e+000 
1.062823821e+000 1.859669064e+000 
1.062135105e+000 1.859104494e+000 
1.043179807e+000 1.831990766e+000 
1.041026925e+000 1.826363462e+000 
1.041213191e+000 1.827534018e+000 
1.098177086e+000 1.889366040e+000 
1.097899197e+000 1.889288906e+000 
1.139438270e+000 1.914038118e+000 
1.063895229e+000 1.860631918e+000 
1.128176563e+000 1.907840685e+000 
1.111644275e+000 1.898978097e+000 
1.045869105e+000 1.837743618e+000 
1.090009518e+000 1.883860265e+000 
1.215610908e+000 1.942078694e+000 
1.149839911e+000 1.918492502e+000 
1.042583514e+000 1.830225450e+000 
1.202207607e+000 1.938442270e+000 
1.052461101e+000 1.848642974e+000 
1.070157100e+000 1.866951093e+000 
1.084933560e+000 1.880174772e+000 
1.085220121e+000 1.880389403e+000 
1.130176908e+000 1.908709604e+000 
1.053151132e+000 1.849270381e+000 
1.082560180e+000 1.878320647e+000 
1.070622119e+000 1.867498861e+000 
1.109078786e+000 1.897292463e+000 
1.050429372e+000 1.845612930e+000 
1.047005807e+000 1.839829109e+000 
1.050945416e+000 1.846484504e+000 
1.049317292e+000 1.843849984e+000 
1.078898827e+000 1.875362231e+000 
1.206246868e+000 1.940252241e+000 
1.050893435e+000 1.846261859e+000 
1.051304324e+000 1.846859270e+000 
1.050687687e+000 1.845666003e+000 
1.171722792e+000 1.927819304e+000 
1.069371577e+000 1.866283080e+000 
1.068572989e+000 1.865629529e+000 
1.088018216e+000 1.882492954e+000 
1.056684576e+000 1.853046715e+000 
1.051520082e+000 1.847148022e+000 
1.055652655e+000 1.851858438e+000 
1.070618852e+000 1.867302110e+000 
1.089507062e+000 1.883571557e+000 
1.110724043e+000 1.898390681e+000 
1.068974401e+000 1.865847080e+000 
1.212750732e+000 1.941109373e+000 
1.151842627e+000 1.919578002e+000 
1.058686040e+000 1.855523512e+000 
1.085963996e+000 1.880986372e+000 
1.087779599e+000 1.882276709e+000 
1.117166877e+000 1.902265548e+000 
1.077902236e+000 1.874304837e+000 
1.112189488e+000 1.899395393e+000 
1.078386800e+000 1.874923310e+000 
1.074411896e+000 1.871355747e+000 
1.072304041e+000 1.869222931e+000 
1.087252674e+000 1.881884102e+000 
1.086447745e+000 1.881381907e+000 
1.069717796e+000 1.866707122e+000 
1.043569538e+000 1.833020272e+000 
1.047177160e+000 1.840406975e+000 
1.127037445e+000 1.907359941e+000 
1.042728307e+000 1.831449805e+000 
1.046766271e+000 1.839809565e+000 
1.200147938e+000 1.937546200e+000 
1.065718163e+000 1.862674799e+000 
1.042949238e+000 1.831825190e+000 
1.169758936e+000 1.926681456e+000 
1.068623263e+000 1.865717432e+000 
1.237869800e+000 1.948215462e+000 
1.148166468e+000 1.918062794e+000 
1.098676211e+000 1.889654871e+000 
1.144649145e+000 1.916588915e+000 
1.124496144e+000 1.905889284e+000 
1.123187670e+000 1.905374235e+000 
1.044940495e+000 1.836285066e+000 
1.179298778e+000 1.930376285e+000 
1.048559564e+000 1.842442823e+000 
1.201649794e+000 1.938269145e+000 
1.046087201e+000 1.838449248e+000 
1.076274382e+000 1.873022485e+000 
1.069314377e+000 1.866210686e+000 
1.056203787e+000 1.852573033e+000 
1.063356209e+000 1.860267810e+000 
1.188048810e+000 1.933866974e+000 
1.130493132e+000 1.908859331e+000 
1.070309059e+000 1.867250125e+000 
1.232564883e+000 1.947071390e+000 
1.201211004e+000 1.937745343e+000 
1.080493789e+000 1.876749353e+000 
1.184006652e+000 1.932155474e+000 
1.071117938e+000 1.867962816e+000 
1.196341427e+000 1.937182530e+000 
1.221574842e+000 1.944034944e+000 
1.075931067e+000 1.872736534e+000 
1.226671236e+000 1.944981378e+000 
1.229032087e+000 1.945553452e+000 
1.071106960e+000 1.867828852e+000 
1.232215705e+000 1.946824994e+000 
1.190023528e+000 1.934838361e+000 
1.186798079e+000 1.933684831e+000 
1.235090490e+000 1.947598427e+000 
1.047213457e+000 1.840492843e+000 
1.105670097e+000 1.894949358e+000 
1.144616571e+000 1.916336586e+000 
1.186366814e+000 1.933318756e+000 
1.214853746e+000 1.941562276e+000 
1.123540426e+000 1.905722016e+000 
1.058265139e+000 1.854920134e+000 
1.203483412e+000 1.939164314e+000 
1.189092135e+000 1.934350162e+000 
1.214041488e+000 1.941491434e+000 
1.219061018e+000 1.943313603e+000 
1.098638942e+000 1.889601821e+000 
1.181977040e+000 1.931538038e+000 
1.191689372e+000 1.935093497e+000 
1.132601364e+000 1.909921353e+000 
1.103739804e+000 1.893490455e+000 
1.216115054e+000 1.942401614e+000 
1.130915979e+000 1.909014218e+000 
1.174621134e+000 1.928726831e+000 
1.153881508e+000 1.920917891e+000 
1.055039135e+000 1.851007087e+000 
1.099541222e+000 1.890658862e+000 
1.152503347e+000 1.920190047e+000 
1.062527624e+000 1.859337182e+000 
1.099166631e+000 1.890196232e+000 
1.107647834e+000 1.896271808e+000 
1.156921590e+000 1.921847663e+000 
1.154974203e+000 1.921291801e+000 
1.157713429e+000 1.921945675e+000 
1.061701109e+000 1.858559240e+000 
1.055263269e+000 1.851030131e+000 
1.081033506e+000 1.877211174e+000 
1.079730787e+000 1.875869275e+000 
1.103916494e+000 1.893624611e+000 
1.148062871e+000 1.918061293e+000 
1.192116800e+000 1.935708640e+000 
1.096353996e+000 1.888072631e+000 
1.059605839e+000 1.856366319e+000 
1.054106000e+000 1.850071032e+000 
1.160885588e+000 1.923723797e+000 
1.074178054e+000 1.871070647e+000 
1.104960574e+000 1.894437927e+000 
1.096102413e+000 1.887845021e+000 
1.184198649e+000 1.932483730e+000 
1.124741451e+000 1.906411291e+000 
1.120972197e+000 1.904197035e+000 
1.098711787e+000 1.889762811e+000 
1.124621016e+000 1.906106563e+000 
1.114251412e+000 1.900355659e+000 
1.182441277e+000 1.931896224e+000 
1.185053184e+000 1.933048450e+000 
1.126608655e+000 1.907150037e+000 
1.131522555e+000 1.909617480e+000 
1.180924597e+000 1.931318722e+000 
1.170123316e+000 1.926773189e+000 
1.071027992e+000 1.867721751e+000 
1.129502756e+000 1.908650679e+000 
1.060333008e+000 1.857142464e+000 
1.059238339e+000 1.855937340e+000 
1.156892221e+000 1.921655901e+000 
1.095725398e+000 1.887681668e+000 
1.073560815e+000 1.870241046e+000 
1.073275908e+000 1.869915377e+000 
1.140228924e+000 1.914706859e+000 
1.173444927e+000 1.928408189e+000 
1.119988195e+000 1.903596163e+000 
1.093667620e+000 1.886286124e+000 
1.182586356e+000 1.931938000e+000 
1.132291697e+000 1.909903795e+000 
1.239511127e+000 1.948484358e+000 
1.094814726e+000 1.886904659e+000 
1.114274068e+000 1.900380557e+000 
1.155195451e+000 1.921306272e+000 
1.159069742e+000 1.923036433e+000 
1.162764316e+000 1.924439099e+000 
1.150821291e+000 1.919307125e+000 
1.135147304e+000 1.911333422e+000 
1.167006365e+000 1.925888109e+000 
1.138570901e+000 1.913737983e+000 
1.136883379e+000 1.912736280e+000 
1.161976001e+000 1.923856173e+000 
1.155867181e+000 1.921443433e+000 
1.136634919e+000 1.912371120e+000 
1.180108802e+000 1.930987368e+000 
1.005531894e+000 1.011244254e+000 
1.006138863e+000 1.011425780e+000 
1.005191653e+000 1.010902643e+000 
1.005707806e+000 1.011304879e+000 
1.006523622e+000 1.011551280e+000 
1.005960883e+000 1.011403540e+000 
1.005471192e+000 1.011241383e+000 
1.006173292e+000 1.011470343e+000 
1.005250772e+000 1.011066993e+000 
1.005612674e+000 1.011257445e+000 
1.005306014e+000 1.011214610e+000 
1.005366717e+000 1.011217481e+000 
1.000000001e+000 1.000000000e+000 
1.000404567e+000 1.000007640e+000 
1.000156726e+000 1.000003505e+000 
1.000431068e+000 1.000009173e+000 
1.000930023e+000 1.000014323e+000 
1.000058525e+000 1.000001562e+000 
1.000225100e+000 1.000005422e+000 
1.000344166e+000 1.000007267e+000 
1.000275336e+000 1.000005629e+000 
1.000636006e+000 1.000011105e+000 
1.000938716e+000 1.000014429e+000 
1.000676486e+000 1.000011128e+000 
1.000775313e+000 1.000012817e+000 
1.000944637e+000 1.000014615e+000 
1.000021505e+000 1.000001520e+000 
1.000857030e+000 1.000013002e+000 
1.000849477e+000 1.000012910e+000 
1.000804836e+000 1.000012901e+000 
1.000944144e+000 1.000014612e+000 
1.000548891e+000 1.000009495e+000 
1.000717722e+000 1.000011290e+000 
1.000334670e+000 1.000007265e+000 
1.000119115e+000 1.000003498e+000 
1.000599899e+000 1.000010969e+000 
1.000267701e+000 1.000005586e+000 
1.000049764e+000 1.000001534e+000 
1.000721980e+000 1.000012692e+000 
1.000885382e+000 1.000014313e+000 
1.000172568e+000 1.000005326e+000 
1.000062141e+000 1.000001720e+000 
1.000278553e+000 1.000007250e+000 
1.000688199e+000 1.000011206e+000 
1.000520927e+000 1.000009362e+000 
1.000368412e+000 1.000007439e+000 
1.000570375e+000 1.000010884e+000 
1.000417861e+000 1.000008962e+000 
1.000475709e+000 1.000009183e+000 
1.000262427e+000 1.000005515e+000 
1.000323194e+000 1.000007260e+000 
1.000163174e+000 1.000003508e+000 
1.000169351e+000 1.000003705e+000 
1.000070811e+000 1.000003483e+000 
1.000058924e+000 1.000001563e+000 
1.026099388e+000 1.111419850e+000 
1.026128710e+000 1.112034098e+000 
1.026757171e+000 1.112786798e+000 
1.026110703e+000 1.111423368e+000 
1.025943524e+000 1.110923135e+000 
1.027550312e+000 1.113894827e+000 
1.025642029e+000 1.110141167e+000 
1.026029519e+000 1.111387078e+000 
1.004692758e+000 1.001901110e+000 
1.002552073e+000 1.001742446e+000 
1.003043101e+000 1.001786541e+000 
1.003822563e+000 1.001848267e+000 
1.005152341e+000 1.001916660e+000 
1.002018406e+000 1.001640178e+000 
1.004918190e+000 1.001907705e+000 
1.001503361e+000 1.001495029e+000 
1.004616369e+000 1.001893376e+000 
1.003717292e+000 1.001841325e+000 
1.001534894e+000 1.001520797e+000 
1.003152892e+000 1.001790877e+000 
1.001625295e+000 1.001548500e+000 
1.001659744e+000 1.001553961e+000 
1.001731280e+000 1.001579212e+000 
1.001439694e+000 1.001467316e+000 
1.001471227e+000 1.001493084e+000 
1.002138081e+000 1.001667807e+000 
1.001555733e+000 1.001523839e+000 
1.001703987e+000 1.001554640e+000 
1.001661718e+000 1.001554551e+000 
1.001959048e+000 1.001615517e+000 
1.001765729e+000 1.001584674e+000 
1.003268511e+000 1.001813323e+000 
1.002367339e+000 1.001714666e+000 
1.001803147e+000 1.001584762e+000 
1.001835291e+000 1.001609335e+000 
1.002030748e+000 1.001642448e+000 
1.002878592e+000 1.001776175e+000 
1.002758452e+000 1.001756335e+000 
1.002983863e+000 1.001783117e+000 
1.001921630e+000 1.001615428e+000 
1.003642536e+000 1.001837136e+000 
1.003194395e+000 1.001791306e+000 
1.002100310e+000 1.001667109e+000 
1.004815371e+000 1.001902330e+000 
1.004458467e+000 1.001880243e+000 
1.002695073e+000 1.001752363e+000 
1.003397391e+000 1.001815335e+000 
1.004579076e+000 1.001884352e+000 
1.002459100e+000 1.001717749e+000 
1.003419806e+000 1.001818088e+000 
1.003218153e+000 1.001806381e+000 
1.002589802e+000 1.001745421e+000 
1.001704537e+000 1.001556867e+000 
1.002469662e+000 1.001725581e+000 
1.002394554e+000 1.001714754e+000 
1.001991191e+000 1.001640089e+000 
1.002192071e+000 1.001670192e+000 
1.002127525e+000 1.001667197e+000 
1.003502662e+000 1.001822277e+000 
1.003907203e+000 1.001848842e+000 
1.004852153e+000 1.001905874e+000 
1.002338961e+000 1.001697909e+000 
1.003980059e+000 1.001849990e+000 
1.001642855e+000 1.001553359e+000 
1.002095295e+000 1.001645395e+000 
1.001536870e+000 1.001522647e+000 
1.004100728e+000 1.001853747e+000 
1.002943138e+000 1.001779170e+000 
1.003398180e+000 1.001817513e+000 
1.002202627e+000 1.001670801e+000 
1.002822999e+000 1.001759330e+000 
1.001899837e+000 1.001612329e+000 
1.002311746e+000 1.001697821e+000 
1.002055738e+000 1.001643084e+000 
1.001986176e+000 1.001618376e+000 
1.002534209e+000 1.001728575e+000 
1.002164857e+000 1.001670103e+000 
1.002431886e+000 1.001717661e+000 
1.002654348e+000 1.001748416e+000 
1.001830276e+000 1.001587621e+000 
1.003621432e+000 1.001822993e+000 
1.001617318e+000 1.001526154e+000 
1.001588748e+000 1.001523848e+000 
1.001694732e+000 1.001554560e+000 
1.002082953e+000 1.001643172e+000 
1.002229842e+000 1.001670890e+000 
1.001724291e+000 1.001556909e+000 
1.001100821e+000 1.001088754e+000 
1.001159480e+000 1.001088759e+000 
1.000964877e+000 1.001060218e+000 
1.000958044e+000 1.001035983e+000 
1.001187338e+000 1.001088765e+000 
1.001189228e+000 1.001090910e+000 
1.001282842e+000 1.001095310e+000 
1.001194435e+000 1.001093154e+000 
1.001057138e+000 1.001063709e+000 
1.000998479e+000 1.001063705e+000 
1.001338143e+000 1.001115997e+000 
1.001385184e+000 1.001120359e+000 
1.001291570e+000 1.001115959e+000 
1.033245547e+000 1.226073515e+000 
1.032670203e+000 1.225588249e+000 
1.031744564e+000 1.224623594e+000 
1.034011521e+000 1.227060972e+000 
1.034386714e+000 1.227172091e+000 
1.033076152e+000 1.226041989e+000 
1.030125074e+000 1.221935924e+000 
1.029035572e+000 1.220306921e+000 
1.031387358e+000 1.223702039e+000 
1.028724837e+000 1.219687058e+000 
1.030226802e+000 1.222577967e+000 
1.031884733e+000 1.224776705e+000 
1.030499580e+000 1.222699703e+000 
1.030810315e+000 1.223319566e+000 
1.034891458e+000 1.399530966e+000 
1.014139126e+000 1.053023652e+000 
1.018569897e+000 1.056937611e+000 
1.017786676e+000 1.056437447e+000 
1.018084310e+000 1.056602596e+000 
1.013500738e+000 1.052012574e+000 
1.014412583e+000 1.053615660e+000 
1.015671594e+000 1.054701546e+000 
1.015226803e+000 1.054604669e+000 
1.014782730e+000 1.054067882e+000 
1.014369000e+000 1.053498319e+000 
1.013739583e+000 1.052608268e+000 
1.014987220e+000 1.054213688e+000 
1.014679245e+000 1.053781649e+000 
1.016023152e+000 1.055227562e+000 
1.015919940e+000 1.055105945e+000 
1.016191952e+000 1.055323342e+000 
1.018448691e+000 1.056878966e+000 
1.015831933e+000 1.055083351e+000 
1.017410421e+000 1.056277413e+000 
1.015694805e+000 1.055020566e+000 
1.028428433e+000 1.154984329e+000 
1.027842560e+000 1.153093243e+000 
1.252202743e+000 1.952240990e+000 
1.318623632e+000 1.971765913e+000 
1.634928603e+000 2.000000000e+000 
1.312392894e+000 1.969890576e+000 
1.282886341e+000 1.962145562e+000 
1.544211744e+000 1.998062378e+000 
1.303468869e+000 1.967991368e+000 
1.344783055e+000 1.977731229e+000 
1.298538918e+000 1.967119161e+000 
1.315401975e+000 1.971356065e+000 
1.305874543e+000 1.968384926e+000 
1.283251079e+000 1.962394551e+000 
1.329805125e+000 1.973686624e+000 
1.357083276e+000 1.980613583e+000 
1.634083413e+000 1.999967074e+000 
1.271273675e+000 1.958854081e+000 
1.283397193e+000 1.962492852e+000 
1.295124777e+000 1.965916371e+000 
1.539449881e+000 1.998024269e+000 
1.332223646e+000 1.974778712e+000 
1.283004004e+000 1.962191626e+000 
1.331150210e+000 1.974505829e+000 
1.316966919e+000 1.971432287e+000 
1.314615648e+000 1.970523291e+000 
1.338371862e+000 1.976550188e+000 
1.358843714e+000 1.980729840e+000 
1.337424271e+000 1.976331668e+000 
1.265589555e+000 1.957300641e+000 
1.265896496e+000 1.957487303e+000 
1.342731551e+000 1.977576149e+000 
1.237593358e+000 1.948099533e+000 
1.283930828e+000 1.962545858e+000 
1.264279058e+000 1.957059328e+000 
1.250797523e+000 1.952238384e+000 
1.240648429e+000 1.949127726e+000 
1.242295972e+000 1.949507299e+000 
1.247750748e+000 1.951454573e+000 
1.341480766e+000 1.977353811e+000 
1.284540688e+000 1.962941600e+000 
1.255681263e+000 1.953897450e+000 
1.258015996e+000 1.955007784e+000 
1.264740325e+000 1.957289180e+000 
1.256886328e+000 1.954859156e+000 
1.274019436e+000 1.959774874e+000 
1.245184110e+000 1.950470919e+000 
1.282541638e+000 1.961972851e+000 
1.296486068e+000 1.966663416e+000 
1.244192117e+000 1.950013598e+000 
1.245257259e+000 1.950504042e+000 
1.324479764e+000 1.972958612e+000 
1.270272400e+000 1.958645203e+000 
1.284243451e+000 1.962655258e+000 
1.324502149e+000 1.972992347e+000 
1.324624073e+000 1.973486884e+000 
1.321599869e+000 1.972655853e+000 
1.279444723e+000 1.961773740e+000 
1.294981468e+000 1.965864409e+000 
1.273686186e+000 1.959512803e+000 
1.278884998e+000 1.961670598e+000 
1.259291169e+000 1.955449849e+000 
1.277512579e+000 1.961039133e+000 
1.310729972e+000 1.969748758e+000 
1.286143120e+000 1.963534160e+000 
1.256484391e+000 1.954145090e+000 
1.331940455e+000 1.974747488e+000 
1.302092662e+000 1.967888176e+000 
1.547275389e+000 1.998119565e+000 
1.340263877e+000 1.976602470e+000 
1.298982189e+000 1.967236117e+000 
1.278636306e+000 1.961175068e+000 
1.272487211e+000 1.959140515e+000 
1.288734440e+000 1.964146865e+000 
1.288361401e+000 1.963889805e+000 
1.289119813e+000 1.964162049e+000 
1.516839028e+000 1.997385482e+000 
1.253904591e+000 1.953241922e+000 
1.248875133e+000 1.951635343e+000 
1.599817380e+000 1.999338829e+000 
1.517301063e+000 1.997393252e+000 
1.364756927e+000 1.981763097e+000 
1.309407536e+000 1.969457193e+000 
1.320604993e+000 1.972293848e+000 
1.336252985e+000 1.976028318e+000 
1.335423557e+000 1.975686119e+000 
1.308287700e+000 1.969152083e+000 
1.344445972e+000 1.977618092e+000 
1.331768342e+000 1.974735302e+000 
1.333363968e+000 1.975254026e+000 
1.519406001e+000 1.997587785e+000 
1.514149023e+000 1.997334879e+000 
1.355423509e+000 1.980021444e+000 
1.625907528e+000 1.999865393e+000 
1.508506742e+000 1.997020005e+000 
1.292628481e+000 1.965253908e+000 
1.308088305e+000 1.969043137e+000 
1.312455395e+000 1.970293206e+000 
1.263423353e+000 1.956518031e+000 
1.266650410e+000 1.957781676e+000 
1.306119329e+000 1.968904841e+000 
1.306056762e+000 1.968780075e+000 
1.626408771e+000 1.999916872e+000 
1.268267848e+000 1.958141783e+000 
1.269345785e+000 1.958295139e+000 
1.322875201e+000 1.972809322e+000 
1.505124892e+000 1.996709140e+000 
1.548529617e+000 1.998214161e+000 
1.582074257e+000 1.999024137e+000 
1.609491301e+000 1.999529399e+000 
1.252299034e+000 1.952624358e+000 
1.604576741e+000 1.999491124e+000 
1.621813288e+000 1.999761004e+000 
1.255446890e+000 1.953540442e+000 
1.480794931e+000 1.995466585e+000 
1.577692940e+000 1.998840865e+000 
1.620016390e+000 1.999758328e+000 
1.483556431e+000 1.995896570e+000 
1.481008088e+000 1.995765496e+000 
1.473500280e+000 1.995190864e+000 
1.449530484e+000 1.993059145e+000 
1.469033683e+000 1.994985224e+000 
1.568939408e+000 1.998620945e+000 
1.395515216e+000 1.986801062e+000 
1.572910724e+000 1.998626696e+000 
1.567145243e+000 1.998617431e+000 
1.501842797e+000 1.996460961e+000 
1.474517830e+000 1.995448712e+000 
1.506185825e+000 1.996993822e+000 
1.505302743e+000 1.996901319e+000 
1.573204315e+000 1.998634786e+000 
1.553695404e+000 1.998370601e+000 
1.622089468e+000 1.999827467e+000 
1.585331100e+000 1.999045514e+000 
1.553293040e+000 1.998294678e+000 
1.414690332e+000 1.989509423e+000 
1.616548130e+000 1.999693162e+000 
1.512079795e+000 1.997206449e+000 
1.413106933e+000 1.989393185e+000 
1.579373709e+000 1.998865904e+000 
1.418512026e+000 1.989993310e+000 
1.614568687e+000 1.999620481e+000 
1.396645373e+000 1.987303258e+000 
1.565196061e+000 1.998611272e+000 
1.530376809e+000 1.997970878e+000 
1.530153224e+000 1.997843914e+000 
1.534994086e+000 1.997988742e+000 
1.416377068e+000 1.989544666e+000 
1.410891953e+000 1.988972205e+000 
1.406982474e+000 1.988809936e+000 
1.555786031e+000 1.998474443e+000 
1.404207495e+000 1.988464740e+000 
1.371153011e+000 1.983396582e+000 
1.405244455e+000 1.988509285e+000 
1.387170825e+000 1.986105757e+000 
1.398679209e+000 1.987778007e+000 
1.374730867e+000 1.984356602e+000 
1.398999196e+000 1.987867341e+000 
1.374061678e+000 1.984032961e+000 
1.522752851e+000 1.997652186e+000 
1.386971681e+000 1.985830106e+000 
1.512970839e+000 1.997227625e+000 
1.380602547e+000 1.985356274e+000 
1.379990566e+000 1.985308099e+000 
1.611859830e+000 1.999611693e+000 
1.414276458e+000 1.989497073e+000 
1.417375859e+000 1.989972955e+000 
1.422715787e+000 1.990670818e+000 
1.496658345e+000 1.996232928e+000 
1.596342500e+000 1.999166559e+000 
1.431558074e+000 1.991586166e+000 
1.465124939e+000 1.994599194e+000 
1.439882361e+000 1.992403539e+000 
1.490646660e+000 1.995921016e+000 
1.493956584e+000 1.996025140e+000 
1.445022404e+000 1.992775877e+000 
1.451668656e+000 1.993372215e+000 
1.603093992e+000 1.999401585e+000 
1.434108942e+000 1.991943446e+000 
1.452838112e+000 1.993592469e+000 
1.426717821e+000 1.991134646e+000 
1.437508141e+000 1.992321178e+000 
1.350260527e+000 1.979173624e+000 
1.597440335e+000 1.999260900e+000 
1.462887688e+000 1.994510977e+000 
1.459297667e+000 1.994078756e+000 
1.345354699e+000 1.977985432e+000 
1.349460177e+000 1.979044368e+000 
1.460603925e+000 1.994326111e+000 
1.440311273e+000 1.992494780e+000 
1.360262552e+000 1.981357778e+000 
1.352301084e+000 1.979582593e+000 
1.383531404e+000 1.985517430e+000 
1.353529286e+000 1.979753389e+000 
1.365523907e+000 1.982296518e+000 
1.368167251e+000 1.982834094e+000 
1.347104132e+000 1.978257874e+000 
1.459215192e+000 1.993888958e+000 
1.366185307e+000 1.982645380e+000 
1.456928244e+000 1.993785551e+000 
1.594394822e+000 1.999125042e+000 
1.359494148e+000 1.981112919e+000 
1.369317900e+000 1.983000919e+000 
1.367537366e+000 1.982738655e+000 
1.546720795e+000 1.998091649e+000 
1.353150227e+000 1.979702988e+000 
1.498449099e+000 1.996296058e+000 
1.563793473e+000 1.998568445e+000 

