1.028957668e+000 1.028224510e+000 
1.030335270e+000 1.029002907e+000 
1.028494064e+000 1.028202644e+000 
1.029435488e+000 1.028569646e+000 
1.028470861e+000 1.027927483e+000 
1.029168290e+000 1.028254193e+000 
1.030099282e+000 1.028925543e+000 
1.034924742e+000 1.030924783e+000 
1.029321353e+000 1.028545666e+000 
1.030214727e+000 1.029002531e+000 
1.032698802e+000 1.029962231e+000 
1.033778454e+000 1.030476225e+000 
1.035613783e+000 1.031121526e+000 
1.029783128e+000 1.028861387e+000 
1.035092657e+000 1.030927990e+000 
1.034768276e+000 1.030807562e+000 
1.033518622e+000 1.030410520e+000 
1.002251345e+000 1.000050525e+000 
1.003045003e+000 1.000054223e+000 
1.002513400e+000 1.000052338e+000 
1.002050447e+000 1.000049400e+000 
1.002163118e+000 1.000050273e+000 
1.002677194e+000 1.000053261e+000 
1.003038465e+000 1.000053421e+000 
1.002451895e+000 1.000052187e+000 
1.001938271e+000 1.000046883e+000 
1.002301275e+000 1.000051226e+000 
1.002668532e+000 1.000053150e+000 
1.002336788e+000 1.000051376e+000 
1.002427956e+000 1.000051487e+000 
1.002530637e+000 1.000052410e+000 
1.002415139e+000 1.000051448e+000 
1.002077674e+000 1.000049422e+000 
1.002191233e+000 1.000050394e+000 
1.002615689e+000 1.000053110e+000 
1.002105789e+000 1.000049543e+000 
1.002500582e+000 1.000052299e+000 
1.002469505e+000 1.000052237e+000 
1.002849401e+000 1.000053391e+000 
1.002009313e+000 1.000048590e+000 
1.002094992e+000 1.000049540e+000 
1.002180436e+000 1.000050391e+000 
1.002600558e+000 1.000053013e+000 
1.002832825e+000 1.000053284e+000 
1.001967019e+000 1.000047736e+000 
1.000000000e+000 1.000000000e+000 
1.000106876e+000 1.000000008e+000 
1.036498972e+000 1.056079467e+000 
1.043720804e+000 1.061579327e+000 
1.040694917e+000 1.059556245e+000 
1.043002942e+000 1.061156536e+000 
1.041433327e+000 1.060108646e+000 
1.037155293e+000 1.056695858e+000 
1.043545655e+000 1.061460026e+000 
1.038193179e+000 1.057702717e+000 
1.045895628e+000 1.062778597e+000 
1.035870731e+000 1.055317018e+000 
1.040173156e+000 1.059194925e+000 
1.036418474e+000 1.055889491e+000 
1.041497443e+000 1.060125068e+000 
1.038040531e+000 1.057414272e+000 
1.041481818e+000 1.060116156e+000 
1.037351473e+000 1.056910207e+000 
1.035914233e+000 1.055457967e+000 
1.040805734e+000 1.059662118e+000 
1.045993807e+000 1.062806840e+000 
1.038842982e+000 1.058100816e+000 
1.041759722e+000 1.060332895e+000 
1.003216494e+000 1.000255635e+000 
1.003350727e+000 1.000259612e+000 
1.004663810e+000 1.000294577e+000 
1.004739877e+000 1.000295038e+000 
1.004865153e+000 1.000299089e+000 
1.004962173e+000 1.000299538e+000 
1.005896272e+000 1.000313145e+000 
1.003399863e+000 1.000263359e+000 
1.005461529e+000 1.000308582e+000 
1.003108370e+000 1.000246517e+000 
1.005959879e+000 1.000313279e+000 
1.005163516e+000 1.000304050e+000 
1.005823911e+000 1.000313142e+000 
1.005573680e+000 1.000312368e+000 
1.004922711e+000 1.000299451e+000 
1.004825691e+000 1.000299003e+000 
1.003788603e+000 1.000275701e+000 
1.005623574e+000 1.000312961e+000 
1.005071194e+000 1.000303601e+000 
1.003144327e+000 1.000251073e+000 
1.004544131e+000 1.000290095e+000 
1.004112529e+000 1.000284425e+000 
1.003177961e+000 1.000251757e+000 
1.004245768e+000 1.000285134e+000 
1.004412000e+000 1.000289560e+000 
1.005286099e+000 1.000308342e+000 
1.005325561e+000 1.000308429e+000 
1.005124054e+000 1.000303964e+000 
1.004167009e+000 1.000284915e+000 
1.003749141e+000 1.000275534e+000 
1.003312090e+000 1.000259214e+000 
1.004151991e+000 1.000284511e+000 
1.003508453e+000 1.000267619e+000 
1.003788588e+000 1.000275611e+000 
1.003704977e+000 1.000271943e+000 
1.004318571e+000 1.000288936e+000 
1.004504669e+000 1.000290009e+000 
1.004407814e+000 1.000289513e+000 
1.005275098e+000 1.000306260e+000 
1.003989946e+000 1.000280132e+000 
1.003690307e+000 1.000270959e+000 
1.003469920e+000 1.000263660e+000 
1.003666354e+000 1.000268255e+000 
1.003420680e+000 1.000263394e+000 
1.004998033e+000 1.000302963e+000 
1.004791991e+000 1.000298451e+000 
1.003547915e+000 1.000267705e+000 
1.004004964e+000 1.000280536e+000 
1.004368352e+000 1.000289427e+000 
1.004574045e+000 1.000293939e+000 
1.005037495e+000 1.000303049e+000 
1.004468065e+000 1.000289647e+000 
1.003872842e+000 1.000275702e+000 
1.003456809e+000 1.000263523e+000 
1.004613855e+000 1.000294025e+000 
1.003498021e+000 1.000267016e+000 
1.003709796e+000 1.000272050e+000 
1.004044426e+000 1.000280703e+000 
1.004629946e+000 1.000294072e+000 
1.004451810e+000 1.000289646e+000 
1.003940052e+000 1.000279524e+000 
1.004206306e+000 1.000285048e+000 
1.004358033e+000 1.000289023e+000 
1.003699364e+000 1.000271528e+000 
1.004156525e+000 1.000284558e+000 
1.003950484e+000 1.000280046e+000 
1.003738710e+000 1.000275012e+000 
1.003579630e+000 1.000268153e+000 
1.003911951e+000 1.000276168e+000 
1.003893669e+000 1.000275713e+000 
1.003304250e+000 1.000258833e+000 
1.023266076e+000 1.015692279e+000 
1.027895474e+000 1.016915716e+000 
1.021980220e+000 1.015142037e+000 
1.024595795e+000 1.016093268e+000 
1.020621910e+000 1.014391734e+000 
1.023478365e+000 1.015748204e+000 
1.024031896e+000 1.016035882e+000 
1.024770198e+000 1.016099366e+000 
1.026081731e+000 1.016529654e+000 
1.026617963e+000 1.016567285e+000 
1.025290828e+000 1.016295690e+000 
1.023772788e+000 1.015862211e+000 
1.024920330e+000 1.016199221e+000 
1.028289044e+000 1.016985095e+000 
1.024502434e+000 1.016084155e+000 
1.023496901e+000 1.015749459e+000 
1.020492188e+000 1.014384288e+000 
1.026896975e+000 1.016692943e+000 
1.021371018e+000 1.014900167e+000 
1.021096252e+000 1.014733596e+000 
1.024846379e+000 1.016138890e+000 
1.025140803e+000 1.016252897e+000 
1.022727770e+000 1.015444179e+000 
1.021361554e+000 1.014899492e+000 
1.026990336e+000 1.016702218e+000 
1.021113106e+000 1.014823131e+000 
1.021722309e+000 1.015065001e+000 
1.020612446e+000 1.014391059e+000 
1.020975995e+000 1.014726824e+000 
1.020857643e+000 1.014565790e+000 
1.020701756e+000 1.014558865e+000 
1.028293383e+000 1.016993526e+000 
1.053470920e+000 1.110053903e+000 
1.049345524e+000 1.106714259e+000 
1.051692283e+000 1.108642586e+000 
1.051160782e+000 1.108245402e+000 
1.052236061e+000 1.109227108e+000 
1.048350821e+000 1.105263051e+000 
1.053705187e+000 1.110281641e+000 
1.051380642e+000 1.108516847e+000 
1.049919069e+000 1.107333227e+000 
1.050453693e+000 1.107705292e+000 
1.049784774e+000 1.107161348e+000 
1.001621460e+000 1.000038986e+000 
1.001831337e+000 1.000042497e+000 
1.001854143e+000 1.000042579e+000 
1.001897314e+000 1.000042672e+000 
1.001777806e+000 1.000042325e+000 
1.001800612e+000 1.000042407e+000 
1.001927164e+000 1.000043282e+000 
1.001936671e+000 1.000043350e+000 
1.001840843e+000 1.000042565e+000 
1.001787313e+000 1.000042393e+000 
1.001831048e+000 1.000042434e+000 
1.001579167e+000 1.000038001e+000 
1.001926875e+000 1.000043219e+000 
1.001611664e+000 1.000038855e+000 
1.001626928e+000 1.000042261e+000 
1.001777517e+000 1.000042262e+000 
1.001917369e+000 1.000043151e+000 
1.086386361e+000 1.885621315e+000 
1.123565220e+000 1.907792788e+000 
1.176071938e+000 1.929522367e+000 
1.068982013e+000 1.868500040e+000 
1.072559872e+000 1.872710865e+000 
1.123986008e+000 1.908744760e+000 
1.237088100e+000 1.945355610e+000 
1.304345816e+000 1.956925390e+000 
1.280235198e+000 1.953141337e+000 
1.071890593e+000 1.872141176e+000 
1.095026964e+000 1.891782783e+000 
1.125342642e+000 1.909261091e+000 
1.075742176e+000 1.875576569e+000 
1.074724467e+000 1.875156603e+000 
1.076416167e+000 1.876654527e+000 
1.069286454e+000 1.868849233e+000 
1.068273096e+000 1.867376460e+000 
1.067431020e+000 1.866224801e+000 
1.070305173e+000 1.870021879e+000 
1.076870390e+000 1.876996260e+000 
1.086730309e+000 1.885874821e+000 
1.092635792e+000 1.890361704e+000 
1.066588910e+000 1.865060899e+000 
1.073199096e+000 1.873519753e+000 
1.086426770e+000 1.885768718e+000 
1.230416049e+000 1.944246553e+000 
1.083692204e+000 1.883471305e+000 
1.096379990e+000 1.892526139e+000 
1.150862130e+000 1.921511096e+000 
1.096565371e+000 1.892807777e+000 
1.081076692e+000 1.880760356e+000 
1.105487123e+000 1.898398434e+000 
1.103983593e+000 1.897496095e+000 
1.111208319e+000 1.901752643e+000 
1.110238554e+000 1.901286377e+000 
1.117864740e+000 1.904865821e+000 
1.140408723e+000 1.916754779e+000 
1.069950987e+000 1.869494099e+000 
1.071287395e+000 1.870832327e+000 
1.107733852e+000 1.899836483e+000 
1.068100299e+000 1.866794491e+000 
1.205779368e+000 1.937979354e+000 
1.108441688e+000 1.900182583e+000 
1.307132392e+000 1.958087993e+000 
1.090960770e+000 1.889158260e+000 
1.176347426e+000 1.929894307e+000 
1.148050716e+000 1.920089614e+000 
1.151655533e+000 1.921613064e+000 
1.153071864e+000 1.922261977e+000 
1.067361580e+000 1.865886060e+000 
1.072454116e+000 1.872651095e+000 
1.096782146e+000 1.892942538e+000 
1.192684077e+000 1.934654014e+000 
1.093958825e+000 1.891275082e+000 
1.079883495e+000 1.879985524e+000 
1.085472330e+000 1.884848968e+000 
1.175015167e+000 1.929305445e+000 
1.090615642e+000 1.888949788e+000 
1.106049103e+000 1.898680733e+000 
1.077571028e+000 1.877916213e+000 
1.095600506e+000 1.892233860e+000 
1.084271604e+000 1.883723634e+000 
1.093489377e+000 1.891030181e+000 
1.100054724e+000 1.895138472e+000 
1.081844094e+000 1.881821917e+000 
1.160706980e+000 1.924766808e+000 
1.070861578e+000 1.870625058e+000 
1.289878199e+000 1.954495904e+000 
1.073543362e+000 1.873729816e+000 
1.098946644e+000 1.894457523e+000 
1.078024426e+000 1.878353229e+000 
1.097405319e+000 1.893288218e+000 
1.080403000e+000 1.880361641e+000 
1.121408902e+000 1.906973772e+000 
1.089131075e+000 1.887751533e+000 
1.076554545e+000 1.876758894e+000 
1.163933200e+000 1.926007406e+000 
1.083154393e+000 1.882790270e+000 
1.098471194e+000 1.894041980e+000 
1.305977390e+000 1.957486749e+000 
1.080232893e+000 1.880126845e+000 
1.092508296e+000 1.890091991e+000 
1.125483106e+000 1.909721680e+000 
1.262826666e+000 1.950620547e+000 
1.084931042e+000 1.884244550e+000 
1.092297723e+000 1.890024652e+000 
1.206514638e+000 1.938420537e+000 
1.091880161e+000 1.889862980e+000 
1.109051498e+000 1.900405036e+000 
1.096047736e+000 1.892418684e+000 
1.216073634e+000 1.940563166e+000 
1.154175696e+000 1.922644179e+000 
1.080662681e+000 1.880651655e+000 
1.085633691e+000 1.884877777e+000 
1.090282877e+000 1.888686165e+000 
1.178855162e+000 1.930426596e+000 
1.132427586e+000 1.913170933e+000 
1.195367080e+000 1.935630443e+000 
1.093281392e+000 1.890627261e+000 
1.308184536e+000 1.958393679e+000 
1.305224153e+000 1.957241440e+000 
1.224280347e+000 1.942655973e+000 
1.121295455e+000 1.906933467e+000 
1.121497021e+000 1.907347649e+000 
1.126974199e+000 1.910643604e+000 
1.126423663e+000 1.910347680e+000 
1.146526781e+000 1.919337568e+000 
1.225047784e+000 1.942920651e+000 
1.232700055e+000 1.944954046e+000 
1.090480124e+000 1.888763677e+000 
1.115822938e+000 1.904087561e+000 
1.176808755e+000 1.930054175e+000 
1.145521097e+000 1.918921728e+000 
1.165860860e+000 1.926479162e+000 
1.118602935e+000 1.905439444e+000 
1.125404617e+000 1.909639373e+000 
1.207516919e+000 1.938623703e+000 
1.114294216e+000 1.903312653e+000 
1.135875141e+000 1.914877583e+000 
1.174978908e+000 1.929295397e+000 
1.277032456e+000 1.952673736e+000 
1.111416424e+000 1.901927292e+000 
1.134304090e+000 1.914311511e+000 
1.133042676e+000 1.913607256e+000 
1.178446881e+000 1.930397192e+000 
1.109259102e+000 1.900704344e+000 
1.126866320e+000 1.910438766e+000 
1.145818580e+000 1.919045942e+000 
1.264288603e+000 1.950827548e+000 
1.124755186e+000 1.909148959e+000 
1.097761748e+000 1.893512062e+000 
1.207353366e+000 1.938616046e+000 
1.118786001e+000 1.905533249e+000 
1.096313050e+000 1.892520381e+000 
1.098819095e+000 1.894326865e+000 
1.119448022e+000 1.905818007e+000 
1.098832558e+000 1.894342887e+000 
1.206277736e+000 1.938285018e+000 
1.114402924e+000 1.903401994e+000 
1.124029627e+000 1.908842131e+000 
1.278488831e+000 1.952996049e+000 
1.204951835e+000 1.937959481e+000 
1.239021174e+000 1.945595251e+000 
1.314619775e+000 1.959085447e+000 
1.310853085e+000 1.958780016e+000 
1.171955541e+000 1.928535210e+000 
1.269068401e+000 1.951767802e+000 
1.266078650e+000 1.951306133e+000 
1.234024424e+000 1.945034460e+000 
1.275690262e+000 1.952505480e+000 
1.289887769e+000 1.954790286e+000 
1.199426791e+000 1.936547792e+000 
1.214073995e+000 1.940436914e+000 
1.227186702e+000 1.943470084e+000 
1.287110253e+000 1.954252799e+000 
1.305769497e+000 1.957290460e+000 
1.297525367e+000 1.956504083e+000 
1.168273104e+000 1.927308588e+000 
1.131922040e+000 1.912981938e+000 
1.178886821e+000 1.930533265e+000 
1.179288704e+000 1.930774802e+000 
1.243726244e+000 1.946232208e+000 
1.142298294e+000 1.917601057e+000 
1.137661210e+000 1.915657464e+000 
1.136944389e+000 1.915238149e+000 
1.121891060e+000 1.907552428e+000 
1.315722040e+000 1.959531272e+000 
1.291433498e+000 1.955134614e+000 
1.119734604e+000 1.906268356e+000 
1.182123317e+000 1.931420820e+000 
1.296664634e+000 1.955910733e+000 
1.240651520e+000 1.945834440e+000 
1.180528111e+000 1.930911373e+000 
1.183776248e+000 1.931748628e+000 
1.188489164e+000 1.933174765e+000 
1.313195264e+000 1.958928044e+000 
1.157915357e+000 1.923969901e+000 
1.189546641e+000 1.933603325e+000 
1.139128326e+000 1.916372592e+000 
1.160879934e+000 1.925092985e+000 
1.200814984e+000 1.936818818e+000 
1.188037648e+000 1.933047138e+000 
1.296041026e+000 1.955269436e+000 
1.144217933e+000 1.918443566e+000 
1.187774863e+000 1.933022291e+000 
1.207769353e+000 1.938748285e+000 
1.174213540e+000 1.929200855e+000 
1.211853559e+000 1.939763323e+000 
1.200999822e+000 1.936932755e+000 
1.208791283e+000 1.939113037e+000 
1.177445041e+000 1.930262598e+000 
1.199029611e+000 1.936466075e+000 
1.222459333e+000 1.942080348e+000 
1.156450909e+000 1.923338964e+000 
1.247598579e+000 1.946912129e+000 
1.147274515e+000 1.919548351e+000 
1.248225621e+000 1.947037417e+000 
1.241594781e+000 1.945855492e+000 
1.245143235e+000 1.946453526e+000 
1.248104071e+000 1.947021543e+000 
1.058862851e+000 1.290230895e+000 
1.062376633e+000 1.294559933e+000 
1.058581880e+000 1.290021914e+000 
1.057680406e+000 1.288903409e+000 
1.056765190e+000 1.287249182e+000 
1.056943819e+000 1.287555766e+000 
1.059458103e+000 1.291423038e+000 
1.059138183e+000 1.291088310e+000 
1.059691455e+000 1.291617219e+000 
1.060216467e+000 1.292238993e+000 
1.059873484e+000 1.291915852e+000 
1.059328410e+000 1.291236834e+000 
1.012366572e+000 1.006856862e+000 
1.017770977e+000 1.007566745e+000 
1.010067864e+000 1.006293232e+000 
1.010978352e+000 1.006536940e+000 
1.011092049e+000 1.006567134e+000 
1.013196327e+000 1.006996752e+000 
1.013819991e+000 1.007084398e+000 
1.016745088e+000 1.007451228e+000 
1.010359820e+000 1.006377043e+000 
1.011051722e+000 1.006561519e+000 
1.018484890e+000 1.007637780e+000 
1.017581225e+000 1.007541106e+000 
1.011847782e+000 1.006734756e+000 
1.010692040e+000 1.006477708e+000 
1.010527570e+000 1.006443424e+000 
1.012910110e+000 1.006953989e+000 
1.013985693e+000 1.007094046e+000 
1.018384433e+000 1.007627473e+000 
1.017548296e+000 1.007537596e+000 
1.010046663e+000 1.006266619e+000 
1.009535846e+000 1.006139924e+000 
1.013533774e+000 1.007041635e+000 
1.012217580e+000 1.006807006e+000 
1.009643870e+000 1.006147853e+000 
1.009372084e+000 1.006061546e+000 
1.013737296e+000 1.007051895e+000 
1.010311958e+000 1.006363575e+000 
1.015322306e+000 1.007254585e+000 
1.011317919e+000 1.006606597e+000 
1.013740342e+000 1.007055854e+000 
1.016492404e+000 1.007438880e+000 
1.014198726e+000 1.007119240e+000 
1.019406447e+000 1.007733698e+000 
1.011666970e+000 1.006685876e+000 
1.014111743e+000 1.007108346e+000 
1.019041631e+000 1.007699401e+000 
1.018993950e+000 1.007690972e+000 
1.013419974e+000 1.007021969e+000 
1.020220200e+000 1.007813841e+000 
1.011596764e+000 1.006660168e+000 
1.010182808e+000 1.006308606e+000 
1.017710366e+000 1.007566251e+000 
1.018114369e+000 1.007604100e+000 
1.016918298e+000 1.007457882e+000 
1.065282262e+000 1.454436324e+000 
1.065802478e+000 1.455503914e+000 
1.065462764e+000 1.454893760e+000 
1.065660860e+000 1.455324523e+000 
1.064196890e+000 1.452378914e+000 
1.064466498e+000 1.452813423e+000 
1.064710569e+000 1.453370466e+000 
1.063564494e+000 1.450585152e+000 
1.064525411e+000 1.452992809e+000 
1.064043626e+000 1.452223447e+000 
1.006498527e+000 1.002417633e+000 
1.008856525e+000 1.002741836e+000 
1.006341222e+000 1.002387868e+000 
1.007772094e+000 1.002628987e+000 
1.008516143e+000 1.002711283e+000 
1.006752342e+000 1.002453918e+000 
1.009210388e+000 1.002779428e+000 
1.007074477e+000 1.002512398e+000 
1.008355557e+000 1.002703023e+000 
1.007727629e+000 1.002601788e+000 
1.007414616e+000 1.002571075e+000 
1.009152208e+000 1.002771495e+000 
1.007100346e+000 1.002522557e+000 
1.007187977e+000 1.002534491e+000 
1.007144829e+000 1.002530362e+000 
1.007401864e+000 1.002567954e+000 
1.007807247e+000 1.002629995e+000 
1.006994067e+000 1.002512388e+000 
1.009046497e+000 1.002764359e+000 
1.008321946e+000 1.002681748e+000 
1.006461031e+000 1.002416635e+000 
1.006360824e+000 1.002415908e+000 
1.006038416e+000 1.002341967e+000 
1.005971080e+000 1.002312251e+000 
1.006052661e+000 1.002346556e+000 
1.006171352e+000 1.002378242e+000 
1.006571406e+000 1.002446374e+000 
1.006793289e+000 1.002482958e+000 
1.006956570e+000 1.002511390e+000 
1.009323528e+000 1.002788785e+000 
1.054767124e+000 1.158567439e+000 
1.056331920e+000 1.160347988e+000 
1.056264631e+000 1.160277457e+000 
1.055085662e+000 1.158849557e+000 
1.056489818e+000 1.160532684e+000 
1.056442031e+000 1.160478670e+000 
1.048975605e+000 1.106448496e+000 
1.048704731e+000 1.106217719e+000 
1.046667914e+000 1.104345605e+000 
1.046464787e+000 1.103829610e+000 
1.050855112e+000 1.107932860e+000 
1.053238952e+000 1.109389043e+000 
1.053116432e+000 1.109322064e+000 
1.046091013e+000 1.103537372e+000 
1.048696576e+000 1.106160243e+000 
1.048551441e+000 1.105927986e+000 
1.046543376e+000 1.103953873e+000 
1.053072572e+000 1.109306375e+000 
1.062721993e+000 1.383805052e+000 
1.063343300e+000 1.384833617e+000 
1.063376413e+000 1.384957623e+000 
1.062580845e+000 1.383680972e+000 
1.000152769e+000 1.000002106e+000 
1.000186309e+000 1.000002232e+000 
1.000200448e+000 1.000002233e+000 
1.000365278e+000 1.000002468e+000 
1.000418270e+000 1.000002543e+000 
1.000377003e+000 1.000002470e+000 
1.000461020e+000 1.000002580e+000 
1.000462861e+000 1.000002582e+000 
1.000789039e+000 1.000002770e+000 
1.000474586e+000 1.000002585e+000 
1.000458502e+000 1.000002545e+000 
1.000515854e+000 1.000002657e+000 
1.001104156e+000 1.000002986e+000 
1.001024780e+000 1.000002878e+000 
1.341076343e+000 1.966512527e+000 
1.378303958e+000 1.975692383e+000 
1.341742691e+000 1.966897312e+000 
1.338104503e+000 1.965651491e+000 
1.342231720e+000 1.966976897e+000 
1.337087442e+000 1.965635823e+000 
1.341144087e+000 1.966856460e+000 
1.360347896e+000 1.971261456e+000 
1.319832542e+000 1.960178959e+000 
1.343550585e+000 1.966999243e+000 
1.330616486e+000 1.963434671e+000 
1.329229483e+000 1.963220845e+000 
1.350364207e+000 1.968657616e+000 
1.351081694e+000 1.968879344e+000 
1.338175075e+000 1.965755023e+000 
1.325157138e+000 1.961448444e+000 
1.326391747e+000 1.962673696e+000 
1.685286642e+000 2.000000000e+000 
1.317473020e+000 1.960119057e+000 
1.349225780e+000 1.968572848e+000 
1.329132030e+000 1.962822760e+000 
1.320820415e+000 1.961148429e+000 
1.325193864e+000 1.961554158e+000 
1.334537135e+000 1.965085122e+000 
1.373552822e+000 1.974478297e+000 
1.338516337e+000 1.965888315e+000 
1.682493481e+000 1.999890460e+000 
1.322129352e+000 1.961256231e+000 
1.381846560e+000 1.976548294e+000 
1.336606711e+000 1.965207080e+000 
1.338705697e+000 1.966268162e+000 
1.333597268e+000 1.964259227e+000 
1.416755194e+000 1.983025272e+000 
1.339298911e+000 1.966280280e+000 
1.336774323e+000 1.965416476e+000 
1.442711431e+000 1.986373526e+000 
1.361815168e+000 1.971614988e+000 
1.325816623e+000 1.961937591e+000 
1.370696026e+000 1.973753510e+000 
1.465844021e+000 1.988885304e+000 
1.355670178e+000 1.969856094e+000 
1.383613617e+000 1.976799651e+000 
1.367004096e+000 1.973101820e+000 
1.333990564e+000 1.964708584e+000 
1.338610889e+000 1.966017186e+000 
1.372309002e+000 1.974040715e+000 
1.339852226e+000 1.966300290e+000 
1.409147427e+000 1.982012940e+000 
1.365141509e+000 1.972380562e+000 
1.364895406e+000 1.972267340e+000 
1.366183713e+000 1.972791630e+000 
1.369155956e+000 1.973512985e+000 
1.332220803e+000 1.964051562e+000 
1.345239660e+000 1.967514613e+000 
1.345600707e+000 1.967882874e+000 
1.376380603e+000 1.975549676e+000 
1.432678629e+000 1.985272924e+000 
1.380160107e+000 1.976076697e+000 
1.384992916e+000 1.977522234e+000 
1.344240556e+000 1.967099635e+000 
1.375472861e+000 1.975272656e+000 
1.374560697e+000 1.975136562e+000 
1.365064706e+000 1.972363111e+000 
1.444295071e+000 1.986748861e+000 
1.438112279e+000 1.986188637e+000 
1.367294480e+000 1.973187326e+000 
1.324889650e+000 1.961342585e+000 
1.366732511e+000 1.973042176e+000 
1.449218007e+000 1.987163259e+000 
1.399999857e+000 1.980434192e+000 
1.408416519e+000 1.981844489e+000 
1.400664905e+000 1.980537574e+000 
1.325775785e+000 1.961711649e+000 
1.400997319e+000 1.980538669e+000 
1.411328331e+000 1.982460976e+000 
1.418348193e+000 1.983195773e+000 
1.413688629e+000 1.982625023e+000 
1.330378874e+000 1.963250874e+000 
1.435184849e+000 1.985635988e+000 
1.386885373e+000 1.977857180e+000 
1.386246931e+000 1.977561020e+000 
1.386651628e+000 1.977821231e+000 
1.413157651e+000 1.982595812e+000 
1.434205736e+000 1.985561223e+000 
1.410431391e+000 1.982229372e+000 
1.424196599e+000 1.984119276e+000 
1.424765916e+000 1.984273847e+000 
1.403275449e+000 1.980841135e+000 
1.326029131e+000 1.962203311e+000 
1.348652376e+000 1.968570186e+000 
1.389176477e+000 1.978416508e+000 
1.388205351e+000 1.978040801e+000 
1.422165201e+000 1.984009496e+000 
1.380405416e+000 1.976301821e+000 
1.382229160e+000 1.976730301e+000 
1.392093685e+000 1.978930210e+000 
1.390318181e+000 1.978518960e+000 
1.431725603e+000 1.985252192e+000 
1.384347401e+000 1.977314207e+000 
1.390440413e+000 1.978849594e+000 
1.390487281e+000 1.978849747e+000 
1.425509224e+000 1.984392727e+000 
1.682395578e+000 1.999888299e+000 
1.402085799e+000 1.980722591e+000 
1.424457827e+000 1.984246168e+000 
1.396050454e+000 1.979676630e+000 
1.404284148e+000 1.981346052e+000 
1.425290108e+000 1.984376576e+000 
1.393373249e+000 1.978934351e+000 
1.399393278e+000 1.980268149e+000 
1.406430955e+000 1.981509862e+000 
1.404946012e+000 1.981406397e+000 
1.399365953e+000 1.980023826e+000 
1.394713920e+000 1.979345415e+000 
1.397012605e+000 1.979944230e+000 
1.372913704e+000 1.974347243e+000 
1.370442447e+000 1.973735228e+000 
1.351690609e+000 1.969307317e+000 
1.348610296e+000 1.968509161e+000 
1.374269622e+000 1.974675007e+000 
1.384064612e+000 1.977044678e+000 
1.449757340e+000 1.987331444e+000 
1.331313861e+000 1.963776234e+000 
1.426581342e+000 1.984420799e+000 
1.328720517e+000 1.962766370e+000 
1.363799425e+000 1.972260993e+000 
1.680619755e+000 1.999882194e+000 
1.380398222e+000 1.976162648e+000 
1.333417266e+000 1.964152625e+000 
1.670152090e+000 1.999784385e+000 
1.379561215e+000 1.975999569e+000 
1.356077821e+000 1.970152404e+000 
1.354152797e+000 1.969805374e+000 
1.353563328e+000 1.969804964e+000 
1.358536211e+000 1.970968733e+000 
1.347955950e+000 1.968246085e+000 
1.678526038e+000 1.999881949e+000 
1.359062413e+000 1.971105439e+000 
1.359559461e+000 1.971109244e+000 
1.357794444e+000 1.970614249e+000 
1.360080763e+000 1.971162744e+000 
1.380289265e+000 1.976093662e+000 
1.360202672e+000 1.971213374e+000 
1.356486491e+000 1.970208894e+000 
1.676552233e+000 1.999881702e+000 
1.672989481e+000 1.999852413e+000 
1.464445576e+000 1.988796579e+000 
1.463276826e+000 1.988751997e+000 
1.351225504e+000 1.968892448e+000 
1.464077938e+000 1.988757547e+000 
1.420538045e+000 1.983557357e+000 
1.419947706e+000 1.983333702e+000 
1.465880113e+000 1.989124333e+000 
1.436401139e+000 1.985684696e+000 
1.675066068e+000 1.999878374e+000 
1.648181143e+000 1.999563961e+000 
1.652078330e+000 1.999705498e+000 
1.648354851e+000 1.999636065e+000 
1.656795857e+000 1.999761639e+000 
1.670919956e+000 1.999826992e+000 
1.444656496e+000 1.986940121e+000 
1.554446280e+000 1.996775367e+000 
1.352955820e+000 1.969411796e+000 
1.555073674e+000 1.996848277e+000 
1.437409799e+000 1.985897825e+000 
1.467725498e+000 1.989625950e+000 
1.466274619e+000 1.989467685e+000 
1.470027177e+000 1.990005822e+000 
1.473097475e+000 1.990397941e+000 
1.475704950e+000 1.990858687e+000 
1.474291693e+000 1.990775752e+000 
1.470093709e+000 1.990082272e+000 
1.431334898e+000 1.985019756e+000 
1.471878538e+000 1.990305401e+000 
1.473330290e+000 1.990507454e+000 
1.495356887e+000 1.992912297e+000 
1.450294920e+000 1.987591541e+000 
1.455721240e+000 1.988290040e+000 
1.454583992e+000 1.988114396e+000 
1.457803766e+000 1.988409247e+000 
1.455655728e+000 1.988228751e+000 
1.459315060e+000 1.988715395e+000 
1.446189393e+000 1.987159078e+000 
1.528944705e+000 1.995096644e+000 
1.502181387e+000 1.993197893e+000 
1.498353949e+000 1.993065296e+000 
1.492891755e+000 1.992409935e+000 
1.455779400e+000 1.988398356e+000 
1.490407249e+000 1.992287511e+000 
1.504729521e+000 1.993546049e+000 
1.479802678e+000 1.991362131e+000 
1.485882057e+000 1.991794808e+000 
1.506161169e+000 1.993643628e+000 
1.479138004e+000 1.991095443e+000 
1.451846225e+000 1.987918410e+000 
1.481004503e+000 1.991426678e+000 
1.483933239e+000 1.991691464e+000 
1.441630099e+000 1.986352424e+000 
1.442818841e+000 1.986581248e+000 
1.442728185e+000 1.986559034e+000 
1.483543418e+000 1.991553498e+000 
1.569919264e+000 1.997542664e+000 
1.568596700e+000 1.997497718e+000 
1.486579455e+000 1.991902361e+000 
1.491191869e+000 1.992374833e+000 
1.507778499e+000 1.993815448e+000 
1.557739431e+000 1.996976515e+000 
1.521755954e+000 1.994690595e+000 
1.637476568e+000 1.999402590e+000 
1.511644190e+000 1.994070076e+000 
1.511036013e+000 1.994026490e+000 
1.509796450e+000 1.993905122e+000 
1.515537933e+000 1.994167702e+000 
1.526088153e+000 1.995089735e+000 
1.524966158e+000 1.994950383e+000 
1.519977658e+000 1.994656172e+000 
1.519348956e+000 1.994529806e+000 
1.515761303e+000 1.994223974e+000 
1.513780199e+000 1.994127778e+000 
1.503098297e+000 1.993259852e+000 
1.566326587e+000 1.997428997e+000 
1.628049461e+000 1.999228149e+000 
1.567147691e+000 1.997469010e+000 
1.494704285e+000 1.992527573e+000 
1.564130646e+000 1.997394264e+000 
1.562732119e+000 1.997298324e+000 
1.557016824e+000 1.996851363e+000 
1.529163064e+000 1.995218277e+000 
1.561939602e+000 1.997122933e+000 
1.547657068e+000 1.996305369e+000 
1.557064040e+000 1.996916466e+000 
1.531350461e+000 1.995347080e+000 
1.572821054e+000 1.997560803e+000 
1.548028232e+000 1.996323128e+000 
1.643985445e+000 1.999497131e+000 
1.574737262e+000 1.997767333e+000 
1.532085964e+000 1.995378809e+000 
1.533871639e+000 1.995515332e+000 
1.550917784e+000 1.996502746e+000 
1.628638872e+000 1.999287699e+000 
1.627687586e+000 1.999218309e+000 
1.536429502e+000 1.995697411e+000 
1.544985801e+000 1.996232499e+000 
1.541743644e+000 1.996069531e+000 
1.538974942e+000 1.995874001e+000 
1.540028058e+000 1.995897977e+000 
1.543071187e+000 1.996173249e+000 
1.585387997e+000 1.998110189e+000 
1.605064359e+000 1.998784757e+000 
1.585074494e+000 1.998059994e+000 
1.585338743e+000 1.998078085e+000 
1.602310026e+000 1.998748590e+000 
1.613581743e+000 1.998925665e+000 
1.584617056e+000 1.998006456e+000 
1.585940602e+000 1.998187853e+000 
1.580589939e+000 1.997981897e+000 
1.599043014e+000 1.998623304e+000 
1.550648134e+000 1.996465975e+000 
1.614594761e+000 1.999047088e+000 
1.621278296e+000 1.999158385e+000 
1.605474396e+000 1.998827987e+000 
1.605984701e+000 1.998840420e+000 
1.619573173e+000 1.999156731e+000 
1.616366010e+000 1.999093538e+000 
1.619284023e+000 1.999154340e+000 
1.618272726e+000 1.999095662e+000 
1.609050374e+000 1.998876187e+000 
1.593793794e+000 1.998428149e+000 
1.596181706e+000 1.998441980e+000 
1.594889314e+000 1.998429238e+000 
1.596233924e+000 1.998442064e+000 
1.590174934e+000 1.998294678e+000 
1.593352278e+000 1.998329815e+000 

