1.004722125e+000 1.021505355e+000 
1.005622427e+000 1.021857708e+000 
1.006539169e+000 1.021917020e+000 
1.005149587e+000 1.021607784e+000 
1.005886524e+000 1.021896900e+000 
1.004851208e+000 1.021593555e+000 
1.007103822e+000 1.021976837e+000 
1.006839725e+000 1.021937645e+000 
1.004190486e+000 1.021291495e+000 
1.003855495e+000 1.021027342e+000 
1.004362434e+000 1.021304988e+000 
1.004443845e+000 1.021308549e+000 
1.004108853e+000 1.021044396e+000 
1.004454583e+000 1.021330687e+000 
1.005477036e+000 1.021632747e+000 
1.004027442e+000 1.021040835e+000 
1.003780313e+000 1.020574394e+000 
1.001099410e+000 1.008240243e+000 
1.001969950e+000 1.015422301e+000 
1.001910200e+000 1.015402193e+000 
1.002425207e+000 1.017253136e+000 
1.002169226e+000 1.017211426e+000 
1.002738451e+000 1.017287414e+000 
1.002079219e+000 1.017007876e+000 
1.003015245e+000 1.017562428e+000 
1.002323015e+000 1.017219769e+000 
1.002681443e+000 1.017254048e+000 
1.167407951e+000 1.938772216e+000 
1.222541614e+000 1.952762668e+000 
1.254572595e+000 1.958336992e+000 
1.222205962e+000 1.952086599e+000 
1.082758416e+000 1.906677021e+000 
1.214563206e+000 1.951716142e+000 
1.177209775e+000 1.941255885e+000 
1.262122507e+000 1.960637749e+000 
1.075292681e+000 1.902795399e+000 
1.229225815e+000 1.954005271e+000 
1.260124547e+000 1.960084364e+000 
1.057534652e+000 1.893589317e+000 
1.204280418e+000 1.949348363e+000 
1.202451147e+000 1.948640091e+000 
1.073723097e+000 1.902517673e+000 
1.060920813e+000 1.895501304e+000 
1.246690025e+000 1.957418990e+000 
1.175542507e+000 1.940553013e+000 
1.267510256e+000 1.961673932e+000 
1.241535182e+000 1.956894314e+000 
1.234235085e+000 1.955360034e+000 
1.216658192e+000 1.951987260e+000 
1.231008531e+000 1.955195546e+000 
1.107765333e+000 1.918388068e+000 
1.076512591e+000 1.903495597e+000 
1.113142338e+000 1.920809062e+000 
1.179908203e+000 1.942158634e+000 
1.023286565e+000 1.869298000e+000 
1.112354478e+000 1.920508355e+000 
1.124884422e+000 1.924209471e+000 
1.238863751e+000 1.956341124e+000 
1.142974576e+000 1.930422588e+000 
1.236214439e+000 1.956223741e+000 
1.260005458e+000 1.959532790e+000 
1.018076164e+000 1.863990600e+000 
1.157696065e+000 1.935840620e+000 
1.249392999e+000 1.957580085e+000 
1.245517939e+000 1.956983903e+000 
1.071328023e+000 1.901187886e+000 
1.018393523e+000 1.864533669e+000 
1.073010087e+000 1.901630662e+000 
1.069921190e+000 1.900516866e+000 
1.064852844e+000 1.897587030e+000 
1.027170474e+000 1.872240785e+000 
1.109203243e+000 1.919084416e+000 
1.021055230e+000 1.867015473e+000 
1.050086748e+000 1.888758174e+000 
1.020245571e+000 1.866039754e+000 
1.080364130e+000 1.905516820e+000 
1.036784107e+000 1.879951573e+000 
1.129537280e+000 1.925934782e+000 
1.050663627e+000 1.889153045e+000 
1.155317372e+000 1.934764579e+000 
1.028732570e+000 1.873392873e+000 
1.051008655e+000 1.889411935e+000 
1.078795185e+000 1.904635122e+000 
1.129105410e+000 1.925858427e+000 
1.096318974e+000 1.913139625e+000 
1.046449906e+000 1.886391881e+000 
1.103712476e+000 1.916484392e+000 
1.066648802e+000 1.898628242e+000 
1.189771842e+000 1.944898328e+000 
1.184265372e+000 1.943645514e+000 
1.073206479e+000 1.901721178e+000 
1.155537721e+000 1.934903623e+000 
1.212136457e+000 1.951343850e+000 
1.020570556e+000 1.866574374e+000 
1.270207650e+000 1.961724461e+000 
1.202571355e+000 1.948813740e+000 
1.024934865e+000 1.870437429e+000 
1.103059300e+000 1.916208523e+000 
1.202282033e+000 1.948366886e+000 
1.104971743e+000 1.917055429e+000 
1.143233372e+000 1.930942155e+000 
1.024282764e+000 1.869728676e+000 
1.075111756e+000 1.902603692e+000 
1.173323063e+000 1.940098846e+000 
1.097350039e+000 1.913482187e+000 
1.105943202e+000 1.917502732e+000 
1.092739131e+000 1.911802628e+000 
1.027837825e+000 1.872767752e+000 
1.031381277e+000 1.875680266e+000 
1.104547367e+000 1.916934257e+000 
1.195722551e+000 1.947124485e+000 
1.087077218e+000 1.908877637e+000 
1.076838018e+000 1.903608840e+000 
1.117116707e+000 1.921720357e+000 
1.098583610e+000 1.914351572e+000 
1.025604019e+000 1.870961607e+000 
1.095236560e+000 1.912644056e+000 
1.129755199e+000 1.926112974e+000 
1.030941041e+000 1.875433960e+000 
1.153842879e+000 1.934715295e+000 
1.041177287e+000 1.883055865e+000 
1.091472487e+000 1.911077836e+000 
1.200888776e+000 1.948293622e+000 
1.101247417e+000 1.915397088e+000 
1.099951683e+000 1.914840117e+000 
1.064704307e+000 1.897350412e+000 
1.160494867e+000 1.936549294e+000 
1.103648847e+000 1.916449840e+000 
1.020667418e+000 1.866656427e+000 
1.016724956e+000 1.862195105e+000 
1.088890285e+000 1.909904934e+000 
1.025185381e+000 1.870793475e+000 
1.085647960e+000 1.908142085e+000 
1.106861061e+000 1.918077566e+000 
1.081396290e+000 1.906148061e+000 
1.168073052e+000 1.938845875e+000 
1.075744369e+000 1.903106212e+000 
1.082318666e+000 1.906503457e+000 
1.095310108e+000 1.912864783e+000 
1.097590956e+000 1.913696808e+000 
1.102100798e+000 1.915754237e+000 
1.017292147e+000 1.862992758e+000 
1.058900920e+000 1.894399662e+000 
1.056516944e+000 1.892807410e+000 
1.192090560e+000 1.945775474e+000 
1.170546717e+000 1.939599401e+000 
1.032894323e+000 1.876858891e+000 
1.161556991e+000 1.936739252e+000 
1.187671235e+000 1.944247527e+000 
1.191841340e+000 1.945255907e+000 
1.166685270e+000 1.938571492e+000 
1.028193583e+000 1.873062748e+000 
1.072844690e+000 1.901488338e+000 
1.033770224e+000 1.877561332e+000 
1.121451816e+000 1.923168712e+000 
1.066618982e+000 1.898459521e+000 
1.045550613e+000 1.885927447e+000 
1.153573286e+000 1.934403664e+000 
1.067591197e+000 1.899038110e+000 
1.272483665e+000 1.962163957e+000 
1.162677272e+000 1.937349917e+000 
1.138131284e+000 1.929202539e+000 
1.055814564e+000 1.892480731e+000 
1.133623819e+000 1.927564972e+000 
1.164636151e+000 1.938047320e+000 
1.132060655e+000 1.927215466e+000 
1.033966742e+000 1.877783137e+000 
1.041684603e+000 1.883189200e+000 
1.066027373e+000 1.898068470e+000 
1.129818559e+000 1.926392857e+000 
1.060026237e+000 1.894883551e+000 
1.035617292e+000 1.878963557e+000 
1.049945798e+000 1.888572230e+000 
1.042807116e+000 1.884201683e+000 
1.139073957e+000 1.929559314e+000 
1.157571434e+000 1.935474825e+000 
1.017598790e+000 1.863370508e+000 
1.042666165e+000 1.884009113e+000 
1.047579441e+000 1.887142013e+000 
1.072568528e+000 1.901266180e+000 
1.016373086e+000 1.861970935e+000 
1.143695614e+000 1.931154925e+000 
1.157259255e+000 1.935390141e+000 
1.183447160e+000 1.942872698e+000 
1.184222570e+000 1.943195049e+000 
1.135028088e+000 1.928098759e+000 
1.121175100e+000 1.922939924e+000 
1.039136264e+000 1.881433653e+000 
1.185396544e+000 1.943743086e+000 
1.148203079e+000 1.932792492e+000 
1.044778118e+000 1.885343812e+000 
1.147809649e+000 1.932659605e+000 
1.188984313e+000 1.944635958e+000 
1.040549120e+000 1.882393623e+000 
1.047066083e+000 1.886823158e+000 
1.228997490e+000 1.953535013e+000 
1.252832193e+000 1.958273799e+000 
1.039759477e+000 1.881900320e+000 
1.047513101e+000 1.887084387e+000 
1.046636353e+000 1.886593311e+000 
1.043759754e+000 1.884650281e+000 
1.140345346e+000 1.929896381e+000 
1.052656964e+000 1.890245763e+000 
1.128693277e+000 1.925736216e+000 
1.044040890e+000 1.884830206e+000 
1.049178667e+000 1.887995604e+000 
1.227586884e+000 1.953305885e+000 
1.187390109e+000 1.943938027e+000 
1.265543606e+000 1.961117134e+000 
1.271766195e+000 1.961996992e+000 
1.042460645e+000 1.883750127e+000 
1.003696282e+000 1.019572231e+000 
1.001282605e+000 1.015100969e+000 
1.001629852e+000 1.015368896e+000 
1.003381491e+000 1.019314394e+000 
1.003675799e+000 1.019370165e+000 
1.003363315e+000 1.019085899e+000 
1.003239553e+000 1.019084840e+000 
1.003077960e+000 1.019043353e+000 
1.003069686e+000 1.018774626e+000 
1.012671392e+000 1.239104223e+000 
1.008714273e+000 1.236090598e+000 
1.009241864e+000 1.236346350e+000 
1.008510530e+000 1.235609655e+000 
1.008244701e+000 1.234820028e+000 
1.009317100e+000 1.236561673e+000 
1.010047054e+000 1.237853278e+000 
1.011171709e+000 1.238749986e+000 
1.011609625e+000 1.238989868e+000 
1.009759800e+000 1.237488816e+000 
1.010628327e+000 1.238266140e+000 
1.000116410e+000 1.000324430e+000 
1.000340125e+000 1.000332442e+000 
1.000131003e+000 1.000324444e+000 
1.000275043e+000 1.000325312e+000 
1.007245489e+000 1.092570177e+000 
1.007903447e+000 1.092769295e+000 
1.007409521e+000 1.092610094e+000 
1.013083928e+000 1.310749334e+000 
1.012675051e+000 1.309708935e+000 
1.015019747e+000 1.311803653e+000 
1.013895613e+000 1.311341291e+000 
1.013822797e+000 1.311078366e+000 
1.014733030e+000 1.311723710e+000 
1.016233337e+000 1.312753351e+000 
1.015330367e+000 1.312199627e+000 
1.016215980e+000 1.312708929e+000 
1.000901529e+000 1.002983858e+000 
1.000848724e+000 1.002926391e+000 
1.000471467e+000 1.002922454e+000 
1.001082861e+000 1.002983993e+000 
1.000607760e+000 1.002926197e+000 
1.000567349e+000 1.002924311e+000 
1.000034723e+000 1.000000030e+000 
1.000000001e+000 1.000000000e+000 
1.331134134e+000 1.972584556e+000 
1.290489613e+000 1.965885105e+000 
1.801690352e+000 1.998567368e+000 
1.292690723e+000 1.966082583e+000 
1.851186042e+000 1.999304797e+000 
1.285731722e+000 1.964993406e+000 
1.852845120e+000 1.999305806e+000 
1.315183041e+000 1.970255232e+000 
1.314193295e+000 1.970122419e+000 
1.284037839e+000 1.964448272e+000 
1.319888862e+000 1.971459359e+000 
1.286902763e+000 1.965101149e+000 
1.304558392e+000 1.968599556e+000 
1.332635063e+000 1.972727931e+000 
1.316698638e+000 1.970991007e+000 
1.322095288e+000 1.971769111e+000 
1.303363201e+000 1.968120645e+000 
1.300377004e+000 1.967983456e+000 
1.911873179e+000 1.999968915e+000 
1.265184624e+000 1.960846824e+000 
1.273326980e+000 1.962518191e+000 
1.330522993e+000 1.972485773e+000 
1.266841395e+000 1.961293403e+000 
1.279903998e+000 1.963608005e+000 
1.271435122e+000 1.961921401e+000 
1.258761621e+000 1.958755211e+000 
1.277319008e+000 1.963259310e+000 
1.857455594e+000 1.999354957e+000 
1.276147967e+000 1.963151566e+000 
1.269126697e+000 1.961677788e+000 
1.270297738e+000 1.961785531e+000 
1.272700839e+000 1.962184768e+000 
1.912520239e+000 2.000000000e+000 
1.893784055e+000 1.999821696e+000 
1.895390174e+000 1.999958281e+000 
1.866267158e+000 1.999454539e+000 
1.886375436e+000 1.999694176e+000 
1.890066323e+000 1.999756346e+000 
1.282864774e+000 1.964170212e+000 
1.283138732e+000 1.964175986e+000 
1.281578659e+000 1.964107718e+000 
1.883335008e+000 1.999539822e+000 
1.848008395e+000 1.999169419e+000 
1.877172084e+000 1.999478758e+000 
1.834983440e+000 1.999033669e+000 
1.393922935e+000 1.981178562e+000 
1.332757923e+000 1.973933180e+000 
1.337467282e+000 1.974331388e+000 
1.345370095e+000 1.975544867e+000 
1.348839442e+000 1.975642971e+000 
1.310718949e+000 1.969646104e+000 
1.309158173e+000 1.969129539e+000 
1.833659433e+000 1.998949768e+000 
1.354556858e+000 1.976618268e+000 
1.352508257e+000 1.976194258e+000 
1.818992267e+000 1.998674571e+000 
1.825110949e+000 1.998782696e+000 
1.741056954e+000 1.997641016e+000 
1.736072253e+000 1.997544687e+000 
1.299224333e+000 1.967697651e+000 
1.512726491e+000 1.990717855e+000 
1.293991790e+000 1.966677528e+000 
1.485934953e+000 1.989145362e+000 
1.690430235e+000 1.996821386e+000 
1.299944982e+000 1.967759211e+000 
1.522018207e+000 1.991220589e+000 
1.516043807e+000 1.990849826e+000 
1.501580443e+000 1.990353489e+000 
1.507790473e+000 1.990675839e+000 
1.685360361e+000 1.996814895e+000 
1.717750236e+000 1.997453678e+000 
1.517481674e+000 1.991024211e+000 
1.694940155e+000 1.996902018e+000 
1.729117898e+000 1.997541541e+000 
1.711228540e+000 1.997391132e+000 
1.709199439e+000 1.997282395e+000 
1.709346592e+000 1.997310607e+000 
1.326807266e+000 1.972458319e+000 
1.325026275e+000 1.971982113e+000 
1.697823923e+000 1.997097225e+000 
1.410644173e+000 1.982881000e+000 
1.387770590e+000 1.980589534e+000 
1.387925656e+000 1.980819510e+000 
1.405722846e+000 1.982446716e+000 
1.775989715e+000 1.998150401e+000 
1.404188599e+000 1.982410669e+000 
1.380500494e+000 1.980144891e+000 
1.424797593e+000 1.984557701e+000 
1.402254439e+000 1.981864313e+000 
1.401916417e+000 1.981822628e+000 
1.376934230e+000 1.979263093e+000 
1.362557539e+000 1.977880717e+000 
1.361856919e+000 1.977875761e+000 
1.429311227e+000 1.984624583e+000 
1.430894071e+000 1.984741324e+000 
1.411952519e+000 1.982992315e+000 
1.796182488e+000 1.998331926e+000 
1.416693156e+000 1.983539409e+000 
1.711885349e+000 1.997453578e+000 
1.791497584e+000 1.998265432e+000 
1.794147526e+000 1.998302634e+000 
1.800793204e+000 1.998470970e+000 
1.436921910e+000 1.985682569e+000 
1.799895919e+000 1.998435851e+000 
1.796430255e+000 1.998428799e+000 
1.445094485e+000 1.986091411e+000 
1.459186020e+000 1.987274679e+000 
1.445675483e+000 1.986160851e+000 
1.450570513e+000 1.986559241e+000 
1.604929728e+000 1.994678466e+000 
1.612305302e+000 1.994875192e+000 
1.598439109e+000 1.994577855e+000 
1.582149770e+000 1.994207644e+000 
1.582932298e+000 1.994332338e+000 
1.463817116e+000 1.987837596e+000 
1.591136945e+000 1.994363182e+000 
1.484153056e+000 1.988986678e+000 
1.593318788e+000 1.994425224e+000 
1.607905354e+000 1.994784166e+000 
1.569707944e+000 1.993814001e+000 
1.665948967e+000 1.996306058e+000 
1.574717805e+000 1.994000144e+000 
1.562299894e+000 1.993498650e+000 
1.682188023e+000 1.996605717e+000 
1.570951287e+000 1.993907206e+000 
1.324739036e+000 1.971889965e+000 
1.462397361e+000 1.987654753e+000 
1.565131022e+000 1.993683207e+000 
1.560590839e+000 1.993410498e+000 
1.675392506e+000 1.996573861e+000 
1.674353348e+000 1.996460013e+000 
1.635498337e+000 1.995686158e+000 
1.631477817e+000 1.995526804e+000 
1.341535729e+000 1.974949629e+000 
1.355008250e+000 1.976770128e+000 
1.354623749e+000 1.976761678e+000 
1.628168930e+000 1.995417292e+000 
1.531121586e+000 1.991912461e+000 
1.632989543e+000 1.995600232e+000 
1.650437990e+000 1.995814802e+000 
1.660904627e+000 1.996149132e+000 
1.385702084e+000 1.980463297e+000 
1.392523639e+000 1.981134921e+000 
1.367714925e+000 1.978392511e+000 
1.632162868e+000 1.995551851e+000 
1.551443908e+000 1.992955553e+000 
1.627793309e+000 1.995250886e+000 
1.663459699e+000 1.996183543e+000 
1.495677190e+000 1.989835667e+000 
1.487844911e+000 1.989512703e+000 
1.375480429e+000 1.979244318e+000 
1.371357655e+000 1.978835961e+000 
1.529108324e+000 1.991678283e+000 
1.546910987e+000 1.992726586e+000 
1.545698938e+000 1.992636276e+000 
1.538460583e+000 1.992285987e+000 
1.478354418e+000 1.988638260e+000 
1.495674944e+000 1.989757848e+000 
1.778412993e+000 1.998220441e+000 
1.751914370e+000 1.997765183e+000 
1.768075877e+000 1.998030384e+000 
1.753813082e+000 1.997854594e+000 
1.759858858e+000 1.997943279e+000 
1.757815220e+000 1.997905677e+000 
1.749025653e+000 1.997744777e+000 

