1.050202365e+000 1.179805166e+000 
1.048674309e+000 1.178527320e+000 
1.052200869e+000 1.182526090e+000 
1.052126559e+000 1.182413953e+000 
1.055348052e+000 1.185427907e+000 
1.052764847e+000 1.183108862e+000 
1.054929420e+000 1.184970029e+000 
1.050842593e+000 1.181115186e+000 
1.051895957e+000 1.182140806e+000 
1.055921056e+000 1.185663983e+000 
1.056210866e+000 1.185881032e+000 
1.050842437e+000 1.181060072e+000 
1.037892948e+000 1.071021817e+000 
1.034000151e+000 1.068180893e+000 
1.039506113e+000 1.071657763e+000 
1.033401809e+000 1.067743596e+000 
1.034736418e+000 1.068680550e+000 
1.044401715e+000 1.074239618e+000 
1.034900830e+000 1.068728381e+000 
1.040695967e+000 1.072216436e+000 
1.046699149e+000 1.075389686e+000 
1.031560491e+000 1.066151253e+000 
1.031367760e+000 1.066007613e+000 
1.032530256e+000 1.066829579e+000 
1.041504095e+000 1.072916142e+000 
1.030178753e+000 1.064838525e+000 
1.037078783e+000 1.070411196e+000 
1.039829635e+000 1.072118279e+000 
1.038880674e+000 1.071586776e+000 
1.032033790e+000 1.066535061e+000 
1.032199692e+000 1.066708306e+000 
1.047136519e+000 1.075750828e+000 
1.037002848e+000 1.070211926e+000 
1.045783584e+000 1.075028631e+000 
1.044055944e+000 1.074061297e+000 
1.044023674e+000 1.074019170e+000 
1.043872119e+000 1.073973168e+000 
1.048128950e+000 1.076276592e+000 
1.011140124e+000 1.008244802e+000 
1.011149667e+000 1.008264047e+000 
1.010027472e+000 1.008060384e+000 
1.010021919e+000 1.008054161e+000 
1.008882368e+000 1.007817237e+000 
1.010436401e+000 1.008239482e+000 
1.008624867e+000 1.007753532e+000 
1.008765822e+000 1.007759507e+000 
1.008395802e+000 1.007660580e+000 
1.009709553e+000 1.008051983e+000 
1.009124014e+000 1.007946828e+000 
1.009345982e+000 1.007956993e+000 
1.008901470e+000 1.007858928e+000 
1.009568598e+000 1.008046008e+000 
1.008543854e+000 1.007749342e+000 
1.009205027e+000 1.007951018e+000 
1.009487584e+000 1.008041818e+000 
1.010399600e+000 1.008233718e+000 
1.007777869e+000 1.007475442e+000 
1.007894525e+000 1.007479918e+000 
1.011184025e+000 1.008406048e+000 
1.007813512e+000 1.007475729e+000 
1.011404063e+000 1.008417662e+000 
1.009447426e+000 1.007959895e+000 
1.010517415e+000 1.008243672e+000 
1.011646989e+000 1.008490548e+000 
1.011466617e+000 1.008457282e+000 
1.001166758e+000 1.000053205e+000 
1.001311826e+000 1.000054198e+000 
1.002826231e+000 1.000060574e+000 
1.002103106e+000 1.000059374e+000 
1.002277784e+000 1.000060452e+000 
1.002223469e+000 1.000059516e+000 
1.002112198e+000 1.000059399e+000 
1.001256130e+000 1.000054140e+000 
1.001350571e+000 1.000056018e+000 
1.001754441e+000 1.000057242e+000 
1.001509650e+000 1.000056164e+000 
1.001948413e+000 1.000058930e+000 
1.001884971e+000 1.000058295e+000 
1.001902463e+000 1.000058320e+000 
1.001482478e+000 1.000056136e+000 
1.002074225e+000 1.000059075e+000 
1.001591570e+000 1.000057096e+000 
1.001781585e+000 1.000058150e+000 
1.001692213e+000 1.000057214e+000 
1.001571850e+000 1.000057071e+000 
1.001316892e+000 1.000055083e+000 
1.001710292e+000 1.000057217e+000 
1.000000000e+000 1.000000000e+000 
1.000188165e+000 1.000000154e+000 
1.000350745e+000 1.000000280e+000 
1.000172178e+000 1.000000142e+000 
1.000241615e+000 1.000000279e+000 
1.000369373e+000 1.000000405e+000 
1.000225628e+000 1.000000266e+000 
1.000936528e+000 1.000000564e+000 
1.000663327e+000 1.000000548e+000 
1.000541219e+000 1.000000424e+000 
1.000515088e+000 1.000000422e+000 
1.000507488e+000 1.000000409e+000 
1.001139107e+000 1.000000668e+000 
1.001081753e+000 1.000000661e+000 
1.003081635e+000 1.001041918e+000 
1.002943860e+000 1.001013257e+000 
1.004224896e+000 1.001112548e+000 
1.004790904e+000 1.001134835e+000 
1.004842669e+000 1.001147091e+000 
1.003177230e+000 1.001041925e+000 
1.002830223e+000 1.000997860e+000 
1.003578423e+000 1.001061070e+000 
1.003306519e+000 1.001059082e+000 
1.002890206e+000 1.001013079e+000 
1.002865794e+000 1.000998094e+000 
1.003707712e+000 1.001078226e+000 
1.003736948e+000 1.001079367e+000 
1.003559947e+000 1.001061062e+000 
1.003994258e+000 1.001098399e+000 
1.003052265e+000 1.001030133e+000 
1.003484412e+000 1.001061018e+000 
1.003589401e+000 1.001077438e+000 
1.003801605e+000 1.001079977e+000 
1.003460112e+000 1.001060281e+000 
1.003790602e+000 1.001079546e+000 
1.004503441e+000 1.001117671e+000 
1.003833351e+000 1.001093410e+000 
1.004047912e+000 1.001098578e+000 
1.003980898e+000 1.001095340e+000 
1.004087678e+000 1.001110396e+000 
1.003643055e+000 1.001077616e+000 
1.003654058e+000 1.001078048e+000 
1.003962040e+000 1.001095212e+000 
1.004523775e+000 1.001129894e+000 
1.004449786e+000 1.001117493e+000 
1.004555205e+000 1.001129927e+000 
1.004302239e+000 1.001115563e+000 
1.004355894e+000 1.001115742e+000 
1.003584367e+000 1.001076068e+000 
1.003441635e+000 1.001060274e+000 
1.004635751e+000 1.001131582e+000 
1.007171600e+000 1.003570108e+000 
1.005931759e+000 1.003354036e+000 
1.005620616e+000 1.003303332e+000 
1.005840273e+000 1.003349105e+000 
1.007127279e+000 1.003565296e+000 
1.005912997e+000 1.003349864e+000 
1.006859151e+000 1.003530492e+000 
1.005035473e+000 1.003215903e+000 
1.005621293e+000 1.003305347e+000 
1.005273381e+000 1.003264667e+000 
1.006503802e+000 1.003484039e+000 
1.007359876e+000 1.003604886e+000 
1.007267301e+000 1.003602423e+000 
1.005060812e+000 1.003225787e+000 
1.005181895e+000 1.003259735e+000 
1.005479685e+000 1.003301873e+000 
1.007191630e+000 1.003570201e+000 
1.006004482e+000 1.003354796e+000 
1.007631891e+000 1.003611099e+000 
1.007540405e+000 1.003606167e+000 
1.006109907e+000 1.003430870e+000 
1.004938645e+000 1.003205836e+000 
1.004928119e+000 1.003176483e+000 
1.005053296e+000 1.003218609e+000 
1.006018422e+000 1.003425938e+000 
1.007677301e+000 1.003613443e+000 
1.004870802e+000 1.003166806e+000 
1.006814830e+000 1.003525679e+000 
1.004995962e+000 1.003215513e+000 
1.004861551e+000 1.003126173e+000 
1.006939375e+000 1.003555697e+000 
1.005446878e+000 1.003290908e+000 
1.005728306e+000 1.003340774e+000 
1.007526923e+000 1.003604913e+000 
1.017430198e+000 1.034721213e+000 
1.026587373e+000 1.040254100e+000 
1.027569525e+000 1.040690804e+000 
1.014841412e+000 1.032513836e+000 
1.022689655e+000 1.037948338e+000 
1.016899125e+000 1.034345109e+000 
1.017157291e+000 1.034391384e+000 
1.024039420e+000 1.038861691e+000 
1.015616911e+000 1.033240083e+000 
1.016125035e+000 1.033333331e+000 
1.021162591e+000 1.036948222e+000 
1.029811307e+000 1.041573713e+000 
1.024820462e+000 1.039261662e+000 
1.021920027e+000 1.037577466e+000 
1.015779340e+000 1.033288535e+000 
1.019570647e+000 1.036173725e+000 
1.020555971e+000 1.036814059e+000 
1.020796520e+000 1.036892954e+000 
1.024949150e+000 1.039286012e+000 
1.014916966e+000 1.032530737e+000 
1.017856335e+000 1.034801414e+000 
1.018047081e+000 1.035079676e+000 
1.019401530e+000 1.036152146e+000 
1.023485439e+000 1.038274108e+000 
1.028857512e+000 1.041226539e+000 
1.016847560e+000 1.034063619e+000 
1.028123304e+000 1.040896014e+000 
1.015105281e+000 1.032629970e+000 
1.021746755e+000 1.037522454e+000 
1.025288051e+000 1.039566294e+000 
1.019690735e+000 1.036180646e+000 
1.020292005e+000 1.036567037e+000 
1.026096284e+000 1.039970175e+000 
1.029725281e+000 1.041557504e+000 
1.022381438e+000 1.037636097e+000 
1.025518766e+000 1.039870966e+000 
1.022342119e+000 1.037621275e+000 
1.013905363e+000 1.016379597e+000 
1.013394829e+000 1.016186172e+000 
1.012526543e+000 1.015796009e+000 
1.012320568e+000 1.015590424e+000 
1.013524167e+000 1.016317029e+000 
1.012065942e+000 1.015259120e+000 
1.013973235e+000 1.016509604e+000 
1.013172301e+000 1.016167880e+000 
1.012759123e+000 1.015967677e+000 
1.014034700e+000 1.016510453e+000 
1.012981651e+000 1.015985970e+000 
1.014263700e+000 1.016653105e+000 
1.012120033e+000 1.015279120e+000 
1.012202357e+000 1.015451313e+000 
1.014592930e+000 1.016838861e+000 
1.011973423e+000 1.015117875e+000 
1.057400735e+000 1.442525413e+000 
1.064664865e+000 1.452446784e+000 
1.064126384e+000 1.451982606e+000 
1.065706322e+000 1.453626911e+000 
1.062431337e+000 1.449796161e+000 
1.058633200e+000 1.444620609e+000 
1.067856978e+000 1.455543759e+000 
1.066459659e+000 1.454278695e+000 
1.059673687e+000 1.446243023e+000 
1.058376436e+000 1.444154977e+000 
1.065634060e+000 1.453403888e+000 
1.060648816e+000 1.447565027e+000 
1.059495972e+000 1.445916603e+000 
1.062729011e+000 1.450136486e+000 
1.062282022e+000 1.449718396e+000 
1.060863366e+000 1.447746652e+000 
1.085743873e+000 1.814370785e+000 
1.098299558e+000 1.825749271e+000 
1.086125203e+000 1.814792236e+000 
1.092858219e+000 1.820974543e+000 
1.096131078e+000 1.823820307e+000 
1.158958120e+000 1.867047908e+000 
1.075807265e+000 1.803325864e+000 
1.085279483e+000 1.813623168e+000 
1.140387026e+000 1.856574203e+000 
1.075452676e+000 1.803177883e+000 
1.146519434e+000 1.860236352e+000 
1.070050222e+000 1.795229621e+000 
1.098587039e+000 1.825963024e+000 
1.126700302e+000 1.848010861e+000 
1.115399504e+000 1.839701280e+000 
1.134010371e+000 1.852852104e+000 
1.095661307e+000 1.823116566e+000 
1.130399618e+000 1.850498672e+000 
1.092162625e+000 1.820174341e+000 
1.234376145e+000 1.900589085e+000 
1.076243465e+000 1.804178731e+000 
1.264598622e+000 1.911620305e+000 
1.137073955e+000 1.854710611e+000 
1.131111879e+000 1.851189523e+000 
1.082652075e+000 1.811189167e+000 
1.285934630e+000 1.917711015e+000 
1.154316594e+000 1.864331740e+000 
1.216556200e+000 1.894157143e+000 
1.119046847e+000 1.842655275e+000 
1.167694617e+000 1.871424350e+000 
1.070819743e+000 1.796846355e+000 
1.095863878e+000 1.823796858e+000 
1.121334503e+000 1.844344350e+000 
1.148979071e+000 1.861898949e+000 
1.095665225e+000 1.823286640e+000 
1.119414465e+000 1.842744005e+000 
1.081835702e+000 1.810387454e+000 
1.227061522e+000 1.897643180e+000 
1.087888115e+000 1.816657710e+000 
1.108663498e+000 1.834534918e+000 
1.132567807e+000 1.852075866e+000 
1.157132218e+000 1.865991391e+000 
1.068196257e+000 1.791886538e+000 
1.145735052e+000 1.859446868e+000 
1.154881637e+000 1.864435128e+000 
1.134600701e+000 1.853201026e+000 
1.124005831e+000 1.846060704e+000 
1.120899461e+000 1.844140061e+000 
1.119977001e+000 1.843346487e+000 
1.242468567e+000 1.903691914e+000 
1.103485304e+000 1.830384784e+000 
1.148819398e+000 1.861586639e+000 
1.112321016e+000 1.837231706e+000 
1.078344967e+000 1.806486883e+000 
1.203569524e+000 1.887661470e+000 
1.179569305e+000 1.876495682e+000 
1.069143630e+000 1.794145338e+000 
1.144780798e+000 1.859215706e+000 
1.088761610e+000 1.817338750e+000 
1.088723076e+000 1.817162920e+000 
1.094808454e+000 1.822418046e+000 
1.125942224e+000 1.847298663e+000 
1.120682756e+000 1.843698166e+000 
1.084876581e+000 1.813491262e+000 
1.166524419e+000 1.869798423e+000 
1.163278412e+000 1.868457942e+000 
1.075419371e+000 1.802771576e+000 
1.094806753e+000 1.822271380e+000 
1.068701256e+000 1.792782169e+000 
1.089615527e+000 1.817945426e+000 
1.117560600e+000 1.841212211e+000 
1.111049466e+000 1.836496524e+000 
1.097416492e+000 1.824922862e+000 
1.126912573e+000 1.848054370e+000 
1.086803197e+000 1.815096585e+000 
1.097143148e+000 1.824692373e+000 
1.121868987e+000 1.844831219e+000 
1.249410274e+000 1.905994565e+000 
1.081871672e+000 1.810493444e+000 
1.103742841e+000 1.830560314e+000 
1.118423611e+000 1.841730759e+000 
1.139300621e+000 1.855523492e+000 
1.106787306e+000 1.833186540e+000 
1.112026583e+000 1.837071429e+000 
1.135471425e+000 1.853339289e+000 
1.143587123e+000 1.858503187e+000 
1.147308277e+000 1.860812592e+000 
1.102110258e+000 1.829195203e+000 
1.122625700e+000 1.844998815e+000 
1.310162851e+000 1.924277068e+000 
1.123765845e+000 1.845735845e+000 
1.227315182e+000 1.898082823e+000 
1.231095014e+000 1.899452851e+000 
1.107523353e+000 1.833801610e+000 
1.123233176e+000 1.845531778e+000 
1.104850315e+000 1.831573666e+000 
1.077554177e+000 1.805485734e+000 
1.071651134e+000 1.797918373e+000 
1.288792007e+000 1.919041651e+000 
1.079692128e+000 1.807861305e+000 
1.338458725e+000 1.932825795e+000 
1.232000882e+000 1.899620237e+000 
1.071182987e+000 1.797459130e+000 
1.071913743e+000 1.798453183e+000 
1.095543209e+000 1.823098691e+000 
1.152810384e+000 1.863339139e+000 
1.334230789e+000 1.932077364e+000 
1.260409870e+000 1.909745602e+000 
1.233276021e+000 1.900333580e+000 
1.075092193e+000 1.802446331e+000 
1.104114268e+000 1.830958670e+000 
1.333001602e+000 1.931690815e+000 
1.176971281e+000 1.875409010e+000 
1.117058862e+000 1.840584578e+000 
1.195112516e+000 1.884101266e+000 
1.078755624e+000 1.806815810e+000 
1.078689930e+000 1.806711025e+000 
1.261129514e+000 1.910429297e+000 
1.201824500e+000 1.887486148e+000 
1.217855275e+000 1.894891556e+000 
1.318595105e+000 1.927916566e+000 
1.316536792e+000 1.927407213e+000 
1.315230613e+000 1.925809190e+000 
1.189538800e+000 1.881690665e+000 
1.176496119e+000 1.874961513e+000 
1.230886849e+000 1.899268243e+000 
1.310724112e+000 1.924932178e+000 
1.099669167e+000 1.826710395e+000 
1.327348639e+000 1.929634263e+000 
1.352658055e+000 1.936757741e+000 
1.313370053e+000 1.925283805e+000 
1.303625714e+000 1.923008486e+000 
1.336510954e+000 1.932423281e+000 
1.298707088e+000 1.921784252e+000 
1.150454891e+000 1.862087805e+000 
1.239063081e+000 1.902192781e+000 
1.270519374e+000 1.913445790e+000 
1.251282465e+000 1.907318005e+000 
1.250375154e+000 1.906738159e+000 
1.220693195e+000 1.895993873e+000 
1.352220666e+000 1.936534405e+000 
1.328763058e+000 1.929999990e+000 
1.349398035e+000 1.935335927e+000 
1.257623097e+000 1.909438861e+000 
1.266151100e+000 1.911745345e+000 
1.261593830e+000 1.911178756e+000 
1.347014377e+000 1.934569002e+000 
1.253603274e+000 1.908260806e+000 
1.265256869e+000 1.911690629e+000 
1.185900342e+000 1.880165513e+000 
1.190371002e+000 1.882082480e+000 
1.336887638e+000 1.932547911e+000 
1.266723253e+000 1.912187448e+000 
1.205109084e+000 1.889140829e+000 
1.291742655e+000 1.919772394e+000 
1.207295230e+000 1.889952480e+000 
1.288128343e+000 1.918222430e+000 
1.334145056e+000 1.931924081e+000 
1.250929170e+000 1.907089256e+000 
1.264612354e+000 1.911662810e+000 
1.341858342e+000 1.934088262e+000 
1.203915606e+000 1.887993004e+000 
1.297295476e+000 1.921194653e+000 
1.152392833e+000 1.863270341e+000 
1.212003699e+000 1.892000854e+000 
1.221797207e+000 1.896562229e+000 
1.338977573e+000 1.933221339e+000 
1.192448247e+000 1.883195019e+000 
1.268110557e+000 1.912716780e+000 
1.218710118e+000 1.895489637e+000 
1.235386056e+000 1.900935385e+000 
1.359780029e+000 1.938416885e+000 
1.180720744e+000 1.877161425e+000 
1.206169840e+000 1.889390571e+000 
1.322256427e+000 1.927949937e+000 
1.208579458e+000 1.890629135e+000 
1.181063246e+000 1.877811487e+000 
1.209370709e+000 1.891140127e+000 
1.197287286e+000 1.885628564e+000 
1.239911080e+000 1.902617742e+000 
1.359497295e+000 1.938127415e+000 
1.358667257e+000 1.938004463e+000 
1.348457009e+000 1.934995174e+000 
1.192690015e+000 1.883263578e+000 
1.214344475e+000 1.892841398e+000 
1.185525386e+000 1.880021265e+000 
1.183397452e+000 1.879097944e+000 
1.175034132e+000 1.874482401e+000 
1.173943898e+000 1.873989369e+000 
1.164144587e+000 1.869195042e+000 
1.175658877e+000 1.874789281e+000 
1.161474072e+000 1.867958942e+000 
1.203848395e+000 1.887934311e+000 
1.187191157e+000 1.880815806e+000 
1.164902124e+000 1.869488578e+000 
1.177886011e+000 1.876135848e+000 
1.278952354e+000 1.915957347e+000 
1.283735026e+000 1.917512894e+000 
1.280836272e+000 1.916471705e+000 
1.278600242e+000 1.915852319e+000 
1.409937497e+000 1.957288926e+000 
1.385679756e+000 1.949331674e+000 
1.394508122e+000 1.952637728e+000 
1.359825525e+000 1.938530561e+000 
1.359936886e+000 1.938779069e+000 
1.378263980e+000 1.945677249e+000 
1.420473492e+000 1.960493628e+000 
1.403986714e+000 1.955061926e+000 
1.387963058e+000 1.950592753e+000 
1.386400753e+000 1.949660818e+000 
1.389601971e+000 1.950625424e+000 
1.404135677e+000 1.955504202e+000 
1.361279759e+000 1.939678825e+000 
1.378310969e+000 1.945699254e+000 
1.363335706e+000 1.940518081e+000 
1.376783163e+000 1.945408263e+000 
1.363500898e+000 1.940605853e+000 
1.375409612e+000 1.944890085e+000 
1.357807577e+000 1.937327909e+000 
1.361921033e+000 1.940103554e+000 
1.377256577e+000 1.945610730e+000 
1.376107763e+000 1.945043361e+000 
1.374535721e+000 1.944471127e+000 
1.384871706e+000 1.949001800e+000 
1.358462456e+000 1.937909622e+000 
1.376433871e+000 1.945343173e+000 
1.404614747e+000 1.955530320e+000 
1.369567215e+000 1.942778925e+000 
1.381810786e+000 1.948450122e+000 
1.387070073e+000 1.950280121e+000 
1.394338855e+000 1.952025921e+000 
1.381324738e+000 1.948411057e+000 
1.386322655e+000 1.949347512e+000 
1.378711685e+000 1.945740210e+000 
1.365368730e+000 1.941116323e+000 
1.368068599e+000 1.942065072e+000 
1.373548474e+000 1.944247094e+000 
1.374782678e+000 1.944818901e+000 
1.392571975e+000 1.951570423e+000 
1.392774941e+000 1.951754095e+000 
1.368704219e+000 1.942546812e+000 
1.372415735e+000 1.943492043e+000 
1.368520201e+000 1.942387943e+000 
1.825084077e+000 1.999902755e+000 
1.748513348e+000 1.998453499e+000 
1.369076888e+000 1.942737853e+000 
1.826523117e+000 1.999952895e+000 
1.827060498e+000 1.999981801e+000 
1.357259155e+000 1.937079413e+000 
1.804209499e+000 1.999552271e+000 
1.393749992e+000 1.951842616e+000 
1.827533485e+000 2.000000000e+000 
1.398265209e+000 1.953322321e+000 
1.802230442e+000 1.999535622e+000 
1.826376295e+000 1.999916264e+000 
1.397688524e+000 1.953076144e+000 
1.804798028e+000 1.999563072e+000 
1.380414940e+000 1.946661778e+000 
1.816339748e+000 1.999878935e+000 
1.380536579e+000 1.946729001e+000 
1.422194114e+000 1.961216725e+000 
1.390589417e+000 1.951280707e+000 
1.389976943e+000 1.951107898e+000 
1.424151342e+000 1.961300826e+000 
1.413846805e+000 1.958334155e+000 
1.425204265e+000 1.961776245e+000 
1.413917423e+000 1.958657020e+000 
1.400160628e+000 1.954131358e+000 
1.404058407e+000 1.955128822e+000 
1.367195134e+000 1.941171695e+000 
1.397798134e+000 1.953097317e+000 
1.379959801e+000 1.946276061e+000 
1.379543761e+000 1.946269946e+000 
1.405105168e+000 1.955651689e+000 
1.424730773e+000 1.961681493e+000 
1.408528391e+000 1.957061023e+000 
1.401266589e+000 1.954806655e+000 
1.379131918e+000 1.946256485e+000 
1.399633928e+000 1.953975878e+000 
1.398653227e+000 1.953802235e+000 
1.800499157e+000 1.999430928e+000 
1.378725861e+000 1.946108772e+000 
1.728331413e+000 1.998108049e+000 
1.380685064e+000 1.947670081e+000 
1.824656410e+000 1.999893769e+000 
1.435539624e+000 1.964721514e+000 
1.410821198e+000 1.957428884e+000 
1.418871179e+000 1.960342395e+000 
1.415210520e+000 1.959201794e+000 
1.418117408e+000 1.959895134e+000 
1.424390061e+000 1.961402031e+000 
1.415694976e+000 1.959380891e+000 
1.437551348e+000 1.965108636e+000 
1.725215631e+000 1.998055806e+000 
1.417511270e+000 1.959787203e+000 
1.421534890e+000 1.960921386e+000 
1.428727117e+000 1.962908242e+000 
1.450843868e+000 1.968429607e+000 
1.430062031e+000 1.963376433e+000 
1.447920717e+000 1.968038697e+000 
1.431211228e+000 1.963492885e+000 
1.438888168e+000 1.965613155e+000 
1.425972042e+000 1.962346122e+000 
1.728278973e+000 1.998076636e+000 
1.426926538e+000 1.962743713e+000 
1.433312863e+000 1.964043286e+000 
1.439057637e+000 1.965757611e+000 
1.427214655e+000 1.962892987e+000 
1.442010153e+000 1.966445648e+000 
1.445822732e+000 1.967370915e+000 
1.446422666e+000 1.967376010e+000 
1.411710595e+000 1.958037935e+000 
1.412919743e+000 1.958268282e+000 
1.443406727e+000 1.966770106e+000 
1.442837247e+000 1.966621480e+000 
1.447350251e+000 1.967675615e+000 
1.405675120e+000 1.956070403e+000 
1.407345525e+000 1.956478773e+000 
1.809895174e+000 1.999622785e+000 
1.808273828e+000 1.999569652e+000 
1.478258609e+000 1.974035837e+000 
1.688024145e+000 1.997313709e+000 
1.808332982e+000 1.999589827e+000 
1.701219304e+000 1.997781423e+000 
1.684811834e+000 1.997311348e+000 
1.793680292e+000 1.999349259e+000 
1.762387015e+000 1.999018259e+000 
1.792977545e+000 1.999228332e+000 
1.759649126e+000 1.998901784e+000 
1.457865316e+000 1.969533750e+000 
1.797439049e+000 1.999378640e+000 
1.754238797e+000 1.998737752e+000 
1.750624211e+000 1.998683153e+000 
1.750578904e+000 1.998642203e+000 
1.460190946e+000 1.970280848e+000 
1.754516079e+000 1.998833465e+000 
1.460211751e+000 1.970537048e+000 
1.460513585e+000 1.970763735e+000 
1.516393657e+000 1.981548796e+000 
1.603496638e+000 1.991947336e+000 
1.478671565e+000 1.974856620e+000 
1.456956665e+000 1.969299791e+000 
1.481090849e+000 1.975273754e+000 
1.453733417e+000 1.968879465e+000 
1.791687451e+000 1.999179803e+000 
1.789004616e+000 1.999175684e+000 
1.473379361e+000 1.973461089e+000 
1.459030010e+000 1.970135182e+000 
1.464809434e+000 1.971504730e+000 
1.786672195e+000 1.999141355e+000 
1.785248176e+000 1.999136445e+000 
1.467043361e+000 1.972224628e+000 
1.724117687e+000 1.998021513e+000 
1.723782947e+000 1.998019649e+000 
1.721068662e+000 1.998018101e+000 
1.714517105e+000 1.998007822e+000 
1.712287626e+000 1.997914168e+000 
1.710024529e+000 1.997841741e+000 
1.483049019e+000 1.975720594e+000 
1.710113678e+000 1.997863412e+000 
1.706964108e+000 1.997804310e+000 
1.470257757e+000 1.972866372e+000 
1.470514820e+000 1.972932290e+000 
1.462210683e+000 1.971103847e+000 
1.475020025e+000 1.973950127e+000 
1.468580671e+000 1.972604670e+000 
1.465879149e+000 1.971943493e+000 
1.729499404e+000 1.998236132e+000 
1.508423409e+000 1.980367131e+000 
1.705726131e+000 1.997782601e+000 
1.505190039e+000 1.979596659e+000 
1.473479582e+000 1.973681898e+000 
1.472048565e+000 1.973295800e+000 
1.697609903e+000 1.997654593e+000 
1.725637158e+000 1.998057617e+000 
1.673598989e+000 1.996701131e+000 
1.503495101e+000 1.979327080e+000 
1.660980536e+000 1.996064309e+000 
1.669468722e+000 1.996436544e+000 
1.692818804e+000 1.997464174e+000 
1.693996759e+000 1.997619260e+000 
1.683798216e+000 1.997220478e+000 
1.663385047e+000 1.996214345e+000 
1.681371101e+000 1.997036476e+000 
1.512891919e+000 1.980989275e+000 
1.600218325e+000 1.991942901e+000 
1.599564227e+000 1.991903570e+000 
1.516737353e+000 1.981673143e+000 
1.780704587e+000 1.999028103e+000 
1.681410414e+000 1.997135047e+000 
1.679017529e+000 1.996983028e+000 
1.673985774e+000 1.996798553e+000 
1.675031849e+000 1.996977843e+000 
1.604058512e+000 1.992355643e+000 
1.484642004e+000 1.975948574e+000 
1.489070929e+000 1.976698265e+000 
1.492977271e+000 1.977606703e+000 
1.493487545e+000 1.977655693e+000 
1.492743329e+000 1.977384600e+000 
1.492237133e+000 1.977271345e+000 
1.501282524e+000 1.978937425e+000 
1.746563646e+000 1.998428390e+000 
1.504745825e+000 1.979593115e+000 
1.503616211e+000 1.979453170e+000 
1.665147033e+000 1.996350470e+000 
1.665318609e+000 1.996433445e+000 
1.625657375e+000 1.994179520e+000 
1.630072059e+000 1.994577961e+000 
1.617502276e+000 1.993615554e+000 
1.612164187e+000 1.993193864e+000 
1.613080941e+000 1.993215360e+000 
1.611967641e+000 1.993155465e+000 
1.616817323e+000 1.993549174e+000 
1.638199278e+000 1.995057702e+000 
1.656776696e+000 1.995800570e+000 
1.636902382e+000 1.994982979e+000 
1.513477146e+000 1.981228025e+000 
1.517227818e+000 1.981764440e+000 
1.519875719e+000 1.982597250e+000 
1.519416889e+000 1.982256335e+000 
1.610589685e+000 1.992965729e+000 
1.611551045e+000 1.993062880e+000 
1.529750344e+000 1.983907359e+000 
1.647767052e+000 1.995488043e+000 
1.642221078e+000 1.995366918e+000 
1.643127144e+000 1.995412708e+000 
1.645046683e+000 1.995483851e+000 
1.633702471e+000 1.994802709e+000 
1.518515334e+000 1.981928123e+000 
1.657187127e+000 1.995836960e+000 
1.654574635e+000 1.995652015e+000 
1.655162137e+000 1.995735936e+000 
1.594375230e+000 1.991486937e+000 
1.585973869e+000 1.990979929e+000 
1.579125042e+000 1.990189023e+000 
1.575889934e+000 1.989802842e+000 
1.557161287e+000 1.987738510e+000 
1.556628522e+000 1.987624453e+000 
1.568946013e+000 1.989058991e+000 
1.554885656e+000 1.987397636e+000 
1.581711803e+000 1.990320090e+000 
1.566944560e+000 1.988754291e+000 
1.553202539e+000 1.987139130e+000 
1.584892699e+000 1.990677548e+000 
1.565965971e+000 1.988700285e+000 
1.565587889e+000 1.988667009e+000 
1.559315238e+000 1.987811665e+000 
1.537236424e+000 1.984978957e+000 
1.561771571e+000 1.988174580e+000 
1.568171404e+000 1.988866336e+000 
1.546839558e+000 1.986153531e+000 
1.544003857e+000 1.986004173e+000 
1.540868126e+000 1.985459883e+000 
1.523308953e+000 1.982893393e+000 
1.535326090e+000 1.984696489e+000 
1.531666501e+000 1.984212619e+000 
1.524380014e+000 1.983056266e+000 
1.563813119e+000 1.988459413e+000 
1.526502399e+000 1.983380242e+000 
1.525478765e+000 1.983316613e+000 
1.543285517e+000 1.985869568e+000 
1.537039622e+000 1.984812038e+000 
1.529520592e+000 1.983805347e+000 
1.552364055e+000 1.987079724e+000 
1.535150433e+000 1.984616269e+000 
1.548041286e+000 1.986405943e+000 
1.747663003e+000 1.998449368e+000 
1.739983971e+000 1.998300574e+000 
1.740302082e+000 1.998383358e+000 
1.547714943e+000 1.986357226e+000 
1.593707413e+000 1.991418914e+000 
1.591866695e+000 1.991367402e+000 

