1.020181206e+000 1.632951641e+000 
1.032062467e+000 1.656762700e+000 
1.148925665e+000 1.804975871e+000 
1.087966702e+000 1.743275629e+000 
1.149730018e+000 1.805735397e+000 
1.124290795e+000 1.782778613e+000 
1.034735274e+000 1.661616064e+000 
1.118836034e+000 1.777435752e+000 
1.008327043e+000 1.603235117e+000 
1.059605602e+000 1.704202099e+000 
1.172175415e+000 1.824649686e+000 
1.170081772e+000 1.822709759e+000 
1.032080257e+000 1.656874661e+000 
1.150066339e+000 1.806079401e+000 
1.060165408e+000 1.705293385e+000 
1.037051558e+000 1.666538402e+000 
1.032450470e+000 1.657827918e+000 
1.040972391e+000 1.673474942e+000 
1.033014076e+000 1.659090405e+000 
1.058222847e+000 1.702303855e+000 
1.028483021e+000 1.650363167e+000 
1.031103158e+000 1.655466131e+000 
1.139238071e+000 1.796781929e+000 
1.123467896e+000 1.781349411e+000 
1.048637603e+000 1.687950305e+000 
1.086215797e+000 1.740221672e+000 
1.029446201e+000 1.652251727e+000 
1.035698455e+000 1.663513316e+000 
1.043864929e+000 1.679470975e+000 
1.005804454e+000 1.592831427e+000 
1.031940306e+000 1.656493629e+000 
1.005090194e+000 1.591958083e+000 
1.068911314e+000 1.718451811e+000 
1.007605368e+000 1.600902325e+000 
1.006078289e+000 1.595196041e+000 
1.007360880e+000 1.600345887e+000 
1.027623847e+000 1.648555956e+000 
1.114555122e+000 1.772523087e+000 
1.140491760e+000 1.797963685e+000 
1.114898539e+000 1.773634582e+000 
1.042623041e+000 1.677127282e+000 
1.030299948e+000 1.653152345e+000 
1.043699331e+000 1.678521100e+000 
1.041659860e+000 1.675446265e+000 
1.102560000e+000 1.760112032e+000 
1.113258498e+000 1.771157260e+000 
1.108317406e+000 1.766711068e+000 
1.142409952e+000 1.798750570e+000 
1.147998278e+000 1.803999728e+000 
1.035977788e+000 1.664187419e+000 
1.006048518e+000 1.594440701e+000 
1.138103145e+000 1.796042698e+000 
1.150310999e+000 1.806495904e+000 
1.139932068e+000 1.797824238e+000 
1.189663904e+000 1.838440160e+000 
1.199981836e+000 1.844302766e+000 
1.137664057e+000 1.795642007e+000 
1.182715247e+000 1.833917720e+000 
1.175618552e+000 1.826780404e+000 
1.125545947e+000 1.784194722e+000 
1.132835373e+000 1.790838431e+000 
1.126939227e+000 1.786099714e+000 
1.140736420e+000 1.798583764e+000 
1.180553160e+000 1.830791299e+000 
1.183519599e+000 1.834677247e+000 
1.104607836e+000 1.762035126e+000 
1.196058991e+000 1.842201018e+000 
1.121261452e+000 1.779123448e+000 
1.040360608e+000 1.673154181e+000 
1.168573786e+000 1.820853771e+000 
1.129184593e+000 1.786396951e+000 
1.032903487e+000 1.658165954e+000 
1.112701925e+000 1.770382584e+000 
1.101054052e+000 1.758846698e+000 
1.103411717e+000 1.761765935e+000 
1.113726018e+000 1.771513742e+000 
1.161762581e+000 1.815558661e+000 
1.136395871e+000 1.793477012e+000 
1.166097870e+000 1.818324266e+000 
1.154717815e+000 1.809442271e+000 
1.171202018e+000 1.823469285e+000 
1.026791486e+000 1.646100519e+000 
1.193442251e+000 1.841712650e+000 
1.167604782e+000 1.820648606e+000 
1.091921387e+000 1.749079606e+000 
1.022305284e+000 1.637767426e+000 
1.074292185e+000 1.725606737e+000 
1.113225052e+000 1.770977955e+000 
1.124219377e+000 1.782091718e+000 
1.075976966e+000 1.728422193e+000 
1.073697151e+000 1.724871958e+000 
1.010898904e+000 1.611317178e+000 
1.179359471e+000 1.830422187e+000 
1.031612947e+000 1.656249746e+000 
1.113992579e+000 1.771820645e+000 
1.144146128e+000 1.800417825e+000 
1.212224827e+000 1.853183769e+000 
1.021968234e+000 1.636988563e+000 
1.032576128e+000 1.657922070e+000 
1.038014738e+000 1.668210727e+000 
1.021578282e+000 1.636322213e+000 
1.023460771e+000 1.640407359e+000 
1.017644103e+000 1.627651405e+000 
1.108025008e+000 1.766013616e+000 
1.050660954e+000 1.690547235e+000 
1.018717303e+000 1.630768243e+000 
1.046044835e+000 1.682894262e+000 
1.015222090e+000 1.621217507e+000 
1.017918143e+000 1.628312249e+000 
1.075233102e+000 1.727621207e+000 
1.088441409e+000 1.744540532e+000 
1.082883130e+000 1.737855073e+000 
1.090353703e+000 1.746781254e+000 
1.013855215e+000 1.618362122e+000 
1.055321794e+000 1.698239330e+000 
1.081414004e+000 1.735486491e+000 
1.017546053e+000 1.627401223e+000 
1.025601876e+000 1.643945649e+000 
1.023281947e+000 1.639677544e+000 
1.095262899e+000 1.752471614e+000 
1.089106131e+000 1.744549778e+000 
1.010254618e+000 1.609086183e+000 
1.022700497e+000 1.638575838e+000 
1.011778556e+000 1.613153727e+000 
1.028997851e+000 1.650435199e+000 
1.016109884e+000 1.623785278e+000 
1.098272993e+000 1.755761858e+000 
1.087082781e+000 1.742935993e+000 
1.045904475e+000 1.682267616e+000 
1.153062152e+000 1.807478548e+000 
1.077446092e+000 1.730790775e+000 
1.047008016e+000 1.684575279e+000 
1.085074706e+000 1.739822353e+000 
1.078531198e+000 1.731771806e+000 
1.012227860e+000 1.614160902e+000 
1.009022035e+000 1.605268443e+000 
1.012910155e+000 1.615834985e+000 
1.099277231e+000 1.756998717e+000 
1.163989175e+000 1.816968861e+000 
1.051737244e+000 1.692706600e+000 
1.056573596e+000 1.700202498e+000 
1.011297296e+000 1.611636669e+000 
1.110382672e+000 1.768830233e+000 
1.046886841e+000 1.683284172e+000 
1.163885215e+000 1.816368456e+000 
1.157125381e+000 1.811355481e+000 
1.091211952e+000 1.747767503e+000 
1.115464390e+000 1.774005586e+000 
1.120849384e+000 1.778404890e+000 
1.062649276e+000 1.709174334e+000 
1.062265628e+000 1.708944641e+000 
1.058398713e+000 1.702846448e+000 
1.080933513e+000 1.734797427e+000 
1.056034251e+000 1.699468692e+000 
1.060406443e+000 1.706183662e+000 
1.065013064e+000 1.712137737e+000 
1.059619334e+000 1.704954300e+000 
1.070557544e+000 1.720563707e+000 
1.064011079e+000 1.710939025e+000 
1.066417877e+000 1.714681177e+000 
1.067547941e+000 1.716454702e+000 
1.015731298e+000 1.622877190e+000 
1.000149204e+000 1.008274922e+000 
1.000191227e+000 1.008287550e+000 
1.000134674e+000 1.008255290e+000 
1.000343259e+000 1.008571140e+000 
1.000328572e+000 1.008536038e+000 
1.000289041e+000 1.008287659e+000 
9.999999997e-001 1.008242661e+000 
1.000989792e+000 1.082035932e+000 
1.001660644e+000 1.301915329e+000 
1.002376215e+000 1.305400898e+000 
1.001002240e+000 1.295674901e+000 
1.001204025e+000 1.299097943e+000 
1.002349969e+000 1.305296078e+000 
1.003065540e+000 1.308231425e+000 
1.002267719e+000 1.303612220e+000 
1.003842842e+000 1.310607840e+000 
1.001609314e+000 1.300203713e+000 
1.005079792e+000 1.314898758e+000 
1.003396945e+000 1.308379797e+000 
1.005042663e+000 1.314069194e+000 
1.000776156e+000 1.042552728e+000 
1.000797261e+000 1.043685885e+000 
1.000432896e+000 1.042397479e+000 
1.000629600e+000 1.042525286e+000 
1.227035885e+000 1.866608684e+000 
1.220657461e+000 1.861912327e+000 
1.269536272e+000 1.894200879e+000 
1.261912321e+000 1.889886032e+000 
1.291719862e+000 1.906905111e+000 
1.159429425e+000 1.811399703e+000 
1.268747352e+000 1.894162026e+000 
1.196361670e+000 1.843135669e+000 
1.687500809e+000 1.997388159e+000 
1.765167620e+000 2.000000000e+000 
1.191742267e+000 1.840663382e+000 
1.224975466e+000 1.864445297e+000 
1.220770256e+000 1.863066341e+000 
1.207065736e+000 1.852509170e+000 
1.206509546e+000 1.852458731e+000 
1.214839980e+000 1.858293797e+000 
1.205558899e+000 1.851252232e+000 
1.203172848e+000 1.849813200e+000 
1.272393230e+000 1.897411443e+000 
1.152086570e+000 1.806557412e+000 
1.269650151e+000 1.896055332e+000 
1.280930074e+000 1.903445536e+000 
1.270097047e+000 1.896343302e+000 
1.343711180e+000 1.934329089e+000 
1.181298035e+000 1.832261008e+000 
1.184696116e+000 1.835118628e+000 
1.178089460e+000 1.829221361e+000 
1.182078113e+000 1.832426414e+000 
1.170957798e+000 1.823179250e+000 
1.186073949e+000 1.836156008e+000 
1.181525438e+000 1.832281036e+000 
1.294349740e+000 1.909731185e+000 
1.186520845e+000 1.836443978e+000 
1.189650060e+000 1.838229899e+000 
1.465904983e+000 1.972375848e+000 
1.234246663e+000 1.872435888e+000 
1.230559868e+000 1.869359869e+000 
1.449673511e+000 1.969365437e+000 
1.165438841e+000 1.817891863e+000 
1.229608724e+000 1.868272947e+000 
1.246156430e+000 1.880137510e+000 
1.235555275e+000 1.873522811e+000 
1.162161029e+000 1.815571089e+000 
1.273873277e+000 1.898618917e+000 
1.273607951e+000 1.898193868e+000 
1.253425332e+000 1.885111414e+000 
1.317926184e+000 1.922041856e+000 
1.319570478e+000 1.922807855e+000 
1.338369485e+000 1.933180985e+000 
1.287756259e+000 1.906389865e+000 
1.298017831e+000 1.911550830e+000 
1.410440704e+000 1.956757165e+000 
1.692672075e+000 1.997804662e+000 
1.656566499e+000 1.997019647e+000 
1.761874845e+000 1.999913055e+000 
1.666296408e+000 1.997363181e+000 
1.593478450e+000 1.992244920e+000 
1.569706230e+000 1.989794129e+000 
1.692761575e+000 1.997874004e+000 
1.596464023e+000 1.992281401e+000 
1.467517116e+000 1.972412363e+000 
1.566717562e+000 1.988939157e+000 
1.583829860e+000 1.991077928e+000 
1.755011527e+000 1.999861261e+000 
1.645133382e+000 1.996433308e+000 
1.568871379e+000 1.989210809e+000 
1.570195284e+000 1.990101997e+000 
1.639797576e+000 1.996376799e+000 
1.537733830e+000 1.985914841e+000 
1.303273911e+000 1.914244976e+000 
1.324861215e+000 1.925327628e+000 
1.329528436e+000 1.927853691e+000 
1.621782733e+000 1.993898644e+000 
1.727802205e+000 1.999496975e+000 
1.546709805e+000 1.986802250e+000 
1.553644266e+000 1.988310367e+000 
1.543086717e+000 1.986584667e+000 
1.527266312e+000 1.984138845e+000 
1.626254344e+000 1.994651099e+000 
1.416841030e+000 1.961099916e+000 
1.455933136e+000 1.970749196e+000 
1.426337721e+000 1.963227640e+000 
1.435510816e+000 1.965797034e+000 
1.735428407e+000 1.999514741e+000 
1.424439742e+000 1.962825615e+000 
1.635073180e+000 1.996109562e+000 
1.356400516e+000 1.939543637e+000 
1.627222430e+000 1.994882807e+000 
1.340831230e+000 1.933877773e+000 
1.353829019e+000 1.938735217e+000 
1.332603446e+000 1.929748190e+000 
1.361425847e+000 1.942668135e+000 
1.429792628e+000 1.964057212e+000 
1.367976169e+000 1.944814105e+000 
1.726015104e+000 1.999129756e+000 
1.366926149e+000 1.943673220e+000 
1.428765170e+000 1.963655188e+000 
1.349976238e+000 1.936824082e+000 
1.512646496e+000 1.982067994e+000 
1.371895122e+000 1.946002487e+000 
1.755546314e+000 1.999912087e+000 
1.720093929e+000 1.998998462e+000 
1.468910459e+000 1.973778757e+000 
1.740347385e+000 1.999680118e+000 
1.313474220e+000 1.919506728e+000 
1.378155015e+000 1.948344286e+000 
1.376213357e+000 1.947728187e+000 
1.397502712e+000 1.955268011e+000 
1.394564681e+000 1.953542311e+000 
1.410737717e+000 1.958717441e+000 
1.718617721e+000 1.998586522e+000 
1.491415261e+000 1.979290292e+000 
1.501528734e+000 1.980945882e+000 
1.480312769e+000 1.975228206e+000 
1.509431877e+000 1.981186309e+000 
1.514007763e+000 1.982413580e+000 
1.396109415e+000 1.954282306e+000 
1.468231736e+000 1.973062415e+000 
1.484371417e+000 1.976443705e+000 
1.475300372e+000 1.974788115e+000 
1.614057715e+000 1.993506380e+000 
1.156555039e+000 1.809757830e+000 
1.522241794e+000 1.983667146e+000 
1.551370328e+000 1.987512608e+000 
1.482100345e+000 1.975600964e+000 
1.550294346e+000 1.987266801e+000 
1.500774317e+000 1.980091145e+000 
1.549713070e+000 1.987032572e+000 
1.501325735e+000 1.980298118e+000 
1.485003927e+000 1.976628858e+000 
1.322160830e+000 1.924626953e+000 
1.447527331e+000 1.968151743e+000 
1.442528581e+000 1.966828068e+000 
1.454154172e+000 1.970121796e+000 
1.441318997e+000 1.966138074e+000 
1.448554789e+000 1.968553768e+000 
1.324988414e+000 1.925678730e+000 
1.354877869e+000 1.939008748e+000 
1.169320303e+000 1.821301771e+000 
1.343990478e+000 1.935872896e+000 
1.697973057e+000 1.998303553e+000 
1.580520450e+000 1.990300530e+000 
1.358106293e+000 1.940714318e+000 
1.320819293e+000 1.923665060e+000 
1.328394137e+000 1.927327029e+000 
1.383764158e+000 1.950560115e+000 
1.278615943e+000 1.901413359e+000 
1.193037042e+000 1.840755996e+000 
1.400677756e+000 1.955677958e+000 
1.201533733e+000 1.848080758e+000 
1.200139412e+000 1.847382088e+000 
1.690721849e+000 1.997392754e+000 
1.707160624e+000 1.998334833e+000 
1.278815239e+000 1.901494152e+000 
1.625751322e+000 1.994274035e+000 
1.529500451e+000 1.984589536e+000 
1.715237516e+000 1.998572781e+000 
1.711327696e+000 1.998571608e+000 
1.257415573e+000 1.887644777e+000 
1.294922482e+000 1.911140430e+000 
1.294603705e+000 1.910834973e+000 
1.299144626e+000 1.912792991e+000 
1.313410220e+000 1.919200648e+000 
1.292092305e+000 1.908741605e+000 
1.168997270e+000 1.820971845e+000 
1.534751077e+000 1.985590189e+000 
1.284964146e+000 1.905241910e+000 
1.255818559e+000 1.887039528e+000 
1.160248235e+000 1.812722174e+000 
1.589306701e+000 1.991351018e+000 
1.177692659e+000 1.828171273e+000 
1.243767468e+000 1.878761474e+000 
1.174435648e+000 1.825208029e+000 
1.165952355e+000 1.817910780e+000 
1.600625139e+000 1.993076718e+000 
1.298091867e+000 1.912210520e+000 
1.577642254e+000 1.990178898e+000 
1.613335598e+000 1.993477510e+000 
1.588061298e+000 1.991204599e+000 
1.404000639e+000 1.956675131e+000 
1.387668842e+000 1.951310794e+000 
1.314019509e+000 1.920357081e+000 
1.204422268e+000 1.849911099e+000 
1.246912918e+000 1.880988940e+000 
1.424116471e+000 1.961931808e+000 
1.302523377e+000 1.914122636e+000 
1.303682114e+000 1.915427554e+000 
1.215834937e+000 1.858939906e+000 
1.222825634e+000 1.863907575e+000 
1.274887418e+000 1.899573446e+000 
1.225296022e+000 1.866021142e+000 
1.225772404e+000 1.866461501e+000 
1.231761074e+000 1.870592089e+000 
1.228369419e+000 1.867504327e+000 
1.265824975e+000 1.893563352e+000 
1.246471333e+000 1.880197013e+000 
1.250569036e+000 1.883431555e+000 
1.254669648e+000 1.886625509e+000 
1.263193720e+000 1.892353380e+000 
1.286813408e+000 1.905945367e+000 
1.308563242e+000 1.917591424e+000 
1.367309154e+000 1.944194851e+000 
1.331639579e+000 1.929455145e+000 

