1.001345535e+000 1.057566140e+000 
1.001229467e+000 1.056584408e+000 
1.001407020e+000 1.058496656e+000 
1.001774069e+000 1.060595591e+000 
1.001658001e+000 1.059616704e+000 
1.001696495e+000 1.059651137e+000 
1.017078062e+000 1.906686349e+000 
1.025050532e+000 1.924803435e+000 
1.011886633e+000 1.885728087e+000 
1.016275669e+000 1.903748844e+000 
1.008366995e+000 1.858471443e+000 
1.004912194e+000 1.815482925e+000 
1.008897936e+000 1.863766242e+000 
1.018406679e+000 1.909836352e+000 
1.013312793e+000 1.893087411e+000 
1.197399700e+000 1.984086054e+000 
1.011506665e+000 1.884699796e+000 
1.017496984e+000 1.908161052e+000 
1.019094959e+000 1.912325935e+000 
1.006156107e+000 1.836699531e+000 
1.076585055e+000 1.964041559e+000 
1.014967340e+000 1.900305139e+000 
1.120389930e+000 1.976854388e+000 
1.014756006e+000 1.898403427e+000 
1.015123209e+000 1.900470234e+000 
1.008610242e+000 1.862020820e+000 
1.120134017e+000 1.976835698e+000 
1.129812199e+000 1.978179333e+000 
1.008539612e+000 1.861249275e+000 
1.021960533e+000 1.918814210e+000 
1.008933179e+000 1.864899631e+000 
1.056717230e+000 1.955182721e+000 
1.012011531e+000 1.886596013e+000 
1.091667232e+000 1.968762369e+000 
1.007957543e+000 1.854985487e+000 
1.012079482e+000 1.887697166e+000 
1.020469027e+000 1.915750630e+000 
1.008388940e+000 1.859611026e+000 
1.009426263e+000 1.868227633e+000 
1.008103249e+000 1.857166997e+000 
1.008184308e+000 1.857355937e+000 
1.007557445e+000 1.851039530e+000 
1.009979183e+000 1.872619026e+000 
1.017865584e+000 1.908856995e+000 
1.007632637e+000 1.852901208e+000 
1.004884042e+000 1.812580571e+000 
1.009445304e+000 1.868966188e+000 
1.177606565e+000 1.982749531e+000 
1.012980515e+000 1.891451565e+000 
1.013156925e+000 1.892922347e+000 
1.015884153e+000 1.903255983e+000 
1.009257838e+000 1.866978936e+000 
1.013570585e+000 1.894540052e+000 
1.011319199e+000 1.882851977e+000 
1.009338896e+000 1.867168028e+000 
1.005422184e+000 1.820149217e+000 
1.012639501e+000 1.889942805e+000 
1.008826772e+000 1.863100798e+000 
1.008745713e+000 1.862911706e+000 
1.009051737e+000 1.865337635e+000 
1.023949876e+000 1.922889367e+000 
1.007507594e+000 1.850931837e+000 
1.007426536e+000 1.850742745e+000 
1.009804730e+000 1.870917093e+000 
1.032518924e+000 1.934601241e+000 
1.005263972e+000 1.818573651e+000 
1.033997251e+000 1.936591982e+000 
1.006586838e+000 1.840630856e+000 
1.009885789e+000 1.871103013e+000 
1.010780114e+000 1.878421400e+000 
1.009738476e+000 1.870684280e+000 
1.085873580e+000 1.966887941e+000 
1.056195590e+000 1.954887908e+000 
1.058673790e+000 1.955477883e+000 
1.006369135e+000 1.840256761e+000 
1.074609371e+000 1.963459134e+000 
1.055981173e+000 1.954695538e+000 
1.117794480e+000 1.975506604e+000 
1.014791475e+000 1.898671155e+000 
1.006030279e+000 1.833583905e+000 
1.007229573e+000 1.849781006e+000 
1.055377204e+000 1.953956941e+000 
1.022471788e+000 1.919294022e+000 
1.059033902e+000 1.955782646e+000 
1.193563092e+000 1.983656728e+000 
1.007725444e+000 1.854042081e+000 
1.033268000e+000 1.935765653e+000 
1.007806502e+000 1.854227968e+000 
1.010754702e+000 1.877949983e+000 
1.010673644e+000 1.877764063e+000 
1.100943772e+000 1.970663284e+000 
1.005348448e+000 1.819760427e+000 
1.004794308e+000 1.804067415e+000 
1.029362247e+000 1.930714116e+000 
1.006645449e+000 1.842553942e+000 
1.006726507e+000 1.842739830e+000 
1.021804665e+000 1.918648365e+000 
1.010371898e+000 1.875843835e+000 
1.095624706e+000 1.969665208e+000 
1.010131191e+000 1.873909088e+000 
1.057251283e+000 1.955456894e+000 
1.006893048e+000 1.844697891e+000 
1.019278032e+000 1.912961897e+000 
1.011004160e+000 1.880352252e+000 
1.085905047e+000 1.967035578e+000 
1.009179380e+000 1.866468219e+000 
1.020010055e+000 1.914702813e+000 
1.066267979e+000 1.959770455e+000 
1.020994284e+000 1.916428276e+000 
1.061114622e+000 1.957298966e+000 
1.191204480e+000 1.983340811e+000 
1.007995071e+000 1.855327458e+000 
1.010944673e+000 1.880057658e+000 
1.005524283e+000 1.825056369e+000 
1.005837273e+000 1.833012288e+000 
1.012235633e+000 1.888283271e+000 
1.036617379e+000 1.939379860e+000 
1.011291319e+000 1.882082904e+000 
1.014081494e+000 1.895754027e+000 
1.021402713e+000 1.917590714e+000 
1.016702231e+000 1.905521631e+000 
1.029809074e+000 1.931079603e+000 
1.129556286e+000 1.978158436e+000 
1.026378814e+000 1.926175132e+000 
1.004826666e+000 1.806407322e+000 
1.079177316e+000 1.965287177e+000 
1.011911056e+000 1.886448711e+000 
1.004904118e+000 1.813760416e+000 
1.005432855e+000 1.822065889e+000 
1.072919381e+000 1.962495237e+000 
1.010452956e+000 1.876029755e+000 
1.094486234e+000 1.968984736e+000 
1.087684221e+000 1.967502155e+000 
1.040561173e+000 1.943334889e+000 
1.030254363e+000 1.932261757e+000 
1.082437227e+000 1.966584352e+000 
1.007310631e+000 1.849966894e+000 
1.005513913e+000 1.822258020e+000 
1.013925626e+000 1.895588964e+000 
1.006948276e+000 1.845208347e+000 
1.054666379e+000 1.953423046e+000 
1.029277911e+000 1.930582648e+000 
1.011210260e+000 1.881896984e+000 
1.063662710e+000 1.958204786e+000 
1.031731069e+000 1.933898936e+000 
1.022861902e+000 1.920385470e+000 
1.053546082e+000 1.952913078e+000 
1.068727382e+000 1.960561901e+000 
1.138350653e+000 1.979490325e+000 
1.012565613e+000 1.889518133e+000 
1.029483280e+000 1.930735377e+000 
1.128724789e+000 1.978036045e+000 
1.131780413e+000 1.978322240e+000 
1.006162088e+000 1.837342172e+000 
1.011338239e+000 1.883451341e+000 
1.086866401e+000 1.967207693e+000 
1.022617354e+000 1.920119796e+000 
1.022716516e+000 1.920231111e+000 
1.086795951e+000 1.967112609e+000 
1.073485734e+000 1.962818304e+000 
1.005756215e+000 1.832820077e+000 
1.007105999e+000 1.846284429e+000 
1.007024940e+000 1.846098542e+000 
1.011150773e+000 1.881602390e+000 
1.029150439e+000 1.930565144e+000 
1.133346504e+000 1.978795155e+000 
1.070517798e+000 1.961551484e+000 
1.018489948e+000 1.910376299e+000 
1.024166330e+000 1.923447684e+000 
1.131914198e+000 1.978625517e+000 
1.005728092e+000 1.825144299e+000 
1.029849586e+000 1.931384942e+000 
1.122415942e+000 1.976908176e+000 
1.072995911e+000 1.962531479e+000 
1.114677904e+000 1.975236150e+000 
1.013981019e+000 1.895606725e+000 
1.159813339e+000 1.980796983e+000 
1.027909671e+000 1.928856235e+000 
1.049837688e+000 1.950235118e+000 
1.125801506e+000 1.977689365e+000 
1.170276405e+000 1.982043237e+000 
1.077098750e+000 1.964168415e+000 
1.029825270e+000 1.931156321e+000 
1.004562801e+000 1.802979244e+000 
1.069312445e+000 1.961085510e+000 
1.006901513e+000 1.844768586e+000 
1.051741069e+000 1.951743932e+000 
1.029498467e+000 1.931016194e+000 
1.073336008e+000 1.962636484e+000 
1.041506937e+000 1.943772053e+000 
1.023155207e+000 1.921483378e+000 
1.018530621e+000 1.910584479e+000 
1.133705148e+000 1.979194071e+000 
1.026405786e+000 1.926360480e+000 
1.166212069e+000 1.981615630e+000 
1.027027918e+000 1.927425831e+000 
1.050696524e+000 1.951134196e+000 
1.016604820e+000 1.905324776e+000 
1.050969513e+000 1.951257349e+000 
1.013089431e+000 1.891657981e+000 
1.045869786e+000 1.947178906e+000 
1.016718565e+000 1.905551949e+000 
1.019572100e+000 1.913436859e+000 
1.063404443e+000 1.958011950e+000 
1.042606589e+000 1.944752353e+000 
1.101105393e+000 1.970670332e+000 
1.027825673e+000 1.928728997e+000 
1.037454729e+000 1.940047682e+000 
1.100521406e+000 1.970190712e+000 
1.161000904e+000 1.980899622e+000 
1.029990770e+000 1.931702972e+000 
1.066140521e+000 1.959579926e+000 
1.051491153e+000 1.951552759e+000 
1.107348268e+000 1.972773730e+000 
1.045499489e+000 1.946746126e+000 
1.016396886e+000 1.904549325e+000 
1.016981793e+000 1.906341097e+000 
1.101234968e+000 1.970671522e+000 
1.026549881e+000 1.926697353e+000 
1.118211920e+000 1.975519357e+000 
1.052554939e+000 1.952081488e+000 
1.052262708e+000 1.952039343e+000 
1.104380332e+000 1.971492473e+000 
1.041245783e+000 1.943555868e+000 
1.106261434e+000 1.972195679e+000 
1.191099546e+000 1.983138993e+000 
1.109861879e+000 1.973676477e+000 
1.109766991e+000 1.973475335e+000 
1.110150367e+000 1.973930363e+000 
1.041232436e+000 1.943474657e+000 
1.046193746e+000 1.947310385e+000 
1.108786723e+000 1.973347774e+000 
1.027517574e+000 1.928116605e+000 
1.106183699e+000 1.972083639e+000 
1.032415925e+000 1.934492609e+000 
1.021332276e+000 1.917457176e+000 
1.163401902e+000 1.981295446e+000 
1.039378325e+000 1.941872125e+000 
1.028702216e+000 1.930104647e+000 
1.033180225e+000 1.935669517e+000 
1.047496820e+000 1.948555389e+000 
1.035022176e+000 1.937706807e+000 
1.037717280e+000 1.940183863e+000 
1.048436037e+000 1.949466596e+000 
1.001759629e+000 1.059791930e+000 
1.001512918e+000 1.059532253e+000 
1.001444655e+000 1.058600590e+000 
1.001763058e+000 1.060537707e+000 
1.003264917e+000 1.140257698e+000 
1.002494266e+000 1.135633099e+000 
1.002191688e+000 1.133496657e+000 
1.001870114e+000 1.126094011e+000 
1.003626841e+000 1.142367516e+000 
1.003872884e+000 1.142678501e+000 
1.001821879e+000 1.125925236e+000 
1.001917725e+000 1.129399266e+000 
1.002069899e+000 1.130011254e+000 
1.002894395e+000 1.137491171e+000 
1.003270792e+000 1.140426205e+000 
1.002072787e+000 1.130031608e+000 
1.002903243e+000 1.138251804e+000 
1.001865536e+000 1.125948542e+000 
1.002131533e+000 1.131383920e+000 
1.003078546e+000 1.139388756e+000 
1.001824767e+000 1.125945590e+000 
1.002748776e+000 1.137456138e+000 
1.003492789e+000 1.142079323e+000 
1.002972193e+000 1.138254457e+000 
1.002388480e+000 1.135298612e+000 
1.003047825e+000 1.138321227e+000 
1.003168984e+000 1.140056412e+000 
1.002159901e+000 1.133493797e+000 
1.002157013e+000 1.133473443e+000 
1.003461001e+000 1.142074535e+000 
1.003570052e+000 1.142089254e+000 
1.001908993e+000 1.129387415e+000 
1.002108673e+000 1.131209724e+000 
1.003992861e+000 1.144053990e+000 
1.003620053e+000 1.142095375e+000 
9.999999964e-001 1.000001925e+000 
1.000679245e+000 1.015659117e+000 
1.000580144e+000 1.015127907e+000 
1.000724196e+000 1.015737749e+000 
1.000617035e+000 1.015206539e+000 
1.000704086e+000 1.015686160e+000 
1.000673320e+000 1.015556060e+000 
1.000972279e+000 1.027588239e+000 
1.000768053e+000 1.027078813e+000 
1.000774483e+000 1.027080525e+000 
1.000743560e+000 1.026987367e+000 
1.000932212e+000 1.027153126e+000 
1.001208496e+000 1.028211014e+000 
1.001045824e+000 1.027704443e+000 
1.001176645e+000 1.027720916e+000 
1.001187843e+000 1.027728955e+000 
1.001156740e+000 1.027718859e+000 
1.000381860e+000 1.005506623e+000 
1.000192352e+000 1.005321535e+000 
1.000179299e+000 1.005298567e+000 
1.000554446e+000 1.005604071e+000 
1.000373826e+000 1.005494698e+000 
1.000504705e+000 1.005586985e+000 
1.000285988e+000 1.005420737e+000 
1.000432125e+000 1.005559886e+000 
1.000230608e+000 1.005402595e+000 
1.000282477e+000 1.005408872e+000 
1.000268833e+000 1.005404953e+000 
1.000445038e+000 1.005560593e+000 
1.000505483e+000 1.005595477e+000 
1.000317313e+000 1.005491449e+000 
1.000375133e+000 1.005497056e+000 
1.000460531e+000 1.005583552e+000 
1.000309280e+000 1.005479524e+000 
1.000223881e+000 1.005393028e+000 
1.000459754e+000 1.005575060e+000 
1.000308502e+000 1.005471032e+000 
1.000150499e+000 1.001327996e+000 
1.000136697e+000 1.001321408e+000 
1.000174885e+000 1.001346288e+000 
1.000091379e+000 1.001300279e+000 
1.000115765e+000 1.001318571e+000 
1.000171839e+000 1.001341655e+000 
1.000068733e+000 1.001300278e+000 
1.000112312e+000 1.001317049e+000 
1.000143355e+000 1.001327498e+000 
1.000054862e+000 1.001296394e+000 
1.000062923e+000 1.001296458e+000 
1.000106716e+000 1.001300291e+000 
1.004550096e+000 1.165357008e+000 
1.004082702e+000 1.161877736e+000 
1.004452375e+000 1.164349545e+000 
1.004166244e+000 1.164303746e+000 
1.004002045e+000 1.161414387e+000 
1.000027961e+000 1.000641786e+000 
1.000051850e+000 1.000665798e+000 
1.000049792e+000 1.000641979e+000 
1.000053992e+000 1.000665997e+000 
1.000003508e+000 1.000641184e+000 
1.000008030e+000 1.000641785e+000 
1.362260826e+000 1.993370759e+000 
1.268490786e+000 1.988713787e+000 
1.277782216e+000 1.989487737e+000 
1.277937808e+000 1.989770147e+000 
1.293897047e+000 1.990429333e+000 
1.290616355e+000 1.990354415e+000 
1.283837831e+000 1.989904117e+000 
1.612165294e+000 1.999143070e+000 
1.278205574e+000 1.989806860e+000 
1.262590762e+000 1.988579817e+000 
1.279830100e+000 1.989843513e+000 
1.447439620e+000 1.996314913e+000 
1.252896435e+000 1.987796812e+000 
1.461771084e+000 1.996448015e+000 
1.314748838e+000 1.991411876e+000 
1.309275115e+000 1.991375163e+000 
1.734329501e+000 2.000000000e+000 
1.474770569e+000 1.996780874e+000 
1.495875190e+000 1.997323559e+000 
1.285949046e+000 1.989959224e+000 
1.322736697e+000 1.991885811e+000 
1.455343180e+000 1.996359731e+000 
1.434734249e+000 1.995523529e+000 
1.318205174e+000 1.991744487e+000 
1.307470669e+000 1.991089420e+000 
1.308229369e+000 1.991271032e+000 
1.434406236e+000 1.995225287e+000 
1.479819274e+000 1.997089267e+000 
1.352952774e+000 1.992965713e+000 
1.393273483e+000 1.994284352e+000 
1.465588309e+000 1.996763583e+000 
1.445763665e+000 1.996036782e+000 
1.489163201e+000 1.997213109e+000 
1.616186736e+000 1.999342323e+000 
1.334846923e+000 1.992204283e+000 
1.334582826e+000 1.992120527e+000 
1.260201646e+000 1.988531150e+000 
1.355422671e+000 1.993266430e+000 
1.258008453e+000 1.988476466e+000 
1.172413006e+000 1.982282659e+000 
1.464086749e+000 1.996585976e+000 
1.440078060e+000 1.996024695e+000 
1.465550554e+000 1.996629287e+000 
1.333323870e+000 1.992105100e+000 
1.400265101e+000 1.994783409e+000 
1.369077673e+000 1.993538611e+000 
1.401791011e+000 1.995153505e+000 
1.377043667e+000 1.994072668e+000 
1.437429659e+000 1.995982060e+000 
1.376421116e+000 1.994015876e+000 
1.395514229e+000 1.994604270e+000 
1.396383058e+000 1.994726617e+000 
1.324820927e+000 1.991976494e+000 
1.370300295e+000 1.993560773e+000 
1.343948372e+000 1.992501326e+000 
1.156289834e+000 1.980679477e+000 
1.152574650e+000 1.980563121e+000 
1.344817201e+000 1.992613731e+000 
1.348916578e+000 1.992667313e+000 
1.206458318e+000 1.984939291e+000 
1.205245584e+000 1.984891134e+000 
1.196666139e+000 1.984057966e+000 
1.556437673e+000 1.998600290e+000 
1.199306177e+000 1.984361049e+000 
1.346281052e+000 1.992664793e+000 
1.555962641e+000 1.998593879e+000 
1.368644057e+000 1.993535388e+000 
1.370722743e+000 1.993750064e+000 
1.201861338e+000 1.984473469e+000 
1.365283218e+000 1.993412046e+000 
1.609247972e+000 1.999116986e+000 
1.550313864e+000 1.998446106e+000 
1.533101902e+000 1.998292392e+000 
1.515597771e+000 1.998077010e+000 
1.531481408e+000 1.998232387e+000 
1.667656719e+000 1.999793954e+000 
1.710269487e+000 1.999933284e+000 
1.491259578e+000 1.997246951e+000 
1.490352950e+000 1.997246342e+000 
1.479269732e+000 1.996851303e+000 
1.542254914e+000 1.998431525e+000 
1.551314609e+000 1.998455854e+000 
1.496904347e+000 1.997575351e+000 
1.546387209e+000 1.998441549e+000 
1.511894625e+000 1.997841732e+000 
1.712651348e+000 1.999980067e+000 
1.636273178e+000 1.999594677e+000 
1.636060868e+000 1.999539256e+000 
1.249409578e+000 1.987759534e+000 
1.629010221e+000 1.999529963e+000 
1.238948024e+000 1.986886696e+000 
1.425883388e+000 1.995201335e+000 
1.262428355e+000 1.988533918e+000 
1.269493021e+000 1.988970059e+000 
1.493845622e+000 1.997267889e+000 
1.241139896e+000 1.987424498e+000 
1.229852232e+000 1.986687253e+000 
1.595980902e+000 1.998957336e+000 
1.577638878e+000 1.998789004e+000 
1.561371031e+000 1.998607770e+000 
1.227957918e+000 1.986398213e+000 
1.575273974e+000 1.998732029e+000 
1.572066576e+000 1.998699445e+000 
1.218566231e+000 1.986227963e+000 
1.584547356e+000 1.998870019e+000 
1.239033205e+000 1.987032377e+000 
1.575363923e+000 1.998751202e+000 
1.273333841e+000 1.989186910e+000 
1.222864050e+000 1.986242091e+000 
1.256189766e+000 1.987892233e+000 
1.506308034e+000 1.997640130e+000 
1.194191837e+000 1.983752181e+000 
1.689325715e+000 1.999868572e+000 
1.184467336e+000 1.983123100e+000 
1.710640229e+000 1.999961776e+000 
1.208732238e+000 1.985265303e+000 
1.623348682e+000 1.999450640e+000 
1.712840752e+000 1.999980113e+000 
1.214133813e+000 1.985655606e+000 
1.707666062e+000 1.999910934e+000 
1.622655476e+000 1.999403008e+000 
1.213818991e+000 1.985299763e+000 
1.203955774e+000 1.984869346e+000 
1.642454624e+000 1.999654274e+000 
1.642608829e+000 1.999719064e+000 
1.150343349e+000 1.979827608e+000 
1.233052560e+000 1.986766328e+000 
1.234790146e+000 1.986772551e+000 
1.176186104e+000 1.982324266e+000 
1.177107668e+000 1.982629995e+000 
1.176791937e+000 1.982561662e+000 
1.621827105e+000 1.999388157e+000 

