1.000301361e+000 1.000053103e+000 
1.000362364e+000 1.000053171e+000 
1.000438468e+000 1.000057032e+000 
1.000614450e+000 1.000059331e+000 
1.000956784e+000 1.000065376e+000 
1.000898671e+000 1.000063829e+000 
1.000815308e+000 1.000061873e+000 
1.001080324e+000 1.000067458e+000 
1.000734409e+000 1.000061370e+000 
1.000857949e+000 1.000063452e+000 
1.000691768e+000 1.000059792e+000 
1.000387696e+000 1.000053716e+000 
1.000977821e+000 1.000065702e+000 
1.000935181e+000 1.000064124e+000 
1.000386228e+000 1.000053185e+000 
1.000856030e+000 1.000062251e+000 
1.000494365e+000 1.000057092e+000 
1.001026543e+000 1.000065909e+000 
1.001022211e+000 1.000065902e+000 
1.001058720e+000 1.000066197e+000 
1.001101361e+000 1.000067775e+000 
1.000462332e+000 1.000057045e+000 
1.000878986e+000 1.000063770e+000 
1.000428564e+000 1.000055102e+000 
1.000525145e+000 1.000058765e+000 
1.000712806e+000 1.000060118e+000 
1.000755446e+000 1.000061696e+000 
1.000836345e+000 1.000062191e+000 
1.000694048e+000 1.000059995e+000 
1.000557179e+000 1.000058811e+000 
1.000746480e+000 1.000061692e+000 
1.000656469e+000 1.000059365e+000 
1.000692789e+000 1.000059993e+000 
1.001518517e+000 1.000088430e+000 
1.001257695e+000 1.000085933e+000 
1.001344585e+000 1.000086285e+000 
1.001707258e+000 1.000092037e+000 
1.001429876e+000 1.000088282e+000 
1.001581031e+000 1.000090173e+000 
1.001520739e+000 1.000089975e+000 
1.001331217e+000 1.000086012e+000 
1.001213380e+000 1.000084058e+000 
1.001159036e+000 1.000083663e+000 
1.001114721e+000 1.000081787e+000 
1.001973363e+000 1.000093936e+000 
1.001249332e+000 1.000084063e+000 
1.001847136e+000 1.000092072e+000 
1.002088248e+000 1.000094019e+000 
1.002027631e+000 1.000093999e+000 
1.002024371e+000 1.000093987e+000 
1.002165587e+000 1.000095666e+000 
1.001938000e+000 1.000093934e+000 
1.002231893e+000 1.000096079e+000 
1.002196530e+000 1.000096077e+000 
1.002045499e+000 1.000094009e+000 
1.002106116e+000 1.000094028e+000 
1.002072648e+000 1.000094011e+000 
1.002141479e+000 1.000094030e+000 
1.001989008e+000 1.000093985e+000 
1.002154636e+000 1.000094246e+000 
1.030915999e+000 1.014585469e+000 
1.032034849e+000 1.015016337e+000 
1.022597145e+000 1.012927305e+000 
1.018318734e+000 1.011927727e+000 
1.017818876e+000 1.011789768e+000 
1.020058946e+000 1.012382173e+000 
1.019100611e+000 1.012126214e+000 
1.017755433e+000 1.011776650e+000 
1.029240790e+000 1.014439302e+000 
1.020296522e+000 1.012450335e+000 
1.020001916e+000 1.012302931e+000 
1.025082963e+000 1.013590343e+000 
1.031022565e+000 1.014811327e+000 
1.020249988e+000 1.012444740e+000 
1.028206778e+000 1.014236564e+000 
1.022651259e+000 1.012929206e+000 
1.031775326e+000 1.014961932e+000 
1.017228022e+000 1.011508615e+000 
1.029247019e+000 1.014483569e+000 
1.021386456e+000 1.012721074e+000 
1.027559898e+000 1.014111509e+000 
1.028351060e+000 1.014262586e+000 
1.024197298e+000 1.013354093e+000 
1.022285656e+000 1.012887906e+000 
1.028801255e+000 1.014379700e+000 
1.024605947e+000 1.013485503e+000 
1.027628214e+000 1.014165679e+000 
1.028312658e+000 1.014262114e+000 
1.023689025e+000 1.013203243e+000 
1.023449677e+000 1.013190492e+000 
1.023416795e+000 1.013175529e+000 
1.009159830e+000 1.002823342e+000 
1.007900153e+000 1.002660840e+000 
1.008216806e+000 1.002699905e+000 
1.009596226e+000 1.002865950e+000 
1.009815365e+000 1.002901430e+000 
1.010728062e+000 1.002983266e+000 
1.008757009e+000 1.002750879e+000 
1.008593500e+000 1.002750355e+000 
1.008999674e+000 1.002791009e+000 
1.009494692e+000 1.002862937e+000 
1.009949518e+000 1.002903990e+000 
1.010294188e+000 1.002941647e+000 
1.009673813e+000 1.002868403e+000 
1.007708890e+000 1.002588337e+000 
1.007894154e+000 1.002660310e+000 
1.008486690e+000 1.002739025e+000 
1.008184172e+000 1.002699430e+000 
1.009109896e+000 1.002793937e+000 
1.000104095e+000 1.000001621e+000 
1.000047196e+000 1.000000868e+000 
1.000099222e+000 1.000001262e+000 
1.000082310e+000 1.000001258e+000 
1.000063366e+000 1.000001189e+000 
1.000041581e+000 1.000000826e+000 
1.000069512e+000 1.000001233e+000 
1.000047727e+000 1.000000870e+000 
1.000102203e+000 1.000001314e+000 
1.000030529e+000 1.000000462e+000 
1.000008536e+000 1.000000039e+000 
1.000000000e+000 1.000000000e+000 
1.000019567e+000 1.000000424e+000 
1.007172479e+000 1.002354356e+000 
1.007497445e+000 1.002408413e+000 
1.007636765e+000 1.002439624e+000 
1.006973560e+000 1.002319063e+000 
1.006953431e+000 1.002297152e+000 
1.007026713e+000 1.002322883e+000 
1.006815377e+000 1.002287185e+000 
1.006596807e+000 1.002214377e+000 
1.006686037e+000 1.002254376e+000 
1.007020267e+000 1.002322621e+000 
1.006047107e+000 1.001420363e+000 
1.005798927e+000 1.001407217e+000 
1.005021855e+000 1.001352343e+000 
1.006548491e+000 1.001446963e+000 
1.004672944e+000 1.001322691e+000 
1.005501946e+000 1.001389934e+000 
1.004362823e+000 1.001286770e+000 
1.004745789e+000 1.001325869e+000 
1.006312583e+000 1.001434293e+000 
1.004947165e+000 1.001339636e+000 
1.005985988e+000 1.001419996e+000 
1.006240540e+000 1.001429204e+000 
1.006251463e+000 1.001433926e+000 
1.006153057e+000 1.001421284e+000 
1.006442992e+000 1.001438122e+000 
1.006326790e+000 1.001436166e+000 
1.004834794e+000 1.001339564e+000 
1.005587487e+000 1.001391998e+000 
1.004142844e+000 1.001237135e+000 
1.005135012e+000 1.001358044e+000 
1.004807421e+000 1.001335127e+000 
1.005089114e+000 1.001357022e+000 
1.004620360e+000 1.001322348e+000 
1.004588299e+000 1.001317367e+000 
1.004330762e+000 1.001281790e+000 
1.004488615e+000 1.001303576e+000 
1.004429875e+000 1.001299703e+000 
1.004328357e+000 1.001280979e+000 
1.004585894e+000 1.001316557e+000 
1.001105692e+000 1.000073990e+000 
1.038708733e+000 1.077606565e+000 
1.034130013e+000 1.075228826e+000 
1.032178374e+000 1.073794329e+000 
1.041181911e+000 1.079111142e+000 
1.044156480e+000 1.080270703e+000 
1.034528447e+000 1.075747112e+000 
1.037076155e+000 1.076921346e+000 
1.038865222e+000 1.077828888e+000 
1.037997642e+000 1.077412060e+000 
1.042335063e+000 1.079630059e+000 
1.042322729e+000 1.079591105e+000 
1.041698299e+000 1.079269543e+000 
1.036725027e+000 1.076770982e+000 
1.037108043e+000 1.077072282e+000 
1.040541462e+000 1.078786023e+000 
1.032558002e+000 1.074057243e+000 
1.041169578e+000 1.079072119e+000 
1.033890933e+000 1.074984031e+000 
1.034216170e+000 1.075440621e+000 
1.033888450e+000 1.074972941e+000 
1.034043895e+000 1.075227711e+000 
1.033511958e+000 1.074857264e+000 
1.036962542e+000 1.076910864e+000 
1.037507889e+000 1.077163978e+000 
1.041037611e+000 1.078935523e+000 
1.044584792e+000 1.140957557e+000 
1.044534464e+000 1.140896659e+000 
1.045665323e+000 1.141604947e+000 
1.045152790e+000 1.141380708e+000 
1.046295210e+000 1.142071012e+000 
1.051865914e+000 1.145441711e+000 
1.048302198e+000 1.143356834e+000 
1.049605147e+000 1.144135333e+000 
1.049932637e+000 1.144354820e+000 
1.050554915e+000 1.144639557e+000 
1.050440216e+000 1.144628654e+000 
1.045540520e+000 1.141585178e+000 
1.050195326e+000 1.144474333e+000 
1.052045323e+000 1.145510542e+000 
1.051641948e+000 1.145254566e+000 
1.046410319e+000 1.142151356e+000 
1.046570127e+000 1.142266642e+000 
1.047953153e+000 1.143165875e+000 
1.098076440e+000 1.935212361e+000 
1.136487731e+000 1.947869682e+000 
1.189737940e+000 1.960784763e+000 
1.189725602e+000 1.960612737e+000 
1.058126552e+000 1.913616874e+000 
1.114380050e+000 1.941237084e+000 
1.225669488e+000 1.966641384e+000 
1.059246539e+000 1.914523167e+000 
1.075202291e+000 1.924820728e+000 
1.063676947e+000 1.917945981e+000 
1.084295341e+000 1.929496834e+000 
1.085856604e+000 1.930289109e+000 
1.113627159e+000 1.941025534e+000 
1.057977554e+000 1.913183167e+000 
1.073717912e+000 1.924023167e+000 
1.225959826e+000 1.966709650e+000 
1.246671735e+000 1.968966846e+000 
1.095818226e+000 1.934622978e+000 
1.220953942e+000 1.965788517e+000 
1.217123818e+000 1.965409497e+000 
1.155823868e+000 1.953001213e+000 
1.171998574e+000 1.956878697e+000 
1.065635830e+000 1.919552709e+000 
1.084698046e+000 1.929686478e+000 
1.283049487e+000 1.973019448e+000 
1.280503652e+000 1.972781725e+000 
1.172613078e+000 1.957051903e+000 
1.058080579e+000 1.913342156e+000 
1.062678475e+000 1.917536457e+000 
1.221653858e+000 1.965882000e+000 
1.254289871e+000 1.969519658e+000 
1.132992880e+000 1.946959518e+000 
1.064223249e+000 1.918316996e+000 
1.066664109e+000 1.919899360e+000 
1.071416030e+000 1.922955945e+000 
1.069472308e+000 1.921752344e+000 
1.069711065e+000 1.921912717e+000 
1.167124893e+000 1.955916934e+000 
1.076612927e+000 1.925683475e+000 
1.124896920e+000 1.944521409e+000 
1.228023234e+000 1.966899656e+000 
1.065338529e+000 1.919307393e+000 
1.095269609e+000 1.934323694e+000 
1.141155760e+000 1.949171887e+000 
1.260701552e+000 1.970397798e+000 
1.082740740e+000 1.928822616e+000 
1.111223543e+000 1.940300590e+000 
1.142043278e+000 1.949299416e+000 
1.124980831e+000 1.944549316e+000 
1.064997546e+000 1.918991932e+000 
1.287981814e+000 1.973347922e+000 
1.063132522e+000 1.917905437e+000 
1.107414078e+000 1.938977170e+000 
1.061362162e+000 1.916531861e+000 
1.127742751e+000 1.945389347e+000 
1.060718369e+000 1.915889070e+000 
1.076435073e+000 1.925546637e+000 
1.057698490e+000 1.912783629e+000 
1.077126461e+000 1.925916153e+000 
1.256414479e+000 1.970025212e+000 
1.085273672e+000 1.929813525e+000 
1.157725185e+000 1.953384077e+000 
1.070911201e+000 1.922551192e+000 
1.070556865e+000 1.922350626e+000 
1.076038587e+000 1.925268044e+000 
1.085562062e+000 1.930035870e+000 
1.093576623e+000 1.933697667e+000 
1.110963199e+000 1.940228486e+000 
1.275866173e+000 1.972532805e+000 
1.108746786e+000 1.939490327e+000 
1.271207994e+000 1.971836615e+000 
1.081297643e+000 1.928070294e+000 
1.095903114e+000 1.934680223e+000 
1.070545574e+000 1.922337687e+000 
1.079183517e+000 1.926932755e+000 
1.137608597e+000 1.948291125e+000 
1.084590327e+000 1.929637665e+000 
1.092240681e+000 1.933153931e+000 
1.255079275e+000 1.969631661e+000 
1.060793909e+000 1.915977060e+000 
1.077061879e+000 1.925830549e+000 
1.142214288e+000 1.949332560e+000 
1.092523096e+000 1.933277100e+000 
1.101346215e+000 1.936575477e+000 
1.189670986e+000 1.960585438e+000 
1.142319085e+000 1.949546097e+000 
1.078029153e+000 1.926288560e+000 
1.097765229e+000 1.935204558e+000 
1.281716023e+000 1.972953763e+000 
1.059368411e+000 1.914693369e+000 
1.109477596e+000 1.939704224e+000 
1.174030985e+000 1.957329782e+000 
1.110299086e+000 1.940009520e+000 
1.141660633e+000 1.949228312e+000 
1.114068814e+000 1.941117679e+000 
1.106318823e+000 1.938398113e+000 
1.248933834e+000 1.969143702e+000 
1.066574699e+000 1.919889123e+000 
1.135822602e+000 1.947762295e+000 
1.115442460e+000 1.941621773e+000 
1.082161660e+000 1.928440747e+000 
1.113335679e+000 1.940883033e+000 
1.090471454e+000 1.932380357e+000 
1.102362487e+000 1.936922286e+000 
1.122425902e+000 1.943755778e+000 
1.095370393e+000 1.934357969e+000 
1.089202893e+000 1.931846468e+000 
1.080905851e+000 1.927785246e+000 
1.087839418e+000 1.931223513e+000 
1.247776215e+000 1.968995327e+000 
1.130981326e+000 1.946295689e+000 
1.121934584e+000 1.943666044e+000 
1.118484327e+000 1.942430683e+000 
1.130139670e+000 1.945949031e+000 
1.120733432e+000 1.943279304e+000 
1.084134056e+000 1.929422695e+000 
1.103465202e+000 1.937341673e+000 
1.162399855e+000 1.954781030e+000 
1.126229530e+000 1.945007594e+000 
1.113085228e+000 1.940778782e+000 
1.116152774e+000 1.941825634e+000 
1.087065028e+000 1.930765299e+000 
1.147896590e+000 1.951017934e+000 
1.105862087e+000 1.938349865e+000 
1.098803115e+000 1.935665783e+000 
1.087500494e+000 1.931032428e+000 
1.260243349e+000 1.970264286e+000 
1.112020180e+000 1.940466008e+000 
1.117685472e+000 1.942139486e+000 
1.084816478e+000 1.929735023e+000 
1.151353624e+000 1.951995130e+000 
1.138705895e+000 1.948558678e+000 
1.142881005e+000 1.949615429e+000 
1.153382078e+000 1.952545430e+000 
1.168245678e+000 1.956275903e+000 
1.184286441e+000 1.959668135e+000 
1.177114452e+000 1.958144368e+000 
1.160884496e+000 1.954436255e+000 
1.169110418e+000 1.956406629e+000 
1.163047214e+000 1.954896890e+000 
1.185361858e+000 1.959960954e+000 
1.174304182e+000 1.957386304e+000 
1.173347636e+000 1.957213710e+000 
1.165865746e+000 1.955617447e+000 
1.167449940e+000 1.956086247e+000 
1.181196443e+000 1.959276687e+000 
1.085299818e+000 1.929880746e+000 
1.140604964e+000 1.949094194e+000 
1.129685787e+000 1.945892160e+000 
1.244317236e+000 1.968874760e+000 
1.193772202e+000 1.961418713e+000 
1.139765841e+000 1.948798181e+000 
1.185471758e+000 1.959979432e+000 
1.213962033e+000 1.965020888e+000 
1.221927017e+000 1.965924608e+000 
1.138660825e+000 1.948466673e+000 
1.249695918e+000 1.969318001e+000 
1.274462150e+000 1.972417379e+000 
1.142911460e+000 1.949628561e+000 
1.160158823e+000 1.954215617e+000 
1.158276124e+000 1.953626733e+000 
1.190759972e+000 1.960964547e+000 
1.214440831e+000 1.965080362e+000 
1.251491458e+000 1.969518706e+000 
1.263342037e+000 1.970726976e+000 
1.171460050e+000 1.956832111e+000 
1.144117454e+000 1.950052348e+000 
1.289823468e+000 1.973546219e+000 
1.179508288e+000 1.958501569e+000 
1.144727462e+000 1.950214397e+000 
1.197568630e+000 1.962024345e+000 
1.277670541e+000 1.972726007e+000 
1.206535523e+000 1.963583952e+000 
1.232063339e+000 1.967431430e+000 
1.198000143e+000 1.962138608e+000 
1.198917703e+000 1.962276317e+000 
1.197818610e+000 1.962082253e+000 
1.233615003e+000 1.967694031e+000 
1.199275601e+000 1.962491989e+000 
1.208860561e+000 1.964035138e+000 
1.207437436e+000 1.963671547e+000 
1.204138976e+000 1.963122459e+000 
1.195623068e+000 1.961600726e+000 
1.195643232e+000 1.961663725e+000 
1.207850815e+000 1.964025268e+000 
1.265858242e+000 1.970846488e+000 
1.000288041e+000 1.000003468e+000 
1.000162772e+000 1.000002300e+000 
1.000127417e+000 1.000002279e+000 
1.000261979e+000 1.000003085e+000 
1.000177490e+000 1.000002783e+000 
1.000108685e+000 1.000001926e+000 
1.000281816e+000 1.000003134e+000 
1.015256993e+000 1.010976528e+000 
1.017368254e+000 1.011687667e+000 
1.019390974e+000 1.012179974e+000 
1.015984251e+000 1.011271330e+000 
1.016768614e+000 1.011504446e+000 
1.016365488e+000 1.011403486e+000 
1.027011361e+000 1.013865315e+000 
1.016486527e+000 1.011418046e+000 
1.018554625e+000 1.011953150e+000 
1.014515724e+000 1.010675077e+000 
1.015738455e+000 1.011128635e+000 
1.030609090e+000 1.014538966e+000 
1.026003994e+000 1.013631683e+000 
1.021803730e+000 1.012757034e+000 
1.017741867e+000 1.011747045e+000 
1.018093773e+000 1.011820540e+000 
1.016551654e+000 1.011457139e+000 
1.026731222e+000 1.013791848e+000 
1.020056949e+000 1.012309258e+000 
1.014704367e+000 1.010808457e+000 
1.027068062e+000 1.013876744e+000 
1.023964436e+000 1.013235485e+000 
1.022693672e+000 1.012944161e+000 
1.011580239e+000 1.005659090e+000 
1.012677948e+000 1.005837615e+000 
1.011108709e+000 1.005512035e+000 
1.012528686e+000 1.005833592e+000 
1.012975635e+000 1.005917046e+000 
1.011965522e+000 1.005697548e+000 
1.011576825e+000 1.005617267e+000 
1.012249765e+000 1.005773392e+000 
1.013846637e+000 1.006068646e+000 
1.011661591e+000 1.005662896e+000 
1.011765355e+000 1.005680053e+000 
1.012996455e+000 1.005919585e+000 
1.012130951e+000 1.005759702e+000 
1.012815903e+000 1.005853673e+000 
1.054977974e+000 1.338075762e+000 
1.057445775e+000 1.339660226e+000 
1.057315784e+000 1.339497630e+000 
1.052853417e+000 1.336464871e+000 
1.053260075e+000 1.336868638e+000 
1.052095020e+000 1.335864597e+000 
1.055110962e+000 1.338162998e+000 
1.053610754e+000 1.337166229e+000 
1.004140485e+000 1.000408067e+000 
1.002386149e+000 1.000333230e+000 
1.002506077e+000 1.000334197e+000 
1.003191279e+000 1.000373165e+000 
1.002313694e+000 1.000325396e+000 
1.003245646e+000 1.000373510e+000 
1.002929395e+000 1.000359871e+000 
1.003111408e+000 1.000366965e+000 
1.003454236e+000 1.000386227e+000 
1.002247884e+000 1.000324591e+000 
1.002253380e+000 1.000324601e+000 
1.003905826e+000 1.000400820e+000 
1.003348380e+000 1.000379918e+000 
1.004034629e+000 1.000401759e+000 
1.004021134e+000 1.000401758e+000 
1.004103246e+000 1.000402023e+000 
1.003166366e+000 1.000372824e+000 
1.003256327e+000 1.000373750e+000 
1.002746940e+000 1.000347602e+000 
1.003444160e+000 1.000380646e+000 
1.002733444e+000 1.000347601e+000 
1.003403500e+000 1.000380183e+000 
1.003799409e+000 1.000394400e+000 
1.003665172e+000 1.000387855e+000 
1.003042232e+000 1.000366589e+000 
1.003443600e+000 1.000380534e+000 
1.002802759e+000 1.000353613e+000 
1.003015560e+000 1.000366143e+000 
1.002860218e+000 1.000359495e+000 
1.002681263e+000 1.000347090e+000 
1.003035933e+000 1.000366430e+000 
1.002856978e+000 1.000354025e+000 
1.002974109e+000 1.000360286e+000 
1.003031568e+000 1.000366168e+000 
1.002852613e+000 1.000353763e+000 
1.301240083e+000 1.976323310e+000 
1.369057975e+000 1.986701415e+000 
1.302610520e+000 1.976573095e+000 
1.712976730e+000 2.000000000e+000 
1.301868751e+000 1.976453286e+000 
1.312101257e+000 1.978287140e+000 
1.352974597e+000 1.984629702e+000 
1.309982799e+000 1.978094777e+000 
1.303142718e+000 1.976575388e+000 
1.305412949e+000 1.977558731e+000 
1.308193252e+000 1.977848826e+000 
1.310534841e+000 1.978205603e+000 
1.317285151e+000 1.979418518e+000 
1.312310491e+000 1.978971269e+000 
1.313083950e+000 1.979070874e+000 
1.333609920e+000 1.982052185e+000 
1.308643431e+000 1.977903298e+000 
1.318770464e+000 1.979656923e+000 
1.334377917e+000 1.982400233e+000 
1.331941856e+000 1.981778833e+000 
1.303154011e+000 1.976620740e+000 
1.323172297e+000 1.980187517e+000 
1.419228459e+000 1.991422655e+000 
1.290702307e+000 1.973563935e+000 
1.307691054e+000 1.977590261e+000 
1.303542961e+000 1.976888810e+000 
1.308928230e+000 1.977903535e+000 
1.316070990e+000 1.979302360e+000 
1.300785557e+000 1.975807753e+000 
1.319937703e+000 1.979746108e+000 
1.362169740e+000 1.986190237e+000 
1.322417044e+000 1.980041657e+000 
1.317336183e+000 1.979531604e+000 
1.321011945e+000 1.979963721e+000 
1.338755324e+000 1.983073381e+000 
1.328270883e+000 1.981285953e+000 
1.359247921e+000 1.985718812e+000 
1.550793482e+000 1.997878357e+000 
1.611265022e+000 1.999066242e+000 
1.337488705e+000 1.982969419e+000 
1.359384042e+000 1.985755774e+000 
1.315967276e+000 1.979258075e+000 
1.360430206e+000 1.985888892e+000 
1.393569064e+000 1.989344915e+000 
1.360972682e+000 1.986053000e+000 
1.391611156e+000 1.989253610e+000 
1.562890134e+000 1.998256064e+000 
1.322652946e+000 1.980069870e+000 
1.584899442e+000 1.998657718e+000 
1.324494734e+000 1.980677107e+000 
1.389364119e+000 1.989032517e+000 
1.331022108e+000 1.981650326e+000 
1.325062417e+000 1.980725555e+000 
1.292041640e+000 1.973938447e+000 
1.333985005e+000 1.982246149e+000 
1.326101465e+000 1.980802759e+000 
1.326951697e+000 1.980813268e+000 
1.327421164e+000 1.981036861e+000 
1.385137202e+000 1.988556215e+000 
1.384178272e+000 1.988524224e+000 
1.336739210e+000 1.982847067e+000 
1.292683620e+000 1.974102071e+000 
1.322332145e+000 1.980041511e+000 
1.334666697e+000 1.982562072e+000 
1.390694485e+000 1.989216697e+000 
1.617506194e+000 1.999128224e+000 
1.389874480e+000 1.989088161e+000 
1.506495446e+000 1.996642308e+000 
1.390579325e+000 1.989125525e+000 
1.385314651e+000 1.988803009e+000 
1.362422702e+000 1.986246404e+000 
1.337839025e+000 1.983002947e+000 
1.387793067e+000 1.988960398e+000 
1.532968067e+000 1.997496962e+000 
1.357249278e+000 1.985291975e+000 
1.347824245e+000 1.984426914e+000 
1.386827765e+000 1.988920444e+000 
1.353607971e+000 1.984985244e+000 
1.638259498e+000 1.999528230e+000 
1.354891355e+000 1.985025645e+000 
1.637846409e+000 1.999505310e+000 
1.650173941e+000 1.999711475e+000 
1.369203520e+000 1.986883826e+000 
1.636601732e+000 1.999490714e+000 
1.372194504e+000 1.987279185e+000 
1.649046385e+000 1.999677343e+000 
1.342138865e+000 1.983650459e+000 
1.440806585e+000 1.993184169e+000 
1.495538056e+000 1.996347255e+000 
1.487294713e+000 1.995871068e+000 
1.494783264e+000 1.996277349e+000 
1.364321805e+000 1.986450543e+000 
1.475840904e+000 1.995228058e+000 
1.343520822e+000 1.983874062e+000 
1.477224008e+000 1.995359234e+000 
1.488707867e+000 1.995934210e+000 
1.296963529e+000 1.975088055e+000 
1.300586433e+000 1.975728537e+000 
1.293224220e+000 1.974365652e+000 
1.294918052e+000 1.974913002e+000 
1.380833647e+000 1.988143862e+000 
1.430714669e+000 1.992479297e+000 
1.298916780e+000 1.975669641e+000 
1.441411801e+000 1.993225558e+000 
1.381791883e+000 1.988286512e+000 
1.384284625e+000 1.988539045e+000 
1.293752006e+000 1.974398066e+000 
1.294264976e+000 1.974556871e+000 
1.689692206e+000 1.999905187e+000 
1.689174060e+000 1.999839744e+000 
1.383337205e+000 1.988396126e+000 
1.669400062e+000 1.999766707e+000 
1.296633515e+000 1.975076727e+000 
1.341286952e+000 1.983480252e+000 
1.371595752e+000 1.986968716e+000 
1.370154580e+000 1.986896063e+000 
1.349055495e+000 1.984550149e+000 
1.290837092e+000 1.973655920e+000 
1.291155501e+000 1.973798734e+000 
1.292446842e+000 1.974018978e+000 
1.427157229e+000 1.992325130e+000 
1.296154474e+000 1.975062757e+000 
1.342836639e+000 1.983654590e+000 
1.345716447e+000 1.984082733e+000 
1.346359167e+000 1.984309985e+000 
1.707287843e+000 1.999963327e+000 
1.349338439e+000 1.984579377e+000 
1.703347348e+000 1.999962048e+000 
1.394248839e+000 1.989538961e+000 
1.346798772e+000 1.984361066e+000 
1.298242467e+000 1.975557000e+000 
1.297430700e+000 1.975222176e+000 
1.343272697e+000 1.983745651e+000 
1.395292852e+000 1.989543145e+000 
1.396123474e+000 1.989653273e+000 
1.656137807e+000 1.999716557e+000 
1.333788736e+000 1.982085025e+000 
1.358573121e+000 1.985475432e+000 
1.630267906e+000 1.999432094e+000 
1.470432666e+000 1.994952346e+000 
1.625834632e+000 1.999396881e+000 
1.416632776e+000 1.991380489e+000 
1.630925833e+000 1.999451709e+000 
1.627879495e+000 1.999430276e+000 
1.375963355e+000 1.987595431e+000 
1.433535365e+000 1.992839066e+000 
1.473046475e+000 1.995061413e+000 
1.470537321e+000 1.995025886e+000 
1.330498416e+000 1.981582953e+000 
1.437744373e+000 1.993090589e+000 
1.462632051e+000 1.994671911e+000 
1.395385327e+000 1.989547339e+000 
1.466590394e+000 1.994862568e+000 
1.457546062e+000 1.994513658e+000 
1.464176252e+000 1.994717633e+000 
1.428193265e+000 1.992336590e+000 
1.426680815e+000 1.992321399e+000 
1.411683587e+000 1.991120930e+000 
1.437080012e+000 1.993016252e+000 
1.428699093e+000 1.992387780e+000 
1.329649702e+000 1.981561521e+000 
1.415145994e+000 1.991341945e+000 
1.444656603e+000 1.993571419e+000 
1.453764952e+000 1.994059170e+000 
1.515801853e+000 1.996907347e+000 
1.621140067e+000 1.999291546e+000 
1.446375957e+000 1.993738145e+000 
1.433332565e+000 1.992761967e+000 
1.494687316e+000 1.996207076e+000 
1.624638514e+000 1.999355575e+000 
1.403789471e+000 1.990287220e+000 
1.442170674e+000 1.993379999e+000 
1.656567901e+000 1.999759132e+000 
1.447324645e+000 1.993802480e+000 
1.400848497e+000 1.990007457e+000 
1.401934146e+000 1.990188609e+000 
1.421956915e+000 1.991811852e+000 
1.422891016e+000 1.992020497e+000 
1.422107301e+000 1.991878905e+000 
1.527080899e+000 1.997267925e+000 
1.407683230e+000 1.990778420e+000 
1.425630795e+000 1.992225048e+000 
1.702400438e+000 1.999938805e+000 
1.406757314e+000 1.990542096e+000 
1.405787292e+000 1.990414404e+000 
1.412679740e+000 1.991192129e+000 
1.697519147e+000 1.999930163e+000 
1.624097118e+000 1.999352063e+000 
1.639898428e+000 1.999627160e+000 
1.400336145e+000 1.989921041e+000 
1.702497643e+000 1.999945137e+000 
1.472220207e+000 1.995054926e+000 
1.698614165e+000 1.999936871e+000 
1.479836945e+000 1.995453735e+000 
1.485254591e+000 1.995847623e+000 
1.465642521e+000 1.994741915e+000 
1.467977938e+000 1.994897843e+000 
1.696420374e+000 1.999915185e+000 
1.645261512e+000 1.999674840e+000 
1.508382395e+000 1.996717680e+000 
1.503383939e+000 1.996482380e+000 
1.469100257e+000 1.994938129e+000 
1.688486730e+000 1.999831781e+000 
1.371202285e+000 1.986923172e+000 
1.688433761e+000 1.999809512e+000 
1.685511059e+000 1.999803944e+000 
1.500417585e+000 1.996403871e+000 
1.682347831e+000 1.999784593e+000 
1.490361597e+000 1.995992972e+000 
1.493210381e+000 1.996076160e+000 
1.493706992e+000 1.996150274e+000 
1.379121834e+000 1.987888596e+000 
1.374871186e+000 1.987431585e+000 
1.378144945e+000 1.987805366e+000 
1.406135280e+000 1.990421546e+000 
1.597245503e+000 1.998866136e+000 
1.602274312e+000 1.998917724e+000 
1.586508752e+000 1.998711700e+000 
1.556338701e+000 1.998168385e+000 
1.550814072e+000 1.998082829e+000 
1.576136802e+000 1.998601138e+000 
1.587236607e+000 1.998745942e+000 
1.577519293e+000 1.998627238e+000 
1.554731552e+000 1.998088187e+000 
1.585472272e+000 1.998671133e+000 
1.569139092e+000 1.998498941e+000 
1.568709836e+000 1.998441387e+000 
1.481172697e+000 1.995543107e+000 
1.568449135e+000 1.998360582e+000 
1.600622276e+000 1.998899739e+000 
1.481031586e+000 1.995471818e+000 
1.512411406e+000 1.996902939e+000 
1.563575341e+000 1.998320914e+000 
1.567865388e+000 1.998347211e+000 
1.566073302e+000 1.998345299e+000 
1.598779101e+000 1.998895213e+000 
1.614071107e+000 1.999067320e+000 
1.595534240e+000 1.998847602e+000 
1.588997672e+000 1.998776728e+000 
1.541320619e+000 1.997787903e+000 
1.563505211e+000 1.998296962e+000 
1.519209020e+000 1.997122290e+000 
1.516051564e+000 1.997057831e+000 
1.528690017e+000 1.997393040e+000 
1.544320915e+000 1.997860825e+000 
1.608261110e+000 1.999031594e+000 
1.541973488e+000 1.997850211e+000 
1.521995429e+000 1.997191680e+000 
1.614230651e+000 1.999116347e+000 
1.500255866e+000 1.996373151e+000 
1.606654486e+000 1.998994541e+000 
1.541205074e+000 1.997765472e+000 
1.530282186e+000 1.997411389e+000 
1.541697667e+000 1.997800684e+000 
1.528380127e+000 1.997367255e+000 
1.538588426e+000 1.997758183e+000 
1.517153661e+000 1.997113204e+000 
1.519817660e+000 1.997187288e+000 
1.517049162e+000 1.997080653e+000 
1.536388722e+000 1.997586603e+000 
1.478136441e+000 1.995361954e+000 
1.510757685e+000 1.996780225e+000 

