1.010919365e+000 1.853409614e+000 
1.066683928e+000 1.926353476e+000 
1.005558957e+000 1.840028328e+000 
1.073101671e+000 1.931496508e+000 
1.015997267e+000 1.863838657e+000 
1.027655352e+000 1.885809966e+000 
1.006049931e+000 1.841406991e+000 
1.006557470e+000 1.842332929e+000 
1.004606192e+000 1.837543828e+000 
1.052910831e+000 1.914346239e+000 
1.043923205e+000 1.905604648e+000 
1.036979930e+000 1.897683190e+000 
1.051796234e+000 1.913180464e+000 
1.050194722e+000 1.911727641e+000 
1.087360539e+000 1.941805056e+000 
1.049014047e+000 1.910422082e+000 
1.108688300e+000 1.954033760e+000 
1.040952078e+000 1.901725008e+000 
1.122419849e+000 1.960410220e+000 
1.140513695e+000 1.966349872e+000 
1.078014332e+000 1.934908814e+000 
1.036921610e+000 1.897414101e+000 
1.032726607e+000 1.892232712e+000 
1.048440366e+000 1.909769870e+000 
1.006920621e+000 1.843638134e+000 
1.020682333e+000 1.873392152e+000 
1.001196275e+000 1.821123001e+000 
1.075458515e+000 1.933336944e+000 
1.003488901e+000 1.833299282e+000 
1.110063671e+000 1.954840879e+000 
1.002529084e+000 1.829011622e+000 
1.033821769e+000 1.893177224e+000 
1.002711972e+000 1.829485229e+000 
1.120931481e+000 1.959748284e+000 
1.061588820e+000 1.921988226e+000 
1.065767467e+000 1.926179070e+000 
1.020160133e+000 1.872988197e+000 
1.007452214e+000 1.845423139e+000 
1.011272579e+000 1.854321257e+000 
1.008364361e+000 1.847501297e+000 
1.070422034e+000 1.929668127e+000 
1.007376550e+000 1.843986166e+000 
1.025926207e+000 1.882842026e+000 
1.135169951e+000 1.964757427e+000 
1.127917314e+000 1.962560067e+000 
1.031571504e+000 1.890778140e+000 
1.088735909e+000 1.942612174e+000 
1.088545386e+000 1.942169651e+000 
1.129788693e+000 1.963992231e+000 
1.126009268e+000 1.961900963e+000 
1.011109060e+000 1.853416303e+000 
1.118920883e+000 1.959084825e+000 
1.026994427e+000 1.885403601e+000 
1.008088272e+000 1.846529905e+000 
1.059179897e+000 1.919431081e+000 
1.046386499e+000 1.908321782e+000 
1.005230398e+000 1.838602998e+000 
1.008001210e+000 1.846196091e+000 
1.049423536e+000 1.910713071e+000 
1.054145438e+000 1.915860155e+000 
1.045406116e+000 1.906267316e+000 
1.016411268e+000 1.865433322e+000 
1.136195138e+000 1.965053630e+000 
1.018901383e+000 1.869755109e+000 
1.052346472e+000 1.913357354e+000 
1.053484512e+000 1.914998451e+000 
1.009199944e+000 1.849438564e+000 
1.013547336e+000 1.859823232e+000 
1.033160844e+000 1.892392841e+000 
1.005932811e+000 1.840123004e+000 
1.029244692e+000 1.887802685e+000 
1.047047425e+000 1.908815045e+000 
1.001752154e+000 1.825197570e+000 
1.067430631e+000 1.927065378e+000 
1.025625934e+000 1.882401598e+000 
1.049980556e+000 1.911277125e+000 
1.001828328e+000 1.827682070e+000 
1.018982507e+000 1.869870354e+000 
1.002502077e+000 1.828675586e+000 
1.062031454e+000 1.922770036e+000 
1.013383817e+000 1.858918278e+000 
1.001427390e+000 1.823420980e+000 
1.106738687e+000 1.953166886e+000 
1.023034228e+000 1.878207056e+000 
1.014314139e+000 1.861283801e+000 
1.015425289e+000 1.863641442e+000 
1.009726971e+000 1.850925114e+000 
1.004313091e+000 1.836589059e+000 
1.044681138e+000 1.906134765e+000 
1.024133080e+000 1.879926884e+000 
1.018914443e+000 1.869856537e+000 
1.016908658e+000 1.866607249e+000 
1.005512420e+000 1.838924508e+000 
1.060730576e+000 1.921068828e+000 
1.023806492e+000 1.879006140e+000 
1.021583171e+000 1.875408988e+000 
1.021653665e+000 1.875562773e+000 
1.011905254e+000 1.855737646e+000 
1.011474701e+000 1.854940539e+000 
1.014999542e+000 1.862629509e+000 
1.016077725e+000 1.864379821e+000 
1.030399794e+000 1.889257258e+000 
1.012886427e+000 1.857744351e+000 
1.055492132e+000 1.916345326e+000 
1.012564877e+000 1.857207427e+000 
1.048394119e+000 1.909668658e+000 
1.013950988e+000 1.859978596e+000 
1.012096970e+000 1.857172344e+000 
1.049628726e+000 1.910814132e+000 
1.014044725e+000 1.860997159e+000 
1.017827405e+000 1.868415782e+000 
1.019522108e+000 1.871527628e+000 
1.019712259e+000 1.871672323e+000 
1.024470832e+000 1.880947026e+000 
1.045812818e+000 1.907669571e+000 
1.023576713e+000 1.878719499e+000 
1.009822213e+000 1.851670369e+000 
1.019930353e+000 1.872701555e+000 
1.022733955e+000 1.877766629e+000 
1.013233379e+000 1.858854673e+000 
1.123484323e+000 1.961280427e+000 
1.009014532e+000 1.848913973e+000 
1.006740492e+000 1.842879400e+000 
1.040291152e+000 1.901231745e+000 
1.002788145e+000 1.831969729e+000 
1.004149810e+000 1.835906088e+000 
1.003786659e+000 1.834739836e+000 
1.070093481e+000 1.929343830e+000 
1.051010358e+000 1.912325115e+000 
1.002696963e+000 1.829377442e+000 
1.016575115e+000 1.865553748e+000 
1.014627359e+000 1.861728933e+000 
1.017692865e+000 1.867641763e+000 
1.010653230e+000 1.853230337e+000 
1.016844528e+000 1.865840389e+000 
1.020849101e+000 1.874510087e+000 
1.021310917e+000 1.875345838e+000 
1.021048104e+000 1.874789570e+000 
1.008817390e+000 1.847970931e+000 
1.003656781e+000 1.833665102e+000 
1.026331002e+000 1.883185254e+000 
1.009630497e+000 1.850235671e+000 
1.048237740e+000 1.909078502e+000 
1.046378586e+000 1.907848000e+000 
1.041908520e+000 1.902830397e+000 
1.062774584e+000 1.922801397e+000 
1.012039382e+000 1.855781826e+000 
1.034289947e+000 1.894096019e+000 
1.041885097e+000 1.902486734e+000 
1.064996279e+000 1.924632509e+000 
1.032248691e+000 1.891164095e+000 
1.006995833e+000 1.843785398e+000 
1.029738869e+000 1.888472874e+000 
1.027849256e+000 1.885998751e+000 
1.041724268e+000 1.902365175e+000 
1.009497702e+000 1.850212239e+000 
1.017795579e+000 1.867752792e+000 
1.012870400e+000 1.857341794e+000 
1.008283231e+000 1.846983107e+000 
1.043040200e+000 1.903941306e+000 
1.037982568e+000 1.898563572e+000 
1.010328719e+000 1.851772207e+000 
1.039626833e+000 1.900010182e+000 
1.058840963e+000 1.919419552e+000 
1.057434896e+000 1.917684311e+000 
1.065083169e+000 1.925414319e+000 
1.042348119e+000 1.903537094e+000 
1.006427592e+000 1.841723701e+000 
1.068718111e+000 1.928536711e+000 
1.044488973e+000 1.905783077e+000 
1.064532910e+000 1.924360979e+000 
1.059435708e+000 1.919649658e+000 
1.049752647e+000 1.910863157e+000 
1.057577044e+000 1.918145852e+000 
1.059985967e+000 1.920702998e+000 
1.057985156e+000 1.918737650e+000 
1.032225269e+000 1.890820432e+000 
1.015932382e+000 1.863762231e+000 
1.028583766e+000 1.887018302e+000 
1.035306541e+000 1.895347277e+000 
1.039700579e+000 1.900360432e+000 
1.036082182e+000 1.895942944e+000 
1.077504362e+000 1.934822488e+000 
1.037391995e+000 1.897692259e+000 
1.025367443e+000 1.881815639e+000 
1.036260685e+000 1.896629718e+000 
1.037737220e+000 1.897945260e+000 
1.029715076e+000 1.888080843e+000 
1.033368456e+000 1.892567836e+000 
1.026056128e+000 1.883083610e+000 
1.025082677e+000 1.881731956e+000 
1.024183572e+000 1.880883876e+000 
1.026694153e+000 1.884544178e+000 
1.022409769e+000 1.877065666e+000 
1.026605452e+000 1.884169386e+000 
1.023047794e+000 1.878526235e+000 
1.007438938e+000 1.844631289e+000 
1.006644533e+000 1.842666742e+000 
1.000947616e+000 1.581202843e+000 
1.001051130e+000 1.584328130e+000 
1.000941049e+000 1.580714477e+000 
1.000335854e+000 1.066485432e+000 
1.000148177e+000 1.066033737e+000 
1.000069952e+000 1.003011374e+000 
9.999999998e-001 1.001214787e+000 
1.000622339e+000 1.574549099e+000 
1.000746630e+000 1.576261921e+000 
1.168923760e+000 1.974793027e+000 
1.089837781e+000 1.944691420e+000 
1.202435179e+000 1.982844458e+000 
1.059438300e+000 1.919969083e+000 
1.117836403e+000 1.958583348e+000 
1.260645061e+000 1.992375657e+000 
1.276906859e+000 1.994727135e+000 
1.247464449e+000 1.990425885e+000 
1.232852191e+000 1.987888308e+000 
1.247556935e+000 1.990432047e+000 
1.397233207e+000 1.999793805e+000 
1.182840402e+000 1.977989269e+000 
1.255872757e+000 1.992077726e+000 
1.073106759e+000 1.931697730e+000 
1.133932070e+000 1.964733809e+000 
1.099792841e+000 1.949973571e+000 
1.239679042e+000 1.989122388e+000 
1.283511510e+000 1.995870109e+000 
1.254069100e+000 1.991568858e+000 
1.227673006e+000 1.987457672e+000 
1.228600696e+000 1.987608269e+000 
1.239364355e+000 1.989025119e+000 
1.240147138e+000 1.989509948e+000 
1.066885565e+000 1.926736545e+000 
1.114751960e+000 1.956362034e+000 
1.225442394e+000 1.986966209e+000 
1.158950725e+000 1.972249288e+000 
1.083323487e+000 1.939709871e+000 
1.213803464e+000 1.985058368e+000 
1.179703679e+000 1.977571641e+000 
1.093414667e+000 1.946356705e+000 
1.115239804e+000 1.957380260e+000 
1.212968261e+000 1.984913933e+000 
1.142644641e+000 1.968170682e+000 
1.185963273e+000 1.979093783e+000 
1.198063357e+000 1.981972461e+000 
1.197674043e+000 1.981637522e+000 
1.190313058e+000 1.979998917e+000 
1.063672233e+000 1.924192806e+000 
1.190156603e+000 1.979886688e+000 
1.173855584e+000 1.976879873e+000 
1.406472266e+000 2.000000000e+000 
1.060765589e+000 1.921267959e+000 
1.151293176e+000 1.970832315e+000 
1.370992456e+000 1.999681125e+000 
1.140028936e+000 1.966274838e+000 
1.139150515e+000 1.966268676e+000 
1.189817086e+000 1.979780067e+000 
1.243639911e+000 1.989831918e+000 
1.069893427e+000 1.929153991e+000 
1.116663864e+000 1.957546509e+000 
1.212924694e+000 1.984767345e+000 
1.155234014e+000 1.971674501e+000 
1.104347328e+000 1.952104295e+000 
1.218339045e+000 1.985416026e+000 
1.223102024e+000 1.986552178e+000 
1.079337030e+000 1.936412858e+000 
1.064514964e+000 1.924215250e+000 
1.127550684e+000 1.962078422e+000 
1.283103395e+000 1.995864133e+000 
1.072108969e+000 1.931451673e+000 
1.161784100e+000 1.973849389e+000 
1.071419515e+000 1.930990181e+000 
1.133229902e+000 1.964495068e+000 
1.101655195e+000 1.951107948e+000 
1.150652536e+000 1.970613012e+000 
1.178370555e+000 1.977135784e+000 
1.076526111e+000 1.934664032e+000 
1.133262741e+000 1.964633265e+000 
1.095990705e+000 1.948155367e+000 
1.194359340e+000 1.980425571e+000 
1.184941400e+000 1.979037411e+000 
1.108942797e+000 1.954415577e+000 
1.221398196e+000 1.985773269e+000 
1.093121566e+000 1.946336342e+000 
1.237862980e+000 1.988611088e+000 
1.100985866e+000 1.951007404e+000 
1.276814516e+000 1.994430133e+000 
1.097280193e+000 1.948990399e+000 
1.103677999e+000 1.952003751e+000 
1.097408981e+000 1.949342118e+000 
1.107312565e+000 1.953693820e+000 
1.089544681e+000 1.944671056e+000 
1.070865585e+000 1.930468500e+000 
1.103052230e+000 1.951456313e+000 
1.104527969e+000 1.952910502e+000 
1.110916529e+000 1.956127376e+000 
1.138286427e+000 1.965686407e+000 
1.158719085e+000 1.972243313e+000 
1.063521702e+000 1.923902849e+000 
1.206070110e+000 1.982969310e+000 
1.218904408e+000 1.985428164e+000 
1.076047118e+000 1.934589900e+000 
1.130688552e+000 1.964394524e+000 
1.153086175e+000 1.971205972e+000 
1.197580243e+000 1.981569216e+000 
1.119629101e+000 1.959455781e+000 
1.089477999e+000 1.944222147e+000 
1.394339992e+000 1.999783446e+000 
1.250952653e+000 1.990584276e+000 
1.379633725e+000 1.999744108e+000 
1.154564684e+000 1.971573958e+000 
1.340165137e+000 1.999168826e+000 
1.246712312e+000 1.989868371e+000 
1.226493752e+000 1.987037666e+000 
1.141667022e+000 1.967884800e+000 
1.264052337e+000 1.992675047e+000 
1.147506815e+000 1.969599030e+000 
1.074468534e+000 1.933146206e+000 
1.075711918e+000 1.934129379e+000 
1.160096187e+000 1.973102849e+000 
1.095327724e+000 1.947790530e+000 
1.082937641e+000 1.939651629e+000 
1.079829885e+000 1.936968747e+000 
1.173230630e+000 1.976493672e+000 
1.094084340e+000 1.946807358e+000 
1.081694256e+000 1.938668456e+000 
1.173795993e+000 1.976505809e+000 
1.070569800e+000 1.930299695e+000 
1.069676074e+000 1.928824455e+000 
1.186047245e+000 1.979672948e+000 
1.184719955e+000 1.978943373e+000 
1.136263256e+000 1.965406828e+000 
1.059094749e+000 1.919426941e+000 
1.064763507e+000 1.924626675e+000 
1.263413866e+000 1.992389744e+000 
1.283884561e+000 1.995879764e+000 
1.268530545e+000 1.993811199e+000 
1.253206165e+000 1.991154827e+000 
1.088889227e+000 1.943238974e+000 
1.084322489e+000 1.940402729e+000 
1.082268311e+000 1.939551085e+000 
1.153106876e+000 1.971306516e+000 
1.081024927e+000 1.938567912e+000 
1.162256976e+000 1.973855365e+000 
1.162349463e+000 1.973861527e+000 
1.056507967e+000 1.917574442e+000 
1.084966697e+000 1.940847449e+000 
1.149667604e+000 1.970351546e+000 
1.056415481e+000 1.916857435e+000 
1.119710654e+000 1.959535548e+000 
1.140517504e+000 1.967802697e+000 
1.149760091e+000 1.970357708e+000 
1.276999346e+000 1.994733298e+000 
1.069888285e+000 1.928861388e+000 
1.068283297e+000 1.927612777e+000 
1.209775002e+000 1.984171126e+000 
1.080626200e+000 1.937192805e+000 
1.221277057e+000 1.985684767e+000 
1.271339963e+000 1.994104850e+000 
1.315945895e+000 1.998839652e+000 
1.167782630e+000 1.974771834e+000 
1.195834459e+000 1.981499250e+000 
1.276581838e+000 1.994358275e+000 
1.315824246e+000 1.998833846e+000 
1.289147135e+000 1.996485902e+000 
1.205966608e+000 1.982869363e+000 
1.208216105e+000 1.983545363e+000 
1.354555592e+000 1.999378805e+000 
1.354756529e+000 1.999526654e+000 
1.165925294e+000 1.974426651e+000 
1.282952702e+000 1.994739716e+000 
1.138613666e+000 1.965695898e+000 
1.311742475e+000 1.998355260e+000 
1.341613941e+000 1.999367546e+000 
1.144093335e+000 1.968367821e+000 
1.158140516e+000 1.972139082e+000 
1.169746804e+000 1.974954486e+000 
1.359167062e+000 1.999538055e+000 
1.145551143e+000 1.968635263e+000 
1.298509498e+000 1.997112376e+000 
1.334540305e+000 1.999065876e+000 
1.157519901e+000 1.971871640e+000 
1.300097174e+000 1.997199797e+000 
1.285466914e+000 1.995977033e+000 
1.323064124e+000 1.998877996e+000 
1.309940375e+000 1.998328810e+000 
1.114492612e+000 1.956292149e+000 
1.296924121e+000 1.996752771e+000 
1.306283706e+000 1.998320098e+000 
1.314114033e+000 1.998498527e+000 
1.306068127e+000 1.998308720e+000 
1.300562679e+000 1.997308444e+000 
1.274818785e+000 1.994345510e+000 
1.300347100e+000 1.997297066e+000 
1.237819676e+000 1.988258539e+000 
1.288637946e+000 1.996214015e+000 
1.078124073e+000 1.935634881e+000 
1.263963648e+000 1.992559790e+000 
1.250632253e+000 1.990549971e+000 
1.341561863e+000 1.999171989e+000 

