1.000497465e+000 1.000090508e+000 
1.000675268e+000 1.000093717e+000 
1.000564396e+000 1.000090898e+000 
1.001128652e+000 1.000098981e+000 
1.000606890e+000 1.000092255e+000 
1.001321291e+000 1.000099071e+000 
1.001274729e+000 1.000099051e+000 
1.000706902e+000 1.000093983e+000 
1.000448742e+000 1.000090467e+000 
1.001389669e+000 1.000100533e+000 
1.001210847e+000 1.000098995e+000 
1.000640599e+000 1.000092488e+000 
1.000526915e+000 1.000090700e+000 
1.000597476e+000 1.000092236e+000 
1.000578948e+000 1.000090955e+000 
1.000595294e+000 1.000092162e+000 
1.000583206e+000 1.000090996e+000 
1.000818382e+000 1.000095841e+000 
1.001368589e+000 1.000100451e+000 
1.000887222e+000 1.000095950e+000 
1.001124954e+000 1.000098712e+000 
1.000373304e+000 1.000087257e+000 
1.000383781e+000 1.000088720e+000 
1.001457328e+000 1.000100592e+000 
1.000711160e+000 1.000094024e+000 
1.000761009e+000 1.000094206e+000 
1.000775280e+000 1.000095446e+000 
1.000411261e+000 1.000088868e+000 
1.001380022e+000 1.000100459e+000 
1.000888963e+000 1.000097234e+000 
1.000531174e+000 1.000090741e+000 
1.000746458e+000 1.000094149e+000 
1.000632774e+000 1.000092361e+000 
1.000568654e+000 1.000090939e+000 
1.000346091e+000 1.000087202e+000 
1.000417490e+000 1.000088953e+000 
1.001005278e+000 1.000097433e+000 
1.001337169e+000 1.000100378e+000 
1.001072453e+000 1.000098555e+000 
1.008220005e+000 1.010727386e+000 
1.007955476e+000 1.010468359e+000 
1.010340004e+000 1.011465201e+000 
1.010655333e+000 1.011538812e+000 
1.010558829e+000 1.011486591e+000 
1.010093657e+000 1.011373769e+000 
1.011026377e+000 1.011648656e+000 
1.010464700e+000 1.011483614e+000 
1.008122523e+000 1.010599663e+000 
1.009968961e+000 1.011355357e+000 
1.008996896e+000 1.010931439e+000 
1.008486208e+000 1.010771031e+000 
1.011399563e+000 1.011732860e+000 
1.008176005e+000 1.010616721e+000 
1.007910860e+000 1.010464012e+000 
1.008633122e+000 1.010881405e+000 
1.009063462e+000 1.010935265e+000 
1.009441417e+000 1.011086335e+000 
1.010187786e+000 1.011376747e+000 
1.008292711e+000 1.010733070e+000 
1.009896254e+000 1.011349673e+000 
1.010935383e+000 1.011555790e+000 
1.009877962e+000 1.011244641e+000 
1.007472021e+000 1.010273192e+000 
1.008580337e+000 1.010774009e+000 
1.008063872e+000 1.010591488e+000 
1.007666767e+000 1.010422694e+000 
1.008037114e+000 1.010589509e+000 
1.011668151e+000 1.011733410e+000 
1.009783833e+000 1.011241664e+000 
1.008548966e+000 1.010773514e+000 
1.008150615e+000 1.010601000e+000 
1.008774630e+000 1.010906638e+000 
1.008434219e+000 1.010758303e+000 
1.007808275e+000 1.010447927e+000 
1.007185493e+000 1.010126321e+000 
1.014453755e+000 1.025215197e+000 
1.012087202e+000 1.023247985e+000 
1.011758118e+000 1.022927218e+000 
1.015285655e+000 1.025616054e+000 
1.012218175e+000 1.023352523e+000 
1.018136651e+000 1.026858997e+000 
1.013361528e+000 1.024371970e+000 
1.018817592e+000 1.027070482e+000 
1.019427104e+000 1.027314838e+000 
1.020607041e+000 1.027813778e+000 
1.018071112e+000 1.026855318e+000 
1.015619179e+000 1.025826318e+000 
1.020278159e+000 1.027707789e+000 
1.019092635e+000 1.027223897e+000 
1.012795952e+000 1.024003095e+000 
1.014022902e+000 1.024971143e+000 
1.012538958e+000 1.023673499e+000 
1.016227563e+000 1.026101559e+000 
1.013202191e+000 1.024305987e+000 
1.020827242e+000 1.027976423e+000 
1.014842863e+000 1.025358103e+000 
1.015992711e+000 1.025910194e+000 
1.012268031e+000 1.023529477e+000 
1.016721994e+000 1.026221690e+000 
1.016606910e+000 1.026191680e+000 
1.013985399e+000 1.024894221e+000 
1.019897081e+000 1.027540135e+000 
1.012381405e+000 1.023632327e+000 
1.012942473e+000 1.024044593e+000 
1.016162993e+000 1.025944637e+000 
1.016014938e+000 1.025927549e+000 
1.012197378e+000 1.023350835e+000 
1.011982511e+000 1.023170921e+000 
1.020212621e+000 1.027704110e+000 
1.020999867e+000 1.028007779e+000 
1.019623403e+000 1.027420701e+000 
1.021614717e+000 1.047493992e+000 
1.021243503e+000 1.047176596e+000 
1.021554757e+000 1.047260590e+000 
1.021519933e+000 1.047260468e+000 
1.027226205e+000 1.054708110e+000 
1.028220997e+000 1.055315869e+000 
1.021890028e+000 1.049997010e+000 
1.023613724e+000 1.052207972e+000 
1.029996797e+000 1.056757931e+000 
1.021965004e+000 1.050104990e+000 
1.024457505e+000 1.052946298e+000 
1.034831331e+000 1.059270725e+000 
1.034798746e+000 1.059255263e+000 
1.025743969e+000 1.053614255e+000 
1.033972757e+000 1.058991062e+000 
1.033233555e+000 1.058632317e+000 
1.033470198e+000 1.058637788e+000 
1.026326119e+000 1.054105382e+000 
1.024614402e+000 1.053062899e+000 
1.027087517e+000 1.054700695e+000 
1.029428770e+000 1.056347206e+000 
1.029654948e+000 1.056415239e+000 
1.023715337e+000 1.052259391e+000 
1.028354885e+000 1.055697086e+000 
1.022100081e+000 1.050539305e+000 
1.027837658e+000 1.055285562e+000 
1.026130664e+000 1.054008159e+000 
1.026880806e+000 1.054593027e+000 
1.029074322e+000 1.055931520e+000 
1.033859914e+000 1.058662976e+000 
1.030948132e+000 1.057331032e+000 
1.032178364e+000 1.058030173e+000 
1.022369601e+000 1.051046658e+000 
1.023244554e+000 1.051758509e+000 
1.022583266e+000 1.051158536e+000 
1.023907941e+000 1.052321666e+000 
1.025706775e+000 1.053563266e+000 
1.000073694e+000 1.000000266e+000 
1.000166150e+000 1.000000706e+000 
1.000022608e+000 1.000000057e+000 
1.000136813e+000 1.000000294e+000 
1.000011254e+000 1.000000003e+000 
1.000198070e+000 1.000000725e+000 
1.000017753e+000 1.000000034e+000 
1.000000000e+000 1.000000000e+000 
1.000086021e+000 1.000000284e+000 
1.000140981e+000 1.000000472e+000 
1.000054101e+000 1.000000264e+000 
1.000027480e+000 1.000000233e+000 
1.000139722e+000 1.000000453e+000 
1.004266808e+000 1.001709142e+000 
1.004379616e+000 1.001710552e+000 
1.003673535e+000 1.001572566e+000 
1.003598895e+000 1.001544739e+000 
1.003584391e+000 1.001541735e+000 
1.004148750e+000 1.001656575e+000 
1.004088364e+000 1.001656325e+000 
1.004263194e+000 1.001658776e+000 
1.004625665e+000 1.001737606e+000 
1.006131931e+000 1.001857673e+000 
1.006670189e+000 1.001891724e+000 
1.004170005e+000 1.001658464e+000 
1.006173651e+000 1.001860537e+000 
1.004995301e+000 1.001769045e+000 
1.004698620e+000 1.001740516e+000 
1.003632900e+000 1.001547256e+000 
1.004441638e+000 1.001711594e+000 
1.003766062e+000 1.001603133e+000 
1.003827755e+000 1.001629517e+000 
1.003889306e+000 1.001631554e+000 
1.003678608e+000 1.001600426e+000 
1.003704511e+000 1.001601096e+000 
1.003671984e+000 1.001550789e+000 
1.003592493e+000 1.001543583e+000 
1.003583490e+000 1.001518863e+000 
1.005177204e+000 1.001791150e+000 
1.005384302e+000 1.001798315e+000 
1.006350437e+000 1.001879329e+000 
1.005850538e+000 1.001848142e+000 
1.006810371e+000 1.001908252e+000 
1.005934201e+000 1.001851038e+000 
1.005966553e+000 1.001853372e+000 
1.006394135e+000 1.001879960e+000 
1.005497792e+000 1.001821484e+000 
1.006713887e+000 1.001892356e+000 
1.007130123e+000 1.001920647e+000 
1.006923025e+000 1.001913481e+000 
1.006253953e+000 1.001863433e+000 
1.004794364e+000 1.001740881e+000 
1.005089746e+000 1.001773694e+000 
1.004821096e+000 1.001764492e+000 
1.005401879e+000 1.001798691e+000 
1.005984130e+000 1.001853747e+000 
1.005464604e+000 1.001801212e+000 
1.006046855e+000 1.001856268e+000 
1.004805857e+000 1.001741001e+000 
1.007121607e+000 1.001916002e+000 
1.005257506e+000 1.001794046e+000 
1.004989884e+000 1.001767013e+000 
1.005671997e+000 1.001828750e+000 
1.005194781e+000 1.001791525e+000 
1.004882648e+000 1.001766529e+000 
1.005143278e+000 1.001774992e+000 
1.004769446e+000 1.001740557e+000 
1.005761233e+000 1.001828875e+000 
1.035512057e+000 1.089828036e+000 
1.041268469e+000 1.097368174e+000 
1.057693937e+000 1.111161919e+000 
1.041793678e+000 1.099159709e+000 
1.049278918e+000 1.105650926e+000 
1.048372697e+000 1.104631959e+000 
1.042113108e+000 1.099480502e+000 
1.042957381e+000 1.100526440e+000 
1.049085524e+000 1.105596445e+000 
1.042046724e+000 1.099185777e+000 
1.047895181e+000 1.104548398e+000 
1.052345555e+000 1.107909433e+000 
1.035164745e+000 1.088916764e+000 
1.037483402e+000 1.093862056e+000 
1.055116101e+000 1.109588102e+000 
1.042289557e+000 1.099530745e+000 
1.035492735e+000 1.089655561e+000 
1.038008664e+000 1.094590710e+000 
1.046831656e+000 1.103807531e+000 
1.057017557e+000 1.110847652e+000 
1.054815607e+000 1.109324367e+000 
1.049313812e+000 1.105763596e+000 
1.036303675e+000 1.092096023e+000 
1.050666468e+000 1.106684578e+000 
1.037111511e+000 1.093161246e+000 
1.049596857e+000 1.105977781e+000 
1.037607053e+000 1.094066031e+000 
1.042606047e+000 1.099742241e+000 
1.046494782e+000 1.103534679e+000 
1.037134312e+000 1.093290488e+000 
1.042766675e+000 1.100063469e+000 
1.035569810e+000 1.090215910e+000 
1.050998601e+000 1.106775575e+000 
1.036192438e+000 1.091986201e+000 
1.059271377e+000 1.539716603e+000 
1.057946982e+000 1.536548936e+000 
1.062786803e+000 1.545924068e+000 
1.060164407e+000 1.541478724e+000 
1.063807502e+000 1.547848987e+000 
1.058977660e+000 1.538905095e+000 
1.062277540e+000 1.544989049e+000 
1.061277130e+000 1.543380639e+000 
1.063386693e+000 1.546966238e+000 
1.061668713e+000 1.543988415e+000 
1.060309557e+000 1.541706827e+000 
1.001769980e+000 1.000418498e+000 
1.002228142e+000 1.000448122e+000 
1.002810365e+000 1.000472120e+000 
1.002782500e+000 1.000471071e+000 
1.002645548e+000 1.000464780e+000 
1.001979604e+000 1.000433075e+000 
1.002326121e+000 1.000450066e+000 
1.002705878e+000 1.000465394e+000 
1.001990298e+000 1.000433834e+000 
1.002083680e+000 1.000440823e+000 
1.003201633e+000 1.000488466e+000 
1.002573343e+000 1.000463426e+000 
1.001709650e+000 1.000417956e+000 
1.001558700e+000 1.000401291e+000 
1.003196380e+000 1.000482974e+000 
1.002403512e+000 1.000456814e+000 
1.002672758e+000 1.000465229e+000 
1.002829386e+000 1.000474217e+000 
1.002566602e+000 1.000463417e+000 
1.001763239e+000 1.000418489e+000 
1.001483082e+000 1.000386869e+000 
1.001972863e+000 1.000433067e+000 
1.001505689e+000 1.000387134e+000 
1.001848500e+000 1.000425809e+000 
1.001816389e+000 1.000424978e+000 
1.002992476e+000 1.000480820e+000 
1.001793782e+000 1.000424713e+000 
1.003519375e+000 1.000490464e+000 
1.002383632e+000 1.000456708e+000 
1.001943733e+000 1.000432728e+000 
1.002201521e+000 1.000448007e+000 
1.001859601e+000 1.000425971e+000 
1.002617959e+000 1.000463989e+000 
1.002546722e+000 1.000463311e+000 
1.003568627e+000 1.000497223e+000 
1.002808639e+000 1.000471383e+000 
1.002722170e+000 1.000470529e+000 
1.001803032e+000 1.000424945e+000 
1.002513013e+000 1.000462884e+000 
1.003359470e+000 1.000489577e+000 
1.002310936e+000 1.000449147e+000 
1.001825892e+000 1.000425544e+000 
1.001732257e+000 1.000418221e+000 
1.002755879e+000 1.000470957e+000 
1.002454869e+000 1.000457386e+000 
1.001660693e+000 1.000409798e+000 
1.002349923e+000 1.000456281e+000 
1.002710957e+000 1.000465749e+000 
1.002274007e+000 1.000448896e+000 
1.001887164e+000 1.000431703e+000 
1.001615898e+000 1.000409163e+000 
1.002037115e+000 1.000439717e+000 
1.001782185e+000 1.000424339e+000 
1.002003406e+000 1.000439290e+000 
1.002166496e+000 1.000445893e+000 
1.001919274e+000 1.000432533e+000 
1.001659397e+000 1.000409768e+000 
1.001952983e+000 1.000432960e+000 
1.001825639e+000 1.000425211e+000 
1.001743359e+000 1.000418383e+000 
1.001666151e+000 1.000417351e+000 
1.001636790e+000 1.000409503e+000 
1.003153097e+000 1.000481707e+000 
1.001538677e+000 1.000400632e+000 
1.003495931e+000 1.000489662e+000 
1.001593291e+000 1.000408898e+000 
1.000266375e+000 1.000086275e+000 
1.000225681e+000 1.000081298e+000 
1.000209454e+000 1.000079570e+000 
1.000214309e+000 1.000079780e+000 
1.000220808e+000 1.000079965e+000 
1.000198201e+000 1.000079529e+000 
1.000215953e+000 1.000079808e+000 
1.000250850e+000 1.000081549e+000 
1.094935727e+000 1.760344657e+000 
1.075787003e+000 1.736436882e+000 
1.070131367e+000 1.727612660e+000 
1.236757657e+000 1.859750300e+000 
1.121546747e+000 1.786088876e+000 
1.129643058e+000 1.792725185e+000 
1.257746231e+000 1.868622022e+000 
1.070165099e+000 1.727860995e+000 
1.253963686e+000 1.867777431e+000 
1.072598238e+000 1.731361690e+000 
1.176180571e+000 1.826222319e+000 
1.229908498e+000 1.854296727e+000 
1.345899276e+000 1.898175588e+000 
1.074578365e+000 1.734085407e+000 
1.067036913e+000 1.722762612e+000 
1.081972931e+000 1.744996952e+000 
1.067601139e+000 1.723564421e+000 
1.185776041e+000 1.831228275e+000 
1.072312141e+000 1.730916570e+000 
1.160169300e+000 1.815329373e+000 
1.158795293e+000 1.814638329e+000 
1.221157002e+000 1.852285712e+000 
1.065880029e+000 1.720621221e+000 
1.184051100e+000 1.830849629e+000 
1.069247415e+000 1.726486202e+000 
1.076629459e+000 1.737336629e+000 
1.178804679e+000 1.827764325e+000 
1.120355298e+000 1.784577118e+000 
1.126979037e+000 1.790107840e+000 
1.081620628e+000 1.744340030e+000 
1.083643026e+000 1.747075274e+000 
1.310786017e+000 1.889597965e+000 
1.084351422e+000 1.747731278e+000 
1.175949792e+000 1.825883854e+000 
1.212433475e+000 1.846619640e+000 
1.252265909e+000 1.865818717e+000 
1.063877007e+000 1.716225538e+000 
1.100714568e+000 1.766464980e+000 
1.210015736e+000 1.844850133e+000 
1.137740143e+000 1.799027807e+000 
1.253898274e+000 1.867429494e+000 
1.069066946e+000 1.726134190e+000 
1.065430265e+000 1.719835780e+000 
1.323863465e+000 1.893454637e+000 
1.066217343e+000 1.721334969e+000 
1.255665373e+000 1.868201612e+000 
1.144106055e+000 1.804747468e+000 
1.080208623e+000 1.741951646e+000 
1.253498188e+000 1.867244716e+000 
1.341265696e+000 1.897984404e+000 
1.200434404e+000 1.838997536e+000 
1.285045639e+000 1.880310180e+000 
1.116948945e+000 1.782192994e+000 
1.217755957e+000 1.850498708e+000 
1.216026608e+000 1.850065206e+000 
1.152740943e+000 1.810327115e+000 
1.083801043e+000 1.747565127e+000 
1.213087097e+000 1.846829600e+000 
1.240084276e+000 1.861331828e+000 
1.207444389e+000 1.844217538e+000 
1.091680434e+000 1.756722121e+000 
1.079211095e+000 1.740787186e+000 
1.073441150e+000 1.732520706e+000 
1.126927997e+000 1.789815311e+000 
1.173588148e+000 1.823884768e+000 
1.266256021e+000 1.872457796e+000 
1.086904039e+000 1.750747414e+000 
1.091380345e+000 1.756467007e+000 
1.221880722e+000 1.852358217e+000 
1.219760376e+000 1.851807435e+000 
1.172639047e+000 1.823704946e+000 
1.259425148e+000 1.869069509e+000 
1.096813595e+000 1.762407438e+000 
1.147206858e+000 1.806502749e+000 
1.259821067e+000 1.869776580e+000 
1.257043856e+000 1.868223878e+000 
1.269608449e+000 1.874751655e+000 
1.131393959e+000 1.794527876e+000 
1.097674046e+000 1.763086850e+000 
1.324909203e+000 1.894111679e+000 
1.066482743e+000 1.721706505e+000 
1.310469753e+000 1.889096920e+000 
1.348475077e+000 1.899252652e+000 
1.063826552e+000 1.714473753e+000 
1.117923547e+000 1.782855223e+000 
1.250759392e+000 1.864259712e+000 
1.235133713e+000 1.858832111e+000 
1.113306634e+000 1.778362877e+000 
1.273486049e+000 1.876925677e+000 
1.237434164e+000 1.860170935e+000 
1.310669186e+000 1.889250028e+000 
1.109188104e+000 1.774954011e+000 
1.111392336e+000 1.776543041e+000 
1.117957389e+000 1.782986597e+000 
1.110281210e+000 1.775915611e+000 
1.166101141e+000 1.820016481e+000 
1.285320394e+000 1.880507953e+000 
1.346544220e+000 1.899251198e+000 
1.262762676e+000 1.870852520e+000 
1.230778176e+000 1.856414276e+000 
1.225114564e+000 1.854171240e+000 
1.202984820e+000 1.840403708e+000 
1.286989730e+000 1.881139193e+000 
1.150959361e+000 1.809051030e+000 
1.148029141e+000 1.807212581e+000 
1.121921905e+000 1.786232089e+000 
1.072582485e+000 1.731343626e+000 
1.072296388e+000 1.730898507e+000 
1.139330105e+000 1.800662370e+000 
1.132685563e+000 1.795688239e+000 
1.188790304e+000 1.832477214e+000 
1.232259926e+000 1.857775451e+000 
1.092361932e+000 1.757188927e+000 
1.138200428e+000 1.799574908e+000 
1.146074948e+000 1.806289900e+000 
1.129206615e+000 1.792493669e+000 
1.087142020e+000 1.751157360e+000 
1.103633534e+000 1.769519547e+000 
1.104912769e+000 1.770875330e+000 
1.145277577e+000 1.805537823e+000 
1.142957493e+000 1.804494035e+000 
1.128721863e+000 1.792098424e+000 
1.323876607e+000 1.893493327e+000 
1.097252238e+000 1.762847733e+000 
1.089682207e+000 1.754121727e+000 
1.102831414e+000 1.768558996e+000 
1.103581578e+000 1.769481986e+000 
1.192171763e+000 1.834230377e+000 
1.288460111e+000 1.881712656e+000 
1.091348863e+000 1.756319569e+000 
1.201770568e+000 1.839852335e+000 
1.087487547e+000 1.751396572e+000 
1.072924228e+000 1.731940135e+000 
1.168407435e+000 1.821176565e+000 
1.095424162e+000 1.760873329e+000 
1.112780287e+000 1.777983674e+000 
1.096627955e+000 1.761890577e+000 
1.252348319e+000 1.866626215e+000 
1.284615426e+000 1.879818608e+000 
1.198845105e+000 1.838037147e+000 
1.157168166e+000 1.813757548e+000 
1.104418141e+000 1.770153166e+000 
1.313804163e+000 1.890610170e+000 
1.286084793e+000 1.880840032e+000 
1.101034249e+000 1.766468565e+000 
1.120909134e+000 1.785421581e+000 
1.090623521e+000 1.755168717e+000 
1.294528247e+000 1.883134108e+000 
1.230940123e+000 1.856666219e+000 
1.088379212e+000 1.752543879e+000 
1.222234881e+000 1.852612809e+000 
1.159720271e+000 1.815319175e+000 
1.149070614e+000 1.807797658e+000 
1.295299334e+000 1.884019820e+000 
1.175890847e+000 1.824816999e+000 
1.162563740e+000 1.817077122e+000 
1.127420378e+000 1.790908182e+000 
1.169377408e+000 1.821548111e+000 
1.164175897e+000 1.818486271e+000 
1.171458744e+000 1.823441837e+000 
1.275720604e+000 1.877271196e+000 
1.203664794e+000 1.840909188e+000 
1.283559839e+000 1.878983363e+000 
1.252327130e+000 1.866343782e+000 
1.118243140e+000 1.783528450e+000 
1.281615366e+000 1.878039995e+000 
1.133893404e+000 1.796320063e+000 
1.291270201e+000 1.882109840e+000 
1.114147782e+000 1.779245844e+000 
1.217711900e+000 1.850294792e+000 
1.299424444e+000 1.884727273e+000 
1.212046114e+000 1.846378803e+000 
1.196697517e+000 1.836576774e+000 
1.121691036e+000 1.786120671e+000 
1.117526206e+000 1.782666941e+000 
1.119510872e+000 1.784349413e+000 
1.118776812e+000 1.783640315e+000 
1.118645450e+000 1.783579363e+000 
1.115676819e+000 1.780648498e+000 
1.323069205e+000 1.893058297e+000 
1.312962686e+000 1.889815251e+000 
1.147620256e+000 1.806899600e+000 
1.174655875e+000 1.823960373e+000 
1.322825463e+000 1.892165693e+000 
1.352412523e+000 1.901137714e+000 
1.313467613e+000 1.890230879e+000 
1.280218945e+000 1.877974613e+000 
1.278139042e+000 1.877411227e+000 
1.152383657e+000 1.809381050e+000 
1.267097814e+000 1.873198288e+000 
1.332298623e+000 1.895109261e+000 
1.197918352e+000 1.837231872e+000 
1.200309319e+000 1.838531068e+000 
1.202495326e+000 1.839884700e+000 
1.245298232e+000 1.862172303e+000 
1.309065663e+000 1.886198951e+000 
1.374688810e+000 1.914844688e+000 
1.578909816e+000 1.982800776e+000 
1.587701272e+000 1.983989039e+000 
1.392705824e+000 1.926184449e+000 
1.378006140e+000 1.917055453e+000 
1.391032199e+000 1.925649028e+000 
1.392018609e+000 1.925875815e+000 
1.376961212e+000 1.916510176e+000 
1.387195111e+000 1.922850394e+000 
1.586268026e+000 1.983950077e+000 
1.585080632e+000 1.983807200e+000 
1.395790742e+000 1.927060532e+000 
1.601201751e+000 1.986129033e+000 
1.407072429e+000 1.932414073e+000 
1.367791348e+000 1.907860143e+000 
1.364046185e+000 1.906848403e+000 
1.372481753e+000 1.911565782e+000 
1.378034238e+000 1.917686423e+000 
1.390704196e+000 1.924985159e+000 
1.372331363e+000 1.911377059e+000 
1.470413130e+000 1.958411085e+000 
1.369365198e+000 1.911086395e+000 
1.454394104e+000 1.951164218e+000 
1.389918703e+000 1.923809690e+000 
1.591358062e+000 1.984735124e+000 
1.455429608e+000 1.951681992e+000 
1.463839331e+000 1.955659622e+000 
1.382569728e+000 1.920806839e+000 
1.679306702e+000 1.994568241e+000 
1.582688558e+000 1.983220818e+000 
1.463823597e+000 1.955653703e+000 
1.466258779e+000 1.956460925e+000 
1.395870852e+000 1.927520490e+000 
1.384119872e+000 1.921616400e+000 
1.396611101e+000 1.927940513e+000 
1.396732155e+000 1.928212119e+000 
1.363950096e+000 1.906154225e+000 
1.395807624e+000 1.927255539e+000 
1.460509280e+000 1.954199496e+000 
1.388126539e+000 1.923369633e+000 
1.373703464e+000 1.912215502e+000 
1.365675153e+000 1.907780380e+000 
1.359305231e+000 1.903322616e+000 
1.383764508e+000 1.921299188e+000 
1.385841651e+000 1.921786600e+000 
1.375425421e+000 1.915844024e+000 
1.411650233e+000 1.934256995e+000 
1.424030735e+000 1.938822482e+000 
1.379230258e+000 1.918934106e+000 
1.358778316e+000 1.902904833e+000 
1.410222067e+000 1.933438139e+000 
1.410539153e+000 1.934068396e+000 
1.479663987e+000 1.961072693e+000 
1.363262848e+000 1.905835379e+000 
1.363140369e+000 1.905556890e+000 
1.475542526e+000 1.960153220e+000 
1.471972691e+000 1.959411097e+000 
1.400510019e+000 1.928867545e+000 
1.383384416e+000 1.920896038e+000 
1.477968337e+000 1.960869854e+000 
1.395704224e+000 1.926851339e+000 
1.373733749e+000 1.914121746e+000 
1.398962776e+000 1.928567628e+000 
1.390238403e+000 1.924441535e+000 
1.382481374e+000 1.919515023e+000 
1.361321621e+000 1.903691752e+000 
1.475604994e+000 1.960182622e+000 
1.438151769e+000 1.945074560e+000 
1.444551879e+000 1.946547854e+000 
1.362058905e+000 1.904878463e+000 
1.368304549e+000 1.909574541e+000 
1.362302666e+000 1.905259589e+000 
1.409822342e+000 1.932882524e+000 
1.491116167e+000 1.963445599e+000 
1.437023961e+000 1.943935284e+000 
1.479700088e+000 1.961461802e+000 
1.441753186e+000 1.946073736e+000 
1.438460322e+000 1.945398304e+000 
1.368122479e+000 1.908083641e+000 
1.422660292e+000 1.938633433e+000 
1.430836717e+000 1.942005087e+000 
1.424065578e+000 1.939159959e+000 
1.434939312e+000 1.943430443e+000 
1.433877673e+000 1.943320567e+000 
1.432075744e+000 1.942884192e+000 
1.433512575e+000 1.943229056e+000 
1.797062851e+000 1.999881727e+000 
1.798997835e+000 1.999935911e+000 
1.428599928e+000 1.941779593e+000 
1.430955251e+000 1.942123260e+000 
1.425999804e+000 1.941092434e+000 
1.426256338e+000 1.941127379e+000 
1.427933596e+000 1.941679765e+000 
1.385770297e+000 1.921680542e+000 
1.507913457e+000 1.967431639e+000 
1.386520149e+000 1.922286929e+000 
1.557136726e+000 1.978287307e+000 
1.794812306e+000 1.999636484e+000 
1.551436880e+000 1.977675512e+000 
1.556273129e+000 1.978141220e+000 
1.462584067e+000 1.955340343e+000 
1.469591723e+000 1.957380360e+000 
1.522167373e+000 1.971700931e+000 
1.416264130e+000 1.935886338e+000 
1.465293016e+000 1.956293696e+000 
1.393858755e+000 1.926716006e+000 
1.417068574e+000 1.936203673e+000 
1.390607121e+000 1.924495606e+000 
1.466508401e+000 1.956716973e+000 
1.418460588e+000 1.936793552e+000 
1.457340721e+000 1.952472394e+000 
1.461354451e+000 1.954432927e+000 
1.450222199e+000 1.948536061e+000 
1.489188957e+000 1.963372658e+000 
1.462218565e+000 1.954809255e+000 
1.457499812e+000 1.953021706e+000 
1.462433700e+000 1.954884463e+000 
1.486221625e+000 1.962410824e+000 
1.452204937e+000 1.950409373e+000 
1.451316055e+000 1.949911217e+000 
1.458827531e+000 1.953175674e+000 
1.421623517e+000 1.938017734e+000 
1.573856913e+000 1.981193394e+000 
1.421138239e+000 1.937885259e+000 
1.469651755e+000 1.958046143e+000 
1.459725043e+000 1.953768466e+000 
1.421479521e+000 1.937994531e+000 
1.456554256e+000 1.952428914e+000 
1.419728504e+000 1.937447938e+000 
1.488883555e+000 1.962969187e+000 
1.396685840e+000 1.928017266e+000 
1.406713617e+000 1.931854437e+000 
1.403944091e+000 1.931517898e+000 
1.471110355e+000 1.958629851e+000 
1.467987204e+000 1.957191192e+000 
1.401175577e+000 1.929416212e+000 
1.589820179e+000 1.984147169e+000 
1.404823333e+000 1.931609207e+000 
1.403862187e+000 1.930960762e+000 
1.412488014e+000 1.934623646e+000 
1.412830477e+000 1.934731993e+000 
1.591038254e+000 1.984399528e+000 
1.404426817e+000 1.931563757e+000 
1.402200752e+000 1.930532182e+000 
1.523053142e+000 1.972126796e+000 
1.658979308e+000 1.992834928e+000 
1.493830840e+000 1.964256182e+000 
1.492963435e+000 1.963871611e+000 
1.491629278e+000 1.963816276e+000 
1.789058769e+000 1.999530414e+000 
1.812366461e+000 2.000000000e+000 
1.786989606e+000 1.999439464e+000 
1.796358574e+000 1.999658421e+000 
1.811772458e+000 1.999999403e+000 
1.779659960e+000 1.998919728e+000 
1.781101395e+000 1.999008299e+000 
1.781626112e+000 1.999133129e+000 
1.764903243e+000 1.998553041e+000 
1.595699193e+000 1.985305016e+000 
1.598384208e+000 1.985399649e+000 
1.700106682e+000 1.996131390e+000 
1.748564384e+000 1.998086529e+000 
1.662781902e+000 1.993430357e+000 
1.746906029e+000 1.997855938e+000 
1.783510138e+000 1.999257928e+000 
1.663394437e+000 1.993670025e+000 
1.769048087e+000 1.998736524e+000 
1.662176786e+000 1.993409761e+000 
1.773692873e+000 1.998914589e+000 
1.665099693e+000 1.994061591e+000 
1.660099464e+000 1.993038134e+000 
1.770677333e+000 1.998772053e+000 
1.445637524e+000 1.946858459e+000 
1.768869476e+000 1.998644143e+000 
1.673076226e+000 1.994563741e+000 
1.446682508e+000 1.947734941e+000 
1.648026198e+000 1.992009904e+000 
1.648145388e+000 1.992012203e+000 
1.647084563e+000 1.991947449e+000 
1.643668666e+000 1.991625505e+000 
1.505377124e+000 1.967161093e+000 
1.501281773e+000 1.966230585e+000 
1.636379194e+000 1.990716567e+000 
1.779881287e+000 1.998956461e+000 
1.503105218e+000 1.966723730e+000 
1.636831620e+000 1.990810594e+000 
1.640373640e+000 1.991281200e+000 
1.617151238e+000 1.988448240e+000 
1.649731776e+000 1.992573245e+000 
1.761416600e+000 1.998359972e+000 
1.620642494e+000 1.989095782e+000 
1.618773284e+000 1.988616185e+000 
1.762883398e+000 1.998435577e+000 
1.636133511e+000 1.990643169e+000 
1.502662126e+000 1.966326504e+000 
1.495520266e+000 1.964721271e+000 
1.450541819e+000 1.948932381e+000 
1.508272910e+000 1.967929114e+000 
1.449185883e+000 1.948415947e+000 
1.538466985e+000 1.975152812e+000 
1.648883251e+000 1.992120406e+000 
1.511215799e+000 1.969298175e+000 
1.515198468e+000 1.970495063e+000 
1.450984948e+000 1.948955186e+000 
1.514444706e+000 1.970217021e+000 
1.539229857e+000 1.975423907e+000 
1.505236440e+000 1.966829740e+000 
1.512553579e+000 1.970097887e+000 
1.542167339e+000 1.976161735e+000 
1.545231552e+000 1.976558668e+000 
1.533300847e+000 1.974054613e+000 
1.550889221e+000 1.977454460e+000 
1.533413580e+000 1.974444642e+000 
1.518355013e+000 1.971339070e+000 
1.511173720e+000 1.969120681e+000 
1.515944072e+000 1.970823712e+000 
1.637907915e+000 1.990943092e+000 
1.726300310e+000 1.997648267e+000 
1.571849288e+000 1.981127641e+000 
1.487104310e+000 1.962412609e+000 
1.531330945e+000 1.974025198e+000 
1.635650176e+000 1.990505647e+000 
1.548038108e+000 1.977182025e+000 
1.570823197e+000 1.980916306e+000 
1.540983297e+000 1.975629664e+000 
1.529525036e+000 1.973860570e+000 
1.546934222e+000 1.976817414e+000 
1.682381784e+000 1.995093969e+000 
1.720360261e+000 1.997611833e+000 
1.718604579e+000 1.997485591e+000 
1.710649028e+000 1.996957024e+000 
1.524542542e+000 1.972815932e+000 
1.528657189e+000 1.973560796e+000 
1.714590471e+000 1.997233757e+000 
1.713019994e+000 1.997182618e+000 
1.525103515e+000 1.972818067e+000 
1.525584795e+000 1.972858804e+000 
1.739505434e+000 1.997776059e+000 
1.639422269e+000 1.990963511e+000 
1.526174825e+000 1.973026642e+000 
1.598917083e+000 1.986052157e+000 
1.446479926e+000 1.947107259e+000 
1.510380486e+000 1.968596528e+000 
1.757071624e+000 1.998235410e+000 
1.693733013e+000 1.995741186e+000 
1.630220651e+000 1.990008951e+000 
1.705682321e+000 1.996732599e+000 
1.622701516e+000 1.989301853e+000 
1.606019906e+000 1.986743994e+000 
1.622487169e+000 1.989194143e+000 
1.623137352e+000 1.989571255e+000 
1.703494954e+000 1.996452752e+000 
1.568677924e+000 1.980495441e+000 
1.610056277e+000 1.987807720e+000 
1.557874744e+000 1.978931116e+000 
1.611380262e+000 1.987997242e+000 
1.627625560e+000 1.989960955e+000 
1.701535529e+000 1.996278920e+000 
1.613475992e+000 1.988353001e+000 
1.559639661e+000 1.979249039e+000 
1.563388147e+000 1.979884501e+000 
1.554155226e+000 1.978118002e+000 
1.557587236e+000 1.978549721e+000 
1.711677737e+000 1.997016008e+000 
1.500282746e+000 1.965743418e+000 
1.574830596e+000 1.981760753e+000 
1.608048733e+000 1.987413418e+000 
1.575854313e+000 1.981826221e+000 
1.695357610e+000 1.996090625e+000 
1.710091723e+000 1.996878680e+000 
1.705593285e+000 1.996533170e+000 
1.568469261e+000 1.980353868e+000 
1.606950059e+000 1.987102968e+000 
1.601153313e+000 1.986114224e+000 
1.603388084e+000 1.986443523e+000 
1.601408434e+000 1.986219385e+000 
1.606225926e+000 1.987069343e+000 
1.760206672e+000 1.998265508e+000 
1.683869557e+000 1.995178186e+000 
1.742650715e+000 1.997801988e+000 
1.680224257e+000 1.994709308e+000 
1.689028004e+000 1.995474954e+000 
1.685670924e+000 1.995220352e+000 
1.689762945e+000 1.995525095e+000 
1.693595313e+000 1.995591710e+000 
1.669598391e+000 1.994098312e+000 
1.633939692e+000 1.990309616e+000 
1.671670630e+000 1.994103891e+000 
1.660528048e+000 1.993235425e+000 

