1.088276236e+000 1.184753953e+000 
1.085444671e+000 1.182877244e+000 
1.087665250e+000 1.184406352e+000 
1.088943683e+000 1.185135154e+000 
1.088598796e+000 1.184952006e+000 
1.086562066e+000 1.183564164e+000 
1.088912387e+000 1.185130473e+000 
1.084512566e+000 1.182193729e+000 
1.011019282e+000 1.004186790e+000 
1.015500196e+000 1.004856665e+000 
1.016025632e+000 1.004911094e+000 
1.010914999e+000 1.004138420e+000 
1.012240477e+000 1.004379422e+000 
1.012294517e+000 1.004414665e+000 
1.010966310e+000 1.004151440e+000 
1.015231383e+000 1.004822238e+000 
1.016875206e+000 1.005003422e+000 
1.012453215e+000 1.004458891e+000 
1.012384755e+000 1.004416133e+000 
1.012793235e+000 1.004471673e+000 
1.013080456e+000 1.004520777e+000 
1.012951934e+000 1.004515899e+000 
1.013702986e+000 1.004603487e+000 
1.013543969e+000 1.004601893e+000 
1.015601997e+000 1.004867466e+000 
1.012900158e+000 1.004472314e+000 
1.016302368e+000 1.004945055e+000 
1.016586891e+000 1.004959672e+000 
1.017158106e+000 1.005005861e+000 
1.010862027e+000 1.004103070e+000 
1.017004910e+000 1.005004463e+000 
1.011691104e+000 1.004278416e+000 
1.011623521e+000 1.004277729e+000 
1.017775283e+000 1.005133091e+000 
1.013282947e+000 1.004554142e+000 
1.012127865e+000 1.004370209e+000 
1.010901028e+000 1.004111766e+000 
1.015878732e+000 1.004901426e+000 
1.017024633e+000 1.005004652e+000 
1.017570253e+000 1.005126361e+000 
1.012229664e+000 1.004375239e+000 
1.013875763e+000 1.004640923e+000 
1.017732273e+000 1.005131720e+000 
1.017231256e+000 1.005040977e+000 
1.012726518e+000 1.004465516e+000 
1.011793879e+000 1.004283948e+000 
1.016267226e+000 1.004932374e+000 
1.016330617e+000 1.004947064e+000 
1.014523112e+000 1.004719760e+000 
1.017354224e+000 1.005070518e+000 
1.016639944e+000 1.004989025e+000 
1.014561733e+000 1.004724129e+000 
1.017185270e+000 1.005033292e+000 
1.017423197e+000 1.005079001e+000 
1.013817647e+000 1.004629064e+000 
1.013502668e+000 1.004582138e+000 
1.017124501e+000 1.005005657e+000 
1.105167531e+000 1.876835308e+000 
1.108123767e+000 1.879071980e+000 
1.109914989e+000 1.880199330e+000 
1.314413012e+000 1.950049608e+000 
1.113523699e+000 1.883015834e+000 
1.114941206e+000 1.883960064e+000 
1.134045735e+000 1.894282941e+000 
1.274412933e+000 1.941881523e+000 
1.251119354e+000 1.937233365e+000 
1.104476720e+000 1.876301679e+000 
1.114540604e+000 1.883692901e+000 
1.183503005e+000 1.915985414e+000 
1.114657684e+000 1.883731372e+000 
1.149238320e+000 1.901810916e+000 
1.177023761e+000 1.913692299e+000 
1.182536533e+000 1.915740483e+000 
1.210991892e+000 1.924902508e+000 
1.104794465e+000 1.876703281e+000 
1.107592752e+000 1.878550642e+000 
1.114249713e+000 1.883390905e+000 
1.124203358e+000 1.889043857e+000 
1.191915715e+000 1.918647070e+000 
1.231344008e+000 1.931489702e+000 
1.146200757e+000 1.900205504e+000 
1.177559754e+000 1.913868820e+000 
1.238795542e+000 1.933698031e+000 
1.114814198e+000 1.883757953e+000 
1.117962758e+000 1.885510533e+000 
1.127160174e+000 1.890613739e+000 
1.109101001e+000 1.879817926e+000 
1.105195269e+000 1.877057141e+000 
1.197076660e+000 1.920372122e+000 
1.198969207e+000 1.921440882e+000 
1.115486952e+000 1.884192400e+000 
1.126165960e+000 1.890191825e+000 
1.126761281e+000 1.890361688e+000 
1.135465313e+000 1.895159035e+000 
1.248486844e+000 1.936034053e+000 
1.111203922e+000 1.881298221e+000 
1.118098068e+000 1.885605676e+000 
1.144625862e+000 1.899620194e+000 
1.177743282e+000 1.914018384e+000 
1.121687304e+000 1.887920150e+000 
1.113450886e+000 1.882909876e+000 
1.189123458e+000 1.917487872e+000 
1.149324161e+000 1.901882962e+000 
1.107629284e+000 1.878784370e+000 
1.115333784e+000 1.884079935e+000 
1.355584386e+000 1.955432857e+000 
1.114059318e+000 1.883362085e+000 
1.109418573e+000 1.880061850e+000 
1.162095629e+000 1.907064352e+000 
1.114043652e+000 1.883304492e+000 
1.128912529e+000 1.891769621e+000 
1.153401465e+000 1.903792178e+000 
1.231171605e+000 1.931343909e+000 
1.114829864e+000 1.883815870e+000 
1.132235913e+000 1.893415328e+000 
1.235611338e+000 1.932856467e+000 
1.134716882e+000 1.894769420e+000 
1.239679060e+000 1.933801417e+000 
1.204708411e+000 1.923455471e+000 
1.132340031e+000 1.893456766e+000 
1.202391505e+000 1.922584161e+000 
1.151645123e+000 1.903100147e+000 
1.118406458e+000 1.886051638e+000 
1.156187637e+000 1.904980671e+000 
1.141134970e+000 1.898021092e+000 
1.178150818e+000 1.914327875e+000 
1.181298577e+000 1.915360996e+000 
1.172609369e+000 1.911569974e+000 
1.198135075e+000 1.920648140e+000 
1.105785681e+000 1.877354274e+000 
1.203574578e+000 1.923044686e+000 
1.204302495e+000 1.923301881e+000 
1.181219360e+000 1.915232989e+000 
1.140145902e+000 1.897485004e+000 
1.184555402e+000 1.916084533e+000 
1.135032534e+000 1.894970173e+000 
1.259516648e+000 1.938798604e+000 
1.357762197e+000 1.955720295e+000 
1.243721334e+000 1.935296234e+000 
1.159367782e+000 1.906306763e+000 
1.198167465e+000 1.920848862e+000 
1.340660308e+000 1.952305280e+000 
1.178920476e+000 1.914613237e+000 
1.253370325e+000 1.937747065e+000 
1.140968548e+000 1.897839639e+000 
1.223692883e+000 1.928314942e+000 
1.150606342e+000 1.902553734e+000 
1.248724124e+000 1.936174493e+000 
1.115862454e+000 1.884425834e+000 
1.156537886e+000 1.905158089e+000 
1.193844087e+000 1.918837058e+000 
1.115815408e+000 1.884419386e+000 
1.217944393e+000 1.927089547e+000 
1.124716493e+000 1.889561315e+000 
1.131304954e+000 1.892939593e+000 
1.137548256e+000 1.896149664e+000 
1.166345006e+000 1.909240716e+000 
1.126829803e+000 1.890518381e+000 
1.122377720e+000 1.888171948e+000 
1.165409743e+000 1.908922964e+000 
1.183643088e+000 1.915992415e+000 
1.129673842e+000 1.892049984e+000 
1.194498908e+000 1.919502765e+000 
1.217502340e+000 1.926764981e+000 
1.184817607e+000 1.916312290e+000 
1.157803883e+000 1.905657251e+000 
1.146318121e+000 1.900363388e+000 
1.213715825e+000 1.926018214e+000 
1.149053798e+000 1.901648540e+000 
1.217206144e+000 1.926752708e+000 
1.157362092e+000 1.905479810e+000 
1.184657667e+000 1.916225251e+000 
1.183333708e+000 1.915844833e+000 
1.169020850e+000 1.910566196e+000 
1.169426462e+000 1.910789001e+000 
1.252063876e+000 1.937277809e+000 
1.168820630e+000 1.910508833e+000 
1.221240164e+000 1.927710496e+000 
1.238185610e+000 1.933292497e+000 
1.166899129e+000 1.909562346e+000 
1.138436357e+000 1.896517070e+000 
1.186245962e+000 1.916534782e+000 
1.128037208e+000 1.891062643e+000 
1.390037516e+000 1.959573862e+000 
1.312752475e+000 1.949383855e+000 
1.229091757e+000 1.930538842e+000 
1.354521583e+000 1.955178660e+000 
1.353470319e+000 1.954990840e+000 
1.150055463e+000 1.902087042e+000 
1.216471777e+000 1.926586500e+000 
1.353097762e+000 1.954951586e+000 
1.219935212e+000 1.927489628e+000 
1.132544515e+000 1.893525323e+000 
1.216027525e+000 1.926434930e+000 
1.218949434e+000 1.927316997e+000 
1.213036940e+000 1.925710073e+000 
1.146847751e+000 1.900701946e+000 
1.143962960e+000 1.899350799e+000 
1.219402597e+000 1.927371524e+000 
1.144391704e+000 1.899451655e+000 
1.147607167e+000 1.901181865e+000 
1.404163609e+000 1.961628541e+000 
1.164397844e+000 1.908390068e+000 
1.145365329e+000 1.899984920e+000 
1.252246964e+000 1.937284804e+000 
1.347450427e+000 1.953995517e+000 
1.346320407e+000 1.953921662e+000 
1.247935238e+000 1.936026200e+000 
1.346250029e+000 1.953766262e+000 
1.253020243e+000 1.937478594e+000 
1.171977076e+000 1.911433650e+000 
1.173007498e+000 1.911826287e+000 
1.160438415e+000 1.906625868e+000 
1.188553584e+000 1.917303094e+000 
1.215225584e+000 1.926178685e+000 
1.213595294e+000 1.925822708e+000 
1.255494535e+000 1.938445488e+000 
1.349586605e+000 1.954577211e+000 
1.348304575e+000 1.954270483e+000 
1.160898699e+000 1.906735049e+000 
1.188335374e+000 1.917224059e+000 
1.247672691e+000 1.935964093e+000 
1.232080076e+000 1.931676767e+000 
1.386148333e+000 1.959297180e+000 
1.254078851e+000 1.937776828e+000 
1.399474828e+000 1.961572216e+000 
1.260698921e+000 1.939381407e+000 
1.261766886e+000 1.939748395e+000 
1.248992454e+000 1.936274206e+000 
1.228306941e+000 1.930330525e+000 
1.245980650e+000 1.935662090e+000 
1.259547349e+000 1.939257438e+000 
1.230751517e+000 1.931150883e+000 
1.250608142e+000 1.936780103e+000 
1.288873768e+000 1.945905709e+000 
1.285146122e+000 1.944884571e+000 
1.286903222e+000 1.945402317e+000 
1.275054951e+000 1.942421253e+000 
1.312013843e+000 1.949282333e+000 
1.286407182e+000 1.945283945e+000 
1.321090599e+000 1.951149769e+000 
1.314314881e+000 1.949968129e+000 
1.317364815e+000 1.950352739e+000 
1.226751761e+000 1.929615446e+000 
1.383010149e+000 1.959018891e+000 
1.317145826e+000 1.950257980e+000 
1.284032604e+000 1.944648846e+000 
1.322203995e+000 1.951258545e+000 
1.269991738e+000 1.941388466e+000 
1.317986105e+000 1.950655900e+000 
1.327287353e+000 1.952173560e+000 
1.326377241e+000 1.951997115e+000 
1.265977843e+000 1.940615684e+000 
1.264147504e+000 1.940368074e+000 
1.378786904e+000 1.958464825e+000 
1.379336425e+000 1.958653019e+000 
1.396208808e+000 1.960812097e+000 
1.399050314e+000 1.961402191e+000 
1.398594404e+000 1.961209032e+000 
1.359600782e+000 1.956016097e+000 
1.280992344e+000 1.943941267e+000 
1.289794595e+000 1.946021828e+000 
1.377760006e+000 1.958265923e+000 
1.377253559e+000 1.958211332e+000 
1.385844659e+000 1.959191501e+000 
1.380880558e+000 1.958874631e+000 
1.279717067e+000 1.943447159e+000 
1.341559424e+000 1.953214707e+000 
1.394287719e+000 1.960523851e+000 
1.277881913e+000 1.943026964e+000 
1.278660258e+000 1.943266487e+000 
1.277323829e+000 1.942915128e+000 
1.302054779e+000 1.947992389e+000 
1.390988944e+000 1.959978937e+000 
1.366754868e+000 1.956417601e+000 
1.345251976e+000 1.953314687e+000 
1.309442764e+000 1.948638801e+000 
1.305444654e+000 1.948032951e+000 
1.308094113e+000 1.948236852e+000 
1.082418355e+000 1.086718034e+000 
1.083784292e+000 1.087728716e+000 
1.080468429e+000 1.086398650e+000 
1.080433149e+000 1.086276201e+000 
1.080801854e+000 1.086553527e+000 
1.078710573e+000 1.085495941e+000 
1.083281018e+000 1.087561732e+000 
1.079911043e+000 1.086173120e+000 
1.076661456e+000 1.084386261e+000 
1.079369063e+000 1.085833863e+000 
1.076598662e+000 1.084215929e+000 
1.076458999e+000 1.084112563e+000 
1.083477176e+000 1.087657183e+000 
1.059348198e+000 1.051281685e+000 
1.070355063e+000 1.055049729e+000 
1.050539570e+000 1.046989202e+000 
1.049461707e+000 1.046054062e+000 
1.052213041e+000 1.047974811e+000 
1.049844433e+000 1.046516195e+000 
1.051082731e+000 1.047256162e+000 
1.052079628e+000 1.047889200e+000 
1.068867343e+000 1.054633314e+000 
1.063251644e+000 1.052843522e+000 
1.063658983e+000 1.052970205e+000 
1.064771293e+000 1.053368687e+000 
1.072808690e+000 1.055700309e+000 
1.072102098e+000 1.055515845e+000 
1.057636098e+000 1.050665982e+000 
1.068914287e+000 1.054689020e+000 
1.071011594e+000 1.055251894e+000 
1.071434273e+000 1.055330942e+000 
1.055925964e+000 1.049887617e+000 
1.057346787e+000 1.050482767e+000 
1.057481227e+000 1.050581060e+000 
1.052454695e+000 1.048069714e+000 
1.059596707e+000 1.051394661e+000 
1.055220676e+000 1.049596735e+000 
1.075550787e+000 1.056630583e+000 
1.074160037e+000 1.056254054e+000 
1.073578706e+000 1.056095240e+000 
1.053915684e+000 1.048915245e+000 
1.074746948e+000 1.056396584e+000 
1.052990665e+000 1.048320828e+000 
1.063584144e+000 1.052858173e+000 
1.057474027e+000 1.050497248e+000 
1.071202210e+000 1.055252103e+000 
1.065524756e+000 1.053595225e+000 
1.063095255e+000 1.052713054e+000 
1.063775217e+000 1.053004362e+000 
1.058847080e+000 1.051116557e+000 
1.061492226e+000 1.052186838e+000 
1.056809821e+000 1.050239542e+000 
1.052456856e+000 1.048107141e+000 
1.053321451e+000 1.048519360e+000 
1.058392492e+000 1.050931357e+000 
1.090559227e+000 1.621697572e+000 
1.097379870e+000 1.627059574e+000 
1.099067471e+000 1.628261246e+000 
1.099130671e+000 1.628379473e+000 
1.101724963e+000 1.629965597e+000 
1.095088579e+000 1.625426337e+000 
1.095999519e+000 1.626055829e+000 
1.094222245e+000 1.624656894e+000 
1.100893804e+000 1.629491180e+000 
1.090281859e+000 1.621385473e+000 
1.089901330e+000 1.621176638e+000 
1.092192001e+000 1.622936011e+000 
1.102150587e+000 1.630240235e+000 
1.099594585e+000 1.628647883e+000 
1.096874720e+000 1.626811887e+000 
1.102661040e+000 1.630553922e+000 
1.104081963e+000 1.631410940e+000 
1.097856677e+000 1.627375163e+000 
1.103913720e+000 1.631351941e+000 
1.091880969e+000 1.622741656e+000 
1.097179831e+000 1.627036043e+000 
1.097571604e+000 1.627196469e+000 
1.091634625e+000 1.622547761e+000 
1.092634908e+000 1.623266865e+000 
1.089668861e+000 1.620612165e+000 
1.089398239e+000 1.620398386e+000 
1.093616680e+000 1.624100211e+000 
1.092360678e+000 1.623137375e+000 
1.093261665e+000 1.623786656e+000 
1.005968415e+000 1.001387754e+000 
1.010492285e+000 1.001782358e+000 
1.009685906e+000 1.001728149e+000 
1.009466677e+000 1.001702567e+000 
1.006776591e+000 1.001488840e+000 
1.006212574e+000 1.001429017e+000 
1.006101025e+000 1.001408455e+000 
1.007584306e+000 1.001568100e+000 
1.006377619e+000 1.001451849e+000 
1.008907394e+000 1.001664923e+000 
1.010753227e+000 1.001786461e+000 
1.009949361e+000 1.001744982e+000 
1.010059146e+000 1.001748206e+000 
1.006783017e+000 1.001489720e+000 
1.007130700e+000 1.001529385e+000 
1.007986025e+000 1.001588967e+000 
1.009318767e+000 1.001699749e+000 
1.010848451e+000 1.001790914e+000 
1.006883147e+000 1.001506160e+000 
1.009550275e+000 1.001707610e+000 
1.007303730e+000 1.001547382e+000 
1.007346920e+000 1.001547532e+000 
1.007459356e+000 1.001563370e+000 
1.010594403e+000 1.001783145e+000 
1.009089755e+000 1.001682897e+000 
1.008351650e+000 1.001624564e+000 
1.007502547e+000 1.001563519e+000 
1.006826207e+000 1.001489870e+000 
1.007962585e+000 1.001588569e+000 
1.008623981e+000 1.001645548e+000 
1.008281072e+000 1.001612342e+000 
1.008109967e+000 1.001604822e+000 
1.008868387e+000 1.001663759e+000 
1.006618584e+000 1.001469319e+000 
1.008996302e+000 1.001671130e+000 
1.008518457e+000 1.001632910e+000 
1.008345428e+000 1.001614913e+000 
1.002230052e+000 1.000368229e+000 
1.003846473e+000 1.000450292e+000 
1.004963610e+000 1.000483954e+000 
1.004754551e+000 1.000475665e+000 
1.005915343e+000 1.000508316e+000 
1.004420044e+000 1.000466766e+000 
1.004294256e+000 1.000465975e+000 
1.004466768e+000 1.000467163e+000 
1.004892372e+000 1.000483089e+000 
1.005229880e+000 1.000491639e+000 
1.004395530e+000 1.000466298e+000 
1.005413858e+000 1.000492191e+000 
1.004270479e+000 1.000459134e+000 
1.002872293e+000 1.000408379e+000 
1.003142734e+000 1.000424720e+000 
1.003436381e+000 1.000434028e+000 
1.004018735e+000 1.000451043e+000 
1.004683314e+000 1.000474805e+000 
1.002770841e+000 1.000407896e+000 
1.003735948e+000 1.000442727e+000 
1.002310218e+000 1.000375875e+000 
1.003524988e+000 1.000434434e+000 
1.003635514e+000 1.000441994e+000 
1.005517663e+000 1.000500216e+000 
1.002425932e+000 1.000390915e+000 
1.003918301e+000 1.000450320e+000 
1.005840016e+000 1.000501203e+000 
1.005318530e+000 1.000492175e+000 
1.002479295e+000 1.000391709e+000 
1.002550377e+000 1.000398661e+000 
1.002560520e+000 1.000398694e+000 
1.002406219e+000 1.000390760e+000 
1.004543592e+000 1.000467372e+000 
1.002353438e+000 1.000376640e+000 
1.003032209e+000 1.000417159e+000 
1.003302579e+000 1.000425995e+000 
1.004129260e+000 1.000458613e+000 
1.004058023e+000 1.000457743e+000 
1.002677234e+000 1.000400375e+000 
1.002642577e+000 1.000399516e+000 
1.003206180e+000 1.000425058e+000 
1.004607987e+000 1.000467693e+000 
1.004720413e+000 1.000475060e+000 
1.003213972e+000 1.000425589e+000 
1.005180940e+000 1.000484103e+000 
1.003325855e+000 1.000426458e+000 
1.002363581e+000 1.000376674e+000 
1.003103446e+000 1.000418024e+000 
1.002416361e+000 1.000390793e+000 
1.002176690e+000 1.000367430e+000 
1.002489437e+000 1.000391742e+000 
1.005641469e+000 1.000501006e+000 
1.002300076e+000 1.000375841e+000 
1.002219910e+000 1.000368202e+000 
1.002166548e+000 1.000367397e+000 
1.002390465e+000 1.000376798e+000 
1.000000001e+000 1.000000000e+000 
1.000378820e+000 1.000010137e+000 
1.001217146e+000 1.000022102e+000 
1.000162264e+000 1.000005166e+000 
1.001189399e+000 1.000021885e+000 
1.001372809e+000 1.000024585e+000 
1.000060337e+000 1.000000011e+000 
1.000153712e+000 1.000005160e+000 
1.000336049e+000 1.000007664e+000 
1.001603423e+000 1.000024771e+000 
1.001674438e+000 1.000026999e+000 
1.001561463e+000 1.000024692e+000 
1.000128421e+000 1.000003040e+000 
1.000804806e+000 1.000016991e+000 
1.001130271e+000 1.000021706e+000 
1.001302374e+000 1.000024192e+000 
1.001045043e+000 1.000019615e+000 
1.001095346e+000 1.000019908e+000 
1.001966102e+000 1.000029859e+000 
1.000729467e+000 1.000014969e+000 
1.000875241e+000 1.000017384e+000 
1.000562974e+000 1.000012724e+000 
1.000240881e+000 1.000007576e+000 
1.001259834e+000 1.000022278e+000 
1.000976909e+000 1.000019477e+000 
1.000370135e+000 1.000009713e+000 
1.000415569e+000 1.000010143e+000 
1.000449654e+000 1.000012193e+000 
1.001890832e+000 1.000027631e+000 
1.000108860e+000 1.000002680e+000 
1.001853127e+000 1.000027247e+000 
1.000575799e+000 1.000014680e+000 
1.001047344e+000 1.000019870e+000 
1.000901570e+000 1.000017456e+000 
1.000511543e+000 1.000012623e+000 
1.000492329e+000 1.000012439e+000 
1.000432023e+000 1.000010144e+000 
1.019969544e+000 1.010771381e+000 
1.028287789e+000 1.012435422e+000 
1.029481332e+000 1.012591213e+000 
1.019752979e+000 1.010740876e+000 
1.019085946e+000 1.010561269e+000 
1.046646685e+000 1.014742188e+000 
1.038866685e+000 1.013885413e+000 
1.042020483e+000 1.014199058e+000 
1.019183269e+000 1.010574219e+000 
1.035540713e+000 1.013459162e+000 
1.037929631e+000 1.013783734e+000 
1.037793782e+000 1.013775831e+000 
1.020846515e+000 1.010964181e+000 
1.031072475e+000 1.012919165e+000 
1.023226655e+000 1.011540325e+000 
1.023841544e+000 1.011656632e+000 
1.022982981e+000 1.011483367e+000 
1.028853051e+000 1.012564810e+000 
1.026252424e+000 1.012083345e+000 
1.037684470e+000 1.013662978e+000 
1.036514980e+000 1.013572258e+000 
1.035848724e+000 1.013464532e+000 
1.026773564e+000 1.012174009e+000 
1.032688298e+000 1.013129890e+000 
1.032265221e+000 1.013110231e+000 
1.024771488e+000 1.011832898e+000 
1.019132310e+000 1.010569189e+000 
1.021104340e+000 1.011041879e+000 
1.021988582e+000 1.011258213e+000 
1.044261317e+000 1.014485220e+000 
1.024404006e+000 1.011749786e+000 
1.024925715e+000 1.011841755e+000 
1.046031801e+000 1.014662302e+000 
1.028633892e+000 1.012539173e+000 
1.046924106e+000 1.014771465e+000 
1.025930187e+000 1.012030461e+000 
1.025711028e+000 1.012004823e+000 
1.027294968e+000 1.012285447e+000 
1.027915866e+000 1.012379099e+000 
1.028846137e+000 1.012563414e+000 
1.049307630e+000 1.015053835e+000 
1.026454700e+000 1.012088399e+000 
1.020989389e+000 1.011034194e+000 
1.029636665e+000 1.012662225e+000 
1.027149746e+000 1.012243425e+000 
1.048817211e+000 1.014959042e+000 
1.037121781e+000 1.013600495e+000 
1.036124102e+000 1.013480069e+000 
1.025386600e+000 1.011913714e+000 
1.021369595e+000 1.011096197e+000 
1.037588536e+000 1.013645595e+000 
1.047389741e+000 1.014847708e+000 
1.040747177e+000 1.014106834e+000 
1.042160362e+000 1.014306585e+000 
1.045211820e+000 1.014561994e+000 
1.045821273e+000 1.014656669e+000 
1.048147372e+000 1.014913258e+000 
1.042155852e+000 1.014231725e+000 
1.046321534e+000 1.014680034e+000 
1.040020312e+000 1.013977416e+000 
1.046897801e+000 1.014759091e+000 
1.045234471e+000 1.014565951e+000 
1.042812508e+000 1.014323891e+000 
1.020866836e+000 1.010970213e+000 
1.022191148e+000 1.011271641e+000 
1.023483218e+000 1.011566500e+000 
1.025299304e+000 1.011854765e+000 
1.018602115e+000 1.010448883e+000 
1.024336909e+000 1.011671356e+000 
1.017782905e+000 1.010104990e+000 
1.020769898e+000 1.010959849e+000 
1.020195695e+000 1.010866197e+000 
1.020459935e+000 1.010881684e+000 
1.017794852e+000 1.010122030e+000 
1.018957305e+000 1.010552581e+000 
1.019398625e+000 1.010640096e+000 
1.020036129e+000 1.010785464e+000 
1.022601593e+000 1.011344103e+000 
1.023167426e+000 1.011500387e+000 
1.017980655e+000 1.010177712e+000 
1.019288038e+000 1.010633366e+000 
1.034107188e+000 1.013181060e+000 
1.019332040e+000 1.010636336e+000 
1.018539064e+000 1.010380940e+000 
1.034710948e+000 1.013267492e+000 
1.572149862e+000 1.994519111e+000 
1.416026560e+000 1.967521411e+000 
1.487347426e+000 1.985239630e+000 
1.414172883e+000 1.967347589e+000 
1.603567453e+000 1.996862468e+000 
1.410309455e+000 1.965780922e+000 
1.414030117e+000 1.967343170e+000 
1.413173701e+000 1.967284943e+000 
1.426806149e+000 1.972103864e+000 
1.426625757e+000 1.972010861e+000 
1.412356289e+000 1.967028162e+000 
1.431160647e+000 1.973454039e+000 
1.485000999e+000 1.984849789e+000 
1.483343494e+000 1.984366949e+000 
1.432816717e+000 1.974033782e+000 
1.488297608e+000 1.985427893e+000 
1.632290989e+000 1.998097063e+000 
1.432031615e+000 1.973854994e+000 
1.430806706e+000 1.973375696e+000 
1.408388934e+000 1.964139781e+000 
1.427219764e+000 1.972123052e+000 
1.426059184e+000 1.971975485e+000 
1.441334895e+000 1.976340629e+000 
1.440853579e+000 1.976275356e+000 
1.412172354e+000 1.965848325e+000 
1.479234708e+000 1.983786450e+000 
1.433202399e+000 1.974183736e+000 
1.412218891e+000 1.966192966e+000 
1.482583402e+000 1.984155625e+000 
1.490264918e+000 1.985634400e+000 
1.443087072e+000 1.976941941e+000 
1.433694927e+000 1.974259534e+000 
1.425292401e+000 1.971779731e+000 
1.447159347e+000 1.978045252e+000 
1.478260433e+000 1.983446044e+000 
1.430452579e+000 1.973346308e+000 
1.428854191e+000 1.973292058e+000 
1.431619922e+000 1.973721510e+000 
1.426607044e+000 1.971981270e+000 
1.425965540e+000 1.971934962e+000 
1.409677942e+000 1.964589341e+000 
1.592370981e+000 1.996384361e+000 
1.509036722e+000 1.988275380e+000 
1.593934982e+000 1.996443148e+000 
1.427655344e+000 1.972198054e+000 
1.440774089e+000 1.976268716e+000 
1.410011362e+000 1.964762296e+000 
1.441608024e+000 1.976547227e+000 
1.436474141e+000 1.975325539e+000 
1.456528706e+000 1.979908389e+000 
1.490876689e+000 1.985653004e+000 
1.449219565e+000 1.978339128e+000 
1.711564042e+000 2.000000000e+000 
1.428006254e+000 1.972318381e+000 
1.595100929e+000 1.996495868e+000 
1.422778281e+000 1.970333498e+000 
1.440519842e+000 1.976265660e+000 
1.438297382e+000 1.976232153e+000 
1.410186634e+000 1.964797456e+000 
1.450492775e+000 1.978703992e+000 
1.599746071e+000 1.996805960e+000 
1.421877772e+000 1.969825504e+000 
1.465065377e+000 1.981658522e+000 
1.485749941e+000 1.984999036e+000 
1.421571003e+000 1.969622594e+000 
1.441263529e+000 1.976299889e+000 
1.420211967e+000 1.969449842e+000 
1.487072003e+000 1.985239284e+000 
1.597231328e+000 1.996541540e+000 
1.484124628e+000 1.984695377e+000 
1.449393609e+000 1.978554169e+000 
1.447816043e+000 1.978217907e+000 
1.451004140e+000 1.978777888e+000 
1.410282081e+000 1.965221651e+000 
1.531077905e+000 1.990962333e+000 
1.640503464e+000 1.998405686e+000 
1.530330192e+000 1.990954706e+000 
1.583297915e+000 1.995555632e+000 
1.670125951e+000 1.999199173e+000 
1.445424226e+000 1.977835990e+000 
1.443807191e+000 1.977301715e+000 
1.451749890e+000 1.978847679e+000 
1.521235985e+000 1.989879821e+000 
1.521589067e+000 1.990139124e+000 
1.448853602e+000 1.978327736e+000 
1.463550332e+000 1.981316351e+000 
1.481268121e+000 1.984132925e+000 
1.434076490e+000 1.974437935e+000 
1.460832570e+000 1.980923975e+000 
1.447338366e+000 1.978148402e+000 
1.663848376e+000 1.999111842e+000 
1.461753573e+000 1.981198814e+000 
1.495038127e+000 1.986536249e+000 
1.501345483e+000 1.987409215e+000 
1.463832044e+000 1.981325193e+000 
1.465374451e+000 1.981824924e+000 
1.466779744e+000 1.981964476e+000 
1.486770450e+000 1.985052166e+000 
1.455036055e+000 1.979698765e+000 
1.452914180e+000 1.979224564e+000 
1.434861469e+000 1.974648463e+000 
1.668586055e+000 1.999116796e+000 
1.453241821e+000 1.979369096e+000 
1.468152970e+000 1.982296348e+000 
1.454056438e+000 1.979562297e+000 
1.436180164e+000 1.974881604e+000 
1.460329118e+000 1.980863824e+000 
1.435905871e+000 1.974691974e+000 
1.486699826e+000 1.985007877e+000 
1.485539214e+000 1.984939637e+000 
1.451864537e+000 1.979011606e+000 
1.446168259e+000 1.977906138e+000 
1.480854791e+000 1.983973768e+000 
1.459336915e+000 1.980788992e+000 
1.445260540e+000 1.977731618e+000 
1.442351126e+000 1.976838570e+000 
1.484048102e+000 1.984436099e+000 
1.480385235e+000 1.983804678e+000 
1.443229486e+000 1.976944722e+000 
1.455764793e+000 1.979819940e+000 
1.452969061e+000 1.979297357e+000 
1.582269648e+000 1.995517749e+000 
1.451452452e+000 1.978838894e+000 
1.444676703e+000 1.977334714e+000 
1.453657371e+000 1.979427761e+000 
1.444961377e+000 1.977494287e+000 
1.475673627e+000 1.983266079e+000 
1.499091832e+000 1.987256199e+000 
1.471693892e+000 1.982639901e+000 
1.501844872e+000 1.987509969e+000 
1.597367013e+000 1.996697763e+000 
1.598221495e+000 1.996717201e+000 
1.540918729e+000 1.991956661e+000 
1.473482201e+000 1.983009387e+000 
1.535913458e+000 1.991410661e+000 
1.516139952e+000 1.989406315e+000 
1.535253140e+000 1.991325522e+000 
1.457372467e+000 1.980103982e+000 
1.421636923e+000 1.969720379e+000 
1.518682237e+000 1.989802472e+000 
1.506243637e+000 1.988075465e+000 
1.505842441e+000 1.988014586e+000 
1.422442890e+000 1.969827260e+000 
1.517732518e+000 1.989589439e+000 
1.422753639e+000 1.970063870e+000 
1.494216111e+000 1.986388545e+000 
1.493931129e+000 1.986300712e+000 
1.417374010e+000 1.967535045e+000 
1.492617404e+000 1.986123990e+000 
1.442937984e+000 1.976903116e+000 
1.586540696e+000 1.995817761e+000 
1.496440937e+000 1.986759545e+000 
1.495555534e+000 1.986614739e+000 
1.703420961e+000 1.999858001e+000 
1.472237934e+000 1.982797717e+000 
1.690431583e+000 1.999726967e+000 
1.472853732e+000 1.982916320e+000 
1.417530449e+000 1.967643860e+000 
1.417593996e+000 1.967725427e+000 
1.704528663e+000 1.999968740e+000 
1.557039188e+000 1.993441392e+000 
1.443335273e+000 1.977071259e+000 
1.423195705e+000 1.970811551e+000 
1.423457799e+000 1.971084694e+000 
1.424738355e+000 1.971422054e+000 
1.423929975e+000 1.971261478e+000 
1.425057883e+000 1.971466441e+000 
1.418333517e+000 1.968382074e+000 
1.423280139e+000 1.970858260e+000 
1.418295738e+000 1.967980237e+000 
1.417605656e+000 1.967967414e+000 
1.417815202e+000 1.967968801e+000 
1.419606664e+000 1.969012949e+000 
1.501481238e+000 1.987411894e+000 
1.426648565e+000 1.972060808e+000 
1.425097226e+000 1.971510967e+000 
1.690043551e+000 1.999698152e+000 
1.709660312e+000 1.999969245e+000 
1.672400690e+000 1.999310997e+000 
1.490894506e+000 1.985708021e+000 
1.685033053e+000 1.999542071e+000 
1.489981123e+000 1.985594487e+000 
1.554471164e+000 1.993301510e+000 
1.672972784e+000 1.999504672e+000 
1.688752711e+000 1.999656979e+000 
1.457910993e+000 1.980119271e+000 
1.554224501e+000 1.993147025e+000 
1.554355405e+000 1.993217001e+000 
1.465130449e+000 1.981760561e+000 
1.562375199e+000 1.993925132e+000 
1.463930161e+000 1.981533188e+000 
1.456321046e+000 1.979877674e+000 
1.687647773e+000 1.999648505e+000 
1.493522208e+000 1.986246489e+000 
1.559879864e+000 1.993690363e+000 
1.423118491e+000 1.970385081e+000 
1.685912278e+000 1.999618605e+000 
1.421772303e+000 1.969724528e+000 
1.555890783e+000 1.993412054e+000 
1.419582737e+000 1.968755410e+000 
1.419278517e+000 1.968630131e+000 
1.498688566e+000 1.987070974e+000 
1.428488482e+000 1.972444608e+000 
1.419433484e+000 1.968697567e+000 
1.560782013e+000 1.993839967e+000 
1.556007003e+000 1.993429916e+000 
1.583778575e+000 1.995616657e+000 
1.507032197e+000 1.988222166e+000 
1.428626489e+000 1.972452904e+000 
1.491666280e+000 1.985907295e+000 
1.581778700e+000 1.995458785e+000 
1.518644713e+000 1.989685073e+000 
1.436377178e+000 1.974957052e+000 
1.523405899e+000 1.990195254e+000 
1.503612472e+000 1.987797817e+000 
1.504844583e+000 1.987860072e+000 
1.525388406e+000 1.990449882e+000 
1.514746372e+000 1.989127281e+000 
1.511644105e+000 1.988827617e+000 
1.511908276e+000 1.988941794e+000 
1.525877166e+000 1.990510800e+000 
1.478623892e+000 1.983527141e+000 
1.557250848e+000 1.993560037e+000 
1.528591350e+000 1.990934678e+000 
1.509747260e+000 1.988541742e+000 
1.478765029e+000 1.983708966e+000 
1.527224508e+000 1.990754553e+000 
1.467398082e+000 1.982037497e+000 
1.476690504e+000 1.983414666e+000 
1.475231648e+000 1.983226434e+000 
1.476840757e+000 1.983429281e+000 
1.524654883e+000 1.990360247e+000 
1.469577834e+000 1.982388191e+000 
1.469252271e+000 1.982376603e+000 
1.511584077e+000 1.988714281e+000 
1.509849678e+000 1.988580195e+000 
1.510487208e+000 1.988644998e+000 
1.524929748e+000 1.990377001e+000 
1.500809120e+000 1.987306983e+000 
1.502659728e+000 1.987604158e+000 
1.497632158e+000 1.986886118e+000 
1.514879580e+000 1.989174771e+000 
1.532856636e+000 1.991162675e+000 
1.531475246e+000 1.991121253e+000 
1.605373623e+000 1.996912838e+000 
1.604382012e+000 1.996897288e+000 
1.535949026e+000 1.991543328e+000 
1.536708664e+000 1.991607721e+000 
1.584996119e+000 1.995764369e+000 
1.533735070e+000 1.991171442e+000 
1.535929293e+000 1.991502250e+000 
1.626522859e+000 1.997903993e+000 
1.547533451e+000 1.992679913e+000 
1.545823011e+000 1.992520274e+000 
1.547475166e+000 1.992678722e+000 
1.629965304e+000 1.998051627e+000 
1.618627296e+000 1.997574671e+000 
1.545509063e+000 1.992460362e+000 
1.542307584e+000 1.992242475e+000 
1.541053161e+000 1.992072562e+000 
1.546958307e+000 1.992592843e+000 
1.580999002e+000 1.995383266e+000 
1.544044773e+000 1.992344578e+000 
1.577344595e+000 1.995051903e+000 
1.579175736e+000 1.995215222e+000 
1.574923881e+000 1.994838724e+000 
1.578184578e+000 1.995132477e+000 
1.576689863e+000 1.995041017e+000 
1.574094621e+000 1.994748141e+000 
1.575056068e+000 1.994864715e+000 
1.573178306e+000 1.994715064e+000 
1.648267960e+000 1.998760559e+000 
1.628758201e+000 1.998035629e+000 
1.570350604e+000 1.994393613e+000 
1.652041816e+000 1.998894174e+000 
1.656127694e+000 1.998956456e+000 
1.654383651e+000 1.998899601e+000 
1.637653766e+000 1.998322102e+000 
1.616915293e+000 1.997403032e+000 
1.634060423e+000 1.998162586e+000 
1.580714268e+000 1.995308790e+000 
1.661784352e+000 1.999090063e+000 
1.660335404e+000 1.999009940e+000 
1.662514930e+000 1.999100881e+000 
1.569460229e+000 1.994298176e+000 
1.567380066e+000 1.994198499e+000 
1.588530245e+000 1.996004657e+000 
1.608953622e+000 1.996987920e+000 
1.638539618e+000 1.998380647e+000 
1.609664312e+000 1.997001401e+000 
1.638707807e+000 1.998404068e+000 
1.637422097e+000 1.998304660e+000 
1.613202166e+000 1.997291587e+000 
1.613432989e+000 1.997374033e+000 
1.621526399e+000 1.997704576e+000 
1.623118342e+000 1.997784202e+000 
1.626547302e+000 1.997931301e+000 

