1.023854187e+000 1.174232652e+000 
1.017865641e+000 1.163538581e+000 
1.024903600e+000 1.175236594e+000 
1.024782547e+000 1.175215510e+000 
1.025497358e+000 1.176025974e+000 
1.016889540e+000 1.160921251e+000 
1.001190670e+000 1.002715558e+000 
1.000971455e+000 1.002570493e+000 
1.001045553e+000 1.002638042e+000 
1.000872997e+000 1.002549708e+000 
1.000930881e+000 1.002561850e+000 
1.000906988e+000 1.002554258e+000 
1.001133223e+000 1.002700263e+000 
1.000751909e+000 1.002471091e+000 
1.000871791e+000 1.002479051e+000 
1.001174235e+000 1.002705795e+000 
1.000914008e+000 1.002555241e+000 
1.072344374e+000 1.854098327e+000 
1.083647365e+000 1.863357999e+000 
1.032139977e+000 1.800575818e+000 
1.141104380e+000 1.902286807e+000 
1.041098026e+000 1.816067242e+000 
1.027206835e+000 1.788900143e+000 
1.047880847e+000 1.825837034e+000 
1.055637062e+000 1.835942668e+000 
1.064943219e+000 1.846449970e+000 
1.058168159e+000 1.838660500e+000 
1.030426647e+000 1.796779660e+000 
1.050444317e+000 1.828881221e+000 
1.171098782e+000 1.915882879e+000 
1.102175540e+000 1.879372911e+000 
1.050513639e+000 1.829375928e+000 
1.045600392e+000 1.822676747e+000 
1.043180736e+000 1.818846355e+000 
1.054757119e+000 1.834816639e+000 
1.066462638e+000 1.848075675e+000 
1.052079403e+000 1.831655347e+000 
1.057982088e+000 1.838414191e+000 
1.043931322e+000 1.820562623e+000 
1.149755497e+000 1.906490380e+000 
1.169345141e+000 1.915361787e+000 
1.036185633e+000 1.808038270e+000 
1.141591565e+000 1.902564141e+000 
1.044152068e+000 1.820652684e+000 
1.108953220e+000 1.884554065e+000 
1.040878147e+000 1.815467438e+000 
1.060004732e+000 1.841244524e+000 
1.140142575e+000 1.901448737e+000 
1.053775309e+000 1.833814912e+000 
1.032024134e+000 1.800136259e+000 
1.053516043e+000 1.833335140e+000 
1.136032496e+000 1.899482518e+000 
1.034739816e+000 1.805441332e+000 
1.057477829e+000 1.838087891e+000 
1.062704126e+000 1.844411839e+000 
1.155905245e+000 1.908683967e+000 
1.169646115e+000 1.915415007e+000 
1.030668671e+000 1.797372458e+000 
1.043817343e+000 1.820284987e+000 
1.051575124e+000 1.830617128e+000 
1.049391968e+000 1.828016148e+000 
1.144466274e+000 1.903899289e+000 
1.067837557e+000 1.849406800e+000 
1.025807888e+000 1.785340455e+000 
1.036711922e+000 1.809004810e+000 
1.066067226e+000 1.847716143e+000 
1.034078139e+000 1.804172952e+000 
1.039352174e+000 1.813492830e+000 
1.050952573e+000 1.830290953e+000 
1.039232589e+000 1.813284147e+000 
1.051775093e+000 1.830984836e+000 
1.036522964e+000 1.808532603e+000 
1.046727231e+000 1.824117706e+000 
1.040803086e+000 1.815456494e+000 
1.054902139e+000 1.835179306e+000 
1.041711176e+000 1.816650446e+000 
1.076070158e+000 1.856946521e+000 
1.075678525e+000 1.856725357e+000 
1.195217868e+000 1.924142292e+000 
1.140219022e+000 1.901762730e+000 
1.056065069e+000 1.836168847e+000 
1.043420736e+000 1.819527900e+000 
1.059188355e+000 1.840316322e+000 
1.055883949e+000 1.836125943e+000 
1.038062573e+000 1.811322134e+000 
1.052977132e+000 1.832281523e+000 
1.202494535e+000 1.925776865e+000 
1.205082011e+000 1.927275630e+000 
1.116832027e+000 1.889515361e+000 
1.087299656e+000 1.867595126e+000 
1.069333948e+000 1.850623962e+000 
1.075356271e+000 1.856207949e+000 
1.136329554e+000 1.899677591e+000 
1.035818431e+000 1.807390673e+000 
1.035637768e+000 1.806801812e+000 
1.147020956e+000 1.905548336e+000 
1.120741154e+000 1.891626569e+000 
1.029264062e+000 1.793523878e+000 
1.028104853e+000 1.791243095e+000 
1.067883939e+000 1.849430025e+000 
1.033252756e+000 1.802619625e+000 
1.039731831e+000 1.813949204e+000 
1.032846815e+000 1.801770273e+000 
1.072041448e+000 1.853379188e+000 
1.053320479e+000 1.833081755e+000 
1.105235909e+000 1.882039093e+000 
1.193541559e+000 1.922706044e+000 
1.152914177e+000 1.907991212e+000 
1.054408962e+000 1.834453925e+000 
1.074813733e+000 1.856053013e+000 
1.069334369e+000 1.850794875e+000 
1.033236651e+000 1.802524186e+000 
1.032346193e+000 1.800763229e+000 
1.192225582e+000 1.922268733e+000 
1.159732218e+000 1.910320283e+000 
1.107244402e+000 1.883490210e+000 
1.202709343e+000 1.925843168e+000 
1.029278506e+000 1.793630671e+000 
1.029668658e+000 1.794752767e+000 
1.078803788e+000 1.859568576e+000 
1.028406682e+000 1.791699315e+000 
1.106405419e+000 1.882677464e+000 
1.029624262e+000 1.794640465e+000 
1.081226801e+000 1.861541530e+000 
1.164622355e+000 1.913036125e+000 
1.125955805e+000 1.894507693e+000 
1.169736211e+000 1.915665890e+000 
1.056740841e+000 1.837185337e+000 
1.055502563e+000 1.835729283e+000 
1.027626995e+000 1.790269212e+000 
1.171593416e+000 1.916667349e+000 
1.030107912e+000 1.795626948e+000 
1.183158613e+000 1.919416106e+000 
1.162083502e+000 1.911706261e+000 
1.061429130e+000 1.842947624e+000 
1.161679185e+000 1.911537469e+000 
1.098441984e+000 1.876146520e+000 
1.183228195e+000 1.919613150e+000 
1.168898852e+000 1.915120874e+000 
1.080167137e+000 1.860931085e+000 
1.026258936e+000 1.786980047e+000 
1.188552491e+000 1.921660698e+000 
1.091198579e+000 1.870628372e+000 
1.110659039e+000 1.885896296e+000 
1.060732966e+000 1.841961591e+000 
1.113892006e+000 1.887735602e+000 
1.208603631e+000 1.929082241e+000 
1.138121977e+000 1.900705720e+000 
1.133055439e+000 1.898504310e+000 
1.129773326e+000 1.896447719e+000 
1.172517186e+000 1.916713107e+000 
1.145753766e+000 1.904808878e+000 
1.118906587e+000 1.890554563e+000 
1.196654684e+000 1.925133735e+000 
1.212675391e+000 1.931294239e+000 
1.209809440e+000 1.929966463e+000 
1.200161256e+000 1.925489880e+000 
1.143528674e+000 1.903685192e+000 
1.200691541e+000 1.925690578e+000 
1.115159179e+000 1.888651160e+000 
1.083099571e+000 1.863343251e+000 
1.126364259e+000 1.894673096e+000 
1.082452952e+000 1.863162916e+000 
1.092602630e+000 1.872191570e+000 
1.086721461e+000 1.867433012e+000 
1.084599839e+000 1.865426767e+000 
1.125645860e+000 1.894195425e+000 
1.123332651e+000 1.892948085e+000 
1.110478140e+000 1.885530597e+000 
1.106403961e+000 1.882554102e+000 
1.088207766e+000 1.868366101e+000 
1.113815930e+000 1.887723082e+000 
1.112960131e+000 1.887148241e+000 
1.095308938e+000 1.874104100e+000 
1.111683240e+000 1.886580733e+000 
1.117548283e+000 1.890078522e+000 
1.110181747e+000 1.884839797e+000 
1.116012147e+000 1.888975027e+000 
1.116607938e+000 1.889463158e+000 
1.096988552e+000 1.875391230e+000 
1.187105341e+000 1.920961837e+000 
1.109056935e+000 1.884755466e+000 
1.104247672e+000 1.880950431e+000 
1.079316902e+000 1.859777026e+000 
1.093746809e+000 1.872418480e+000 
1.083833834e+000 1.864270043e+000 
1.078463785e+000 1.859216956e+000 
1.084879350e+000 1.865553996e+000 
1.096132142e+000 1.874530132e+000 
1.099580308e+000 1.877164734e+000 
1.100536966e+000 1.877870753e+000 
1.086147370e+000 1.866559938e+000 
1.023313746e+000 1.173947581e+000 
1.019908732e+000 1.168813625e+000 
1.020778500e+000 1.170226175e+000 
1.021495918e+000 1.171354366e+000 
1.018016357e+000 1.164075127e+000 
1.022341791e+000 1.172561026e+000 
1.020429824e+000 1.169617143e+000 
1.020758881e+000 1.170138078e+000 
1.020227795e+000 1.169261817e+000 
1.022634276e+000 1.173057671e+000 
1.019297356e+000 1.167572185e+000 
1.021763780e+000 1.171675987e+000 
1.018904965e+000 1.166491964e+000 
1.018139830e+000 1.164770028e+000 
1.018509103e+000 1.165598653e+000 
1.025729727e+000 1.177011538e+000 
1.001206383e+000 1.002912857e+000 
1.001355487e+000 1.002977098e+000 
1.003133254e+000 1.007020787e+000 
1.003337601e+000 1.007038310e+000 
1.002517148e+000 1.006347170e+000 
1.002989824e+000 1.006844020e+000 
1.002776135e+000 1.006670583e+000 
1.002987249e+000 1.006827417e+000 
1.002851553e+000 1.006820847e+000 
1.002592566e+000 1.006497433e+000 
1.003445681e+000 1.007181928e+000 
1.003065242e+000 1.006994283e+000 
1.002728262e+000 1.006504004e+000 
1.003405613e+000 1.007065850e+000 
1.004085453e+000 1.015032864e+000 
1.003504613e+000 1.014045237e+000 
1.003783014e+000 1.014718001e+000 
1.003964440e+000 1.014766007e+000 
1.003535509e+000 1.014450376e+000 
1.003656522e+000 1.014717233e+000 
1.004211946e+000 1.015033631e+000 
1.000132885e+000 1.000003515e+000 
1.000284122e+000 1.000005535e+000 
1.000337645e+000 1.000005821e+000 
1.000312721e+000 1.000005637e+000 
1.000515566e+000 1.000007473e+000 
1.000560523e+000 1.000009111e+000 
1.000147531e+000 1.000003522e+000 
1.000538303e+000 1.000007971e+000 
1.000716689e+000 1.000011109e+000 
1.000585447e+000 1.000009294e+000 
1.000541981e+000 1.000009088e+000 
1.000067194e+000 1.000001999e+000 
1.000249231e+000 1.000003827e+000 
1.000448856e+000 1.000007281e+000 
1.000401712e+000 1.000005958e+000 
1.000047235e+000 1.000000564e+000 
1.000122607e+000 1.000003339e+000 
1.000422849e+000 1.000006281e+000 
1.000012465e+000 1.000000389e+000 
1.000120718e+000 1.000002285e+000 
1.000176131e+000 1.000003624e+000 
1.000201055e+000 1.000003808e+000 
1.000423933e+000 1.000007098e+000 
1.000666311e+000 1.000009754e+000 
1.000268879e+000 1.000005393e+000 
1.000527102e+000 1.000007793e+000 
1.000081597e+000 1.000002209e+000 
1.000061936e+000 1.000000570e+000 
9.999999995e-001 1.000000000e+000 
1.002397779e+000 1.003511013e+000 
1.002431250e+000 1.003512668e+000 
1.002281340e+000 1.003502025e+000 
1.002118079e+000 1.003429113e+000 
1.002410593e+000 1.003512204e+000 
1.001988809e+000 1.003356425e+000 
1.001724575e+000 1.003272261e+000 
1.001859557e+000 1.003346247e+000 
1.001436911e+000 1.003100491e+000 
1.002077315e+000 1.003420522e+000 
1.001988826e+000 1.003418934e+000 
1.001796445e+000 1.003274687e+000 
1.001915909e+000 1.003353457e+000 
1.001513358e+000 1.003188623e+000 
1.001609413e+000 1.003198802e+000 
1.001853845e+000 1.003344948e+000 
1.001642628e+000 1.003261311e+000 
1.001851157e+000 1.003336222e+000 
1.001601848e+000 1.003188825e+000 
1.001468052e+000 1.003113103e+000 
1.002062374e+000 1.003419859e+000 
1.002189249e+000 1.003436102e+000 
1.002481764e+000 1.003519193e+000 
1.002326608e+000 1.003504024e+000 
1.013794526e+000 1.063259724e+000 
1.016092088e+000 1.065090714e+000 
1.012690856e+000 1.061887017e+000 
1.011271248e+000 1.059585944e+000 
1.015905456e+000 1.064762468e+000 
1.011725513e+000 1.060587465e+000 
1.014454332e+000 1.063776668e+000 
1.011929441e+000 1.060628251e+000 
1.011936730e+000 1.060774629e+000 
1.012212879e+000 1.061433751e+000 
1.011934579e+000 1.060707218e+000 
1.008219384e+000 1.035327210e+000 
1.006769340e+000 1.033681425e+000 
1.007972105e+000 1.035159149e+000 
1.009397638e+000 1.036280097e+000 
1.009107396e+000 1.036142304e+000 
1.007197079e+000 1.033727652e+000 
1.007386298e+000 1.034443552e+000 
1.008670897e+000 1.035813857e+000 
1.008995935e+000 1.036045428e+000 
1.008297143e+000 1.035390720e+000 
1.009817346e+000 1.036741321e+000 
1.004688494e+000 1.017152778e+000 
1.004580604e+000 1.016982253e+000 
1.005300293e+000 1.017561304e+000 
1.005237809e+000 1.017507458e+000 
1.004255097e+000 1.016730079e+000 
1.004364752e+000 1.016794838e+000 
1.005824310e+000 1.017904974e+000 
1.004248933e+000 1.016516816e+000 
1.006193769e+000 1.018192286e+000 
1.005541927e+000 1.017759633e+000 
1.004359997e+000 1.016752514e+000 
1.004939162e+000 1.017226007e+000 
1.010384699e+000 1.051182916e+000 
1.009905850e+000 1.050736643e+000 
1.011230329e+000 1.052302060e+000 
1.305650959e+000 1.962708074e+000 
1.300995969e+000 1.962546024e+000 
1.305229521e+000 1.962662500e+000 
1.245786167e+000 1.945223106e+000 
1.245891202e+000 1.945406173e+000 
1.209390262e+000 1.929123362e+000 
1.208374803e+000 1.928326746e+000 
1.325090550e+000 1.967604779e+000 
1.208534998e+000 1.928566319e+000 
1.753177641e+000 2.000000000e+000 
1.286303027e+000 1.958637467e+000 
1.277718890e+000 1.957069833e+000 
1.280987863e+000 1.957188131e+000 
1.286707377e+000 1.958665188e+000 
1.285297327e+000 1.958609250e+000 
1.284703433e+000 1.958541306e+000 
1.752453459e+000 1.999943013e+000 
1.246982428e+000 1.946159256e+000 
1.213138023e+000 1.932069907e+000 
1.496998178e+000 1.989219070e+000 
1.740753753e+000 1.999549844e+000 
1.426382918e+000 1.982274705e+000 
1.424975810e+000 1.981757146e+000 
1.220324815e+000 1.935686059e+000 
1.225067807e+000 1.937889852e+000 
1.225237725e+000 1.937991704e+000 
1.425013974e+000 1.982244713e+000 
1.222567529e+000 1.937148561e+000 
1.219794667e+000 1.935411464e+000 
1.267679850e+000 1.952827984e+000 
1.347667581e+000 1.970901886e+000 
1.248979717e+000 1.946719414e+000 
1.743940421e+000 1.999732235e+000 
1.468898263e+000 1.987285484e+000 
1.221407451e+000 1.936019566e+000 
1.210304333e+000 1.930511379e+000 
1.216030540e+000 1.933478064e+000 
1.214435350e+000 1.932416425e+000 
1.221387344e+000 1.935792965e+000 
1.214674835e+000 1.933017881e+000 
1.202781650e+000 1.926536001e+000 
1.203810597e+000 1.926733890e+000 
1.212774959e+000 1.931917826e+000 
1.211351035e+000 1.931018370e+000 
1.212096805e+000 1.931287501e+000 
1.464163816e+000 1.986958058e+000 
1.458849338e+000 1.986224672e+000 
1.461285166e+000 1.986668813e+000 
1.462024849e+000 1.986672812e+000 
1.252462111e+000 1.948204037e+000 
1.422429768e+000 1.981719551e+000 
1.399249121e+000 1.978744315e+000 
1.459075349e+000 1.986346050e+000 
1.418630293e+000 1.981371465e+000 
1.206802364e+000 1.927832879e+000 
1.413825849e+000 1.980634958e+000 
1.409555487e+000 1.980526106e+000 
1.407982440e+000 1.980340695e+000 
1.375991451e+000 1.975348270e+000 
1.253892586e+000 1.948618714e+000 
1.744601139e+000 1.999747768e+000 
1.204870204e+000 1.927170194e+000 
1.564350845e+000 1.994041277e+000 
1.253024722e+000 1.948502232e+000 
1.746052761e+000 1.999794296e+000 
1.256243758e+000 1.949605690e+000 
1.247835733e+000 1.946420144e+000 
1.238104502e+000 1.942484637e+000 
1.254984223e+000 1.949259753e+000 
1.270281066e+000 1.954956724e+000 
1.231566394e+000 1.940175416e+000 
1.230402816e+000 1.939677676e+000 
1.220784054e+000 1.935754724e+000 
1.227193160e+000 1.939211853e+000 
1.233368575e+000 1.940545546e+000 
1.235358342e+000 1.941863245e+000 
1.270330662e+000 1.955008589e+000 
1.267843576e+000 1.953868256e+000 
1.232538433e+000 1.940477259e+000 
1.228350680e+000 1.939483351e+000 
1.238481850e+000 1.942493130e+000 
1.260584467e+000 1.951230879e+000 
1.257862747e+000 1.950238550e+000 
1.241865586e+000 1.944045620e+000 
1.240780308e+000 1.943879590e+000 
1.724521940e+000 1.999340013e+000 
1.239856170e+000 1.943586024e+000 
1.258333477e+000 1.950342227e+000 
1.263643541e+000 1.952135607e+000 
1.238717787e+000 1.943026515e+000 
1.322884494e+000 1.967281489e+000 
1.707546111e+000 1.999162596e+000 
1.244088178e+000 1.945115696e+000 
1.705800241e+000 1.999156740e+000 
1.274369261e+000 1.955804656e+000 
1.271392169e+000 1.955239385e+000 
1.311166323e+000 1.965465824e+000 
1.281530557e+000 1.957733338e+000 
1.312131265e+000 1.965578363e+000 
1.320146954e+000 1.967088923e+000 
1.283198310e+000 1.958297303e+000 
1.694399993e+000 1.998594616e+000 
1.696428001e+000 1.998809589e+000 
1.702214746e+000 1.999037406e+000 
1.306488100e+000 1.964411699e+000 
1.299385001e+000 1.962380791e+000 
1.335299095e+000 1.969417994e+000 
1.330934602e+000 1.968658550e+000 
1.299829068e+000 1.962396066e+000 
1.317661437e+000 1.966198029e+000 
1.318769560e+000 1.966566511e+000 
1.298519698e+000 1.962378164e+000 
1.688345149e+000 1.998528559e+000 
1.693056796e+000 1.998563113e+000 
1.276321998e+000 1.956179085e+000 
1.286976724e+000 1.959495947e+000 
1.290707457e+000 1.960601433e+000 
1.732626321e+000 1.999471426e+000 
1.265259823e+000 1.952795187e+000 
1.290671293e+000 1.960595723e+000 
1.263638362e+000 1.952070098e+000 
1.290033459e+000 1.959916389e+000 
1.286924405e+000 1.958911623e+000 
1.696101140e+000 1.998617657e+000 
1.571627963e+000 1.994506147e+000 
1.728830888e+000 1.999468989e+000 
1.526372838e+000 1.991876698e+000 
1.684111288e+000 1.998384342e+000 
1.573682598e+000 1.994576503e+000 
1.562971612e+000 1.994039308e+000 
1.565879987e+000 1.994317950e+000 
1.519636211e+000 1.991429475e+000 
1.506224245e+000 1.990307956e+000 
1.729372984e+000 1.999469669e+000 
1.624269494e+000 1.997187153e+000 
1.606200193e+000 1.996174643e+000 
1.611403970e+000 1.996846211e+000 
1.435330644e+000 1.983029887e+000 
1.615966762e+000 1.996945210e+000 
1.726922231e+000 1.999446674e+000 
1.621374480e+000 1.997141922e+000 
1.726359529e+000 1.999441585e+000 
1.726988246e+000 1.999463996e+000 
1.382204137e+000 1.976586209e+000 
1.607516609e+000 1.996275388e+000 
1.605461416e+000 1.996163946e+000 
1.499175954e+000 1.990256513e+000 
1.590107029e+000 1.995551047e+000 
1.507130557e+000 1.990641492e+000 
1.593493961e+000 1.995901784e+000 
1.599630302e+000 1.996144123e+000 
1.498300152e+000 1.989485069e+000 
1.594510767e+000 1.995963797e+000 
1.608840248e+000 1.996344763e+000 
1.598155486e+000 1.996047540e+000 
1.609067232e+000 1.996491362e+000 
1.584910514e+000 1.995014166e+000 
1.358933131e+000 1.973149241e+000 
1.614623500e+000 1.996860157e+000 
1.355932841e+000 1.972900051e+000 
1.349389264e+000 1.971710522e+000 
1.359664027e+000 1.973297933e+000 
1.355825210e+000 1.972444469e+000 
1.350214486e+000 1.971941853e+000 
1.341950357e+000 1.970516005e+000 
1.552410751e+000 1.993328147e+000 
1.390286898e+000 1.977583837e+000 
1.550069604e+000 1.993197210e+000 
1.559804741e+000 1.993748684e+000 
1.371867425e+000 1.975121602e+000 
1.370815652e+000 1.975115736e+000 
1.337910528e+000 1.969748605e+000 
1.334194020e+000 1.969099260e+000 
1.519557714e+000 1.991258977e+000 
1.368437770e+000 1.974625901e+000 
1.376430110e+000 1.975586265e+000 
1.362509361e+000 1.973741180e+000 
1.365525620e+000 1.973987801e+000 
1.406418289e+000 1.979569349e+000 
1.392016741e+000 1.977881904e+000 
1.414651313e+000 1.980687135e+000 
1.533314341e+000 1.992387679e+000 
1.535885274e+000 1.992550198e+000 
1.528542536e+000 1.992111420e+000 
1.381813917e+000 1.976347490e+000 
1.385401153e+000 1.976706092e+000 
1.523801331e+000 1.991438105e+000 
1.397441146e+000 1.978610666e+000 
1.415710156e+000 1.980921230e+000 
1.531330275e+000 1.992301610e+000 
1.397553833e+000 1.978642696e+000 
1.634476217e+000 1.997417724e+000 
1.642657996e+000 1.997809412e+000 
1.339534103e+000 1.970164529e+000 
1.335084233e+000 1.969255470e+000 
1.582047180e+000 1.994966041e+000 
1.637260107e+000 1.997612595e+000 
1.380830521e+000 1.976271927e+000 
1.507187125e+000 1.990804829e+000 
1.429137689e+000 1.982813098e+000 
1.430642605e+000 1.983006860e+000 
1.489273968e+000 1.989170909e+000 
1.501563744e+000 1.990271254e+000 
1.677812020e+000 1.998352161e+000 
1.668730834e+000 1.998149337e+000 
1.669009682e+000 1.998180969e+000 
1.635780503e+000 1.997433354e+000 
1.478216886e+000 1.988102397e+000 
1.652472869e+000 1.997958876e+000 
1.656826270e+000 1.998132089e+000 
1.670384402e+000 1.998186950e+000 
1.649045661e+000 1.997952761e+000 
1.473361344e+000 1.987769882e+000 
1.437796251e+000 1.984170296e+000 
1.446638483e+000 1.985130369e+000 
1.426431388e+000 1.982295765e+000 
1.453301259e+000 1.985777483e+000 
1.447080834e+000 1.985204389e+000 
1.437334509e+000 1.984027730e+000 
1.478899763e+000 1.988142379e+000 
1.457313443e+000 1.986040991e+000 
1.479341403e+000 1.988280316e+000 
1.443169622e+000 1.984699147e+000 
1.448732914e+000 1.985312592e+000 
1.451000952e+000 1.985611696e+000 
1.486170192e+000 1.988748434e+000 
1.484005518e+000 1.988429500e+000 
1.541793669e+000 1.992667273e+000 
1.545845539e+000 1.992831304e+000 
1.535795215e+000 1.992491773e+000 
1.534707839e+000 1.992428319e+000 
1.560500398e+000 1.993797864e+000 

