1.107837590e+000 1.915562479e+000 
1.021992436e+000 1.817200192e+000 
1.025666099e+000 1.826374032e+000 
1.052533916e+000 1.869002581e+000 
1.055576099e+000 1.873502905e+000 
1.149593779e+000 1.937359518e+000 
1.151523640e+000 1.937377082e+000 
1.029209389e+000 1.833444482e+000 
1.127981410e+000 1.927487932e+000 
1.113875206e+000 1.920313959e+000 
1.018133044e+000 1.808605880e+000 
1.017512483e+000 1.807113872e+000 
1.053160108e+000 1.869957008e+000 
1.048622010e+000 1.863922928e+000 
1.055924388e+000 1.873903471e+000 
1.063482501e+000 1.881300075e+000 
1.025549522e+000 1.826004955e+000 
1.041483388e+000 1.853813457e+000 
1.019596388e+000 1.812452011e+000 
1.058760599e+000 1.876137314e+000 
1.093963857e+000 1.907413214e+000 
1.065890697e+000 1.884252638e+000 
1.015683561e+000 1.800959945e+000 
1.120453767e+000 1.923484063e+000 
1.017711471e+000 1.807324962e+000 
1.020535821e+000 1.814471391e+000 
1.076953724e+000 1.893568758e+000 
1.043303625e+000 1.856446233e+000 
1.015519710e+000 1.797440629e+000 
1.157465122e+000 1.940007468e+000 
1.016484490e+000 1.803631245e+000 
1.017404011e+000 1.805688387e+000 
1.017050303e+000 1.805637276e+000 
1.018733834e+000 1.810179093e+000 
1.016136485e+000 1.802347744e+000 
1.018720562e+000 1.809595698e+000 
1.058640889e+000 1.876137116e+000 
1.064729493e+000 1.882664183e+000 
1.020918041e+000 1.815330843e+000 
1.102000511e+000 1.912643720e+000 
1.020197178e+000 1.814025224e+000 
1.110383637e+000 1.917497685e+000 
1.157179933e+000 1.939410429e+000 
1.058621164e+000 1.876028405e+000 
1.130963830e+000 1.928454608e+000 
1.028389256e+000 1.831861877e+000 
1.047206304e+000 1.862062545e+000 
1.027929898e+000 1.831120482e+000 
1.065114096e+000 1.883166087e+000 
1.027532533e+000 1.829651694e+000 
1.017501222e+000 1.805876740e+000 
1.072380316e+000 1.889992997e+000 
1.018811361e+000 1.810692172e+000 
1.021996710e+000 1.817781992e+000 
1.164723210e+000 1.943328268e+000 
1.074497548e+000 1.891899023e+000 
1.067146082e+000 1.885058210e+000 
1.089000019e+000 1.903339263e+000 
1.098262729e+000 1.910191756e+000 
1.109938781e+000 1.917425680e+000 
1.164544290e+000 1.942930765e+000 
1.079943558e+000 1.896905475e+000 
1.022501676e+000 1.818978188e+000 
1.022826052e+000 1.819416661e+000 
1.031514369e+000 1.837906533e+000 
1.141918547e+000 1.933967767e+000 
1.020067713e+000 1.813339568e+000 
1.085951078e+000 1.901268987e+000 
1.024715538e+000 1.823890121e+000 
1.029909330e+000 1.834904055e+000 
1.050235453e+000 1.866244032e+000 
1.131599274e+000 1.928490048e+000 
1.037549857e+000 1.848251779e+000 
1.141739626e+000 1.933300914e+000 
1.069663171e+000 1.887783581e+000 
1.019314471e+000 1.811406170e+000 
1.068628534e+000 1.886511240e+000 
1.087062197e+000 1.902406600e+000 
1.070309904e+000 1.888072125e+000 
1.082756053e+000 1.898889841e+000 
1.038741038e+000 1.849872139e+000 
1.025021481e+000 1.824638725e+000 
1.073045243e+000 1.890646778e+000 
1.177651310e+000 1.947275972e+000 
1.079408519e+000 1.896126376e+000 
1.125573253e+000 1.925442070e+000 
1.046858015e+000 1.861661979e+000 
1.043555519e+000 1.856826202e+000 
1.176469225e+000 1.945680346e+000 
1.143798878e+000 1.934364503e+000 
1.067195256e+000 1.885749095e+000 
1.025312864e+000 1.825180094e+000 
1.025397532e+000 1.825259705e+000 
1.108034518e+000 1.915815496e+000 
1.035165658e+000 1.844345730e+000 
1.052692109e+000 1.869556244e+000 
1.053676803e+000 1.871072631e+000 
1.054192662e+000 1.871184159e+000 
1.060727390e+000 1.878155817e+000 
1.048997836e+000 1.864671521e+000 
1.051447574e+000 1.867874920e+000 
1.029424751e+000 1.833816053e+000 
1.154034646e+000 1.937568327e+000 
1.099374783e+000 1.910346510e+000 
1.045074184e+000 1.859061073e+000 
1.090616323e+000 1.904486722e+000 
1.091634992e+000 1.905681619e+000 
1.093539255e+000 1.907291803e+000 
1.031840801e+000 1.838618933e+000 
1.145384591e+000 1.934667353e+000 
1.098732165e+000 1.910263760e+000 
1.123613008e+000 1.925238396e+000 
1.068038918e+000 1.886290656e+000 
1.097862707e+000 1.910070345e+000 
1.048361431e+000 1.863555700e+000 
1.114320062e+000 1.920385963e+000 
1.090134439e+000 1.904053704e+000 
1.098718732e+000 1.910225782e+000 
1.021643165e+000 1.816623397e+000 
1.032041287e+000 1.839294495e+000 
1.031166080e+000 1.837505966e+000 
1.094408713e+000 1.907485218e+000 
1.033153993e+000 1.841181298e+000 
1.062219899e+000 1.879775118e+000 
1.111554861e+000 1.918221353e+000 
1.041932344e+000 1.854711174e+000 
1.080427188e+000 1.897145904e+000 
1.034862831e+000 1.844028537e+000 
1.030913973e+000 1.836780636e+000 
1.159498756e+000 1.940398052e+000 
1.064068450e+000 1.881690861e+000 
1.073200776e+000 1.890671166e+000 
1.026504724e+000 1.827761433e+000 
1.030177210e+000 1.835178667e+000 
1.028633453e+000 1.832334010e+000 
1.127819403e+000 1.927347352e+000 
1.029502489e+000 1.834065701e+000 
1.162813199e+000 1.942635056e+000 
1.083549198e+000 1.899362412e+000 
1.180615432e+000 1.947978672e+000 
1.073366662e+000 1.890762245e+000 
1.090102569e+000 1.903968459e+000 
1.120817211e+000 1.923503637e+000 
1.099819639e+000 1.910418514e+000 
1.175060066e+000 1.945246249e+000 
1.105405675e+000 1.913646492e+000 
1.070362025e+000 1.888470809e+000 
1.159179010e+000 1.940364375e+000 
1.118643514e+000 1.923164506e+000 
1.072696955e+000 1.890246212e+000 
1.030491861e+000 1.835920322e+000 
1.106017781e+000 1.914614508e+000 
1.135758031e+000 1.930723058e+000 
1.159499162e+000 1.940915968e+000 
1.021636956e+000 1.816516194e+000 
1.049902409e+000 1.865390513e+000 
1.157451689e+000 1.939969491e+000 
1.041943121e+000 1.854845318e+000 
1.072110497e+000 1.889724937e+000 
1.022118262e+000 1.817842461e+000 
1.145880744e+000 1.935365953e+000 
1.074845837e+000 1.892299590e+000 
1.104143091e+000 1.913197056e+000 
1.034187653e+000 1.842816145e+000 
1.148202349e+000 1.936369985e+000 
1.047710568e+000 1.862377570e+000 
1.144186902e+000 1.934384077e+000 
1.072776052e+000 1.890286057e+000 
1.100659418e+000 1.911015239e+000 
1.045191862e+000 1.859157425e+000 
1.112954379e+000 1.919020558e+000 
1.044969055e+000 1.858936066e+000 
1.041709537e+000 1.854489815e+000 
1.156877383e+000 1.938954561e+000 
1.082384030e+000 1.898729555e+000 
1.130572767e+000 1.927701065e+000 
1.073924325e+000 1.891687789e+000 
1.080775477e+000 1.897546470e+000 
1.023545635e+000 1.821002878e+000 
1.045535725e+000 1.859750004e+000 
1.045317344e+000 1.859336632e+000 
1.034862373e+000 1.843776140e+000 
1.126535859e+000 1.926021119e+000 
1.157992514e+000 1.940027042e+000 
1.139528059e+000 1.932429330e+000 
1.038581746e+000 1.849833710e+000 
1.044359026e+000 1.857991411e+000 
1.043263187e+000 1.856336567e+000 
1.040847282e+000 1.853190475e+000 
1.039221604e+000 1.850400182e+000 
1.124001031e+000 1.925257970e+000 
1.044242667e+000 1.857754547e+000 
1.077252822e+000 1.894012727e+000 
1.120396935e+000 1.923431632e+000 
1.040172561e+000 1.852230479e+000 
1.034535941e+000 1.843216711e+000 
1.043828386e+000 1.857505220e+000 
1.042932658e+000 1.856034322e+000 
1.038319959e+000 1.849289369e+000 
1.035595505e+000 1.845239534e+000 
1.115585764e+000 1.920816663e+000 
1.170546167e+000 1.944320691e+000 
1.156628728e+000 1.938934988e+000 
1.129924235e+000 1.927694805e+000 
1.130807399e+000 1.927701149e+000 
1.063723537e+000 1.881524602e+000 
1.059505963e+000 1.876756356e+000 
1.014698446e+000 1.743967805e+000 
1.015360789e+000 1.745711179e+000 
1.013971246e+000 1.742413584e+000 
1.000088088e+000 1.000012522e+000 
1.000866463e+000 1.000717806e+000 
1.000363578e+000 1.000661830e+000 
1.000509936e+000 1.000683222e+000 
1.000668700e+000 1.000699345e+000 
1.000569450e+000 1.000698342e+000 
1.000372324e+000 1.000665347e+000 
1.000261393e+000 1.000646313e+000 
1.000432762e+000 1.000666012e+000 
1.000150055e+000 1.000645571e+000 
1.000429614e+000 1.000665605e+000 
1.000776295e+000 1.000716346e+000 
1.000492276e+000 1.000680897e+000 
1.000788384e+000 1.000717488e+000 
1.000557362e+000 1.000697200e+000 
1.000750021e+000 1.000700590e+000 
1.000887633e+000 1.000718491e+000 
1.000096908e+000 1.000626537e+000 
1.000360430e+000 1.000661658e+000 
1.000724142e+000 1.000700354e+000 
1.000270007e+000 1.000659745e+000 
1.000320907e+000 1.000661433e+000 
1.000700710e+000 1.000700304e+000 
1.000308818e+000 1.000660291e+000 
1.000489128e+000 1.000680726e+000 
1.000438229e+000 1.000679038e+000 
1.000266859e+000 1.000659574e+000 
1.000477040e+000 1.000679584e+000 
1.002847292e+000 1.023359602e+000 
1.002506190e+000 1.023053776e+000 
1.002201295e+000 1.022735636e+000 
1.002652355e+000 1.023102961e+000 
1.002808287e+000 1.023136986e+000 
1.002957250e+000 1.023421102e+000 
1.002461485e+000 1.022768910e+000 
1.003114800e+000 1.023436521e+000 
1.003310343e+000 1.023495549e+000 
1.003132069e+000 1.023457393e+000 
1.003188482e+000 1.023466832e+000 
1.003288001e+000 1.023491418e+000 
1.009475024e+000 1.154938540e+000 
1.009366413e+000 1.154128405e+000 
1.009327601e+000 1.154046091e+000 
1.000063283e+000 1.000008221e+000 
9.999999989e-001 1.000007665e+000 
1.006552742e+000 1.066630463e+000 
1.006217376e+000 1.066431736e+000 
1.006253844e+000 1.066454528e+000 
1.007314861e+000 1.069053898e+000 
1.007118238e+000 1.068034936e+000 
1.006589599e+000 1.067745328e+000 
1.005981395e+000 1.065033165e+000 
1.006449052e+000 1.066495138e+000 
1.007113893e+000 1.068022471e+000 
1.006931884e+000 1.067836738e+000 
1.009907775e+000 1.355678023e+000 
1.010212670e+000 1.356115161e+000 
1.010914183e+000 1.358540009e+000 
1.010321388e+000 1.356369617e+000 
1.009964675e+000 1.355812426e+000 
1.009743283e+000 1.354155086e+000 
1.010850215e+000 1.358414832e+000 
1.011322791e+000 1.359806989e+000 
1.011750374e+000 1.360826317e+000 
1.010602219e+000 1.358112097e+000 
1.011801116e+000 1.360917295e+000 
1.001531307e+000 1.007623039e+000 
1.001394323e+000 1.007492175e+000 
1.001975203e+000 1.007816276e+000 
1.001885738e+000 1.007797800e+000 
1.001894542e+000 1.007797802e+000 
1.001855675e+000 1.007797756e+000 
1.001620772e+000 1.007641245e+000 
1.001357807e+000 1.007489460e+000 
1.001290103e+000 1.007344589e+000 
1.001447271e+000 1.007507666e+000 
1.002059239e+000 1.007931378e+000 
1.002029176e+000 1.007931335e+000 
1.002148704e+000 1.007949854e+000 
1.001766267e+000 1.007772039e+000 
1.002068043e+000 1.007931380e+000 
1.001230589e+000 1.007326117e+000 
1.001729750e+000 1.007769324e+000 
1.001819215e+000 1.007787530e+000 
1.001556250e+000 1.007635746e+000 
1.001645714e+000 1.007653952e+000 
1.001298292e+000 1.007470989e+000 
1.001471793e+000 1.007604567e+000 
1.001550818e+000 1.007626820e+000 
1.001592766e+000 1.007638460e+000 
1.001334809e+000 1.007473703e+000 
1.001254148e+000 1.007328731e+000 
1.009046065e+000 1.091638702e+000 
1.008810396e+000 1.091609234e+000 
1.008129808e+000 1.088977118e+000 
1.007480707e+000 1.088975828e+000 
1.008205014e+000 1.090410189e+000 
1.004813210e+000 1.050357472e+000 
1.004464921e+000 1.049861314e+000 
1.003451286e+000 1.048504526e+000 
1.003531762e+000 1.048505789e+000 
1.003880050e+000 1.049001947e+000 
1.003799575e+000 1.049000684e+000 
1.004168821e+000 1.049146536e+000 
1.003890887e+000 1.049072989e+000 
1.003325998e+000 1.047796378e+000 
1.003971363e+000 1.049074252e+000 
1.005252811e+000 1.050925935e+000 
1.005333287e+000 1.050927197e+000 
1.004904523e+000 1.050429777e+000 
1.005530745e+000 1.050999481e+000 
1.004239176e+000 1.049569147e+000 
1.004401119e+000 1.049640498e+000 
1.005941805e+000 1.051125730e+000 
1.004684055e+000 1.049927639e+000 
1.004082813e+000 1.049132913e+000 
1.005444737e+000 1.050985859e+000 
1.005749878e+000 1.051065806e+000 
1.013520770e+000 1.469743189e+000 
1.012334480e+000 1.466857860e+000 
1.012735045e+000 1.467939252e+000 
1.011829521e+000 1.461861840e+000 
1.012683019e+000 1.467180419e+000 
1.011910810e+000 1.462939319e+000 
1.012020701e+000 1.464959868e+000 
1.013108419e+000 1.469183047e+000 
1.012700430e+000 1.467723864e+000 
1.013400558e+000 1.469334534e+000 
1.013556278e+000 1.470145111e+000 
1.000955106e+000 1.003845348e+000 
1.001059326e+000 1.003855220e+000 
1.000939799e+000 1.003804490e+000 
1.001014452e+000 1.003855099e+000 
1.267556456e+000 1.978041677e+000 
1.292125425e+000 1.983613481e+000 
1.271305846e+000 1.979066957e+000 
1.195621806e+000 1.954829104e+000 
1.286179710e+000 1.982367513e+000 
1.334645723e+000 1.990465343e+000 
1.293239693e+000 1.984198817e+000 
1.339652771e+000 1.991520506e+000 
1.191546424e+000 1.953449824e+000 
1.281099739e+000 1.981535934e+000 
1.204970551e+000 1.958905932e+000 
1.205841449e+000 1.959020694e+000 
1.179252876e+000 1.947679595e+000 
1.344599893e+000 1.992046576e+000 
1.337658116e+000 1.991191311e+000 
1.257070685e+000 1.974817697e+000 
1.300978301e+000 1.985869366e+000 
1.264066350e+000 1.977117563e+000 
1.352482908e+000 1.992877091e+000 
1.276247073e+000 1.980235981e+000 
1.237506442e+000 1.968675098e+000 
1.305725967e+000 1.986123696e+000 
1.233779760e+000 1.967705168e+000 
1.193525537e+000 1.953650045e+000 
1.178473348e+000 1.947639649e+000 
1.173622309e+000 1.944632035e+000 
1.187870534e+000 1.951910353e+000 
1.326684149e+000 1.989088138e+000 
1.261754350e+000 1.976461290e+000 
1.288472656e+000 1.982898865e+000 
1.279509711e+000 1.981112437e+000 
1.213033289e+000 1.961344298e+000 
1.344010328e+000 1.991537030e+000 
1.175958990e+000 1.945556149e+000 
1.181735986e+000 1.948525522e+000 
1.283942435e+000 1.982080562e+000 
1.471337078e+000 1.999188838e+000 
1.577834520e+000 2.000000000e+000 
1.280679797e+000 1.981204105e+000 
1.298319664e+000 1.985030397e+000 
1.179344246e+000 1.947754410e+000 
1.176854629e+000 1.946857463e+000 
1.193953406e+000 1.954336212e+000 
1.191130637e+000 1.953412097e+000 
1.459507373e+000 1.999170585e+000 
1.346228302e+000 1.992508002e+000 
1.287057550e+000 1.982576073e+000 
1.182288946e+000 1.949010680e+000 
1.329066646e+000 1.989398139e+000 
1.344515452e+000 1.991663738e+000 
1.218192467e+000 1.962936353e+000 
1.202203367e+000 1.957568978e+000 
1.200807049e+000 1.957263321e+000 
1.318160293e+000 1.988124539e+000 
1.410565076e+000 1.997579879e+000 
1.256837153e+000 1.974811394e+000 
1.418445419e+000 1.997912425e+000 
1.313764714e+000 1.987529853e+000 
1.185623670e+000 1.950738040e+000 
1.190717269e+000 1.953042853e+000 
1.233506020e+000 1.967665195e+000 
1.190289400e+000 1.952356686e+000 
1.443724789e+000 1.998727237e+000 
1.187894500e+000 1.952118738e+000 
1.411910820e+000 1.997583953e+000 
1.187338024e+000 1.951835301e+000 
1.208694048e+000 1.959823330e+000 
1.473595161e+000 1.999352957e+000 
1.183258194e+000 1.949040601e+000 
1.188985146e+000 1.952125008e+000 
1.307261795e+000 1.986613671e+000 
1.451026193e+000 1.999029189e+000 
1.207308020e+000 1.959216269e+000 
1.291938057e+000 1.983555413e+000 
1.210287028e+000 1.960162654e+000 
1.289461174e+000 1.983223060e+000 
1.312242978e+000 1.987259034e+000 
1.292488462e+000 1.983617866e+000 
1.296370781e+000 1.984523537e+000 
1.305307666e+000 1.986049118e+000 
1.309741249e+000 1.986807593e+000 
1.449924412e+000 1.998826461e+000 
1.324448609e+000 1.988483726e+000 
1.323817621e+000 1.988415650e+000 
1.413418582e+000 1.997647185e+000 
1.283220197e+000 1.981906566e+000 
1.320087268e+000 1.988393339e+000 
1.309619953e+000 1.986779755e+000 
1.193526803e+000 1.954056860e+000 
1.297255500e+000 1.984917819e+000 
1.185655598e+000 1.951214057e+000 
1.210578197e+000 1.960205028e+000 
1.196760876e+000 1.955109459e+000 
1.248772515e+000 1.973150715e+000 
1.413448501e+000 1.997733177e+000 
1.312364274e+000 1.987286873e+000 
1.274780737e+000 1.980053394e+000 
1.278093138e+000 1.980789646e+000 
1.273327567e+000 1.979489693e+000 
1.217237197e+000 1.962738600e+000 
1.216184602e+000 1.962615173e+000 
1.214897972e+000 1.962537056e+000 
1.566441776e+000 1.999924221e+000 
1.290320188e+000 1.983452530e+000 
1.234951424e+000 1.968621185e+000 
1.260659172e+000 1.976142953e+000 
1.299556150e+000 1.985105742e+000 
1.283556435e+000 1.981969288e+000 
1.281685748e+000 1.981905801e+000 
1.189400934e+000 1.952162734e+000 
1.208051830e+000 1.959515529e+000 
1.498796291e+000 1.999490149e+000 
1.219030378e+000 1.963397560e+000 
1.427510416e+000 1.998224774e+000 
1.220078506e+000 1.964096480e+000 
1.204747738e+000 1.958002004e+000 
1.234151278e+000 1.968595643e+000 
1.223341144e+000 1.965014350e+000 
1.204959139e+000 1.958194681e+000 
1.310967399e+000 1.987049084e+000 
1.200767164e+000 1.956922261e+000 
1.265455445e+000 1.977595057e+000 
1.406348580e+000 1.997332317e+000 
1.496691430e+000 1.999487960e+000 
1.221892036e+000 1.964603174e+000 
1.238035256e+000 1.969407703e+000 
1.262376101e+000 1.976956587e+000 
1.275400424e+000 1.980175967e+000 
1.491148602e+000 1.999471437e+000 
1.199149534e+000 1.956464220e+000 
1.207346187e+000 1.959481660e+000 
1.209200878e+000 1.959939184e+000 
1.277110554e+000 1.980508174e+000 
1.202888577e+000 1.957658091e+000 
1.270082981e+000 1.978875463e+000 
1.491072025e+000 1.999405928e+000 
1.247488276e+000 1.972828548e+000 
1.269048056e+000 1.978711212e+000 
1.238081029e+000 1.969684355e+000 
1.264325740e+000 1.977343288e+000 
1.247100076e+000 1.972344711e+000 
1.216706480e+000 1.962629734e+000 
1.211030100e+000 1.960743886e+000 
1.568364526e+000 1.999934700e+000 
1.530466834e+000 1.999683979e+000 
1.526458112e+000 1.999679166e+000 
1.535893895e+000 1.999699656e+000 
1.241340924e+000 1.971070836e+000 
1.267514205e+000 1.977992287e+000 
1.197498996e+000 1.955577794e+000 
1.300719378e+000 1.985157975e+000 
1.364462281e+000 1.994221187e+000 
1.399645811e+000 1.996695960e+000 
1.293042882e+000 1.983835145e+000 
1.239488643e+000 1.970576910e+000 
1.195401223e+000 1.954404919e+000 
1.222868294e+000 1.964675313e+000 
1.528459381e+000 1.999681790e+000 
1.241198774e+000 1.970909117e+000 
1.517252009e+000 1.999613581e+000 
1.366158990e+000 1.994247906e+000 
1.280256757e+000 1.981144221e+000 
1.246423953e+000 1.972320913e+000 
1.263174110e+000 1.976984783e+000 
1.244713823e+000 1.971988706e+000 
1.230502716e+000 1.966972268e+000 
1.295441767e+000 1.984213640e+000 
1.287766559e+000 1.982838835e+000 
1.221168916e+000 1.964289659e+000 
1.202931883e+000 1.957841456e+000 
1.246407028e+000 1.972167792e+000 
1.217817105e+000 1.962793322e+000 
1.328476983e+000 1.989092090e+000 
1.213337629e+000 1.961733256e+000 
1.227639208e+000 1.966209390e+000 
1.399905109e+000 1.996905627e+000 
1.259729791e+000 1.975999490e+000 
1.530007396e+000 1.999683133e+000 
1.231466098e+000 1.967636883e+000 
1.353842122e+000 1.993268945e+000 
1.197606311e+000 1.955589860e+000 
1.335659627e+000 1.990676302e+000 
1.366314061e+000 1.994249290e+000 
1.558062395e+000 1.999891273e+000 
1.222274715e+000 1.964616891e+000 
1.369359001e+000 1.994530355e+000 
1.261035894e+000 1.976307320e+000 
1.562948664e+000 1.999922928e+000 
1.517929726e+000 1.999665266e+000 
1.252482641e+000 1.973907582e+000 
1.233923304e+000 1.968198728e+000 
1.356887062e+000 1.993550010e+000 
1.359211270e+000 1.993733295e+000 
1.234787017e+000 1.968600412e+000 
1.231074373e+000 1.967294461e+000 
1.258077942e+000 1.975712942e+000 
1.183945309e+000 1.950198736e+000 
1.268368153e+000 1.978323348e+000 
1.436791043e+000 1.998549460e+000 
1.514411120e+000 1.999597057e+000 
1.225866858e+000 1.965873092e+000 
1.252420420e+000 1.973903491e+000 
1.371961175e+000 1.994776211e+000 
1.176751945e+000 1.945963977e+000 
1.404757634e+000 1.997106145e+000 
1.254786573e+000 1.974751347e+000 
1.504950903e+000 1.999579191e+000 
1.258049210e+000 1.975669217e+000 
1.183352491e+000 1.949777275e+000 
1.254365297e+000 1.974406991e+000 
1.227811735e+000 1.966376592e+000 
1.223258039e+000 1.964905773e+000 
1.264294674e+000 1.977229717e+000 
1.349856416e+000 1.992657104e+000 
1.259058770e+000 1.975911307e+000 
1.374526560e+000 1.994968806e+000 
1.181095469e+000 1.948195367e+000 
1.226941952e+000 1.966167999e+000 
1.330185628e+000 1.989509835e+000 
1.391584845e+000 1.996143936e+000 
1.388727083e+000 1.996102521e+000 
1.379709703e+000 1.995334863e+000 
1.378577295e+000 1.995243407e+000 
1.396190346e+000 1.996659091e+000 
1.383901401e+000 1.995917122e+000 
1.383308414e+000 1.995369624e+000 
1.388304485e+000 1.996101943e+000 
1.408782871e+000 1.997371582e+000 
1.401206755e+000 1.997055432e+000 
1.331101322e+000 1.989525256e+000 
1.331271430e+000 1.989794616e+000 
1.331673920e+000 1.990064461e+000 
1.326356477e+000 1.988811938e+000 
1.366342827e+000 1.994389866e+000 
1.363239149e+000 1.994141158e+000 
1.375779575e+000 1.995011066e+000 
1.175908670e+000 1.945524772e+000 
1.395077297e+000 1.996266823e+000 
1.396159054e+000 1.996419883e+000 
1.435292151e+000 1.998368714e+000 
1.538736271e+000 1.999772240e+000 
1.399340618e+000 1.996681149e+000 
1.560450640e+000 1.999907830e+000 
1.546638049e+000 1.999790953e+000 
1.537011590e+000 1.999717835e+000 
1.567986134e+000 1.999928677e+000 
1.562849227e+000 1.999919728e+000 
1.550788620e+000 1.999857255e+000 
1.423485361e+000 1.997958666e+000 
1.557730519e+000 1.999875179e+000 

