1.011899966e+000 1.020244102e+000 
1.010263279e+000 1.019648270e+000 
1.009442824e+000 1.019350631e+000 
1.011410024e+000 1.020038444e+000 
1.011205575e+000 1.019985923e+000 
1.009712141e+000 1.019355580e+000 
1.009326024e+000 1.019193240e+000 
1.012734289e+000 1.020510379e+000 
1.012058238e+000 1.020261774e+000 
1.010212210e+000 1.019648260e+000 
1.009900559e+000 1.019560930e+000 
1.012917670e+000 1.020514102e+000 
1.011912789e+000 1.020247782e+000 
1.013224392e+000 1.020569411e+000 
1.013347267e+000 1.020575682e+000 
1.049060832e+000 1.393656339e+000 
1.044930020e+000 1.387920498e+000 
1.053573666e+000 1.398939585e+000 
1.050420406e+000 1.395194948e+000 
1.044606509e+000 1.387689749e+000 
1.045757479e+000 1.388912581e+000 
1.048400439e+000 1.392975212e+000 
1.047394014e+000 1.391740398e+000 
1.045055314e+000 1.388019758e+000 
1.047140655e+000 1.391126768e+000 
1.051462997e+000 1.396208241e+000 
1.053935447e+000 1.399293771e+000 
1.052223650e+000 1.397352858e+000 
1.050853046e+000 1.395532378e+000 
1.051891734e+000 1.396784133e+000 
1.051525967e+000 1.396263375e+000 
1.044384704e+000 1.368255375e+000 
1.044519359e+000 1.368757774e+000 
1.042991502e+000 1.203706223e+000 
1.040205573e+000 1.200938077e+000 
1.038508009e+000 1.198339564e+000 
1.041379396e+000 1.202204539e+000 
1.040586789e+000 1.201379603e+000 
1.044111827e+000 1.204680660e+000 
1.040128142e+000 1.200636584e+000 
1.038884383e+000 1.198694899e+000 
1.044170822e+000 1.204758852e+000 
1.044230629e+000 1.204770811e+000 
1.000784390e+000 1.000297213e+000 
1.000902186e+000 1.000303732e+000 
1.006084899e+000 1.009051135e+000 
1.006972941e+000 1.009490411e+000 
1.005036029e+000 1.008780071e+000 
1.005797781e+000 1.009050479e+000 
1.005571548e+000 1.008951109e+000 
1.009215666e+000 1.009874448e+000 
1.006661724e+000 1.009365553e+000 
1.005390214e+000 1.008913938e+000 
1.008729029e+000 1.009825905e+000 
1.008169323e+000 1.009712438e+000 
1.006746709e+000 1.009391041e+000 
1.008282416e+000 1.009718069e+000 
1.006559280e+000 1.009285178e+000 
1.006459953e+000 1.009281797e+000 
1.006233721e+000 1.009183938e+000 
1.007598143e+000 1.009606168e+000 
1.007466737e+000 1.009579077e+000 
1.115399596e+000 1.867240285e+000 
1.056715350e+000 1.815510556e+000 
1.059653733e+000 1.819540790e+000 
1.066020969e+000 1.827467912e+000 
1.069998308e+000 1.831676050e+000 
1.080478621e+000 1.841740987e+000 
1.159673712e+000 1.891848026e+000 
1.055124129e+000 1.812058503e+000 
1.070845150e+000 1.831676209e+000 
1.073002171e+000 1.834512044e+000 
1.213521437e+000 1.913574799e+000 
1.084350678e+000 1.844413863e+000 
1.151881283e+000 1.888153878e+000 
1.088178086e+000 1.847541609e+000 
1.063586722e+000 1.824524782e+000 
1.093730554e+000 1.852594207e+000 
1.118307627e+000 1.869735320e+000 
1.058705651e+000 1.818219216e+000 
1.081905616e+000 1.842666295e+000 
1.133121885e+000 1.879265940e+000 
1.099923092e+000 1.857036901e+000 
1.089538688e+000 1.848661972e+000 
1.056269005e+000 1.814699845e+000 
1.142645991e+000 1.885213702e+000 
1.061825999e+000 1.821978396e+000 
1.081788081e+000 1.842294915e+000 
1.061562451e+000 1.821890706e+000 
1.077792921e+000 1.839347747e+000 
1.057205424e+000 1.816245306e+000 
1.058451772e+000 1.817703275e+000 
1.158322499e+000 1.891099354e+000 
1.075361455e+000 1.836945380e+000 
1.077366801e+000 1.838920401e+000 
1.092026158e+000 1.850307024e+000 
1.056904568e+000 1.815726646e+000 
1.062624588e+000 1.823179253e+000 
1.066965183e+000 1.828366686e+000 
1.129488794e+000 1.876985758e+000 
1.078325926e+000 1.839667291e+000 
1.096425910e+000 1.854249026e+000 
1.095689891e+000 1.853764254e+000 
1.137056289e+000 1.882026358e+000 
1.134953788e+000 1.880353368e+000 
1.135526808e+000 1.881091945e+000 
1.063234665e+000 1.823764094e+000 
1.057422273e+000 1.816384598e+000 
1.080455222e+000 1.841574220e+000 
1.090146496e+000 1.849062289e+000 
1.063298182e+000 1.823924498e+000 
1.140251740e+000 1.883725873e+000 
1.108342250e+000 1.862615308e+000 
1.109058213e+000 1.863228275e+000 
1.143453931e+000 1.885733281e+000 
1.142549984e+000 1.885197715e+000 
1.073932473e+000 1.835654148e+000 
1.092670895e+000 1.851092822e+000 
1.133813241e+000 1.879813501e+000 
1.076146223e+000 1.837884314e+000 
1.167845621e+000 1.894695486e+000 
1.085418739e+000 1.845428652e+000 
1.168823639e+000 1.895462636e+000 
1.063433178e+000 1.824060852e+000 
1.128248428e+000 1.876452144e+000 
1.141020503e+000 1.884263301e+000 
1.067519072e+000 1.829081177e+000 
1.082788068e+000 1.843122095e+000 
1.055849679e+000 1.813107634e+000 
1.291218899e+000 1.932257442e+000 
1.069881770e+000 1.831526881e+000 
1.139381401e+000 1.883303751e+000 
1.132525720e+000 1.878912726e+000 
1.068471528e+000 1.830026142e+000 
1.103253387e+000 1.859289059e+000 
1.217907520e+000 1.915018592e+000 
1.213930800e+000 1.913695329e+000 
1.079427876e+000 1.840709807e+000 
1.068079393e+000 1.829459175e+000 
1.108600731e+000 1.862789217e+000 
1.150022816e+000 1.887712078e+000 
1.124872656e+000 1.874424756e+000 
1.228974082e+000 1.917225178e+000 
1.088072307e+000 1.847275246e+000 
1.154764223e+000 1.890099176e+000 
1.104642471e+000 1.860238749e+000 
1.168738968e+000 1.895088092e+000 
1.083526136e+000 1.843627211e+000 
1.083116209e+000 1.843375933e+000 
1.254295886e+000 1.923019542e+000 
1.252057744e+000 1.922531254e+000 
1.130128567e+000 1.877695197e+000 
1.254097765e+000 1.922746519e+000 
1.120077350e+000 1.871189746e+000 
1.084889767e+000 1.844653683e+000 
1.192946802e+000 1.906044956e+000 
1.111330724e+000 1.864951574e+000 
1.093364008e+000 1.851706521e+000 
1.111283132e+000 1.864896075e+000 
1.110085998e+000 1.863915217e+000 
1.189144136e+000 1.904523190e+000 
1.119149123e+000 1.870341928e+000 
1.101481778e+000 1.857905396e+000 
1.256306715e+000 1.924000322e+000 
1.068250667e+000 1.829690315e+000 
1.162832066e+000 1.892999325e+000 
1.138266100e+000 1.882452216e+000 
1.200728447e+000 1.908558973e+000 
1.163956355e+000 1.893340231e+000 
1.106576426e+000 1.861443868e+000 
1.296694843e+000 1.933593235e+000 
1.287258524e+000 1.931059268e+000 
1.113701404e+000 1.866680248e+000 
1.111969090e+000 1.865397181e+000 
1.084219059e+000 1.844256059e+000 
1.112943176e+000 1.866182214e+000 
1.258126365e+000 1.924935152e+000 
1.113910014e+000 1.866838723e+000 
1.140083223e+000 1.883707825e+000 
1.138881156e+000 1.882705909e+000 
1.095520630e+000 1.853476288e+000 
1.096355429e+000 1.854132504e+000 
1.257165030e+000 1.924719322e+000 
1.215968273e+000 1.914350091e+000 
1.120921690e+000 1.871927590e+000 
1.235425793e+000 1.917893509e+000 
1.106964444e+000 1.861821769e+000 
1.216697387e+000 1.914597080e+000 
1.218642055e+000 1.915090042e+000 
1.118012135e+000 1.869459824e+000 
1.125034960e+000 1.874832949e+000 
1.169183340e+000 1.895814960e+000 
1.196862386e+000 1.907329072e+000 
1.223695547e+000 1.915658984e+000 
1.188137181e+000 1.904348410e+000 
1.221559560e+000 1.915198254e+000 
1.191781470e+000 1.905789164e+000 
1.110450865e+000 1.864431767e+000 
1.255084222e+000 1.923916771e+000 
1.202130859e+000 1.909079207e+000 
1.123506627e+000 1.873610162e+000 
1.248771877e+000 1.922154286e+000 
1.240039729e+000 1.919935972e+000 
1.226553599e+000 1.916382520e+000 
1.112711859e+000 1.866074132e+000 
1.236089681e+000 1.918654993e+000 
1.230290267e+000 1.917560804e+000 
1.189499370e+000 1.904755119e+000 
1.193336192e+000 1.906248599e+000 
1.116874613e+000 1.868707895e+000 
1.180015181e+000 1.900875570e+000 
1.150497413e+000 1.888001679e+000 
1.116337453e+000 1.868568246e+000 
1.292952503e+000 1.932530606e+000 
1.165758434e+000 1.893953219e+000 
1.110285562e+000 1.864187820e+000 
1.170658361e+000 1.896349966e+000 
1.182691938e+000 1.902138383e+000 
1.196161581e+000 1.907038742e+000 
1.180489306e+000 1.901124488e+000 
1.171236446e+000 1.896740574e+000 
1.167036968e+000 1.894656723e+000 
1.165782724e+000 1.894082628e+000 
1.170474293e+000 1.896226344e+000 
1.173740596e+000 1.897977806e+000 
1.172543292e+000 1.897489535e+000 
1.198888541e+000 1.908042928e+000 
1.204416042e+000 1.910215363e+000 
1.203708186e+000 1.909700294e+000 
1.241777623e+000 1.920281774e+000 
1.207774162e+000 1.911375560e+000 
1.279739862e+000 1.930208938e+000 
1.273282256e+000 1.928786380e+000 
1.284090608e+000 1.930504532e+000 
1.246696716e+000 1.921574138e+000 
1.238012802e+000 1.919631792e+000 
1.237876820e+000 1.919318666e+000 
1.269165853e+000 1.927620239e+000 
1.276576869e+000 1.929158508e+000 
1.014536271e+000 1.037634770e+000 
1.018134525e+000 1.040986280e+000 
1.016078136e+000 1.039525657e+000 
1.018513708e+000 1.041142900e+000 
1.018899170e+000 1.041270600e+000 
1.019458093e+000 1.041625186e+000 
1.026278878e+000 1.044671463e+000 
1.026448645e+000 1.044752398e+000 
1.024733792e+000 1.043994747e+000 
1.013363017e+000 1.036476264e+000 
1.024993169e+000 1.044094469e+000 
1.025586800e+000 1.044297458e+000 
1.020738413e+000 1.042144676e+000 
1.017681261e+000 1.040605178e+000 
1.023553840e+000 1.043524538e+000 
1.014144240e+000 1.037343053e+000 
1.022311959e+000 1.042789189e+000 
1.018384371e+000 1.041118320e+000 
1.013414116e+000 1.036834982e+000 
1.014830994e+000 1.037883589e+000 
1.015356905e+000 1.039032533e+000 
1.014885017e+000 1.037893058e+000 
1.020265262e+000 1.041809868e+000 
1.024325562e+000 1.043725371e+000 
1.019903807e+000 1.041688952e+000 
1.024068567e+000 1.043622967e+000 
1.021034542e+000 1.042294509e+000 
1.001827985e+000 1.000359290e+000 
1.001088669e+000 1.000324463e+000 
1.002277944e+000 1.000372804e+000 
1.002120734e+000 1.000366625e+000 
1.001928301e+000 1.000359430e+000 
1.001724701e+000 1.000352006e+000 
1.001834297e+000 1.000359384e+000 
1.001244996e+000 1.000334519e+000 
1.001062143e+000 1.000324457e+000 
1.001127200e+000 1.000330973e+000 
1.001407390e+000 1.000341903e+000 
1.001231327e+000 1.000334196e+000 
1.001445905e+000 1.000341904e+000 
1.001328108e+000 1.000338358e+000 
1.001393721e+000 1.000341581e+000 
1.001510645e+000 1.000344917e+000 
1.001276219e+000 1.000337551e+000 
1.001982103e+000 1.000362966e+000 
1.001864306e+000 1.000359420e+000 
1.001731161e+000 1.000352839e+000 
1.001660706e+000 1.000351996e+000 
1.001457565e+000 1.000344377e+000 
1.002160867e+000 1.000369838e+000 
1.002333956e+000 1.000372936e+000 
1.001736648e+000 1.000355347e+000 
1.002174536e+000 1.000370160e+000 
1.002056739e+000 1.000366614e+000 
1.001792358e+000 1.000359226e+000 
1.001536400e+000 1.000351801e+000 
1.001289593e+000 1.000338357e+000 
1.001527561e+000 1.000345414e+000 
1.001778502e+000 1.000355542e+000 
1.000707548e+000 1.000089187e+000 
1.000603685e+000 1.000088076e+000 
1.000254629e+000 1.000085151e+000 
1.000121216e+000 1.000083770e+000 
1.000602422e+000 1.000088004e+000 
1.000407313e+000 1.000087739e+000 
1.000529048e+000 1.000087891e+000 
1.000191289e+000 1.000084996e+000 
1.000285270e+000 1.000086372e+000 
1.000000000e+000 1.000080803e+000 
1.000431779e+000 1.000087848e+000 
1.000309736e+000 1.000086480e+000 
1.000114744e+000 1.000082239e+000 
1.000074014e+000 1.000082000e+000 
1.002615222e+000 1.001343516e+000 
1.002666321e+000 1.001343672e+000 
1.002403577e+000 1.001343356e+000 
1.002352478e+000 1.001343200e+000 
1.003033697e+000 1.001389097e+000 
1.003084796e+000 1.001389253e+000 
1.003009044e+000 1.001388431e+000 
1.003150112e+000 1.001406876e+000 
1.002900840e+000 1.001385822e+000 
1.002855085e+000 1.001367471e+000 
1.002620362e+000 1.001343597e+000 
1.002976592e+000 1.001386644e+000 
1.002841732e+000 1.001365449e+000 
1.002925493e+000 1.001386488e+000 
1.002787032e+000 1.001365240e+000 
1.002838131e+000 1.001365396e+000 
1.002671461e+000 1.001343753e+000 
1.002711921e+000 1.001357712e+000 
1.002694103e+000 1.001357701e+000 
1.002737546e+000 1.001363852e+000 
1.002737506e+000 1.001363300e+000 
1.034986912e+000 1.068558517e+000 
1.028011719e+000 1.063931456e+000 
1.027160870e+000 1.063143945e+000 
1.037310137e+000 1.069719859e+000 
1.030285912e+000 1.065677411e+000 
1.034768295e+000 1.068346972e+000 
1.031067142e+000 1.066284893e+000 
1.033290327e+000 1.067590784e+000 
1.032175840e+000 1.066933553e+000 
1.026820548e+000 1.062758113e+000 
1.030093846e+000 1.065673043e+000 
1.028189370e+000 1.064140475e+000 
1.030912885e+000 1.066042684e+000 
1.037074527e+000 1.069461102e+000 
1.003352322e+000 1.003089045e+000 
1.003290688e+000 1.003069666e+000 
1.004828588e+000 1.003335546e+000 
1.003357073e+000 1.003093240e+000 
1.004710792e+000 1.003333245e+000 
1.005028423e+000 1.003388143e+000 
1.003448408e+000 1.003093241e+000 
1.003303006e+000 1.003081090e+000 
1.004222347e+000 1.003276679e+000 
1.003172891e+000 1.003067364e+000 
1.004027042e+000 1.003222015e+000 
1.004123563e+000 1.003271152e+000 
1.003691456e+000 1.003152816e+000 
1.003909246e+000 1.003219713e+000 
1.004448146e+000 1.003279056e+000 
1.004691200e+000 1.003319832e+000 
1.003550158e+000 1.003138364e+000 
1.004118377e+000 1.003222253e+000 
1.004220711e+000 1.003274612e+000 
1.004542967e+000 1.003318706e+000 
1.004000581e+000 1.003219952e+000 
1.005016640e+000 1.003376100e+000 
1.330032499e+000 1.945630501e+000 
1.328902122e+000 1.945556015e+000 
1.420507031e+000 1.970207840e+000 
1.487826547e+000 1.981849674e+000 
1.482305379e+000 1.981672095e+000 
1.305225680e+000 1.936229047e+000 
1.301938495e+000 1.935730451e+000 
1.330565449e+000 1.945983719e+000 
1.330986272e+000 1.946120142e+000 
1.305490161e+000 1.936771617e+000 
1.517444060e+000 1.985906347e+000 
1.441985848e+000 1.974682656e+000 
1.518007604e+000 1.986037931e+000 
1.318570360e+000 1.941607829e+000 
1.462545348e+000 1.978570017e+000 
1.468738806e+000 1.979736171e+000 
1.438971036e+000 1.973669382e+000 
1.438286274e+000 1.973341622e+000 
1.437541319e+000 1.973335562e+000 
1.373627820e+000 1.959212513e+000 
1.351134045e+000 1.953921170e+000 
1.300068714e+000 1.934677864e+000 
1.331902767e+000 1.946651093e+000 
1.319061318e+000 1.941886409e+000 
1.514120424e+000 1.985192608e+000 
1.323445863e+000 1.943332673e+000 
1.326241084e+000 1.944495930e+000 
1.323979294e+000 1.944050349e+000 
1.320650992e+000 1.942372089e+000 
1.491536789e+000 1.982759304e+000 
1.321533452e+000 1.942981654e+000 
1.386312457e+000 1.962619521e+000 
1.339886659e+000 1.950157169e+000 
1.804555711e+000 1.999967126e+000 
1.504216512e+000 1.984560716e+000 
1.455751351e+000 1.977275485e+000 
1.332325807e+000 1.946891267e+000 
1.319161814e+000 1.942167224e+000 
1.319236348e+000 1.942225772e+000 
1.307924430e+000 1.936973908e+000 
1.319037885e+000 1.941803190e+000 
1.505779058e+000 1.984874350e+000 
1.488117589e+000 1.982066751e+000 
1.332979495e+000 1.947366452e+000 
1.341264500e+000 1.950488526e+000 
1.298519697e+000 1.934506295e+000 
1.458882465e+000 1.978262548e+000 
1.382908812e+000 1.962204752e+000 
1.502156284e+000 1.984241973e+000 
1.457715244e+000 1.977872484e+000 
1.476679906e+000 1.980845022e+000 
1.303278602e+000 1.935771224e+000 
1.500011555e+000 1.983710057e+000 
1.314529311e+000 1.939487550e+000 
1.338972865e+000 1.949694746e+000 
1.308516467e+000 1.938159654e+000 
1.423310149e+000 1.971031424e+000 
1.494884013e+000 1.983051320e+000 
1.423680734e+000 1.971119352e+000 
1.422105255e+000 1.970689779e+000 
1.360001778e+000 1.955687616e+000 
1.338452661e+000 1.949641133e+000 
1.502822153e+000 1.984277183e+000 
1.502370604e+000 1.984264163e+000 
1.436957235e+000 1.972993881e+000 
1.458343457e+000 1.977935173e+000 
1.459211126e+000 1.978456926e+000 
1.501059442e+000 1.983980901e+000 
1.339694021e+000 1.949767862e+000 
1.338250090e+000 1.948988981e+000 
1.625659825e+000 1.994136121e+000 
1.297830786e+000 1.933806929e+000 
1.299043934e+000 1.934595389e+000 
1.805694041e+000 2.000000000e+000 
1.356666989e+000 1.955018994e+000 
1.336688875e+000 1.948982337e+000 
1.303530643e+000 1.936220114e+000 
1.626208015e+000 1.994143616e+000 
1.296100099e+000 1.932576753e+000 
1.410837396e+000 1.968758668e+000 
1.405816392e+000 1.968003173e+000 
1.410601275e+000 1.968713693e+000 
1.411366648e+000 1.969102547e+000 
1.431815966e+000 1.972372961e+000 
1.408825088e+000 1.968704305e+000 
1.476233027e+000 1.980714375e+000 
1.408031888e+000 1.968420347e+000 
1.476040371e+000 1.980692765e+000 
1.780776188e+000 1.999683987e+000 
1.418981358e+000 1.970024131e+000 
1.797556646e+000 1.999948614e+000 
1.406711132e+000 1.968392012e+000 
1.421170309e+000 1.970627039e+000 
1.298041622e+000 1.933894526e+000 
1.452965328e+000 1.976438246e+000 
1.456806879e+000 1.977719716e+000 
1.316750446e+000 1.939681628e+000 
1.313355278e+000 1.939364513e+000 
1.371086890e+000 1.958978819e+000 
1.447949226e+000 1.975833704e+000 
1.447804966e+000 1.975681223e+000 
1.358954248e+000 1.955608454e+000 
1.357410852e+000 1.955089382e+000 
1.356220388e+000 1.955015044e+000 
1.357714629e+000 1.955573379e+000 
1.369021269e+000 1.958248265e+000 
1.377005504e+000 1.960574976e+000 
1.453295666e+000 1.976734031e+000 
1.501597043e+000 1.984137818e+000 
1.452032657e+000 1.976311957e+000 
1.790815508e+000 1.999817954e+000 
1.497576704e+000 1.983698928e+000 
1.312412433e+000 1.938925793e+000 
1.311591143e+000 1.938872681e+000 
1.312725587e+000 1.939303823e+000 
1.379592165e+000 1.961463813e+000 
1.350138082e+000 1.953308207e+000 
1.769351895e+000 1.999415008e+000 
1.772634032e+000 1.999651771e+000 
1.379022946e+000 1.961321468e+000 
1.391601220e+000 1.964798316e+000 
1.394967256e+000 1.965424318e+000 
1.378440518e+000 1.961219384e+000 
1.392051160e+000 1.964800764e+000 
1.392379420e+000 1.964877806e+000 
1.404607992e+000 1.967628217e+000 
1.390890817e+000 1.964748263e+000 
1.366786430e+000 1.957661042e+000 
1.781951897e+000 1.999780232e+000 
1.383401043e+000 1.962561368e+000 
1.793159080e+000 1.999894081e+000 
1.390403627e+000 1.964185715e+000 
1.347551838e+000 1.952171276e+000 
1.386814854e+000 1.963581169e+000 
1.397170155e+000 1.965911260e+000 
1.398310968e+000 1.966197914e+000 
1.345494267e+000 1.951888488e+000 
1.343388460e+000 1.951161434e+000 
1.389026630e+000 1.964138450e+000 
1.345773610e+000 1.951961348e+000 
1.650113169e+000 1.995648543e+000 
1.445060181e+000 1.975584639e+000 
1.396916252e+000 1.965905122e+000 
1.791419660e+000 1.999851680e+000 
1.333479060e+000 1.947640345e+000 
1.336341681e+000 1.948847500e+000 
1.595086145e+000 1.992642201e+000 
1.439227260e+000 1.974401658e+000 
1.442179631e+000 1.975409369e+000 
1.442489447e+000 1.975462250e+000 
1.386566334e+000 1.963446423e+000 
1.442054360e+000 1.975055459e+000 
1.450015200e+000 1.976106188e+000 
1.360909802e+000 1.956428369e+000 
1.364416134e+000 1.957319885e+000 
1.353824460e+000 1.954309374e+000 
1.470207616e+000 1.980202199e+000 
1.374092416e+000 1.959612696e+000 
1.360099371e+000 1.956202749e+000 
1.374433172e+000 1.960008451e+000 
1.472342255e+000 1.980339286e+000 
1.351738130e+000 1.953932250e+000 
1.471916542e+000 1.980211455e+000 
1.367391109e+000 1.957982082e+000 
1.367207832e+000 1.957980953e+000 
1.787508630e+000 1.999810903e+000 
1.381196274e+000 1.962017489e+000 
1.363123420e+000 1.956892729e+000 
1.514617428e+000 1.985327253e+000 
1.589030709e+000 1.992026940e+000 
1.587662750e+000 1.992003559e+000 
1.725565976e+000 1.997742347e+000 
1.698501131e+000 1.997255949e+000 
1.705587232e+000 1.997550580e+000 
1.537381257e+000 1.987587558e+000 
1.762579205e+000 1.999383535e+000 
1.762762127e+000 1.999385419e+000 
1.762231934e+000 1.999341759e+000 
1.485176380e+000 1.981804128e+000 
1.757446880e+000 1.999234214e+000 
1.759362322e+000 1.999285405e+000 
1.688492479e+000 1.997040740e+000 
1.434016787e+000 1.972700313e+000 
1.430978168e+000 1.972314175e+000 
1.425336182e+000 1.971754003e+000 
1.700244148e+000 1.997335293e+000 
1.686676287e+000 1.996874314e+000 
1.633952130e+000 1.994771450e+000 
1.740999121e+000 1.998524980e+000 
1.683080289e+000 1.996630662e+000 
1.635807249e+000 1.994824560e+000 
1.687288927e+000 1.996920907e+000 
1.743276427e+000 1.998831486e+000 
1.739840047e+000 1.998256919e+000 
1.745707651e+000 1.998920206e+000 
1.747911766e+000 1.998951192e+000 
1.532542275e+000 1.987164425e+000 
1.515483614e+000 1.985725024e+000 
1.748317979e+000 1.998958054e+000 
1.510421903e+000 1.985172492e+000 
1.751907799e+000 1.999021373e+000 
1.738545892e+000 1.998061221e+000 
1.429851672e+000 1.972207400e+000 
1.577831393e+000 1.991369782e+000 
1.474254649e+000 1.980596055e+000 
1.472330713e+000 1.980304650e+000 
1.483957931e+000 1.981781230e+000 
1.562002475e+000 1.990547892e+000 
1.558675593e+000 1.990280891e+000 
1.477165942e+000 1.981112923e+000 
1.533454680e+000 1.987300892e+000 
1.552871710e+000 1.989687630e+000 
1.548974524e+000 1.989168722e+000 
1.544209525e+000 1.988987104e+000 
1.541560245e+000 1.988576718e+000 
1.547122435e+000 1.989099312e+000 
1.521169374e+000 1.986567067e+000 
1.509572634e+000 1.985090582e+000 
1.539830748e+000 1.988137101e+000 
1.526625683e+000 1.986793764e+000 
1.675160576e+000 1.996461776e+000 
1.662317776e+000 1.996291313e+000 
1.524043278e+000 1.986689311e+000 
1.495196665e+000 1.983062390e+000 
1.495171987e+000 1.983060578e+000 
1.489832883e+000 1.982341438e+000 
1.528856259e+000 1.987090055e+000 
1.638837618e+000 1.995180336e+000 
1.637824877e+000 1.995054611e+000 
1.662107183e+000 1.995889159e+000 
1.541245181e+000 1.988158196e+000 
1.627469679e+000 1.994610868e+000 
1.681281158e+000 1.996561509e+000 
1.728461499e+000 1.997990854e+000 
1.713476679e+000 1.997583096e+000 
1.711071651e+000 1.997573441e+000 
1.593321181e+000 1.992603998e+000 
1.705222467e+000 1.997436695e+000 
1.607924367e+000 1.993386333e+000 
1.607333129e+000 1.993245256e+000 
1.705125851e+000 1.997423672e+000 
1.702290312e+000 1.997415576e+000 
1.694994436e+000 1.997066121e+000 
1.609768240e+000 1.993588525e+000 
1.601214774e+000 1.993043962e+000 
1.657997204e+000 1.995693627e+000 
1.600978257e+000 1.993030449e+000 
1.602256405e+000 1.993118321e+000 
1.649315889e+000 1.995519613e+000 
1.648265773e+000 1.995485394e+000 
1.557293262e+000 1.989987450e+000 
1.556794832e+000 1.989872229e+000 
1.573318302e+000 1.991144459e+000 
1.565314630e+000 1.990629021e+000 
1.572578881e+000 1.991051274e+000 
1.620510124e+000 1.994120614e+000 
1.620604240e+000 1.994129477e+000 
1.619638587e+000 1.994021652e+000 
1.619715609e+000 1.994049252e+000 
1.574673591e+000 1.991304109e+000 
1.574579475e+000 1.991295426e+000 
1.573239125e+000 1.991127716e+000 
1.582993093e+000 1.991636267e+000 

