1.000613546e+000 1.287237064e+000 
1.000507692e+000 1.286749472e+000 
1.000614293e+000 1.287868379e+000 
1.000434248e+000 1.284783356e+000 
1.000581374e+000 1.286987335e+000 
1.000524559e+000 1.286771856e+000 
1.000397583e+000 1.079431683e+000 
1.000000000e+000 1.003933928e+000 
1.000286598e+000 1.070100473e+000 
1.000359231e+000 1.070116539e+000 
1.000373601e+000 1.072143115e+000 
1.000182351e+000 1.034330539e+000 
1.000044145e+000 1.033260585e+000 
1.000030621e+000 1.033255354e+000 
1.000220413e+000 1.034337644e+000 
1.000068683e+000 1.033261052e+000 
1.000114401e+000 1.033302929e+000 
1.000266278e+000 1.034342180e+000 
1.000175153e+000 1.033358769e+000 
1.000158216e+000 1.033308111e+000 
1.000272215e+000 1.034488951e+000 
1.000172328e+000 1.033330104e+000 
1.003181209e+000 1.890601212e+000 
1.003859996e+000 1.896271247e+000 
1.023710536e+000 1.947078757e+000 
1.002300923e+000 1.882555437e+000 
1.002303595e+000 1.882728761e+000 
1.001481091e+000 1.872887867e+000 
1.017058277e+000 1.938653521e+000 
1.035823580e+000 1.959393799e+000 
1.000954368e+000 1.863107665e+000 
1.008364660e+000 1.917322720e+000 
1.017206421e+000 1.938781863e+000 
1.014484319e+000 1.934617805e+000 
1.009659168e+000 1.921896109e+000 
1.009956453e+000 1.922619586e+000 
1.038985314e+000 1.962002193e+000 
1.007738856e+000 1.914766498e+000 
1.007872554e+000 1.915448284e+000 
1.014960270e+000 1.935248921e+000 
1.015952960e+000 1.937228751e+000 
1.016798413e+000 1.938076426e+000 
1.014150801e+000 1.933844917e+000 
1.013938409e+000 1.933217648e+000 
1.020244139e+000 1.942513202e+000 
1.020688566e+000 1.943156592e+000 
1.016101105e+000 1.937431596e+000 
1.012673653e+000 1.930449727e+000 
1.014812126e+000 1.935046077e+000 
1.033341966e+000 1.957477845e+000 
1.030582334e+000 1.954491841e+000 
1.002134518e+000 1.881114759e+000 
1.002010912e+000 1.878854908e+000 
1.002030594e+000 1.879629418e+000 
1.009799909e+000 1.922424337e+000 
1.001097402e+000 1.865392842e+000 
1.010464539e+000 1.924740354e+000 
1.030403305e+000 1.954076185e+000 
1.028306424e+000 1.952601028e+000 
1.024147686e+000 1.947106787e+000 
1.036078205e+000 1.959753201e+000 
1.014113289e+000 1.933619199e+000 
1.013136347e+000 1.931643739e+000 
1.031018338e+000 1.955189781e+000 
1.022240682e+000 1.945184845e+000 
1.029300506e+000 1.953395769e+000 
1.015443120e+000 1.936461505e+000 
1.033596591e+000 1.957837247e+000 
1.011199381e+000 1.926828990e+000 
1.009988906e+000 1.923040198e+000 
1.043189002e+000 1.964734791e+000 
1.043443627e+000 1.965055201e+000 
1.001578009e+000 1.874026419e+000 
1.018743578e+000 1.940432283e+000 
1.016243218e+000 1.937659974e+000 
1.001667754e+000 1.874902280e+000 
1.026622331e+000 1.950385488e+000 
1.001866798e+000 1.877394395e+000 
1.028716459e+000 1.952772767e+000 
1.003968586e+000 1.896961730e+000 
1.010967295e+000 1.926436953e+000 
1.019073410e+000 1.940964575e+000 
1.001626678e+000 1.874763324e+000 
1.012437510e+000 1.929730667e+000 
1.008762952e+000 1.918433353e+000 
1.022613315e+000 1.945586997e+000 
1.013368433e+000 1.932035776e+000 
1.028125833e+000 1.952008045e+000 
1.011288138e+000 1.927016221e+000 
1.028921797e+000 1.952896380e+000 
1.011709221e+000 1.928045061e+000 
1.010778298e+000 1.925800149e+000 
1.012626507e+000 1.930427670e+000 
1.012947350e+000 1.930946737e+000 
1.007297976e+000 1.912929170e+000 
1.012331850e+000 1.929287219e+000 
1.001727651e+000 1.876344631e+000 
1.012108129e+000 1.928619627e+000 
1.012212732e+000 1.929167632e+000 
1.006633346e+000 1.910816975e+000 
1.001044232e+000 1.865216020e+000 
1.009409104e+000 1.920899181e+000 
1.028192748e+000 1.952251065e+000 
1.010286192e+000 1.923925712e+000 
1.026836570e+000 1.950707122e+000 
1.002064859e+000 1.879870068e+000 
1.008061551e+000 1.916072151e+000 
1.010493264e+000 1.924796056e+000 
1.033076820e+000 1.957017375e+000 
1.001896729e+000 1.878261859e+000 
1.010352523e+000 1.924157522e+000 
1.031708046e+000 1.955868478e+000 
1.009464817e+000 1.921371969e+000 
1.031962671e+000 1.956227880e+000 
1.002217170e+000 1.882078460e+000 
1.038660296e+000 1.961452809e+000 
1.001783045e+000 1.876720477e+000 
1.001952122e+000 1.878667723e+000 
1.002330854e+000 1.883422901e+000 
1.001242034e+000 1.868676561e+000 
1.001317233e+000 1.869898879e+000 
1.001630734e+000 1.874775042e+000 
1.002161777e+000 1.881505672e+000 
1.007031637e+000 1.911927608e+000 
1.023040780e+000 1.946126692e+000 
1.018841539e+000 1.940727623e+000 
1.025070666e+000 1.948553696e+000 
1.001414150e+000 1.871658991e+000 
1.001283416e+000 1.869520166e+000 
1.001479879e+000 1.872646706e+000 
1.037832247e+000 1.961124967e+000 
1.001186498e+000 1.868481653e+000 
1.030238192e+000 1.953974536e+000 
1.009247012e+000 1.920208002e+000 
1.019353038e+000 1.941253611e+000 
1.009356311e+000 1.920592552e+000 
1.002803125e+000 1.887928408e+000 
1.026468269e+000 1.949997758e+000 
1.007022915e+000 1.911588781e+000 
1.003458037e+000 1.892962767e+000 
1.008553657e+000 1.917946588e+000 
1.002386247e+000 1.884025706e+000 
1.008060875e+000 1.915833111e+000 
1.008183370e+000 1.916605335e+000 
1.030492817e+000 1.954333937e+000 
1.016622734e+000 1.937695869e+000 
1.002525393e+000 1.885065364e+000 
1.025518418e+000 1.949027580e+000 
1.001213309e+000 1.868594106e+000 
1.003423535e+000 1.892560775e+000 
1.002568902e+000 1.885185418e+000 
1.024635583e+000 1.948234395e+000 
1.037563172e+000 1.960495734e+000 
1.007474488e+000 1.913314852e+000 
1.024380958e+000 1.947874994e+000 
1.027400400e+000 1.951102188e+000 
1.003655962e+000 1.894837963e+000 
1.004448882e+000 1.899984925e+000 
1.004609857e+000 1.900833878e+000 
1.006235280e+000 1.908683543e+000 
1.001888140e+000 1.877607931e+000 
1.001433831e+000 1.871877273e+000 
1.023450815e+000 1.946298431e+000 
1.019748347e+000 1.941983650e+000 
1.021363504e+000 1.944175666e+000 
1.001257207e+000 1.868691468e+000 
1.001170248e+000 1.867585683e+000 
1.002471382e+000 1.884977493e+000 
1.001279485e+000 1.869502422e+000 
1.004186973e+000 1.898383232e+000 
1.019301765e+000 1.941104000e+000 
1.003508670e+000 1.893269553e+000 
1.005444538e+000 1.904897578e+000 
1.002623021e+000 1.886161607e+000 
1.002585569e+000 1.885570638e+000 
1.002858666e+000 1.888121490e+000 
1.002888259e+000 1.888880198e+000 
1.002683391e+000 1.887098504e+000 
1.003598086e+000 1.894503944e+000 
1.003910560e+000 1.896481302e+000 
1.003648651e+000 1.894737501e+000 
1.009134952e+000 1.919711563e+000 
1.003109208e+000 1.890281094e+000 
1.006448280e+000 1.909417510e+000 
1.003320553e+000 1.891745020e+000 
1.003058643e+000 1.889977716e+000 
1.004152508e+000 1.898151750e+000 
1.005306264e+000 1.904218015e+000 
1.006017646e+000 1.907938957e+000 
1.003939285e+000 1.896547394e+000 
1.003263969e+000 1.891138996e+000 
1.004230496e+000 1.898460083e+000 
1.003752848e+000 1.895366618e+000 
1.003213405e+000 1.890840392e+000 
1.007403638e+000 1.913205818e+000 
1.006452055e+000 1.910099589e+000 
1.004356687e+000 1.899112196e+000 
1.005895151e+000 1.907603383e+000 
1.004234192e+000 1.898768258e+000 
1.003025185e+000 1.889613695e+000 
1.002740916e+000 1.887424014e+000 
1.006329560e+000 1.909327365e+000 
1.007134360e+000 1.912234692e+000 
1.007626466e+000 1.914109128e+000 
1.004823079e+000 1.902040529e+000 
1.005060470e+000 1.903539684e+000 
1.007254709e+000 1.912511511e+000 
1.005182965e+000 1.903875258e+000 
1.005415813e+000 1.904831485e+000 
1.005657761e+000 1.906104228e+000 
1.004581132e+000 1.900767786e+000 
1.005487744e+000 1.904980514e+000 
1.005365249e+000 1.904636976e+000 
1.004530567e+000 1.900573276e+000 
1.005735749e+000 1.906668251e+000 
1.004901067e+000 1.902604552e+000 
1.000787656e+000 1.479411287e+000 
1.000924847e+000 1.482603822e+000 
1.000892577e+000 1.482297091e+000 
1.000936700e+000 1.484446976e+000 
1.000909072e+000 1.482317231e+000 
1.000751201e+000 1.476870764e+000 
1.000876803e+000 1.481908200e+000 
1.000616398e+000 1.475662228e+000 
1.000818353e+000 1.480766768e+000 
1.000873248e+000 1.480974685e+000 
1.000785473e+000 1.478985423e+000 
1.000413059e+000 1.194192737e+000 
1.000419143e+000 1.195417504e+000 
1.096429915e+000 1.989238651e+000 
1.065253922e+000 1.979100112e+000 
1.679283358e+000 1.999929614e+000 
1.071338446e+000 1.981587348e+000 
1.669310182e+000 1.999922291e+000 
1.683942640e+000 1.999929811e+000 
1.647284277e+000 1.999921962e+000 
1.542926628e+000 1.999901301e+000 
1.080068299e+000 1.983888821e+000 
1.186208421e+000 1.998554242e+000 
1.720294823e+000 1.999934606e+000 
1.075702812e+000 1.982580531e+000 
1.064471155e+000 1.978329838e+000 
1.084754331e+000 1.985742164e+000 
1.077998808e+000 1.983781953e+000 
1.516061092e+000 1.999891248e+000 
1.088594471e+000 1.986641543e+000 
1.064594887e+000 1.978486110e+000 
1.486441984e+000 1.999884058e+000 
1.120453762e+000 1.993661669e+000 
1.099168548e+000 1.989690563e+000 
1.285144755e+000 1.999583585e+000 
1.646495441e+000 1.999914606e+000 
1.063020238e+000 1.978020904e+000 
1.825836677e+000 1.999957889e+000 
1.911194912e+000 2.000000000e+000 
1.525381803e+000 1.999897660e+000 
1.154715696e+000 1.997124514e+000 
1.095958925e+000 1.988649244e+000 
1.076566979e+000 1.982706867e+000 
1.077744690e+000 1.983377308e+000 
1.058350098e+000 1.976187869e+000 
1.067661245e+000 1.979649467e+000 
1.303227796e+000 1.999664460e+000 
1.232644011e+000 1.999272350e+000 
1.087949172e+000 1.986486539e+000 
1.083733005e+000 1.985363811e+000 
1.832341469e+000 1.999963360e+000 
1.088358180e+000 1.986532242e+000 
1.854593688e+000 1.999983514e+000 
1.805767428e+000 1.999953444e+000 
1.145646246e+000 1.996129901e+000 
1.141706225e+000 1.995932556e+000 
1.849254016e+000 1.999969042e+000 
1.096665612e+000 1.989351633e+000 
1.101035582e+000 1.990330594e+000 
1.053793653e+000 1.972945049e+000 
1.124192135e+000 1.994168963e+000 
1.092733769e+000 1.988138100e+000 
1.891636219e+000 1.999997319e+000 
1.099489292e+000 1.990096416e+000 
1.063143017e+000 1.978218375e+000 
1.060595297e+000 1.976696440e+000 
1.887805739e+000 1.999995941e+000 
1.062537515e+000 1.977820090e+000 
1.046311707e+000 1.968197399e+000 
1.063948455e+000 1.978266015e+000 
1.062460118e+000 1.977319279e+000 
1.459711205e+000 1.999869262e+000 
1.468940469e+000 1.999869625e+000 
1.052477393e+000 1.972426265e+000 
1.043788775e+000 1.965483013e+000 
1.045740310e+000 1.967598386e+000 
1.481055521e+000 1.999874768e+000 
1.043859249e+000 1.966700991e+000 
1.044464751e+000 1.967130466e+000 
1.474391036e+000 1.999873594e+000 
1.036271781e+000 1.959824103e+000 
1.807289124e+000 1.999955125e+000 
1.055113304e+000 1.974447452e+000 
1.057223850e+000 1.975583350e+000 
1.451677826e+000 1.999865562e+000 
1.225614238e+000 1.999256785e+000 
1.601077817e+000 1.999902461e+000 
1.048798317e+000 1.969881028e+000 
1.047028212e+000 1.968312621e+000 
1.620222376e+000 1.999905949e+000 
1.348601681e+000 1.999725730e+000 
1.616904781e+000 1.999903538e+000 
1.311816608e+000 1.999688631e+000 
1.302557818e+000 1.999663864e+000 
1.465148046e+000 1.999869413e+000 
1.781041521e+000 1.999944143e+000 
1.047858423e+000 1.968885517e+000 
1.064521640e+000 1.978474118e+000 
1.050016802e+000 1.970936183e+000 
1.868354252e+000 1.999989821e+000 
1.295198381e+000 1.999663616e+000 
1.758695296e+000 1.999938770e+000 
1.766609472e+000 1.999939067e+000 
1.255530176e+000 1.999471246e+000 
1.114719597e+000 1.993158431e+000 
1.116378103e+000 1.993364067e+000 
1.116806143e+000 1.993473816e+000 
1.113462816e+000 1.992285425e+000 
1.092801043e+000 1.988452248e+000 
1.088632640e+000 1.986891615e+000 
1.091375091e+000 1.987768307e+000 
1.108541596e+000 1.991765610e+000 
1.041298773e+000 1.964319447e+000 
1.071118061e+000 1.980980600e+000 
1.090772694e+000 1.987423746e+000 
1.615167120e+000 1.999902687e+000 
1.375916474e+000 1.999754890e+000 
1.637315345e+000 1.999910414e+000 
1.048071996e+000 1.969367356e+000 
1.810899209e+000 1.999957517e+000 
1.061118413e+000 1.977150465e+000 
1.060217582e+000 1.976388541e+000 
1.181390307e+000 1.998194806e+000 
1.849170304e+000 1.999968001e+000 
1.087579109e+000 1.986232029e+000 
1.406748144e+000 1.999806842e+000 
1.116271066e+000 1.993314659e+000 
1.196638923e+000 1.998866046e+000 
1.048568173e+000 1.969674525e+000 
1.384954506e+000 1.999778585e+000 
1.176346902e+000 1.998189673e+000 
1.192792493e+000 1.998855228e+000 
1.040759925e+000 1.963230502e+000 
1.114005415e+000 1.992704889e+000 
1.271954171e+000 1.999503470e+000 
1.039420215e+000 1.962681294e+000 
1.064326389e+000 1.978310997e+000 
1.274586121e+000 1.999507772e+000 
1.786450903e+000 1.999946709e+000 
1.428290708e+000 1.999862589e+000 
1.041411272e+000 1.964448366e+000 
1.039701944e+000 1.963082184e+000 
1.051948571e+000 1.971727150e+000 
1.041580501e+000 1.964704193e+000 
1.059721405e+000 1.976365175e+000 
1.195708093e+000 1.998864347e+000 
1.837869739e+000 1.999964480e+000 
1.059774869e+000 1.976387689e+000 
1.148944580e+000 1.996396698e+000 
1.219772501e+000 1.999201626e+000 
1.205599145e+000 1.999110483e+000 
1.037592357e+000 1.960904268e+000 
1.037903795e+000 1.961273357e+000 
1.153204294e+000 1.997008083e+000 
1.053634958e+000 1.972646333e+000 
1.151658004e+000 1.996774124e+000 
1.159952169e+000 1.997432508e+000 
1.036628237e+000 1.960461412e+000 
1.054302957e+000 1.973635459e+000 
1.248818212e+000 1.999405170e+000 
1.242792454e+000 1.999400049e+000 
1.035925125e+000 1.959564950e+000 
1.034979026e+000 1.958292894e+000 
1.253341507e+000 1.999410162e+000 
1.246678518e+000 1.999401600e+000 
1.198816126e+000 1.999000124e+000 
1.237418888e+000 1.999398819e+000 
1.121220563e+000 1.993664774e+000 
1.053146639e+000 1.972516821e+000 
1.256994767e+000 1.999475882e+000 
1.330413659e+000 1.999702889e+000 
1.216783156e+000 1.999174139e+000 
1.226837478e+000 1.999268894e+000 
1.282981058e+000 1.999511649e+000 
1.425010855e+000 1.999822824e+000 
1.126986680e+000 1.994773584e+000 
1.126415520e+000 1.994628877e+000 
1.168931687e+000 1.997753735e+000 
1.091329581e+000 1.987549809e+000 
1.119145216e+000 1.993573336e+000 
1.150548001e+000 1.996485080e+000 
1.076689530e+000 1.982783831e+000 

