1.001652070e+000 1.013492020e+000 
1.001470436e+000 1.013410012e+000 
1.000099822e+000 1.000233839e+000 
1.000386229e+000 1.000256726e+000 
1.000286407e+000 1.000253556e+000 
9.999999995e-001 1.000230668e+000 
1.000274030e+000 1.000253135e+000 
1.000334671e+000 1.000253666e+000 
1.000242006e+000 1.000249810e+000 
1.000153396e+000 1.000233909e+000 
1.000058521e+000 1.000230806e+000 
1.000179305e+000 1.000233977e+000 
1.000384692e+000 1.000256376e+000 
1.000046246e+000 1.000230738e+000 
1.000079482e+000 1.000230807e+000 
1.000344929e+000 1.000253693e+000 
1.000352421e+000 1.000256305e+000 
1.002158878e+000 1.026437070e+000 
1.001684582e+000 1.022772449e+000 
1.001850958e+000 1.024582087e+000 
1.002100663e+000 1.024919142e+000 
1.002153308e+000 1.024919451e+000 
1.002923733e+000 1.031370076e+000 
1.002417346e+000 1.027883509e+000 
1.002555479e+000 1.029515425e+000 
1.002276327e+000 1.027883177e+000 
1.002863122e+000 1.029578975e+000 
1.001877556e+000 1.024784395e+000 
1.002524962e+000 1.028271294e+000 
1.001068241e+000 1.011861340e+000 
1.001315336e+000 1.012629195e+000 
1.001048456e+000 1.011799999e+000 
1.003225421e+000 1.132796878e+000 
1.003695820e+000 1.134956403e+000 
1.004591159e+000 1.138573906e+000 
1.004322113e+000 1.136896854e+000 
1.004369819e+000 1.137863380e+000 
1.005265158e+000 1.141480883e+000 
1.006063402e+000 1.143631842e+000 
1.005775964e+000 1.143319114e+000 
1.004100773e+000 1.136379607e+000 
1.004911594e+000 1.139701612e+000 
1.003501271e+000 1.133646982e+000 
1.001033312e+000 1.005886023e+000 
1.001178287e+000 1.012433579e+000 
1.001439712e+000 1.013346027e+000 
1.001018316e+000 1.005636914e+000 
1.000949205e+000 1.005599340e+000 
1.000990778e+000 1.005614418e+000 
1.000866283e+000 1.005574388e+000 
1.000461571e+000 1.004738410e+000 
1.000825429e+000 1.005539961e+000 
1.000573939e+000 1.005154686e+000 
1.000971861e+000 1.005604333e+000 
1.000770044e+000 1.005537505e+000 
1.000406187e+000 1.004735954e+000 
1.000698434e+000 1.005194716e+000 
1.002982759e+000 1.119803711e+000 
1.006254195e+000 1.252802393e+000 
1.006087819e+000 1.251111774e+000 
1.117577196e+000 1.860238602e+000 
1.007370786e+000 1.674269489e+000 
1.090550734e+000 1.841920286e+000 
1.133511837e+000 1.869665170e+000 
1.009911925e+000 1.690709497e+000 
1.010812638e+000 1.694407790e+000 
1.098446951e+000 1.845956306e+000 
1.007886688e+000 1.677161426e+000 
1.006904481e+000 1.672425251e+000 
1.070839968e+000 1.823793418e+000 
1.087683331e+000 1.839631648e+000 
1.007458761e+000 1.676348928e+000 
1.111156614e+000 1.857458942e+000 
1.026474233e+000 1.745036289e+000 
1.092424500e+000 1.842878768e+000 
1.045467499e+000 1.788464938e+000 
1.109460137e+000 1.855453197e+000 
1.007303551e+000 1.673176113e+000 
1.117987551e+000 1.861076223e+000 
1.083402093e+000 1.836357361e+000 
1.091854866e+000 1.842703300e+000 
1.009545992e+000 1.687140388e+000 
1.091432098e+000 1.842643113e+000 
1.009153121e+000 1.683100547e+000 
1.042888509e+000 1.781995714e+000 
1.006421770e+000 1.666877928e+000 
1.033247771e+000 1.762410162e+000 
1.047953765e+000 1.793078720e+000 
1.116706317e+000 1.859835512e+000 
1.085531636e+000 1.838106256e+000 
1.035904766e+000 1.767950649e+000 
1.017780628e+000 1.719252590e+000 
1.009593511e+000 1.687506822e+000 
1.120107407e+000 1.861728745e+000 
1.045936981e+000 1.789597496e+000 
1.090454080e+000 1.841678058e+000 
1.118516308e+000 1.861483374e+000 
1.120613834e+000 1.862346146e+000 
1.092007270e+000 1.842858175e+000 
1.066202895e+000 1.818452128e+000 
1.101144008e+000 1.848435312e+000 
1.014058325e+000 1.706673560e+000 
1.022037028e+000 1.732596099e+000 
1.067974199e+000 1.820321800e+000 
1.036263237e+000 1.769038069e+000 
1.023861159e+000 1.738323191e+000 
1.143848088e+000 1.876120180e+000 
1.007344755e+000 1.673236769e+000 
1.101895949e+000 1.849607949e+000 
1.046662615e+000 1.790968927e+000 
1.016322437e+000 1.714745829e+000 
1.093643260e+000 1.843133699e+000 
1.019944280e+000 1.726311811e+000 
1.032120858e+000 1.759778489e+000 
1.006506072e+000 1.667489017e+000 
1.021380696e+000 1.730526965e+000 
1.099925052e+000 1.847567911e+000 
1.080440741e+000 1.833027456e+000 
1.009671055e+000 1.688058991e+000 
1.068584901e+000 1.821484187e+000 
1.013579383e+000 1.704793166e+000 
1.007987197e+000 1.678629601e+000 
1.012189943e+000 1.700167274e+000 
1.008392242e+000 1.681556280e+000 
1.009206323e+000 1.685646475e+000 
1.014736256e+000 1.709049334e+000 
1.013778340e+000 1.705329525e+000 
1.012054207e+000 1.699211982e+000 
1.067074265e+000 1.819174955e+000 
1.014538751e+000 1.708787567e+000 
1.181433371e+000 1.894019453e+000 
1.052166972e+000 1.800430980e+000 
1.027291719e+000 1.747549025e+000 
1.051601122e+000 1.799001523e+000 
1.013083205e+000 1.703139485e+000 
1.012749341e+000 1.701402022e+000 
1.116874458e+000 1.860146019e+000 
1.065126684e+000 1.816832452e+000 
1.061839083e+000 1.812628257e+000 
1.077025336e+000 1.830443928e+000 
1.080023511e+000 1.833006862e+000 
1.093791651e+000 1.843250478e+000 
1.015862546e+000 1.713164427e+000 
1.066743457e+000 1.818909999e+000 
1.014887426e+000 1.709630353e+000 
1.043534350e+000 1.784125769e+000 
1.065580741e+000 1.817165114e+000 
1.027520959e+000 1.748277315e+000 
1.034511289e+000 1.765270612e+000 
1.074392404e+000 1.827454553e+000 
1.104622315e+000 1.851963849e+000 
1.042147283e+000 1.781804575e+000 
1.047168834e+000 1.790990720e+000 
1.011726706e+000 1.696953378e+000 
1.037844702e+000 1.772735991e+000 
1.045150447e+000 1.787578311e+000 
1.036421144e+000 1.769695094e+000 
1.037375220e+000 1.771603433e+000 
1.010485137e+000 1.692149186e+000 
1.008830307e+000 1.682240497e+000 
1.152549390e+000 1.880362499e+000 
1.110341501e+000 1.856176024e+000 
1.120259810e+000 1.861883619e+000 
1.038747181e+000 1.774726424e+000 
1.075871766e+000 1.828610925e+000 
1.074705618e+000 1.827828953e+000 
1.144188224e+000 1.876400513e+000 
1.153038970e+000 1.881663265e+000 
1.151476623e+000 1.880293603e+000 
1.064417677e+000 1.815263033e+000 
1.062847895e+000 1.813808374e+000 
1.022841789e+000 1.734950296e+000 
1.048721296e+000 1.793412681e+000 
1.091125906e+000 1.842135347e+000 
1.085345707e+000 1.836820892e+000 
1.103721468e+000 1.851113251e+000 
1.053239747e+000 1.801317706e+000 
1.023442963e+000 1.737007256e+000 
1.070332084e+000 1.822888371e+000 
1.106003858e+000 1.852422291e+000 
1.017472782e+000 1.718589676e+000 
1.034080283e+000 1.764436918e+000 
1.096163601e+000 1.845060968e+000 
1.029034918e+000 1.751786652e+000 
1.078575383e+000 1.831887028e+000 
1.060583195e+000 1.811418358e+000 
1.055102557e+000 1.804110924e+000 
1.062364010e+000 1.813351084e+000 
1.047365753e+000 1.791442869e+000 
1.032281270e+000 1.760136091e+000 
1.123603504e+000 1.864219528e+000 
1.036541830e+000 1.770060441e+000 
1.034618593e+000 1.765940166e+000 
1.037177688e+000 1.771383595e+000 
1.030771944e+000 1.756449833e+000 
1.037011312e+000 1.771192999e+000 
1.148198494e+000 1.878286346e+000 
1.036316906e+000 1.769072411e+000 
1.146066096e+000 1.877302308e+000 
1.015382855e+000 1.711356338e+000 
1.027928932e+000 1.749066159e+000 
1.121997788e+000 1.863707356e+000 
1.016037771e+000 1.713474200e+000 
1.063714726e+000 1.815029645e+000 
1.032972845e+000 1.761881853e+000 
1.120488546e+000 1.862014650e+000 
1.019056915e+000 1.723414863e+000 
1.026513610e+000 1.745421683e+000 
1.149614384e+000 1.879152286e+000 
1.024773994e+000 1.740616400e+000 
1.027098069e+000 1.747050808e+000 
1.050677751e+000 1.798152235e+000 
1.044410839e+000 1.786510797e+000 
1.059180406e+000 1.809616874e+000 
1.026873523e+000 1.746233090e+000 
1.021193010e+000 1.730465612e+000 
1.019894630e+000 1.726265280e+000 
1.183795989e+000 1.894469512e+000 
1.022322167e+000 1.733423710e+000 
1.019784459e+000 1.725912579e+000 
1.020181037e+000 1.727032238e+000 
1.053371373e+000 1.801713957e+000 
1.121095756e+000 1.862962847e+000 
1.054015440e+000 1.802930807e+000 
1.022952865e+000 1.735456176e+000 
1.030423930e+000 1.755536872e+000 
1.029774742e+000 1.753766593e+000 
1.056364153e+000 1.806358450e+000 
1.056051763e+000 1.806127526e+000 
1.024732299e+000 1.740350933e+000 
1.065929361e+000 1.817889161e+000 
1.019015219e+000 1.723149396e+000 
1.061182621e+000 1.811715006e+000 
1.125971563e+000 1.865654886e+000 
1.125476897e+000 1.865033950e+000 
1.031066427e+000 1.756969189e+000 
1.029960701e+000 1.754159846e+000 
1.038426710e+000 1.774100302e+000 
1.132459091e+000 1.869257815e+000 
1.030001643e+000 1.754249970e+000 
1.035681048e+000 1.767749256e+000 
1.124866302e+000 1.864974175e+000 
1.161558856e+000 1.884972884e+000 
1.166810373e+000 1.887687831e+000 
1.159536604e+000 1.884049349e+000 
1.129955705e+000 1.868105379e+000 
1.156300155e+000 1.882682729e+000 
1.157340800e+000 1.883014654e+000 
1.131607794e+000 1.869227627e+000 
1.158027196e+000 1.883625431e+000 
1.143701777e+000 1.876101260e+000 
1.142820413e+000 1.875378433e+000 
1.345832857e+000 1.958399017e+000 
1.307787532e+000 1.947641470e+000 
1.282498996e+000 1.939531162e+000 
1.252363075e+000 1.929688861e+000 
1.259220300e+000 1.932981469e+000 
1.275397925e+000 1.938178581e+000 
1.276444652e+000 1.938880420e+000 
1.307298597e+000 1.947630191e+000 
1.424493862e+000 1.977029801e+000 
1.236952769e+000 1.922866275e+000 
1.235224827e+000 1.922460426e+000 
1.252967871e+000 1.930635824e+000 
1.309114545e+000 1.947841465e+000 
1.237125264e+000 1.923269563e+000 
1.305427363e+000 1.947322111e+000 
1.267754855e+000 1.936255575e+000 
1.275283687e+000 1.937318260e+000 
1.308101297e+000 1.947840286e+000 
1.353372396e+000 1.960165800e+000 
1.276306938e+000 1.938406358e+000 
1.359603629e+000 1.961515437e+000 
1.288797228e+000 1.942676721e+000 
1.285003080e+000 1.940850056e+000 
1.264969670e+000 1.934444389e+000 
1.260289375e+000 1.933966126e+000 
1.673465971e+000 2.000000000e+000 
1.266704452e+000 1.935119183e+000 
1.278316618e+000 1.939408308e+000 
1.285326522e+000 1.941485902e+000 
1.253603211e+000 1.930876363e+000 
1.660311881e+000 1.999765000e+000 
1.286630755e+000 1.941746224e+000 
1.252854440e+000 1.930282050e+000 
1.257554485e+000 1.932028505e+000 
1.246293661e+000 1.927835868e+000 
1.245409874e+000 1.927657273e+000 
1.233563274e+000 1.922095877e+000 
1.258184667e+000 1.932436427e+000 
1.349669528e+000 1.959715498e+000 
1.658271361e+000 1.999400506e+000 
1.666986232e+000 1.999960148e+000 
1.660641228e+000 1.999934392e+000 
1.214227998e+000 1.913402879e+000 
1.655157276e+000 1.999344736e+000 
1.199975259e+000 1.906224165e+000 
1.177856168e+000 1.892522286e+000 
1.204226197e+000 1.908412984e+000 
1.179035033e+000 1.893904368e+000 
1.359297511e+000 1.960788100e+000 
1.292918480e+000 1.944179242e+000 
1.178806630e+000 1.893216405e+000 
1.298591052e+000 1.945242036e+000 
1.236959899e+000 1.923250473e+000 
1.239808688e+000 1.925056432e+000 
1.199403390e+000 1.905434247e+000 
1.300641123e+000 1.945404163e+000 
1.242771661e+000 1.926143776e+000 
1.300256725e+000 1.945269635e+000 
1.255654511e+000 1.931225344e+000 
1.228840454e+000 1.920441678e+000 
1.229958370e+000 1.920557001e+000 
1.223843028e+000 1.917903270e+000 
1.217833347e+000 1.916484691e+000 
1.220553361e+000 1.917702260e+000 
1.228957495e+000 1.920503063e+000 
1.210806901e+000 1.912544817e+000 
1.208597713e+000 1.911054319e+000 
1.201469750e+000 1.907252035e+000 
1.211449182e+000 1.913042075e+000 
1.203603639e+000 1.908147497e+000 
1.211136871e+000 1.912949428e+000 
1.231304128e+000 1.921583500e+000 
1.230950781e+000 1.921417272e+000 
1.204336286e+000 1.908746778e+000 
1.249826720e+000 1.928562633e+000 
1.603461360e+000 1.999114361e+000 
1.177892042e+000 1.893004473e+000 
1.165172198e+000 1.887398873e+000 
1.596141546e+000 1.999081179e+000 
1.249451329e+000 1.928232409e+000 
1.176983166e+000 1.892418583e+000 
1.238731691e+000 1.924612649e+000 
1.170001560e+000 1.889252140e+000 
1.168694090e+000 1.888802431e+000 
1.173870345e+000 1.892172824e+000 
1.509787398e+000 1.992116758e+000 
1.167384249e+000 1.888491633e+000 
1.197754896e+000 1.904990214e+000 
1.172976880e+000 1.892168216e+000 
1.184462867e+000 1.897735888e+000 
1.192180425e+000 1.901220857e+000 
1.518066980e+000 1.994168560e+000 
1.140186752e+000 1.871474304e+000 
1.137611314e+000 1.869948512e+000 
1.137673773e+000 1.870634104e+000 
1.516573127e+000 1.993898359e+000 
1.140030221e+000 1.871093012e+000 
1.504874589e+000 1.991439734e+000 
1.576678659e+000 1.998539879e+000 
1.517559634e+000 1.993957301e+000 
1.338778648e+000 1.956765341e+000 
1.495697597e+000 1.989546668e+000 
1.510771483e+000 1.992969323e+000 
1.500952381e+000 1.990881196e+000 
1.406028850e+000 1.973469389e+000 
1.502251058e+000 1.991189754e+000 
1.334003587e+000 1.956291409e+000 
1.339727877e+000 1.957414449e+000 
1.332363578e+000 1.955714405e+000 
1.318456114e+000 1.950912863e+000 
1.325772476e+000 1.954143043e+000 
1.320063009e+000 1.952090656e+000 
1.497947285e+000 1.989580860e+000 
1.387905940e+000 1.970268270e+000 
1.298448364e+000 1.945218856e+000 
1.549777053e+000 1.998320674e+000 
1.384895290e+000 1.969178449e+000 
1.546123636e+000 1.997084927e+000 
1.531865181e+000 1.995320949e+000 
1.522312816e+000 1.994418258e+000 
1.534514688e+000 1.995813302e+000 
1.494845025e+000 1.989216332e+000 
1.542956741e+000 1.996966411e+000 
1.546843234e+000 1.997667319e+000 
1.192419722e+000 1.901817346e+000 
1.563561460e+000 1.998336457e+000 
1.536346796e+000 1.995879288e+000 
1.537932071e+000 1.995895005e+000 
1.185431037e+000 1.897838723e+000 
1.184439852e+000 1.896912606e+000 
1.310263229e+000 1.948740675e+000 
1.527169105e+000 1.995001649e+000 
1.500148939e+000 1.990830163e+000 
1.343283386e+000 1.957893508e+000 
1.190896260e+000 1.900819415e+000 
1.361581734e+000 1.963133581e+000 
1.371320456e+000 1.966436459e+000 
1.361674190e+000 1.963443212e+000 
1.186469411e+000 1.898908880e+000 
1.367011541e+000 1.965074480e+000 
1.393145746e+000 1.970758596e+000 
1.510080007e+000 1.992410866e+000 
1.185843728e+000 1.897893660e+000 
1.546012784e+000 1.997040859e+000 
1.383254471e+000 1.968864952e+000 
1.365935578e+000 1.964797395e+000 
1.572888001e+000 1.998351566e+000 
1.311118539e+000 1.949510359e+000 
1.363426482e+000 1.963468459e+000 
1.384584370e+000 1.969065159e+000 
1.378176195e+000 1.967006550e+000 
1.395918415e+000 1.971378935e+000 
1.348654929e+000 1.958909706e+000 
1.379401202e+000 1.967993753e+000 
1.303948855e+000 1.946879469e+000 
1.278073136e+000 1.939198636e+000 
1.348958742e+000 1.959609073e+000 
1.351006798e+000 1.959835630e+000 
1.401473161e+000 1.972523125e+000 
1.301353111e+000 1.946385936e+000 
1.393996249e+000 1.971222827e+000 
1.305811303e+000 1.947476221e+000 
1.283594289e+000 1.940517714e+000 
1.283671193e+000 1.940548371e+000 
1.329929700e+000 1.954590155e+000 
1.343794840e+000 1.958329648e+000 
1.289001420e+000 1.942702749e+000 
1.370936370e+000 1.965914556e+000 
1.313129836e+000 1.949862172e+000 
1.399561580e+000 1.972430286e+000 
1.314340357e+000 1.950375411e+000 
1.334736787e+000 1.956386710e+000 
1.318859741e+000 1.951040007e+000 
1.498820927e+000 1.989933161e+000 
1.486334227e+000 1.989084860e+000 
1.475744858e+000 1.987150417e+000 
1.471314009e+000 1.986048050e+000 
1.466890528e+000 1.985305563e+000 
1.416588894e+000 1.975601387e+000 
1.424394240e+000 1.976786326e+000 
1.412089038e+000 1.975041171e+000 
1.474784825e+000 1.986787349e+000 
1.403282607e+000 1.973106729e+000 
1.481005027e+000 1.988149968e+000 
1.467466278e+000 1.985479827e+000 
1.450463096e+000 1.982179804e+000 
1.449142778e+000 1.981582464e+000 
1.439143899e+000 1.980092613e+000 
1.432460818e+000 1.978526610e+000 
1.440294160e+000 1.980093309e+000 
1.472454941e+000 1.986263943e+000 
1.435526454e+000 1.979266228e+000 
1.420294906e+000 1.976019824e+000 
1.420968253e+000 1.976225527e+000 
1.415583580e+000 1.975107073e+000 
1.428702848e+000 1.977632498e+000 
1.430349031e+000 1.978222474e+000 
1.461331913e+000 1.983904102e+000 
1.453686898e+000 1.982369366e+000 
1.448258211e+000 1.981330979e+000 
1.460667744e+000 1.983779760e+000 
1.447964827e+000 1.981212135e+000 

