1.000000000e+000 1.016828964e+000 
1.000043366e+000 1.066972659e+000 
1.000270511e+000 1.066975815e+000 
1.001659015e+000 1.559757991e+000 
1.002190186e+000 1.562830640e+000 
1.000348792e+000 1.134758798e+000 
1.000704324e+000 1.136823281e+000 
1.000392158e+000 1.134849131e+000 
1.000660958e+000 1.136730353e+000 
1.001273324e+000 1.276372845e+000 
1.001316689e+000 1.276467253e+000 
1.000823430e+000 1.252729443e+000 
1.012591665e+000 1.710323040e+000 
1.137782627e+000 1.840042941e+000 
1.002270625e+000 1.680240888e+000 
1.031008372e+000 1.739964465e+000 
1.106591708e+000 1.816117507e+000 
1.145627361e+000 1.844279541e+000 
1.124218699e+000 1.830031566e+000 
1.031948984e+000 1.740342507e+000 
1.149656544e+000 1.847366537e+000 
1.142287369e+000 1.841507026e+000 
1.003045362e+000 1.684049513e+000 
1.124308705e+000 1.830219658e+000 
1.098398249e+000 1.810402841e+000 
1.108209488e+000 1.818855313e+000 
1.125138068e+000 1.832138542e+000 
1.117649923e+000 1.826705507e+000 
1.094855097e+000 1.807027994e+000 
1.144314557e+000 1.842662320e+000 
1.002841982e+000 1.681250192e+000 
1.129252931e+000 1.832870938e+000 
1.151073448e+000 1.849114835e+000 
1.126269073e+000 1.832246348e+000 
1.136070039e+000 1.838054821e+000 
1.140765407e+000 1.840410442e+000 
1.128201325e+000 1.832729956e+000 
1.097810086e+000 1.809678398e+000 
1.114222282e+000 1.823390248e+000 
1.105268063e+000 1.815525370e+000 
1.059547767e+000 1.774377200e+000 
1.123148925e+000 1.829599275e+000 
1.007869294e+000 1.699750050e+000 
1.122239890e+000 1.829159351e+000 
1.005424646e+000 1.693184173e+000 
1.135649682e+000 1.837087607e+000 
1.002313991e+000 1.680315925e+000 
1.068002557e+000 1.782190862e+000 
1.030751758e+000 1.739104064e+000 
1.132370882e+000 1.836572261e+000 
1.108484838e+000 1.818857143e+000 
1.112373448e+000 1.822882231e+000 
1.031685571e+000 1.740206620e+000 
1.030435622e+000 1.738362316e+000 
1.021701261e+000 1.726051912e+000 
1.045490971e+000 1.758595532e+000 
1.030438568e+000 1.738554456e+000 
1.002249824e+000 1.678497118e+000 
1.007070301e+000 1.697619035e+000 
1.020708902e+000 1.724335523e+000 
1.085028924e+000 1.798791656e+000 
1.093780904e+000 1.806591401e+000 
1.088547985e+000 1.801576294e+000 
1.003894492e+000 1.687611563e+000 
1.073632975e+000 1.788619784e+000 
1.095988635e+000 1.808196414e+000 
1.095616360e+000 1.808194841e+000 
1.023455272e+000 1.729529745e+000 
1.064348679e+000 1.779130936e+000 
1.051426111e+000 1.764956050e+000 
1.026806216e+000 1.734098636e+000 
1.034478520e+000 1.744295246e+000 
1.035662820e+000 1.745750502e+000 
1.049900813e+000 1.763706310e+000 
1.112063625e+000 1.820836015e+000 
1.039146816e+000 1.750577825e+000 
1.026771489e+000 1.732891858e+000 
1.072263442e+000 1.786217524e+000 
1.033729812e+000 1.743510944e+000 
1.122141636e+000 1.829048150e+000 
1.023420912e+000 1.729358860e+000 
1.029336866e+000 1.737230196e+000 
1.006337719e+000 1.696105015e+000 
1.022946439e+000 1.729021595e+000 
1.091041933e+000 1.803958908e+000 
1.032042601e+000 1.740830630e+000 
1.094140449e+000 1.806713625e+000 
1.093379265e+000 1.805132911e+000 
1.032696874e+000 1.741039450e+000 
1.005922313e+000 1.693986924e+000 
1.003646606e+000 1.686847432e+000 
1.004605403e+000 1.690381349e+000 
1.094930544e+000 1.807983996e+000 
1.006835386e+000 1.696907766e+000 
1.089782102e+000 1.802561152e+000 
1.071891167e+000 1.786215951e+000 
1.041045152e+000 1.752978590e+000 
1.086935854e+000 1.800653229e+000 
1.006071345e+000 1.694819001e+000 
1.084656649e+000 1.798790083e+000 
1.019109060e+000 1.722602385e+000 
1.005158272e+000 1.691898159e+000 
1.004586914e+000 1.689859465e+000 
1.077895562e+000 1.791592538e+000 
1.076177217e+000 1.790718432e+000 
1.004220335e+000 1.688083092e+000 
1.003261538e+000 1.684549176e+000 
1.082202956e+000 1.795969573e+000 
1.082889004e+000 1.796939533e+000 
1.008440577e+000 1.701283253e+000 
1.041752128e+000 1.753579014e+000 
1.104999009e+000 1.815467131e+000 
1.042027478e+000 1.753580844e+000 
1.072870261e+000 1.787102989e+000 
1.088349499e+000 1.801513610e+000 
1.062284152e+000 1.777106929e+000 
1.091288889e+000 1.804286055e+000 
1.029341608e+000 1.737433193e+000 
1.065584599e+000 1.780517852e+000 
1.019580527e+000 1.722956953e+000 
1.121008605e+000 1.827411581e+000 
1.109937226e+000 1.818922147e+000 
1.116292753e+000 1.824073533e+000 
1.033189503e+000 1.742289616e+000 
1.053188053e+000 1.767723679e+000 
1.015560245e+000 1.715831944e+000 
1.013641066e+000 1.712134902e+000 
1.059224885e+000 1.773694596e+000 
1.077202439e+000 1.791518789e+000 
1.012316315e+000 1.710321210e+000 
1.081091050e+000 1.795543877e+000 
1.009951650e+000 1.704654328e+000 
1.032914153e+000 1.742287786e+000 
1.082508428e+000 1.796558631e+000 
1.068706301e+000 1.783076071e+000 
1.011359877e+000 1.707372609e+000 
1.010527884e+000 1.706037806e+000 
1.049358926e+000 1.762700257e+000 
1.034439451e+000 1.744131505e+000 
1.065010204e+000 1.779330313e+000 
1.012790600e+000 1.710672277e+000 
1.058881254e+000 1.773214923e+000 
1.036546505e+000 1.746697065e+000 
1.043613841e+000 1.755682709e+000 
1.010015767e+000 1.705449939e+000 
1.010490051e+000 1.705801006e+000 
1.049634275e+000 1.762702087e+000 
1.038968389e+000 1.749840458e+000 
1.040259784e+000 1.751629710e+000 
1.030586814e+000 1.739072084e+000 
1.014744586e+000 1.714608786e+000 
1.056286568e+000 1.770674425e+000 
1.059156604e+000 1.773216753e+000 
1.054546179e+000 1.768851514e+000 
1.052397958e+000 1.766649337e+000 
1.020972083e+000 1.724956875e+000 
1.045766321e+000 1.758597362e+000 
1.058434790e+000 1.772876602e+000 
1.046046413e+000 1.758804605e+000 
1.028906130e+000 1.736641072e+000 
1.022406129e+000 1.727800267e+000 
1.021908020e+000 1.726625319e+000 
1.013845337e+000 1.712870332e+000 
1.017320484e+000 1.719481887e+000 
1.016145885e+000 1.717741604e+000 
1.015556546e+000 1.715747891e+000 
1.016421235e+000 1.717743434e+000 
1.044975753e+000 1.757385318e+000 
1.009016811e+000 1.703315606e+000 
1.008415567e+000 1.700764237e+000 
1.265853594e+000 1.918557119e+000 
1.217373630e+000 1.893645263e+000 
1.216471022e+000 1.893629378e+000 
1.245810862e+000 1.909080147e+000 
1.251655130e+000 1.912471056e+000 
1.421609128e+000 1.975227375e+000 
1.338370670e+000 1.950906496e+000 
1.337461635e+000 1.950538477e+000 
1.294521990e+000 1.932227342e+000 
1.309586557e+000 1.939207442e+000 
1.216136830e+000 1.892722520e+000 
1.502940032e+000 1.990086221e+000 
1.449001026e+000 1.979441389e+000 
1.664519538e+000 1.999998020e+000 
1.421131668e+000 1.974880654e+000 
1.429281090e+000 1.977418186e+000 
1.430634967e+000 1.977465167e+000 
1.297521361e+000 1.932348225e+000 
1.664862469e+000 2.000000000e+000 
1.271252759e+000 1.922801485e+000 
1.266546593e+000 1.920264027e+000 
1.283455588e+000 1.928523788e+000 
1.286690841e+000 1.928979856e+000 
1.287940789e+000 1.929978292e+000 
1.287031754e+000 1.929610273e+000 
1.293619383e+000 1.932211458e+000 
1.194709791e+000 1.880217947e+000 
1.451954517e+000 1.980645663e+000 
1.201504918e+000 1.883623527e+000 
1.437208482e+000 1.978314032e+000 
1.196978432e+000 1.881361725e+000 
1.247231704e+000 1.910201258e+000 
1.583271982e+000 1.997500451e+000 
1.220936732e+000 1.894622176e+000 
1.259076306e+000 1.917105367e+000 
1.249073410e+000 1.911649518e+000 
1.249151819e+000 1.912256434e+000 
1.190084893e+000 1.877847472e+000 
1.235243119e+000 1.903061124e+000 
1.563211354e+000 1.996445898e+000 
1.276223724e+000 1.924764308e+000 
1.569880264e+000 1.996560005e+000 
1.175276639e+000 1.866064300e+000 
1.260793695e+000 1.917951489e+000 
1.248354992e+000 1.911145729e+000 
1.253779575e+000 1.914186976e+000 
1.257448853e+000 1.916233559e+000 
1.194791058e+000 1.880384930e+000 
1.262041107e+000 1.918486328e+000 
1.257073998e+000 1.915627532e+000 
1.194450145e+000 1.879754513e+000 
1.234534055e+000 1.903011318e+000 
1.213847877e+000 1.892202120e+000 
1.199080343e+000 1.882988930e+000 
1.556537309e+000 1.995983705e+000 
1.179382917e+000 1.868896809e+000 
1.187988058e+000 1.875567659e+000 
1.176049090e+000 1.866879485e+000 
1.313913182e+000 1.941099934e+000 
1.434639428e+000 1.978012218e+000 
1.195700093e+000 1.880752949e+000 
1.313004147e+000 1.940731915e+000 
1.275212222e+000 1.924581288e+000 
1.180291952e+000 1.869264828e+000 
1.398416303e+000 1.969488279e+000 
1.403955494e+000 1.970795050e+000 
1.260451838e+000 1.917862270e+000 
1.413075903e+000 1.973192489e+000 
1.255717530e+000 1.915060275e+000 
1.408628744e+000 1.971891282e+000 
1.241463318e+000 1.907161046e+000 
1.422734952e+000 1.976125173e+000 
1.410040144e+000 1.972578872e+000 
1.254581160e+000 1.914341386e+000 
1.180907233e+000 1.869849736e+000 
1.242202347e+000 1.907918978e+000 
1.276636355e+000 1.924793637e+000 
1.449810414e+000 1.979755388e+000 
1.213202040e+000 1.891867758e+000 
1.198386944e+000 1.882116035e+000 
1.208978814e+000 1.889645910e+000 
1.205894859e+000 1.886990046e+000 
1.218277234e+000 1.894343126e+000 
1.211343929e+000 1.891196190e+000 
1.318618713e+000 1.943383810e+000 
1.381823672e+000 1.964633188e+000 
1.390284695e+000 1.967405800e+000 
1.221322838e+000 1.897439239e+000 
1.394158532e+000 1.969147882e+000 
1.218791157e+000 1.894595571e+000 
1.476456517e+000 1.985235118e+000 
1.357250266e+000 1.958908874e+000 
1.382997887e+000 1.966165210e+000 
1.220998117e+000 1.897002444e+000 
1.368855976e+000 1.962474576e+000 
1.367347254e+000 1.962368886e+000 
1.225704282e+000 1.899539902e+000 
1.420624354e+000 1.974606778e+000 
1.208334951e+000 1.888026531e+000 
1.366602900e+000 1.961506066e+000 
1.399882585e+000 1.970392142e+000 
1.395667253e+000 1.969253571e+000 
1.380586968e+000 1.964388986e+000 
1.439287793e+000 1.978849658e+000 
1.441291932e+000 1.978876508e+000 
1.267695530e+000 1.921459844e+000 
1.377972521e+000 1.964062329e+000 
1.344271918e+000 1.953466475e+000 
1.437779071e+000 1.978743969e+000 
1.662748248e+000 1.999971280e+000 
1.231135895e+000 1.901824178e+000 
1.235886054e+000 1.905025699e+000 
1.342758914e+000 1.952890807e+000 
1.347465079e+000 1.955428265e+000 
1.331843086e+000 1.947832079e+000 
1.302308250e+000 1.936036427e+000 
1.301684929e+000 1.935944769e+000 
1.223342661e+000 1.898879508e+000 
1.388215513e+000 1.966838848e+000 
1.268174565e+000 1.921596429e+000 
1.330086948e+000 1.947493762e+000 
1.272401696e+000 1.923997302e+000 
1.359848445e+000 1.959093309e+000 
1.273910417e+000 1.924102992e+000 
1.346448428e+000 1.953668217e+000 
1.224851382e+000 1.898985197e+000 
1.300176208e+000 1.935839080e+000 
1.325369154e+000 1.946614745e+000 
1.298643725e+000 1.934947839e+000 
1.389724235e+000 1.966944538e+000 
1.320662989e+000 1.944077287e+000 
1.289669602e+000 1.931027968e+000 
1.304882373e+000 1.938376538e+000 
1.291455476e+000 1.932190986e+000 
1.290976441e+000 1.932054401e+000 
1.322171710e+000 1.944182976e+000 
1.403476036e+000 1.970708427e+000 
1.350873113e+000 1.956537043e+000 
1.303819737e+000 1.937161882e+000 
1.401391306e+000 1.970497832e+000 
1.473123151e+000 1.984151614e+000 
1.288594330e+000 1.930233891e+000 
1.471614430e+000 1.984045924e+000 
1.281080546e+000 1.926668098e+000 
1.470004759e+000 1.983832682e+000 
1.148419498e+000 1.847113732e+000 
1.513554304e+000 1.992090445e+000 
1.152081185e+000 1.849684875e+000 
1.479069000e+000 1.986324377e+000 
1.495742969e+000 1.989601873e+000 
1.489596222e+000 1.988185468e+000 
1.146118135e+000 1.845424380e+000 
1.494111562e+000 1.989092877e+000 
1.487610503e+000 1.988080796e+000 
1.152789123e+000 1.850152115e+000 
1.146681829e+000 1.846387176e+000 
1.131633948e+000 1.833148562e+000 
1.379679218e+000 1.964275717e+000 
1.478584202e+000 1.985495265e+000 
1.157793956e+000 1.854045396e+000 
1.156222369e+000 1.853166477e+000 
1.157775560e+000 1.853887364e+000 
1.157429813e+000 1.853315857e+000 
1.150255370e+000 1.848733306e+000 
1.631929354e+000 1.999593854e+000 
1.193445251e+000 1.879211285e+000 
1.161651536e+000 1.857206074e+000 
1.652505050e+000 1.999829207e+000 
1.624450872e+000 1.999422970e+000 
1.184295677e+000 1.873529735e+000 
1.137368266e+000 1.838259572e+000 
1.181143906e+000 1.870629264e+000 
1.185307866e+000 1.873832990e+000 
1.176990135e+000 1.868528821e+000 
1.462783962e+000 1.982043164e+000 
1.170344277e+000 1.863697938e+000 
1.445048589e+000 1.979349036e+000 
1.170625558e+000 1.864496805e+000 
1.658125566e+000 1.999897003e+000 
1.175460395e+000 1.866747000e+000 
1.645228211e+000 1.999690651e+000 
1.168532170e+000 1.862614706e+000 
1.618208395e+000 1.999255884e+000 
1.166461598e+000 1.861293079e+000 
1.461380794e+000 1.982004051e+000 
1.462283402e+000 1.982019936e+000 
1.144496767e+000 1.843879406e+000 
1.530209639e+000 1.993906662e+000 
1.523822482e+000 1.993685353e+000 
1.514727653e+000 1.992263623e+000 
1.533057310e+000 1.994107371e+000 
1.183245550e+000 1.872111787e+000 
1.622453890e+000 1.999302223e+000 
1.522913447e+000 1.993317334e+000 
1.175798850e+000 1.866827927e+000 
1.509397244e+000 1.991057369e+000 
1.168088940e+000 1.861541813e+000 
1.617746769e+000 1.999244374e+000 
1.531852819e+000 1.993986875e+000 
1.163576288e+000 1.858701219e+000 
1.642747371e+000 1.999676740e+000 
1.538128213e+000 1.994474290e+000 
1.499960346e+000 1.989602432e+000 
1.607258799e+000 1.998971936e+000 
1.433955612e+000 1.977510747e+000 
1.607743146e+000 1.999001899e+000 
1.616043480e+000 1.999197913e+000 
1.610877273e+000 1.999022374e+000 
1.591284193e+000 1.998338378e+000 
1.600565438e+000 1.998766161e+000 
1.602488769e+000 1.998896402e+000 
1.510919369e+000 1.991359582e+000 
1.583599715e+000 1.997862017e+000 
1.513182280e+000 1.991774582e+000 
1.545131335e+000 1.995231234e+000 
1.559404573e+000 1.996193882e+000 
1.544228728e+000 1.995215350e+000 
1.550176348e+000 1.995644874e+000 
1.558624575e+000 1.996184002e+000 
1.588013602e+000 1.998204196e+000 
1.571554649e+000 1.997207050e+000 
1.585960547e+000 1.998178724e+000 
1.570028056e+000 1.997129123e+000 
1.571266887e+000 1.997130968e+000 

