1.003427884e+000 1.031500087e+000 
1.003192563e+000 1.030925282e+000 
1.003572080e+000 1.031537409e+000 
1.003651338e+000 1.031612825e+000 
1.005461634e+000 1.033462293e+000 
1.004077838e+000 1.032428724e+000 
1.003050715e+000 1.030871588e+000 
1.002715699e+000 1.029998986e+000 
1.002571503e+000 1.029341153e+000 
1.004489059e+000 1.032589677e+000 
1.005021275e+000 1.033225194e+000 
1.002971456e+000 1.030796172e+000 
1.004655972e+000 1.033058762e+000 
1.003854383e+000 1.032315986e+000 
1.003336759e+000 1.030962604e+000 
1.006322279e+000 1.034242757e+000 
1.002827260e+000 1.030758850e+000 
1.006147238e+000 1.034159547e+000 
1.000504446e+000 1.003731495e+000 
1.002212199e+000 1.016463109e+000 
1.002166130e+000 1.016393459e+000 
1.001542437e+000 1.015567455e+000 
1.002560576e+000 1.016843370e+000 
1.001775740e+000 1.015945687e+000 
1.001550695e+000 1.015575172e+000 
1.001512795e+000 1.015566214e+000 
1.001822925e+000 1.016006264e+000 
1.001466254e+000 1.015208339e+000 
1.001240564e+000 1.015135122e+000 
1.001910326e+000 1.016030776e+000 
1.001600195e+000 1.015590726e+000 
1.001313945e+000 1.015178295e+000 
1.001673576e+000 1.015633900e+000 
1.002136488e+000 1.016392218e+000 
1.002251410e+000 1.016463927e+000 
1.001936553e+000 1.016390737e+000 
1.000255712e+000 1.001189732e+000 
1.000154942e+000 1.001150223e+000 
1.000203212e+000 1.001184424e+000 
1.000188970e+000 1.001152523e+000 
9.999999998e-001 1.000000380e+000 
1.000135954e+000 1.000380640e+000 
1.000101926e+000 1.000379370e+000 
1.000069619e+000 1.000332252e+000 
1.000078465e+000 1.000332603e+000 
1.021825146e+000 1.869844094e+000 
1.152244138e+000 1.948503783e+000 
1.157490444e+000 1.950472909e+000 
1.012067116e+000 1.850042406e+000 
1.033873056e+000 1.886801818e+000 
1.119861235e+000 1.938307044e+000 
1.034303875e+000 1.887105100e+000 
1.026724779e+000 1.877290619e+000 
1.123067688e+000 1.939728762e+000 
1.009941571e+000 1.844394301e+000 
1.039374136e+000 1.892918207e+000 
1.151534111e+000 1.948388945e+000 
1.047730059e+000 1.900699425e+000 
1.037278842e+000 1.890751311e+000 
1.121880832e+000 1.939269742e+000 
1.034080699e+000 1.887054054e+000 
1.012465123e+000 1.851012569e+000 
1.137698170e+000 1.944507776e+000 
1.036919415e+000 1.890233576e+000 
1.031785802e+000 1.884462179e+000 
1.031244284e+000 1.883468398e+000 
1.019385500e+000 1.865922629e+000 
1.035035533e+000 1.888198434e+000 
1.112256422e+000 1.935392181e+000 
1.074885048e+000 1.919232993e+000 
1.085527842e+000 1.924433200e+000 
1.016809244e+000 1.861122831e+000 
1.110776416e+000 1.934961438e+000 
1.104792640e+000 1.932761473e+000 
1.112376591e+000 1.935612169e+000 
1.016993556e+000 1.861484620e+000 
1.042897270e+000 1.896404578e+000 
1.050894332e+000 1.902873354e+000 
1.034039063e+000 1.886886912e+000 
1.070246427e+000 1.916087845e+000 
1.029803408e+000 1.881926726e+000 
1.109455094e+000 1.934817452e+000 
1.042570199e+000 1.895777312e+000 
1.033766297e+000 1.886534982e+000 
1.061286758e+000 1.910319256e+000 
1.009168372e+000 1.842843083e+000 
1.041556904e+000 1.895159399e+000 
1.106310322e+000 1.933393516e+000 
1.111402051e+000 1.935135696e+000 
1.028016813e+000 1.879095816e+000 
1.138918441e+000 1.945157465e+000 
1.017456363e+000 1.862384502e+000 
1.016322506e+000 1.860173412e+000 
1.022919689e+000 1.871673087e+000 
1.082837697e+000 1.923118545e+000 
1.034712994e+000 1.887590282e+000 
1.051133137e+000 1.903173038e+000 
1.009566379e+000 1.843813246e+000 
1.012021968e+000 1.849825001e+000 
1.100946988e+000 1.930987483e+000 
1.016479051e+000 1.860541987e+000 
1.083427903e+000 1.923218593e+000 
1.087234225e+000 1.925135167e+000 
1.030943905e+000 1.883259854e+000 
1.036431462e+000 1.889934022e+000 
1.138189845e+000 1.945156483e+000 
1.016864514e+000 1.861221858e+000 
1.032552137e+000 1.885207852e+000 
1.087896705e+000 1.925405606e+000 
1.102818862e+000 1.931380406e+000 
1.026924208e+000 1.877750946e+000 
1.087043780e+000 1.924938289e+000 
1.121596603e+000 1.939070942e+000 
1.073396656e+000 1.918157766e+000 
1.112877823e+000 1.935977114e+000 
1.114211129e+000 1.936609020e+000 
1.027445391e+000 1.878703784e+000 
1.010799146e+000 1.846865373e+000 
1.010370630e+000 1.845933623e+000 
1.026400492e+000 1.876962799e+000 
1.139214458e+000 1.945328210e+000 
1.015893990e+000 1.859241662e+000 
1.010740733e+000 1.846514534e+000 
1.032890129e+000 1.885690802e+000 
1.116942382e+000 1.937679790e+000 
1.144356172e+000 1.946975807e+000 
1.140387217e+000 1.945574615e+000 
1.037841805e+000 1.891192487e+000 
1.076426653e+000 1.919753343e+000 
1.096209476e+000 1.929093570e+000 
1.024374815e+000 1.873872302e+000 
1.045779097e+000 1.898959676e+000 
1.018412266e+000 1.864039206e+000 
1.077038510e+000 1.920410880e+000 
1.131577031e+000 1.942606575e+000 
1.013465435e+000 1.853574504e+000 
1.128688357e+000 1.941945241e+000 
1.125779925e+000 1.940782641e+000 
1.089800292e+000 1.925924810e+000 
1.025848776e+000 1.876117231e+000 
1.088282558e+000 1.925464295e+000 
1.017921847e+000 1.863152993e+000 
1.079344909e+000 1.921155379e+000 
1.088868840e+000 1.925781302e+000 
1.015437106e+000 1.858075791e+000 
1.041068748e+000 1.894610366e+000 
1.080661196e+000 1.921723304e+000 
1.011285719e+000 1.848395912e+000 
1.090350691e+000 1.926766490e+000 
1.072461287e+000 1.917533002e+000 
1.131736258e+000 1.942866605e+000 
1.119005994e+000 1.938246435e+000 
1.025955151e+000 1.876563847e+000 
1.121175651e+000 1.939033845e+000 
1.112545855e+000 1.935646961e+000 
1.010857203e+000 1.847464161e+000 
1.106731273e+000 1.933674328e+000 
1.062006093e+000 1.910803085e+000 
1.053332232e+000 1.904859434e+000 
1.126330073e+000 1.940970727e+000 
1.134600114e+000 1.943596688e+000 
1.010330644e+000 1.845472131e+000 
1.109167987e+000 1.934632217e+000 
1.013089112e+000 1.852737739e+000 
1.159740269e+000 1.950987786e+000 
1.040673159e+000 1.894258797e+000 
1.162141072e+000 1.951898198e+000 
1.011819387e+000 1.849688481e+000 
1.142657514e+000 1.946253756e+000 
1.062550093e+000 1.911190158e+000 
1.013399706e+000 1.853495420e+000 
1.036741278e+000 1.890018325e+000 
1.012971191e+000 1.852563670e+000 
1.011491433e+000 1.848788241e+000 
1.011846501e+000 1.849782071e+000 
1.011647076e+000 1.849266496e+000 
1.048352705e+000 1.901131040e+000 
1.127430169e+000 1.941283003e+000 
1.139966266e+000 1.945512247e+000 
1.047441782e+000 1.900306807e+000 
1.046224272e+000 1.899366247e+000 
1.121479669e+000 1.939037828e+000 
1.038789276e+000 1.892129740e+000 
1.048619334e+000 1.901397938e+000 
1.099608813e+000 1.930278836e+000 
1.045615007e+000 1.898821676e+000 
1.073086063e+000 1.917947252e+000 
1.032432517e+000 1.885102386e+000 
1.056559963e+000 1.907199106e+000 
1.035879980e+000 1.889122458e+000 
1.156936480e+000 1.949930830e+000 
1.036295915e+000 1.889640295e+000 
1.027038032e+000 1.877986186e+000 
1.058803539e+000 1.908621493e+000 
1.058400810e+000 1.908368291e+000 
1.063900979e+000 1.911989599e+000 
1.055426845e+000 1.906218201e+000 
1.021536475e+000 1.869386482e+000 
1.015102447e+000 1.857224647e+000 
1.043438466e+000 1.896776537e+000 
1.037744468e+000 1.891100522e+000 
1.064699872e+000 1.912430795e+000 
1.022257748e+000 1.870568150e+000 
1.066198582e+000 1.913525432e+000 
1.052679758e+000 1.904242581e+000 
1.040335166e+000 1.893775846e+000 
1.060552555e+000 1.909829449e+000 
1.060241962e+000 1.909618935e+000 
1.064936832e+000 1.912789734e+000 
1.023185086e+000 1.872034119e+000 
1.089421547e+000 1.925846021e+000 
1.062860686e+000 1.911400672e+000 
1.057359100e+000 1.907542577e+000 
1.020345774e+000 1.867278901e+000 
1.014236165e+000 1.855287008e+000 
1.014347832e+000 1.855418031e+000 
1.019031038e+000 1.865036050e+000 
1.024782947e+000 1.874533793e+000 
1.018134238e+000 1.863536136e+000 
1.069635307e+000 1.915712937e+000 
1.067996160e+000 1.914474919e+000 
1.025161957e+000 1.875184613e+000 
1.025085782e+000 1.874996928e+000 
1.029138499e+000 1.880861925e+000 
1.019927901e+000 1.866612479e+000 
1.024449234e+000 1.874134033e+000 
1.150916353e+000 1.947623653e+000 
1.052221880e+000 1.903890301e+000 
1.022822376e+000 1.871450983e+000 
1.021550487e+000 1.869490484e+000 
1.021913197e+000 1.870073620e+000 
1.000030521e+000 1.000004309e+000 
1.000002244e+000 1.000004044e+000 
1.000002274e+000 1.000004053e+000 
1.008548075e+000 1.170114418e+000 
1.009010541e+000 1.171068300e+000 
1.006909514e+000 1.167406754e+000 
1.007645898e+000 1.168760904e+000 
1.007054420e+000 1.167785992e+000 
1.008348780e+000 1.169925426e+000 
1.008180638e+000 1.169624465e+000 
1.006351595e+000 1.165906862e+000 
1.007369189e+000 1.168165344e+000 
1.006496501e+000 1.166280376e+000 
1.008692288e+000 1.170410348e+000 
1.001147738e+000 1.007175972e+000 
1.000803953e+000 1.006987214e+000 
1.000748663e+000 1.006985779e+000 
1.001189855e+000 1.007181907e+000 
1.001092449e+000 1.007174538e+000 
1.000921511e+000 1.007002845e+000 
1.001023402e+000 1.007145391e+000 
1.000846070e+000 1.006993148e+000 
1.000577725e+000 1.006814086e+000 
1.000661420e+000 1.006816486e+000 
1.000493233e+000 1.001466800e+000 
1.000403525e+000 1.001437605e+000 
1.000361330e+000 1.001426641e+000 
1.000473269e+000 1.001466427e+000 
1.000449481e+000 1.001465506e+000 
1.000327576e+000 1.001401837e+000 
1.000373788e+000 1.001429762e+000 
1.000285381e+000 1.001390872e+000 
1.000341413e+000 1.001423409e+000 
1.000429563e+000 1.001462273e+000 
1.000383608e+000 1.001434373e+000 
1.000373532e+000 1.001429737e+000 
1.254189993e+000 1.975110962e+000 
1.264156553e+000 1.977494354e+000 
1.172744433e+000 1.955338405e+000 
1.181421209e+000 1.957084888e+000 
1.239330472e+000 1.971402679e+000 
1.221392986e+000 1.967948466e+000 
1.254048940e+000 1.974878948e+000 
1.292492693e+000 1.981842624e+000 
1.173703584e+000 1.955453934e+000 
1.272065755e+000 1.979166743e+000 
1.281415857e+000 1.979970719e+000 
1.263965501e+000 1.976835503e+000 
1.219522805e+000 1.967180782e+000 
1.245613271e+000 1.972754603e+000 
1.179922675e+000 1.956831716e+000 
1.226380362e+000 1.968849611e+000 
1.290968978e+000 1.981357279e+000 
1.258828420e+000 1.976169498e+000 
1.184521483e+000 1.958032081e+000 
1.198915643e+000 1.962324448e+000 
1.185799143e+000 1.958629294e+000 
1.276278777e+000 1.979304672e+000 
1.234042538e+000 1.970708166e+000 
1.177917303e+000 1.956771252e+000 
1.232266757e+000 1.970298667e+000 
1.521642685e+000 1.998985001e+000 
1.166079256e+000 1.953385228e+000 
1.285877259e+000 1.980378821e+000 
1.176355713e+000 1.956157974e+000 
1.281880763e+000 1.980181220e+000 
1.240175959e+000 1.972000260e+000 
1.169057484e+000 1.953904818e+000 
1.238526266e+000 1.971369235e+000 
1.171933265e+000 1.954847923e+000 
1.320341172e+000 1.985911916e+000 
1.241651903e+000 1.972167313e+000 
1.170355559e+000 1.954268704e+000 
1.324013296e+000 1.986320975e+000 
1.278387939e+000 1.979456238e+000 
1.167803928e+000 1.953498486e+000 
1.167729924e+000 1.953422600e+000 
1.250838841e+000 1.974701047e+000 
1.187397686e+000 1.958921374e+000 
1.163203475e+000 1.952442123e+000 
1.287537471e+000 1.981185904e+000 
1.293485777e+000 1.982037189e+000 
1.277058946e+000 1.979314567e+000 
1.241312429e+000 1.972021714e+000 
1.253113499e+000 1.974716496e+000 
1.285915364e+000 1.981127819e+000 
1.323971994e+000 1.986214235e+000 
1.227844309e+000 1.968988616e+000 
1.288601015e+000 1.981213136e+000 
1.165724752e+000 1.952835723e+000 
1.259203418e+000 1.976257581e+000 
1.255469977e+000 1.975537796e+000 
1.294162824e+000 1.982060485e+000 
1.305474627e+000 1.983766913e+000 
1.266737622e+000 1.977841879e+000 
1.281935484e+000 1.980309356e+000 
1.637902116e+000 2.000000000e+000 
1.268859673e+000 1.977850396e+000 
1.245986080e+000 1.973089558e+000 
1.243528091e+000 1.972310760e+000 
1.240031451e+000 1.971729207e+000 
1.269704500e+000 1.978104725e+000 
1.255284063e+000 1.975218215e+000 
1.305734998e+000 1.983940981e+000 
1.306211462e+000 1.984073143e+000 
1.321577291e+000 1.986151744e+000 
1.248660732e+000 1.973773609e+000 
1.219427069e+000 1.967035046e+000 
1.233757362e+000 1.970337468e+000 
1.324903456e+000 1.986366964e+000 
1.150782006e+000 1.947270183e+000 
1.280161083e+000 1.979914482e+000 
1.302408911e+000 1.983691147e+000 
1.154571446e+000 1.948911274e+000 
1.154648129e+000 1.949331113e+000 
1.160527885e+000 1.951388519e+000 
1.156712796e+000 1.949780699e+000 
1.301069745e+000 1.983253070e+000 
1.295507935e+000 1.982421638e+000 
1.154002005e+000 1.948537245e+000 
1.256538866e+000 1.975673716e+000 
1.344666869e+000 1.988952574e+000 
1.549966331e+000 1.999192226e+000 
1.299064031e+000 1.982753077e+000 
1.229180281e+000 1.969533956e+000 
1.224340508e+000 1.968648572e+000 
1.538960936e+000 1.999012262e+000 
1.564609474e+000 1.999330121e+000 
1.260620745e+000 1.976649004e+000 
1.231620962e+000 1.970183724e+000 
1.258182625e+000 1.976038739e+000 
1.236765308e+000 1.971146657e+000 
1.221050034e+000 1.967484386e+000 
1.186383147e+000 1.958798319e+000 
1.220714218e+000 1.967282307e+000 
1.216226213e+000 1.966928895e+000 
1.184665347e+000 1.958432590e+000 
1.212113739e+000 1.965675215e+000 
1.223278176e+000 1.968053502e+000 
1.579729095e+000 1.999622978e+000 
1.634315847e+000 1.999996381e+000 
1.181841796e+000 1.957855271e+000 
1.209461815e+000 1.965026712e+000 
1.211624051e+000 1.965653385e+000 
1.576816089e+000 1.999591223e+000 
1.205060486e+000 1.963859511e+000 
1.222511187e+000 1.967995489e+000 
1.575760812e+000 1.999461478e+000 
1.208594316e+000 1.964389431e+000 
1.206800607e+000 1.964118743e+000 
1.186128606e+000 1.958728627e+000 
1.220842694e+000 1.967299303e+000 
1.619261705e+000 1.999898099e+000 
1.180382009e+000 1.957076041e+000 
1.626035343e+000 1.999985315e+000 
1.493266214e+000 1.998377241e+000 
1.423861408e+000 1.995384567e+000 
1.424681020e+000 1.995396488e+000 
1.489559091e+000 1.998255326e+000 
1.523507404e+000 1.999010418e+000 
1.418175045e+000 1.995043015e+000 
1.408536454e+000 1.994614704e+000 
1.417752312e+000 1.994879389e+000 
1.408781559e+000 1.994708737e+000 
1.486999974e+000 1.998235115e+000 
1.491314216e+000 1.998289290e+000 
1.412845867e+000 1.994725093e+000 
1.542303865e+000 1.999085427e+000 
1.488492646e+000 1.998249025e+000 
1.487924988e+000 1.998238817e+000 
1.567775774e+000 1.999444261e+000 
1.583458995e+000 1.999685228e+000 
1.190490869e+000 1.959507173e+000 
1.197925849e+000 1.961682064e+000 
1.576100371e+000 1.999462671e+000 
1.190866310e+000 1.959732561e+000 
1.191800703e+000 1.960105040e+000 
1.203654607e+000 1.963576651e+000 
1.198216318e+000 1.961914259e+000 
1.197531529e+000 1.961436192e+000 
1.207903442e+000 1.964220406e+000 
1.203509628e+000 1.963461071e+000 
1.201434963e+000 1.962564180e+000 
1.193525079e+000 1.960412994e+000 
1.197178571e+000 1.961314954e+000 
1.396722355e+000 1.993747987e+000 
1.436767231e+000 1.995910938e+000 
1.590591836e+000 1.999706085e+000 
1.541843752e+000 1.999048476e+000 
1.398366153e+000 1.994083025e+000 
1.403450879e+000 1.994233435e+000 
1.372203551e+000 1.991739748e+000 
1.396814131e+000 1.993837918e+000 
1.406147931e+000 1.994420024e+000 
1.381590269e+000 1.992893879e+000 
1.378976542e+000 1.992372173e+000 
1.513034427e+000 1.998696744e+000 
1.368996279e+000 1.991615298e+000 
1.375427354e+000 1.992334570e+000 
1.370247869e+000 1.991655277e+000 
1.366421367e+000 1.991356626e+000 
1.380019572e+000 1.992411488e+000 
1.390387962e+000 1.993452624e+000 
1.520488699e+000 1.998849452e+000 
1.387876357e+000 1.993287710e+000 
1.514347059e+000 1.998711903e+000 
1.419902604e+000 1.995080172e+000 
1.469654262e+000 1.997264666e+000 
1.433345480e+000 1.995862240e+000 
1.592484737e+000 1.999748379e+000 
1.516130341e+000 1.998772525e+000 
1.398134368e+000 1.993868549e+000 
1.509694107e+000 1.998645550e+000 
1.510736373e+000 1.998674687e+000 
1.385030990e+000 1.992906364e+000 
1.595863973e+000 1.999823705e+000 
1.328989465e+000 1.987389082e+000 
1.386870509e+000 1.992932082e+000 
1.327838252e+000 1.987059244e+000 
1.320731658e+000 1.986114633e+000 
1.341221762e+000 1.988631716e+000 
1.340686859e+000 1.988376749e+000 
1.339106244e+000 1.988366552e+000 
1.316939228e+000 1.985711373e+000 
1.318207391e+000 1.985727949e+000 
1.318257202e+000 1.985866254e+000 
1.312687317e+000 1.985131070e+000 
1.310578203e+000 1.984642705e+000 
1.358452458e+000 1.990334616e+000 
1.307777520e+000 1.984114411e+000 
1.358871434e+000 1.990508771e+000 
1.340341293e+000 1.988374933e+000 
1.365482660e+000 1.991125838e+000 
1.351713577e+000 1.989691756e+000 
1.355542790e+000 1.990044306e+000 
1.363284945e+000 1.990854229e+000 
1.353082441e+000 1.989746331e+000 
1.439574453e+000 1.996125207e+000 
1.445918587e+000 1.996242092e+000 
1.441402806e+000 1.996164964e+000 
1.560502165e+000 1.999308270e+000 
1.508947369e+000 1.998583068e+000 
1.444695446e+000 1.996194342e+000 
1.479218691e+000 1.997880051e+000 
1.480426040e+000 1.997913855e+000 
1.452658740e+000 1.996632739e+000 
1.454434148e+000 1.996878266e+000 
1.470705509e+000 1.997472839e+000 
1.460160586e+000 1.996989850e+000 
1.469999922e+000 1.997433759e+000 
1.451058313e+000 1.996456874e+000 
1.460899036e+000 1.997003542e+000 
1.464079144e+000 1.997181685e+000 
1.464971938e+000 1.997235667e+000 
1.462461929e+000 1.997159344e+000 
1.472635670e+000 1.997678797e+000 

