1.050148983e+000 1.100295050e+000 
1.048873469e+000 1.099539668e+000 
1.050621648e+000 1.100578158e+000 
1.050975199e+000 1.100761035e+000 
1.049297069e+000 1.099851301e+000 
1.050003324e+000 1.100263847e+000 
1.047452368e+000 1.098808455e+000 
1.053806525e+000 1.102226180e+000 
1.053500686e+000 1.101977721e+000 
1.053457637e+000 1.101977681e+000 
1.057722253e+000 1.658384792e+000 
1.056861025e+000 1.657077023e+000 
1.057122820e+000 1.657487005e+000 
1.009902763e+000 1.006082575e+000 
1.009455049e+000 1.005933262e+000 
1.011197728e+000 1.006406293e+000 
1.015345700e+000 1.007341863e+000 
1.026307215e+000 1.008940556e+000 
1.010436621e+000 1.006266290e+000 
1.010976547e+000 1.006365348e+000 
1.012271482e+000 1.006690601e+000 
1.012281553e+000 1.006715720e+000 
1.011923071e+000 1.006630134e+000 
1.010686827e+000 1.006283847e+000 
1.028380242e+000 1.009109768e+000 
1.010667435e+000 1.006276382e+000 
1.019288165e+000 1.007922460e+000 
1.018136675e+000 1.007762586e+000 
1.019015749e+000 1.007904030e+000 
1.024976091e+000 1.008784159e+000 
1.030715966e+000 1.009434539e+000 
1.011547071e+000 1.006505085e+000 
1.009719975e+000 1.006019145e+000 
1.017405024e+000 1.007669840e+000 
1.030056286e+000 1.009348197e+000 
1.017844096e+000 1.007731783e+000 
1.025732029e+000 1.008815743e+000 
1.013187433e+000 1.006872747e+000 
1.009204871e+000 1.005812551e+000 
1.011836791e+000 1.006586585e+000 
1.013006409e+000 1.006834962e+000 
1.014168993e+000 1.007100536e+000 
1.029649022e+000 1.009279401e+000 
1.009360891e+000 1.005848285e+000 
1.020900070e+000 1.008177177e+000 
1.009280572e+000 1.005840148e+000 
1.012913297e+000 1.006816736e+000 
1.023576125e+000 1.008565612e+000 
1.026536689e+000 1.008952773e+000 
1.019478256e+000 1.007983174e+000 
1.024211375e+000 1.008656785e+000 
1.024801637e+000 1.008721916e+000 
1.024513585e+000 1.008705015e+000 
1.017600034e+000 1.007670756e+000 
1.026203668e+000 1.008870854e+000 
1.018418840e+000 1.007806579e+000 
1.020414539e+000 1.008120126e+000 
1.025739096e+000 1.008861320e+000 
1.022705797e+000 1.008438145e+000 
1.019875505e+000 1.008040981e+000 
1.028878672e+000 1.009245410e+000 
1.023988489e+000 1.008605457e+000 
1.015705139e+000 1.007391140e+000 
1.020339903e+000 1.008066865e+000 
1.028477235e+000 1.009206040e+000 
1.027251723e+000 1.009050174e+000 
1.011797972e+000 1.006542127e+000 
1.014588315e+000 1.007181685e+000 
1.013658092e+000 1.006978090e+000 
1.015047239e+000 1.007244620e+000 
1.029140064e+000 1.009246032e+000 
1.032722409e+000 1.032404064e+000 
1.031288536e+000 1.031580338e+000 
1.032574832e+000 1.032379316e+000 
1.032232415e+000 1.032151057e+000 
1.031607993e+000 1.031868960e+000 
1.033041865e+000 1.032692687e+000 
1.033490919e+000 1.032949559e+000 
1.032894235e+000 1.032556008e+000 
1.033152637e+000 1.032923173e+000 
1.002426504e+000 1.001117466e+000 
1.005349304e+000 1.001342660e+000 
1.004026405e+000 1.001269885e+000 
1.003469104e+000 1.001226460e+000 
1.003658704e+000 1.001242548e+000 
1.003925182e+000 1.001257888e+000 
1.004885450e+000 1.001315441e+000 
1.003798314e+000 1.001253796e+000 
1.003715315e+000 1.001243248e+000 
1.004044525e+000 1.001270584e+000 
1.002475939e+000 1.001118417e+000 
1.005222436e+000 1.001338569e+000 
1.002120503e+000 1.001089919e+000 
1.003360476e+000 1.001215919e+000 
1.002703547e+000 1.001148017e+000 
1.002227772e+000 1.001117255e+000 
1.003084549e+000 1.001199131e+000 
1.002644144e+000 1.001145753e+000 
1.002583381e+000 1.001121831e+000 
1.054469928e+000 1.568209810e+000 
1.055305740e+000 1.569029212e+000 
1.055409620e+000 1.569166427e+000 
1.056396387e+000 1.570246722e+000 
1.055759005e+000 1.569415682e+000 
1.035020188e+000 1.043310878e+000 
1.036968027e+000 1.044653890e+000 
1.040094134e+000 1.046406586e+000 
1.035973766e+000 1.043931982e+000 
1.042255159e+000 1.047363090e+000 
1.041418432e+000 1.047216192e+000 
1.042583386e+000 1.047680194e+000 
1.041874012e+000 1.047304585e+000 
1.036183870e+000 1.044120505e+000 
1.034503980e+000 1.042829154e+000 
1.039785138e+000 1.046191884e+000 
1.033942585e+000 1.042432786e+000 
1.039379676e+000 1.046096043e+000 
1.043249617e+000 1.047757445e+000 
1.035871550e+000 1.043918879e+000 
1.037641330e+000 1.045073369e+000 
1.037360209e+000 1.044878627e+000 
1.036750307e+000 1.044449369e+000 
1.038419729e+000 1.045453851e+000 
1.044294156e+000 1.048256780e+000 
1.044730181e+000 1.048483640e+000 
1.047252048e+000 1.049360926e+000 
1.045417146e+000 1.048628546e+000 
1.034792867e+000 1.042992496e+000 
1.045015568e+000 1.048527249e+000 
1.034901988e+000 1.043071915e+000 
1.042489458e+000 1.047482075e+000 
1.039174482e+000 1.045893237e+000 
1.038069847e+000 1.045173224e+000 
1.044088199e+000 1.048161399e+000 
1.001175623e+000 1.000666518e+000 
1.001253443e+000 1.000666941e+000 
1.001759616e+000 1.000692786e+000 
1.001813020e+000 1.000692832e+000 
1.001464903e+000 1.000681273e+000 
1.001985029e+000 1.000703920e+000 
1.001452758e+000 1.000680040e+000 
1.001890312e+000 1.000693954e+000 
1.002066238e+000 1.000704403e+000 
1.002078613e+000 1.000711392e+000 
1.002089118e+000 1.000713078e+000 
1.001142952e+000 1.000656073e+000 
1.001974524e+000 1.000702235e+000 
1.001964118e+000 1.000701811e+000 
1.001540373e+000 1.000689294e+000 
1.001961941e+000 1.000700025e+000 
1.100093350e+000 1.926396069e+000 
1.188353075e+000 1.956479532e+000 
1.094587124e+000 1.923588832e+000 
1.058273988e+000 1.897971366e+000 
1.077866856e+000 1.913776640e+000 
1.084894449e+000 1.918259778e+000 
1.084825013e+000 1.918128885e+000 
1.071669340e+000 1.909509127e+000 
1.072133229e+000 1.909512369e+000 
1.141555913e+000 1.943337989e+000 
1.064654113e+000 1.904238410e+000 
1.083877794e+000 1.917627097e+000 
1.092306718e+000 1.922223513e+000 
1.061666759e+000 1.901629111e+000 
1.062687510e+000 1.902570553e+000 
1.083178133e+000 1.917287058e+000 
1.086460830e+000 1.919204665e+000 
1.067919941e+000 1.906436912e+000 
1.073832313e+000 1.910868957e+000 
1.074335153e+000 1.911187607e+000 
1.076756951e+000 1.913043593e+000 
1.069861630e+000 1.908245433e+000 
1.293202623e+000 1.971798835e+000 
1.073290697e+000 1.910458717e+000 
1.078007094e+000 1.913882435e+000 
1.080991357e+000 1.915842859e+000 
1.070153150e+000 1.908411539e+000 
1.083997257e+000 1.917670426e+000 
1.108985608e+000 1.930849824e+000 
1.065036684e+000 1.904527313e+000 
1.077131963e+000 1.913266091e+000 
1.065113931e+000 1.904545528e+000 
1.066320473e+000 1.905534262e+000 
1.088699601e+000 1.920526026e+000 
1.136709623e+000 1.941956576e+000 
1.058366027e+000 1.898208889e+000 
1.079826007e+000 1.915097566e+000 
1.081806410e+000 1.916361792e+000 
1.088021246e+000 1.920089244e+000 
1.073599494e+000 1.910686653e+000 
1.086926394e+000 1.919420125e+000 
1.063761608e+000 1.903404368e+000 
1.116898948e+000 1.934386419e+000 
1.089937099e+000 1.921142392e+000 
1.264737718e+000 1.968602732e+000 
1.059276326e+000 1.899209077e+000 
1.149127712e+000 1.945812795e+000 
1.090998240e+000 1.921794263e+000 
1.124793076e+000 1.937651080e+000 
1.084298299e+000 1.917826523e+000 
1.087105419e+000 1.919494307e+000 
1.067725196e+000 1.906371777e+000 
1.175999659e+000 1.952996888e+000 
1.121092525e+000 1.935904913e+000 
1.075523251e+000 1.912115455e+000 
1.087224780e+000 1.919512861e+000 
1.086864044e+000 1.919225063e+000 
1.116871751e+000 1.934243649e+000 
1.118089964e+000 1.934875930e+000 
1.086773624e+000 1.919223996e+000 
1.130527455e+000 1.939851052e+000 
1.062012163e+000 1.901969211e+000 
1.176214731e+000 1.953200551e+000 
1.146687137e+000 1.945114822e+000 
1.091854315e+000 1.922066453e+000 
1.151766796e+000 1.946406026e+000 
1.059905147e+000 1.899895319e+000 
1.080131158e+000 1.915176458e+000 
1.076121866e+000 1.912525597e+000 
1.095125756e+000 1.923895173e+000 
1.097285484e+000 1.924946518e+000 
1.138006719e+000 1.942233617e+000 
1.060277763e+000 1.900294864e+000 
1.068675909e+000 1.907336400e+000 
1.072237192e+000 1.909796291e+000 
1.095847425e+000 1.924291974e+000 
1.126189587e+000 1.938254272e+000 
1.148342870e+000 1.945491719e+000 
1.200136486e+000 1.959121131e+000 
1.066709375e+000 1.905759746e+000 
1.104699332e+000 1.928827078e+000 
1.102553974e+000 1.927657620e+000 
1.097057253e+000 1.924762765e+000 
1.117410259e+000 1.934493780e+000 
1.087102346e+000 1.919494152e+000 
1.145782335e+000 1.944703737e+000 
1.264860806e+000 1.968786159e+000 
1.143915088e+000 1.944152476e+000 
1.189905435e+000 1.957025850e+000 
1.218113361e+000 1.962974992e+000 
1.099868688e+000 1.926279188e+000 
1.110496291e+000 1.931694832e+000 
1.132033726e+000 1.940102608e+000 
1.143475841e+000 1.944006337e+000 
1.172125873e+000 1.952289785e+000 
1.102080558e+000 1.927378002e+000 
1.089329870e+000 1.920861629e+000 
1.058580095e+000 1.898382827e+000 
1.074251661e+000 1.911131620e+000 
1.063395955e+000 1.903134108e+000 
1.108053889e+000 1.930285087e+000 
1.063266904e+000 1.903064702e+000 
1.100634968e+000 1.926439785e+000 
1.163866229e+000 1.949889807e+000 
1.057945522e+000 1.897383321e+000 
1.144814589e+000 1.944396984e+000 
1.159621765e+000 1.948812172e+000 
1.068641954e+000 1.906977498e+000 
1.153901992e+000 1.947095525e+000 
1.132759763e+000 1.940671479e+000 
1.166894523e+000 1.950690726e+000 
1.112982805e+000 1.932872965e+000 
1.117837800e+000 1.934785784e+000 
1.115070988e+000 1.933459161e+000 
1.110743241e+000 1.931779216e+000 
1.119087246e+000 1.935237482e+000 
1.171095192e+000 1.952054643e+000 
1.144721142e+000 1.944321502e+000 
1.101897147e+000 1.927293064e+000 
1.109729525e+000 1.931263734e+000 
1.122747311e+000 1.936829896e+000 
1.116563319e+000 1.934181178e+000 
1.122988440e+000 1.936876773e+000 
1.117539963e+000 1.934596041e+000 
1.134550351e+000 1.941171984e+000 
1.109931563e+000 1.931378487e+000 
1.141538259e+000 1.943331560e+000 
1.100649419e+000 1.926604753e+000 
1.129333945e+000 1.939225944e+000 
1.159893380e+000 1.949032164e+000 
1.191593934e+000 1.957233220e+000 
1.158786571e+000 1.948616895e+000 
1.097829083e+000 1.925232756e+000 
1.152558382e+000 1.946616302e+000 
1.172918996e+000 1.952535919e+000 
1.294259920e+000 1.972025244e+000 
1.103017600e+000 1.927947733e+000 
1.134682523e+000 1.941213046e+000 
1.132489308e+000 1.940478851e+000 
1.116348679e+000 1.933978306e+000 
1.149443313e+000 1.945847347e+000 
1.127141234e+000 1.938470918e+000 
1.168697211e+000 1.951204694e+000 
1.136172030e+000 1.941714108e+000 
1.231428533e+000 1.965004998e+000 
1.144930340e+000 1.944550280e+000 
1.115265749e+000 1.933674411e+000 
1.191650834e+000 1.957312777e+000 
1.176213405e+000 1.953142250e+000 
1.165725779e+000 1.950341521e+000 
1.144374601e+000 1.944280605e+000 
1.093976110e+000 1.923225028e+000 
1.177550729e+000 1.953474331e+000 
1.157178951e+000 1.947913881e+000 
1.202166264e+000 1.959800179e+000 
1.203194368e+000 1.959915152e+000 
1.178565327e+000 1.953686800e+000 
1.106815803e+000 1.929758424e+000 
1.107323741e+000 1.930013409e+000 
1.192018732e+000 1.957649244e+000 
1.179715101e+000 1.954004308e+000 
1.180804020e+000 1.954428179e+000 
1.196332175e+000 1.958140546e+000 
1.205408612e+000 1.960249711e+000 
1.180152359e+000 1.954125530e+000 
1.177836789e+000 1.953649242e+000 
1.161960496e+000 1.949252879e+000 
1.256877516e+000 1.968043588e+000 
1.298362328e+000 1.972445584e+000 
1.207797607e+000 1.960707798e+000 
1.297237726e+000 1.972162303e+000 
1.231893409e+000 1.965213126e+000 
1.258063143e+000 1.968183622e+000 
1.240977591e+000 1.966371486e+000 
1.234302535e+000 1.965679573e+000 
1.245339211e+000 1.966877957e+000 
1.243037822e+000 1.966579020e+000 
1.225605262e+000 1.964347647e+000 
1.269414502e+000 1.969416821e+000 
1.217751978e+000 1.962933092e+000 
1.208867006e+000 1.961132844e+000 
1.215688732e+000 1.962597723e+000 
1.235662138e+000 1.965769684e+000 
1.163689990e+000 1.949780901e+000 
1.197987530e+000 1.958667547e+000 
1.218734096e+000 1.963082541e+000 
1.210031859e+000 1.961268055e+000 
1.272226663e+000 1.969786614e+000 
1.274634717e+000 1.970261073e+000 
1.283236109e+000 1.970451233e+000 
1.177709211e+000 1.953515204e+000 
1.282898687e+000 1.970360526e+000 
1.279828348e+000 1.970353777e+000 
1.207430179e+000 1.960658351e+000 
1.205723538e+000 1.960334103e+000 
1.174108207e+000 1.952611872e+000 
1.250828517e+000 1.966893635e+000 
1.205010052e+000 1.960040520e+000 
1.000018240e+000 1.000000005e+000 
9.999999999e-001 1.000000000e+000 
1.000467912e+000 1.000000014e+000 
1.000610912e+000 1.000000015e+000 
1.000140036e+000 1.000000009e+000 
1.000284667e+000 1.000000010e+000 
1.005463773e+000 1.002363308e+000 
1.005391833e+000 1.002354696e+000 
1.006303864e+000 1.002556674e+000 
1.006108969e+000 1.002527803e+000 
1.007824028e+000 1.002838339e+000 
1.005663895e+000 1.002423987e+000 
1.008844994e+000 1.002981680e+000 
1.007353433e+000 1.002760426e+000 
1.006019242e+000 1.002493424e+000 
1.007134976e+000 1.002723160e+000 
1.008547223e+000 1.002948951e+000 
1.009042834e+000 1.003021178e+000 
1.006332737e+000 1.002568368e+000 
1.007226085e+000 1.002745731e+000 
1.007294254e+000 1.002752460e+000 
1.006912812e+000 1.002685763e+000 
1.005536548e+000 1.002409291e+000 
1.256790321e+000 1.967037500e+000 
1.307826728e+000 1.972550464e+000 
1.291388067e+000 1.970505146e+000 
1.581666665e+000 1.998256502e+000 
1.317867720e+000 1.975760910e+000 
1.317073752e+000 1.975610104e+000 
1.317392076e+000 1.975658060e+000 
1.315349164e+000 1.975386309e+000 
1.681459719e+000 1.999527088e+000 
1.310141261e+000 1.973661989e+000 
1.328161026e+000 1.978084323e+000 
1.320674145e+000 1.976461843e+000 
1.711506592e+000 1.999717377e+000 
1.628161014e+000 1.999036573e+000 
1.577601103e+000 1.998248234e+000 
1.393645746e+000 1.987938459e+000 
1.310232647e+000 1.973694877e+000 
1.566462945e+000 1.997908222e+000 
1.320776247e+000 1.976584288e+000 
1.570604703e+000 1.997997179e+000 
1.335323873e+000 1.979428219e+000 
1.335726761e+000 1.979441722e+000 
1.309450215e+000 1.973637770e+000 
1.411389908e+000 1.989853979e+000 
1.418373183e+000 1.990640250e+000 
1.424254239e+000 1.991219202e+000 
1.414164360e+000 1.990423269e+000 
1.346168607e+000 1.981573639e+000 
1.343411776e+000 1.981131842e+000 
1.310367610e+000 1.973988528e+000 
1.339360702e+000 1.980364962e+000 
1.323345949e+000 1.977132625e+000 
1.414508209e+000 1.990500407e+000 
1.312345948e+000 1.974052732e+000 
1.343954198e+000 1.981291902e+000 
1.412748292e+000 1.990206536e+000 
1.402246440e+000 1.989030697e+000 
1.409240366e+000 1.989807701e+000 
1.320447925e+000 1.976370133e+000 
1.321219751e+000 1.976784498e+000 
1.310698411e+000 1.974001070e+000 
1.318580511e+000 1.976363259e+000 
1.406046803e+000 1.989477737e+000 
1.403203633e+000 1.989229394e+000 
1.392953449e+000 1.987929907e+000 
1.411405540e+000 1.989908928e+000 
1.402768419e+000 1.989135858e+000 
1.397380454e+000 1.988344277e+000 
1.381962557e+000 1.986481581e+000 
1.396839555e+000 1.988318747e+000 
1.396054006e+000 1.988264416e+000 
1.308402007e+000 1.973604783e+000 
1.637514018e+000 1.999140433e+000 
1.761505781e+000 2.000000000e+000 
1.400379247e+000 1.988752378e+000 
1.760350561e+000 1.999987186e+000 
1.518705923e+000 1.996533643e+000 
1.425343447e+000 1.991290024e+000 
1.318497556e+000 1.975940076e+000 
1.422284465e+000 1.991045359e+000 
1.426394849e+000 1.991440805e+000 
1.431671677e+000 1.991810838e+000 
1.758567660e+000 1.999966454e+000 
1.430448555e+000 1.991637586e+000 
1.411706800e+000 1.990082192e+000 
1.417181911e+000 1.990637306e+000 
1.625236712e+000 1.998992977e+000 
1.622439644e+000 1.998977770e+000 
1.383229050e+000 1.986666387e+000 
1.383282679e+000 1.986757101e+000 
1.383626679e+000 1.986803154e+000 
1.388848907e+000 1.987351199e+000 
1.453183408e+000 1.993131918e+000 
1.450569519e+000 1.993000245e+000 
1.389863698e+000 1.987477588e+000 
1.388343463e+000 1.987291005e+000 
1.450981906e+000 1.993087798e+000 
1.491874231e+000 1.995403274e+000 
1.389675883e+000 1.987461251e+000 
1.491364312e+000 1.995369687e+000 
1.751928503e+000 1.999932609e+000 
1.754373386e+000 1.999938951e+000 
1.314325400e+000 1.974543367e+000 
1.756710780e+000 1.999960276e+000 
1.654160618e+000 1.999253804e+000 
1.307180522e+000 1.972534754e+000 
1.350810048e+000 1.982551776e+000 
1.422864281e+000 1.991061123e+000 
1.429245704e+000 1.991636601e+000 
1.506330387e+000 1.996026758e+000 
1.350046173e+000 1.982302449e+000 
1.629737449e+000 1.999089459e+000 
1.313286831e+000 1.974438092e+000 
1.530503457e+000 1.996946338e+000 
1.620168412e+000 1.998858828e+000 
1.324777256e+000 1.977392518e+000 
1.515682536e+000 1.996498330e+000 
1.593343746e+000 1.998561127e+000 
1.525785761e+000 1.996852416e+000 
1.626787763e+000 1.999011492e+000 
1.521883090e+000 1.996814559e+000 
1.519362879e+000 1.996707083e+000 
1.308346607e+000 1.972629821e+000 
1.325327839e+000 1.977792370e+000 
1.537276603e+000 1.997050835e+000 
1.535479383e+000 1.997039581e+000 
1.460418581e+000 1.993721528e+000 
1.459309807e+000 1.993654743e+000 
1.358948734e+000 1.983584008e+000 
1.355541883e+000 1.983059916e+000 
1.362212326e+000 1.983874256e+000 
1.324953496e+000 1.977637023e+000 
1.622237630e+000 1.998932422e+000 
1.324936140e+000 1.977633458e+000 
1.326053577e+000 1.977906972e+000 
1.530074436e+000 1.996919634e+000 
1.470095427e+000 1.994287702e+000 
1.517424875e+000 1.996501147e+000 
1.509670641e+000 1.996187123e+000 
1.512558982e+000 1.996368746e+000 
1.552296740e+000 1.997501359e+000 
1.574776595e+000 1.998160542e+000 
1.610619686e+000 1.998803280e+000 
1.552416064e+000 1.997512383e+000 
1.603602246e+000 1.998731357e+000 
1.598097556e+000 1.998659871e+000 
1.471871738e+000 1.994371295e+000 
1.541316172e+000 1.997284522e+000 
1.509929081e+000 1.996212920e+000 
1.510054873e+000 1.996225871e+000 
1.539975840e+000 1.997239779e+000 
1.439160910e+000 1.992364357e+000 
1.439568585e+000 1.992473123e+000 
1.472365376e+000 1.994396172e+000 
1.471373260e+000 1.994357305e+000 
1.441214529e+000 1.992518278e+000 
1.443221430e+000 1.992614733e+000 
1.537427382e+000 1.997199668e+000 
1.433898684e+000 1.991992591e+000 
1.604462400e+000 1.998738200e+000 
1.600442194e+000 1.998721337e+000 
1.610763692e+000 1.998816978e+000 
1.596650659e+000 1.998639450e+000 
1.647657633e+000 1.999150441e+000 
1.576330285e+000 1.998177529e+000 
1.570664221e+000 1.998069404e+000 
1.453893366e+000 1.993299317e+000 
1.587757733e+000 1.998539024e+000 
1.533698876e+000 1.996969064e+000 
1.584021726e+000 1.998429834e+000 
1.474804751e+000 1.994602480e+000 
1.549789532e+000 1.997411189e+000 
1.593310424e+000 1.998539933e+000 
1.473382879e+000 1.994495321e+000 
1.572672566e+000 1.998111793e+000 
1.544896758e+000 1.997332440e+000 
1.546756762e+000 1.997344925e+000 
1.544862045e+000 1.997325849e+000 
1.582607968e+000 1.998386469e+000 
1.585815611e+000 1.998437985e+000 
1.541090633e+000 1.997241028e+000 
1.316969256e+000 1.975531829e+000 
1.509566900e+000 1.996177600e+000 
1.312842794e+000 1.974057663e+000 
1.457165057e+000 1.993464069e+000 
1.460677067e+000 1.993781789e+000 
1.329228137e+000 1.978335308e+000 
1.467236636e+000 1.994088669e+000 
1.368557566e+000 1.984741244e+000 
1.371683493e+000 1.985113410e+000 
1.399709485e+000 1.988525030e+000 
1.432702126e+000 1.991825445e+000 
1.435351894e+000 1.992136531e+000 
1.364747372e+000 1.984310205e+000 
1.363727619e+000 1.984120274e+000 
1.327657454e+000 1.977952807e+000 
1.329817921e+000 1.978484509e+000 
1.741312146e+000 1.999870683e+000 
1.743884624e+000 1.999887171e+000 
1.331917863e+000 1.978775504e+000 
1.739129967e+000 1.999855153e+000 
1.737640134e+000 1.999844198e+000 
1.728783177e+000 1.999829790e+000 
1.737291329e+000 1.999844058e+000 
1.726418635e+000 1.999798051e+000 
1.727258341e+000 1.999827737e+000 
1.724342931e+000 1.999768720e+000 
1.722682043e+000 1.999741161e+000 
1.720866725e+000 1.999732001e+000 
1.717861411e+000 1.999730200e+000 
1.370868311e+000 1.984995637e+000 
1.710381514e+000 1.999682183e+000 
1.705112146e+000 1.999670296e+000 
1.372496799e+000 1.985262975e+000 
1.706682721e+000 1.999678067e+000 
1.370021855e+000 1.984821139e+000 
1.700147962e+000 1.999644132e+000 
1.694614742e+000 1.999625087e+000 
1.697638153e+000 1.999636609e+000 
1.692629092e+000 1.999580234e+000 
1.652086323e+000 1.999194899e+000 
1.667998446e+000 1.999479154e+000 
1.665489690e+000 1.999469345e+000 
1.660751389e+000 1.999416081e+000 
1.641935503e+000 1.999143659e+000 
1.650221057e+000 1.999192889e+000 
1.658517153e+000 1.999392530e+000 
1.689136349e+000 1.999563635e+000 
1.479772113e+000 1.994759854e+000 
1.340538381e+000 1.980663372e+000 
1.342013347e+000 1.980796865e+000 
1.368398676e+000 1.984733153e+000 
1.332462797e+000 1.978856304e+000 
1.331865899e+000 1.978603681e+000 
1.460538253e+000 1.993741546e+000 
1.456444107e+000 1.993427647e+000 
1.457861905e+000 1.993560980e+000 
1.462303094e+000 1.993899883e+000 
1.490037385e+000 1.995339047e+000 
1.487831338e+000 1.995134127e+000 
1.488624843e+000 1.995316384e+000 
1.474160795e+000 1.994508762e+000 
1.387770594e+000 1.987053959e+000 
1.495103222e+000 1.995704270e+000 
1.481856254e+000 1.994878369e+000 
1.332805152e+000 1.979016204e+000 
1.317790307e+000 1.975681981e+000 
1.468213841e+000 1.994090985e+000 
1.505609730e+000 1.996005842e+000 
1.339165446e+000 1.980206770e+000 
1.337546534e+000 1.980120615e+000 
1.345775134e+000 1.981502226e+000 
1.497142452e+000 1.995753185e+000 
1.336599741e+000 1.979865659e+000 
1.449006789e+000 1.992810685e+000 
1.378534354e+000 1.986133039e+000 
1.334436164e+000 1.979258119e+000 
1.334577484e+000 1.979325393e+000 
1.492871313e+000 1.995598489e+000 
1.331888677e+000 1.978646014e+000 
1.335834922e+000 1.979487746e+000 
1.486081890e+000 1.995086409e+000 
1.345585779e+000 1.981474759e+000 
1.396503681e+000 1.988304566e+000 
1.394071786e+000 1.988051976e+000 
1.398891884e+000 1.988442483e+000 
1.499375868e+000 1.995856815e+000 
1.347018444e+000 1.981901583e+000 
1.360820270e+000 1.983652791e+000 
1.355718746e+000 1.983327427e+000 
1.333220744e+000 1.979077150e+000 
1.333783546e+000 1.979234883e+000 
1.483208774e+000 1.994941564e+000 
1.352730244e+000 1.982671791e+000 
1.351735518e+000 1.982560717e+000 
1.350784986e+000 1.982323673e+000 
1.505114896e+000 1.995994674e+000 
1.511270782e+000 1.996258325e+000 
1.339454571e+000 1.980370985e+000 
1.361149334e+000 1.983868689e+000 
1.341553050e+000 1.980680470e+000 
1.348800053e+000 1.982124252e+000 
1.358228612e+000 1.983503233e+000 
1.377885424e+000 1.985887662e+000 
1.564585978e+000 1.997760731e+000 
1.343332992e+000 1.980974105e+000 
1.607708011e+000 1.998754993e+000 
1.346993373e+000 1.981762911e+000 
1.354673310e+000 1.982877511e+000 
1.357336933e+000 1.983450070e+000 
1.375821396e+000 1.985697530e+000 
1.374328049e+000 1.985553762e+000 
1.502888570e+000 1.995957738e+000 
1.363192663e+000 1.984018333e+000 
1.374036913e+000 1.985326963e+000 
1.385286951e+000 1.986877257e+000 
1.367396555e+000 1.984677169e+000 
1.501361052e+000 1.995940331e+000 
1.385347842e+000 1.987017063e+000 
1.612600128e+000 1.998845436e+000 
1.370587606e+000 1.984887959e+000 
1.353911851e+000 1.982730060e+000 
1.399922051e+000 1.988602583e+000 
1.390337995e+000 1.987575429e+000 
1.380318637e+000 1.986446711e+000 
1.366590927e+000 1.984534423e+000 
1.355241404e+000 1.983011085e+000 
1.382964847e+000 1.986649512e+000 
1.382587464e+000 1.986644219e+000 
1.608897975e+000 1.998787968e+000 
1.382048027e+000 1.986565549e+000 
1.564305411e+000 1.997746014e+000 
1.342914451e+000 1.980935922e+000 
1.346067228e+000 1.981520401e+000 
1.346868428e+000 1.981678932e+000 
1.346674445e+000 1.981675472e+000 
1.398834236e+000 1.988421743e+000 
1.484465380e+000 1.995052420e+000 
1.480118004e+000 1.994784551e+000 
1.397691298e+000 1.988352471e+000 
1.343656239e+000 1.981153000e+000 
1.342833149e+000 1.980890474e+000 
1.395361669e+000 1.988135667e+000 
1.447455594e+000 1.992752906e+000 
1.450374538e+000 1.992825045e+000 
1.483042843e+000 1.994881465e+000 
1.447418431e+000 1.992621357e+000 
1.564195324e+000 1.997730209e+000 
1.453638224e+000 1.993292321e+000 
1.452147883e+000 1.993126216e+000 
1.455105587e+000 1.993353479e+000 
1.557550807e+000 1.997569091e+000 
1.476500689e+000 1.994650795e+000 
1.559181283e+000 1.997717646e+000 
1.552955793e+000 1.997545581e+000 
1.557565570e+000 1.997601966e+000 
1.554275361e+000 1.997565637e+000 
1.554246776e+000 1.997556995e+000 
1.551191576e+000 1.997445957e+000 
1.372106377e+000 1.985219990e+000 
1.391210206e+000 1.987654375e+000 
1.390727291e+000 1.987647174e+000 
1.465217009e+000 1.993903642e+000 
1.478086050e+000 1.994678731e+000 
1.483084836e+000 1.994933436e+000 
1.481071004e+000 1.994822048e+000 
1.550655196e+000 1.997433188e+000 
1.620707040e+000 1.998871656e+000 
1.565725275e+000 1.997820272e+000 
1.533273352e+000 1.996967206e+000 
1.500466174e+000 1.995881884e+000 
1.507848204e+000 1.996126108e+000 

