1.018085548e+000 1.040841379e+000 
1.017268213e+000 1.040435542e+000 
1.016734331e+000 1.039743234e+000 
1.016548911e+000 1.039496804e+000 
1.017712350e+000 1.040697678e+000 
1.017694418e+000 1.040652409e+000 
1.016809644e+000 1.039818076e+000 
1.016594465e+000 1.039519351e+000 
1.016121500e+000 1.039026321e+000 
1.016344727e+000 1.039343264e+000 
1.017455079e+000 1.040476983e+000 
1.016947446e+000 1.039965206e+000 
1.015936319e+000 1.038587414e+000 
1.000750191e+000 1.000125520e+000 
1.001407527e+000 1.000135439e+000 
1.001351023e+000 1.000133910e+000 
1.001004876e+000 1.000129618e+000 
1.001638134e+000 1.000137577e+000 
1.000677072e+000 1.000125264e+000 
1.001462759e+000 1.000135948e+000 
1.001235889e+000 1.000133760e+000 
1.001124153e+000 1.000131722e+000 
1.000821910e+000 1.000127319e+000 
1.000779377e+000 1.000127240e+000 
1.001116612e+000 1.000131656e+000 
1.000812479e+000 1.000127258e+000 
1.001043492e+000 1.000131400e+000 
1.001628252e+000 1.000137396e+000 
1.001528876e+000 1.000136000e+000 
1.001014307e+000 1.000129680e+000 
1.000895030e+000 1.000127575e+000 
1.000669549e+000 1.000123422e+000 
1.000931756e+000 1.000129362e+000 
1.000550271e+000 1.000121318e+000 
1.000660118e+000 1.000123361e+000 
1.001041014e+000 1.000130939e+000 
1.000640667e+000 1.000123042e+000 
1.001773193e+000 1.000137782e+000 
1.001811981e+000 1.000138057e+000 
1.023151426e+000 1.071743326e+000 
1.022094582e+000 1.070456661e+000 
1.022611373e+000 1.071092653e+000 
1.021187491e+000 1.068783043e+000 
1.021248690e+000 1.069464986e+000 
1.019305308e+000 1.065901171e+000 
1.023063962e+000 1.071288956e+000 
1.019972890e+000 1.067209926e+000 
1.020818182e+000 1.068646225e+000 
1.021188662e+000 1.069185280e+000 
1.019287339e+000 1.065754378e+000 
1.020378458e+000 1.067895181e+000 
1.020590325e+000 1.068088514e+000 
1.020453333e+000 1.067984474e+000 
1.027816997e+000 1.165261674e+000 
1.030778021e+000 1.172203146e+000 
1.034072480e+000 1.177953831e+000 
1.035809172e+000 1.180667943e+000 
1.030289693e+000 1.171062527e+000 
1.031173053e+000 1.173278426e+000 
1.034476035e+000 1.178324003e+000 
1.032760950e+000 1.175872757e+000 
1.032890248e+000 1.175932984e+000 
1.034403339e+000 1.178222339e+000 
1.028686358e+000 1.167824328e+000 
1.030093952e+000 1.170996534e+000 
1.032628374e+000 1.175771167e+000 
1.028475760e+000 1.167506753e+000 
1.028965784e+000 1.168632968e+000 
1.033735243e+000 1.177564259e+000 
1.035245730e+000 1.179437011e+000 
1.028950870e+000 1.168398120e+000 
1.037684722e+000 1.183144143e+000 
1.033378013e+000 1.176789513e+000 
1.028046192e+000 1.166348829e+000 
1.028815641e+000 1.168284084e+000 
1.034667128e+000 1.178727356e+000 
1.039018104e+000 1.385484211e+000 
1.039062663e+000 1.385997627e+000 
1.039597907e+000 1.387493219e+000 
1.039445605e+000 1.386730319e+000 
1.039805880e+000 1.387943904e+000 
1.040540820e+000 1.390031032e+000 
1.037733528e+000 1.380531390e+000 
1.039980849e+000 1.388220788e+000 
1.040155675e+000 1.388335694e+000 
1.001968830e+000 1.002110661e+000 
1.002169925e+000 1.002185994e+000 
1.002187321e+000 1.002213778e+000 
1.002222763e+000 1.002217476e+000 
1.002287348e+000 1.002218593e+000 
1.002420238e+000 1.002222876e+000 
1.002582449e+000 1.002257573e+000 
1.002855053e+000 1.002329684e+000 
1.003342609e+000 1.002386230e+000 
1.002540199e+000 1.002253894e+000 
1.002636114e+000 1.002258257e+000 
1.002050833e+000 1.002148176e+000 
1.002362635e+000 1.002219836e+000 
1.004158031e+000 1.002555931e+000 
1.004705043e+000 1.002606261e+000 
1.006895120e+000 1.002820666e+000 
1.001913453e+000 1.002080760e+000 
1.001995456e+000 1.002118275e+000 
1.001881330e+000 1.002043348e+000 
1.002153174e+000 1.002152499e+000 
1.002137802e+000 1.002148582e+000 
1.008770236e+000 1.002995738e+000 
1.004427891e+000 1.002598305e+000 
1.008471183e+000 1.002966467e+000 
1.006394542e+000 1.002780970e+000 
1.005730713e+000 1.002730946e+000 
1.002475614e+000 1.002252777e+000 
1.005711360e+000 1.002709488e+000 
1.008218431e+000 1.002959916e+000 
1.002757905e+000 1.002284434e+000 
1.005040742e+000 1.002667675e+000 
1.005511414e+000 1.002707137e+000 
1.006094076e+000 1.002768460e+000 
1.006236852e+000 1.002777195e+000 
1.003615213e+000 1.002458340e+000 
1.003237724e+000 1.002380833e+000 
1.005583367e+000 1.002707564e+000 
1.003145914e+000 1.002348660e+000 
1.003950913e+000 1.002519754e+000 
1.008535457e+000 1.002986799e+000 
1.005264720e+000 1.002673647e+000 
1.003496570e+000 1.002424587e+000 
1.003723651e+000 1.002474215e+000 
1.003837934e+000 1.002486981e+000 
1.004092192e+000 1.002536892e+000 
1.003502234e+000 1.002425567e+000 
1.003258892e+000 1.002381434e+000 
1.003383591e+000 1.002391814e+000 
1.007267843e+000 1.002878031e+000 
1.003313431e+000 1.002385322e+000 
1.003185374e+000 1.002353420e+000 
1.004354372e+000 1.002570292e+000 
1.003877394e+000 1.002491741e+000 
1.003428715e+000 1.002397554e+000 
1.005334684e+000 1.002679464e+000 
1.006763028e+000 1.002819300e+000 
1.007683102e+000 1.002913081e+000 
1.008046466e+000 1.002950595e+000 
1.003423052e+000 1.002396574e+000 
1.006361990e+000 1.002780128e+000 
1.003541694e+000 1.002430327e+000 
1.007509649e+000 1.002884988e+000 
1.008342900e+000 1.002962521e+000 
1.007444847e+000 1.002882061e+000 
1.007979536e+000 1.002925007e+000 
1.006530526e+000 1.002786332e+000 
1.006904479e+000 1.002840517e+000 
1.004865113e+000 1.002635302e+000 
1.007234392e+000 1.002875566e+000 
1.004611234e+000 1.002604016e+000 
1.005231269e+000 1.002671182e+000 
1.004901356e+000 1.002636134e+000 
1.006029948e+000 1.002746636e+000 
1.005279052e+000 1.002674925e+000 
1.000036736e+000 1.000111638e+000 
1.000596261e+000 1.000122749e+000 
1.000361871e+000 1.000120446e+000 
1.000118096e+000 1.000116060e+000 
1.000075454e+000 1.000113975e+000 
1.000195586e+000 1.000116331e+000 
1.000390528e+000 1.000120733e+000 
1.000287465e+000 1.000118652e+000 
1.000225412e+000 1.000118311e+000 
1.000468018e+000 1.000121005e+000 
1.000637792e+000 1.000122794e+000 
9.999999999e-001 1.000111628e+000 
1.000575739e+000 1.000122454e+000 
1.040678250e+000 1.497274681e+000 
1.041110030e+000 1.499758382e+000 
1.040753152e+000 1.498208895e+000 
1.046744634e+000 1.536419568e+000 
1.042398427e+000 1.526172158e+000 
1.046028814e+000 1.534736883e+000 
1.042300171e+000 1.526055550e+000 
1.041348229e+000 1.523820204e+000 
1.043780994e+000 1.529202982e+000 
1.046079361e+000 1.534899975e+000 
1.045067465e+000 1.532625596e+000 
1.045675825e+000 1.533886697e+000 
1.046512423e+000 1.535783276e+000 
1.041803101e+000 1.524761785e+000 
1.044628063e+000 1.531622567e+000 
1.044195001e+000 1.530743750e+000 
1.161474624e+000 1.835869404e+000 
1.048586670e+000 1.699619387e+000 
1.048089500e+000 1.696709402e+000 
1.059753027e+000 1.723873396e+000 
1.103793679e+000 1.784137520e+000 
1.128857137e+000 1.809642768e+000 
1.068658561e+000 1.738340604e+000 
1.235345462e+000 1.880588457e+000 
1.048276937e+000 1.698024554e+000 
1.091196982e+000 1.769327352e+000 
1.084817639e+000 1.761358290e+000 
1.125698736e+000 1.806427922e+000 
1.077006273e+000 1.751416580e+000 
1.273535727e+000 1.892184660e+000 
1.134476675e+000 1.813767794e+000 
1.049669107e+000 1.702661139e+000 
1.050906726e+000 1.705392264e+000 
1.214164824e+000 1.870390350e+000 
1.063999251e+000 1.731463961e+000 
1.077123689e+000 1.751673191e+000 
1.106290233e+000 1.787513222e+000 
1.084920226e+000 1.761591643e+000 
1.048948500e+000 1.700870009e+000 
1.058722641e+000 1.722020947e+000 
1.077591046e+000 1.751744019e+000 
1.104635537e+000 1.786052595e+000 
1.049163735e+000 1.701242236e+000 
1.092970068e+000 1.771710896e+000 
1.072164871e+000 1.743484892e+000 
1.073549840e+000 1.746082660e+000 
1.074367283e+000 1.747239147e+000 
1.169157022e+000 1.842501914e+000 
1.136177269e+000 1.816405946e+000 
1.168996590e+000 1.842062698e+000 
1.048927546e+000 1.700819404e+000 
1.104080873e+000 1.784777950e+000 
1.079091002e+000 1.754044114e+000 
1.069110101e+000 1.739131459e+000 
1.051035729e+000 1.705602298e+000 
1.194669529e+000 1.858878551e+000 
1.048555303e+000 1.698424359e+000 
1.076811305e+000 1.750609649e+000 
1.076039497e+000 1.749694501e+000 
1.051948547e+000 1.708067088e+000 
1.105284330e+000 1.786296686e+000 
1.075565116e+000 1.748736207e+000 
1.076962548e+000 1.750708154e+000 
1.088337081e+000 1.766328033e+000 
1.080636395e+000 1.756276115e+000 
1.246841818e+000 1.884126857e+000 
1.054257605e+000 1.712856423e+000 
1.090003274e+000 1.768222854e+000 
1.095347638e+000 1.774748906e+000 
1.097077976e+000 1.776969800e+000 
1.097680409e+000 1.777212817e+000 
1.134635447e+000 1.814276808e+000 
1.055280906e+000 1.715228702e+000 
1.063826819e+000 1.731295854e+000 
1.184813830e+000 1.853404665e+000 
1.056057919e+000 1.716800012e+000 
1.058938426e+000 1.722552686e+000 
1.060116184e+000 1.724873131e+000 
1.245954452e+000 1.883956806e+000 
1.054961121e+000 1.714603603e+000 
1.198259925e+000 1.861916364e+000 
1.273419793e+000 1.892034949e+000 
1.058478950e+000 1.721593584e+000 
1.105161539e+000 1.786093768e+000 
1.133463096e+000 1.813737149e+000 
1.214647043e+000 1.870539581e+000 
1.102363618e+000 1.783238595e+000 
1.145463559e+000 1.823724700e+000 
1.105537234e+000 1.786386735e+000 
1.104293313e+000 1.785292931e+000 
1.160168933e+000 1.835137654e+000 
1.193380780e+000 1.858360550e+000 
1.291164804e+000 1.899520125e+000 
1.156547474e+000 1.832755111e+000 
1.153802256e+000 1.830316132e+000 
1.273206687e+000 1.891855558e+000 
1.133086227e+000 1.812992051e+000 
1.160606727e+000 1.835729245e+000 
1.123848803e+000 1.804466340e+000 
1.086782284e+000 1.764121789e+000 
1.098742318e+000 1.778576653e+000 
1.194033573e+000 1.858578491e+000 
1.194040361e+000 1.858648909e+000 
1.062215826e+000 1.728526884e+000 
1.078181042e+000 1.752810344e+000 
1.234130509e+000 1.879758594e+000 
1.237866023e+000 1.882273942e+000 
1.282948385e+000 1.895767707e+000 
1.121258503e+000 1.802258205e+000 
1.160090734e+000 1.834634435e+000 
1.071091826e+000 1.742087773e+000 
1.117585931e+000 1.798837236e+000 
1.174748429e+000 1.846611144e+000 
1.118952455e+000 1.801091496e+000 
1.111016354e+000 1.792752588e+000 
1.061734970e+000 1.727442609e+000 
1.089523101e+000 1.767669054e+000 
1.211916152e+000 1.868945959e+000 
1.173925307e+000 1.846016206e+000 
1.079921209e+000 1.755339683e+000 
1.094306347e+000 1.773127362e+000 
1.092696253e+000 1.771548739e+000 
1.182915129e+000 1.852317620e+000 
1.069567562e+000 1.740295034e+000 
1.081517784e+000 1.757439537e+000 
1.151538506e+000 1.828067773e+000 
1.116511452e+000 1.798564724e+000 
1.192760965e+000 1.857785317e+000 
1.170499954e+000 1.843624201e+000 
1.174666737e+000 1.846376684e+000 
1.066574789e+000 1.735720264e+000 
1.121854846e+000 1.803106786e+000 
1.062284839e+000 1.728878650e+000 
1.053200909e+000 1.710325078e+000 
1.057034768e+000 1.719287933e+000 
1.061089457e+000 1.726520662e+000 
1.162671735e+000 1.837975383e+000 
1.236573373e+000 1.881242743e+000 
1.099396734e+000 1.780031466e+000 
1.067929543e+000 1.737646630e+000 
1.078423822e+000 1.753011311e+000 
1.071313357e+000 1.742808196e+000 
1.118516238e+000 1.800237542e+000 
1.052682676e+000 1.709388385e+000 
1.229076741e+000 1.878008668e+000 
1.097866241e+000 1.777849645e+000 
1.288867749e+000 1.897990524e+000 
1.071573759e+000 1.743033442e+000 
1.227372244e+000 1.877095977e+000 
1.072365503e+000 1.743929368e+000 
1.184007432e+000 1.853201199e+000 
1.080507504e+000 1.755796029e+000 
1.161552416e+000 1.836254574e+000 
1.054890983e+000 1.714161428e+000 
1.203814188e+000 1.865121574e+000 
1.162552156e+000 1.837081820e+000 
1.102806681e+000 1.783593022e+000 
1.199164264e+000 1.862494834e+000 
1.053093112e+000 1.709819931e+000 
1.108117714e+000 1.790258345e+000 
1.106408386e+000 1.788119528e+000 
1.108929640e+000 1.790842169e+000 
1.210334840e+000 1.868820591e+000 
1.194957809e+000 1.859404023e+000 
1.108485011e+000 1.790656080e+000 
1.250355285e+000 1.884844849e+000 
1.105661055e+000 1.787075952e+000 
1.194043624e+000 1.858666045e+000 
1.129807133e+000 1.810144604e+000 
1.195509534e+000 1.860068888e+000 
1.194978939e+000 1.860018626e+000 
1.107278351e+000 1.788723417e+000 
1.161630572e+000 1.836334664e+000 
1.107105932e+000 1.788657112e+000 
1.207222427e+000 1.865912131e+000 
1.272732889e+000 1.891315990e+000 
1.166641659e+000 1.840841157e+000 
1.208855049e+000 1.866516858e+000 
1.180940003e+000 1.851017718e+000 
1.131659094e+000 1.811964177e+000 
1.181912329e+000 1.851883147e+000 
1.126438865e+000 1.806847351e+000 
1.164068974e+000 1.838520703e+000 
1.185476157e+000 1.854131074e+000 
1.130835821e+000 1.811347096e+000 
1.218645119e+000 1.872211343e+000 
1.177570085e+000 1.848579870e+000 
1.173623526e+000 1.845398561e+000 
1.213331087e+000 1.869706635e+000 
1.220452617e+000 1.873235648e+000 
1.217247442e+000 1.871631230e+000 
1.245925348e+000 1.883836303e+000 
1.243550979e+000 1.883033547e+000 
1.219122257e+000 1.872630414e+000 
1.219607012e+000 1.872920139e+000 
1.215450581e+000 1.870996174e+000 
1.124746130e+000 1.805577729e+000 
1.259843158e+000 1.886763744e+000 
1.252368171e+000 1.885766400e+000 
1.224037485e+000 1.874420441e+000 
1.217139544e+000 1.871452835e+000 
1.221997659e+000 1.873424680e+000 
1.189501844e+000 1.856057859e+000 
1.135402199e+000 1.815091989e+000 
1.136060333e+000 1.815899729e+000 
1.152299435e+000 1.829076951e+000 
1.141802824e+000 1.820408569e+000 
1.143932469e+000 1.822620168e+000 
1.141866845e+000 1.820712645e+000 
1.278880158e+000 1.894915530e+000 
1.141243518e+000 1.819975929e+000 
1.156073682e+000 1.832211588e+000 
1.148692421e+000 1.826551421e+000 
1.152764026e+000 1.829669047e+000 
1.152786447e+000 1.829970962e+000 
1.275124010e+000 1.893060864e+000 
1.281744586e+000 1.895557895e+000 
1.283870552e+000 1.895868844e+000 
1.264066598e+000 1.888447132e+000 
1.268845074e+000 1.891094165e+000 
1.263591342e+000 1.887967499e+000 
1.015397742e+000 1.037142665e+000 
1.015488823e+000 1.037170874e+000 
1.015249465e+000 1.036836647e+000 
1.027436535e+000 1.081660941e+000 
1.026586773e+000 1.080641488e+000 
1.024190291e+000 1.077005564e+000 
1.027021279e+000 1.081087702e+000 
1.027243294e+000 1.081479528e+000 
1.023499173e+000 1.075070147e+000 
1.024528566e+000 1.077731086e+000 
1.026732518e+000 1.080677366e+000 
1.023211945e+000 1.074020782e+000 
1.024995800e+000 1.078419012e+000 
1.023357691e+000 1.074051880e+000 
1.024674312e+000 1.077762184e+000 
1.025650448e+000 1.079151700e+000 
1.024336037e+000 1.077036662e+000 
1.025141546e+000 1.078450110e+000 
1.026771146e+000 1.080738005e+000 
1.027685239e+000 1.082001978e+000 
1.024975426e+000 1.078307132e+000 
1.010555775e+000 1.013974053e+000 
1.009212411e+000 1.013154938e+000 
1.012512511e+000 1.014952049e+000 
1.013438517e+000 1.015329876e+000 
1.014996829e+000 1.015841244e+000 
1.008872921e+000 1.012631828e+000 
1.008956638e+000 1.012813531e+000 
1.009087533e+000 1.013016287e+000 
1.010977077e+000 1.014215275e+000 
1.015123303e+000 1.015852346e+000 
1.012923415e+000 1.015141892e+000 
1.011858643e+000 1.014714906e+000 
1.014742006e+000 1.015822527e+000 
1.013300386e+000 1.015273661e+000 
1.014175673e+000 1.015528019e+000 
1.012295124e+000 1.014864438e+000 
1.011151491e+000 1.014335717e+000 
1.011648047e+000 1.014587744e+000 
1.012008902e+000 1.014746653e+000 
1.013178238e+000 1.015161553e+000 
1.012412646e+000 1.014934499e+000 
1.009764465e+000 1.013562980e+000 
1.009823975e+000 1.013580615e+000 
1.008955099e+000 1.012807595e+000 
1.009038816e+000 1.012989358e+000 
1.009492334e+000 1.013357520e+000 
1.011062374e+000 1.014227609e+000 
1.011517236e+000 1.014527146e+000 
1.008817414e+000 1.012402422e+000 
1.352869198e+000 1.947821072e+000 
1.299160244e+000 1.905486719e+000 
1.381380843e+000 1.960420806e+000 
1.296662045e+000 1.904486376e+000 
1.361076147e+000 1.952359074e+000 
1.315719059e+000 1.924638699e+000 
1.308065473e+000 1.917796986e+000 
1.305277658e+000 1.915783014e+000 
1.399827647e+000 1.968747553e+000 
1.402132594e+000 1.969268773e+000 
1.317120955e+000 1.924863996e+000 
1.297628254e+000 1.905013147e+000 
1.368097756e+000 1.955503922e+000 
1.589873351e+000 1.999066103e+000 
1.394735114e+000 1.966462555e+000 
1.306780446e+000 1.916117665e+000 
1.307845481e+000 1.917548914e+000 
1.601603439e+000 1.999206226e+000 
1.304139043e+000 1.913702342e+000 
1.378702543e+000 1.959817031e+000 
1.662461414e+000 2.000000000e+000 
1.404201281e+000 1.969408302e+000 
1.367045765e+000 1.955240907e+000 
1.355430808e+000 1.948888413e+000 
1.344739137e+000 1.943141802e+000 
1.351652667e+000 1.947441361e+000 
1.317303908e+000 1.925987289e+000 
1.359012804e+000 1.951306997e+000 
1.307139322e+000 1.917302635e+000 
1.304698199e+000 1.914720127e+000 
1.392224498e+000 1.965758039e+000 
1.392677846e+000 1.966218774e+000 
1.358891921e+000 1.951079478e+000 
1.299948603e+000 1.905819788e+000 
1.331840951e+000 1.936229522e+000 
1.300078459e+000 1.910047616e+000 
1.372963360e+000 1.957836564e+000 
1.375867839e+000 1.958723853e+000 
1.323642778e+000 1.930451294e+000 
1.302323719e+000 1.912073599e+000 
1.360741304e+000 1.952205523e+000 
1.395504027e+000 1.966743375e+000 
1.332646094e+000 1.936487294e+000 
1.301927552e+000 1.910146498e+000 
1.513684818e+000 1.993268519e+000 
1.386262597e+000 1.962553473e+000 
1.468470890e+000 1.984986968e+000 
1.339463636e+000 1.940541228e+000 
1.468573180e+000 1.985769439e+000 
1.341804908e+000 1.941957297e+000 
1.471776126e+000 1.986564019e+000 
1.386602307e+000 1.963440362e+000 
1.386550103e+000 1.962905175e+000 
1.376167493e+000 1.958760019e+000 
1.375676018e+000 1.958723605e+000 
1.376608005e+000 1.959655718e+000 
1.388270921e+000 1.964588113e+000 
1.431208483e+000 1.977826230e+000 
1.375252276e+000 1.958468361e+000 
1.426360315e+000 1.976599458e+000 
1.468672118e+000 1.985799669e+000 
1.346425732e+000 1.944676317e+000 
1.338659520e+000 1.939820129e+000 
1.340448037e+000 1.941749677e+000 
1.378772620e+000 1.959836303e+000 
1.367854521e+000 1.955401271e+000 
1.366066752e+000 1.954421703e+000 
1.334584581e+000 1.938103784e+000 
1.643283667e+000 1.999579310e+000 
1.402065091e+000 1.968904369e+000 
1.370511762e+000 1.956441619e+000 
1.310021110e+000 1.918758358e+000 
1.424120274e+000 1.975854337e+000 
1.332415365e+000 1.936421640e+000 
1.421518031e+000 1.975558418e+000 
1.324000489e+000 1.931361106e+000 
1.322939030e+000 1.930310596e+000 
1.397937345e+000 1.968131785e+000 
1.638537018e+000 1.999469825e+000 
1.428015954e+000 1.977261837e+000 
1.420546023e+000 1.975376807e+000 
1.430006805e+000 1.977761978e+000 
1.344691866e+000 1.942746648e+000 
1.413865836e+000 1.972990937e+000 
1.396509918e+000 1.967576116e+000 
1.646766746e+000 1.999695526e+000 
1.338935102e+000 1.940118889e+000 
1.416925224e+000 1.973805506e+000 
1.357467330e+000 1.949902776e+000 
1.324232338e+000 1.931656920e+000 
1.472548373e+000 1.986868736e+000 
1.330399093e+000 1.936034159e+000 
1.419896189e+000 1.975281183e+000 
1.357282512e+000 1.949870409e+000 
1.381940116e+000 1.961864548e+000 
1.470340555e+000 1.986281940e+000 
1.421983028e+000 1.975725645e+000 
1.322223368e+000 1.929798517e+000 
1.409105345e+000 1.971292811e+000 
1.413139380e+000 1.972760980e+000 
1.390943202e+000 1.965654919e+000 
1.410834429e+000 1.972524650e+000 
1.409503563e+000 1.971902125e+000 
1.330295186e+000 1.935336106e+000 
1.419320205e+000 1.974804545e+000 
1.320998925e+000 1.929333582e+000 
1.312199492e+000 1.922008419e+000 
1.328296838e+000 1.934511053e+000 
1.381411661e+000 1.961575550e+000 
1.373340646e+000 1.957842010e+000 
1.320541803e+000 1.929152678e+000 
1.395832691e+000 1.967011262e+000 
1.325163149e+000 1.932785662e+000 
1.349126793e+000 1.945831593e+000 
1.325383601e+000 1.933237582e+000 
1.373675190e+000 1.958052204e+000 
1.315912861e+000 1.924839541e+000 
1.322758359e+000 1.930301520e+000 
1.362224184e+000 1.952592081e+000 
1.397325670e+000 1.967728790e+000 
1.329060785e+000 1.934758218e+000 
1.382596936e+000 1.962047985e+000 
1.319930568e+000 1.928606003e+000 
1.304854657e+000 1.914977825e+000 
1.364633878e+000 1.954221286e+000 
1.343471695e+000 1.942388074e+000 
1.353250267e+000 1.948013207e+000 
1.310640652e+000 1.920143536e+000 
1.317155672e+000 1.925441391e+000 
1.303633662e+000 1.913701096e+000 
1.333132498e+000 1.937403831e+000 
1.368766953e+000 1.955828292e+000 
1.303552362e+000 1.912179892e+000 
1.332838182e+000 1.936701351e+000 
1.356243495e+000 1.949507025e+000 
1.363068432e+000 1.953497987e+000 
1.303609196e+000 1.912666629e+000 
1.362338415e+000 1.953073322e+000 
1.344841307e+000 1.943219914e+000 
1.415010850e+000 1.973640330e+000 
1.311474352e+000 1.920408485e+000 
1.406662697e+000 1.971073031e+000 
1.373564072e+000 1.957888208e+000 
1.373651801e+000 1.957986814e+000 
1.333400201e+000 1.937499266e+000 
1.326365652e+000 1.933493929e+000 
1.326255689e+000 1.933349623e+000 
1.334895935e+000 1.938454205e+000 
1.308819453e+000 1.918257754e+000 
1.414418206e+000 1.973214914e+000 
1.409426686e+000 1.971883050e+000 
1.407974001e+000 1.971175133e+000 
1.315015790e+000 1.923404073e+000 
1.644557488e+000 1.999675598e+000 
1.640548384e+000 1.999560768e+000 
1.639372524e+000 1.999487618e+000 
1.385050725e+000 1.962420787e+000 
1.327606812e+000 1.933665632e+000 
1.310158486e+000 1.919241564e+000 
1.317912754e+000 1.926177222e+000 
1.405647999e+000 1.970367609e+000 
1.378342988e+000 1.959661104e+000 
1.406519530e+000 1.970381662e+000 
1.313913007e+000 1.923088858e+000 
1.313830505e+000 1.922878427e+000 
1.315120954e+000 1.923880892e+000 
1.313115180e+000 1.922442759e+000 
1.424612006e+000 1.976190903e+000 
1.319146728e+000 1.926916180e+000 
1.350306271e+000 1.946420886e+000 
1.660207378e+000 1.999983341e+000 
1.349270092e+000 1.945925953e+000 
1.658033905e+000 1.999865695e+000 
1.342749607e+000 1.942200843e+000 
1.340166967e+000 1.940742503e+000 
1.348805273e+000 1.945767716e+000 
1.354206992e+000 1.948825056e+000 
1.433474182e+000 1.978444628e+000 
1.431753812e+000 1.978000698e+000 
1.434253819e+000 1.978586706e+000 
1.657332843e+000 1.999864094e+000 
1.345375920e+000 1.944204166e+000 
1.431847933e+000 1.978237293e+000 
1.434397937e+000 1.978632259e+000 
1.435056569e+000 1.979124206e+000 
1.530128613e+000 1.994644330e+000 
1.347445076e+000 1.945042440e+000 
1.441983513e+000 1.979720829e+000 
1.465144741e+000 1.984934520e+000 
1.439062937e+000 1.979463863e+000 
1.455967386e+000 1.983089999e+000 
1.338591088e+000 1.939426741e+000 
1.450216291e+000 1.981407153e+000 
1.453248716e+000 1.982344507e+000 
1.460967774e+000 1.984294908e+000 
1.458188284e+000 1.983431334e+000 
1.362177252e+000 1.952446883e+000 
1.654673997e+000 1.999832493e+000 
1.526776833e+000 1.994515318e+000 
1.519018463e+000 1.993740090e+000 
1.417353876e+000 1.974206329e+000 
1.575781637e+000 1.998412772e+000 
1.417056710e+000 1.974030684e+000 
1.523198945e+000 1.994380755e+000 
1.520657776e+000 1.994191670e+000 
1.653852927e+000 1.999735298e+000 
1.524265409e+000 1.994489816e+000 
1.522990756e+000 1.994376995e+000 
1.568789011e+000 1.998198941e+000 
1.567542072e+000 1.997985336e+000 
1.563557498e+000 1.997946610e+000 
1.652394633e+000 1.999734392e+000 
1.515671623e+000 1.993298015e+000 
1.516378068e+000 1.993572651e+000 
1.650876305e+000 1.999703162e+000 
1.532052120e+000 1.995312676e+000 
1.457525009e+000 1.983232628e+000 
1.457986154e+000 1.983427987e+000 
1.568092759e+000 1.998045987e+000 
1.442882958e+000 1.980012897e+000 
1.445005604e+000 1.980432750e+000 
1.573173555e+000 1.998362509e+000 
1.643832253e+000 1.999602785e+000 
1.446005344e+000 1.980748913e+000 
1.527800664e+000 1.994577230e+000 
1.636616001e+000 1.999408556e+000 
1.597167594e+000 1.999177666e+000 
1.532477507e+000 1.995336910e+000 
1.498715620e+000 1.991348616e+000 
1.495791038e+000 1.991090079e+000 
1.544689738e+000 1.996494873e+000 
1.542968161e+000 1.996460984e+000 
1.550245027e+000 1.996869672e+000 
1.588593673e+000 1.998948981e+000 
1.506500953e+000 1.992290839e+000 
1.512203081e+000 1.993262073e+000 
1.584581212e+000 1.998730252e+000 
1.545368476e+000 1.996601463e+000 
1.506580649e+000 1.992488564e+000 
1.581955211e+000 1.998684066e+000 
1.494645176e+000 1.990897980e+000 
1.496422554e+000 1.991107670e+000 
1.582193391e+000 1.998715058e+000 
1.447773057e+000 1.981093235e+000 
1.502093819e+000 1.991661617e+000 
1.448587580e+000 1.981250401e+000 
1.490384734e+000 1.990186785e+000 
1.503521666e+000 1.991988699e+000 
1.507705646e+000 1.992735780e+000 
1.491476198e+000 1.990543056e+000 
1.536362458e+000 1.995912584e+000 
1.487441468e+000 1.989835164e+000 
1.558945470e+000 1.997731328e+000 
1.536893706e+000 1.995913984e+000 
1.555671841e+000 1.997330759e+000 
1.516245687e+000 1.993510654e+000 
1.486228849e+000 1.989399702e+000 
1.577899391e+000 1.998519470e+000 
1.552093265e+000 1.997256648e+000 
1.551229417e+000 1.997179399e+000 
1.510166734e+000 1.993162252e+000 
1.534117055e+000 1.995594021e+000 
1.540500012e+000 1.996230106e+000 
1.540199797e+000 1.996229093e+000 
1.486264787e+000 1.989452550e+000 
1.562095618e+000 1.997747982e+000 
1.557345751e+000 1.997527211e+000 
1.555238148e+000 1.997265502e+000 
1.636030223e+000 1.999399145e+000 
1.490332486e+000 1.990174156e+000 
1.482953942e+000 1.989137412e+000 
1.563507934e+000 1.997835294e+000 
1.480565063e+000 1.988371720e+000 
1.480393928e+000 1.988225523e+000 
1.476013953e+000 1.987757611e+000 
1.477443027e+000 1.987856934e+000 
1.634452644e+000 1.999387424e+000 
1.464616557e+000 1.984711849e+000 
1.468811780e+000 1.985979066e+000 
1.474307759e+000 1.987279638e+000 
1.474354060e+000 1.987292757e+000 
1.473015384e+000 1.987208096e+000 

