1.000300150e+000 1.000623728e+000 
1.000310518e+000 1.000679236e+000 
1.000310044e+000 1.000671062e+000 
1.000687704e+000 1.003335301e+000 
1.004797593e+000 1.122969967e+000 
1.004402657e+000 1.120980018e+000 
1.005392867e+000 1.124317727e+000 
1.003820816e+000 1.118333542e+000 
1.004000317e+000 1.120510299e+000 
1.004564018e+000 1.121908514e+000 
1.005071804e+000 1.123684202e+000 
1.005481882e+000 1.124706175e+000 
1.004249035e+000 1.120603776e+000 
1.004879926e+000 1.123367421e+000 
1.004491673e+000 1.121368465e+000 
1.005160819e+000 1.124072649e+000 
1.007553782e+000 1.148616853e+000 
1.006727437e+000 1.147224923e+000 
1.007055907e+000 1.147787999e+000 
1.007891978e+000 1.148850341e+000 
1.006608037e+000 1.146575376e+000 
1.005989781e+000 1.144068483e+000 
1.006109181e+000 1.144718030e+000 
1.006110161e+000 1.145749398e+000 
1.006003105e+000 1.144709690e+000 
1.008161676e+000 1.149185071e+000 
1.005491905e+000 1.143242505e+000 
1.000314849e+000 1.000784672e+000 
1.001910193e+000 1.014607054e+000 
1.000811657e+000 1.011866061e+000 
1.001446124e+000 1.014471855e+000 
1.001276395e+000 1.013301722e+000 
1.000950930e+000 1.011982757e+000 
1.002284320e+000 1.014774860e+000 
1.002238194e+000 1.014658488e+000 
1.003613005e+000 1.038236505e+000 
1.003285205e+000 1.037562721e+000 
1.003624064e+000 1.039382559e+000 
1.003477083e+000 1.037787522e+000 
1.003815943e+000 1.039554792e+000 
1.000174524e+000 1.000000065e+000 
9.999999999e-001 1.000000000e+000 
1.000249192e+000 1.000000077e+000 
1.000185873e+000 1.000000068e+000 
1.000038256e+000 1.000000055e+000 
1.000000474e+000 1.000000003e+000 
1.002617474e+000 1.028834777e+000 
1.003189848e+000 1.029159505e+000 
1.003271014e+000 1.029232043e+000 
1.002554308e+000 1.027530550e+000 
1.002326786e+000 1.027244363e+000 
1.010136806e+000 1.858223961e+000 
1.078982313e+000 1.927866470e+000 
1.077995825e+000 1.926370308e+000 
1.013675925e+000 1.866824358e+000 
1.035818921e+000 1.896875861e+000 
1.070114502e+000 1.922795915e+000 
1.014849080e+000 1.868577446e+000 
1.104585151e+000 1.940084751e+000 
1.092447573e+000 1.933673976e+000 
1.125026981e+000 1.947508866e+000 
1.046266853e+000 1.906781811e+000 
1.116453360e+000 1.943673799e+000 
1.049392475e+000 1.909203052e+000 
1.018139218e+000 1.875198947e+000 
1.050112687e+000 1.909924660e+000 
1.068922463e+000 1.921957930e+000 
1.047131263e+000 1.908444829e+000 
1.055449537e+000 1.914323597e+000 
1.026942404e+000 1.887570997e+000 
1.050824207e+000 1.911024735e+000 
1.039025183e+000 1.899787552e+000 
1.015799642e+000 1.870343275e+000 
1.039596078e+000 1.900308579e+000 
1.125503346e+000 1.948113935e+000 
1.049648618e+000 1.909462527e+000 
1.013347455e+000 1.865496119e+000 
1.089406867e+000 1.932510605e+000 
1.028503501e+000 1.889379925e+000 
1.066542714e+000 1.920844758e+000 
1.065255754e+000 1.920135162e+000 
1.036872365e+000 1.898132310e+000 
1.065059201e+000 1.919990349e+000 
1.146853141e+000 1.955061564e+000 
1.016932810e+000 1.872735967e+000 
1.075507955e+000 1.926062583e+000 
1.088922872e+000 1.931742565e+000 
1.036207826e+000 1.897039554e+000 
1.097026363e+000 1.936173702e+000 
1.117741895e+000 1.944668454e+000 
1.014878577e+000 1.868758642e+000 
1.018626890e+000 1.875447247e+000 
1.073217705e+000 1.924421420e+000 
1.075414099e+000 1.924704026e+000 
1.040211814e+000 1.901568133e+000 
1.063705471e+000 1.918899414e+000 
1.018747038e+000 1.875535898e+000 
1.065430355e+000 1.920168732e+000 
1.019403078e+000 1.876446420e+000 
1.029220207e+000 1.889842058e+000 
1.015177550e+000 1.869905686e+000 
1.120782601e+000 1.945831825e+000 
1.016383289e+000 1.871528619e+000 
1.123250950e+000 1.946725335e+000 
1.104497403e+000 1.939092753e+000 
1.015752735e+000 1.870324911e+000 
1.065819261e+000 1.920332425e+000 
1.144187094e+000 1.954326492e+000 
1.062945411e+000 1.918557338e+000 
1.060496444e+000 1.917209539e+000 
1.117352990e+000 1.944504761e+000 
1.033667551e+000 1.894503248e+000 
1.027212310e+000 1.887591132e+000 
1.096635505e+000 1.936125732e+000 
1.117800950e+000 1.944910838e+000 
1.029594537e+000 1.890259830e+000 
1.053529751e+000 1.912375885e+000 
1.059021325e+000 1.916274754e+000 
1.021096432e+000 1.879446681e+000 
1.023838992e+000 1.882946828e+000 
1.018090971e+000 1.874335715e+000 
1.054551483e+000 1.913777694e+000 
1.119338331e+000 1.945819421e+000 
1.109042317e+000 1.941576577e+000 
1.062247473e+000 1.918381267e+000 
1.025130183e+000 1.884735621e+000 
1.060133684e+000 1.916948256e+000 
1.058382655e+000 1.915776528e+000 
1.012423327e+000 1.863048446e+000 
1.102816863e+000 1.938881090e+000 
1.121187381e+000 1.946305007e+000 
1.040600720e+000 1.901731826e+000 
1.059744778e+000 1.916784563e+000 
1.120845098e+000 1.946293958e+000 
1.034456797e+000 1.895867826e+000 
1.058846724e+000 1.916238661e+000 
1.024287181e+000 1.884136242e+000 
1.143672507e+000 1.953662040e+000 
1.059235629e+000 1.916402354e+000 
1.094805321e+000 1.934635582e+000 
1.078568759e+000 1.926455960e+000 
1.065016802e+000 1.919025321e+000 
1.093786233e+000 1.934379175e+000 
1.128519089e+000 1.949298064e+000 
1.139720478e+000 1.953134714e+000 
1.100518471e+000 1.937962899e+000 
1.064443867e+000 1.918939669e+000 
1.024846966e+000 1.884599652e+000 
1.045423117e+000 1.905787756e+000 
1.011295996e+000 1.860857743e+000 
1.016667089e+000 1.872288424e+000 
1.024190926e+000 1.883673517e+000 
1.008265776e+000 1.850613628e+000 
1.010673904e+000 1.860420153e+000 
1.078957665e+000 1.926619653e+000 
1.141505495e+000 1.953166383e+000 
1.114214965e+000 1.943577437e+000 
1.133177337e+000 1.951118041e+000 
1.053020601e+000 1.911993676e+000 
1.044850183e+000 1.905702104e+000 
1.011641051e+000 1.862542152e+000 
1.048029317e+000 1.908990731e+000 
1.030393105e+000 1.891106195e+000 
1.118530930e+000 1.945386365e+000 
1.042309907e+000 1.903165798e+000 
1.137189530e+000 1.951357455e+000 
1.018673798e+000 1.875465610e+000 
1.038884239e+000 1.899356499e+000 
1.044461277e+000 1.905538411e+000 
1.030058606e+000 1.890721963e+000 
1.043952128e+000 1.905156202e+000 
1.045895118e+000 1.906712782e+000 
1.019880206e+000 1.877928590e+000 
1.008304032e+000 1.852677280e+000 
1.043099154e+000 1.904530376e+000 
1.052631696e+000 1.911829983e+000 
1.014188400e+000 1.867262113e+000 
1.014723612e+000 1.868036650e+000 
1.043563222e+000 1.904992509e+000 
1.028308811e+000 1.888723499e+000 
1.134962355e+000 1.951149709e+000 
1.118873214e+000 1.945397414e+000 
1.054087414e+000 1.913315561e+000 
1.008937830e+000 1.855394491e+000 
1.014327513e+000 1.867432752e+000 
1.130742978e+000 1.949349462e+000 
1.013376951e+000 1.865666922e+000 
1.013705421e+000 1.866995162e+000 
1.137286118e+000 1.951873732e+000 
1.034920866e+000 1.896329959e+000 
1.035309772e+000 1.896493652e+000 
1.025453565e+000 1.885628630e+000 
1.117160368e+000 1.944411167e+000 
1.017242171e+000 1.873137291e+000 
1.110722857e+000 1.941788240e+000 
1.037726568e+000 1.899005187e+000 
1.051333356e+000 1.911406944e+000 
1.033937384e+000 1.895216006e+000 
1.028033439e+000 1.888450903e+000 
1.012201175e+000 1.862855988e+000 
1.022374313e+000 1.881497592e+000 
1.042039041e+000 1.902599516e+000 
1.019041203e+000 1.875891563e+000 
1.036582231e+000 1.897405503e+000 
1.009560591e+000 1.856672127e+000 
1.012751797e+000 1.864376686e+000 
1.022644219e+000 1.881517726e+000 
1.081567612e+000 1.928321466e+000 
1.092945426e+000 1.933840335e+000 
1.023279370e+000 1.882401915e+000 
1.034360250e+000 1.895526557e+000 
1.034824318e+000 1.895988690e+000 
1.020806152e+000 1.878859247e+000 
1.030857174e+000 1.891568328e+000 
1.049856544e+000 1.909665184e+000 
1.008610029e+000 1.854906298e+000 
1.020536246e+000 1.878839112e+000 
1.017574578e+000 1.873545851e+000 
1.010098610e+000 1.858063744e+000 
1.008938499e+000 1.856234538e+000 
1.009295577e+000 1.856377097e+000 
1.035722373e+000 1.896534592e+000 
1.022986036e+000 1.881775364e+000 
1.036194280e+000 1.896877443e+000 
1.090186630e+000 1.932722268e+000 
1.091406954e+000 1.933253714e+000 
1.093289833e+000 1.934347772e+000 
1.097415268e+000 1.936337395e+000 
1.064152392e+000 1.918923247e+000 
1.025258179e+000 1.885188224e+000 
1.095612021e+000 1.935296466e+000 
1.009678218e+000 1.857454752e+000 
1.085679611e+000 1.930480835e+000 
1.112647759e+000 1.942701927e+000 
1.090105941e+000 1.932635206e+000 
1.010535043e+000 1.859162870e+000 
1.011618298e+000 1.861162388e+000 
1.087914846e+000 1.931464517e+000 
1.009421477e+000 1.856644756e+000 
1.089797725e+000 1.932558575e+000 
1.012599412e+000 1.863615880e+000 
1.093632116e+000 1.934358821e+000 
1.081178707e+000 1.928157773e+000 
1.108331794e+000 1.940892999e+000 
1.113824633e+000 1.942927781e+000 
1.071921991e+000 1.922914828e+000 
1.091185013e+000 1.932807728e+000 
1.068350203e+000 1.920963671e+000 
1.072310896e+000 1.923078521e+000 
1.085129959e+000 1.930020004e+000 
1.099094020e+000 1.936786212e+000 
1.082107823e+000 1.928529678e+000 
1.000594248e+000 1.001848661e+000 
1.000377568e+000 1.001724431e+000 
1.000642871e+000 1.001878154e+000 
1.000415349e+000 1.001725520e+000 
1.000580159e+000 1.001744980e+000 
1.000366726e+000 1.001692880e+000 
1.000559079e+000 1.001729225e+000 
1.000569792e+000 1.001733654e+000 
1.000632504e+000 1.001866828e+000 
1.000367200e+000 1.001713105e+000 
1.325830498e+000 1.993409502e+000 
1.328971777e+000 1.994252986e+000 
1.225360341e+000 1.976774622e+000 
1.177159515e+000 1.964604654e+000 
1.265685481e+000 1.984642243e+000 
1.272394059e+000 1.986157758e+000 
1.276331502e+000 1.986257245e+000 
1.162615662e+000 1.959565381e+000 
1.287038807e+000 1.988752454e+000 
1.442420814e+000 1.999200306e+000 
1.155509279e+000 1.956929856e+000 
1.216959147e+000 1.974694788e+000 
1.151002232e+000 1.956176835e+000 
1.152831497e+000 1.956921593e+000 
1.133093699e+000 1.949468530e+000 
1.294974899e+000 1.989667354e+000 
1.328144926e+000 1.994208237e+000 
1.214688420e+000 1.973764589e+000 
1.261684243e+000 1.983848423e+000 
1.148937817e+000 1.955639990e+000 
1.178062548e+000 1.964852716e+000 
1.157637727e+000 1.958213747e+000 
1.161722001e+000 1.959431428e+000 
1.210811326e+000 1.972482987e+000 
1.304725617e+000 1.991323926e+000 
1.146302989e+000 1.954538196e+000 
1.276867443e+000 1.986545641e+000 
1.443531798e+000 1.999201081e+000 
1.190971246e+000 1.968733204e+000 
1.212899954e+000 1.973543561e+000 
1.142425895e+000 1.953256594e+000 
1.588093199e+000 1.999979368e+000 
1.307373861e+000 1.991835227e+000 
1.262289128e+000 1.984079041e+000 
1.176869052e+000 1.964595481e+000 
1.455095603e+000 1.999345618e+000 
1.462977146e+000 1.999441980e+000 
1.273653720e+000 1.986248982e+000 
1.444993440e+000 1.999218178e+000 
1.277472328e+000 1.986776307e+000 
1.188882619e+000 1.967679962e+000 
1.190063853e+000 1.967843655e+000 
1.179855222e+000 1.965614384e+000 
1.331483883e+000 1.994294911e+000 
1.608621423e+000 2.000000000e+000 
1.196549226e+000 1.969510154e+000 
1.199245086e+000 1.970628063e+000 
1.198158223e+000 1.970367671e+000 
1.280658451e+000 1.987592235e+000 
1.284477059e+000 1.988119561e+000 
1.320110041e+000 1.993106951e+000 
1.281306292e+000 1.987798895e+000 
1.424748337e+000 1.998760801e+000 
1.194534355e+000 1.969211014e+000 
1.173107484e+000 1.963295438e+000 
1.193769210e+000 1.969197738e+000 
1.282412528e+000 1.988095056e+000 
1.162650443e+000 1.959732869e+000 
1.200579143e+000 1.970634910e+000 
1.157099851e+000 1.957943026e+000 
1.233056257e+000 1.978467450e+000 
1.316450581e+000 1.992784174e+000 
1.200948097e+000 1.970796967e+000 
1.193426926e+000 1.969190090e+000 
1.318172828e+000 1.992801031e+000 
1.271058476e+000 1.986093605e+000 
1.270465964e+000 1.985910283e+000 
1.308357829e+000 1.991927605e+000 
1.215546036e+000 1.973934696e+000 
1.194725604e+000 1.969274805e+000 
1.432432170e+000 1.998987527e+000 
1.433731370e+000 1.999041278e+000 
1.233611651e+000 1.979026063e+000 
1.233269368e+000 1.979018415e+000 
1.291064116e+000 1.989393927e+000 
1.268206454e+000 1.985261118e+000 
1.244854534e+000 1.980721696e+000 
1.192068822e+000 1.968968557e+000 
1.245914721e+000 1.981310201e+000 
1.252830201e+000 1.982619893e+000 
1.191726539e+000 1.968960909e+000 
1.179203586e+000 1.964886731e+000 
1.316039858e+000 1.992631541e+000 
1.221177207e+000 1.975719119e+000 
1.338616835e+000 1.994510104e+000 
1.338920821e+000 1.994660534e+000 
1.339263104e+000 1.994668182e+000 
1.290346304e+000 1.989369422e+000 
1.374575205e+000 1.997232158e+000 
1.252654803e+000 1.982415210e+000 
1.183653522e+000 1.966507461e+000 
1.187453428e+000 1.967527177e+000 
1.183995806e+000 1.966515109e+000 
1.178022351e+000 1.964723038e+000 
1.185718053e+000 1.966531966e+000 
1.174438699e+000 1.963792630e+000 
1.279002569e+000 1.987286799e+000 
1.247752678e+000 1.981887885e+000 
1.248257692e+000 1.982097697e+000 
1.278586590e+000 1.986985136e+000 
1.156676989e+000 1.957940798e+000 
1.312034256e+000 1.992065560e+000 
1.309969726e+000 1.992041055e+000 
1.293747046e+000 1.989493595e+000 
1.264114443e+000 1.984615863e+000 
1.278928873e+000 1.986992783e+000 
1.220738738e+000 1.975640839e+000 
1.199235709e+000 1.970383261e+000 
1.288474981e+000 1.989126750e+000 
1.240751959e+000 1.980276377e+000 
1.263772159e+000 1.984608215e+000 
1.286720904e+000 1.988623929e+000 
1.207043941e+000 1.972340779e+000 
1.169014711e+000 1.962009616e+000 
1.255809791e+000 1.983425591e+000 
1.340400450e+000 1.994670775e+000 
1.255442024e+000 1.982705584e+000 
1.184179740e+000 1.966531476e+000 
1.210934977e+000 1.973327826e+000 
1.236933351e+000 1.979749052e+000 
1.164680079e+000 1.960453129e+000 
1.246953898e+000 1.981645012e+000 
1.223412371e+000 1.975917482e+000 
1.236074366e+000 1.979505991e+000 
1.232197273e+000 1.978224389e+000 
1.267966089e+000 1.985015266e+000 
1.229887253e+000 1.977901758e+000 
1.393559769e+000 1.997863429e+000 
1.165521967e+000 1.960799011e+000 
1.386740769e+000 1.997603172e+000 
1.406886868e+000 1.998534264e+000 
1.390605887e+000 1.997656429e+000 
1.401570149e+000 1.998312231e+000 
1.165012751e+000 1.960717941e+000 
1.395978828e+000 1.997992547e+000 
1.597363756e+000 1.999979866e+000 
1.341721968e+000 1.994871631e+000 
1.403332765e+000 1.998490271e+000 
1.225215426e+000 1.976324789e+000 
1.402212311e+000 1.998337704e+000 
1.196964959e+000 1.970000370e+000 
1.215580881e+000 1.974478965e+000 
1.156071498e+000 1.957350657e+000 
1.540776986e+000 1.999903566e+000 
1.380405570e+000 1.997376430e+000 
1.349846339e+000 1.995827509e+000 
1.170938490e+000 1.962620501e+000 
1.163425607e+000 1.960288543e+000 
1.229165743e+000 1.977432903e+000 
1.160387464e+000 1.959159585e+000 
1.376875329e+000 1.997319915e+000 
1.167061396e+000 1.961338899e+000 
1.477906994e+000 1.999583137e+000 
1.557300053e+000 1.999971185e+000 
1.205730083e+000 1.972018626e+000 
1.376210902e+000 1.997308232e+000 
1.152090312e+000 1.956272943e+000 
1.159548513e+000 1.959006941e+000 
1.160993931e+000 1.959313285e+000 
1.538867407e+000 1.999888268e+000 
1.532975652e+000 1.999880041e+000 
1.391498332e+000 1.997719057e+000 
1.314956016e+000 1.992303399e+000 
1.203295515e+000 1.971628087e+000 
1.203686441e+000 1.971706367e+000 
1.358927788e+000 1.996831061e+000 
1.502983721e+000 1.999804640e+000 
1.367473999e+000 1.997128501e+000 
1.517208276e+000 1.999820650e+000 
1.356718263e+000 1.996653114e+000 
1.367261376e+000 1.997067476e+000 
1.383098664e+000 1.997484054e+000 
1.333196220e+000 1.994466915e+000 
1.413198042e+000 1.998618422e+000 
1.303020705e+000 1.990795935e+000 
1.299760443e+000 1.990504813e+000 
1.352384303e+000 1.996077716e+000 
1.354739795e+000 1.996323417e+000 
1.389139386e+000 1.997629501e+000 
1.371750354e+000 1.997145165e+000 
1.461591806e+000 1.999413701e+000 
1.421152819e+000 1.998684291e+000 
1.413019522e+000 1.998614028e+000 
1.296846605e+000 1.990024256e+000 
1.300665212e+000 1.990551581e+000 
1.463047485e+000 1.999493231e+000 
1.352997054e+000 1.996095174e+000 
1.315773240e+000 1.992464895e+000 
1.425282673e+000 1.998864675e+000 
1.355780426e+000 1.996610806e+000 
1.343331976e+000 1.995411407e+000 
1.341090714e+000 1.994857334e+000 
1.429622520e+000 1.998963765e+000 
1.414708716e+000 1.998641596e+000 
1.528678561e+000 1.999835125e+000 
1.528396932e+000 1.999829951e+000 
1.296703144e+000 1.989879857e+000 
1.440767423e+000 1.999125973e+000 
1.482490577e+000 1.999675581e+000 
1.489296032e+000 1.999717185e+000 
1.435700744e+000 1.999105310e+000 
1.445180350e+000 1.999249848e+000 
1.448483817e+000 1.999280447e+000 
1.434222591e+000 1.999061874e+000 
1.470963679e+000 1.999493974e+000 
1.382672874e+000 1.997389035e+000 
1.422459842e+000 1.998744734e+000 
1.452611163e+000 1.999338130e+000 
1.450328433e+000 1.999311574e+000 
1.461309699e+000 1.999407936e+000 
1.472609991e+000 1.999505219e+000 
1.478088641e+000 1.999631026e+000 
1.477811066e+000 1.999555775e+000 

