1.000052534e+000 1.011175545e+000 
1.003144795e+000 1.144859837e+000 
1.003579205e+000 1.147262110e+000 
1.003066533e+000 1.144591976e+000 
1.002840019e+000 1.143965021e+000 
1.003273229e+000 1.145804495e+000 
1.002772455e+000 1.142390927e+000 
1.003406513e+000 1.147257127e+000 
1.002505760e+000 1.141837025e+000 
1.003282995e+000 1.146632960e+000 
1.000105825e+000 1.024695158e+000 
1.002267717e+000 1.094842792e+000 
1.002255223e+000 1.093340081e+000 
1.001950959e+000 1.093111615e+000 
1.002196629e+000 1.093238753e+000 
1.001183167e+000 1.091083362e+000 
1.001174327e+000 1.090939475e+000 
1.001929800e+000 1.092920437e+000 
1.001855159e+000 1.092790095e+000 
1.002045474e+000 1.093121880e+000 
1.039531528e+000 1.869571440e+000 
1.007609885e+000 1.789430109e+000 
1.032725797e+000 1.857668414e+000 
1.007625795e+000 1.789945547e+000 
1.029753158e+000 1.851166174e+000 
1.006876189e+000 1.785747074e+000 
1.010673257e+000 1.801995412e+000 
1.119361756e+000 1.943994273e+000 
1.009120516e+000 1.796378492e+000 
1.011593467e+000 1.806628983e+000 
1.042391875e+000 1.874180602e+000 
1.053772337e+000 1.889451316e+000 
1.030434972e+000 1.852870152e+000 
1.051066437e+000 1.885892558e+000 
1.122538076e+000 1.944627260e+000 
1.009559358e+000 1.798209068e+000 
1.033061062e+000 1.858319119e+000 
1.033051549e+000 1.857897296e+000 
1.009953778e+000 1.800353041e+000 
1.035208384e+000 1.863039811e+000 
1.044404740e+000 1.877221375e+000 
1.007980440e+000 1.791881382e+000 
1.021302114e+000 1.835236542e+000 
1.064490339e+000 1.901927295e+000 
1.054467510e+000 1.890468815e+000 
1.006451063e+000 1.783811067e+000 
1.058383764e+000 1.894896731e+000 
1.098060652e+000 1.933030462e+000 
1.091261061e+000 1.928822769e+000 
1.033765480e+000 1.859502323e+000 
1.008424402e+000 1.792282726e+000 
1.037346347e+000 1.866668296e+000 
1.165092161e+000 1.962290131e+000 
1.148375363e+000 1.956358355e+000 
1.123742286e+000 1.946920233e+000 
1.049095699e+000 1.883612193e+000 
1.120454281e+000 1.944206181e+000 
1.099891891e+000 1.933793895e+000 
1.048775855e+000 1.883289824e+000 
1.050362700e+000 1.885405034e+000 
1.088384995e+000 1.925200032e+000 
1.016013520e+000 1.822187802e+000 
1.019690572e+000 1.832339613e+000 
1.022198881e+000 1.837348174e+000 
1.050042857e+000 1.885082664e+000 
1.012005678e+000 1.807092524e+000 
1.011100922e+000 1.804955462e+000 
1.034973369e+000 1.862145919e+000 
1.012879645e+000 1.811231404e+000 
1.037700706e+000 1.867232882e+000 
1.155042846e+000 1.959064273e+000 
1.149492479e+000 1.956735579e+000 
1.094089041e+000 1.930778880e+000 
1.036712521e+000 1.864651665e+000 
1.096240313e+000 1.931640388e+000 
1.091595250e+000 1.929075768e+000 
1.094768096e+000 1.931087977e+000 
1.035710436e+000 1.863706354e+000 
1.029037589e+000 1.850222287e+000 
1.067995691e+000 1.906015691e+000 
1.027194069e+000 1.846976913e+000 
1.037136751e+000 1.866345926e+000 
1.056286009e+000 1.892890209e+000 
1.036335753e+000 1.864251008e+000 
1.029542687e+000 1.851122666e+000 
1.036754043e+000 1.865350077e+000 
1.127130234e+000 1.947155641e+000 
1.049711924e+000 1.884243197e+000 
1.020088978e+000 1.832838920e+000 
1.068315534e+000 1.906338061e+000 
1.089014799e+000 1.926439220e+000 
1.020500059e+000 1.834262144e+000 
1.041630180e+000 1.873128319e+000 
1.047012931e+000 1.880289872e+000 
1.038582505e+000 1.868326574e+000 
1.038372909e+000 1.868004204e+000 
1.040363179e+000 1.871335478e+000 
1.014807486e+000 1.818027142e+000 
1.146243560e+000 1.955175416e+000 
1.034763773e+000 1.861823549e+000 
1.059606585e+000 1.896491466e+000 
1.034638071e+000 1.860940708e+000 
1.056605852e+000 1.893212579e+000 
1.088714810e+000 1.926331455e+000 
1.045520417e+000 1.878288400e+000 
1.032050636e+000 1.855907725e+000 
1.041373210e+000 1.871745709e+000 
1.034374291e+000 1.860900983e+000 
1.043658876e+000 1.875973442e+000 
1.020313100e+000 1.833090938e+000 
1.030640126e+000 1.853354765e+000 
1.010985439e+000 1.803373797e+000 
1.008744745e+000 1.793628776e+000 
1.119347211e+000 1.943906769e+000 
1.025983135e+000 1.844798407e+000 
1.029326240e+000 1.850500932e+000 
1.039555725e+000 1.869743474e+000 
1.046150114e+000 1.878889581e+000 
1.024233684e+000 1.841220893e+000 
1.111976801e+000 1.940429355e+000 
1.009518217e+000 1.797519950e+000 
1.063125514e+000 1.900280589e+000 
1.007544878e+000 1.789048291e+000 
1.031810363e+000 1.855735581e+000 
1.033219050e+000 1.858599692e+000 
1.026358153e+000 1.845495989e+000 
1.033628426e+000 1.859238693e+000 
1.145199998e+000 1.954786891e+000 
1.123408415e+000 1.945674016e+000 
1.120585809e+000 1.944364679e+000 
1.157344183e+000 1.959722193e+000 
1.017337755e+000 1.825846749e+000 
1.018118702e+000 1.828316543e+000 
1.021926740e+000 1.836800611e+000 
1.028718805e+000 1.849473335e+000 
1.107100399e+000 1.937744276e+000 
1.019152310e+000 1.830491091e+000 
1.018529782e+000 1.829739766e+000 
1.141931345e+000 1.953853015e+000 
1.009000916e+000 1.795054663e+000 
1.036172461e+000 1.864207098e+000 
1.114071683e+000 1.941346765e+000 
1.010444586e+000 1.800737723e+000 
1.046970833e+000 1.880139374e+000 
1.113544361e+000 1.940891754e+000 
1.009722243e+000 1.798470236e+000 
1.044042558e+000 1.876438813e+000 
1.123306366e+000 1.945652542e+000 
1.029895304e+000 1.851594304e+000 
1.013288280e+000 1.812429615e+000 
1.016424601e+000 1.823611026e+000 
1.008850298e+000 1.794069115e+000 
1.008581455e+000 1.793628583e+000 
1.025206676e+000 1.843468591e+000 
1.010847228e+000 1.803072657e+000 
1.015106412e+000 1.818429943e+000 
1.014068051e+000 1.815946544e+000 
1.013614552e+000 1.814063739e+000 
1.024114431e+000 1.841009217e+000 
1.083137155e+000 1.921108861e+000 
1.022180147e+000 1.837258883e+000 
1.022911054e+000 1.839014160e+000 
1.017079019e+000 1.825731027e+000 
1.102740998e+000 1.935590615e+000 
1.017490099e+000 1.827154251e+000 
1.107864792e+000 1.938296533e+000 
1.108817773e+000 1.938754443e+000 
1.103275681e+000 1.935912984e+000 
1.012612012e+000 1.809996021e+000 
1.016388903e+000 1.823567993e+000 
1.157656182e+000 1.959878471e+000 
1.148040277e+000 1.955987074e+000 
1.012756765e+000 1.810905985e+000 
1.017339845e+000 1.825938920e+000 
1.014488147e+000 1.817012861e+000 
1.014034648e+000 1.815130056e+000 
1.084998098e+000 1.922896420e+000 
1.013552244e+000 1.813153330e+000 
1.011788896e+000 1.807046454e+000 
1.012303266e+000 1.809023180e+000 
1.015208633e+000 1.818698148e+000 
1.024644783e+000 1.842852519e+000 
1.111656678e+000 1.939993525e+000 
1.122943906e+000 1.945326856e+000 
1.027357737e+000 1.847234398e+000 
1.138303586e+000 1.952172928e+000 
1.018053902e+000 1.827378416e+000 
1.022504674e+000 1.837731262e+000 
1.022642885e+000 1.838116734e+000 
1.127698293e+000 1.947458282e+000 
1.140717798e+000 1.953402913e+000 
1.143814133e+000 1.954221199e+000 
1.099102038e+000 1.933398713e+000 
1.015553646e+000 1.820556086e+000 
1.055488968e+000 1.891632335e+000 
1.054147667e+000 1.890146445e+000 
1.014863530e+000 1.818393052e+000 
1.088415765e+000 1.926054228e+000 
1.080973010e+000 1.919709717e+000 
1.061934059e+000 1.898832549e+000 
1.090962017e+000 1.928545542e+000 
1.086007046e+000 1.923917411e+000 
1.084457938e+000 1.922415636e+000 
1.082561212e+000 1.920650430e+000 
1.063384410e+000 1.900353382e+000 
1.128146496e+000 1.948209482e+000 
1.062903049e+000 1.900007660e+000 
1.063604663e+000 1.900740419e+000 
1.062583206e+000 1.899685290e+000 
1.089295880e+000 1.927456771e+000 
1.025572054e+000 1.843632760e+000 
1.058986795e+000 1.895579744e+000 
1.090753773e+000 1.928209039e+000 
1.089790406e+000 1.927743531e+000 
1.091456544e+000 1.928832303e+000 
1.052502842e+000 1.887917975e+000 
1.146044362e+000 1.955075727e+000 
1.092533219e+000 1.929321967e+000 
1.057086358e+000 1.893233430e+000 
1.065937302e+000 1.903690744e+000 
1.055109888e+000 1.891142016e+000 
1.028627794e+000 1.849374922e+000 
1.077009021e+000 1.915772411e+000 
1.061605643e+000 1.898328962e+000 
1.076137409e+000 1.914646741e+000 
1.117441709e+000 1.942811683e+000 
1.061285799e+000 1.898006592e+000 
1.072816809e+000 1.911646370e+000 
1.066705211e+000 1.905070027e+000 
1.070561846e+000 1.909188524e+000 
1.072496966e+000 1.911324000e+000 
1.070023021e+000 1.908940451e+000 
1.074535075e+000 1.913388863e+000 
1.085331891e+000 1.923787620e+000 
1.078345891e+000 1.917225254e+000 
1.068831566e+000 1.907492411e+000 
1.071314835e+000 1.909875959e+000 
1.064915845e+000 1.902541095e+000 
1.065523079e+000 1.903621987e+000 
1.071621835e+000 1.910198329e+000 
1.077837285e+000 1.916841579e+000 
1.080752631e+000 1.919205501e+000 
9.999999983e-001 1.004702971e+000 
1.000038244e+000 1.004711455e+000 
1.004261251e+000 1.630866553e+000 
1.005265384e+000 1.635494308e+000 
1.004672332e+000 1.633735547e+000 
1.005838711e+000 1.638760055e+000 
1.003596244e+000 1.624031080e+000 
1.003983230e+000 1.626618955e+000 
1.004232775e+000 1.626893090e+000 
1.005260796e+000 1.634609468e+000 
1.006397735e+000 1.641070087e+000 
1.006037368e+000 1.638962371e+000 
1.006082195e+000 1.640776355e+000 
1.005992062e+000 1.638843969e+000 
1.000999276e+000 1.039992373e+000 
1.000807284e+000 1.039950366e+000 
1.000568099e+000 1.039105597e+000 
1.000181839e+000 1.038909753e+000 
1.001014622e+000 1.040093265e+000 
1.000716227e+000 1.039819133e+000 
1.000458075e+000 1.038930896e+000 
1.000116993e+000 1.038872566e+000 
1.180688567e+000 1.967808719e+000 
1.272747025e+000 1.986053243e+000 
1.373054841e+000 1.996697932e+000 
1.307244110e+000 1.990398570e+000 
1.371950896e+000 1.996388897e+000 
1.194813732e+000 1.971677193e+000 
1.272407581e+000 1.985908993e+000 
1.165278044e+000 1.962992970e+000 
1.308423843e+000 1.990483646e+000 
1.170652882e+000 1.965214233e+000 
1.154668777e+000 1.958563492e+000 
1.310437558e+000 1.990675109e+000 
1.172361329e+000 1.965440412e+000 
1.333579032e+000 1.993042126e+000 
1.298926658e+000 1.990165396e+000 
1.342992393e+000 1.994135313e+000 
1.116870684e+000 1.941387899e+000 
1.136042590e+000 1.950401986e+000 
1.136267204e+000 1.950609880e+000 
1.177191825e+000 1.967787476e+000 
1.170428267e+000 1.965006340e+000 
1.132610300e+000 1.948911227e+000 
1.148915419e+000 1.956680687e+000 
1.151087403e+000 1.957114759e+000 
1.173151691e+000 1.966082480e+000 
1.176880944e+000 1.967178967e+000 
1.135542282e+000 1.949979529e+000 
1.164460598e+000 1.962208354e+000 
1.189223948e+000 1.970400733e+000 
1.168068413e+000 1.963865544e+000 
1.295521028e+000 1.989002602e+000 
1.257505936e+000 1.984137474e+000 
1.168292633e+000 1.964199675e+000 
1.284975768e+000 1.987716095e+000 
1.193634862e+000 1.971380493e+000 
1.183894056e+000 1.968362072e+000 
1.324956476e+000 1.992730332e+000 
1.280503376e+000 1.987591684e+000 
1.184373466e+000 1.968653198e+000 
1.191233827e+000 1.970734216e+000 
1.188695288e+000 1.970190387e+000 
1.184029264e+000 1.968475078e+000 
1.295876460e+000 1.989035330e+000 
1.132395455e+000 1.948756188e+000 
1.310797578e+000 1.991355502e+000 
1.261584808e+000 1.984629551e+000 
1.166159484e+000 1.963394329e+000 
1.205311640e+000 1.973826676e+000 
1.157585154e+000 1.959857822e+000 
1.323615862e+000 1.991651276e+000 
1.264974937e+000 1.984984344e+000 
1.132802922e+000 1.949113215e+000 
1.182217146e+000 1.968291102e+000 
1.138934700e+000 1.952320253e+000 
1.320757641e+000 1.991636554e+000 
1.134743250e+000 1.949943432e+000 
1.198617478e+000 1.972218066e+000 
1.151107012e+000 1.957958538e+000 
1.267651393e+000 1.985487838e+000 
1.236272252e+000 1.980142666e+000 
1.186628816e+000 1.969367469e+000 
1.285409620e+000 1.987973009e+000 
1.275089402e+000 1.986088686e+000 
1.235937884e+000 1.979998416e+000 
1.244679465e+000 1.982033627e+000 
1.234245354e+000 1.979643977e+000 
1.380729790e+000 1.997011293e+000 
1.265578863e+000 1.985350054e+000 
1.298086842e+000 1.989616946e+000 
1.431619168e+000 1.998874878e+000 
1.145737345e+000 1.954992454e+000 
1.233832761e+000 1.979422517e+000 
1.199495366e+000 1.972799081e+000 
1.275559637e+000 1.987060806e+000 
1.306598363e+000 1.990192909e+000 
1.289450665e+000 1.988660015e+000 
1.268883480e+000 1.985563123e+000 
1.265239419e+000 1.985205804e+000 
1.421655832e+000 1.998772818e+000 
1.184537559e+000 1.969291951e+000 
1.210700322e+000 1.974941583e+000 
1.426777187e+000 1.998837187e+000 
1.233666150e+000 1.979332933e+000 
1.242056954e+000 1.980822879e+000 
1.324105209e+000 1.992226951e+000 
1.351475426e+000 1.995321620e+000 
1.139804231e+000 1.952595067e+000 
1.446017476e+000 1.999092705e+000 
1.407810577e+000 1.998125463e+000 
1.411523875e+000 1.998350121e+000 
1.242404439e+000 1.980849673e+000 
1.367154439e+000 1.995713381e+000 
1.255000715e+000 1.983888629e+000 
1.153237750e+000 1.958551226e+000 
1.343540541e+000 1.994604308e+000 
1.250211493e+000 1.983101957e+000 
1.432416244e+000 1.998964215e+000 
1.233860066e+000 1.979532953e+000 
1.150881834e+000 1.956996713e+000 
1.252392072e+000 1.983211975e+000 
1.368442235e+000 1.995796732e+000 
1.220826205e+000 1.977035904e+000 
1.213413854e+000 1.975870210e+000 
1.222579054e+000 1.977794397e+000 
1.195728189e+000 1.971715412e+000 
1.218382041e+000 1.976571514e+000 
1.243566315e+000 1.981432038e+000 
1.214096880e+000 1.975980646e+000 
1.422020435e+000 1.998830670e+000 
1.187251091e+000 1.969901661e+000 
1.161184233e+000 1.961153644e+000 
1.183816756e+000 1.968322283e+000 
1.443089281e+000 1.999024927e+000 
1.416717986e+000 1.998453315e+000 
1.333111288e+000 1.992860980e+000 
1.417851357e+000 1.998457282e+000 
1.229111375e+000 1.978947665e+000 
1.239355113e+000 1.980345664e+000 
1.389344957e+000 1.997283109e+000 
1.378513528e+000 1.996794534e+000 
1.472665905e+000 1.999547042e+000 
1.157237923e+000 1.959492781e+000 
1.238627805e+000 1.980278134e+000 
1.451605182e+000 1.999402553e+000 
1.411111827e+000 1.998233926e+000 
1.447213390e+000 1.999183164e+000 
1.415425978e+000 1.998377419e+000 
1.433934891e+000 1.998970144e+000 
1.398909652e+000 1.997710430e+000 
1.395141109e+000 1.997661991e+000 
1.439478656e+000 1.998993194e+000 
1.229216409e+000 1.979155558e+000 
1.388832987e+000 1.997064387e+000 
1.365532748e+000 1.995424159e+000 
1.227215157e+000 1.978260732e+000 
1.505553627e+000 2.000000000e+000 
1.194775839e+000 1.971517298e+000 
1.401979963e+000 1.997711221e+000 
1.448917485e+000 1.999315280e+000 
1.162464429e+000 1.961490063e+000 
1.421547058e+000 1.998502006e+000 
1.162331906e+000 1.961375586e+000 
1.175971428e+000 1.966255190e+000 
1.457627617e+000 1.999532585e+000 
1.405915088e+000 1.997830366e+000 
1.206889446e+000 1.974022234e+000 
1.163010448e+000 1.961875423e+000 
1.367150656e+000 1.995493914e+000 
1.207433471e+000 1.974200752e+000 
1.337341930e+000 1.993468433e+000 
1.478290908e+000 1.999905700e+000 
1.221422665e+000 1.977054158e+000 
1.210375248e+000 1.974902474e+000 
1.209301573e+000 1.974310770e+000 
1.491030865e+000 1.999965733e+000 
1.485915361e+000 1.999934088e+000 

