1.015304840e+000 1.105332057e+000 
1.014823705e+000 1.104434566e+000 
1.015726258e+000 1.106100049e+000 
1.016038269e+000 1.106568051e+000 
1.015210890e+000 1.105204406e+000 
1.053966823e+000 1.890756194e+000 
1.031552746e+000 1.863009919e+000 
1.048442288e+000 1.884708283e+000 
1.028328511e+000 1.855584513e+000 
1.027516201e+000 1.854882797e+000 
1.047972876e+000 1.884152669e+000 
1.059888544e+000 1.897410873e+000 
1.049663017e+000 1.886196447e+000 
1.075401127e+000 1.911441541e+000 
1.157230072e+000 1.959011350e+000 
1.081651752e+000 1.917103180e+000 
1.077679392e+000 1.913305560e+000 
1.056109975e+000 1.893216085e+000 
1.022265818e+000 1.845481164e+000 
1.034016457e+000 1.866421183e+000 
1.037346580e+000 1.871026136e+000 
1.090120832e+000 1.923777112e+000 
1.130008343e+000 1.949005883e+000 
1.032436764e+000 1.864287724e+000 
1.100988167e+000 1.931832856e+000 
1.040850389e+000 1.875591907e+000 
1.146426563e+000 1.956174195e+000 
1.039688245e+000 1.874090261e+000 
1.036877168e+000 1.870635078e+000 
1.076093396e+000 1.911856026e+000 
1.026622771e+000 1.853805292e+000 
1.149967852e+000 1.957062462e+000 
1.031142915e+000 1.861605676e+000 
1.029517449e+000 1.859137119e+000 
1.029359600e+000 1.858873860e+000 
1.029048037e+000 1.858746061e+000 
1.076192621e+000 1.912080226e+000 
1.025680132e+000 1.852021180e+000 
1.028016948e+000 1.855477394e+000 
1.026429393e+000 1.853160499e+000 
1.177822976e+000 1.965418298e+000 
1.023903988e+000 1.849709734e+000 
1.058273538e+000 1.896083596e+000 
1.027278255e+000 1.854346776e+000 
1.042118766e+000 1.877415068e+000 
1.058225440e+000 1.895646661e+000 
1.025959981e+000 1.852880209e+000 
1.035023686e+000 1.868388560e+000 
1.127918782e+000 1.947626801e+000 
1.035274325e+000 1.868557813e+000 
1.034554274e+000 1.867451803e+000 
1.071145839e+000 1.908613861e+000 
1.035735151e+000 1.869078083e+000 
1.041649354e+000 1.876833855e+000 
1.127363325e+000 1.947365861e+000 
1.128867412e+000 1.947818036e+000 
1.063967486e+000 1.902271710e+000 
1.030401861e+000 1.860494154e+000 
1.039218833e+000 1.873699203e+000 
1.122083832e+000 1.944394432e+000 
1.172045556e+000 1.964205049e+000 
1.120095342e+000 1.942789207e+000 
1.028735489e+000 1.855636792e+000 
1.061042286e+000 1.898152502e+000 
1.176550087e+000 1.965404617e+000 
1.061956052e+000 1.899752044e+000 
1.023812820e+000 1.848883735e+000 
1.023508741e+000 1.847877687e+000 
1.078866781e+000 1.914709710e+000 
1.179924154e+000 1.965860863e+000 
1.024379116e+000 1.849897151e+000 
1.069090431e+000 1.906620721e+000 
1.023152457e+000 1.847810821e+000 
1.108010066e+000 1.936419415e+000 
1.063068582e+000 1.901036045e+000 
1.070650331e+000 1.907594420e+000 
1.057705388e+000 1.895429712e+000 
1.102526120e+000 1.932545402e+000 
1.036868055e+000 1.870597768e+000 
1.132096893e+000 1.950145891e+000 
1.058894709e+000 1.896612141e+000 
1.111252816e+000 1.938317312e+000 
1.109887295e+000 1.937212302e+000 
1.113134396e+000 1.939403133e+000 
1.147020007e+000 1.956760803e+000 
1.056807312e+000 1.894557000e+000 
1.023792756e+000 1.848679936e+000 
1.037337467e+000 1.870988826e+000 
1.120163872e+000 1.943055626e+000 
1.038722177e+000 1.872727622e+000 
1.130672932e+000 1.949300838e+000 
1.040061724e+000 1.874788858e+000 
1.061578685e+000 1.899293287e+000 
1.086733447e+000 1.920973811e+000 
1.030973626e+000 1.861529161e+000 
1.033170852e+000 1.865451874e+000 
1.044842323e+000 1.880164958e+000 
1.114609482e+000 1.940365687e+000 
1.051977498e+000 1.888984377e+000 
1.031225608e+000 1.862553803e+000 
1.029701928e+000 1.859371948e+000 
1.057301332e+000 1.894681431e+000 
1.046834711e+000 1.882529492e+000 
1.038080668e+000 1.872301344e+000 
1.062578639e+000 1.900260451e+000 
1.049293156e+000 1.885908845e+000 
1.066080605e+000 1.903687405e+000 
1.049840530e+000 1.886604335e+000 
1.064863208e+000 1.902634425e+000 
1.181665359e+000 1.966363207e+000 
1.068136013e+000 1.905671830e+000 
1.043143220e+000 1.878288624e+000 
1.045975189e+000 1.882089663e+000 
1.050957449e+000 1.887848514e+000 
1.052204539e+000 1.889393513e+000 
1.068947489e+000 1.906242161e+000 
1.162944040e+000 1.960659315e+000 
1.160299824e+000 1.960223919e+000 
1.066892081e+000 1.904389505e+000 
1.047532048e+000 1.883980670e+000 
1.049513604e+000 1.885921715e+000 
1.065684810e+000 1.903335273e+000 
1.115164939e+000 1.940629178e+000 
1.046836397e+000 1.883178319e+000 
1.047936579e+000 1.884055031e+000 
1.167069897e+000 1.962219614e+000 
1.054943321e+000 1.892204861e+000 
1.118706638e+000 1.942491050e+000 
1.048554477e+000 1.884914841e+000 
1.052317986e+000 1.889454320e+000 
1.047245817e+000 1.883239354e+000 
1.129546849e+000 1.948168527e+000 
1.130995071e+000 1.949925083e+000 
1.141423197e+000 1.954726201e+000 
1.163773207e+000 1.961084434e+000 
1.132930292e+000 1.950802241e+000 
1.136350764e+000 1.952315596e+000 
1.105818641e+000 1.934992598e+000 
1.105168090e+000 1.934480241e+000 
1.096179608e+000 1.928460020e+000 
1.074362091e+000 1.910948974e+000 
1.043176884e+000 1.878395814e+000 
1.043606430e+000 1.879096406e+000 
1.093338381e+000 1.926561130e+000 
1.092295385e+000 1.925284981e+000 
1.054179016e+000 1.891491082e+000 
1.162339263e+000 1.960595453e+000 
1.076908225e+000 1.913233493e+000 
1.163204756e+000 1.960719457e+000 
1.135674711e+000 1.951846290e+000 
1.076296480e+000 1.912685102e+000 
1.051848574e+000 1.888766237e+000 
1.129737687e+000 1.948449170e+000 
1.130702435e+000 1.949302981e+000 
1.071668210e+000 1.908693442e+000 
1.053263859e+000 1.890702378e+000 
1.051316558e+000 1.888460610e+000 
1.073031453e+000 1.909956905e+000 
1.124867209e+000 1.946249806e+000 
1.072274575e+000 1.909307830e+000 
1.127150028e+000 1.947251024e+000 
1.126633012e+000 1.946915929e+000 
1.072127657e+000 1.909165383e+000 
1.079422170e+000 1.915310526e+000 
1.072106429e+000 1.909048710e+000 
1.080528248e+000 1.916232759e+000 
1.088091217e+000 1.922436071e+000 
1.074161837e+000 1.910926277e+000 
1.124557829e+000 1.945961403e+000 
1.117285652e+000 1.941649257e+000 
1.138407918e+000 1.952818656e+000 
1.113270083e+000 1.939424438e+000 
1.121369881e+000 1.943879733e+000 
1.120719329e+000 1.943348991e+000 
1.104515033e+000 1.934227258e+000 
1.081991850e+000 1.917412618e+000 
1.107380211e+000 1.936123045e+000 
1.108736463e+000 1.936933388e+000 
1.100737685e+000 1.931748561e+000 
1.153313550e+000 1.958014987e+000 
1.083000833e+000 1.918187389e+000 
1.081933714e+000 1.917246053e+000 
1.088407791e+000 1.922769917e+000 
1.153043422e+000 1.957871595e+000 
1.044047258e+000 1.879453600e+000 
1.087542638e+000 1.921852225e+000 
1.097027638e+000 1.929163396e+000 
1.094990125e+000 1.927632115e+000 
1.154687880e+000 1.958748408e+000 
1.099335256e+000 1.930973310e+000 
1.083217811e+000 1.918455058e+000 
1.094124973e+000 1.926847156e+000 
1.084525702e+000 1.919982509e+000 
1.098081302e+000 1.930131611e+000 
1.157439407e+000 1.959577011e+000 
1.103231457e+000 1.933294544e+000 
1.096828331e+000 1.929149447e+000 
1.153870087e+000 1.958127575e+000 
1.158070526e+000 1.959882959e+000 
1.062911371e+000 1.900333552e+000 
1.088999284e+000 1.922874149e+000 
1.001697639e+000 1.007295897e+000 
1.009302259e+000 1.019288212e+000 
1.008574354e+000 1.019114738e+000 
1.012780630e+000 1.020506364e+000 
1.009539707e+000 1.019378426e+000 
1.012387535e+000 1.020304918e+000 
1.013176386e+000 1.020522655e+000 
1.003983603e+000 1.016994553e+000 
1.003396895e+000 1.016566805e+000 
1.009808649e+000 1.019590568e+000 
1.007748838e+000 1.018782162e+000 
1.011907072e+000 1.020230545e+000 
1.012302828e+000 1.020246414e+000 
1.011292262e+000 1.019980976e+000 
1.004853558e+000 1.017334844e+000 
1.010896506e+000 1.019965869e+000 
1.004435073e+000 1.017090475e+000 
1.007909656e+000 1.018883980e+000 
1.007942799e+000 1.018884781e+000 
1.004648301e+000 1.017255079e+000 
1.007306381e+000 1.018608689e+000 
1.002703313e+000 1.015733727e+000 
1.005518256e+000 1.017565472e+000 
1.006830220e+000 1.018361110e+000 
1.005757073e+000 1.017793874e+000 
1.003057319e+000 1.016131882e+000 
1.005686479e+000 1.017748790e+000 
1.007225976e+000 1.018483165e+000 
1.006346193e+000 1.018054480e+000 
1.005588849e+000 1.017580598e+000 
1.008820665e+000 1.019207343e+000 
1.002556956e+000 1.015674163e+000 
1.002688411e+000 1.015729584e+000 
1.004975400e+000 1.017355539e+000 
1.002896532e+000 1.016109509e+000 
1.003228671e+000 1.016429690e+000 
1.002889095e+000 1.015987666e+000 
1.002028754e+000 1.015668292e+000 
1.003034813e+000 1.016121372e+000 
1.012765678e+000 1.020481279e+000 
1.003815380e+000 1.016811174e+000 
1.007774576e+000 1.018786634e+000 
1.009569263e+000 1.019451274e+000 
9.999999986e-001 1.000000000e+000 
1.000109159e+000 1.000001500e+000 
1.000020774e+000 1.000001497e+000 
1.000371311e+000 1.000313869e+000 
1.000410246e+000 1.000315176e+000 
1.000114921e+000 1.000296590e+000 
1.013534435e+000 1.096925271e+000 
1.013810689e+000 1.097743194e+000 
1.000479710e+000 1.001097805e+000 
1.001590460e+000 1.001152249e+000 
1.000592912e+000 1.001102046e+000 
1.000893344e+000 1.001103440e+000 
1.001176825e+000 1.001146615e+000 
1.001290027e+000 1.001150856e+000 
1.001018502e+000 1.001145189e+000 
1.022245293e+000 1.286099022e+000 
1.021130316e+000 1.283015399e+000 
1.022135486e+000 1.285114458e+000 
1.021824029e+000 1.283423992e+000 
1.022178244e+000 1.285252550e+000 
1.013838665e+000 1.100525752e+000 
1.014105264e+000 1.101449011e+000 
1.014545430e+000 1.101778729e+000 
1.016717170e+000 1.147888350e+000 
1.016915257e+000 1.148020726e+000 
1.018499952e+000 1.150695203e+000 
1.017696839e+000 1.149442744e+000 
1.017003897e+000 1.148618833e+000 
1.019985630e+000 1.153118220e+000 
1.016066487e+000 1.145976526e+000 
1.016487825e+000 1.147514261e+000 
1.019547853e+000 1.152481959e+000 
1.020167497e+000 1.153446667e+000 
1.021078128e+000 1.154589393e+000 
1.019340434e+000 1.152236388e+000 
1.019187089e+000 1.151850794e+000 
1.018902657e+000 1.151600128e+000 
1.018024242e+000 1.149769516e+000 
1.017579919e+000 1.149205609e+000 
1.018199563e+000 1.150170317e+000 
1.221133733e+000 1.978719693e+000 
1.318935068e+000 1.995498186e+000 
1.291342016e+000 1.992306968e+000 
1.316015240e+000 1.995260307e+000 
1.257181536e+000 1.986486411e+000 
1.254311775e+000 1.985904071e+000 
1.242605356e+000 1.984124068e+000 
1.289556059e+000 1.992108501e+000 
1.342436344e+000 1.997390224e+000 
1.252186595e+000 1.985887649e+000 
1.252592902e+000 1.985887821e+000 
1.238652329e+000 1.982822160e+000 
1.220727426e+000 1.978719521e+000 
1.222005659e+000 1.978963364e+000 
1.263722077e+000 1.987588885e+000 
1.255002043e+000 1.986158683e+000 
1.256180120e+000 1.986378933e+000 
1.318528761e+000 1.995497060e+000 
1.289149752e+000 1.992107375e+000 
1.373431044e+000 1.998688705e+000 
1.522511196e+000 2.000000000e+000 
1.222273197e+000 1.979235648e+000 
1.231047928e+000 1.981423485e+000 
1.268819737e+000 1.988832263e+000 
1.180964906e+000 1.966125736e+000 
1.233077715e+000 1.981779338e+000 
1.207038184e+000 1.975546848e+000 
1.227802483e+000 1.980771568e+000 
1.423186164e+000 1.999487877e+000 
1.242579026e+000 1.983969131e+000 
1.239333581e+000 1.983317963e+000 
1.242646994e+000 1.984143474e+000 
1.182850670e+000 1.966941595e+000 
1.203721617e+000 1.974530504e+000 
1.408810364e+000 1.999240574e+000 
1.255001513e+000 1.986119993e+000 
1.288719803e+000 1.991835444e+000 
1.255216315e+000 1.986347017e+000 
1.185759177e+000 1.967968744e+000 
1.342820756e+000 1.997489962e+000 
1.323027910e+000 1.996101605e+000 
1.413380410e+000 1.999338444e+000 
1.286754084e+000 1.991730390e+000 
1.255024267e+000 1.986174955e+000 
1.284840400e+000 1.991256679e+000 
1.196692661e+000 1.972448625e+000 
1.243213248e+000 1.984144246e+000 
1.513103277e+000 1.999993858e+000 
1.265821520e+000 1.987991303e+000 
1.255626415e+000 1.986353167e+000 
1.402573505e+000 1.999220696e+000 
1.322465924e+000 1.996004846e+000 
1.274856361e+000 1.989875835e+000 
1.401165735e+000 1.999172388e+000 
1.267182006e+000 1.988613473e+000 
1.270215519e+000 1.989066008e+000 
1.251243226e+000 1.985492203e+000 
1.264152952e+000 1.987872025e+000 
1.190255822e+000 1.969829970e+000 
1.408813937e+000 1.999259997e+000 
1.238991048e+000 1.983269505e+000 
1.249874251e+000 1.985261600e+000 
1.424910151e+000 1.999564858e+000 
1.240107434e+000 1.983717773e+000 
1.182783595e+000 1.966650269e+000 
1.208077436e+000 1.975605872e+000 
1.245859598e+000 1.984810180e+000 
1.245833408e+000 1.984398911e+000 
1.256168407e+000 1.986353766e+000 
1.211251606e+000 1.976563878e+000 
1.273945959e+000 1.989737858e+000 
1.372310549e+000 1.998610733e+000 
1.335063525e+000 1.996925239e+000 
1.451242444e+000 1.999789828e+000 
1.392556315e+000 1.999076974e+000 
1.394319946e+000 1.999122940e+000 
1.383443894e+000 1.998984068e+000 
1.376659351e+000 1.998773986e+000 
1.230772587e+000 1.981405430e+000 
1.251025890e+000 1.985416289e+000 
1.242248799e+000 1.983924021e+000 
1.178658740e+000 1.965575236e+000 
1.260595167e+000 1.987423783e+000 
1.266776363e+000 1.988282651e+000 
1.392204708e+000 1.999020910e+000 
1.263981767e+000 1.987866574e+000 
1.193664080e+000 1.971110093e+000 
1.272605528e+000 1.989366566e+000 
1.410676755e+000 1.999267808e+000 
1.391235229e+000 1.998994979e+000 
1.369995795e+000 1.998550669e+000 
1.209807272e+000 1.976007480e+000 
1.339043705e+000 1.997071785e+000 
1.336879585e+000 1.997069561e+000 
1.409782738e+000 1.999267317e+000 
1.457309715e+000 1.999964767e+000 
1.200042958e+000 1.973608301e+000 
1.204068148e+000 1.974789557e+000 
1.290896053e+000 1.992196949e+000 
1.456082450e+000 1.999865272e+000 
1.229598304e+000 1.980909525e+000 
1.356844207e+000 1.998137746e+000 
1.345971848e+000 1.997595241e+000 
1.192079038e+000 1.970919598e+000 
1.367677638e+000 1.998490073e+000 
1.194233276e+000 1.971872129e+000 
1.349337262e+000 1.997607737e+000 
1.196369462e+000 1.972299804e+000 
1.340795717e+000 1.997336659e+000 
1.203724616e+000 1.974548788e+000 
1.198748222e+000 1.973099896e+000 
1.221217286e+000 1.978751663e+000 
1.281660442e+000 1.990594392e+000 
1.359916470e+000 1.998279434e+000 
1.197151285e+000 1.972734145e+000 
1.358000213e+000 1.998143791e+000 
1.193693368e+000 1.971429255e+000 
1.264474513e+000 1.987948132e+000 
1.220099080e+000 1.978514900e+000 
1.181920219e+000 1.966615242e+000 
1.195431655e+000 1.972103675e+000 
1.183889559e+000 1.967595792e+000 
1.216275166e+000 1.977692984e+000 
1.279567403e+000 1.990517631e+000 
1.353201580e+000 1.997966369e+000 
1.350255110e+000 1.997796607e+000 
1.193132952e+000 1.971015192e+000 
1.179765982e+000 1.965648541e+000 
1.358670346e+000 1.998230244e+000 
1.250620173e+000 1.985294388e+000 
1.205968830e+000 1.975180239e+000 
1.185212216e+000 1.967884228e+000 
1.191548517e+000 1.970728081e+000 
1.188434655e+000 1.969375284e+000 
1.364726128e+000 1.998352171e+000 
1.190062161e+000 1.969627129e+000 
1.198050398e+000 1.972747180e+000 
1.317773015e+000 1.995461332e+000 
1.316234255e+000 1.995437880e+000 
1.186957307e+000 1.968564951e+000 
1.188936038e+000 1.969429749e+000 
1.453669612e+000 1.999789883e+000 
1.342732791e+000 1.997445688e+000 
1.185975759e+000 1.968393342e+000 
1.303916708e+000 1.994067395e+000 
1.368971549e+000 1.998502034e+000 
1.200530367e+000 1.973612977e+000 
1.233509252e+000 1.981830721e+000 
1.380496097e+000 1.998889668e+000 
1.445700701e+000 1.999766147e+000 
1.325652857e+000 1.996166265e+000 
1.381864515e+000 1.998893041e+000 
1.319922076e+000 1.995798499e+000 
1.332718552e+000 1.996814579e+000 
1.445184509e+000 1.999764050e+000 
1.329767595e+000 1.996665511e+000 
1.442506028e+000 1.999731055e+000 
1.441645687e+000 1.999696675e+000 
1.435472705e+000 1.999588834e+000 
1.326987770e+000 1.996446801e+000 
1.217291337e+000 1.978165062e+000 
1.284232871e+000 1.991090245e+000 
1.325663745e+000 1.996283132e+000 
1.211073525e+000 1.976337162e+000 
1.211035355e+000 1.976336971e+000 
1.219957245e+000 1.978433608e+000 
1.214130977e+000 1.977380748e+000 
1.310551811e+000 1.994553864e+000 
1.224906038e+000 1.980017739e+000 
1.312338945e+000 1.994886777e+000 
1.279018094e+000 1.990396336e+000 
1.507259088e+000 1.999993537e+000 
1.310595687e+000 1.994723675e+000 
1.226540120e+000 1.980192863e+000 
1.311657272e+000 1.994762478e+000 
1.311144016e+000 1.994729207e+000 
1.215532061e+000 1.977438605e+000 
1.239952920e+000 1.983366506e+000 
1.282426791e+000 1.990869951e+000 
1.299994181e+000 1.993620888e+000 
1.294628963e+000 1.992911738e+000 
1.300995844e+000 1.993729763e+000 
1.295729893e+000 1.993038306e+000 
1.302093516e+000 1.993745403e+000 
1.291122635e+000 1.992245931e+000 
1.397654336e+000 1.999130184e+000 

