1.003143255e+000 1.001428293e+000 
1.002857007e+000 1.001388601e+000 
1.003932901e+000 1.001482324e+000 
1.004607869e+000 1.001542375e+000 
1.003002234e+000 1.001409132e+000 
1.002737144e+000 1.001384246e+000 
1.003081523e+000 1.001412053e+000 
1.004179872e+000 1.001503998e+000 
1.005257710e+000 1.001568780e+000 
1.003444951e+000 1.001451680e+000 
1.002826768e+000 1.001385026e+000 
1.003896534e+000 1.001482260e+000 
1.004161449e+000 1.001502814e+000 
1.004953883e+000 1.001549717e+000 
1.005108733e+000 1.001565827e+000 
1.002659635e+000 1.001365921e+000 
1.002961660e+000 1.001407698e+000 
1.003352743e+000 1.001435324e+000 
1.003485100e+000 1.001454452e+000 
1.003106887e+000 1.001428228e+000 
1.003866295e+000 1.001478685e+000 
1.004756846e+000 1.001545328e+000 
1.003776670e+000 1.001477904e+000 
1.003604963e+000 1.001458808e+000 
1.003316375e+000 1.001435259e+000 
1.002571151e+000 1.001363149e+000 
1.003380447e+000 1.001435356e+000 
1.003694587e+000 1.001461483e+000 
1.003888301e+000 1.001480546e+000 
1.003986158e+000 1.001484935e+000 
1.004425243e+000 1.001518948e+000 
1.004669097e+000 1.001542399e+000 
1.004241099e+000 1.001504022e+000 
1.005028219e+000 1.001562437e+000 
1.005318937e+000 1.001568804e+000 
1.005089446e+000 1.001562461e+000 
1.003909664e+000 1.001482293e+000 
1.003618094e+000 1.001458842e+000 
1.002540458e+000 1.001342585e+000 
1.003725636e+000 1.001463283e+000 
1.025448568e+000 1.051387831e+000 
1.022115267e+000 1.048647380e+000 
1.026712112e+000 1.052318723e+000 
1.018907887e+000 1.044854475e+000 
1.027155631e+000 1.052627664e+000 
1.025905729e+000 1.051758798e+000 
1.026927128e+000 1.052379205e+000 
1.022443960e+000 1.049001545e+000 
1.025835804e+000 1.051438974e+000 
1.019573391e+000 1.046229498e+000 
1.022970602e+000 1.049641068e+000 
1.023188806e+000 1.049826039e+000 
1.022723423e+000 1.049336263e+000 
1.024994840e+000 1.051007878e+000 
1.023424514e+000 1.049956670e+000 
1.023541462e+000 1.050006010e+000 
1.023778703e+000 1.050028325e+000 
1.021320926e+000 1.048078980e+000 
1.020084688e+000 1.047082999e+000 
1.020211123e+000 1.047145918e+000 
1.018972094e+000 1.045260565e+000 
1.020575327e+000 1.047522989e+000 
1.023359097e+000 1.049858498e+000 
1.019933021e+000 1.046676930e+000 
1.020059455e+000 1.046739850e+000 
1.019098529e+000 1.045323485e+000 
1.019421723e+000 1.045823429e+000 
1.028130419e+000 1.085205774e+000 
1.035492435e+000 1.092202264e+000 
1.027366651e+000 1.084004277e+000 
1.029369766e+000 1.086593930e+000 
1.036082297e+000 1.092705626e+000 
1.036026026e+000 1.092606436e+000 
1.037112609e+000 1.093450127e+000 
1.034501261e+000 1.091301674e+000 
1.033974505e+000 1.090846733e+000 
1.031272000e+000 1.088406315e+000 
1.031481262e+000 1.088663266e+000 
1.036421775e+000 1.092867667e+000 
1.031006130e+000 1.088197607e+000 
1.032310321e+000 1.089384567e+000 
1.033317871e+000 1.090302976e+000 
1.032457198e+000 1.089534827e+000 
1.031850337e+000 1.088968066e+000 
1.030211651e+000 1.087424106e+000 
1.037100937e+000 1.093306580e+000 
1.034646373e+000 1.091375839e+000 
1.034357855e+000 1.091079833e+000 
1.028086038e+000 1.084135168e+000 
1.034120444e+000 1.090957463e+000 
1.034044016e+000 1.090890069e+000 
1.033157774e+000 1.090055956e+000 
1.030151806e+000 1.086987944e+000 
1.029189295e+000 1.085661881e+000 
1.030554619e+000 1.087460298e+000 
1.030910117e+000 1.087621502e+000 
1.030998729e+000 1.087692505e+000 
1.008657146e+000 1.010581508e+000 
1.008396032e+000 1.010292788e+000 
1.009650086e+000 1.011074508e+000 
1.009020175e+000 1.010830937e+000 
1.009511753e+000 1.011071783e+000 
1.008548138e+000 1.010580020e+000 
1.009678011e+000 1.011097203e+000 
1.008996924e+000 1.010827116e+000 
1.008748309e+000 1.010702575e+000 
1.009816343e+000 1.011099939e+000 
1.008932394e+000 1.010812197e+000 
1.009920974e+000 1.011213222e+000 
1.009268791e+000 1.010955676e+000 
1.008732224e+000 1.010690042e+000 
1.008430319e+000 1.010467441e+000 
1.010529574e+000 1.011440194e+000 
1.010331173e+000 1.011344600e+000 
1.010088210e+000 1.011228494e+000 
1.010692525e+000 1.021269882e+000 
1.010689470e+000 1.021252411e+000 
1.012048078e+000 1.022190424e+000 
1.010767281e+000 1.021272400e+000 
1.010543019e+000 1.021176027e+000 
1.010658343e+000 1.021221287e+000 
1.012159544e+000 1.022223407e+000 
1.005544448e+000 1.004162639e+000 
1.005423984e+000 1.004112850e+000 
1.006209904e+000 1.004326632e+000 
1.007041631e+000 1.004485597e+000 
1.005973827e+000 1.004268843e+000 
1.005564773e+000 1.004163459e+000 
1.006631945e+000 1.004387960e+000 
1.005487654e+000 1.004160310e+000 
1.008304472e+000 1.004658583e+000 
1.008135120e+000 1.004653561e+000 
1.006755626e+000 1.004435343e+000 
1.006105928e+000 1.004272864e+000 
1.006888523e+000 1.004443157e+000 
1.005833470e+000 1.004216718e+000 
1.006030621e+000 1.004271206e+000 
1.006067038e+000 1.004271455e+000 
1.005872361e+000 1.004218127e+000 
1.014960575e+000 1.024349565e+000 
1.016878665e+000 1.025530097e+000 
1.017041677e+000 1.025545208e+000 
1.015973826e+000 1.025155702e+000 
1.016296298e+000 1.025323814e+000 
1.015776307e+000 1.025088539e+000 
1.015129478e+000 1.024454202e+000 
1.015022719e+000 1.024416064e+000 
1.014972594e+000 1.024350341e+000 
1.015321153e+000 1.024621803e+000 
1.016518575e+000 1.025398903e+000 
1.017646824e+000 1.025908996e+000 
1.018461418e+000 1.026245577e+000 
1.014638961e+000 1.024023231e+000 
1.014639681e+000 1.024085557e+000 
1.017785348e+000 1.025960247e+000 
1.014453368e+000 1.023847627e+000 
1.015611852e+000 1.024848227e+000 
1.016293407e+000 1.025249803e+000 
1.016859432e+000 1.025466141e+000 
1.000063627e+000 1.000000039e+000 
1.000000000e+000 1.000000000e+000 
1.000366567e+000 1.000081567e+000 
1.000513465e+000 1.000083306e+000 
1.000154299e+000 1.000079630e+000 
1.001585355e+000 1.000088837e+000 
1.000598421e+000 1.000083508e+000 
1.001219457e+000 1.000087364e+000 
1.000688347e+000 1.000084197e+000 
1.000246298e+000 1.000080218e+000 
1.001524373e+000 1.000087575e+000 
1.000436364e+000 1.000081909e+000 
1.000176687e+000 1.000079985e+000 
1.000251035e+000 1.000081103e+000 
1.000631943e+000 1.000083648e+000 
1.000159676e+000 1.000079876e+000 
1.000532876e+000 1.000083364e+000 
1.000397195e+000 1.000081832e+000 
1.000229287e+000 1.000080109e+000 
1.000416606e+000 1.000081890e+000 
1.000475820e+000 1.000081912e+000 
1.000218565e+000 1.000080011e+000 
1.044698052e+000 1.231116972e+000 
1.047873097e+000 1.234051645e+000 
1.046311134e+000 1.232510064e+000 
1.044998973e+000 1.231447558e+000 
1.041031156e+000 1.226674438e+000 
1.040736237e+000 1.226298230e+000 
1.042807274e+000 1.229006168e+000 
1.042663208e+000 1.228741657e+000 
1.042377235e+000 1.228398654e+000 
1.038964329e+000 1.223252072e+000 
1.047267160e+000 1.233470410e+000 
1.043806379e+000 1.230104937e+000 
1.045724402e+000 1.232078531e+000 
1.046992862e+000 1.233215225e+000 
1.041608966e+000 1.227336369e+000 
1.040724561e+000 1.226200432e+000 
1.038993885e+000 1.223260512e+000 
1.038585903e+000 1.223214694e+000 
1.201727891e+000 1.929461700e+000 
1.200561565e+000 1.929127600e+000 
1.151628716e+000 1.910628477e+000 
1.187572059e+000 1.925182509e+000 
1.192678406e+000 1.927323775e+000 
1.178692311e+000 1.922160268e+000 
1.176542506e+000 1.921326151e+000 
1.195591812e+000 1.928281182e+000 
1.154019064e+000 1.911948879e+000 
1.168033406e+000 1.918120896e+000 
1.182642029e+000 1.923403146e+000 
1.198214503e+000 1.928621432e+000 
1.193422891e+000 1.927703194e+000 
1.191218229e+000 1.926724759e+000 
1.192076832e+000 1.927125700e+000 
1.182005901e+000 1.922772252e+000 
1.171470009e+000 1.919254830e+000 
1.200944361e+000 1.929237645e+000 
1.204362789e+000 1.930223791e+000 
1.204071120e+000 1.930072153e+000 
1.190268039e+000 1.926287349e+000 
1.226680487e+000 1.936374066e+000 
1.199230844e+000 1.929033763e+000 
1.228961426e+000 1.936603637e+000 
1.181439568e+000 1.922770361e+000 
1.238650193e+000 1.938463987e+000 
1.209710828e+000 1.931393147e+000 
1.206327989e+000 1.930910835e+000 
1.207872764e+000 1.931139052e+000 
1.209337977e+000 1.931267894e+000 
1.081303007e+000 1.869323841e+000 
1.165880745e+000 1.917670868e+000 
1.172234759e+000 1.920013765e+000 
1.074715493e+000 1.864039066e+000 
1.110739810e+000 1.889740063e+000 
1.107383620e+000 1.887871064e+000 
1.173106715e+000 1.920338970e+000 
1.077513523e+000 1.866043553e+000 
1.107084514e+000 1.887580301e+000 
1.074406836e+000 1.863221108e+000 
1.103821888e+000 1.885020959e+000 
1.048092924e+000 1.832054927e+000 
1.049777254e+000 1.834959893e+000 
1.126347576e+000 1.899873072e+000 
1.243935215e+000 1.940944430e+000 
1.142471879e+000 1.907884748e+000 
1.186379502e+000 1.924831788e+000 
1.075463806e+000 1.864266355e+000 
1.050790923e+000 1.836464268e+000 
1.059116975e+000 1.847728322e+000 
1.079049346e+000 1.867688526e+000 
1.086076902e+000 1.872865669e+000 
1.062931671e+000 1.851486623e+000 
1.063236600e+000 1.852230853e+000 
1.085672256e+000 1.872686017e+000 
1.108159862e+000 1.888597420e+000 
1.050020932e+000 1.835377297e+000 
1.052842227e+000 1.839285604e+000 
1.078468723e+000 1.867418134e+000 
1.107914988e+000 1.887880192e+000 
1.216243536e+000 1.933630473e+000 
1.049480024e+000 1.834465616e+000 
1.056226412e+000 1.844406100e+000 
1.104093273e+000 1.885790739e+000 
1.059791552e+000 1.848317230e+000 
1.166870842e+000 1.917803002e+000 
1.065033173e+000 1.853932834e+000 
1.067567787e+000 1.856524310e+000 
1.164435887e+000 1.916886873e+000 
1.102304578e+000 1.884933744e+000 
1.139335127e+000 1.906031706e+000 
1.122807872e+000 1.897615230e+000 
1.106282682e+000 1.887254719e+000 
1.163661130e+000 1.916806120e+000 
1.049351788e+000 1.834184114e+000 
1.065733014e+000 1.854734387e+000 
1.066979203e+000 1.856006019e+000 
1.078261680e+000 1.867237256e+000 
1.076364304e+000 1.865517004e+000 
1.114382920e+000 1.892442013e+000 
1.067523232e+000 1.856488484e+000 
1.086857613e+000 1.873757803e+000 
1.139874563e+000 1.906213335e+000 
1.221081970e+000 1.935044177e+000 
1.053546984e+000 1.840802317e+000 
1.112397686e+000 1.891285874e+000 
1.056132097e+000 1.844347165e+000 
1.049959599e+000 1.835188731e+000 
1.053474568e+000 1.840750307e+000 
1.053942003e+000 1.841354167e+000 
1.050762485e+000 1.836265083e+000 
1.051327918e+000 1.837175331e+000 
1.052847063e+000 1.839703379e+000 
1.052032184e+000 1.838212801e+000 
1.057319152e+000 1.845582644e+000 
1.061535735e+000 1.850380453e+000 
1.171690337e+000 1.919715129e+000 
1.054853454e+000 1.842784452e+000 
1.075347387e+000 1.864222314e+000 
1.096998716e+000 1.880927840e+000 
1.055528907e+000 1.843563633e+000 
1.115784767e+000 1.893429973e+000 
1.122334302e+000 1.897281513e+000 
1.174473153e+000 1.920690190e+000 
1.054826248e+000 1.842691973e+000 
1.120424550e+000 1.896025853e+000 
1.168218310e+000 1.918620158e+000 
1.069375230e+000 1.858596661e+000 
1.072013172e+000 1.861065266e+000 
1.073330283e+000 1.862383618e+000 
1.058683136e+000 1.847108078e+000 
1.165998694e+000 1.917755410e+000 
1.058119579e+000 1.846415002e+000 
1.067182019e+000 1.856164768e+000 
1.091463730e+000 1.876839767e+000 
1.079456629e+000 1.868165731e+000 
1.095773648e+000 1.880350602e+000 
1.079813819e+000 1.868574101e+000 
1.103842817e+000 1.885407557e+000 
1.088195397e+000 1.874616537e+000 
1.094387020e+000 1.879178639e+000 
1.219256875e+000 1.934202942e+000 
1.065637507e+000 1.854514922e+000 
1.137973433e+000 1.905457839e+000 
1.242973112e+000 1.939975188e+000 
1.219669015e+000 1.934852445e+000 
1.114693466e+000 1.892758199e+000 
1.072154909e+000 1.861374957e+000 
1.077120152e+000 1.865829391e+000 
1.070051729e+000 1.859147026e+000 
1.133625063e+000 1.903285763e+000 
1.075483546e+000 1.864414602e+000 
1.100919434e+000 1.883538026e+000 
1.174652168e+000 1.921073255e+000 
1.156864617e+000 1.913841837e+000 
1.216589535e+000 1.934010204e+000 
1.099774891e+000 1.883038486e+000 
1.166643155e+000 1.917796174e+000 
1.088177258e+000 1.874503049e+000 
1.134490301e+000 1.903695178e+000 
1.096428446e+000 1.880881295e+000 
1.128034211e+000 1.900438360e+000 
1.127393917e+000 1.900270502e+000 
1.097111432e+000 1.881209336e+000 
1.081896400e+000 1.870139363e+000 
1.253523346e+000 1.943082412e+000 
1.082504922e+000 1.870440925e+000 
1.078230129e+000 1.866983806e+000 
1.077771936e+000 1.866676939e+000 
1.098655511e+000 1.882415093e+000 
1.121089436e+000 1.896374700e+000 
1.116691930e+000 1.894002250e+000 
1.061718811e+000 1.850469484e+000 
1.158898447e+000 1.914801071e+000 
1.077997988e+000 1.866870773e+000 
1.126302615e+000 1.899598729e+000 
1.115797998e+000 1.893517885e+000 
1.138456371e+000 1.905586511e+000 
1.141408168e+000 1.907051437e+000 
1.136710121e+000 1.904210787e+000 
1.093540422e+000 1.878546418e+000 
1.164642640e+000 1.917158408e+000 
1.060750118e+000 1.849360356e+000 
1.237573096e+000 1.938275600e+000 
1.113069463e+000 1.892004269e+000 
1.072119465e+000 1.861218944e+000 
1.124788817e+000 1.898723855e+000 
1.101530255e+000 1.884221504e+000 
1.155687832e+000 1.913342775e+000 
1.114148708e+000 1.892171505e+000 
1.072663493e+000 1.861705197e+000 
1.231535610e+000 1.937699327e+000 
1.189325021e+000 1.925622941e+000 
1.073367295e+000 1.862422967e+000 
1.145325221e+000 1.908747162e+000 
1.089459737e+000 1.875650619e+000 
1.263878580e+000 1.944940017e+000 
1.087881544e+000 1.874467715e+000 
1.229260134e+000 1.937015594e+000 
1.091924840e+000 1.877283559e+000 
1.151666250e+000 1.911021995e+000 
1.257590761e+000 1.943375555e+000 
1.109122919e+000 1.888957981e+000 
1.151909619e+000 1.911274534e+000 
1.083378903e+000 1.871228554e+000 
1.082467631e+000 1.870330138e+000 
1.119083802e+000 1.895060540e+000 
1.262068936e+000 1.944305222e+000 
1.224029941e+000 1.936129724e+000 
1.225717266e+000 1.936295606e+000 
1.222814920e+000 1.935622894e+000 
1.265519174e+000 1.945291977e+000 
1.204821052e+000 1.930527345e+000 
1.267086877e+000 1.945414866e+000 
1.270581029e+000 1.946602218e+000 
1.221249357e+000 1.935063258e+000 
1.220997464e+000 1.935024785e+000 
1.241208949e+000 1.939816030e+000 
1.225274896e+000 1.936167929e+000 
1.246439733e+000 1.941394355e+000 
1.229660359e+000 1.937154549e+000 
1.250554911e+000 1.942049818e+000 
1.182236532e+000 1.923158826e+000 
1.147142889e+000 1.909668928e+000 
1.203142693e+000 1.929932443e+000 
1.211449193e+000 1.932246298e+000 
1.202459959e+000 1.929582189e+000 
1.131612354e+000 1.902275927e+000 
1.247359125e+000 1.941618842e+000 
1.136841179e+000 1.904675757e+000 
1.161173267e+000 1.915352300e+000 
1.149835596e+000 1.910614827e+000 
1.175896944e+000 1.921261709e+000 
1.156331700e+000 1.913733100e+000 
1.200646333e+000 1.929167229e+000 
1.234155250e+000 1.938218247e+000 
1.132576107e+000 1.902570641e+000 
1.147922412e+000 1.909837343e+000 
1.163647012e+000 1.916050171e+000 
1.252681084e+000 1.942184372e+000 
1.012503467e+000 1.022851847e+000 
1.014052159e+000 1.023736415e+000 
1.012669546e+000 1.023058718e+000 
1.012986874e+000 1.023243373e+000 
1.013649211e+000 1.023577079e+000 
1.013969827e+000 1.023722405e+000 
1.012779030e+000 1.023081131e+000 
1.014930504e+000 1.024226825e+000 
1.012494228e+000 1.022822960e+000 
1.012030111e+000 1.021927904e+000 
1.013074159e+000 1.023295999e+000 
1.013282003e+000 1.023458453e+000 
1.002526923e+000 1.000457163e+000 
1.002150639e+000 1.000438329e+000 
1.002441344e+000 1.000451389e+000 
1.002093130e+000 1.000437431e+000 
1.002032959e+000 1.000431988e+000 
1.002130001e+000 1.000437586e+000 
1.002485902e+000 1.000451923e+000 
1.002252997e+000 1.000444590e+000 
1.002072492e+000 1.000436688e+000 
1.001942609e+000 1.000430878e+000 
1.002525017e+000 1.000456923e+000 
1.001739771e+000 1.000417780e+000 
1.001821061e+000 1.000423901e+000 
1.002454542e+000 1.000451591e+000 
1.294420135e+000 1.958188086e+000 
1.323945739e+000 1.968182977e+000 
1.276186925e+000 1.950773883e+000 
1.296796673e+000 1.958823590e+000 
1.286391264e+000 1.955210167e+000 
1.285414203e+000 1.954667416e+000 
1.279695371e+000 1.952408844e+000 
1.290941081e+000 1.957009486e+000 
1.317707389e+000 1.966482241e+000 
1.277460614e+000 1.951143656e+000 
1.288958702e+000 1.956468977e+000 
1.292583618e+000 1.957666531e+000 
1.276683366e+000 1.951002199e+000 
1.289454318e+000 1.956747430e+000 
1.293717061e+000 1.958045495e+000 
1.287426203e+000 1.956040641e+000 
1.288615910e+000 1.956464408e+000 
1.293476345e+000 1.957953284e+000 
1.289263537e+000 1.956646539e+000 
1.291422531e+000 1.957663866e+000 
1.323647466e+000 1.967875053e+000 
1.289347394e+000 1.956739710e+000 
1.298263340e+000 1.959407379e+000 
1.325360519e+000 1.968920134e+000 
1.299523293e+000 1.959994563e+000 
1.277736330e+000 1.951472101e+000 
1.295113401e+000 1.958615564e+000 
1.282204951e+000 1.953693083e+000 
1.277959043e+000 1.951648801e+000 
1.279856291e+000 1.953022934e+000 
1.289184804e+000 1.956618884e+000 
1.311765861e+000 1.964627216e+000 
1.312901562e+000 1.964698400e+000 
1.278295599e+000 1.952006069e+000 
1.311111370e+000 1.964261707e+000 
1.307854935e+000 1.963207445e+000 
1.311879975e+000 1.964663207e+000 
1.315699847e+000 1.965743768e+000 
1.279830594e+000 1.952703874e+000 
1.310940087e+000 1.963954930e+000 
1.314698767e+000 1.965471756e+000 
1.285730748e+000 1.954852407e+000 
1.293385731e+000 1.957916451e+000 
1.280959753e+000 1.953539616e+000 
1.282662990e+000 1.954264683e+000 
1.317139052e+000 1.966300932e+000 
1.319877711e+000 1.967413986e+000 
1.321628254e+000 1.967593991e+000 
1.317751396e+000 1.966525435e+000 
1.414705559e+000 1.986880177e+000 
1.301919630e+000 1.961123321e+000 
1.414823754e+000 1.987092986e+000 
1.285758881e+000 1.954872967e+000 
1.284723789e+000 1.954638363e+000 
1.322500218e+000 1.967780065e+000 
1.315978676e+000 1.965752596e+000 
1.341069409e+000 1.972700074e+000 
1.341910655e+000 1.972843734e+000 
1.318410732e+000 1.966878815e+000 
1.287371862e+000 1.955342203e+000 
1.319705049e+000 1.967289816e+000 
1.341003261e+000 1.972448456e+000 
1.318840101e+000 1.967177537e+000 
1.343367211e+000 1.973115746e+000 
1.287081448e+000 1.955225882e+000 
1.315652506e+000 1.965561577e+000 
1.342011563e+000 1.972881968e+000 
1.339612853e+000 1.972428063e+000 
1.323928684e+000 1.968020138e+000 
1.314203362e+000 1.965210505e+000 
1.329486263e+000 1.969570187e+000 
1.324408289e+000 1.968299567e+000 
1.327716156e+000 1.969218621e+000 
1.428313744e+000 1.988961594e+000 
1.423151703e+000 1.988510209e+000 
1.425196361e+000 1.988751931e+000 
1.422061899e+000 1.988463134e+000 
1.417397061e+000 1.987775508e+000 
1.420435130e+000 1.988163410e+000 
1.454100308e+000 1.991955069e+000 
1.455036571e+000 1.992235018e+000 
1.416435465e+000 1.987490826e+000 
1.435618405e+000 1.989907539e+000 
1.415404240e+000 1.987288154e+000 
1.415793598e+000 1.987433004e+000 
1.411681494e+000 1.986721024e+000 
1.397876261e+000 1.984587977e+000 
1.407944619e+000 1.986181615e+000 
1.409527308e+000 1.986601606e+000 
1.403381959e+000 1.985673328e+000 
1.405725344e+000 1.985797229e+000 
1.399318537e+000 1.984923812e+000 
1.428824946e+000 1.989032288e+000 
1.406261050e+000 1.985947274e+000 
1.432382384e+000 1.989636637e+000 
1.432924454e+000 1.989637827e+000 
1.396642476e+000 1.984376980e+000 
1.430777787e+000 1.989465974e+000 
1.445060698e+000 1.991093571e+000 
1.415177466e+000 1.987210010e+000 
1.442163805e+000 1.990773038e+000 
1.444099400e+000 1.991015438e+000 
1.452857228e+000 1.991900742e+000 
1.450658911e+000 1.991676074e+000 
1.394195152e+000 1.983686392e+000 
1.368503697e+000 1.979411352e+000 
1.380106761e+000 1.981480976e+000 
1.378493416e+000 1.981465199e+000 
1.450373094e+000 1.991657838e+000 
1.368696566e+000 1.979620613e+000 
1.429945423e+000 1.989264445e+000 
1.429128768e+000 1.989099148e+000 
1.310145362e+000 1.963915871e+000 
1.335424253e+000 1.971210915e+000 
1.429249150e+000 1.989128686e+000 
1.333380585e+000 1.971001583e+000 
1.433256679e+000 1.989818137e+000 
1.367692541e+000 1.979368021e+000 
1.330773455e+000 1.970285134e+000 
1.335602934e+000 1.971456100e+000 
1.466316476e+000 1.993440910e+000 
1.438406162e+000 1.990279335e+000 
1.436350056e+000 1.990181514e+000 
1.448024320e+000 1.991407112e+000 
1.377624268e+000 1.981063075e+000 
1.358396946e+000 1.977086892e+000 
1.327250087e+000 1.969053993e+000 
1.394360785e+000 1.983690921e+000 
1.273178596e+000 1.948581411e+000 
1.272842517e+000 1.948333494e+000 
1.394503479e+000 1.983860726e+000 
1.632057368e+000 1.999993198e+000 
1.429664905e+000 1.989207534e+000 
1.332068808e+000 1.970375596e+000 
1.632992601e+000 2.000000000e+000 
1.349354137e+000 1.974724815e+000 
1.362906431e+000 1.978153236e+000 
1.450773295e+000 1.991679803e+000 
1.367569546e+000 1.979242335e+000 
1.383656295e+000 1.982176178e+000 
1.346926475e+000 1.974083173e+000 
1.343721063e+000 1.973646646e+000 
1.374604639e+000 1.980773826e+000 
1.380689551e+000 1.981915109e+000 
1.365960444e+000 1.979034888e+000 
1.378279049e+000 1.981393591e+000 
1.367159359e+000 1.979165028e+000 
1.310104418e+000 1.963668951e+000 
1.375371332e+000 1.980776405e+000 
1.355396875e+000 1.976636213e+000 
1.332244163e+000 1.970447046e+000 
1.275723665e+000 1.948676943e+000 
1.347412894e+000 1.974107370e+000 
1.274967394e+000 1.948635559e+000 
1.328737388e+000 1.969473637e+000 
1.347479496e+000 1.974243008e+000 
1.344091811e+000 1.973863916e+000 
1.348615438e+000 1.974695311e+000 
1.374225762e+000 1.980473783e+000 
1.344674964e+000 1.974074872e+000 
1.331126386e+000 1.970344749e+000 
1.372088418e+000 1.980027243e+000 
1.364167052e+000 1.978562384e+000 
1.353542967e+000 1.976371919e+000 
1.363127954e+000 1.978343969e+000 
1.391570319e+000 1.983660356e+000 
1.352826261e+000 1.975940689e+000 
1.365006542e+000 1.978848350e+000 
1.276022128e+000 1.948756569e+000 
1.358277660e+000 1.976831353e+000 
1.351583788e+000 1.975683714e+000 
1.386050342e+000 1.982748993e+000 
1.387486984e+000 1.982990826e+000 
1.359285076e+000 1.977139764e+000 
1.362053274e+000 1.978149428e+000 
1.334437376e+000 1.971188378e+000 
1.355591293e+000 1.976752951e+000 
1.434031062e+000 1.989833703e+000 
1.374296652e+000 1.980581864e+000 
1.271356663e+000 1.947788967e+000 
1.384903732e+000 1.982282240e+000 
1.382677642e+000 1.982024864e+000 
1.384965378e+000 1.982543678e+000 
1.434829705e+000 1.989859631e+000 
1.343692178e+000 1.973222756e+000 
1.269241265e+000 1.945812178e+000 
1.337269865e+000 1.971874722e+000 
1.336748990e+000 1.971676879e+000 
1.338069190e+000 1.972233874e+000 
1.301020931e+000 1.960762090e+000 
1.426584086e+000 1.988900304e+000 
1.329790926e+000 1.969831528e+000 
1.405303817e+000 1.985761251e+000 
1.327799018e+000 1.969224331e+000 
1.299312432e+000 1.959847887e+000 
1.270210781e+000 1.946302649e+000 
1.372950028e+000 1.980278657e+000 
1.297590838e+000 1.959077278e+000 
1.372677196e+000 1.980041248e+000 
1.372079894e+000 1.980021901e+000 
1.455431006e+000 1.992388971e+000 
1.326681487e+000 1.968932855e+000 
1.491837362e+000 1.995503154e+000 
1.305343233e+000 1.961945853e+000 
1.629312055e+000 1.999984496e+000 
1.428633629e+000 1.989015282e+000 
1.360202593e+000 1.977355786e+000 
1.309018599e+000 1.963649233e+000 
1.302717459e+000 1.961251988e+000 
1.297869385e+000 1.959222364e+000 
1.298352638e+000 1.959620493e+000 
1.303458373e+000 1.961595411e+000 
1.351222182e+000 1.975286845e+000 
1.308604168e+000 1.963353036e+000 
1.482075796e+000 1.994752139e+000 
1.361848328e+000 1.977457739e+000 
1.305509067e+000 1.962164078e+000 
1.300734808e+000 1.960521972e+000 
1.299843346e+000 1.960372519e+000 
1.305966024e+000 1.962397017e+000 
1.301490384e+000 1.960809980e+000 
1.546720270e+000 1.998114683e+000 
1.306506349e+000 1.962852389e+000 
1.541680075e+000 1.998039625e+000 
1.304097820e+000 1.961927784e+000 
1.515205359e+000 1.996608546e+000 
1.545792695e+000 1.998080432e+000 
1.514102753e+000 1.996392970e+000 
1.295777087e+000 1.958620803e+000 
1.511471456e+000 1.996348521e+000 
1.537619524e+000 1.997827994e+000 
1.407721334e+000 1.986120194e+000 
1.626102559e+000 1.999882759e+000 
1.505997267e+000 1.996054661e+000 
1.407545168e+000 1.986090605e+000 
1.451019182e+000 1.991709451e+000 
1.530842675e+000 1.997451198e+000 
1.539500397e+000 1.998005786e+000 
1.601037859e+000 1.999571491e+000 
1.408711820e+000 1.986415652e+000 
1.411405466e+000 1.986664419e+000 
1.623889419e+000 1.999874544e+000 
1.621405176e+000 1.999848164e+000 
1.401362213e+000 1.985358606e+000 
1.399629553e+000 1.984991685e+000 
1.402786843e+000 1.985549982e+000 
1.401182004e+000 1.985100605e+000 
1.390287872e+000 1.983360862e+000 
1.388031109e+000 1.983312309e+000 
1.533080712e+000 1.997529073e+000 
1.624978250e+000 1.999882424e+000 
1.394576998e+000 1.984207147e+000 
1.396702969e+000 1.984503569e+000 
1.563890526e+000 1.998824990e+000 
1.537603599e+000 1.997821588e+000 
1.510206404e+000 1.996212458e+000 
1.419118659e+000 1.987832926e+000 
1.621209415e+000 1.999835898e+000 
1.524933854e+000 1.997219138e+000 
1.487275893e+000 1.995115752e+000 
1.485592710e+000 1.995011524e+000 
1.496626823e+000 1.995656456e+000 
1.529058701e+000 1.997435847e+000 
1.502597825e+000 1.995949270e+000 
1.521850915e+000 1.997016264e+000 
1.498234984e+000 1.995660009e+000 
1.499488465e+000 1.995881325e+000 
1.506880292e+000 1.996153385e+000 
1.494988523e+000 1.995534052e+000 
1.505314211e+000 1.996019192e+000 
1.523232909e+000 1.997139412e+000 
1.609111887e+000 1.999665622e+000 
1.519419136e+000 1.996928290e+000 
1.477287240e+000 1.994467491e+000 
1.521405939e+000 1.996986804e+000 
1.535440926e+000 1.997600638e+000 
1.510975578e+000 1.996272404e+000 
1.486291669e+000 1.995092748e+000 
1.491141280e+000 1.995373222e+000 
1.487278087e+000 1.995364603e+000 
1.466596729e+000 1.993637756e+000 
1.468152359e+000 1.993693856e+000 
1.481026125e+000 1.994513848e+000 
1.463901813e+000 1.993367178e+000 
1.475950600e+000 1.994357894e+000 
1.473831769e+000 1.994313477e+000 
1.471051093e+000 1.994160230e+000 
1.413965397e+000 1.986875234e+000 
1.440567419e+000 1.990589078e+000 
1.439209410e+000 1.990344133e+000 
1.443578796e+000 1.990883866e+000 
1.436230662e+000 1.990102657e+000 
1.445294085e+000 1.991132090e+000 
1.619237824e+000 1.999689906e+000 
1.459243796e+000 1.992681256e+000 
1.461086793e+000 1.993077734e+000 
1.461571395e+000 1.993092294e+000 
1.597677680e+000 1.999520999e+000 
1.481766447e+000 1.994563109e+000 
1.594816112e+000 1.999451268e+000 
1.441316508e+000 1.990664615e+000 
1.596324489e+000 1.999519603e+000 
1.479923102e+000 1.994499848e+000 
1.560856016e+000 1.998661730e+000 
1.560376080e+000 1.998576606e+000 
1.572891642e+000 1.999077452e+000 
1.552537816e+000 1.998190164e+000 
1.572192653e+000 1.999015685e+000 
1.519089509e+000 1.996724913e+000 
1.557501968e+000 1.998568490e+000 
1.591843272e+000 1.999404517e+000 
1.589692807e+000 1.999331115e+000 
1.589986117e+000 1.999379445e+000 
1.579675837e+000 1.999225382e+000 
1.553659939e+000 1.998293516e+000 
1.583172146e+000 1.999285492e+000 
1.575948923e+000 1.999200743e+000 
1.567658370e+000 1.998921407e+000 
1.554323327e+000 1.998341625e+000 
1.549109647e+000 1.998117954e+000 
1.552263462e+000 1.998185525e+000 
1.587874585e+000 1.999303229e+000 
1.552929190e+000 1.998245281e+000 

