1.012402799e+000 1.079868077e+000 
1.013269675e+000 1.083304995e+000 
1.012662858e+000 1.080941026e+000 
1.011737133e+000 1.077192478e+000 
1.013996858e+000 1.085519363e+000 
1.015069291e+000 1.087868493e+000 
1.011767991e+000 1.077212676e+000 
1.013107257e+000 1.082945204e+000 
1.011845667e+000 1.078334190e+000 
1.012274350e+000 1.079439037e+000 
1.016048901e+000 1.089390861e+000 
1.014729473e+000 1.086896266e+000 
1.013538132e+000 1.084102857e+000 
1.013516460e+000 1.083858960e+000 
1.013850718e+000 1.084513252e+000 
1.016965929e+000 1.090858395e+000 
1.015758671e+000 1.088960088e+000 
1.016213710e+000 1.089673942e+000 
1.014941883e+000 1.087256049e+000 
1.183545818e+000 1.859715607e+000 
1.185593478e+000 1.861162232e+000 
1.186219685e+000 1.861789613e+000 
1.184814560e+000 1.860519702e+000 
1.184490487e+000 1.860203048e+000 
1.187249626e+000 1.862159494e+000 
1.184239380e+000 1.860185052e+000 
1.006976590e+000 1.017937137e+000 
1.007172766e+000 1.018310405e+000 
1.006043689e+000 1.017107869e+000 
1.007816495e+000 1.018813069e+000 
1.005665189e+000 1.016609223e+000 
1.007464722e+000 1.018493681e+000 
1.005932733e+000 1.017098552e+000 
1.005398303e+000 1.016254004e+000 
1.007839469e+000 1.018837402e+000 
1.006616455e+000 1.017907296e+000 
1.007601721e+000 1.018517268e+000 
1.006446274e+000 1.017604203e+000 
1.005762943e+000 1.017056560e+000 
1.005495400e+000 1.016565337e+000 
1.008348891e+000 1.019184738e+000 
1.006264897e+000 1.017540816e+000 
1.018525266e+000 1.155647681e+000 
1.018313446e+000 1.155493540e+000 
1.017893102e+000 1.154142804e+000 
1.019837758e+000 1.158394887e+000 
1.018961128e+000 1.156728609e+000 
1.019376371e+000 1.157256422e+000 
1.020318263e+000 1.159099534e+000 
1.019394263e+000 1.157307008e+000 
1.002040813e+000 1.003116834e+000 
1.002140689e+000 1.003119120e+000 
1.003960329e+000 1.003722692e+000 
1.002527882e+000 1.003433747e+000 
1.002341410e+000 1.003333290e+000 
1.002153757e+000 1.003223780e+000 
1.002241533e+000 1.003331004e+000 
1.003235345e+000 1.003557836e+000 
1.002458889e+000 1.003342010e+000 
1.002228465e+000 1.003226338e+000 
1.002323130e+000 1.003331009e+000 
1.003055963e+000 1.003539749e+000 
1.002939688e+000 1.003536639e+000 
1.002838607e+000 1.003528714e+000 
1.003159767e+000 1.003546974e+000 
1.002423006e+000 1.003334264e+000 
1.003771366e+000 1.003719772e+000 
1.002609479e+000 1.003434726e+000 
1.010548202e+000 1.042939877e+000 
1.011638085e+000 1.044545964e+000 
1.009650312e+000 1.041314098e+000 
1.009572034e+000 1.041256754e+000 
1.008492529e+000 1.038683792e+000 
1.009516759e+000 1.041202760e+000 
1.009970562e+000 1.042045203e+000 
1.009438481e+000 1.041143688e+000 
1.011086072e+000 1.043815468e+000 
1.009072673e+000 1.040419424e+000 
1.010414649e+000 1.042828539e+000 
1.008978713e+000 1.040283587e+000 
1.010874418e+000 1.043688639e+000 
1.011396216e+000 1.044021195e+000 
1.038318177e+000 1.704321715e+000 
1.049802153e+000 1.726201909e+000 
1.079858722e+000 1.770690822e+000 
1.139139996e+000 1.830883058e+000 
1.215743470e+000 1.883334841e+000 
1.027851196e+000 1.679353726e+000 
1.064813839e+000 1.749946859e+000 
1.087334271e+000 1.778436054e+000 
1.065054384e+000 1.750160303e+000 
1.088408806e+000 1.780405854e+000 
1.069315446e+000 1.756677553e+000 
1.075193848e+000 1.764649369e+000 
1.036785348e+000 1.700710855e+000 
1.105123531e+000 1.798379901e+000 
1.049536199e+000 1.726058799e+000 
1.107827575e+000 1.800211485e+000 
1.190112537e+000 1.865670956e+000 
1.062896884e+000 1.747027952e+000 
1.134366242e+000 1.826426201e+000 
1.029784224e+000 1.684524055e+000 
1.098471630e+000 1.791819922e+000 
1.200979267e+000 1.873041074e+000 
1.026632716e+000 1.675576075e+000 
1.035320842e+000 1.697654965e+000 
1.217610305e+000 1.885543206e+000 
1.112555328e+000 1.806171197e+000 
1.025716914e+000 1.672876524e+000 
1.032887882e+000 1.692083999e+000 
1.023861541e+000 1.667003026e+000 
1.122558775e+000 1.815730103e+000 
1.030014829e+000 1.685300424e+000 
1.065516377e+000 1.751068500e+000 
1.026818801e+000 1.676093793e+000 
1.022608456e+000 1.662291586e+000 
1.028284951e+000 1.680432925e+000 
1.037232497e+000 1.702388970e+000 
1.036218476e+000 1.700693191e+000 
1.108490138e+000 1.802044414e+000 
1.033454456e+000 1.693741573e+000 
1.060356166e+000 1.743291983e+000 
1.130740110e+000 1.822943231e+000 
1.043639434e+000 1.715661469e+000 
1.058026681e+000 1.740100470e+000 
1.023451126e+000 1.665524395e+000 
1.100673524e+000 1.792965612e+000 
1.059141748e+000 1.741494715e+000 
1.032273824e+000 1.690810469e+000 
1.187378869e+000 1.863931675e+000 
1.025592183e+000 1.672297875e+000 
1.190262984e+000 1.865924353e+000 
1.089170856e+000 1.781721346e+000 
1.199300722e+000 1.872152627e+000 
1.112039349e+000 1.804830029e+000 
1.048755734e+000 1.725096102e+000 
1.046968775e+000 1.722053111e+000 
1.102647741e+000 1.795884912e+000 
1.056301448e+000 1.737222745e+000 
1.092438952e+000 1.785584593e+000 
1.029430943e+000 1.683607875e+000 
1.192138454e+000 1.868126089e+000 
1.071086202e+000 1.758363286e+000 
1.073466728e+000 1.762196555e+000 
1.026943708e+000 1.676875911e+000 
1.096844651e+000 1.789454178e+000 
1.071608267e+000 1.759417375e+000 
1.082280524e+000 1.773820704e+000 
1.045118362e+000 1.718900750e+000 
1.116290894e+000 1.809825098e+000 
1.078231701e+000 1.768761103e+000 
1.072726234e+000 1.761011116e+000 
1.079512209e+000 1.770509828e+000 
1.218433149e+000 1.886221285e+000 
1.191367487e+000 1.867853686e+000 
1.150401962e+000 1.838698869e+000 
1.231455821e+000 1.891388860e+000 
1.232979613e+000 1.891672164e+000 
1.041882829e+000 1.712134297e+000 
1.078934239e+000 1.769882743e+000 
1.055032438e+000 1.735266591e+000 
1.064179015e+000 1.749096998e+000 
1.130891682e+000 1.824368029e+000 
1.038411918e+000 1.704914392e+000 
1.111306448e+000 1.803691670e+000 
1.051731454e+000 1.730179350e+000 
1.066444714e+000 1.752314398e+000 
1.031116923e+000 1.687777982e+000 
1.040934903e+000 1.710686975e+000 
1.233682154e+000 1.893265280e+000 
1.033617098e+000 1.694271741e+000 
1.050837406e+000 1.728422301e+000 
1.054384493e+000 1.734303837e+000 
1.141781137e+000 1.833040226e+000 
1.037759591e+000 1.703858356e+000 
1.146465713e+000 1.836982958e+000 
1.047328413e+000 1.722229242e+000 
1.198007895e+000 1.871468270e+000 
1.094565663e+000 1.786902287e+000 
1.035904413e+000 1.699603059e+000 
1.137780072e+000 1.829720487e+000 
1.039846900e+000 1.708108694e+000 
1.043268578e+000 1.715130352e+000 
1.044517410e+000 1.717553285e+000 
1.042236109e+000 1.713050477e+000 
1.132527528e+000 1.826060993e+000 
1.039062103e+000 1.706460104e+000 
1.026785361e+000 1.675770332e+000 
1.057283288e+000 1.738715536e+000 
1.048050761e+000 1.723872301e+000 
1.048360882e+000 1.724309116e+000 
1.055693008e+000 1.736497116e+000 
1.054768080e+000 1.734831091e+000 
1.083932680e+000 1.775942014e+000 
1.051275170e+000 1.729339067e+000 
1.082983062e+000 1.774942344e+000 
1.128791962e+000 1.822478867e+000 
1.217414607e+000 1.885112029e+000 
1.020991248e+000 1.654027042e+000 
1.020580833e+000 1.652548411e+000 
1.138925148e+000 1.830575859e+000 
1.020859295e+000 1.653834619e+000 
1.024233583e+000 1.667764309e+000 
1.023707452e+000 1.666101627e+000 
1.023106789e+000 1.663967467e+000 
1.151418816e+000 1.840904177e+000 
1.021476714e+000 1.656037365e+000 
1.021887129e+000 1.657515996e+000 
1.140106791e+000 1.831440751e+000 
1.097293760e+000 1.790043838e+000 
1.139954795e+000 1.831391185e+000 
1.200259632e+000 1.872605344e+000 
1.105782926e+000 1.798758845e+000 
1.198986352e+000 1.871848961e+000 
1.095512494e+000 1.787634702e+000 
1.104959565e+000 1.797921450e+000 
1.197055645e+000 1.871440597e+000 
1.215752644e+000 1.883838447e+000 
1.136356120e+000 1.828271614e+000 
1.213868630e+000 1.882250247e+000 
1.135853475e+000 1.828011236e+000 
1.143211144e+000 1.834689125e+000 
1.022397342e+000 1.659456129e+000 
1.220080404e+000 1.886690140e+000 
1.212404620e+000 1.880810833e+000 
1.188184260e+000 1.864670688e+000 
1.127734413e+000 1.821009807e+000 
1.067359048e+000 1.753319417e+000 
1.118512514e+000 1.812215027e+000 
1.123962666e+000 1.817447555e+000 
1.189332579e+000 1.865529588e+000 
1.121469845e+000 1.814613319e+000 
1.062465248e+000 1.746585242e+000 
1.226675397e+000 1.888382538e+000 
1.166459286e+000 1.851917041e+000 
1.120022960e+000 1.813432071e+000 
1.216906064e+000 1.884432398e+000 
1.077091157e+000 1.766571519e+000 
1.221603387e+000 1.886779749e+000 
1.164226548e+000 1.851062105e+000 
1.162915634e+000 1.849921238e+000 
1.124155565e+000 1.818193678e+000 
1.170897024e+000 1.855597560e+000 
1.171366515e+000 1.856289848e+000 
1.097135454e+000 1.789590299e+000 
1.172047409e+000 1.856740912e+000 
1.208579165e+000 1.879143906e+000 
1.208068728e+000 1.879079185e+000 
1.169310573e+000 1.855051336e+000 
1.179068976e+000 1.859610615e+000 
1.164946045e+000 1.851874691e+000 
1.202648301e+000 1.874470806e+000 
1.114425267e+000 1.807163587e+000 
1.195308750e+000 1.869644478e+000 
1.157634218e+000 1.844981443e+000 
1.163610991e+000 1.850141551e+000 
1.161366222e+000 1.848019048e+000 
1.115681517e+000 1.808465329e+000 
1.168353208e+000 1.854147257e+000 
1.167834060e+000 1.853819519e+000 
1.226833438e+000 1.888475756e+000 
1.230053969e+000 1.889535812e+000 
1.154777455e+000 1.842843883e+000 
1.154025301e+000 1.841842129e+000 
1.154619290e+000 1.842157630e+000 
1.001766602e+000 1.000513276e+000 
1.001515418e+000 1.000502995e+000 
1.001006113e+000 1.000479269e+000 
1.001374471e+000 1.000501632e+000 
1.001096671e+000 1.000479534e+000 
1.001030275e+000 1.000479301e+000 
1.001278152e+000 1.000491337e+000 
1.000714339e+000 1.000455254e+000 
1.000613174e+000 1.000443614e+000 
1.001790764e+000 1.000513308e+000 
1.001740882e+000 1.000504356e+000 
1.001092896e+000 1.000479418e+000 
1.001879092e+000 1.000517164e+000 
1.001171221e+000 1.000480664e+000 
1.001751687e+000 1.000504487e+000 
1.000825546e+000 1.000467366e+000 
1.001539580e+000 1.000503027e+000 
1.001002000e+000 1.000468526e+000 
1.001302314e+000 1.000491368e+000 
1.001193904e+000 1.000489729e+000 
1.001013434e+000 1.000479284e+000 
1.001413150e+000 1.000502045e+000 
1.001832291e+000 1.000514491e+000 
1.001398633e+000 1.000501663e+000 
1.001837201e+000 1.000514651e+000 
1.000643754e+000 1.000444945e+000 
1.001120832e+000 1.000479566e+000 
1.000916104e+000 1.000467631e+000 
1.000756314e+000 1.000455708e+000 
1.001695159e+000 1.000503074e+000 
1.000564984e+000 1.000443131e+000 
1.000708124e+000 1.000455225e+000 
1.001697380e+000 1.000503976e+000 
1.008489373e+000 1.037653170e+000 
1.000051818e+000 1.000070122e+000 
1.000358718e+000 1.000075020e+000 
1.000533161e+000 1.000077142e+000 
1.000224757e+000 1.000074753e+000 
1.000527571e+000 1.000075392e+000 
1.000055534e+000 1.000072417e+000 
1.000189495e+000 1.000072684e+000 
1.000354625e+000 1.000074883e+000 
1.000408679e+000 1.000075253e+000 
1.000000001e+000 1.000069917e+000 
1.000026735e+000 1.000069967e+000 
1.004021141e+000 1.008912290e+000 
1.004214399e+000 1.009428857e+000 
1.005268410e+000 1.010388668e+000 
1.004860146e+000 1.010142631e+000 
1.005348088e+000 1.010389919e+000 
1.004215358e+000 1.009428882e+000 
1.004022100e+000 1.008912315e+000 
1.004648472e+000 1.009930720e+000 
1.004668655e+000 1.010109531e+000 
1.004171326e+000 1.009373351e+000 
1.004326212e+000 1.009460707e+000 
1.004420058e+000 1.009862534e+000 
1.004536660e+000 1.009898869e+000 
1.005156597e+000 1.010356818e+000 
1.004348872e+000 1.009605425e+000 
1.244955207e+000 1.902768839e+000 
1.380175774e+000 1.970175552e+000 
1.381576613e+000 1.971229436e+000 
1.337136639e+000 1.954383043e+000 
1.249625947e+000 1.906290857e+000 
1.676228688e+000 2.000000000e+000 
1.370703173e+000 1.969503350e+000 
1.292064615e+000 1.933580973e+000 
1.313418209e+000 1.944225361e+000 
1.250797377e+000 1.906309065e+000 
1.243734721e+000 1.902463611e+000 
1.332417125e+000 1.953169005e+000 
1.385893411e+000 1.972983896e+000 
1.330456140e+000 1.952335682e+000 
1.400517049e+000 1.975706838e+000 
1.337377653e+000 1.954550847e+000 
1.314599684e+000 1.944606760e+000 
1.298381981e+000 1.936831624e+000 
1.375342228e+000 1.970138114e+000 
1.266668874e+000 1.918615429e+000 
1.271837386e+000 1.921957731e+000 
1.416482415e+000 1.979175227e+000 
1.370085489e+000 1.969342376e+000 
1.392191428e+000 1.973593941e+000 
1.263300206e+000 1.916915368e+000 
1.267198019e+000 1.919238991e+000 
1.275972161e+000 1.923883705e+000 
1.372914271e+000 1.969921083e+000 
1.272476268e+000 1.922751943e+000 
1.248014374e+000 1.906032025e+000 
1.294311146e+000 1.935153958e+000 
1.310419662e+000 1.942218692e+000 
1.277250334e+000 1.925186827e+000 
1.292610705e+000 1.933850223e+000 
1.325319273e+000 1.949667423e+000 
1.257806104e+000 1.911665487e+000 
1.304446365e+000 1.939810861e+000 
1.278378480e+000 1.925682323e+000 
1.317777647e+000 1.946952230e+000 
1.267789046e+000 1.919834529e+000 
1.273531802e+000 1.923251496e+000 
1.242693093e+000 1.902281528e+000 
1.276441334e+000 1.924615221e+000 
1.321336459e+000 1.948018929e+000 
1.313000281e+000 1.943767713e+000 
1.260927231e+000 1.915037387e+000 
1.530955926e+000 1.995627682e+000 
1.302852653e+000 1.939198238e+000 
1.495055893e+000 1.993465409e+000 
1.257420065e+000 1.911625982e+000 
1.243545051e+000 1.902322064e+000 
1.247915848e+000 1.905444870e+000 
1.321134824e+000 1.947689194e+000 
1.380198252e+000 1.970261607e+000 
1.262120396e+000 1.916607129e+000 
1.247284464e+000 1.904556749e+000 
1.315137928e+000 1.944993857e+000 
1.321681540e+000 1.948408326e+000 
1.318324363e+000 1.947542393e+000 
1.260066558e+000 1.914826210e+000 
1.253980066e+000 1.909306095e+000 
1.258869330e+000 1.914105632e+000 
1.234720758e+000 1.894771779e+000 
1.251814043e+000 1.908621874e+000 
1.380444091e+000 1.970621806e+000 
1.382261246e+000 1.971532439e+000 
1.367844944e+000 1.968223525e+000 
1.366081943e+000 1.967772099e+000 
1.384663173e+000 1.971809095e+000 
1.253844166e+000 1.908859951e+000 
1.247764451e+000 1.905151358e+000 
1.450435143e+000 1.986729077e+000 
1.265246306e+000 1.918003958e+000 
1.234624147e+000 1.894072876e+000 
1.447556885e+000 1.986162747e+000 
1.237474196e+000 1.895661143e+000 
1.450531599e+000 1.987542859e+000 
1.312803514e+000 1.943729552e+000 
1.251645992e+000 1.907706711e+000 
1.233707554e+000 1.893906423e+000 
1.345106997e+000 1.959179096e+000 
1.270510906e+000 1.920843513e+000 
1.454559246e+000 1.987713725e+000 
1.316258413e+000 1.945056296e+000 
1.316621518e+000 1.946916946e+000 
1.254245144e+000 1.910491326e+000 
1.360214645e+000 1.964673763e+000 
1.237980630e+000 1.896544304e+000 
1.238239940e+000 1.898053380e+000 
1.258315564e+000 1.912597956e+000 
1.670001777e+000 1.999998831e+000 
1.351499405e+000 1.960895636e+000 
1.350251922e+000 1.960721460e+000 
1.258709609e+000 1.912735252e+000 
1.416771524e+000 1.979526328e+000 
1.257888533e+000 1.912379875e+000 
1.364748973e+000 1.966914670e+000 
1.400846488e+000 1.976163931e+000 
1.338030071e+000 1.954964305e+000 
1.347730155e+000 1.959892008e+000 
1.245649398e+000 1.903747570e+000 
1.291164700e+000 1.932895699e+000 
1.288668615e+000 1.931300500e+000 
1.666019034e+000 1.999969194e+000 
1.289781111e+000 1.932402170e+000 
1.288634822e+000 1.931172034e+000 
1.239898513e+000 1.898557916e+000 
1.354808436e+000 1.962814486e+000 
1.301403615e+000 1.938234316e+000 
1.546273352e+000 1.996955506e+000 
1.303786121e+000 1.939585927e+000 
1.611437045e+000 1.998554624e+000 
1.277229049e+000 1.924756326e+000 
1.242042114e+000 1.900482628e+000 
1.338637102e+000 1.955067814e+000 
1.240952998e+000 1.899106822e+000 
1.298191454e+000 1.936554078e+000 
1.363432777e+000 1.966336734e+000 
1.544542272e+000 1.996817275e+000 
1.607636229e+000 1.998459362e+000 
1.238807564e+000 1.898318318e+000 
1.269671178e+000 1.920571283e+000 
1.287338663e+000 1.930943116e+000 
1.235500811e+000 1.895417885e+000 
1.356348116e+000 1.963649991e+000 
1.355246041e+000 1.963111391e+000 
1.328240459e+000 1.951236688e+000 
1.607498051e+000 1.998397473e+000 
1.353716611e+000 1.962708652e+000 
1.261610035e+000 1.915440489e+000 
1.400587029e+000 1.975923751e+000 
1.358501270e+000 1.964307417e+000 
1.282836066e+000 1.928038425e+000 
1.521969927e+000 1.995625784e+000 
1.459871459e+000 1.988858341e+000 
1.519956456e+000 1.995583165e+000 
1.471432347e+000 1.990091866e+000 
1.460685716e+000 1.988952139e+000 
1.279675367e+000 1.925988177e+000 
1.281535677e+000 1.927567730e+000 
1.398656679e+000 1.975271365e+000 
1.461461226e+000 1.989883802e+000 
1.456684877e+000 1.988673329e+000 
1.512542963e+000 1.995010119e+000 
1.301273912e+000 1.937907332e+000 
1.472455721e+000 1.990758978e+000 
1.323046750e+000 1.948939374e+000 
1.501216643e+000 1.994298956e+000 
1.508675102e+000 1.994962839e+000 
1.516795186e+000 1.995015387e+000 
1.508569684e+000 1.994897515e+000 
1.618748006e+000 1.998844557e+000 
1.475649052e+000 1.990996643e+000 
1.503444982e+000 1.994565460e+000 
1.538237718e+000 1.996616821e+000 
1.499884380e+000 1.994199576e+000 
1.335817730e+000 1.954087231e+000 
1.495489763e+000 1.993826573e+000 
1.299244137e+000 1.937262740e+000 
1.291903203e+000 1.933092504e+000 
1.288871887e+000 1.932351968e+000 
1.410832513e+000 1.977986058e+000 
1.295248768e+000 1.935291243e+000 
1.502329887e+000 1.994485921e+000 
1.280710746e+000 1.927097863e+000 
1.419538347e+000 1.981172532e+000 
1.394718434e+000 1.974606991e+000 
1.419275920e+000 1.980509738e+000 
1.286075649e+000 1.929729439e+000 
1.435826199e+000 1.984671266e+000 
1.546998733e+000 1.997112158e+000 
1.545548580e+000 1.996885692e+000 
1.437454616e+000 1.984674064e+000 
1.421848310e+000 1.981899592e+000 
1.544625207e+000 1.996848507e+000 
1.533274207e+000 1.996144467e+000 
1.517824196e+000 1.995524283e+000 
1.335352166e+000 1.954011512e+000 
1.334164171e+000 1.953907002e+000 
1.389286554e+000 1.973488970e+000 
1.360355464e+000 1.965336068e+000 
1.419891101e+000 1.981404556e+000 
1.645841658e+000 1.999581056e+000 
1.339406881e+000 1.955260760e+000 
1.324257271e+000 1.949067934e+000 
1.438847840e+000 1.985116933e+000 
1.664140992e+000 1.999868794e+000 
1.531173826e+000 1.995822948e+000 
1.398881102e+000 1.975297718e+000 
1.397685022e+000 1.975246034e+000 
1.388168252e+000 1.973113437e+000 
1.329971343e+000 1.952107392e+000 
1.329135264e+000 1.952029514e+000 
1.429029320e+000 1.982419092e+000 
1.315213784e+000 1.945040695e+000 
1.433274225e+000 1.984083463e+000 
1.534832183e+000 1.996396207e+000 
1.403180416e+000 1.976744061e+000 
1.406087239e+000 1.977605361e+000 
1.409132024e+000 1.977951138e+000 
1.533544059e+000 1.996328052e+000 
1.415315507e+000 1.978922738e+000 
1.405043136e+000 1.976859621e+000 
1.396175820e+000 1.974861670e+000 
1.307311863e+000 1.940523930e+000 
1.309730834e+000 1.942205340e+000 
1.347336803e+000 1.959224875e+000 
1.343731081e+000 1.957757789e+000 
1.341405843e+000 1.956312456e+000 
1.342161239e+000 1.956887835e+000 
1.381331680e+000 1.970951063e+000 
1.467008358e+000 1.989937374e+000 
1.328033753e+000 1.950786503e+000 
1.308853724e+000 1.941368016e+000 
1.308043143e+000 1.941328979e+000 
1.309200507e+000 1.942175052e+000 
1.297440214e+000 1.935956883e+000 
1.650376303e+000 1.999815690e+000 
1.655787431e+000 1.999845565e+000 
1.448892027e+000 1.986678436e+000 
1.480594931e+000 1.992058870e+000 
1.449539974e+000 1.986696843e+000 
1.611518783e+000 1.998693453e+000 
1.614509979e+000 1.998794761e+000 
1.485856885e+000 1.992399981e+000 
1.532052350e+000 1.995941591e+000 
1.624399120e+000 1.998863311e+000 
1.491380137e+000 1.993012774e+000 
1.531496996e+000 1.995872373e+000 
1.479606093e+000 1.991903359e+000 
1.456631735e+000 1.988213723e+000 
1.477218428e+000 1.991326646e+000 
1.489843430e+000 1.992874157e+000 
1.486790314e+000 1.992604498e+000 
1.478814659e+000 1.991651332e+000 
1.479516525e+000 1.991899556e+000 
1.558075344e+000 1.997311828e+000 
1.442775297e+000 1.985411319e+000 
1.440353318e+000 1.985252052e+000 
1.555182094e+000 1.997222489e+000 
1.566198291e+000 1.997450617e+000 
1.641635129e+000 1.999518704e+000 
1.427132770e+000 1.982260166e+000 
1.571000976e+000 1.997623598e+000 
1.577656158e+000 1.998212424e+000 
1.574857959e+000 1.997694874e+000 
1.598698725e+000 1.998327779e+000 
1.576633375e+000 1.997743333e+000 
1.580592276e+000 1.998254996e+000 
1.570495066e+000 1.997510729e+000 
1.640531861e+000 1.999280901e+000 
1.638107705e+000 1.999112752e+000 
1.637823969e+000 1.999067354e+000 
1.638150698e+000 1.999149767e+000 
1.633640227e+000 1.998991348e+000 
1.631270343e+000 1.998971117e+000 
1.627702383e+000 1.998867402e+000 

