1.025568894e+000 1.080806372e+000 
1.025309082e+000 1.080102668e+000 
1.025422074e+000 1.080635902e+000 
1.031601048e+000 1.087090488e+000 
1.027161620e+000 1.083105500e+000 
1.025859653e+000 1.081115211e+000 
1.026843997e+000 1.082570067e+000 
1.026379442e+000 1.081849180e+000 
1.031173173e+000 1.086850425e+000 
1.029853873e+000 1.085833177e+000 
1.030367693e+000 1.086216932e+000 
1.027847360e+000 1.083691007e+000 
1.030386001e+000 1.086233774e+000 
1.027829052e+000 1.083676278e+000 
1.027953082e+000 1.083714790e+000 
1.032947147e+000 1.123523867e+000 
1.032190769e+000 1.122793442e+000 
1.032898624e+000 1.123306908e+000 
1.032062501e+000 1.122657827e+000 
1.015934977e+000 1.023517707e+000 
1.015435489e+000 1.023090836e+000 
1.014524586e+000 1.022001708e+000 
1.016294413e+000 1.023629788e+000 
1.015494545e+000 1.023203502e+000 
1.015187091e+000 1.022463862e+000 
1.014236129e+000 1.021575803e+000 
1.014501074e+000 1.021639128e+000 
1.014003594e+000 1.021463137e+000 
1.015313555e+000 1.022700684e+000 
1.014710234e+000 1.022351196e+000 
1.015069670e+000 1.022463277e+000 
1.038135165e+000 1.148713463e+000 
1.039591258e+000 1.150318548e+000 
1.037106736e+000 1.147719790e+000 
1.036601990e+000 1.147000918e+000 
1.036985804e+000 1.147554789e+000 
1.039089315e+000 1.149917183e+000 
1.040596793e+000 1.151379203e+000 
1.040148146e+000 1.151066530e+000 
1.038542241e+000 1.149318345e+000 
1.039315864e+000 1.150213997e+000 
1.038874325e+000 1.149841625e+000 
1.000922707e+000 1.000192102e+000 
1.001110646e+000 1.000197842e+000 
1.000669140e+000 1.000186157e+000 
1.000826307e+000 1.000191897e+000 
1.000811895e+000 1.000191824e+000 
1.000919213e+000 1.000192025e+000 
1.000657442e+000 1.000181449e+000 
1.001025798e+000 1.000196965e+000 
1.000687881e+000 1.000186167e+000 
1.000735246e+000 1.000190773e+000 
1.000754214e+000 1.000191267e+000 
1.001052745e+000 1.000197557e+000 
1.000972342e+000 1.000192315e+000 
1.000982979e+000 1.000196662e+000 
1.002084236e+000 1.002404008e+000 
1.002906244e+000 1.002539887e+000 
1.002512688e+000 1.002495933e+000 
1.003001124e+000 1.002581301e+000 
1.002655536e+000 1.002527125e+000 
1.001956278e+000 1.002398993e+000 
1.001900444e+000 1.002379559e+000 
1.002807641e+000 1.002533889e+000 
1.002728212e+000 1.002528113e+000 
1.002315917e+000 1.002452408e+000 
1.002745662e+000 1.002531840e+000 
1.002857881e+000 1.002538085e+000 
1.002124807e+000 1.002443953e+000 
1.002883284e+000 1.002538468e+000 
1.002611291e+000 1.002501926e+000 
1.002784681e+000 1.002532471e+000 
1.002803855e+000 1.002532688e+000 
1.002844265e+000 1.002537837e+000 
1.002875493e+000 1.002538268e+000 
1.029513003e+000 1.084530197e+000 
1.029839378e+000 1.084552082e+000 
1.000033048e+000 1.000000131e+000 
1.000048767e+000 1.000000132e+000 
1.000027190e+000 1.000000001e+000 
1.000223532e+000 1.000000399e+000 
1.000264131e+000 1.000000440e+000 
1.000119779e+000 1.000000278e+000 
1.000000000e+000 1.000000000e+000 
1.000070328e+000 1.000000162e+000 
1.000286847e+000 1.000000451e+000 
1.041021196e+000 1.174378211e+000 
1.040632949e+000 1.173311907e+000 
1.040911481e+000 1.174278836e+000 
1.042107556e+000 1.176064702e+000 
1.024992890e+000 1.048212475e+000 
1.016712531e+000 1.041827972e+000 
1.018743582e+000 1.044253726e+000 
1.021752408e+000 1.046101243e+000 
1.019612848e+000 1.044880348e+000 
1.016385422e+000 1.041336731e+000 
1.017550234e+000 1.043327712e+000 
1.018911406e+000 1.044282445e+000 
1.020601965e+000 1.045378721e+000 
1.016488648e+000 1.041819515e+000 
1.018563611e+000 1.044170288e+000 
1.020024636e+000 1.045012055e+000 
1.017801973e+000 1.043404926e+000 
1.018185438e+000 1.043881536e+000 
1.022708315e+000 1.046837126e+000 
1.023304414e+000 1.047053234e+000 
1.022047109e+000 1.046437183e+000 
1.021318352e+000 1.046088344e+000 
1.024446318e+000 1.047854112e+000 
1.023559757e+000 1.047300196e+000 
1.001866051e+000 1.000713181e+000 
1.001207099e+000 1.000655690e+000 
1.001657452e+000 1.000711210e+000 
1.001487689e+000 1.000710263e+000 
1.001280896e+000 1.000671830e+000 
1.001688930e+000 1.000711929e+000 
1.001750016e+000 1.000712526e+000 
1.001377215e+000 1.000692353e+000 
1.001128317e+000 1.000637641e+000 
1.001202113e+000 1.000653781e+000 
1.001807364e+000 1.000712876e+000 
1.001355075e+000 1.000674448e+000 
1.006493407e+000 1.006094363e+000 
1.007080175e+000 1.006155047e+000 
1.011880056e+000 1.006835194e+000 
1.005868547e+000 1.005936595e+000 
1.009273534e+000 1.006479179e+000 
1.005795704e+000 1.005884663e+000 
1.010320988e+000 1.006624860e+000 
1.007319253e+000 1.006182147e+000 
1.009963401e+000 1.006604239e+000 
1.008264501e+000 1.006310602e+000 
1.011380395e+000 1.006766884e+000 
1.005991092e+000 1.005943001e+000 
1.013147884e+000 1.006946127e+000 
1.008670909e+000 1.006400102e+000 
1.005693249e+000 1.005828983e+000 
1.011518693e+000 1.006772621e+000 
1.011701117e+000 1.006775342e+000 
1.007240148e+000 1.006180609e+000 
1.006241951e+000 1.006052774e+000 
1.006401924e+000 1.006078337e+000 
1.006372019e+000 1.006068983e+000 
1.005938905e+000 1.005939195e+000 
1.005519733e+000 1.005640698e+000 
1.005847891e+000 1.005888469e+000 
1.005641062e+000 1.005825177e+000 
1.011291808e+000 1.006763208e+000 
1.013676977e+000 1.006996903e+000 
1.013214141e+000 1.006954068e+000 
1.010746908e+000 1.006692651e+000 
1.007026454e+000 1.006147763e+000 
1.008999816e+000 1.006458455e+000 
1.008906525e+000 1.006428144e+000 
1.008607381e+000 1.006363723e+000 
1.007445390e+000 1.006245483e+000 
1.009767225e+000 1.006564204e+000 
1.008463718e+000 1.006357048e+000 
1.013324792e+000 1.006967400e+000 
1.009672424e+000 1.006534932e+000 
1.013573624e+000 1.006994401e+000 
1.034604989e+000 1.126147937e+000 
1.033937944e+000 1.124813113e+000 
1.033545839e+000 1.124324334e+000 
1.036173105e+000 1.128019089e+000 
1.034521661e+000 1.125925844e+000 
1.036536464e+000 1.128607877e+000 
1.036342098e+000 1.128377537e+000 
1.035837093e+000 1.127750766e+000 
1.035145510e+000 1.127125335e+000 
1.003277846e+000 1.004979897e+000 
1.003641132e+000 1.005022696e+000 
1.004015567e+000 1.005152780e+000 
1.004264348e+000 1.005255654e+000 
1.003754875e+000 1.005119561e+000 
1.004482102e+000 1.005315728e+000 
1.003910153e+000 1.005121316e+000 
1.005101280e+000 1.005394351e+000 
1.004064306e+000 1.005213972e+000 
1.004212800e+000 1.005223010e+000 
1.004660776e+000 1.005335788e+000 
1.003634807e+000 1.004995390e+000 
1.004620334e+000 1.005333834e+000 
1.005122465e+000 1.005429270e+000 
1.057561125e+000 1.885692815e+000 
1.073326246e+000 1.898186638e+000 
1.043641554e+000 1.869015222e+000 
1.087916521e+000 1.906872753e+000 
1.043105625e+000 1.868426400e+000 
1.055527758e+000 1.883347557e+000 
1.104376714e+000 1.916311904e+000 
1.166530801e+000 1.938001636e+000 
1.043767217e+000 1.869247009e+000 
1.084155452e+000 1.904955682e+000 
1.109346852e+000 1.918819152e+000 
1.046542765e+000 1.873361558e+000 
1.058668626e+000 1.886594141e+000 
1.073948952e+000 1.898656296e+000 
1.057389845e+000 1.885587656e+000 
1.060273657e+000 1.888065763e+000 
1.078459736e+000 1.901298281e+000 
1.116187310e+000 1.921750366e+000 
1.159362530e+000 1.937050836e+000 
1.133186410e+000 1.928353727e+000 
1.169716477e+000 1.939699902e+000 
1.042212612e+000 1.866631463e+000 
1.056608983e+000 1.884224780e+000 
1.104009655e+000 1.916144853e+000 
1.257247236e+000 1.955357331e+000 
1.045845383e+000 1.872177324e+000 
1.057837043e+000 1.885931048e+000 
1.069898932e+000 1.895788753e+000 
1.069260825e+000 1.895168913e+000 
1.208493764e+000 1.947970685e+000 
1.058608919e+000 1.886511183e+000 
1.095885782e+000 1.911488013e+000 
1.046236294e+000 1.872520244e+000 
1.151287800e+000 1.934471326e+000 
1.054074744e+000 1.881759369e+000 
1.159110045e+000 1.936675923e+000 
1.059685687e+000 1.887728432e+000 
1.051768805e+000 1.879049929e+000 
1.259536201e+000 1.955700731e+000 
1.043287715e+000 1.868773349e+000 
1.260445800e+000 1.956144755e+000 
1.210462771e+000 1.948615268e+000 
1.153692378e+000 1.935219606e+000 
1.051290588e+000 1.878591471e+000 
1.059152730e+000 1.887120420e+000 
1.054846487e+000 1.882580459e+000 
1.074374636e+000 1.898742857e+000 
1.045129386e+000 1.871515450e+000 
1.107294749e+000 1.917668206e+000 
1.044618605e+000 1.871311054e+000 
1.046826816e+000 1.873762414e+000 
1.064410864e+000 1.891353339e+000 
1.063849785e+000 1.890891259e+000 
1.085283923e+000 1.905623813e+000 
1.042810216e+000 1.867913070e+000 
1.082826077e+000 1.904135580e+000 
1.124508356e+000 1.925055544e+000 
1.126780137e+000 1.925434589e+000 
1.064647777e+000 1.891523538e+000 
1.044042798e+000 1.869854072e+000 
1.147753886e+000 1.933050491e+000 
1.151587308e+000 1.934866359e+000 
1.192666612e+000 1.944840457e+000 
1.204865924e+000 1.947255978e+000 
1.151549126e+000 1.934497703e+000 
1.258344427e+000 1.955472428e+000 
1.208149712e+000 1.947861970e+000 
1.064528642e+000 1.891398521e+000 
1.048214491e+000 1.875340409e+000 
1.054482917e+000 1.882282647e+000 
1.055151132e+000 1.882932469e+000 
1.119520952e+000 1.923012171e+000 
1.086131963e+000 1.906261032e+000 
1.265356019e+000 1.956468714e+000 
1.043860201e+000 1.869446519e+000 
1.045454421e+000 1.872160282e+000 
1.067699507e+000 1.894032160e+000 
1.069135998e+000 1.895079632e+000 
1.068893857e+000 1.894959409e+000 
1.062954260e+000 1.890311536e+000 
1.077703698e+000 1.900841711e+000 
1.055644752e+000 1.883707244e+000 
1.053252591e+000 1.881028414e+000 
1.129769174e+000 1.927185104e+000 
1.083766266e+000 1.904830321e+000 
1.061660364e+000 1.889000822e+000 
1.065911293e+000 1.892418443e+000 
1.066115015e+000 1.892692666e+000 
1.047842567e+000 1.874899362e+000 
1.052354014e+000 1.879814201e+000 
1.054702244e+000 1.882482248e+000 
1.081838682e+000 1.903742985e+000 
1.120156462e+000 1.923301585e+000 
1.080463533e+000 1.902974538e+000 
1.119932907e+000 1.923125709e+000 
1.168453158e+000 1.939465703e+000 
1.124013518e+000 1.924831392e+000 
1.062222388e+000 1.889696372e+000 
1.193949073e+000 1.945250170e+000 
1.086130955e+000 1.906159397e+000 
1.063142571e+000 1.890573873e+000 
1.180772753e+000 1.941199450e+000 
1.116554369e+000 1.921917417e+000 
1.121380046e+000 1.923372189e+000 
1.122785272e+000 1.924279661e+000 
1.097265028e+000 1.912463518e+000 
1.099604121e+000 1.913623371e+000 
1.050694282e+000 1.878029842e+000 
1.050182569e+000 1.877459563e+000 
1.206715666e+000 1.947444855e+000 
1.150258277e+000 1.933938035e+000 
1.202561596e+000 1.946618028e+000 
1.200583770e+000 1.946532870e+000 
1.168348701e+000 1.939312794e+000 
1.078880076e+000 1.901786767e+000 
1.177663840e+000 1.940912618e+000 
1.192771069e+000 1.944993366e+000 
1.204548994e+000 1.947121001e+000 
1.193087999e+000 1.945128343e+000 
1.113147467e+000 1.919987540e+000 
1.080437942e+000 1.902868437e+000 
1.149148643e+000 1.933505601e+000 
1.048309667e+000 1.875474549e+000 
1.088832573e+000 1.907564562e+000 
1.259133110e+000 1.955615433e+000 
1.102259091e+000 1.915279805e+000 
1.101398946e+000 1.914801943e+000 
1.100019700e+000 1.913826437e+000 
1.048452974e+000 1.875538197e+000 
1.137038301e+000 1.929985910e+000 
1.049884268e+000 1.877087370e+000 
1.193965322e+000 1.945294315e+000 
1.122591780e+000 1.924089724e+000 
1.096301262e+000 1.911962294e+000 
1.089592826e+000 1.907914105e+000 
1.229985735e+000 1.952421691e+000 
1.129013889e+000 1.926930750e+000 
1.269392496e+000 1.956915099e+000 
1.128663392e+000 1.926707388e+000 
1.132644944e+000 1.928218266e+000 
1.096897913e+000 1.911998427e+000 
1.141254777e+000 1.931179901e+000 
1.146267956e+000 1.932526449e+000 
1.134058542e+000 1.928869238e+000 
1.139006775e+000 1.930485256e+000 
1.136215115e+000 1.929671746e+000 
1.171644399e+000 1.940274622e+000 
1.114093996e+000 1.920993845e+000 
1.070924540e+000 1.896274740e+000 
1.072470356e+000 1.897276550e+000 
1.094735071e+000 1.910855320e+000 
1.071610968e+000 1.896846247e+000 
1.149756757e+000 1.933923136e+000 
1.076464197e+000 1.900031318e+000 
1.150560702e+000 1.934246281e+000 
1.078223725e+000 1.901198146e+000 
1.134694052e+000 1.929158653e+000 
1.148098064e+000 1.933195292e+000 
1.093478742e+000 1.910296607e+000 
1.132126222e+000 1.927861725e+000 
1.266813105e+000 1.956598281e+000 
1.148965826e+000 1.933430495e+000 
1.068250320e+000 1.894169722e+000 
1.076657043e+000 1.900200973e+000 
1.107507581e+000 1.917775216e+000 
1.154829284e+000 1.935651552e+000 
1.107441380e+000 1.917773229e+000 
1.266840202e+000 1.956815943e+000 
1.095030437e+000 1.911105167e+000 
1.106256974e+000 1.917240616e+000 
1.100463654e+000 1.914129006e+000 
1.091071170e+000 1.908772492e+000 
1.094171828e+000 1.910745607e+000 
1.173794811e+000 1.940447569e+000 
1.094023801e+000 1.910573863e+000 
1.145346484e+000 1.932116925e+000 
1.198405764e+000 1.946204762e+000 
1.149237051e+000 1.933673848e+000 
1.184525085e+000 1.943083865e+000 
1.181803226e+000 1.942345887e+000 
1.181646760e+000 1.941984007e+000 
1.157538211e+000 1.936228267e+000 
1.208573894e+000 1.948147845e+000 
1.208675864e+000 1.948438629e+000 
1.216679023e+000 1.950004603e+000 
1.221314530e+000 1.950729421e+000 
1.217011396e+000 1.950132495e+000 
1.180837544e+000 1.941344230e+000 
1.218790346e+000 1.950266787e+000 
1.223952280e+000 1.951307966e+000 
1.190998760e+000 1.943911549e+000 
1.215807158e+000 1.949966536e+000 
1.241478536e+000 1.954557930e+000 
1.239711182e+000 1.954261259e+000 
1.237130398e+000 1.953787581e+000 
1.246428675e+000 1.954612860e+000 
1.251538371e+000 1.954912081e+000 
1.251828174e+000 1.954991860e+000 
1.251626267e+000 1.954976873e+000 
1.253504436e+000 1.955009461e+000 
1.308452828e+000 1.967300059e+000 
1.294627438e+000 1.964238014e+000 
1.297196626e+000 1.964965674e+000 
1.488845737e+000 1.992546527e+000 
1.301379642e+000 1.965613060e+000 
1.769110835e+000 2.000000000e+000 
1.300624271e+000 1.965106338e+000 
1.304653233e+000 1.965818951e+000 
1.301000517e+000 1.965516186e+000 
1.541581638e+000 1.995557225e+000 
1.768447039e+000 1.999991669e+000 
1.281811657e+000 1.960043697e+000 
1.276821255e+000 1.958731669e+000 
1.277747942e+000 1.958865401e+000 
1.768175099e+000 1.999987767e+000 
1.304728914e+000 1.966621130e+000 
1.275449562e+000 1.957791622e+000 
1.337405605e+000 1.973201986e+000 
1.274737093e+000 1.957347938e+000 
1.272320419e+000 1.957042469e+000 
1.272815355e+000 1.957060510e+000 
1.273472867e+000 1.957341580e+000 
1.306172825e+000 1.966823325e+000 
1.307466121e+000 1.966976373e+000 
1.276165009e+000 1.958240439e+000 
1.309386970e+000 1.967767417e+000 
1.486626888e+000 1.992501864e+000 
1.279406148e+000 1.959476796e+000 
1.586647370e+000 1.997258845e+000 
1.310034604e+000 1.967837467e+000 
1.483447353e+000 1.992201326e+000 
1.278356655e+000 1.958894066e+000 
1.275142898e+000 1.957451345e+000 
1.292035293e+000 1.962550489e+000 
1.293413893e+000 1.962845131e+000 
1.292669191e+000 1.962798366e+000 
1.476812611e+000 1.991988816e+000 
1.751951454e+000 1.999814305e+000 
1.464793346e+000 1.991015749e+000 
1.490431585e+000 1.992595956e+000 
1.473695565e+000 1.991713623e+000 
1.489820088e+000 1.992595461e+000 
1.467370001e+000 1.991283119e+000 
1.768073589e+000 1.999972234e+000 
1.472395229e+000 1.991669013e+000 
1.469835534e+000 1.991611862e+000 
1.491475596e+000 1.992646316e+000 
1.308047986e+000 1.967190373e+000 
1.378602924e+000 1.980600306e+000 
1.341156399e+000 1.974745393e+000 
1.326751290e+000 1.972030908e+000 
1.328535701e+000 1.972179243e+000 
1.766472519e+000 1.999964574e+000 
1.327078768e+000 1.972171206e+000 
1.330171760e+000 1.972581363e+000 
1.316893979e+000 1.969690801e+000 
1.338721684e+000 1.974199471e+000 
1.318510724e+000 1.970065184e+000 
1.760693752e+000 1.999945907e+000 
1.288744235e+000 1.962172492e+000 
1.283922865e+000 1.960963850e+000 
1.289715867e+000 1.962336215e+000 
1.290281708e+000 1.962538131e+000 
1.464359525e+000 1.990821240e+000 
1.324046157e+000 1.971285082e+000 
1.469207460e+000 1.991466130e+000 
1.332432069e+000 1.973192876e+000 
1.328765849e+000 1.972563026e+000 
1.287591770e+000 1.961741403e+000 
1.288446277e+000 1.962104840e+000 
1.339024667e+000 1.974433792e+000 
1.337445566e+000 1.973910517e+000 
1.319174308e+000 1.970305646e+000 
1.282561438e+000 1.960423773e+000 
1.282574487e+000 1.960546098e+000 
1.321868977e+000 1.970984239e+000 
1.466481286e+000 1.991143063e+000 
1.307603342e+000 1.967132829e+000 
1.310111772e+000 1.968366403e+000 
1.321943822e+000 1.971054930e+000 
1.285621591e+000 1.961191068e+000 
1.312466455e+000 1.968707670e+000 
1.320537798e+000 1.970786100e+000 
1.472957651e+000 1.991672837e+000 
1.314810917e+000 1.969552171e+000 
1.325302780e+000 1.971778317e+000 
1.324180922e+000 1.971505150e+000 
1.284715804e+000 1.960963979e+000 
1.314641303e+000 1.969188600e+000 
1.293824384e+000 1.963226798e+000 
1.375224742e+000 1.980397953e+000 
1.759571121e+000 1.999933023e+000 
1.303387068e+000 1.965777164e+000 
1.686456211e+000 1.999033820e+000 
1.749719863e+000 1.999776867e+000 
1.356312947e+000 1.977231759e+000 
1.749099208e+000 1.999758713e+000 
1.744787304e+000 1.999706998e+000 
1.744384134e+000 1.999682054e+000 
1.741403726e+000 1.999681134e+000 
1.727735040e+000 1.999525166e+000 
1.508492759e+000 1.993911452e+000 
1.354444531e+000 1.977032221e+000 
1.729158262e+000 1.999580436e+000 
1.486870471e+000 1.992538961e+000 
1.732874128e+000 1.999635138e+000 
1.734704769e+000 1.999660844e+000 
1.486005570e+000 1.992486255e+000 
1.376382558e+000 1.980444772e+000 
1.736993082e+000 1.999667877e+000 
1.373863499e+000 1.980158888e+000 
1.715577971e+000 1.999412996e+000 
1.732566909e+000 1.999582638e+000 
1.340715501e+000 1.974478455e+000 
1.343606197e+000 1.975065653e+000 
1.344906735e+000 1.975405238e+000 
1.344066704e+000 1.975149661e+000 
1.722185458e+000 1.999470035e+000 
1.370106618e+000 1.979568260e+000 
1.364363291e+000 1.978669907e+000 
1.364594297e+000 1.978705552e+000 
1.361800996e+000 1.978629538e+000 
1.367968518e+000 1.979250239e+000 
1.371560103e+000 1.979778981e+000 
1.358118551e+000 1.977792420e+000 
1.365430419e+000 1.979071995e+000 
1.357883215e+000 1.977653010e+000 
1.360393927e+000 1.978218409e+000 
1.377140750e+000 1.980563965e+000 
1.359436344e+000 1.978078999e+000 
1.720789429e+000 1.999419470e+000 
1.698748380e+000 1.999318902e+000 
1.348992739e+000 1.976015261e+000 
1.696615030e+000 1.999235152e+000 
1.352392206e+000 1.976594216e+000 
1.350721194e+000 1.976358654e+000 
1.691733397e+000 1.999131157e+000 
1.346578498e+000 1.975720029e+000 
1.711332154e+000 1.999382419e+000 
1.652958827e+000 1.998868984e+000 
1.693330799e+000 1.999144845e+000 
1.690845619e+000 1.999119542e+000 
1.652906165e+000 1.998849156e+000 
1.654875976e+000 1.998950958e+000 
1.616796152e+000 1.998277206e+000 
1.709261492e+000 1.999359945e+000 
1.687055174e+000 1.999114722e+000 
1.670892007e+000 1.998978762e+000 
1.671203871e+000 1.998980732e+000 
1.601216985e+000 1.997876638e+000 
1.600337404e+000 1.997790170e+000 
1.452672409e+000 1.989855281e+000 
1.593838357e+000 1.997723978e+000 
1.613870889e+000 1.998110847e+000 
1.642258065e+000 1.998749673e+000 
1.595094101e+000 1.997737808e+000 
1.670002817e+000 1.998964657e+000 
1.651138498e+000 1.998849029e+000 
1.615092121e+000 1.998136695e+000 
1.648609294e+000 1.998819777e+000 
1.614028823e+000 1.998120369e+000 
1.644006771e+000 1.998766899e+000 
1.457778870e+000 1.990216578e+000 
1.612211700e+000 1.998084799e+000 
1.631015185e+000 1.998616533e+000 
1.460006560e+000 1.990339164e+000 
1.511028987e+000 1.994197682e+000 
1.456757942e+000 1.990018385e+000 
1.631666698e+000 1.998673801e+000 
1.596267645e+000 1.997785079e+000 
1.442229263e+000 1.988595785e+000 
1.677728046e+000 1.999019875e+000 
1.680214819e+000 1.999029861e+000 
1.675662836e+000 1.999008225e+000 
1.674725163e+000 1.999003082e+000 
1.380996669e+000 1.981130557e+000 
1.456761012e+000 1.990075882e+000 
1.628847237e+000 1.998586461e+000 
1.391279070e+000 1.982959392e+000 
1.385188198e+000 1.981926531e+000 
1.393963994e+000 1.983168479e+000 
1.387925731e+000 1.982470206e+000 
1.384325251e+000 1.981660840e+000 
1.444411637e+000 1.988985290e+000 
1.386909682e+000 1.982369070e+000 
1.385987613e+000 1.982204515e+000 
1.437955115e+000 1.988187672e+000 
1.627028338e+000 1.998492948e+000 
1.446921812e+000 1.989165026e+000 
1.440495310e+000 1.988563924e+000 
1.609355537e+000 1.997914439e+000 
1.384766996e+000 1.981803756e+000 
1.442572161e+000 1.988797073e+000 
1.446251787e+000 1.989138675e+000 
1.397039007e+000 1.983763889e+000 
1.399687340e+000 1.984137939e+000 
1.408613167e+000 1.985129181e+000 
1.406983847e+000 1.985095004e+000 
1.397185108e+000 1.983957578e+000 
1.406866021e+000 1.985091943e+000 
1.413741423e+000 1.985945510e+000 
1.402046228e+000 1.984626295e+000 
1.413619281e+000 1.985629612e+000 
1.399665818e+000 1.984061044e+000 
1.626144072e+000 1.998436378e+000 
1.409831484e+000 1.985182571e+000 
1.587595559e+000 1.997415798e+000 
1.578941527e+000 1.997148391e+000 
1.580790563e+000 1.997227510e+000 
1.619827415e+000 1.998370364e+000 
1.625376264e+000 1.998432663e+000 
1.579861467e+000 1.997192003e+000 
1.587867493e+000 1.997504446e+000 
1.420720461e+000 1.986416735e+000 
1.426480785e+000 1.987216059e+000 
1.420569044e+000 1.986412409e+000 
1.420805972e+000 1.986681238e+000 
1.421540075e+000 1.986739190e+000 
1.423686440e+000 1.986897265e+000 
1.432382426e+000 1.987662786e+000 
1.426316127e+000 1.987093777e+000 
1.566619443e+000 1.996739094e+000 
1.562809853e+000 1.996678970e+000 
1.571579210e+000 1.996816431e+000 
1.559828312e+000 1.996612320e+000 
1.566787493e+000 1.996757890e+000 
1.553774948e+000 1.996336266e+000 
1.556607208e+000 1.996501637e+000 
1.562781913e+000 1.996616134e+000 
1.558749508e+000 1.996582097e+000 
1.513910107e+000 1.994322239e+000 
1.552081975e+000 1.996194850e+000 
1.520290702e+000 1.994665723e+000 
1.552409158e+000 1.996197567e+000 
1.542308084e+000 1.995833181e+000 
1.517375597e+000 1.994614448e+000 
1.546980494e+000 1.995962715e+000 
1.543526109e+000 1.995919954e+000 
1.529620171e+000 1.995155553e+000 
1.533131312e+000 1.995425854e+000 
1.536324414e+000 1.995486292e+000 
1.535182427e+000 1.995485030e+000 
1.526310940e+000 1.995027324e+000 
1.493978580e+000 1.993093853e+000 
1.491569927e+000 1.992893525e+000 
1.529826943e+000 1.995297626e+000 
1.529808554e+000 1.995245025e+000 
1.498624338e+000 1.993404436e+000 
1.502291944e+000 1.993476187e+000 
1.503189451e+000 1.993680802e+000 
1.501883226e+000 1.993438477e+000 
1.494991264e+000 1.993125278e+000 

