1.000698975e+000 1.001026598e+000 
1.000295482e+000 1.000995750e+000 
1.000105601e+000 1.000961189e+000 
1.000138269e+000 1.000961781e+000 
1.000195015e+000 1.000965430e+000 
1.000591812e+000 1.001026576e+000 
1.000700957e+000 1.001027153e+000 
1.000416474e+000 1.000996218e+000 
1.000035880e+000 1.000843258e+000 
1.000028148e+000 1.000843040e+000 
1.000099068e+000 1.000843815e+000 
1.000713927e+000 1.008374481e+000 
1.000775183e+000 1.008375360e+000 
1.000001832e+000 1.000003034e+000 
1.000000001e+000 1.000003033e+000 
1.004031624e+000 1.204825678e+000 
1.003355102e+000 1.203393042e+000 
1.003174024e+000 1.202516829e+000 
1.001477542e+000 1.049947106e+000 
1.001810836e+000 1.050625976e+000 
1.001072248e+000 1.049267422e+000 
1.002546932e+000 1.051286317e+000 
1.002958635e+000 1.051725788e+000 
1.002037014e+000 1.050809787e+000 
1.001298426e+000 1.049451667e+000 
1.002437400e+000 1.051131294e+000 
1.001537713e+000 1.050004942e+000 
1.001703720e+000 1.050131351e+000 
1.001311535e+000 1.049821130e+000 
1.002203021e+000 1.050936197e+000 
1.003151843e+000 1.051832832e+000 
1.002396229e+000 1.051043241e+000 
1.002566450e+000 1.051415566e+000 
1.001797727e+000 1.050256513e+000 
1.000906242e+000 1.049141446e+000 
1.001405543e+000 1.049946292e+000 
1.002792628e+000 1.051599378e+000 
1.001631720e+000 1.050130103e+000 
1.001132419e+000 1.049325258e+000 
1.068707786e+000 1.918665788e+000 
1.123462844e+000 1.945079382e+000 
1.013759172e+000 1.870122753e+000 
1.153188122e+000 1.954153352e+000 
1.083127682e+000 1.926725351e+000 
1.117870688e+000 1.942419180e+000 
1.031324412e+000 1.889974189e+000 
1.140693103e+000 1.951062257e+000 
1.116816859e+000 1.942095782e+000 
1.129632578e+000 1.947939725e+000 
1.114464435e+000 1.941133931e+000 
1.140448362e+000 1.951002646e+000 
1.023219968e+000 1.881700783e+000 
1.004539057e+000 1.854272954e+000 
1.114681646e+000 1.941431426e+000 
1.121420045e+000 1.944470982e+000 
1.014968830e+000 1.871654259e+000 
1.022412222e+000 1.880865250e+000 
1.026419786e+000 1.885127333e+000 
1.046822947e+000 1.903415835e+000 
1.078801263e+000 1.924015234e+000 
1.086510113e+000 1.928157079e+000 
1.154071311e+000 1.954374935e+000 
1.122589175e+000 1.944852124e+000 
1.155463358e+000 1.955678128e+000 
1.006227633e+000 1.858740248e+000 
1.005803436e+000 1.857751450e+000 
1.075080196e+000 1.922202038e+000 
1.137366731e+000 1.950063115e+000 
1.148667399e+000 1.953886101e+000 
1.070316879e+000 1.919734516e+000 
1.111169286e+000 1.939539949e+000 
1.084010267e+000 1.927244604e+000 
1.087366235e+000 1.928852485e+000 
1.144837378e+000 1.952493386e+000 
1.079238472e+000 1.924715460e+000 
1.020847203e+000 1.878947785e+000 
1.110892438e+000 1.939462444e+000 
1.090748666e+000 1.930289044e+000 
1.119422144e+000 1.943709161e+000 
1.013030876e+000 1.869030641e+000 
1.027232096e+000 1.885977932e+000 
1.113952447e+000 1.940924279e+000 
1.086709387e+000 1.928168159e+000 
1.144263422e+000 1.952148017e+000 
1.015918284e+000 1.872969566e+000 
1.026470469e+000 1.885275512e+000 
1.101696866e+000 1.935974396e+000 
1.005047823e+000 1.855838294e+000 
1.075351784e+000 1.922647042e+000 
1.085347331e+000 1.927415493e+000 
1.120856366e+000 1.943772272e+000 
1.111495395e+000 1.939908337e+000 
1.127020433e+000 1.946751932e+000 
1.015730686e+000 1.872785039e+000 
1.015162938e+000 1.871938207e+000 
1.130570771e+000 1.948273815e+000 
1.020291873e+000 1.878610551e+000 
1.026005621e+000 1.884752446e+000 
1.101419290e+000 1.935647913e+000 
1.068874589e+000 1.918889593e+000 
1.091107712e+000 1.930661213e+000 
1.088877289e+000 1.929556552e+000 
1.030428214e+000 1.888875430e+000 
1.135381115e+000 1.949441927e+000 
1.139516673e+000 1.950082334e+000 
1.082572573e+000 1.926111352e+000 
1.077649255e+000 1.923687449e+000 
1.032498878e+000 1.890959858e+000 
1.028882223e+000 1.887511436e+000 
1.134385649e+000 1.949374968e+000 
1.005294671e+000 1.856188995e+000 
1.084624407e+000 1.927279975e+000 
1.098063322e+000 1.934036542e+000 
1.144214609e+000 1.951398694e+000 
1.021494381e+000 1.879773553e+000 
1.023585428e+000 1.882092381e+000 
1.112571334e+000 1.940093772e+000 
1.141181608e+000 1.951154715e+000 
1.071697861e+000 1.920587980e+000 
1.096605415e+000 1.933027151e+000 
1.018471187e+000 1.876348568e+000 
1.060075050e+000 1.912898310e+000 
1.022212185e+000 1.880683945e+000 
1.072354137e+000 1.921027965e+000 
1.058019603e+000 1.911720175e+000 
1.049082414e+000 1.905365246e+000 
1.068618898e+000 1.918494275e+000 
1.096124173e+000 1.932991163e+000 
1.098314435e+000 1.934542491e+000 
1.006226036e+000 1.858453560e+000 
1.019484055e+000 1.877542219e+000 
1.088607348e+000 1.928948356e+000 
1.083326956e+000 1.926729313e+000 
1.139982283e+000 1.950266891e+000 
1.011711252e+000 1.867199435e+000 
1.082135366e+000 1.925773775e+000 
1.086202957e+000 1.928034533e+000 
1.108842983e+000 1.938605550e+000 
1.098244427e+000 1.934129982e+000 
1.104236517e+000 1.936539338e+000 
1.119085044e+000 1.943406478e+000 
1.060441431e+000 1.913388075e+000 
1.079009243e+000 1.924426463e+000 
1.017642937e+000 1.875312702e+000 
1.067553474e+000 1.918058546e+000 
1.064458387e+000 1.916159182e+000 
1.147251789e+000 1.952974710e+000 
1.014510556e+000 1.871230636e+000 
1.014313890e+000 1.870817193e+000 
1.016287098e+000 1.873573947e+000 
1.015259821e+000 1.872090301e+000 
1.011616417e+000 1.867182552e+000 
1.009775320e+000 1.864319071e+000 
1.010970314e+000 1.866086076e+000 
1.104224109e+000 1.936503517e+000 
1.008366886e+000 1.862326363e+000 
1.017071462e+000 1.874232727e+000 
1.009687300e+000 1.864301427e+000 
1.066521510e+000 1.917159616e+000 
1.066120721e+000 1.916803987e+000 
1.012495616e+000 1.868104533e+000 
1.044824130e+000 1.901871767e+000 
1.047734779e+000 1.904180769e+000 
1.061215336e+000 1.913835318e+000 
1.031910269e+000 1.890483933e+000 
1.050892782e+000 1.906787959e+000 
1.033061998e+000 1.891518798e+000 
1.061885418e+000 1.914320915e+000 
1.045020035e+000 1.902017391e+000 
1.032557855e+000 1.890980830e+000 
1.007548082e+000 1.860655863e+000 
1.070312843e+000 1.919331491e+000 
1.046830404e+000 1.903440674e+000 
1.036735699e+000 1.894754289e+000 
1.037332484e+000 1.895450363e+000 
1.046273463e+000 1.903042517e+000 
1.043672401e+000 1.900830520e+000 
1.051736196e+000 1.907109604e+000 
1.042211084e+000 1.899702018e+000 
1.058339033e+000 1.911941029e+000 
1.053099370e+000 1.908132189e+000 
1.026892437e+000 1.885475125e+000 
1.060063607e+000 1.912794130e+000 
1.010707964e+000 1.865442292e+000 
1.060356392e+000 1.912990067e+000 
1.042141839e+000 1.899453519e+000 
1.052003830e+000 1.907420918e+000 
1.056732547e+000 1.910579952e+000 
1.052903465e+000 1.908003092e+000 
1.112558687e+000 1.940081838e+000 
1.008454906e+000 1.862344006e+000 
1.039665893e+000 1.897448391e+000 
1.036402061e+000 1.894650635e+000 
1.022777857e+000 1.881133999e+000 
1.033309598e+000 1.891780584e+000 
1.031222816e+000 1.889610626e+000 
1.037644457e+000 1.895747363e+000 
1.056020786e+000 1.910205018e+000 
1.011360882e+000 1.866543505e+000 
1.032671895e+000 1.891184471e+000 
1.040853407e+000 1.898337239e+000 
1.027138593e+000 1.885794294e+000 
1.006775112e+000 1.859602666e+000 
1.008673566e+000 1.862552480e+000 
1.007308876e+000 1.860267432e+000 
1.053364450e+000 1.908379117e+000 
1.037302643e+000 1.895315842e+000 
1.057342215e+000 1.910981159e+000 
1.058675004e+000 1.912214862e+000 
1.036957005e+000 1.894878653e+000 
1.035805276e+000 1.893837466e+000 
1.110436540e+000 1.939296121e+000 
1.041968764e+000 1.899232621e+000 
1.113014942e+000 1.940492963e+000 
1.116560054e+000 1.941922743e+000 
1.103925950e+000 1.936498090e+000 
1.113496185e+000 1.940532448e+000 
1.100678171e+000 1.934909207e+000 
1.017069479e+000 1.874065036e+000 
1.226169371e+000 1.976294143e+000 
1.215854447e+000 1.974065041e+000 
1.447033112e+000 1.999109267e+000 
1.275026901e+000 1.985548956e+000 
1.273795321e+000 1.985530733e+000 
1.350198649e+000 1.994183617e+000 
1.186373048e+000 1.965699489e+000 
1.516657318e+000 2.000000000e+000 
1.244473659e+000 1.980546418e+000 
1.203748676e+000 1.970390463e+000 
1.319139424e+000 1.990945294e+000 
1.284103284e+000 1.986571172e+000 
1.204041447e+000 1.970966928e+000 
1.354091501e+000 1.994548686e+000 
1.160850536e+000 1.956664516e+000 
1.167319066e+000 1.959577579e+000 
1.250939033e+000 1.982032450e+000 
1.321267739e+000 1.991656441e+000 
1.265341816e+000 1.984579960e+000 
1.240777148e+000 1.979660907e+000 
1.226433488e+000 1.976473463e+000 
1.300083519e+000 1.989277148e+000 
1.216588392e+000 1.974222499e+000 
1.216789162e+000 1.974316865e+000 
1.220666849e+000 1.975156814e+000 
1.165419807e+000 1.958391432e+000 
1.292713733e+000 1.988295059e+000 
1.189139848e+000 1.966287791e+000 
1.338079217e+000 1.993196046e+000 
1.218805023e+000 1.974667284e+000 
1.356807430e+000 1.994865630e+000 
1.316624887e+000 1.990943114e+000 
1.305361849e+000 1.989718385e+000 
1.176901233e+000 1.962885950e+000 
1.211262078e+000 1.972688318e+000 
1.335394990e+000 1.992732201e+000 
1.343871162e+000 1.993838125e+000 
1.310976386e+000 1.990533528e+000 
1.337262381e+000 1.993167929e+000 
1.218796318e+000 1.974508858e+000 
1.249692022e+000 1.981579563e+000 
1.193913995e+000 1.967722903e+000 
1.195690301e+000 1.968392545e+000 
1.346458984e+000 1.993883562e+000 
1.227878778e+000 1.977088935e+000 
1.161110163e+000 1.957385252e+000 
1.157106161e+000 1.955749270e+000 
1.251511170e+000 1.982314300e+000 
1.241635202e+000 1.979854666e+000 
1.164812043e+000 1.958356273e+000 
1.164555376e+000 1.958299287e+000 
1.165601778e+000 1.958655936e+000 
1.189850996e+000 1.966594552e+000 
1.219420355e+000 1.974921406e+000 
1.208268679e+000 1.971785789e+000 
1.231728329e+000 1.977808533e+000 
1.364941869e+000 1.995312933e+000 
1.158843704e+000 1.956385310e+000 
1.358609217e+000 1.994900342e+000 
1.194533622e+000 1.967984810e+000 
1.510778287e+000 1.999981190e+000 
1.221467580e+000 1.975266280e+000 
1.230221389e+000 1.977410519e+000 
1.180023338e+000 1.963521870e+000 
1.245045796e+000 1.980811576e+000 
1.230881338e+000 1.977612672e+000 
1.313845381e+000 1.990935594e+000 
1.214342257e+000 1.973616246e+000 
1.214975476e+000 1.973728775e+000 
1.265175490e+000 1.984461379e+000 
1.332305915e+000 1.992371394e+000 
1.292846001e+000 1.988329938e+000 
1.512889430e+000 1.999988677e+000 
1.154777609e+000 1.954649344e+000 
1.155448207e+000 1.954694080e+000 
1.227418952e+000 1.976650415e+000 
1.295868444e+000 1.988612132e+000 
1.339727558e+000 1.993280593e+000 
1.299302457e+000 1.989052300e+000 
1.296723117e+000 1.988936252e+000 
1.352647181e+000 1.994267281e+000 
1.342741836e+000 1.993668551e+000 
1.332749440e+000 1.992606383e+000 
1.278242618e+000 1.986540826e+000 
1.254028199e+000 1.982777288e+000 
1.515135554e+000 1.999988713e+000 
1.244764581e+000 1.980673432e+000 
1.336080764e+000 1.992960450e+000 
1.308147966e+000 1.990166184e+000 
1.223280646e+000 1.975624182e+000 
1.247853747e+000 1.981419880e+000 
1.299480480e+000 1.989136995e+000 
1.295950385e+000 1.988778478e+000 
1.214206607e+000 1.973542321e+000 
1.279435267e+000 1.986546884e+000 
1.176722734e+000 1.962452602e+000 
1.301948375e+000 1.989623671e+000 
1.239684538e+000 1.979571704e+000 
1.233998277e+000 1.978212441e+000 
1.305631827e+000 1.989775973e+000 
1.368877644e+000 1.995757428e+000 
1.290106270e+000 1.988056533e+000 
1.292714436e+000 1.988328803e+000 
1.365969629e+000 1.995561663e+000 
1.361946237e+000 1.995081361e+000 
1.267421993e+000 1.984751538e+000 
1.291296128e+000 1.988220635e+000 
1.439282536e+000 1.998809348e+000 
1.293544583e+000 1.988507735e+000 
1.263673054e+000 1.984385306e+000 
1.243050718e+000 1.980232901e+000 
1.226935800e+000 1.976502402e+000 
1.270818981e+000 1.985424290e+000 
1.311259521e+000 1.990562916e+000 
1.293980810e+000 1.988600564e+000 
1.309804437e+000 1.990382108e+000 
1.265695468e+000 1.984588622e+000 
1.269597693e+000 1.985131542e+000 
1.284699074e+000 1.987401667e+000 
1.253558938e+000 1.982423212e+000 
1.258195889e+000 1.983545844e+000 
1.171808573e+000 1.961000767e+000 
1.170182880e+000 1.960206300e+000 
1.170822330e+000 1.960892305e+000 
1.387394985e+000 1.996575254e+000 
1.167085523e+000 1.959456593e+000 
1.320309826e+000 1.991431034e+000 
1.430385544e+000 1.998734074e+000 
1.166520254e+000 1.959333562e+000 
1.374493269e+000 1.996001070e+000 
1.180284034e+000 1.963833404e+000 
1.508292823e+000 1.999980953e+000 
1.425103982e+000 1.998520615e+000 
1.505078158e+000 1.999940750e+000 
1.327707371e+000 1.992046162e+000 
1.416098593e+000 1.998033930e+000 
1.235902930e+000 1.978412636e+000 
1.361127716e+000 1.995017755e+000 
1.374723343e+000 1.996015821e+000 
1.170222334e+000 1.960444647e+000 
1.162752198e+000 1.957710380e+000 
1.184432259e+000 1.965423995e+000 
1.456988439e+000 1.999238147e+000 
1.181358483e+000 1.964576597e+000 
1.405925081e+000 1.997830758e+000 
1.209427247e+000 1.972047894e+000 
1.175394838e+000 1.962320075e+000 
1.202044742e+000 1.970185706e+000 
1.183574556e+000 1.964907292e+000 
1.205118519e+000 1.971026925e+000 
1.183148416e+000 1.964713149e+000 
1.179337286e+000 1.963467556e+000 
1.207887683e+000 1.971733940e+000 
1.326521849e+000 1.991961799e+000 
1.197234836e+000 1.968757939e+000 
1.324124653e+000 1.991738968e+000 
1.176723233e+000 1.962528544e+000 
1.403032894e+000 1.997603958e+000 
1.192178030e+000 1.967720643e+000 
1.191435497e+000 1.967477487e+000 
1.174057225e+000 1.961601399e+000 
1.348241158e+000 1.994028105e+000 
1.196359464e+000 1.968420173e+000 
1.198730847e+000 1.969134339e+000 
1.185493831e+000 1.965544426e+000 
1.500164359e+000 1.999930698e+000 
1.189900348e+000 1.966958871e+000 
1.499373012e+000 1.999930110e+000 
1.495562221e+000 1.999918421e+000 
1.191218799e+000 1.967457998e+000 
1.199525707e+000 1.970009909e+000 
1.476066996e+000 1.999738831e+000 
1.459045923e+000 1.999362122e+000 
1.463922082e+000 1.999574561e+000 
1.467799661e+000 1.999596857e+000 
1.486395411e+000 1.999915408e+000 
1.199438075e+000 1.969191884e+000 
1.441831779e+000 1.998957369e+000 
1.442674794e+000 1.999005748e+000 
1.457126301e+000 1.999294447e+000 
1.467826391e+000 1.999616802e+000 
1.482715154e+000 1.999911992e+000 
1.477440161e+000 1.999844108e+000 
1.433884696e+000 1.998735821e+000 
1.434462497e+000 1.998800854e+000 
1.462617817e+000 1.999426131e+000 
1.428033809e+000 1.998699009e+000 
1.422026540e+000 1.998388698e+000 
1.417470476e+000 1.998181938e+000 
1.392436228e+000 1.997342510e+000 
1.440237522e+000 1.998864234e+000 
1.408971476e+000 1.997915249e+000 
1.400348450e+000 1.997399380e+000 
1.400638010e+000 1.997572660e+000 
1.463145745e+000 1.999507035e+000 
1.391789364e+000 1.997259025e+000 
1.388310533e+000 1.997133035e+000 
1.379311233e+000 1.996394043e+000 
1.446027611e+000 1.999035927e+000 
1.446345137e+000 1.999085042e+000 

