1.002014657e+000 1.787270622e+000 
1.004339691e+000 1.791391158e+000 
1.002837737e+000 1.788834637e+000 
1.003747022e+000 1.790405578e+000 
1.007830158e+000 1.796873727e+000 
1.004139218e+000 1.790879217e+000 
1.001570940e+000 1.197742802e+000 
1.001949757e+000 1.199377730e+000 
1.000619042e+000 1.058833098e+000 
1.001357158e+000 1.060603374e+000 
1.000300094e+000 1.007590073e+000 
1.000103677e+000 1.004132703e+000 
1.000160955e+000 1.004162080e+000 
1.077999468e+000 1.863848539e+000 
1.141808876e+000 1.899503596e+000 
1.124789022e+000 1.891175229e+000 
1.165509759e+000 1.909169904e+000 
1.155442664e+000 1.905462676e+000 
1.129485686e+000 1.892978862e+000 
1.138908548e+000 1.898252426e+000 
1.089406333e+000 1.872301966e+000 
1.131938625e+000 1.894747870e+000 
1.016241936e+000 1.809785316e+000 
1.144063029e+000 1.900454776e+000 
1.154142854e+000 1.904377024e+000 
1.111895480e+000 1.883812370e+000 
1.071387769e+000 1.860177945e+000 
1.030401593e+000 1.826150048e+000 
1.082385854e+000 1.867864707e+000 
1.150598190e+000 1.903429070e+000 
1.134158011e+000 1.895683501e+000 
1.141306976e+000 1.898899422e+000 
1.104944663e+000 1.881057557e+000 
1.148606067e+000 1.901513090e+000 
1.166296634e+000 1.909295931e+000 
1.055492926e+000 1.849101248e+000 
1.120166517e+000 1.888136181e+000 
1.122235421e+000 1.889504712e+000 
1.058592281e+000 1.851188160e+000 
1.060014711e+000 1.852674867e+000 
1.118979823e+000 1.887790425e+000 
1.149446190e+000 1.902573391e+000 
1.070781691e+000 1.859751669e+000 
1.060568233e+000 1.852675316e+000 
1.073302804e+000 1.862047007e+000 
1.101001492e+000 1.878691572e+000 
1.098550661e+000 1.877316229e+000 
1.070527758e+000 1.859675500e+000 
1.124376102e+000 1.890414151e+000 
1.074867916e+000 1.862648297e+000 
1.088546322e+000 1.871799521e+000 
1.087466120e+000 1.871249438e+000 
1.062104520e+000 1.853760731e+000 
1.087138694e+000 1.870268511e+000 
1.031163243e+000 1.826920833e+000 
1.148929663e+000 1.901686985e+000 
1.019049899e+000 1.813394405e+000 
1.006889807e+000 1.795979101e+000 
1.061026482e+000 1.853104772e+000 
1.160400175e+000 1.906605193e+000 
1.116079496e+000 1.886385877e+000 
1.041563664e+000 1.837007625e+000 
1.037723584e+000 1.833959564e+000 
1.153062652e+000 1.903923860e+000 
1.150238934e+000 1.902747081e+000 
1.158936900e+000 1.906158267e+000 
1.154284651e+000 1.904621447e+000 
1.103660245e+000 1.879880940e+000 
1.033859146e+000 1.830062084e+000 
1.010482897e+000 1.801883891e+000 
1.069216579e+000 1.859150378e+000 
1.032008717e+000 1.828513343e+000 
1.086025208e+000 1.869503844e+000 
1.024290796e+000 1.820096462e+000 
1.030256359e+000 1.825949111e+000 
1.048386350e+000 1.843117924e+000 
1.065051387e+000 1.855535478e+000 
1.019883111e+000 1.814659619e+000 
1.140826145e+000 1.898634241e+000 
1.041828629e+000 1.838194514e+000 
1.140519877e+000 1.898434469e+000 
1.027355765e+000 1.822772317e+000 
1.026773823e+000 1.822412076e+000 
1.036446043e+000 1.832658406e+000 
1.017634929e+000 1.811713351e+000 
1.056202002e+000 1.849384487e+000 
1.012317496e+000 1.804700459e+000 
1.070076589e+000 1.859652823e+000 
1.030733716e+000 1.826755855e+000 
1.059704906e+000 1.852048516e+000 
1.170625948e+000 1.911204676e+000 
1.011986266e+000 1.804093604e+000 
1.120836351e+000 1.889237205e+000 
1.059685409e+000 1.851938537e+000 
1.031163675e+000 1.827478237e+000 
1.003355903e+000 1.789609397e+000 
1.078855489e+000 1.865273081e+000 
1.064380432e+000 1.855471642e+000 
1.011617935e+000 1.803838206e+000 
1.087442576e+000 1.870715156e+000 
1.080141541e+000 1.866113415e+000 
1.095737366e+000 1.875682311e+000 
1.090441817e+000 1.872607980e+000 
1.044024423e+000 1.839568860e+000 
1.032780261e+000 1.828689977e+000 
1.057749045e+000 1.850834943e+000 
1.057414357e+000 1.850771108e+000 
1.023453877e+000 1.818346153e+000 
1.033672131e+000 1.829232294e+000 
1.093687920e+000 1.874442992e+000 
1.015462356e+000 1.808676024e+000 
1.033738486e+000 1.829841052e+000 
1.010114566e+000 1.801280414e+000 
1.033242171e+000 1.828969901e+000 
1.031127718e+000 1.826804752e+000 
1.050638646e+000 1.845148813e+000 
1.098123458e+000 1.877017006e+000 
1.035511689e+000 1.831988231e+000 
1.003645605e+000 1.790239496e+000 
1.120733208e+000 1.888490689e+000 
1.124585595e+000 1.890693291e+000 
1.037047122e+000 1.833120479e+000 
1.038820325e+000 1.835267658e+000 
1.042681638e+000 1.838216539e+000 
1.030731119e+000 1.826387699e+000 
1.045341733e+000 1.840002307e+000 
1.043052389e+000 1.839061809e+000 
1.163781050e+000 1.908496672e+000 
1.108574195e+000 1.882569218e+000 
1.110066769e+000 1.883372213e+000 
1.125386346e+000 1.891320948e+000 
1.118820073e+000 1.887676511e+000 
1.014281893e+000 1.807192274e+000 
1.026157681e+000 1.822024829e+000 
1.052979104e+000 1.847114658e+000 
1.054987063e+000 1.848495097e+000 
1.107071379e+000 1.881718785e+000 
1.116031788e+000 1.886119782e+000 
1.126372673e+000 1.891577008e+000 
1.118932476e+000 1.887759978e+000 
1.025688989e+000 1.821153678e+000 
1.023099536e+000 1.818309523e+000 
1.097498011e+000 1.876544099e+000 
1.066304958e+000 1.856250436e+000 
1.118259952e+000 1.887467232e+000 
1.137259934e+000 1.897069007e+000 
1.006538952e+000 1.795407290e+000 
1.098027023e+000 1.876612567e+000 
1.049783649e+000 1.844357903e+000 
1.046199429e+000 1.841428527e+000 
1.065079384e+000 1.855796627e+000 
1.117878775e+000 1.887253799e+000 
1.021559368e+000 1.816798208e+000 
1.029063895e+000 1.824771235e+000 
1.028591451e+000 1.824380984e+000 
1.130864418e+000 1.893628585e+000 
1.062345316e+000 1.854025414e+000 
1.019386796e+000 1.813760881e+000 
1.017151683e+000 1.811045676e+000 
1.017545434e+000 1.811335941e+000 
1.019786166e+000 1.814270606e+000 
1.014891048e+000 1.808018085e+000 
1.009649685e+000 1.800584617e+000 
1.010791781e+000 1.802561403e+000 
1.012858912e+000 1.805357342e+000 
1.007156701e+000 1.796687586e+000 
1.004652497e+000 1.792082071e+000 
1.008073448e+000 1.798484476e+000 
1.018722875e+000 1.813177302e+000 
1.005104363e+000 1.793183162e+000 
1.005020828e+000 1.792685548e+000 
1.004187616e+000 1.791386273e+000 
1.006744673e+000 1.795677682e+000 
1.005836138e+000 1.794587446e+000 
1.000228798e+000 1.005290099e+000 
1.000319052e+000 1.012743230e+000 
1.000547851e+000 1.012748943e+000 
9.999999991e-001 1.000560860e+000 
1.000089940e+000 1.003643058e+000 
1.000013704e+000 1.001427149e+000 
1.376019195e+000 1.973688675e+000 
1.365455904e+000 1.971684083e+000 
1.358041970e+000 1.970626858e+000 
1.316867051e+000 1.960961129e+000 
1.587599706e+000 1.997356890e+000 
1.341401127e+000 1.967024017e+000 
1.350180586e+000 1.968810985e+000 
1.355642800e+000 1.969944067e+000 
1.308676015e+000 1.958897049e+000 
1.357682528e+000 1.970359874e+000 
1.359645454e+000 1.970686536e+000 
1.314140770e+000 1.960922891e+000 
1.339071313e+000 1.966332110e+000 
1.463447000e+000 1.987171809e+000 
1.359863038e+000 1.970756586e+000 
1.361280004e+000 1.970958438e+000 
1.323978018e+000 1.963035081e+000 
1.359985091e+000 1.970929296e+000 
1.351328388e+000 1.969162122e+000 
1.345766773e+000 1.967406032e+000 
1.340464402e+000 1.966338394e+000 
1.399644872e+000 1.978048268e+000 
1.403983351e+000 1.979190304e+000 
1.745228645e+000 2.000000000e+000 
1.380556573e+000 1.974313582e+000 
1.567748792e+000 1.996515246e+000 
1.299835853e+000 1.957003473e+000 
1.295854398e+000 1.955458487e+000 
1.574612527e+000 1.996635957e+000 
1.723933111e+000 1.999927836e+000 
1.575226840e+000 1.996754135e+000 
1.723402756e+000 1.999927340e+000 
1.553671128e+000 1.996071073e+000 
1.560388217e+000 1.996080550e+000 
1.547251663e+000 1.995611784e+000 
1.547812940e+000 1.995940192e+000 
1.425154846e+000 1.982666479e+000 
1.736669522e+000 1.999944508e+000 
1.697295488e+000 1.999566123e+000 
1.689448649e+000 1.999496496e+000 
1.494493257e+000 1.991140492e+000 
1.500400082e+000 1.992135422e+000 
1.346013740e+000 1.967728614e+000 
1.346934543e+000 1.968439656e+000 
1.332961247e+000 1.965291693e+000 
1.330831626e+000 1.964441736e+000 
1.331659976e+000 1.964542054e+000 
1.458363450e+000 1.986887208e+000 
1.395612626e+000 1.977358945e+000 
1.585746911e+000 1.997091882e+000 
1.720122052e+000 1.999648969e+000 
1.447952447e+000 1.986134559e+000 
1.445802294e+000 1.985670848e+000 
1.446716684e+000 1.985985361e+000 
1.307461972e+000 1.958736696e+000 
1.440459967e+000 1.984949124e+000 
1.449182113e+000 1.986399089e+000 
1.442438400e+000 1.985465407e+000 
1.440606960e+000 1.984955355e+000 
1.438240624e+000 1.984720117e+000 
1.430932646e+000 1.983473084e+000 
1.418914562e+000 1.981743987e+000 
1.647219082e+000 1.999221973e+000 
1.419224397e+000 1.981767445e+000 
1.636746686e+000 1.998973817e+000 
1.721939968e+000 1.999659799e+000 
1.639382867e+000 1.999123499e+000 
1.421345167e+000 1.982028860e+000 
1.414462538e+000 1.980707524e+000 
1.687977823e+000 1.999494972e+000 
1.410849509e+000 1.980183471e+000 
1.406927383e+000 1.979840652e+000 
1.404346167e+000 1.979408379e+000 
1.400509606e+000 1.978623521e+000 
1.614916353e+000 1.998274836e+000 
1.618233783e+000 1.998416458e+000 
1.615046155e+000 1.998342025e+000 
1.617305793e+000 1.998377867e+000 
1.607479724e+000 1.998233867e+000 
1.682930488e+000 1.999483440e+000 
1.723211029e+000 1.999676793e+000 
1.709417279e+000 1.999647614e+000 
1.544071751e+000 1.995309197e+000 
1.374363615e+000 1.973548121e+000 
1.370577232e+000 1.972855246e+000 
1.388208390e+000 1.976145461e+000 
1.527576845e+000 1.994137821e+000 
1.371498271e+000 1.973038696e+000 
1.383859640e+000 1.975443891e+000 
1.363063674e+000 1.971125339e+000 
1.699767837e+000 1.999627609e+000 
1.513713892e+000 1.993611970e+000 
1.391445079e+000 1.976989045e+000 
1.619972788e+000 1.998533785e+000 
1.384632277e+000 1.975783770e+000 
1.520204108e+000 1.993805520e+000 
1.682806871e+000 1.999431065e+000 
1.518444312e+000 1.993712272e+000 
1.406676007e+000 1.979513338e+000 
1.399863205e+000 1.978308063e+000 
1.539322428e+000 1.995217626e+000 
1.533588449e+000 1.994915839e+000 
1.596141620e+000 1.997468792e+000 
1.533048942e+000 1.994818733e+000 
1.530613753e+000 1.994431038e+000 
1.463544152e+000 1.988013617e+000 
1.545839018e+000 1.995443274e+000 
1.532224730e+000 1.994724917e+000 
1.427664941e+000 1.983232060e+000 
1.486930162e+000 1.990679914e+000 
1.488269177e+000 1.990850423e+000 
1.468541385e+000 1.988676474e+000 
1.473022649e+000 1.989249087e+000 
1.470111184e+000 1.988999754e+000 
1.475446485e+000 1.989481233e+000 
1.577352044e+000 1.996879001e+000 
1.598006942e+000 1.997559723e+000 
1.483492155e+000 1.990514639e+000 
1.561937538e+000 1.996300500e+000 
1.474185612e+000 1.989390915e+000 
1.430028530e+000 1.983326590e+000 
1.694580365e+000 1.999562997e+000 
1.508614081e+000 1.992949941e+000 
1.653667540e+000 1.999407068e+000 
1.505142878e+000 1.992542015e+000 
1.498073274e+000 1.991757224e+000 
1.504319604e+000 1.992463751e+000 
1.466742583e+000 1.988552400e+000 
1.495680739e+000 1.991593929e+000 
1.502750343e+000 1.992378719e+000 
1.499076095e+000 1.991778777e+000 
1.638247585e+000 1.999060833e+000 
1.628871790e+000 1.998608054e+000 
1.634583290e+000 1.998933274e+000 
1.599381674e+000 1.997704039e+000 
1.601413030e+000 1.997886439e+000 
1.247733778e+000 1.942618367e+000 
1.168354664e+000 1.909585396e+000 
1.276542550e+000 1.951051319e+000 
1.169089699e+000 1.910396029e+000 
1.163396764e+000 1.907554889e+000 
1.158482186e+000 1.905687932e+000 
1.178534219e+000 1.915565140e+000 
1.180232942e+000 1.915791793e+000 
1.167422600e+000 1.909457793e+000 
1.173736312e+000 1.913140417e+000 
1.337393372e+000 1.965659118e+000 
1.170028262e+000 1.911091588e+000 
1.262308024e+000 1.947694372e+000 
1.264161208e+000 1.947937698e+000 
1.266830151e+000 1.948265293e+000 
1.181410057e+000 1.916921559e+000 
1.177794765e+000 1.915189753e+000 
1.243255874e+000 1.941757164e+000 
1.262940835e+000 1.947856441e+000 
1.320047295e+000 1.961541018e+000 
1.310378388e+000 1.959471370e+000 
1.224937354e+000 1.935362921e+000 
1.208114260e+000 1.929609089e+000 
1.218431270e+000 1.933361404e+000 
1.222516807e+000 1.934854445e+000 
1.219881802e+000 1.933931751e+000 
1.277264640e+000 1.951384472e+000 
1.221561768e+000 1.934454510e+000 
1.171575616e+000 1.911781363e+000 
1.174556457e+000 1.914204070e+000 
1.171637190e+000 1.912914777e+000 
1.182119822e+000 1.917003717e+000 
1.178301637e+000 1.915448786e+000 
1.173926284e+000 1.913980969e+000 
1.200060055e+000 1.926836850e+000 
1.258556574e+000 1.946519453e+000 
1.204064710e+000 1.928291294e+000 
1.382774140e+000 1.974634647e+000 
1.206145848e+000 1.928715518e+000 
1.212173246e+000 1.931144551e+000 
1.214919986e+000 1.932265437e+000 
1.202911127e+000 1.927825779e+000 
1.218665166e+000 1.933510152e+000 
1.226215408e+000 1.936397464e+000 
1.199758230e+000 1.926383678e+000 
1.238632738e+000 1.940428308e+000 
1.214548082e+000 1.932167175e+000 
1.212106981e+000 1.930758303e+000 
1.241460403e+000 1.941523116e+000 
1.368827904e+000 1.971813857e+000 
1.187280370e+000 1.919129410e+000 
1.379342784e+000 1.973772347e+000 
1.252377204e+000 1.944785178e+000 
1.237085050e+000 1.940067396e+000 
1.184806608e+000 1.917925336e+000 
1.247743423e+000 1.943691995e+000 
1.190942675e+000 1.921240093e+000 
1.249451161e+000 1.944303281e+000 
1.234897599e+000 1.939636841e+000 
1.228120276e+000 1.937494873e+000 
1.254409826e+000 1.945572287e+000 
1.231221697e+000 1.938588796e+000 
1.239380366e+000 1.941096710e+000 
1.195491635e+000 1.923949268e+000 
1.198763596e+000 1.925197925e+000 
1.234275774e+000 1.939144257e+000 
1.193755459e+000 1.922769291e+000 
1.191752306e+000 1.921901176e+000 
1.196505766e+000 1.924397026e+000 
1.354462480e+000 1.969521500e+000 
1.227481716e+000 1.937104649e+000 
1.233099769e+000 1.938831250e+000 
1.190518578e+000 1.920344731e+000 
1.244029249e+000 1.942349472e+000 
1.243789816e+000 1.942020542e+000 
1.201884634e+000 1.927027714e+000 
1.256981025e+000 1.946411819e+000 
1.194198176e+000 1.923285468e+000 
1.199071851e+000 1.925498516e+000 
1.193388545e+000 1.922624385e+000 
1.187028271e+000 1.918918368e+000 
1.186640267e+000 1.918480714e+000 
1.209233448e+000 1.930115843e+000 
1.188890802e+000 1.919816937e+000 
1.259611097e+000 1.947129679e+000 
1.297516168e+000 1.956973215e+000 
1.345582956e+000 1.967216809e+000 
1.345991729e+000 1.967660629e+000 
1.287383946e+000 1.954411790e+000 
1.289660580e+000 1.955302568e+000 
1.300442418e+000 1.957649293e+000 
1.343048008e+000 1.967208196e+000 
1.288285006e+000 1.955065688e+000 
1.302564551e+000 1.958376138e+000 
1.302381191e+000 1.958197153e+000 
1.269188674e+000 1.949450399e+000 
1.281805474e+000 1.953337167e+000 
1.287634890e+000 1.954787937e+000 
1.280632718e+000 1.952926878e+000 
1.268110996e+000 1.949287163e+000 
1.267416291e+000 1.949137516e+000 
1.278556043e+000 1.952066969e+000 
1.321333710e+000 1.962413100e+000 
1.309087814e+000 1.959447040e+000 
1.323564547e+000 1.962832410e+000 
1.327913315e+000 1.963812829e+000 
1.284345958e+000 1.954048270e+000 
1.321649845e+000 1.962700495e+000 
1.320325023e+000 1.962268463e+000 
1.319070165e+000 1.961528154e+000 
1.312176438e+000 1.960396610e+000 
1.321715078e+000 1.962823373e+000 
1.296034762e+000 1.956770099e+000 
1.304136354e+000 1.958519793e+000 
1.273174543e+000 1.950588221e+000 
1.273742309e+000 1.950836905e+000 

