1.006159912e+000 1.004893030e+000 
1.004981947e+000 1.004623324e+000 
1.005069629e+000 1.004638366e+000 
1.005692214e+000 1.004777097e+000 
1.005219571e+000 1.004648082e+000 
1.006127709e+000 1.004827803e+000 
1.005170336e+000 1.004644434e+000 
1.004952292e+000 1.004579226e+000 
1.005493730e+000 1.004694718e+000 
1.005966374e+000 1.004823733e+000 
1.006434072e+000 1.004939666e+000 
1.006515090e+000 1.004943313e+000 
1.006047392e+000 1.004827381e+000 
1.004903058e+000 1.004575578e+000 
1.057685865e+000 1.888958354e+000 
1.133256960e+000 1.926189664e+000 
1.046035118e+000 1.881413087e+000 
1.032979331e+000 1.870600788e+000 
1.042169178e+000 1.878097236e+000 
1.034336473e+000 1.871686623e+000 
1.051171416e+000 1.885179153e+000 
1.035887027e+000 1.873243271e+000 
1.036896216e+000 1.873885942e+000 
1.218178465e+000 1.950098059e+000 
1.025465613e+000 1.863663898e+000 
1.137696199e+000 1.927971681e+000 
1.027546557e+000 1.865821242e+000 
1.068963965e+000 1.896961304e+000 
1.025111212e+000 1.863357901e+000 
1.081882790e+000 1.903844155e+000 
1.152396112e+000 1.933623474e+000 
1.030665238e+000 1.868718761e+000 
1.056174803e+000 1.888548564e+000 
1.109430699e+000 1.917067296e+000 
1.050913903e+000 1.885151349e+000 
1.031955915e+000 1.869865903e+000 
1.146593617e+000 1.931792115e+000 
1.026783944e+000 1.865055823e+000 
1.074581535e+000 1.900349405e+000 
1.041963346e+000 1.878049326e+000 
1.099536977e+000 1.913045789e+000 
1.040607442e+000 1.876982189e+000 
1.029131006e+000 1.867107259e+000 
1.050351265e+000 1.884761714e+000 
1.037457976e+000 1.874298877e+000 
1.075416716e+000 1.901003557e+000 
1.119279564e+000 1.921447085e+000 
1.054341019e+000 1.887383094e+000 
1.023862236e+000 1.861715243e+000 
1.051417380e+000 1.885504653e+000 
1.051218554e+000 1.885248249e+000 
1.071030886e+000 1.898202610e+000 
1.028248859e+000 1.866581847e+000 
1.076873998e+000 1.901750154e+000 
1.085711550e+000 1.906102563e+000 
1.172845929e+000 1.939095142e+000 
1.030205301e+000 1.868163906e+000 
1.040345025e+000 1.876742477e+000 
1.067849762e+000 1.896348749e+000 
1.069095439e+000 1.897054830e+000 
1.079518131e+000 1.903016402e+000 
1.136957360e+000 1.927887034e+000 
1.027800579e+000 1.865917910e+000 
1.054510371e+000 1.887601471e+000 
1.022600766e+000 1.859638208e+000 
1.050906307e+000 1.884966057e+000 
1.023417726e+000 1.860704420e+000 
1.108626698e+000 1.916547720e+000 
1.038678947e+000 1.875425180e+000 
1.029560741e+000 1.867591503e+000 
1.080704501e+000 1.903631279e+000 
1.054151286e+000 1.887148480e+000 
1.024679195e+000 1.862880304e+000 
1.052721305e+000 1.886464380e+000 
1.043146453e+000 1.878902734e+000 
1.050715077e+000 1.884894944e+000 
1.033969628e+000 1.871602688e+000 
1.050541909e+000 1.884855307e+000 
1.034341621e+000 1.871898731e+000 
1.123477960e+000 1.922681056e+000 
1.133126858e+000 1.926005909e+000 
1.034634177e+000 1.872039807e+000 
1.074932406e+000 1.900764737e+000 
1.049164601e+000 1.883813013e+000 
1.049668078e+000 1.884166317e+000 
1.187305181e+000 1.942103229e+000 
1.076827659e+000 1.901676579e+000 
1.038046502e+000 1.874824389e+000 
1.051379627e+000 1.885334023e+000 
1.095874639e+000 1.911126857e+000 
1.022627040e+000 1.860363255e+000 
1.059110052e+000 1.890710210e+000 
1.064073431e+000 1.893851176e+000 
1.043352286e+000 1.878950418e+000 
1.150966999e+000 1.932483263e+000 
1.066865667e+000 1.895847707e+000 
1.050839102e+000 1.884941640e+000 
1.059870004e+000 1.891059356e+000 
1.054976095e+000 1.887784145e+000 
1.069909488e+000 1.897845285e+000 
1.125775507e+000 1.923302324e+000 
1.044015477e+000 1.879789511e+000 
1.037564786e+000 1.874352148e+000 
1.079023372e+000 1.902719245e+000 
1.088596353e+000 1.907818292e+000 
1.084672696e+000 1.905823156e+000 
1.044578043e+000 1.880258877e+000 
1.071455299e+000 1.898528232e+000 
1.074017827e+000 1.900064042e+000 
1.092776298e+000 1.909928311e+000 
1.089373416e+000 1.908200243e+000 
1.060814881e+000 1.891675007e+000 
1.091972298e+000 1.909408735e+000 
1.033424092e+000 1.870978222e+000 
1.058289644e+000 1.890104303e+000 
1.062600756e+000 1.892845440e+000 
1.090285124e+000 1.908538109e+000 
1.104302382e+000 1.914851103e+000 
1.094992108e+000 1.910732526e+000 
1.062395346e+000 1.892588082e+000 
1.096887361e+000 1.911644368e+000 
1.125682749e+000 1.923241709e+000 
1.195334489e+000 1.944988891e+000 
1.136224884e+000 1.927518469e+000 
1.162652699e+000 1.936314312e+000 
1.067518560e+000 1.896101158e+000 
1.049630324e+000 1.883995687e+000 
1.063021495e+000 1.893139830e+000 
1.195262098e+000 1.944928561e+000 
1.118386011e+000 1.920809191e+000 
1.065246238e+000 1.894546319e+000 
1.043645043e+000 1.879432530e+000 
1.072036463e+000 1.899027778e+000 
1.049648385e+000 1.884013282e+000 
1.052376196e+000 1.885881380e+000 
1.120969709e+000 1.921855294e+000 
1.186098982e+000 1.942069426e+000 
1.123873177e+000 1.922917509e+000 
1.124081256e+000 1.922965554e+000 
1.083161989e+000 1.904928643e+000 
1.152735934e+000 1.933816990e+000 
1.082195145e+000 1.904222860e+000 
1.195476788e+000 1.945233515e+000 
1.182826147e+000 1.941940122e+000 
1.180943184e+000 1.941724057e+000 
1.090963632e+000 1.909102462e+000 
1.160895728e+000 1.936171466e+000 
1.157685486e+000 1.934973045e+000 
1.111186589e+000 1.917700057e+000 
1.159021646e+000 1.935761542e+000 
1.114527210e+000 1.919264060e+000 
1.109057323e+000 1.917032171e+000 
1.102001122e+000 1.913753702e+000 
1.195930879e+000 1.945278522e+000 
1.106413495e+000 1.915617609e+000 
1.110243997e+000 1.917498734e+000 
1.143812219e+000 1.930697574e+000 
1.140811468e+000 1.929366851e+000 
1.141541882e+000 1.929833180e+000 
1.153190025e+000 1.933861664e+000 
1.173625374e+000 1.939924600e+000 
1.180792709e+000 1.941519173e+000 
1.163783263e+000 1.937117492e+000 
1.099839551e+000 1.913143232e+000 
1.166656039e+000 1.938141478e+000 
1.104800082e+000 1.915128643e+000 
1.097908715e+000 1.912211737e+000 
1.175612430e+000 1.940256452e+000 
1.167428849e+000 1.938325697e+000 
1.163230453e+000 1.936904228e+000 
1.166395527e+000 1.937778847e+000 
1.193479376e+000 1.944659461e+000 
1.193025807e+000 1.944556403e+000 
1.130310775e+000 1.925165293e+000 
1.109534554e+000 1.917156187e+000 
1.193917333e+000 1.944794076e+000 
1.164966563e+000 1.937525022e+000 
1.127687776e+000 1.924271166e+000 
1.134607391e+000 1.926999591e+000 
1.138566773e+000 1.928584083e+000 
1.108037911e+000 1.916445032e+000 
1.225412299e+000 1.952419860e+000 
1.106365995e+000 1.915470217e+000 
1.238333349e+000 1.956021824e+000 
1.134489549e+000 1.926931394e+000 
1.135583954e+000 1.927339191e+000 
1.128661633e+000 1.924692170e+000 
1.138225959e+000 1.928137586e+000 
1.191401798e+000 1.944102050e+000 
1.128854729e+000 1.924970219e+000 
1.145547434e+000 1.931236815e+000 
1.148140102e+000 1.931881364e+000 
1.203921732e+000 1.947767963e+000 
1.200675431e+000 1.947332717e+000 
1.187365189e+000 1.943180506e+000 
1.202429497e+000 1.947424184e+000 
1.199308915e+000 1.946737860e+000 
1.199241948e+000 1.946554510e+000 
1.206435562e+000 1.948124910e+000 
1.202085984e+000 1.947367785e+000 
1.221207121e+000 1.951316492e+000 
1.224813430e+000 1.952268665e+000 
1.226195259e+000 1.952942030e+000 
1.230306949e+000 1.953364969e+000 
1.232775998e+000 1.954128724e+000 
1.220471849e+000 1.951221796e+000 
1.235520663e+000 1.954766246e+000 
1.000140951e+000 1.000241075e+000 
1.000524379e+000 1.000265946e+000 
1.000356648e+000 1.000255534e+000 
1.000220985e+000 1.000248239e+000 
1.000513866e+000 1.000262098e+000 
1.000246565e+000 1.000248740e+000 
1.001093577e+000 1.000282305e+000 
1.000787457e+000 1.000275676e+000 
1.000187719e+000 1.000243344e+000 
1.001131841e+000 1.000284386e+000 
1.000162139e+000 1.000242843e+000 
1.000378884e+000 1.000256352e+000 
1.000350892e+000 1.000254602e+000 
1.000455020e+000 1.000256702e+000 
1.016132146e+000 1.055470558e+000 
1.018266452e+000 1.057235347e+000 
1.012048470e+000 1.051816607e+000 
1.013704888e+000 1.053843386e+000 
1.012722712e+000 1.052787445e+000 
1.016521089e+000 1.055964012e+000 
1.013008005e+000 1.053252282e+000 
1.013884972e+000 1.053889318e+000 
1.013976085e+000 1.054050149e+000 
1.014672968e+000 1.054641253e+000 
1.015700175e+000 1.055406917e+000 
1.015003293e+000 1.054815813e+000 
1.014912180e+000 1.054654982e+000 
1.017548297e+000 1.056729676e+000 
1.015154895e+000 1.054854537e+000 
1.014458013e+000 1.054263433e+000 
1.002491533e+000 1.001138882e+000 
1.004133833e+000 1.001211790e+000 
1.003523928e+000 1.001187869e+000 
1.003662417e+000 1.001188067e+000 
1.001406070e+000 1.001082030e+000 
1.003026867e+000 1.001163631e+000 
1.001253205e+000 1.001061584e+000 
1.001279118e+000 1.001062038e+000 
1.002814214e+000 1.001144216e+000 
1.001591540e+000 1.001083281e+000 
1.002904544e+000 1.001145702e+000 
1.001906822e+000 1.001104779e+000 
1.002730360e+000 1.001141862e+000 
1.003438909e+000 1.001186865e+000 
1.003767362e+000 1.001189970e+000 
1.002713058e+000 1.001141831e+000 
1.001614126e+000 1.001083836e+000 
1.002040414e+000 1.001105289e+000 
1.002876327e+000 1.001145210e+000 
1.002620136e+000 1.001140880e+000 
1.001393690e+000 1.001081477e+000 
1.002673557e+000 1.001141350e+000 
1.003493039e+000 1.001187532e+000 
1.003106282e+000 1.001164656e+000 
1.004695723e+000 1.001233605e+000 
1.003210119e+000 1.001166069e+000 
1.002222040e+000 1.001116224e+000 
1.003084564e+000 1.001163807e+000 
1.003351065e+000 1.001183009e+000 
1.001603920e+000 1.001083823e+000 
1.004635280e+000 1.001233296e+000 
1.002970065e+000 1.001163120e+000 
1.001640039e+000 1.001084290e+000 
1.002461745e+000 1.001137530e+000 
1.002930589e+000 1.001161276e+000 
1.002637438e+000 1.001140910e+000 
1.003153316e+000 1.001165557e+000 
1.003117197e+000 1.001165117e+000 
1.003088980e+000 1.001164625e+000 
1.003179230e+000 1.001165732e+000 
1.003402790e+000 1.001186425e+000 
1.002598591e+000 1.001139998e+000 
1.002933945e+000 1.001162679e+000 
1.004045052e+000 1.001211329e+000 
1.002656255e+000 1.001141320e+000 
1.003781118e+000 1.001206470e+000 
1.004312777e+000 1.001212576e+000 
1.001317150e+000 1.001079596e+000 
1.002792473e+000 1.001142856e+000 
1.001547117e+000 1.001083238e+000 
1.001521204e+000 1.001082784e+000 
1.002770755e+000 1.001142007e+000 
1.001747062e+000 1.001097672e+000 
1.003236032e+000 1.001166244e+000 
1.003549841e+000 1.001188044e+000 
1.004137974e+000 1.001212281e+000 
1.003727102e+000 1.001189038e+000 
1.001323354e+000 1.001081015e+000 
1.002225350e+000 1.001127650e+000 
1.001349267e+000 1.001081469e+000 
1.003692396e+000 1.001188618e+000 
1.003731243e+000 1.001189529e+000 
1.003718863e+000 1.001189022e+000 
1.003456920e+000 1.001187092e+000 
1.003143110e+000 1.001165292e+000 
1.002780971e+000 1.001142655e+000 
1.004419856e+000 1.001232146e+000 
1.003991149e+000 1.001208438e+000 
1.004321595e+000 1.001225307e+000 
1.004814486e+000 1.001251718e+000 
1.003866194e+000 1.001207909e+000 
1.002145316e+000 1.001116020e+000 
1.003998202e+000 1.001210822e+000 
1.002139324e+000 1.001115307e+000 
1.002111107e+000 1.001114816e+000 
1.004544811e+000 1.001232675e+000 
1.020270125e+000 1.099569459e+000 
1.018375451e+000 1.097541720e+000 
1.018421213e+000 1.097616842e+000 
1.018510810e+000 1.098136988e+000 
1.019441260e+000 1.098989936e+000 
1.001142839e+000 1.000285886e+000 
1.000943846e+000 1.000280436e+000 
1.000679495e+000 1.000274007e+000 
1.001075888e+000 1.000281477e+000 
1.001247571e+000 1.000286382e+000 
1.000757946e+000 1.000274818e+000 
1.000639787e+000 1.000273966e+000 
1.000718238e+000 1.000274777e+000 
1.000544354e+000 1.000268895e+000 
1.000582132e+000 1.000273058e+000 
1.000498133e+000 1.000261936e+000 
1.000814116e+000 1.000279425e+000 
1.000881223e+000 1.000279607e+000 
1.000919966e+000 1.000280377e+000 
1.000892567e+000 1.000280236e+000 
1.020403180e+000 1.347777886e+000 
1.021931220e+000 1.349319182e+000 
1.021101413e+000 1.349036370e+000 
1.022374652e+000 1.350616176e+000 
1.022103091e+000 1.350392149e+000 
1.020829852e+000 1.348812343e+000 
9.999999995e-001 1.000000000e+000 
1.000064214e+000 1.000000026e+000 
1.010715166e+000 1.028777036e+000 
1.009557139e+000 1.028324639e+000 
1.008875562e+000 1.027569998e+000 
1.010002221e+000 1.028573929e+000 
1.010599687e+000 1.028747561e+000 
1.010446476e+000 1.028730335e+000 
1.010697860e+000 1.028761140e+000 
1.010100394e+000 1.028589947e+000 
1.011990520e+000 1.029774802e+000 
1.011892347e+000 1.029763669e+000 
1.011290325e+000 1.029290708e+000 
1.008779689e+000 1.026970604e+000 
1.008529212e+000 1.015413526e+000 
1.008148496e+000 1.015199148e+000 
1.007211718e+000 1.014566364e+000 
1.006714657e+000 1.014297471e+000 
1.006950961e+000 1.014489149e+000 
1.008324105e+000 1.015268106e+000 
1.007448022e+000 1.014758043e+000 
1.007770443e+000 1.014999213e+000 
1.008151159e+000 1.015213591e+000 
1.008292908e+000 1.015221848e+000 
1.008704821e+000 1.015482484e+000 
1.007914855e+000 1.015021912e+000 
1.008087800e+000 1.015076428e+000 
1.007534138e+000 1.014807534e+000 
1.007912192e+000 1.015007470e+000 
1.313284942e+000 1.976862688e+000 
1.231601158e+000 1.953653737e+000 
1.327057736e+000 1.980213927e+000 
1.327267804e+000 1.980254571e+000 
1.325839662e+000 1.979952190e+000 
1.234013965e+000 1.954339000e+000 
1.336640240e+000 1.982243410e+000 
1.243380577e+000 1.957600840e+000 
1.325217305e+000 1.979804277e+000 
1.277817110e+000 1.968516511e+000 
1.236585631e+000 1.954978582e+000 
1.235064690e+000 1.954662501e+000 
1.239308512e+000 1.956079863e+000 
1.245254915e+000 1.958083262e+000 
1.261254924e+000 1.963820462e+000 
1.238000781e+000 1.955148668e+000 
1.261202024e+000 1.963350852e+000 
1.269223938e+000 1.966157075e+000 
1.267492674e+000 1.965497792e+000 
1.276569213e+000 1.968043762e+000 
1.264592587e+000 1.964232724e+000 
1.266833473e+000 1.965175914e+000 
1.248086838e+000 1.959337158e+000 
1.330051164e+000 1.980856409e+000 
1.334746818e+000 1.981685188e+000 
1.296234783e+000 1.973379687e+000 
1.341109940e+000 1.983055738e+000 
1.338455834e+000 1.982790304e+000 
1.308383568e+000 1.975976065e+000 
1.342646414e+000 1.983384230e+000 
1.253408134e+000 1.961143638e+000 
1.253638902e+000 1.961244803e+000 
1.334180647e+000 1.981605733e+000 
1.333928348e+000 1.981580739e+000 
1.332376273e+000 1.981525507e+000 
1.487044138e+000 1.998038337e+000 
1.329083398e+000 1.980801392e+000 
1.250685253e+000 1.960042356e+000 
1.256816182e+000 1.962435564e+000 
1.330881598e+000 1.981126126e+000 
1.319386019e+000 1.978421873e+000 
1.491702368e+000 1.998242623e+000 
1.256469415e+000 1.961976308e+000 
1.341339614e+000 1.983326962e+000 
1.336439926e+000 1.982146233e+000 
1.255124885e+000 1.961892784e+000 
1.258967843e+000 1.962971739e+000 
1.234753987e+000 1.954341280e+000 
1.248469084e+000 1.959739372e+000 
1.254303368e+000 1.961384538e+000 
1.267640341e+000 1.965795554e+000 
1.293919419e+000 1.972848559e+000 
1.237178543e+000 1.955076220e+000 
1.295625365e+000 1.973286339e+000 
1.481245436e+000 1.997887087e+000 
1.297643380e+000 1.974150814e+000 
1.256512980e+000 1.962151482e+000 
1.237228368e+000 1.955095448e+000 
1.380553226e+000 1.989054476e+000 
1.252893345e+000 1.960876784e+000 
1.258436303e+000 1.962580989e+000 
1.376094220e+000 1.988289109e+000 
1.282175177e+000 1.969407069e+000 
1.319206045e+000 1.977605160e+000 
1.352709611e+000 1.984932204e+000 
1.280370155e+000 1.969049104e+000 
1.481218909e+000 1.997437239e+000 
1.340341214e+000 1.983000601e+000 
1.269429019e+000 1.966349769e+000 
1.247450913e+000 1.958827407e+000 
1.268887679e+000 1.965980793e+000 
1.247601085e+000 1.958845398e+000 
1.263639418e+000 1.964180051e+000 
1.303980749e+000 1.975204878e+000 
1.304917723e+000 1.975487092e+000 
1.305896763e+000 1.975686519e+000 
1.445597144e+000 1.994760508e+000 
1.276231497e+000 1.967930134e+000 
1.272505794e+000 1.967028065e+000 
1.367151778e+000 1.987008073e+000 
1.304707656e+000 1.975443231e+000 
1.269705772e+000 1.966442124e+000 
1.266963498e+000 1.965349255e+000 
1.318955897e+000 1.977597737e+000 
1.274280286e+000 1.967737797e+000 
1.260192403e+000 1.963062464e+000 
1.277055196e+000 1.968453449e+000 
1.280857238e+000 1.969356941e+000 
1.277285069e+000 1.968468495e+000 
1.279262471e+000 1.968950698e+000 
1.292254706e+000 1.972327236e+000 
1.249537836e+000 1.959779044e+000 
1.345064612e+000 1.983562338e+000 
1.349257550e+000 1.984455019e+000 
1.446799220e+000 1.994794923e+000 
1.362145670e+000 1.986289226e+000 
1.292258855e+000 1.972379370e+000 
1.242253359e+000 1.957343840e+000 
1.264632428e+000 1.964587652e+000 
1.242821091e+000 1.957479010e+000 
1.250768173e+000 1.960425167e+000 
1.309426149e+000 1.976708231e+000 
1.480553375e+000 1.997376952e+000 
1.305486673e+000 1.975535329e+000 
1.283097463e+000 1.969710590e+000 
1.277017901e+000 1.968445793e+000 
1.240609088e+000 1.956688924e+000 
1.278378409e+000 1.968620008e+000 
1.240051891e+000 1.956150692e+000 
1.243755439e+000 1.957816689e+000 
1.368205204e+000 1.987300543e+000 
1.371048154e+000 1.987625458e+000 
1.370838087e+000 1.987573504e+000 
1.274959139e+000 1.967829970e+000 
1.272078841e+000 1.966972143e+000 
1.265602394e+000 1.964913783e+000 
1.365266091e+000 1.986892163e+000 
1.248224332e+000 1.959444383e+000 
1.379137845e+000 1.988938470e+000 
1.289024903e+000 1.971847601e+000 
1.372537893e+000 1.987721084e+000 
1.267251240e+000 1.965372727e+000 
1.477504263e+000 1.997312207e+000 
1.285000101e+000 1.970444000e+000 
1.252423877e+000 1.960758510e+000 
1.238282173e+000 1.955764478e+000 
1.287110534e+000 1.970890872e+000 
1.240854883e+000 1.956847768e+000 
1.287240292e+000 1.970943733e+000 
1.275031158e+000 1.967853164e+000 
1.241618686e+000 1.956863139e+000 
1.248252401e+000 1.959551981e+000 
1.247621822e+000 1.959297403e+000 
1.291123877e+000 1.972237206e+000 
1.252917643e+000 1.960898041e+000 
1.375005858e+000 1.988051698e+000 
1.294441007e+000 1.973222162e+000 
1.240715092e+000 1.956784401e+000 
1.369121145e+000 1.987333847e+000 
1.370803489e+000 1.987572006e+000 
1.290271967e+000 1.972012840e+000 
1.286201612e+000 1.970610494e+000 
1.588206821e+000 1.999982976e+000 
1.262920318e+000 1.964075629e+000 
1.264338646e+000 1.964185099e+000 
1.362541100e+000 1.986548000e+000 
1.491425342e+000 1.998080613e+000 
1.362999941e+000 1.986648955e+000 
1.316936689e+000 1.977379584e+000 
1.478064414e+000 1.997363112e+000 
1.293278557e+000 1.972604152e+000 
1.296880161e+000 1.973699539e+000 
1.359978536e+000 1.986251962e+000 
1.273541670e+000 1.967185887e+000 
1.500000239e+000 1.998361630e+000 
1.299695568e+000 1.974444452e+000 
1.316245908e+000 1.977316298e+000 
1.265501451e+000 1.964765211e+000 
1.358033222e+000 1.985916280e+000 
1.346828589e+000 1.984170181e+000 
1.288505358e+000 1.971532700e+000 
1.391619249e+000 1.990294064e+000 
1.394096732e+000 1.990815313e+000 
1.300904555e+000 1.974557798e+000 
1.351813175e+000 1.984826808e+000 
1.373198630e+000 1.987951800e+000 
1.350348876e+000 1.984659853e+000 
1.350834746e+000 1.984700570e+000 
1.393507072e+000 1.990640347e+000 
1.473433639e+000 1.997202680e+000 
1.292794774e+000 1.972597678e+000 
1.392088927e+000 1.990504420e+000 
1.348905363e+000 1.984314996e+000 
1.505459859e+000 1.998483268e+000 
1.354954291e+000 1.985308449e+000 
1.395254074e+000 1.990961214e+000 
1.314663041e+000 1.977195075e+000 
1.375300549e+000 1.988152819e+000 
1.400350433e+000 1.991410630e+000 
1.302705688e+000 1.974910294e+000 
1.401443147e+000 1.991432728e+000 
1.306881074e+000 1.975913961e+000 
1.304899051e+000 1.975450494e+000 
1.410496940e+000 1.992384348e+000 
1.385090665e+000 1.989424817e+000 
1.406367447e+000 1.991954972e+000 
1.408757134e+000 1.992252223e+000 
1.404437030e+000 1.991907179e+000 
1.406601898e+000 1.992111465e+000 
1.324214376e+000 1.979470586e+000 
1.417347876e+000 1.993047479e+000 
1.343957868e+000 1.983535493e+000 
1.345212156e+000 1.983635746e+000 
1.321218753e+000 1.978687831e+000 
1.420516641e+000 1.993218618e+000 
1.423885080e+000 1.993408918e+000 
1.420716316e+000 1.993237779e+000 
1.388359532e+000 1.989932257e+000 
1.319287991e+000 1.978075758e+000 
1.413764862e+000 1.992707266e+000 
1.586086641e+000 1.999943921e+000 
1.384351866e+000 1.989398830e+000 
1.389025243e+000 1.990197165e+000 
1.328530510e+000 1.980400908e+000 
1.355999738e+000 1.985531253e+000 
1.468547160e+000 1.996751268e+000 
1.496023651e+000 1.998266918e+000 
1.454716911e+000 1.995531043e+000 
1.386941386e+000 1.989796329e+000 
1.321889188e+000 1.978942227e+000 
1.322330379e+000 1.979136512e+000 
1.473134070e+000 1.997058335e+000 
1.460262603e+000 1.996100523e+000 
1.281678560e+000 1.969393606e+000 
1.284665641e+000 1.970392522e+000 
1.498710993e+000 1.998356946e+000 
1.394330475e+000 1.990869740e+000 
1.589279257e+000 2.000000000e+000 
1.397158925e+000 1.991146708e+000 
1.463542497e+000 1.996381289e+000 
1.496651219e+000 1.998338868e+000 
1.458466649e+000 1.996045657e+000 
1.411201719e+000 1.992450801e+000 
1.470154783e+000 1.996865009e+000 
1.466711261e+000 1.996552428e+000 
1.466171601e+000 1.996551658e+000 
1.455731127e+000 1.995603380e+000 
1.467266519e+000 1.996734081e+000 
1.412459866e+000 1.992527581e+000 
1.475801923e+000 1.997276245e+000 
1.284489470e+000 1.970252657e+000 
1.283568071e+000 1.970114707e+000 
1.280515769e+000 1.969151567e+000 
1.474383227e+000 1.997251299e+000 
1.472232765e+000 1.996978890e+000 
1.470435283e+000 1.996905220e+000 
1.470123135e+000 1.996811062e+000 
1.527474655e+000 1.999305962e+000 
1.326928094e+000 1.979959231e+000 
1.531248461e+000 1.999505682e+000 
1.383289933e+000 1.989374074e+000 
1.587396724e+000 1.999946971e+000 
1.552498974e+000 1.999834426e+000 
1.578915166e+000 1.999883924e+000 
1.546804950e+000 1.999806087e+000 
1.543501173e+000 1.999668024e+000 
1.509897942e+000 1.998694957e+000 
1.582038827e+000 1.999890381e+000 
1.515395725e+000 1.999023454e+000 
1.534865287e+000 1.999628554e+000 
1.506036965e+000 1.998682438e+000 
1.582205056e+000 1.999897941e+000 
1.572417129e+000 1.999861638e+000 
1.571895546e+000 1.999857236e+000 
1.448762814e+000 1.995269451e+000 
1.539908955e+000 1.999633070e+000 
1.450448297e+000 1.995370719e+000 
1.447190712e+000 1.995177726e+000 
1.436223275e+000 1.994603812e+000 
1.437291524e+000 1.994659347e+000 
1.437220107e+000 1.994641449e+000 
1.439232915e+000 1.994745383e+000 
1.435367286e+000 1.994518153e+000 
1.455121558e+000 1.995592699e+000 
1.427606484e+000 1.993929002e+000 
1.434984408e+000 1.994421209e+000 
1.427451975e+000 1.993860032e+000 
1.424096249e+000 1.993584760e+000 
1.429833609e+000 1.994085266e+000 
1.425729568e+000 1.993754788e+000 
1.430199112e+000 1.994166100e+000 
1.452071004e+000 1.995520060e+000 
1.455855927e+000 1.995671215e+000 
1.502771995e+000 1.998473109e+000 
1.514902282e+000 1.998843252e+000 
1.510470595e+000 1.998787524e+000 
1.513571034e+000 1.998805959e+000 
1.529742851e+000 1.999335592e+000 
1.523890451e+000 1.999119307e+000 
1.523868000e+000 1.999030221e+000 
1.523888855e+000 1.999042344e+000 
1.514932246e+000 1.998956243e+000 

