1.001281628e+000 1.045486344e+000 
1.001435225e+000 1.046764071e+000 
1.000356789e+000 1.007321045e+000 
1.000447357e+000 1.007365823e+000 
1.000404874e+000 1.007352599e+000 
1.000527072e+000 1.015617529e+000 
1.000838640e+000 1.016327834e+000 
1.001267180e+000 1.017244524e+000 
1.000083090e+000 1.001214013e+000 
1.000152541e+000 1.001279266e+000 
1.000012645e+000 1.001208671e+000 
1.000121875e+000 1.001214158e+000 
1.000024931e+000 1.001208711e+000 
1.004090185e+000 1.394722347e+000 
1.004777162e+000 1.398600347e+000 
1.003460205e+000 1.391217489e+000 
1.005041020e+000 1.400331438e+000 
1.004333894e+000 1.396065689e+000 
1.005791211e+000 1.403306706e+000 
1.003363021e+000 1.390746357e+000 
1.004002863e+000 1.394721805e+000 
1.002147879e+000 1.383094089e+000 
1.002306572e+000 1.383803295e+000 
1.004244397e+000 1.395688013e+000 
1.002446468e+000 1.384732502e+000 
1.001989469e+000 1.381300491e+000 
1.001488346e+000 1.376973015e+000 
1.002980731e+000 1.389440765e+000 
1.001780020e+000 1.379949817e+000 
1.003068052e+000 1.389441308e+000 
1.002541469e+000 1.386587022e+000 
1.003631727e+000 1.391910015e+000 
1.002431016e+000 1.383976393e+000 
1.005007265e+000 1.399260182e+000 
1.005608493e+000 1.401879685e+000 
1.005920225e+000 1.403443528e+000 
1.000000000e+000 1.000045409e+000 
1.007062706e+000 1.621831536e+000 
1.013785587e+000 1.653588912e+000 
1.015554811e+000 1.659798320e+000 
1.018408115e+000 1.667998220e+000 
1.032820082e+000 1.704487588e+000 
1.092706738e+000 1.805232262e+000 
1.077885524e+000 1.786598419e+000 
1.007955071e+000 1.627820878e+000 
1.006020852e+000 1.616379847e+000 
1.052631994e+000 1.742222840e+000 
1.073672442e+000 1.780075555e+000 
1.039602362e+000 1.718590656e+000 
1.094070724e+000 1.808673088e+000 
1.015817451e+000 1.659852383e+000 
1.010512807e+000 1.641252615e+000 
1.046154408e+000 1.732095033e+000 
1.124715477e+000 1.836210198e+000 
1.092828566e+000 1.806416791e+000 
1.015261416e+000 1.658704314e+000 
1.016069709e+000 1.661428065e+000 
1.043727341e+000 1.726623026e+000 
1.078115279e+000 1.787603454e+000 
1.136439070e+000 1.845683808e+000 
1.099445306e+000 1.813005289e+000 
1.100845636e+000 1.814687578e+000 
1.138324525e+000 1.846245141e+000 
1.115447280e+000 1.828138249e+000 
1.007567462e+000 1.626031445e+000 
1.025625856e+000 1.686738202e+000 
1.079592818e+000 1.789300231e+000 
1.007175962e+000 1.623957474e+000 
1.012392173e+000 1.649218807e+000 
1.020283995e+000 1.673600321e+000 
1.025944345e+000 1.687917377e+000 
1.084479214e+000 1.797839796e+000 
1.014230484e+000 1.655526454e+000 
1.086787378e+000 1.798796976e+000 
1.066549831e+000 1.767743262e+000 
1.094290573e+000 1.808995871e+000 
1.017094362e+000 1.664519188e+000 
1.026201120e+000 1.688378056e+000 
1.022955081e+000 1.680670070e+000 
1.024582053e+000 1.685446797e+000 
1.007671037e+000 1.627013195e+000 
1.128728716e+000 1.838880651e+000 
1.006562837e+000 1.620538778e+000 
1.021426578e+000 1.676030711e+000 
1.065628789e+000 1.767064880e+000 
1.045968696e+000 1.731315870e+000 
1.028531275e+000 1.694207561e+000 
1.026342171e+000 1.688726178e+000 
1.132911271e+000 1.840200515e+000 
1.008062536e+000 1.629087166e+000 
1.123993669e+000 1.836033329e+000 
1.013007891e+000 1.651274238e+000 
1.096987493e+000 1.811675082e+000 
1.090409617e+000 1.804151936e+000 
1.045060355e+000 1.730170862e+000 
1.020704750e+000 1.674671553e+000 
1.053317670e+000 1.745505303e+000 
1.019174627e+000 1.670527885e+000 
1.011002476e+000 1.643233456e+000 
1.124197089e+000 1.836115809e+000 
1.081245252e+000 1.791108382e+000 
1.078328689e+000 1.788092128e+000 
1.009300514e+000 1.635335363e+000 
1.018902658e+000 1.669449691e+000 
1.021894929e+000 1.677446888e+000 
1.086792586e+000 1.798943734e+000 
1.047469327e+000 1.734243558e+000 
1.081240043e+000 1.790961625e+000 
1.042638092e+000 1.724181315e+000 
1.097026591e+000 1.812526077e+000 
1.122216230e+000 1.834311084e+000 
1.027047968e+000 1.690935084e+000 
1.019287684e+000 1.670722211e+000 
1.081688721e+000 1.792421674e+000 
1.015039823e+000 1.658294506e+000 
1.082404724e+000 1.793175464e+000 
1.023108272e+000 1.680974142e+000 
1.098147696e+000 1.812876085e+000 
1.012284312e+000 1.649048088e+000 
1.087952058e+000 1.801010816e+000 
1.126551557e+000 1.838299903e+000 
1.007989072e+000 1.628962637e+000 
1.080127184e+000 1.790535583e+000 
1.021530035e+000 1.676559632e+000 
1.011799796e+000 1.646375877e+000 
1.012585603e+000 1.650135272e+000 
1.093085101e+000 1.806620665e+000 
1.017453821e+000 1.665444183e+000 
1.060894536e+000 1.758801969e+000 
1.102931018e+000 1.817843302e+000 
1.011337291e+000 1.644675143e+000 
1.007809016e+000 1.627210505e+000 
1.093125892e+000 1.806801563e+000 
1.101975004e+000 1.816648670e+000 
1.093131101e+000 1.806948320e+000 
1.099571001e+000 1.814438422e+000 
1.066620704e+000 1.768833887e+000 
1.016605099e+000 1.662889544e+000 
1.035967069e+000 1.711088488e+000 
1.036833044e+000 1.713409246e+000 
1.142342209e+000 1.849322491e+000 
1.119126580e+000 1.832291302e+000 
1.118525402e+000 1.831789452e+000 
1.034349756e+000 1.707789055e+000 
1.119334664e+000 1.832334721e+000 
1.112652055e+000 1.824724797e+000 
1.036181588e+000 1.711355713e+000 
1.022063791e+000 1.677766393e+000 
1.035773991e+000 1.710677723e+000 
1.006613889e+000 1.620864746e+000 
1.033067429e+000 1.704512222e+000 
1.047603044e+000 1.734719869e+000 
1.136773843e+000 1.845710797e+000 
1.123756333e+000 1.834867773e+000 
1.067767396e+000 1.771062377e+000 
1.073365911e+000 1.779997219e+000 
1.120045830e+000 1.832954040e+000 
1.058286477e+000 1.754439855e+000 
1.008454201e+000 1.630829050e+000 
1.082135979e+000 1.793097195e+000 
1.040834186e+000 1.721208191e+000 
1.093584230e+000 1.806989837e+000 
1.027462243e+000 1.691833003e+000 
1.031883601e+000 1.701996431e+000 
1.035724628e+000 1.710606736e+000 
1.112381426e+000 1.824256618e+000 
1.030238421e+000 1.698925946e+000 
1.026147896e+000 1.688370436e+000 
1.043283334e+000 1.725945163e+000 
1.113179381e+000 1.825522038e+000 
1.115041166e+000 1.827460369e+000 
1.112485632e+000 1.824441050e+000 
1.009168636e+000 1.633990053e+000 
1.062489120e+000 1.762102162e+000 
1.030105483e+000 1.698186178e+000 
1.112826996e+000 1.824775886e+000 
1.138727158e+000 1.846894396e+000 
1.091428237e+000 1.805071314e+000 
1.009770670e+000 1.637088471e+000 
1.063021774e+000 1.763165813e+000 
1.067558270e+000 1.771012544e+000 
1.063968381e+000 1.764838272e+000 
1.058557122e+000 1.755119909e+000 
1.049506830e+000 1.737882563e+000 
1.058180874e+000 1.754157893e+000 
1.063016566e+000 1.763019055e+000 
1.034207816e+000 1.706942292e+000 
1.055426896e+000 1.749193473e+000 
1.065173788e+000 1.766718810e+000 
1.034478198e+000 1.708150991e+000 
1.055877011e+000 1.750474325e+000 
1.062633075e+000 1.762166094e+000 
1.066914642e+000 1.769455766e+000 
1.086255790e+000 1.798199412e+000 
1.062986959e+000 1.762596818e+000 
1.040762507e+000 1.720941443e+000 
1.055781385e+000 1.750252630e+000 
1.121166702e+000 1.834048998e+000 
1.062084924e+000 1.761200642e+000 
1.054244357e+000 1.747822420e+000 
1.069869870e+000 1.775024300e+000 
1.051744401e+000 1.741821548e+000 
1.068560293e+000 1.772726719e+000 
1.059480710e+000 1.756735291e+000 
1.067290966e+000 1.770878823e+000 
1.069512108e+000 1.774545936e+000 
1.034110568e+000 1.706897289e+000 
1.009248256e+000 1.634891206e+000 
1.120122190e+000 1.833101146e+000 
1.126469995e+000 1.838131747e+000 
1.138876870e+000 1.847435138e+000 
1.135591974e+000 1.843051952e+000 
1.044724992e+000 1.728866563e+000 
1.129563954e+000 1.839319178e+000 
1.051961406e+000 1.741909545e+000 
1.051356717e+000 1.741600960e+000 
1.048358632e+000 1.736252722e+000 
1.009223146e+000 1.634269771e+000 
1.000270338e+000 1.002248481e+000 
1.000320106e+000 1.002253372e+000 
1.000244651e+000 1.001981454e+000 
1.000269587e+000 1.002128254e+000 
1.000152622e+000 1.001829244e+000 
1.000194883e+000 1.001976563e+000 
1.000896032e+000 1.016536271e+000 
1.000763837e+000 1.015827407e+000 
1.001004333e+000 1.017205025e+000 
1.000680203e+000 1.015771108e+000 
1.000699128e+000 1.015809119e+000 
1.001170728e+000 1.017230591e+000 
1.000675235e+000 1.015769010e+000 
1.000483299e+000 1.015043957e+000 
1.210601912e+000 1.911978169e+000 
1.207173516e+000 1.907782574e+000 
1.207616833e+000 1.908763710e+000 
1.215474546e+000 1.914740559e+000 
1.295808578e+000 1.953537043e+000 
1.330106697e+000 1.966008595e+000 
1.335604186e+000 1.967651556e+000 
1.394984904e+000 1.981926234e+000 
1.208423429e+000 1.909373359e+000 
1.513769244e+000 1.995850934e+000 
1.385683336e+000 1.980271788e+000 
1.223903292e+000 1.919692880e+000 
1.341123120e+000 1.969379266e+000 
1.401674509e+000 1.982359934e+000 
1.205290955e+000 1.907434143e+000 
1.408508818e+000 1.983350511e+000 
1.297815007e+000 1.956106863e+000 
1.209278764e+000 1.910029068e+000 
1.225823321e+000 1.920339594e+000 
1.134467920e+000 1.840979549e+000 
1.648200561e+000 1.999731284e+000 
1.405396015e+000 1.982954310e+000 
1.326046601e+000 1.965547949e+000 
1.366164717e+000 1.975273519e+000 
1.199621483e+000 1.903049465e+000 
1.529054050e+000 1.997223496e+000 
1.201377104e+000 1.903168465e+000 
1.390937694e+000 1.981268294e+000 
1.380301210e+000 1.979123012e+000 
1.659901433e+000 2.000000000e+000 
1.401686967e+000 1.982885473e+000 
1.346023956e+000 1.970711837e+000 
1.424308924e+000 1.985665856e+000 
1.379256165e+000 1.978914786e+000 
1.411369700e+000 1.983407313e+000 
1.203178685e+000 1.905971627e+000 
1.202702677e+000 1.904459216e+000 
1.531539640e+000 1.997776800e+000 
1.530126078e+000 1.997288063e+000 
1.340231703e+000 1.969044618e+000 
1.379958059e+000 1.978929734e+000 
1.340925517e+000 1.969133500e+000 
1.199150780e+000 1.902554512e+000 
1.335807760e+000 1.967727180e+000 
1.354944709e+000 1.972527147e+000 
1.358026729e+000 1.974342594e+000 
1.377677630e+000 1.978819030e+000 
1.169798616e+000 1.878206827e+000 
1.198481067e+000 1.901045112e+000 
1.135149926e+000 1.841176610e+000 
1.659773277e+000 1.999918627e+000 
1.135221451e+000 1.842415823e+000 
1.169220061e+000 1.877875531e+000 
1.296238041e+000 1.954588911e+000 
1.185988129e+000 1.890796072e+000 
1.182236382e+000 1.887977725e+000 
1.160128723e+000 1.868753208e+000 
1.164785626e+000 1.874047089e+000 
1.170462582e+000 1.879038606e+000 
1.169198879e+000 1.877638453e+000 
1.657389519e+000 1.999918146e+000 
1.169506141e+000 1.878196343e+000 
1.173544163e+000 1.882779584e+000 
1.177714657e+000 1.884635030e+000 
1.176267475e+000 1.883931140e+000 
1.174370298e+000 1.883495997e+000 
1.171939042e+000 1.881661820e+000 
1.162636391e+000 1.870427204e+000 
1.162189248e+000 1.870252986e+000 
1.152993361e+000 1.860270272e+000 
1.575440970e+000 1.998984504e+000 
1.191249751e+000 1.895626268e+000 
1.195570855e+000 1.899889040e+000 
1.159586014e+000 1.867802896e+000 
1.573520159e+000 1.998841274e+000 
1.153050999e+000 1.862014712e+000 
1.150116840e+000 1.858043936e+000 
1.191771842e+000 1.896133265e+000 
1.156262901e+000 1.865297157e+000 
1.195141119e+000 1.898420318e+000 
1.192994343e+000 1.896932875e+000 
1.193915460e+000 1.897510178e+000 
1.214825019e+000 1.912873595e+000 
1.216942143e+000 1.914916959e+000 
1.225860076e+000 1.921112443e+000 
1.187023137e+000 1.892828088e+000 
1.244711983e+000 1.931681000e+000 
1.218924123e+000 1.916754747e+000 
1.249134272e+000 1.934496605e+000 
1.156777932e+000 1.866532688e+000 
1.143166602e+000 1.850179118e+000 
1.227268804e+000 1.921986787e+000 
1.268302154e+000 1.942094755e+000 
1.246891206e+000 1.933239122e+000 
1.223625532e+000 1.919520333e+000 
1.344516283e+000 1.970192575e+000 
1.236742072e+000 1.927876475e+000 
1.235357118e+000 1.926455672e+000 
1.248472106e+000 1.933716753e+000 
1.221941644e+000 1.918663113e+000 
1.146494984e+000 1.854047861e+000 
1.144469217e+000 1.852124870e+000 
1.239073786e+000 1.928976954e+000 
1.543113590e+000 1.997781792e+000 
1.165907973e+000 1.874199197e+000 
1.163310725e+000 1.871466839e+000 
1.269147012e+000 1.942284790e+000 
1.232550044e+000 1.925164757e+000 
1.234265809e+000 1.926252742e+000 
1.229682261e+000 1.923734991e+000 
1.232086802e+000 1.924632641e+000 
1.543508634e+000 1.997994782e+000 
1.228996636e+000 1.922823342e+000 
1.301421252e+000 1.957793959e+000 
1.300593985e+000 1.957354538e+000 
1.320725776e+000 1.963963387e+000 
1.302011222e+000 1.958344304e+000 
1.425298589e+000 1.985750224e+000 
1.518784540e+000 1.996191933e+000 
1.549542941e+000 1.998053363e+000 
1.322735559e+000 1.965057419e+000 
1.299022927e+000 1.957103882e+000 
1.336347879e+000 1.968532589e+000 
1.326101087e+000 1.965643751e+000 
1.145131861e+000 1.853063035e+000 
1.555773747e+000 1.998250704e+000 
1.315812264e+000 1.963040717e+000 
1.141433636e+000 1.848801036e+000 
1.287061707e+000 1.952729222e+000 
1.317849627e+000 1.963569358e+000 
1.521318783e+000 1.996787471e+000 
1.144881473e+000 1.852258511e+000 
1.520497408e+000 1.996769427e+000 
1.498830512e+000 1.994695664e+000 
1.600713029e+000 1.998999676e+000 
1.149943766e+000 1.857472867e+000 
1.554243748e+000 1.998098908e+000 
1.149671678e+000 1.857077415e+000 
1.155695141e+000 1.863826197e+000 
1.151090881e+000 1.859290222e+000 
1.510907347e+000 1.995556458e+000 
1.555607088e+000 1.998104694e+000 
1.506462542e+000 1.994753564e+000 
1.467834947e+000 1.990718706e+000 
1.151300760e+000 1.860018862e+000 
1.281529104e+000 1.950312003e+000 
1.271497628e+000 1.945258939e+000 
1.310060973e+000 1.960698298e+000 
1.314081960e+000 1.961946431e+000 
1.278309264e+000 1.949154305e+000 
1.561288403e+000 1.998799984e+000 
1.284160754e+000 1.951119552e+000 
1.277397253e+000 1.948134131e+000 
1.278953685e+000 1.949293882e+000 
1.375322283e+000 1.977795330e+000 
1.281947882e+000 1.951028053e+000 
1.288699781e+000 1.953073741e+000 
1.280067743e+000 1.949513085e+000 
1.275832011e+000 1.947452015e+000 
1.570975997e+000 1.998835811e+000 
1.296273761e+000 1.955705222e+000 
1.265611881e+000 1.941845636e+000 
1.269684226e+000 1.943741961e+000 
1.556188864e+000 1.998343192e+000 
1.492938802e+000 1.993746362e+000 
1.310371109e+000 1.960801164e+000 
1.305793226e+000 1.959358281e+000 
1.258287406e+000 1.938380100e+000 
1.258391772e+000 1.939023921e+000 
1.261553784e+000 1.939797018e+000 
1.642900256e+000 1.999601439e+000 
1.298668892e+000 1.956508837e+000 
1.264937167e+000 1.941286109e+000 
1.256438476e+000 1.937496419e+000 
1.473706559e+000 1.991208655e+000 
1.347618433e+000 1.970863096e+000 
1.364284346e+000 1.975235830e+000 
1.367493533e+000 1.975987880e+000 
1.357555368e+000 1.973933587e+000 
1.352027053e+000 1.971717655e+000 
1.628628197e+000 1.999265248e+000 
1.629753250e+000 1.999381382e+000 
1.372922650e+000 1.977070535e+000 
1.178487351e+000 1.885437406e+000 
1.489685709e+000 1.993653231e+000 
1.486500060e+000 1.993046183e+000 
1.177124278e+000 1.884119224e+000 
1.180665517e+000 1.886802803e+000 
1.462061078e+000 1.990481770e+000 
1.179786594e+000 1.885956378e+000 
1.185055531e+000 1.890025915e+000 
1.186178129e+000 1.890825165e+000 
1.331889949e+000 1.967290633e+000 
1.389688435e+000 1.980397214e+000 
1.618128130e+000 1.999166015e+000 
1.458551835e+000 1.990455954e+000 
1.451733948e+000 1.989536148e+000 
1.484327976e+000 1.992904177e+000 
1.474256787e+000 1.991671200e+000 
1.614588921e+000 1.999002563e+000 
1.477336779e+000 1.992219103e+000 
1.484155060e+000 1.992769460e+000 
1.290445587e+000 1.953252033e+000 
1.481603207e+000 1.992446571e+000 
1.484830384e+000 1.992911040e+000 
1.450045332e+000 1.988773631e+000 
1.255392495e+000 1.936431872e+000 
1.342855328e+000 1.969956486e+000 
1.511207538e+000 1.995559766e+000 
1.515461315e+000 1.995886170e+000 
1.458400203e+000 1.990147822e+000 
1.432766492e+000 1.987351759e+000 
1.426759843e+000 1.986480859e+000 
1.438539753e+000 1.987441926e+000 
1.469712097e+000 1.991191657e+000 
1.454760782e+000 1.989771660e+000 
1.429206711e+000 1.986637100e+000 
1.454585796e+000 1.989648894e+000 
1.438660491e+000 1.987529486e+000 
1.437798336e+000 1.987410940e+000 
1.423312005e+000 1.985457681e+000 
1.413821937e+000 1.984358233e+000 
1.413508116e+000 1.984149391e+000 
1.418978933e+000 1.984960562e+000 
1.415471778e+000 1.984499077e+000 
1.416646010e+000 1.984509046e+000 
1.441057219e+000 1.988292388e+000 
1.423423453e+000 1.985551451e+000 
1.352778965e+000 1.972254851e+000 

