1.002457771e+000 1.017650859e+000 
1.002692542e+000 1.017915903e+000 
1.002360465e+000 1.017445476e+000 
1.002469295e+000 1.017683952e+000 
1.002789848e+000 1.018125242e+000 
1.002566600e+000 1.017889335e+000 
1.002707589e+000 1.017916719e+000 
1.001719579e+000 1.015827267e+000 
1.002189390e+000 1.016067203e+000 
1.002252889e+000 1.016069176e+000 
1.001504002e+000 1.015629881e+000 
1.002012258e+000 1.015866532e+000 
1.001784653e+000 1.015828619e+000 
1.001705331e+000 1.015790218e+000 
1.001853920e+000 1.015863387e+000 
1.002094551e+000 1.016065986e+000 
1.001948760e+000 1.015864558e+000 
1.001340169e+000 1.015418560e+000 
1.013235874e+000 1.260657468e+000 
1.014518214e+000 1.262753024e+000 
1.011320006e+000 1.256874298e+000 
1.011008912e+000 1.256008681e+000 
1.011560315e+000 1.257634028e+000 
1.010798143e+000 1.255124617e+000 
1.010959467e+000 1.255956946e+000 
1.010960528e+000 1.255988233e+000 
1.012564608e+000 1.259408514e+000 
1.011541811e+000 1.257605991e+000 
1.012349630e+000 1.259308455e+000 
1.011920854e+000 1.258483922e+000 
1.013173433e+000 1.260502883e+000 
1.012511226e+000 1.259349439e+000 
1.014591646e+000 1.262764192e+000 
1.012807097e+000 1.259866632e+000 
1.014059676e+000 1.261919290e+000 
1.012744656e+000 1.259745743e+000 
1.014002973e+000 1.261797154e+000 
1.004639450e+000 1.033476387e+000 
1.003153814e+000 1.031694087e+000 
1.003655134e+000 1.032635938e+000 
1.004860945e+000 1.033489732e+000 
1.004970292e+000 1.033737807e+000 
1.006664265e+000 1.035031838e+000 
1.003989706e+000 1.032715480e+000 
1.004391567e+000 1.033302343e+000 
1.005079551e+000 1.033745501e+000 
1.005415775e+000 1.033943280e+000 
1.005189675e+000 1.033758847e+000 
1.003633939e+000 1.032597516e+000 
1.004060725e+000 1.033040923e+000 
1.003264325e+000 1.032480007e+000 
1.003182930e+000 1.032200644e+000 
1.003749594e+000 1.032662392e+000 
1.004748709e+000 1.033484081e+000 
1.006215050e+000 1.034708846e+000 
1.006442682e+000 1.034778112e+000 
1.003600582e+000 1.032579346e+000 
1.002888061e+000 1.031647759e+000 
1.006178622e+000 1.034622612e+000 
1.005758342e+000 1.034352940e+000 
1.005930361e+000 1.034353244e+000 
1.003494061e+000 1.032579175e+000 
1.004331057e+000 1.033105380e+000 
1.005572942e+000 1.033978544e+000 
1.001226557e+000 1.006815392e+000 
1.001199749e+000 1.006767407e+000 
1.001076213e+000 1.006677285e+000 
1.001297565e+000 1.006823617e+000 
1.001339355e+000 1.006827816e+000 
1.001189011e+000 1.006689709e+000 
1.001218736e+000 1.006779219e+000 
1.001147221e+000 1.006685530e+000 
1.007721813e+000 1.044860479e+000 
1.007788999e+000 1.044867741e+000 
1.006784971e+000 1.043190137e+000 
1.006992746e+000 1.043949943e+000 
1.007848952e+000 1.044906396e+000 
1.007321670e+000 1.044050666e+000 
1.043538596e+000 1.902174252e+000 
1.055760522e+000 1.912658125e+000 
1.067676018e+000 1.921891521e+000 
1.134514804e+000 1.954082269e+000 
1.037653697e+000 1.896142503e+000 
1.039909110e+000 1.898916467e+000 
1.151597219e+000 1.958731640e+000 
1.022801824e+000 1.878120950e+000 
1.020160476e+000 1.874251124e+000 
1.110825089e+000 1.944085085e+000 
1.017973211e+000 1.870530099e+000 
1.086380697e+000 1.932456949e+000 
1.123216393e+000 1.948622075e+000 
1.149367233e+000 1.958546997e+000 
1.022156781e+000 1.877132597e+000 
1.032346453e+000 1.890578674e+000 
1.038498533e+000 1.897367092e+000 
1.017594818e+000 1.869560326e+000 
1.020597535e+000 1.874815607e+000 
1.020876302e+000 1.874853486e+000 
1.060388571e+000 1.916681587e+000 
1.154757826e+000 1.960164973e+000 
1.111044890e+000 1.944595351e+000 
1.072731878e+000 1.925248102e+000 
1.093006648e+000 1.936302298e+000 
1.022058310e+000 1.876721052e+000 
1.078643455e+000 1.928988036e+000 
1.039948024e+000 1.898974630e+000 
1.041592133e+000 1.900366479e+000 
1.049031092e+000 1.907308253e+000 
1.103855575e+000 1.941022647e+000 
1.114928311e+000 1.945643011e+000 
1.035475645e+000 1.894096230e+000 
1.058164644e+000 1.915013107e+000 
1.072223829e+000 1.924825253e+000 
1.119922775e+000 1.947774845e+000 
1.116386340e+000 1.946225114e+000 
1.020035947e+000 1.873682827e+000 
1.120142575e+000 1.948285111e+000 
1.022413947e+000 1.877439508e+000 
1.036081094e+000 1.894732201e+000 
1.084592124e+000 1.931688616e+000 
1.036650441e+000 1.895386333e+000 
1.075288793e+000 1.926896010e+000 
1.035089591e+000 1.893661932e+000 
1.074780744e+000 1.926472684e+000 
1.078621124e+000 1.928536366e+000 
1.073504009e+000 1.925585436e+000 
1.073229299e+000 1.925576528e+000 
1.029217925e+000 1.886965853e+000 
1.029654984e+000 1.887531688e+000 
1.040514559e+000 1.899545728e+000 
1.072713636e+000 1.925143271e+000 
1.149058376e+000 1.958454426e+000 
1.030092080e+000 1.887824772e+000 
1.048939693e+000 1.906933273e+000 
1.077561039e+000 1.928181239e+000 
1.056074969e+000 1.913283990e+000 
1.056618688e+000 1.913638752e+000 
1.109199616e+000 1.943807871e+000 
1.027075513e+000 1.884151401e+000 
1.072431553e+000 1.925131932e+000 
1.027986006e+000 1.885430633e+000 
1.128567617e+000 1.951142360e+000 
1.032159922e+000 1.890061452e+000 
1.040176125e+000 1.899163036e+000 
1.026988554e+000 1.884069341e+000 
1.032783512e+000 1.891144509e+000 
1.041519372e+000 1.900324427e+000 
1.129700049e+000 1.951616757e+000 
1.029335689e+000 1.887012756e+000 
1.019527585e+000 1.872775000e+000 
1.044561533e+000 1.903220126e+000 
1.020393343e+000 1.874310522e+000 
1.031486358e+000 1.889317947e+000 
1.080102751e+000 1.929323375e+000 
1.085357450e+000 1.932329042e+000 
1.090644815e+000 1.934985505e+000 
1.100385711e+000 1.939649767e+000 
1.109945821e+000 1.943991837e+000 
1.021746009e+000 1.876405843e+000 
1.070025266e+000 1.923445165e+000 
1.069592610e+000 1.923084146e+000 
1.018206077e+000 1.870589497e+000 
1.080893370e+000 1.929822071e+000 
1.077052991e+000 1.927778217e+000 
1.078544178e+000 1.928480843e+000 
1.095870191e+000 1.936941492e+000 
1.054401530e+000 1.911763065e+000 
1.084081448e+000 1.931526006e+000 
1.120013873e+000 1.947787458e+000 
1.029596890e+000 1.887319664e+000 
1.125417119e+000 1.950377128e+000 
1.087463113e+000 1.933263270e+000 
1.015630621e+000 1.865207601e+000 
1.149867385e+000 1.958563012e+000 
1.026194099e+000 1.882877311e+000 
1.123091565e+000 1.948523726e+000 
1.059855214e+000 1.916182300e+000 
1.072721251e+000 1.925153547e+000 
1.135014956e+000 1.954082902e+000 
1.152191613e+000 1.958895111e+000 
1.073719107e+000 1.925894547e+000 
1.077971776e+000 1.928203711e+000 
1.033027665e+000 1.891344446e+000 
1.025720665e+000 1.882163914e+000 
1.015616001e+000 1.865096150e+000 
1.017373460e+000 1.869015772e+000 
1.025528022e+000 1.881905391e+000 
1.016826918e+000 1.867541775e+000 
1.015334704e+000 1.864100223e+000 
1.018920598e+000 1.871905286e+000 
1.146776586e+000 1.957207834e+000 
1.099410600e+000 1.939120299e+000 
1.105830626e+000 1.941953251e+000 
1.016767313e+000 1.867494055e+000 
1.071923504e+000 1.924708475e+000 
1.015972019e+000 1.865890111e+000 
1.045752646e+000 1.904414821e+000 
1.043574593e+000 1.902368048e+000 
1.057633612e+000 1.914585376e+000 
1.071673982e+000 1.924389568e+000 
1.016031524e+000 1.865915333e+000 
1.014919181e+000 1.863281040e+000 
1.087921828e+000 1.933595778e+000 
1.104748210e+000 1.941146930e+000 
1.096239854e+000 1.937283899e+000 
1.026322477e+000 1.883097420e+000 
1.104911784e+000 1.941216321e+000 
1.044925908e+000 1.903443017e+000 
1.017850060e+000 1.869766965e+000 
1.015486414e+000 1.864253120e+000 
1.032175369e+000 1.890254145e+000 
1.028854198e+000 1.886382801e+000 
1.044558512e+000 1.903099574e+000 
1.039376371e+000 1.898104214e+000 
1.052543505e+000 1.910312254e+000 
1.069856396e+000 1.923379538e+000 
1.065959276e+000 1.920591741e+000 
1.138748367e+000 1.955538345e+000 
1.054278312e+000 1.911663333e+000 
1.014789594e+000 1.862438010e+000 
1.136754287e+000 1.954846082e+000 
1.021576082e+000 1.876100404e+000 
1.066437514e+000 1.921036287e+000 
1.024661677e+000 1.880710808e+000 
1.023780371e+000 1.879405945e+000 
1.049797256e+000 1.907982042e+000 
1.044340758e+000 1.903041812e+000 
1.046739586e+000 1.905267244e+000 
1.091303492e+000 1.935333042e+000 
1.090114646e+000 1.934494310e+000 
1.041054878e+000 1.899965220e+000 
1.051886931e+000 1.909713043e+000 
1.062249031e+000 1.918000759e+000 
1.042465263e+000 1.901159927e+000 
1.043276369e+000 1.902116274e+000 
1.042759190e+000 1.901571854e+000 
1.033871706e+000 1.892315407e+000 
1.046083011e+000 1.904667879e+000 
1.043904959e+000 1.902620761e+000 
1.058698001e+000 1.915512394e+000 
1.028420195e+000 1.885740378e+000 
1.044937243e+000 1.903618282e+000 
1.124843869e+000 1.949764076e+000 
1.024057634e+000 1.879816994e+000 
1.017470288e+000 1.869019384e+000 
1.019666278e+000 1.873063971e+000 
1.021687953e+000 1.876165327e+000 
1.025375097e+000 1.881600225e+000 
1.022713286e+000 1.877826604e+000 
1.108477201e+000 1.943068682e+000 
1.053870498e+000 1.911336025e+000 
1.058041426e+000 1.914913029e+000 
1.152952565e+000 1.959719083e+000 
1.061590353e+000 1.917616952e+000 
1.034158296e+000 1.892604966e+000 
1.117266659e+000 1.946489219e+000 
1.051479117e+000 1.909385581e+000 
1.050822543e+000 1.908785871e+000 
1.053213924e+000 1.910736315e+000 
1.064106321e+000 1.919346835e+000 
1.036220222e+000 1.894921925e+000 
1.061386659e+000 1.917337380e+000 
1.103460251e+000 1.940994902e+000 
1.063041932e+000 1.918420096e+000 
1.044921684e+000 1.903345468e+000 
1.092451037e+000 1.935523915e+000 
1.072085890e+000 1.924784152e+000 
1.069050737e+000 1.922692175e+000 
1.079937436e+000 1.929110605e+000 
1.045454422e+000 1.904163047e+000 
1.133177226e+000 1.953295071e+000 
1.118862008e+000 1.947435722e+000 
1.102445539e+000 1.940294256e+000 
1.105209448e+000 1.941364041e+000 
1.037292375e+000 1.895690387e+000 
1.134305743e+000 1.953354009e+000 
1.129104713e+000 1.951301005e+000 
1.141349093e+000 1.956345058e+000 
1.114555714e+000 1.945283138e+000 
1.132525903e+000 1.952655298e+000 
1.100884945e+000 1.939739937e+000 
1.096314880e+000 1.937452562e+000 
1.062581138e+000 1.918046455e+000 
1.060380765e+000 1.916458242e+000 
1.104472223e+000 1.941063976e+000 
1.062085604e+000 1.917906543e+000 
1.101364818e+000 1.939755991e+000 
1.130740928e+000 1.951694312e+000 
1.000693089e+000 1.005928290e+000 
1.000616063e+000 1.005916120e+000 
1.000988323e+000 1.006023132e+000 
1.001065349e+000 1.006035302e+000 
1.000556260e+000 1.005054050e+000 
1.010289268e+000 1.075452722e+000 
1.010771466e+000 1.075596552e+000 
1.009922184e+000 1.074682121e+000 
1.010529827e+000 1.075589144e+000 
1.009338339e+000 1.073771795e+000 
1.008554996e+000 1.072276778e+000 
1.007857012e+000 1.069647963e+000 
1.008004104e+000 1.070351232e+000 
1.008049655e+000 1.071134809e+000 
1.008799272e+000 1.072852206e+000 
1.010370948e+000 1.075453303e+000 
1.008268457e+000 1.071825380e+000 
1.008348164e+000 1.071917976e+000 
1.009097780e+000 1.073635373e+000 
1.009681625e+000 1.074545700e+000 
1.010287795e+000 1.075433708e+000 
1.008922476e+000 1.073037849e+000 
1.000158927e+000 1.000007359e+000 
1.000029458e+000 1.000007023e+000 
1.000000001e+000 1.000007015e+000 
1.000125220e+000 1.000007205e+000 
1.000460968e+000 1.000007515e+000 
1.000089307e+000 1.000007025e+000 
1.223175744e+000 1.980423295e+000 
1.198599967e+000 1.974480601e+000 
1.456541455e+000 2.000000000e+000 
1.342216449e+000 1.995900334e+000 
1.430860122e+000 1.999198010e+000 
1.181816783e+000 1.969500744e+000 
1.218991913e+000 1.979376801e+000 
1.167549559e+000 1.964277395e+000 
1.168205255e+000 1.964403980e+000 
1.403858594e+000 1.998859952e+000 
1.178483260e+000 1.968322117e+000 
1.168818255e+000 1.964962085e+000 
1.172512383e+000 1.966704006e+000 
1.171338971e+000 1.965426401e+000 
1.436638378e+000 1.999385190e+000 
1.166585385e+000 1.963776355e+000 
1.317563131e+000 1.993301645e+000 
1.215002091e+000 1.978445009e+000 
1.186714206e+000 1.971116396e+000 
1.335012317e+000 1.995273234e+000 
1.216456235e+000 1.978559612e+000 
1.239415144e+000 1.983146110e+000 
1.185933429e+000 1.970826036e+000 
1.184930190e+000 1.970494556e+000 
1.173656012e+000 1.966900962e+000 
1.177448990e+000 1.968152318e+000 
1.193568645e+000 1.973362255e+000 
1.237879016e+000 1.983074814e+000 
1.205816217e+000 1.976413453e+000 
1.180102490e+000 1.968822644e+000 
1.173571518e+000 1.966811660e+000 
1.394378501e+000 1.998646659e+000 
1.161477389e+000 1.961949661e+000 
1.208324830e+000 1.976798133e+000 
1.412025787e+000 1.999063119e+000 
1.262738924e+000 1.986602951e+000 
1.449279887e+000 1.999990973e+000 
1.184074386e+000 1.970214407e+000 
1.175197153e+000 1.967019477e+000 
1.287576259e+000 1.989879809e+000 
1.210096617e+000 1.977581422e+000 
1.219180980e+000 1.979641906e+000 
1.448307250e+000 1.999767753e+000 
1.164299662e+000 1.963393299e+000 
1.439414242e+000 1.999485948e+000 
1.448144864e+000 1.999758696e+000 
1.336631294e+000 1.995451233e+000 
1.220814752e+000 1.979725913e+000 
1.254429009e+000 1.985706216e+000 
1.220861329e+000 1.979729403e+000 
1.181632822e+000 1.969234669e+000 
1.216495398e+000 1.978999755e+000 
1.182691922e+000 1.969856180e+000 
1.208382563e+000 1.977029640e+000 
1.175380260e+000 1.967024172e+000 
1.175758945e+000 1.967315840e+000 
1.369007320e+000 1.997584199e+000 
1.439346833e+000 1.999485100e+000 
1.396697775e+000 1.998705646e+000 
1.370920756e+000 1.997961721e+000 
1.221237121e+000 1.979798827e+000 
1.354297344e+000 1.996342762e+000 
1.209730494e+000 1.977575500e+000 
1.231079116e+000 1.981855823e+000 
1.235113142e+000 1.982447396e+000 
1.233191141e+000 1.982366858e+000 
1.228640598e+000 1.981409956e+000 
1.354655875e+000 1.996570273e+000 
1.231142627e+000 1.981889421e+000 
1.229106582e+000 1.981543919e+000 
1.241654569e+000 1.983480422e+000 
1.354498376e+000 1.996398252e+000 
1.230444603e+000 1.981678427e+000 
1.227167045e+000 1.981266326e+000 
1.247410083e+000 1.984642590e+000 
1.416354944e+000 1.999098514e+000 
1.418544217e+000 1.999135679e+000 
1.348373460e+000 1.996327354e+000 
1.341209459e+000 1.995769013e+000 
1.239587070e+000 1.983185021e+000 
1.214064697e+000 1.978262064e+000 
1.233930767e+000 1.982391795e+000 
1.446447097e+000 1.999657201e+000 
1.245535052e+000 1.984048891e+000 
1.410804894e+000 1.999035379e+000 
1.433678818e+000 1.999259761e+000 
1.156953686e+000 1.960173279e+000 
1.190916503e+000 1.972271868e+000 
1.158555037e+000 1.960649479e+000 
1.198970682e+000 1.974942367e+000 
1.426635203e+000 1.999176817e+000 
1.365495966e+000 1.997571594e+000 
1.333549709e+000 1.995120947e+000 
1.274658097e+000 1.988446834e+000 
1.159662366e+000 1.961508439e+000 
1.250092161e+000 1.984958904e+000 
1.202817785e+000 1.975737264e+000 
1.198825766e+000 1.974725440e+000 
1.249376762e+000 1.984753633e+000 
1.225392356e+000 1.980658066e+000 
1.334333959e+000 1.995140344e+000 
1.206117338e+000 1.976505149e+000 
1.209012450e+000 1.977255887e+000 
1.272409093e+000 1.988109153e+000 
1.344653558e+000 1.996076404e+000 
1.407896153e+000 1.998939262e+000 
1.226453302e+000 1.980854794e+000 
1.426405671e+000 1.999137608e+000 
1.370396734e+000 1.997925921e+000 
1.376557275e+000 1.998328197e+000 
1.188487220e+000 1.971820371e+000 
1.286948391e+000 1.989797681e+000 
1.177114912e+000 1.967833306e+000 
1.284695241e+000 1.989577423e+000 
1.384925829e+000 1.998495606e+000 
1.172256696e+000 1.965859948e+000 
1.386589283e+000 1.998500686e+000 
1.159976392e+000 1.961524336e+000 
1.172362636e+000 1.966021894e+000 
1.197088170e+000 1.974186124e+000 
1.200245184e+000 1.975043418e+000 
1.251118355e+000 1.985162476e+000 
1.203713433e+000 1.975937456e+000 
1.160688851e+000 1.961775882e+000 
1.170800476e+000 1.965371880e+000 
1.289455258e+000 1.990218377e+000 
1.196674813e+000 1.974014525e+000 
1.182388081e+000 1.969706809e+000 
1.164186136e+000 1.962822203e+000 
1.186845568e+000 1.971144876e+000 
1.188479842e+000 1.971374766e+000 
1.205712105e+000 1.976211467e+000 
1.255168652e+000 1.985794965e+000 
1.158537775e+000 1.960646769e+000 
1.180988091e+000 1.969087100e+000 
1.165889430e+000 1.963584424e+000 
1.180275632e+000 1.968831027e+000 
1.284098888e+000 1.989551833e+000 
1.288008891e+000 1.990084935e+000 
1.292371667e+000 1.990511575e+000 
1.254711117e+000 1.985782187e+000 
1.163260133e+000 1.962574432e+000 
1.331936140e+000 1.994856281e+000 
1.242633346e+000 1.983837395e+000 
1.241993478e+000 1.983537739e+000 
1.292927839e+000 1.990795686e+000 
1.241997909e+000 1.983705396e+000 
1.193413844e+000 1.973030905e+000 
1.246970194e+000 1.984578427e+000 
1.285163854e+000 1.989707221e+000 
1.191453731e+000 1.972858599e+000 
1.269262409e+000 1.988007676e+000 
1.331309765e+000 1.994820708e+000 
1.189496671e+000 1.972182965e+000 
1.257949458e+000 1.986062566e+000 
1.240617804e+000 1.983375020e+000 
1.190292579e+000 1.972262674e+000 
1.248270096e+000 1.984644256e+000 
1.251948011e+000 1.985530618e+000 
1.172086116e+000 1.965831484e+000 
1.264188029e+000 1.987098319e+000 
1.265786505e+000 1.987303926e+000 
1.300555336e+000 1.991509672e+000 
1.280849177e+000 1.989329399e+000 
1.274733235e+000 1.988666450e+000 
1.389368149e+000 1.998526432e+000 
1.201129843e+000 1.975166291e+000 
1.397352332e+000 1.998745385e+000 
1.267570525e+000 1.987640409e+000 
1.281228050e+000 1.989373827e+000 
1.282928743e+000 1.989398293e+000 
1.277899240e+000 1.988956756e+000 
1.264378831e+000 1.987185316e+000 
1.372758883e+000 1.998146909e+000 
1.266285215e+000 1.987398547e+000 
1.303829543e+000 1.992032303e+000 
1.296620594e+000 1.991064705e+000 
1.299956260e+000 1.991501880e+000 
1.305300497e+000 1.992184981e+000 
1.375321067e+000 1.998268884e+000 
1.295933269e+000 1.990938963e+000 
1.265103403e+000 1.987223538e+000 
1.275203135e+000 1.988712716e+000 
1.301138072e+000 1.991673670e+000 
1.318694357e+000 1.993537809e+000 
1.363093211e+000 1.997218258e+000 
1.364808649e+000 1.997401814e+000 
1.390732746e+000 1.998576421e+000 
1.369961232e+000 1.997845612e+000 
1.313328547e+000 1.993079269e+000 
1.310740553e+000 1.992805258e+000 
1.318102911e+000 1.993522794e+000 
1.310966398e+000 1.992876612e+000 
1.327856440e+000 1.994417242e+000 
1.314639782e+000 1.993120517e+000 
1.307637587e+000 1.992459925e+000 
1.362639685e+000 1.997190900e+000 
1.322227439e+000 1.993879275e+000 
1.320983844e+000 1.993834781e+000 
1.356855487e+000 1.996595032e+000 
1.323130201e+000 1.994077002e+000 
1.319870444e+000 1.993688524e+000 
1.360654666e+000 1.996973633e+000 
1.323499175e+000 1.994082644e+000 
1.218729302e+000 1.979237284e+000 
1.212369797e+000 1.977885639e+000 
1.215972511e+000 1.978552656e+000 
1.215381049e+000 1.978532192e+000 

