1.000000174e+000 1.000001944e+000 
1.000039562e+000 1.000002089e+000 
1.000017355e+000 1.000002016e+000 
1.000000000e+000 1.000001936e+000 
1.000136509e+000 1.000002092e+000 
1.000225881e+000 1.000002164e+000 
1.000182134e+000 1.000002158e+000 
1.000830788e+000 1.000002377e+000 
1.000801004e+000 1.000002375e+000 
1.000953187e+000 1.000002513e+000 
1.018158587e+000 1.009993569e+000 
1.017077650e+000 1.009588397e+000 
1.016867190e+000 1.009476662e+000 
1.017404800e+000 1.009700741e+000 
1.016337861e+000 1.009177344e+000 
1.021580840e+000 1.010873617e+000 
1.016333036e+000 1.009159921e+000 
1.015985981e+000 1.009006686e+000 
1.021477225e+000 1.010870593e+000 
1.020359278e+000 1.010539685e+000 
1.022781559e+000 1.011154172e+000 
1.017773248e+000 1.009830887e+000 
1.020260226e+000 1.010498948e+000 
1.020361521e+000 1.010576153e+000 
1.016729353e+000 1.009271602e+000 
1.022302177e+000 1.011061269e+000 
1.021862541e+000 1.010974179e+000 
1.023651660e+000 1.011315798e+000 
1.023110574e+000 1.011205999e+000 
1.020757687e+000 1.010681387e+000 
1.021082510e+000 1.010781468e+000 
1.018855135e+000 1.010209423e+000 
1.019192056e+000 1.010303137e+000 
1.022572687e+000 1.011129218e+000 
1.016993120e+000 1.009547498e+000 
1.017269260e+000 1.009659739e+000 
1.017626590e+000 1.009791853e+000 
1.023407960e+000 1.011251153e+000 
1.017925679e+000 1.009903836e+000 
1.018294127e+000 1.010033396e+000 
1.020361397e+000 1.010562451e+000 
1.023936145e+000 1.011371212e+000 
1.020680623e+000 1.010580023e+000 
1.019818085e+000 1.010441551e+000 
1.006868961e+000 1.001499024e+000 
1.007174649e+000 1.001589648e+000 
1.007698005e+000 1.001631522e+000 
1.007582525e+000 1.001614117e+000 
1.007120620e+000 1.001563366e+000 
1.007322831e+000 1.001589838e+000 
1.007084374e+000 1.001539358e+000 
1.007456706e+000 1.001609110e+000 
1.007560801e+000 1.001611729e+000 
1.007626578e+000 1.001615026e+000 
1.007660436e+000 1.001615574e+000 
1.007760453e+000 1.001634299e+000 
1.008024280e+000 1.001658430e+000 
1.007866239e+000 1.001637307e+000 
1.006909686e+000 1.001499722e+000 
1.008023163e+000 1.001657732e+000 
1.006792311e+000 1.001476355e+000 
1.007952351e+000 1.001655104e+000 
1.187556807e+000 1.946851377e+000 
1.075606147e+000 1.894006941e+000 
1.108481384e+000 1.916833909e+000 
1.109308616e+000 1.917065483e+000 
1.125029650e+000 1.925243426e+000 
1.074311271e+000 1.892271013e+000 
1.131114281e+000 1.927886265e+000 
1.185287072e+000 1.946306987e+000 
1.083603138e+000 1.901190440e+000 
1.131028805e+000 1.927447967e+000 
1.161828419e+000 1.939055045e+000 
1.234364277e+000 1.955519378e+000 
1.075258895e+000 1.893523402e+000 
1.112238491e+000 1.918714208e+000 
1.134348782e+000 1.929165072e+000 
1.190675913e+000 1.947571973e+000 
1.129700590e+000 1.927305579e+000 
1.083121583e+000 1.900906329e+000 
1.083230125e+000 1.900919908e+000 
1.099865087e+000 1.912362073e+000 
1.123814367e+000 1.924471309e+000 
1.191252743e+000 1.948176012e+000 
1.203511652e+000 1.950867001e+000 
1.184409838e+000 1.946272731e+000 
1.126827582e+000 1.926134000e+000 
1.078672370e+000 1.897092833e+000 
1.079172589e+000 1.897484935e+000 
1.135385202e+000 1.929553192e+000 
1.078544897e+000 1.896615571e+000 
1.215266183e+000 1.953029528e+000 
1.236170479e+000 1.956440991e+000 
1.074806771e+000 1.892751248e+000 
1.221752384e+000 1.954359031e+000 
1.108567405e+000 1.916972665e+000 
1.135018707e+000 1.929437902e+000 
1.187621386e+000 1.947245928e+000 
1.173932105e+000 1.943379742e+000 
1.162600399e+000 1.939739065e+000 
1.091795652e+000 1.907023826e+000 
1.120688759e+000 1.923302486e+000 
1.079520242e+000 1.897638777e+000 
1.104172437e+000 1.914683529e+000 
1.116389115e+000 1.921061588e+000 
1.155555340e+000 1.937136032e+000 
1.124392138e+000 1.925107319e+000 
1.105065280e+000 1.914972546e+000 
1.158925483e+000 1.938297098e+000 
1.077527523e+000 1.896048294e+000 
1.077163821e+000 1.895543756e+000 
1.096524329e+000 1.910196084e+000 
1.293982050e+000 1.965133711e+000 
1.298730953e+000 1.965924965e+000 
1.076162935e+000 1.894531236e+000 
1.077134331e+000 1.895462930e+000 
1.089019264e+000 1.905351211e+000 
1.087527930e+000 1.904078951e+000 
1.090996947e+000 1.906587516e+000 
1.118627674e+000 1.922073108e+000 
1.160175302e+000 1.938746591e+000 
1.075463533e+000 1.893714386e+000 
1.100226010e+000 1.912523404e+000 
1.108126755e+000 1.916608468e+000 
1.099072122e+000 1.912005518e+000 
1.117136278e+000 1.921337188e+000 
1.120393157e+000 1.923154504e+000 
1.116093513e+000 1.920910028e+000 
1.296556088e+000 1.965253349e+000 
1.086485532e+000 1.903367034e+000 
1.152224116e+000 1.935974544e+000 
1.080098445e+000 1.898177205e+000 
1.092654246e+000 1.907771967e+000 
1.092489090e+000 1.907600565e+000 
1.139587623e+000 1.930951885e+000 
1.099523058e+000 1.912351908e+000 
1.088094143e+000 1.904550089e+000 
1.102165214e+000 1.913666608e+000 
1.110728443e+000 1.918239040e+000 
1.151626000e+000 1.935973642e+000 
1.120958379e+000 1.923428753e+000 
1.124466231e+000 1.925150199e+000 
1.173650202e+000 1.943357950e+000 
1.096975264e+000 1.910542401e+000 
1.174097477e+000 1.943452898e+000 
1.127316395e+000 1.926375428e+000 
1.143615309e+000 1.932605767e+000 
1.241632454e+000 1.957460523e+000 
1.080122756e+000 1.898318573e+000 
1.261762951e+000 1.960759185e+000 
1.106278667e+000 1.915669413e+000 
1.104342265e+000 1.914775085e+000 
1.154023890e+000 1.936393805e+000 
1.310340437e+000 1.966130929e+000 
1.101716299e+000 1.913451290e+000 
1.080580132e+000 1.898645956e+000 
1.224071698e+000 1.954766521e+000 
1.119928839e+000 1.922958938e+000 
1.083804565e+000 1.901348212e+000 
1.108855498e+000 1.917049577e+000 
1.101277280e+000 1.913227047e+000 
1.156758556e+000 1.937523887e+000 
1.298233745e+000 1.965604626e+000 
1.098725414e+000 1.911501141e+000 
1.126632066e+000 1.926024613e+000 
1.178197433e+000 1.944780679e+000 
1.087652111e+000 1.904081847e+000 
1.122013848e+000 1.923890243e+000 
1.126971351e+000 1.926163683e+000 
1.097468880e+000 1.910854662e+000 
1.100311989e+000 1.912579764e+000 
1.167234792e+000 1.941494628e+000 
1.075500057e+000 1.893800708e+000 
1.089419212e+000 1.905550210e+000 
1.085376553e+000 1.902604215e+000 
1.096242980e+000 1.910105579e+000 
1.083429767e+000 1.901151390e+000 
1.089886268e+000 1.905809511e+000 
1.081133022e+000 1.899157750e+000 
1.100019655e+000 1.912364703e+000 
1.259104102e+000 1.959964930e+000 
1.082306032e+000 1.900171389e+000 
1.084718486e+000 1.902057026e+000 
1.146109130e+000 1.933477381e+000 
1.165882871e+000 1.940893769e+000 
1.100917533e+000 1.913005351e+000 
1.150651349e+000 1.935379583e+000 
1.229092217e+000 1.955252892e+000 
1.220003392e+000 1.954083968e+000 
1.205884613e+000 1.951702458e+000 
1.301764131e+000 1.966000681e+000 
1.088497825e+000 1.904947618e+000 
1.091460639e+000 1.906927133e+000 
1.235755101e+000 1.956374236e+000 
1.102620021e+000 1.913756407e+000 
1.097233946e+000 1.910746114e+000 
1.094336622e+000 1.908761964e+000 
1.169451443e+000 1.942057199e+000 
1.086475061e+000 1.903324970e+000 
1.230011836e+000 1.955313546e+000 
1.087089125e+000 1.903838194e+000 
1.213427945e+000 1.952273327e+000 
1.093546407e+000 1.908296787e+000 
1.100547676e+000 1.912651184e+000 
1.176292635e+000 1.944188331e+000 
1.104822448e+000 1.914927324e+000 
1.126329594e+000 1.925815080e+000 
1.267307960e+000 1.961238319e+000 
1.244174427e+000 1.957956567e+000 
1.220216303e+000 1.954103136e+000 
1.162807715e+000 1.939755301e+000 
1.127648484e+000 1.926491831e+000 
1.271432313e+000 1.961942475e+000 
1.128335404e+000 1.926883863e+000 
1.126240874e+000 1.925813171e+000 
1.125674000e+000 1.925550763e+000 
1.138724676e+000 1.930916590e+000 
1.285846618e+000 1.963796932e+000 
1.283065387e+000 1.963607115e+000 
1.266141485e+000 1.961060394e+000 
1.209219776e+000 1.952183477e+000 
1.222613166e+000 1.954560157e+000 
1.233087324e+000 1.955502571e+000 
1.239231598e+000 1.956956536e+000 
1.127899885e+000 1.926514720e+000 
1.241889999e+000 1.957493216e+000 
1.136074859e+000 1.929817395e+000 
1.192048648e+000 1.948415858e+000 
1.250572911e+000 1.958815868e+000 
1.271219402e+000 1.961930749e+000 
1.263879338e+000 1.960890492e+000 
1.147064760e+000 1.933890648e+000 
1.273532296e+000 1.962378177e+000 
1.179352784e+000 1.944962103e+000 
1.312123826e+000 1.966554007e+000 
1.289205542e+000 1.964663819e+000 
1.207300445e+000 1.951868076e+000 
1.238058475e+000 1.956781672e+000 
1.272363812e+000 1.962169102e+000 
1.204847768e+000 1.951227295e+000 
1.147170988e+000 1.934059486e+000 
1.147590372e+000 1.934186940e+000 
1.154525746e+000 1.936543923e+000 
1.179620176e+000 1.945215717e+000 
1.183649635e+000 1.946231841e+000 
1.171269292e+000 1.942707407e+000 
1.203192202e+000 1.950816451e+000 
1.137115059e+000 1.930226943e+000 
1.199411363e+000 1.949794968e+000 
1.168962516e+000 1.941879091e+000 
1.141932192e+000 1.932096682e+000 
1.142414167e+000 1.932365760e+000 
1.200536277e+000 1.950020240e+000 
1.113256718e+000 1.919240591e+000 
1.182856989e+000 1.945941569e+000 
1.114273136e+000 1.919708536e+000 
1.114402767e+000 1.919737003e+000 
1.173448203e+000 1.943298108e+000 
1.152896864e+000 1.936201043e+000 
1.138256930e+000 1.930658097e+000 
1.166420135e+000 1.941060924e+000 
1.111502699e+000 1.918355246e+000 
1.240339049e+000 1.956980603e+000 
1.148448851e+000 1.934462902e+000 
1.287580539e+000 1.964137405e+000 
1.157049419e+000 1.937691907e+000 
1.249611705e+000 1.958512195e+000 
1.247520978e+000 1.958338049e+000 
1.178134899e+000 1.944746136e+000 
1.148961043e+000 1.934678362e+000 
1.252552367e+000 1.959055011e+000 
1.116320811e+000 1.920975529e+000 
1.251715685e+000 1.959007755e+000 
1.222907120e+000 1.954684301e+000 
1.205575445e+000 1.951413044e+000 
1.255054450e+000 1.959619366e+000 
1.195912897e+000 1.949105249e+000 
1.063930578e+000 1.541092210e+000 
1.073187907e+000 1.548469410e+000 
1.061801729e+000 1.539017576e+000 
1.069073107e+000 1.545486157e+000 
1.062180499e+000 1.539439966e+000 
1.071409349e+000 1.547205892e+000 
1.071903035e+000 1.547622001e+000 
1.061441482e+000 1.538588091e+000 
1.063551808e+000 1.540669944e+000 
1.062485284e+000 1.539597613e+000 
1.063043329e+000 1.540138495e+000 
1.063238986e+000 1.540409941e+000 
1.065062638e+000 1.542098893e+000 
1.067143044e+000 1.543910605e+000 
1.068048101e+000 1.544784695e+000 
1.073397000e+000 1.548615926e+000 
1.062668346e+000 1.539634508e+000 
1.062877632e+000 1.539753509e+000 
1.063810125e+000 1.541026598e+000 
1.060349209e+000 1.536950503e+000 
1.067193434e+000 1.544032500e+000 
1.070309951e+000 1.546329402e+000 
1.068831761e+000 1.545304321e+000 
1.067275666e+000 1.544120364e+000 
1.069357939e+000 1.545782076e+000 
1.072954558e+000 1.548397388e+000 
1.065653552e+000 1.542485330e+000 
1.073479424e+000 1.548771070e+000 
1.074136988e+000 1.549242080e+000 
1.072106792e+000 1.547679554e+000 
1.005495517e+000 1.000651618e+000 
1.005484487e+000 1.000650595e+000 
1.004491997e+000 1.000609913e+000 
1.004938222e+000 1.000636805e+000 
1.004232860e+000 1.000586514e+000 
1.004255276e+000 1.000587089e+000 
1.004160609e+000 1.000584328e+000 
1.004332972e+000 1.000599845e+000 
1.004078263e+000 1.000567472e+000 
1.004121930e+000 1.000576725e+000 
1.006135848e+000 1.000696817e+000 
1.004181532e+000 1.000585791e+000 
1.004623839e+000 1.000619503e+000 
1.005006371e+000 1.000638421e+000 
1.004768966e+000 1.000628722e+000 
1.006296692e+000 1.000706257e+000 
1.006581392e+000 1.000715631e+000 
1.004842711e+000 1.000630020e+000 
1.005049664e+000 1.000639253e+000 
1.005693206e+000 1.000678129e+000 
1.006081943e+000 1.000696672e+000 
1.005274261e+000 1.000649834e+000 
1.004421521e+000 1.000608603e+000 
1.005992311e+000 1.000688325e+000 
1.005129125e+000 1.000640005e+000 
1.005938407e+000 1.000688180e+000 
1.005592966e+000 1.000669022e+000 
1.004312049e+000 1.000598382e+000 
1.004654290e+000 1.000619969e+000 
1.004703300e+000 1.000620255e+000 
1.005630412e+000 1.000669053e+000 
1.006728549e+000 1.000716617e+000 
1.005636314e+000 1.000669332e+000 
1.004469209e+000 1.000609912e+000 
1.004394005e+000 1.000600494e+000 
1.004580545e+000 1.000618671e+000 
1.005075221e+000 1.000639861e+000 
1.005058518e+000 1.000639622e+000 
1.004553030e+000 1.000610562e+000 
1.006057130e+000 1.000695512e+000 
1.006173179e+000 1.000697500e+000 
1.006269378e+000 1.000698688e+000 
1.004273398e+000 1.000589355e+000 
1.006024178e+000 1.000688637e+000 
1.006485321e+000 1.000707614e+000 
1.004303703e+000 1.000589642e+000 
1.005903644e+000 1.000686957e+000 
1.005856688e+000 1.000686604e+000 
1.005506428e+000 1.000666794e+000 
1.006565359e+000 1.000708754e+000 
1.006238927e+000 1.000698221e+000 
1.006198088e+000 1.000697843e+000 
1.005849497e+000 1.000678953e+000 
1.048008965e+000 1.078650229e+000 
1.046131234e+000 1.077269640e+000 
1.045094129e+000 1.076529589e+000 
1.050019473e+000 1.079983407e+000 
1.050098601e+000 1.080050671e+000 
1.047174272e+000 1.078070789e+000 
1.049241185e+000 1.079481695e+000 
1.049949968e+000 1.079889449e+000 
1.050626750e+000 1.080269129e+000 
1.045019905e+000 1.076458693e+000 
1.047090634e+000 1.078067784e+000 
1.044450835e+000 1.075902621e+000 
1.044553802e+000 1.076097919e+000 
1.044907234e+000 1.076322518e+000 
1.049923679e+000 1.079845330e+000 
1.056918110e+000 1.121621666e+000 
1.051608473e+000 1.117202216e+000 
1.052519388e+000 1.117993911e+000 
1.052529460e+000 1.118084536e+000 
1.051834775e+000 1.117819025e+000 
1.056756804e+000 1.121446425e+000 
1.051349308e+000 1.117113882e+000 
1.054202987e+000 1.119709992e+000 
1.051192377e+000 1.116861138e+000 
1.008571340e+000 1.004060945e+000 
1.008922646e+000 1.004116053e+000 
1.009425837e+000 1.004223197e+000 
1.011503237e+000 1.004545535e+000 
1.011602750e+000 1.004555489e+000 
1.014125539e+000 1.004866992e+000 
1.014692934e+000 1.004946014e+000 
1.009624015e+000 1.004259515e+000 
1.008228828e+000 1.003912432e+000 
1.008333959e+000 1.003960096e+000 
1.011169852e+000 1.004496268e+000 
1.013629011e+000 1.004815729e+000 
1.015139280e+000 1.004967769e+000 
1.010406088e+000 1.004388122e+000 
1.014797182e+000 1.004957160e+000 
1.015179419e+000 1.004968037e+000 
1.015519963e+000 1.005013510e+000 
1.008131529e+000 1.003856370e+000 
1.008396223e+000 1.003969457e+000 
1.010211655e+000 1.004344615e+000 
1.014402967e+000 1.004916318e+000 
1.009149486e+000 1.004170197e+000 
1.014846988e+000 1.004963175e+000 
1.009465386e+000 1.004225524e+000 
1.009395786e+000 1.004214814e+000 
1.012720760e+000 1.004709525e+000 
1.010546969e+000 1.004399063e+000 
1.010705598e+000 1.004433053e+000 
1.014315518e+000 1.004867788e+000 
1.009183585e+000 1.004170772e+000 
1.011576801e+000 1.004551003e+000 
1.013198522e+000 1.004764004e+000 
1.011867761e+000 1.004598207e+000 
1.011735429e+000 1.004584993e+000 
1.009271256e+000 1.004181042e+000 
1.008846746e+000 1.004113606e+000 
1.011963634e+000 1.004606047e+000 
1.012017916e+000 1.004607914e+000 
1.011958298e+000 1.004602104e+000 
1.015880375e+000 1.005022732e+000 
1.011851133e+000 1.004591927e+000 
1.015947680e+000 1.005047697e+000 
1.029953443e+000 1.022136382e+000 
1.028211766e+000 1.021479340e+000 
1.029987918e+000 1.022214990e+000 
1.035007007e+000 1.023924905e+000 
1.033553284e+000 1.023516591e+000 
1.033309061e+000 1.023438261e+000 
1.034766130e+000 1.023818615e+000 
1.038275399e+000 1.024953223e+000 
1.041153883e+000 1.025834047e+000 
1.028570398e+000 1.021655004e+000 
1.037126925e+000 1.024587654e+000 
1.040893376e+000 1.025664368e+000 
1.024283683e+000 1.019276057e+000 
1.024861880e+000 1.019665983e+000 
1.025421108e+000 1.020117456e+000 
1.025094377e+000 1.019807218e+000 
1.032003804e+000 1.022962112e+000 
1.025275628e+000 1.019866653e+000 
1.028031866e+000 1.021431598e+000 
1.037294324e+000 1.024672191e+000 
1.036129163e+000 1.024307094e+000 
1.025653605e+000 1.020259963e+000 
1.027149638e+000 1.021004144e+000 
1.031155588e+000 1.022590112e+000 
1.024109552e+000 1.019096437e+000 
1.028977200e+000 1.021831257e+000 
1.031299848e+000 1.022762978e+000 
1.038192985e+000 1.024928473e+000 
1.027937052e+000 1.021348540e+000 
1.024604066e+000 1.019496482e+000 
1.026631203e+000 1.020707798e+000 
1.028874815e+000 1.021799821e+000 
1.039341695e+000 1.025277869e+000 
1.043245727e+000 1.026341842e+000 
1.033197585e+000 1.023341503e+000 
1.041217079e+000 1.025834285e+000 
1.032538891e+000 1.023164796e+000 
1.032524581e+000 1.023141973e+000 
1.027966740e+000 1.021351912e+000 
1.028521020e+000 1.021611568e+000 
1.032199926e+000 1.022992895e+000 
1.036820314e+000 1.024495095e+000 
1.042069960e+000 1.025998716e+000 
1.040581922e+000 1.025540349e+000 
1.025261319e+000 1.019810645e+000 
1.035442728e+000 1.024088102e+000 
1.044436804e+000 1.026621913e+000 
1.033500178e+000 1.023447738e+000 
1.031840316e+000 1.022887387e+000 
1.043416856e+000 1.026362216e+000 
1.034960315e+000 1.023911550e+000 
1.030946052e+000 1.022575411e+000 
1.027990712e+000 1.021372038e+000 
1.044268707e+000 1.026570740e+000 
1.042611096e+000 1.026061459e+000 
1.043237051e+000 1.026248387e+000 
1.057546793e+000 1.217531795e+000 
1.058956307e+000 1.219334764e+000 
1.059399663e+000 1.219707244e+000 
1.060260892e+000 1.220515573e+000 
1.059572081e+000 1.219708786e+000 
1.057573318e+000 1.217758137e+000 
1.058808719e+000 1.218853203e+000 
1.054686786e+000 1.120753720e+000 
1.056919153e+000 1.122364919e+000 
1.057191413e+000 1.122525865e+000 
1.054656582e+000 1.120580202e+000 
1.053298029e+000 1.119491571e+000 
1.052810463e+000 1.118936554e+000 
1.054472108e+000 1.120561930e+000 
1.055267949e+000 1.121263982e+000 
1.054515325e+000 1.120562442e+000 
1.052830599e+000 1.118947689e+000 
1.001882284e+000 1.000134892e+000 
1.002531131e+000 1.000153972e+000 
1.002747534e+000 1.000157032e+000 
1.002557521e+000 1.000153985e+000 
1.002121465e+000 1.000143235e+000 
1.002210246e+000 1.000145659e+000 
1.002289663e+000 1.000148606e+000 
1.001826086e+000 1.000134772e+000 
1.002451714e+000 1.000151026e+000 
1.001963025e+000 1.000140254e+000 
1.002005682e+000 1.000140268e+000 
1.002425324e+000 1.000151014e+000 
1.001956473e+000 1.000140021e+000 
1.002515295e+000 1.000151604e+000 
1.002676424e+000 1.000156665e+000 
1.003289599e+000 1.000165674e+000 
1.002488905e+000 1.000151592e+000 
1.002183856e+000 1.000145647e+000 
1.002965895e+000 1.000160225e+000 
1.002068073e+000 1.000142680e+000 
1.003145565e+000 1.000163215e+000 
1.002975118e+000 1.000160557e+000 
1.002766356e+000 1.000157257e+000 
1.002896645e+000 1.000159907e+000 
1.003618740e+000 1.000522066e+000 
1.003548240e+000 1.000521079e+000 
1.003776552e+000 1.000530069e+000 
1.003925392e+000 1.000540890e+000 
1.003906834e+000 1.000539780e+000 
1.003985175e+000 1.000549615e+000 
1.003983789e+000 1.000548687e+000 
1.004055675e+000 1.000550602e+000 
1.003984605e+000 1.000549157e+000 
1.003836334e+000 1.000538794e+000 
1.003751750e+000 1.000528908e+000 
1.003661629e+000 1.000523227e+000 
1.003317209e+000 1.000475240e+000 
1.331744184e+000 1.977118332e+000 
1.353094495e+000 1.981933631e+000 
1.350614730e+000 1.981352073e+000 
1.390531329e+000 1.987793739e+000 
1.351021138e+000 1.981614337e+000 
1.317844271e+000 1.972122266e+000 
1.326161586e+000 1.975865534e+000 
1.404306031e+000 1.989383964e+000 
1.377049975e+000 1.986036580e+000 
1.352016808e+000 1.981836642e+000 
1.366830842e+000 1.984067656e+000 
1.341916687e+000 1.979417196e+000 
1.343547668e+000 1.979723462e+000 
1.466454874e+000 1.995272965e+000 
1.411148993e+000 1.989971352e+000 
1.459525667e+000 1.995002267e+000 
1.359539918e+000 1.983130854e+000 
1.366855626e+000 1.984199338e+000 
1.320709204e+000 1.973846590e+000 
1.370612410e+000 1.984867634e+000 
1.330839618e+000 1.976731820e+000 
1.339556317e+000 1.979076407e+000 
1.624251448e+000 1.999986700e+000 
1.363503492e+000 1.983598913e+000 
1.464044740e+000 1.995208180e+000 
1.511379014e+000 1.997841243e+000 
1.407836152e+000 1.989732491e+000 
1.362117634e+000 1.983545634e+000 
1.333114998e+000 1.977701650e+000 
1.316516925e+000 1.971862925e+000 
1.316656281e+000 1.971879981e+000 
1.318065990e+000 1.972553460e+000 
1.509282797e+000 1.997766789e+000 
1.365708208e+000 1.984003528e+000 
1.364575766e+000 1.983963197e+000 
1.385865605e+000 1.987347653e+000 
1.391233109e+000 1.987992630e+000 
1.401127003e+000 1.989055642e+000 
1.464773246e+000 1.995235663e+000 
1.326483419e+000 1.975998451e+000 
1.414879921e+000 1.990191991e+000 
1.346142834e+000 1.980253090e+000 
1.497649140e+000 1.997334345e+000 
1.390810769e+000 1.987952217e+000 
1.401115868e+000 1.989053041e+000 
1.461540101e+000 1.995178644e+000 
1.342959327e+000 1.979667191e+000 
1.340611441e+000 1.979234304e+000 
1.334764585e+000 1.978166439e+000 
1.367209001e+000 1.984290622e+000 
1.387258119e+000 1.987419191e+000 
1.313062765e+000 1.969154449e+000 
1.336145086e+000 1.978189311e+000 
1.504548291e+000 1.997510854e+000 
1.477809268e+000 1.996187634e+000 
1.354145716e+000 1.982274318e+000 
1.385319155e+000 1.987225556e+000 
1.392762232e+000 1.988170525e+000 
1.395072978e+000 1.988449697e+000 
1.375676627e+000 1.985492796e+000 
1.401511227e+000 1.989159352e+000 
1.380121214e+000 1.986590326e+000 
1.383103031e+000 1.987014006e+000 
1.393977111e+000 1.988351406e+000 
1.347144546e+000 1.980612955e+000 
1.508527314e+000 1.997706078e+000 
1.531990739e+000 1.998545586e+000 
1.470342955e+000 1.995337028e+000 
1.374760043e+000 1.985287438e+000 
1.373278114e+000 1.985258192e+000 
1.337252060e+000 1.978791660e+000 
1.381741888e+000 1.986784566e+000 
1.337220669e+000 1.978684712e+000 
1.382026573e+000 1.986806147e+000 
1.348902045e+000 1.981032407e+000 
1.625441650e+000 2.000000000e+000 
1.371175491e+000 1.984925089e+000 
1.498019317e+000 1.997443183e+000 
1.412638497e+000 1.990155407e+000 
1.409379688e+000 1.989825733e+000 
1.384011499e+000 1.987065579e+000 
1.323645073e+000 1.974935922e+000 
1.322184937e+000 1.974808953e+000 
1.321800872e+000 1.974700068e+000 
1.391041945e+000 1.987959731e+000 
1.381246133e+000 1.986596512e+000 
1.379509912e+000 1.986370252e+000 
1.480393478e+000 1.996345770e+000 
1.321443766e+000 1.974460163e+000 
1.329787842e+000 1.976623442e+000 
1.325230450e+000 1.975612237e+000 
1.461495280e+000 1.995162093e+000 
1.332698039e+000 1.977379365e+000 
1.332821988e+000 1.977679956e+000 
1.376336387e+000 1.985872417e+000 
1.325197668e+000 1.975269285e+000 
1.397725811e+000 1.988758633e+000 
1.403300551e+000 1.989216184e+000 
1.319570111e+000 1.973190753e+000 
1.405304022e+000 1.989514008e+000 
1.449796938e+000 1.994258092e+000 
1.323432379e+000 1.974811379e+000 
1.460163241e+000 1.995091277e+000 
1.409210214e+000 1.989811831e+000 
1.324262439e+000 1.975080245e+000 
1.403608439e+000 1.989344380e+000 
1.320663305e+000 1.973838069e+000 
1.321039128e+000 1.974117837e+000 
1.347858163e+000 1.980683953e+000 
1.444655567e+000 1.993832273e+000 
1.394187010e+000 1.988392265e+000 
1.315320381e+000 1.970166864e+000 
1.415149590e+000 1.990384792e+000 
1.334304741e+000 1.977958838e+000 
1.397714277e+000 1.988619112e+000 
1.374884819e+000 1.985426472e+000 
1.370045040e+000 1.984688977e+000 
1.618206916e+000 1.999941947e+000 
1.318896858e+000 1.972884165e+000 
1.474130307e+000 1.995739425e+000 
1.413098669e+000 1.990191425e+000 
1.399762943e+000 1.988846101e+000 
1.396765632e+000 1.988566298e+000 
1.391682724e+000 1.988121673e+000 
1.327604455e+000 1.976476136e+000 
1.379440180e+000 1.986364105e+000 
1.350364124e+000 1.981236443e+000 
1.379090652e+000 1.986303776e+000 
1.330282902e+000 1.976675862e+000 
1.350221733e+000 1.981078458e+000 
1.392700146e+000 1.988128403e+000 
1.374968905e+000 1.985436902e+000 
1.395902935e+000 1.988539922e+000 
1.406763198e+000 1.989523950e+000 
1.421390965e+000 1.991245429e+000 
1.388089049e+000 1.987557638e+000 
1.342716314e+000 1.979433330e+000 
1.393700342e+000 1.988228966e+000 
1.422310208e+000 1.991352820e+000 
1.417716680e+000 1.990712223e+000 
1.336192450e+000 1.978346992e+000 
1.389500534e+000 1.987752507e+000 
1.314243032e+000 1.969878277e+000 
1.357520341e+000 1.982596140e+000 
1.357635314e+000 1.982633189e+000 
1.416573293e+000 1.990506159e+000 
1.341425523e+000 1.979353137e+000 
1.313240762e+000 1.969335026e+000 
1.397146131e+000 1.988612748e+000 
1.348664392e+000 1.980852995e+000 
1.340333611e+000 1.979189530e+000 
1.388244605e+000 1.987673036e+000 
1.440404641e+000 1.993287398e+000 
1.495046386e+000 1.997169553e+000 
1.346342151e+000 1.980280789e+000 
1.447865705e+000 1.993985163e+000 
1.416881181e+000 1.990589691e+000 
1.350414964e+000 1.981276036e+000 
1.343853829e+000 1.980036148e+000 
1.341043886e+000 1.979344583e+000 
1.332131475e+000 1.977291003e+000 
1.315423431e+000 1.970202731e+000 
1.345026806e+000 1.980212991e+000 
1.332627396e+000 1.977298255e+000 
1.346886547e+000 1.980337324e+000 
1.420792766e+000 1.991138635e+000 
1.438408797e+000 1.993175376e+000 
1.313596410e+000 1.969404706e+000 
1.432994148e+000 1.992659712e+000 
1.496172730e+000 1.997309910e+000 
1.618919446e+000 1.999942556e+000 
1.331354972e+000 1.976933498e+000 
1.619436304e+000 1.999973070e+000 
1.367224751e+000 1.984294280e+000 
1.314653913e+000 1.969939240e+000 
1.442599266e+000 1.993586999e+000 
1.610717197e+000 1.999918920e+000 
1.369962421e+000 1.984642873e+000 
1.361672249e+000 1.983319786e+000 
1.369681408e+000 1.984574390e+000 
1.358126588e+000 1.982695715e+000 
1.356168921e+000 1.982295177e+000 
1.429179782e+000 1.992229365e+000 
1.444235694e+000 1.993706855e+000 
1.359237221e+000 1.982873690e+000 
1.614355037e+000 1.999928109e+000 
1.358613866e+000 1.982801158e+000 
1.439524077e+000 1.993189147e+000 
1.427583547e+000 1.992040076e+000 
1.424316635e+000 1.991615793e+000 
1.620378163e+000 1.999979904e+000 
1.617483441e+000 1.999939182e+000 
1.315023015e+000 1.969944113e+000 
1.425190776e+000 1.991701644e+000 
1.451404246e+000 1.994404645e+000 
1.448109775e+000 1.994052160e+000 
1.361551355e+000 1.983305429e+000 
1.587797427e+000 1.999789385e+000 
1.358886897e+000 1.982834150e+000 
1.455353215e+000 1.994551378e+000 
1.373224399e+000 1.985148908e+000 
1.437717266e+000 1.993068541e+000 
1.427021217e+000 1.992034050e+000 
1.427873641e+000 1.992101872e+000 
1.428458979e+000 1.992129751e+000 
1.435095392e+000 1.992808053e+000 
1.421927011e+000 1.991284704e+000 
1.476875984e+000 1.996100857e+000 
1.569837067e+000 1.999701953e+000 
1.418857692e+000 1.990738783e+000 
1.417360792e+000 1.990683741e+000 
1.434673926e+000 1.992715495e+000 
1.576181528e+000 1.999775883e+000 
1.505809502e+000 1.997699517e+000 
1.567574737e+000 1.999507207e+000 
1.568837414e+000 1.999548954e+000 
1.440171298e+000 1.993229462e+000 
1.442136865e+000 1.993474392e+000 
1.436772024e+000 1.992892543e+000 
1.493654384e+000 1.997141516e+000 
1.487612304e+000 1.996773256e+000 
1.455987002e+000 1.994657759e+000 
1.316182851e+000 1.970418936e+000 
1.505360439e+000 1.997671232e+000 
1.439997286e+000 1.993227624e+000 
1.466304250e+000 1.995256240e+000 
1.478649809e+000 1.996198075e+000 
1.471655110e+000 1.995687204e+000 
1.500844701e+000 1.997510719e+000 
1.331142444e+000 1.976920896e+000 
1.476164696e+000 1.996003759e+000 
1.331058319e+000 1.976798954e+000 
1.552258316e+000 1.999294774e+000 
1.559761970e+000 1.999429969e+000 
1.567893955e+000 1.999511615e+000 
1.564710161e+000 1.999498067e+000 
1.561782551e+000 1.999493039e+000 
1.542482604e+000 1.999158679e+000 
1.475995281e+000 1.995921413e+000 
1.606436929e+000 1.999865622e+000 
1.534576162e+000 1.998910333e+000 
1.557485594e+000 1.999349099e+000 
1.541057598e+000 1.999110085e+000 
1.481696433e+000 1.996438422e+000 
1.455737975e+000 1.994602171e+000 
1.455638139e+000 1.994585825e+000 
1.455973557e+000 1.994624480e+000 
1.535473290e+000 1.999004347e+000 
1.609269705e+000 1.999890894e+000 
1.596347026e+000 1.999845355e+000 
1.543902623e+000 1.999293978e+000 
1.605954284e+000 1.999862436e+000 
1.486278337e+000 1.996725213e+000 
1.603111137e+000 1.999858165e+000 
1.495824395e+000 1.997219236e+000 
1.410428218e+000 1.989938563e+000 
1.532446695e+000 1.998805919e+000 
1.495219726e+000 1.997203700e+000 
1.491074825e+000 1.996987026e+000 
1.539182460e+000 1.999066363e+000 
1.407342206e+000 1.989578022e+000 
1.411348628e+000 1.990075718e+000 
1.526811880e+000 1.998536004e+000 
1.515708595e+000 1.998012397e+000 
1.488626882e+000 1.996808913e+000 
1.415708690e+000 1.990437282e+000 
1.511336310e+000 1.997804182e+000 
1.467703288e+000 1.995329422e+000 
1.467471728e+000 1.995314685e+000 
1.467427565e+000 1.995314599e+000 
1.513588884e+000 1.997973832e+000 
1.518598207e+000 1.998224554e+000 
1.523296247e+000 1.998401829e+000 
1.516878939e+000 1.998130599e+000 
1.521043704e+000 1.998343940e+000 
1.516478225e+000 1.998121580e+000 
1.524015772e+000 1.998405404e+000 
1.483137269e+000 1.996455391e+000 
1.481385060e+000 1.996347120e+000 
1.557260048e+000 1.999324655e+000 
1.538471128e+000 1.999019441e+000 

