1.004295966e+000 1.001303719e+000 
1.004190949e+000 1.001284477e+000 
1.004337019e+000 1.001307355e+000 
1.005437589e+000 1.001403165e+000 
1.004016077e+000 1.001261204e+000 
1.004543214e+000 1.001330179e+000 
1.004637240e+000 1.001349106e+000 
1.005535301e+000 1.001420351e+000 
1.005356394e+000 1.001402547e+000 
1.004950636e+000 1.001376814e+000 
1.005093602e+000 1.001396157e+000 
1.004995530e+000 1.001377076e+000 
1.005678267e+000 1.001439322e+000 
1.004707990e+000 1.001352743e+000 
1.005453346e+000 1.001416294e+000 
1.005001103e+000 1.001379374e+000 
1.004794757e+000 1.001355659e+000 
1.004120200e+000 1.001280839e+000 
1.004424442e+000 1.001325927e+000 
1.004754470e+000 1.001353774e+000 
1.005269627e+000 1.001399631e+000 
1.005305927e+000 1.001399987e+000 
1.006390879e+000 1.001482918e+000 
1.007486955e+000 1.001530990e+000 
1.006639715e+000 1.001486597e+000 
1.007551745e+000 1.001531462e+000 
1.003900145e+000 1.001241144e+000 
1.004090504e+000 1.001280838e+000 
1.003974572e+000 1.001260778e+000 
1.005256370e+000 1.001399413e+000 
1.005379436e+000 1.001402685e+000 
1.005220833e+000 1.001396395e+000 
1.005343137e+000 1.001402329e+000 
1.005424331e+000 1.001402947e+000 
1.007578548e+000 1.001543130e+000 
1.007578033e+000 1.001542844e+000 
1.005292669e+000 1.001399769e+000 
1.007061924e+000 1.001508805e+000 
1.040737935e+000 1.059324009e+000 
1.042318515e+000 1.059986601e+000 
1.039570895e+000 1.058905637e+000 
1.038597726e+000 1.058410104e+000 
1.036011323e+000 1.056618880e+000 
1.040203109e+000 1.059142171e+000 
1.037593329e+000 1.057867647e+000 
1.043335805e+000 1.060534421e+000 
1.044256349e+000 1.060930056e+000 
1.043121221e+000 1.060459550e+000 
1.037921541e+000 1.058019115e+000 
1.041027769e+000 1.059533774e+000 
1.042430452e+000 1.060159632e+000 
1.038193558e+000 1.058156104e+000 
1.038157399e+000 1.058074447e+000 
1.053539465e+000 1.247102389e+000 
1.052313497e+000 1.246191000e+000 
1.050350067e+000 1.244567803e+000 
1.051951212e+000 1.246044158e+000 
1.051818347e+000 1.245895091e+000 
1.053946642e+000 1.247432718e+000 
1.056443600e+000 1.248961887e+000 
1.052674242e+000 1.246531619e+000 
1.055898493e+000 1.248715654e+000 
1.051653980e+000 1.245826562e+000 
1.051240983e+000 1.245462142e+000 
1.052604890e+000 1.246505811e+000 
1.000131303e+000 1.000019695e+000 
1.000038655e+000 1.000019113e+000 
1.000162918e+000 1.000020156e+000 
1.000142680e+000 1.000020103e+000 
1.000129735e+000 1.000019694e+000 
1.000109496e+000 1.000019641e+000 
1.000111064e+000 1.000019642e+000 
1.000092647e+000 1.000019182e+000 
1.000018417e+000 1.000019060e+000 
9.999999998e-001 1.000018599e+000 
1.000626690e+000 1.000024294e+000 
1.000791763e+000 1.000025264e+000 
1.000517660e+000 1.000024219e+000 
1.000567855e+000 1.000024236e+000 
1.000315344e+000 1.000023250e+000 
1.000309793e+000 1.000023127e+000 
1.000365155e+000 1.000023635e+000 
1.000588987e+000 1.000024238e+000 
1.000769421e+000 1.000024756e+000 
1.000710586e+000 1.000024699e+000 
1.000660774e+000 1.000024314e+000 
1.000436483e+000 1.000023654e+000 
1.000647822e+000 1.000024295e+000 
1.000456880e+000 1.000023711e+000 
1.000303915e+000 1.000023070e+000 
1.000232588e+000 1.000023051e+000 
1.000182777e+000 1.000022666e+000 
1.000787997e+000 1.000024843e+000 
1.133399720e+000 1.924751535e+000 
1.058966475e+000 1.888790671e+000 
1.062783992e+000 1.892475389e+000 
1.075400545e+000 1.900382472e+000 
1.094028689e+000 1.909690717e+000 
1.062447996e+000 1.892292103e+000 
1.085505141e+000 1.905734226e+000 
1.085106276e+000 1.905438937e+000 
1.070089479e+000 1.897148381e+000 
1.082047168e+000 1.903909629e+000 
1.085127815e+000 1.905524628e+000 
1.085599834e+000 1.905734514e+000 
1.090167810e+000 1.907334294e+000 
1.124220731e+000 1.921791290e+000 
1.060889933e+000 1.891025085e+000 
1.058665800e+000 1.888591207e+000 
1.225391021e+000 1.948115605e+000 
1.061532282e+000 1.891680168e+000 
1.198212665e+000 1.942414212e+000 
1.195192344e+000 1.941828860e+000 
1.060365013e+000 1.890776188e+000 
1.059676319e+000 1.890120898e+000 
1.068245315e+000 1.896053598e+000 
1.084132483e+000 1.904990073e+000 
1.222163577e+000 1.947674376e+000 
1.098779205e+000 1.911893937e+000 
1.103750314e+000 1.913996479e+000 
1.074385192e+000 1.899791417e+000 
1.202657033e+000 1.943183320e+000 
1.333902946e+000 1.963447813e+000 
1.086175406e+000 1.906048183e+000 
1.066999491e+000 1.895195121e+000 
1.151522795e+000 1.930724775e+000 
1.307238860e+000 1.961166908e+000 
1.078321281e+000 1.901873397e+000 
1.121910327e+000 1.921332714e+000 
1.223718691e+000 1.947889749e+000 
1.112874376e+000 1.917579840e+000 
1.228405459e+000 1.948862696e+000 
1.196768644e+000 1.942100044e+000 
1.183606258e+000 1.938365763e+000 
1.059252252e+000 1.889443716e+000 
1.064700875e+000 1.893624538e+000 
1.066610496e+000 1.894771477e+000 
1.097046343e+000 1.910993431e+000 
1.229170382e+000 1.949088421e+000 
1.230550270e+000 1.949334668e+000 
1.100189116e+000 1.912532626e+000 
1.132481922e+000 1.924703835e+000 
1.314218254e+000 1.962228326e+000 
1.212287102e+000 1.945544741e+000 
1.212970691e+000 1.945949174e+000 
1.334169258e+000 1.963940253e+000 
1.226108979e+000 1.948462446e+000 
1.066843507e+000 1.895108131e+000 
1.276356290e+000 1.957117932e+000 
1.126539837e+000 1.922718200e+000 
1.275575557e+000 1.956921508e+000 
1.147482938e+000 1.929749226e+000 
1.282492049e+000 1.957503232e+000 
1.306313956e+000 1.960578322e+000 
1.119093357e+000 1.920011690e+000 
1.168414215e+000 1.934478800e+000 
1.111336445e+000 1.916842832e+000 
1.103424254e+000 1.913776089e+000 
1.246957764e+000 1.952304084e+000 
1.141962319e+000 1.928067110e+000 
1.281937920e+000 1.957422881e+000 
1.271388475e+000 1.956359340e+000 
1.108030546e+000 1.915749299e+000 
1.157568922e+000 1.932493613e+000 
1.273560978e+000 1.956625787e+000 
1.123163326e+000 1.921654570e+000 
1.141598012e+000 1.927840127e+000 
1.227937178e+000 1.948667343e+000 
1.141598680e+000 1.928020349e+000 
1.140319098e+000 1.927318552e+000 
1.194437655e+000 1.941641788e+000 
1.114601323e+000 1.918365837e+000 
1.100373189e+000 1.912601748e+000 
1.127271447e+000 1.923009070e+000 
1.125710231e+000 1.922474177e+000 
1.069364733e+000 1.896714220e+000 
1.070586935e+000 1.897430631e+000 
1.130028098e+000 1.923856631e+000 
1.113975970e+000 1.918074854e+000 
1.096509178e+000 1.910813582e+000 
1.084704458e+000 1.905329281e+000 
1.114018838e+000 1.918113621e+000 
1.157312405e+000 1.932246513e+000 
1.102364714e+000 1.913285999e+000 
1.224769124e+000 1.948077100e+000 
1.090306091e+000 1.908095288e+000 
1.091617051e+000 1.908675129e+000 
1.086645091e+000 1.906255067e+000 
1.347754320e+000 1.965716184e+000 
1.087727576e+000 1.906740777e+000 
1.076150314e+000 1.900755623e+000 
1.118057301e+000 1.919548072e+000 
1.081109245e+000 1.903455170e+000 
1.093316979e+000 1.909441326e+000 
1.107765759e+000 1.915568690e+000 
1.248542306e+000 1.952581412e+000 
1.224213977e+000 1.948007084e+000 
1.114382316e+000 1.918313449e+000 
1.117738388e+000 1.919475527e+000 
1.302424335e+000 1.960233699e+000 
1.111920681e+000 1.917212270e+000 
1.249137421e+000 1.952667631e+000 
1.085338564e+000 1.905643878e+000 
1.145444145e+000 1.929074902e+000 
1.084201101e+000 1.905080162e+000 
1.201238435e+000 1.943091193e+000 
1.307554266e+000 1.961453570e+000 
1.079885760e+000 1.902774670e+000 
1.091053548e+000 1.908438495e+000 
1.328004659e+000 1.963152934e+000 
1.114685204e+000 1.918393941e+000 
1.309993540e+000 1.962033896e+000 
1.267474659e+000 1.955942938e+000 
1.077452032e+000 1.901379528e+000 
1.183196326e+000 1.938339093e+000 
1.095710001e+000 1.910507367e+000 
1.244591809e+000 1.951839160e+000 
1.298109798e+000 1.959871649e+000 
1.309392226e+000 1.961818481e+000 
1.279491599e+000 1.957199161e+000 
1.308468142e+000 1.961560925e+000 
1.150593343e+000 1.930566567e+000 
1.289401526e+000 1.958355175e+000 
1.280786429e+000 1.957382482e+000 
1.137365841e+000 1.926202298e+000 
1.346977012e+000 1.965322711e+000 
1.166352009e+000 1.934321420e+000 
1.071724372e+000 1.898175584e+000 
1.073110783e+000 1.899052495e+000 
1.073699206e+000 1.899353681e+000 
1.071797450e+000 1.898186476e+000 
1.178349676e+000 1.937459880e+000 
1.204798372e+000 1.943973695e+000 
1.133400719e+000 1.925085862e+000 
1.159947915e+000 1.933002932e+000 
1.136783296e+000 1.926143377e+000 
1.232244940e+000 1.949619467e+000 
1.137849118e+000 1.926538317e+000 
1.340213062e+000 1.964284262e+000 
1.112403554e+000 1.917291505e+000 
1.174489798e+000 1.936676963e+000 
1.171427386e+000 1.935872873e+000 
1.170117125e+000 1.935319384e+000 
1.170198566e+000 1.935529788e+000 
1.146275836e+000 1.929268178e+000 
1.160505104e+000 1.933072601e+000 
1.168737647e+000 1.935072825e+000 
1.257757115e+000 1.953908416e+000 
1.164626266e+000 1.933984946e+000 
1.263336776e+000 1.954910058e+000 
1.346499977e+000 1.964949097e+000 
1.146791017e+000 1.929350814e+000 
1.319758951e+000 1.962331200e+000 
1.293536437e+000 1.959104114e+000 
1.245379174e+000 1.952210298e+000 
1.193561621e+000 1.941038533e+000 
1.354050953e+000 1.965825324e+000 
1.302015857e+000 1.960076205e+000 
1.265215581e+000 1.955025862e+000 
1.250652126e+000 1.953063852e+000 
1.140160073e+000 1.927155811e+000 
1.341888853e+000 1.964656818e+000 
1.257016570e+000 1.953664368e+000 
1.251438729e+000 1.953089344e+000 
1.249268140e+000 1.952750567e+000 
1.303888198e+000 1.960413724e+000 
1.227473479e+000 1.948524900e+000 
1.219449500e+000 1.946803136e+000 
1.194037496e+000 1.941258773e+000 
1.189364695e+000 1.940179166e+000 
1.217415070e+000 1.946538441e+000 
1.219973779e+000 1.946981945e+000 
1.190117280e+000 1.940314200e+000 
1.007719613e+000 1.003270561e+000 
1.008680097e+000 1.003467335e+000 
1.015576796e+000 1.004080653e+000 
1.009250460e+000 1.003520499e+000 
1.009619885e+000 1.003563588e+000 
1.008546291e+000 1.003458992e+000 
1.009902542e+000 1.003573223e+000 
1.009172136e+000 1.003519515e+000 
1.016067295e+000 1.004114213e+000 
1.007645131e+000 1.003221294e+000 
1.012340451e+000 1.003819656e+000 
1.009038329e+000 1.003511172e+000 
1.015124218e+000 1.004042496e+000 
1.008932489e+000 1.003469725e+000 
1.010714418e+000 1.003666702e+000 
1.008075773e+000 1.003364212e+000 
1.013897577e+000 1.003940807e+000 
1.013236444e+000 1.003887545e+000 
1.014228544e+000 1.003964692e+000 
1.010881773e+000 1.003675836e+000 
1.015678369e+000 1.004080730e+000 
1.013536248e+000 1.003922709e+000 
1.010664142e+000 1.003666204e+000 
1.011536250e+000 1.003727809e+000 
1.013941133e+000 1.003956494e+000 
1.014726275e+000 1.004006796e+000 
1.011811312e+000 1.003768897e+000 
1.009748022e+000 1.003564135e+000 
1.009554112e+000 1.003523258e+000 
1.012820825e+000 1.003864321e+000 
1.009424527e+000 1.003521904e+000 
1.013217353e+000 1.003880395e+000 
1.012327566e+000 1.003812477e+000 
1.009825504e+000 1.003564196e+000 
1.011530184e+000 1.003727583e+000 
1.015487894e+000 1.004058701e+000 
1.009475787e+000 1.003522274e+000 
1.007689106e+000 1.003229074e+000 
1.013186490e+000 1.003880075e+000 
1.016524792e+000 1.004128051e+000 
1.012168516e+000 1.003782594e+000 
1.046896103e+000 1.179457898e+000 
1.049561995e+000 1.181711903e+000 
1.046498908e+000 1.179258228e+000 
1.049424779e+000 1.181627733e+000 
1.047160687e+000 1.180331183e+000 
1.048030133e+000 1.180697876e+000 
1.048842593e+000 1.181239082e+000 
1.001550584e+000 1.000112561e+000 
1.003411434e+000 1.000131475e+000 
1.001318376e+000 1.000109821e+000 
1.001735031e+000 1.000115169e+000 
1.002285076e+000 1.000120630e+000 
1.001966020e+000 1.000117891e+000 
1.001603488e+000 1.000112599e+000 
1.002165045e+000 1.000120318e+000 
1.002317650e+000 1.000122708e+000 
1.002376682e+000 1.000122783e+000 
1.000923543e+000 1.000104203e+000 
1.002275271e+000 1.000120443e+000 
1.002474296e+000 1.000122871e+000 
1.002509669e+000 1.000124948e+000 
1.001943603e+000 1.000117667e+000 
1.001259344e+000 1.000109746e+000 
1.001725226e+000 1.000114982e+000 
1.001712614e+000 1.000114945e+000 
1.001545676e+000 1.000112542e+000 
1.002310643e+000 1.000122520e+000 
1.001281381e+000 1.000109778e+000 
1.000930013e+000 1.000104206e+000 
1.001160688e+000 1.000109454e+000 
1.000864511e+000 1.000104128e+000 
1.001094166e+000 1.000106927e+000 
1.001219720e+000 1.000109529e+000 
1.001241757e+000 1.000109561e+000 
1.001372500e+000 1.000109877e+000 
1.001572621e+000 1.000112592e+000 
1.001604708e+000 1.000112617e+000 
1.001340413e+000 1.000109853e+000 
1.001512370e+000 1.000112500e+000 
1.001897183e+000 1.000117629e+000 
1.001744578e+000 1.000115239e+000 
1.003228937e+000 1.000130120e+000 
1.001803610e+000 1.000115314e+000 
1.001956215e+000 1.000117704e+000 
1.002216239e+000 1.000120368e+000 
1.001035134e+000 1.000106852e+000 
1.003569039e+000 1.000134986e+000 
1.002415264e+000 1.000122796e+000 
1.003284396e+000 1.000130976e+000 
1.001062080e+000 1.000106902e+000 
1.000832424e+000 1.000104104e+000 
1.002096208e+000 1.000120057e+000 
1.001544456e+000 1.000112524e+000 
1.001835696e+000 1.000115339e+000 
1.001776664e+000 1.000115264e+000 
1.002626530e+000 1.000125137e+000 
1.002636706e+000 1.000125447e+000 
1.003187311e+000 1.000130117e+000 
1.002607282e+000 1.000125037e+000 
1.002817867e+000 1.000127153e+000 
1.000893714e+000 1.000104179e+000 
1.001513589e+000 1.000112517e+000 
1.002063634e+000 1.000117979e+000 
1.000868724e+000 1.000104131e+000 
1.002118625e+000 1.000120280e+000 
1.002622679e+000 1.000125102e+000 
1.002746560e+000 1.000125448e+000 
1.002945585e+000 1.000127876e+000 
1.002919637e+000 1.000127688e+000 
1.001664975e+000 1.000114889e+000 
1.002089201e+000 1.000119869e+000 
1.003085371e+000 1.000128548e+000 
1.001003048e+000 1.000106827e+000 
1.001658451e+000 1.000114614e+000 
1.001476222e+000 1.000112300e+000 
1.001666194e+000 1.000114907e+000 
1.002288226e+000 1.000122297e+000 
1.001039348e+000 1.000106854e+000 
1.001098380e+000 1.000106929e+000 
1.001865219e+000 1.000117335e+000 
1.001313468e+000 1.000109802e+000 
1.001182725e+000 1.000109486e+000 
1.001130064e+000 1.000107176e+000 
1.001414933e+000 1.000112225e+000 
1.001214811e+000 1.000109510e+000 
1.002088465e+000 1.000119764e+000 
1.002271652e+000 1.000120415e+000 
1.000962100e+000 1.000104230e+000 
1.002309907e+000 1.000122415e+000 
1.001889440e+000 1.000117336e+000 
1.003176453e+000 1.000129582e+000 
1.003495509e+000 1.000132322e+000 
1.003130779e+000 1.000128552e+000 
1.003181928e+000 1.000129623e+000 
1.002868255e+000 1.000127377e+000 
1.028557626e+000 1.031146976e+000 
1.031725295e+000 1.032223639e+000 
1.024610529e+000 1.029372148e+000 
1.022505555e+000 1.027739041e+000 
1.023371546e+000 1.028513833e+000 
1.030440165e+000 1.031872155e+000 
1.024068922e+000 1.029054979e+000 
1.030894883e+000 1.031901661e+000 
1.029763512e+000 1.031498042e+000 
1.025404984e+000 1.029701235e+000 
1.032267010e+000 1.032450342e+000 
1.028148974e+000 1.030935947e+000 
1.034626292e+000 1.033256651e+000 
1.023040936e+000 1.028391523e+000 
1.022229105e+000 1.027301703e+000 
1.029473515e+000 1.031420290e+000 
1.028013311e+000 1.030872876e+000 
1.028306809e+000 1.030943346e+000 
1.029195150e+000 1.031274096e+000 
1.035236873e+000 1.033490898e+000 
1.025144791e+000 1.029606000e+000 
1.024595519e+000 1.029348872e+000 
1.022302358e+000 1.027630591e+000 
1.035202535e+000 1.033460002e+000 
1.023910705e+000 1.028965056e+000 
1.035518889e+000 1.033602387e+000 
1.034328166e+000 1.033252137e+000 
1.023868589e+000 1.028871448e+000 
1.016547457e+000 1.014337510e+000 
1.017049064e+000 1.014524174e+000 
1.017378895e+000 1.014718320e+000 
1.017584242e+000 1.014858047e+000 
1.019059718e+000 1.015421200e+000 
1.017404295e+000 1.014849881e+000 
1.022087599e+000 1.016372221e+000 
1.019540835e+000 1.015590367e+000 
1.016869117e+000 1.014516008e+000 
1.017815401e+000 1.015033413e+000 
1.017642053e+000 1.014902511e+000 
1.020426775e+000 1.015844778e+000 
1.019722208e+000 1.015622982e+000 
1.021344471e+000 1.016145571e+000 
1.020025555e+000 1.015690335e+000 
1.018907620e+000 1.015304494e+000 
1.046102760e+000 1.087935879e+000 
1.045561559e+000 1.087908101e+000 
1.025884923e+000 1.029785244e+000 
1.025969930e+000 1.029843469e+000 
1.031431199e+000 1.032083080e+000 
1.025712747e+000 1.029708783e+000 
1.026298284e+000 1.029885830e+000 
1.033902241e+000 1.033020028e+000 
1.031053777e+000 1.031907007e+000 
1.032601006e+000 1.032538331e+000 
1.058316023e+000 1.565627046e+000 
1.057675086e+000 1.565067124e+000 
1.057879215e+000 1.565276261e+000 
1.056873665e+000 1.564302429e+000 
1.056762657e+000 1.563886752e+000 
1.377341488e+000 1.974323385e+000 
1.405568578e+000 1.979570279e+000 
1.476192820e+000 1.989804171e+000 
1.358594514e+000 1.968968871e+000 
1.690144346e+000 1.999645888e+000 
1.404733278e+000 1.979353843e+000 
1.475990460e+000 1.989798275e+000 
1.377489207e+000 1.974357839e+000 
1.453933733e+000 1.986980339e+000 
1.448725342e+000 1.986121313e+000 
1.479707836e+000 1.990020192e+000 
1.401427508e+000 1.978579312e+000 
1.444806161e+000 1.985741192e+000 
1.356756535e+000 1.968091664e+000 
1.439836722e+000 1.984939858e+000 
1.376821294e+000 1.974150398e+000 
1.731993190e+000 2.000000000e+000 
1.485748124e+000 1.990604417e+000 
1.401484192e+000 1.978579571e+000 
1.463921318e+000 1.988148012e+000 
1.401847493e+000 1.978581536e+000 
1.430093944e+000 1.983441571e+000 
1.402777839e+000 1.979013633e+000 
1.518414762e+000 1.992794562e+000 
1.369421430e+000 1.972983689e+000 
1.376259895e+000 1.974149533e+000 
1.427462986e+000 1.983230987e+000 
1.371573807e+000 1.973269567e+000 
1.399570329e+000 1.978401851e+000 
1.395356132e+000 1.977395276e+000 
1.626542546e+000 1.998398061e+000 
1.464538872e+000 1.988289427e+000 
1.468701016e+000 1.988859660e+000 
1.475001282e+000 1.989427308e+000 
1.687605993e+000 1.999645002e+000 
1.447923765e+000 1.986112703e+000 
1.386479322e+000 1.975830468e+000 
1.447037779e+000 1.986030312e+000 
1.464957429e+000 1.988522482e+000 
1.473616397e+000 1.989324548e+000 
1.377976027e+000 1.974388574e+000 
1.455892026e+000 1.987263043e+000 
1.460417011e+000 1.987746688e+000 
1.409267944e+000 1.980210034e+000 
1.356454100e+000 1.967966752e+000 
1.411129230e+000 1.980629153e+000 
1.461406732e+000 1.987948486e+000 
1.460519077e+000 1.987861804e+000 
1.402763403e+000 1.978909006e+000 
1.442779886e+000 1.985530815e+000 
1.355043361e+000 1.967457459e+000 
1.457560065e+000 1.987576838e+000 
1.454267897e+000 1.987257174e+000 
1.357243814e+000 1.968092971e+000 
1.375108402e+000 1.974111733e+000 
1.470707485e+000 1.988905262e+000 
1.472334441e+000 1.989134561e+000 
1.355686823e+000 1.967557152e+000 
1.435001064e+000 1.984327559e+000 
1.410084328e+000 1.980558818e+000 
1.480380506e+000 1.990210555e+000 
1.357413997e+000 1.968552739e+000 
1.443734396e+000 1.985571490e+000 
1.424801548e+000 1.982780575e+000 
1.432080535e+000 1.984122600e+000 
1.397466186e+000 1.977971585e+000 
1.424070285e+000 1.982617813e+000 
1.373363557e+000 1.973803931e+000 
1.427044281e+000 1.983072362e+000 
1.359750232e+000 1.969006780e+000 
1.355385150e+000 1.967555610e+000 
1.433219588e+000 1.984143699e+000 
1.355762410e+000 1.967746753e+000 
1.408179708e+000 1.980128986e+000 
1.407271831e+000 1.980004162e+000 
1.548290762e+000 1.994983990e+000 
1.418114284e+000 1.981731822e+000 
1.367684226e+000 1.972394797e+000 
1.379038269e+000 1.974590784e+000 
1.471991216e+000 1.989077515e+000 
1.470605499e+000 1.988873201e+000 
1.414063555e+000 1.981324266e+000 
1.413941372e+000 1.980996819e+000 
1.356074652e+000 1.967938878e+000 
1.357971772e+000 1.968724342e+000 
1.416764585e+000 1.981482867e+000 
1.449633776e+000 1.986288771e+000 
1.690768456e+000 1.999692335e+000 
1.381347349e+000 1.974974883e+000 
1.415191135e+000 1.981457969e+000 
1.446864176e+000 1.986004555e+000 
1.380210944e+000 1.974846407e+000 
1.412505301e+000 1.980955005e+000 
1.378113236e+000 1.974583051e+000 
1.462853778e+000 1.988083185e+000 
1.385466671e+000 1.975542750e+000 
1.449990884e+000 1.986585958e+000 
1.438515956e+000 1.984679948e+000 
1.363278914e+000 1.970189926e+000 
1.418975149e+000 1.981851766e+000 
1.358388990e+000 1.968905072e+000 
1.685823526e+000 1.999619484e+000 
1.418735051e+000 1.981772766e+000 
1.427355847e+000 1.983198531e+000 
1.425795313e+000 1.983065389e+000 
1.444831965e+000 1.985812141e+000 
1.429107085e+000 1.983412981e+000 
1.557918376e+000 1.995750438e+000 
1.434253948e+000 1.984199674e+000 
1.438360263e+000 1.984634398e+000 
1.639544845e+000 1.998798541e+000 
1.439942066e+000 1.985189758e+000 
1.449809583e+000 1.986345872e+000 
1.439670040e+000 1.984830396e+000 
1.507538977e+000 1.992146178e+000 
1.382740808e+000 1.975009707e+000 
1.421584077e+000 1.982316251e+000 
1.436048866e+000 1.984533738e+000 
1.385966674e+000 1.975577898e+000 
1.446389660e+000 1.985901651e+000 
1.396635504e+000 1.977516543e+000 
1.399154438e+000 1.978188099e+000 
1.409620972e+000 1.980373126e+000 
1.484147400e+000 1.990553968e+000 
1.499652924e+000 1.991726218e+000 
1.486572959e+000 1.990772058e+000 
1.451339284e+000 1.986596385e+000 
1.366094437e+000 1.971311725e+000 
1.558750910e+000 1.995841552e+000 
1.608254523e+000 1.997882641e+000 
1.730669413e+000 1.999999048e+000 
1.401932943e+000 1.978692731e+000 
1.409353963e+000 1.980293107e+000 
1.479024678e+000 1.990011573e+000 
1.487170945e+000 1.990773574e+000 
1.453772050e+000 1.986827225e+000 
1.441246997e+000 1.985403085e+000 
1.401396598e+000 1.978521750e+000 
1.389312179e+000 1.976336225e+000 
1.401986992e+000 1.978836089e+000 
1.405742244e+000 1.979625332e+000 
1.452299486e+000 1.986824361e+000 
1.431849258e+000 1.983903672e+000 
1.365445912e+000 1.970588160e+000 
1.600290072e+000 1.997693479e+000 
1.365570886e+000 1.970627352e+000 
1.475905752e+000 1.989771860e+000 
1.644833621e+000 1.998904576e+000 
1.501645402e+000 1.991898821e+000 
1.488357805e+000 1.990878889e+000 
1.473458322e+000 1.989303909e+000 
1.372028079e+000 1.973480414e+000 
1.477633202e+000 1.989906874e+000 
1.368943876e+000 1.972656947e+000 
1.642432211e+000 1.998901128e+000 
1.482473884e+000 1.990423717e+000 
1.362275223e+000 1.970128592e+000 
1.366591988e+000 1.972086195e+000 
1.363251870e+000 1.970133785e+000 
1.595449310e+000 1.997489848e+000 
1.360327652e+000 1.969165720e+000 
1.377309205e+000 1.974297195e+000 
1.717136778e+000 1.999857605e+000 
1.364501660e+000 1.970274668e+000 
1.595755392e+000 1.997569786e+000 
1.364807910e+000 1.970471738e+000 
1.729407343e+000 1.999983151e+000 
1.565704246e+000 1.996095093e+000 
1.361196840e+000 1.969578276e+000 
1.405537751e+000 1.979490385e+000 
1.727918216e+000 1.999938743e+000 
1.361957509e+000 1.969752151e+000 
1.648736499e+000 1.999036306e+000 
1.563794070e+000 1.996010190e+000 
1.665412258e+000 1.999300414e+000 
1.653401568e+000 1.999121789e+000 
1.725293665e+000 1.999874233e+000 
1.650625673e+000 1.999070953e+000 
1.604424359e+000 1.997767740e+000 
1.726647760e+000 1.999909311e+000 
1.630711585e+000 1.998574050e+000 
1.400604516e+000 1.978407571e+000 
1.634350768e+000 1.998770558e+000 
1.472496343e+000 1.989230517e+000 
1.611027171e+000 1.998008288e+000 
1.728649857e+000 1.999943842e+000 
1.425600217e+000 1.982792467e+000 
1.423311197e+000 1.982485688e+000 
1.470731504e+000 1.989065151e+000 
1.421629837e+000 1.982364984e+000 
1.528319822e+000 1.993933089e+000 
1.664198653e+000 1.999270017e+000 
1.503561526e+000 1.991960944e+000 
1.521621353e+000 1.993140260e+000 
1.521922665e+000 1.993258020e+000 
1.640650619e+000 1.998815464e+000 
1.594303409e+000 1.997480181e+000 
1.531205515e+000 1.994268068e+000 
1.607913521e+000 1.997851598e+000 
1.585845250e+000 1.997137621e+000 
1.708585118e+000 1.999788878e+000 
1.529197335e+000 1.994074996e+000 
1.581706411e+000 1.997031014e+000 
1.530801795e+000 1.994225796e+000 
1.498053656e+000 1.991632672e+000 
1.522448903e+000 1.993497327e+000 
1.583518795e+000 1.997084026e+000 
1.498787039e+000 1.991666039e+000 
1.505661510e+000 1.992091762e+000 
1.390749824e+000 1.976615503e+000 
1.389431578e+000 1.976434373e+000 
1.394206025e+000 1.977190506e+000 
1.395089321e+000 1.977321155e+000 
1.395433150e+000 1.977402573e+000 
1.393519231e+000 1.977190345e+000 
1.387100953e+000 1.975986093e+000 
1.430238115e+000 1.983556854e+000 
1.430184463e+000 1.983555821e+000 
1.497881382e+000 1.991566192e+000 
1.490193598e+000 1.991074965e+000 
1.580583733e+000 1.996920001e+000 
1.523268907e+000 1.993605548e+000 
1.525102303e+000 1.993745437e+000 
1.491562599e+000 1.991161353e+000 
1.645917578e+000 1.998956306e+000 
1.566865955e+000 1.996208689e+000 
1.578750336e+000 1.996782142e+000 
1.536050044e+000 1.994516607e+000 
1.513203436e+000 1.992556542e+000 
1.488039375e+000 1.990784919e+000 
1.536198792e+000 1.994577113e+000 
1.390155726e+000 1.976509551e+000 
1.534426234e+000 1.994415692e+000 
1.572985314e+000 1.996582800e+000 
1.573890067e+000 1.996615168e+000 
1.576466416e+000 1.996769115e+000 
1.388545305e+000 1.976250451e+000 
1.574094532e+000 1.996615241e+000 
1.493568206e+000 1.991393667e+000 
1.568583770e+000 1.996336928e+000 
1.537815101e+000 1.994741424e+000 
1.539277320e+000 1.994789867e+000 
1.514518466e+000 1.992707803e+000 
1.519749080e+000 1.993100315e+000 
1.543652867e+000 1.994909813e+000 
1.541648982e+000 1.994859163e+000 
1.518516626e+000 1.993024943e+000 
1.513929163e+000 1.992624926e+000 
1.685338872e+000 1.999533182e+000 
1.509214181e+000 1.992267385e+000 
1.625202343e+000 1.998385882e+000 
1.604924259e+000 1.997801009e+000 
1.671309506e+000 1.999364159e+000 
1.557290548e+000 1.995724542e+000 
1.563879314e+000 1.996061347e+000 
1.509947145e+000 1.992301561e+000 
1.514934365e+000 1.992731547e+000 
1.570054109e+000 1.996447612e+000 
1.669885685e+000 1.999303406e+000 
1.560431852e+000 1.995964397e+000 
1.561015773e+000 1.995964469e+000 
1.553988933e+000 1.995662322e+000 
1.562011463e+000 1.995967412e+000 
1.609374574e+000 1.997931892e+000 
1.588843141e+000 1.997248205e+000 
1.619975391e+000 1.998293025e+000 
1.550089302e+000 1.995283142e+000 
1.611038200e+000 1.998079608e+000 
1.559627560e+000 1.995871223e+000 
1.593217257e+000 1.997425523e+000 
1.701120484e+000 1.999729008e+000 
1.551236770e+000 1.995388216e+000 
1.591818329e+000 1.997419611e+000 
1.548772797e+000 1.995282457e+000 
1.617686025e+000 1.998240189e+000 
1.648182874e+000 1.999018160e+000 
1.631598661e+000 1.998576973e+000 
1.627431687e+000 1.998479550e+000 
1.615591714e+000 1.998134180e+000 
1.620888174e+000 1.998340085e+000 
1.620632974e+000 1.998329177e+000 
1.603610778e+000 1.997708624e+000 
1.619865602e+000 1.998271461e+000 
1.633973737e+000 1.998631916e+000 
1.641222609e+000 1.998845159e+000 
1.641479361e+000 1.998848643e+000 
1.670374821e+000 1.999323676e+000 
1.656308974e+000 1.999241890e+000 
1.655066048e+000 1.999208421e+000 
1.676936641e+000 1.999511105e+000 
1.672280017e+000 1.999474216e+000 

