1.003124755e+000 1.043645050e+000 
1.002830704e+000 1.043612100e+000 
1.000165072e+000 1.000003901e+000 
1.000173439e+000 1.000003931e+000 
1.000241505e+000 1.000003990e+000 
1.000000001e+000 1.000003605e+000 
1.000088521e+000 1.000003888e+000 
1.038452521e+000 1.839588441e+000 
1.149730268e+000 1.918789192e+000 
1.015690899e+000 1.801528274e+000 
1.125348178e+000 1.907933222e+000 
1.067304460e+000 1.871079452e+000 
1.030657450e+000 1.828381564e+000 
1.034819743e+000 1.834660866e+000 
1.033283920e+000 1.832428966e+000 
1.045228527e+000 1.848452564e+000 
1.047503069e+000 1.851366292e+000 
1.063051375e+000 1.867309491e+000 
1.084726869e+000 1.884575843e+000 
1.087356098e+000 1.886333618e+000 
1.098492168e+000 1.894158513e+000 
1.011542760e+000 1.790320986e+000 
1.011340482e+000 1.789266533e+000 
1.013708603e+000 1.795546542e+000 
1.023778373e+000 1.816865523e+000 
1.018183461e+000 1.806478684e+000 
1.155164856e+000 1.921107292e+000 
1.069455465e+000 1.872680101e+000 
1.026638076e+000 1.822008472e+000 
1.097717593e+000 1.893754994e+000 
1.152601966e+000 1.920258039e+000 
1.025090786e+000 1.819253711e+000 
1.065962726e+000 1.870129229e+000 
1.086155767e+000 1.886224484e+000 
1.081210230e+000 1.882661458e+000 
1.053941440e+000 1.858774127e+000 
1.055195151e+000 1.859961732e+000 
1.046261266e+000 1.849358893e+000 
1.058425741e+000 1.862536974e+000 
1.058441309e+000 1.862853161e+000 
1.118538965e+000 1.904759299e+000 
1.014317180e+000 1.797694904e+000 
1.141219485e+000 1.915100957e+000 
1.125894576e+000 1.908160387e+000 
1.090639803e+000 1.889073535e+000 
1.124684887e+000 1.907798169e+000 
1.153749848e+000 1.920532183e+000 
1.039857768e+000 1.841832666e+000 
1.078626372e+000 1.880519007e+000 
1.193868017e+000 1.934331770e+000 
1.014672874e+000 1.798799821e+000 
1.026163780e+000 1.820761106e+000 
1.039477982e+000 1.840912029e+000 
1.152540518e+000 1.919797884e+000 
1.097408841e+000 1.893581049e+000 
1.097916172e+000 1.893759169e+000 
1.107450037e+000 1.899365669e+000 
1.015587189e+000 1.800879080e+000 
1.077791571e+000 1.879919768e+000 
1.172323724e+000 1.927596159e+000 
1.013267084e+000 1.794269081e+000 
1.023498348e+000 1.816124785e+000 
1.154472601e+000 1.920557723e+000 
1.014231355e+000 1.797522361e+000 
1.021038206e+000 1.812099495e+000 
1.050598438e+000 1.854811006e+000 
1.069303784e+000 1.872589574e+000 
1.057289889e+000 1.862014703e+000 
1.188718356e+000 1.932723715e+000 
1.078955602e+000 1.880711352e+000 
1.070102503e+000 1.873492212e+000 
1.191253244e+000 1.933665220e+000 
1.012728376e+000 1.792637218e+000 
1.082285193e+000 1.883409955e+000 
1.069734934e+000 1.872724626e+000 
1.185551897e+000 1.931765221e+000 
1.017313817e+000 1.805012124e+000 
1.051262739e+000 1.855275856e+000 
1.160552838e+000 1.923016840e+000 
1.026367001e+000 1.821472762e+000 
1.048718415e+000 1.852790104e+000 
1.112131488e+000 1.901645415e+000 
1.160121688e+000 1.922881787e+000 
1.127071969e+000 1.908784321e+000 
1.017087105e+000 1.804262268e+000 
1.049742340e+000 1.854182845e+000 
1.047244748e+000 1.851336116e+000 
1.016805801e+000 1.804026774e+000 
1.071238355e+000 1.874426254e+000 
1.051733546e+000 1.855948638e+000 
1.016360217e+000 1.802522139e+000 
1.076377486e+000 1.878311713e+000 
1.029461913e+000 1.826310712e+000 
1.056235011e+000 1.860993135e+000 
1.069136533e+000 1.872362825e+000 
1.188382578e+000 1.932588663e+000 
1.069904088e+000 1.872810996e+000 
1.189253673e+000 1.933034798e+000 
1.052464758e+000 1.856699130e+000 
1.068229089e+000 1.871891562e+000 
1.083868949e+000 1.884232103e+000 
1.101197920e+000 1.895826903e+000 
1.124141710e+000 1.907134080e+000 
1.061097071e+000 1.865585337e+000 
1.077320852e+000 1.878805362e+000 
1.058811365e+000 1.863589068e+000 
1.066657392e+000 1.870220374e+000 
1.157374524e+000 1.921547993e+000 
1.063610056e+000 1.867577385e+000 
1.131123755e+000 1.910599148e+000 
1.065459225e+000 1.869336344e+000 
1.070391567e+000 1.873741124e+000 
1.158317856e+000 1.922206904e+000 
1.098471504e+000 1.893780397e+000 
1.028760318e+000 1.825363054e+000 
1.012860785e+000 1.793175172e+000 
1.012380768e+000 1.791721184e+000 
1.077109686e+000 1.878630536e+000 
1.096232159e+000 1.893114233e+000 
1.088010573e+000 1.887315760e+000 
1.095417751e+000 1.892750785e+000 
1.099914951e+000 1.895307244e+000 
1.091106337e+000 1.889799481e+000 
1.103371681e+000 1.896879058e+000 
1.023682120e+000 1.816424854e+000 
1.177422192e+000 1.929435409e+000 
1.103673026e+000 1.897116497e+000 
1.103878916e+000 1.897592113e+000 
1.126523932e+000 1.908274298e+000 
1.022112495e+000 1.814143026e+000 
1.137406573e+000 1.913537809e+000 
1.187787023e+000 1.932387190e+000 
1.145456313e+000 1.917003963e+000 
1.034348937e+000 1.833799258e+000 
1.014843081e+000 1.799156905e+000 
1.040369268e+000 1.842045371e+000 
1.164351992e+000 1.924285015e+000 
1.180122635e+000 1.930338864e+000 
1.020173471e+000 1.810600291e+000 
1.150991037e+000 1.919107847e+000 
1.133398165e+000 1.911840559e+000 
1.178723551e+000 1.929940032e+000 
1.032910103e+000 1.831860323e+000 
1.027685735e+000 1.823644023e+000 
1.069809827e+000 1.872781018e+000 
1.029681125e+000 1.826822731e+000 
1.018359273e+000 1.807291290e+000 
1.020073184e+000 1.810072289e+000 
1.192096905e+000 1.933690103e+000 
1.183662496e+000 1.931345544e+000 
1.037054917e+000 1.837844246e+000 
1.188991633e+000 1.932782197e+000 
1.037828754e+000 1.838641013e+000 
1.021526297e+000 1.812945772e+000 
1.114352807e+000 1.902926236e+000 
1.026172341e+000 1.820913698e+000 
1.179881860e+000 1.930028133e+000 
1.019330582e+000 1.809050949e+000 
1.121225809e+000 1.906184540e+000 
1.117795374e+000 1.904669343e+000 
1.121972215e+000 1.906353291e+000 
1.036703141e+000 1.837241691e+000 
1.136421261e+000 1.913207519e+000 
1.031775101e+000 1.830073831e+000 
1.151492637e+000 1.919256448e+000 
1.150273091e+000 1.918838019e+000 
1.037024719e+000 1.837828408e+000 
1.186631216e+000 1.932315738e+000 
1.171519897e+000 1.926998902e+000 
1.204073139e+000 1.937228634e+000 
1.167717732e+000 1.925591554e+000 
1.135250895e+000 1.912297231e+000 
1.044075429e+000 1.846714574e+000 
1.116932027e+000 1.903800516e+000 
1.041648480e+000 1.843985070e+000 
1.044469992e+000 1.847723214e+000 
1.044537091e+000 1.847727764e+000 
1.041278464e+000 1.843527894e+000 
1.030712625e+000 1.828474069e+000 
1.043549858e+000 1.846193009e+000 
1.035475672e+000 1.835532724e+000 
1.037394735e+000 1.838261113e+000 
1.128556472e+000 1.909445764e+000 
1.046743970e+000 1.850118014e+000 
1.032004708e+000 1.830600041e+000 
1.031302855e+000 1.829489419e+000 
1.003141675e+000 1.092979109e+000 
1.004169029e+000 1.096903771e+000 
1.003326439e+000 1.093874093e+000 
1.003831248e+000 1.095734654e+000 
1.003461684e+000 1.094460497e+000 
1.003946025e+000 1.096253111e+000 
1.004033783e+000 1.096297680e+000 
1.002205909e+000 1.017994073e+000 
1.001039036e+000 1.016835627e+000 
1.002299838e+000 1.018003159e+000 
1.001787505e+000 1.017472946e+000 
1.001346847e+000 1.017328160e+000 
1.001881434e+000 1.017510626e+000 
1.001691676e+000 1.017360487e+000 
1.001173763e+000 1.017303862e+000 
1.000906189e+000 1.016360923e+000 
1.000735881e+000 1.016342960e+000 
1.000562798e+000 1.016318662e+000 
1.001517154e+000 1.017343273e+000 
1.001758266e+000 1.017372541e+000 
1.010460669e+000 1.490945280e+000 
1.009912572e+000 1.489166041e+000 
1.010277945e+000 1.490547556e+000 
1.011186696e+000 1.491681144e+000 
1.008801921e+000 1.486521718e+000 
1.010714808e+000 1.491420439e+000 
1.009214547e+000 1.487569475e+000 
1.008910803e+000 1.487354609e+000 
1.009776668e+000 1.489150847e+000 
1.008431145e+000 1.482976253e+000 
1.008472344e+000 1.483809428e+000 
1.008043342e+000 1.482886073e+000 
1.008686880e+000 1.485268978e+000 
1.007819419e+000 1.481655174e+000 
1.008042136e+000 1.482326840e+000 
1.000338284e+000 1.003966790e+000 
1.000299534e+000 1.003830703e+000 
1.002492119e+000 1.031846282e+000 
1.002380420e+000 1.031745980e+000 
1.002697183e+000 1.031871105e+000 
1.007081154e+000 1.327647263e+000 
1.007620975e+000 1.331114638e+000 
1.004378203e+000 1.098061549e+000 
1.004630269e+000 1.099063875e+000 
1.004857640e+000 1.157732475e+000 
1.005252369e+000 1.158096322e+000 
1.006482340e+000 1.161509437e+000 
1.006287760e+000 1.160900246e+000 
1.006740168e+000 1.162439262e+000 
1.004704901e+000 1.157352161e+000 
1.006457913e+000 1.161155184e+000 
1.006030885e+000 1.160390119e+000 
1.673140291e+000 2.000000000e+000 
1.215460735e+000 1.942134835e+000 
1.246378818e+000 1.950286258e+000 
1.223186983e+000 1.943636735e+000 
1.242538677e+000 1.950095893e+000 
1.247321215e+000 1.951625600e+000 
1.227185571e+000 1.945253090e+000 
1.294978885e+000 1.962929228e+000 
1.313620968e+000 1.968059900e+000 
1.198217962e+000 1.934956038e+000 
1.313378311e+000 1.967505143e+000 
1.199638940e+000 1.936033764e+000 
1.206867197e+000 1.937996892e+000 
1.213017382e+000 1.940636716e+000 
1.374234023e+000 1.979526596e+000 
1.306707534e+000 1.966267346e+000 
1.383540160e+000 1.980594714e+000 
1.207149429e+000 1.938192224e+000 
1.207522244e+000 1.938415075e+000 
1.209385410e+000 1.939416564e+000 
1.210499113e+000 1.940229275e+000 
1.335760556e+000 1.972288773e+000 
1.260241911e+000 1.954356972e+000 
1.209773941e+000 1.939425662e+000 
1.275620550e+000 1.958937122e+000 
1.266255867e+000 1.957121901e+000 
1.259242576e+000 1.954254792e+000 
1.290025302e+000 1.962261489e+000 
1.324172444e+000 1.970250432e+000 
1.338521151e+000 1.973273549e+000 
1.362489919e+000 1.977558241e+000 
1.254186767e+000 1.952410216e+000 
1.371410206e+000 1.979117455e+000 
1.274533660e+000 1.958585688e+000 
1.299600297e+000 1.964759598e+000 
1.322032172e+000 1.969827145e+000 
1.349199774e+000 1.975838242e+000 
1.275813628e+000 1.958941980e+000 
1.283486894e+000 1.960871225e+000 
1.356420355e+000 1.976561355e+000 
1.322657965e+000 1.969837399e+000 
1.363594747e+000 1.978435785e+000 
1.262932574e+000 1.955736188e+000 
1.301907528e+000 1.966263193e+000 
1.332114631e+000 1.971492706e+000 
1.288381598e+000 1.961614150e+000 
1.284368858e+000 1.961344201e+000 
1.382722381e+000 1.980215431e+000 
1.351097953e+000 1.975922612e+000 
1.276987426e+000 1.959681198e+000 
1.353398369e+000 1.976116289e+000 
1.301436715e+000 1.965218159e+000 
1.268427712e+000 1.957957829e+000 
1.359214179e+000 1.977108256e+000 
1.300226091e+000 1.964769852e+000 
1.288887069e+000 1.961806558e+000 
1.327129416e+000 1.970427661e+000 
1.342592449e+000 1.974461993e+000 
1.330542474e+000 1.971279283e+000 
1.254596664e+000 1.953031638e+000 
1.217530857e+000 1.942458089e+000 
1.214125442e+000 1.941174617e+000 
1.256050981e+000 1.953839534e+000 
1.260409099e+000 1.954809557e+000 
1.233502574e+000 1.947411524e+000 
1.224757601e+000 1.944844831e+000 
1.243519751e+000 1.950141782e+000 
1.258317719e+000 1.954014044e+000 
1.263463544e+000 1.955830449e+000 
1.236761610e+000 1.948596918e+000 
1.256904518e+000 1.953985453e+000 
1.250199798e+000 1.952211793e+000 
1.246943900e+000 1.951548024e+000 
1.665345761e+000 1.999845948e+000 
1.669970108e+000 1.999987444e+000 
1.232855180e+000 1.946698568e+000 
1.232632534e+000 1.946432188e+000 
1.235974443e+000 1.948134710e+000 
1.240394865e+000 1.949151286e+000 
1.230294192e+000 1.946264603e+000 
1.221433721e+000 1.943034635e+000 
1.228719215e+000 1.945316355e+000 
1.298891741e+000 1.964163112e+000 
1.628745908e+000 1.999559737e+000 
1.628741181e+000 1.999550040e+000 
1.609546199e+000 1.999280370e+000 
1.618935240e+000 1.999396823e+000 
1.319829448e+000 1.969036211e+000 
1.550815059e+000 1.997556850e+000 
1.559010116e+000 1.997997282e+000 
1.552021516e+000 1.997650236e+000 
1.327384423e+000 1.970844449e+000 
1.609392360e+000 1.999258394e+000 
1.595965997e+000 1.999046930e+000 
1.558878534e+000 1.997667286e+000 
1.590992165e+000 1.999002146e+000 
1.395322749e+000 1.982302418e+000 
1.593493060e+000 1.999013512e+000 
1.660469961e+000 1.999788672e+000 
1.661692734e+000 1.999821330e+000 
1.665519933e+000 1.999962320e+000 
1.585491379e+000 1.998871104e+000 
1.389211255e+000 1.982175547e+000 
1.510962521e+000 1.995110979e+000 
1.542081783e+000 1.997315727e+000 
1.526160220e+000 1.996158589e+000 
1.540411926e+000 1.997199714e+000 
1.613528235e+000 1.999283438e+000 
1.563721212e+000 1.998125266e+000 
1.518850110e+000 1.995753962e+000 
1.406671483e+000 1.984417630e+000 
1.539290504e+000 1.997005902e+000 
1.571816454e+000 1.998255263e+000 
1.544044758e+000 1.997417335e+000 
1.578384200e+000 1.998653711e+000 
1.601130416e+000 1.999221771e+000 
1.582691671e+000 1.998856944e+000 
1.574533355e+000 1.998286751e+000 
1.581496574e+000 1.998853809e+000 
1.375910506e+000 1.979968672e+000 
1.372176047e+000 1.979149616e+000 
1.525929005e+000 1.996029790e+000 
1.368503669e+000 1.978812076e+000 
1.385438682e+000 1.980750814e+000 
1.311152469e+000 1.967130923e+000 
1.309250268e+000 1.967030578e+000 
1.660340281e+000 1.999627058e+000 
1.292577732e+000 1.962888179e+000 
1.298317772e+000 1.964054358e+000 
1.317743973e+000 1.968797752e+000 
1.301435449e+000 1.965168467e+000 
1.297114640e+000 1.964011871e+000 
1.281581984e+000 1.959842091e+000 
1.450892463e+000 1.989630352e+000 
1.296227465e+000 1.963239534e+000 
1.521465774e+000 1.995955481e+000 
1.330190691e+000 1.971185583e+000 
1.526695992e+000 1.996467150e+000 
1.518508106e+000 1.995598343e+000 
1.494347602e+000 1.993893936e+000 
1.498585194e+000 1.994378065e+000 
1.511179637e+000 1.995460368e+000 
1.419960161e+000 1.986152179e+000 
1.486092395e+000 1.993231966e+000 
1.505272051e+000 1.994845948e+000 
1.507130432e+000 1.995058994e+000 
1.418733112e+000 1.986136988e+000 
1.409856311e+000 1.984980391e+000 
1.412578128e+000 1.985581799e+000 
1.416598427e+000 1.985875954e+000 
1.425418010e+000 1.986889757e+000 
1.426852859e+000 1.986898407e+000 
1.484530651e+000 1.992867820e+000 
1.491900323e+000 1.993257780e+000 
1.493406824e+000 1.993736172e+000 
1.493306433e+000 1.993581009e+000 
1.455180127e+000 1.989987567e+000 
1.397081662e+000 1.982655324e+000 
1.396847323e+000 1.982649693e+000 
1.567696140e+000 1.998248394e+000 
1.471339728e+000 1.991374914e+000 
1.468929979e+000 1.991001441e+000 
1.474109288e+000 1.991775166e+000 
1.446329236e+000 1.989502738e+000 
1.461610579e+000 1.990632545e+000 
1.437375053e+000 1.988346141e+000 
1.444212018e+000 1.989167603e+000 
1.465328871e+000 1.990737768e+000 
1.445401721e+000 1.989347853e+000 
1.455595136e+000 1.990356398e+000 
1.438637037e+000 1.988501127e+000 
1.469919466e+000 1.991311763e+000 
1.397991072e+000 1.982936811e+000 
1.402649362e+000 1.983688369e+000 
1.423287475e+000 1.986369367e+000 
1.443070823e+000 1.988845650e+000 
1.384630678e+000 1.980673934e+000 
1.383748374e+000 1.980669393e+000 

