1.001205533e+000 1.066248149e+000 
1.001514500e+000 1.066500310e+000 
1.000745392e+000 1.066207157e+000 
1.023179956e+000 1.895605084e+000 
1.008266445e+000 1.875168757e+000 
1.010303784e+000 1.878415800e+000 
1.065983315e+000 1.925552523e+000 
1.013622647e+000 1.883062103e+000 
1.025179727e+000 1.897918415e+000 
1.026935974e+000 1.899339147e+000 
1.011566774e+000 1.879899171e+000 
1.044354512e+000 1.912476424e+000 
1.049079549e+000 1.916217315e+000 
1.005353162e+000 1.867353664e+000 
1.006143799e+000 1.869846318e+000 
1.061027336e+000 1.922841027e+000 
1.008092609e+000 1.873906098e+000 
1.007816918e+000 1.873143749e+000 
1.007583456e+000 1.873140576e+000 
1.015937003e+000 1.886760497e+000 
1.028365011e+000 1.899802431e+000 
1.051213990e+000 1.916960593e+000 
1.023892158e+000 1.895747452e+000 
1.107433154e+000 1.943995897e+000 
1.033003082e+000 1.904422227e+000 
1.112232811e+000 1.945799927e+000 
1.005426349e+000 1.867737339e+000 
1.029655101e+000 1.900959826e+000 
1.116953386e+000 1.947694499e+000 
1.098492821e+000 1.941053375e+000 
1.004484992e+000 1.864257880e+000 
1.006130348e+000 1.869456642e+000 
1.020651535e+000 1.892428204e+000 
1.062164767e+000 1.923270738e+000 
1.045844267e+000 1.913626135e+000 
1.102638475e+000 1.942362260e+000 
1.003116629e+000 1.857547269e+000 
1.014709350e+000 1.884728975e+000 
1.019130719e+000 1.890536074e+000 
1.020714043e+000 1.892514158e+000 
1.036941861e+000 1.907305503e+000 
1.036490526e+000 1.906871546e+000 
1.037533675e+000 1.907781311e+000 
1.053156202e+000 1.918699072e+000 
1.078985437e+000 1.931751087e+000 
1.100986596e+000 1.941796082e+000 
1.003181712e+000 1.857572440e+000 
1.114307156e+000 1.946945077e+000 
1.011377714e+000 1.879362545e+000 
1.102758431e+000 1.942494757e+000 
1.006491494e+000 1.870796902e+000 
1.007511044e+000 1.872843278e+000 
1.130970586e+000 1.952471829e+000 
1.006565474e+000 1.871469575e+000 
1.041538993e+000 1.911127746e+000 
1.005339712e+000 1.866963988e+000 
1.058134784e+000 1.921138389e+000 
1.024798275e+000 1.896519429e+000 
1.026469817e+000 1.898804503e+000 
1.105351545e+000 1.943705312e+000 
1.056529222e+000 1.920334381e+000 
1.114102770e+000 1.946624702e+000 
1.004348492e+000 1.863818473e+000 
1.003199427e+000 1.860828755e+000 
1.112826560e+000 1.946371841e+000 
1.007405750e+000 1.871942813e+000 
1.005210050e+000 1.866581257e+000 
1.007125831e+000 1.871805420e+000 
1.059233994e+000 1.921849855e+000 
1.014032374e+000 1.883359114e+000 
1.115754649e+000 1.947190880e+000 
1.012851033e+000 1.881781690e+000 
1.013432599e+000 1.882844510e+000 
1.070398200e+000 1.927840861e+000 
1.006282423e+000 1.869864244e+000 
1.004855034e+000 1.865877125e+000 
1.004920118e+000 1.865902296e+000 
1.047438139e+000 1.915167943e+000 
1.046558630e+000 1.913792557e+000 
1.107942986e+000 1.944206966e+000 
1.064762655e+000 1.924873633e+000 
1.004565194e+000 1.865028656e+000 
1.015533808e+000 1.885591486e+000 
1.003715909e+000 1.862429967e+000 
1.076807604e+000 1.931072340e+000 
1.074541130e+000 1.929998373e+000 
1.018823629e+000 1.889943015e+000 
1.003780992e+000 1.862455138e+000 
1.059946196e+000 1.922189880e+000 
1.073142247e+000 1.929354453e+000 
1.017337769e+000 1.888471705e+000 
1.089576607e+000 1.936774549e+000 
1.031003312e+000 1.902108895e+000 
1.005774838e+000 1.868976921e+000 
1.004635712e+000 1.865244685e+000 
1.022745982e+000 1.895139892e+000 
1.021221629e+000 1.893497510e+000 
1.024915138e+000 1.897145619e+000 
1.019638305e+000 1.891519426e+000 
1.021547309e+000 1.893549483e+000 
1.021042257e+000 1.892785366e+000 
1.047398479e+000 1.914562608e+000 
1.063242005e+000 1.923999546e+000 
1.024595781e+000 1.896206097e+000 
1.063699273e+000 1.924591713e+000 
1.042539990e+000 1.911558517e+000 
1.131639599e+000 1.952605689e+000 
1.009890924e+000 1.876726466e+000 
1.029741461e+000 1.901388853e+000 
1.062944336e+000 1.923579732e+000 
1.145761840e+000 1.957971721e+000 
1.110421575e+000 1.945265745e+000 
1.053868404e+000 1.918979963e+000 
1.030623515e+000 1.902003279e+000 
1.108974083e+000 1.945019943e+000 
1.064599868e+000 1.924665592e+000 
1.018886137e+000 1.890028969e+000 
1.061132899e+000 1.923010972e+000 
1.018237539e+000 1.889808218e+000 
1.022034639e+000 1.893747826e+000 
1.088902827e+000 1.936641628e+000 
1.009180700e+000 1.876314668e+000 
1.055077828e+000 1.919458603e+000 
1.016599287e+000 1.887361055e+000 
1.105256229e+000 1.943102961e+000 
1.031639190e+000 1.903025749e+000 
1.061982304e+000 1.923270722e+000 
1.060632877e+000 1.922405412e+000 
1.030127032e+000 1.901703335e+000 
1.053857167e+000 1.918788494e+000 
1.015016712e+000 1.884914341e+000 
1.091646875e+000 1.938155220e+000 
1.090804864e+000 1.937457714e+000 
1.013521757e+000 1.883051250e+000 
1.095440037e+000 1.939260704e+000 
1.116724184e+000 1.947225091e+000 
1.015260027e+000 1.885390636e+000 
1.015836114e+000 1.886749645e+000 
1.093503025e+000 1.938520797e+000 
1.013986237e+000 1.883156805e+000 
1.016972410e+000 1.887754237e+000 
1.012546584e+000 1.881006375e+000 
1.060607537e+000 1.922203943e+000 
1.054717810e+000 1.919239714e+000 
1.052647744e+000 1.918309854e+000 
1.032607998e+000 1.903779519e+000 
1.034057647e+000 1.905015979e+000 
1.033673145e+000 1.904738342e+000 
1.030189541e+000 1.901789289e+000 
1.031254688e+000 1.902748112e+000 
1.044743777e+000 1.912792184e+000 
1.034317530e+000 1.905114773e+000 
1.034557295e+000 1.905286857e+000 
1.009975545e+000 1.877180979e+000 
1.051298517e+000 1.917264398e+000 
1.072471002e+000 1.928807548e+000 
1.088672197e+000 1.936559478e+000 
1.088326276e+000 1.936398935e+000 
1.097423465e+000 1.940331817e+000 
1.068402040e+000 1.926823613e+000 
1.068632670e+000 1.926905763e+000 
1.033486664e+000 1.904663809e+000 
1.032159918e+000 1.903379083e+000 
1.087105615e+000 1.936117727e+000 
1.090324075e+000 1.936961100e+000 
1.090744479e+000 1.937161427e+000 
1.022493845e+000 1.894180181e+000 
1.011175412e+000 1.878914153e+000 
1.010818953e+000 1.878875844e+000 
1.012095704e+000 1.880760309e+000 
1.036866315e+000 1.907262134e+000 
1.034502213e+000 1.905213540e+000 
1.037349897e+000 1.907503717e+000 
1.039505046e+000 1.909251724e+000 
1.010198681e+000 1.877778909e+000 
1.040639995e+000 1.910297847e+000 
1.015168449e+000 1.885168258e+000 
1.028785773e+000 1.900405352e+000 
1.021032000e+000 1.892623754e+000 
1.040495844e+000 1.910183177e+000 
1.040677883e+000 1.910349777e+000 
1.046639350e+000 1.914377915e+000 
1.038336616e+000 1.908673520e+000 
1.058167797e+000 1.921335733e+000 
1.079864793e+000 1.932123624e+000 
1.084361567e+000 1.934604134e+000 
1.081988561e+000 1.933451273e+000 
1.083036652e+000 1.934133792e+000 
1.083267282e+000 1.934215941e+000 
1.094156555e+000 1.938558810e+000 
1.079946683e+000 1.932459657e+000 
1.048294882e+000 1.915263082e+000 
1.076691196e+000 1.930500068e+000 
1.079224479e+000 1.931756692e+000 
1.078394783e+000 1.931320284e+000 
1.002170397e+000 1.106679050e+000 
1.001763776e+000 1.106407906e+000 
1.002801100e+000 1.107382656e+000 
1.001611114e+000 1.106288699e+000 
1.000131787e+000 1.040314261e+000 
1.001922429e+000 1.106459370e+000 
1.002466834e+000 1.107233344e+000 
1.002810981e+000 1.108497389e+000 
1.002393936e+000 1.106792353e+000 
1.002168873e+000 1.106669488e+000 
1.002933637e+000 1.563011256e+000 
1.000000000e+000 1.007543072e+000 
1.225193139e+000 1.979573902e+000 
1.359930902e+000 1.996329785e+000 
1.349905545e+000 1.995442691e+000 
1.284545648e+000 1.989471192e+000 
1.427945199e+000 1.998594671e+000 
1.278115223e+000 1.988689883e+000 
1.163325866e+000 1.963962120e+000 
1.275011859e+000 1.988105443e+000 
1.157213741e+000 1.961953472e+000 
1.277967987e+000 1.988484197e+000 
1.357217537e+000 1.996116181e+000 
1.475219911e+000 1.998944918e+000 
1.269115843e+000 1.987622950e+000 
1.643462290e+000 2.000000000e+000 
1.365517112e+000 1.996599729e+000 
1.280923316e+000 1.988999873e+000 
1.237119808e+000 1.982327409e+000 
1.235887455e+000 1.982324909e+000 
1.235919833e+000 1.982327233e+000 
1.180168740e+000 1.968364907e+000 
1.640316784e+000 1.999999976e+000 
1.357249916e+000 1.996118505e+000 
1.260142819e+000 1.986369968e+000 
1.558174640e+000 1.999586569e+000 
1.119170101e+000 1.948560387e+000 
1.125200571e+000 1.950121914e+000 
1.139958436e+000 1.955904590e+000 
1.483964632e+000 1.999023871e+000 
1.489342985e+000 1.999023969e+000 
1.285589681e+000 1.989550664e+000 
1.319887956e+000 1.993224819e+000 
1.263517636e+000 1.986853157e+000 
1.369349675e+000 1.996714571e+000 
1.617026422e+000 1.999965260e+000 
1.346669163e+000 1.995201808e+000 
1.339806747e+000 1.994714542e+000 
1.278308117e+000 1.988963424e+000 
1.294268703e+000 1.990836000e+000 
1.284160527e+000 1.989383308e+000 
1.556088940e+000 1.999514119e+000 
1.281805975e+000 1.989141653e+000 
1.629089692e+000 1.999969635e+000 
1.392584141e+000 1.998187319e+000 
1.292235327e+000 1.990281862e+000 
1.575785596e+000 1.999624551e+000 
1.465262010e+000 1.998895991e+000 
1.275765806e+000 1.988476158e+000 
1.378502882e+000 1.997792286e+000 
1.339128375e+000 1.994577913e+000 
1.375484845e+000 1.997405041e+000 
1.117854676e+000 1.948287409e+000 
1.118380857e+000 1.948515861e+000 
1.523701869e+000 1.999322242e+000 
1.335524318e+000 1.994319775e+000 
1.142659995e+000 1.957192101e+000 
1.120059282e+000 1.949243785e+000 
1.502054462e+000 1.999263175e+000 
1.197544215e+000 1.973538830e+000 
1.406267182e+000 1.998513507e+000 
1.405397085e+000 1.998487545e+000 
1.402670657e+000 1.998359092e+000 
1.587715573e+000 1.999743925e+000 
1.173211024e+000 1.967186773e+000 
1.169940387e+000 1.965636100e+000 
1.525055899e+000 1.999485672e+000 
1.119740705e+000 1.948704163e+000 
1.535314708e+000 1.999505162e+000 
1.146189230e+000 1.958386215e+000 
1.472134646e+000 1.998939953e+000 
1.146104897e+000 1.958236861e+000 
1.140139014e+000 1.956312888e+000 
1.402983674e+000 1.998396437e+000 
1.157963450e+000 1.962113101e+000 
1.288339704e+000 1.989870574e+000 
1.154048059e+000 1.961449527e+000 
1.143463720e+000 1.957881083e+000 
1.121154183e+000 1.949365270e+000 
1.136346490e+000 1.955563305e+000 
1.150983911e+000 1.959917701e+000 
1.159501314e+000 1.962785244e+000 
1.456604740e+000 1.998822352e+000 
1.402204000e+000 1.998329362e+000 
1.393073996e+000 1.998198703e+000 
1.265008027e+000 1.987407889e+000 
1.233517234e+000 1.982103109e+000 
1.471772866e+000 1.998904257e+000 
1.203607528e+000 1.975094437e+000 
1.200531417e+000 1.974766464e+000 
1.398114627e+000 1.998276639e+000 
1.150513015e+000 1.959561752e+000 
1.410344041e+000 1.998560847e+000 
1.214229299e+000 1.977512624e+000 
1.127061871e+000 1.951716226e+000 
1.201195470e+000 1.974878450e+000 
1.222261821e+000 1.979547258e+000 
1.194649639e+000 1.972958638e+000 
1.125220445e+000 1.950653958e+000 
1.227165609e+000 1.980835776e+000 
1.163238728e+000 1.963820261e+000 
1.289265244e+000 1.989995350e+000 
1.614926323e+000 1.999857018e+000 
1.195951947e+000 1.973152149e+000 
1.207969117e+000 1.976131774e+000 
1.256854412e+000 1.986090859e+000 
1.246798054e+000 1.984316920e+000 
1.248201945e+000 1.984575063e+000 
1.385121299e+000 1.998028120e+000 
1.564301720e+000 1.999600513e+000 
1.245083641e+000 1.984058997e+000 
1.225997174e+000 1.980100671e+000 
1.250481797e+000 1.984736237e+000 
1.240078500e+000 1.982960625e+000 
1.256346590e+000 1.985837234e+000 
1.597467497e+000 1.999769569e+000 
1.122903740e+000 1.950032199e+000 
1.132320978e+000 1.953159290e+000 
1.112231689e+000 1.945750985e+000 
1.452282516e+000 1.998819552e+000 
1.246993585e+000 1.984383462e+000 
1.162207486e+000 1.963680167e+000 
1.111491664e+000 1.945480449e+000 
1.167738111e+000 1.965578712e+000 
1.245087580e+000 1.984315557e+000 
1.174304594e+000 1.967393612e+000 
1.166366916e+000 1.964863423e+000 
1.160618809e+000 1.963563880e+000 
1.199498766e+000 1.974180173e+000 
1.237923613e+000 1.982555468e+000 
1.216821341e+000 1.978288673e+000 
1.204424948e+000 1.975350070e+000 
1.192339313e+000 1.972222066e+000 
1.233195386e+000 1.981737284e+000 
1.183132663e+000 1.969777948e+000 
1.172057511e+000 1.966136116e+000 
1.185597086e+000 1.970741547e+000 
1.191461879e+000 1.971842544e+000 
1.181220596e+000 1.969433746e+000 
1.218377509e+000 1.978589170e+000 
1.232748821e+000 1.981616770e+000 
1.182368760e+000 1.969507779e+000 
1.220141800e+000 1.979035254e+000 
1.331277748e+000 1.993952413e+000 
1.271835556e+000 1.987937512e+000 
1.391498685e+000 1.998161748e+000 
1.278037289e+000 1.988686722e+000 
1.326133843e+000 1.993386107e+000 
1.233052650e+000 1.981701280e+000 
1.165356347e+000 1.964624881e+000 
1.158082287e+000 1.962429395e+000 
1.303931634e+000 1.991372036e+000 
1.393130695e+000 1.998222096e+000 
1.135907076e+000 1.954891751e+000 
1.211785507e+000 1.977383656e+000 
1.192756539e+000 1.972699655e+000 
1.299692783e+000 1.991065551e+000 
1.326894885e+000 1.993482103e+000 
1.132791208e+000 1.953506268e+000 
1.186622857e+000 1.970925949e+000 
1.210079114e+000 1.976808154e+000 
1.133645109e+000 1.953632189e+000 
1.301020964e+000 1.991125899e+000 
1.129485679e+000 1.952448933e+000 
1.333003666e+000 1.994048410e+000 
1.140324105e+000 1.956571323e+000 
1.145385327e+000 1.957947892e+000 
1.206138528e+000 1.975540740e+000 
1.151824599e+000 1.960437436e+000 
1.155984030e+000 1.961620692e+000 
1.350984728e+000 1.995501101e+000 
1.128631778e+000 1.952323012e+000 
1.126183275e+000 1.951061549e+000 
1.312402588e+000 1.992387147e+000 
1.313243302e+000 1.992595718e+000 
1.306256784e+000 1.991849952e+000 
1.182934175e+000 1.969624415e+000 
1.150082140e+000 1.959548843e+000 
1.316653032e+000 1.993096685e+000 
1.352441183e+000 1.995687364e+000 
1.309673190e+000 1.992287126e+000 
1.172804862e+000 1.967009945e+000 
1.327723434e+000 1.993686508e+000 
1.171207803e+000 1.966074910e+000 
1.327419605e+000 1.993663813e+000 
1.370643896e+000 1.997197044e+000 
1.360849574e+000 1.996569196e+000 
1.305780905e+000 1.991459078e+000 
1.344178773e+000 1.994937044e+000 
1.431766616e+000 1.998628989e+000 
1.451333209e+000 1.998761449e+000 
1.480836937e+000 1.998975697e+000 
1.190255273e+000 1.971249416e+000 
1.510454156e+000 1.999286691e+000 
1.490779374e+000 1.999068672e+000 
1.498931871e+000 1.999233713e+000 
1.491709436e+000 1.999223659e+000 
1.452066225e+000 1.998775049e+000 
1.456677086e+000 1.998878080e+000 
1.434543794e+000 1.998716106e+000 
1.444513089e+000 1.998724267e+000 
1.460947630e+000 1.998894283e+000 
1.429425939e+000 1.998597578e+000 

