1.000414681e+000 1.000208362e+000 
1.000698959e+000 1.000219451e+000 
1.000482596e+000 1.000212406e+000 
1.000648303e+000 1.000217822e+000 
1.000580389e+000 1.000213778e+000 
1.001365759e+000 1.000235108e+000 
1.000378118e+000 1.000205353e+000 
1.001348009e+000 1.000234244e+000 
1.000855143e+000 1.000220988e+000 
1.001071507e+000 1.000228071e+000 
1.000247849e+000 1.000200332e+000 
1.001141169e+000 1.000231039e+000 
1.000161034e+000 1.000198163e+000 
1.000129252e+000 1.000191016e+000 
1.000172655e+000 1.000200159e+000 
1.000228215e+000 1.000200195e+000 
1.001664331e+000 1.000241968e+000 
1.001573453e+000 1.000239020e+000 
1.001320470e+000 1.000233211e+000 
1.001457491e+000 1.000238808e+000 
1.001632250e+000 1.000239050e+000 
1.001158919e+000 1.000231903e+000 
1.000864667e+000 1.000224867e+000 
1.001642262e+000 1.000241280e+000 
1.001733993e+000 1.000244941e+000 
1.000344450e+000 1.000204203e+000 
1.001435422e+000 1.000238075e+000 
1.001298401e+000 1.000232523e+000 
1.001021898e+000 1.000226350e+000 
1.021212033e+000 1.023475909e+000 
1.021107555e+000 1.023037355e+000 
1.020802002e+000 1.022597996e+000 
1.020838159e+000 1.022599300e+000 
1.021517354e+000 1.023604360e+000 
1.021786751e+000 1.024042088e+000 
1.020665261e+000 1.021633404e+000 
1.021557496e+000 1.023903895e+000 
1.002499043e+000 1.000755792e+000 
1.002529433e+000 1.000757302e+000 
1.002823686e+000 1.000800442e+000 
1.002016963e+000 1.000703700e+000 
1.002289139e+000 1.000746251e+000 
1.002122538e+000 1.000710728e+000 
1.002232661e+000 1.000728945e+000 
1.002103716e+000 1.000706030e+000 
1.002758360e+000 1.000796877e+000 
1.002153838e+000 1.000727606e+000 
1.002427029e+000 1.000753130e+000 
1.002126522e+000 1.000726616e+000 
1.002936170e+000 1.000821540e+000 
1.002181602e+000 1.000728010e+000 
1.001939527e+000 1.000681132e+000 
1.002076401e+000 1.000705038e+000 
1.001966842e+000 1.000682122e+000 
1.001878656e+000 1.000642698e+000 
1.002044728e+000 1.000704102e+000 
1.001851341e+000 1.000641707e+000 
1.003023814e+000 1.000822094e+000 
1.002084514e+000 1.000706028e+000 
1.002367512e+000 1.000748178e+000 
1.002259976e+000 1.000729936e+000 
1.002464108e+000 1.000753739e+000 
1.002316454e+000 1.000747242e+000 
1.002641917e+000 1.000778400e+000 
1.002908854e+000 1.000820550e+000 
1.002614602e+000 1.000777410e+000 
1.002731045e+000 1.000795887e+000 
1.003049387e+000 1.000823540e+000 
1.002406269e+000 1.000752003e+000 
1.051291658e+000 1.116858111e+000 
1.051652004e+000 1.116957312e+000 
1.052917982e+000 1.118435737e+000 
1.054291287e+000 1.119819887e+000 
1.053415167e+000 1.118889274e+000 
1.050758330e+000 1.115609734e+000 
1.053605347e+000 1.119165529e+000 
1.050931482e+000 1.116298914e+000 
1.015009056e+000 1.012789565e+000 
1.014536443e+000 1.012523648e+000 
1.015808667e+000 1.013154481e+000 
1.016952640e+000 1.013630697e+000 
1.016587709e+000 1.013531086e+000 
1.016118806e+000 1.013298238e+000 
1.014747364e+000 1.012668011e+000 
1.015496156e+000 1.013016078e+000 
1.019247446e+000 1.014590776e+000 
1.014710309e+000 1.012578041e+000 
1.015757848e+000 1.013137633e+000 
1.014208008e+000 1.012234113e+000 
1.017044108e+000 1.013789492e+000 
1.018167585e+000 1.014175134e+000 
1.014157188e+000 1.012217265e+000 
1.014034142e+000 1.012179720e+000 
1.016067986e+000 1.013281390e+000 
1.020578863e+000 1.015084014e+000 
1.015132102e+000 1.012827111e+000 
1.018496958e+000 1.014251780e+000 
1.017839425e+000 1.013986468e+000 
1.013976704e+000 1.011957076e+000 
1.016352055e+000 1.013346971e+000 
1.019229425e+000 1.014545699e+000 
1.019527356e+000 1.014734365e+000 
1.020279945e+000 1.014998798e+000 
1.016475101e+000 1.013384517e+000 
1.019381447e+000 1.014708370e+000 
1.018433412e+000 1.014245693e+000 
1.017775880e+000 1.013980381e+000 
1.033216049e+000 1.059346896e+000 
1.032745873e+000 1.058917444e+000 
1.032874587e+000 1.059321842e+000 
1.039198231e+000 1.065447319e+000 
1.041709890e+000 1.067545368e+000 
1.033493353e+000 1.060097269e+000 
1.031603262e+000 1.057460381e+000 
1.030512804e+000 1.056795932e+000 
1.032046175e+000 1.058725586e+000 
1.036892680e+000 1.063420933e+000 
1.038027974e+000 1.064661121e+000 
1.030961999e+000 1.057315110e+000 
1.039875337e+000 1.066200102e+000 
1.037156814e+000 1.063830670e+000 
1.035457003e+000 1.061986950e+000 
1.035151923e+000 1.061674256e+000 
1.034267851e+000 1.060899380e+000 
1.035799262e+000 1.062236287e+000 
1.034634834e+000 1.061288454e+000 
1.038964487e+000 1.065379404e+000 
1.037916419e+000 1.064156546e+000 
1.038942260e+000 1.065360302e+000 
1.034184480e+000 1.060735481e+000 
1.050398310e+000 1.075317642e+000 
1.044706719e+000 1.071248823e+000 
1.043724167e+000 1.070175604e+000 
1.040029643e+000 1.066329359e+000 
1.042137577e+000 1.068686422e+000 
1.049120971e+000 1.074677112e+000 
1.042833522e+000 1.069464798e+000 
1.040271990e+000 1.066996975e+000 
1.050100890e+000 1.075263230e+000 
1.040590868e+000 1.067488215e+000 
1.048527089e+000 1.074152776e+000 
1.043436686e+000 1.069990234e+000 
1.044537750e+000 1.070761950e+000 
1.044777531e+000 1.071264451e+000 
1.045889269e+000 1.072259042e+000 
1.048007187e+000 1.073661536e+000 
1.039414461e+000 1.065948234e+000 
1.004423133e+000 1.002374176e+000 
1.004779965e+000 1.002426955e+000 
1.003601272e+000 1.002171604e+000 
1.010868122e+000 1.002983453e+000 
1.005000646e+000 1.002462254e+000 
1.003906359e+000 1.002263975e+000 
1.005092371e+000 1.002462339e+000 
1.003825880e+000 1.002260525e+000 
1.006857417e+000 1.002660868e+000 
1.013192566e+000 1.003140176e+000 
1.006250108e+000 1.002602181e+000 
1.003782083e+000 1.002255111e+000 
1.003764259e+000 1.002247419e+000 
1.004393725e+000 1.002370468e+000 
1.004014656e+000 1.002306110e+000 
1.003076513e+000 1.001969322e+000 
1.003413951e+000 1.002113088e+000 
1.003689458e+000 1.002207156e+000 
1.004161151e+000 1.002319330e+000 
1.004146763e+000 1.002317017e+000 
1.003470838e+000 1.002119932e+000 
1.012424368e+000 1.003082778e+000 
1.008045657e+000 1.002759332e+000 
1.009181956e+000 1.002860521e+000 
1.013130646e+000 1.003138038e+000 
1.007078097e+000 1.002696610e+000 
1.005978221e+000 1.002581232e+000 
1.012207570e+000 1.003081923e+000 
1.009220252e+000 1.002873205e+000 
1.006470788e+000 1.002637638e+000 
1.012080102e+000 1.003079554e+000 
1.006125832e+000 1.002593164e+000 
1.005577592e+000 1.002522560e+000 
1.013033493e+000 1.003132979e+000 
1.004327062e+000 1.002341495e+000 
1.013855441e+000 1.003191918e+000 
1.007010167e+000 1.002687551e+000 
1.010071650e+000 1.002922974e+000 
1.007513918e+000 1.002713061e+000 
1.008193268e+000 1.002771178e+000 
1.012742977e+000 1.003132377e+000 
1.006789487e+000 1.002652254e+000 
1.009054488e+000 1.002858235e+000 
1.011258154e+000 1.003020439e+000 
1.008413948e+000 1.002806721e+000 
1.000000000e+000 1.000186704e+000 
1.000113489e+000 1.000187306e+000 
1.057327386e+000 1.125777954e+000 
1.082947958e+000 1.143441833e+000 
1.057592855e+000 1.126099525e+000 
1.057784003e+000 1.126440674e+000 
1.067055838e+000 1.133725206e+000 
1.081211936e+000 1.142396796e+000 
1.054725369e+000 1.122804993e+000 
1.063461950e+000 1.131330924e+000 
1.062102903e+000 1.130219880e+000 
1.058299385e+000 1.126927978e+000 
1.067880708e+000 1.134098435e+000 
1.058787231e+000 1.127339241e+000 
1.072141620e+000 1.136864576e+000 
1.080901692e+000 1.142162441e+000 
1.074881507e+000 1.138749318e+000 
1.055460525e+000 1.123939394e+000 
1.081753727e+000 1.142797951e+000 
1.070318948e+000 1.135717871e+000 
1.056198091e+000 1.124778850e+000 
1.057196822e+000 1.125741227e+000 
1.059970171e+000 1.128599948e+000 
1.062796144e+000 1.130949008e+000 
1.082858305e+000 1.143230886e+000 
1.066750272e+000 1.133617087e+000 
1.080986949e+000 1.142261042e+000 
1.062465349e+000 1.130523889e+000 
1.064637320e+000 1.132150022e+000 
1.064021887e+000 1.131835319e+000 
1.079584466e+000 1.141403313e+000 
1.071315456e+000 1.136336816e+000 
1.073371535e+000 1.137727611e+000 
1.069887962e+000 1.135464697e+000 
1.078100596e+000 1.140526435e+000 
1.083549416e+000 1.143500952e+000 
1.063137704e+000 1.131103900e+000 
1.082716913e+000 1.143183022e+000 
1.062545782e+000 1.130605326e+000 
1.080824099e+000 1.142020835e+000 
1.075590596e+000 1.138944091e+000 
1.073286936e+000 1.137646946e+000 
1.069434187e+000 1.135002233e+000 
1.077089956e+000 1.139955654e+000 
1.022787174e+000 1.030523051e+000 
1.022729286e+000 1.030366873e+000 
1.028586502e+000 1.034798206e+000 
1.028476525e+000 1.034658098e+000 
1.028467864e+000 1.034627236e+000 
1.029884764e+000 1.035459785e+000 
1.023637375e+000 1.031291383e+000 
1.023249286e+000 1.030977986e+000 
1.022661751e+000 1.030096206e+000 
1.029745099e+000 1.035425384e+000 
1.029593314e+000 1.035299296e+000 
1.025033866e+000 1.032477955e+000 
1.025238045e+000 1.032548736e+000 
1.030133714e+000 1.035471755e+000 
1.025480404e+000 1.032755115e+000 
1.026074890e+000 1.033211004e+000 
1.027468550e+000 1.034052901e+000 
1.023995894e+000 1.031584302e+000 
1.024374445e+000 1.031870398e+000 
1.027703841e+000 1.034239364e+000 
1.027673180e+000 1.034195190e+000 
1.023345082e+000 1.031013538e+000 
1.024697194e+000 1.032147943e+000 
1.096869628e+000 1.786429922e+000 
1.219308116e+000 1.874164418e+000 
1.108348969e+000 1.798483220e+000 
1.114231902e+000 1.803228578e+000 
1.172143048e+000 1.846325118e+000 
1.093059479e+000 1.783170908e+000 
1.157834731e+000 1.838227938e+000 
1.108804893e+000 1.798917469e+000 
1.108992693e+000 1.799164731e+000 
1.112762109e+000 1.802388383e+000 
1.133496672e+000 1.820392791e+000 
1.085606882e+000 1.774042171e+000 
1.104591118e+000 1.795193774e+000 
1.104701177e+000 1.795365838e+000 
1.106590194e+000 1.797066433e+000 
1.119756843e+000 1.808504020e+000 
1.161835387e+000 1.840378715e+000 
1.159849097e+000 1.839429165e+000 
1.114546489e+000 1.804008505e+000 
1.211597436e+000 1.870395511e+000 
1.096048227e+000 1.786423843e+000 
1.110374856e+000 1.800590297e+000 
1.189807693e+000 1.858277771e+000 
1.109553295e+000 1.799280781e+000 
1.092198882e+000 1.781616588e+000 
1.123047590e+000 1.811241873e+000 
1.089795656e+000 1.779244033e+000 
1.185222960e+000 1.855730356e+000 
1.345534874e+000 1.917909313e+000 
1.150718318e+000 1.833352509e+000 
1.365715362e+000 1.923336809e+000 
1.363364544e+000 1.922740050e+000 
1.094258867e+000 1.784306656e+000 
1.106188009e+000 1.796813825e+000 
1.108670080e+000 1.798862327e+000 
1.083566115e+000 1.770871548e+000 
1.084328537e+000 1.772584330e+000 
1.138559420e+000 1.824269259e+000 
1.095996275e+000 1.786375571e+000 
1.184738778e+000 1.854873988e+000 
1.183976177e+000 1.854810037e+000 
1.099326271e+000 1.790025279e+000 
1.105234080e+000 1.795674440e+000 
1.280110255e+000 1.898603823e+000 
1.185985562e+000 1.855796073e+000 
1.097443567e+000 1.787975160e+000 
1.138692594e+000 1.824281820e+000 
1.191755556e+000 1.859439973e+000 
1.211352956e+000 1.869985965e+000 
1.097372785e+000 1.787901654e+000 
1.115166447e+000 1.804373388e+000 
1.138716507e+000 1.824811109e+000 
1.210616834e+000 1.869457930e+000 
1.163971785e+000 1.841952231e+000 
1.138553939e+000 1.823978290e+000 
1.191915658e+000 1.859877543e+000 
1.105327128e+000 1.795820689e+000 
1.145325713e+000 1.829055029e+000 
1.099203556e+000 1.789944741e+000 
1.209980848e+000 1.869051350e+000 
1.191674862e+000 1.859381797e+000 
1.166477838e+000 1.843405760e+000 
1.175506307e+000 1.849340237e+000 
1.170076197e+000 1.845875723e+000 
1.084437812e+000 1.772783248e+000 
1.202690059e+000 1.865139896e+000 
1.139759577e+000 1.825412178e+000 
1.155030629e+000 1.835831208e+000 
1.207703404e+000 1.867256311e+000 
1.192316062e+000 1.859999728e+000 
1.217925837e+000 1.872949294e+000 
1.271432324e+000 1.895917997e+000 
1.200677372e+000 1.864105867e+000 
1.128550764e+000 1.816252716e+000 
1.161064360e+000 1.840057347e+000 
1.157086459e+000 1.837623454e+000 
1.347220077e+000 1.918806227e+000 
1.155133382e+000 1.835868531e+000 
1.136993742e+000 1.823209558e+000 
1.092227771e+000 1.781806427e+000 
1.247348698e+000 1.886056242e+000 
1.312959506e+000 1.909110396e+000 
1.303375316e+000 1.906150117e+000 
1.139445522e+000 1.825233658e+000 
1.134719104e+000 1.821633271e+000 
1.180489954e+000 1.852757188e+000 
1.180131574e+000 1.852444436e+000 
1.354453168e+000 1.920753672e+000 
1.273855307e+000 1.896444543e+000 
1.277186284e+000 1.897714837e+000 
1.126878389e+000 1.814777714e+000 
1.138293909e+000 1.823928991e+000 
1.136637517e+000 1.822792618e+000 
1.135420907e+000 1.821903947e+000 
1.156487804e+000 1.836937017e+000 
1.085890592e+000 1.774503081e+000 
1.218904835e+000 1.873376835e+000 
1.311414562e+000 1.908702312e+000 
1.219161657e+000 1.873649811e+000 
1.229594976e+000 1.878928144e+000 
1.229236596e+000 1.878611652e+000 
1.083718102e+000 1.771429427e+000 
1.124552119e+000 1.812628448e+000 
1.219513771e+000 1.874245277e+000 
1.174303331e+000 1.848507878e+000 
1.253097881e+000 1.888947028e+000 
1.169124074e+000 1.845438501e+000 
1.346549228e+000 1.918384264e+000 
1.111044214e+000 1.800780291e+000 
1.115422251e+000 1.804695354e+000 
1.141741447e+000 1.827013114e+000 
1.269989879e+000 1.895407440e+000 
1.340909040e+000 1.916777065e+000 
1.110837095e+000 1.800592114e+000 
1.282826501e+000 1.900121160e+000 
1.214157291e+000 1.871492934e+000 
1.168651794e+000 1.844802445e+000 
1.136600416e+000 1.822738121e+000 
1.140569876e+000 1.825782042e+000 
1.140914828e+000 1.825877933e+000 
1.274792332e+000 1.896618795e+000 
1.271629649e+000 1.895969007e+000 
1.248244909e+000 1.886576880e+000 
1.220114134e+000 1.874713901e+000 
1.129569092e+000 1.817150152e+000 
1.281026564e+000 1.899201849e+000 
1.148463017e+000 1.831685669e+000 
1.201446208e+000 1.864267352e+000 
1.267860152e+000 1.894681027e+000 
1.189066677e+000 1.857505867e+000 
1.128736051e+000 1.816361009e+000 
1.127239977e+000 1.815038372e+000 
1.261725453e+000 1.892153922e+000 
1.122064777e+000 1.810307188e+000 
1.257684039e+000 1.889563719e+000 
1.123379003e+000 1.811651168e+000 
1.276427433e+000 1.897652214e+000 
1.262712025e+000 1.892496146e+000 
1.164831112e+000 1.842318163e+000 
1.121596362e+000 1.809991356e+000 
1.120225947e+000 1.808910817e+000 
1.166520660e+000 1.843769458e+000 
1.120041090e+000 1.808686609e+000 
1.165695097e+000 1.842830487e+000 
1.248496696e+000 1.887675928e+000 
1.245320739e+000 1.885772412e+000 
1.239589705e+000 1.884421321e+000 
1.166027152e+000 1.843096020e+000 
1.265258163e+000 1.894261704e+000 
1.197495965e+000 1.862437100e+000 
1.242121672e+000 1.884922489e+000 
1.223779303e+000 1.876547340e+000 
1.222107844e+000 1.875750838e+000 
1.163303357e+000 1.841131688e+000 
1.232308829e+000 1.880420538e+000 
1.232111435e+000 1.880363515e+000 
1.198648797e+000 1.863269119e+000 
1.229365244e+000 1.878775128e+000 
1.259612458e+000 1.891080595e+000 
1.231562909e+000 1.879996800e+000 
1.178074696e+000 1.851028756e+000 
1.194116997e+000 1.860664643e+000 
1.292436715e+000 1.903235453e+000 
1.179070691e+000 1.851667187e+000 
1.326139881e+000 1.912854665e+000 
1.329545752e+000 1.913817313e+000 
1.296073658e+000 1.904520763e+000 
1.304510823e+000 1.907880490e+000 
1.300453898e+000 1.905730095e+000 
1.289128842e+000 1.901971026e+000 
1.309299791e+000 1.908553903e+000 
1.308780162e+000 1.908512083e+000 
1.298164658e+000 1.905028926e+000 
1.328477793e+000 1.913061003e+000 
1.334823657e+000 1.915027429e+000 
1.336665231e+000 1.915051600e+000 
1.664473769e+000 1.995401982e+000 
1.405022011e+000 1.945437189e+000 
1.384178753e+000 1.936323798e+000 
1.372262073e+000 1.928634231e+000 
1.448772625e+000 1.961169301e+000 
1.396788054e+000 1.941666265e+000 
1.475698912e+000 1.969058642e+000 
1.557817982e+000 1.985029289e+000 
1.493554809e+000 1.973959584e+000 
1.375357708e+000 1.933324054e+000 
1.455467213e+000 1.963402548e+000 
1.407942707e+000 1.946414440e+000 
1.450062750e+000 1.961580072e+000 
1.554246437e+000 1.984229234e+000 
1.373710166e+000 1.932678510e+000 
1.403235520e+000 1.944893791e+000 
1.452039245e+000 1.962409129e+000 
1.377474139e+000 1.934111382e+000 
1.374609096e+000 1.932729933e+000 
1.626982426e+000 1.992801402e+000 
1.425669798e+000 1.953320523e+000 
1.599335808e+000 1.990267846e+000 
1.449502263e+000 1.961462216e+000 
1.381846803e+000 1.936297182e+000 
1.555896158e+000 1.984549901e+000 
1.429949773e+000 1.955157878e+000 
1.377482363e+000 1.934113128e+000 
1.397136212e+000 1.942561096e+000 
1.447990585e+000 1.961032797e+000 
1.554316088e+000 1.984506894e+000 
1.411090918e+000 1.947963371e+000 
1.370680017e+000 1.928116018e+000 
1.367271859e+000 1.927365248e+000 
1.572650406e+000 1.987076829e+000 
1.783028925e+000 2.000000000e+000 
1.376925241e+000 1.933597649e+000 
1.368451179e+000 1.927573900e+000 
1.378210153e+000 1.934401246e+000 
1.400393898e+000 1.943518448e+000 
1.403026829e+000 1.944587583e+000 
1.385419134e+000 1.937329024e+000 
1.432229985e+000 1.956051309e+000 
1.389875716e+000 1.938212982e+000 
1.402540057e+000 1.944280866e+000 
1.506836804e+000 1.976203997e+000 
1.369010171e+000 1.927976673e+000 
1.404231719e+000 1.945007922e+000 
1.398833770e+000 1.942953323e+000 
1.399910435e+000 1.943515287e+000 
1.502797927e+000 1.975473009e+000 
1.506878021e+000 1.976608264e+000 
1.379429444e+000 1.935046396e+000 
1.399716951e+000 1.943178989e+000 
1.367362949e+000 1.927477744e+000 
1.373047541e+000 1.929593362e+000 
1.367478043e+000 1.927520560e+000 
1.378825725e+000 1.935031371e+000 
1.497110761e+000 1.974903542e+000 
1.510275199e+000 1.977020164e+000 
1.367935773e+000 1.927525531e+000 
1.495174001e+000 1.974087730e+000 
1.400816321e+000 1.943533523e+000 
1.399902212e+000 1.943513971e+000 
1.445770747e+000 1.960532733e+000 
1.525412575e+000 1.979531896e+000 
1.396489300e+000 1.941155300e+000 
1.384396836e+000 1.937009440e+000 
1.387857003e+000 1.937843016e+000 
1.511509206e+000 1.977304697e+000 
1.392759460e+000 1.939366427e+000 
1.439587992e+000 1.958176640e+000 
1.526209049e+000 1.980138452e+000 
1.450173214e+000 1.961594572e+000 
1.445385619e+000 1.960437740e+000 
1.410897658e+000 1.947738897e+000 
1.548872214e+000 1.983249234e+000 
1.390434307e+000 1.938510875e+000 
1.552070886e+000 1.984008293e+000 
1.402289549e+000 1.944185668e+000 
1.389997247e+000 1.938363660e+000 
1.367220601e+000 1.924232666e+000 
1.659533202e+000 1.995203972e+000 
1.513435910e+000 1.977851276e+000 
1.651964848e+000 1.994845808e+000 
1.415306227e+000 1.949902429e+000 
1.535860164e+000 1.981540021e+000 
1.532183937e+000 1.981015876e+000 
1.407866512e+000 1.945976074e+000 
1.418107174e+000 1.950665356e+000 
1.366606393e+000 1.923886500e+000 
1.412780071e+000 1.949024038e+000 
1.381291851e+000 1.935504531e+000 
1.413522057e+000 1.949031161e+000 
1.425186205e+000 1.953263209e+000 
1.419047715e+000 1.951177255e+000 
1.540817656e+000 1.982240297e+000 
1.525787025e+000 1.980004991e+000 
1.380344729e+000 1.935405292e+000 
1.430847856e+000 1.955734561e+000 
1.414555978e+000 1.949324262e+000 
1.455879628e+000 1.963471604e+000 
1.414228243e+000 1.949240323e+000 
1.396206360e+000 1.940946014e+000 
1.396258960e+000 1.941112120e+000 
1.457751583e+000 1.963859682e+000 
1.458645595e+000 1.964121426e+000 
1.544981660e+000 1.983093164e+000 
1.465516706e+000 1.966553541e+000 
1.436835533e+000 1.957372897e+000 
1.459186192e+000 1.964533258e+000 
1.541467456e+000 1.982814052e+000 
1.466588172e+000 1.966780742e+000 
1.417680901e+000 1.950471600e+000 
1.464853492e+000 1.966541645e+000 
1.484550922e+000 1.971375572e+000 
1.424468316e+000 1.952951545e+000 
1.423576840e+000 1.952686513e+000 
1.427522421e+000 1.955010906e+000 
1.491718230e+000 1.973305367e+000 
1.488920895e+000 1.972906846e+000 
1.491828671e+000 1.973743146e+000 
1.533396797e+000 1.981255668e+000 
1.434159593e+000 1.956509508e+000 
1.535958589e+000 1.981545207e+000 
1.467588627e+000 1.967472948e+000 
1.464636553e+000 1.966409125e+000 
1.426118311e+000 1.953609580e+000 
1.426542483e+000 1.953970699e+000 
1.467014394e+000 1.966933600e+000 
1.471709029e+000 1.968131979e+000 
1.539107668e+000 1.981850636e+000 
1.530833616e+000 1.980761831e+000 
1.522763132e+000 1.979259032e+000 
1.468349505e+000 1.967830681e+000 
1.781498394e+000 1.999929684e+000 
1.465657067e+000 1.966705473e+000 
1.594972243e+000 1.989806863e+000 
1.529752753e+000 1.980606986e+000 
1.598063638e+000 1.990074834e+000 
1.598426096e+000 1.990185833e+000 
1.417360159e+000 1.950102247e+000 
1.540431399e+000 1.982083779e+000 
1.534887612e+000 1.981412874e+000 
1.484558213e+000 1.971475911e+000 
1.486733428e+000 1.971951994e+000 
1.470013719e+000 1.967988134e+000 
1.484616511e+000 1.971617053e+000 
1.482990054e+000 1.971266569e+000 
1.453355868e+000 1.962759056e+000 
1.456650425e+000 1.963475308e+000 
1.454346555e+000 1.963108590e+000 
1.457532668e+000 1.963651756e+000 
1.478816019e+000 1.970351286e+000 
1.477901418e+000 1.970048312e+000 
1.456937034e+000 1.963643668e+000 
1.482190234e+000 1.970888279e+000 
1.476371421e+000 1.969675127e+000 
1.478851095e+000 1.970389021e+000 
1.442112121e+000 1.959378632e+000 
1.474114482e+000 1.969035102e+000 
1.409383436e+000 1.947086498e+000 
1.444912283e+000 1.960303643e+000 
1.478524948e+000 1.970302863e+000 
1.482094857e+000 1.970851983e+000 
1.481267863e+000 1.970809663e+000 
1.440765419e+000 1.958908693e+000 
1.575700294e+000 1.987413948e+000 
1.578100160e+000 1.987915241e+000 
1.576168255e+000 1.987484536e+000 
1.457584732e+000 1.963787350e+000 
1.441108057e+000 1.959118865e+000 
1.587143966e+000 1.989604405e+000 
1.590107588e+000 1.989616117e+000 
1.586621300e+000 1.989120149e+000 
1.500713763e+000 1.975286027e+000 
1.503855776e+000 1.976082883e+000 
1.388778431e+000 1.937848146e+000 
1.451593683e+000 1.961996284e+000 
1.422724832e+000 1.952512185e+000 
1.591525823e+000 1.989706458e+000 
1.440227159e+000 1.958500517e+000 
1.421337496e+000 1.952053948e+000 
1.584056194e+000 1.989032168e+000 
1.504897970e+000 1.976119435e+000 
1.614288917e+000 1.991721071e+000 
1.617830925e+000 1.992037018e+000 
1.437029894e+000 1.957648866e+000 
1.515189793e+000 1.977896038e+000 
1.518002141e+000 1.978603148e+000 
1.519960461e+000 1.978875204e+000 
1.520997610e+000 1.979014604e+000 
1.515338986e+000 1.978097841e+000 
1.545402129e+000 1.983099820e+000 
1.407214452e+000 1.945541230e+000 
1.652508734e+000 1.995101857e+000 
1.545970128e+000 1.983102101e+000 
1.407378649e+000 1.945860183e+000 
1.599628337e+000 1.990413523e+000 
1.394213820e+000 1.940269816e+000 
1.392208504e+000 1.939038114e+000 
1.581387133e+000 1.988145580e+000 
1.648325806e+000 1.994568283e+000 
1.777091340e+000 1.999793565e+000 
1.389154731e+000 1.937961608e+000 
1.651587220e+000 1.994819509e+000 
1.775031312e+000 1.999740923e+000 
1.705653367e+000 1.997685915e+000 
1.704441651e+000 1.997442219e+000 
1.776101374e+000 1.999752306e+000 
1.703263933e+000 1.997375768e+000 
1.432902849e+000 1.956079720e+000 
1.671998801e+000 1.995959440e+000 
1.769838267e+000 1.999681451e+000 
1.760867980e+000 1.999289679e+000 
1.764585754e+000 1.999543421e+000 
1.764255138e+000 1.999526620e+000 
1.768609156e+000 1.999641686e+000 
1.763916205e+000 1.999427301e+000 
1.745473320e+000 1.999281158e+000 
1.726347576e+000 1.998727627e+000 
1.641245988e+000 1.994295070e+000 
1.738072188e+000 1.999191528e+000 
1.735779059e+000 1.999117783e+000 
1.763372809e+000 1.999327358e+000 
1.698403850e+000 1.997167630e+000 
1.672884202e+000 1.996214237e+000 
1.693031913e+000 1.997118859e+000 
1.698686173e+000 1.997342877e+000 
1.669578021e+000 1.995842106e+000 
1.733592947e+000 1.999081672e+000 
1.638871391e+000 1.994117368e+000 
1.637405162e+000 1.993867974e+000 
1.691148127e+000 1.997018097e+000 
1.696176577e+000 1.997129594e+000 
1.564458507e+000 1.986087702e+000 
1.616495839e+000 1.991728456e+000 
1.563018774e+000 1.985835516e+000 
1.560330945e+000 1.985365899e+000 
1.572594473e+000 1.987072491e+000 
1.571261928e+000 1.986925369e+000 
1.561848045e+000 1.985694416e+000 
1.539065118e+000 1.981776437e+000 
1.681070484e+000 1.996473168e+000 
1.729558390e+000 1.998951237e+000 
1.679357297e+000 1.996227220e+000 
1.550660022e+000 1.983689161e+000 
1.679799964e+000 1.996390813e+000 
1.549830256e+000 1.983530640e+000 
1.551233190e+000 1.983825242e+000 
1.723824991e+000 1.998579725e+000 
1.686812065e+000 1.996986541e+000 
1.627797050e+000 1.992900864e+000 
1.611025461e+000 1.991203538e+000 
1.683218686e+000 1.996730054e+000 
1.685763272e+000 1.996792681e+000 
1.625471886e+000 1.992696320e+000 
1.596409852e+000 1.989968699e+000 
1.731685047e+000 1.999053737e+000 
1.648362183e+000 1.994702473e+000 
1.594852785e+000 1.989785189e+000 
1.644472831e+000 1.994375447e+000 
1.664895686e+000 1.995439240e+000 
1.556440862e+000 1.984637616e+000 
1.666619241e+000 1.995700699e+000 
1.713615311e+000 1.997715208e+000 
1.714540457e+000 1.997832467e+000 
1.649811973e+000 1.994775350e+000 
1.714252937e+000 1.997743253e+000 
1.611458904e+000 1.991209645e+000 
1.604094752e+000 1.990643277e+000 
1.611823421e+000 1.991438236e+000 
1.606564095e+000 1.991014447e+000 
1.628664642e+000 1.992912043e+000 
1.656592520e+000 1.995189647e+000 
1.627769135e+000 1.992827152e+000 
1.665019877e+000 1.995618396e+000 
1.622315970e+000 1.992269818e+000 
1.660181717e+000 1.995292638e+000 
1.631655346e+000 1.993338695e+000 
1.622762528e+000 1.992292060e+000 

