1.005532535e+000 1.004086712e+000 
1.004609326e+000 1.003803167e+000 
1.004744463e+000 1.003883057e+000 
1.006094841e+000 1.004206783e+000 
1.005744172e+000 1.004126587e+000 
1.004513720e+000 1.003801558e+000 
1.004666486e+000 1.003840543e+000 
1.006006680e+000 1.004193673e+000 
1.006355359e+000 1.004222429e+000 
1.005373351e+000 1.004035870e+000 
1.005158489e+000 1.003966146e+000 
1.006234909e+000 1.004209977e+000 
1.005474710e+000 1.004053552e+000 
1.004689863e+000 1.003880913e+000 
1.005529311e+000 1.004055696e+000 
1.006201291e+000 1.004209671e+000 
1.014285847e+000 1.042183774e+000 
1.014444177e+000 1.042871018e+000 
1.016082792e+000 1.044597068e+000 
1.015616033e+000 1.044182452e+000 
1.014925070e+000 1.043535943e+000 
1.015228149e+000 1.043608738e+000 
1.016480749e+000 1.045103380e+000 
1.014732528e+000 1.042906287e+000 
1.052005261e+000 1.352145127e+000 
1.044991915e+000 1.340826148e+000 
1.045201854e+000 1.341319910e+000 
1.052477558e+000 1.352709045e+000 
1.049555980e+000 1.348022335e+000 
1.056503769e+000 1.358150054e+000 
1.052404721e+000 1.352652451e+000 
1.052544515e+000 1.352839430e+000 
1.050717898e+000 1.349737606e+000 
1.051644019e+000 1.351257282e+000 
1.044984235e+000 1.340674862e+000 
1.050401441e+000 1.349261179e+000 
1.044885048e+000 1.340548464e+000 
1.048134250e+000 1.345926715e+000 
1.055231595e+000 1.356295944e+000 
1.057093174e+000 1.358834376e+000 
1.046110557e+000 1.342273550e+000 
1.056738430e+000 1.358431995e+000 
1.000617326e+000 1.000074314e+000 
1.000070636e+000 1.000068218e+000 
1.000000000e+000 1.000066428e+000 
1.000110161e+000 1.000068417e+000 
1.000577801e+000 1.000074114e+000 
1.000702857e+000 1.000075907e+000 
1.000328939e+000 1.000072308e+000 
1.000368464e+000 1.000072507e+000 
1.000453995e+000 1.000074100e+000 
1.000217969e+000 1.000070400e+000 
1.000651432e+000 1.000074495e+000 
1.033077319e+000 1.175290013e+000 
1.038380987e+000 1.183845275e+000 
1.037066593e+000 1.182011872e+000 
1.036003719e+000 1.180317785e+000 
1.041760030e+000 1.188575204e+000 
1.042124807e+000 1.189373197e+000 
1.040293993e+000 1.186217445e+000 
1.042560493e+000 1.190057846e+000 
1.034290618e+000 1.177715610e+000 
1.039587799e+000 1.185413218e+000 
1.038654519e+000 1.184261947e+000 
1.039334117e+000 1.185254018e+000 
1.033288732e+000 1.176000513e+000 
1.032997992e+000 1.175204880e+000 
1.041122760e+000 1.187743462e+000 
1.043861099e+000 1.191499851e+000 
1.032969809e+000 1.175123334e+000 
1.033007242e+000 1.175228273e+000 
1.033862142e+000 1.177091025e+000 
1.039557130e+000 1.185393069e+000 
1.040474666e+000 1.186285087e+000 
1.035100379e+000 1.179522283e+000 
1.035253594e+000 1.179902076e+000 
1.043671116e+000 1.191167243e+000 
1.043442581e+000 1.190825136e+000 
1.037391910e+000 1.182393397e+000 
1.037321833e+000 1.182331657e+000 
1.039980360e+000 1.185684776e+000 
1.032092111e+000 1.124409890e+000 
1.029843447e+000 1.120436945e+000 
1.031179039e+000 1.123272394e+000 
1.030063364e+000 1.121310282e+000 
1.030990689e+000 1.123272191e+000 
1.030415700e+000 1.122251519e+000 
1.030792956e+000 1.123103335e+000 
1.032169006e+000 1.125134578e+000 
1.029581943e+000 1.119775488e+000 
1.032366739e+000 1.125303434e+000 
1.031543076e+000 1.123499794e+000 
1.030663863e+000 1.122770839e+000 
1.031863500e+000 1.123923292e+000 
1.003979373e+000 1.003788251e+000 
1.004197449e+000 1.003799468e+000 
1.003056957e+000 1.003551551e+000 
1.002700131e+000 1.003343622e+000 
1.002859345e+000 1.003482662e+000 
1.004114565e+000 1.003791373e+000 
1.005018176e+000 1.003948250e+000 
1.002814151e+000 1.003462361e+000 
1.003459649e+000 1.003640803e+000 
1.003887588e+000 1.003726297e+000 
1.002778726e+000 1.003413582e+000 
1.003814468e+000 1.003719550e+000 
1.005228174e+000 1.004004696e+000 
1.004830374e+000 1.003938896e+000 
1.002731638e+000 1.003348866e+000 
1.002810233e+000 1.003418825e+000 
1.003504607e+000 1.003646379e+000 
1.004941357e+000 1.003945500e+000 
1.002890852e+000 1.003488287e+000 
1.003168488e+000 1.003569273e+000 
1.003363351e+000 1.003637912e+000 
1.003731584e+000 1.003711454e+000 
1.005239905e+000 1.004011316e+000 
1.003440171e+000 1.003640662e+000 
1.003964408e+000 1.003729047e+000 
1.159880035e+000 1.830719224e+000 
1.079827316e+000 1.736787200e+000 
1.126432647e+000 1.797070904e+000 
1.168077722e+000 1.837539570e+000 
1.172840923e+000 1.840210755e+000 
1.085300902e+000 1.746686139e+000 
1.165825533e+000 1.835424162e+000 
1.058711732e+000 1.701340065e+000 
1.072648915e+000 1.727349685e+000 
1.101576789e+000 1.769656080e+000 
1.100271546e+000 1.768016307e+000 
1.123301312e+000 1.793541153e+000 
1.141236234e+000 1.813556497e+000 
1.115658001e+000 1.785960763e+000 
1.059092157e+000 1.702063739e+000 
1.057948401e+000 1.699828063e+000 
1.071271300e+000 1.724554297e+000 
1.075906858e+000 1.732043479e+000 
1.084847860e+000 1.746321551e+000 
1.112069056e+000 1.782957206e+000 
1.251293192e+000 1.890449489e+000 
1.124777653e+000 1.796283599e+000 
1.075544999e+000 1.731837620e+000 
1.180922014e+000 1.846546820e+000 
1.271950932e+000 1.900975584e+000 
1.081534489e+000 1.740547578e+000 
1.061261123e+000 1.706111628e+000 
1.164517797e+000 1.834256664e+000 
1.057111255e+000 1.697932168e+000 
1.088591213e+000 1.751464365e+000 
1.095351995e+000 1.761216819e+000 
1.083878978e+000 1.744823526e+000 
1.061716979e+000 1.707108308e+000 
1.077910065e+000 1.735402920e+000 
1.177665070e+000 1.844886338e+000 
1.061303248e+000 1.706197379e+000 
1.064034241e+000 1.710501960e+000 
1.105161838e+000 1.773965211e+000 
1.200561376e+000 1.860779299e+000 
1.060303651e+000 1.704436912e+000 
1.111061232e+000 1.781616477e+000 
1.269504664e+000 1.899400574e+000 
1.091007410e+000 1.755264021e+000 
1.112519881e+000 1.783267397e+000 
1.208558441e+000 1.865284901e+000 
1.109408310e+000 1.779554370e+000 
1.208615216e+000 1.865344464e+000 
1.280283924e+000 1.904378928e+000 
1.277655724e+000 1.904004156e+000 
1.117641987e+000 1.788323605e+000 
1.138652517e+000 1.811143694e+000 
1.127468149e+000 1.799280242e+000 
1.135731919e+000 1.807958176e+000 
1.072052781e+000 1.726171571e+000 
1.118188937e+000 1.788904096e+000 
1.314183971e+000 1.917510546e+000 
1.111701872e+000 1.782333722e+000 
1.281473116e+000 1.904820532e+000 
1.076529053e+000 1.733013066e+000 
1.277096487e+000 1.903389604e+000 
1.071009680e+000 1.724208751e+000 
1.166808129e+000 1.835955476e+000 
1.071135919e+000 1.724347006e+000 
1.084428407e+000 1.745531109e+000 
1.101643328e+000 1.769722785e+000 
1.098955680e+000 1.766230341e+000 
1.105979553e+000 1.774553589e+000 
1.310142256e+000 1.916390455e+000 
1.068876937e+000 1.720930087e+000 
1.068815348e+000 1.720808254e+000 
1.080479764e+000 1.739908380e+000 
1.138795597e+000 1.811431920e+000 
1.251069959e+000 1.890318115e+000 
1.073117683e+000 1.727945586e+000 
1.146556974e+000 1.818773658e+000 
1.106857148e+000 1.776232034e+000 
1.156080932e+000 1.827009491e+000 
1.150859239e+000 1.822830550e+000 
1.166928418e+000 1.836722986e+000 
1.282176335e+000 1.904971196e+000 
1.097685304e+000 1.764268974e+000 
1.144228746e+000 1.816170211e+000 
1.191886175e+000 1.854649814e+000 
1.084618310e+000 1.745933903e+000 
1.167576847e+000 1.837298528e+000 
1.111328863e+000 1.781934056e+000 
1.106839608e+000 1.775964644e+000 
1.143233301e+000 1.815576556e+000 
1.145070487e+000 1.817104667e+000 
1.062012961e+000 1.707314326e+000 
1.083393488e+000 1.744197286e+000 
1.132569795e+000 1.804985074e+000 
1.062645944e+000 1.708496670e+000 
1.188744535e+000 1.852594310e+000 
1.155258046e+000 1.826486652e+000 
1.282505219e+000 1.905179470e+000 
1.132994724e+000 1.805499593e+000 
1.221675131e+000 1.874278432e+000 
1.185309267e+000 1.849991615e+000 
1.098761219e+000 1.765808144e+000 
1.127744651e+000 1.799483455e+000 
1.103939404e+000 1.772531421e+000 
1.094089223e+000 1.759188452e+000 
1.167187326e+000 1.836825112e+000 
1.184047247e+000 1.849757503e+000 
1.143519852e+000 1.816028027e+000 
1.198021615e+000 1.859263629e+000 
1.067286053e+000 1.717529117e+000 
1.093765166e+000 1.759156817e+000 
1.083216141e+000 1.743731383e+000 
1.094835341e+000 1.760503859e+000 
1.169331164e+000 1.838757966e+000 
1.161556309e+000 1.832553239e+000 
1.238947523e+000 1.884549844e+000 
1.199330450e+000 1.860333103e+000 
1.065631318e+000 1.714152128e+000 
1.197672680e+000 1.858538240e+000 
1.246169167e+000 1.888617121e+000 
1.064575118e+000 1.712558323e+000 
1.065512408e+000 1.713926082e+000 
1.129025247e+000 1.800865268e+000 
1.151673685e+000 1.823633404e+000 
1.104773879e+000 1.773363088e+000 
1.148106090e+000 1.820484216e+000 
1.310054101e+000 1.915937781e+000 
1.310138761e+000 1.916126626e+000 
1.181157820e+000 1.847340752e+000 
1.252007651e+000 1.890860822e+000 
1.102567595e+000 1.770690571e+000 
1.189658487e+000 1.853282651e+000 
1.265778342e+000 1.899213016e+000 
1.192182085e+000 1.854970221e+000 
1.142765899e+000 1.815108889e+000 
1.111854704e+000 1.782474086e+000 
1.295213146e+000 1.911447248e+000 
1.246571827e+000 1.888752138e+000 
1.087782357e+000 1.750316938e+000 
1.120684702e+000 1.791157512e+000 
1.082668094e+000 1.742846979e+000 
1.163832183e+000 1.833878094e+000 
1.087575815e+000 1.749960133e+000 
1.088116395e+000 1.750712544e+000 
1.114155136e+000 1.784945271e+000 
1.136020260e+000 1.809196978e+000 
1.080205909e+000 1.739048856e+000 
1.140888803e+000 1.813249420e+000 
1.311285689e+000 1.916832468e+000 
1.141615405e+000 1.813828383e+000 
1.195470751e+000 1.857393254e+000 
1.121048633e+000 1.791416827e+000 
1.088092026e+000 1.750526777e+000 
1.133962486e+000 1.806978837e+000 
1.147066276e+000 1.819211992e+000 
1.311209604e+000 1.916478020e+000 
1.116410117e+000 1.787449660e+000 
1.133537558e+000 1.806437834e+000 
1.137012059e+000 1.809543392e+000 
1.270336659e+000 1.900773618e+000 
1.137744842e+000 1.810554623e+000 
1.168855158e+000 1.838042662e+000 
1.088212047e+000 1.750844890e+000 
1.092288928e+000 1.756985239e+000 
1.198834937e+000 1.859949479e+000 
1.170279261e+000 1.839500521e+000 
1.253695134e+000 1.892231905e+000 
1.255177453e+000 1.892972572e+000 
1.202032028e+000 1.862555228e+000 
1.196867057e+000 1.858273214e+000 
1.114154201e+000 1.784885610e+000 
1.089395436e+000 1.752707113e+000 
1.148609362e+000 1.820734914e+000 
1.241679782e+000 1.885676929e+000 
1.261820239e+000 1.896964370e+000 
1.187428328e+000 1.852223933e+000 
1.122901378e+000 1.793518747e+000 
1.264169215e+000 1.897936985e+000 
1.260156958e+000 1.895804240e+000 
1.190405078e+000 1.854055718e+000 
1.156876958e+000 1.828079202e+000 
1.205369226e+000 1.864545066e+000 
1.203913864e+000 1.864290863e+000 
1.170806203e+000 1.839524725e+000 
1.200829897e+000 1.861514457e+000 
1.121707405e+000 1.792083479e+000 
1.159174575e+000 1.829823236e+000 
1.192874323e+000 1.855805807e+000 
1.262999634e+000 1.897266775e+000 
1.222203441e+000 1.874591192e+000 
1.224950016e+000 1.876563039e+000 
1.288740308e+000 1.907787463e+000 
1.171290364e+000 1.839744146e+000 
1.229623265e+000 1.878795732e+000 
1.290406498e+000 1.908642899e+000 
1.227102934e+000 1.878348116e+000 
1.283861730e+000 1.905363043e+000 
1.285583879e+000 1.906749996e+000 
1.227903883e+000 1.878619407e+000 
1.209863476e+000 1.867005426e+000 
1.237267711e+000 1.883679010e+000 
1.242560509e+000 1.886498669e+000 
1.230644219e+000 1.879838795e+000 
1.229895288e+000 1.879754007e+000 
1.173073262e+000 1.840649796e+000 
1.215642381e+000 1.870828867e+000 
1.216869505e+000 1.871853988e+000 
1.216997724e+000 1.871865569e+000 
1.217884151e+000 1.873249569e+000 
1.223060041e+000 1.875481782e+000 
1.307046830e+000 1.914921659e+000 
1.302167363e+000 1.913300041e+000 
1.299829730e+000 1.912520438e+000 
1.232067440e+000 1.880618168e+000 
1.194473937e+000 1.856597496e+000 
1.291824189e+000 1.909326824e+000 
1.000746678e+000 1.000255114e+000 
1.000764471e+000 1.000262565e+000 
1.000877083e+000 1.000264350e+000 
1.000799476e+000 1.000262590e+000 
1.000726384e+000 1.000253827e+000 
1.000708591e+000 1.000246376e+000 
1.000876724e+000 1.000264255e+000 
1.000930316e+000 1.000272160e+000 
1.000881460e+000 1.000271959e+000 
1.000862873e+000 1.000264079e+000 
1.000827868e+000 1.000264054e+000 
1.006557924e+000 1.011001431e+000 
1.007248245e+000 1.011667129e+000 
1.007747559e+000 1.012022075e+000 
1.007127557e+000 1.011524478e+000 
1.006933341e+000 1.011350647e+000 
1.006633776e+000 1.011019197e+000 
1.006971428e+000 1.011376110e+000 
1.007328545e+000 1.011685162e+000 
1.006780949e+000 1.011198484e+000 
1.006862342e+000 1.011222285e+000 
1.007172416e+000 1.011536794e+000 
1.006671864e+000 1.011044659e+000 
1.007293105e+000 1.011679445e+000 
1.006448838e+000 1.010847606e+000 
1.002143031e+000 1.000601307e+000 
1.001222923e+000 1.000555798e+000 
1.001800252e+000 1.000591282e+000 
1.001521921e+000 1.000574115e+000 
1.001613491e+000 1.000581841e+000 
1.001286738e+000 1.000555957e+000 
1.002685543e+000 1.000619355e+000 
1.001672311e+000 1.000582779e+000 
1.001501254e+000 1.000573124e+000 
1.001763881e+000 1.000590505e+000 
1.001555266e+000 1.000580876e+000 
1.001907844e+000 1.000598037e+000 
1.001950642e+000 1.000599946e+000 
1.001219185e+000 1.000553971e+000 
1.001853644e+000 1.000591284e+000 
1.001409684e+000 1.000565398e+000 
1.002561167e+000 1.000619198e+000 
1.001342131e+000 1.000563411e+000 
1.001454368e+000 1.000572129e+000 
1.001610899e+000 1.000580879e+000 
1.002282555e+000 1.000609741e+000 
1.001460508e+000 1.000572215e+000 
1.002519433e+000 1.000617096e+000 
1.002129573e+000 1.000600115e+000 
1.001348272e+000 1.000563498e+000 
1.001401663e+000 1.000563500e+000 
1.001132266e+000 1.000545580e+000 
1.001083431e+000 1.000536138e+000 
1.000996496e+000 1.000536120e+000 
1.001121519e+000 1.000545562e+000 
1.002252270e+000 1.000608430e+000 
1.002658826e+000 1.000619219e+000 
1.002402660e+000 1.000617094e+000 
1.018191386e+000 1.060998573e+000 
1.017782158e+000 1.060315610e+000 
1.016593918e+000 1.058261489e+000 
1.020109117e+000 1.064134484e+000 
1.017656481e+000 1.059805253e+000 
1.018301983e+000 1.061011113e+000 
1.016778721e+000 1.058941811e+000 
1.022601540e+000 1.067043024e+000 
1.018093265e+000 1.060983353e+000 
1.022286414e+000 1.066783556e+000 
1.017173066e+000 1.059618453e+000 
1.020164321e+000 1.064155270e+000 
1.020739860e+000 1.064832930e+000 
1.019812893e+000 1.063473062e+000 
1.021045278e+000 1.065423817e+000 
1.025813086e+000 1.070284634e+000 
1.022369339e+000 1.066962280e+000 
1.017797041e+000 1.060321931e+000 
1.019133734e+000 1.062790906e+000 
1.021439623e+000 1.066100459e+000 
1.025462634e+000 1.069710369e+000 
1.019714772e+000 1.063457842e+000 
1.024260863e+000 1.069024384e+000 
1.018006771e+000 1.060502558e+000 
1.020416968e+000 1.064330330e+000 
1.021967537e+000 1.066634171e+000 
1.018872285e+000 1.061858733e+000 
1.021903055e+000 1.066230322e+000 
1.018906057e+000 1.061868381e+000 
1.025580885e+000 1.070203890e+000 
1.019988851e+000 1.063644041e+000 
1.028511272e+000 1.072655624e+000 
1.027620592e+000 1.072065320e+000 
1.029215190e+000 1.073168433e+000 
1.025975504e+000 1.070470274e+000 
1.026915161e+000 1.071488168e+000 
1.029427578e+000 1.073614206e+000 
1.028610867e+000 1.072931998e+000 
1.028410538e+000 1.072617263e+000 
1.020903579e+000 1.064922236e+000 
1.022912196e+000 1.067568390e+000 
1.020383196e+000 1.064320682e+000 
1.026052816e+000 1.070835849e+000 
1.025579371e+000 1.070139547e+000 
1.023972899e+000 1.068737890e+000 
1.023611939e+000 1.068274743e+000 
1.026824610e+000 1.071092151e+000 
1.026794130e+000 1.071081000e+000 
1.022760156e+000 1.067398812e+000 
1.023135587e+000 1.067914735e+000 
1.011128511e+000 1.015364281e+000 
1.010991844e+000 1.015363920e+000 
1.014247302e+000 1.016573606e+000 
1.008391594e+000 1.014133973e+000 
1.009965354e+000 1.014999187e+000 
1.008208019e+000 1.013987795e+000 
1.010717778e+000 1.015348277e+000 
1.010460866e+000 1.015326702e+000 
1.012807848e+000 1.016034050e+000 
1.013465566e+000 1.016214340e+000 
1.008112602e+000 1.013968390e+000 
1.011639654e+000 1.015683498e+000 
1.011233328e+000 1.015518628e+000 
1.012436490e+000 1.015870192e+000 
1.008604689e+000 1.014171786e+000 
1.008951502e+000 1.014344683e+000 
1.008063617e+000 1.013828077e+000 
1.009772879e+000 1.014974588e+000 
1.009378457e+000 1.014528815e+000 
1.008487011e+000 1.014153377e+000 
1.009281398e+000 1.014523621e+000 
1.010198634e+000 1.015153198e+000 
1.012617602e+000 1.016014627e+000 
1.010101576e+000 1.015148004e+000 
1.010771051e+000 1.015356368e+000 
1.008786622e+000 1.014332174e+000 
1.009868296e+000 1.014993993e+000 
1.010303701e+000 1.015160637e+000 
1.009143836e+000 1.014350699e+000 
1.009185981e+000 1.014504216e+000 
1.010375642e+000 1.015163647e+000 
1.011853950e+000 1.015691510e+000 
1.008040588e+000 1.013686382e+000 
1.008507630e+000 1.014166592e+000 
1.010458790e+000 1.015166529e+000 
1.008883681e+000 1.014337369e+000 
1.008691205e+000 1.014312769e+000 
1.012222194e+000 1.015862180e+000 
1.007896931e+000 1.013512802e+000 
1.013376167e+000 1.016212744e+000 
1.010093329e+000 1.015006449e+000 
1.009589304e+000 1.014828410e+000 
1.010662555e+000 1.015338856e+000 
1.012478038e+000 1.015876808e+000 
1.012422579e+000 1.015867821e+000 
1.014131823e+000 1.016393137e+000 
1.013347995e+000 1.016087391e+000 
1.007945171e+000 1.013666978e+000 
1.013811901e+000 1.016391384e+000 
1.013955743e+000 1.016392325e+000 
1.013088837e+000 1.016046618e+000 
1.009046778e+000 1.014345505e+000 
1.010361731e+000 1.015161334e+000 
1.012580937e+000 1.015908379e+000 
1.009541554e+000 1.014536951e+000 
1.011976412e+000 1.015702729e+000 
1.012709909e+000 1.016033947e+000 
1.014240543e+000 1.016434900e+000 
1.013489023e+000 1.016260416e+000 
1.012208283e+000 1.015859868e+000 
1.013665103e+000 1.016261140e+000 
1.013163477e+000 1.016087061e+000 
1.350544170e+000 1.942848853e+000 
1.437703910e+000 1.976527923e+000 
1.330490310e+000 1.930376664e+000 
1.350034591e+000 1.941827411e+000 
1.366588086e+000 1.951820707e+000 
1.369122856e+000 1.952807458e+000 
1.375617024e+000 1.955898754e+000 
1.465897707e+000 1.982834827e+000 
1.372308231e+000 1.954495690e+000 
1.430743971e+000 1.974913349e+000 
1.320367582e+000 1.923093825e+000 
1.413445464e+000 1.970396731e+000 
1.318247740e+000 1.920357658e+000 
1.318712711e+000 1.921189681e+000 
1.669857784e+000 2.000000000e+000 
1.375202560e+000 1.955182391e+000 
1.322423865e+000 1.924670924e+000 
1.432240892e+000 1.975410283e+000 
1.319396602e+000 1.921394270e+000 
1.663750418e+000 1.999879302e+000 
1.422047051e+000 1.973370963e+000 
1.364782434e+000 1.950386956e+000 
1.449908958e+000 1.979502638e+000 
1.335904397e+000 1.934460075e+000 
1.315036733e+000 1.917629600e+000 
1.406593706e+000 1.967989359e+000 
1.375612994e+000 1.955792679e+000 
1.342001085e+000 1.938232116e+000 
1.346823886e+000 1.940437042e+000 
1.351656068e+000 1.943791922e+000 
1.341340334e+000 1.938033062e+000 
1.367358068e+000 1.952126145e+000 
1.444192280e+000 1.977815875e+000 
1.421769837e+000 1.972975872e+000 
1.346917218e+000 1.941331684e+000 
1.394903702e+000 1.963881007e+000 
1.343737951e+000 1.938991097e+000 
1.346310589e+000 1.940139371e+000 
1.371576388e+000 1.954088102e+000 
1.320123308e+000 1.921891001e+000 
1.329037657e+000 1.928704177e+000 
1.388783766e+000 1.960179893e+000 
1.322699721e+000 1.925470983e+000 
1.335487191e+000 1.933611473e+000 
1.391553159e+000 1.961379378e+000 
1.668508590e+000 1.999969665e+000 
1.396163809e+000 1.964261018e+000 
1.384651050e+000 1.959377221e+000 
1.434751948e+000 1.975916547e+000 
1.324851250e+000 1.927386666e+000 
1.340270460e+000 1.936934474e+000 
1.320945659e+000 1.924526914e+000 
1.355231800e+000 1.945984662e+000 
1.353418544e+000 1.944829265e+000 
1.353619923e+000 1.945320845e+000 
1.474780872e+000 1.984826464e+000 
1.392271841e+000 1.962900536e+000 
1.432843381e+000 1.975845805e+000 
1.352966806e+000 1.944559913e+000 
1.403121632e+000 1.967088076e+000 
1.333028276e+000 1.931511107e+000 
1.370000709e+000 1.952980709e+000 
1.383569910e+000 1.959040785e+000 
1.331385786e+000 1.930991083e+000 
1.385131055e+000 1.959827972e+000 
1.384390640e+000 1.959322875e+000 
1.334007566e+000 1.932476830e+000 
1.351888346e+000 1.944005329e+000 
1.328839299e+000 1.928644406e+000 
1.667136997e+000 1.999890557e+000 
1.323726238e+000 1.926445991e+000 
1.337999002e+000 1.936104075e+000 
1.339014876e+000 1.936736235e+000 
1.330137823e+000 1.929749872e+000 
1.329951108e+000 1.929662656e+000 
1.323660100e+000 1.926441027e+000 
1.339869721e+000 1.936910343e+000 
1.350075173e+000 1.942586600e+000 
1.324824136e+000 1.926803666e+000 
1.344665577e+000 1.939532131e+000 
1.334816612e+000 1.933100967e+000 
1.439933015e+000 1.977386413e+000 
1.439058378e+000 1.976994175e+000 
1.350394478e+000 1.942651284e+000 
1.328542984e+000 1.927912848e+000 
1.333215931e+000 1.932119368e+000 
1.350748672e+000 1.942920336e+000 
1.412135652e+000 1.970282550e+000 
1.394508362e+000 1.963282156e+000 
1.386251661e+000 1.959940948e+000 
1.329215435e+000 1.929359529e+000 
1.361691718e+000 1.948677484e+000 
1.349111670e+000 1.941713208e+000 
1.389663084e+000 1.961123126e+000 
1.592737152e+000 1.998322473e+000 
1.359618214e+000 1.947548903e+000 
1.364332835e+000 1.949981413e+000 
1.398461510e+000 1.965333649e+000 
1.413970289e+000 1.971249139e+000 
1.410846958e+000 1.969935246e+000 
1.406494044e+000 1.967973168e+000 
1.376833703e+000 1.956100076e+000 
1.402302010e+000 1.966636259e+000 
1.391690304e+000 1.961610381e+000 
1.359877203e+000 1.948285325e+000 
1.360868376e+000 1.948420243e+000 
1.363294400e+000 1.949461927e+000 
1.378747650e+000 1.957280250e+000 
1.391917140e+000 1.961966449e+000 
1.341073799e+000 1.937365371e+000 
1.338504269e+000 1.936380272e+000 
1.362560575e+000 1.949335241e+000 
1.438627879e+000 1.976712177e+000 
1.396448711e+000 1.964665372e+000 
1.357616508e+000 1.946974889e+000 
1.405497613e+000 1.967903586e+000 
1.358224394e+000 1.947545214e+000 
1.408246862e+000 1.968906255e+000 
1.315327549e+000 1.919319252e+000 
1.317107934e+000 1.920247162e+000 
1.456918171e+000 1.981158228e+000 
1.356879874e+000 1.946733372e+000 
1.413543411e+000 1.970889200e+000 
1.410380716e+000 1.969630021e+000 
1.315914338e+000 1.919543853e+000 
1.415980086e+000 1.971464590e+000 
1.435087768e+000 1.976142156e+000 
1.427305394e+000 1.974709185e+000 
1.356059176e+000 1.946296530e+000 
1.416153456e+000 1.971908113e+000 
1.425845818e+000 1.973907238e+000 
1.407035216e+000 1.968498567e+000 
1.382370174e+000 1.958616848e+000 
1.409488399e+000 1.969562959e+000 
1.417756454e+000 1.972926073e+000 
1.404659779e+000 1.967641733e+000 
1.436066575e+000 1.976491876e+000 
1.416293911e+000 1.972435406e+000 
1.468811926e+000 1.983549505e+000 
1.427451432e+000 1.974875629e+000 
1.426662790e+000 1.974681463e+000 
1.424121499e+000 1.973859440e+000 
1.364639661e+000 1.950024573e+000 
1.364144456e+000 1.949883130e+000 
1.377623571e+000 1.956759291e+000 
1.426291059e+000 1.974407230e+000 
1.403017262e+000 1.966895041e+000 
1.380233616e+000 1.957743774e+000 
1.596861313e+000 1.998576428e+000 
1.659023739e+000 1.999863018e+000 
1.652462721e+000 1.999859397e+000 
1.648258336e+000 1.999836321e+000 
1.386347931e+000 1.960011549e+000 
1.383884130e+000 1.959078727e+000 
1.644990706e+000 1.999832614e+000 
1.383124492e+000 1.958706363e+000 
1.643217815e+000 1.999825617e+000 
1.391735005e+000 1.961629855e+000 
1.597426575e+000 1.998629214e+000 
1.343350575e+000 1.938644465e+000 
1.616441450e+000 1.999163492e+000 
1.340315634e+000 1.937229055e+000 
1.337068218e+000 1.936052355e+000 
1.341168629e+000 1.937543978e+000 
1.500690913e+000 1.989945479e+000 
1.611033034e+000 1.998903765e+000 
1.555400313e+000 1.996388162e+000 
1.602330844e+000 1.998890945e+000 
1.334585209e+000 1.932882674e+000 
1.559666945e+000 1.996905575e+000 
1.634934524e+000 1.999549845e+000 
1.613722822e+000 1.999090298e+000 
1.638297421e+000 1.999686536e+000 
1.643046998e+000 1.999708926e+000 
1.623608347e+000 1.999488246e+000 
1.621456752e+000 1.999414204e+000 
1.619260636e+000 1.999410914e+000 
1.559000601e+000 1.996607608e+000 
1.557877422e+000 1.996545873e+000 
1.445563890e+000 1.978595379e+000 
1.617715832e+000 1.999279465e+000 
1.449154285e+000 1.979281959e+000 
1.641378620e+000 1.999692163e+000 
1.523394237e+000 1.993231750e+000 
1.613478980e+000 1.998910016e+000 
1.593270966e+000 1.998369775e+000 
1.601005183e+000 1.998710160e+000 
1.506505253e+000 1.991318537e+000 
1.511895974e+000 1.991912203e+000 
1.514778381e+000 1.992596845e+000 
1.513016237e+000 1.992151338e+000 
1.511465986e+000 1.991787517e+000 
1.496443144e+000 1.989839389e+000 
1.495414101e+000 1.989310119e+000 
1.492837874e+000 1.989187176e+000 
1.489121181e+000 1.988247678e+000 
1.462158286e+000 1.982687798e+000 
1.505695284e+000 1.991267713e+000 
1.502761042e+000 1.990993679e+000 
1.500749120e+000 1.990679572e+000 
1.482732445e+000 1.986931431e+000 
1.475343704e+000 1.985363485e+000 
1.478798102e+000 1.986235726e+000 
1.504335460e+000 1.991092168e+000 
1.454091628e+000 1.980779551e+000 
1.450313121e+000 1.980048587e+000 
1.452167197e+000 1.980423330e+000 
1.438276454e+000 1.976593333e+000 
1.451619799e+000 1.980245428e+000 
1.439396675e+000 1.977075958e+000 
1.446663778e+000 1.979023993e+000 
1.466525696e+000 1.983434986e+000 
1.463959167e+000 1.982804530e+000 
1.481353779e+000 1.986629447e+000 
1.477415959e+000 1.985720233e+000 
1.545857443e+000 1.995798659e+000 
1.471513378e+000 1.984507902e+000 
1.520907958e+000 1.993203001e+000 
1.469321840e+000 1.984158442e+000 
1.469864359e+000 1.984372894e+000 
1.480425449e+000 1.986536124e+000 
1.518614321e+000 1.993123656e+000 
1.496386555e+000 1.989462983e+000 
1.585744617e+000 1.998044115e+000 
1.498632389e+000 1.989930475e+000 
1.524422685e+000 1.993610840e+000 
1.550260620e+000 1.996170736e+000 
1.487306460e+000 1.987666498e+000 
1.494910907e+000 1.989213187e+000 
1.541374452e+000 1.995667819e+000 
1.544621614e+000 1.995759986e+000 
1.542407895e+000 1.995717306e+000 
1.583083335e+000 1.997889782e+000 
1.536815802e+000 1.994976939e+000 
1.539915706e+000 1.995490856e+000 
1.541264060e+000 1.995509038e+000 
1.458953540e+000 1.981773212e+000 
1.461622660e+000 1.982405532e+000 
1.459803449e+000 1.981954478e+000 
1.458569922e+000 1.981519716e+000 
1.564310682e+000 1.997116839e+000 
1.547474975e+000 1.996012608e+000 
1.532017063e+000 1.994526558e+000 
1.536442304e+000 1.994845273e+000 
1.526292455e+000 1.993741875e+000 
1.531734037e+000 1.994302056e+000 
1.528947347e+000 1.994091485e+000 
1.574012435e+000 1.997651638e+000 
1.573871066e+000 1.997535106e+000 
1.517868649e+000 1.992764412e+000 
1.589169023e+000 1.998266420e+000 
1.576332367e+000 1.997784197e+000 
1.530480559e+000 1.994280390e+000 
1.570342363e+000 1.997486767e+000 
1.574099478e+000 1.997773223e+000 
1.567046041e+000 1.997453358e+000 
1.579938153e+000 1.997842616e+000 
1.552890477e+000 1.996265958e+000 

