1.016754175e+000 1.013690978e+000 
1.017932793e+000 1.014089633e+000 
1.013025608e+000 1.011972633e+000 
1.014604834e+000 1.012794201e+000 
1.015605754e+000 1.013242398e+000 
1.014959346e+000 1.012964620e+000 
1.017741598e+000 1.014079887e+000 
1.014514145e+000 1.012675734e+000 
1.015611420e+000 1.013242399e+000 
1.015766843e+000 1.013280212e+000 
1.017141618e+000 1.013914697e+000 
1.021176474e+000 1.014985138e+000 
1.012903691e+000 1.011808303e+000 
1.014472229e+000 1.012668429e+000 
1.017638965e+000 1.014062262e+000 
1.014420047e+000 1.012668100e+000 
1.018845928e+000 1.014411872e+000 
1.015642214e+000 1.013271599e+000 
1.013943612e+000 1.012520268e+000 
1.013559761e+000 1.012215521e+000 
1.013308341e+000 1.012155057e+000 
1.018338630e+000 1.014244976e+000 
1.018122649e+000 1.014208832e+000 
1.017336322e+000 1.013952510e+000 
1.019235304e+000 1.014538168e+000 
1.018038292e+000 1.014207889e+000 
1.017706899e+000 1.014079786e+000 
1.014822027e+000 1.012833290e+000 
1.018550041e+000 1.014274705e+000 
1.017605161e+000 1.014027437e+000 
1.014729781e+000 1.012814110e+000 
1.015809563e+000 1.013290725e+000 
1.015264634e+000 1.013040407e+000 
1.014841645e+000 1.012874495e+000 
1.015135557e+000 1.013027653e+000 
1.015371969e+000 1.013125536e+000 
1.015047271e+000 1.012973443e+000 
1.016048504e+000 1.013375737e+000 
1.014151239e+000 1.012529925e+000 
1.016733884e+000 1.013606394e+000 
1.016939510e+000 1.013705343e+000 
1.016563136e+000 1.013526463e+000 
1.020214707e+000 1.014550043e+000 
1.013814091e+000 1.012290214e+000 
1.090264132e+000 1.837101654e+000 
1.076039102e+000 1.822197826e+000 
1.091856794e+000 1.838551403e+000 
1.157923032e+000 1.881818799e+000 
1.074742664e+000 1.820509790e+000 
1.073911566e+000 1.818904064e+000 
1.076251638e+000 1.822791910e+000 
1.087437785e+000 1.834581664e+000 
1.142598726e+000 1.874144729e+000 
1.096691783e+000 1.842687765e+000 
1.186126794e+000 1.894659197e+000 
1.239036929e+000 1.914015386e+000 
1.190387348e+000 1.896060204e+000 
1.112833755e+000 1.855485662e+000 
1.095238997e+000 1.841301255e+000 
1.097534998e+000 1.843361898e+000 
1.341800339e+000 1.937429129e+000 
1.188099141e+000 1.895824453e+000 
1.090586929e+000 1.837673155e+000 
1.090397263e+000 1.837297614e+000 
1.114053114e+000 1.856427581e+000 
1.106617669e+000 1.850754274e+000 
1.106090451e+000 1.850482222e+000 
1.090237132e+000 1.837045480e+000 
1.109751853e+000 1.853091403e+000 
1.113262759e+000 1.855926036e+000 
1.145359580e+000 1.875499504e+000 
1.084926140e+000 1.832228167e+000 
1.132789156e+000 1.868788854e+000 
1.133205106e+000 1.869139975e+000 
1.191182761e+000 1.896516813e+000 
1.215104536e+000 1.905600612e+000 
1.086387844e+000 1.833515262e+000 
1.102173755e+000 1.847480557e+000 
1.141294254e+000 1.872846735e+000 
1.077860090e+000 1.824695058e+000 
1.103432021e+000 1.848428517e+000 
1.152141435e+000 1.879100561e+000 
1.094284672e+000 1.840529519e+000 
1.083267679e+000 1.830795358e+000 
1.306052524e+000 1.929526505e+000 
1.222162125e+000 1.908233528e+000 
1.104252709e+000 1.848958328e+000 
1.154193249e+000 1.879902917e+000 
1.192813301e+000 1.897905109e+000 
1.074647058e+000 1.819700524e+000 
1.077575361e+000 1.824428866e+000 
1.135470634e+000 1.870567290e+000 
1.230762481e+000 1.911656479e+000 
1.132656721e+000 1.868705841e+000 
1.194161271e+000 1.898399591e+000 
1.103236625e+000 1.848299047e+000 
1.109205206e+000 1.852863828e+000 
1.104881131e+000 1.849504197e+000 
1.078817714e+000 1.826103070e+000 
1.086156363e+000 1.833312056e+000 
1.107134126e+000 1.851445579e+000 
1.103416729e+000 1.848340355e+000 
1.145723944e+000 1.875799503e+000 
1.077959421e+000 1.824990535e+000 
1.199247046e+000 1.900508046e+000 
1.217907608e+000 1.907027672e+000 
1.095839858e+000 1.841777435e+000 
1.107033769e+000 1.851295292e+000 
1.083527127e+000 1.830810942e+000 
1.087340492e+000 1.834348674e+000 
1.218209338e+000 1.907083029e+000 
1.102922365e+000 1.848006970e+000 
1.101834036e+000 1.847198963e+000 
1.213329270e+000 1.904716160e+000 
1.193640929e+000 1.898085664e+000 
1.211122409e+000 1.904526240e+000 
1.098896241e+000 1.844375492e+000 
1.105536854e+000 1.850132260e+000 
1.120369686e+000 1.861035668e+000 
1.101534888e+000 1.846990331e+000 
1.076853658e+000 1.823447116e+000 
1.131302048e+000 1.867946820e+000 
1.194563637e+000 1.898603981e+000 
1.099931290e+000 1.845729434e+000 
1.081022876e+000 1.828648301e+000 
1.201781969e+000 1.901229163e+000 
1.214318840e+000 1.905324398e+000 
1.124870443e+000 1.863861910e+000 
1.188603393e+000 1.895938522e+000 
1.203658548e+000 1.902067412e+000 
1.131257845e+000 1.867945015e+000 
1.235016997e+000 1.912862335e+000 
1.184633529e+000 1.894503189e+000 
1.282549323e+000 1.923978189e+000 
1.078511624e+000 1.825556733e+000 
1.114664285e+000 1.856489478e+000 
1.088413444e+000 1.835422587e+000 
1.095580656e+000 1.841567328e+000 
1.082235103e+000 1.829613596e+000 
1.154866858e+000 1.880571492e+000 
1.177081484e+000 1.890683937e+000 
1.254355956e+000 1.917802275e+000 
1.253337702e+000 1.917778031e+000 
1.227173713e+000 1.909953206e+000 
1.129219396e+000 1.866680536e+000 
1.122854337e+000 1.862570825e+000 
1.224882894e+000 1.909276074e+000 
1.169995098e+000 1.887211424e+000 
1.134900266e+000 1.870059785e+000 
1.078475588e+000 1.825551600e+000 
1.103755673e+000 1.848467626e+000 
1.077637069e+000 1.824580693e+000 
1.122834355e+000 1.862492024e+000 
1.091815714e+000 1.838491929e+000 
1.130941257e+000 1.867667499e+000 
1.160594039e+000 1.882888585e+000 
1.278097008e+000 1.922199626e+000 
1.150724600e+000 1.878210391e+000 
1.174793514e+000 1.889552669e+000 
1.243852503e+000 1.915122421e+000 
1.246472729e+000 1.916343599e+000 
1.121508986e+000 1.861767888e+000 
1.115687566e+000 1.857180462e+000 
1.133373735e+000 1.869155213e+000 
1.268873672e+000 1.920882858e+000 
1.140191087e+000 1.872540628e+000 
1.134583678e+000 1.869782269e+000 
1.242814109e+000 1.914724838e+000 
1.132439649e+000 1.868650137e+000 
1.123840286e+000 1.863189713e+000 
1.091564918e+000 1.838238339e+000 
1.159497001e+000 1.882450405e+000 
1.152046405e+000 1.878874039e+000 
1.158781403e+000 1.882022054e+000 
1.280145442e+000 1.923226888e+000 
1.131652951e+000 1.868183090e+000 
1.120713594e+000 1.861163402e+000 
1.130788420e+000 1.867444018e+000 
1.175796106e+000 1.890402314e+000 
1.126863005e+000 1.865163871e+000 
1.289209256e+000 1.925741517e+000 
1.249194280e+000 1.916823845e+000 
1.173364937e+000 1.889034602e+000 
1.131572986e+000 1.867987657e+000 
1.117720715e+000 1.859058575e+000 
1.180050200e+000 1.892105919e+000 
1.116442843e+000 1.858096644e+000 
1.279295095e+000 1.922756906e+000 
1.113824170e+000 1.856091521e+000 
1.143757757e+000 1.874757516e+000 
1.191959066e+000 1.897209381e+000 
1.278396475e+000 1.922678005e+000 
1.220666762e+000 1.907728790e+000 
1.159711949e+000 1.882643606e+000 
1.157725919e+000 1.881527617e+000 
1.142228460e+000 1.873790268e+000 
1.334749366e+000 1.935908307e+000 
1.156069433e+000 1.880664741e+000 
1.181078553e+000 1.892604086e+000 
1.188024029e+000 1.895516847e+000 
1.274028938e+000 1.922051056e+000 
1.245212202e+000 1.915977572e+000 
1.368291630e+000 1.941045640e+000 
1.366303092e+000 1.940705896e+000 
1.226513014e+000 1.909681845e+000 
1.181912265e+000 1.893096203e+000 
1.178994152e+000 1.891679145e+000 
1.293068804e+000 1.927252282e+000 
1.192183027e+000 1.897609975e+000 
1.210290067e+000 1.903782558e+000 
1.219799803e+000 1.907509269e+000 
1.330817255e+000 1.935343548e+000 
1.241929956e+000 1.914295013e+000 
1.307129577e+000 1.930326477e+000 
1.183984906e+000 1.894041005e+000 
1.307653409e+000 1.930395279e+000 
1.285641659e+000 1.925051547e+000 
1.329474251e+000 1.934889807e+000 
1.247643833e+000 1.916451813e+000 
1.291764713e+000 1.926753031e+000 
1.191447844e+000 1.897060193e+000 
1.168404781e+000 1.886531516e+000 
1.339998890e+000 1.936980102e+000 
1.257638855e+000 1.918080586e+000 
1.170575206e+000 1.887386477e+000 
1.162386477e+000 1.883550237e+000 
1.168308140e+000 1.886453296e+000 
1.351660730e+000 1.938209658e+000 
1.222472627e+000 1.908532548e+000 
1.222975607e+000 1.908862683e+000 
1.162617319e+000 1.884009145e+000 
1.306614384e+000 1.929774349e+000 
1.220512113e+000 1.907655285e+000 
1.295620215e+000 1.927650157e+000 
1.258384705e+000 1.918607193e+000 
1.163550176e+000 1.884280246e+000 
1.319026972e+000 1.933110667e+000 
1.326453569e+000 1.933922129e+000 
1.339396560e+000 1.936902698e+000 
1.329708299e+000 1.935061755e+000 
1.319361782e+000 1.933296111e+000 
1.288736762e+000 1.925507626e+000 
1.328675104e+000 1.934539487e+000 
1.258224787e+000 1.918487617e+000 
1.355277477e+000 1.939628394e+000 
1.317493096e+000 1.932333088e+000 
1.259652330e+000 1.919198612e+000 
1.374469812e+000 1.942162369e+000 
1.372122932e+000 1.941760969e+000 
1.352945561e+000 1.938946597e+000 
1.260478985e+000 1.919676276e+000 
1.262721395e+000 1.920371780e+000 
1.260048407e+000 1.919554468e+000 
1.251364804e+000 1.917341465e+000 
1.042507488e+000 1.054236160e+000 
1.044204632e+000 1.056018644e+000 
1.047984836e+000 1.058633878e+000 
1.041676338e+000 1.053218296e+000 
1.048680371e+000 1.058833769e+000 
1.043680750e+000 1.055637450e+000 
1.044031349e+000 1.055969149e+000 
1.044793883e+000 1.056462577e+000 
1.000000000e+000 1.000000000e+000 
1.000073099e+000 1.000000003e+000 
1.000129584e+000 1.000000121e+000 
1.073460376e+000 1.515378291e+000 
1.072987508e+000 1.514204165e+000 
1.072769622e+000 1.514107483e+000 
1.072194105e+000 1.512829134e+000 
1.072398512e+000 1.513490577e+000 
1.000245592e+000 1.000038941e+000 
1.001038545e+000 1.000042194e+000 
1.000488838e+000 1.000039804e+000 
1.001944687e+000 1.000044865e+000 
1.000678002e+000 1.000041196e+000 
1.000346607e+000 1.000039699e+000 
1.000382063e+000 1.000039785e+000 
1.000140847e+000 1.000038765e+000 
1.000216609e+000 1.000038869e+000 
1.000677195e+000 1.000040512e+000 
1.001335971e+000 1.000043691e+000 
1.001211186e+000 1.000043129e+000 
1.000601911e+000 1.000040324e+000 
1.000866287e+000 1.000042131e+000 
1.001550796e+000 1.000044556e+000 
1.001381298e+000 1.000043835e+000 
1.002535563e+000 1.000045509e+000 
1.002563383e+000 1.000045511e+000 
1.002158979e+000 1.000045494e+000 
1.001177445e+000 1.000043084e+000 
1.002353732e+000 1.000045503e+000 
1.001151041e+000 1.000042228e+000 
1.001794991e+000 1.000044566e+000 
1.001861969e+000 1.000044619e+000 
1.002600391e+000 1.000046043e+000 
1.002883140e+000 1.000046945e+000 
1.002639582e+000 1.000046074e+000 
1.002801602e+000 1.000046216e+000 
1.002701463e+000 1.000046098e+000 
1.002762411e+000 1.000046185e+000 
1.002794113e+000 1.000046201e+000 
1.002843041e+000 1.000046489e+000 
1.002880865e+000 1.000046503e+000 
1.002840322e+000 1.000046440e+000 
1.002838301e+000 1.000046339e+000 
1.039682370e+000 1.032782289e+000 
1.022243441e+000 1.025353863e+000 
1.030304805e+000 1.029419579e+000 
1.033548903e+000 1.030862372e+000 
1.032031938e+000 1.030225722e+000 
1.021917255e+000 1.024896297e+000 
1.021901023e+000 1.024853949e+000 
1.025543444e+000 1.027370540e+000 
1.023148683e+000 1.026174670e+000 
1.025850795e+000 1.027434556e+000 
1.033721152e+000 1.030882123e+000 
1.032319704e+000 1.030355838e+000 
1.031293179e+000 1.029950133e+000 
1.022014732e+000 1.024979545e+000 
1.022049052e+000 1.025084766e+000 
1.032676799e+000 1.030484008e+000 
1.022830498e+000 1.025943816e+000 
1.022209121e+000 1.025324593e+000 
1.029035420e+000 1.028893885e+000 
1.023248212e+000 1.026220177e+000 
1.002975619e+000 1.000652760e+000 
1.003156513e+000 1.000656655e+000 
1.003045859e+000 1.000654752e+000 
1.003150518e+000 1.000655096e+000 
1.003185764e+000 1.000667625e+000 
1.002938168e+000 1.000651533e+000 
1.048776834e+000 1.114140267e+000 
1.048935379e+000 1.114238456e+000 
1.050498884e+000 1.115805082e+000 
1.049109184e+000 1.114573370e+000 
1.049290706e+000 1.114694705e+000 
1.050163693e+000 1.115559148e+000 
1.005292832e+000 1.002225188e+000 
1.006028897e+000 1.002367542e+000 
1.006168179e+000 1.002399906e+000 
1.006661831e+000 1.002441895e+000 
1.007753519e+000 1.002588461e+000 
1.008752708e+000 1.002714370e+000 
1.005225126e+000 1.002119174e+000 
1.005641712e+000 1.002303553e+000 
1.005834647e+000 1.002340116e+000 
1.005765296e+000 1.002331730e+000 
1.005609109e+000 1.002303330e+000 
1.008303892e+000 1.002653583e+000 
1.008405966e+000 1.002677985e+000 
1.011530339e+000 1.002941773e+000 
1.008105141e+000 1.002645867e+000 
1.007690490e+000 1.002588238e+000 
1.007491739e+000 1.002580522e+000 
1.008094742e+000 1.002645585e+000 
1.009013244e+000 1.002745848e+000 
1.010956728e+000 1.002904995e+000 
1.007343748e+000 1.002551852e+000 
1.006840575e+000 1.002478438e+000 
1.007325606e+000 1.002543703e+000 
1.007957149e+000 1.002617197e+000 
1.008180761e+000 1.002649213e+000 
1.011130359e+000 1.002915128e+000 
1.007891111e+000 1.002616850e+000 
1.007262577e+000 1.002543480e+000 
1.006455672e+000 1.002421210e+000 
1.008202335e+000 1.002649249e+000 
1.005265124e+000 1.002185499e+000 
1.010721345e+000 1.002888239e+000 
1.005529421e+000 1.002229609e+000 
1.012596349e+000 1.003036275e+000 
1.007855593e+000 1.002612863e+000 
1.006028228e+000 1.002341135e+000 
1.010663659e+000 1.002870618e+000 
1.009286135e+000 1.002752341e+000 
1.012134241e+000 1.003006456e+000 
1.008882379e+000 1.002717032e+000 
1.011017385e+000 1.002907108e+000 
1.011738824e+000 1.002970577e+000 
1.006541928e+000 1.002425637e+000 
1.012279135e+000 1.003009410e+000 
1.010811834e+000 1.002902040e+000 
1.005563616e+000 1.002253114e+000 
1.006684051e+000 1.002442746e+000 
1.006880593e+000 1.002478656e+000 
1.008260617e+000 1.002650412e+000 
1.007688842e+000 1.002581660e+000 
1.010119087e+000 1.002834058e+000 
1.009725981e+000 1.002792888e+000 
1.009418491e+000 1.002761396e+000 
1.009884577e+000 1.002797939e+000 
1.010337902e+000 1.002860827e+000 
1.010426577e+000 1.002865551e+000 
1.010585173e+000 1.002870601e+000 
1.010259444e+000 1.002839875e+000 
1.009894054e+000 1.002801693e+000 
1.010198338e+000 1.002835547e+000 
1.003770500e+000 1.000861122e+000 
1.003560614e+000 1.000846355e+000 
1.003953593e+000 1.000862364e+000 
1.004593364e+000 1.000903793e+000 
1.003400975e+000 1.000823959e+000 
1.004010911e+000 1.000875718e+000 
1.004059380e+000 1.000877046e+000 
1.003426947e+000 1.000831655e+000 
1.004547584e+000 1.000902878e+000 
1.003556813e+000 1.000844430e+000 
1.003860559e+000 1.000861681e+000 
1.003710048e+000 1.000853673e+000 
1.004355188e+000 1.000898836e+000 
1.003269923e+000 1.000802613e+000 
1.003534642e+000 1.000838658e+000 
1.005200057e+000 1.000952772e+000 
1.004465599e+000 1.000901205e+000 
1.004225189e+000 1.000886609e+000 
1.004974958e+000 1.000929303e+000 
1.004316812e+000 1.000887987e+000 
1.004338827e+000 1.000888081e+000 
1.004724670e+000 1.000915778e+000 
1.004445097e+000 1.000899506e+000 
1.005152044e+000 1.000942202e+000 
1.004514068e+000 1.000902533e+000 
1.004304484e+000 1.000887869e+000 
1.004772684e+000 1.000926332e+000 
1.005071440e+000 1.000941200e+000 
1.004890016e+000 1.000929134e+000 
1.004711549e+000 1.000915579e+000 
1.005172438e+000 1.000942348e+000 
1.004841547e+000 1.000927806e+000 
1.005126658e+000 1.000941433e+000 
1.004745064e+000 1.000915923e+000 
1.004641377e+000 1.000914297e+000 
1.003958618e+000 1.000870266e+000 
1.003420379e+000 1.000829673e+000 
1.003649548e+000 1.000853543e+000 
1.004595598e+000 1.000913432e+000 
1.003366185e+000 1.000820899e+000 
1.003465381e+000 1.000831727e+000 
1.004499115e+000 1.000901550e+000 
1.003713848e+000 1.000855597e+000 
1.004258705e+000 1.000886954e+000 
1.003484679e+000 1.000831728e+000 
1.003351012e+000 1.000817028e+000 
1.068607579e+000 1.441598387e+000 
1.068510668e+000 1.440750820e+000 
1.068752868e+000 1.441647109e+000 
1.072086828e+000 1.445941560e+000 
1.068551908e+000 1.441248121e+000 
1.068728083e+000 1.441634275e+000 
1.069233671e+000 1.442245361e+000 
1.071303984e+000 1.445237198e+000 
1.069541256e+000 1.442532981e+000 
1.021845194e+000 1.024461844e+000 
1.021230720e+000 1.023857327e+000 
1.036308918e+000 1.031751351e+000 
1.035324485e+000 1.031353140e+000 
1.037614377e+000 1.032196813e+000 
1.036228283e+000 1.031745393e+000 
1.035243850e+000 1.031347182e+000 
1.038453336e+000 1.032694920e+000 
1.041308810e+000 1.033583326e+000 
1.024738597e+000 1.027231193e+000 
1.028241144e+000 1.028611477e+000 
1.030976284e+000 1.029811613e+000 
1.034390846e+000 1.031038682e+000 
1.032143361e+000 1.030349514e+000 
1.029970566e+000 1.029358751e+000 
1.041524157e+000 1.034016546e+000 
1.026008384e+000 1.027880453e+000 
1.028430523e+000 1.028845061e+000 
1.026487973e+000 1.027996972e+000 
1.031528857e+000 1.030102125e+000 
1.033175240e+000 1.030715982e+000 
1.034598859e+000 1.031240367e+000 
1.035394156e+000 1.031554451e+000 
1.035858319e+000 1.031584709e+000 
1.036430569e+000 1.032083669e+000 
1.024119552e+000 1.026779522e+000 
1.027054155e+000 1.028303967e+000 
1.031440740e+000 1.030091627e+000 
1.024063574e+000 1.026771895e+000 
1.030782129e+000 1.029557516e+000 
1.035824332e+000 1.031584405e+000 
1.037656041e+000 1.032429038e+000 
1.033026432e+000 1.030664187e+000 
1.023878971e+000 1.026512327e+000 
1.027545039e+000 1.028556115e+000 
1.032343100e+000 1.030413505e+000 
1.028006717e+000 1.028586376e+000 
1.023820475e+000 1.026439390e+000 
1.024579353e+000 1.027042139e+000 
1.022821221e+000 1.025515882e+000 
1.023843757e+000 1.026442163e+000 
1.030793469e+000 1.029581751e+000 
1.026918075e+000 1.028235070e+000 
1.041428205e+000 1.033893131e+000 
1.037957849e+000 1.032444118e+000 
1.040452935e+000 1.033526922e+000 
1.037167413e+000 1.032156071e+000 
1.038217251e+000 1.032536200e+000 
1.039751743e+000 1.033225259e+000 
1.034527031e+000 1.031068188e+000 
1.054455448e+000 1.179867309e+000 
1.053917198e+000 1.179307384e+000 
1.055312671e+000 1.180580815e+000 
1.067241570e+000 1.189949057e+000 
1.052498343e+000 1.178175645e+000 
1.051751122e+000 1.177112402e+000 
1.054057796e+000 1.179684321e+000 
1.052904002e+000 1.178489460e+000 
1.055947200e+000 1.181226500e+000 
1.053306885e+000 1.178799510e+000 
1.065642204e+000 1.188690622e+000 
1.065109109e+000 1.188321097e+000 
1.053299705e+000 1.178797576e+000 
1.057664820e+000 1.182403938e+000 
1.060272211e+000 1.184395749e+000 
1.066332641e+000 1.189069726e+000 
1.066407149e+000 1.189172677e+000 
1.059523350e+000 1.183825243e+000 
1.064729547e+000 1.187971443e+000 
1.065335830e+000 1.188392934e+000 
1.060606886e+000 1.184781615e+000 
1.059740080e+000 1.183877132e+000 
1.062443707e+000 1.186125236e+000 
1.058997925e+000 1.183320988e+000 
1.061066535e+000 1.184966291e+000 
1.061012188e+000 1.184932339e+000 
1.064546087e+000 1.187720503e+000 
1.594497021e+000 1.994454678e+000 
1.499268697e+000 1.983743771e+000 
1.695204749e+000 1.999197662e+000 
1.443345432e+000 1.971256765e+000 
1.423879712e+000 1.967248168e+000 
1.426102189e+000 1.967269094e+000 
1.381589946e+000 1.951888415e+000 
1.426674815e+000 1.967446846e+000 
1.380772308e+000 1.951786150e+000 
1.476647663e+000 1.979997956e+000 
1.398706542e+000 1.958447683e+000 
1.430151655e+000 1.968210668e+000 
1.565892506e+000 1.992176147e+000 
1.431081497e+000 1.968559802e+000 
1.434705382e+000 1.969745973e+000 
1.437126784e+000 1.970379729e+000 
1.540957466e+000 1.989289183e+000 
1.422675757e+000 1.966619319e+000 
1.421521517e+000 1.966441739e+000 
1.470395781e+000 1.978300647e+000 
1.420562543e+000 1.966157169e+000 
1.436411845e+000 1.970119621e+000 
1.459945276e+000 1.974910821e+000 
1.481039803e+000 1.980883589e+000 
1.413179526e+000 1.963918216e+000 
1.542103933e+000 1.989369806e+000 
1.471442861e+000 1.978548403e+000 
1.421674991e+000 1.966507230e+000 
1.377167364e+000 1.950422200e+000 
1.376853969e+000 1.950006499e+000 
1.391695814e+000 1.955700470e+000 
1.383598227e+000 1.952565313e+000 
1.377899030e+000 1.950580856e+000 
1.602935332e+000 1.994890743e+000 
1.390118222e+000 1.955357211e+000 
1.456321403e+000 1.974483328e+000 
1.378823208e+000 1.950807373e+000 
1.508663920e+000 1.985118318e+000 
1.539589800e+000 1.989197273e+000 
1.457885310e+000 1.974841848e+000 
1.506798830e+000 1.985059074e+000 
1.519580794e+000 1.986707787e+000 
1.576952806e+000 1.993276690e+000 
1.508830294e+000 1.985145219e+000 
1.378505947e+000 1.950761549e+000 
1.419065279e+000 1.965457116e+000 
1.419134319e+000 1.965523085e+000 
1.532613475e+000 1.988258923e+000 
1.388524674e+000 1.954186023e+000 
1.386735349e+000 1.953743689e+000 
1.383144068e+000 1.952563154e+000 
1.420226469e+000 1.965624986e+000 
1.472659642e+000 1.978595986e+000 
1.379061714e+000 1.951074452e+000 
1.429027184e+000 1.968172320e+000 
1.434349217e+000 1.969515703e+000 
1.376644938e+000 1.948966847e+000 
1.435403346e+000 1.969951055e+000 
1.754651920e+000 1.999949494e+000 
1.376456743e+000 1.948854520e+000 
1.426990717e+000 1.967975438e+000 
1.389839914e+000 1.955028217e+000 
1.410877023e+000 1.963298858e+000 
1.401574199e+000 1.959668226e+000 
1.414772844e+000 1.964416742e+000 
1.385678956e+000 1.953657689e+000 
1.400640601e+000 1.958830744e+000 
1.510673162e+000 1.985510886e+000 
1.496279758e+000 1.983483308e+000 
1.399526206e+000 1.958799089e+000 
1.510429347e+000 1.985354964e+000 
1.396401160e+000 1.958383323e+000 
1.519356098e+000 1.986410395e+000 
1.415288990e+000 1.964520953e+000 
1.408372053e+000 1.962143771e+000 
1.531209516e+000 1.988246557e+000 
1.709806221e+000 1.999529156e+000 
1.429394072e+000 1.968197394e+000 
1.405124574e+000 1.961080792e+000 
1.503594616e+000 1.984463496e+000 
1.514156595e+000 1.985907762e+000 
1.439304650e+000 1.970633819e+000 
1.535511535e+000 1.988616856e+000 
1.407565582e+000 1.961905247e+000 
1.408539951e+000 1.962315916e+000 
1.506623550e+000 1.984957439e+000 
1.680688684e+000 1.998601771e+000 
1.384851208e+000 1.953238411e+000 
1.398878032e+000 1.958667417e+000 
1.461785297e+000 1.975515750e+000 
1.755185656e+000 1.999963212e+000 
1.446927225e+000 1.972814867e+000 
1.491454476e+000 1.983032192e+000 
1.491055381e+000 1.982984468e+000 
1.534283173e+000 1.988524027e+000 
1.446278432e+000 1.972528287e+000 
1.384515033e+000 1.953008524e+000 
1.499488450e+000 1.983872078e+000 
1.444725766e+000 1.971986483e+000 
1.494178507e+000 1.983138887e+000 
1.485194490e+000 1.981884810e+000 
1.417352704e+000 1.965042028e+000 
1.412762892e+000 1.963492655e+000 
1.704121408e+000 1.999429009e+000 
1.583861703e+000 1.993654904e+000 
1.582876899e+000 1.993603928e+000 
1.393164522e+000 1.956399393e+000 
1.581006739e+000 1.993527078e+000 
1.731366109e+000 1.999947073e+000 
1.438780629e+000 1.970407319e+000 
1.447932530e+000 1.972914884e+000 
1.484488211e+000 1.981785147e+000 
1.482773810e+000 1.981544046e+000 
1.481209840e+000 1.981163820e+000 
1.603943720e+000 1.994998839e+000 
1.755548684e+000 2.000000000e+000 
1.482180202e+000 1.981278730e+000 
1.488562866e+000 1.982286688e+000 
1.457595858e+000 1.974689109e+000 
1.389853745e+000 1.955159510e+000 
1.428324094e+000 1.968015933e+000 
1.394914384e+000 1.957156598e+000 
1.394932088e+000 1.957243304e+000 
1.451182363e+000 1.973392265e+000 
1.508911061e+000 1.985273919e+000 
1.446038535e+000 1.972452422e+000 
1.487053101e+000 1.982018986e+000 
1.501228182e+000 1.984233205e+000 
1.587550832e+000 1.994108608e+000 
1.400924528e+000 1.959188683e+000 
1.503810169e+000 1.984559451e+000 
1.546847333e+000 1.989843346e+000 
1.580573422e+000 1.993285335e+000 
1.410464146e+000 1.963104596e+000 
1.414495528e+000 1.964107130e+000 
1.502108962e+000 1.984354686e+000 
1.589797607e+000 1.994116193e+000 
1.441102489e+000 1.970795525e+000 
1.722661348e+000 1.999844382e+000 
1.591062709e+000 1.994300924e+000 
1.405010124e+000 1.960813974e+000 
1.441512926e+000 1.971091002e+000 
1.402485016e+000 1.960556613e+000 
1.392460650e+000 1.956266282e+000 
1.406544664e+000 1.961697134e+000 
1.608637378e+000 1.995545726e+000 
1.393257247e+000 1.956711770e+000 
1.394419304e+000 1.957023375e+000 
1.460093695e+000 1.975374786e+000 
1.682509921e+000 1.998624595e+000 
1.398750740e+000 1.958650745e+000 
1.395568849e+000 1.957379543e+000 
1.389357936e+000 1.954401740e+000 
1.489136931e+000 1.982458609e+000 
1.719434012e+000 1.999833711e+000 
1.713478550e+000 1.999680263e+000 
1.396306448e+000 1.958210694e+000 
1.512568711e+000 1.985772688e+000 
1.524971118e+000 1.987377194e+000 
1.486164452e+000 1.981986061e+000 
1.388808848e+000 1.954315881e+000 
1.499789591e+000 1.984154658e+000 
1.717003681e+000 1.999785534e+000 
1.715440003e+000 1.999684762e+000 
1.524307785e+000 1.987352704e+000 
1.389358194e+000 1.954463639e+000 
1.710104599e+000 1.999632615e+000 
1.416098165e+000 1.964813643e+000 
1.474675524e+000 1.979340806e+000 
1.489963129e+000 1.982542714e+000 
1.472701417e+000 1.978683019e+000 
1.723560996e+000 1.999898320e+000 
1.710936256e+000 1.999671647e+000 
1.497717970e+000 1.983711065e+000 
1.387703898e+000 1.954135570e+000 
1.406313547e+000 1.961648603e+000 
1.405491464e+000 1.961397751e+000 
1.567082595e+000 1.992344639e+000 
1.493745655e+000 1.983093985e+000 
1.723313533e+000 1.999891269e+000 
1.477192458e+000 1.980268829e+000 
1.594466689e+000 1.994386971e+000 
1.495067307e+000 1.983379144e+000 
1.605936722e+000 1.995396610e+000 
1.502587867e+000 1.984376541e+000 
1.452592396e+000 1.973828326e+000 
1.568140027e+000 1.992462110e+000 
1.480084743e+000 1.980792552e+000 
1.469117567e+000 1.978092912e+000 
1.431316797e+000 1.968872558e+000 
1.452354373e+000 1.973728077e+000 
1.693144247e+000 1.999138940e+000 
1.462089845e+000 1.975636746e+000 
1.462496248e+000 1.975932954e+000 
1.456684175e+000 1.974556923e+000 
1.525741087e+000 1.987437228e+000 
1.454579421e+000 1.974164585e+000 
1.526656409e+000 1.987573199e+000 
1.692617858e+000 1.999016501e+000 
1.693425243e+000 1.999150666e+000 
1.465841510e+000 1.976781231e+000 
1.466841821e+000 1.977044190e+000 
1.467559036e+000 1.977278939e+000 
1.465940330e+000 1.976958424e+000 
1.663793842e+000 1.998268105e+000 
1.463066677e+000 1.976211239e+000 
1.463842229e+000 1.976376093e+000 
1.661122794e+000 1.998184269e+000 
1.520460203e+000 1.986982381e+000 
1.552267989e+000 1.990694101e+000 
1.655984815e+000 1.998109824e+000 
1.554246145e+000 1.990904511e+000 
1.522965629e+000 1.987313823e+000 
1.551219979e+000 1.990684152e+000 
1.552487824e+000 1.990890288e+000 
1.514271156e+000 1.985986570e+000 
1.514033678e+000 1.985869013e+000 
1.538891207e+000 1.989133496e+000 
1.521323706e+000 1.987075482e+000 
1.668955316e+000 1.998299221e+000 
1.453389619e+000 1.973874544e+000 
1.475380136e+000 1.979721461e+000 
1.473166997e+000 1.979207202e+000 
1.475105631e+000 1.979450124e+000 
1.516346891e+000 1.986365282e+000 
1.536063233e+000 1.988837740e+000 
1.532680403e+000 1.988345174e+000 
1.569543876e+000 1.992589005e+000 
1.511540859e+000 1.985623515e+000 
1.533569438e+000 1.988464181e+000 
1.678225395e+000 1.998584423e+000 
1.544141667e+000 1.989698549e+000 
1.464393051e+000 1.976644502e+000 
1.569935810e+000 1.992612873e+000 
1.556580747e+000 1.991157422e+000 
1.471141653e+000 1.978312689e+000 
1.542913320e+000 1.989406399e+000 
1.537652846e+000 1.989005399e+000 
1.560015602e+000 1.991502736e+000 
1.558584414e+000 1.991279521e+000 
1.558032028e+000 1.991222458e+000 
1.580861178e+000 1.993423748e+000 
1.567463018e+000 1.992358561e+000 
1.562200074e+000 1.992052925e+000 
1.548532647e+000 1.990328818e+000 
1.698613425e+000 1.999289632e+000 
1.699601638e+000 1.999363121e+000 
1.689777972e+000 1.998894775e+000 
1.584236923e+000 1.993681468e+000 
1.562934737e+000 1.992056642e+000 
1.547556742e+000 1.990130966e+000 
1.514843106e+000 1.986036530e+000 
1.705196965e+000 1.999464428e+000 
1.705180962e+000 1.999434958e+000 
1.703405690e+000 1.999417292e+000 
1.655094996e+000 1.997900200e+000 
1.584429634e+000 1.993904767e+000 
1.651722970e+000 1.997850787e+000 
1.561525347e+000 1.991630872e+000 
1.599967188e+000 1.994863894e+000 
1.651014043e+000 1.997848647e+000 
1.662407244e+000 1.998245670e+000 
1.685196608e+000 1.998737494e+000 
1.683792104e+000 1.998700836e+000 
1.673489504e+000 1.998481946e+000 
1.645127978e+000 1.997613282e+000 
1.642705260e+000 1.997552934e+000 
1.642651108e+000 1.997548270e+000 
1.640343095e+000 1.997391372e+000 
1.641792561e+000 1.997454897e+000 
1.641205053e+000 1.997396154e+000 
1.628643079e+000 1.996669724e+000 
1.635576402e+000 1.997064040e+000 
1.634812427e+000 1.997062249e+000 
1.634453610e+000 1.996951042e+000 
1.630851307e+000 1.996864765e+000 
1.610681609e+000 1.995661211e+000 
1.682511791e+000 1.998629645e+000 
1.597267082e+000 1.994673649e+000 
1.599019653e+000 1.994824210e+000 
1.634414142e+000 1.996870503e+000 
1.625151521e+000 1.996512589e+000 
1.637160248e+000 1.997124377e+000 
1.623314651e+000 1.996508931e+000 
1.623079906e+000 1.996451718e+000 
1.630236658e+000 1.996803401e+000 
1.613707473e+000 1.995921220e+000 
1.613720294e+000 1.995982511e+000 
1.630233520e+000 1.996764849e+000 
1.619744080e+000 1.996242780e+000 
1.609844821e+000 1.995652374e+000 
1.619756398e+000 1.996377516e+000 
1.669300366e+000 1.998300034e+000 
1.611900877e+000 1.995779790e+000 
1.668092286e+000 1.998293749e+000 
1.670716637e+000 1.998397891e+000 

