1.000746148e+000 1.000428608e+000 
1.000535239e+000 1.000428250e+000 
1.000403098e+000 1.000418729e+000 
1.000622534e+000 1.000428385e+000 
1.000298802e+000 1.000416983e+000 
1.000490394e+000 1.000418864e+000 
1.004395480e+000 1.046326227e+000 
1.003309461e+000 1.044666113e+000 
1.003965721e+000 1.046095760e+000 
1.002795334e+000 1.043229325e+000 
1.001877421e+000 1.041692122e+000 
1.002447049e+000 1.043117429e+000 
1.004997365e+000 1.047132890e+000 
1.005897252e+000 1.048178369e+000 
1.003224419e+000 1.043473821e+000 
1.018284625e+000 1.739326749e+000 
1.221055525e+000 1.903770092e+000 
1.052848624e+000 1.791352594e+000 
1.017755742e+000 1.739074832e+000 
1.022379909e+000 1.748362159e+000 
1.043964371e+000 1.779513424e+000 
1.014787593e+000 1.730944910e+000 
1.189299857e+000 1.889151835e+000 
1.160222686e+000 1.877217419e+000 
1.191537339e+000 1.889264578e+000 
1.035835922e+000 1.769905249e+000 
1.020541893e+000 1.744953841e+000 
1.015004045e+000 1.732569087e+000 
1.025600075e+000 1.754563502e+000 
1.164493824e+000 1.879257936e+000 
1.219885653e+000 1.902927684e+000 
1.194438871e+000 1.892584366e+000 
1.217681838e+000 1.902117366e+000 
1.185385579e+000 1.887611012e+000 
1.073644595e+000 1.813333332e+000 
1.049336884e+000 1.786735953e+000 
1.170625659e+000 1.881969975e+000 
1.073303330e+000 1.812748936e+000 
1.159389585e+000 1.876419682e+000 
1.018593321e+000 1.740313083e+000 
1.174313196e+000 1.883667663e+000 
1.015592273e+000 1.733670981e+000 
1.089209789e+000 1.826666416e+000 
1.014992285e+000 1.731333063e+000 
1.051265524e+000 1.789285636e+000 
1.127285057e+000 1.856537300e+000 
1.051998007e+000 1.789887099e+000 
1.033077929e+000 1.766209348e+000 
1.149256708e+000 1.870334376e+000 
1.044002435e+000 1.779562031e+000 
1.104781493e+000 1.840340913e+000 
1.150562898e+000 1.871049591e+000 
1.101215559e+000 1.837548391e+000 
1.019932921e+000 1.743398809e+000 
1.061191008e+000 1.800756449e+000 
1.106184281e+000 1.841784969e+000 
1.133692428e+000 1.861167140e+000 
1.226443035e+000 1.905497987e+000 
1.168923922e+000 1.880709460e+000 
1.149855973e+000 1.870769438e+000 
1.077387850e+000 1.816705683e+000 
1.142612636e+000 1.866149400e+000 
1.090359608e+000 1.827474709e+000 
1.147704100e+000 1.869224108e+000 
1.096828775e+000 1.834422007e+000 
1.044161949e+000 1.779829024e+000 
1.025728350e+000 1.754743444e+000 
1.064325742e+000 1.803807275e+000 
1.037757246e+000 1.772167082e+000 
1.028785368e+000 1.759238360e+000 
1.019291076e+000 1.741814333e+000 
1.018900430e+000 1.741374257e+000 
1.034858600e+000 1.768561602e+000 
1.035728943e+000 1.769857623e+000 
1.193322606e+000 1.891897315e+000 
1.026600885e+000 1.756367622e+000 
1.027540737e+000 1.757665322e+000 
1.042890539e+000 1.778971754e+000 
1.038991048e+000 1.774607844e+000 
1.030692456e+000 1.762749151e+000 
1.054315089e+000 1.793172368e+000 
1.040226471e+000 1.776184561e+000 
1.170636184e+000 1.882036685e+000 
1.134291694e+000 1.861602202e+000 
1.056742188e+000 1.796051305e+000 
1.016299946e+000 1.735562460e+000 
1.029390110e+000 1.760169697e+000 
1.120840510e+000 1.852516503e+000 
1.092924176e+000 1.830060828e+000 
1.160006068e+000 1.876783118e+000 
1.032194716e+000 1.764822635e+000 
1.153326983e+000 1.872856434e+000 
1.044876999e+000 1.781389936e+000 
1.057828683e+000 1.797181924e+000 
1.102646520e+000 1.838819503e+000 
1.037453864e+000 1.771973642e+000 
1.114945180e+000 1.848687739e+000 
1.133458593e+000 1.860804634e+000 
1.035702900e+000 1.769686243e+000 
1.049023734e+000 1.786142866e+000 
1.055327146e+000 1.794058330e+000 
1.024839923e+000 1.753112782e+000 
1.062624070e+000 1.802088324e+000 
1.041673711e+000 1.777700680e+000 
1.045843264e+000 1.782238557e+000 
1.045377487e+000 1.782177930e+000 
1.130474006e+000 1.859207137e+000 
1.187592346e+000 1.888641904e+000 
1.045043122e+000 1.781571509e+000 
1.226362337e+000 1.905496013e+000 
1.059472602e+000 1.798892145e+000 
1.187323445e+000 1.888603292e+000 
1.114888961e+000 1.848266589e+000 
1.163449290e+000 1.878586527e+000 
1.068507943e+000 1.808178251e+000 
1.153980803e+000 1.873284914e+000 
1.160943264e+000 1.877569327e+000 
1.223158233e+000 1.904368927e+000 
1.098716399e+000 1.835460802e+000 
1.220066001e+000 1.903513927e+000 
1.229845564e+000 1.907544496e+000 
1.016698271e+000 1.736664354e+000 
1.166913823e+000 1.880697735e+000 
1.040869038e+000 1.776895243e+000 
1.074957991e+000 1.814768965e+000 
1.109356409e+000 1.844451910e+000 
1.029045336e+000 1.759710282e+000 
1.155442108e+000 1.873912019e+000 
1.211343253e+000 1.899536247e+000 
1.046337646e+000 1.783118740e+000 
1.136516950e+000 1.862454913e+000 
1.216889097e+000 1.901948317e+000 
1.132356121e+000 1.860010441e+000 
1.110189510e+000 1.845249055e+000 
1.030038037e+000 1.761068043e+000 
1.074110522e+000 1.814111141e+000 
1.218195413e+000 1.902817346e+000 
1.162096906e+000 1.878086874e+000 
1.131307107e+000 1.860004874e+000 
1.021184177e+000 1.745882278e+000 
1.218079433e+000 1.902443476e+000 
1.163666602e+000 1.878775186e+000 
1.021632925e+000 1.746984172e+000 
1.112733380e+000 1.846646485e+000 
1.187836933e+000 1.888686888e+000 
1.053324592e+000 1.791605670e+000 
1.128940300e+000 1.858112254e+000 
1.185357221e+000 1.887520738e+000 
1.025340315e+000 1.753621955e+000 
1.187502593e+000 1.888639319e+000 
1.098668150e+000 1.835107439e+000 
1.071725419e+000 1.811294064e+000 
1.072807450e+000 1.812643531e+000 
1.074385138e+000 1.814157208e+000 
1.070450062e+000 1.810165231e+000 
1.066096516e+000 1.805893870e+000 
1.103374107e+000 1.839530282e+000 
1.067215948e+000 1.806764669e+000 
1.103791458e+000 1.839847479e+000 
1.128887297e+000 1.858069148e+000 
1.062480133e+000 1.801857744e+000 
1.186754445e+000 1.888204257e+000 
1.025082647e+000 1.753518936e+000 
1.089463126e+000 1.827299420e+000 
1.086110229e+000 1.824439098e+000 
1.096371724e+000 1.833690160e+000 
1.061842452e+000 1.801166989e+000 
1.146933406e+000 1.868659671e+000 
1.132467316e+000 1.860101925e+000 
1.072638165e+000 1.812268153e+000 
1.088842057e+000 1.826537172e+000 
1.087126536e+000 1.825489538e+000 
1.157019747e+000 1.874752712e+000 
1.088342123e+000 1.826075356e+000 
1.100828949e+000 1.837334517e+000 
1.127516949e+000 1.857054658e+000 
1.079043343e+000 1.818502339e+000 
1.198765199e+000 1.893841800e+000 
1.076545070e+000 1.816066755e+000 
1.144667255e+000 1.867081430e+000 
1.125577536e+000 1.855770286e+000 
1.118259124e+000 1.850689492e+000 
1.202986002e+000 1.896429548e+000 
1.119460197e+000 1.851413142e+000 
1.121880024e+000 1.853570076e+000 
1.208981534e+000 1.898880206e+000 
1.196307883e+000 1.892746140e+000 
1.202154233e+000 1.895554547e+000 
1.212000055e+000 1.900147881e+000 
1.213079028e+000 1.900513699e+000 
1.011615356e+000 1.278751684e+000 
1.012475226e+000 1.280252526e+000 
1.009426677e+000 1.274492634e+000 
1.010225673e+000 1.275941060e+000 
1.008999227e+000 1.274245984e+000 
1.009589227e+000 1.275033233e+000 
1.007424830e+000 1.270675963e+000 
1.011000448e+000 1.277432102e+000 
1.009954818e+000 1.275530455e+000 
1.000054821e+000 1.000345381e+000 
1.000140082e+000 1.000346495e+000 
9.999999995e-001 1.000345004e+000 
1.000819429e+000 1.012526156e+000 
1.000956351e+000 1.012982634e+000 
1.013922360e+000 1.709627073e+000 
1.013839715e+000 1.709529013e+000 
1.012839417e+000 1.706372128e+000 
1.012682513e+000 1.402671374e+000 
1.001754417e+000 1.014553705e+000 
1.001459079e+000 1.014063445e+000 
1.004973753e+000 1.046765103e+000 
1.007109016e+000 1.049828778e+000 
1.006711215e+000 1.049323219e+000 
1.006798742e+000 1.049789448e+000 
1.006303637e+000 1.049314860e+000 
1.005252428e+000 1.047601988e+000 
1.005421987e+000 1.047603860e+000 
1.004831699e+000 1.046670762e+000 
1.278857488e+000 1.929888215e+000 
1.690339883e+000 1.998195172e+000 
1.359511325e+000 1.956261106e+000 
1.257177350e+000 1.920018625e+000 
1.259095792e+000 1.922271071e+000 
1.773201503e+000 2.000000000e+000 
1.278512870e+000 1.929534125e+000 
1.340556796e+000 1.951479959e+000 
1.335246173e+000 1.950548779e+000 
1.345838731e+000 1.952922710e+000 
1.289768601e+000 1.934086034e+000 
1.275779727e+000 1.929311143e+000 
1.299907844e+000 1.937234162e+000 
1.286496560e+000 1.933565298e+000 
1.264565206e+000 1.924358734e+000 
1.260037860e+000 1.922725143e+000 
1.262255186e+000 1.924305614e+000 
1.269160648e+000 1.926070886e+000 
1.279384247e+000 1.929912990e+000 
1.701055953e+000 1.998384176e+000 
1.705871612e+000 1.998571337e+000 
1.270528566e+000 1.926842412e+000 
1.272087995e+000 1.926928108e+000 
1.708709426e+000 1.998587332e+000 
1.286205614e+000 1.932466261e+000 
1.274998579e+000 1.928367499e+000 
1.319160877e+000 1.945310250e+000 
1.321354045e+000 1.945650349e+000 
1.758428637e+000 1.999779333e+000 
1.317360371e+000 1.944012895e+000 
1.715035309e+000 1.998726686e+000 
1.322347250e+000 1.946277628e+000 
1.272496522e+000 1.927380673e+000 
1.713072351e+000 1.998604859e+000 
1.740180490e+000 1.999538662e+000 
1.742888946e+000 1.999584077e+000 
1.238287206e+000 1.910240313e+000 
1.689186787e+000 1.998153417e+000 
1.705069458e+000 1.998501500e+000 
1.744948224e+000 1.999723840e+000 
1.236764211e+000 1.909680112e+000 
1.723666708e+000 1.998899512e+000 
1.286337800e+000 1.932772414e+000 
1.302159437e+000 1.938909694e+000 
1.295485049e+000 1.936708107e+000 
1.307327581e+000 1.941540699e+000 
1.305958851e+000 1.940772399e+000 
1.315388857e+000 1.943349027e+000 
1.313609148e+000 1.942867167e+000 
1.294467256e+000 1.936491723e+000 
1.685193427e+000 1.998040933e+000 
1.300464907e+000 1.938593533e+000 
1.292309930e+000 1.935918359e+000 
1.608806205e+000 1.992990578e+000 
1.457090633e+000 1.974423060e+000 
1.387904731e+000 1.963168028e+000 
1.388592291e+000 1.963662974e+000 
1.697155637e+000 1.998331009e+000 
1.484082287e+000 1.978538690e+000 
1.304037512e+000 1.939605711e+000 
1.309375117e+000 1.942029639e+000 
1.418130302e+000 1.969571756e+000 
1.602194407e+000 1.992687842e+000 
1.395390244e+000 1.964726860e+000 
1.606512230e+000 1.992781834e+000 
1.375456245e+000 1.960470569e+000 
1.372944654e+000 1.960428205e+000 
1.396281864e+000 1.965282731e+000 
1.371937539e+000 1.960301264e+000 
1.382049160e+000 1.962140469e+000 
1.734814225e+000 1.999274795e+000 
1.239585757e+000 1.912398721e+000 
1.240701774e+000 1.912986776e+000 
1.257822312e+000 1.920276230e+000 
1.234958651e+000 1.909423903e+000 
1.258009332e+000 1.920951270e+000 
1.244087130e+000 1.915225519e+000 
1.243136346e+000 1.914540388e+000 
1.244884723e+000 1.915831518e+000 
1.251751873e+000 1.918660669e+000 
1.253532734e+000 1.918855126e+000 
1.249004960e+000 1.917097150e+000 
1.249893616e+000 1.917260221e+000 
1.281059171e+000 1.931704139e+000 
1.248729344e+000 1.916534967e+000 
1.286444690e+000 1.933146160e+000 
1.279448327e+000 1.930952215e+000 
1.278134170e+000 1.929472288e+000 
1.286504015e+000 1.933654836e+000 
1.292127990e+000 1.935147412e+000 
1.282396436e+000 1.931816278e+000 
1.233765498e+000 1.908084774e+000 
1.737682701e+000 1.999343043e+000 
1.679178367e+000 1.997301640e+000 
1.239059871e+000 1.911158153e+000 
1.731249041e+000 1.999175818e+000 
1.343245406e+000 1.952585707e+000 
1.346916449e+000 1.954138875e+000 
1.526077978e+000 1.985717357e+000 
1.533191543e+000 1.986137290e+000 
1.517130750e+000 1.983599717e+000 
1.511742219e+000 1.983512714e+000 
1.490753089e+000 1.980655961e+000 
1.494323732e+000 1.981344552e+000 
1.490571191e+000 1.980553535e+000 
1.353752050e+000 1.955901526e+000 
1.538054660e+000 1.986438895e+000 
1.694221865e+000 1.998285279e+000 
1.507104846e+000 1.982921662e+000 
1.522297899e+000 1.984650600e+000 
1.392232190e+000 1.964127079e+000 
1.538376919e+000 1.986467026e+000 
1.519782146e+000 1.984486897e+000 
1.337780639e+000 1.951030949e+000 
1.328000443e+000 1.947991388e+000 
1.329058095e+000 1.948392902e+000 
1.330390309e+000 1.949128497e+000 
1.334746546e+000 1.950125162e+000 
1.484822271e+000 1.979649597e+000 
1.477688872e+000 1.978229533e+000 
1.434635092e+000 1.971879626e+000 
1.525619284e+000 1.985178830e+000 
1.426145611e+000 1.970320505e+000 
1.369803567e+000 1.960014709e+000 
1.361439712e+000 1.957270867e+000 
1.363152111e+000 1.957947116e+000 
1.494011536e+000 1.980660111e+000 
1.366563440e+000 1.958976941e+000 
1.519326909e+000 1.984364753e+000 
1.371667989e+000 1.960299804e+000 
1.682822500e+000 1.997606752e+000 
1.665961097e+000 1.997123575e+000 
1.341025221e+000 1.951874093e+000 
1.503809764e+000 1.982329912e+000 
1.350116512e+000 1.954724085e+000 
1.355277004e+000 1.956203389e+000 
1.479122041e+000 1.978415213e+000 
1.341771731e+000 1.951940067e+000 
1.474642209e+000 1.978225926e+000 
1.473237776e+000 1.977647016e+000 
1.348960403e+000 1.954428643e+000 
1.592308868e+000 1.991990648e+000 
1.586528842e+000 1.991408584e+000 
1.457673762e+000 1.975053131e+000 
1.366220315e+000 1.958201529e+000 
1.464118334e+000 1.976064850e+000 
1.460576380e+000 1.975693693e+000 
1.327578378e+000 1.947410304e+000 
1.440617004e+000 1.972479854e+000 
1.401299531e+000 1.966248707e+000 
1.427329816e+000 1.970532437e+000 
1.452242996e+000 1.974211796e+000 
1.410191414e+000 1.967745213e+000 
1.406877371e+000 1.967304257e+000 
1.413445170e+000 1.968055625e+000 
1.450010310e+000 1.973896531e+000 
1.401245789e+000 1.966164095e+000 
1.417518201e+000 1.968987480e+000 
1.450654419e+000 1.973958773e+000 
1.402919384e+000 1.966635590e+000 
1.661765287e+000 1.997018390e+000 
1.446684250e+000 1.973672199e+000 
1.671399485e+000 1.997188831e+000 
1.441009818e+000 1.972681027e+000 
1.326235375e+000 1.946904314e+000 
1.443263470e+000 1.973019046e+000 
1.550983156e+000 1.987991382e+000 
1.611499992e+000 1.993566512e+000 
1.624394165e+000 1.994775301e+000 
1.658279602e+000 1.996927768e+000 
1.571295080e+000 1.990341080e+000 
1.586667000e+000 1.991628545e+000 
1.585856239e+000 1.991356431e+000 
1.558305186e+000 1.988657948e+000 
1.615853218e+000 1.993841079e+000 
1.568045937e+000 1.989583546e+000 
1.507981808e+000 1.983012068e+000 
1.627913271e+000 1.994790787e+000 
1.552260250e+000 1.988188481e+000 
1.545520586e+000 1.987116613e+000 
1.620985925e+000 1.994387522e+000 
1.628318843e+000 1.994959792e+000 
1.596969792e+000 1.992523161e+000 
1.560801197e+000 1.989118791e+000 
1.469145998e+000 1.976935341e+000 
1.658100631e+000 1.996900783e+000 
1.618746550e+000 1.994327488e+000 
1.640461775e+000 1.995839383e+000 
1.600714203e+000 1.992539810e+000 
1.621844912e+000 1.994743615e+000 
1.649006609e+000 1.996604019e+000 
1.637399055e+000 1.995558789e+000 
1.643690763e+000 1.996238742e+000 
1.644678825e+000 1.996379549e+000 
1.633279147e+000 1.995159819e+000 
1.563126090e+000 1.989524252e+000 
1.558922258e+000 1.988860292e+000 
1.635856689e+000 1.995293263e+000 
1.581890292e+000 1.991289462e+000 
1.575092860e+000 1.990358007e+000 
1.580081898e+000 1.990942740e+000 

