9.999999999e-001 1.017601741e+000 
1.000449191e+000 1.478903808e+000 
1.000678507e+000 1.480435977e+000 
1.000831966e+000 1.484553684e+000 
1.000052736e+000 1.472830954e+000 
1.000255588e+000 1.473861176e+000 
1.000271288e+000 1.477743920e+000 
1.000706132e+000 1.481114533e+000 
1.000750518e+000 1.482839020e+000 
1.006971231e+000 1.832123729e+000 
1.009026546e+000 1.843664041e+000 
1.014245806e+000 1.868600642e+000 
1.016296934e+000 1.875059242e+000 
1.015350376e+000 1.872589984e+000 
1.007466552e+000 1.834610505e+000 
1.010635156e+000 1.851502448e+000 
1.064056742e+000 1.954964069e+000 
1.009825902e+000 1.846946582e+000 
1.013479229e+000 1.864571882e+000 
1.037627957e+000 1.928087881e+000 
1.023943546e+000 1.900985767e+000 
1.019521693e+000 1.887424979e+000 
1.000911323e+000 1.787106162e+000 
1.058636287e+000 1.950850771e+000 
1.019821706e+000 1.889626496e+000 
1.020829040e+000 1.890502158e+000 
1.020855774e+000 1.892238038e+000 
1.021015387e+000 1.892500431e+000 
1.005035629e+000 1.821108162e+000 
1.010567151e+000 1.850642382e+000 
1.011100541e+000 1.853560302e+000 
1.030313557e+000 1.917033474e+000 
1.042510747e+000 1.935179943e+000 
1.002619796e+000 1.804889110e+000 
1.008435266e+000 1.839076846e+000 
1.017635372e+000 1.880577520e+000 
1.010210630e+000 1.848971673e+000 
1.001237054e+000 1.793866258e+000 
1.008035339e+000 1.837989459e+000 
1.003451660e+000 1.810550530e+000 
1.002421575e+000 1.804702980e+000 
1.011626363e+000 1.857177030e+000 
1.062897977e+000 1.954479799e+000 
1.005120806e+000 1.822058243e+000 
1.059351954e+000 1.950990925e+000 
1.003189381e+000 1.810346666e+000 
1.009292512e+000 1.844542733e+000 
1.009803032e+000 1.846418231e+000 
1.003024148e+000 1.809144468e+000 
1.007732518e+000 1.835489197e+000 
1.062229368e+000 1.954453170e+000 
1.012705842e+000 1.861471056e+000 
1.003387602e+000 1.810532796e+000 
1.055005094e+000 1.948703359e+000 
1.001071821e+000 1.793046114e+000 
1.011603492e+000 1.856356881e+000 
1.043447514e+000 1.936565230e+000 
1.005286039e+000 1.823159731e+000 
1.012459736e+000 1.860529830e+000 
1.010855987e+000 1.852341223e+000 
1.011530405e+000 1.855789031e+000 
1.012521611e+000 1.861463613e+000 
1.009016686e+000 1.842492461e+000 
1.062502459e+000 1.954466014e+000 
1.039780200e+000 1.931511975e+000 
1.076005225e+000 1.961752366e+000 
1.004794060e+000 1.819677611e+000 
1.023019236e+000 1.899666658e+000 
1.039671710e+000 1.930985180e+000 
1.013307656e+000 1.863498463e+000 
1.010394862e+000 1.848979116e+000 
1.002804652e+000 1.808321575e+000 
1.010746604e+000 1.851778866e+000 
1.054423389e+000 1.947566345e+000 
1.022849121e+000 1.899117526e+000 
1.012136883e+000 1.859274800e+000 
1.064137308e+000 1.956196402e+000 
1.062648513e+000 1.954467286e+000 
1.068636965e+000 1.958803788e+000 
1.068352205e+000 1.958559389e+000 
1.005527647e+000 1.824075292e+000 
1.002062609e+000 1.801448194e+000 
1.009071681e+000 1.843703957e+000 
1.008025479e+000 1.836817879e+000 
1.042924803e+000 1.935777686e+000 
1.018981964e+000 1.884937772e+000 
1.049147573e+000 1.943064195e+000 
1.035769531e+000 1.926340350e+000 
1.067204731e+000 1.957916514e+000 
1.018484289e+000 1.884638430e+000 
1.001493260e+000 1.797473727e+000 
1.015534073e+000 1.873458435e+000 
1.016356279e+000 1.875532745e+000 
1.072866864e+000 1.960390336e+000 
1.041761091e+000 1.933968304e+000 
1.034483810e+000 1.924303102e+000 
1.019637893e+000 1.887487401e+000 
1.013663461e+000 1.864579324e+000 
1.011145676e+000 1.853600218e+000 
1.013386463e+000 1.864378965e+000 
1.017460315e+000 1.879870106e+000 
1.001836184e+000 1.797888650e+000 
1.006124286e+000 1.827297325e+000 
1.018643902e+000 1.884900822e+000 
1.002400301e+000 1.804563900e+000 
1.026827587e+000 1.910126050e+000 
1.002202080e+000 1.804377770e+000 
1.001637963e+000 1.797702520e+000 
1.040854105e+000 1.932597374e+000 
1.002985880e+000 1.808561039e+000 
1.001978862e+000 1.799961733e+000 
1.046239034e+000 1.939615847e+000 
1.049150055e+000 1.943068690e+000 
1.077350970e+000 1.962788466e+000 
1.015178057e+000 1.871862751e+000 
1.039257489e+000 1.930724431e+000 
1.026705935e+000 1.909735956e+000 
1.003932654e+000 1.814628159e+000 
1.027614142e+000 1.911421475e+000 
1.019010371e+000 1.885283502e+000 
1.046905246e+000 1.940545355e+000 
1.017803741e+000 1.882060705e+000 
1.049576783e+000 1.943655806e+000 
1.071945698e+000 1.960205907e+000 
1.007759513e+000 1.835939187e+000 
1.006619607e+000 1.829784102e+000 
1.046478518e+000 1.939958239e+000 
1.005781361e+000 1.825646507e+000 
1.031245812e+000 1.918928714e+000 
1.063817258e+000 1.954941823e+000 
1.014612275e+000 1.868983322e+000 
1.040426867e+000 1.932100705e+000 
1.037587830e+000 1.927905941e+000 
1.034830296e+000 1.924743814e+000 
1.052094073e+000 1.945250516e+000 
1.007870106e+000 1.835965563e+000 
1.005912376e+000 1.826100382e+000 
1.024580415e+000 1.903429091e+000 
1.025788636e+000 1.906962489e+000 
1.032847908e+000 1.921198061e+000 
1.037934317e+000 1.928346653e+000 
1.034222058e+000 1.923981377e+000 
1.041333852e+000 1.933471635e+000 
1.043876724e+000 1.937156841e+000 
1.004054232e+000 1.815060343e+000 
1.029281669e+000 1.914664232e+000 
1.027274722e+000 1.911214330e+000 
1.029610585e+000 1.916158290e+000 
1.061844501e+000 1.953936746e+000 
1.004208480e+000 1.815680472e+000 
1.041951155e+000 1.934147212e+000 
1.026282045e+000 1.907999642e+000 
1.008953458e+000 1.842418399e+000 
1.033466242e+000 1.923110875e+000 
1.024880429e+000 1.905276970e+000 
1.033202058e+000 1.922775565e+000 
1.031367465e+000 1.919318808e+000 
1.032239887e+000 1.920416554e+000 
1.009989800e+000 1.848132897e+000 
1.028107551e+000 1.912458628e+000 
1.031631648e+000 1.919654118e+000 
1.015118711e+000 1.871389248e+000 
1.030784703e+000 1.918363894e+000 
1.024225858e+000 1.902968130e+000 
1.009789303e+000 1.846115249e+000 
1.009605071e+000 1.846107807e+000 
1.006321571e+000 1.828756487e+000 
1.005367090e+000 1.823690138e+000 
1.030398867e+000 1.917638490e+000 
1.028201288e+000 1.912503868e+000 
1.024408096e+000 1.903343367e+000 
1.029003686e+000 1.914029993e+000 
1.084785327e+000 1.965670750e+000 
1.014552930e+000 1.868802374e+000 
1.016650555e+000 1.876983860e+000 
1.003826065e+000 1.813972428e+000 
1.011366507e+000 1.854438994e+000 
1.017055722e+000 1.877828087e+000 
1.014186461e+000 1.868419695e+000 
1.004649248e+000 1.818647082e+000 
1.025774521e+000 1.906916563e+000 
1.004535227e+000 1.818571965e+000 
1.004919955e+000 1.820597056e+000 
1.015900542e+000 1.873841115e+000 
1.045454624e+000 1.938488112e+000 
1.007588204e+000 1.835000599e+000 
1.015718305e+000 1.873465878e+000 
1.001295039e+000 1.797287596e+000 
1.010469923e+000 1.849023158e+000 
1.011329908e+000 1.853607661e+000 
1.046361609e+000 1.939859042e+000 
1.008568730e+000 1.840393309e+000 
1.032222427e+000 1.920090774e+000 
1.059513413e+000 1.951338035e+000 
1.003669504e+000 1.813035252e+000 
1.023033352e+000 1.899712583e+000 
1.061323566e+000 1.952698796e+000 
1.016832793e+000 1.877359097e+000 
1.053354022e+000 1.946232991e+000 
1.006298023e+000 1.828210057e+000 
1.060797189e+000 1.952354466e+000 
1.019182690e+000 1.885884683e+000 
1.007284527e+000 1.833173553e+000 
1.006866983e+000 1.830242590e+000 
1.006563989e+000 1.829088748e+000 
1.012888080e+000 1.861846293e+000 
1.060596707e+000 1.952049591e+000 
1.054284498e+000 1.946845064e+000 
1.047925710e+000 1.941185438e+000 
1.002159891e+000 1.802001273e+000 
1.081837158e+000 1.964237959e+000 
1.002726033e+000 1.806832234e+000 
1.002078840e+000 1.801470866e+000 
1.018170210e+000 1.882443384e+000 
1.004386969e+000 1.817517923e+000 
1.021487202e+000 1.893569088e+000 
1.006108810e+000 1.827050408e+000 
1.021332479e+000 1.893288609e+000 
1.022107525e+000 1.895625383e+000 
1.024088890e+000 1.902020362e+000 
1.022212373e+000 1.897507823e+000 
1.004308350e+000 1.816819960e+000 
1.003564279e+000 1.810818821e+000 
1.023682377e+000 1.900848878e+000 
1.024051995e+000 1.902012735e+000 
1.021608318e+000 1.893604385e+000 
1.015063343e+000 1.869901928e+000 
1.020333672e+000 1.890225643e+000 
1.012873964e+000 1.861800367e+000 
1.021336476e+000 1.893451860e+000 
1.021373371e+000 1.893459487e+000 
1.439668187e+000 1.997103473e+000 
1.085576437e+000 1.966943147e+000 
1.157804502e+000 1.986497716e+000 
1.134316384e+000 1.982818457e+000 
1.255707159e+000 1.993532604e+000 
1.122676673e+000 1.979588432e+000 
1.653395409e+000 1.998953191e+000 
1.324648253e+000 1.995584551e+000 
1.551502861e+000 1.998093823e+000 
1.569595709e+000 1.998340403e+000 
1.254022400e+000 1.993491043e+000 
1.843054502e+000 1.999851438e+000 
1.622004925e+000 1.998684010e+000 
1.081964640e+000 1.964307709e+000 
1.133574184e+000 1.982643710e+000 
1.215285100e+000 1.990999608e+000 
1.117765500e+000 1.978736892e+000 
1.391437480e+000 1.996596798e+000 
1.602765676e+000 1.998564352e+000 
1.109534306e+000 1.977017922e+000 
1.524956532e+000 1.997977259e+000 
1.701380730e+000 1.999121118e+000 
1.603687423e+000 1.998572226e+000 
1.527867440e+000 1.998082122e+000 
1.500759718e+000 1.997709060e+000 
1.102401186e+000 1.973755515e+000 
1.580993896e+000 1.998353204e+000 
1.140734026e+000 1.984621793e+000 
1.374777142e+000 1.996440417e+000 
1.091454568e+000 1.970159226e+000 
1.133188348e+000 1.982618040e+000 
1.099250406e+000 1.973011703e+000 
1.127857716e+000 1.981594524e+000 
1.522593941e+000 1.997912246e+000 
1.328088881e+000 1.995661543e+000 
1.526299104e+000 1.998010572e+000 
1.198212022e+000 1.990074202e+000 
1.514608008e+000 1.997872315e+000 
1.349147494e+000 1.996099719e+000 
1.215974701e+000 1.991268553e+000 
1.522306534e+000 1.997895791e+000 
1.286579065e+000 1.994443760e+000 
1.326246893e+000 1.995610160e+000 
1.203926910e+000 1.990650976e+000 
1.202520450e+000 1.990631046e+000 
1.343072862e+000 1.996043691e+000 
1.369203047e+000 1.996412081e+000 
1.204205210e+000 1.990672607e+000 
1.091206954e+000 1.969184632e+000 
1.145373249e+000 1.984933827e+000 
1.196162487e+000 1.989937821e+000 
1.161440664e+000 1.986513702e+000 
1.161848809e+000 1.987157921e+000 
1.163536220e+000 1.987289365e+000 
1.122291782e+000 1.979216357e+000 
1.147520776e+000 1.985513864e+000 
1.199755569e+000 1.990231101e+000 
1.188463146e+000 1.989220475e+000 
1.139991826e+000 1.984598180e+000 
1.458145933e+000 1.997326742e+000 
1.365346251e+000 1.996306974e+000 
1.363609025e+000 1.996278447e+000 
1.349493376e+000 1.996103704e+000 
1.260408690e+000 1.993584768e+000 
1.359374772e+000 1.996271907e+000 
1.461565149e+000 1.997346032e+000 
1.418116056e+000 1.996972970e+000 
1.122938002e+000 1.980682323e+000 
1.865350264e+000 1.999885400e+000 
1.112776066e+000 1.977747083e+000 
1.455011553e+000 1.997326001e+000 
1.412144577e+000 1.996937903e+000 
1.378353280e+000 1.996547576e+000 
1.263605223e+000 1.993658965e+000 
1.092631572e+000 1.970890674e+000 
1.449040073e+000 1.997290934e+000 
1.170160067e+000 1.987806389e+000 
1.275977149e+000 1.994247449e+000 
1.093812653e+000 1.971609667e+000 
1.181548309e+000 1.988450450e+000 
1.182074077e+000 1.988550003e+000 
1.487984586e+000 1.997576574e+000 
1.307674104e+000 1.995174057e+000 
1.099942431e+000 1.973140334e+000 
1.119894072e+000 1.979003016e+000 
1.127661277e+000 1.981453387e+000 
1.125766013e+000 1.981356339e+000 
1.311290269e+000 1.995237728e+000 
1.170685836e+000 1.987905942e+000 
1.115799234e+000 1.978471509e+000 
1.292286407e+000 1.994940610e+000 
1.310764501e+000 1.995212316e+000 
1.104301506e+000 1.975250688e+000 
1.093349150e+000 1.970897656e+000 
1.293973818e+000 1.994982068e+000 
1.117998808e+000 1.978905967e+000 
1.288833516e+000 1.994641251e+000 
1.264130992e+000 1.993684378e+000 
1.292043135e+000 1.994663188e+000 
1.095728738e+000 1.972079653e+000 
1.474875028e+000 1.997403721e+000 
1.778512461e+000 1.999506570e+000 
1.199021545e+000 1.990166544e+000 
1.192431486e+000 1.989911813e+000 
1.793478857e+000 1.999550384e+000 
1.093768193e+000 1.971594371e+000 
1.272869350e+000 1.994022390e+000 
1.851558482e+000 1.999882876e+000 
1.086722036e+000 1.967746798e+000 
1.738630232e+000 1.999268607e+000 
1.086973199e+000 1.968371301e+000 
1.279386162e+000 1.994312049e+000 
1.241280120e+000 1.992782954e+000 
1.397918180e+000 1.996745269e+000 
1.488811173e+000 1.997625287e+000 
1.426798601e+000 1.996988213e+000 
1.877978332e+000 2.000000000e+000 
1.469197048e+000 1.997389339e+000 
1.733916273e+000 1.999255967e+000 
1.244255375e+000 1.992959194e+000 
1.090972835e+000 1.969129558e+000 
1.082773880e+000 1.965514412e+000 
1.078908451e+000 1.963655724e+000 
1.491455229e+000 1.997672539e+000 
1.237058461e+000 1.992630437e+000 
1.121899571e+000 1.979067832e+000 
1.229799837e+000 1.992068568e+000 
1.251648757e+000 1.993418690e+000 
1.085111430e+000 1.966353550e+000 
1.227187384e+000 1.991972032e+000 
1.865451221e+000 1.999916941e+000 
1.560190907e+000 1.998223677e+000 
1.433850961e+000 1.997063966e+000 
1.249972039e+000 1.993250860e+000 
1.180738356e+000 1.988409692e+000 
1.713325123e+000 1.999189894e+000 
1.805637024e+000 1.999697969e+000 
1.687232481e+000 1.999059842e+000 
1.176576770e+000 1.988401149e+000 
1.359238303e+000 1.996109215e+000 
1.196771575e+000 1.989964524e+000 
1.823579208e+000 1.999704239e+000 
1.495885323e+000 1.997686895e+000 
1.338654985e+000 1.995897402e+000 
1.706466394e+000 1.999188374e+000 
1.833420007e+000 1.999809286e+000 
1.082174423e+000 1.964690533e+000 
1.392214852e+000 1.996674737e+000 
1.082609076e+000 1.964937141e+000 
1.201492334e+000 1.990247500e+000 
1.754327914e+000 1.999478300e+000 
1.755318644e+000 1.999500030e+000 
1.182491678e+000 1.989190974e+000 
1.221028981e+000 1.991785581e+000 
1.277999862e+000 1.994272861e+000 
1.442560123e+000 1.997111974e+000 
1.304960516e+000 1.995116242e+000 
1.799641341e+000 1.999654918e+000 
1.599054464e+000 1.998466406e+000 
1.785808619e+000 1.999531133e+000 
1.697455768e+000 1.999087281e+000 
1.798730250e+000 1.999650056e+000 
1.747245109e+000 1.999439369e+000 
1.742006821e+000 1.999297968e+000 
1.559943347e+000 1.998164852e+000 
1.500946170e+000 1.997810958e+000 
1.442751156e+000 1.997143936e+000 
1.588856261e+000 1.998461559e+000 
1.554993786e+000 1.998144755e+000 
1.600639861e+000 1.998500588e+000 
1.631280109e+000 1.998778025e+000 
1.638724755e+000 1.998829660e+000 
1.445729712e+000 1.997190977e+000 
1.475738819e+000 1.997460683e+000 
1.428924812e+000 1.997044198e+000 
1.304852689e+000 1.994987529e+000 
1.724302070e+000 1.999237346e+000 
1.483334869e+000 1.997561102e+000 
1.318530587e+000 1.995255270e+000 
1.721323397e+000 1.999199218e+000 

