1.030132971e+000 1.933359787e+000 
1.028224224e+000 1.931436562e+000 
1.050496122e+000 1.947696523e+000 
1.059780783e+000 1.953015880e+000 
1.140653191e+000 1.982833326e+000 
1.049282034e+000 1.946856116e+000 
1.093970687e+000 1.968536648e+000 
1.014375486e+000 1.915692939e+000 
1.049087711e+000 1.946827627e+000 
1.003502632e+000 1.893780543e+000 
1.041180087e+000 1.941736878e+000 
1.103787883e+000 1.971845699e+000 
1.003593856e+000 1.894741647e+000 
1.101167955e+000 1.971676154e+000 
1.082954277e+000 1.963934865e+000 
1.003349596e+000 1.893323275e+000 
1.004172696e+000 1.896270867e+000 
1.092550547e+000 1.968309349e+000 
1.086892569e+000 1.965600649e+000 
1.008222325e+000 1.905873556e+000 
1.008492755e+000 1.906689133e+000 
1.021403751e+000 1.924389508e+000 
1.004451986e+000 1.896706349e+000 
1.064911280e+000 1.955510781e+000 
1.053603011e+000 1.949775672e+000 
1.003768615e+000 1.895119574e+000 
1.016789156e+000 1.918882422e+000 
1.100966233e+000 1.971323279e+000 
1.014764060e+000 1.916099010e+000 
1.007134713e+000 1.903141598e+000 
1.044751090e+000 1.944145604e+000 
1.099546093e+000 1.971098161e+000 
1.088218097e+000 1.966560675e+000 
1.045413598e+000 1.944589361e+000 
1.005689621e+000 1.899865738e+000 
1.015635549e+000 1.917450726e+000 
1.086303957e+000 1.965472075e+000 
1.020651922e+000 1.923655049e+000 
1.047713116e+000 1.945912039e+000 
1.051991588e+000 1.948401866e+000 
1.008793018e+000 1.907049627e+000 
1.005513258e+000 1.899473114e+000 
1.023269860e+000 1.926376404e+000 
1.017878847e+000 1.920273657e+000 
1.021693589e+000 1.924420875e+000 
1.008117795e+000 1.905798483e+000 
1.014715869e+000 1.916098171e+000 
1.037519197e+000 1.939135394e+000 
1.073626186e+000 1.959888994e+000 
1.002639843e+000 1.889962256e+000 
1.006600870e+000 1.902204979e+000 
1.005260309e+000 1.899004188e+000 
1.077084298e+000 1.961281799e+000 
1.005617788e+000 1.899548024e+000 
1.054256152e+000 1.949968769e+000 
1.114954935e+000 1.975938133e+000 
1.003309907e+000 1.892438685e+000 
1.003206090e+000 1.891546560e+000 
1.006705401e+000 1.902265564e+000 
1.006426111e+000 1.901843767e+000 
1.006198393e+000 1.901068476e+000 
1.003873145e+000 1.895176850e+000 
1.005847270e+000 1.900317737e+000 
1.035013228e+000 1.937375651e+000 
1.007943035e+000 1.905440529e+000 
1.004759657e+000 1.897571462e+000 
1.005338498e+000 1.899111702e+000 
1.118646379e+000 1.977513001e+000 
1.007364195e+000 1.903951811e+000 
1.008418058e+000 1.906161729e+000 
1.073694342e+000 1.959968149e+000 
1.004068879e+000 1.895462846e+000 
1.006777234e+000 1.902632270e+000 
1.013132194e+000 1.913839605e+000 
1.064690823e+000 1.955467605e+000 
1.042245121e+000 1.942294624e+000 
1.084683544e+000 1.964824470e+000 
1.011932510e+000 1.912267222e+000 
1.009483049e+000 1.908030149e+000 
1.010363163e+000 1.909476863e+000 
1.033436590e+000 1.936151503e+000 
1.011865653e+000 1.912182991e+000 
1.084741254e+000 1.964879906e+000 
1.054058677e+000 1.949860652e+000 
1.051690008e+000 1.948350827e+000 
1.029356778e+000 1.932657441e+000 
1.044556552e+000 1.943673680e+000 
1.054126833e+000 1.949880978e+000 
1.012240613e+000 1.912785970e+000 
1.038181705e+000 1.939608374e+000 
1.072131639e+000 1.959375980e+000 
1.009988203e+000 1.908989158e+000 
1.009192842e+000 1.907814027e+000 
1.029308588e+000 1.932600616e+000 
1.004647719e+000 1.896992066e+000 
1.055356564e+000 1.950765603e+000 
1.041111930e+000 1.941657723e+000 
1.030350254e+000 1.933399476e+000 
1.012489281e+000 1.913147489e+000 
1.028228621e+000 1.931884525e+000 
1.086054502e+000 1.965259063e+000 
1.039383052e+000 1.940384173e+000 
1.016099202e+000 1.918015228e+000 
1.012952935e+000 1.913736411e+000 
1.057134748e+000 1.951520480e+000 
1.129037748e+000 1.979614474e+000 
1.094038843e+000 1.968670665e+000 
1.011402000e+000 1.911583073e+000 
1.031106863e+000 1.934163438e+000 
1.023808011e+000 1.927216293e+000 
1.010236878e+000 1.909289994e+000 
1.009297372e+000 1.907878540e+000 
1.012288803e+000 1.912797743e+000 
1.054837531e+000 1.950289264e+000 
1.031155053e+000 1.934175211e+000 
1.009814835e+000 1.908931076e+000 
1.007839218e+000 1.904618528e+000 
1.038249861e+000 1.939643470e+000 
1.028603772e+000 1.931941861e+000 
1.084227244e+000 1.964593989e+000 
1.134635500e+000 1.981066235e+000 
1.058018002e+000 1.951558959e+000 
1.057182938e+000 1.951532254e+000 
1.021778710e+000 1.924960558e+000 
1.036169340e+000 1.938079352e+000 
1.066240935e+000 1.956474660e+000 
1.112455582e+000 1.975695830e+000 
1.067364277e+000 1.956877047e+000 
1.068026785e+000 1.957436690e+000 
1.019376351e+000 1.922093798e+000 
1.014152620e+000 1.915308795e+000 
1.136648287e+000 1.981248435e+000 
1.049535706e+000 1.947030017e+000 
1.074109812e+000 1.960226445e+000 
1.087008915e+000 1.965794117e+000 
1.043186909e+000 1.943034032e+000 
1.080997416e+000 1.963362346e+000 
1.071642360e+000 1.958979931e+000 
1.047050016e+000 1.945533129e+000 
1.031038707e+000 1.934055059e+000 
1.046048978e+000 1.945050555e+000 
1.040565769e+000 1.941304894e+000 
1.022399397e+000 1.925509760e+000 
1.132413213e+000 1.981012373e+000 
1.026188745e+000 1.929714201e+000 
1.032650645e+000 1.935475559e+000 
1.043235099e+000 1.943045805e+000 
1.046165325e+000 1.945141483e+000 
1.038933431e+000 1.940160497e+000 
1.033355461e+000 1.936129642e+000 
1.032534298e+000 1.935350737e+000 
1.160519348e+000 1.987086618e+000 
1.028172431e+000 1.931408252e+000 
1.073742533e+000 1.959979922e+000 
1.063634379e+000 1.954965720e+000 
1.089275997e+000 1.966662698e+000 
1.129412899e+000 1.979637119e+000 
1.060817675e+000 1.953543958e+000 
1.062454093e+000 1.954488385e+000 
1.093410473e+000 1.968341048e+000 
1.119021530e+000 1.977532472e+000 
1.026175553e+000 1.929439042e+000 
1.124538813e+000 1.979053818e+000 
1.063019370e+000 1.954590419e+000 
1.063067560e+000 1.954602192e+000 
1.130875705e+000 1.979750926e+000 
1.014527579e+000 1.915930169e+000 
1.065694774e+000 1.956005945e+000 
1.123976475e+000 1.978524561e+000 
1.142729064e+000 1.982997507e+000 
1.015196903e+000 1.916730251e+000 
1.070843489e+000 1.958648744e+000 
1.082204151e+000 1.963857615e+000 
1.058388089e+000 1.952231792e+000 
1.021084319e+000 1.923982304e+000 
1.059908160e+000 1.953084633e+000 
1.020463632e+000 1.923427502e+000 
1.108888493e+000 1.974416132e+000 
1.019963803e+000 1.922889103e+000 
1.117137347e+000 1.977236397e+000 
1.067480624e+000 1.956967975e+000 
1.018876521e+000 1.921523612e+000 
1.112830733e+000 1.975756307e+000 
1.017191676e+000 1.919466951e+000 
1.122668358e+000 1.978355023e+000 
1.080303355e+000 1.962940685e+000 
1.068779902e+000 1.957758196e+000 
1.077635783e+000 1.961832242e+000 
1.020092917e+000 1.923002394e+000 
1.018359881e+000 1.920881023e+000 
1.107727484e+000 1.974077791e+000 
1.015932265e+000 1.917542727e+000 
1.107266391e+000 1.973819185e+000 
1.112103661e+000 1.975634661e+000 
1.062235030e+000 1.954146964e+000 
1.097350954e+000 1.970041281e+000 
1.103367850e+000 1.971817447e+000 
1.097399145e+000 1.970058097e+000 
1.111642568e+000 1.975376055e+000 
1.096965207e+000 1.969845431e+000 
1.029693629e+000 1.932793676e+000 
1.023486679e+000 1.926919637e+000 
1.025233535e+000 1.928587590e+000 
1.017315598e+000 1.919488283e+000 
1.034943764e+000 1.936874159e+000 
1.025040929e+000 1.928253753e+000 
1.027648561e+000 1.930845383e+000 
1.022126359e+000 1.925030289e+000 
1.024801413e+000 1.928001534e+000 
1.024528719e+000 1.927928836e+000 
1.002520589e+000 1.161592604e+000 
1.001148212e+000 1.156648801e+000 
1.001657800e+000 1.158249904e+000 
1.001984681e+000 1.159656338e+000 
1.001597654e+000 1.158019393e+000 
1.001420121e+000 1.157921326e+000 
1.001603830e+000 1.158048020e+000 
1.001366151e+000 1.157719442e+000 
1.002466619e+000 1.161390720e+000 
1.002548014e+000 1.161607121e+000 
1.000139120e+000 1.005549521e+000 
1.000272966e+000 1.005597226e+000 
1.000211179e+000 1.005572375e+000 
1.000631652e+000 1.014337143e+000 
1.000559593e+000 1.014317240e+000 
1.000828258e+000 1.015029395e+000 
1.000453907e+000 1.009797683e+000 
1.000515694e+000 1.009997063e+000 
1.000391889e+000 1.006568608e+000 
1.000319830e+000 1.006567080e+000 
1.000115755e+000 1.001079819e+000 
1.000136237e+000 1.001079916e+000 
1.000082268e+000 1.001078781e+000 
9.999999988e-001 1.000206282e+000 
1.000072410e+000 1.000207848e+000 
1.000018441e+000 1.000207846e+000 
1.002389256e+000 1.160110228e+000 
1.000999066e+000 1.027743603e+000 
1.000846563e+000 1.027551971e+000 
1.001060852e+000 1.027893955e+000 
1.164168000e+000 1.988178764e+000 
1.176723578e+000 1.990713832e+000 
1.188618187e+000 1.993383815e+000 
1.180652020e+000 1.991974665e+000 
1.152099615e+000 1.985234511e+000 
1.177459647e+000 1.990838536e+000 
1.181050308e+000 1.992135596e+000 
1.137557683e+000 1.982439211e+000 
1.187004800e+000 1.993011176e+000 
1.137667185e+000 1.982493533e+000 
1.131314695e+000 1.980571012e+000 
1.177391491e+000 1.990754422e+000 
1.143732640e+000 1.983987226e+000 
1.140381029e+000 1.982572002e+000 
1.122576361e+000 1.977628970e+000 
1.128008732e+000 1.979323727e+000 
1.397952564e+000 2.000000000e+000 
1.187269685e+000 1.993095290e+000 
1.133497684e+000 1.981030993e+000 
1.198214063e+000 1.994792495e+000 
1.204236711e+000 1.995749449e+000 
1.192481629e+000 1.993560542e+000 
1.178361824e+000 1.991248063e+000 
1.152291129e+000 1.985721957e+000 
1.194640835e+000 1.994340769e+000 
1.152657122e+000 1.985737289e+000 
1.217559668e+000 1.997146132e+000 
1.197623512e+000 1.994667350e+000 
1.201729786e+000 1.995572722e+000 
1.195707138e+000 1.994615768e+000 
1.205585213e+000 1.996092296e+000 
1.247015630e+000 1.998566692e+000 
1.267421624e+000 1.998813094e+000 
1.189974703e+000 1.993438137e+000 
1.220566822e+000 1.998117936e+000 
1.179583943e+000 1.991561658e+000 
1.167760783e+000 1.989304904e+000 
1.199852778e+000 1.994860343e+000 
1.195258785e+000 1.994392351e+000 
1.225068003e+000 1.998135984e+000 
1.213926223e+000 1.997106660e+000 
1.201044087e+000 1.995146050e+000 
1.236259750e+000 1.998439730e+000 
1.193605626e+000 1.993793880e+000 
1.220093358e+000 1.997371043e+000 
1.140775490e+000 1.982976757e+000 
1.154413908e+000 1.986292092e+000 
1.199147772e+000 1.994806021e+000 
1.214613482e+000 1.997111036e+000 
1.179305851e+000 1.991390896e+000 
1.179570854e+000 1.991393156e+000 
1.166381549e+000 1.988859142e+000 
1.252458948e+000 1.998680545e+000 
1.166861399e+000 1.989253013e+000 
1.131283524e+000 1.979757605e+000 
1.130728389e+000 1.979731132e+000 
1.162534504e+000 1.987954572e+000 
1.234241569e+000 1.998244898e+000 
1.226027251e+000 1.998205208e+000 
1.171928561e+000 1.989878102e+000 
1.157656549e+000 1.986746758e+000 
1.164839610e+000 1.988646149e+000 
1.274688627e+000 1.999002883e+000 
1.216618161e+000 1.997139590e+000 
1.276012092e+000 1.999039955e+000 
1.296494046e+000 1.999312415e+000 
1.323001975e+000 1.999501840e+000 
1.197814155e+000 1.994728588e+000 
1.283930236e+000 1.999101880e+000 
1.272661199e+000 1.998886705e+000 
1.155096526e+000 1.986544666e+000 
1.211607861e+000 1.997049249e+000 
1.283494394e+000 1.999081321e+000 
1.140590156e+000 1.982583308e+000 
1.286646650e+000 1.999184266e+000 
1.306745440e+000 1.999378781e+000 
1.147901987e+000 1.984566203e+000 
1.147114076e+000 1.984529132e+000 
1.345318674e+000 1.999774624e+000 
1.292550171e+000 1.999248664e+000 
1.248200023e+000 1.998611377e+000 
1.210017803e+000 1.996358463e+000 
1.106932033e+000 1.972069314e+000 
1.105864871e+000 1.971872250e+000 
1.251581097e+000 1.998624204e+000 
1.340389767e+000 1.999663369e+000 
1.267972650e+000 1.998866091e+000 
1.259673356e+000 1.998763146e+000 
1.252969309e+000 1.998684708e+000 
1.264158690e+000 1.998793907e+000 
1.318688704e+000 1.999481340e+000 
1.273480004e+000 1.998988725e+000 
1.384150504e+000 1.999922782e+000 
1.363608887e+000 1.999830325e+000 
1.386530143e+000 1.999926441e+000 
1.388700681e+000 1.999963162e+000 
1.300520225e+000 1.999312470e+000 
1.301047335e+000 1.999318348e+000 
1.338132830e+000 1.999632131e+000 
1.324671761e+000 1.999528213e+000 
1.341165515e+000 1.999690171e+000 
1.371474492e+000 1.999889536e+000 
1.364147078e+000 1.999847830e+000 
1.312058097e+000 1.999436406e+000 
1.358383037e+000 1.999786387e+000 
1.337155797e+000 1.999627762e+000 
1.328838770e+000 1.999610754e+000 
1.315211665e+000 1.999478261e+000 
1.329328330e+000 1.999611549e+000 
1.327725379e+000 1.999571470e+000 
1.306275421e+000 1.999353587e+000 

