1.000051620e+000 1.218223402e+000 
1.000000000e+000 1.008604645e+000 
1.000043220e+000 1.010950037e+000 
1.007903456e+000 1.962709209e+000 
1.005413836e+000 1.959849598e+000 
1.038247952e+000 1.984107750e+000 
1.015464660e+000 1.970259130e+000 
1.010953922e+000 1.966419898e+000 
1.014433534e+000 1.969637206e+000 
1.017735327e+000 1.972449065e+000 
1.013777430e+000 1.969009591e+000 
1.014537035e+000 1.969666503e+000 
1.009925236e+000 1.965345872e+000 
1.034422860e+000 1.981986723e+000 
1.040134868e+000 1.984534058e+000 
1.007954543e+000 1.962744675e+000 
1.010764629e+000 1.966349262e+000 
1.015123294e+000 1.970088428e+000 
1.014195669e+000 1.969495801e+000 
1.019234486e+000 1.973409968e+000 
1.001100043e+000 1.949746046e+000 
1.002434244e+000 1.954147690e+000 
1.002118400e+000 1.953580135e+000 
1.011479988e+000 1.966591943e+000 
1.013471444e+000 1.968938288e+000 
1.020713631e+000 1.974449629e+000 
1.015846901e+000 1.970556770e+000 
1.000105749e+000 1.946063210e+000 
1.003320211e+000 1.955899012e+000 
1.001406282e+000 1.950320074e+000 
1.000373000e+000 1.946105271e+000 
1.004327653e+000 1.957344506e+000 
1.010647936e+000 1.966348595e+000 
1.001439950e+000 1.950464855e+000 
1.001124105e+000 1.949897299e+000 
1.002262423e+000 1.953597394e+000 
1.002578268e+000 1.954164950e+000 
1.011049673e+000 1.966505575e+000 
1.038944193e+000 1.984386285e+000 
1.008295909e+000 1.962915377e+000 
1.010817004e+000 1.966368433e+000 
1.009720311e+000 1.965293731e+000 
1.008677243e+000 1.963747398e+000 
1.007749617e+000 1.962692535e+000 
1.009889378e+000 1.965313569e+000 
1.012755294e+000 1.968574717e+000 
1.007579759e+000 1.962551806e+000 
1.014058750e+000 1.969444337e+000 
1.002945427e+000 1.955706142e+000 
1.006147806e+000 1.960598769e+000 
1.009837004e+000 1.965294398e+000 
1.020179581e+000 1.973726877e+000 
1.001689475e+000 1.951823803e+000 
1.011569921e+000 1.966705617e+000 
1.006889325e+000 1.962263419e+000 
1.003629262e+000 1.956117414e+000 
1.004603037e+000 1.959114162e+000 
1.004885214e+000 1.959640054e+000 
1.006233773e+000 1.960604313e+000 
1.005259998e+000 1.959832924e+000 
1.035819363e+000 1.983402137e+000 
1.018373960e+000 1.972890162e+000 
1.015633727e+000 1.970278968e+000 
1.035021977e+000 1.982737730e+000 
1.045866323e+000 1.986731687e+000 
1.003353878e+000 1.956043793e+000 
1.022817598e+000 1.976194336e+000 
1.002663250e+000 1.955283367e+000 
1.002979094e+000 1.955850923e+000 
1.014706102e+000 1.969686341e+000 
1.074891052e+000 1.992332754e+000 
1.004685673e+000 1.959284494e+000 
1.058099591e+000 1.989622486e+000 
1.014653728e+000 1.969667170e+000 
1.011310921e+000 1.966572104e+000 
1.018493094e+000 1.972900963e+000 
1.015581353e+000 1.970259797e+000 
1.001807109e+000 1.952006047e+000 
1.029682292e+000 1.980137853e+000 
1.034475235e+000 1.982005895e+000 
1.047152587e+000 1.986994743e+000 
1.034516954e+000 1.982477222e+000 
1.011228555e+000 1.966534915e+000 
1.067434836e+000 1.991823068e+000 
1.057607487e+000 1.989622343e+000 
1.028379755e+000 1.979765592e+000 
1.065363159e+000 1.991675295e+000 
1.010273152e+000 1.966155725e+000 
1.015361159e+000 1.970229833e+000 
1.058366207e+000 1.989775694e+000 
1.013865663e+000 1.969061064e+000 
1.031057561e+000 1.980679229e+000 
1.034511508e+000 1.982045208e+000 
1.042643606e+000 1.986041470e+000 
1.038758385e+000 1.984298290e+000 
1.007085227e+000 1.962426949e+000 
1.015730208e+000 1.970556103e+000 
1.023361450e+000 1.976407044e+000 
1.016355282e+000 1.971395053e+000 
1.072660004e+000 1.992086267e+000 
1.032109786e+000 1.981318510e+000 
1.015192092e+000 1.970209995e+000 
1.012733112e+000 1.967954060e+000 
1.035934877e+000 1.983439537e+000 
1.041452931e+000 1.985893698e+000 
1.028548823e+000 1.979785430e+000 
1.055535809e+000 1.989474570e+000 
1.038496228e+000 1.984290451e+000 
1.006855907e+000 1.962241251e+000 
1.051873255e+000 1.988784496e+000 
1.009345527e+000 1.965100861e+000 
1.027751437e+000 1.979121023e+000 
1.014264467e+000 1.969617368e+000 
1.039949061e+000 1.984446063e+000 
1.038300326e+000 1.984126922e+000 
1.044493217e+000 1.986731544e+000 
1.014817308e+000 1.970017125e+000 
1.032907171e+000 1.981982917e+000 
1.043302541e+000 1.986583771e+000 
1.013660737e+000 1.969008924e+000 
1.024289075e+000 1.976999671e+000 
1.010852862e+000 1.966400736e+000 
1.022439465e+000 1.975986637e+000 
1.025884913e+000 1.978065553e+000 
1.007230691e+000 1.962434120e+000 
1.006514541e+000 1.962070549e+000 
1.007399759e+000 1.962453959e+000 
1.015308785e+000 1.970210662e+000 
1.018321586e+000 1.972870991e+000 
1.012391746e+000 1.967783358e+000 
1.007347384e+000 1.962434787e+000 
1.013319371e+000 1.968838222e+000 
1.014381160e+000 1.969618035e+000 
1.006684400e+000 1.962211278e+000 
1.020830324e+000 1.974450296e+000 
1.006309616e+000 1.962018408e+000 
1.010306570e+000 1.966177894e+000 
1.014934001e+000 1.970017792e+000 
1.009931786e+000 1.965985024e+000 
1.013889683e+000 1.969424499e+000 
1.009004161e+000 1.964930160e+000 
1.009378945e+000 1.965123030e+000 
1.016902484e+000 1.972084827e+000 
1.011021929e+000 1.966420574e+000 
1.014006376e+000 1.969425166e+000 
1.032738104e+000 1.981963078e+000 
1.017277268e+000 1.972277697e+000 
1.000551157e+000 1.948123708e+000 
1.016471975e+000 1.971395720e+000 
1.017393961e+000 1.972278364e+000 
1.036732263e+000 1.984103944e+000 
1.018204893e+000 1.972870324e+000 
1.026797813e+000 1.978684192e+000 
1.031979546e+000 1.981250871e+000 
1.019973865e+000 1.973553846e+000 
1.031604762e+000 1.981058001e+000 
1.024582504e+000 1.977140638e+000 
1.024957288e+000 1.977333507e+000 
1.001524932e+000 1.951583271e+000 
1.021895613e+000 1.975773929e+000 
1.001840776e+000 1.952150827e+000 
1.021526565e+000 1.975447660e+000 
1.032363320e+000 1.981770209e+000 
1.004124794e+000 1.957041298e+000 
1.005885502e+000 1.959952645e+000 
1.004403496e+000 1.958758602e+000 
1.006034232e+000 1.960248753e+000 
1.001497936e+000 1.951393932e+000 
1.004287166e+000 1.957050620e+000 
1.004178924e+000 1.957048398e+000 
1.000506576e+000 1.947749182e+000 
1.192800793e+000 1.998914675e+000 
1.008302459e+000 1.963554529e+000 
1.455503783e+000 1.999823995e+000 
1.085460447e+000 1.994049808e+000 
1.453880825e+000 1.999759142e+000 
1.012612752e+000 1.967843394e+000 
1.460623155e+000 2.000000000e+000 
1.433580669e+000 1.999758176e+000 
1.017827233e+000 1.972688346e+000 
1.115598092e+000 1.996193004e+000 
1.125198850e+000 1.996675847e+000 
1.124232814e+000 1.996651662e+000 
1.018337667e+000 1.972878886e+000 
1.014986375e+000 1.970036964e+000 
1.371040183e+000 1.999728981e+000 
1.027410604e+000 1.978729808e+000 
1.129561557e+000 1.996909592e+000 
1.027358229e+000 1.978710637e+000 
1.046021171e+000 1.986733242e+000 
1.020388346e+000 1.974286823e+000 
1.017879608e+000 1.972707517e+000 
1.347237155e+000 1.999694027e+000 
1.085665372e+000 1.994101948e+000 
1.127055317e+000 1.996832695e+000 
1.074451039e+000 1.992327336e+000 
1.060899846e+000 1.990938738e+000 
1.035325010e+000 1.983219493e+000 
1.108536012e+000 1.995778226e+000 
1.008507384e+000 1.963606670e+000 
1.031222244e+000 1.981057501e+000 
1.018740133e+000 1.973227323e+000 
1.103002713e+000 1.995454193e+000 
1.023625655e+000 1.976797188e+000 
1.019286425e+000 1.973450165e+000 
1.159947043e+000 1.998095952e+000 
1.200564522e+000 1.999035435e+000 
1.142609671e+000 1.997436528e+000 
1.112759601e+000 1.995992132e+000 
1.098092303e+000 1.995119548e+000 
1.089718198e+000 1.994334163e+000 
1.090344814e+000 1.994462090e+000 
1.356311095e+000 1.999717377e+000 
1.184946338e+000 1.998792112e+000 
1.153544014e+000 1.997977974e+000 
1.137001610e+000 1.997256724e+000 
1.036237910e+000 1.983921299e+000 
1.122780097e+000 1.996597499e+000 
1.022867097e+000 1.976224399e+000 
1.139392643e+000 1.997390806e+000 
1.015719084e+000 1.970341334e+000 
1.014791459e+000 1.969748707e+000 
1.162560784e+000 1.998215296e+000 
1.134634316e+000 1.997136889e+000 
1.119025254e+000 1.996360938e+000 
1.122896235e+000 1.996626953e+000 
1.108265878e+000 1.995724916e+000 
1.060135764e+000 1.990743650e+000 
1.113054059e+000 1.996015777e+000 
1.075433927e+000 1.992922824e+000 
1.122637514e+000 1.996593835e+000 
1.020043589e+000 1.973634706e+000 
1.018792508e+000 1.973246495e+000 
1.018542592e+000 1.972931027e+000 
1.130189923e+000 1.996934425e+000 
1.016951983e+000 1.972114890e+000 
1.023794722e+000 1.976817026e+000 
1.070085061e+000 1.992023142e+000 
1.025121971e+000 1.977586240e+000 
1.169506564e+000 1.998380430e+000 
1.010459569e+000 1.966237253e+000 
1.072821654e+000 1.992204746e+000 
1.119697875e+000 1.996445920e+000 
1.110469924e+000 1.995907981e+000 
1.014739085e+000 1.969729536e+000 
1.111464188e+000 1.995946160e+000 
1.241542650e+000 1.999467470e+000 
1.009531944e+000 1.965182389e+000 
1.218409883e+000 1.999261782e+000 
1.096623481e+000 1.994906893e+000 
1.012560378e+000 1.967824223e+000 
1.012355452e+000 1.967772082e+000 
1.259840066e+000 1.999631185e+000 
1.011897393e+000 1.967600714e+000 
1.118030990e+000 1.996322759e+000 
1.097634754e+000 1.995011460e+000 
1.032144229e+000 1.981522515e+000 
1.077054808e+000 1.993376851e+000 
1.132777849e+000 1.996980042e+000 
1.012825019e+000 1.968655578e+000 
1.026303460e+000 1.978501547e+000 
1.013283078e+000 1.968826946e+000 
1.084681125e+000 1.993947060e+000 
1.119099437e+000 1.996426749e+000 
1.121402052e+000 1.996475643e+000 
1.127258942e+000 1.996860698e+000 
1.110417549e+000 1.995888810e+000 
1.165401133e+000 1.998270925e+000 
1.213538877e+000 1.999228092e+000 
1.102271808e+000 1.995339591e+000 
1.048510790e+000 1.988276508e+000 
1.099685830e+000 1.995209836e+000 
1.098261370e+000 1.995139387e+000 
1.138188470e+000 1.997348202e+000 
1.105429230e+000 1.995492475e+000 
1.138349428e+000 1.997368374e+000 
1.025390560e+000 1.977882909e+000 
1.021945112e+000 1.975803993e+000 
1.130028965e+000 1.996914253e+000 
1.105446580e+000 1.995554165e+000 
1.092922589e+000 1.994707266e+000 
1.105498954e+000 1.995573336e+000 
1.031879562e+000 1.981110198e+000 
1.054224421e+000 1.989164958e+000 
1.062795135e+000 1.991365683e+000 
1.169828656e+000 1.998449041e+000 
1.102005794e+000 1.995320420e+000 
1.052173345e+000 1.988966582e+000 
1.059122747e+000 1.990645642e+000 
1.236356050e+000 1.999424557e+000 
1.076446944e+000 1.993020832e+000 
1.017614967e+000 1.972338400e+000 
1.152381628e+000 1.997876015e+000 
1.189689627e+000 1.998843349e+000 
1.049523807e+000 1.988445431e+000 
1.094973665e+000 1.994905642e+000 
1.131257111e+000 1.996960361e+000 
1.015977623e+000 1.971213076e+000 
1.194278774e+000 1.999025857e+000 
1.090513882e+000 1.994481928e+000 
1.104903854e+000 1.995484283e+000 
1.106612566e+000 1.995707776e+000 
1.213223283e+000 1.999218869e+000 
1.100967735e+000 1.995290966e+000 
1.143758679e+000 1.997574116e+000 
1.102347361e+000 1.995444578e+000 
1.093935606e+000 1.994876188e+000 
1.028054470e+000 1.979602786e+000 
1.209929225e+000 1.999049977e+000 
1.090718807e+000 1.994534069e+000 
1.092143267e+000 1.994604519e+000 
1.019455492e+000 1.973470004e+000 
1.132829150e+000 1.997086612e+000 
1.091105208e+000 1.994575065e+000 
1.144567231e+000 1.997596548e+000 
1.072363595e+000 1.992033377e+000 
1.069354193e+000 1.991824766e+000 
1.082630049e+000 1.993748684e+000 
1.073026580e+000 1.992256887e+000 
1.106160319e+000 1.995587322e+000 
1.114125114e+000 1.996114716e+000 
1.142614485e+000 1.997490469e+000 
1.109646269e+000 1.995851517e+000 
1.089887265e+000 1.994354002e+000 
1.020335971e+000 1.974267652e+000 
1.151333713e+000 1.997741599e+000 
1.083643066e+000 1.993917606e+000 
1.046658234e+000 1.986812098e+000 
1.042985847e+000 1.986379977e+000 
1.032412818e+000 1.981800272e+000 
1.126432379e+000 1.996803242e+000 
1.074246114e+000 1.992275195e+000 
1.103324861e+000 1.995474032e+000 
1.126351519e+000 1.996683246e+000 
1.087716449e+000 1.994300324e+000 
1.050561867e+000 1.988474884e+000 
1.090092191e+000 1.994406142e+000 
1.097598386e+000 1.994915878e+000 
1.030966662e+000 1.980498315e+000 
1.114226007e+000 1.996141726e+000 
1.079277087e+000 1.993613412e+000 
1.109747162e+000 1.995878527e+000 
1.106261211e+000 1.995614332e+000 
1.080315146e+000 1.993642866e+000 
1.062624501e+000 1.991329638e+000 
1.113506980e+000 1.996029110e+000 
1.078264070e+000 1.993444490e+000 
1.061952890e+000 1.991167307e+000 
1.040894947e+000 1.985150427e+000 
1.040849954e+000 1.985116024e+000 
1.086473464e+000 1.994218730e+000 
1.021032212e+000 1.975265016e+000 
1.040223337e+000 1.984988097e+000 
1.069820878e+000 1.991934955e+000 
1.049182401e+000 1.988438839e+000 
1.109694788e+000 1.995859356e+000 
1.041136237e+000 1.985689904e+000 
1.087511523e+000 1.994248184e+000 
1.236671644e+000 1.999433780e+000 
1.030563208e+000 1.980496584e+000 
1.016692982e+000 1.971455756e+000 
1.114173632e+000 1.996122554e+000 
1.029650308e+000 1.979877946e+000 
1.116992931e+000 1.996293305e+000 
1.106208837e+000 1.995595160e+000 
1.121471776e+000 1.996556504e+000 
1.181219264e+000 1.998672768e+000 
1.016029997e+000 1.971232247e+000 
1.083256665e+000 1.993876611e+000 
1.149873721e+000 1.997737207e+000 
1.266094234e+000 1.999669705e+000 
1.190813773e+000 1.998875004e+000 
1.213137988e+000 1.999058260e+000 
1.177994131e+000 1.998554790e+000 
1.168557294e+000 1.998376654e+000 
1.183521879e+000 1.998721663e+000 
1.168512300e+000 1.998342251e+000 
1.175271026e+000 1.998546782e+000 
1.154352565e+000 1.998000405e+000 
1.166209685e+000 1.998293357e+000 
1.190005221e+000 1.998852572e+000 
1.174995642e+000 1.998473160e+000 
1.189851250e+000 1.998847741e+000 
1.212768127e+000 1.999053429e+000 
1.217195650e+000 1.999231545e+000 
1.142597132e+000 1.997392973e+000 
1.330773556e+000 1.999681414e+000 
1.179269195e+000 1.998646445e+000 
1.152768028e+000 1.997917011e+000 
1.152176335e+000 1.997786101e+000 
1.179423165e+000 1.998651276e+000 
1.145342867e+000 1.997629491e+000 
1.135433127e+000 1.997176059e+000 
1.146773567e+000 1.997696211e+000 
1.156655180e+000 1.998049299e+000 
1.188163570e+000 1.998799510e+000 
1.145997581e+000 1.997635248e+000 
1.178493209e+000 1.998585482e+000 

