1.000244960e+000 1.010716316e+000 
1.000026556e+000 1.010661297e+000 
1.000249208e+000 1.010989780e+000 
1.012689138e+000 1.865656528e+000 
1.004077317e+000 1.852174632e+000 
1.050131750e+000 1.901699499e+000 
1.111740005e+000 1.942771828e+000 
1.006837485e+000 1.856512876e+000 
1.086024413e+000 1.926494715e+000 
1.004689286e+000 1.853265956e+000 
1.042670159e+000 1.895388896e+000 
1.057134583e+000 1.907605368e+000 
1.075606281e+000 1.920941071e+000 
1.112952345e+000 1.942865381e+000 
1.003430446e+000 1.851027166e+000 
1.029997472e+000 1.883866117e+000 
1.003389595e+000 1.850822389e+000 
1.070105304e+000 1.917454019e+000 
1.026804269e+000 1.880578328e+000 
1.046907307e+000 1.898661874e+000 
1.002432784e+000 1.848427978e+000 
1.010618977e+000 1.862951726e+000 
1.021088018e+000 1.874653794e+000 
1.003940359e+000 1.851553744e+000 
1.001973687e+000 1.847031778e+000 
1.012848714e+000 1.865722669e+000 
1.115422600e+000 1.944121871e+000 
1.030534419e+000 1.884611977e+000 
1.028361170e+000 1.882390077e+000 
1.055610476e+000 1.906063943e+000 
1.114990213e+000 1.944083109e+000 
1.015891306e+000 1.868612519e+000 
1.015395764e+000 1.868214395e+000 
1.005972869e+000 1.855532276e+000 
1.059923508e+000 1.909620173e+000 
1.031096520e+000 1.884632800e+000 
1.028235971e+000 1.882013107e+000 
1.012257199e+000 1.865006681e+000 
1.005323075e+000 1.854158923e+000 
1.027824223e+000 1.881634699e+000 
1.081841253e+000 1.924833033e+000 
1.021570634e+000 1.875421317e+000 
1.016661983e+000 1.869648239e+000 
1.011029243e+000 1.863431812e+000 
1.004465173e+000 1.852744080e+000 
1.067694787e+000 1.915784328e+000 
1.057565675e+000 1.907976940e+000 
1.066377255e+000 1.914477818e+000 
1.056195459e+000 1.906551450e+000 
1.008182675e+000 1.859395400e+000 
1.011002085e+000 1.863191151e+000 
1.011461182e+000 1.864081658e+000 
1.025653506e+000 1.879330372e+000 
1.049937917e+000 1.900991505e+000 
1.061367320e+000 1.911007104e+000 
1.019779688e+000 1.873145085e+000 
1.003799862e+000 1.851298382e+000 
1.041448240e+000 1.894444228e+000 
1.007672976e+000 1.858084076e+000 
1.048246316e+000 1.900167395e+000 
1.063128949e+000 1.911819447e+000 
1.008957587e+000 1.860089443e+000 
1.013307812e+000 1.866577682e+000 
1.028977517e+000 1.882809746e+000 
1.063462050e+000 1.912456222e+000 
1.059734001e+000 1.909387499e+000 
1.037052087e+000 1.890327393e+000 
1.038274006e+000 1.891260808e+000 
1.012079856e+000 1.865002813e+000 
1.102543360e+000 1.937869093e+000 
1.032104635e+000 1.885482334e+000 
1.009416684e+000 1.860979950e+000 
1.010035358e+000 1.861901104e+000 
1.050574645e+000 1.902247796e+000 
1.007066783e+000 1.857054797e+000 
1.039134256e+000 1.892353711e+000 
1.008984745e+000 1.860330104e+000 
1.007241037e+000 1.857434230e+000 
1.080204843e+000 1.923621481e+000 
1.083774858e+000 1.925482623e+000 
1.081956274e+000 1.924855969e+000 
1.106998079e+000 1.939855665e+000 
1.079086660e+000 1.922920161e+000 
1.078294223e+000 1.922396085e+000 
1.073122190e+000 1.919280605e+000 
1.075991804e+000 1.921216413e+000 
1.009729955e+000 1.861166320e+000 
1.065872566e+000 1.914125913e+000 
1.077573479e+000 1.922070237e+000 
1.085150964e+000 1.926387720e+000 
1.003849281e+000 1.851329828e+000 
1.076455296e+000 1.921368918e+000 
1.040991890e+000 1.894149592e+000 
1.099673746e+000 1.935975203e+000 
1.032286499e+000 1.885540034e+000 
1.070059301e+000 1.916666827e+000 
1.088786315e+000 1.928954620e+000 
1.072247545e+000 1.919040396e+000 
1.070490826e+000 1.917729362e+000 
1.089309181e+000 1.929747289e+000 
1.068080310e+000 1.916059670e+000 
1.095414401e+000 1.933478565e+000 
1.056524051e+000 1.906748241e+000 
1.092240253e+000 1.931446332e+000 
1.063273148e+000 1.912343782e+000 
1.095109866e+000 1.933340223e+000 
1.060862632e+000 1.910674091e+000 
1.064821933e+000 1.913267420e+000 
1.002843050e+000 1.848853087e+000 
1.089242374e+000 1.929099767e+000 
1.019472884e+000 1.872940395e+000 
1.058689054e+000 1.908101295e+000 
1.051950751e+000 1.903060140e+000 
1.033523608e+000 1.887073528e+000 
1.055459445e+000 1.906033879e+000 
1.058739325e+000 1.908417711e+000 
1.039225336e+000 1.892594959e+000 
1.090346049e+000 1.930317469e+000 
1.110825489e+000 1.942186083e+000 
1.022795648e+000 1.876486791e+000 
1.152608652e+000 1.962148405e+000 
1.021982382e+000 1.875799724e+000 
1.053861726e+000 1.905068494e+000 
1.053174063e+000 1.904009213e+000 
1.034200817e+000 1.887853117e+000 
1.035962317e+000 1.889706128e+000 
1.044416781e+000 1.896799820e+000 
1.047029720e+000 1.899040847e+000 
1.035622444e+000 1.889218865e+000 
1.038433389e+000 1.891767939e+000 
1.033254653e+000 1.886754948e+000 
1.041158873e+000 1.894163507e+000 
1.054302694e+000 1.905316519e+000 
1.023743883e+000 1.877643217e+000 
1.044881056e+000 1.897077889e+000 
1.048670871e+000 1.900676308e+000 
1.047316737e+000 1.899781305e+000 
1.045999300e+000 1.898268934e+000 
1.146013132e+000 1.959290125e+000 
1.020364831e+000 1.874023010e+000 
1.005189138e+000 1.853865004e+000 
1.017068310e+000 1.870087712e+000 
1.047312591e+000 1.899232182e+000 
1.158831862e+000 1.964847297e+000 
1.109641752e+000 1.941924670e+000 
1.045995155e+000 1.897798747e+000 
1.029441066e+000 1.883065759e+000 
1.096168988e+000 1.933742541e+000 
1.033214959e+000 1.886550931e+000 
1.086202658e+000 1.927122943e+000 
1.024483749e+000 1.878009224e+000 
1.031202566e+000 1.884918769e+000 
1.087466644e+000 1.928105830e+000 
1.086229816e+000 1.927250027e+000 
1.086817857e+000 1.927652997e+000 
1.088257494e+000 1.928632734e+000 
1.016093832e+000 1.869320189e+000 
1.025431984e+000 1.879189539e+000 
1.014101007e+000 1.866845913e+000 
1.105512396e+000 1.938722895e+000 
1.018191582e+000 1.871801111e+000 
1.018603331e+000 1.872179518e+000 
1.029960625e+000 1.883603011e+000 
1.021550858e+000 1.874852960e+000 
1.017128243e+000 1.870113830e+000 
1.025092111e+000 1.878702276e+000 
1.023670484e+000 1.877336529e+000 
1.001415748e+000 1.127441518e+000 
1.000330935e+000 1.012604581e+000 
9.999999999e-001 1.004088334e+000 
1.000675646e+000 1.064899784e+000 
1.210847411e+000 1.981290470e+000 
1.218542690e+000 1.981720469e+000 
1.103488502e+000 1.938298501e+000 
1.412654629e+000 1.999018354e+000 
1.269634781e+000 1.990506679e+000 
1.153687099e+000 1.962427907e+000 
1.095688613e+000 1.933555645e+000 
1.143348881e+000 1.959174741e+000 
1.313095025e+000 1.995318712e+000 
1.107182965e+000 1.940042820e+000 
1.102436444e+000 1.937804989e+000 
1.146291054e+000 1.959398616e+000 
1.119827899e+000 1.948124584e+000 
1.452122979e+000 1.999596937e+000 
1.148717004e+000 1.961555668e+000 
1.122525933e+000 1.949608965e+000 
1.130864112e+000 1.953612569e+000 
1.166495573e+000 1.968026369e+000 
1.147087544e+000 1.960331786e+000 
1.166872991e+000 1.968297654e+000 
1.180984554e+000 1.972476358e+000 
1.244053445e+000 1.986964208e+000 
1.254316954e+000 1.988583015e+000 
1.094740352e+000 1.932456542e+000 
1.131628531e+000 1.954151283e+000 
1.346313616e+000 1.997064746e+000 
1.122153896e+000 1.949111341e+000 
1.336533792e+000 1.996572840e+000 
1.124266239e+000 1.951229810e+000 
1.137125780e+000 1.956244198e+000 
1.121959841e+000 1.948846038e+000 
1.107527368e+000 1.940274097e+000 
1.165786498e+000 1.967665871e+000 
1.129327056e+000 1.952826402e+000 
1.104163192e+000 1.938573654e+000 
1.125239928e+000 1.951425577e+000 
1.164077584e+000 1.967413885e+000 
1.311511410e+000 1.995211332e+000 
1.342008202e+000 1.996996555e+000 
1.122609296e+000 1.949852745e+000 
1.098249872e+000 1.935468525e+000 
1.096711304e+000 1.933827016e+000 
1.126787563e+000 1.952802643e+000 
1.108667562e+000 1.940715089e+000 
1.258540412e+000 1.989212444e+000 
1.115874246e+000 1.945166485e+000 
1.138795039e+000 1.956763144e+000 
1.318856137e+000 1.996011415e+000 
1.280909902e+000 1.992283564e+000 
1.161318160e+000 1.966160619e+000 
1.289964384e+000 1.993452674e+000 
1.132473928e+000 1.954831375e+000 
1.100209092e+000 1.936484110e+000 
1.108750925e+000 1.940958869e+000 
1.120443412e+000 1.948577925e+000 
1.276112935e+000 1.991300974e+000 
1.242142411e+000 1.986712054e+000 
1.119420732e+000 1.947730104e+000 
1.097609966e+000 1.934749071e+000 
1.119620540e+000 1.947970108e+000 
1.255921381e+000 1.988961246e+000 
1.254769404e+000 1.988791164e+000 
1.156976422e+000 1.964455542e+000 
1.097588216e+000 1.933881555e+000 
1.116204451e+000 1.945628680e+000 
1.117922088e+000 1.947005092e+000 
1.169752969e+000 1.969301155e+000 
1.136758133e+000 1.955996979e+000 
1.105806311e+000 1.939031942e+000 
1.101356019e+000 1.937265979e+000 
1.129980353e+000 1.953246488e+000 
1.141579387e+000 1.958078364e+000 
1.399011220e+000 1.998782295e+000 
1.113779565e+000 1.943922706e+000 
1.415558500e+000 1.999065484e+000 
1.136260003e+000 1.955605467e+000 
1.130612617e+000 1.953560580e+000 
1.274469282e+000 1.991129339e+000 
1.398922724e+000 1.998697945e+000 
1.508084574e+000 1.999864455e+000 
1.137910110e+000 1.956554418e+000 
1.315432761e+000 1.995346732e+000 
1.099905419e+000 1.936116923e+000 
1.106435479e+000 1.939439891e+000 
1.139244362e+000 1.957700526e+000 
1.104684558e+000 1.938717780e+000 
1.404713009e+000 1.998824640e+000 
1.277580059e+000 1.991877080e+000 
1.105818739e+000 1.939117088e+000 
1.366682433e+000 1.997986853e+000 
1.092759540e+000 1.931905351e+000 
1.297906014e+000 1.994394992e+000 
1.251452175e+000 1.988174620e+000 
1.269741104e+000 1.991052821e+000 
1.371328079e+000 1.998132873e+000 
1.136060195e+000 1.955360611e+000 
1.279785962e+000 1.992117788e+000 
1.115523302e+000 1.945143262e+000 
1.087843619e+000 1.928222471e+000 
1.290840442e+000 1.993648814e+000 
1.373487399e+000 1.998334027e+000 
1.444126194e+000 1.999521590e+000 
1.321313890e+000 1.996277220e+000 
1.319931892e+000 1.996043277e+000 
1.094076161e+000 1.932129227e+000 
1.396003207e+000 1.998688742e+000 
1.337041953e+000 1.996769126e+000 
1.295795226e+000 1.994126233e+000 
1.210135557e+000 1.980602462e+000 
1.294730626e+000 1.993673676e+000 
1.329138787e+000 1.996535183e+000 
1.295230356e+000 1.993967011e+000 
1.428236424e+000 1.999476279e+000 
1.312699741e+000 1.995273290e+000 
1.287276158e+000 1.992762353e+000 
1.380873393e+000 1.998574977e+000 
1.368352306e+000 1.998031423e+000 
1.234374208e+000 1.985390859e+000 
1.276080813e+000 1.991211598e+000 
1.229176937e+000 1.984457331e+000 
1.215635689e+000 1.981472251e+000 
1.311085444e+000 1.995117056e+000 
1.156682784e+000 1.963686825e+000 
1.238050732e+000 1.986167260e+000 
1.309488205e+000 1.994957464e+000 
1.505999104e+000 1.999862416e+000 
1.353840875e+000 1.997420228e+000 
1.493600361e+000 1.999853059e+000 
1.511963380e+000 2.000000000e+000 
1.191515685e+000 1.976572910e+000 
1.198009473e+000 1.978668510e+000 
1.206917742e+000 1.979781088e+000 
1.197482975e+000 1.978001171e+000 
1.161975827e+000 1.966303713e+000 
1.310116635e+000 1.995096441e+000 
1.191217645e+000 1.976343646e+000 
1.193392302e+000 1.977122563e+000 
1.253812387e+000 1.988413066e+000 
1.262151620e+000 1.989847267e+000 
1.202251563e+000 1.979473181e+000 
1.198839879e+000 1.978921841e+000 
1.148633372e+000 1.960751117e+000 
1.187282771e+000 1.975251767e+000 
1.192730348e+000 1.977051045e+000 
1.188077434e+000 1.975338434e+000 
1.183000097e+000 1.973717212e+000 
1.281227397e+000 1.992568138e+000 
1.263508525e+000 1.990045289e+000 
1.146856860e+000 1.959623838e+000 
1.149817364e+000 1.961631137e+000 
1.259660231e+000 1.989553893e+000 
1.152447072e+000 1.962044235e+000 
1.355818453e+000 1.997532168e+000 
1.341063610e+000 1.996770809e+000 
1.186354955e+000 1.975072575e+000 
1.159437296e+000 1.965109928e+000 
1.357140923e+000 1.997821517e+000 
1.151487397e+000 1.961778319e+000 
1.173294148e+000 1.970337614e+000 
1.171585233e+000 1.970168868e+000 
1.168742447e+000 1.968977985e+000 
1.165438066e+000 1.967437868e+000 
1.158671922e+000 1.964509319e+000 
1.360543064e+000 1.997882141e+000 
1.154899782e+000 1.963199161e+000 
1.223804111e+000 1.983467638e+000 
1.349325330e+000 1.997375976e+000 
1.244431342e+000 1.987356814e+000 
1.177377222e+000 1.971769633e+000 
1.257658463e+000 1.988968303e+000 
1.350922569e+000 1.997390235e+000 
1.177079182e+000 1.971292965e+000 
1.181672986e+000 1.973007174e+000 
1.245113302e+000 1.987673540e+000 
1.458366347e+000 1.999636262e+000 
1.275600280e+000 1.991191321e+000 
1.248172594e+000 1.987927454e+000 
1.234434927e+000 1.985990521e+000 
1.349287843e+000 1.997341263e+000 
1.239509693e+000 1.986315883e+000 
1.226160353e+000 1.983981603e+000 
1.449999288e+000 1.999541781e+000 
1.240189457e+000 1.986580652e+000 
1.424993453e+000 1.999181475e+000 
1.229724410e+000 1.984897633e+000 
1.220334453e+000 1.982711458e+000 
1.224219755e+000 1.983499921e+000 
1.418690620e+000 1.999065758e+000 
1.501093739e+000 1.999855321e+000 
1.418881508e+000 1.999125900e+000 
1.208958156e+000 1.980568583e+000 
1.419404484e+000 1.999140658e+000 
1.372618987e+000 1.998163484e+000 
1.220740443e+000 1.982815156e+000 
1.366429323e+000 1.997947711e+000 
1.209242897e+000 1.980576598e+000 
1.481523981e+000 1.999804233e+000 
1.227713610e+000 1.984287091e+000 
1.484455421e+000 1.999828461e+000 
1.408641908e+000 1.998863757e+000 
1.467439897e+000 1.999687386e+000 
1.479953817e+000 1.999704201e+000 
1.378550587e+000 1.998477985e+000 
1.364733427e+000 1.997919860e+000 

