1.020932935e+000 1.154441297e+000 
1.021040641e+000 1.154855425e+000 
1.019813574e+000 1.152603905e+000 
1.020203378e+000 1.153412164e+000 
1.020524627e+000 1.154031160e+000 
1.000642500e+000 1.000549259e+000 
1.000660966e+000 1.000550585e+000 
1.013011020e+000 1.041335538e+000 
1.012937540e+000 1.041285398e+000 
1.017816396e+000 1.045516644e+000 
1.014940511e+000 1.043245325e+000 
1.015434895e+000 1.043679771e+000 
1.017080981e+000 1.044987370e+000 
1.017368812e+000 1.045179603e+000 
1.018920406e+000 1.046241504e+000 
1.013353996e+000 1.041719934e+000 
1.015102305e+000 1.043290719e+000 
1.016524964e+000 1.044556556e+000 
1.017977469e+000 1.045624600e+000 
1.012466484e+000 1.040010470e+000 
1.014591047e+000 1.043056723e+000 
1.012732798e+000 1.040942463e+000 
1.012851322e+000 1.040953739e+000 
1.012961459e+000 1.041329323e+000 
1.016231062e+000 1.044364943e+000 
1.014039854e+000 1.042319114e+000 
1.017673716e+000 1.045288115e+000 
1.012370045e+000 1.039191236e+000 
1.014667184e+000 1.043089167e+000 
1.012618539e+000 1.040572915e+000 
1.013399918e+000 1.041887708e+000 
1.013656120e+000 1.041909587e+000 
1.014098189e+000 1.042450198e+000 
1.003458673e+000 1.005227842e+000 
1.003666260e+000 1.005310651e+000 
1.003677799e+000 1.005310872e+000 
1.003389867e+000 1.005188567e+000 
1.003575837e+000 1.005271119e+000 
1.023653360e+000 1.427363827e+000 
1.026374489e+000 1.431170094e+000 
1.021796308e+000 1.424614458e+000 
1.025111968e+000 1.429605398e+000 
1.022859004e+000 1.426225836e+000 
1.023464635e+000 1.427068461e+000 
1.025790246e+000 1.430384301e+000 
1.025446056e+000 1.429744088e+000 
1.026854448e+000 1.431789942e+000 
1.022383915e+000 1.425571976e+000 
1.021361310e+000 1.423587768e+000 
1.024506105e+000 1.428565491e+000 
1.024158320e+000 1.428308047e+000 
1.021410155e+000 1.423735944e+000 
1.021678331e+000 1.424517030e+000 
1.023446264e+000 1.427052505e+000 
1.024619565e+000 1.428663589e+000 
1.025650888e+000 1.430048272e+000 
1.021062917e+000 1.422861749e+000 
1.021646132e+000 1.424277782e+000 
1.022717757e+000 1.425959481e+000 
1.023875546e+000 1.427559993e+000 
1.025996552e+000 1.430404429e+000 
1.019468367e+000 1.104050231e+000 
1.019033854e+000 1.103499422e+000 
1.019199536e+000 1.103638733e+000 
1.003070325e+000 1.004331159e+000 
1.003317819e+000 1.004425385e+000 
1.003164779e+000 1.004346983e+000 
1.003041112e+000 1.004172030e+000 
1.003223280e+000 1.004409770e+000 
1.003194280e+000 1.004347074e+000 
1.009040184e+000 1.021241589e+000 
1.008602735e+000 1.020856932e+000 
1.008840642e+000 1.021200266e+000 
1.008164379e+000 1.020281520e+000 
1.009368225e+000 1.021554308e+000 
1.008829910e+000 1.020983943e+000 
1.008963507e+000 1.021239429e+000 
1.008354468e+000 1.020547059e+000 
1.010068703e+000 1.022113818e+000 
1.009505383e+000 1.021809664e+000 
1.009816473e+000 1.022050537e+000 
1.011828592e+000 1.023136356e+000 
1.010266926e+000 1.022355894e+000 
1.011507642e+000 1.023032656e+000 
1.011666044e+000 1.023080370e+000 
1.012062157e+000 1.023340486e+000 
1.012256601e+000 1.023399999e+000 
1.011179592e+000 1.022811332e+000 
1.010012403e+000 1.022108010e+000 
1.009437728e+000 1.021774987e+000 
1.008356086e+000 1.020827399e+000 
1.010796676e+000 1.022509465e+000 
1.006946273e+000 1.012405643e+000 
1.007613813e+000 1.012705835e+000 
1.003907674e+000 1.010798734e+000 
1.007130912e+000 1.012547435e+000 
1.005401503e+000 1.011840004e+000 
1.007593767e+000 1.012587881e+000 
1.004689409e+000 1.011472669e+000 
1.004215917e+000 1.011122617e+000 
1.006357402e+000 1.012190762e+000 
1.004408179e+000 1.011272567e+000 
1.003683873e+000 1.010617125e+000 
1.004282158e+000 1.011123535e+000 
1.007496918e+000 1.012587356e+000 
1.004950613e+000 1.011508720e+000 
1.005706730e+000 1.012001643e+000 
1.004449212e+000 1.011291642e+000 
1.007784855e+000 1.012710622e+000 
1.005787843e+000 1.012006327e+000 
1.006548521e+000 1.012360357e+000 
1.004990215e+000 1.011654301e+000 
1.005895117e+000 1.012026320e+000 
1.005662707e+000 1.011876055e+000 
1.003809893e+000 1.010766157e+000 
1.004033695e+000 1.010947766e+000 
1.006049047e+000 1.012042379e+000 
1.006521253e+000 1.012220884e+000 
1.003967454e+000 1.010946848e+000 
1.004341938e+000 1.011271649e+000 
1.004184378e+000 1.011090958e+000 
1.005912499e+000 1.012033144e+000 
1.002165835e+000 1.002230858e+000 
1.002121480e+000 1.002224095e+000 
1.001714667e+000 1.002132652e+000 
1.001432064e+000 1.002076462e+000 
1.001584710e+000 1.002109879e+000 
1.002066860e+000 1.002196998e+000 
1.002588375e+000 1.002293869e+000 
1.001253339e+000 1.002029531e+000 
1.001871876e+000 1.002159811e+000 
1.001559873e+000 1.002104141e+000 
1.001826536e+000 1.002156811e+000 
1.001298679e+000 1.002032531e+000 
1.001629065e+000 1.002116643e+000 
1.001383297e+000 1.002052303e+000 
1.001310802e+000 1.002036294e+000 
1.002866945e+000 1.002333486e+000 
1.002458595e+000 1.002259387e+000 
1.001674405e+000 1.002119643e+000 
1.001604229e+000 1.002110904e+000 
1.001734186e+000 1.002133676e+000 
1.002718461e+000 1.002293880e+000 
1.001240570e+000 1.001972217e+000 
1.003020845e+000 1.002336343e+000 
1.002397321e+000 1.002257155e+000 
1.002428452e+000 1.002258183e+000 
1.002829264e+000 1.002332648e+000 
1.000807350e+000 1.000789305e+000 
1.001045793e+000 1.000835666e+000 
1.001166451e+000 1.000852117e+000 
1.000993673e+000 1.000820960e+000 
1.001011438e+000 1.000833957e+000 
1.000825639e+000 1.000819194e+000 
1.000991840e+000 1.000819559e+000 
1.000959318e+000 1.000819251e+000 
1.000707764e+000 1.000761454e+000 
1.000999666e+000 1.000833780e+000 
1.000747593e+000 1.000774967e+000 
1.001108551e+000 1.000850056e+000 
1.000762667e+000 1.000788205e+000 
1.001097869e+000 1.000836285e+000 
1.001154679e+000 1.000851943e+000 
1.001102559e+000 1.000837236e+000 
1.000803341e+000 1.000788445e+000 
1.129352531e+000 1.958158209e+000 
1.028361538e+000 1.900963752e+000 
1.027756765e+000 1.900028749e+000 
1.045252805e+000 1.920524383e+000 
1.067980311e+000 1.936989117e+000 
1.074698231e+000 1.940108894e+000 
1.112444237e+000 1.954225422e+000 
1.032260016e+000 1.906444285e+000 
1.064272787e+000 1.934744073e+000 
1.030322271e+000 1.903748009e+000 
1.030012297e+000 1.903379400e+000 
1.029059350e+000 1.902045770e+000 
1.031741286e+000 1.905557018e+000 
1.038545099e+000 1.913847672e+000 
1.080895621e+000 1.943261968e+000 
1.029784996e+000 1.902920519e+000 
1.167152950e+000 1.965240648e+000 
1.140382286e+000 1.960539732e+000 
1.153693793e+000 1.962982033e+000 
1.036215323e+000 1.910966079e+000 
1.070295156e+000 1.938171473e+000 
1.081758039e+000 1.943532736e+000 
1.049750836e+000 1.924195671e+000 
1.053574671e+000 1.927207765e+000 
1.076246994e+000 1.940881646e+000 
1.076873604e+000 1.941269849e+000 
1.083271744e+000 1.944292651e+000 
1.028557220e+000 1.901142591e+000 
1.028621966e+000 1.901487129e+000 
1.058152535e+000 1.930399773e+000 
1.097402436e+000 1.949734547e+000 
1.140692228e+000 1.960757939e+000 
1.166394424e+000 1.965131946e+000 
1.199788866e+000 1.969999874e+000 
1.031842012e+000 1.905569501e+000 
1.031350236e+000 1.905069370e+000 
1.037558183e+000 1.912714936e+000 
1.060992700e+000 1.932427071e+000 
1.101950077e+000 1.951225021e+000 
1.030509395e+000 1.903852737e+000 
1.170340745e+000 1.965966199e+000 
1.085867711e+000 1.945274746e+000 
1.114519473e+000 1.954811665e+000 
1.168479015e+000 1.965655658e+000 
1.059626777e+000 1.931768832e+000 
1.069229970e+000 1.937801681e+000 
1.142403247e+000 1.960854665e+000 
1.148240905e+000 1.961890544e+000 
1.122053091e+000 1.956626413e+000 
1.074352873e+000 1.940008312e+000 
1.037044617e+000 1.912068236e+000 
1.117936553e+000 1.955536581e+000 
1.029002158e+000 1.901685060e+000 
1.074085278e+000 1.939901698e+000 
1.071716095e+000 1.938911237e+000 
1.079903175e+000 1.942765502e+000 
1.184931926e+000 1.967844971e+000 
1.068947637e+000 1.937225567e+000 
1.050952409e+000 1.925010096e+000 
1.105151903e+000 1.952210129e+000 
1.142663419e+000 1.960860860e+000 
1.164080989e+000 1.964769030e+000 
1.049959169e+000 1.924440671e+000 
1.085164958e+000 1.944987555e+000 
1.162465002e+000 1.964285234e+000 
1.062124899e+000 1.933046127e+000 
1.086323125e+000 1.945436660e+000 
1.044284851e+000 1.919633221e+000 
1.097686520e+000 1.949904609e+000 
1.051537930e+000 1.925600910e+000 
1.209350348e+000 1.971177414e+000 
1.058859506e+000 1.930999546e+000 
1.027485603e+000 1.898595710e+000 
1.048134596e+000 1.922918123e+000 
1.055100985e+000 1.928373997e+000 
1.065431152e+000 1.935502913e+000 
1.092856590e+000 1.947976835e+000 
1.057414894e+000 1.929839827e+000 
1.056758045e+000 1.929493355e+000 
1.115017033e+000 1.954924486e+000 
1.107002852e+000 1.952849243e+000 
1.146697040e+000 1.961520445e+000 
1.082786290e+000 1.944009957e+000 
1.037898444e+000 1.913111212e+000 
1.105255010e+000 1.952216969e+000 
1.109403814e+000 1.953561358e+000 
1.040003472e+000 1.915339280e+000 
1.151868876e+000 1.962285142e+000 
1.085336565e+000 1.945212477e+000 
1.081880522e+000 1.943555658e+000 
1.083787801e+000 1.944467627e+000 
1.041679249e+000 1.917175851e+000 
1.052999133e+000 1.926777168e+000 
1.146799300e+000 1.961634584e+000 
1.185631002e+000 1.967983088e+000 
1.040101592e+000 1.915561967e+000 
1.037796366e+000 1.912983026e+000 
1.036050426e+000 1.910861846e+000 
1.048025392e+000 1.922814422e+000 
1.031394477e+000 1.905170201e+000 
1.084046455e+000 1.944542691e+000 
1.034322837e+000 1.908917263e+000 
1.030913791e+000 1.904463453e+000 
1.128865896e+000 1.958095000e+000 
1.196750740e+000 1.969503299e+000 
1.038279404e+000 1.913541067e+000 
1.035620447e+000 1.910490850e+000 
1.051228600e+000 1.925502381e+000 
1.034035690e+000 1.908594927e+000 
1.054614298e+000 1.927955672e+000 
1.033280200e+000 1.907661417e+000 
1.041178712e+000 1.916582896e+000 
1.045638360e+000 1.920799067e+000 
1.039539527e+000 1.914756833e+000 
1.188176735e+000 1.968420027e+000 
1.054691829e+000 1.927975059e+000 
1.034101148e+000 1.908764442e+000 
1.118236870e+000 1.955692317e+000 
1.052560091e+000 1.926331059e+000 
1.112687216e+000 1.954241114e+000 
1.056084397e+000 1.929047819e+000 
1.136730771e+000 1.959753580e+000 
1.039376740e+000 1.914665245e+000 
1.061986156e+000 1.933015322e+000 
1.036121425e+000 1.910948313e+000 
1.113180764e+000 1.954396001e+000 
1.211090171e+000 1.971363205e+000 
1.079004701e+000 1.942179298e+000 
1.098384731e+000 1.949996179e+000 
1.084462838e+000 1.944725340e+000 
1.056325008e+000 1.929249918e+000 
1.195306731e+000 1.969170870e+000 
1.055992792e+000 1.929012644e+000 
1.198418522e+000 1.969692962e+000 
1.134824918e+000 1.959327650e+000 
1.201322115e+000 1.970074586e+000 
1.104388131e+000 1.951964959e+000 
1.215272561e+000 1.971489222e+000 
1.124961021e+000 1.957227933e+000 
1.207914387e+000 1.970911367e+000 
1.205737935e+000 1.970632209e+000 
1.094827381e+000 1.948866390e+000 
1.062223692e+000 1.933094531e+000 
1.043001524e+000 1.918511688e+000 
1.046913639e+000 1.921820527e+000 
1.093732925e+000 1.948431471e+000 
1.089899721e+000 1.947018364e+000 
1.095138658e+000 1.948880811e+000 
1.101496314e+000 1.950998076e+000 
1.108326182e+000 1.953054006e+000 
1.112636619e+000 1.954236419e+000 
1.091989665e+000 1.947837193e+000 
1.042775473e+000 1.918237835e+000 
1.112302603e+000 1.954100095e+000 
1.055639924e+000 1.928778865e+000 
1.111709136e+000 1.954098168e+000 
1.044177427e+000 1.919480886e+000 
1.041928581e+000 1.917463038e+000 
1.130037169e+000 1.958276556e+000 
1.041551273e+000 1.916992344e+000 
1.166704301e+000 1.965212408e+000 
1.062264013e+000 1.933152574e+000 
1.055884753e+000 1.928886611e+000 
1.091162114e+000 1.947345073e+000 
1.181039057e+000 1.967401149e+000 
1.044692376e+000 1.920008084e+000 
1.052965864e+000 1.926751386e+000 
1.086771028e+000 1.945569013e+000 
1.130684749e+000 1.958733909e+000 
1.046267174e+000 1.921332161e+000 
1.079430536e+000 1.942483514e+000 
1.056952115e+000 1.929544430e+000 
1.071507067e+000 1.938440166e+000 
1.167745943e+000 1.965340264e+000 
1.077349126e+000 1.941411490e+000 
1.192055539e+000 1.968720586e+000 
1.060723733e+000 1.932157293e+000 
1.169991939e+000 1.965846628e+000 
1.138112636e+000 1.960132643e+000 
1.199019496e+000 1.969776879e+000 
1.137302609e+000 1.959847050e+000 
1.193236369e+000 1.968799064e+000 
1.172976361e+000 1.966262144e+000 
1.140176892e+000 1.960460673e+000 
1.176708345e+000 1.966750182e+000 
1.144916854e+000 1.961373649e+000 
1.172571211e+000 1.966158921e+000 
1.149406310e+000 1.961989719e+000 
1.027441760e+000 1.620137115e+000 
1.026965824e+000 1.619546848e+000 
1.000464015e+000 1.000005136e+000 
1.000253222e+000 1.000002737e+000 
1.000063844e+000 1.000000888e+000 
1.000334320e+000 1.000003655e+000 
1.000000000e+000 1.000000000e+000 
1.000215445e+000 1.000002627e+000 
1.000109055e+000 1.000001694e+000 
1.000399619e+000 1.000004439e+000 
1.000590847e+000 1.000006347e+000 
1.000372874e+000 1.000004417e+000 
1.736079165e+000 2.000000000e+000 
1.732076297e+000 1.999985427e+000 
1.215818787e+000 1.971594212e+000 
1.222228278e+000 1.972789721e+000 
1.235762979e+000 1.974825095e+000 
1.217474861e+000 1.971687876e+000 
1.442642386e+000 1.992637700e+000 
1.231648016e+000 1.974182038e+000 
1.391684386e+000 1.989793192e+000 
1.225848104e+000 1.973544617e+000 
1.225676253e+000 1.973343269e+000 
1.228626550e+000 1.973841837e+000 
1.232269658e+000 1.974315638e+000 
1.257864405e+000 1.977548850e+000 
1.438139200e+000 1.992482009e+000 
1.237660566e+000 1.975180137e+000 
1.373228251e+000 1.988707803e+000 
1.227222029e+000 1.973683562e+000 
1.317967700e+000 1.984085069e+000 
1.724645646e+000 1.999842461e+000 
1.727020687e+000 1.999928267e+000 
1.374587648e+000 1.988864891e+000 
1.338010909e+000 1.986054998e+000 
1.342036498e+000 1.986307170e+000 
1.332669697e+000 1.985471779e+000 
1.725064621e+000 1.999851660e+000 
1.720293471e+000 1.999831605e+000 
1.340087155e+000 1.986206212e+000 
1.327610371e+000 1.985034105e+000 
1.248421766e+000 1.976567919e+000 
1.255725815e+000 1.977418836e+000 
1.361511340e+000 1.987686920e+000 
1.247605932e+000 1.976508660e+000 
1.257962609e+000 1.977729195e+000 
1.364743632e+000 1.988175052e+000 
1.327081114e+000 1.984852163e+000 
1.272235165e+000 1.979588514e+000 
1.278778100e+000 1.980447370e+000 
1.258419346e+000 1.977873195e+000 
1.324395146e+000 1.984818176e+000 
1.327410834e+000 1.984922308e+000 
1.241740868e+000 1.975514382e+000 
1.243712068e+000 1.976109123e+000 
1.291046996e+000 1.981534168e+000 
1.274917152e+000 1.979966459e+000 
1.276399546e+000 1.980253988e+000 
1.286766242e+000 1.981102681e+000 
1.271669484e+000 1.979569600e+000 
1.359884369e+000 1.987573184e+000 
1.286728912e+000 1.981090642e+000 
1.260951702e+000 1.978274732e+000 
1.304355484e+000 1.982981152e+000 
1.284027815e+000 1.980999312e+000 
1.277703386e+000 1.980342364e+000 
1.266069276e+000 1.978896467e+000 
1.264342330e+000 1.978823733e+000 
1.267877442e+000 1.979334721e+000 
1.252192762e+000 1.977179792e+000 
1.218706171e+000 1.972020709e+000 
1.215757406e+000 1.971548505e+000 
1.306611201e+000 1.983030168e+000 
1.217551537e+000 1.971786521e+000 
1.236072846e+000 1.974872530e+000 
1.237508616e+000 1.974982746e+000 
1.232417634e+000 1.974617194e+000 
1.293386778e+000 1.981877261e+000 
1.294237029e+000 1.981956334e+000 
1.330000262e+000 1.985222900e+000 
1.331151983e+000 1.985396849e+000 
1.291121066e+000 1.981569418e+000 
1.312234593e+000 1.983621617e+000 
1.315795430e+000 1.983969739e+000 
1.718905496e+000 1.999795156e+000 
1.273322671e+000 1.979819140e+000 
1.242049343e+000 1.975541261e+000 
1.287449895e+000 1.981322785e+000 
1.222689704e+000 1.972827180e+000 
1.300726365e+000 1.982636958e+000 
1.591681896e+000 1.998055557e+000 
1.302612996e+000 1.982754573e+000 
1.301911803e+000 1.982727608e+000 
1.717199465e+000 1.999782349e+000 
1.708253784e+000 1.999756953e+000 
1.708056800e+000 1.999755968e+000 
1.709673076e+000 1.999772559e+000 
1.703778335e+000 1.999747962e+000 
1.701782993e+000 1.999735927e+000 
1.310393557e+000 1.983451041e+000 
1.696212904e+000 1.999673623e+000 
1.308434287e+000 1.983309739e+000 
1.319442976e+000 1.984323799e+000 
1.313759808e+000 1.983915992e+000 
1.315609141e+000 1.983940521e+000 
1.345814535e+000 1.986467591e+000 
1.684751042e+000 1.999491619e+000 
1.351873943e+000 1.987246426e+000 
1.318733305e+000 1.984266157e+000 
1.687291398e+000 1.999517705e+000 
1.679124965e+000 1.999466942e+000 
1.674235530e+000 1.999425495e+000 
1.349001773e+000 1.986932058e+000 
1.347431720e+000 1.986862619e+000 
1.674768617e+000 1.999432627e+000 
1.675208590e+000 1.999450261e+000 
1.334172098e+000 1.985514493e+000 
1.674248115e+000 1.999428487e+000 
1.665081536e+000 1.999387713e+000 
1.659354254e+000 1.999255474e+000 
1.643831294e+000 1.999001166e+000 
1.650830998e+000 1.999075488e+000 
1.517776613e+000 1.996258770e+000 
1.646007683e+000 1.999061223e+000 
1.603067042e+000 1.998371211e+000 
1.407188614e+000 1.991175533e+000 
1.653657911e+000 1.999218842e+000 
1.638158019e+000 1.998851078e+000 
1.409304775e+000 1.991372096e+000 
1.623104273e+000 1.998767483e+000 
1.403331911e+000 1.991039936e+000 
1.592570975e+000 1.998104585e+000 
1.606713931e+000 1.998562898e+000 
1.650633064e+000 1.999073823e+000 
1.380569257e+000 1.989406667e+000 
1.362704863e+000 1.987886605e+000 
1.368534213e+000 1.988408046e+000 
1.410522344e+000 1.991436150e+000 
1.599277406e+000 1.998341504e+000 
1.385524495e+000 1.989650172e+000 
1.386205777e+000 1.989710786e+000 
1.593511414e+000 1.998134002e+000 
1.394862878e+000 1.990559736e+000 
1.479779491e+000 1.994887289e+000 
1.629279811e+000 1.998797170e+000 
1.357209583e+000 1.987486383e+000 
1.406801430e+000 1.991156117e+000 
1.512827835e+000 1.996117495e+000 
1.638575022e+000 1.998898411e+000 
1.392913406e+000 1.990340748e+000 
1.376297054e+000 1.989090459e+000 
1.395601323e+000 1.990565538e+000 
1.480982745e+000 1.994980921e+000 
1.398742756e+000 1.990862189e+000 
1.629826450e+000 1.998850913e+000 
1.627243227e+000 1.998780120e+000 
1.623948115e+000 1.998774976e+000 
1.609563808e+000 1.998701727e+000 
1.616975723e+000 1.998726112e+000 
1.405476394e+000 1.991091323e+000 
1.595418923e+000 1.998285556e+000 
1.606377415e+000 1.998492377e+000 
1.558525231e+000 1.997470408e+000 
1.553456956e+000 1.997314933e+000 
1.557616204e+000 1.997446107e+000 
1.576228709e+000 1.997744585e+000 
1.577889965e+000 1.997780316e+000 
1.578974614e+000 1.997940512e+000 
1.545499761e+000 1.997052764e+000 
1.608207515e+000 1.998604508e+000 
1.524415464e+000 1.996420063e+000 
1.524003697e+000 1.996353340e+000 
1.564623143e+000 1.997505084e+000 
1.479732473e+000 1.994854352e+000 
1.532769357e+000 1.996556254e+000 
1.556390264e+000 1.997379370e+000 
1.554873656e+000 1.997373711e+000 
1.543363231e+000 1.996941820e+000 
1.590276119e+000 1.998029847e+000 
1.480391836e+000 1.994901823e+000 
1.590800347e+000 1.998048040e+000 
1.475502843e+000 1.994729346e+000 
1.484660556e+000 1.995102072e+000 
1.488356250e+000 1.995332742e+000 
1.447170709e+000 1.993486161e+000 
1.467742638e+000 1.994340731e+000 
1.459980057e+000 1.994107708e+000 
1.444127047e+000 1.993327260e+000 
1.551777805e+000 1.997230153e+000 
1.469912008e+000 1.994498174e+000 
1.595314608e+000 1.998135422e+000 
1.494738502e+000 1.995509991e+000 
1.499365595e+000 1.995699375e+000 
1.507071614e+000 1.995950408e+000 
1.497109397e+000 1.995590387e+000 
1.503438787e+000 1.995802760e+000 
1.537284791e+000 1.996790996e+000 
1.452309067e+000 1.993767811e+000 
1.450312821e+000 1.993635789e+000 
1.422374560e+000 1.992122031e+000 
1.419212070e+000 1.992034434e+000 
1.497080224e+000 1.995545335e+000 
1.418483759e+000 1.991865232e+000 
1.453159439e+000 1.993787967e+000 
1.425764585e+000 1.992415435e+000 
1.501824760e+000 1.995760107e+000 
1.463050847e+000 1.994117766e+000 
1.424916292e+000 1.992337616e+000 
1.423012216e+000 1.992256221e+000 
1.568860208e+000 1.997584233e+000 
1.468076564e+000 1.994403201e+000 
1.463355633e+000 1.994146527e+000 
1.418965092e+000 1.991868735e+000 
1.454215215e+000 1.993798545e+000 
1.571782105e+000 1.997619821e+000 
1.447047818e+000 1.993374976e+000 
1.539094393e+000 1.996804874e+000 
1.533102544e+000 1.996585686e+000 
1.541372081e+000 1.996819067e+000 
1.575687447e+000 1.997742833e+000 

