1.016832435e+000 1.942831020e+000 
1.021663713e+000 1.946765337e+000 
1.085174821e+000 1.973055329e+000 
1.001868029e+000 1.927300017e+000 
1.037985964e+000 1.954816037e+000 
1.022540102e+000 1.946927754e+000 
1.045391680e+000 1.958277241e+000 
1.017338580e+000 1.943527230e+000 
1.111413883e+000 1.978090561e+000 
1.012856281e+000 1.940043104e+000 
1.015793391e+000 1.942116966e+000 
1.009393782e+000 1.937009077e+000 
1.011389074e+000 1.938531923e+000 
1.049991327e+000 1.960096899e+000 
1.018752331e+000 1.944660046e+000 
1.044121579e+000 1.957800471e+000 
1.016886305e+000 1.943484294e+000 
1.026926394e+000 1.949486895e+000 
1.033283446e+000 1.952614660e+000 
1.028973474e+000 1.950338712e+000 
1.009193307e+000 1.936253368e+000 
1.110905418e+000 1.977777031e+000 
1.025973684e+000 1.949041193e+000 
1.064514918e+000 1.965702137e+000 
1.015181245e+000 1.941972547e+000 
1.008671106e+000 1.936188966e+000 
1.037304565e+000 1.954590642e+000 
1.014396839e+000 1.940603786e+000 
1.062405146e+000 1.965231163e+000 
1.014849115e+000 1.941452950e+000 
1.082009637e+000 1.971581314e+000 
1.061683144e+000 1.965098667e+000 
1.019958653e+000 1.945231212e+000 
1.039530117e+000 1.955621850e+000 
1.030495061e+000 1.951416376e+000 
1.044009318e+000 1.957309107e+000 
1.080882626e+000 1.971388238e+000 
1.079703573e+000 1.971128672e+000 
1.016540775e+000 1.942511608e+000 
1.074202233e+000 1.969266800e+000 
1.023981072e+000 1.947862760e+000 
1.076358816e+000 1.969846088e+000 
1.010819091e+000 1.938027016e+000 
1.071507888e+000 1.968697699e+000 
1.002904926e+000 1.929061433e+000 
1.045129358e+000 1.957985586e+000 
1.063888243e+000 1.965541642e+000 
1.006694859e+000 1.934545957e+000 
1.047895177e+000 1.959269067e+000 
1.001706104e+000 1.927098800e+000 
1.002386801e+000 1.929060303e+000 
1.103231187e+000 1.976469629e+000 
1.031236365e+000 1.951597052e+000 
1.011158721e+000 1.938530469e+000 
1.073360295e+000 1.969018980e+000 
1.005507924e+000 1.933035345e+000 
1.004023386e+000 1.930504603e+000 
1.007212983e+000 1.934547087e+000 
1.000761433e+000 1.925272596e+000 
1.020570799e+000 1.945952760e+000 
1.004827874e+000 1.931932191e+000 
1.020000815e+000 1.945421609e+000 
1.015956047e+000 1.942434026e+000 
1.088996532e+000 1.973613393e+000 
1.096604050e+000 1.975302109e+000 
1.028654917e+000 1.950108932e+000 
1.018990185e+000 1.944660607e+000 
1.077559448e+000 1.971028336e+000 
1.003660910e+000 1.930504587e+000 
1.011868767e+000 1.939431336e+000 
1.049622719e+000 1.959987305e+000 
1.091399209e+000 1.973898492e+000 
1.030732914e+000 1.951416837e+000 
1.072080403e+000 1.968966264e+000 
1.030012687e+000 1.950416943e+000 
1.013282518e+000 1.940329245e+000 
1.086415083e+000 1.973188045e+000 
1.082664177e+000 1.972317356e+000 
1.034380920e+000 1.953376132e+000 
1.094215086e+000 1.974487882e+000 
1.046469225e+000 1.958772024e+000 
1.057463396e+000 1.963117951e+000 
1.018000547e+000 1.943826905e+000 
1.055515357e+000 1.962608478e+000 
1.036582563e+000 1.954458147e+000 
1.060170325e+000 1.964542045e+000 
1.093656214e+000 1.974235099e+000 
1.017124158e+000 1.943484856e+000 
1.082426324e+000 1.972316951e+000 
1.001093958e+000 1.926309765e+000 
1.056741394e+000 1.962985456e+000 
1.027268785e+000 1.949582812e+000 
1.018182348e+000 1.944128946e+000 
1.010882578e+000 1.938267839e+000 
1.066130918e+000 1.966631385e+000 
1.035808525e+000 1.953727401e+000 
1.003505261e+000 1.930503473e+000 
1.010749175e+000 1.937943649e+000 
1.019548540e+000 1.944903187e+000 
1.070785886e+000 1.968565163e+000 
1.022958813e+000 1.947225504e+000 
1.010613594e+000 1.937700506e+000 
1.109054046e+000 1.977767997e+000 
1.051590466e+000 1.961051343e+000 
1.021093000e+000 1.945959589e+000 
1.081373362e+000 1.971451508e+000 
1.075580006e+000 1.969454834e+000 
1.038202630e+000 1.954997100e+000 
1.015419098e+000 1.941973108e+000 
1.077301244e+000 1.971027701e+000 
1.086736296e+000 1.973365640e+000 
1.000331941e+000 1.924776212e+000 
1.096168790e+000 1.974977645e+000 
1.080842205e+000 1.971214709e+000 
1.090498121e+000 1.973757593e+000 
1.039321823e+000 1.955260237e+000 
1.059224079e+000 1.963470590e+000 
1.076579242e+000 1.970895165e+000 
1.000656428e+000 1.925136624e+000 
1.082948525e+000 1.972322249e+000 
1.001034326e+000 1.926085502e+000 
1.052864808e+000 1.961232421e+000 
1.014504600e+000 1.940654646e+000 
1.014341838e+000 1.940598413e+000 
1.052312468e+000 1.961183838e+000 
1.086205138e+000 1.973128840e+000 
1.066356960e+000 1.966763358e+000 
1.097565284e+000 1.975536701e+000 
1.055741399e+000 1.962740437e+000 
1.013929420e+000 1.940528833e+000 
1.022777955e+000 1.946928215e+000 
1.003172735e+000 1.929347713e+000 
1.009711432e+000 1.937652762e+000 
1.020249962e+000 1.945610002e+000 
1.070429078e+000 1.967520396e+000 
1.006142171e+000 1.933367612e+000 
1.099883108e+000 1.975587193e+000 
1.012200897e+000 1.939950883e+000 
1.004797457e+000 1.931376277e+000 
1.056060509e+000 1.962742288e+000 
1.005769579e+000 1.933156592e+000 
1.102148956e+000 1.976055466e+000 
1.024880770e+000 1.948228610e+000 
1.019859991e+000 1.944937155e+000 
1.054317477e+000 1.962009412e+000 
1.025489939e+000 1.948408612e+000 
1.055019398e+000 1.962607941e+000 
1.060035717e+000 1.964210222e+000 
1.063722918e+000 1.965399491e+000 
1.056496301e+000 1.962772316e+000 
1.035527034e+000 1.953659099e+000 
1.070282256e+000 1.967516116e+000 
1.034288237e+000 1.952738773e+000 
1.042295936e+000 1.956926367e+000 
1.034805032e+000 1.953526603e+000 
1.028136657e+000 1.950108685e+000 
1.065634958e+000 1.966630823e+000 
1.022353842e+000 1.946786287e+000 
1.003445628e+000 1.930160627e+000 
1.033168197e+000 1.952083549e+000 
1.103084261e+000 1.976468614e+000 
1.041351305e+000 1.955925253e+000 
1.004279332e+000 1.931375147e+000 
1.024456657e+000 1.948086626e+000 
1.051183270e+000 1.960454306e+000 
1.029324325e+000 1.950365725e+000 
1.014514878e+000 1.940799102e+000 
1.049420157e+000 1.959900078e+000 
1.025549571e+000 1.948899203e+000 
1.050461268e+000 1.960321811e+000 
1.035925072e+000 1.954181945e+000 
1.101789929e+000 1.976024685e+000 
1.032065955e+000 1.952009703e+000 
1.006415108e+000 1.934082714e+000 
1.039767971e+000 1.955622311e+000 
1.054756216e+000 1.962283540e+000 
1.096457124e+000 1.975301094e+000 
1.067566790e+000 1.967119262e+000 
1.030031005e+000 1.950501619e+000 
1.054092159e+000 1.961940313e+000 
1.040052319e+000 1.955627202e+000 
1.042688496e+000 1.957014048e+000 
1.007464784e+000 1.935620803e+000 
1.007982909e+000 1.935621933e+000 
1.012438751e+000 1.939951444e+000 
1.026425960e+000 1.949061713e+000 
1.004989799e+000 1.933034215e+000 
1.048301172e+000 1.959576804e+000 
1.045809365e+000 1.958474844e+000 
1.042050653e+000 1.956450486e+000 
1.066678310e+000 1.966806831e+000 
1.049988958e+000 1.960086027e+000 
1.009247431e+000 1.936299185e+000 
1.008512610e+000 1.935636750e+000 
1.015564554e+000 1.942076591e+000 
1.028900212e+000 1.950215323e+000 
1.041950851e+000 1.956095533e+000 
1.022115989e+000 1.946785826e+000 
1.027414655e+000 1.949976190e+000 
1.030153915e+000 1.950778376e+000 
1.030375223e+000 1.951121720e+000 
1.003067731e+000 1.929211751e+000 
1.047787315e+000 1.958970723e+000 
1.004117407e+000 1.931173928e+000 
1.000000000e+000 1.011479804e+000 
1.000047016e+000 1.838598936e+000 
1.245008256e+000 1.995072565e+000 
1.132997700e+000 1.981602832e+000 
1.214902164e+000 1.992246152e+000 
1.168972524e+000 1.987353141e+000 
1.061178031e+000 1.964749459e+000 
1.212989094e+000 1.991903567e+000 
1.200230017e+000 1.990495424e+000 
1.095793153e+000 1.974753830e+000 
1.124719916e+000 1.980184879e+000 
1.159909074e+000 1.985866451e+000 
1.334201191e+000 1.999582593e+000 
1.182330606e+000 1.988280427e+000 
1.111072756e+000 1.977971664e+000 
1.118773958e+000 1.979244778e+000 
1.202863428e+000 1.990946021e+000 
1.120336286e+000 1.979744465e+000 
1.128206824e+000 1.981161673e+000 
1.107220872e+000 1.977216462e+000 
1.175508973e+000 1.987623434e+000 
1.311899909e+000 1.999250935e+000 
1.283175471e+000 1.997805922e+000 
1.127708251e+000 1.981157292e+000 
1.125993843e+000 1.980885521e+000 
1.184836652e+000 1.988806376e+000 
1.305768565e+000 1.998696451e+000 
1.390389780e+000 1.999844740e+000 
1.147515143e+000 1.983634563e+000 
1.199056145e+000 1.990471327e+000 
1.163381393e+000 1.986359464e+000 
1.136916189e+000 1.982222042e+000 
1.162554241e+000 1.986193248e+000 
1.329837780e+000 1.999575665e+000 
1.351712682e+000 1.999754086e+000 
1.767868729e+000 1.999997123e+000 
1.137501482e+000 1.982222081e+000 
1.286075153e+000 1.998052017e+000 
1.124236115e+000 1.980107507e+000 
1.106115719e+000 1.976984929e+000 
1.666866217e+000 1.999996577e+000 
1.197678921e+000 1.989987474e+000 
1.132438039e+000 1.981274526e+000 
1.112824887e+000 1.978672398e+000 
1.181704947e+000 1.988261948e+000 
1.126935254e+000 1.981104249e+000 
1.143857109e+000 1.982881400e+000 
1.069888097e+000 1.967390495e+000 
1.308264520e+000 1.999250310e+000 
1.115172872e+000 1.978927893e+000 
1.236061496e+000 1.994318672e+000 
1.276700757e+000 1.997193054e+000 
1.159081922e+000 1.985700235e+000 
1.265946280e+000 1.996723438e+000 
1.184601886e+000 1.988768693e+000 
1.142100590e+000 1.982768000e+000 
1.288469952e+000 1.998154818e+000 
1.658174866e+000 1.999989494e+000 
1.281663665e+000 1.997805218e+000 
1.775344875e+000 2.000000000e+000 
1.333358546e+000 1.999575826e+000 
1.304765224e+000 1.998695988e+000 
1.187784116e+000 1.989022720e+000 
1.104367798e+000 1.976744067e+000 
1.270406213e+000 1.996954097e+000 
1.103871839e+000 1.976743483e+000 
1.206230971e+000 1.991183865e+000 
1.107490063e+000 1.977557500e+000 
1.290557383e+000 1.998166042e+000 
1.158190045e+000 1.985445788e+000 
1.159017197e+000 1.985612004e+000 
1.158398647e+000 1.985594158e+000 
1.262676257e+000 1.996355351e+000 
1.233949395e+000 1.993984671e+000 
1.125931983e+000 1.980282998e+000 
1.191148545e+000 1.989483593e+000 
1.139894841e+000 1.982550055e+000 
1.141975223e+000 1.982711724e+000 
1.140103443e+000 1.982698426e+000 
1.302641822e+000 1.998473895e+000 
1.177934465e+000 1.987891431e+000 
1.135149174e+000 1.982191841e+000 
1.165922928e+000 1.986502137e+000 
1.138750260e+000 1.982509438e+000 
1.232754231e+000 1.993962856e+000 
1.124626434e+000 1.980154411e+000 
1.177070175e+000 1.987851636e+000 
1.148156313e+000 1.984417007e+000 
1.155950497e+000 1.984889835e+000 
1.167232705e+000 1.986793601e+000 
1.153352758e+000 1.984862188e+000 
1.178940296e+000 1.988024160e+000 
1.335240250e+000 1.999588145e+000 
1.325871737e+000 1.999571372e+000 
1.117406643e+000 1.979059361e+000 
1.324128167e+000 1.999568475e+000 
1.138000482e+000 1.982421858e+000 
1.218758314e+000 1.992670759e+000 
1.344083977e+000 1.999733198e+000 
1.188481446e+000 1.989343517e+000 
1.275553662e+000 1.997116698e+000 
1.259952236e+000 1.996062729e+000 
1.234973315e+000 1.994088335e+000 
1.259790312e+000 1.996062456e+000 
1.304106369e+000 1.998623103e+000 
1.250427186e+000 1.995537305e+000 
1.154584517e+000 1.984873311e+000 
1.218596389e+000 1.992670486e+000 
1.191812658e+000 1.989484469e+000 
1.234811390e+000 1.994088062e+000 
1.178887124e+000 1.987964848e+000 
1.123398311e+000 1.980001729e+000 
1.254753665e+000 1.995791763e+000 
1.235574443e+000 1.994220318e+000 
1.183335395e+000 1.988717328e+000 
1.250265262e+000 1.995537032e+000 
1.240692554e+000 1.994555743e+000 
1.177578640e+000 1.987851783e+000 
1.144585646e+000 1.983449251e+000 
1.145204196e+000 1.983467096e+000 
1.226578862e+000 1.993093342e+000 
1.238420059e+000 1.994439555e+000 
1.241399659e+000 1.994558420e+000 
1.313331633e+000 1.999256561e+000 
1.337145997e+000 1.999690259e+000 
1.255427029e+000 1.995879954e+000 
1.265525293e+000 1.996635166e+000 
1.219853736e+000 1.992901853e+000 
1.226715402e+000 1.993120279e+000 
1.239615223e+000 1.994444851e+000 
1.207028243e+000 1.991257771e+000 
1.209236301e+000 1.991596117e+000 
1.208230470e+000 1.991463389e+000 
1.317163602e+000 1.999351981e+000 
1.216929892e+000 1.992563709e+000 
1.223989831e+000 1.993082998e+000 
1.318273653e+000 1.999466087e+000 
1.284144142e+000 1.997855978e+000 
1.294791991e+000 1.998424102e+000 
1.267737016e+000 1.996762894e+000 
1.305905435e+000 1.999160864e+000 
1.252877049e+000 1.995790311e+000 
1.293644897e+000 1.998337254e+000 
1.166509143e+000 1.986671039e+000 
1.666527801e+000 1.999989565e+000 
1.210434012e+000 1.991828895e+000 
1.267209401e+000 1.996762063e+000 
1.211959723e+000 1.991902409e+000 
1.264009639e+000 1.996544062e+000 
1.264063861e+000 1.996545749e+000 
1.654760864e+000 1.999982883e+000 
1.229032532e+000 1.993357937e+000 
1.228828037e+000 1.993327164e+000 
1.574163177e+000 1.999940245e+000 
1.590466466e+000 1.999964026e+000 
1.591547727e+000 1.999969058e+000 
1.135000810e+000 1.981754336e+000 
1.131193740e+000 1.981201685e+000 
1.643500777e+000 1.999980156e+000 
1.132619240e+000 1.981451027e+000 
1.200433848e+000 1.990618250e+000 
1.191926314e+000 1.989514628e+000 
1.193678327e+000 1.989721665e+000 
1.156531557e+000 1.985179904e+000 
1.621956651e+000 1.999979007e+000 
1.193038605e+000 1.989543588e+000 
1.497452879e+000 1.999907732e+000 
1.540328448e+000 1.999913958e+000 
1.617752326e+000 1.999978079e+000 
1.625981667e+000 1.999979441e+000 
1.356263971e+000 1.999797018e+000 
1.567031007e+000 1.999939728e+000 
1.179920514e+000 1.988138271e+000 
1.357637474e+000 1.999800130e+000 
1.144021836e+000 1.983311349e+000 
1.548118989e+000 1.999937584e+000 
1.576050263e+000 1.999945325e+000 
1.152481035e+000 1.984459030e+000 
1.146030232e+000 1.983518439e+000 
1.530811364e+000 1.999908660e+000 
1.530976047e+000 1.999910674e+000 
1.475937151e+000 1.999894149e+000 
1.445229168e+000 1.999871082e+000 
1.462360437e+000 1.999883670e+000 
1.476004838e+000 1.999897910e+000 
1.431559899e+000 1.999870971e+000 
1.478427480e+000 1.999898342e+000 
1.473275161e+000 1.999884401e+000 
1.390007861e+000 1.999807796e+000 
1.445566538e+000 1.999881386e+000 
1.420492482e+000 1.999854723e+000 
1.474508263e+000 1.999887817e+000 
1.453303974e+000 1.999882645e+000 

