1.004522170e+000 1.001226015e+000 
1.004946207e+000 1.001275892e+000 
1.005536277e+000 1.001357448e+000 
1.005053984e+000 1.001292268e+000 
1.006089876e+000 1.001404555e+000 
1.006162761e+000 1.001418789e+000 
1.004646525e+000 1.001250485e+000 
1.004307657e+000 1.001193143e+000 
1.005264777e+000 1.001324076e+000 
1.005196396e+000 1.001303293e+000 
1.005501770e+000 1.001354347e+000 
1.006022757e+000 1.001399191e+000 
1.005739444e+000 1.001367232e+000 
1.005988105e+000 1.001398585e+000 
1.004700577e+000 1.001255891e+000 
1.005073529e+000 1.001294484e+000 
1.004250053e+000 1.001144472e+000 
1.010334998e+000 1.004808669e+000 
1.010939783e+000 1.004908970e+000 
1.008477698e+000 1.004294146e+000 
1.008236675e+000 1.004211840e+000 
1.007913603e+000 1.004208034e+000 
1.008173059e+000 1.004209667e+000 
1.010760020e+000 1.004889028e+000 
1.008798411e+000 1.004418338e+000 
1.008702789e+000 1.004357319e+000 
1.008922844e+000 1.004435881e+000 
1.011116995e+000 1.004963411e+000 
1.009163881e+000 1.004507471e+000 
1.007782659e+000 1.004048108e+000 
1.008941689e+000 1.004440700e+000 
1.007714707e+000 1.003976696e+000 
1.008786759e+000 1.004370182e+000 
1.010016660e+000 1.004728310e+000 
1.009173479e+000 1.004540610e+000 
1.000020362e+000 1.000000151e+000 
1.000043026e+000 1.000000157e+000 
9.999999999e-001 1.000000145e+000 
1.000075632e+000 1.000000158e+000 
1.000032823e+000 1.000000152e+000 
1.049899861e+000 1.081597799e+000 
1.051897473e+000 1.083805548e+000 
1.053208683e+000 1.084830246e+000 
1.057377842e+000 1.087450454e+000 
1.056327084e+000 1.086916403e+000 
1.055523875e+000 1.086413393e+000 
1.055926111e+000 1.086583965e+000 
1.050033637e+000 1.081703898e+000 
1.049714561e+000 1.081433525e+000 
1.052901118e+000 1.084618745e+000 
1.050805694e+000 1.082598667e+000 
1.053039485e+000 1.084701071e+000 
1.000192314e+000 1.000001817e+000 
1.000168015e+000 1.000001801e+000 
1.000299546e+000 1.000001922e+000 
1.000283246e+000 1.000001823e+000 
1.000773492e+000 1.000002072e+000 
1.000145017e+000 1.000001790e+000 
1.000125038e+000 1.000001691e+000 
1.001576676e+000 1.000002173e+000 
1.000383012e+000 1.000002043e+000 
1.001203703e+000 1.000002172e+000 
1.000360015e+000 1.000002031e+000 
1.000351366e+000 1.000001924e+000 
1.000219189e+000 1.000001818e+000 
1.000802894e+000 1.000002076e+000 
1.001120191e+000 1.000002080e+000 
1.002278758e+000 1.000002230e+000 
1.001716193e+000 1.000002174e+000 
1.011229416e+000 1.008739427e+000 
1.011546472e+000 1.009006926e+000 
1.012028660e+000 1.009473047e+000 
1.012393054e+000 1.009686066e+000 
1.012185219e+000 1.009614583e+000 
1.011972925e+000 1.009466429e+000 
1.012240955e+000 1.009621200e+000 
1.011696023e+000 1.009237902e+000 
1.011579736e+000 1.009143079e+000 
1.004118943e+000 1.000704716e+000 
1.002611777e+000 1.000544666e+000 
1.002730838e+000 1.000586101e+000 
1.003732001e+000 1.000687684e+000 
1.003821185e+000 1.000698338e+000 
1.003550750e+000 1.000681211e+000 
1.002687297e+000 1.000572930e+000 
1.003093825e+000 1.000641252e+000 
1.002667696e+000 1.000570711e+000 
1.002912646e+000 1.000613794e+000 
1.003220010e+000 1.000652760e+000 
1.003475944e+000 1.000670323e+000 
1.002823985e+000 1.000599294e+000 
1.002975484e+000 1.000626815e+000 
1.003194124e+000 1.000642102e+000 
1.002972178e+000 1.000626769e+000 
1.003054785e+000 1.000627420e+000 
1.003072477e+000 1.000627664e+000 
1.002631378e+000 1.000546715e+000 
1.025418871e+000 1.018286959e+000 
1.024540703e+000 1.017800990e+000 
1.024722921e+000 1.017902907e+000 
1.058812955e+000 1.603014733e+000 
1.066287594e+000 1.611056041e+000 
1.057776564e+000 1.601824622e+000 
1.067113950e+000 1.611826667e+000 
1.058246953e+000 1.602752645e+000 
1.061735712e+000 1.606823864e+000 
1.064334532e+000 1.609290047e+000 
1.058252309e+000 1.602928113e+000 
1.057645280e+000 1.601507357e+000 
1.066882714e+000 1.611571670e+000 
1.058084633e+000 1.602703469e+000 
1.066504002e+000 1.611295261e+000 
1.063241240e+000 1.608399854e+000 
1.057396324e+000 1.600587557e+000 
1.060677602e+000 1.605756837e+000 
1.066426632e+000 1.611160860e+000 
1.058845529e+000 1.603798208e+000 
1.062512709e+000 1.607732668e+000 
1.062095758e+000 1.607349457e+000 
1.059038538e+000 1.603969165e+000 
1.061095579e+000 1.606282731e+000 
1.061435265e+000 1.606705488e+000 
1.060461675e+000 1.605620384e+000 
1.039550080e+000 1.031114406e+000 
1.025612618e+000 1.025145158e+000 
1.027293942e+000 1.026205444e+000 
1.038423806e+000 1.030877395e+000 
1.036553022e+000 1.030129040e+000 
1.047916549e+000 1.033727487e+000 
1.031238906e+000 1.028119554e+000 
1.031922323e+000 1.028362728e+000 
1.041841011e+000 1.031961113e+000 
1.026682087e+000 1.025780164e+000 
1.029397749e+000 1.027211182e+000 
1.031759232e+000 1.028250822e+000 
1.030215960e+000 1.027699978e+000 
1.027601259e+000 1.026332059e+000 
1.037417108e+000 1.030439788e+000 
1.040708774e+000 1.031597514e+000 
1.032361435e+000 1.028514934e+000 
1.044455995e+000 1.032526741e+000 
1.033782753e+000 1.029017974e+000 
1.034952868e+000 1.029515812e+000 
1.036772400e+000 1.030268570e+000 
1.034864472e+000 1.029496692e+000 
1.039075358e+000 1.031071894e+000 
1.040131086e+000 1.031419604e+000 
1.027110539e+000 1.026002195e+000 
1.028987120e+000 1.027126927e+000 
1.046579722e+000 1.033324718e+000 
1.028082741e+000 1.026637939e+000 
1.048901554e+000 1.034034065e+000 
1.049138632e+000 1.034046952e+000 
1.026970698e+000 1.026001142e+000 
1.026520756e+000 1.025777638e+000 
1.047694350e+000 1.033644147e+000 
1.043392489e+000 1.032469403e+000 
1.047074128e+000 1.033509367e+000 
1.027930161e+000 1.026580797e+000 
1.044894113e+000 1.032873882e+000 
1.042756503e+000 1.032229907e+000 
1.040359591e+000 1.031480994e+000 
1.043153450e+000 1.032329061e+000 
1.033661116e+000 1.028956476e+000 
1.034303229e+000 1.029269448e+000 
1.036688026e+000 1.030159030e+000 
1.014386161e+000 1.011535402e+000 
1.014752824e+000 1.011682664e+000 
1.020152858e+000 1.012969326e+000 
1.024511751e+000 1.013891828e+000 
1.012917519e+000 1.010933380e+000 
1.012503700e+000 1.010668123e+000 
1.013395690e+000 1.011212175e+000 
1.014244701e+000 1.011518718e+000 
1.023583576e+000 1.013676153e+000 
1.023948714e+000 1.013809399e+000 
1.014556547e+000 1.011617438e+000 
1.018205168e+000 1.012628347e+000 
1.014501749e+000 1.011610693e+000 
1.013935557e+000 1.011369302e+000 
1.013370878e+000 1.011184298e+000 
1.014189903e+000 1.011511973e+000 
1.015950866e+000 1.012093946e+000 
1.018156845e+000 1.012621980e+000 
1.022313214e+000 1.013348178e+000 
1.012810523e+000 1.010897814e+000 
1.017059233e+000 1.012387312e+000 
1.016947760e+000 1.012345508e+000 
1.014613222e+000 1.011652498e+000 
1.017486231e+000 1.012479758e+000 
1.020692035e+000 1.013070837e+000 
1.017895958e+000 1.012554983e+000 
1.017551398e+000 1.012518439e+000 
1.022514244e+000 1.013409698e+000 
1.023073498e+000 1.013574152e+000 
1.017729642e+000 1.012535862e+000 
1.022639287e+000 1.013426131e+000 
1.022848357e+000 1.013500244e+000 
1.022713366e+000 1.013480508e+000 
1.017185513e+000 1.012395254e+000 
1.022661496e+000 1.013464799e+000 
1.016869664e+000 1.012332702e+000 
1.016515104e+000 1.012246704e+000 
1.021007687e+000 1.013116701e+000 
1.014133228e+000 1.011476913e+000 
1.020144820e+000 1.012962303e+000 
1.021782978e+000 1.013283643e+000 
1.023434620e+000 1.013625603e+000 
1.006717031e+000 1.002027044e+000 
1.007267158e+000 1.002137145e+000 
1.007062953e+000 1.002103413e+000 
1.007240415e+000 1.002124338e+000 
1.007085951e+000 1.002104166e+000 
1.007025163e+000 1.002095104e+000 
1.006893432e+000 1.002065552e+000 
1.007700001e+000 1.002200012e+000 
1.007624898e+000 1.002185248e+000 
1.006843955e+000 1.002062124e+000 
1.006866953e+000 1.002062877e+000 
1.007696255e+000 1.002187957e+000 
1.006916430e+000 1.002066305e+000 
1.006964853e+000 1.002087879e+000 
1.006987850e+000 1.002088631e+000 
1.007244161e+000 1.002136393e+000 
1.007146061e+000 1.002120858e+000 
1.007344336e+000 1.002148161e+000 
1.007513794e+000 1.002166410e+000 
1.007414319e+000 1.002148353e+000 
1.007442437e+000 1.002163696e+000 
1.007601900e+000 1.002184477e+000 
1.007415694e+000 1.002150875e+000 
1.007321339e+000 1.002147396e+000 
1.006236254e+000 1.001917007e+000 
1.006826818e+000 1.002037697e+000 
1.007048160e+000 1.002095856e+000 
1.007169058e+000 1.002121611e+000 
1.006356053e+000 1.002004717e+000 
1.006835683e+000 1.002040666e+000 
1.092944550e+000 1.873171047e+000 
1.068933064e+000 1.850157005e+000 
1.069187426e+000 1.850829083e+000 
1.171415982e+000 1.916218181e+000 
1.117446774e+000 1.890145080e+000 
1.152295805e+000 1.907670381e+000 
1.232348755e+000 1.935812416e+000 
1.297448426e+000 1.950643057e+000 
1.070919531e+000 1.853040762e+000 
1.114498924e+000 1.888296340e+000 
1.128938693e+000 1.895415573e+000 
1.144756539e+000 1.903342581e+000 
1.083436379e+000 1.865960111e+000 
1.092988472e+000 1.873703813e+000 
1.116342833e+000 1.889156073e+000 
1.126632197e+000 1.894984517e+000 
1.153198573e+000 1.907687080e+000 
1.264808955e+000 1.942896584e+000 
1.081103354e+000 1.863015890e+000 
1.092075683e+000 1.873039412e+000 
1.246023420e+000 1.939474670e+000 
1.098929260e+000 1.877856127e+000 
1.161746851e+000 1.912012826e+000 
1.276700515e+000 1.946505583e+000 
1.124140829e+000 1.893346772e+000 
1.090246225e+000 1.871562707e+000 
1.123530513e+000 1.893246748e+000 
1.079535420e+000 1.861632149e+000 
1.093996206e+000 1.874617689e+000 
1.226970498e+000 1.934259737e+000 
1.067995120e+000 1.848859375e+000 
1.079314316e+000 1.861615791e+000 
1.307976273e+000 1.951562385e+000 
1.203138478e+000 1.927233044e+000 
1.084037291e+000 1.866602448e+000 
1.086685011e+000 1.868573462e+000 
1.206482797e+000 1.928278922e+000 
1.119644151e+000 1.891308340e+000 
1.137725965e+000 1.900098369e+000 
1.103470984e+000 1.881101380e+000 
1.100109612e+000 1.878948491e+000 
1.129780918e+000 1.896225212e+000 
1.095519688e+000 1.875541067e+000 
1.106156975e+000 1.882954162e+000 
1.302619233e+000 1.951063562e+000 
1.105727218e+000 1.882838497e+000 
1.108085101e+000 1.884246814e+000 
1.072452187e+000 1.854884686e+000 
1.127386957e+000 1.895270952e+000 
1.084462364e+000 1.866803856e+000 
1.173193703e+000 1.916950230e+000 
1.187411527e+000 1.921522188e+000 
1.080521985e+000 1.862607359e+000 
1.279145779e+000 1.947155194e+000 
1.069879573e+000 1.851649316e+000 
1.140925958e+000 1.902021137e+000 
1.314816542e+000 1.953000411e+000 
1.124385068e+000 1.893521028e+000 
1.095721183e+000 1.875800577e+000 
1.252152336e+000 1.941328987e+000 
1.069237065e+000 1.850933022e+000 
1.149806732e+000 1.905913247e+000 
1.138841912e+000 1.900739987e+000 
1.165276200e+000 1.913455800e+000 
1.193842071e+000 1.924375495e+000 
1.077581233e+000 1.859891259e+000 
1.095102798e+000 1.875263324e+000 
1.148340092e+000 1.905368111e+000 
1.153413325e+000 1.907699322e+000 
1.104866153e+000 1.882291525e+000 
1.275067490e+000 1.946276158e+000 
1.093702461e+000 1.874328868e+000 
1.145724950e+000 1.904366549e+000 
1.074414928e+000 1.856726048e+000 
1.080543517e+000 1.862659396e+000 
1.124179565e+000 1.893477207e+000 
1.139715875e+000 1.901181475e+000 
1.077333737e+000 1.859661614e+000 
1.132930341e+000 1.897383312e+000 
1.195877455e+000 1.925269919e+000 
1.263870519e+000 1.942806064e+000 
1.124353362e+000 1.893504802e+000 
1.101241637e+000 1.879772641e+000 
1.095381388e+000 1.875477291e+000 
1.095276316e+000 1.875455952e+000 
1.095486303e+000 1.875512941e+000 
1.124151394e+000 1.893475422e+000 
1.146851009e+000 1.904507560e+000 
1.067449097e+000 1.847927278e+000 
1.124472983e+000 1.893750412e+000 
1.075899971e+000 1.858190538e+000 
1.136415413e+000 1.899578286e+000 
1.276310967e+000 1.946385485e+000 
1.313576770e+000 1.952598945e+000 
1.084406041e+000 1.866802756e+000 
1.141488101e+000 1.902302357e+000 
1.220161328e+000 1.932612063e+000 
1.167192529e+000 1.914502712e+000 
1.095578004e+000 1.875619809e+000 
1.078154476e+000 1.860434677e+000 
1.175847354e+000 1.917848060e+000 
1.180941852e+000 1.919400053e+000 
1.083001655e+000 1.865537009e+000 
1.083574898e+000 1.866079972e+000 
1.082704724e+000 1.865155275e+000 
1.172824809e+000 1.916932420e+000 
1.069889170e+000 1.851696084e+000 
1.108503839e+000 1.884422465e+000 
1.075961314e+000 1.858289209e+000 
1.211359335e+000 1.929830783e+000 
1.180888638e+000 1.919216516e+000 
1.139846302e+000 1.901329726e+000 
1.171249276e+000 1.916210813e+000 
1.076608866e+000 1.858965117e+000 
1.085386812e+000 1.867564486e+000 
1.084974038e+000 1.867181602e+000 
1.093004545e+000 1.873749825e+000 
1.312815937e+000 1.952397287e+000 
1.073765263e+000 1.856122866e+000 
1.276118490e+000 1.946339636e+000 
1.156663889e+000 1.909282835e+000 
1.074436320e+000 1.856880692e+000 
1.204595895e+000 1.927881445e+000 
1.116883494e+000 1.889723719e+000 
1.088278326e+000 1.869951501e+000 
1.113450566e+000 1.887514168e+000 
1.097877056e+000 1.877291257e+000 
1.232800825e+000 1.936531065e+000 
1.179740468e+000 1.919004955e+000 
1.232677842e+000 1.936246822e+000 
1.071856708e+000 1.854064074e+000 
1.081341877e+000 1.863690399e+000 
1.107674816e+000 1.883960392e+000 
1.073165187e+000 1.855480735e+000 
1.095187982e+000 1.875384130e+000 
1.165437974e+000 1.913578696e+000 
1.217961669e+000 1.932517083e+000 
1.096373396e+000 1.876182578e+000 
1.268299934e+000 1.943622602e+000 
1.177985173e+000 1.918301050e+000 
1.116825544e+000 1.889630025e+000 
1.109214678e+000 1.884910466e+000 
1.269633843e+000 1.944049414e+000 
1.184397956e+000 1.920302824e+000 
1.162844591e+000 1.912339624e+000 
1.068492163e+000 1.849732271e+000 
1.124808496e+000 1.893819758e+000 
1.160165241e+000 1.910979354e+000 
1.181091155e+000 1.919544589e+000 
1.121466521e+000 1.892049209e+000 
1.090931666e+000 1.872028655e+000 
1.195130329e+000 1.924925392e+000 
1.315509609e+000 1.953066062e+000 
1.071052345e+000 1.853128849e+000 
1.112910869e+000 1.887349697e+000 
1.229445415e+000 1.935620945e+000 
1.179198309e+000 1.918791319e+000 
1.326049730e+000 1.953888247e+000 
1.113534449e+000 1.887545380e+000 
1.269693047e+000 1.944404067e+000 
1.110024303e+000 1.885367462e+000 
1.107328081e+000 1.883709493e+000 
1.112005953e+000 1.886671882e+000 
1.220272214e+000 1.933403717e+000 
1.196888668e+000 1.925750141e+000 
1.110972707e+000 1.886010056e+000 
1.233141542e+000 1.936631853e+000 
1.161008376e+000 1.911789272e+000 
1.188516890e+000 1.922184825e+000 
1.155629517e+000 1.908778201e+000 
1.274768638e+000 1.945819439e+000 
1.227258089e+000 1.935242708e+000 
1.099872317e+000 1.878521767e+000 
1.232706175e+000 1.936313796e+000 
1.238159254e+000 1.937860198e+000 
1.213253888e+000 1.930423533e+000 
1.243505905e+000 1.939073058e+000 
1.243015128e+000 1.939015754e+000 
1.215053436e+000 1.931015755e+000 
1.213858808e+000 1.930767463e+000 
1.236751900e+000 1.937428945e+000 
1.327599639e+000 1.953968063e+000 
1.237571007e+000 1.937633083e+000 
1.241733774e+000 1.938880415e+000 
1.248408458e+000 1.940528561e+000 
1.248970563e+000 1.940850011e+000 
1.317716354e+000 1.953179059e+000 
1.240185103e+000 1.938519374e+000 
1.253163430e+000 1.941773046e+000 
1.252448802e+000 1.941599281e+000 
1.250521207e+000 1.941201759e+000 
1.206911256e+000 1.928828503e+000 
1.178763675e+000 1.918512932e+000 
1.150274470e+000 1.906390076e+000 
1.221228993e+000 1.933461516e+000 
1.151879870e+000 1.907062752e+000 
1.185696030e+000 1.920842443e+000 
1.149543521e+000 1.905828733e+000 
1.204644453e+000 1.928141742e+000 
1.205040065e+000 1.928246116e+000 
1.189619756e+000 1.922525766e+000 
1.163871185e+000 1.912671580e+000 
1.201108837e+000 1.926781023e+000 
1.191994912e+000 1.923493340e+000 
1.183901915e+000 1.920171737e+000 
1.182509288e+000 1.919750653e+000 
1.183550581e+000 1.920034878e+000 
1.187097251e+000 1.921410886e+000 
1.156385810e+000 1.909278883e+000 
1.209326863e+000 1.929533971e+000 
1.210990127e+000 1.929722012e+000 
1.419930552e+000 1.976399178e+000 
1.378728317e+000 1.968006386e+000 
1.363607270e+000 1.965197539e+000 
1.399713067e+000 1.972615813e+000 
1.365449548e+000 1.965946302e+000 
1.473722615e+000 1.984141344e+000 
1.399950271e+000 1.972651311e+000 
1.372227186e+000 1.966852173e+000 
1.796083173e+000 1.999993223e+000 
1.329766949e+000 1.954675470e+000 
1.343508877e+000 1.958245058e+000 
1.370801037e+000 1.966432108e+000 
1.361012214e+000 1.963970176e+000 
1.373659108e+000 1.967312092e+000 
1.357031847e+000 1.962818848e+000 
1.357357142e+000 1.963140516e+000 
1.357202596e+000 1.963033666e+000 
1.374221641e+000 1.967609313e+000 
1.375083880e+000 1.967733440e+000 
1.333104116e+000 1.955651821e+000 
1.365068513e+000 1.965392640e+000 
1.348513740e+000 1.959827958e+000 
1.349516340e+000 1.960358957e+000 
1.359210114e+000 1.963725758e+000 
1.343864391e+000 1.958460537e+000 
1.331838905e+000 1.955363875e+000 
1.360136092e+000 1.963780155e+000 
1.351081663e+000 1.960919461e+000 
1.432277957e+000 1.978469707e+000 
1.337125231e+000 1.956850832e+000 
1.347691194e+000 1.959624184e+000 
1.797375342e+000 2.000000000e+000 
1.402702162e+000 1.973079147e+000 
1.761779017e+000 1.999438811e+000 
1.347575372e+000 1.959585236e+000 
1.761887588e+000 1.999470218e+000 
1.379476955e+000 1.968669492e+000 
1.756848417e+000 1.999343525e+000 
1.424374600e+000 1.977194508e+000 
1.406424962e+000 1.974038092e+000 
1.689680044e+000 1.997805041e+000 
1.424535150e+000 1.977252028e+000 
1.379070777e+000 1.968212233e+000 
1.378913070e+000 1.968186954e+000 
1.379102838e+000 1.968500159e+000 
1.327857778e+000 1.953977476e+000 
1.328463437e+000 1.954387432e+000 
1.402416833e+000 1.972931265e+000 
1.328313164e+000 1.954325068e+000 
1.361567856e+000 1.965050420e+000 
1.426048002e+000 1.977811716e+000 
1.405521355e+000 1.973652342e+000 
1.405389558e+000 1.973594469e+000 
1.387594070e+000 1.969941403e+000 
1.393749260e+000 1.971199157e+000 
1.759152931e+000 1.999395291e+000 
1.758590021e+000 1.999345496e+000 
1.358111236e+000 1.963390903e+000 
1.702221073e+000 1.998189093e+000 
1.341163633e+000 1.958158040e+000 
1.333356720e+000 1.955754891e+000 
1.693963647e+000 1.997985493e+000 
1.329504671e+000 1.954597019e+000 
1.332273847e+000 1.955455331e+000 
1.337971812e+000 1.957288035e+000 
1.759114586e+000 1.999394983e+000 
1.343938188e+000 1.958654487e+000 
1.389756112e+000 1.970558843e+000 
1.344210966e+000 1.959161280e+000 
1.696912853e+000 1.998082564e+000 
1.795952526e+000 1.999976977e+000 
1.384006048e+000 1.969549333e+000 
1.378872061e+000 1.968139365e+000 
1.382290481e+000 1.968929089e+000 
1.391589865e+000 1.971169828e+000 
1.349166636e+000 1.960148878e+000 
1.333716389e+000 1.956390269e+000 
1.388964586e+000 1.970233473e+000 
1.795643050e+000 1.999959980e+000 
1.688752785e+000 1.997781209e+000 
1.334832592e+000 1.956694228e+000 
1.336056326e+000 1.956810917e+000 
1.335857391e+000 1.956808791e+000 
1.354541347e+000 1.962042626e+000 
1.352799833e+000 1.961557000e+000 
1.790711174e+000 1.999956990e+000 
1.625263421e+000 1.996202046e+000 
1.352494513e+000 1.961426924e+000 
1.356520727e+000 1.962583882e+000 
1.627722473e+000 1.996219493e+000 
1.353420560e+000 1.961937822e+000 
1.628159754e+000 1.996353855e+000 
1.678312456e+000 1.997607742e+000 
1.673914255e+000 1.997599689e+000 
1.652172156e+000 1.997102288e+000 
1.350073688e+000 1.960568468e+000 
1.350300114e+000 1.960628659e+000 
1.354761132e+000 1.962400579e+000 
1.647069652e+000 1.996707880e+000 
1.648294191e+000 1.996905655e+000 
1.647858198e+000 1.996710767e+000 
1.337518582e+000 1.956896287e+000 
1.735877618e+000 1.999183903e+000 
1.645326438e+000 1.996603762e+000 
1.657653591e+000 1.997167073e+000 
1.786685370e+000 1.999935693e+000 
1.621729130e+000 1.996084811e+000 
1.684324573e+000 1.997724757e+000 
1.660168682e+000 1.997386579e+000 
1.679566494e+000 1.997686478e+000 
1.784986918e+000 1.999865706e+000 
1.782637527e+000 1.999864620e+000 
1.780813418e+000 1.999860821e+000 
1.776615292e+000 1.999715627e+000 
1.777342133e+000 1.999795657e+000 
1.409135910e+000 1.974462931e+000 
1.774541892e+000 1.999692369e+000 
1.438230917e+000 1.979770313e+000 
1.437125272e+000 1.979648059e+000 
1.444772198e+000 1.981086293e+000 
1.640147364e+000 1.996378131e+000 
1.723003088e+000 1.998880470e+000 
1.705534572e+000 1.998384112e+000 
1.721638693e+000 1.998685744e+000 
1.770916545e+000 1.999654879e+000 
1.722493716e+000 1.998803021e+000 
1.697407028e+000 1.998122678e+000 
1.617667689e+000 1.995928564e+000 
1.438462783e+000 1.980093587e+000 
1.721998057e+000 1.998729973e+000 
1.448283346e+000 1.981667042e+000 
1.389552437e+000 1.970271894e+000 
1.388901038e+000 1.970126084e+000 
1.641830477e+000 1.996475346e+000 
1.716877431e+000 1.998675476e+000 
1.767634601e+000 1.999574502e+000 
1.691064730e+000 1.997967498e+000 
1.765567162e+000 1.999484122e+000 
1.690274939e+000 1.997934314e+000 
1.766662348e+000 1.999542322e+000 
1.440517951e+000 1.980424172e+000 
1.432756643e+000 1.979185966e+000 
1.432282025e+000 1.979102756e+000 
1.435750183e+000 1.979421454e+000 
1.686023377e+000 1.997759434e+000 
1.579166418e+000 1.994047082e+000 
1.582602159e+000 1.994124483e+000 
1.726059356e+000 1.998960184e+000 
1.734269955e+000 1.999002771e+000 
1.606308099e+000 1.995437492e+000 
1.591173782e+000 1.994711455e+000 
1.593121170e+000 1.994818486e+000 
1.620538595e+000 1.995951326e+000 
1.516953237e+000 1.989564577e+000 
1.621899395e+000 1.996130227e+000 
1.407634390e+000 1.974266249e+000 
1.424669403e+000 1.977710217e+000 
1.403571803e+000 1.973258808e+000 
1.427376819e+000 1.977945353e+000 
1.449289931e+000 1.981898428e+000 
1.446775292e+000 1.981421362e+000 
1.403951991e+000 1.973485276e+000 
1.396239680e+000 1.971603214e+000 
1.417327231e+000 1.976310020e+000 
1.437301104e+000 1.979665851e+000 
1.421426859e+000 1.976967349e+000 
1.411792432e+000 1.975132308e+000 
1.414657804e+000 1.975832080e+000 
1.429145695e+000 1.978328848e+000 
1.410532898e+000 1.975051078e+000 
1.443076677e+000 1.981015752e+000 
1.426471848e+000 1.977860946e+000 
1.409574709e+000 1.974755912e+000 
1.412193041e+000 1.975283893e+000 
1.420134176e+000 1.976872109e+000 
1.426250704e+000 1.977825014e+000 
1.398600272e+000 1.972184654e+000 
1.396934476e+000 1.971985298e+000 
1.598604047e+000 1.995055571e+000 
1.466522638e+000 1.984125849e+000 
1.459937087e+000 1.983678895e+000 
1.465794591e+000 1.984030238e+000 
1.455290537e+000 1.983203970e+000 
1.454196386e+000 1.982889280e+000 
1.439898112e+000 1.980110224e+000 
1.453456111e+000 1.982415216e+000 
1.454931356e+000 1.982943149e+000 
1.445200658e+000 1.981267070e+000 
1.508671709e+000 1.988911564e+000 
1.458886535e+000 1.983293685e+000 
1.664052344e+000 1.997506970e+000 
1.414235709e+000 1.975599437e+000 
1.395530532e+000 1.971398610e+000 
1.707950901e+000 1.998416131e+000 
1.703195238e+000 1.998320650e+000 
1.404851962e+000 1.973527419e+000 
1.700277000e+000 1.998136928e+000 
1.473853910e+000 1.984962577e+000 
1.475170727e+000 1.985068144e+000 
1.528030290e+000 1.990904248e+000 
1.525781518e+000 1.990459276e+000 
1.533633449e+000 1.991476132e+000 
1.537352219e+000 1.991533218e+000 
1.612981331e+000 1.995805566e+000 
1.493162217e+000 1.987407704e+000 
1.529535376e+000 1.990974787e+000 
1.540135003e+000 1.991617447e+000 
1.538625508e+000 1.991589103e+000 
1.484760942e+000 1.986416126e+000 
1.497904091e+000 1.987800901e+000 
1.509416633e+000 1.989062516e+000 
1.483061841e+000 1.986228663e+000 
1.483493840e+000 1.986317921e+000 
1.501842433e+000 1.988210279e+000 
1.476221496e+000 1.985454203e+000 
1.595335286e+000 1.994943367e+000 
1.487332561e+000 1.986752283e+000 
1.500326394e+000 1.988074902e+000 
1.569253212e+000 1.993515620e+000 
1.571961831e+000 1.993543330e+000 
1.567927975e+000 1.993452151e+000 
1.564370372e+000 1.993376108e+000 
1.586585689e+000 1.994465678e+000 
1.593012059e+000 1.994801309e+000 
1.588680046e+000 1.994700567e+000 
1.573387697e+000 1.993796264e+000 
1.491062276e+000 1.987092359e+000 
1.487378242e+000 1.986827753e+000 
1.490041997e+000 1.986968593e+000 
1.578262626e+000 1.993847650e+000 
1.545360763e+000 1.992047604e+000 
1.554107354e+000 1.992668494e+000 
1.549176012e+000 1.992352213e+000 
1.553845501e+000 1.992667919e+000 
1.558038007e+000 1.992892790e+000 
1.583341738e+000 1.994240277e+000 
1.531273358e+000 1.991151061e+000 
1.480054858e+000 1.985808093e+000 
1.574774794e+000 1.993803261e+000 
1.547292807e+000 1.992064779e+000 
1.548627068e+000 1.992327830e+000 
1.543577199e+000 1.991939325e+000 
1.518363287e+000 1.989962464e+000 
1.513311092e+000 1.989521173e+000 
1.517429295e+000 1.989889618e+000 
1.520829374e+000 1.990085069e+000 
1.523764911e+000 1.990288688e+000 
1.521053436e+000 1.990173979e+000 
1.602798293e+000 1.995174089e+000 
1.608406797e+000 1.995607553e+000 
1.506560931e+000 1.988748208e+000 
1.512146127e+000 1.989144806e+000 
1.509705790e+000 1.989068702e+000 
1.556135025e+000 1.992804222e+000 
1.562138434e+000 1.993036035e+000 

