1.001065878e+000 1.076384619e+000 
1.001088646e+000 1.077718713e+000 
1.000555021e+000 1.076127324e+000 
1.000458110e+000 1.008234132e+000 
1.000375616e+000 1.008066611e+000 
1.000032007e+000 1.008040571e+000 
1.000104250e+000 1.008045571e+000 
1.000421951e+000 1.008215492e+000 
1.001253556e+000 1.179919060e+000 
1.005521860e+000 1.913972796e+000 
1.090337222e+000 1.970635043e+000 
1.080821857e+000 1.967323748e+000 
1.014439695e+000 1.925632084e+000 
1.002002727e+000 1.905920068e+000 
1.004404860e+000 1.912075387e+000 
1.048100711e+000 1.951635793e+000 
1.068550390e+000 1.961919997e+000 
1.019415876e+000 1.930957748e+000 
1.082610758e+000 1.968107477e+000 
1.038284606e+000 1.945128614e+000 
1.017001094e+000 1.928689706e+000 
1.039044623e+000 1.945890536e+000 
1.042267521e+000 1.947851290e+000 
1.088752094e+000 1.970410169e+000 
1.002363102e+000 1.907512569e+000 
1.010270447e+000 1.920813073e+000 
1.068852043e+000 1.962470950e+000 
1.044155213e+000 1.949351729e+000 
1.099304861e+000 1.973786672e+000 
1.005791649e+000 1.914479647e+000 
1.009728437e+000 1.920147977e+000 
1.027921448e+000 1.938027884e+000 
1.001418219e+000 1.903976828e+000 
1.071863090e+000 1.963773907e+000 
1.002093312e+000 1.907005718e+000 
1.022409664e+000 1.933895253e+000 
1.008662380e+000 1.918867187e+000 
1.004011634e+000 1.911177833e+000 
1.028740360e+000 1.938410081e+000 
1.035326141e+000 1.943311353e+000 
1.092768013e+000 1.971781142e+000 
1.003725132e+000 1.910958278e+000 
1.046232768e+000 1.950359566e+000 
1.029620944e+000 1.939040522e+000 
1.003455342e+000 1.910451427e+000 
1.019755040e+000 1.931200374e+000 
1.007671025e+000 1.917641042e+000 
1.053513312e+000 1.955142128e+000 
1.056863524e+000 1.956687711e+000 
1.015650371e+000 1.927154633e+000 
1.041965509e+000 1.947806147e+000 
1.001502778e+000 1.905165551e+000 
1.026786838e+000 1.937111400e+000 
1.014542388e+000 1.925758926e+000 
1.018407068e+000 1.929887375e+000 
1.006711227e+000 1.916101798e+000 
1.047717275e+000 1.951555108e+000 
1.087115010e+000 1.969535415e+000 
1.021362164e+000 1.932876419e+000 
1.077051571e+000 1.966533822e+000 
1.002864808e+000 1.908611260e+000 
1.050290415e+000 1.953181375e+000 
1.010436772e+000 1.921019639e+000 
1.011684802e+000 1.922387705e+000 
1.031026918e+000 1.940238190e+000 
1.003000391e+000 1.909429906e+000 
1.013549754e+000 1.924638421e+000 
1.006031498e+000 1.914984689e+000 
1.073505076e+000 1.964590825e+000 
1.061037478e+000 1.958945143e+000 
1.004720973e+000 1.912526838e+000 
1.014258088e+000 1.925510083e+000 
1.012544934e+000 1.923536420e+000 
1.006301287e+000 1.915491540e+000 
1.018435267e+000 1.930121776e+000 
1.002220021e+000 1.907402691e+000 
1.020458828e+000 1.932056152e+000 
1.022070499e+000 1.933652628e+000 
1.001629486e+000 1.905562524e+000 
1.047378110e+000 1.951312483e+000 
1.020386103e+000 1.931960878e+000 
1.016297306e+000 1.927833928e+000 
1.052409534e+000 1.954039947e+000 
1.024197835e+000 1.935046988e+000 
1.004135071e+000 1.911568536e+000 
1.002674973e+000 1.908424212e+000 
1.002409856e+000 1.907589739e+000 
1.023113451e+000 1.934414083e+000 
1.002522949e+000 1.907832575e+000 
1.017981703e+000 1.929525678e+000 
1.002873682e+000 1.909032933e+000 
1.023884108e+000 1.934838370e+000 
1.025769324e+000 1.936383953e+000 
1.001615871e+000 1.905408386e+000 
1.001742580e+000 1.905805360e+000 
1.049494746e+000 1.952337748e+000 
1.023858670e+000 1.934804363e+000 
1.006471378e+000 1.915596757e+000 
1.015588972e+000 1.927000542e+000 
1.011841146e+000 1.922718918e+000 
1.013834053e+000 1.924925540e+000 
1.024998667e+000 1.935959665e+000 
1.040966122e+000 1.947140998e+000 
1.001291511e+000 1.903579855e+000 
1.017273368e+000 1.928692292e+000 
1.009423330e+000 1.919668889e+000 
1.011078956e+000 1.921691187e+000 
1.012145379e+000 1.922937252e+000 
1.010794861e+000 1.921394042e+000 
1.009187868e+000 1.919390819e+000 
1.020636326e+000 1.932220558e+000 
1.001404604e+000 1.903799062e+000 
1.004935957e+000 1.913012781e+000 
1.025430159e+000 1.936141327e+000 
1.017608278e+000 1.928979218e+000 
1.012199235e+000 1.923095210e+000 
1.012907570e+000 1.923966873e+000 
1.006692389e+000 1.915985427e+000 
1.007528503e+000 1.917315874e+000 
1.037194084e+000 1.944587579e+000 
1.020975491e+000 1.932463183e+000 
1.064138996e+000 1.959970893e+000 
1.054464369e+000 1.955438807e+000 
1.054907347e+000 1.955844084e+000 
1.014238249e+000 1.925465469e+000 
1.018951930e+000 1.930528808e+000 
1.077048131e+000 1.965557371e+000 
1.021701329e+000 1.933119044e+000 
1.019927991e+000 1.931444349e+000 
1.003674569e+000 1.910477178e+000 
1.018243595e+000 1.929752599e+000 
1.013172191e+000 1.924184679e+000 
1.051684450e+000 1.953883330e+000 
1.010592243e+000 1.921090098e+000 
1.028707513e+000 1.938380821e+000 
1.059643443e+000 1.958243187e+000 
1.031772137e+000 1.940741792e+000 
1.014900477e+000 1.926173494e+000 
1.060096616e+000 1.958394190e+000 
1.007328947e+000 1.916937217e+000 
1.008218512e+000 1.918348267e+000 
1.033476462e+000 1.941846547e+000 
1.009910043e+000 1.920269978e+000 
1.007837350e+000 1.917847609e+000 
1.081301997e+000 1.967548622e+000 
1.010109599e+000 1.920648635e+000 
1.056524360e+000 1.956445085e+000 
1.012380841e+000 1.923217211e+000 
1.008400118e+000 1.918470268e+000 
1.005372071e+000 1.913726198e+000 
1.005753233e+000 1.914226857e+000 
1.035665305e+000 1.943553978e+000 
1.049951250e+000 1.952938750e+000 
1.087497363e+000 1.969607986e+000 
1.062381157e+000 1.959523368e+000 
1.004526018e+000 1.912402522e+000 
1.033174016e+000 1.941667422e+000 
1.030218027e+000 1.939603002e+000 
1.004917120e+000 1.912896410e+000 
1.085674818e+000 1.969269013e+000 
1.043046041e+000 1.948412076e+000 
1.004256229e+000 1.911895671e+000 
1.058257559e+000 1.957389666e+000 
1.065434343e+000 1.960516478e+000 
1.088578663e+000 1.970235560e+000 
1.037925679e+000 1.944907263e+000 
1.036137508e+000 1.943699383e+000 
1.005486138e+000 1.913770222e+000 
1.080182648e+000 1.967149139e+000 
1.066426675e+000 1.961495249e+000 
1.066087510e+000 1.961252623e+000 
1.064587618e+000 1.960490725e+000 
1.063307591e+000 1.959697147e+000 
1.084032832e+000 1.968452096e+000 
1.063646756e+000 1.959939772e+000 
1.073212722e+000 1.964437104e+000 
1.072202255e+000 1.964016533e+000 
1.057804387e+000 1.956874365e+000 
1.074041312e+000 1.965021056e+000 
1.064248454e+000 1.960248100e+000 
1.057483261e+000 1.956719306e+000 
1.073702147e+000 1.964778431e+000 
1.083543407e+000 1.968110768e+000 
1.071108265e+000 1.963071952e+000 
1.006006076e+000 1.914808378e+000 
1.066918915e+000 1.961526369e+000 
1.067258080e+000 1.961768995e+000 
1.032111301e+000 1.940984418e+000 
1.026981520e+000 1.937212843e+000 
1.079533482e+000 1.967140931e+000 
1.034995274e+000 1.942655535e+000 
1.044494378e+000 1.949594355e+000 
1.084371997e+000 1.968694721e+000 
1.056081381e+000 1.956039808e+000 
1.051353130e+000 1.953618247e+000 
1.070616024e+000 1.963040831e+000 
1.070337445e+000 1.962641348e+000 
1.029083647e+000 1.938741416e+000 
1.027320684e+000 1.937455469e+000 
1.076757360e+000 1.965168913e+000 
1.032413747e+000 1.941163543e+000 
1.029874912e+000 1.939150722e+000 
1.057822426e+000 1.956961931e+000 
1.052857734e+000 1.954185992e+000 
1.028405068e+000 1.938201696e+000 
1.045320652e+000 1.949676849e+000 
1.040436730e+000 1.946772545e+000 
1.030557192e+000 1.939845627e+000 
1.034263426e+000 1.942628349e+000 
1.041616117e+000 1.947273430e+000 
1.037524337e+000 1.944624736e+000 
1.031648377e+000 1.940280859e+000 
1.047053907e+000 1.950791217e+000 
1.041955282e+000 1.947516055e+000 
1.039374015e+000 1.946089542e+000 
1.046571932e+000 1.950602191e+000 
1.047021061e+000 1.950717840e+000 
1.036104661e+000 1.943670124e+000 
1.049921520e+000 1.952338226e+000 
9.999999998e-001 1.001033476e+000 
1.106583255e+000 1.976378167e+000 
1.099264583e+000 1.973285562e+000 
1.111980916e+000 1.977870468e+000 
1.095198635e+000 1.972308088e+000 
1.351774511e+000 1.999954246e+000 
1.144730533e+000 1.985872042e+000 
1.205249285e+000 1.996076787e+000 
1.121194702e+000 1.980465176e+000 
1.133178760e+000 1.983494500e+000 
1.358630403e+000 1.999957031e+000 
1.146887348e+000 1.986465220e+000 
1.146728044e+000 1.986297512e+000 
1.206645028e+000 1.996353768e+000 
1.155868431e+000 1.988411564e+000 
1.130097217e+000 1.982673961e+000 
1.135649957e+000 1.984170463e+000 
1.226278428e+000 1.997873557e+000 
1.147695380e+000 1.986482649e+000 
1.151795213e+000 1.987464655e+000 
1.169820865e+000 1.990682945e+000 
1.142081275e+000 1.985739276e+000 
1.189147263e+000 1.994088550e+000 
1.179638307e+000 1.992635575e+000 
1.284225181e+000 1.999763726e+000 
1.129063560e+000 1.982633440e+000 
1.108484924e+000 1.976753093e+000 
1.230450435e+000 1.998216191e+000 
1.130950117e+000 1.982717288e+000 
1.153473744e+000 1.988038234e+000 
1.148076083e+000 1.986553698e+000 
1.136683614e+000 1.984246976e+000 
1.121509085e+000 1.980547962e+000 
1.201852541e+000 1.995750443e+000 
1.194187533e+000 1.994645065e+000 
1.243163376e+000 1.999061506e+000 
1.145669130e+000 1.986240097e+000 
1.105984746e+000 1.975876986e+000 
1.249749104e+000 1.999160961e+000 
1.196362762e+000 1.994922047e+000 
1.344588753e+000 1.999917132e+000 
1.251666556e+000 1.999181118e+000 
1.274523391e+000 1.999656602e+000 
1.256095633e+000 1.999325471e+000 
1.109722045e+000 1.977281455e+000 
1.184407106e+000 1.993119085e+000 
1.182433654e+000 1.992970926e+000 
1.294713970e+000 1.999873727e+000 
1.401888996e+000 2.000000000e+000 
1.292215289e+000 1.999862531e+000 
1.108599274e+000 1.977102195e+000 
1.189370654e+000 1.994179736e+000 
1.082493385e+000 1.967973949e+000 
1.183679409e+000 1.993091864e+000 
1.106288700e+000 1.976016664e+000 
1.243124546e+000 1.998966948e+000 
1.187473924e+000 1.993527441e+000 
1.146844928e+000 1.986388926e+000 
1.131910218e+000 1.982844861e+000 
1.187919210e+000 1.993816877e+000 
1.201997614e+000 1.995751456e+000 
1.396365614e+000 1.999974360e+000 
1.131595836e+000 1.982794731e+000 
1.225288192e+000 1.997705999e+000 
1.133338063e+000 1.983573084e+000 
1.139838322e+000 1.984683646e+000 
1.260232249e+000 1.999384969e+000 
1.181813536e+000 1.992879739e+000 
1.332863849e+000 1.999912530e+000 
1.111628853e+000 1.977772445e+000 
1.170477998e+000 1.991167964e+000 
1.218228025e+000 1.997328974e+000 
1.191322492e+000 1.994373200e+000 
1.225327021e+000 1.997764206e+000 
1.313624326e+000 1.999907875e+000 
1.238991369e+000 1.998744020e+000 
1.231892372e+000 1.998308789e+000 
1.186853806e+000 1.993436255e+000 
1.207424514e+000 1.996386585e+000 
1.085554040e+000 1.968740743e+000 
1.229854278e+000 1.998113229e+000 
1.212614081e+000 1.996893742e+000 
1.271348511e+000 1.999485569e+000 
1.345853098e+000 1.999921429e+000 
1.211596521e+000 1.996663585e+000 
1.085771935e+000 1.969285100e+000 
1.219310970e+000 1.997375799e+000 
1.213697026e+000 1.996940567e+000 
1.138299215e+000 1.984299594e+000 
1.229499029e+000 1.998074023e+000 
1.222400032e+000 1.997638791e+000 
1.223482978e+000 1.997693284e+000 
1.226341088e+000 1.997950830e+000 
1.266476744e+000 1.999400919e+000 
1.133493142e+000 1.983577285e+000 
1.236064379e+000 1.998618606e+000 
1.139924460e+000 1.985154351e+000 
1.086778268e+000 1.969334638e+000 
1.098337426e+000 1.973203794e+000 
1.088193963e+000 1.970144641e+000 
1.093723209e+000 1.972097970e+000 
1.101897372e+000 1.974768596e+000 
1.216786088e+000 1.997203559e+000 
1.151316929e+000 1.987445057e+000 
1.126906746e+000 1.982040262e+000 
1.137487806e+000 1.984254557e+000 
1.187003103e+000 1.993439315e+000 
1.110731682e+000 1.977392788e+000 
1.116129343e+000 1.978877507e+000 
1.095361793e+000 1.972578615e+000 
1.105202437e+000 1.975439459e+000 
1.123010295e+000 1.980842489e+000 
1.091301180e+000 1.971238429e+000 
1.097214654e+000 1.973032115e+000 
1.114267084e+000 1.978712289e+000 
1.083982508e+000 1.968152008e+000 
1.103866671e+000 1.975157123e+000 
1.117824600e+000 1.979383780e+000 
1.158829438e+000 1.989024344e+000 
1.126039874e+000 1.981546271e+000 
1.116423898e+000 1.979338283e+000 
1.152712673e+000 1.987722038e+000 
1.105819419e+000 1.975739600e+000 
1.138518014e+000 1.984465064e+000 
1.139800425e+000 1.984625633e+000 
1.121545072e+000 1.980623755e+000 
1.144921599e+000 1.985988028e+000 
1.197912761e+000 1.994983818e+000 
1.119453477e+000 1.980009248e+000 
1.134902554e+000 1.984113174e+000 
1.126942733e+000 1.982116056e+000 
1.121821559e+000 1.980797767e+000 
1.149534294e+000 1.987332038e+000 
1.132471192e+000 1.983115085e+000 
1.141488951e+000 1.985686188e+000 
1.107589588e+000 1.976681275e+000 
1.126251141e+000 1.981741612e+000 
1.100421758e+000 1.974247300e+000 
1.139144281e+000 1.984515575e+000 
1.155797882e+000 1.988330285e+000 
1.124785918e+000 1.981522878e+000 
1.125884795e+000 1.981542070e+000 
1.101593418e+000 1.974635431e+000 
1.112987249e+000 1.978173575e+000 
1.119664745e+000 1.980204589e+000 
1.094892512e+000 1.972293970e+000 
1.148730275e+000 1.986792294e+000 
1.105124135e+000 1.975428575e+000 
1.100457674e+000 1.974535961e+000 
1.107285634e+000 1.976548109e+000 
1.094588559e+000 1.972160805e+000 
1.161149912e+000 1.989475658e+000 
1.169857880e+000 1.991057175e+000 
1.162545656e+000 1.989752639e+000 
1.100117804e+000 1.974114135e+000 
1.165685873e+000 1.990350979e+000 
1.339652124e+000 1.999915150e+000 
1.193639200e+000 1.994445987e+000 
1.179366836e+000 1.992558640e+000 
1.160406675e+000 1.989376853e+000 
1.175194828e+000 1.991844440e+000 
1.235849157e+000 1.998341606e+000 
1.164958176e+000 1.990343360e+000 
1.185257848e+000 1.993181938e+000 
1.166305991e+000 1.990461767e+000 
1.195494499e+000 1.994675348e+000 
1.196538181e+000 1.994951302e+000 
1.192220074e+000 1.994385133e+000 
1.178916604e+000 1.992496143e+000 
1.174744596e+000 1.991797615e+000 
1.280319122e+000 1.999730909e+000 
1.309824076e+000 1.999881171e+000 
1.185265416e+000 1.993374735e+000 
1.203775643e+000 1.995757207e+000 
1.393920717e+000 1.999973331e+000 
1.379309286e+000 1.999963110e+000 
1.195966661e+000 1.994806456e+000 
1.270491535e+000 1.999432594e+000 
1.204852071e+000 1.995803862e+000 
1.159964085e+000 1.989064532e+000 

