1.002422944e+000 1.037034510e+000 
1.002522536e+000 1.037035947e+000 
1.006447041e+000 1.246948764e+000 
1.006846688e+000 1.247166677e+000 
1.006258767e+000 1.245201777e+000 
1.000207976e+000 1.000278712e+000 
1.000542703e+000 1.000285365e+000 
1.000220996e+000 1.000283790e+000 
1.000251528e+000 1.000284431e+000 
1.000406190e+000 1.000284532e+000 
1.000170684e+000 1.000278709e+000 
1.000448162e+000 1.000284596e+000 
1.000130223e+000 1.000278692e+000 
1.000329281e+000 1.000284451e+000 
1.000603026e+000 1.000290258e+000 
1.000461590e+000 1.000285202e+000 
1.000502064e+000 1.000285258e+000 
1.000057449e+000 1.000233987e+000 
9.999999997e-001 1.000228053e+000 
1.001440363e+000 1.007900429e+000 
1.001734837e+000 1.007936911e+000 
1.000913504e+000 1.007200191e+000 
1.000685308e+000 1.006941160e+000 
1.000610205e+000 1.006939683e+000 
1.000838401e+000 1.007198715e+000 
1.001573172e+000 1.007908853e+000 
1.001305656e+000 1.007672120e+000 
1.001498069e+000 1.007907376e+000 
1.001380758e+000 1.007673597e+000 
1.005129508e+000 1.103932834e+000 
1.005361283e+000 1.104438695e+000 
1.005734996e+000 1.107566730e+000 
1.005526330e+000 1.107561192e+000 
1.006008040e+000 1.109406357e+000 
1.006192111e+000 1.109629948e+000 
1.005758105e+000 1.108066955e+000 
1.006239815e+000 1.109912120e+000 
1.013557103e+000 1.681330476e+000 
1.077153193e+000 1.790710973e+000 
1.014434624e+000 1.682381035e+000 
1.035149387e+000 1.728434724e+000 
1.015910131e+000 1.687645685e+000 
1.082820837e+000 1.798059022e+000 
1.069563230e+000 1.781259826e+000 
1.160919536e+000 1.871044699e+000 
1.146801471e+000 1.858402634e+000 
1.020946319e+000 1.699214159e+000 
1.059192622e+000 1.768141484e+000 
1.195784126e+000 1.894803804e+000 
1.039568575e+000 1.737336857e+000 
1.058860438e+000 1.766269120e+000 
1.059840284e+000 1.769394811e+000 
1.079014589e+000 1.793268842e+000 
1.101203947e+000 1.816218089e+000 
1.014666765e+000 1.684400842e+000 
1.040007086e+000 1.737549998e+000 
1.074557846e+000 1.788159503e+000 
1.073123651e+000 1.786361983e+000 
1.028699500e+000 1.716714370e+000 
1.061443097e+000 1.771421551e+000 
1.061263053e+000 1.770052122e+000 
1.080225491e+000 1.795507552e+000 
1.062751137e+000 1.772689233e+000 
1.025776778e+000 1.711234639e+000 
1.164697690e+000 1.873523635e+000 
1.170246346e+000 1.879907387e+000 
1.038779455e+000 1.736316142e+000 
1.033021979e+000 1.725875869e+000 
1.089442459e+000 1.804097945e+000 
1.041884776e+000 1.742019721e+000 
1.114275004e+000 1.830335354e+000 
1.119761422e+000 1.835835060e+000 
1.104136731e+000 1.820047472e+000 
1.106413736e+000 1.822895017e+000 
1.143379930e+000 1.855608225e+000 
1.026486018e+000 1.712711055e+000 
1.118182822e+000 1.834437283e+000 
1.150333458e+000 1.862058668e+000 
1.120774316e+000 1.836253795e+000 
1.021408341e+000 1.700365658e+000 
1.064304544e+000 1.774194610e+000 
1.067356592e+000 1.777616143e+000 
1.194654419e+000 1.894730966e+000 
1.076461160e+000 1.789777798e+000 
1.078256487e+000 1.792481594e+000 
1.065204262e+000 1.774321722e+000 
1.196522062e+000 1.896203333e+000 
1.018533371e+000 1.693755669e+000 
1.065342763e+000 1.775982816e+000 
1.038666718e+000 1.735355995e+000 
1.115739725e+000 1.831048048e+000 
1.144943542e+000 1.857256592e+000 
1.032010049e+000 1.723029718e+000 
1.040396692e+000 1.739209674e+000 
1.181096379e+000 1.886773061e+000 
1.067298194e+000 1.777376282e+000 
1.091324656e+000 1.806587907e+000 
1.092691964e+000 1.807415200e+000 
1.040822818e+000 1.739367893e+000 
1.110338395e+000 1.825398028e+000 
1.028931001e+000 1.717266781e+000 
1.041185812e+000 1.740230389e+000 
1.051653044e+000 1.755991417e+000 
1.186982042e+000 1.892188468e+000 
1.017341924e+000 1.691229155e+000 
1.025381979e+000 1.709580914e+000 
1.112866737e+000 1.829316929e+000 
1.121065371e+000 1.836520663e+000 
1.066538278e+000 1.776966837e+000 
1.056226814e+000 1.763432353e+000 
1.115832854e+000 1.832250069e+000 
1.043112406e+000 1.743253577e+000 
1.093652761e+000 1.809178004e+000 
1.174024501e+000 1.882143578e+000 
1.147453820e+000 1.859867256e+000 
1.046579319e+000 1.748486482e+000 
1.118473435e+000 1.834606209e+000 
1.122622159e+000 1.839231922e+000 
1.103082937e+000 1.819322584e+000 
1.015360054e+000 1.686001579e+000 
1.030559087e+000 1.720708772e+000 
1.135338929e+000 1.849914305e+000 
1.012636190e+000 1.677391748e+000 
1.128804902e+000 1.843995549e+000 
1.087780069e+000 1.802214636e+000 
1.021377688e+000 1.699975230e+000 
1.113152957e+000 1.829727662e+000 
1.141406535e+000 1.853796537e+000 
1.147458841e+000 1.859918744e+000 
1.054289609e+000 1.760556652e+000 
1.091815987e+000 1.807324651e+000 
1.115168855e+000 1.830968771e+000 
1.060478044e+000 1.769799177e+000 
1.055251286e+000 1.762031020e+000 
1.133144314e+000 1.847735044e+000 
1.052759901e+000 1.758199448e+000 
1.107970186e+000 1.824290269e+000 
1.057715028e+000 1.765324574e+000 
1.057090345e+000 1.764921076e+000 
1.021985057e+000 1.702328869e+000 
1.029687967e+000 1.718945911e+000 
1.161823073e+000 1.871079261e+000 
1.036748187e+000 1.731581394e+000 
1.023453440e+000 1.705548527e+000 
1.131538185e+000 1.846479018e+000 
1.072515739e+000 1.785508272e+000 
1.152159155e+000 1.863236801e+000 
1.015575929e+000 1.686801548e+000 
1.110955241e+000 1.827490806e+000 
1.015075503e+000 1.685394191e+000 
1.125708601e+000 1.840877290e+000 
1.075184257e+000 1.788702786e+000 
1.070814324e+000 1.782206607e+000 
1.160042149e+000 1.869947712e+000 
1.164197326e+000 1.873416969e+000 
1.169111450e+000 1.877444897e+000 
1.019938030e+000 1.697354016e+000 
1.027665759e+000 1.714145527e+000 
1.036151899e+000 1.730910984e+000 
1.092884575e+000 1.808254902e+000 
1.033762783e+000 1.726909821e+000 
1.017695617e+000 1.691748479e+000 
1.039995298e+000 1.737441300e+000 
1.053098956e+000 1.758736599e+000 
1.046140809e+000 1.748273341e+000 
1.014541381e+000 1.682593105e+000 
1.040872875e+000 1.739369853e+000 
1.035371948e+000 1.729639317e+000 
1.066910652e+000 1.777150864e+000 
1.098064813e+000 1.814480463e+000 
1.019757982e+000 1.696591086e+000 
1.050726649e+000 1.755286591e+000 
1.031257917e+000 1.722040179e+000 
1.024173547e+000 1.706930681e+000 
1.039355486e+000 1.736699892e+000 
1.098318731e+000 1.814484226e+000 
1.015462294e+000 1.686406198e+000 
1.040236965e+000 1.737844080e+000 
1.137515476e+000 1.851236540e+000 
1.151242015e+000 1.862144718e+000 
1.089985705e+000 1.804882915e+000 
1.025161627e+000 1.708946347e+000 
1.088988992e+000 1.803760241e+000 
1.023548947e+000 1.705868406e+000 
1.036534840e+000 1.731349511e+000 
1.068520470e+000 1.779407022e+000 
1.038367445e+000 1.735098451e+000 
1.131644161e+000 1.846522466e+000 
1.103739309e+000 1.819357111e+000 
1.169741548e+000 1.877954423e+000 
1.016263825e+000 1.688165010e+000 
1.094179335e+000 1.809919923e+000 
1.174933058e+000 1.882167923e+000 
1.184950132e+000 1.888732815e+000 
1.047698247e+000 1.750029046e+000 
1.086649246e+000 1.801215707e+000 
1.180016918e+000 1.886506387e+000 
1.175186928e+000 1.882830611e+000 
1.120495450e+000 1.835947253e+000 
1.050118072e+000 1.753316232e+000 
1.113609998e+000 1.829958807e+000 
1.193470903e+000 1.892986454e+000 
1.035642888e+000 1.730252063e+000 
1.031832010e+000 1.722645656e+000 
1.069150024e+000 1.779769516e+000 
1.118867385e+000 1.834716443e+000 
1.172128567e+000 1.880308300e+000 
1.167851362e+000 1.875983880e+000 
1.130370547e+000 1.844460748e+000 
1.071306279e+000 1.782738371e+000 
1.102332559e+000 1.817777390e+000 
1.049111445e+000 1.752432032e+000 
1.145614727e+000 1.857753067e+000 
1.066249253e+000 1.776119835e+000 
1.091437075e+000 1.806694795e+000 
1.168632310e+000 1.877041931e+000 
1.149257557e+000 1.860365401e+000 
1.138167566e+000 1.852693690e+000 
1.092801079e+000 1.807857780e+000 
1.193881606e+000 1.893490641e+000 
1.165512216e+000 1.875058973e+000 
1.087147639e+000 1.801371318e+000 
1.162596847e+000 1.872435260e+000 
1.143522901e+000 1.856717957e+000 
1.138413991e+000 1.853066342e+000 
1.138057488e+000 1.851603604e+000 
1.136635668e+000 1.849992862e+000 
1.155222013e+000 1.865749663e+000 
1.003846169e+000 1.089804264e+000 
1.004000672e+000 1.089817168e+000 
1.004365973e+000 1.090070594e+000 
1.004767798e+000 1.091903409e+000 
1.004173040e+000 1.089956144e+000 
1.003039593e+000 1.087636319e+000 
1.004425042e+000 1.091659582e+000 
1.002998990e+000 1.087338259e+000 
1.003503413e+000 1.089560437e+000 
1.002685937e+000 1.085405476e+000 
1.005072049e+000 1.091927907e+000 
1.004150420e+000 1.089828762e+000 
1.001979697e+000 1.026293408e+000 
1.002185826e+000 1.026329870e+000 
1.001965019e+000 1.026237393e+000 
1.002118538e+000 1.026299051e+000 
1.002367454e+000 1.026861665e+000 
1.002335240e+000 1.026855918e+000 
1.002240417e+000 1.026847753e+000 
1.001870196e+000 1.026229227e+000 
1.002172025e+000 1.026329671e+000 
1.001801804e+000 1.025711146e+000 
1.001411115e+000 1.007887677e+000 
1.001266126e+000 1.007665481e+000 
1.001052151e+000 1.007633061e+000 
1.001432373e+000 1.007888496e+000 
1.001646347e+000 1.007920916e+000 
1.001395081e+000 1.007886320e+000 
1.011806083e+000 1.376637670e+000 
1.007058141e+000 1.362727327e+000 
1.012536366e+000 1.378728909e+000 
1.011455887e+000 1.375482285e+000 
1.008689579e+000 1.368335848e+000 
1.006934984e+000 1.361181591e+000 
1.007521024e+000 1.364699295e+000 
1.009166151e+000 1.369904832e+000 
1.011213712e+000 1.375459111e+000 
1.007892831e+000 1.365910439e+000 
1.007343443e+000 1.363011505e+000 
1.012042232e+000 1.377748532e+000 
1.010311356e+000 1.372985996e+000 
1.008226696e+000 1.366302905e+000 
1.009500015e+000 1.370297299e+000 
1.010580494e+000 1.373467836e+000 
1.012358918e+000 1.378175344e+000 
1.219393910e+000 1.914506507e+000 
1.240587969e+000 1.929826530e+000 
1.217405917e+000 1.911944196e+000 
1.300473501e+000 1.957160819e+000 
1.197175334e+000 1.896929583e+000 
1.389931505e+000 1.988869099e+000 
1.213024264e+000 1.908965459e+000 
1.206716592e+000 1.904446058e+000 
1.209927853e+000 1.906061874e+000 
1.216816392e+000 1.911739581e+000 
1.222411892e+000 1.917725047e+000 
1.208985298e+000 1.905830928e+000 
1.201333873e+000 1.900514621e+000 
1.200884804e+000 1.899088723e+000 
1.200722593e+000 1.898274457e+000 
1.224013611e+000 1.917884765e+000 
1.259092582e+000 1.938781068e+000 
1.214530334e+000 1.909910426e+000 
1.288861238e+000 1.951624254e+000 
1.211326171e+000 1.907863354e+000 
1.214585783e+000 1.910573992e+000 
1.224914917e+000 1.918231141e+000 
1.217887841e+000 1.913561541e+000 
1.258165154e+000 1.938677760e+000 
1.243261514e+000 1.930944066e+000 
1.289888699e+000 1.952476882e+000 
1.286775436e+000 1.950646609e+000 
1.395754846e+000 1.991113512e+000 
1.239300172e+000 1.928138030e+000 
1.273320862e+000 1.945687174e+000 
1.265043635e+000 1.942953518e+000 
1.243888109e+000 1.931960053e+000 
1.200344023e+000 1.897936402e+000 
1.210435410e+000 1.907377432e+000 
1.255862125e+000 1.937233435e+000 
1.205971788e+000 1.903170150e+000 
1.238398069e+000 1.927966911e+000 
1.226242248e+000 1.919944879e+000 
1.278916481e+000 1.948910510e+000 
1.261881140e+000 1.940405655e+000 
1.204077024e+000 1.900677225e+000 
1.204108170e+000 1.901871177e+000 
1.290022217e+000 1.952481526e+000 
1.277824036e+000 1.946827130e+000 
1.257107622e+000 1.938325591e+000 
1.241515396e+000 1.929929838e+000 
1.272790647e+000 1.945600865e+000 
1.199016109e+000 1.897197876e+000 
1.261477293e+000 1.940208019e+000 
1.229586078e+000 1.920330286e+000 
1.227143553e+000 1.920291255e+000 
1.199097669e+000 1.897591822e+000 
1.261098346e+000 1.940070595e+000 
1.564226125e+000 1.999824122e+000 
1.233586249e+000 1.925541172e+000 
1.272201434e+000 1.944145287e+000 
1.245262392e+000 1.932539986e+000 
1.264937369e+000 1.942064610e+000 
1.200942367e+000 1.899464749e+000 
1.208367394e+000 1.905261171e+000 
1.241787924e+000 1.930080585e+000 
1.217298696e+000 1.911828444e+000 
1.272533215e+000 1.945579308e+000 
1.267941671e+000 1.944094825e+000 
1.254960820e+000 1.936887059e+000 
1.247224021e+000 1.933974993e+000 
1.243041906e+000 1.930707319e+000 
1.215806306e+000 1.910602271e+000 
1.249961581e+000 1.935134474e+000 
1.221643054e+000 1.916478866e+000 
1.275343213e+000 1.945944144e+000 
1.229690608e+000 1.921960849e+000 
1.275411645e+000 1.946777770e+000 
1.200145899e+000 1.897621471e+000 
1.250404583e+000 1.935281013e+000 
1.211966619e+000 1.908526777e+000 
1.255483178e+000 1.937096011e+000 
1.242350796e+000 1.930649279e+000 
1.244789415e+000 1.932306428e+000 
1.225645424e+000 1.918668300e+000 
1.219935542e+000 1.914867920e+000 
1.236735628e+000 1.927674695e+000 
1.216007445e+000 1.910973222e+000 
1.299298688e+000 1.956946372e+000 
1.254480276e+000 1.936638576e+000 
1.332189788e+000 1.970733767e+000 
1.205009475e+000 1.902217553e+000 
1.571186139e+000 1.999856436e+000 
1.333442067e+000 1.971030322e+000 
1.232735321e+000 1.924121431e+000 
1.245780691e+000 1.932706452e+000 
1.587149543e+000 1.999860216e+000 
1.231571742e+000 1.921975502e+000 
1.239977955e+000 1.929126673e+000 
1.232251029e+000 1.922997596e+000 
1.588496584e+000 1.999868149e+000 
1.378240267e+000 1.985303164e+000 
1.231972738e+000 1.922982807e+000 
1.234274393e+000 1.925563836e+000 
1.217563032e+000 1.912219899e+000 
1.221162258e+000 1.915213369e+000 
1.263072144e+000 1.941218059e+000 
1.589775986e+000 1.999992068e+000 
1.437657882e+000 1.996628199e+000 
1.243638745e+000 1.931153339e+000 
1.205943605e+000 1.902322891e+000 
1.561621017e+000 1.999627369e+000 
1.556691496e+000 1.999605991e+000 
1.413997086e+000 1.993119351e+000 
1.193844543e+000 1.893302165e+000 
1.351831482e+000 1.977830124e+000 
1.417694907e+000 1.993997673e+000 
1.415342744e+000 1.993641484e+000 
1.412099541e+000 1.992672382e+000 
1.591123027e+000 2.000000000e+000 
1.293873588e+000 1.955028922e+000 
1.292807519e+000 1.954622014e+000 
1.366671275e+000 1.982125067e+000 
1.438357188e+000 1.996655736e+000 
1.291352547e+000 1.953426832e+000 
1.283351433e+000 1.949929276e+000 
1.295054397e+000 1.955572631e+000 
1.283518789e+000 1.950016037e+000 
1.439964661e+000 1.996836301e+000 
1.290029422e+000 1.953311261e+000 
1.278695649e+000 1.948052231e+000 
1.307672278e+000 1.961682321e+000 
1.461943015e+000 1.998398472e+000 
1.282223979e+000 1.949232812e+000 
1.277963112e+000 1.947311351e+000 
1.286788799e+000 1.951360714e+000 
1.280713537e+000 1.949168160e+000 
1.292044025e+000 1.953824406e+000 
1.297223192e+000 1.956819562e+000 
1.474756969e+000 1.998902440e+000 
1.340135776e+000 1.973417526e+000 
1.339903003e+000 1.972934527e+000 
1.459529462e+000 1.998312671e+000 
1.479225752e+000 1.998974090e+000 
1.484491244e+000 1.999092749e+000 
1.447343939e+000 1.998232742e+000 
1.322554248e+000 1.967683782e+000 
1.344853619e+000 1.975252860e+000 
1.300899346e+000 1.958095044e+000 
1.466713270e+000 1.998544437e+000 
1.422827440e+000 1.994955427e+000 
1.322050654e+000 1.967666432e+000 
1.429600835e+000 1.996614641e+000 
1.301318023e+000 1.958593162e+000 
1.422038616e+000 1.994876444e+000 
1.468879521e+000 1.998858110e+000 
1.470918083e+000 1.998869799e+000 
1.390995887e+000 1.989356124e+000 
1.394510496e+000 1.989824207e+000 
1.427185402e+000 1.995216193e+000 
1.303160277e+000 1.958888643e+000 
1.402910620e+000 1.991688689e+000 
1.388874250e+000 1.988868578e+000 
1.319294869e+000 1.965830005e+000 
1.310769374e+000 1.963246809e+000 
1.304251019e+000 1.960042108e+000 
1.312460776e+000 1.964075089e+000 
1.309693527e+000 1.962360498e+000 
1.309915056e+000 1.962913948e+000 
1.424923097e+000 1.995126656e+000 
1.313879207e+000 1.964474363e+000 
1.309650629e+000 1.962318381e+000 
1.439155534e+000 1.996760266e+000 
1.440535878e+000 1.997443114e+000 
1.427915317e+000 1.995770488e+000 
1.429101424e+000 1.995933641e+000 
1.421004231e+000 1.994201648e+000 
1.409112264e+000 1.992453370e+000 
1.405249013e+000 1.992017531e+000 
1.411521108e+000 1.992542268e+000 
1.395345991e+000 1.990037505e+000 
1.412578286e+000 1.992993114e+000 
1.386053092e+000 1.988386483e+000 
1.380538103e+000 1.986584973e+000 
1.387793203e+000 1.988478665e+000 
1.328874068e+000 1.969424717e+000 
1.379889727e+000 1.986017089e+000 
1.382679376e+000 1.987342380e+000 
1.348764355e+000 1.977406644e+000 
1.393237772e+000 1.989521539e+000 
1.372297603e+000 1.984591935e+000 
1.326410731e+000 1.968685044e+000 
1.378320519e+000 1.985731489e+000 
1.366992670e+000 1.983079387e+000 
1.538653865e+000 1.999580327e+000 
1.381565156e+000 1.986691706e+000 
1.466445420e+000 1.998443330e+000 
1.366726009e+000 1.982227606e+000 
1.337295853e+000 1.972491538e+000 
1.326980146e+000 1.968737670e+000 
1.346520347e+000 1.976213478e+000 
1.334206227e+000 1.972065361e+000 
1.325846993e+000 1.968175013e+000 
1.370800267e+000 1.983771708e+000 
1.337318856e+000 1.972741885e+000 
1.333881208e+000 1.972063256e+000 
1.373668289e+000 1.985244727e+000 
1.352199169e+000 1.977950725e+000 
1.532713317e+000 1.999566608e+000 
1.359832355e+000 1.980343770e+000 
1.362831318e+000 1.982070888e+000 
1.332410948e+000 1.970903557e+000 
1.358633834e+000 1.980191661e+000 
1.354109407e+000 1.978917036e+000 
1.352468727e+000 1.978516208e+000 
1.361727431e+000 1.981385475e+000 
1.328325675e+000 1.968948056e+000 
1.506864942e+000 1.999541174e+000 
1.494051859e+000 1.999487309e+000 
1.504627731e+000 1.999494311e+000 
1.487732460e+000 1.999253811e+000 

