1.001554182e+000 1.265675831e+000 
1.001300752e+000 1.264347143e+000 
1.001075201e+000 1.121404595e+000 
1.000771617e+000 1.120697824e+000 
1.001201694e+000 1.121485477e+000 
1.000000000e+000 1.005903078e+000 
1.000564454e+000 1.017676299e+000 
1.000424643e+000 1.017660335e+000 
1.000406382e+000 1.017611447e+000 
1.001063245e+000 1.121132756e+000 
1.009561021e+000 1.898354821e+000 
1.012641017e+000 1.904111633e+000 
1.011312855e+000 1.901698221e+000 
1.078829645e+000 1.964076575e+000 
1.074446143e+000 1.961459473e+000 
1.011366447e+000 1.901871582e+000 
1.033895405e+000 1.933489512e+000 
1.028243933e+000 1.926613226e+000 
1.046750250e+000 1.946243289e+000 
1.011618060e+000 1.902247638e+000 
1.024125222e+000 1.921105427e+000 
1.023531829e+000 1.920166660e+000 
1.029557449e+000 1.928730320e+000 
1.070639843e+000 1.959890102e+000 
1.024707405e+000 1.921851377e+000 
1.010393633e+000 1.899827664e+000 
1.017922116e+000 1.912186783e+000 
1.049346895e+000 1.947672965e+000 
1.035033723e+000 1.934887131e+000 
1.027278815e+000 1.925605500e+000 
1.004880487e+000 1.887806160e+000 
1.026948458e+000 1.924991542e+000 
1.028028489e+000 1.926399282e+000 
1.043065189e+000 1.942893255e+000 
1.044817829e+000 1.944395140e+000 
1.017439412e+000 1.911990187e+000 
1.018813691e+000 1.914293960e+000 
1.004331938e+000 1.885817617e+000 
1.019621827e+000 1.915005824e+000 
1.019790359e+000 1.915465114e+000 
1.031436489e+000 1.930909200e+000 
1.042421659e+000 1.941737215e+000 
1.006264098e+000 1.891628787e+000 
1.040437741e+000 1.939776040e+000 
1.035648046e+000 1.935454449e+000 
1.037830898e+000 1.937633329e+000 
1.009812634e+000 1.898730877e+000 
1.036180118e+000 1.935764881e+000 
1.020225726e+000 1.915549748e+000 
1.038942918e+000 1.938567896e+000 
1.037190277e+000 1.937066011e+000 
1.028012655e+000 1.926153936e+000 
1.073545488e+000 1.961357117e+000 
1.033189129e+000 1.932874136e+000 
1.004507334e+000 1.886245334e+000 
1.065755319e+000 1.958579755e+000 
1.006020128e+000 1.890886500e+000 
1.020583835e+000 1.917694422e+000 
1.006033445e+000 1.891169739e+000 
1.076527658e+000 1.962780846e+000 
1.075044699e+000 1.962068981e+000 
1.007846021e+000 1.895138509e+000 
1.029498115e+000 1.927784380e+000 
1.030100455e+000 1.928923860e+000 
1.044420615e+000 1.943417527e+000 
1.017948390e+000 1.912193851e+000 
1.027051821e+000 1.925228128e+000 
1.031267957e+000 1.930449910e+000 
1.014625955e+000 1.906954310e+000 
1.057671820e+000 1.952814798e+000 
1.069713704e+000 1.959590860e+000 
1.012634085e+000 1.903703975e+000 
1.023704439e+000 1.920773776e+000 
1.040533667e+000 1.940008865e+000 
1.072619349e+000 1.961057876e+000 
1.004964143e+000 1.888151241e+000 
1.008427020e+000 1.896235297e+000 
1.040669019e+000 1.940235330e+000 
1.019601600e+000 1.914371408e+000 
1.027821243e+000 1.925931067e+000 
1.014355058e+000 1.906876001e+000 
1.036078258e+000 1.935668392e+000 
1.006866057e+000 1.892642581e+000 
1.021937087e+000 1.917861829e+000 
1.023077151e+000 1.919297070e+000 
1.025299181e+000 1.923263192e+000 
1.056188861e+000 1.952102934e+000 
1.001956938e+000 1.877737053e+000 
1.017996818e+000 1.912533228e+000 
1.022269015e+000 1.918585205e+000 
1.013930622e+000 1.905901299e+000 
1.022068993e+000 1.918429096e+000 
1.023245682e+000 1.919756359e+000 
1.035408430e+000 1.935053016e+000 
1.026107317e+000 1.923975056e+000 
1.013679009e+000 1.905525243e+000 
1.022000826e+000 1.917982468e+000 
1.005843101e+000 1.890661968e+000 
1.034658755e+000 1.934259234e+000 
1.007594408e+000 1.894762454e+000 
1.013268655e+000 1.905183088e+000 
1.026275848e+000 1.924434346e+000 
1.002592779e+000 1.881070258e+000 
1.013080488e+000 1.904635950e+000 
1.008982550e+000 1.897322018e+000 
1.032042241e+000 1.931102740e+000 
1.039059179e+000 1.938804483e+000 
1.018241706e+000 1.912767656e+000 
1.001970256e+000 1.878121347e+000 
1.022228005e+000 1.918441757e+000 
1.026273991e+000 1.924221728e+000 
1.060633822e+000 1.954513775e+000 
1.005070832e+000 1.888313930e+000 
1.008084288e+000 1.895368468e+000 
1.003580533e+000 1.884415624e+000 
1.007061331e+000 1.893387855e+000 
1.015635846e+000 1.908600263e+000 
1.003267359e+000 1.883147177e+000 
1.003567215e+000 1.884031330e+000 
1.002606097e+000 1.881454551e+000 
1.004001530e+000 1.885295432e+000 
1.001585327e+000 1.876700754e+000 
1.002465137e+000 1.880415476e+000 
1.028368834e+000 1.927012733e+000 
1.002221167e+000 1.880033959e+000 
1.003439573e+000 1.883376548e+000 
1.003195603e+000 1.882995031e+000 
1.002836749e+000 1.881826590e+000 
1.046211226e+000 1.944657114e+000 
1.003027093e+000 1.881842721e+000 
1.004773798e+000 1.887643470e+000 
1.003811185e+000 1.884787662e+000 
1.076459532e+000 1.962481605e+000 
1.068214493e+000 1.958878996e+000 
1.074960321e+000 1.961769740e+000 
1.007251676e+000 1.893895625e+000 
1.076004308e+000 1.962123137e+000 
1.050669747e+000 1.947962879e+000 
1.005301947e+000 1.888744379e+000 
1.033682088e+000 1.933088080e+000 
1.059536480e+000 1.954058567e+000 
1.025192388e+000 1.922157803e+000 
1.036213610e+000 1.935894857e+000 
1.047541848e+000 1.946436829e+000 
1.042253128e+000 1.941277925e+000 
1.030459821e+000 1.929738046e+000 
1.023236053e+000 1.919350170e+000 
1.022611999e+000 1.918622636e+000 
1.015670879e+000 1.908775578e+000 
1.016910416e+000 1.910840314e+000 
1.016556783e+000 1.910185450e+000 
1.010705192e+000 1.900379482e+000 
1.011061243e+000 1.901322166e+000 
1.029097489e+000 1.927752706e+000 
1.024506639e+000 1.921566578e+000 
1.032212461e+000 1.931702982e+000 
1.030307123e+000 1.929524103e+000 
1.028554483e+000 1.927559166e+000 
1.018319728e+000 1.912858221e+000 
1.039649194e+000 1.939723936e+000 
1.064865985e+000 1.956575757e+000 
1.011200775e+000 1.901497824e+000 
1.005492292e+000 1.889252149e+000 
1.015533827e+000 1.908321454e+000 
1.005792645e+000 1.889914374e+000 
1.033020597e+000 1.932414847e+000 
1.016861988e+000 1.910527482e+000 
1.015922491e+000 1.909151633e+000 
1.042201315e+000 1.941238647e+000 
1.034030757e+000 1.933715977e+000 
1.041401835e+000 1.941225821e+000 
1.034573763e+000 1.933909517e+000 
1.052422357e+000 1.949924054e+000 
1.008738580e+000 1.896579731e+000 
1.005748059e+000 1.889627070e+000 
1.016945448e+000 1.911015629e+000 
1.010949162e+000 1.901121769e+000 
1.043421447e+000 1.943015826e+000 
1.052083172e+000 1.949674942e+000 
1.016227696e+000 1.909493666e+000 
1.057575516e+000 1.952660466e+000 
1.037796030e+000 1.937259551e+000 
1.051103646e+000 1.949406620e+000 
1.047856183e+000 1.946696591e+000 
1.017250653e+000 1.911357661e+000 
1.048105677e+000 1.946767560e+000 
1.050923176e+000 1.948752900e+000 
1.045423582e+000 1.944588681e+000 
1.043670941e+000 1.943086795e+000 
1.046488440e+000 1.945072135e+000 
1.047562671e+000 1.946574020e+000 
1.018624932e+000 1.913200254e+000 
1.013573860e+000 1.905525120e+000 
1.009801821e+000 1.898415992e+000 
1.009234162e+000 1.897698073e+000 
1.007482328e+000 1.894354673e+000 
1.004586062e+000 1.886302234e+000 
1.014259709e+000 1.906385699e+000 
1.056175975e+000 1.951879687e+000 
1.061035661e+000 1.955229721e+000 
1.006454906e+000 1.892107958e+000 
1.058353566e+000 1.953050841e+000 
1.007238358e+000 1.893612387e+000 
1.065617109e+000 1.957408601e+000 
1.062534872e+000 1.955941585e+000 
1.012550904e+000 1.903661125e+000 
1.011994086e+000 1.902943037e+000 
1.056867318e+000 1.952334895e+000 
1.010027473e+000 1.899143286e+000 
1.010279086e+000 1.899519341e+000 
1.008626499e+000 1.896379334e+000 
1.007048014e+000 1.893104617e+000 
1.004294264e+000 1.885302279e+000 
1.053470365e+000 1.950156016e+000 
1.006706518e+000 1.892484013e+000 
1.002109087e+000 1.878759697e+000 
1.059279705e+000 1.953350082e+000 
1.062013666e+000 1.955528962e+000 
1.063461011e+000 1.956240826e+000 
1.049325536e+000 1.946805982e+000 
1.062001220e+000 1.955523993e+000 
1.063448565e+000 1.956235858e+000 
1.059267258e+000 1.953345113e+000 
1.008878112e+000 1.896755390e+000 
1.000251204e+000 1.014576539e+000 
1.000117264e+000 1.007124884e+000 
1.086564112e+000 1.966695584e+000 
1.214384463e+000 1.998066261e+000 
1.129387830e+000 1.981905163e+000 
1.088671308e+000 1.968362829e+000 
1.116660516e+000 1.978409352e+000 
1.115654534e+000 1.977861038e+000 
1.110734458e+000 1.976538939e+000 
1.082180460e+000 1.965265057e+000 
1.257513940e+000 1.998831671e+000 
1.237244024e+000 1.998573890e+000 
1.092673009e+000 1.969749725e+000 
1.193896798e+000 1.995688345e+000 
1.115725693e+000 1.977903634e+000 
1.266291732e+000 1.999073977e+000 
1.084900902e+000 1.966490026e+000 
1.116979150e+000 1.978615498e+000 
1.102991498e+000 1.973425113e+000 
1.107829452e+000 1.975531213e+000 
1.203693339e+000 1.996141932e+000 
1.098730549e+000 1.972338185e+000 
1.089907580e+000 1.968385030e+000 
1.288248858e+000 1.999570887e+000 
1.213558001e+000 1.997796016e+000 
1.076330273e+000 1.962228197e+000 
1.091542262e+000 1.969521966e+000 
1.085881340e+000 1.966682142e+000 
1.100744225e+000 1.972640469e+000 
1.158955315e+000 1.988691377e+000 
1.093501176e+000 1.970340828e+000 
1.166287866e+000 1.990358609e+000 
1.160757633e+000 1.989959204e+000 
1.122548203e+000 1.980794378e+000 
1.209270498e+000 1.997512292e+000 
1.122085048e+000 1.980600838e+000 
1.125810214e+000 1.981493637e+000 
1.140792226e+000 1.984939781e+000 
1.081230433e+000 1.964504687e+000 
1.109097074e+000 1.975724754e+000 
1.118246772e+000 1.978809039e+000 
1.167649912e+000 1.990544517e+000 
1.096384726e+000 1.970859152e+000 
1.160318170e+000 1.989053814e+000 
1.097215039e+000 1.971735064e+000 
1.113306019e+000 1.976630159e+000 
1.223304384e+000 1.998085615e+000 
1.083847955e+000 1.966194133e+000 
1.120267723e+000 1.979888973e+000 
1.087396850e+000 1.967285263e+000 
1.078037738e+000 1.963029824e+000 
1.243303976e+000 1.998582827e+000 
1.150679152e+000 1.987193511e+000 
1.105402211e+000 1.974136978e+000 
1.090905004e+000 1.969084877e+000 
1.109944241e+000 1.976122317e+000 
1.301676131e+000 1.999819285e+000 
1.219215042e+000 1.998079166e+000 
1.224405536e+000 1.998311086e+000 
1.083726380e+000 1.965299923e+000 
1.188794135e+000 1.994068298e+000 
1.208075860e+000 1.997408158e+000 
1.167631431e+000 1.990536899e+000 
1.229685218e+000 1.998323991e+000 
1.159448127e+000 1.989046181e+000 
1.104939056e+000 1.973943437e+000 
1.163835535e+000 1.990007074e+000 
1.097839312e+000 1.971975622e+000 
1.226969891e+000 1.998320610e+000 
1.106043945e+000 1.975325655e+000 
1.081953771e+000 1.964853808e+000 
1.131326730e+000 1.982904241e+000 
1.253455351e+000 1.998818715e+000 
1.159466609e+000 1.989053799e+000 
1.179337795e+000 1.992338701e+000 
1.088610532e+000 1.967606887e+000 
1.236090745e+000 1.998559212e+000 
1.200357320e+000 1.996128687e+000 
1.100794543e+000 1.973038032e+000 
1.204942390e+000 1.997138081e+000 
1.080803167e+000 1.964394518e+000 
1.095544839e+000 1.970497631e+000 
1.135021650e+000 1.983809646e+000 
1.264375055e+000 1.999053524e+000 
1.180165664e+000 1.993050565e+000 
1.091881360e+000 1.969544167e+000 
1.074114739e+000 1.961361033e+000 
1.133549346e+000 1.983750708e+000 
1.114750073e+000 1.977717241e+000 
1.124353661e+000 1.980995805e+000 
1.130413982e+000 1.982710700e+000 
1.190855483e+000 1.995030410e+000 
1.126581902e+000 1.981513390e+000 
1.124151520e+000 1.980838395e+000 
1.163037383e+000 1.989973215e+000 
1.102546568e+000 1.973231573e+000 
1.137277944e+000 1.984201418e+000 
1.170697191e+000 1.991896640e+000 
1.236109227e+000 1.998566541e+000 
1.087856134e+000 1.967601922e+000 
1.169589833e+000 1.990817756e+000 
1.083786941e+000 1.965423042e+000 
1.187543254e+000 1.994021016e+000 
1.098815667e+000 1.972434911e+000 
1.252382078e+000 1.998811366e+000 
1.233302095e+000 1.998335512e+000 
1.181950765e+000 1.993626412e+000 
1.245926842e+000 1.998757671e+000 
1.115660174e+000 1.977865449e+000 
1.113398505e+000 1.977710093e+000 
1.096937540e+000 1.971275710e+000 
1.173586175e+000 1.992130466e+000 
1.180628819e+000 1.993244106e+000 
1.211602151e+000 1.997790631e+000 
1.147728241e+000 1.986318956e+000 
1.157879866e+000 1.988497836e+000 
1.093396870e+000 1.970147288e+000 
1.132608203e+000 1.983552454e+000 
1.072273117e+000 1.960158152e+000 
1.152456962e+000 1.987255266e+000 
1.164103486e+000 1.990240690e+000 
1.113123695e+000 1.976594908e+000 
1.082934857e+000 1.965270023e+000 
1.189028329e+000 1.994413592e+000 
1.141870372e+000 1.985738951e+000 
1.181138076e+000 1.993509465e+000 
1.115001822e+000 1.977754110e+000 
1.132626685e+000 1.983560071e+000 
1.086803186e+000 1.967256543e+000 
1.182425136e+000 1.993902041e+000 
1.203780366e+000 1.997132695e+000 
1.129850985e+000 1.982098703e+000 
1.169610781e+000 1.991189305e+000 
1.189918469e+000 1.994953815e+000 
1.192988559e+000 1.995313566e+000 
1.142042455e+000 1.985794985e+000 
1.231107654e+000 1.998325096e+000 
1.193201931e+000 1.995422986e+000 
1.098919973e+000 1.972628452e+000 
1.135611572e+000 1.983885811e+000 
1.143993688e+000 1.985801783e+000 
1.157527625e+000 1.988424074e+000 
1.162680882e+000 1.989966002e+000 
1.262908024e+000 1.998964125e+000 
1.159356897e+000 1.988937341e+000 
1.103659854e+000 1.973533857e+000 
1.242707048e+000 1.998576956e+000 
1.087812167e+000 1.967365287e+000 
1.077507749e+000 1.962972534e+000 
1.265428308e+000 1.999073956e+000 
1.160401132e+000 1.989951992e+000 
1.152798573e+000 1.987909188e+000 
1.153339903e+000 1.988102728e+000 
1.129109565e+000 1.981868956e+000 
1.144001875e+000 1.985923849e+000 
1.130302032e+000 1.982540140e+000 
1.127046291e+000 1.981854743e+000 
1.094510156e+000 1.970449572e+000 
1.175827584e+000 1.992234712e+000 
1.126803042e+000 1.981577275e+000 
1.157214757e+000 1.988376508e+000 
1.078430410e+000 1.963163480e+000 
1.118869974e+000 1.978963999e+000 
1.180914016e+000 1.993425528e+000 
1.136755319e+000 1.983916743e+000 
1.198931586e+000 1.995805213e+000 
1.260461807e+000 1.998846522e+000 
1.108798354e+000 1.975686173e+000 
1.315046989e+000 2.000000000e+000 
1.166424825e+000 1.990384852e+000 
1.105558803e+000 1.974242862e+000 
1.095850389e+000 1.970600651e+000 
1.116283250e+000 1.978009270e+000 
1.257830181e+000 1.998842241e+000 
1.112327540e+000 1.976591579e+000 
1.302949465e+000 1.999824251e+000 
1.111978605e+000 1.976583140e+000 
1.303191186e+000 1.999833587e+000 
1.260631570e+000 1.998953980e+000 
1.275146486e+000 1.999149604e+000 
1.117547658e+000 1.978762020e+000 
1.297468922e+000 1.999592143e+000 
1.117896593e+000 1.978770458e+000 
1.283137480e+000 1.999342282e+000 
1.276021327e+000 1.999342058e+000 
1.254421879e+000 1.998831511e+000 
1.283613759e+000 1.999342745e+000 
1.273822403e+000 1.999134695e+000 
1.269940454e+000 1.999100613e+000 
1.266947672e+000 1.999087503e+000 
1.290268841e+000 1.999583726e+000 
1.291977713e+000 1.999591919e+000 
1.259681973e+000 1.998842375e+000 
1.286110195e+000 1.999355010e+000 

