1.023375007e+000 1.081224508e+000 
1.023177411e+000 1.080494353e+000 
1.021831115e+000 1.078098075e+000 
1.024264360e+000 1.082555012e+000 
1.026997536e+000 1.085857401e+000 
1.025167287e+000 1.083254686e+000 
1.020355830e+000 1.074751945e+000 
1.020009612e+000 1.074299465e+000 
1.026151017e+000 1.084739107e+000 
1.019411133e+000 1.072954394e+000 
1.021261680e+000 1.076924759e+000 
1.022400734e+000 1.079163849e+000 
1.022692450e+000 1.079540953e+000 
1.024048608e+000 1.081757964e+000 
1.019545181e+000 1.073227607e+000 
1.022589636e+000 1.079361686e+000 
1.019399456e+000 1.071940401e+000 
1.020713279e+000 1.075638451e+000 
1.020143660e+000 1.074572678e+000 
1.020663201e+000 1.075579688e+000 
1.018830907e+000 1.070678173e+000 
1.027586724e+000 1.227511443e+000 
1.027149625e+000 1.226467893e+000 
1.011610801e+000 1.010019984e+000 
1.004630350e+000 1.007245173e+000 
1.008676415e+000 1.009072880e+000 
1.009546840e+000 1.009369096e+000 
1.011849027e+000 1.010048829e+000 
1.007628248e+000 1.008637550e+000 
1.006022466e+000 1.007914807e+000 
1.009366349e+000 1.009327281e+000 
1.008182299e+000 1.008859470e+000 
1.005516008e+000 1.007770215e+000 
1.005089188e+000 1.007591279e+000 
1.011780816e+000 1.010027335e+000 
1.011319479e+000 1.009940826e+000 
1.011149464e+000 1.009933475e+000 
1.004950798e+000 1.007459600e+000 
1.004359390e+000 1.007214754e+000 
1.006392069e+000 1.008111401e+000 
1.011005814e+000 1.009798941e+000 
1.008064658e+000 1.008816759e+000 
1.010045449e+000 1.009539831e+000 
1.005279180e+000 1.007619985e+000 
1.009107722e+000 1.009255103e+000 
1.009299053e+000 1.009290697e+000 
1.008495964e+000 1.008998982e+000 
1.004998494e+000 1.007461186e+000 
1.007941913e+000 1.008777062e+000 
1.005957660e+000 1.007913139e+000 
1.007083787e+000 1.008415904e+000 
1.010369101e+000 1.009684994e+000 
1.005606615e+000 1.007779327e+000 
1.004222059e+000 1.007002647e+000 
1.010118286e+000 1.009546649e+000 
1.009622705e+000 1.009435861e+000 
1.008932771e+000 1.009181459e+000 
1.005179795e+000 1.007600391e+000 
1.009556828e+000 1.009374701e+000 
1.008794056e+000 1.009115590e+000 
1.004097232e+000 1.006992365e+000 
1.004734521e+000 1.007375682e+000 
1.004291071e+000 1.007008352e+000 
1.005325929e+000 1.007620528e+000 
1.006641906e+000 1.008207321e+000 
1.005440234e+000 1.007725813e+000 
1.007201428e+000 1.008458614e+000 
1.003981508e+000 1.006799205e+000 
1.006857693e+000 1.008347385e+000 
1.008400642e+000 1.008919537e+000 
1.007695544e+000 1.008672025e+000 
1.007319541e+000 1.008524537e+000 
1.007136022e+000 1.008420350e+000 
1.006524265e+000 1.008164229e+000 
1.008363798e+000 1.008893793e+000 
1.003423997e+000 1.001433373e+000 
1.003959804e+000 1.001478910e+000 
1.003725596e+000 1.001475172e+000 
1.003478619e+000 1.001434731e+000 
1.003534228e+000 1.001435365e+000 
1.001685884e+000 1.001135052e+000 
1.001741493e+000 1.001135686e+000 
1.001758477e+000 1.001143304e+000 
1.003904195e+000 1.001478275e+000 
1.003007728e+000 1.001386782e+000 
1.002098291e+000 1.001209267e+000 
1.001973236e+000 1.001201978e+000 
1.001938911e+000 1.001163601e+000 
1.003062350e+000 1.001388139e+000 
1.002152259e+000 1.001209299e+000 
1.001988060e+000 1.001207275e+000 
1.002042682e+000 1.001208632e+000 
1.002207868e+000 1.001209934e+000 
1.001829334e+000 1.001162934e+000 
1.001884943e+000 1.001163569e+000 
1.003171927e+000 1.001388806e+000 
1.003117959e+000 1.001388774e+000 
1.003418905e+000 1.001429248e+000 
1.003364936e+000 1.001429216e+000 
1.003227536e+000 1.001389441e+000 
1.003003512e+000 1.001381674e+000 
1.002690664e+000 1.001336052e+000 
1.003004330e+000 1.001382958e+000 
1.001762332e+000 1.001160120e+000 
1.002702730e+000 1.001341159e+000 
1.001781568e+000 1.001161409e+000 
1.002650935e+000 1.001297281e+000 
1.002386348e+000 1.001253822e+000 
1.002866930e+000 1.001343184e+000 
1.002922539e+000 1.001343818e+000 
1.002440970e+000 1.001255179e+000 
1.002812961e+000 1.001343152e+000 
1.002756535e+000 1.001341233e+000 
1.001816954e+000 1.001161477e+000 
1.002541358e+000 1.001296614e+000 
1.002757352e+000 1.001342517e+000 
1.002540541e+000 1.001295358e+000 
1.002486736e+000 1.001295257e+000 
1.002596967e+000 1.001297249e+000 
1.002262550e+000 1.001249075e+000 
1.046332342e+000 1.723068211e+000 
1.107213110e+000 1.810021969e+000 
1.047119152e+000 1.724729344e+000 
1.068637488e+000 1.762288828e+000 
1.055460814e+000 1.740996334e+000 
1.097139275e+000 1.799206382e+000 
1.172052236e+000 1.863945302e+000 
1.188529162e+000 1.876220793e+000 
1.057548962e+000 1.744852272e+000 
1.219544057e+000 1.891875452e+000 
1.202733760e+000 1.883515986e+000 
1.053799027e+000 1.738382698e+000 
1.205308775e+000 1.885788959e+000 
1.069061990e+000 1.762554580e+000 
1.238082790e+000 1.899660027e+000 
1.213065555e+000 1.890503798e+000 
1.269157425e+000 1.911977883e+000 
1.070215502e+000 1.764915216e+000 
1.152495677e+000 1.850078783e+000 
1.055878357e+000 1.741952022e+000 
1.043435935e+000 1.715578317e+000 
1.152927692e+000 1.850346317e+000 
1.070672905e+000 1.765418621e+000 
1.048848950e+000 1.728448869e+000 
1.045737577e+000 1.721597576e+000 
1.094687125e+000 1.796405558e+000 
1.183362273e+000 1.871882901e+000 
1.097018244e+000 1.799183563e+000 
1.191040369e+000 1.877653318e+000 
1.265146403e+000 1.909999447e+000 
1.073635055e+000 1.769093266e+000 
1.207843486e+000 1.887040714e+000 
1.110957230e+000 1.814229288e+000 
1.122547398e+000 1.825138713e+000 
1.065669805e+000 1.757833471e+000 
1.052199667e+000 1.735936941e+000 
1.123087000e+000 1.826152962e+000 
1.122901877e+000 1.825760315e+000 
1.095726274e+000 1.797778286e+000 
1.227814793e+000 1.896148668e+000 
1.088694117e+000 1.788215309e+000 
1.210668801e+000 1.888835952e+000 
1.118907257e+000 1.821969608e+000 
1.211870092e+000 1.889645241e+000 
1.140907221e+000 1.841390247e+000 
1.142074432e+000 1.842774895e+000 
1.137663216e+000 1.839576838e+000 
1.192811343e+000 1.878796991e+000 
1.049513512e+000 1.730070028e+000 
1.141310796e+000 1.842005587e+000 
1.175296572e+000 1.865799938e+000 
1.081235531e+000 1.779713066e+000 
1.212864275e+000 1.889917200e+000 
1.087524454e+000 1.787448142e+000 
1.070033822e+000 1.764534221e+000 
1.044500664e+000 1.718156797e+000 
1.044567643e+000 1.718784447e+000 
1.077556548e+000 1.774325513e+000 
1.140656582e+000 1.841234374e+000 
1.052705709e+000 1.736617278e+000 
1.069910018e+000 1.763835792e+000 
1.105550827e+000 1.808311500e+000 
1.122741989e+000 1.825696859e+000 
1.133312151e+000 1.834338086e+000 
1.175410289e+000 1.866362942e+000 
1.081527278e+000 1.779830644e+000 
1.043625483e+000 1.716090890e+000 
1.182323336e+000 1.871860440e+000 
1.042680700e+000 1.713121265e+000 
1.051344075e+000 1.733709557e+000 
1.065156892e+000 1.756918031e+000 
1.077580325e+000 1.774376437e+000 
1.200011513e+000 1.881716391e+000 
1.203927798e+000 1.884569954e+000 
1.047878484e+000 1.726951573e+000 
1.225241731e+000 1.895196073e+000 
1.123975102e+000 1.827206162e+000 
1.230063024e+000 1.897231764e+000 
1.124568336e+000 1.827288169e+000 
1.228692453e+000 1.897185000e+000 
1.227691854e+000 1.896127785e+000 
1.067514132e+000 1.760684141e+000 
1.056290515e+000 1.742478277e+000 
1.150564368e+000 1.848511625e+000 
1.050486640e+000 1.731680445e+000 
1.210202408e+000 1.887980281e+000 
1.086035068e+000 1.785882510e+000 
1.050626295e+000 1.732566565e+000 
1.047126081e+000 1.724779232e+000 
1.054483696e+000 1.739174748e+000 
1.152878234e+000 1.850207853e+000 
1.098618390e+000 1.800883028e+000 
1.046083296e+000 1.722492705e+000 
1.153178040e+000 1.850398834e+000 
1.098137729e+000 1.800344513e+000 
1.147512148e+000 1.846332533e+000 
1.227208284e+000 1.895216251e+000 
1.046345161e+000 1.723135704e+000 
1.051001984e+000 1.733052976e+000 
1.157580268e+000 1.854033269e+000 
1.160589748e+000 1.855763077e+000 
1.047245248e+000 1.725178543e+000 
1.236373288e+000 1.899317481e+000 
1.211292633e+000 1.889008486e+000 
1.056529099e+000 1.742502561e+000 
1.241041975e+000 1.902086523e+000 
1.248907518e+000 1.904597271e+000 
1.054381103e+000 1.739040376e+000 
1.045467730e+000 1.720827286e+000 
1.076363458e+000 1.772684168e+000 
1.145840547e+000 1.845081551e+000 
1.111550446e+000 1.814931902e+000 
1.151593013e+000 1.849329054e+000 
1.124116225e+000 1.827275681e+000 
1.149070361e+000 1.847684348e+000 
1.155753920e+000 1.852441958e+000 
1.153864629e+000 1.850636014e+000 
1.060886035e+000 1.750460027e+000 
1.201085002e+000 1.882608664e+000 
1.156829977e+000 1.853102586e+000 
1.083364665e+000 1.782325442e+000 
1.156014996e+000 1.852782290e+000 
1.252571893e+000 1.906109141e+000 
1.084510764e+000 1.783669028e+000 
1.179868870e+000 1.870024762e+000 
1.080923786e+000 1.778817431e+000 
1.059729887e+000 1.748284854e+000 
1.108107152e+000 1.811313753e+000 
1.061696258e+000 1.751934583e+000 
1.096599388e+000 1.798824529e+000 
1.110008761e+000 1.813304348e+000 
1.116496679e+000 1.819832593e+000 
1.091396904e+000 1.792404023e+000 
1.084997109e+000 1.784526516e+000 
1.073646470e+000 1.769145064e+000 
1.136588007e+000 1.838570716e+000 
1.063798789e+000 1.755123794e+000 
1.154517475e+000 1.851508895e+000 
1.117241244e+000 1.820801782e+000 
1.167766400e+000 1.861380344e+000 
1.113283351e+000 1.816740434e+000 
1.253940415e+000 1.907051668e+000 
1.091533195e+000 1.792539724e+000 
1.059010223e+000 1.747142081e+000 
1.257089933e+000 1.908408037e+000 
1.163998286e+000 1.858932677e+000 
1.120078734e+000 1.823733722e+000 
1.064762551e+000 1.756682876e+000 
1.112085550e+000 1.815362804e+000 
1.061593665e+000 1.751817005e+000 
1.234962872e+000 1.898500542e+000 
1.092722657e+000 1.794132336e+000 
1.064042888e+000 1.755540103e+000 
1.070983234e+000 1.765612479e+000 
1.082109126e+000 1.780659962e+000 
1.063388936e+000 1.754980170e+000 
1.068320393e+000 1.761789812e+000 
1.078850289e+000 1.776366951e+000 
1.230822393e+000 1.897774247e+000 
1.114093390e+000 1.817109651e+000 
1.083857330e+000 1.782837917e+000 
1.079244629e+000 1.776688484e+000 
1.265387501e+000 1.910710088e+000 
1.100007845e+000 1.802667312e+000 
1.090977017e+000 1.791630532e+000 
1.066269670e+000 1.758532837e+000 
1.234734051e+000 1.898471683e+000 
1.239635210e+000 1.900628205e+000 
1.233615924e+000 1.898187584e+000 
1.133807397e+000 1.835645851e+000 
1.263634479e+000 1.909817994e+000 
1.089323407e+000 1.789953543e+000 
1.093637238e+000 1.795149883e+000 
1.182307135e+000 1.871751301e+000 
1.256067430e+000 1.907883251e+000 
1.192262736e+000 1.878018565e+000 
1.259914320e+000 1.908614882e+000 
1.202246632e+000 1.883223426e+000 
1.076863595e+000 1.773329463e+000 
1.128161616e+000 1.831041545e+000 
1.178592068e+000 1.868487166e+000 
1.245507730e+000 1.903260029e+000 
1.103545977e+000 1.806113097e+000 
1.115424731e+000 1.818789337e+000 
1.150012972e+000 1.848298573e+000 
1.255453497e+000 1.907510493e+000 
1.103890596e+000 1.806619931e+000 
1.104810891e+000 1.807534252e+000 
1.182601574e+000 1.871878340e+000 
1.101594973e+000 1.804021078e+000 
1.127302128e+000 1.830203388e+000 
1.106543033e+000 1.809676274e+000 
1.119047622e+000 1.822456623e+000 
1.125688481e+000 1.829043140e+000 
1.103049731e+000 1.805556683e+000 
1.149691516e+000 1.848144621e+000 
1.128952005e+000 1.831584278e+000 
1.127623584e+000 1.830357340e+000 
1.129815067e+000 1.832397486e+000 
1.130207797e+000 1.832489828e+000 
1.143764703e+000 1.843642920e+000 
1.122643214e+000 1.825640299e+000 
1.170445673e+000 1.862700504e+000 
1.170582423e+000 1.862863748e+000 
1.166942829e+000 1.860285168e+000 
1.032389734e+000 1.245584830e+000 
1.030737450e+000 1.241887610e+000 
1.032049353e+000 1.244604201e+000 
1.031522006e+000 1.242920626e+000 
1.031914174e+000 1.243985886e+000 
1.030654266e+000 1.241807103e+000 
1.031169619e+000 1.242904453e+000 
1.028152881e+000 1.235792992e+000 
1.028906382e+000 1.237221851e+000 
1.029246377e+000 1.238658839e+000 
1.028668234e+000 1.236890343e+000 
1.029761731e+000 1.239756189e+000 
1.028399859e+000 1.236887751e+000 
1.033881679e+000 1.246853804e+000 
1.027951817e+000 1.234559002e+000 
1.027812886e+000 1.234356004e+000 
1.039237255e+000 1.256231926e+000 
1.038805048e+000 1.255406291e+000 
1.028915212e+000 1.237985102e+000 
1.039871972e+000 1.257021660e+000 
1.037419979e+000 1.253535449e+000 
1.037036702e+000 1.252771489e+000 
1.039633286e+000 1.256684206e+000 
1.034952763e+000 1.248931161e+000 
1.034117759e+000 1.247940547e+000 
1.035960065e+000 1.250950503e+000 
1.036070714e+000 1.251410847e+000 
1.036785200e+000 1.251984249e+000 
1.034839864e+000 1.248731191e+000 
1.038245113e+000 1.254569194e+000 
1.037563429e+000 1.253577359e+000 
1.033919836e+000 1.247097194e+000 
1.033404483e+000 1.245999843e+000 
1.000492761e+000 1.000006679e+000 
1.000433105e+000 1.000006668e+000 
1.001130428e+000 1.000007026e+000 
1.000000000e+000 1.000005911e+000 
1.000022833e+000 1.000006584e+000 
1.000796288e+000 1.000006997e+000 
1.000353220e+000 1.000006664e+000 
1.000906581e+000 1.000007013e+000 
1.000269871e+000 1.000006636e+000 
1.000646202e+000 1.000006929e+000 
1.042056575e+000 1.599546595e+000 
1.041906651e+000 1.598957161e+000 
1.041680623e+000 1.598853344e+000 
1.040777923e+000 1.596523327e+000 
1.041285570e+000 1.597881374e+000 
1.042031192e+000 1.599010899e+000 
1.039894184e+000 1.593282930e+000 
1.015135391e+000 1.042387371e+000 
1.018787962e+000 1.047952695e+000 
1.015352025e+000 1.044188044e+000 
1.018775369e+000 1.047938072e+000 
1.014681774e+000 1.041441490e+000 
1.015744128e+000 1.044220179e+000 
1.015644804e+000 1.044196616e+000 
1.015290511e+000 1.043274298e+000 
1.017993161e+000 1.047021383e+000 
1.016314248e+000 1.045174631e+000 
1.016674217e+000 1.046073809e+000 
1.015169080e+000 1.042395575e+000 
1.014558568e+000 1.040688875e+000 
1.016098421e+000 1.045142497e+000 
1.014846852e+000 1.042270698e+000 
1.015976990e+000 1.044263773e+000 
1.018250730e+000 1.047918710e+000 
1.015201145e+000 1.043193016e+000 
1.017722438e+000 1.046998243e+000 
1.014285039e+000 1.020611983e+000 
1.013638487e+000 1.020133601e+000 
1.012076660e+000 1.019066467e+000 
1.013407914e+000 1.020104794e+000 
1.013007394e+000 1.020014547e+000 
1.012761361e+000 1.019626411e+000 
1.012431599e+000 1.019508757e+000 
1.013217941e+000 1.020088210e+000 
1.014095066e+000 1.020595400e+000 
1.012600261e+000 1.019542943e+000 
1.013723419e+000 1.020435381e+000 
1.014439735e+000 1.020854203e+000 
1.001391209e+000 1.001011650e+000 
1.001673041e+000 1.001018151e+000 
1.001212736e+000 1.000930245e+000 
1.001587232e+000 1.001013495e+000 
1.001669855e+000 1.001015334e+000 
1.010349354e+000 1.009566573e+000 
1.011912922e+000 1.010086890e+000 
1.008323051e+000 1.008879962e+000 
1.007537663e+000 1.008609177e+000 
1.011988510e+000 1.010132095e+000 
1.011475278e+000 1.009941108e+000 
1.011586872e+000 1.009950337e+000 
1.010962523e+000 1.009730400e+000 
1.009970102e+000 1.009450859e+000 
1.294399100e+000 1.932560013e+000 
1.659027512e+000 2.000000000e+000 
1.406911737e+000 1.978537941e+000 
1.293706221e+000 1.932072096e+000 
1.288234172e+000 1.926221518e+000 
1.271449357e+000 1.914934893e+000 
1.292676905e+000 1.930436570e+000 
1.269705748e+000 1.913643515e+000 
1.291378990e+000 1.930163734e+000 
1.290463370e+000 1.929840548e+000 
1.272824371e+000 1.916370195e+000 
1.378269291e+000 1.970298648e+000 
1.303731476e+000 1.938672602e+000 
1.295480623e+000 1.933283692e+000 
1.371861800e+000 1.968961552e+000 
1.371410276e+000 1.968343204e+000 
1.268932209e+000 1.911976274e+000 
1.279858056e+000 1.920744380e+000 
1.286666651e+000 1.925014009e+000 
1.288733148e+000 1.927079088e+000 
1.288487829e+000 1.926788252e+000 
1.305107229e+000 1.939136273e+000 
1.304396105e+000 1.939126708e+000 
1.307028919e+000 1.940266720e+000 
1.306421499e+000 1.940215907e+000 
1.281103763e+000 1.921920540e+000 
1.358416870e+000 1.964079723e+000 
1.288853451e+000 1.927880598e+000 
1.289390211e+000 1.928861617e+000 
1.291221566e+000 1.929843209e+000 
1.275847296e+000 1.916752608e+000 
1.307649742e+000 1.940596475e+000 
1.285736682e+000 1.924193498e+000 
1.310392248e+000 1.942025697e+000 
1.296726330e+000 1.934468375e+000 
1.652670916e+000 1.999989201e+000 
1.388505772e+000 1.973528339e+000 
1.371399658e+000 1.968301615e+000 
1.370212725e+000 1.968219003e+000 
1.644254269e+000 1.999978491e+000 
1.269597441e+000 1.912435484e+000 
1.281654226e+000 1.922249714e+000 
1.298506172e+000 1.934669872e+000 
1.277322615e+000 1.917991065e+000 
1.326763329e+000 1.949443321e+000 
1.376011554e+000 1.970164053e+000 
1.385235999e+000 1.973091385e+000 
1.280219457e+000 1.921065031e+000 
1.268588869e+000 1.910864163e+000 
1.385450526e+000 1.973383273e+000 
1.268925559e+000 1.911884457e+000 
1.307255893e+000 1.940559139e+000 
1.296390141e+000 1.933692484e+000 
1.285099738e+000 1.924162759e+000 
1.373482062e+000 1.969262682e+000 
1.496173503e+000 1.994337037e+000 
1.277511676e+000 1.917999588e+000 
1.288294088e+000 1.926424602e+000 
1.268815729e+000 1.910888471e+000 
1.330602616e+000 1.951924069e+000 
1.293104836e+000 1.931568651e+000 
1.287547403e+000 1.925707973e+000 
1.284061708e+000 1.923810392e+000 
1.328448138e+000 1.951658670e+000 
1.360437379e+000 1.964699806e+000 
1.356019062e+000 1.963953946e+000 
1.298405039e+000 1.934634350e+000 
1.335128426e+000 1.954012306e+000 
1.647653791e+000 1.999987283e+000 
1.335559932e+000 1.954032104e+000 
1.317365803e+000 1.946182424e+000 
1.319164239e+000 1.946632131e+000 
1.354657249e+000 1.962767668e+000 
1.330447927e+000 1.951737466e+000 
1.299987813e+000 1.936480166e+000 
1.334569346e+000 1.953766868e+000 
1.357311164e+000 1.963996692e+000 
1.372318939e+000 1.968994521e+000 
1.359913952e+000 1.964605426e+000 
1.637828580e+000 1.999967703e+000 
1.536063577e+000 1.997732758e+000 
1.330870377e+000 1.952224148e+000 
1.278009694e+000 1.920168274e+000 
1.299481758e+000 1.935886501e+000 
1.283827716e+000 1.923121351e+000 
1.280060436e+000 1.921001013e+000 
1.276036284e+000 1.917387460e+000 
1.572474071e+000 1.999143438e+000 
1.349439218e+000 1.960839153e+000 
1.570427561e+000 1.999074388e+000 
1.634613984e+000 1.999935951e+000 
1.637628675e+000 1.999957166e+000 
1.534075903e+000 1.997502414e+000 
1.343397763e+000 1.958255976e+000 
1.564693505e+000 1.998640399e+000 
1.316548483e+000 1.946020093e+000 
1.559308093e+000 1.998502625e+000 
1.307926992e+000 1.940796858e+000 
1.308731167e+000 1.940828803e+000 
1.285068756e+000 1.923984409e+000 
1.315489566e+000 1.945297832e+000 
1.317828737e+000 1.946227574e+000 
1.312598691e+000 1.943403741e+000 
1.341018803e+000 1.957036348e+000 
1.564862030e+000 1.998802077e+000 
1.354711864e+000 1.963496112e+000 
1.331186738e+000 1.953213971e+000 
1.343357974e+000 1.957961288e+000 
1.340478283e+000 1.956899843e+000 
1.619406404e+000 1.999685044e+000 
1.296442732e+000 1.933858975e+000 
1.336359346e+000 1.954151004e+000 
1.338698517e+000 1.955080747e+000 
1.348571304e+000 1.960725565e+000 
1.351035368e+000 1.961750526e+000 
1.277757025e+000 1.918141888e+000 
1.276696795e+000 1.917836011e+000 
1.320569687e+000 1.947941329e+000 
1.353276556e+000 1.962556056e+000 
1.352280696e+000 1.962104114e+000 
1.283182817e+000 1.922666062e+000 
1.302419435e+000 1.937475123e+000 
1.560239594e+000 1.998547915e+000 
1.560773135e+000 1.998631850e+000 
1.322498674e+000 1.948763304e+000 
1.320358046e+000 1.947500915e+000 
1.346520275e+000 1.959240450e+000 
1.378723475e+000 1.971570449e+000 
1.382714376e+000 1.972277370e+000 
1.380896263e+000 1.972142717e+000 
1.398642768e+000 1.977088050e+000 
1.378327055e+000 1.971248942e+000 
1.311565002e+000 1.942939027e+000 
1.312033589e+000 1.943145222e+000 
1.399057475e+000 1.977621761e+000 
1.313134220e+000 1.943412393e+000 
1.325499068e+000 1.949340165e+000 
1.398662610e+000 1.977095303e+000 
1.449375525e+000 1.987450150e+000 
1.350252821e+000 1.961259847e+000 
1.343350419e+000 1.957584195e+000 
1.396892183e+000 1.976853010e+000 
1.334413176e+000 1.953458284e+000 
1.373301913e+000 1.969149316e+000 
1.402193410e+000 1.978209134e+000 
1.402692444e+000 1.978402456e+000 
1.373871184e+000 1.969375057e+000 
1.364649181e+000 1.966401911e+000 
1.392073469e+000 1.974952988e+000 
1.389243811e+000 1.974316540e+000 
1.384193828e+000 1.972653249e+000 
1.504434410e+000 1.995590414e+000 
1.511159877e+000 1.996208920e+000 
1.552566815e+000 1.998146855e+000 
1.394148794e+000 1.975870254e+000 
1.469848883e+000 1.991736468e+000 
1.409519798e+000 1.980477755e+000 
1.634362108e+000 1.999891687e+000 
1.546330760e+000 1.997985697e+000 
1.633484023e+000 1.999888992e+000 
1.418234129e+000 1.982332923e+000 
1.416216761e+000 1.981652222e+000 
1.418698784e+000 1.982372186e+000 
1.463599871e+000 1.991126124e+000 
1.462718937e+000 1.990903104e+000 
1.424438810e+000 1.983541692e+000 
1.507784483e+000 1.996200985e+000 
1.466046689e+000 1.991412292e+000 
1.632905526e+000 1.999830482e+000 
1.628989893e+000 1.999791824e+000 
1.457121258e+000 1.989837017e+000 
1.460449011e+000 1.990367579e+000 
1.467987441e+000 1.991735323e+000 
1.454048969e+000 1.989020152e+000 
1.338471611e+000 1.954687740e+000 
1.413927388e+000 1.981191807e+000 
1.412087903e+000 1.980738734e+000 
1.455162323e+000 1.989671899e+000 
1.595989869e+000 1.999504417e+000 
1.589811072e+000 1.999329011e+000 
1.452080861e+000 1.988677726e+000 
1.417567424e+000 1.981801423e+000 
1.407700749e+000 1.979658492e+000 
1.499854496e+000 1.995288716e+000 
1.590453326e+000 1.999499167e+000 
1.534806088e+000 1.997597680e+000 
1.622507412e+000 1.999772985e+000 
1.425804108e+000 1.983756783e+000 
1.427926079e+000 1.984117605e+000 
1.408849384e+000 1.980039349e+000 
1.390839675e+000 1.974738763e+000 
1.620101813e+000 1.999756844e+000 
1.453208566e+000 1.988869516e+000 
1.444955340e+000 1.987261644e+000 
1.431157276e+000 1.984851256e+000 
1.608182473e+000 1.999671201e+000 
1.429750722e+000 1.984730565e+000 
1.619567449e+000 1.999697345e+000 
1.428381913e+000 1.984470583e+000 
1.424030043e+000 1.983487758e+000 
1.612342833e+000 1.999673534e+000 
1.450395798e+000 1.988485036e+000 
1.420290283e+000 1.982662739e+000 
1.445855976e+000 1.987407557e+000 
1.439886871e+000 1.986102645e+000 
1.440517520e+000 1.986263014e+000 
1.587010191e+000 1.999275562e+000 
1.435943808e+000 1.985629599e+000 
1.552794336e+000 1.998166682e+000 
1.451791278e+000 1.988615535e+000 
1.587405472e+000 1.999324748e+000 
1.366331505e+000 1.967293262e+000 
1.534900313e+000 1.997646502e+000 
1.499160155e+000 1.994944304e+000 
1.607314568e+000 1.999658482e+000 
1.363584477e+000 1.966140514e+000 
1.597792675e+000 1.999647542e+000 
1.606149529e+000 1.999648513e+000 
1.368304787e+000 1.967785682e+000 
1.359208557e+000 1.964320321e+000 
1.366157021e+000 1.967219291e+000 
1.365559289e+000 1.967114425e+000 
1.597720879e+000 1.999535168e+000 
1.359228154e+000 1.964531364e+000 
1.360669495e+000 1.965286658e+000 
1.362391053e+000 1.965824075e+000 
1.496778396e+000 1.994701251e+000 
1.472973195e+000 1.991901648e+000 
1.476429456e+000 1.992558207e+000 
1.533497584e+000 1.997460753e+000 
1.474784399e+000 1.992173094e+000 
1.483106199e+000 1.993250201e+000 
1.481798316e+000 1.993062545e+000 
1.488158933e+000 1.994084616e+000 
1.489652226e+000 1.994221155e+000 
1.485230936e+000 1.993551538e+000 
1.483252070e+000 1.993310533e+000 
1.484238694e+000 1.993344451e+000 
1.482183030e+000 1.993207768e+000 
1.523340923e+000 1.996833290e+000 
1.517451744e+000 1.996728891e+000 
1.515383102e+000 1.996406041e+000 
1.517305987e+000 1.996544193e+000 
1.514900413e+000 1.996398590e+000 
1.556343757e+000 1.998355472e+000 
1.523058272e+000 1.996748327e+000 
1.527824848e+000 1.996852297e+000 
1.525584762e+000 1.996847581e+000 

