1.000613826e+000 1.231176231e+000 
1.000654208e+000 1.231183831e+000 
1.000604623e+000 1.228786928e+000 
1.000663633e+000 1.233182073e+000 
1.000672836e+000 1.235571376e+000 
9.999999997e-001 1.000239598e+000 
1.052655728e+000 1.959097432e+000 
1.050073747e+000 1.958922159e+000 
1.049318202e+000 1.958661258e+000 
1.062523718e+000 1.961424409e+000 
1.069213084e+000 1.963189350e+000 
1.037695363e+000 1.955190362e+000 
1.053411274e+000 1.959358333e+000 
1.047239105e+000 1.958138573e+000 
1.009163749e+000 1.942367848e+000 
1.063694049e+000 1.961638910e+000 
1.007979716e+000 1.941283738e+000 
1.042638441e+000 1.955914831e+000 
1.039547674e+000 1.955506804e+000 
1.056867318e+000 1.959869014e+000 
1.035927556e+000 1.954721486e+000 
1.056633842e+000 1.959859625e+000 
1.005068481e+000 1.936368782e+000 
1.033733446e+000 1.953535233e+000 
1.060500425e+000 1.961042099e+000 
1.033911237e+000 1.953789807e+000 
1.047183300e+000 1.957998198e+000 
1.009269667e+000 1.942369302e+000 
1.005566996e+000 1.936740182e+000 
1.032682533e+000 1.953527214e+000 
1.003789598e+000 1.932050635e+000 
1.010930452e+000 1.943587891e+000 
1.045705918e+000 1.957287979e+000 
1.052111619e+000 1.959095694e+000 
1.001098091e+000 1.914966615e+000 
1.062930803e+000 1.961473240e+000 
1.067672064e+000 1.962926718e+000 
1.011714867e+000 1.943847119e+000 
1.062296931e+000 1.961215639e+000 
1.024768289e+000 1.951040061e+000 
1.002369427e+000 1.925008976e+000 
1.002938322e+000 1.928568352e+000 
1.029576031e+000 1.951969133e+000 
1.009795019e+000 1.943325622e+000 
1.023323064e+000 1.950777174e+000 
1.003886068e+000 1.932616037e+000 
1.031832139e+000 1.953267122e+000 
1.002891587e+000 1.928398966e+000 
1.023917895e+000 1.950779969e+000 
1.003099518e+000 1.929085546e+000 
1.022472670e+000 1.950517082e+000 
1.065080044e+000 1.962613365e+000 
1.058464093e+000 1.960028161e+000 
1.058347337e+000 1.959896191e+000 
1.031089306e+000 1.952431438e+000 
1.031663125e+000 1.952433170e+000 
1.011597541e+000 1.943589947e+000 
1.038697280e+000 1.955246712e+000 
1.064310345e+000 1.961895839e+000 
1.060005113e+000 1.960290794e+000 
1.086759451e+000 1.966361608e+000 
1.085637446e+000 1.966155140e+000 
1.022303655e+000 1.949674014e+000 
1.028176925e+000 1.951697020e+000 
1.021729837e+000 1.949672282e+000 
1.010368838e+000 1.943327354e+000 
1.067127955e+000 1.962924980e+000 
1.083552317e+000 1.965890769e+000 
1.083838794e+000 1.965925177e+000 
1.041097421e+000 1.955652198e+000 
1.009362938e+000 1.942369626e+000 
1.071049353e+000 1.963414932e+000 
1.009554569e+000 1.942628803e+000 
1.060119974e+000 1.960443475e+000 
1.008589930e+000 1.942366116e+000 
1.008695849e+000 1.942367570e+000 
1.005359190e+000 1.936722535e+000 
1.064616630e+000 1.962154193e+000 
1.006026279e+000 1.937674436e+000 
1.015194085e+000 1.946925338e+000 
1.005934405e+000 1.937619040e+000 
1.014620266e+000 1.946923606e+000 
1.006234019e+000 1.937861113e+000 
1.001459644e+000 1.919427588e+000 
1.007160351e+000 1.939598260e+000 
1.009701749e+000 1.943325298e+000 
1.007320111e+000 1.939731127e+000 
1.063911137e+000 1.961753025e+000 
1.003429302e+000 1.931100675e+000 
1.062175403e+000 1.961119766e+000 
1.023701373e+000 1.950779675e+000 
1.011789172e+000 1.943849124e+000 
1.004039392e+000 1.934030128e+000 
1.005828486e+000 1.937617586e+000 
1.027538013e+000 1.951549778e+000 
1.005161397e+000 1.936665685e+000 
1.005657838e+000 1.937320675e+000 
1.005763756e+000 1.937322129e+000 
1.004217184e+000 1.934032491e+000 
1.004558667e+000 1.934982596e+000 
1.004990749e+000 1.936368774e+000 
1.033060843e+000 1.953529715e+000 
1.001203522e+000 1.915015486e+000 
1.010560469e+000 1.943586531e+000 
1.070273524e+000 1.963206058e+000 
1.003529599e+000 1.931497950e+000 
1.002458024e+000 1.926471276e+000 
1.003188115e+000 1.930547845e+000 
1.002161496e+000 1.924322396e+000 
1.001683475e+000 1.921390262e+000 
1.002289735e+000 1.924380311e+000 
1.001844749e+000 1.921434762e+000 
1.001980003e+000 1.923539141e+000 
1.002710095e+000 1.927615710e+000 
1.002413567e+000 1.925466831e+000 
1.052038292e+000 1.958968787e+000 
1.020837445e+000 1.948231814e+000 
1.000999674e+000 1.908419562e+000 
1.058800486e+000 1.960066769e+000 
1.078224881e+000 1.964770788e+000 
1.043758233e+000 1.956176057e+000 
1.040553312e+000 1.955650460e+000 
1.001683469e+000 1.919435397e+000 
1.036561428e+000 1.954979086e+000 
1.010138163e+000 1.943326321e+000 
1.012943571e+000 1.944109712e+000 
1.001386941e+000 1.917286518e+000 
1.007796066e+000 1.940555951e+000 
1.018541825e+000 1.947711065e+000 
1.019392219e+000 1.947971157e+000 
1.006260568e+000 1.938573582e+000 
1.069446561e+000 1.963198739e+000 
1.008419282e+000 1.942069205e+000 
1.013834784e+000 1.944249063e+000 
1.011023723e+000 1.943588215e+000 
1.001322178e+000 1.916283046e+000 
1.001025650e+000 1.914275808e+000 
1.001010702e+000 1.910323717e+000 
1.049125373e+000 1.958567976e+000 
1.003961680e+000 1.932884128e+000 
1.035711034e+000 1.954718994e+000 
1.047923699e+000 1.958399428e+000 
1.038006654e+000 1.955244171e+000 
1.027464686e+000 1.951440578e+000 
1.001958143e+000 1.921935099e+000 
1.024551767e+000 1.951039767e+000 
1.020494206e+000 1.948109621e+000 
1.017270643e+000 1.947449103e+000 
1.020013619e+000 1.948109271e+000 
1.021458845e+000 1.948369928e+000 
1.019048981e+000 1.947848964e+000 
1.017003368e+000 1.947449025e+000 
1.028909911e+000 1.951703465e+000 
1.025996993e+000 1.951302654e+000 
1.017968007e+000 1.947709333e+000 
1.008525200e+000 1.942070659e+000 
1.030566120e+000 1.952047410e+000 
1.044278911e+000 1.956177443e+000 
1.025146599e+000 1.951042562e+000 
1.030799596e+000 1.952056799e+000 
1.020761481e+000 1.948109699e+000 
1.007901984e+000 1.940557405e+000 
1.006366486e+000 1.938575036e+000 
1.007439108e+000 1.939770464e+000 
1.007333190e+000 1.939769010e+000 
1.000113381e+000 1.106128099e+000 
1.000250864e+000 1.106639418e+000 
1.000228663e+000 1.106223840e+000 
1.000815656e+000 1.785544388e+000 
1.000895831e+000 1.787405195e+000 
1.000799279e+000 1.785544386e+000 
1.000718370e+000 1.782598045e+000 
1.000976739e+000 1.790352369e+000 
1.000951285e+000 1.787407772e+000 
1.000457977e+000 1.178149157e+000 
1.000446412e+000 1.178099155e+000 
1.000436078e+000 1.177859490e+000 
1.000017913e+000 1.003656422e+000 
1.000081061e+000 1.003936647e+000 
1.000108958e+000 1.004062765e+000 
1.000108373e+000 1.004051574e+000 
1.000094634e+000 1.004051443e+000 
1.000067322e+000 1.003936516e+000 
1.000084102e+000 1.003940211e+000 
1.000051068e+000 1.003800164e+000 
1.000059742e+000 1.003924873e+000 
1.000048027e+000 1.003796600e+000 
1.000034288e+000 1.003796469e+000 
1.000007580e+000 1.000245268e+000 
1.000016375e+000 1.000245339e+000 
1.147238918e+000 1.977745759e+000 
1.079355651e+000 1.965335925e+000 
1.131269322e+000 1.974774082e+000 
1.079363227e+000 1.965447302e+000 
1.116061108e+000 1.972469940e+000 
1.123755972e+000 1.973794374e+000 
1.107002987e+000 1.970981132e+000 
1.220131618e+000 1.989407648e+000 
1.103727418e+000 1.970026140e+000 
1.175741467e+000 1.982735696e+000 
1.264279870e+000 1.994901988e+000 
1.205481268e+000 1.987043000e+000 
1.127304937e+000 1.974269266e+000 
1.586398872e+000 1.999896340e+000 
1.169136073e+000 1.981456939e+000 
1.195132630e+000 1.985559555e+000 
1.103945013e+000 1.970183444e+000 
1.205639349e+000 1.987047221e+000 
1.186801149e+000 1.984282645e+000 
1.490231332e+000 1.999879353e+000 
1.153995614e+000 1.978867976e+000 
1.170194619e+000 1.981719577e+000 
1.194936680e+000 1.985555833e+000 
1.089321556e+000 1.966865517e+000 
1.188367946e+000 1.984583101e+000 
1.598497541e+000 1.999987505e+000 
1.077836499e+000 1.964700017e+000 
1.118509476e+000 1.972780269e+000 
1.187859696e+000 1.984545284e+000 
1.120803897e+000 1.973440417e+000 
1.073698547e+000 1.964006053e+000 
1.174682920e+000 1.982473057e+000 
1.063260508e+000 1.961590540e+000 
1.176192289e+000 1.982745370e+000 
1.244504247e+000 1.992392861e+000 
1.104122341e+000 1.970318314e+000 
1.142927946e+000 1.977128730e+000 
1.111974281e+000 1.971552984e+000 
1.135995090e+000 1.975946433e+000 
1.127128776e+000 1.974212679e+000 
1.171755093e+000 1.981850225e+000 
1.474817225e+000 1.999823763e+000 
1.187722682e+000 1.984538399e+000 
1.273237827e+000 1.995512014e+000 
1.172558726e+000 1.982103118e+000 
1.267455851e+000 1.995185457e+000 
1.148474793e+000 1.978141355e+000 
1.164736932e+000 1.980852503e+000 
1.125913889e+000 1.974158627e+000 
1.166008978e+000 1.980895736e+000 
1.231375446e+000 1.991203481e+000 
1.158950791e+000 1.979923745e+000 
1.225458556e+000 1.989584099e+000 
1.084821312e+000 1.965948923e+000 
1.438157366e+000 1.999705194e+000 
1.185444275e+000 1.984273784e+000 
1.159688179e+000 1.979931083e+000 
1.182109484e+000 1.983502785e+000 
1.574958613e+000 1.999887726e+000 
1.063252931e+000 1.961479163e+000 
1.185353235e+000 1.983887132e+000 
1.198900160e+000 1.986314736e+000 
1.250516754e+000 1.993608569e+000 
1.269457439e+000 1.995397475e+000 
1.183599190e+000 1.983847687e+000 
1.171017706e+000 1.981842887e+000 
1.236582953e+000 1.991801707e+000 
1.178259539e+000 1.983037620e+000 
1.182261534e+000 1.983638720e+000 
1.089641013e+000 1.967489500e+000 
1.200333649e+000 1.986683995e+000 
1.208768934e+000 1.987487695e+000 
1.186985295e+000 1.984531528e+000 
1.538389827e+000 1.999883846e+000 
1.225771019e+000 1.989663261e+000 
1.259815660e+000 1.994698234e+000 
1.194074083e+000 1.985299587e+000 
1.159718621e+000 1.979940681e+000 
1.164911184e+000 1.980885006e+000 
1.093443823e+000 1.968427725e+000 
1.076836768e+000 1.964531284e+000 
1.192614558e+000 1.985222209e+000 
1.162361689e+000 1.980200660e+000 
1.190032585e+000 1.984897917e+000 
1.189915537e+000 1.984853659e+000 
1.198027891e+000 1.985839821e+000 
1.105180888e+000 1.970580953e+000 
1.214818567e+000 1.988651772e+000 
1.095726720e+000 1.968691195e+000 
1.092701185e+000 1.968385552e+000 
1.075057445e+000 1.964268646e+000 
1.127786121e+000 1.974305542e+000 
1.209301336e+000 1.987562914e+000 
1.245221225e+000 1.993060886e+000 
1.166705620e+000 1.980951115e+000 
1.416909833e+000 1.999622018e+000 
1.167379319e+000 1.981152356e+000 
1.102120716e+000 1.969704480e+000 
1.111349729e+000 1.971550659e+000 
1.087537148e+000 1.966483626e+000 
1.254285227e+000 1.993952557e+000 
1.244851683e+000 1.992467967e+000 
1.142751785e+000 1.977072143e+000 
1.254331577e+000 1.993954723e+000 
1.106179613e+000 1.970586886e+000 
1.245267575e+000 1.993063051e+000 
1.257119608e+000 1.994328948e+000 
1.226249164e+000 1.989765230e+000 
1.302178239e+000 1.997837755e+000 
1.235539064e+000 1.991556784e+000 
1.181667228e+000 1.983334566e+000 
1.115944060e+000 1.972425691e+000 
1.119444999e+000 1.973177824e+000 
1.238245068e+000 1.991908566e+000 
1.230267056e+000 1.990610651e+000 
1.113727995e+000 1.971609741e+000 
1.137928970e+000 1.976253929e+000 
1.142810898e+000 1.977084534e+000 
1.249707770e+000 1.993560144e+000 
1.256060327e+000 1.994289022e+000 
1.164649413e+000 1.980688880e+000 
1.110166106e+000 1.971252371e+000 
1.127187889e+000 1.974225070e+000 
1.080896671e+000 1.965596069e+000 
1.092025052e+000 1.967640254e+000 
1.123208699e+000 1.973490503e+000 
1.080904248e+000 1.965707447e+000 
1.101605924e+000 1.969500923e+000 
1.139999374e+000 1.976302454e+000 
1.128531634e+000 1.974376626e+000 
1.122245942e+000 1.973478283e+000 
1.128140405e+000 1.974362610e+000 
1.403854934e+000 1.999599813e+000 
1.082746159e+000 1.965714801e+000 
1.099801463e+000 1.968978453e+000 
1.422743259e+000 1.999649605e+000 
1.322315185e+000 1.998847395e+000 
1.137594573e+000 1.976252368e+000 
1.055147174e+000 1.959362411e+000 
1.136235674e+000 1.975989775e+000 
1.317615115e+000 1.998824132e+000 
1.166659269e+000 1.980948950e+000 
1.586811553e+000 1.999904718e+000 
1.312673729e+000 1.998683193e+000 
1.102964822e+000 1.969763516e+000 
1.264660183e+000 1.994997194e+000 
1.101598347e+000 1.969389545e+000 
1.589090536e+000 1.999932029e+000 
1.181296493e+000 1.983278710e+000 
1.160808172e+000 1.980001711e+000 
1.140688357e+000 1.976343073e+000 
1.150269228e+000 1.978203741e+000 
1.421609902e+000 1.999643360e+000 
1.133597767e+000 1.975502962e+000 
1.604671785e+000 1.999994251e+000 
1.470057325e+000 1.999713446e+000 
1.266490056e+000 1.995097554e+000 
1.222622923e+000 1.989453135e+000 
1.646506586e+000 2.000000000e+000 
1.287935530e+000 1.996832504e+000 
1.317892187e+000 1.998828789e+000 
1.189019335e+000 1.984623600e+000 
1.289587694e+000 1.996970863e+000 
1.312154490e+000 1.998403387e+000 
1.291618826e+000 1.996988006e+000 
1.604504644e+000 1.999987619e+000 
1.299945770e+000 1.997726577e+000 
1.291381440e+000 1.996983734e+000 
1.290325082e+000 1.996979766e+000 
1.292061754e+000 1.997132961e+000 
1.289350309e+000 1.996966591e+000 
1.401099156e+000 1.999567096e+000 
1.283235137e+000 1.996241985e+000 
1.151563078e+000 1.978671282e+000 
1.311917104e+000 1.998399115e+000 
1.243940654e+000 1.992308244e+000 
1.399805412e+000 1.999558772e+000 
1.119350234e+000 1.972789894e+000 
1.240393524e+000 1.992043354e+000 
1.150798138e+000 1.978232820e+000 
1.302217990e+000 1.997843261e+000 
1.099782039e+000 1.968841964e+000 
1.234040967e+000 1.991314475e+000 
1.296762147e+000 1.997693393e+000 
1.278486726e+000 1.996037337e+000 
1.291655455e+000 1.997012539e+000 
1.255401505e+000 1.993976643e+000 
1.289108785e+000 1.996858474e+000 
1.278724111e+000 1.996041609e+000 
1.304667515e+000 1.998236376e+000 
1.302399508e+000 1.998045453e+000 
1.326109950e+000 1.999059122e+000 
1.343484537e+000 1.999059916e+000 
1.309608901e+000 1.998377315e+000 
1.156584856e+000 1.979097159e+000 
1.208066663e+000 1.987457791e+000 
1.162891048e+000 1.980367567e+000 
1.207228624e+000 1.987419595e+000 
1.210872257e+000 1.987615632e+000 
1.129464219e+000 1.974472760e+000 
1.207466009e+000 1.987423634e+000 
1.372597253e+000 1.999306916e+000 
1.221634715e+000 1.989426993e+000 
1.371303509e+000 1.999297477e+000 
1.145124919e+000 1.977330933e+000 
1.150560752e+000 1.978229055e+000 
1.310583674e+000 1.998390490e+000 
1.397609197e+000 1.999478735e+000 
1.309846287e+000 1.998381587e+000 
1.370566121e+000 1.999288015e+000 
1.282690724e+000 1.996170938e+000 
1.246826269e+000 1.993150028e+000 
1.140956559e+000 1.976360905e+000 
1.145563081e+000 1.977351210e+000 
1.234956265e+000 1.991329471e+000 
1.146105750e+000 1.977418344e+000 
1.273076199e+000 1.995426575e+000 
1.097509128e+000 1.968693595e+000 
1.373868567e+000 1.999391632e+000 
1.351319312e+000 1.999246583e+000 
1.349985302e+000 1.999074671e+000 

