1.061086941e+000 1.457805477e+000 
1.061355429e+000 1.458501667e+000 
1.012898225e+000 1.007915538e+000 
1.013297956e+000 1.008003146e+000 
1.010643203e+000 1.007298617e+000 
1.010590816e+000 1.007285730e+000 
1.013082459e+000 1.007993718e+000 
1.011638447e+000 1.007622304e+000 
1.009620267e+000 1.006948149e+000 
1.010169637e+000 1.007185257e+000 
1.009061981e+000 1.006826554e+000 
1.012981019e+000 1.007975452e+000 
1.014976116e+000 1.008334013e+000 
1.012835038e+000 1.007910086e+000 
1.013793063e+000 1.008115163e+000 
1.011766635e+000 1.007683754e+000 
1.012944209e+000 1.007927557e+000 
1.014864641e+000 1.008319603e+000 
1.012122567e+000 1.007736637e+000 
1.010416603e+000 1.007254728e+000 
1.010736660e+000 1.007363062e+000 
1.010797473e+000 1.007391589e+000 
1.012085721e+000 1.007729080e+000 
1.012179573e+000 1.007784532e+000 
1.011107418e+000 1.007495614e+000 
1.011343374e+000 1.007575420e+000 
1.009931989e+000 1.007067902e+000 
1.009768492e+000 1.007066587e+000 
1.010367583e+000 1.007193314e+000 
1.010330737e+000 1.007185758e+000 
1.010132086e+000 1.007164440e+000 
1.010006496e+000 1.007074498e+000 
1.010106176e+000 1.007086048e+000 
1.010050875e+000 1.007082054e+000 
1.035463266e+000 1.065435496e+000 
1.034426579e+000 1.063683100e+000 
1.035995520e+000 1.066371449e+000 
1.035601954e+000 1.065821523e+000 
1.034488854e+000 1.063782170e+000 
1.034941209e+000 1.064366631e+000 
1.001007905e+000 1.000023846e+000 
1.000430682e+000 1.000019004e+000 
1.000586968e+000 1.000021284e+000 
1.000716010e+000 1.000022582e+000 
1.000812762e+000 1.000022736e+000 
1.000674405e+000 1.000021564e+000 
1.000603992e+000 1.000021289e+000 
1.000334886e+000 1.000016865e+000 
1.000920939e+000 1.000023826e+000 
1.000318079e+000 1.000016854e+000 
1.000362918e+000 1.000017949e+000 
1.000662209e+000 1.000021514e+000 
1.000607833e+000 1.000021493e+000 
1.000515853e+000 1.000020255e+000 
1.000379725e+000 1.000017961e+000 
1.000474248e+000 1.000019237e+000 
1.000413875e+000 1.000018992e+000 
1.000566228e+000 1.000020475e+000 
1.000505855e+000 1.000020231e+000 
1.000908743e+000 1.000023775e+000 
1.000703814e+000 1.000022532e+000 
1.001016169e+000 1.000023848e+000 
1.000312597e+000 1.000015897e+000 
1.039930487e+000 1.072649150e+000 
1.038892473e+000 1.071654611e+000 
1.041856217e+000 1.074404076e+000 
1.040352685e+000 1.072992820e+000 
1.044955256e+000 1.076513239e+000 
1.038295797e+000 1.071045984e+000 
1.036336806e+000 1.067935445e+000 
1.037373119e+000 1.069760061e+000 
1.038498725e+000 1.071161840e+000 
1.040704533e+000 1.073413074e+000 
1.039137083e+000 1.071909325e+000 
1.044168308e+000 1.076188263e+000 
1.042409882e+000 1.074711958e+000 
1.036399533e+000 1.067981604e+000 
1.042828747e+000 1.075029605e+000 
1.042890302e+000 1.075201834e+000 
1.037920155e+000 1.070848106e+000 
1.036594763e+000 1.068165106e+000 
1.037183295e+000 1.069209773e+000 
1.055847537e+000 1.253610342e+000 
1.054869848e+000 1.251723630e+000 
1.053695227e+000 1.249131362e+000 
1.059980220e+000 1.259168349e+000 
1.055751617e+000 1.253271402e+000 
1.058535919e+000 1.256911318e+000 
1.054383087e+000 1.250783297e+000 
1.059608113e+000 1.258630263e+000 
1.057797475e+000 1.256080543e+000 
1.058120728e+000 1.256545824e+000 
1.059442059e+000 1.258356528e+000 
1.060199664e+000 1.259269125e+000 
1.053615473e+000 1.249095638e+000 
1.057019887e+000 1.255067496e+000 
1.057301593e+000 1.255425811e+000 
1.025541698e+000 1.031320386e+000 
1.027071505e+000 1.032633701e+000 
1.028040565e+000 1.033255553e+000 
1.033068982e+000 1.036543013e+000 
1.026246687e+000 1.031945504e+000 
1.033027760e+000 1.036417334e+000 
1.026782989e+000 1.032401977e+000 
1.028706426e+000 1.033668872e+000 
1.025428024e+000 1.031025196e+000 
1.027282012e+000 1.032744879e+000 
1.031322305e+000 1.035516473e+000 
1.029482434e+000 1.034171164e+000 
1.026457193e+000 1.032056682e+000 
1.027945390e+000 1.033234866e+000 
1.025828909e+000 1.031577281e+000 
1.032351849e+000 1.036171060e+000 
1.025634162e+000 1.031336060e+000 
1.027672300e+000 1.032950905e+000 
1.032804211e+000 1.036317783e+000 
1.033300842e+000 1.036621732e+000 
1.027806858e+000 1.033096290e+000 
1.024911016e+000 1.030235746e+000 
1.029757564e+000 1.034419442e+000 
1.030283367e+000 1.034768089e+000 
1.026723045e+000 1.032360774e+000 
1.029944065e+000 1.034500271e+000 
1.026154705e+000 1.031922576e+000 
1.028900373e+000 1.033982817e+000 
1.032624796e+000 1.036250828e+000 
1.025948567e+000 1.031611712e+000 
1.029322186e+000 1.034087982e+000 
1.032103053e+000 1.035904359e+000 
1.032543742e+000 1.036203075e+000 
1.030950667e+000 1.035170011e+000 
1.034316777e+000 1.037101859e+000 
1.000247359e+000 1.000002657e+000 
9.999999999e-001 1.000000000e+000 
1.000213624e+000 1.000002477e+000 
1.000155981e+000 1.000002354e+000 
1.000055236e+000 1.000001116e+000 
1.000087425e+000 1.000002080e+000 
1.020645609e+000 1.018983640e+000 
1.018932168e+000 1.017945671e+000 
1.019287906e+000 1.018315758e+000 
1.021350211e+000 1.019427042e+000 
1.022438675e+000 1.019866360e+000 
1.022793678e+000 1.020048546e+000 
1.022531788e+000 1.019880393e+000 
1.019795861e+000 1.018592430e+000 
1.022678705e+000 1.020011155e+000 
1.019370296e+000 1.018353138e+000 
1.022477350e+000 1.019870244e+000 
1.022674606e+000 1.019992078e+000 
1.024040457e+000 1.020486482e+000 
1.024583489e+000 1.020663623e+000 
1.024002921e+000 1.020450197e+000 
1.021466394e+000 1.019445598e+000 
1.020690294e+000 1.019066218e+000 
1.022917649e+000 1.020052431e+000 
1.020121262e+000 1.018786786e+000 
1.019463362e+000 1.018387767e+000 
1.019481787e+000 1.018407348e+000 
1.019658592e+000 1.018540229e+000 
1.015569845e+000 1.014681296e+000 
1.015425733e+000 1.014516412e+000 
1.014976196e+000 1.008336450e+000 
1.012572485e+000 1.007866989e+000 
1.014221000e+000 1.008232891e+000 
1.012778383e+000 1.007882284e+000 
1.015196400e+000 1.008489250e+000 
1.013959071e+000 1.008194755e+000 
1.013471470e+000 1.008089390e+000 
1.013867349e+000 1.008185685e+000 
1.014352257e+000 1.008293979e+000 
1.013620977e+000 1.008096051e+000 
1.013379748e+000 1.008080072e+000 
1.012416145e+000 1.007848681e+000 
1.014020687e+000 1.008198095e+000 
1.016197189e+000 1.016408566e+000 
1.019048487e+000 1.018081821e+000 
1.019068271e+000 1.018244856e+000 
1.017062767e+000 1.017016039e+000 
1.017484969e+000 1.017361886e+000 
1.017872316e+000 1.017511546e+000 
1.016824767e+000 1.016825662e+000 
1.016165933e+000 1.016383639e+000 
1.015900281e+000 1.016193054e+000 
1.016954152e+000 1.016987775e+000 
1.017170751e+000 1.017154104e+000 
1.017449483e+000 1.017276458e+000 
1.018026471e+000 1.017619110e+000 
1.018273694e+000 1.017725876e+000 
1.016040676e+000 1.016208013e+000 
1.016612658e+000 1.016783345e+000 
1.016374658e+000 1.016592698e+000 
1.017357463e+000 1.017246740e+000 
1.017161389e+000 1.017151570e+000 
1.017559111e+000 1.017418664e+000 
1.045529331e+000 1.119033582e+000 
1.045114639e+000 1.117907397e+000 
1.045273045e+000 1.118165052e+000 
1.045703804e+000 1.119272398e+000 
1.048521123e+000 1.121716135e+000 
1.050570442e+000 1.124288369e+000 
1.045489050e+000 1.118604033e+000 
1.049862904e+000 1.123793603e+000 
1.047719937e+000 1.121333346e+000 
1.052720636e+000 1.126416919e+000 
1.045385670e+000 1.118557888e+000 
1.045830340e+000 1.119454412e+000 
1.050730583e+000 1.124479292e+000 
1.052961264e+000 1.126586605e+000 
1.046991927e+000 1.120736580e+000 
1.046165627e+000 1.120164739e+000 
1.045988745e+000 1.119712675e+000 
1.053542677e+000 1.127244282e+000 
1.046734959e+000 1.120274990e+000 
1.049061894e+000 1.122863138e+000 
1.045308437e+000 1.118332571e+000 
1.048655075e+000 1.122370249e+000 
1.049526202e+000 1.123143540e+000 
1.053167220e+000 1.126868444e+000 
1.081498384e+000 1.835063082e+000 
1.084404980e+000 1.838427683e+000 
1.065884774e+000 1.812398342e+000 
1.092840148e+000 1.848162315e+000 
1.119948268e+000 1.874636715e+000 
1.067429594e+000 1.815554923e+000 
1.088004914e+000 1.842546730e+000 
1.070524333e+000 1.819554380e+000 
1.065799331e+000 1.812352012e+000 
1.065367814e+000 1.811316163e+000 
1.064129027e+000 1.808602264e+000 
1.082188869e+000 1.835883563e+000 
1.085190148e+000 1.839114299e+000 
1.099768659e+000 1.855921569e+000 
1.075941606e+000 1.827042626e+000 
1.096231127e+000 1.851842147e+000 
1.070265994e+000 1.819539017e+000 
1.089673066e+000 1.844519425e+000 
1.118755612e+000 1.872722821e+000 
1.083726849e+000 1.837754683e+000 
1.115485792e+000 1.870342309e+000 
1.101402124e+000 1.857027359e+000 
1.143881333e+000 1.892593768e+000 
1.066886438e+000 1.814213828e+000 
1.068953621e+000 1.817508552e+000 
1.082794267e+000 1.836607752e+000 
1.098789922e+000 1.854572026e+000 
1.128123704e+000 1.881736713e+000 
1.126476912e+000 1.880537381e+000 
1.197219430e+000 1.922589735e+000 
1.061431266e+000 1.802641487e+000 
1.129021085e+000 1.882572012e+000 
1.091358386e+000 1.846528806e+000 
1.196714426e+000 1.922224807e+000 
1.080548713e+000 1.833744527e+000 
1.155928252e+000 1.901437953e+000 
1.091615714e+000 1.846579816e+000 
1.066139009e+000 1.812558785e+000 
1.145925995e+000 1.894250245e+000 
1.243638328e+000 1.937268131e+000 
1.064975468e+000 1.810216940e+000 
1.097301768e+000 1.853317213e+000 
1.078878800e+000 1.831019852e+000 
1.099402375e+000 1.855339833e+000 
1.160435860e+000 1.904467542e+000 
1.062338802e+000 1.804917486e+000 
1.062991566e+000 1.806173063e+000 
1.092643407e+000 1.848018705e+000 
1.095546838e+000 1.850864712e+000 
1.098668060e+000 1.854514474e+000 
1.174149185e+000 1.912760712e+000 
1.069802622e+000 1.818689147e+000 
1.144578863e+000 1.893455201e+000 
1.235105116e+000 1.933641097e+000 
1.061827171e+000 1.803964568e+000 
1.062484164e+000 1.805491088e+000 
1.173249439e+000 1.912380546e+000 
1.077196410e+000 1.828330826e+000 
1.172153927e+000 1.911345873e+000 
1.109192981e+000 1.864560046e+000 
1.089377862e+000 1.844030225e+000 
1.086270142e+000 1.840358207e+000 
1.162816325e+000 1.905960258e+000 
1.117973520e+000 1.872218292e+000 
1.172534789e+000 1.911744193e+000 
1.071116084e+000 1.820691147e+000 
1.118197990e+000 1.872331632e+000 
1.073846814e+000 1.824007407e+000 
1.074907703e+000 1.825553288e+000 
1.093118565e+000 1.848412165e+000 
1.093328280e+000 1.848676854e+000 
1.110266292e+000 1.865618639e+000 
1.125300569e+000 1.879164182e+000 
1.087685437e+000 1.841909313e+000 
1.074787761e+000 1.825359367e+000 
1.133568475e+000 1.885839943e+000 
1.175701455e+000 1.913392433e+000 
1.077748124e+000 1.829243080e+000 
1.067919565e+000 1.815906118e+000 
1.123182208e+000 1.877247742e+000 
1.090586221e+000 1.845516110e+000 
1.174122475e+000 1.912646763e+000 
1.064042790e+000 1.808055816e+000 
1.087453071e+000 1.841859234e+000 
1.072547354e+000 1.822394371e+000 
1.067860343e+000 1.815604056e+000 
1.146500914e+000 1.894762769e+000 
1.072774296e+000 1.822771520e+000 
1.072124517e+000 1.821721129e+000 
1.154959056e+000 1.900682585e+000 
1.110862793e+000 1.866181862e+000 
1.150025159e+000 1.897434345e+000 
1.149914241e+000 1.897260555e+000 
1.080343589e+000 1.833007785e+000 
1.144586097e+000 1.893490745e+000 
1.175840500e+000 1.913468233e+000 
1.166223129e+000 1.907905497e+000 
1.204069223e+000 1.924973494e+000 
1.115472010e+000 1.869916141e+000 
1.088828370e+000 1.843429211e+000 
1.169014169e+000 1.909318252e+000 
1.077785148e+000 1.829484872e+000 
1.137808880e+000 1.888910116e+000 
1.112051311e+000 1.866930609e+000 
1.145409619e+000 1.894171672e+000 
1.243419578e+000 1.936956285e+000 
1.155646853e+000 1.901078322e+000 
1.275994907e+000 1.945276686e+000 
1.208342808e+000 1.927075653e+000 
1.205306680e+000 1.925740592e+000 
1.112868972e+000 1.867537447e+000 
1.205769528e+000 1.926002782e+000 
1.131748624e+000 1.884427972e+000 
1.076898794e+000 1.828212122e+000 
1.220565883e+000 1.930543253e+000 
1.170516704e+000 1.910305297e+000 
1.145262245e+000 1.893904252e+000 
1.182209969e+000 1.916236713e+000 
1.102453440e+000 1.858108131e+000 
1.204739738e+000 1.925440324e+000 
1.147860267e+000 1.896025086e+000 
1.268249426e+000 1.943219285e+000 
1.239374358e+000 1.936117244e+000 
1.084344246e+000 1.838088104e+000 
1.174583515e+000 1.913200275e+000 
1.236811253e+000 1.934667172e+000 
1.152779966e+000 1.899356303e+000 
1.131563081e+000 1.884223985e+000 
1.221113822e+000 1.930635707e+000 
1.256422994e+000 1.940554885e+000 
1.264238334e+000 1.942432108e+000 
1.147272625e+000 1.895461146e+000 
1.147152949e+000 1.895413746e+000 
1.247383311e+000 1.938526569e+000 
1.132990071e+000 1.885309363e+000 
1.242996254e+000 1.936853280e+000 
1.077751725e+000 1.829402606e+000 
1.221246987e+000 1.930787893e+000 
1.127781011e+000 1.880912331e+000 
1.161610461e+000 1.905071587e+000 
1.139239607e+000 1.889856736e+000 
1.140300355e+000 1.890620293e+000 
1.141881838e+000 1.891726223e+000 
1.150386576e+000 1.897549685e+000 
1.180989907e+000 1.915138303e+000 
1.133582123e+000 1.885928000e+000 
1.139801756e+000 1.890103844e+000 
1.179704326e+000 1.914983509e+000 
1.103483844e+000 1.859321481e+000 
1.135091186e+000 1.886999075e+000 
1.156420422e+000 1.901616587e+000 
1.225527374e+000 1.932197286e+000 
1.192773643e+000 1.921706707e+000 
1.105355770e+000 1.861105241e+000 
1.177152275e+000 1.914186320e+000 
1.106915474e+000 1.862722481e+000 
1.103345076e+000 1.859109866e+000 
1.210558351e+000 1.927767303e+000 
1.100645895e+000 1.856197133e+000 
1.279248786e+000 1.945946054e+000 
1.119661648e+000 1.874060860e+000 
1.120403305e+000 1.874913316e+000 
1.118898907e+000 1.873421371e+000 
1.105705531e+000 1.861458968e+000 
1.179560270e+000 1.914889871e+000 
1.188622945e+000 1.919293089e+000 
1.183744278e+000 1.917301610e+000 
1.123089094e+000 1.876838787e+000 
1.163577195e+000 1.906058198e+000 
1.225547294e+000 1.932325667e+000 
1.276596418e+000 1.945644481e+000 
1.150792806e+000 1.897915674e+000 
1.181330131e+000 1.915806584e+000 
1.178221188e+000 1.914810750e+000 
1.287351758e+000 1.946835309e+000 
1.273983396e+000 1.944948394e+000 
1.274156311e+000 1.944974836e+000 
1.271395969e+000 1.944320187e+000 
1.119806443e+000 1.874188417e+000 
1.209852588e+000 1.927346074e+000 
1.116906672e+000 1.871409652e+000 
1.111310934e+000 1.866407498e+000 
1.183310768e+000 1.917074502e+000 
1.184406244e+000 1.917673465e+000 
1.110698067e+000 1.865932400e+000 
1.184981862e+000 1.917978583e+000 
1.257414483e+000 1.940877890e+000 
1.114622996e+000 1.869560267e+000 
1.117506795e+000 1.871865333e+000 
1.284403893e+000 1.946278893e+000 
1.154352052e+000 1.900275138e+000 
1.260505116e+000 1.941492846e+000 
1.229719339e+000 1.933628526e+000 
1.167826478e+000 1.908594124e+000 
1.268618494e+000 1.943291484e+000 
1.290453442e+000 1.947351963e+000 
1.200033866e+000 1.923471422e+000 
1.201604281e+000 1.924193538e+000 
1.229002453e+000 1.933309715e+000 
1.201992163e+000 1.924390520e+000 
1.251929796e+000 1.939401986e+000 
1.253690344e+000 1.940006994e+000 
1.253566262e+000 1.939832554e+000 
1.008159353e+000 1.000339191e+000 
1.002763543e+000 1.000282282e+000 
1.006389572e+000 1.000326105e+000 
1.004160915e+000 1.000300608e+000 
1.003389098e+000 1.000293738e+000 
1.004421605e+000 1.000305065e+000 
1.005252073e+000 1.000316421e+000 
1.001088204e+000 1.000235589e+000 
1.001551162e+000 1.000258371e+000 
1.001161215e+000 1.000240724e+000 
1.001294612e+000 1.000246444e+000 
1.001373325e+000 1.000252538e+000 
1.001613538e+000 1.000258401e+000 
1.001179362e+000 1.000241253e+000 
1.002084095e+000 1.000270617e+000 
1.001238601e+000 1.000245835e+000 
1.001195060e+000 1.000241381e+000 
1.001302040e+000 1.000246743e+000 
1.001697813e+000 1.000259403e+000 
1.003660042e+000 1.000293843e+000 
1.006396590e+000 1.000327508e+000 
1.002219373e+000 1.000275417e+000 
1.001130838e+000 1.000240723e+000 
1.002040798e+000 1.000270517e+000 
1.002586548e+000 1.000281925e+000 
1.001381136e+000 1.000252539e+000 
1.001435701e+000 1.000252568e+000 
1.008399937e+000 1.000341941e+000 
1.001367540e+000 1.000246812e+000 
1.001071080e+000 1.000231023e+000 
1.001654516e+000 1.000259287e+000 
1.001937444e+000 1.000269585e+000 
1.003681987e+000 1.000294459e+000 
1.003060226e+000 1.000287899e+000 
1.001436062e+000 1.000253438e+000 
1.001822343e+000 1.000264652e+000 
1.003994701e+000 1.000298938e+000 
1.002922524e+000 1.000287112e+000 
1.005040358e+000 1.000313671e+000 
1.002350120e+000 1.000276910e+000 
1.004361563e+000 1.000304880e+000 
1.004281026e+000 1.000303888e+000 
1.001999819e+000 1.000269615e+000 
1.003971884e+000 1.000298867e+000 
1.002520184e+000 1.000281227e+000 
1.004151610e+000 1.000300351e+000 
1.003134465e+000 1.000287905e+000 
1.005102071e+000 1.000315700e+000 
1.002525004e+000 1.000281279e+000 
1.002322726e+000 1.000276349e+000 
1.002304619e+000 1.000276093e+000 
1.001107004e+000 1.000240407e+000 
1.002984067e+000 1.000287758e+000 
1.001314007e+000 1.000246749e+000 
1.004119937e+000 1.000299706e+000 
1.004424737e+000 1.000306183e+000 
1.001258215e+000 1.000246025e+000 
1.004554153e+000 1.000309720e+000 
1.006277397e+000 1.000321533e+000 
1.005060698e+000 1.000315077e+000 
1.007208295e+000 1.000331851e+000 
1.006576157e+000 1.000328309e+000 
1.002917704e+000 1.000287060e+000 
1.003905049e+000 1.000297380e+000 
1.002822464e+000 1.000286236e+000 
1.004910941e+000 1.000312164e+000 
1.004249354e+000 1.000303242e+000 
1.002720246e+000 1.000282182e+000 
1.006385240e+000 1.000323159e+000 
1.004057561e+000 1.000299676e+000 
1.004186978e+000 1.000303212e+000 
1.002165251e+000 1.000274255e+000 
1.004551192e+000 1.000308198e+000 
1.003246759e+000 1.000289694e+000 
1.001908071e+000 1.000269131e+000 
1.004049981e+000 1.000299486e+000 
1.007978869e+000 1.000338517e+000 
1.001804718e+000 1.000263436e+000 
1.004816845e+000 1.000311657e+000 
1.001521790e+000 1.000257901e+000 
1.003216745e+000 1.000288081e+000 
1.003759779e+000 1.000295527e+000 
1.004164141e+000 1.000300621e+000 
1.005716884e+000 1.000320582e+000 
1.007326446e+000 1.000332020e+000 
1.003244874e+000 1.000288263e+000 
1.006848235e+000 1.000331626e+000 
1.007797590e+000 1.000336650e+000 
1.008663149e+000 1.000343291e+000 
1.007804915e+000 1.000338071e+000 
1.007109917e+000 1.000331734e+000 
1.008759146e+000 1.000343515e+000 
1.007523759e+000 1.000332686e+000 
1.008634481e+000 1.000343177e+000 
1.006266253e+000 1.000321246e+000 
1.006304819e+000 1.000322624e+000 
1.006219714e+000 1.000321189e+000 
1.052482847e+000 1.125393598e+000 
1.052160777e+000 1.124943459e+000 
1.052062094e+000 1.124909028e+000 
1.300715277e+000 1.953282021e+000 
1.301522366e+000 1.954207865e+000 
1.307330572e+000 1.956894999e+000 
1.308312061e+000 1.957544571e+000 
1.298528125e+000 1.950799709e+000 
1.339444578e+000 1.968483586e+000 
1.318219078e+000 1.960513376e+000 
1.335698179e+000 1.967290592e+000 
1.314767205e+000 1.959872286e+000 
1.312788289e+000 1.959363986e+000 
1.296233087e+000 1.949899996e+000 
1.626805827e+000 1.998311515e+000 
1.308275163e+000 1.957284521e+000 
1.315352970e+000 1.960401500e+000 
1.337829182e+000 1.967968365e+000 
1.309746719e+000 1.958287546e+000 
1.322076193e+000 1.962682224e+000 
1.344125885e+000 1.969451381e+000 
1.299229405e+000 1.952120833e+000 
1.305904073e+000 1.956732058e+000 
1.309147757e+000 1.957554501e+000 
1.417891660e+000 1.983692811e+000 
1.313164771e+000 1.959828524e+000 
1.306837083e+000 1.956801934e+000 
1.600076807e+000 1.997323233e+000 
1.300673055e+000 1.952651159e+000 
1.296705816e+000 1.950696939e+000 
1.300178678e+000 1.952291442e+000 
1.336534926e+000 1.967565801e+000 
1.305128125e+000 1.954992874e+000 
1.330141582e+000 1.965461042e+000 
1.304781785e+000 1.954508757e+000 
1.303943064e+000 1.954440839e+000 
1.302558672e+000 1.954419581e+000 
1.298633404e+000 1.951962944e+000 
1.308190582e+000 1.956915989e+000 
1.351705841e+000 1.971104658e+000 
1.360669403e+000 1.973325907e+000 
1.345675721e+000 1.969721183e+000 
1.386292412e+000 1.978935598e+000 
1.548288269e+000 1.995289887e+000 
1.359644934e+000 1.973004541e+000 
1.292666219e+000 1.947388748e+000 
1.353079031e+000 1.971250005e+000 
1.352089004e+000 1.971173486e+000 
1.293636296e+000 1.947979174e+000 
1.343930523e+000 1.969446259e+000 
1.295265455e+000 1.948933813e+000 
1.342571348e+000 1.969339589e+000 
1.294617682e+000 1.948584507e+000 
1.295232386e+000 1.948926987e+000 
1.295611713e+000 1.949019413e+000 
1.703169286e+000 1.999779235e+000 
1.295909149e+000 1.949274967e+000 
1.738284990e+000 2.000000000e+000 
1.339158128e+000 1.968253078e+000 
1.340201923e+000 1.968978562e+000 
1.404429736e+000 1.982024378e+000 
1.414800112e+000 1.983418601e+000 
1.400524715e+000 1.981226685e+000 
1.340907906e+000 1.969222618e+000 
1.474046375e+000 1.990314115e+000 
1.416769907e+000 1.983521340e+000 
1.736060176e+000 1.999957665e+000 
1.413855069e+000 1.983042813e+000 
1.474236111e+000 1.990463067e+000 
1.362338752e+000 1.973913339e+000 
1.733551981e+000 1.999881411e+000 
1.326227266e+000 1.963856473e+000 
1.500491598e+000 1.992640755e+000 
1.498143581e+000 1.992355052e+000 
1.345022843e+000 1.969556647e+000 
1.344215436e+000 1.969519189e+000 
1.499280378e+000 1.992493908e+000 
1.402949163e+000 1.981980132e+000 
1.330597017e+000 1.965584229e+000 
1.410525965e+000 1.982646193e+000 
1.332250540e+000 1.966220812e+000 
1.333368245e+000 1.966475948e+000 
1.329021222e+000 1.964953494e+000 
1.381249467e+000 1.978243356e+000 
1.329460713e+000 1.965442198e+000 
1.336819716e+000 1.967924849e+000 
1.332260187e+000 1.966320070e+000 
1.333651565e+000 1.967190354e+000 
1.377956330e+000 1.977569963e+000 
1.350846633e+000 1.970810341e+000 
1.373399651e+000 1.976508600e+000 
1.402268944e+000 1.981525892e+000 
1.372379388e+000 1.976442341e+000 
1.386406306e+000 1.979312545e+000 
1.730681403e+000 1.999880443e+000 
1.730148283e+000 1.999813752e+000 
1.473630664e+000 1.990188761e+000 
1.387991048e+000 1.979524563e+000 
1.348039398e+000 1.970353207e+000 
1.353581961e+000 1.971682045e+000 
1.356053212e+000 1.972594705e+000 
1.418463140e+000 1.983935447e+000 
1.429466885e+000 1.985137789e+000 
1.425275892e+000 1.985081280e+000 
1.393454994e+000 1.980387037e+000 
1.430161067e+000 1.985621156e+000 
1.354387477e+000 1.972146580e+000 
1.398217291e+000 1.980993352e+000 
1.437026653e+000 1.986041633e+000 
1.398239439e+000 1.981048980e+000 
1.394295662e+000 1.980506715e+000 
1.408829830e+000 1.982498749e+000 
1.359242110e+000 1.972979583e+000 
1.412038039e+000 1.982851173e+000 
1.385713303e+000 1.978912908e+000 
1.381654466e+000 1.978403573e+000 
1.545752837e+000 1.995239161e+000 
1.387170724e+000 1.979323120e+000 
1.371287646e+000 1.975919628e+000 
1.396548213e+000 1.980759124e+000 
1.384103640e+000 1.978840651e+000 
1.549636363e+000 1.995409819e+000 
1.547704011e+000 1.995283747e+000 
1.546667402e+000 1.995242742e+000 
1.429864082e+000 1.985157131e+000 
1.319514678e+000 1.961232025e+000 
1.375213317e+000 1.976746687e+000 
1.533693256e+000 1.994764521e+000 
1.533501304e+000 1.994746965e+000 
1.541667247e+000 1.995162347e+000 
1.320889409e+000 1.962249291e+000 
1.322162931e+000 1.962788878e+000 
1.320307149e+000 1.962069580e+000 
1.352476997e+000 1.971198041e+000 
1.322775186e+000 1.962897325e+000 
1.348694243e+000 1.970582573e+000 
1.525981170e+000 1.994257647e+000 
1.358127568e+000 1.972670423e+000 
1.376805443e+000 1.977359755e+000 
1.383040572e+000 1.978719427e+000 
1.364098737e+000 1.974424836e+000 
1.362374349e+000 1.973988840e+000 
1.365341317e+000 1.974643391e+000 
1.389488270e+000 1.979703370e+000 
1.365574700e+000 1.975005493e+000 
1.360313333e+000 1.973309269e+000 
1.363917810e+000 1.974299105e+000 
1.360790611e+000 1.973713896e+000 
1.371372395e+000 1.976242641e+000 
1.368929162e+000 1.975492132e+000 
1.374083119e+000 1.976674921e+000 
1.319947621e+000 1.961329910e+000 
1.318976847e+000 1.961133390e+000 
1.367368844e+000 1.975205937e+000 
1.318839929e+000 1.961132690e+000 
1.379240799e+000 1.977994219e+000 
1.475848853e+000 1.990758218e+000 
1.324821397e+000 1.963660430e+000 
1.324070221e+000 1.963366967e+000 
1.326433733e+000 1.964284695e+000 
1.331036912e+000 1.965926212e+000 
1.326434195e+000 1.964477003e+000 
1.346596018e+000 1.970030238e+000 
1.327896242e+000 1.964716635e+000 
1.586480811e+000 1.996802209e+000 
1.527771246e+000 1.994362202e+000 
1.646297167e+000 1.998680891e+000 
1.553894038e+000 1.995502697e+000 
1.536973314e+000 1.994820815e+000 
1.535780811e+000 1.994772072e+000 
1.539397817e+000 1.994953119e+000 
1.593946049e+000 1.997098877e+000 
1.565656834e+000 1.996048628e+000 
1.562572991e+000 1.995963116e+000 
1.562198475e+000 1.995909979e+000 
1.531401554e+000 1.994683981e+000 
1.530006284e+000 1.994619853e+000 
1.510428975e+000 1.993418908e+000 
1.679272154e+000 1.999178123e+000 
1.502590134e+000 1.992845914e+000 
1.579999225e+000 1.996696523e+000 
1.518833183e+000 1.993916130e+000 
1.524525427e+000 1.994228124e+000 
1.517706879e+000 1.993736393e+000 
1.513124201e+000 1.993648835e+000 
1.497505376e+000 1.992286587e+000 
1.701525191e+000 1.999525622e+000 
1.697346857e+000 1.999487254e+000 
1.449561254e+000 1.987983949e+000 
1.629408707e+000 1.998358924e+000 
1.449639078e+000 1.988026138e+000 
1.499664481e+000 1.992580968e+000 
1.443755622e+000 1.986981110e+000 
1.447140435e+000 1.987687908e+000 
1.440321033e+000 1.986924828e+000 
1.605999439e+000 1.997634059e+000 
1.452118631e+000 1.988162752e+000 
1.699346545e+000 1.999522838e+000 
1.512020057e+000 1.993475900e+000 
1.517071079e+000 1.993678219e+000 
1.613517360e+000 1.997911170e+000 
1.672603909e+000 1.999074160e+000 
1.412689223e+000 1.982900535e+000 
1.519741647e+000 1.993947169e+000 
1.695716203e+000 1.999400680e+000 
1.444330767e+000 1.987240895e+000 
1.438347486e+000 1.986479062e+000 
1.439927336e+000 1.986812696e+000 
1.692589222e+000 1.999400242e+000 
1.488635968e+000 1.992002909e+000 
1.639079931e+000 1.998559682e+000 
1.638902497e+000 1.998550083e+000 
1.460356718e+000 1.989198483e+000 
1.455435700e+000 1.988630893e+000 
1.453711022e+000 1.988537992e+000 
1.464800056e+000 1.989680017e+000 
1.456957671e+000 1.988795252e+000 
1.467548931e+000 1.990108554e+000 
1.465556090e+000 1.989987703e+000 
1.623438488e+000 1.998251227e+000 
1.420658830e+000 1.983992081e+000 
1.611678472e+000 1.997816843e+000 
1.486882088e+000 1.991798401e+000 
1.420694212e+000 1.984032594e+000 
1.410947282e+000 1.982832190e+000 
1.488313079e+000 1.991922623e+000 
1.626394565e+000 1.998307689e+000 
1.691782621e+000 1.999312409e+000 
1.689853726e+000 1.999225510e+000 
1.622481554e+000 1.998158528e+000 
1.434211326e+000 1.985940290e+000 
1.553459520e+000 1.995452118e+000 
1.556641275e+000 1.995686779e+000 
1.590365839e+000 1.997082135e+000 
1.485071797e+000 1.991651067e+000 
1.423461793e+000 1.984365740e+000 
1.482953241e+000 1.991566863e+000 
1.424825596e+000 1.984560491e+000 
1.460077801e+000 1.989150558e+000 
1.631833847e+000 1.998367366e+000 
1.486346044e+000 1.991733203e+000 
1.634008438e+000 1.998476975e+000 
1.667947728e+000 1.998907050e+000 
1.503729375e+000 1.992897121e+000 
1.476619817e+000 1.990836001e+000 
1.476737639e+000 1.991003485e+000 
1.477453138e+000 1.991010023e+000 
1.478182039e+000 1.991068914e+000 
1.441088878e+000 1.986965918e+000 
1.583068729e+000 1.996782256e+000 
1.670333560e+000 1.998912790e+000 
1.581089470e+000 1.996737934e+000 
1.458831703e+000 1.989081098e+000 
1.595703067e+000 1.997213290e+000 
1.616219055e+000 1.997933660e+000 
1.618919725e+000 1.998061967e+000 
1.600569861e+000 1.997343297e+000 
1.623527913e+000 1.998270760e+000 
1.642816229e+000 1.998658613e+000 
1.573107916e+000 1.996424763e+000 
1.642319103e+000 1.998578973e+000 
1.661548102e+000 1.998811532e+000 
1.601456415e+000 1.997544435e+000 
1.654902039e+000 1.998809317e+000 
1.667927847e+000 1.998849761e+000 
1.665741105e+000 1.998845044e+000 
1.663647046e+000 1.998834945e+000 
1.595237703e+000 1.997178930e+000 
1.587495590e+000 1.997022158e+000 
1.578475022e+000 1.996645203e+000 
1.652468103e+000 1.998773472e+000 
1.576893656e+000 1.996564543e+000 
1.647732858e+000 1.998710978e+000 
1.574941166e+000 1.996501161e+000 
1.601391351e+000 1.997429690e+000 

