1.012142028e+000 1.020431337e+000 
1.010745897e+000 1.019830184e+000 
1.012291234e+000 1.020630101e+000 
1.010038987e+000 1.019377055e+000 
1.011392742e+000 1.020098950e+000 
1.010849611e+000 1.019902297e+000 
1.011260410e+000 1.020087474e+000 
1.011196976e+000 1.020078088e+000 
1.012265383e+000 1.020551108e+000 
1.011179615e+000 1.019933724e+000 
1.028586748e+000 1.206658797e+000 
1.028956067e+000 1.207443635e+000 
1.031612145e+000 1.211268335e+000 
1.029570582e+000 1.208520847e+000 
1.029801294e+000 1.208968958e+000 
1.031469011e+000 1.211187117e+000 
1.030327982e+000 1.209993200e+000 
1.028598145e+000 1.206684200e+000 
1.028287960e+000 1.206052339e+000 
1.030955964e+000 1.210525117e+000 
1.029502506e+000 1.208362500e+000 
1.033772113e+000 1.213854422e+000 
1.033466986e+000 1.213511573e+000 
1.033946649e+000 1.214013260e+000 
1.034637653e+000 1.214711020e+000 
1.032159805e+000 1.211956693e+000 
1.032672852e+000 1.212618693e+000 
1.032348560e+000 1.212209442e+000 
1.027977645e+000 1.079972224e+000 
1.027530044e+000 1.079486161e+000 
1.026148705e+000 1.078439804e+000 
1.026981601e+000 1.079227950e+000 
1.025036213e+000 1.077466452e+000 
1.022426055e+000 1.074716825e+000 
1.006843223e+000 1.008139349e+000 
1.007654059e+000 1.008365616e+000 
1.009111363e+000 1.008695088e+000 
1.007907131e+000 1.008465826e+000 
1.007062862e+000 1.008250789e+000 
1.006236851e+000 1.007744840e+000 
1.007468039e+000 1.008360406e+000 
1.006779077e+000 1.008112705e+000 
1.006449233e+000 1.007868133e+000 
1.007582629e+000 1.008363223e+000 
1.010016484e+000 1.008870465e+000 
1.006584637e+000 1.008021550e+000 
1.008044305e+000 1.008474974e+000 
1.007396192e+000 1.008342326e+000 
1.006991014e+000 1.008232718e+000 
1.008111627e+000 1.008487626e+000 
1.009857109e+000 1.008827182e+000 
1.008475491e+000 1.008581280e+000 
1.006461852e+000 1.008012318e+000 
1.008600523e+000 1.008585072e+000 
1.008236659e+000 1.008491424e+000 
1.008715112e+000 1.008587904e+000 
1.006001657e+000 1.004079970e+000 
1.006152663e+000 1.004087730e+000 
1.003592304e+000 1.003665403e+000 
1.003513055e+000 1.003601572e+000 
1.005959877e+000 1.004072197e+000 
1.003412700e+000 1.003599033e+000 
1.005497116e+000 1.004016498e+000 
1.003804100e+000 1.003709833e+000 
1.003947705e+000 1.003722530e+000 
1.003532207e+000 1.003656068e+000 
1.004936351e+000 1.003922608e+000 
1.004971926e+000 1.003954476e+000 
1.004705931e+000 1.003906773e+000 
1.004621586e+000 1.003905218e+000 
1.004850680e+000 1.003918494e+000 
1.003926211e+000 1.003710867e+000 
1.004796948e+000 1.003917957e+000 
1.005025659e+000 1.003955013e+000 
1.004586011e+000 1.003873350e+000 
1.004675319e+000 1.003905755e+000 
1.003764639e+000 1.003709791e+000 
1.003968035e+000 1.003762066e+000 
1.004254175e+000 1.003847890e+000 
1.004089877e+000 1.003804113e+000 
1.005828235e+000 1.004032434e+000 
1.005082539e+000 1.003968919e+000 
1.004410649e+000 1.003860611e+000 
1.004925257e+000 1.003920427e+000 
1.005867598e+000 1.004034682e+000 
1.003119862e+000 1.001740535e+000 
1.001887126e+000 1.001651558e+000 
1.001637969e+000 1.001623397e+000 
1.001622272e+000 1.001607978e+000 
1.001712026e+000 1.001626322e+000 
1.001745027e+000 1.001643744e+000 
1.001548215e+000 1.001605052e+000 
1.002307625e+000 1.001693653e+000 
1.002270052e+000 1.001692329e+000 
1.002183360e+000 1.001690230e+000 
1.001813069e+000 1.001648632e+000 
1.002233568e+000 1.001690727e+000 
1.001181205e+000 1.001542451e+000 
1.002394316e+000 1.001695752e+000 
1.001902823e+000 1.001666976e+000 
1.002587179e+000 1.001713761e+000 
1.002995224e+000 1.001738096e+000 
1.003307941e+000 1.001757474e+000 
1.002063572e+000 1.001672000e+000 
1.002479775e+000 1.001710316e+000 
1.002870959e+000 1.001734673e+000 
1.003124002e+000 1.001753336e+000 
1.001359035e+000 1.001563882e+000 
1.001448789e+000 1.001582226e+000 
1.003372026e+000 1.001760243e+000 
1.001415461e+000 1.001580670e+000 
1.001976880e+000 1.001669902e+000 
1.003081915e+000 1.001740195e+000 
1.002796902e+000 1.001731748e+000 
1.002957651e+000 1.001736772e+000 
1.002678096e+000 1.001716664e+000 
1.003297969e+000 1.001757318e+000 
1.003054899e+000 1.001738811e+000 
1.002764788e+000 1.001718763e+000 
1.002676308e+000 1.001716622e+000 
1.002552044e+000 1.001713199e+000 
1.002638735e+000 1.001715298e+000 
1.002640523e+000 1.001715340e+000 
1.002957299e+000 1.001736473e+000 
1.002553832e+000 1.001713241e+000 
1.003052810e+000 1.001738572e+000 
1.003051023e+000 1.001738530e+000 
1.002477987e+000 1.001710274e+000 
1.022108845e+000 1.045046642e+000 
1.021088273e+000 1.044501864e+000 
1.014805373e+000 1.040566882e+000 
1.015847763e+000 1.041443621e+000 
1.012897141e+000 1.038641917e+000 
1.015163488e+000 1.040955296e+000 
1.016736556e+000 1.042098320e+000 
1.015698121e+000 1.041359639e+000 
1.014290259e+000 1.040318358e+000 
1.014555076e+000 1.040549750e+000 
1.018477632e+000 1.043153565e+000 
1.021802664e+000 1.044848037e+000 
1.013681847e+000 1.039912813e+000 
1.012606345e+000 1.038641726e+000 
1.016350344e+000 1.041751224e+000 
1.014014680e+000 1.040057956e+000 
1.021131987e+000 1.044519598e+000 
1.015364690e+000 1.041019521e+000 
1.019296526e+000 1.043612418e+000 
1.022048280e+000 1.045017680e+000 
1.019720219e+000 1.043802263e+000 
1.017958320e+000 1.042741372e+000 
1.017483112e+000 1.042481411e+000 
1.018323308e+000 1.042977315e+000 
1.014989026e+000 1.040700391e+000 
1.019019753e+000 1.043405252e+000 
1.001136510e+000 1.000010957e+000 
1.001154711e+000 1.000012122e+000 
1.000980205e+000 1.000010757e+000 
1.000901116e+000 1.000008291e+000 
1.001090934e+000 1.000010821e+000 
1.000851000e+000 1.000008216e+000 
1.001094889e+000 1.000010955e+000 
1.000947509e+000 1.000009457e+000 
1.000911916e+000 1.000009386e+000 
1.001018326e+000 1.000010759e+000 
1.001139146e+000 1.000010983e+000 
1.034803354e+000 1.366417616e+000 
1.035215033e+000 1.367661927e+000 
1.038859600e+000 1.372710387e+000 
1.038864615e+000 1.372981020e+000 
1.039712209e+000 1.374484840e+000 
1.035055121e+000 1.367368244e+000 
1.036203753e+000 1.369521563e+000 
1.035290317e+000 1.367902735e+000 
1.040130174e+000 1.375302039e+000 
1.036626122e+000 1.370132047e+000 
1.039755747e+000 1.374599270e+000 
1.036893477e+000 1.370315078e+000 
1.038993674e+000 1.373139989e+000 
1.035175893e+000 1.367471443e+000 
1.037999582e+000 1.371874827e+000 
1.038575143e+000 1.372656068e+000 
1.037596673e+000 1.371327313e+000 
1.082581260e+000 1.878704865e+000 
1.046413257e+000 1.836416206e+000 
1.172511674e+000 1.925930560e+000 
1.043092339e+000 1.830869131e+000 
1.044519770e+000 1.833208574e+000 
1.048672835e+000 1.840394040e+000 
1.078037708e+000 1.874510226e+000 
1.074621849e+000 1.870972214e+000 
1.126119341e+000 1.906644732e+000 
1.188898794e+000 1.931068620e+000 
1.228866163e+000 1.943097502e+000 
1.050903525e+000 1.843785883e+000 
1.054927690e+000 1.849258944e+000 
1.094989751e+000 1.888177601e+000 
1.060788220e+000 1.856778177e+000 
1.042304044e+000 1.828090667e+000 
1.069666907e+000 1.866260870e+000 
1.062411381e+000 1.858981906e+000 
1.080671307e+000 1.876654409e+000 
1.043710912e+000 1.831579572e+000 
1.041694811e+000 1.826884630e+000 
1.041987852e+000 1.827422416e+000 
1.050191192e+000 1.842681062e+000 
1.129036149e+000 1.907500435e+000 
1.063572286e+000 1.860125295e+000 
1.042882239e+000 1.830112274e+000 
1.108015022e+000 1.896338062e+000 
1.041605219e+000 1.826638463e+000 
1.051708613e+000 1.844764245e+000 
1.049414701e+000 1.841440732e+000 
1.056795749e+000 1.851928279e+000 
1.080425388e+000 1.876457419e+000 
1.044085079e+000 1.832417865e+000 
1.047703411e+000 1.839372289e+000 
1.069116578e+000 1.865816886e+000 
1.209986292e+000 1.937160205e+000 
1.047167703e+000 1.837729196e+000 
1.045692872e+000 1.835096803e+000 
1.045101910e+000 1.834044807e+000 
1.052088598e+000 1.845730059e+000 
1.135773917e+000 1.911682614e+000 
1.213374913e+000 1.938751249e+000 
1.258008381e+000 1.948108125e+000 
1.086861133e+000 1.881770475e+000 
1.048508768e+000 1.840312604e+000 
1.046018405e+000 1.836102955e+000 
1.047633203e+000 1.838708886e+000 
1.053729117e+000 1.847144018e+000 
1.047469136e+000 1.838627449e+000 
1.052076572e+000 1.845350615e+000 
1.082026960e+000 1.877644184e+000 
1.086397488e+000 1.881550940e+000 
1.098625682e+000 1.890254359e+000 
1.076293006e+000 1.872866969e+000 
1.090226487e+000 1.884443545e+000 
1.065640141e+000 1.861961084e+000 
1.040916881e+000 1.825001006e+000 
1.245611627e+000 1.944038792e+000 
1.066286325e+000 1.862824631e+000 
1.151456028e+000 1.918600871e+000 
1.112877482e+000 1.898915334e+000 
1.041101172e+000 1.825191449e+000 
1.161024285e+000 1.922536903e+000 
1.156066000e+000 1.920333689e+000 
1.080344220e+000 1.876432486e+000 
1.199933790e+000 1.934548898e+000 
1.093457023e+000 1.886589871e+000 
1.083957151e+000 1.879594102e+000 
1.088338793e+000 1.883167217e+000 
1.054028907e+000 1.847913736e+000 
1.051872680e+000 1.844845682e+000 
1.055731683e+000 1.850375127e+000 
1.087954061e+000 1.882759215e+000 
1.088813169e+000 1.883414981e+000 
1.092298929e+000 1.885884849e+000 
1.152146588e+000 1.918881372e+000 
1.058349364e+000 1.853797417e+000 
1.154165825e+000 1.919776671e+000 
1.056460899e+000 1.851477128e+000 
1.117054137e+000 1.901584940e+000 
1.079368897e+000 1.875664801e+000 
1.060093329e+000 1.855937902e+000 
1.097424882e+000 1.889746011e+000 
1.101797896e+000 1.892233765e+000 
1.056296832e+000 1.851395691e+000 
1.045353700e+000 1.834345461e+000 
1.055861589e+000 1.850613715e+000 
1.214733973e+000 1.939152684e+000 
1.063814905e+000 1.860310397e+000 
1.083032133e+000 1.878877871e+000 
1.073249897e+000 1.869694095e+000 
1.070700449e+000 1.867451208e+000 
1.214628625e+000 1.938760362e+000 
1.062229819e+000 1.858462586e+000 
1.154973684e+000 1.920245756e+000 
1.060312570e+000 1.856231437e+000 
1.167816446e+000 1.924948144e+000 
1.060603929e+000 1.856587734e+000 
1.078402915e+000 1.874816210e+000 
1.154682994e+000 1.920102118e+000 
1.056200234e+000 1.850975818e+000 
1.052595784e+000 1.846204101e+000 
1.097155537e+000 1.889497544e+000 
1.051813457e+000 1.844812095e+000 
1.182465849e+000 1.929058102e+000 
1.098135833e+000 1.890221908e+000 
1.129540729e+000 1.907857501e+000 
1.162001939e+000 1.922978919e+000 
1.053379943e+000 1.847082405e+000 
1.215808335e+000 1.939270766e+000 
1.069849126e+000 1.866447002e+000 
1.148055477e+000 1.916828135e+000 
1.198670207e+000 1.933837344e+000 
1.083527259e+000 1.879036899e+000 
1.096877445e+000 1.889453929e+000 
1.087322505e+000 1.882267190e+000 
1.153340820e+000 1.919469546e+000 
1.196901601e+000 1.933531091e+000 
1.068840866e+000 1.865465082e+000 
1.142184489e+000 1.914344687e+000 
1.165724385e+000 1.924249329e+000 
1.071291524e+000 1.867681867e+000 
1.081050592e+000 1.877261304e+000 
1.194078959e+000 1.932780273e+000 
1.107459665e+000 1.895893831e+000 
1.255976719e+000 1.947423960e+000 
1.082221529e+000 1.878174525e+000 
1.103416098e+000 1.893544325e+000 
1.087143201e+000 1.882161198e+000 
1.148397823e+000 1.917166033e+000 
1.066185505e+000 1.862652332e+000 
1.142659670e+000 1.914594464e+000 
1.058341050e+000 1.853775819e+000 
1.076267009e+000 1.872595568e+000 
1.100281042e+000 1.891286761e+000 
1.099533192e+000 1.890973392e+000 
1.153956050e+000 1.919562852e+000 
1.070207019e+000 1.866674527e+000 
1.164141695e+000 1.923923112e+000 
1.097775133e+000 1.889845962e+000 
1.094982529e+000 1.888027686e+000 
1.104705306e+000 1.894016897e+000 
1.156175466e+000 1.920551695e+000 
1.103963535e+000 1.893835393e+000 
1.071232301e+000 1.867681837e+000 
1.064978605e+000 1.861606721e+000 
1.101367133e+000 1.892180657e+000 
1.207326768e+000 1.936697844e+000 
1.055860790e+000 1.850606979e+000 
1.069629087e+000 1.866187674e+000 
1.185894571e+000 1.929763465e+000 
1.183743936e+000 1.929607277e+000 
1.205741998e+000 1.936098001e+000 
1.139614656e+000 1.913243610e+000 
1.061316574e+000 1.857470194e+000 
1.067004617e+000 1.863503664e+000 
1.137516233e+000 1.912475034e+000 
1.225585938e+000 1.942176528e+000 
1.128183174e+000 1.907105361e+000 
1.253142637e+000 1.946384063e+000 
1.216905607e+000 1.939332275e+000 
1.146155302e+000 1.916270529e+000 
1.130539916e+000 1.908399833e+000 
1.120822893e+000 1.903763404e+000 
1.141078690e+000 1.913910828e+000 
1.096501891e+000 1.889108041e+000 
1.099041238e+000 1.890680578e+000 
1.161246023e+000 1.922786313e+000 
1.124597759e+000 1.905760916e+000 
1.221967415e+000 1.941236767e+000 
1.132877886e+000 1.910028970e+000 
1.219897877e+000 1.940560242e+000 
1.203126551e+000 1.935173291e+000 
1.194642859e+000 1.932869260e+000 
1.134538043e+000 1.910883909e+000 
1.131978927e+000 1.908980768e+000 
1.190768144e+000 1.931396975e+000 
1.177150153e+000 1.927956062e+000 
1.226812294e+000 1.942303233e+000 
1.095291269e+000 1.888272693e+000 
1.121262809e+000 1.903764164e+000 
1.208023658e+000 1.936996005e+000 
1.114427518e+000 1.899886969e+000 
1.211578989e+000 1.938130790e+000 
1.101914570e+000 1.892471725e+000 
1.160303888e+000 1.922101535e+000 
1.123144486e+000 1.904724772e+000 
1.100871054e+000 1.891730206e+000 
1.115598159e+000 1.900634860e+000 
1.123238048e+000 1.904980212e+000 
1.212732476e+000 1.938460570e+000 
1.169333407e+000 1.925401945e+000 
1.109804506e+000 1.897332802e+000 
1.156871711e+000 1.920649606e+000 
1.128021903e+000 1.907018021e+000 
1.111075463e+000 1.898053065e+000 
1.173516776e+000 1.926962240e+000 
1.127296210e+000 1.906747399e+000 
1.131018499e+000 1.908713717e+000 
1.072525225e+000 1.868992937e+000 
1.114990932e+000 1.900512202e+000 
1.120357505e+000 1.903393114e+000 
1.115674670e+000 1.900826043e+000 
1.149065288e+000 1.917527570e+000 
1.212675524e+000 1.938225155e+000 
1.118202766e+000 1.902101980e+000 
1.248748175e+000 1.945271277e+000 
1.193492360e+000 1.931881330e+000 
1.028204044e+000 1.080166110e+000 
1.022595029e+000 1.075182453e+000 
1.023856802e+000 1.076683053e+000 
1.023344611e+000 1.076126744e+000 
1.026184105e+000 1.078530723e+000 
1.024447420e+000 1.077203710e+000 
1.025128173e+000 1.077764981e+000 
1.022794027e+000 1.075331560e+000 
1.024334656e+000 1.077134655e+000 
1.022859876e+000 1.075740533e+000 
1.024191749e+000 1.076927646e+000 
1.000000000e+000 1.000000000e+000 
1.000191528e+000 1.000002738e+000 
1.000176469e+000 1.000002667e+000 
1.000309317e+000 1.000004909e+000 
1.000476730e+000 1.000006227e+000 
1.000644835e+000 1.000007469e+000 
1.000243824e+000 1.000003750e+000 
1.000331288e+000 1.000005005e+000 
1.000138203e+000 1.000001515e+000 
1.000263933e+000 1.000003922e+000 
1.000374701e+000 1.000005141e+000 
1.000214528e+000 1.000003530e+000 
1.000096739e+000 1.000001359e+000 
1.000520144e+000 1.000006363e+000 
1.000443433e+000 1.000005371e+000 
1.000048357e+000 1.000001154e+000 
1.000352731e+000 1.000005045e+000 
1.000688249e+000 1.000007604e+000 
1.000236498e+000 1.000003625e+000 
1.000593454e+000 1.000006538e+000 
1.000761559e+000 1.000007779e+000 
1.000305206e+000 1.000004024e+000 
1.000167003e+000 1.000002509e+000 
1.000518003e+000 1.000006329e+000 
1.000591314e+000 1.000006504e+000 
1.000538454e+000 1.000006399e+000 
1.000149034e+000 1.000002370e+000 
1.000465144e+000 1.000006224e+000 
1.000372561e+000 1.000005107e+000 
1.000234358e+000 1.000003592e+000 
1.000081680e+000 1.000001287e+000 
1.000842564e+000 1.000007841e+000 
1.291367415e+000 1.960601826e+000 
1.295011220e+000 1.962391638e+000 
1.278493674e+000 1.954972262e+000 
1.312391908e+000 1.966533152e+000 
1.318417873e+000 1.967429488e+000 
1.273217743e+000 1.953487001e+000 
1.287319084e+000 1.959594279e+000 
1.274318310e+000 1.954438215e+000 
1.272343896e+000 1.953071692e+000 
1.366918630e+000 1.977583389e+000 
1.307522189e+000 1.965717072e+000 
1.312693069e+000 1.966688928e+000 
1.307795281e+000 1.965789937e+000 
1.283980946e+000 1.957981123e+000 
1.276078048e+000 1.954672981e+000 
1.274024365e+000 1.953985691e+000 
1.329582765e+000 1.969791542e+000 
1.281604959e+000 1.956172062e+000 
1.269856878e+000 1.952953288e+000 
1.438792886e+000 1.988489094e+000 
1.434802671e+000 1.988365432e+000 
1.633076458e+000 1.999135344e+000 
1.316669501e+000 1.967276033e+000 
1.304858480e+000 1.964854605e+000 
1.267502968e+000 1.952515899e+000 
1.299762784e+000 1.963183090e+000 
1.312692688e+000 1.966561724e+000 
1.282390949e+000 1.956338241e+000 
1.284918197e+000 1.958438601e+000 
1.286587984e+000 1.959440169e+000 
1.289181774e+000 1.960553919e+000 
1.386078074e+000 1.981014893e+000 
1.311289723e+000 1.966464396e+000 
1.266583831e+000 1.951358185e+000 
1.299681659e+000 1.962764916e+000 
1.292929641e+000 1.960918177e+000 
1.283221158e+000 1.957914645e+000 
1.261467918e+000 1.949787137e+000 
1.283137721e+000 1.956884347e+000 
1.304927671e+000 1.964854871e+000 
1.288894093e+000 1.960033154e+000 
1.261698524e+000 1.950223820e+000 
1.375609508e+000 1.979371367e+000 
1.263996488e+000 1.951093590e+000 
1.665450651e+000 1.999677934e+000 
1.269383832e+000 1.952818844e+000 
1.304519938e+000 1.963539035e+000 
1.302898047e+000 1.963325174e+000 
1.321020423e+000 1.968644168e+000 
1.282896166e+000 1.956398212e+000 
1.383638883e+000 1.980643524e+000 
1.648410874e+000 1.999256831e+000 
1.266484581e+000 1.951298866e+000 
1.257348593e+000 1.947740862e+000 
1.377510520e+000 1.979618513e+000 
1.361162999e+000 1.976388907e+000 
1.374316838e+000 1.979088822e+000 
1.648625151e+000 1.999348628e+000 
1.318570491e+000 1.967598679e+000 
1.340281096e+000 1.971491826e+000 
1.690638843e+000 2.000000000e+000 
1.263268381e+000 1.950462727e+000 
1.657540666e+000 1.999494933e+000 
1.686746420e+000 1.999935154e+000 
1.664430621e+000 1.999637677e+000 
1.687343796e+000 1.999935463e+000 
1.283064336e+000 1.956654430e+000 
1.260439290e+000 1.948968113e+000 
1.689233992e+000 1.999943464e+000 
1.258436944e+000 1.948426109e+000 
1.259199244e+000 1.948937284e+000 
1.261678080e+000 1.950011838e+000 
1.266587315e+000 1.951945631e+000 
1.454112841e+000 1.990190382e+000 
1.690379248e+000 1.999993471e+000 
1.678076405e+000 1.999912668e+000 
1.442759502e+000 1.988918936e+000 
1.265886369e+000 1.951208440e+000 
1.279934793e+000 1.955622984e+000 
1.613348970e+000 1.998878837e+000 
1.639297867e+000 1.999151143e+000 
1.281138446e+000 1.955960966e+000 
1.447508059e+000 1.989957212e+000 
1.277707589e+000 1.954970804e+000 
1.517575094e+000 1.995501125e+000 
1.303855240e+000 1.963534380e+000 
1.335857300e+000 1.970989483e+000 
1.333027542e+000 1.970553857e+000 
1.273409454e+000 1.953764628e+000 
1.277122146e+000 1.954703570e+000 
1.392809426e+000 1.981761649e+000 
1.445693573e+000 1.989622855e+000 
1.460394863e+000 1.991255920e+000 
1.422359009e+000 1.986225838e+000 
1.451589418e+000 1.990069482e+000 
1.454404065e+000 1.990734697e+000 
1.664240503e+000 1.999629317e+000 
1.393344793e+000 1.981924985e+000 
1.422602329e+000 1.986534083e+000 
1.661739531e+000 1.999605791e+000 
1.461494589e+000 1.991329104e+000 
1.429134464e+000 1.987397833e+000 
1.462233241e+000 1.991569480e+000 
1.425380934e+000 1.986889614e+000 
1.656489926e+000 1.999395534e+000 
1.657620919e+000 1.999553523e+000 
1.366062208e+000 1.977160907e+000 
1.556036396e+000 1.997410392e+000 
1.349922515e+000 1.973666742e+000 
1.302543477e+000 1.963293254e+000 
1.408188520e+000 1.984350302e+000 
1.343555727e+000 1.972411593e+000 
1.428996558e+000 1.987328263e+000 
1.425897475e+000 1.987074784e+000 
1.405528257e+000 1.984067355e+000 
1.350199435e+000 1.973789131e+000 
1.348012204e+000 1.973408944e+000 
1.353117203e+000 1.974821588e+000 
1.593785148e+000 1.998777049e+000 
1.552754683e+000 1.997383053e+000 
1.549976927e+000 1.997151422e+000 
1.404729861e+000 1.984027720e+000 
1.354218835e+000 1.974932155e+000 
1.315175513e+000 1.966865857e+000 
1.319393331e+000 1.967968107e+000 
1.589528783e+000 1.998722786e+000 
1.304674975e+000 1.963576675e+000 
1.371464337e+000 1.978298192e+000 
1.329359592e+000 1.969662997e+000 
1.315476848e+000 1.967116744e+000 
1.354932723e+000 1.975181954e+000 
1.356974014e+000 1.975401863e+000 
1.359984852e+000 1.976136833e+000 
1.414598920e+000 1.985226196e+000 
1.324445460e+000 1.968922987e+000 
1.319043103e+000 1.967966488e+000 
1.415915665e+000 1.985369905e+000 
1.358730093e+000 1.975974690e+000 
1.412531247e+000 1.985102257e+000 
1.408431668e+000 1.984571120e+000 
1.323927478e+000 1.968765707e+000 
1.326620716e+000 1.969193958e+000 
1.417098262e+000 1.985960468e+000 
1.444804566e+000 1.989178605e+000 
1.393940308e+000 1.982283226e+000 
1.388396100e+000 1.981519076e+000 
1.325518437e+000 1.969125996e+000 
1.317905986e+000 1.967373818e+000 
1.358081990e+000 1.975820526e+000 
1.374135044e+000 1.978850524e+000 
1.314524717e+000 1.966698569e+000 
1.380078438e+000 1.980302780e+000 
1.425380323e+000 1.986810623e+000 
1.583965718e+000 1.998313376e+000 
1.396374519e+000 1.982771680e+000 
1.413079007e+000 1.985169880e+000 
1.362797234e+000 1.976394657e+000 
1.334584797e+000 1.970674744e+000 
1.342347044e+000 1.972148134e+000 
1.401410857e+000 1.983606208e+000 
1.398815166e+000 1.983088883e+000 
1.396104474e+000 1.982493817e+000 
1.592019500e+000 1.998739304e+000 
1.336106269e+000 1.971002342e+000 
1.341221696e+000 1.971768941e+000 
1.338835751e+000 1.971303548e+000 
1.474345898e+000 1.992505692e+000 
1.570114288e+000 1.997981035e+000 
1.462721189e+000 1.991653040e+000 
1.538033260e+000 1.996506335e+000 
1.456770478e+000 1.990885839e+000 
1.544745432e+000 1.997007041e+000 
1.530957216e+000 1.996316794e+000 
1.544902583e+000 1.997008894e+000 
1.450253149e+000 1.989971159e+000 
1.535734142e+000 1.996393909e+000 
1.372804454e+000 1.978736743e+000 
1.486810005e+000 1.993480733e+000 
1.433087181e+000 1.987833074e+000 
1.542785422e+000 1.996921789e+000 
1.428121312e+000 1.987312530e+000 
1.346076810e+000 1.972668821e+000 
1.489121287e+000 1.993738805e+000 
1.481561336e+000 1.993059718e+000 
1.571657348e+000 1.997984912e+000 
1.389326646e+000 1.981565014e+000 
1.538405098e+000 1.996798016e+000 
1.370207188e+000 1.977968123e+000 
1.478758635e+000 1.993003855e+000 
1.464706132e+000 1.991898949e+000 
1.536856030e+000 1.996433197e+000 
1.484072378e+000 1.993336095e+000 
1.465010054e+000 1.991916006e+000 
1.470704663e+000 1.992294085e+000 
1.529278338e+000 1.996259591e+000 
1.475824703e+000 1.992631043e+000 
1.461772199e+000 1.991526137e+000 
1.363742572e+000 1.976917583e+000 
1.440947650e+000 1.988613622e+000 
1.480859135e+000 1.993046547e+000 
1.527618322e+000 1.996102053e+000 
1.378781549e+000 1.979976168e+000 
1.387785505e+000 1.981141890e+000 
1.386888696e+000 1.981130408e+000 
1.384463447e+000 1.980987890e+000 
1.363733469e+000 1.976866910e+000 
1.352854664e+000 1.974671101e+000 
1.370210114e+000 1.978271247e+000 
1.485027270e+000 1.993461309e+000 
1.487540925e+000 1.993569228e+000 
1.403925497e+000 1.983645998e+000 
1.374401393e+000 1.979188713e+000 
1.488617460e+000 1.993584905e+000 
1.609884259e+000 1.998872290e+000 
1.603634743e+000 1.998834332e+000 
1.587124589e+000 1.998617643e+000 
1.602200472e+000 1.998810637e+000 
1.487341126e+000 1.993519825e+000 
1.482184287e+000 1.993165053e+000 
1.477537449e+000 1.992696945e+000 
1.586354333e+000 1.998455512e+000 
1.440676393e+000 1.988599751e+000 
1.450714454e+000 1.989989163e+000 
1.578094714e+000 1.998190327e+000 
1.573789435e+000 1.998024939e+000 
1.572191299e+000 1.998022697e+000 
1.522209021e+000 1.995681903e+000 
1.514959663e+000 1.995442468e+000 
1.442991940e+000 1.988948969e+000 
1.614056167e+000 1.999116125e+000 
1.585140209e+000 1.998454340e+000 
1.519227061e+000 1.995561854e+000 
1.648211423e+000 1.999187553e+000 
1.575638540e+000 1.998145842e+000 
1.510997011e+000 1.995131616e+000 
1.505851392e+000 1.994890621e+000 
1.499919563e+000 1.994393366e+000 
1.507162166e+000 1.994997375e+000 
1.509216428e+000 1.995017497e+000 
1.511934886e+000 1.995239776e+000 
1.495422370e+000 1.994169127e+000 
1.494894839e+000 1.994065032e+000 
1.501735937e+000 1.994488544e+000 
1.501750927e+000 1.994491573e+000 
1.525909210e+000 1.995788877e+000 
1.579450703e+000 1.998195340e+000 
1.560958359e+000 1.997666602e+000 
1.564967145e+000 1.997832808e+000 
1.560957175e+000 1.997663475e+000 
1.556903200e+000 1.997448428e+000 
1.525788537e+000 1.995779970e+000 
1.562171541e+000 1.997801472e+000 

