1.000021855e+000 1.000000003e+000 
1.000000001e+000 1.000000000e+000 
1.000044862e+000 1.000000643e+000 
1.002882052e+000 1.016518666e+000 
1.002262843e+000 1.015823093e+000 
1.002826812e+000 1.016426484e+000 
1.002008334e+000 1.015355678e+000 
1.002668365e+000 1.016390640e+000 
1.002551413e+000 1.016199667e+000 
1.002205040e+000 1.015813763e+000 
1.003206746e+000 1.016848031e+000 
1.002776994e+000 1.016400913e+000 
1.002608944e+000 1.016330611e+000 
1.002491993e+000 1.016139638e+000 
1.002364807e+000 1.015839698e+000 
1.001948914e+000 1.015294440e+000 
1.002471658e+000 1.015932556e+000 
1.002066137e+000 1.015365009e+000 
1.000461891e+000 1.001501439e+000 
1.101055873e+000 1.907954004e+000 
1.038081506e+000 1.838736437e+000 
1.038246864e+000 1.838958117e+000 
1.076507792e+000 1.885970256e+000 
1.086182033e+000 1.896283325e+000 
1.099159444e+000 1.906125449e+000 
1.024896608e+000 1.815556838e+000 
1.091225838e+000 1.900692557e+000 
1.084912609e+000 1.894615033e+000 
1.117041855e+000 1.919220723e+000 
1.091003287e+000 1.899589103e+000 
1.096045465e+000 1.905042343e+000 
1.119134860e+000 1.920805896e+000 
1.022373687e+000 1.809868129e+000 
1.029034379e+000 1.824630452e+000 
1.034268666e+000 1.832563779e+000 
1.069010498e+000 1.878140935e+000 
1.107607169e+000 1.912466518e+000 
1.080393476e+000 1.890575613e+000 
1.121238774e+000 1.921316626e+000 
1.021745622e+000 1.808361762e+000 
1.089677704e+000 1.898617137e+000 
1.091639478e+000 1.901497180e+000 
1.128924363e+000 1.926331749e+000 
1.123601010e+000 1.923210207e+000 
1.089199747e+000 1.898575345e+000 
1.084978003e+000 1.894785313e+000 
1.048419373e+000 1.853400544e+000 
1.013496053e+000 1.781039361e+000 
1.043020824e+000 1.846239627e+000 
1.107543208e+000 1.912077661e+000 
1.092204423e+000 1.902510939e+000 
1.064509484e+000 1.874069865e+000 
1.057189281e+000 1.864565019e+000 
1.129412284e+000 1.926973954e+000 
1.062261554e+000 1.870590734e+000 
1.063067593e+000 1.872242666e+000 
1.125601507e+000 1.924424606e+000 
1.095903337e+000 1.904493984e+000 
1.023588983e+000 1.812939123e+000 
1.122471491e+000 1.922704315e+000 
1.011730934e+000 1.771799143e+000 
1.013197001e+000 1.779415986e+000 
1.049557160e+000 1.855092352e+000 
1.083200457e+000 1.894118799e+000 
1.017861114e+000 1.796956963e+000 
1.022560533e+000 1.810211226e+000 
1.017020402e+000 1.794532046e+000 
1.050267050e+000 1.855666411e+000 
1.034319903e+000 1.833141967e+000 
1.060949393e+000 1.869602801e+000 
1.020008262e+000 1.803230211e+000 
1.035974970e+000 1.835753523e+000 
1.037817608e+000 1.838386510e+000 
1.121195519e+000 1.920902786e+000 
1.025597258e+000 1.817231311e+000 
1.019637316e+000 1.802195237e+000 
1.025955160e+000 1.817936831e+000 
1.037133716e+000 1.837300494e+000 
1.048193548e+000 1.853217966e+000 
1.037436792e+000 1.838155305e+000 
1.022960918e+000 1.811425922e+000 
1.128553373e+000 1.926278964e+000 
1.020848975e+000 1.805655128e+000 
1.035008746e+000 1.833965355e+000 
1.016228242e+000 1.791606076e+000 
1.112045740e+000 1.915366868e+000 
1.046539048e+000 1.850974393e+000 
1.067153703e+000 1.875622352e+000 
1.067387650e+000 1.876176684e+000 
1.077984708e+000 1.888021701e+000 
1.068072125e+000 1.876803304e+000 
1.104145276e+000 1.909496885e+000 
1.041939759e+000 1.844153000e+000 
1.026596184e+000 1.819806750e+000 
1.032634826e+000 1.830393127e+000 
1.018608867e+000 1.799467340e+000 
1.128098009e+000 1.925607586e+000 
1.039625074e+000 1.840851435e+000 
1.060732681e+000 1.869475759e+000 
1.027344157e+000 1.820884277e+000 
1.067356298e+000 1.876040958e+000 
1.119102514e+000 1.919316963e+000 
1.025700767e+000 1.817296036e+000 
1.057046683e+000 1.864492918e+000 
1.039417716e+000 1.840807541e+000 
1.069424318e+000 1.879019155e+000 
1.122321724e+000 1.921539364e+000 
1.047470379e+000 1.852364052e+000 
1.116590745e+000 1.918004649e+000 
1.026503418e+000 1.819335370e+000 
1.040224792e+000 1.841976512e+000 
1.048647442e+000 1.853863966e+000 
1.052556412e+000 1.858994616e+000 
1.055672993e+000 1.862610997e+000 
1.115715579e+000 1.917271777e+000 
1.039960894e+000 1.841626585e+000 
1.025311404e+000 1.816806583e+000 
1.012131296e+000 1.773106226e+000 
1.062732627e+000 1.871183107e+000 
1.036986674e+000 1.836983750e+000 
1.063039236e+000 1.871486090e+000 
1.015086137e+000 1.786500346e+000 
1.039439570e+000 1.840843855e+000 
1.040367390e+000 1.842048613e+000 
1.049267078e+000 1.854804142e+000 
1.011954649e+000 1.772810970e+000 
1.041070653e+000 1.842994874e+000 
1.020478029e+000 1.804620154e+000 
1.064210238e+000 1.873281781e+000 
1.015026187e+000 1.786022656e+000 
1.012632377e+000 1.776490839e+000 
1.013118980e+000 1.779247222e+000 
1.014288935e+000 1.784478480e+000 
1.052022096e+000 1.858543186e+000 
1.012931430e+000 1.778114214e+000 
1.023308582e+000 1.811925522e+000 
1.060563935e+000 1.869244240e+000 
1.135751151e+000 1.931126218e+000 
1.047757617e+000 1.852567079e+000 
1.012323153e+000 1.775003034e+000 
1.018417479e+000 1.798636580e+000 
1.055310632e+000 1.862414446e+000 
1.114073816e+000 1.916084497e+000 
1.013802332e+000 1.781722096e+000 
1.075321575e+000 1.885699251e+000 
1.012562926e+000 1.775922149e+000 
1.057697054e+000 1.865010118e+000 
1.011575774e+000 1.769559868e+000 
1.026216794e+000 1.819040648e+000 
1.059820311e+000 1.867923121e+000 
1.013418033e+000 1.780870597e+000 
1.022741889e+000 1.810613834e+000 
1.126457659e+000 1.924922498e+000 
1.012809756e+000 1.777759418e+000 
1.055279280e+000 1.862278720e+000 
1.067676746e+000 1.876244699e+000 
1.016831757e+000 1.793990554e+000 
1.015960855e+000 1.790382671e+000 
1.015700156e+000 1.789133238e+000 
1.015329077e+000 1.787657638e+000 
1.017709547e+000 1.795620289e+000 
1.053953047e+000 1.860649251e+000 
1.021028603e+000 1.806009454e+000 
1.018049277e+000 1.797890875e+000 
1.017199959e+000 1.794736259e+000 
1.068135258e+000 1.876910868e+000 
1.014657985e+000 1.785276951e+000 
1.013787083e+000 1.781669068e+000 
1.065864085e+000 1.874913949e+000 
1.018927067e+000 1.799520610e+000 
1.019980559e+000 1.803043045e+000 
1.044493475e+000 1.847850125e+000 
1.033917454e+000 1.832460434e+000 
1.031612344e+000 1.828755096e+000 
1.029399580e+000 1.824991828e+000 
1.033843231e+000 1.832185480e+000 
1.028598715e+000 1.823425339e+000 
1.077609130e+000 1.887595176e+000 
1.035016827e+000 1.834319125e+000 
1.061879268e+000 1.870201092e+000 
1.098813087e+000 1.905963134e+000 
1.029648823e+000 1.825238977e+000 
1.041503390e+000 1.843886659e+000 
1.097714312e+000 1.905245426e+000 
1.107302211e+000 1.911551518e+000 
1.030438748e+000 1.826621452e+000 
1.057388997e+000 1.864702790e+000 
1.028975688e+000 1.824054327e+000 
1.104606577e+000 1.909657912e+000 
1.076780882e+000 1.886964937e+000 
1.033710663e+000 1.832057080e+000 
1.050172215e+000 1.855626083e+000 
1.071073866e+000 1.880680190e+000 
1.114737465e+000 1.916425354e+000 
1.090502859e+000 1.898753770e+000 
1.134000577e+000 1.929882900e+000 
1.072447084e+000 1.882378865e+000 
1.068190260e+000 1.877104652e+000 
1.083112088e+000 1.892537490e+000 
1.080181311e+000 1.889576090e+000 
1.080219125e+000 1.889705242e+000 
1.073865936e+000 1.883719768e+000 
1.086058322e+000 1.895256851e+000 
1.082102960e+000 1.891537366e+000 
1.067756972e+000 1.876691750e+000 
1.068384291e+000 1.877136049e+000 
1.095022670e+000 1.902646553e+000 
1.071791634e+000 1.881286388e+000 
1.003042090e+000 1.016625095e+000 
1.002920875e+000 1.016611144e+000 
1.000295396e+000 1.000150033e+000 
1.000331365e+000 1.000150056e+000 
1.000421796e+000 1.000154292e+000 
1.000106121e+000 1.000140444e+000 
1.000094150e+000 1.000139929e+000 
1.000079854e+000 1.000139906e+000 
1.000372934e+000 1.000154260e+000 
1.000061892e+000 1.000134537e+000 
1.000442801e+000 1.000154940e+000 
1.000183288e+000 1.000145302e+000 
1.000198758e+000 1.000145381e+000 
1.000446060e+000 1.000154962e+000 
1.000215378e+000 1.000145716e+000 
1.000154413e+000 1.000140909e+000 
1.000337719e+000 1.000150372e+000 
1.000368522e+000 1.000150735e+000 
1.001594136e+000 1.007055200e+000 
1.000854273e+000 1.006649783e+000 
1.000970367e+000 1.006673410e+000 
1.001175679e+000 1.006859492e+000 
1.000923287e+000 1.006672541e+000 
1.000688601e+000 1.006271294e+000 
1.001291773e+000 1.006883120e+000 
1.000641521e+000 1.006270424e+000 
1.000724718e+000 1.006519870e+000 
1.000807193e+000 1.006648913e+000 
1.000606127e+000 1.006142250e+000 
1.000559046e+000 1.006141380e+000 
1.000771799e+000 1.006520739e+000 
1.001128598e+000 1.006858623e+000 
1.000778534e+000 1.006615724e+000 
1.001430962e+000 1.007030704e+000 
1.001478042e+000 1.007031573e+000 
1.001395568e+000 1.006931991e+000 
1.001027082e+000 1.006720423e+000 
1.001348487e+000 1.006931121e+000 
1.001080898e+000 1.006813369e+000 
1.000992303e+000 1.006679404e+000 
1.001046119e+000 1.006776251e+000 
1.001396183e+000 1.006992394e+000 
1.001074777e+000 1.006782643e+000 
1.001010240e+000 1.006700261e+000 
1.001331645e+000 1.006910012e+000 
1.001788281e+000 1.007198819e+000 
1.001676663e+000 1.007115567e+000 
1.003852242e+000 1.067748031e+000 
1.006847291e+000 1.076319746e+000 
1.005369251e+000 1.074206175e+000 
1.006328067e+000 1.076007749e+000 
1.003654298e+000 1.064624518e+000 
1.005454098e+000 1.074211783e+000 
1.004970073e+000 1.072790304e+000 
1.007717057e+000 1.078192421e+000 
1.005907633e+000 1.075559994e+000 
1.004321161e+000 1.069671926e+000 
1.004141109e+000 1.069327866e+000 
1.005301948e+000 1.074137674e+000 
1.007300826e+000 1.077675587e+000 
1.003950423e+000 1.067770634e+000 
1.004854205e+000 1.072244550e+000 
1.004230086e+000 1.069357779e+000 
1.004153081e+000 1.069357683e+000 
1.004600823e+000 1.071259071e+000 
1.003873418e+000 1.067770538e+000 
1.004484955e+000 1.070723322e+000 
1.006899714e+000 1.077447880e+000 
1.006366394e+000 1.076119604e+000 
1.007330000e+000 1.077749003e+000 
1.003085092e+000 1.016651788e+000 
1.002103280e+000 1.015365601e+000 
1.003168264e+000 1.016669064e+000 
1.001889813e+000 1.015249844e+000 
1.003540505e+000 1.062848794e+000 
1.003212774e+000 1.062522815e+000 
1.003351285e+000 1.062791833e+000 
1.003305603e+000 1.062786679e+000 
1.011241305e+000 1.225215838e+000 
1.009064123e+000 1.215870210e+000 
1.008302401e+000 1.211290174e+000 
1.011395115e+000 1.226205375e+000 
1.010104137e+000 1.220893328e+000 
1.010452090e+000 1.222463215e+000 
1.009819163e+000 1.219211429e+000 
1.010650953e+000 1.223532372e+000 
1.008693839e+000 1.213343230e+000 
1.011042442e+000 1.224146681e+000 
1.009979298e+000 1.220297092e+000 
1.009053813e+000 1.215229890e+000 
1.008167047e+000 1.209011196e+000 
1.008865261e+000 1.214801053e+000 
1.009338053e+000 1.216967175e+000 
1.008566413e+000 1.212939727e+000 
1.011201438e+000 1.224774664e+000 
1.008222809e+000 1.210275076e+000 
1.008754269e+000 1.213888137e+000 
1.009666134e+000 1.218462143e+000 
1.304894851e+000 1.991057349e+000 
1.149960638e+000 1.940059181e+000 
1.166324794e+000 1.950512429e+000 
1.130762534e+000 1.927745920e+000 
1.159166236e+000 1.946774483e+000 
1.147353158e+000 1.938927038e+000 
1.311095812e+000 1.992455733e+000 
1.172716363e+000 1.953066918e+000 
1.130240216e+000 1.927614915e+000 
1.139150570e+000 1.933359562e+000 
1.137120672e+000 1.932943362e+000 
1.189016714e+000 1.961067119e+000 
1.231362685e+000 1.976255295e+000 
1.188249871e+000 1.960668624e+000 
1.137399609e+000 1.932954647e+000 
1.186902734e+000 1.959857537e+000 
1.224312161e+000 1.974383947e+000 
1.140205021e+000 1.934675909e+000 
1.145893861e+000 1.937759753e+000 
1.140141803e+000 1.934514595e+000 
1.172078112e+000 1.952803903e+000 
1.202979601e+000 1.966246588e+000 
1.206252236e+000 1.966387991e+000 
1.170957372e+000 1.952475530e+000 
1.388161139e+000 1.996782015e+000 
1.170696652e+000 1.952290751e+000 
1.183906840e+000 1.958602643e+000 
1.152297037e+000 1.942573624e+000 
1.152726598e+000 1.942574380e+000 
1.265570905e+000 1.984954537e+000 
1.326810104e+000 1.993919893e+000 
1.329087194e+000 1.994167451e+000 
1.140968670e+000 1.934940938e+000 
1.199494778e+000 1.964987609e+000 
1.274137281e+000 1.986486434e+000 
1.168416440e+000 1.951225366e+000 
1.220787607e+000 1.973148524e+000 
1.405101540e+000 1.997396996e+000 
1.220222845e+000 1.972334608e+000 
1.192603457e+000 1.961966790e+000 
1.153553089e+000 1.942923941e+000 
1.182938313e+000 1.957887535e+000 
1.173840159e+000 1.954569673e+000 
1.176597869e+000 1.955448021e+000 
1.217672114e+000 1.971931236e+000 
1.332876588e+000 1.994392083e+000 
1.162250586e+000 1.948524822e+000 
1.185043935e+000 1.959183799e+000 
1.439355503e+000 1.998124169e+000 
1.198561739e+000 1.964593662e+000 
1.183328358e+000 1.958159204e+000 
1.156016882e+000 1.944203903e+000 
1.190533840e+000 1.961960470e+000 
1.185804237e+000 1.959260013e+000 
1.197663408e+000 1.964587010e+000 
1.165008296e+000 1.949397875e+000 
1.335424645e+000 1.994627836e+000 
1.192916326e+000 1.962036588e+000 
1.157596704e+000 1.945648093e+000 
1.180570648e+000 1.957289432e+000 
1.436737809e+000 1.998112187e+000 
1.214914404e+000 1.971104335e+000 
1.207685393e+000 1.967316594e+000 
1.413068947e+000 1.997600760e+000 
1.144470141e+000 1.937369705e+000 
1.240698377e+000 1.978417412e+000 
1.164618251e+000 1.949106602e+000 
1.161860541e+000 1.948233476e+000 
1.603542050e+000 2.000000000e+000 
1.169579494e+000 1.951608387e+000 
1.169048662e+000 1.951329852e+000 
1.181751402e+000 1.957562415e+000 
1.305180790e+000 1.991517005e+000 
1.155418659e+000 1.943541485e+000 
1.183692270e+000 1.958257710e+000 
1.173183323e+000 1.953070494e+000 
1.205276148e+000 1.966277996e+000 
1.436172863e+000 1.998110903e+000 
1.337950916e+000 1.994722024e+000 
1.195814791e+000 1.963820748e+000 
1.434111649e+000 1.997934963e+000 
1.139034431e+000 1.933144679e+000 
1.255938838e+000 1.982558668e+000 
1.430232194e+000 1.997871941e+000 
1.133596724e+000 1.928953664e+000 
1.133102711e+000 1.928688049e+000 
1.135248555e+000 1.930249745e+000 
1.327719198e+000 1.993980085e+000 
1.275835543e+000 1.986595187e+000 
1.276711923e+000 1.986612354e+000 
1.152001567e+000 1.941274812e+000 
1.135473646e+000 1.930765348e+000 
1.142756645e+000 1.936011233e+000 
1.599150446e+000 1.999943875e+000 
1.218896031e+000 1.972193999e+000 
1.149075141e+000 1.939265234e+000 
1.202588319e+000 1.965678604e+000 
1.146317431e+000 1.938407600e+000 
1.426586603e+000 1.997806077e+000 
1.154352206e+000 1.942955658e+000 
1.420666492e+000 1.997777285e+000 
1.241189556e+000 1.979248225e+000 
1.225744450e+000 1.974699752e+000 
1.156270980e+000 1.944362808e+000 
1.235944967e+000 1.977944520e+000 
1.413763868e+000 1.997652024e+000 
1.400281568e+000 1.997037323e+000 
1.592344140e+000 1.999925499e+000 
1.232893314e+000 1.976981572e+000 
1.595211467e+000 1.999938876e+000 
1.255234990e+000 1.982412838e+000 
1.398194643e+000 1.997017407e+000 
1.586602565e+000 1.999839919e+000 
1.583843922e+000 1.999836753e+000 
1.529476177e+000 1.999270477e+000 
1.578811554e+000 1.999750129e+000 
1.550554740e+000 1.999611511e+000 
1.322959468e+000 1.993902948e+000 
1.379841715e+000 1.996470892e+000 
1.373981999e+000 1.996397800e+000 
1.345819404e+000 1.995354115e+000 
1.361321323e+000 1.995768527e+000 
1.380581794e+000 1.996512358e+000 
1.342225470e+000 1.995140133e+000 
1.365109941e+000 1.995967215e+000 
1.361567646e+000 1.995937044e+000 
1.388511057e+000 1.996934946e+000 
1.352503435e+000 1.995660530e+000 
1.393932935e+000 1.996977803e+000 
1.559660471e+000 1.999648743e+000 
1.402800720e+000 1.997211323e+000 
1.566983585e+000 1.999734372e+000 
1.387426519e+000 1.996577894e+000 
1.559841788e+000 1.999726294e+000 
1.330655836e+000 1.994307119e+000 
1.306439813e+000 1.991696491e+000 
1.280897859e+000 1.988237160e+000 
1.317655112e+000 1.993685516e+000 
1.306483196e+000 1.991767959e+000 
1.301878823e+000 1.990971448e+000 
1.309509881e+000 1.992341388e+000 
1.315139168e+000 1.992965045e+000 
1.315990651e+000 1.993194182e+000 
1.222746384e+000 1.973681243e+000 
1.303092539e+000 1.991039751e+000 
1.539471928e+000 1.999520030e+000 
1.454625373e+000 1.998429925e+000 
1.538209031e+000 1.999381246e+000 
1.277328729e+000 1.987832673e+000 
1.251238130e+000 1.982009428e+000 
1.559564741e+000 1.999613318e+000 
1.245262717e+000 1.980515733e+000 
1.531478023e+000 1.999350796e+000 
1.219450091e+000 1.972261493e+000 
1.534623318e+000 1.999369597e+000 
1.243170377e+000 1.979954048e+000 
1.237422771e+000 1.978362525e+000 
1.246559950e+000 1.980804310e+000 
1.287843718e+000 1.989148668e+000 
1.237051866e+000 1.978317098e+000 
1.257423733e+000 1.983444818e+000 
1.291942313e+000 1.989697909e+000 
1.269847126e+000 1.986265107e+000 
1.286855842e+000 1.989029629e+000 
1.449773091e+000 1.998196620e+000 
1.269136502e+000 1.986251047e+000 
1.262877598e+000 1.984366504e+000 
1.265911587e+000 1.985338005e+000 
1.227887283e+000 1.975217832e+000 
1.266403600e+000 1.985438975e+000 
1.475752634e+000 1.998680957e+000 
1.468752177e+000 1.998603013e+000 
1.477877000e+000 1.998870284e+000 
1.429464300e+000 1.997871432e+000 
1.500665047e+000 1.999155068e+000 
1.492933126e+000 1.998944740e+000 
1.508185514e+000 1.999227878e+000 
1.493497125e+000 1.999078681e+000 
1.464597478e+000 1.998490174e+000 
1.213186061e+000 1.970226994e+000 
1.228231507e+000 1.975608025e+000 
1.215571485e+000 1.971243515e+000 
1.211927794e+000 1.969649500e+000 
1.229234149e+000 1.975692133e+000 
1.208969431e+000 1.968330297e+000 

