1.000036799e+000 1.000621521e+000 
1.000000001e+000 1.000619661e+000 
1.000080113e+000 1.000652631e+000 
1.000044575e+000 1.000638335e+000 
1.128224315e+000 1.911423494e+000 
1.009941292e+000 1.743266174e+000 
1.015576361e+000 1.765643445e+000 
1.020483191e+000 1.781045043e+000 
1.011997196e+000 1.752315807e+000 
1.052012757e+000 1.842392635e+000 
1.073561315e+000 1.869648460e+000 
1.072156217e+000 1.867571747e+000 
1.073328784e+000 1.869334120e+000 
1.024588644e+000 1.792599195e+000 
1.065198395e+000 1.860509194e+000 
1.038257178e+000 1.821495562e+000 
1.133518430e+000 1.913461183e+000 
1.036216382e+000 1.818189684e+000 
1.032846573e+000 1.811200844e+000 
1.132179519e+000 1.913211924e+000 
1.056070363e+000 1.848336327e+000 
1.074858067e+000 1.869952196e+000 
1.080454369e+000 1.876916208e+000 
1.070593855e+000 1.865838447e+000 
1.085064862e+000 1.881486425e+000 
1.017003588e+000 1.769568909e+000 
1.015283977e+000 1.764385060e+000 
1.041433399e+000 1.826395339e+000 
1.064146733e+000 1.858680892e+000 
1.069188757e+000 1.864039546e+000 
1.020822891e+000 1.782348961e+000 
1.021386201e+000 1.783603363e+000 
1.064620124e+000 1.859143658e+000 
1.020693538e+000 1.781618451e+000 
1.088430323e+000 1.884505242e+000 
1.085822017e+000 1.882252966e+000 
1.062709357e+000 1.856918990e+000 
1.023890959e+000 1.790503329e+000 
1.058378413e+000 1.851796358e+000 
1.102602151e+000 1.894654775e+000 
1.037258294e+000 1.819924391e+000 
1.017343288e+000 1.770884602e+000 
1.013842826e+000 1.759103383e+000 
1.022269200e+000 1.786286368e+000 
1.045147578e+000 1.833652141e+000 
1.076724895e+000 1.872781009e+000 
1.077890924e+000 1.873332603e+000 
1.130335668e+000 1.911750735e+000 
1.087529489e+000 1.884125016e+000 
1.080011126e+000 1.875872834e+000 
1.100686879e+000 1.893782786e+000 
1.031629925e+000 1.808531346e+000 
1.073207879e+000 1.868989988e+000 
1.069296824e+000 1.864345618e+000 
1.069175919e+000 1.864030817e+000 
1.063331567e+000 1.857827057e+000 
1.066066496e+000 1.861334335e+000 
1.113307344e+000 1.902107609e+000 
1.121467313e+000 1.907520333e+000 
1.127661290e+000 1.910972627e+000 
1.068853218e+000 1.863596856e+000 
1.013503126e+000 1.757958565e+000 
1.113074813e+000 1.902085703e+000 
1.106264286e+000 1.897525721e+000 
1.011726528e+000 1.750900762e+000 
1.030865563e+000 1.807263943e+000 
1.061925217e+000 1.855816331e+000 
1.010148533e+000 1.743966204e+000 
1.007818249e+000 1.732801886e+000 
1.099111552e+000 1.892761683e+000 
1.053388777e+000 1.844949874e+000 
1.117095084e+000 1.905247319e+000 
1.046189490e+000 1.834805515e+000 
1.053907830e+000 1.845751953e+000 
1.059675219e+000 1.852759038e+000 
1.056511584e+000 1.849079509e+000 
1.035029526e+000 1.815954578e+000 
1.057563246e+000 1.850474456e+000 
1.107458052e+000 1.898534943e+000 
1.039299089e+000 1.823031371e+000 
1.040284700e+000 1.824737462e+000 
1.070164925e+000 1.865334187e+000 
1.122206214e+000 1.908106826e+000 
1.117452348e+000 1.905277072e+000 
1.017413976e+000 1.771084733e+000 
1.008777381e+000 1.738088903e+000 
1.136695969e+000 1.914901655e+000 
1.084150417e+000 1.880700406e+000 
1.031819699e+000 1.809288086e+000 
1.100350130e+000 1.893458874e+000 
1.015073497e+000 1.763649930e+000 
1.007646948e+000 1.730552525e+000 
1.025179309e+000 1.793757806e+000 
1.098671705e+000 1.891554768e+000 
1.120296379e+000 1.907206004e+000 
1.062034536e+000 1.856254943e+000 
1.028474222e+000 1.801577968e+000 
1.069682269e+000 1.864704295e+000 
1.070044020e+000 1.865022032e+000 
1.035382468e+000 1.816189675e+000 
1.038105978e+000 1.821070547e+000 
1.011066094e+000 1.748332219e+000 
1.100117599e+000 1.893234928e+000 
1.125759029e+000 1.910090392e+000 
1.013086907e+000 1.756359791e+000 
1.031244396e+000 1.807734737e+000 
1.041604977e+000 1.827576117e+000 
1.016103599e+000 1.767092803e+000 
1.026260286e+000 1.796903857e+000 
1.007495334e+000 1.730008908e+000 
1.010875298e+000 1.747317159e+000 
1.136233924e+000 1.914770688e+000 
1.019239690e+000 1.777171143e+000 
1.018732896e+000 1.775795431e+000 
1.014163561e+000 1.760456691e+000 
1.067734316e+000 1.862256618e+000 
1.141850931e+000 1.917423536e+000 
1.022123654e+000 1.785934496e+000 
1.021837845e+000 1.784624140e+000 
1.032375148e+000 1.810138725e+000 
1.008651947e+000 1.737415477e+000 
1.043820128e+000 1.831015111e+000 
1.029078508e+000 1.802688236e+000 
1.047979733e+000 1.837478511e+000 
1.089650343e+000 1.884986253e+000 
1.016513987e+000 1.768638084e+000 
1.046708543e+000 1.835603944e+000 
1.126905099e+000 1.910444482e+000 
1.027281233e+000 1.798651911e+000 
1.019750296e+000 1.778827925e+000 
1.096336277e+000 1.889878075e+000 
1.142449959e+000 1.917610249e+000 
1.009297004e+000 1.740424062e+000 
1.037070322e+000 1.819798751e+000 
1.069103308e+000 1.863789049e+000 
1.023695803e+000 1.790198391e+000 
1.013531478e+000 1.758211057e+000 
1.039597598e+000 1.823672593e+000 
1.097541978e+000 1.890689809e+000 
1.039792656e+000 1.823964359e+000 
1.008362998e+000 1.736121552e+000 
1.035862035e+000 1.817429675e+000 
1.018510608e+000 1.775097102e+000 
1.019115538e+000 1.776963060e+000 
1.046165955e+000 1.834356451e+000 
1.008107198e+000 1.734079086e+000 
1.085618649e+000 1.881551848e+000 
1.026852454e+000 1.797875171e+000 
1.093558743e+000 1.888681526e+000 
1.049312298e+000 1.839225744e+000 
1.007357999e+000 1.729367078e+000 
1.027443119e+000 1.799149683e+000 
1.011953349e+000 1.751791867e+000 
1.009817872e+000 1.742712748e+000 
1.037567944e+000 1.820575499e+000 
1.053115220e+000 1.843932787e+000 
1.010556229e+000 1.746071858e+000 
1.037970308e+000 1.820643270e+000 
1.017586581e+000 1.772000546e+000 
1.009528923e+000 1.741410350e+000 
1.051179126e+000 1.841644005e+000 
1.051016595e+000 1.841048811e+000 
1.019583202e+000 1.778366674e+000 
1.047819649e+000 1.836828662e+000 
1.040604752e+000 1.825726499e+000 
1.009101834e+000 1.739626032e+000 
1.012376119e+000 1.753926282e+000 
1.016369498e+000 1.767844470e+000 
1.042646889e+000 1.829100194e+000 
1.047256769e+000 1.836511683e+000 
1.041587966e+000 1.826721382e+000 
1.012636170e+000 1.754480897e+000 
1.037451255e+000 1.820254520e+000 
1.131135804e+000 1.912144212e+000 
1.098718335e+000 1.891748469e+000 
1.037014554e+000 1.819035407e+000 
1.131368335e+000 1.912228014e+000 
1.024434160e+000 1.792008616e+000 
1.022884743e+000 1.787565808e+000 
1.029424148e+000 1.803347194e+000 
1.027718553e+000 1.799845517e+000 
1.137219001e+000 1.914936619e+000 
1.029607411e+000 1.804038744e+000 
1.025722495e+000 1.794868837e+000 
1.006118256e+000 1.247289973e+000 
1.005633204e+000 1.246845653e+000 
1.005203220e+000 1.244670854e+000 
1.005160134e+000 1.244031705e+000 
1.006146134e+000 1.249639075e+000 
1.006144183e+000 1.249616268e+000 
1.004775113e+000 1.182079001e+000 
1.005040113e+000 1.184355441e+000 
1.004591242e+000 1.179551153e+000 
1.005088536e+000 1.184442130e+000 
1.004807716e+000 1.182571048e+000 
1.004667359e+000 1.181969570e+000 
1.000303583e+000 1.004288339e+000 
1.000340126e+000 1.004288619e+000 
1.000248454e+000 1.004286838e+000 
1.000278836e+000 1.004286999e+000 
1.003478137e+000 1.067454413e+000 
1.002794218e+000 1.061339962e+000 
1.003327657e+000 1.066866173e+000 
1.003055250e+000 1.066665405e+000 
1.002990992e+000 1.066651181e+000 
1.002796691e+000 1.065191125e+000 
1.003810320e+000 1.068317409e+000 
1.003537913e+000 1.068116642e+000 
1.004339954e+000 1.070861770e+000 
1.000836986e+000 1.006018878e+000 
1.000724177e+000 1.005997204e+000 
1.000432473e+000 1.005590420e+000 
1.000722150e+000 1.005863286e+000 
1.000509226e+000 1.005725264e+000 
1.000747095e+000 1.005998689e+000 
1.000647424e+000 1.005862360e+000 
1.000567757e+000 1.005858509e+000 
1.000532145e+000 1.005726749e+000 
1.000352806e+000 1.005586570e+000 
1.000476432e+000 1.005713176e+000 
1.007165808e+000 1.693192295e+000 
1.006579887e+000 1.686462643e+000 
1.006924235e+000 1.690389945e+000 
1.006294753e+000 1.685162143e+000 
1.007107933e+000 1.691208210e+000 
1.006767576e+000 1.689588229e+000 
1.007339513e+000 1.694306032e+000 
1.000205852e+000 1.001308996e+000 
1.000185674e+000 1.001308014e+000 
1.000088638e+000 1.001305236e+000 
1.000163581e+000 1.001306006e+000 
1.000845223e+000 1.019915400e+000 
1.002498623e+000 1.023053349e+000 
1.001604407e+000 1.021367764e+000 
1.001992312e+000 1.022495287e+000 
1.001832943e+000 1.021889629e+000 
1.001977056e+000 1.021995521e+000 
1.001422414e+000 1.021167723e+000 
1.001235623e+000 1.020682754e+000 
1.002181597e+000 1.022620086e+000 
1.002515571e+000 1.023169335e+000 
1.001217873e+000 1.020543157e+000 
1.002367456e+000 1.022762875e+000 
1.002596794e+000 1.023308351e+000 
1.002740908e+000 1.023414243e+000 
1.002223343e+000 1.022656983e+000 
1.001464159e+000 1.021204619e+000 
1.001073760e+000 1.020437265e+000 
1.001176128e+000 1.020506261e+000 
1.001365988e+000 1.020949617e+000 
1.001662946e+000 1.021615393e+000 
1.315484835e+000 1.979703354e+000 
1.279130223e+000 1.972597174e+000 
1.271441760e+000 1.969622478e+000 
1.273046385e+000 1.969937869e+000 
1.236059609e+000 1.960814323e+000 
1.304503660e+000 1.977502674e+000 
1.273574586e+000 1.971268483e+000 
1.249073802e+000 1.963820093e+000 
1.247134550e+000 1.962888308e+000 
1.224544207e+000 1.956966299e+000 
1.323814642e+000 1.980776005e+000 
1.225814834e+000 1.957296146e+000 
1.156913574e+000 1.926134034e+000 
1.237309686e+000 1.960929047e+000 
1.244751900e+000 1.962384617e+000 
1.213192735e+000 1.952896322e+000 
1.245335080e+000 1.962583436e+000 
1.219763202e+000 1.955190983e+000 
1.184989316e+000 1.941732142e+000 
1.216363188e+000 1.954244845e+000 
1.208733733e+000 1.951244140e+000 
1.206318536e+000 1.950833377e+000 
1.253361489e+000 1.964926068e+000 
1.208411730e+000 1.951189702e+000 
1.203254337e+000 1.948988761e+000 
1.305372251e+000 1.978261804e+000 
1.319558318e+000 1.980281203e+000 
1.201823549e+000 1.948961890e+000 
1.304101954e+000 1.977322816e+000 
1.389694973e+000 1.988673510e+000 
1.311591366e+000 1.979570055e+000 
1.256880862e+000 1.966212658e+000 
1.388088789e+000 1.988570540e+000 
1.254293128e+000 1.966082227e+000 
1.295259342e+000 1.975762666e+000 
1.299791520e+000 1.976023187e+000 
1.329115956e+000 1.981689592e+000 
1.232533940e+000 1.959799083e+000 
1.214269994e+000 1.953997353e+000 
1.211099541e+000 1.952660325e+000 
1.228642256e+000 1.958155038e+000 
1.231426453e+000 1.958919608e+000 
1.251955787e+000 1.964307775e+000 
1.240380234e+000 1.961282853e+000 
1.259464480e+000 1.967706199e+000 
1.254290104e+000 1.965066878e+000 
1.233034847e+000 1.960478750e+000 
1.286570580e+000 1.975113041e+000 
1.185246563e+000 1.942267728e+000 
1.182413315e+000 1.940777849e+000 
1.286201235e+000 1.974530219e+000 
1.221860648e+000 1.956002303e+000 
1.217476881e+000 1.954468997e+000 
1.417398816e+000 1.990638720e+000 
1.265040611e+000 1.969086536e+000 
1.260816763e+000 1.967950217e+000 
1.241527298e+000 1.961348942e+000 
1.226296330e+000 1.957836123e+000 
1.305012021e+000 1.978149758e+000 
1.290744035e+000 1.975737185e+000 
1.241965835e+000 1.961800262e+000 
1.221266417e+000 1.955838395e+000 
1.302944078e+000 1.976848828e+000 
1.276146139e+000 1.972320873e+000 
1.252843766e+000 1.964886977e+000 
1.282512148e+000 1.974153561e+000 
1.322482480e+000 1.980717021e+000 
1.239243230e+000 1.961194892e+000 
1.262250691e+000 1.968602352e+000 
1.265700311e+000 1.969571043e+000 
1.204190176e+000 1.949693410e+000 
1.274128210e+000 1.972092924e+000 
1.198382915e+000 1.947811544e+000 
1.331766155e+000 1.982259304e+000 
1.286517073e+000 1.974554462e+000 
1.174873541e+000 1.936726740e+000 
1.300338983e+000 1.976549469e+000 
1.203828027e+000 1.949306085e+000 
1.369155340e+000 1.986466612e+000 
1.150771125e+000 1.922945165e+000 
1.382895132e+000 1.988403172e+000 
1.152841791e+000 1.924271583e+000 
1.273295462e+000 1.970592561e+000 
1.147201859e+000 1.921891450e+000 
1.148710343e+000 1.922345068e+000 
1.145020461e+000 1.919872887e+000 
1.165560275e+000 1.932081947e+000 
1.166334360e+000 1.932262714e+000 
1.163994275e+000 1.931279208e+000 
1.160375316e+000 1.929224169e+000 
1.165692526e+000 1.932133353e+000 
1.157483420e+000 1.927973212e+000 
1.196456880e+000 1.946925190e+000 
1.194767234e+000 1.945864176e+000 
1.403414110e+000 1.989933764e+000 
1.153168243e+000 1.924824777e+000 
1.149521864e+000 1.922456859e+000 
1.175040222e+000 1.937318021e+000 
1.180509465e+000 1.939826292e+000 
1.157853182e+000 1.928286853e+000 
1.179000982e+000 1.939744047e+000 
1.152080663e+000 1.923747901e+000 
1.167946300e+000 1.933303291e+000 
1.417184381e+000 1.990271430e+000 
1.154471872e+000 1.925684463e+000 
1.144797939e+000 1.918739542e+000 
1.143545869e+000 1.918531234e+000 
1.160606262e+000 1.929881146e+000 
1.410393390e+000 1.990193259e+000 
1.173871563e+000 1.936024718e+000 
1.181005317e+000 1.940067747e+000 
1.147169328e+000 1.920431292e+000 
1.182948365e+000 1.941025637e+000 
1.142771784e+000 1.918209203e+000 
1.139205055e+000 1.915150817e+000 
1.167172215e+000 1.933118553e+000 
1.192085990e+000 1.944911616e+000 
1.332424214e+000 1.982880855e+000 
1.172290282e+000 1.935178775e+000 
1.333228439e+000 1.983019003e+000 
1.324246325e+000 1.981337001e+000 
1.188567376e+000 1.943733332e+000 
1.409762036e+000 1.990189426e+000 
1.400361815e+000 1.989505618e+000 
1.424599938e+000 1.990963535e+000 
1.418012501e+000 1.990943910e+000 
1.311057001e+000 1.978434727e+000 
1.338420537e+000 1.983587872e+000 
1.330960694e+000 1.982175087e+000 
1.365067914e+000 1.986365133e+000 
1.371919743e+000 1.987023230e+000 
1.342719335e+000 1.984451533e+000 
1.353825348e+000 1.985296636e+000 
1.369038539e+000 1.986426986e+000 
1.396846844e+000 1.989116155e+000 
1.366501443e+000 1.986394020e+000 
1.359043450e+000 1.986224801e+000 
1.374775245e+000 1.987722675e+000 
1.329261718e+000 1.982165273e+000 
1.378736379e+000 1.987999484e+000 
1.395099458e+000 1.989043294e+000 
1.355594725e+000 1.986031282e+000 
1.349711657e+000 1.984775793e+000 
1.534976370e+000 1.998428427e+000 
1.503642656e+000 1.996946090e+000 
1.537581731e+000 1.998882079e+000 
1.531994352e+000 1.998266529e+000 
1.498301424e+000 1.996789972e+000 
1.458345405e+000 1.993994853e+000 
1.451188339e+000 1.993508583e+000 
1.456520798e+000 1.993865360e+000 
1.439374301e+000 1.992749646e+000 
1.445457390e+000 1.993088613e+000 
1.448166219e+000 1.993488959e+000 
1.439828057e+000 1.993032586e+000 
1.490533862e+000 1.996154984e+000 
1.616484186e+000 2.000000000e+000 
1.604409150e+000 1.999724236e+000 
1.466206659e+000 1.994819899e+000 
1.493919208e+000 1.996441659e+000 
1.464646200e+000 1.994697965e+000 
1.485380574e+000 1.996021981e+000 
1.452738637e+000 1.993687335e+000 
1.460357820e+000 1.994446304e+000 
1.530170319e+000 1.997871260e+000 
1.529845943e+000 1.997824777e+000 
1.516534868e+000 1.997576183e+000 
1.507044595e+000 1.997386095e+000 
1.424864952e+000 1.991366785e+000 
1.610023346e+000 1.999907083e+000 
1.503652778e+000 1.997035285e+000 
1.470991915e+000 1.994913018e+000 
1.462122179e+000 1.994537563e+000 
1.507534591e+000 1.997495267e+000 
1.429643035e+000 1.991749720e+000 
1.492997904e+000 1.996173382e+000 
1.469116274e+000 1.994832205e+000 
1.425949257e+000 1.991536085e+000 
1.476340896e+000 1.995559855e+000 
1.477536788e+000 1.995802777e+000 
1.520796281e+000 1.997728083e+000 
1.417063266e+000 1.990197635e+000 
1.473491594e+000 1.995432929e+000 
1.566353609e+000 1.999057382e+000 
1.579340865e+000 1.999254486e+000 
1.474198616e+000 1.995479727e+000 
1.502645955e+000 1.996857762e+000 
1.564582543e+000 1.998904389e+000 
1.602701559e+000 1.999690141e+000 
1.597399937e+000 1.999507229e+000 
1.573658083e+000 1.999101984e+000 
1.599081850e+000 1.999579356e+000 
1.603782803e+000 1.999698364e+000 
1.595525708e+000 1.999409516e+000 
1.591031903e+000 1.999260010e+000 

