1.008693596e+000 1.030056436e+000 
1.008952067e+000 1.030273111e+000 
1.008486830e+000 1.029748726e+000 
1.007462090e+000 1.028223822e+000 
1.007754539e+000 1.028852087e+000 
1.010056666e+000 1.031140430e+000 
1.010348805e+000 1.031322760e+000 
1.009937304e+000 1.030932978e+000 
1.009551436e+000 1.030687123e+000 
1.009719509e+000 1.030785609e+000 
1.009992123e+000 1.031089015e+000 
1.000643032e+000 1.001404393e+000 
1.000465651e+000 1.001315808e+000 
1.000497279e+000 1.001358028e+000 
1.000553297e+000 1.001362397e+000 
1.000707699e+000 1.001406044e+000 
1.006528637e+000 1.017125582e+000 
1.004971555e+000 1.016153392e+000 
1.005568200e+000 1.016605951e+000 
1.004893002e+000 1.015815816e+000 
1.006220444e+000 1.017101759e+000 
1.005410194e+000 1.016594902e+000 
1.005623800e+000 1.016649200e+000 
1.006006838e+000 1.017047460e+000 
1.004883578e+000 1.008336252e+000 
1.004050912e+000 1.007901000e+000 
1.004887942e+000 1.008358131e+000 
1.004827899e+000 1.008336130e+000 
1.001899177e+000 1.003498854e+000 
1.001475769e+000 1.003273801e+000 
1.001696819e+000 1.003402319e+000 
1.001873410e+000 1.003488214e+000 
1.001950181e+000 1.003582060e+000 
1.001520165e+000 1.003371666e+000 
1.001539007e+000 1.003373124e+000 
1.001494611e+000 1.003275259e+000 
1.003171609e+000 1.003833086e+000 
1.003104650e+000 1.003822078e+000 
1.002886987e+000 1.003799425e+000 
1.002825090e+000 1.003730372e+000 
1.001395710e+000 1.003160031e+000 
1.002165727e+000 1.003607997e+000 
1.001854568e+000 1.003486756e+000 
1.002233580e+000 1.003613944e+000 
1.002797710e+000 1.003715324e+000 
1.001684876e+000 1.003375895e+000 
1.010773253e+000 1.092452413e+000 
1.011155360e+000 1.092998531e+000 
1.011932242e+000 1.094459293e+000 
1.069974649e+000 1.864320061e+000 
1.076785982e+000 1.869448578e+000 
1.229837924e+000 1.941151637e+000 
1.082295295e+000 1.873215450e+000 
1.104279962e+000 1.887128481e+000 
1.134995171e+000 1.903565905e+000 
1.249382435e+000 1.946050392e+000 
1.055131704e+000 1.852690902e+000 
1.034444558e+000 1.831282226e+000 
1.147663569e+000 1.910311083e+000 
1.067084766e+000 1.862390589e+000 
1.249469998e+000 1.946079591e+000 
1.190985079e+000 1.928712306e+000 
1.132057055e+000 1.902525922e+000 
1.105738976e+000 1.888265366e+000 
1.247456382e+000 1.945661413e+000 
1.034760729e+000 1.831975944e+000 
1.036950740e+000 1.834522769e+000 
1.191840908e+000 1.929091509e+000 
1.101573238e+000 1.885584830e+000 
1.148881367e+000 1.911010628e+000 
1.214314249e+000 1.937189448e+000 
1.052920004e+000 1.850667406e+000 
1.047188330e+000 1.845024700e+000 
1.109484462e+000 1.890424959e+000 
1.032089635e+000 1.828765888e+000 
1.142947956e+000 1.908186046e+000 
1.141569187e+000 1.907701926e+000 
1.028661688e+000 1.824649427e+000 
1.122719251e+000 1.898034217e+000 
1.079978841e+000 1.871555977e+000 
1.126681137e+000 1.899878642e+000 
1.080392837e+000 1.871922294e+000 
1.164895613e+000 1.917599093e+000 
1.027758232e+000 1.823384380e+000 
1.202538249e+000 1.933054169e+000 
1.198811999e+000 1.931804195e+000 
1.047536570e+000 1.845577811e+000 
1.048228076e+000 1.846203861e+000 
1.164884895e+000 1.917548841e+000 
1.081881299e+000 1.872849136e+000 
1.054074055e+000 1.851605824e+000 
1.056108522e+000 1.853513595e+000 
1.081545548e+000 1.872592791e+000 
1.090305978e+000 1.878268417e+000 
1.070674235e+000 1.865341696e+000 
1.066484542e+000 1.861911883e+000 
1.064592740e+000 1.860677334e+000 
1.071278769e+000 1.865703088e+000 
1.163212918e+000 1.916968224e+000 
1.108961046e+000 1.890153306e+000 
1.048599942e+000 1.846538726e+000 
1.053651649e+000 1.851307626e+000 
1.242241134e+000 1.944877958e+000 
1.041789030e+000 1.839855156e+000 
1.131672321e+000 1.902290440e+000 
1.076397038e+000 1.869200665e+000 
1.187247291e+000 1.927525464e+000 
1.078012159e+000 1.870307581e+000 
1.074605807e+000 1.868064540e+000 
1.027180803e+000 1.822454092e+000 
1.247617960e+000 1.945898862e+000 
1.050948774e+000 1.848638466e+000 
1.045815483e+000 1.843701494e+000 
1.112502109e+000 1.892110974e+000 
1.070403920e+000 1.865038439e+000 
1.025151793e+000 1.818372502e+000 
1.075736182e+000 1.868669990e+000 
1.107868020e+000 1.889391876e+000 
1.192610955e+000 1.929253990e+000 
1.050057627e+000 1.847832606e+000 
1.164409757e+000 1.917311815e+000 
1.047586122e+000 1.845667087e+000 
1.110824599e+000 1.891200433e+000 
1.143847911e+000 1.908685669e+000 
1.095217810e+000 1.881628619e+000 
1.093315352e+000 1.880336846e+000 
1.053459788e+000 1.851112973e+000 
1.200360559e+000 1.931949476e+000 
1.032576301e+000 1.829269043e+000 
1.129041799e+000 1.901100471e+000 
1.138644929e+000 1.905454223e+000 
1.181228290e+000 1.924908820e+000 
1.166284919e+000 1.918110443e+000 
1.053886278e+000 1.851431975e+000 
1.108423431e+000 1.889696263e+000 
1.053279784e+000 1.851042210e+000 
1.100484489e+000 1.885007418e+000 
1.166891308e+000 1.918556662e+000 
1.025546388e+000 1.819072741e+000 
1.036288951e+000 1.833798271e+000 
1.051980951e+000 1.849804230e+000 
1.140088830e+000 1.906209059e+000 
1.137608462e+000 1.905342042e+000 
1.140207705e+000 1.906616370e+000 
1.176394842e+000 1.923268757e+000 
1.132477523e+000 1.902720026e+000 
1.124522465e+000 1.898788600e+000 
1.193118426e+000 1.929459504e+000 
1.063112685e+000 1.859294058e+000 
1.158388914e+000 1.914790287e+000 
1.149751789e+000 1.911253595e+000 
1.046900427e+000 1.844840535e+000 
1.074412139e+000 1.867924854e+000 
1.032914885e+000 1.829737650e+000 
1.030072636e+000 1.826220674e+000 
1.096563021e+000 1.882712570e+000 
1.033657676e+000 1.830639171e+000 
1.191181479e+000 1.929004600e+000 
1.183290267e+000 1.926140666e+000 
1.043176617e+000 1.841127949e+000 
1.157600271e+000 1.914539312e+000 
1.155815178e+000 1.913662264e+000 
1.133347653e+000 1.902965245e+000 
1.258763316e+000 1.948111330e+000 
1.025571062e+000 1.819730257e+000 
1.051384391e+000 1.849093449e+000 
1.064170334e+000 1.860320306e+000 
1.218002143e+000 1.938128575e+000 
1.167941781e+000 1.919247600e+000 
1.026161939e+000 1.821024017e+000 
1.140975154e+000 1.907133290e+000 
1.170073111e+000 1.920384230e+000 
1.184038075e+000 1.926342834e+000 
1.191533209e+000 1.929048816e+000 
1.038112012e+000 1.835922280e+000 
1.245508024e+000 1.945243968e+000 
1.085665057e+000 1.875583484e+000 
1.106176293e+000 1.888325332e+000 
1.037263521e+000 1.834952897e+000 
1.069057236e+000 1.863849082e+000 
1.040384293e+000 1.838263633e+000 
1.105267171e+000 1.887895411e+000 
1.120847384e+000 1.896656884e+000 
1.038506450e+000 1.836296201e+000 
1.091000501e+000 1.878908128e+000 
1.108193866e+000 1.889462211e+000 
1.025644560e+000 1.820279159e+000 
1.086383213e+000 1.875633534e+000 
1.213174440e+000 1.936891454e+000 
1.193344887e+000 1.929585095e+000 
1.081052741e+000 1.872171704e+000 
1.192509117e+000 1.929180058e+000 
1.028266364e+000 1.824003692e+000 
1.040347070e+000 1.838228917e+000 
1.181943071e+000 1.925341540e+000 
1.066957381e+000 1.862195012e+000 
1.135693991e+000 1.904424568e+000 
1.080307181e+000 1.871719709e+000 
1.179361351e+000 1.924216696e+000 
1.185412038e+000 1.926646206e+000 
1.054311125e+000 1.851824958e+000 
1.054388062e+000 1.851883463e+000 
1.090103770e+000 1.878222494e+000 
1.095699070e+000 1.882006899e+000 
1.223464845e+000 1.940002817e+000 
1.109749637e+000 1.890426064e+000 
1.139221503e+000 1.906130545e+000 
1.166643015e+000 1.918457655e+000 
1.095101243e+000 1.881546113e+000 
1.028509487e+000 1.824195536e+000 
1.038880867e+000 1.836740345e+000 
1.222769322e+000 1.939678779e+000 
1.083434441e+000 1.873812146e+000 
1.249153879e+000 1.945969958e+000 
1.158760754e+000 1.915106749e+000 
1.100229174e+000 1.884931266e+000 
1.110635858e+000 1.890957145e+000 
1.158174515e+000 1.914721510e+000 
1.079237315e+000 1.871026934e+000 
1.224328013e+000 1.940287433e+000 
1.210969396e+000 1.935853679e+000 
1.094516545e+000 1.881308895e+000 
1.212338670e+000 1.936486043e+000 
1.212009523e+000 1.936395722e+000 
1.196476431e+000 1.930711043e+000 
1.202432915e+000 1.932802008e+000 
1.232450387e+000 1.942861176e+000 
1.213528651e+000 1.936987664e+000 
1.160443270e+000 1.915899433e+000 
1.134189914e+000 1.903296744e+000 
1.218153188e+000 1.938404872e+000 
1.057232523e+000 1.854210626e+000 
1.062932520e+000 1.858945281e+000 
1.108611543e+000 1.889697341e+000 
1.115378988e+000 1.893767858e+000 
1.084361791e+000 1.874487398e+000 
1.131176488e+000 1.902006790e+000 
1.264711746e+000 1.949585248e+000 
1.125633082e+000 1.899283445e+000 
1.252768272e+000 1.947227110e+000 
1.165094230e+000 1.917653077e+000 
1.236360292e+000 1.943718937e+000 
1.250337467e+000 1.946973928e+000 
1.225681144e+000 1.940856521e+000 
1.116487461e+000 1.894213513e+000 
1.169609556e+000 1.919564617e+000 
1.117058915e+000 1.894610004e+000 
1.223313577e+000 1.939869131e+000 
1.058598508e+000 1.855292804e+000 
1.220341123e+000 1.939115104e+000 
1.227430694e+000 1.941109335e+000 
1.255341147e+000 1.947752611e+000 
1.000842105e+000 1.001457297e+000 
1.000898776e+000 1.001497672e+000 
1.001082504e+000 1.001546877e+000 
1.001170544e+000 1.001590275e+000 
1.000805786e+000 1.001412772e+000 
1.000948327e+000 1.001546028e+000 
1.001309455e+000 1.001597642e+000 
1.001138444e+000 1.001552549e+000 
1.000708790e+000 1.001410947e+000 
1.003416678e+000 1.006394073e+000 
1.003887662e+000 1.006812339e+000 
1.003801296e+000 1.006768009e+000 
1.004012445e+000 1.006977838e+000 
1.003628445e+000 1.006563247e+000 
1.007079788e+000 1.022992141e+000 
1.007274010e+000 1.023052217e+000 
1.006995747e+000 1.022708479e+000 
1.006568168e+000 1.021514989e+000 
1.006777485e+000 1.022654867e+000 
1.007309887e+000 1.023109203e+000 
1.021520052e+000 1.463871810e+000 
1.024763853e+000 1.466758929e+000 
1.013872633e+000 1.456095578e+000 
1.023903625e+000 1.466002236e+000 
1.022222239e+000 1.464652926e+000 
1.019516104e+000 1.462275012e+000 
1.013055490e+000 1.453702878e+000 
1.013373505e+000 1.455364049e+000 
1.019818052e+000 1.462442537e+000 
1.012160857e+000 1.452428893e+000 
1.023002261e+000 1.465224236e+000 
1.015790829e+000 1.457713541e+000 
1.016810443e+000 1.459167698e+000 
1.018471414e+000 1.461262481e+000 
1.013722824e+000 1.455825979e+000 
1.020988455e+000 1.463475568e+000 
1.014523900e+000 1.456725033e+000 
1.012808774e+000 1.453471963e+000 
1.016173506e+000 1.458366143e+000 
1.012368927e+000 1.453073716e+000 
1.022536039e+000 1.464839123e+000 
1.015988008e+000 1.458277545e+000 
1.018055713e+000 1.460671251e+000 
1.016289956e+000 1.458445070e+000 
1.017112391e+000 1.459335223e+000 
1.020623644e+000 1.463152912e+000 
1.019168189e+000 1.461663824e+000 
1.000012293e+000 1.000000006e+000 
1.000000000e+000 1.000000000e+000 
1.000029068e+000 1.000000328e+000 
1.000089308e+000 1.000001326e+000 
1.000068409e+000 1.000001301e+000 
1.000056116e+000 1.000001295e+000 
1.000046520e+000 1.000001198e+000 
1.000034227e+000 1.000001192e+000 
1.000113933e+000 1.000002482e+000 
1.000255371e+000 1.000003518e+000 
1.000319391e+000 1.000004328e+000 
1.000455230e+000 1.000004374e+000 
1.000350703e+000 1.000004373e+000 
1.000223026e+000 1.000003512e+000 
1.276859201e+000 1.953774987e+000 
1.274548525e+000 1.953191373e+000 
1.304258845e+000 1.962002090e+000 
1.306941929e+000 1.962607492e+000 
1.301766985e+000 1.961321114e+000 
1.287462539e+000 1.957462280e+000 
1.297194100e+000 1.959989322e+000 
1.301437007e+000 1.960836673e+000 
1.300095701e+000 1.960791831e+000 
1.262437101e+000 1.948207784e+000 
1.267242052e+000 1.950268881e+000 
1.276534996e+000 1.953516159e+000 
1.318476703e+000 1.965203606e+000 
1.327949939e+000 1.967670182e+000 
1.302702369e+000 1.961377268e+000 
1.276900633e+000 1.954435876e+000 
1.329542243e+000 1.968227855e+000 
1.266269347e+000 1.950042017e+000 
1.331846814e+000 1.968723033e+000 
1.684592686e+000 1.999979223e+000 
1.687911093e+000 2.000000000e+000 
1.447029149e+000 1.988508187e+000 
1.289852709e+000 1.958186055e+000 
1.299402608e+000 1.960292346e+000 
1.288675916e+000 1.957947421e+000 
1.306239042e+000 1.962405525e+000 
1.285097307e+000 1.956769144e+000 
1.278771755e+000 1.955208193e+000 
1.270861556e+000 1.951839450e+000 
1.275053093e+000 1.953485709e+000 
1.282288510e+000 1.956246987e+000 
1.279494927e+000 1.955640313e+000 
1.274185392e+000 1.953084754e+000 
1.281529563e+000 1.956155876e+000 
1.272212965e+000 1.952494081e+000 
1.277318579e+000 1.955010748e+000 
1.307349706e+000 1.963190094e+000 
1.304737244e+000 1.962093619e+000 
1.273024615e+000 1.952663064e+000 
1.303956060e+000 1.961715697e+000 
1.295969922e+000 1.959206464e+000 
1.345604469e+000 1.972068812e+000 
1.366917023e+000 1.976939076e+000 
1.294592606e+000 1.959053126e+000 
1.365964843e+000 1.976820054e+000 
1.354989229e+000 1.974377479e+000 
1.365729472e+000 1.976503435e+000 
1.285753189e+000 1.956933088e+000 
1.352798338e+000 1.974052412e+000 
1.358819420e+000 1.975071162e+000 
1.284298945e+000 1.956617045e+000 
1.292926817e+000 1.958765038e+000 
1.292895508e+000 1.958678564e+000 
1.286609621e+000 1.957200785e+000 
1.378094893e+000 1.979013682e+000 
1.310132786e+000 1.964215582e+000 
1.310445794e+000 1.964311885e+000 
1.312756471e+000 1.964895625e+000 
1.312708838e+000 1.964709294e+000 
1.320178865e+000 1.966085015e+000 
1.332882601e+000 1.969196904e+000 
1.684217708e+000 1.999915960e+000 
1.379476419e+000 1.979311263e+000 
1.264765833e+000 1.949956618e+000 
1.268991332e+000 1.950875426e+000 
1.267406247e+000 1.950530459e+000 
1.262510877e+000 1.948848450e+000 
1.266598282e+000 1.950113486e+000 
1.270744049e+000 1.951456235e+000 
1.267701195e+000 1.950784792e+000 
1.270249103e+000 1.951399842e+000 
1.682579384e+000 1.999876469e+000 
1.309150650e+000 1.963556648e+000 
1.674702683e+000 1.999846754e+000 
1.394547854e+000 1.981718138e+000 
1.362707206e+000 1.976467477e+000 
1.322149551e+000 1.966418566e+000 
1.361794794e+000 1.976255653e+000 
1.382487446e+000 1.979860638e+000 
1.319849493e+000 1.966076118e+000 
1.320320590e+000 1.966263249e+000 
1.325207539e+000 1.967374788e+000 
1.322207061e+000 1.966564004e+000 
1.670881718e+000 1.999803148e+000 
1.322631267e+000 1.966846989e+000 
1.384015040e+000 1.980247545e+000 
1.670534768e+000 1.999775774e+000 
1.664567623e+000 1.999699603e+000 
1.661072191e+000 1.999684139e+000 
1.659769848e+000 1.999682130e+000 
1.380646344e+000 1.979655809e+000 
1.657789070e+000 1.999653583e+000 
1.391497871e+000 1.981236406e+000 
1.656518190e+000 1.999568840e+000 
1.393444332e+000 1.981647574e+000 
1.642241712e+000 1.999239233e+000 
1.591496257e+000 1.998298372e+000 
1.595328624e+000 1.998628623e+000 
1.395554536e+000 1.982277923e+000 
1.395441274e+000 1.982093262e+000 
1.431246218e+000 1.986884090e+000 
1.651328801e+000 1.999538786e+000 
1.431025565e+000 1.986815292e+000 
1.648708861e+000 1.999500623e+000 
1.357823979e+000 1.974899168e+000 
1.387100541e+000 1.980671003e+000 
1.447422864e+000 1.988663181e+000 
1.376433018e+000 1.978642543e+000 
1.452549602e+000 1.989241590e+000 
1.413479625e+000 1.984683412e+000 
1.435858017e+000 1.987569402e+000 
1.441339296e+000 1.988259291e+000 
1.413917916e+000 1.984825762e+000 
1.410992567e+000 1.984308615e+000 
1.407629187e+000 1.983719829e+000 
1.427573771e+000 1.986540821e+000 
1.410489936e+000 1.984069607e+000 
1.433936431e+000 1.987444355e+000 
1.427816788e+000 1.986581106e+000 
1.404713622e+000 1.983448399e+000 
1.408846491e+000 1.983985073e+000 
1.439328852e+000 1.987914594e+000 
1.408023363e+000 1.983790370e+000 
1.431807043e+000 1.987021920e+000 
1.478932672e+000 1.991871159e+000 
1.464794893e+000 1.990521705e+000 
1.334401953e+000 1.969739799e+000 
1.474209616e+000 1.991326836e+000 
1.478213248e+000 1.991802549e+000 
1.470142077e+000 1.991175062e+000 
1.465416278e+000 1.990682975e+000 
1.475350166e+000 1.991705042e+000 
1.469034941e+000 1.990814567e+000 
1.334358130e+000 1.969482137e+000 
1.650949266e+000 1.999527911e+000 
1.342559071e+000 1.971730647e+000 
1.339772977e+000 1.970807527e+000 
1.422578808e+000 1.985957024e+000 
1.336937678e+000 1.970274542e+000 
1.341816631e+000 1.971298396e+000 
1.345995899e+000 1.972522187e+000 
1.341368810e+000 1.971252438e+000 
1.336305082e+000 1.970120097e+000 
1.349481643e+000 1.973289638e+000 
1.349478289e+000 1.973037583e+000 
1.343859479e+000 1.971906546e+000 
1.357570353e+000 1.974783858e+000 
1.367676709e+000 1.977053306e+000 
1.367940660e+000 1.977204597e+000 
1.634069994e+000 1.999058764e+000 
1.643738083e+000 1.999403639e+000 
1.627113448e+000 1.998890115e+000 
1.625527936e+000 1.998863737e+000 
1.639288633e+000 1.999195758e+000 
1.634758547e+000 1.999136238e+000 
1.623276346e+000 1.998846310e+000 
1.459837744e+000 1.989744264e+000 
1.630033341e+000 1.999035095e+000 
1.458936204e+000 1.989681900e+000 
1.460178679e+000 1.990089792e+000 
1.583979813e+000 1.997755260e+000 
1.610547545e+000 1.998710458e+000 
1.449985509e+000 1.989180451e+000 
1.518442116e+000 1.994606263e+000 
1.532903809e+000 1.995314944e+000 
1.449226680e+000 1.988969963e+000 
1.488875249e+000 1.992443492e+000 
1.503058157e+000 1.993604135e+000 
1.494336722e+000 1.992911101e+000 
1.482265672e+000 1.992124276e+000 
1.492646429e+000 1.992780420e+000 
1.484816068e+000 1.992433096e+000 
1.448761239e+000 1.988918221e+000 
1.510298667e+000 1.994375249e+000 
1.496199112e+000 1.993141969e+000 
1.502233878e+000 1.993547253e+000 
1.498021564e+000 1.993338994e+000 
1.509253510e+000 1.994165002e+000 
1.504135295e+000 1.993716501e+000 
1.520186110e+000 1.994733097e+000 
1.613377616e+000 1.998742423e+000 
1.419373598e+000 1.985180147e+000 
1.548480538e+000 1.996461159e+000 
1.537950723e+000 1.995394299e+000 
1.606451152e+000 1.998656262e+000 
1.531875373e+000 1.995177185e+000 
1.557013675e+000 1.996726634e+000 
1.554176636e+000 1.996657059e+000 
1.517347034e+000 1.994515925e+000 
1.515574679e+000 1.994430063e+000 
1.580523671e+000 1.997659442e+000 
1.580668667e+000 1.997723498e+000 
1.567374619e+000 1.997094686e+000 
1.578732772e+000 1.997570784e+000 
1.585145238e+000 1.998089992e+000 
1.571271794e+000 1.997280767e+000 
1.573833287e+000 1.997410887e+000 
1.561505439e+000 1.997041069e+000 
1.552001399e+000 1.996484525e+000 
1.566167557e+000 1.997094537e+000 
1.528157226e+000 1.994918611e+000 
1.558544266e+000 1.996824128e+000 
1.557297834e+000 1.996751028e+000 
1.543687105e+000 1.995758539e+000 
1.540579451e+000 1.995577488e+000 
1.542091352e+000 1.995675203e+000 
1.524787534e+000 1.994908360e+000 
1.528339116e+000 1.994958118e+000 
1.523227761e+000 1.994853240e+000 
1.546182968e+000 1.995940254e+000 

