1.003108943e+000 1.043316102e+000 
1.119528620e+000 1.903419336e+000 
1.112211891e+000 1.898836339e+000 
1.046169060e+000 1.846158986e+000 
1.067976126e+000 1.867310448e+000 
1.040846003e+000 1.840305643e+000 
1.067308440e+000 1.866626034e+000 
1.149878668e+000 1.918253087e+000 
1.196447721e+000 1.935730980e+000 
1.019969808e+000 1.808842920e+000 
1.080786620e+000 1.877959572e+000 
1.089932817e+000 1.883902644e+000 
1.182300319e+000 1.931169712e+000 
1.032977673e+000 1.830206633e+000 
1.032075710e+000 1.828956452e+000 
1.116474616e+000 1.901548825e+000 
1.076139389e+000 1.874639135e+000 
1.091159996e+000 1.885052351e+000 
1.088847146e+000 1.883373035e+000 
1.092110693e+000 1.886312724e+000 
1.103560648e+000 1.893117911e+000 
1.073136802e+000 1.872229426e+000 
1.168318306e+000 1.925216864e+000 
1.137507923e+000 1.912596939e+000 
1.175785653e+000 1.928671210e+000 
1.100386759e+000 1.891049085e+000 
1.126636008e+000 1.906845221e+000 
1.193324552e+000 1.934792107e+000 
1.030866777e+000 1.826928456e+000 
1.060630461e+000 1.860850538e+000 
1.069764798e+000 1.869193495e+000 
1.075648061e+000 1.874460550e+000 
1.081626364e+000 1.879643200e+000 
1.156805751e+000 1.920946318e+000 
1.039124064e+000 1.837848909e+000 
1.061794534e+000 1.862024719e+000 
1.074330083e+000 1.873140836e+000 
1.073496552e+000 1.872664484e+000 
1.129598098e+000 1.908631100e+000 
1.135278128e+000 1.911749457e+000 
1.041667782e+000 1.841019023e+000 
1.022718602e+000 1.814934836e+000 
1.158351091e+000 1.921622358e+000 
1.095115129e+000 1.888167351e+000 
1.122168361e+000 1.904919275e+000 
1.182997690e+000 1.931880141e+000 
1.019394768e+000 1.806806722e+000 
1.044134569e+000 1.843935595e+000 
1.103843563e+000 1.893332503e+000 
1.152542185e+000 1.919248449e+000 
1.026001173e+000 1.819775902e+000 
1.203172139e+000 1.936610255e+000 
1.180643939e+000 1.931115788e+000 
1.051006967e+000 1.851445575e+000 
1.094448540e+000 1.887421532e+000 
1.078202149e+000 1.876210041e+000 
1.127978438e+000 1.907467259e+000 
1.077148003e+000 1.875737532e+000 
1.047280543e+000 1.847526516e+000 
1.111319878e+000 1.898200478e+000 
1.129723824e+000 1.908888765e+000 
1.033429628e+000 1.830773480e+000 
1.078813241e+000 1.877167792e+000 
1.042998678e+000 1.842797094e+000 
1.150922574e+000 1.918338744e+000 
1.074977857e+000 1.873909376e+000 
1.098665234e+000 1.889986365e+000 
1.130883661e+000 1.909881405e+000 
1.039284231e+000 1.837965045e+000 
1.021746883e+000 1.813415236e+000 
1.030190962e+000 1.826299694e+000 
1.054202549e+000 1.854857473e+000 
1.035592090e+000 1.833462010e+000 
1.105324046e+000 1.894425010e+000 
1.026460330e+000 1.820778841e+000 
1.025037782e+000 1.818489906e+000 
1.045493124e+000 1.845310992e+000 
1.046766135e+000 1.846831157e+000 
1.044774223e+000 1.844462881e+000 
1.101340977e+000 1.892189805e+000 
1.103732012e+000 1.893176119e+000 
1.037917860e+000 1.836546877e+000 
1.081594132e+000 1.879211941e+000 
1.047000768e+000 1.847103118e+000 
1.072361031e+000 1.871144794e+000 
1.057864948e+000 1.857990072e+000 
1.121864196e+000 1.904917108e+000 
1.059949058e+000 1.860194318e+000 
1.149376158e+000 1.918137782e+000 
1.032518771e+000 1.829273281e+000 
1.026986542e+000 1.821455087e+000 
1.134147892e+000 1.910809385e+000 
1.059235964e+000 1.859527832e+000 
1.137180534e+000 1.912252393e+000 
1.047836585e+000 1.848084743e+000 
1.021189694e+000 1.812254384e+000 
1.027164615e+000 1.821830859e+000 
1.146773138e+000 1.916829642e+000 
1.074752039e+000 1.873477864e+000 
1.029725066e+000 1.825670130e+000 
1.060430298e+000 1.860815847e+000 
1.124491645e+000 1.906060433e+000 
1.046532012e+000 1.846427079e+000 
1.136901718e+000 1.911942698e+000 
1.077018857e+000 1.875446680e+000 
1.085505073e+000 1.881524226e+000 
1.048668292e+000 1.849028875e+000 
1.058066424e+000 1.858117262e+000 
1.083091449e+000 1.880009184e+000 
1.049917177e+000 1.850100582e+000 
1.182910326e+000 1.931243998e+000 
1.077857506e+000 1.875954442e+000 
1.128122877e+000 1.907733429e+000 
1.019128759e+000 1.805094807e+000 
1.031356637e+000 1.828025993e+000 
1.139358087e+000 1.913411564e+000 
1.018950727e+000 1.804212329e+000 
1.035545624e+000 1.833292641e+000 
1.023364361e+000 1.815607324e+000 
1.216659417e+000 1.941355281e+000 
1.119940176e+000 1.903493122e+000 
1.030473875e+000 1.826464058e+000 
1.158055997e+000 1.921164792e+000 
1.104364795e+000 1.893907604e+000 
1.099901835e+000 1.890666578e+000 
1.026802497e+000 1.820987192e+000 
1.068600830e+000 1.867673805e+000 
1.129369089e+000 1.907910045e+000 
1.134347147e+000 1.911026339e+000 
1.102382246e+000 1.892560474e+000 
1.064524824e+000 1.864323980e+000 
1.055451818e+000 1.855715714e+000 
1.065129786e+000 1.864761746e+000 
1.184752422e+000 1.932234149e+000 
1.069489800e+000 1.868549401e+000 
1.021483758e+000 1.812651913e+000 
1.117310853e+000 1.901847178e+000 
1.103380005e+000 1.892674861e+000 
1.039980406e+000 1.838894616e+000 
1.019841872e+000 1.808405049e+000 
1.160176226e+000 1.922018588e+000 
1.119297324e+000 1.903074454e+000 
1.208486389e+000 1.938532528e+000 
1.036993949e+000 1.835256753e+000 
1.020399061e+000 1.810002295e+000 
1.023394691e+000 1.815762007e+000 
1.179351054e+000 1.930638204e+000 
1.171924337e+000 1.926910165e+000 
1.103120795e+000 1.892632485e+000 
1.160000379e+000 1.921985433e+000 
1.148311552e+000 1.917306325e+000 
1.022586854e+000 1.814400706e+000 
1.028927016e+000 1.824514286e+000 
1.163977944e+000 1.923653056e+000 
1.170564627e+000 1.926207592e+000 
1.160926369e+000 1.922864613e+000 
1.162473195e+000 1.923176421e+000 
1.192282282e+000 1.933955403e+000 
1.208678659e+000 1.938592298e+000 
1.165802586e+000 1.924323715e+000 
1.177919294e+000 1.929399891e+000 
1.209217172e+000 1.938725403e+000 
1.159166569e+000 1.921958381e+000 
1.096202302e+000 1.888276151e+000 
1.050657355e+000 1.850811437e+000 
1.210494550e+000 1.939790711e+000 
1.097129610e+000 1.889116182e+000 
1.155101391e+000 1.920501180e+000 
1.107295439e+000 1.895569623e+000 
1.056885867e+000 1.856933725e+000 
1.056547715e+000 1.856428481e+000 
1.113084130e+000 1.898844397e+000 
1.210187029e+000 1.939663364e+000 
1.214489798e+000 1.940882394e+000 
1.108692017e+000 1.896094203e+000 
1.110112097e+000 1.897298276e+000 
1.188254204e+000 1.932474829e+000 
1.197433533e+000 1.935813829e+000 
1.168591921e+000 1.925221480e+000 
1.108075468e+000 1.895764699e+000 
1.008540857e+000 1.076375892e+000 
1.003536134e+000 1.044085273e+000 
1.003743042e+000 1.045263439e+000 
1.003589015e+000 1.044639306e+000 
1.008202955e+000 1.052211214e+000 
1.005598836e+000 1.049850593e+000 
1.005571845e+000 1.049766525e+000 
1.005447679e+000 1.049754935e+000 
1.006699446e+000 1.051200632e+000 
1.006905845e+000 1.051318191e+000 
1.008443135e+000 1.052251823e+000 
1.007184992e+000 1.051424340e+000 
1.005130519e+000 1.049028301e+000 
1.005795786e+000 1.049867535e+000 
1.006293757e+000 1.050580880e+000 
9.999999999e-001 1.000578895e+000 
1.000060246e+000 1.000587643e+000 
1.000131815e+000 1.000588997e+000 
1.000180095e+000 1.000589198e+000 
1.000525928e+000 1.004515321e+000 
1.001021573e+000 1.004835823e+000 
1.000967643e+000 1.004832614e+000 
1.001101869e+000 1.004836037e+000 
1.002925528e+000 1.005198081e+000 
1.000543643e+000 1.004585923e+000 
1.002339365e+000 1.005100596e+000 
1.001525025e+000 1.004928112e+000 
1.000628899e+000 1.004660831e+000 
1.001052555e+000 1.004835841e+000 
1.001439254e+000 1.004924213e+000 
1.000879780e+000 1.004756530e+000 
1.000825850e+000 1.004753719e+000 
1.001297592e+000 1.004918141e+000 
1.000770693e+000 1.004739726e+000 
1.000682829e+000 1.004663642e+000 
1.002053518e+000 1.005095777e+000 
1.002584775e+000 1.005187268e+000 
1.000998625e+000 1.004833030e+000 
1.002038859e+000 1.005016631e+000 
1.001911724e+000 1.005016484e+000 
1.002394270e+000 1.005106590e+000 
1.002841544e+000 1.005193655e+000 
1.011588390e+000 1.195576580e+000 
1.008972819e+000 1.190894768e+000 
1.014732973e+000 1.201110867e+000 
1.009687102e+000 1.191719416e+000 
1.009617408e+000 1.191718816e+000 
1.015704555e+000 1.202433808e+000 
1.009398601e+000 1.191428215e+000 
1.013393317e+000 1.198880370e+000 
1.015289322e+000 1.202046844e+000 
1.012069549e+000 1.196934155e+000 
1.013576776e+000 1.198973172e+000 
1.017279297e+000 1.204567246e+000 
1.011234419e+000 1.195254483e+000 
1.016629916e+000 1.203580420e+000 
1.008652932e+000 1.188754921e+000 
1.010320840e+000 1.193199759e+000 
1.009847078e+000 1.192216654e+000 
1.011825344e+000 1.196281006e+000 
1.012842495e+000 1.197998085e+000 
1.016732457e+000 1.203580704e+000 
1.000468954e+000 1.001920953e+000 
1.000444112e+000 1.001248443e+000 
1.000276867e+000 1.001244152e+000 
1.000417624e+000 1.001244750e+000 
1.000453591e+000 1.001248511e+000 
1.004712476e+000 1.047122648e+000 
1.004023430e+000 1.045721378e+000 
1.004988340e+000 1.047145188e+000 
1.004440370e+000 1.046386388e+000 
1.004697408e+000 1.046466814e+000 
1.004299150e+000 1.045786005e+000 
1.004988195e+000 1.047124292e+000 
1.766551000e+000 2.000000000e+000 
1.278245349e+000 1.961833605e+000 
1.263586509e+000 1.957686261e+000 
1.265250270e+000 1.958258795e+000 
1.759314290e+000 1.999925892e+000 
1.209553489e+000 1.938894116e+000 
1.754012307e+000 1.999862377e+000 
1.246827112e+000 1.953651639e+000 
1.297895920e+000 1.967454484e+000 
1.291474703e+000 1.966445730e+000 
1.738246771e+000 1.999457143e+000 
1.744103481e+000 1.999688952e+000 
1.663811167e+000 1.999039817e+000 
1.220125667e+000 1.943285933e+000 
1.466671103e+000 1.991497674e+000 
1.233911744e+000 1.949192850e+000 
1.257872052e+000 1.956613933e+000 
1.743921203e+000 1.999500988e+000 
1.284994581e+000 1.964852618e+000 
1.286267644e+000 1.965102495e+000 
1.296226063e+000 1.967019976e+000 
1.286784516e+000 1.965640006e+000 
1.286219873e+000 1.964934528e+000 
1.219256471e+000 1.942955065e+000 
1.290291374e+000 1.965921225e+000 
1.623194420e+000 1.998319469e+000 
1.293520680e+000 1.966693972e+000 
1.219168307e+000 1.942940310e+000 
1.217500643e+000 1.942463332e+000 
1.208022193e+000 1.938015092e+000 
1.230938521e+000 1.948206210e+000 
1.221433570e+000 1.943694330e+000 
1.233207414e+000 1.949125811e+000 
1.228081148e+000 1.947398931e+000 
1.215004397e+000 1.940975949e+000 
1.727690769e+000 1.999406110e+000 
1.237472606e+000 1.950616360e+000 
1.240265025e+000 1.951390037e+000 
1.223720236e+000 1.945738611e+000 
1.240776869e+000 1.951541458e+000 
1.241738997e+000 1.951551394e+000 
1.747387254e+000 1.999811934e+000 
1.254314672e+000 1.955206277e+000 
1.390686454e+000 1.984350092e+000 
1.709000590e+000 1.999165704e+000 
1.279648861e+000 1.962516241e+000 
1.275901829e+000 1.961606398e+000 
1.275848839e+000 1.961541584e+000 
1.267333623e+000 1.959560144e+000 
1.265674891e+000 1.959361760e+000 
1.275435641e+000 1.961498878e+000 
1.258273487e+000 1.956965962e+000 
1.274080171e+000 1.961446329e+000 
1.266084847e+000 1.959493476e+000 
1.221724045e+000 1.944300656e+000 
1.281464116e+000 1.963749575e+000 
1.279953812e+000 1.963310625e+000 
1.268065963e+000 1.960445243e+000 
1.213413690e+000 1.940777953e+000 
1.227217494e+000 1.946319623e+000 
1.255535813e+000 1.956483871e+000 
1.722207366e+000 1.999200865e+000 
1.257349013e+000 1.956589938e+000 
1.229808598e+000 1.947590532e+000 
1.550607311e+000 1.996868406e+000 
1.255245276e+000 1.955638477e+000 
1.250515622e+000 1.954371833e+000 
1.252430792e+000 1.955172430e+000 
1.555614782e+000 1.997118173e+000 
1.247850607e+000 1.953941888e+000 
1.559315966e+000 1.997268381e+000 
1.245009303e+000 1.953210064e+000 
1.236391654e+000 1.949996212e+000 
1.243540536e+000 1.952814928e+000 
1.241823466e+000 1.951792964e+000 
1.244810796e+000 1.952967671e+000 
1.470474287e+000 1.991726834e+000 
1.332667823e+000 1.975111300e+000 
1.304796553e+000 1.968659542e+000 
1.308146491e+000 1.969554181e+000 
1.332350156e+000 1.974566512e+000 
1.332405067e+000 1.974606554e+000 
1.611389668e+000 1.998205824e+000 
1.596577487e+000 1.998046160e+000 
1.598455651e+000 1.998151208e+000 
1.220378547e+000 1.943397005e+000 
1.598661057e+000 1.998178952e+000 
1.654338487e+000 1.998935233e+000 
1.398823299e+000 1.985262815e+000 
1.206863111e+000 1.936777213e+000 
1.205740136e+000 1.936653208e+000 
1.227379918e+000 1.946379921e+000 
1.643526083e+000 1.998888507e+000 
1.640473611e+000 1.998748144e+000 
1.630156584e+000 1.998425750e+000 
1.303636595e+000 1.968417974e+000 
1.635112296e+000 1.998705761e+000 
1.634419460e+000 1.998629464e+000 
1.634247747e+000 1.998454341e+000 
1.341196781e+000 1.977011461e+000 
1.339274545e+000 1.976917788e+000 
1.360355738e+000 1.980880448e+000 
1.391996433e+000 1.985218151e+000 
1.327836607e+000 1.973683219e+000 
1.436738896e+000 1.990004337e+000 
1.379469876e+000 1.983591233e+000 
1.405069056e+000 1.987308819e+000 
1.404163474e+000 1.987270218e+000 
1.355636238e+000 1.980143147e+000 
1.372198840e+000 1.982879386e+000 
1.421131614e+000 1.989294069e+000 
1.365737730e+000 1.981398028e+000 
1.438092769e+000 1.990140512e+000 
1.411272656e+000 1.988380300e+000 
1.416182850e+000 1.988552483e+000 
1.432239578e+000 1.989871824e+000 
1.413239734e+000 1.988523207e+000 
1.478647724e+000 1.992913913e+000 
1.417348557e+000 1.988757450e+000 
1.428129912e+000 1.989738815e+000 
1.401159365e+000 1.986565134e+000 
1.417783428e+000 1.988860960e+000 
1.499456464e+000 1.994092928e+000 
1.367623595e+000 1.982017201e+000 
1.495886662e+000 1.994015029e+000 
1.420906667e+000 1.989028603e+000 
1.473618553e+000 1.992643214e+000 
1.399046283e+000 1.986111751e+000 
1.488733675e+000 1.993729820e+000 
1.401176322e+000 1.986927232e+000 
1.481843145e+000 1.993171118e+000 
1.471267535e+000 1.992158141e+000 
1.490210177e+000 1.993965161e+000 
1.484793992e+000 1.993614914e+000 
1.482387852e+000 1.993192098e+000 
1.329449351e+000 1.974252035e+000 
1.321598045e+000 1.973298502e+000 
1.345027071e+000 1.978279916e+000 
1.346506987e+000 1.978389462e+000 
1.358513501e+000 1.980389290e+000 
1.319833547e+000 1.972548588e+000 
1.321157061e+000 1.972973624e+000 
1.349361197e+000 1.978813130e+000 
1.319373391e+000 1.972548344e+000 
1.317131066e+000 1.971177706e+000 
1.349669248e+000 1.978836960e+000 
1.312329144e+000 1.971072031e+000 
1.310078436e+000 1.970207297e+000 
1.317313821e+000 1.971332241e+000 
1.390863038e+000 1.984890519e+000 
1.346530936e+000 1.978584540e+000 
1.384030342e+000 1.984339570e+000 
1.383260373e+000 1.984127250e+000 
1.377339259e+000 1.983482830e+000 
1.380520553e+000 1.983905646e+000 
1.309263916e+000 1.969705412e+000 
1.306348856e+000 1.969128512e+000 
1.443486228e+000 1.990498546e+000 
1.506189447e+000 1.994406462e+000 
1.502529096e+000 1.994136466e+000 
1.328627181e+000 1.974136050e+000 
1.568149778e+000 1.997358453e+000 
1.570856785e+000 1.997526673e+000 
1.569134759e+000 1.997475907e+000 
1.579224262e+000 1.997926333e+000 
1.571688533e+000 1.997694038e+000 
1.563901534e+000 1.997337003e+000 
1.573456401e+000 1.997787785e+000 
1.297019992e+000 1.967180045e+000 
1.301909075e+000 1.968138023e+000 
1.724830369e+000 1.999228833e+000 
1.725272602e+000 1.999281199e+000 
1.453628961e+000 1.991241833e+000 
1.450161283e+000 1.990951865e+000 
1.456795175e+000 1.991449069e+000 
1.456441619e+000 1.991386831e+000 
1.449463667e+000 1.990780887e+000 
1.451369621e+000 1.990961268e+000 
1.449552735e+000 1.990869809e+000 
1.543428317e+000 1.996415252e+000 
1.633631510e+000 1.998439385e+000 
1.538561298e+000 1.996387534e+000 
1.535615875e+000 1.996121416e+000 
1.612904921e+000 1.998251031e+000 
1.544853407e+000 1.996531384e+000 
1.625990376e+000 1.998348335e+000 
1.544851004e+000 1.996471205e+000 
1.509410382e+000 1.994474819e+000 
1.522305739e+000 1.995382437e+000 
1.471525244e+000 1.992158899e+000 
1.521877434e+000 1.995295432e+000 
1.528516649e+000 1.995875870e+000 
1.526221965e+000 1.995631268e+000 
1.471725064e+000 1.992187713e+000 
1.522909346e+000 1.995451110e+000 
1.531671926e+000 1.996029255e+000 
1.518477083e+000 1.995181962e+000 
1.521173562e+000 1.995218700e+000 

