1.022337681e+000 1.236269586e+000 
1.021358399e+000 1.233714737e+000 
1.084733290e+000 1.766229267e+000 
1.205549993e+000 1.875514637e+000 
1.058841035e+000 1.725780030e+000 
1.048513641e+000 1.707329081e+000 
1.066423501e+000 1.737221961e+000 
1.074992976e+000 1.751862152e+000 
1.091756896e+000 1.776801956e+000 
1.092874114e+000 1.778452012e+000 
1.088934933e+000 1.773194184e+000 
1.092345468e+000 1.777725560e+000 
1.046249285e+000 1.702636294e+000 
1.069817603e+000 1.743048648e+000 
1.120473922e+000 1.809129958e+000 
1.178986877e+000 1.856455600e+000 
1.207453428e+000 1.876320638e+000 
1.224515927e+000 1.885116445e+000 
1.069904657e+000 1.743142340e+000 
1.074229979e+000 1.750369336e+000 
1.044132205e+000 1.698082369e+000 
1.124975420e+000 1.814211727e+000 
1.038009333e+000 1.682451092e+000 
1.038002313e+000 1.681128583e+000 
1.252539818e+000 1.897131407e+000 
1.066472661e+000 1.737800622e+000 
1.117865759e+000 1.807065516e+000 
1.150147557e+000 1.836081572e+000 
1.092429018e+000 1.777873255e+000 
1.039749951e+000 1.686450179e+000 
1.092803005e+000 1.778095202e+000 
1.038504220e+000 1.683462769e+000 
1.064353772e+000 1.734677433e+000 
1.065375471e+000 1.736084200e+000 
1.075080030e+000 1.751955844e+000 
1.037288531e+000 1.679196785e+000 
1.050247035e+000 1.710391230e+000 
1.152774376e+000 1.839050931e+000 
1.039940408e+000 1.688333666e+000 
1.062972230e+000 1.732221254e+000 
1.064077993e+000 1.734397584e+000 
1.049166908e+000 1.708237164e+000 
1.040940339e+000 1.690280514e+000 
1.065671187e+000 1.736794179e+000 
1.041166202e+000 1.691101258e+000 
1.044698928e+000 1.699527644e+000 
1.041380356e+000 1.691250214e+000 
1.048132046e+000 1.706498827e+000 
1.210157667e+000 1.877422881e+000 
1.043108583e+000 1.695768808e+000 
1.052478218e+000 1.714495611e+000 
1.202452599e+000 1.872956634e+000 
1.042340063e+000 1.693864658e+000 
1.150892935e+000 1.837161594e+000 
1.179497414e+000 1.857044552e+000 
1.146207275e+000 1.833144025e+000 
1.106931612e+000 1.794894154e+000 
1.149522740e+000 1.835714028e+000 
1.142905217e+000 1.830357148e+000 
1.145507780e+000 1.832589447e+000 
1.119849105e+000 1.808762415e+000 
1.048817352e+000 1.707507863e+000 
1.063143227e+000 1.732999367e+000 
1.065360241e+000 1.736052600e+000 
1.110602143e+000 1.798981053e+000 
1.127270424e+000 1.816371545e+000 
1.109976930e+000 1.797873867e+000 
1.086996851e+000 1.770129907e+000 
1.144598357e+000 1.831770849e+000 
1.040799204e+000 1.689352648e+000 
1.067822904e+000 1.739983763e+000 
1.148905239e+000 1.835149679e+000 
1.049291139e+000 1.708533929e+000 
1.112998291e+000 1.801386540e+000 
1.066986009e+000 1.738679604e+000 
1.078977251e+000 1.757368945e+000 
1.123223789e+000 1.812157322e+000 
1.055878889e+000 1.720819024e+000 
1.059856334e+000 1.727468571e+000 
1.053460800e+000 1.716587477e+000 
1.123335042e+000 1.812552449e+000 
1.161071417e+000 1.844879933e+000 
1.107887180e+000 1.795357521e+000 
1.162086705e+000 1.846149251e+000 
1.162520125e+000 1.847303272e+000 
1.083355423e+000 1.764731252e+000 
1.166922662e+000 1.851492198e+000 
1.066874705e+000 1.738517368e+000 
1.151910481e+000 1.837970881e+000 
1.136931914e+000 1.824817032e+000 
1.134640498e+000 1.823126895e+000 
1.051903336e+000 1.713877636e+000 
1.086613611e+000 1.769440769e+000 
1.087373996e+000 1.770715763e+000 
1.056272420e+000 1.721591555e+000 
1.057820916e+000 1.724262239e+000 
1.124224509e+000 1.813665270e+000 
1.077289270e+000 1.755406924e+000 
1.115411687e+000 1.804444439e+000 
1.131765891e+000 1.820632589e+000 
1.253636814e+000 1.897684104e+000 
1.254680630e+000 1.900087003e+000 
1.057999223e+000 1.724697357e+000 
1.152131993e+000 1.838091722e+000 
1.068123260e+000 1.740147938e+000 
1.082325882e+000 1.763277396e+000 
1.170479456e+000 1.852502458e+000 
1.228696846e+000 1.887895422e+000 
1.054432090e+000 1.718353082e+000 
1.136295423e+000 1.824569251e+000 
1.080937119e+000 1.760872936e+000 
1.051487151e+000 1.712927337e+000 
1.157276312e+000 1.843471831e+000 
1.164985576e+000 1.849689586e+000 
1.078636036e+000 1.757155349e+000 
1.159173059e+000 1.844427504e+000 
1.174233672e+000 1.854551831e+000 
1.219294243e+000 1.882216933e+000 
1.204749311e+000 1.875101354e+000 
1.050581887e+000 1.710990836e+000 
1.121582403e+000 1.810525899e+000 
1.155229634e+000 1.840597187e+000 
1.085908888e+000 1.768641404e+000 
1.128037823e+000 1.816693683e+000 
1.123124258e+000 1.811795283e+000 
1.113286466e+000 1.801905310e+000 
1.083764490e+000 1.765683963e+000 
1.105014244e+000 1.793013903e+000 
1.129998449e+000 1.818691292e+000 
1.123956719e+000 1.812867502e+000 
1.122442197e+000 1.811285645e+000 
1.120736908e+000 1.809252601e+000 
1.204210058e+000 1.874224252e+000 
1.127588248e+000 1.816591221e+000 
1.226146088e+000 1.886851053e+000 
1.101197569e+000 1.788911668e+000 
1.066711283e+000 1.738426512e+000 
1.103475081e+000 1.791038815e+000 
1.074497942e+000 1.750820603e+000 
1.218234072e+000 1.881326324e+000 
1.081344133e+000 1.761377730e+000 
1.079917119e+000 1.759313509e+000 
1.095003689e+000 1.780777543e+000 
1.140410420e+000 1.827659397e+000 
1.230864668e+000 1.888015454e+000 
1.079330391e+000 1.758414394e+000 
1.205671739e+000 1.875584875e+000 
1.194738742e+000 1.868919220e+000 
1.103250151e+000 1.790854517e+000 
1.095243452e+000 1.780840155e+000 
1.105782652e+000 1.793802967e+000 
1.207642482e+000 1.876937964e+000 
1.095401946e+000 1.780850364e+000 
1.219495203e+000 1.882771212e+000 
1.111849332e+000 1.800295354e+000 
1.118759358e+000 1.807562529e+000 
1.117759109e+000 1.806370599e+000 
1.096418507e+000 1.782573657e+000 
1.097186916e+000 1.783362721e+000 
1.097635462e+000 1.783713787e+000 
1.094953400e+000 1.780499299e+000 
1.220862959e+000 1.883677125e+000 
1.199578022e+000 1.872047137e+000 
1.237728971e+000 1.890497634e+000 
1.246945967e+000 1.896236689e+000 
1.195415664e+000 1.869028210e+000 
1.189089224e+000 1.864476691e+000 
1.184864504e+000 1.861573615e+000 
1.222594257e+000 1.884631484e+000 
1.181919270e+000 1.859721046e+000 
1.251293975e+000 1.896897132e+000 
1.212301260e+000 1.878481487e+000 
1.182756802e+000 1.860637352e+000 
1.238638460e+000 1.890856033e+000 
1.228810951e+000 1.887915782e+000 
1.191209768e+000 1.866303450e+000 
1.184363836e+000 1.861229180e+000 
1.180544451e+000 1.858541837e+000 
1.241326808e+000 1.893303865e+000 
1.243066806e+000 1.893745037e+000 
1.180173787e+000 1.858125714e+000 
1.244789676e+000 1.894642223e+000 
1.240347102e+000 1.891994161e+000 
1.176299515e+000 1.855454442e+000 
1.233375005e+000 1.889115083e+000 
1.231359838e+000 1.888980739e+000 
1.239485505e+000 1.891592917e+000 
1.015520481e+000 1.087126783e+000 
1.015806660e+000 1.088177235e+000 
1.016018430e+000 1.088785731e+000 
1.015377801e+000 1.086518718e+000 
1.016445340e+000 1.089012040e+000 
1.003123729e+000 1.006728177e+000 
1.002844417e+000 1.006640725e+000 
1.003596724e+000 1.006833371e+000 
1.002594631e+000 1.006618937e+000 
1.003845201e+000 1.006850412e+000 
1.002495989e+000 1.006515395e+000 
1.003377600e+000 1.006747142e+000 
1.004029230e+000 1.006937546e+000 
1.003694229e+000 1.006834113e+000 
1.003518431e+000 1.006830860e+000 
1.002939700e+000 1.006641043e+000 
1.003749918e+000 1.006850092e+000 
1.003726873e+000 1.006834369e+000 
1.002695272e+000 1.006621489e+000 
1.003933948e+000 1.006937226e+000 
1.003530913e+000 1.006831810e+000 
1.003485786e+000 1.006830603e+000 
1.003564080e+000 1.006833114e+000 
1.003659363e+000 1.006833432e+000 
1.003855654e+000 1.006934716e+000 
1.003452619e+000 1.006829300e+000 
1.001392292e+000 1.001936207e+000 
1.001782826e+000 1.001983553e+000 
1.001089288e+000 1.001839728e+000 
1.001142156e+000 1.001840014e+000 
1.001240433e+000 1.001876987e+000 
1.001802230e+000 1.001985792e+000 
1.001042775e+000 1.001803539e+000 
1.001327955e+000 1.001877384e+000 
1.001533546e+000 1.001947480e+000 
1.001193920e+000 1.001840798e+000 
1.001012187e+000 1.001765577e+000 
1.001694915e+000 1.001952662e+000 
1.001642047e+000 1.001952373e+000 
1.001373363e+000 1.001914062e+000 
1.012005568e+000 1.059439115e+000 
1.009830669e+000 1.055992162e+000 
1.014032350e+000 1.061438559e+000 
1.011109591e+000 1.058456336e+000 
1.014869831e+000 1.062321726e+000 
1.012870741e+000 1.060419447e+000 
1.012341306e+000 1.059629856e+000 
1.015206667e+000 1.062419987e+000 
1.014399618e+000 1.062244858e+000 
1.013606983e+000 1.061340506e+000 
1.015171325e+000 1.062342911e+000 
1.013126119e+000 1.060534207e+000 
1.012635707e+000 1.060265040e+000 
1.010446400e+000 1.056995227e+000 
1.011515347e+000 1.058725504e+000 
1.010775977e+000 1.057745171e+000 
1.010015544e+000 1.056762392e+000 
1.009716652e+000 1.055838360e+000 
1.010580156e+000 1.057666744e+000 
1.010136562e+000 1.056762998e+000 
1.010250578e+000 1.056916800e+000 
1.017350858e+000 1.155577051e+000 
1.016519467e+000 1.153044141e+000 
1.018670402e+000 1.158400287e+000 
1.016708316e+000 1.153332965e+000 
1.016925855e+000 1.155062167e+000 
1.017504779e+000 1.156281209e+000 
1.021269988e+000 1.170042499e+000 
1.020903596e+000 1.169911217e+000 
1.020123592e+000 1.167533331e+000 
1.020712757e+000 1.169449762e+000 
1.020314430e+000 1.167994786e+000 
1.026639843e+000 1.361912838e+000 
1.027868305e+000 1.365198197e+000 
1.027379048e+000 1.364381152e+000 
1.027707545e+000 1.365046268e+000 
1.029363119e+000 1.367378794e+000 
1.031697370e+000 1.371706261e+000 
1.023360386e+000 1.355104984e+000 
1.035389389e+000 1.377677545e+000 
1.026341747e+000 1.361033893e+000 
1.022445987e+000 1.352515115e+000 
1.023024000e+000 1.354929162e+000 
1.023369398e+000 1.355459798e+000 
1.024827442e+000 1.358556493e+000 
1.024485205e+000 1.357857746e+000 
1.028928609e+000 1.366685275e+000 
1.025533856e+000 1.359964207e+000 
1.032267513e+000 1.372681547e+000 
1.034007638e+000 1.375274189e+000 
1.031304955e+000 1.370886456e+000 
1.033149889e+000 1.373928660e+000 
1.031657137e+000 1.371631000e+000 
1.033346412e+000 1.374188753e+000 
1.036779124e+000 1.379685097e+000 
1.004197445e+000 1.013266677e+000 
1.006826317e+000 1.014413806e+000 
1.006561755e+000 1.014221825e+000 
1.008685032e+000 1.014730965e+000 
1.009163967e+000 1.014881166e+000 
1.004031664e+000 1.013234689e+000 
1.009180114e+000 1.014889095e+000 
1.006028005e+000 1.014180484e+000 
1.005382728e+000 1.013916403e+000 
1.005877129e+000 1.014122188e+000 
1.007845867e+000 1.014644148e+000 
1.007441013e+000 1.014477512e+000 
1.004122481e+000 1.013242560e+000 
1.004286734e+000 1.013274547e+000 
1.004629535e+000 1.013479670e+000 
1.005521984e+000 1.013943466e+000 
1.004982524e+000 1.013667243e+000 
1.004691752e+000 1.013506630e+000 
1.000090346e+000 1.000005233e+000 
9.999999994e-001 1.000004997e+000 
1.000810751e+000 1.000005922e+000 
1.000227147e+000 1.000005321e+000 
1.000481860e+000 1.000005638e+000 
1.000130746e+000 1.000005279e+000 
1.002167029e+000 1.003015705e+000 
1.001907246e+000 1.002818697e+000 
1.001967898e+000 1.002924011e+000 
1.002143009e+000 1.002933913e+000 
1.002071266e+000 1.002933848e+000 
1.002483438e+000 1.003128222e+000 
1.002230272e+000 1.003025542e+000 
1.001914462e+000 1.002912342e+000 
1.002450549e+000 1.003122015e+000 
1.001853811e+000 1.002807029e+000 
1.000446471e+000 1.000005345e+000 
1.273924703e+000 1.910603179e+000 
1.439869803e+000 1.978200925e+000 
1.435220448e+000 1.977347404e+000 
1.395936098e+000 1.966230093e+000 
1.274295712e+000 1.911332185e+000 
1.269750652e+000 1.907993332e+000 
1.419919297e+000 1.973911048e+000 
1.290206658e+000 1.921891391e+000 
1.504097772e+000 1.989433959e+000 
1.272106606e+000 1.909906672e+000 
1.421038451e+000 1.974200882e+000 
1.283517617e+000 1.916976861e+000 
1.314935885e+000 1.935723854e+000 
1.417023350e+000 1.973639655e+000 
1.453746845e+000 1.981189005e+000 
1.272366718e+000 1.910363983e+000 
1.319874829e+000 1.937972445e+000 
1.763110286e+000 1.999814863e+000 
1.297432932e+000 1.925929806e+000 
1.417002240e+000 1.973543231e+000 
1.415921350e+000 1.973422821e+000 
1.403362648e+000 1.969203869e+000 
1.769902185e+000 1.999818581e+000 
1.774365577e+000 1.999927800e+000 
1.291112149e+000 1.923224684e+000 
1.415650040e+000 1.973174700e+000 
1.295126597e+000 1.924857034e+000 
1.287951273e+000 1.921159911e+000 
1.392891787e+000 1.966052883e+000 
1.390945506e+000 1.965339953e+000 
1.285876178e+000 1.919137279e+000 
1.409132449e+000 1.971277576e+000 
1.389914530e+000 1.964971955e+000 
1.283682194e+000 1.917893905e+000 
1.269336314e+000 1.906830727e+000 
1.390838103e+000 1.965013380e+000 
1.411523679e+000 1.971880528e+000 
1.304227068e+000 1.929963787e+000 
1.449499513e+000 1.980114463e+000 
1.436696865e+000 1.977566587e+000 
1.437884916e+000 1.977850152e+000 
1.300014126e+000 1.928631872e+000 
1.299153001e+000 1.928221292e+000 
1.455309879e+000 1.981702414e+000 
1.599990370e+000 1.997282924e+000 
1.290146211e+000 1.921848046e+000 
1.434533387e+000 1.976767115e+000 
1.755915572e+000 1.999651207e+000 
1.626907381e+000 1.998392618e+000 
1.541287328e+000 1.993273101e+000 
1.756669588e+000 1.999709123e+000 
1.262571271e+000 1.903101399e+000 
1.757860288e+000 1.999784617e+000 
1.261095320e+000 1.901586889e+000 
1.262094029e+000 1.902697525e+000 
1.451828264e+000 1.980949538e+000 
1.270947670e+000 1.908392441e+000 
1.268397131e+000 1.906357225e+000 
1.297836389e+000 1.926986772e+000 
1.298094032e+000 1.927293962e+000 
1.607814351e+000 1.998001505e+000 
1.264621724e+000 1.904343401e+000 
1.691476213e+000 1.999335909e+000 
1.734731268e+000 1.999636615e+000 
1.264745727e+000 1.904898017e+000 
1.358063727e+000 1.954965574e+000 
1.279535283e+000 1.914382250e+000 
1.358436145e+000 1.955558097e+000 
1.371539207e+000 1.960288472e+000 
1.375508573e+000 1.961207394e+000 
1.375535526e+000 1.961372382e+000 
1.297532721e+000 1.926594418e+000 
1.303540947e+000 1.929806290e+000 
1.719635111e+000 1.999556497e+000 
1.720065808e+000 1.999568641e+000 
1.379103296e+000 1.962483971e+000 
1.375153685e+000 1.960949195e+000 
1.374057733e+000 1.960375312e+000 
1.263894617e+000 1.903439321e+000 
1.296804982e+000 1.925484301e+000 
1.730105577e+000 1.999607545e+000 
1.374209976e+000 1.960819490e+000 
1.266517451e+000 1.905460384e+000 
1.269643344e+000 1.907171099e+000 
1.691468922e+000 1.999243909e+000 
1.727486745e+000 1.999601368e+000 
1.377742880e+000 1.961798798e+000 
1.371052446e+000 1.959844806e+000 
1.260787247e+000 1.900631624e+000 
1.274422295e+000 1.911420303e+000 
1.627157846e+000 1.998411555e+000 
1.346219575e+000 1.950683226e+000 
1.369235562e+000 1.959442525e+000 
1.343422462e+000 1.949647213e+000 
1.278455175e+000 1.913625101e+000 
1.407897212e+000 1.970791542e+000 
1.347654177e+000 1.951009944e+000 
1.348375458e+000 1.951305962e+000 
1.408513275e+000 1.971037679e+000 
1.353604369e+000 1.954312460e+000 
1.633059687e+000 1.998684480e+000 
1.295492972e+000 1.925443880e+000 
1.352358613e+000 1.953539274e+000 
1.726077037e+000 1.999594226e+000 
1.356435288e+000 1.954951915e+000 
1.719582879e+000 1.999502242e+000 
1.410831358e+000 1.971842968e+000 
1.406839592e+000 1.970658078e+000 
1.350779095e+000 1.952367786e+000 
1.348789717e+000 1.952367117e+000 
1.773931712e+000 1.999904325e+000 
1.282254935e+000 1.916860845e+000 
1.690106140e+000 1.999243159e+000 
1.285333954e+000 1.919008721e+000 
1.343108218e+000 1.948784846e+000 
1.304270340e+000 1.930539278e+000 
1.280892661e+000 1.914980440e+000 
1.621601731e+000 1.998315743e+000 
1.289417279e+000 1.921277558e+000 
1.777940516e+000 1.999976832e+000 
1.312634320e+000 1.935008236e+000 
1.338828250e+000 1.947100928e+000 
1.304427099e+000 1.931120680e+000 
1.312641658e+000 1.935451016e+000 
1.340326863e+000 1.947239807e+000 
1.315538758e+000 1.936710611e+000 
1.341205364e+000 1.947420068e+000 
1.387922761e+000 1.964659664e+000 
1.336324360e+000 1.946733489e+000 
1.335026831e+000 1.946584664e+000 
1.345794955e+000 1.949852786e+000 
1.302571934e+000 1.929579454e+000 
1.304625417e+000 1.931406792e+000 
1.314497877e+000 1.935482289e+000 
1.332237027e+000 1.944660767e+000 
1.278661154e+000 1.913730957e+000 
1.284392816e+000 1.917983884e+000 
1.386563778e+000 1.964592598e+000 
1.716348269e+000 1.999491292e+000 
1.316888799e+000 1.937298302e+000 
1.382571738e+000 1.963383420e+000 
1.279921852e+000 1.914636928e+000 
1.385929935e+000 1.964580033e+000 
1.523027850e+000 1.991793382e+000 
1.308270214e+000 1.933114819e+000 
1.310632117e+000 1.934075305e+000 
1.322503212e+000 1.939543100e+000 
1.306413013e+000 1.932489783e+000 
1.307127243e+000 1.932618723e+000 
1.334271467e+000 1.945676189e+000 
1.424061742e+000 1.974737289e+000 
1.285161545e+000 1.918604469e+000 
1.281876031e+000 1.915776946e+000 
1.780796240e+000 2.000000000e+000 
1.287499406e+000 1.920007023e+000 
1.494480003e+000 1.988401552e+000 
1.327564234e+000 1.942264431e+000 
1.676315524e+000 1.998982769e+000 
1.327050588e+000 1.942080672e+000 
1.773080638e+000 1.999856877e+000 
1.424743961e+000 1.974807434e+000 
1.324505091e+000 1.941088490e+000 
1.617856654e+000 1.998214306e+000 
1.260384173e+000 1.900100819e+000 
1.328123507e+000 1.942871580e+000 
1.671887820e+000 1.998945091e+000 
1.320396953e+000 1.938568269e+000 
1.326777923e+000 1.941871122e+000 
1.426636786e+000 1.975377471e+000 
1.322935843e+000 1.939855423e+000 
1.323731338e+000 1.940642270e+000 
1.329863946e+000 1.943574157e+000 
1.318236253e+000 1.937653509e+000 
1.531451082e+000 1.992992261e+000 
1.671778261e+000 1.998886543e+000 
1.360088482e+000 1.956026125e+000 
1.431476629e+000 1.976313800e+000 
1.400526976e+000 1.968338196e+000 
1.391821156e+000 1.965849930e+000 
1.666666367e+000 1.998786205e+000 
1.366362764e+000 1.958500026e+000 
1.384176214e+000 1.963696032e+000 
1.388041278e+000 1.964860862e+000 
1.361418052e+000 1.956669779e+000 
1.575345602e+000 1.996042894e+000 
1.351583681e+000 1.953167825e+000 
1.369227528e+000 1.959256281e+000 
1.360464971e+000 1.956365201e+000 
1.511152747e+000 1.991179352e+000 
1.377634755e+000 1.961744563e+000 
1.516685308e+000 1.991499465e+000 
1.509173673e+000 1.990818066e+000 
1.525339402e+000 1.992108099e+000 
1.528371938e+000 1.992243352e+000 
1.556432575e+000 1.994659874e+000 
1.541982612e+000 1.993775039e+000 
1.532628485e+000 1.993056236e+000 
1.535244298e+000 1.993079512e+000 
1.556877187e+000 1.994660778e+000 
1.504545624e+000 1.990205735e+000 
1.614069544e+000 1.998086993e+000 
1.546649779e+000 1.994065177e+000 
1.611461031e+000 1.998055515e+000 
1.569690717e+000 1.995686673e+000 
1.557671747e+000 1.994737660e+000 
1.608204883e+000 1.998025426e+000 
1.531305901e+000 1.992382609e+000 
1.577451053e+000 1.996474137e+000 
1.517308414e+000 1.991644003e+000 
1.688883755e+000 1.999201128e+000 
1.587080006e+000 1.996597503e+000 
1.572505423e+000 1.995911105e+000 
1.600883724e+000 1.997514688e+000 
1.591908421e+000 1.997039939e+000 
1.538384913e+000 1.993224775e+000 
1.586498042e+000 1.996597257e+000 
1.582633946e+000 1.996596956e+000 
1.582582415e+000 1.996517281e+000 
1.518682572e+000 1.991651741e+000 
1.588808792e+000 1.997025356e+000 
1.568499853e+000 1.995458733e+000 
1.710993883e+000 1.999445486e+000 
1.596980850e+000 1.997174983e+000 
1.604540790e+000 1.997746250e+000 
1.682975861e+000 1.999075286e+000 
1.668136923e+000 1.998841568e+000 
1.677062696e+000 1.999019421e+000 
1.756255912e+000 1.999660324e+000 
1.403707423e+000 1.969336528e+000 
1.604276426e+000 1.997515220e+000 
1.400823075e+000 1.968564668e+000 
1.400846147e+000 1.968675405e+000 
1.710091972e+000 1.999336425e+000 
1.552499127e+000 1.994523399e+000 
1.443833693e+000 1.979445445e+000 
1.437732223e+000 1.977751373e+000 
1.449541744e+000 1.980479107e+000 
1.450333495e+000 1.980661591e+000 
1.442453765e+000 1.978958965e+000 
1.437694395e+000 1.977750445e+000 
1.752819678e+000 1.999639730e+000 
1.559070400e+000 1.994772008e+000 
1.474356713e+000 1.985530864e+000 
1.472174714e+000 1.985246289e+000 
1.465421775e+000 1.984589003e+000 
1.468913068e+000 1.985045332e+000 
1.477122590e+000 1.986577426e+000 
1.472810077e+000 1.985258071e+000 
1.483449397e+000 1.987396090e+000 
1.488875100e+000 1.988128578e+000 
1.452949215e+000 1.980957366e+000 
1.455499050e+000 1.982055037e+000 
1.457270661e+000 1.982736390e+000 
1.499987031e+000 1.989218699e+000 
1.489665587e+000 1.988318389e+000 
1.462678860e+000 1.983781932e+000 
1.561393110e+000 1.995344480e+000 
1.453791676e+000 1.981577908e+000 
1.496489309e+000 1.989178867e+000 
1.457186124e+000 1.982656185e+000 
1.479943434e+000 1.986775357e+000 
1.458535619e+000 1.982782801e+000 
1.460306202e+000 1.983037221e+000 
1.483217896e+000 1.987079270e+000 
1.491670584e+000 1.988394601e+000 
1.494771996e+000 1.989020143e+000 
1.497945464e+000 1.989192866e+000 

