1.051579234e+000 1.893183983e+000 
1.183430837e+000 1.960985687e+000 
1.085741845e+000 1.914780620e+000 
1.103412315e+000 1.922228634e+000 
1.097978257e+000 1.920663002e+000 
1.287994838e+000 1.984608014e+000 
1.265543342e+000 1.981202487e+000 
1.163835244e+000 1.955710221e+000 
1.122893066e+000 1.934400750e+000 
1.153158979e+000 1.949774424e+000 
1.273491407e+000 1.981983747e+000 
1.036234305e+000 1.881175280e+000 
1.126796521e+000 1.938244921e+000 
1.043007114e+000 1.883054013e+000 
1.197584913e+000 1.965574043e+000 
1.229023223e+000 1.974270870e+000 
1.081146583e+000 1.911854075e+000 
1.065447727e+000 1.899948519e+000 
1.072555225e+000 1.903689306e+000 
1.257736586e+000 1.979914165e+000 
1.087971860e+000 1.915539996e+000 
1.054956461e+000 1.896751436e+000 
1.220594231e+000 1.972982548e+000 
1.198764971e+000 1.966750077e+000 
1.116120257e+000 1.932816677e+000 
1.074115373e+000 1.904750244e+000 
1.170866454e+000 1.956793462e+000 
1.200557626e+000 1.967725198e+000 
1.069351182e+000 1.903120274e+000 
1.114161982e+000 1.931098665e+000 
1.130993656e+000 1.938436911e+000 
1.133827731e+000 1.939070996e+000 
1.215061058e+000 1.969957550e+000 
1.147315975e+000 1.945512526e+000 
1.138571753e+000 1.940741017e+000 
1.139983141e+000 1.944118740e+000 
1.196806696e+000 1.964433286e+000 
1.030078895e+000 1.877185537e+000 
1.208029847e+000 1.968874308e+000 
1.086580641e+000 1.915061555e+000 
1.058160504e+000 1.897247877e+000 
1.047860777e+000 1.890946678e+000 
1.178814519e+000 1.959894871e+000 
1.013962672e+000 1.860755941e+000 
1.135218950e+000 1.940550254e+000 
1.076016738e+000 1.909329063e+000 
1.091822847e+000 1.917094581e+000 
1.151200704e+000 1.947900255e+000 
1.115573370e+000 1.932042782e+000 
1.156363023e+000 1.951949066e+000 
1.265083778e+000 1.980046893e+000 
1.136779098e+000 1.940610802e+000 
1.251121612e+000 1.978758571e+000 
1.154404747e+000 1.949816691e+000 
1.077428126e+000 1.910167152e+000 
1.093101705e+000 1.918639990e+000 
1.110443525e+000 1.929346898e+000 
1.084787986e+000 1.914236577e+000 
1.101619660e+000 1.921195832e+000 
1.147455362e+000 1.946041681e+000 
1.053565242e+000 1.894362357e+000 
1.176399627e+000 1.959818461e+000 
1.082537802e+000 1.913193342e+000 
1.195626637e+000 1.963257251e+000 
1.061037463e+000 1.898995362e+000 
1.107239482e+000 1.927479660e+000 
1.078819346e+000 1.910467718e+000 
1.030770702e+000 1.877388271e+000 
1.020658841e+000 1.868744439e+000 
1.050737736e+000 1.892096128e+000 
1.043265515e+000 1.888777516e+000 
1.152612092e+000 1.948840358e+000 
1.064241506e+000 1.899477998e+000 
1.112369327e+000 1.930535019e+000 
1.023171077e+000 1.870452264e+000 
1.123045591e+000 1.936243504e+000 
1.016139867e+000 1.862299798e+000 
1.080996892e+000 1.910469870e+000 
1.065632725e+000 1.902021992e+000 
1.034674157e+000 1.880496705e+000 
1.116964589e+000 1.933078991e+000 
1.074224083e+000 1.908651736e+000 
1.103777969e+000 1.924253379e+000 
1.108650870e+000 1.928314096e+000 
1.027566659e+000 1.877019792e+000 
1.095464250e+000 1.919950882e+000 
1.044656734e+000 1.889351638e+000 
1.000000000e+000 1.854346744e+000 
1.089383248e+000 1.916768918e+000 
1.023997893e+000 1.875642937e+000 
1.017090075e+000 1.868243139e+000 
1.040829567e+000 1.882995508e+000 
1.007472221e+000 1.858544361e+000 
1.031470114e+000 1.879843537e+000 
1.013627631e+000 1.859981360e+000 
1.010058865e+000 1.859849499e+000 
1.003903455e+000 1.857006188e+000 
1.038242923e+000 1.882159123e+000 
1.279828104e+000 1.983183752e+000 
1.362801381e+000 1.995134781e+000 
1.381201539e+000 1.998805835e+000 
1.350407538e+000 1.994235609e+000 
1.345445902e+000 1.993563459e+000 
1.244304122e+000 1.975547207e+000 
1.339067078e+000 1.993068383e+000 
1.302095437e+000 1.987304454e+000 
1.319515310e+000 1.990993639e+000 
1.293036190e+000 1.985229248e+000 
1.295921721e+000 1.986405282e+000 
1.280294941e+000 1.983431980e+000 
1.318225721e+000 1.988258521e+000 
1.273263731e+000 1.981903228e+000 
1.327215207e+000 1.992169673e+000 
1.274622937e+000 1.983163312e+000 
1.387886610e+000 2.000000000e+000 
1.257843445e+000 1.980026452e+000 
1.186147352e+000 1.961288657e+000 
1.285963397e+000 1.984557098e+000 
1.250036689e+000 1.978738131e+000 
1.238216683e+000 1.974429713e+000 
1.196173524e+000 1.963729996e+000 
1.219414172e+000 1.971806514e+000 
1.282322834e+000 1.984339347e+000 
1.197353583e+000 1.964906030e+000 
1.326214745e+000 1.991539631e+000 
1.287048320e+000 1.984577538e+000 
1.245247894e+000 1.975596939e+000 
1.241587607e+000 1.975438096e+000 
1.154951634e+000 1.950100333e+000 
1.146833126e+000 1.945373076e+000 
1.139360905e+000 1.941992451e+000 
1.227625441e+000 1.974149774e+000 
1.193967824e+000 1.961953912e+000 
1.237875553e+000 1.974313750e+000 
1.293663294e+000 1.985733133e+000 

