1.049679295e+000 1.427884778e+000 
1.041246967e+000 1.419285728e+000 
1.042899781e+000 1.420860096e+000 
1.038107852e+000 1.415112835e+000 
1.038443799e+000 1.415849925e+000 
1.039642133e+000 1.417531655e+000 
1.042129844e+000 1.419992457e+000 
1.045561616e+000 1.423886126e+000 
1.047407510e+000 1.425656995e+000 
1.036003589e+000 1.411611803e+000 
1.039536295e+000 1.417307602e+000 
1.045295458e+000 1.423246233e+000 
1.041706837e+000 1.419694454e+000 
1.043882738e+000 1.421992562e+000 
1.043313058e+000 1.421361471e+000 
1.044296014e+000 1.422493937e+000 
1.036206867e+000 1.412113178e+000 
1.037664665e+000 1.414110639e+000 
1.037694576e+000 1.414611460e+000 
1.048440121e+000 1.426544806e+000 
1.055939687e+000 1.433923620e+000 
1.055892918e+000 1.433906600e+000 
1.054682459e+000 1.432715300e+000 
1.051343233e+000 1.429203606e+000 
1.050317004e+000 1.428362509e+000 
1.055015034e+000 1.433278575e+000 
1.051701399e+000 1.429652088e+000 
1.049235138e+000 1.427224127e+000 
1.052759554e+000 1.430587162e+000 
1.053144977e+000 1.431133436e+000 
1.032814206e+000 1.213608322e+000 
1.034162501e+000 1.214866103e+000 
1.035372675e+000 1.216736188e+000 
1.009334097e+000 1.025007421e+000 
1.011306316e+000 1.026987408e+000 
1.013347972e+000 1.028316383e+000 
1.019637245e+000 1.031649734e+000 
1.010937438e+000 1.026548716e+000 
1.016181080e+000 1.030078142e+000 
1.031581635e+000 1.035961183e+000 
1.009791421e+000 1.025542734e+000 
1.010316826e+000 1.026055549e+000 
1.026463370e+000 1.034337736e+000 
1.014278236e+000 1.028914264e+000 
1.027681026e+000 1.034725195e+000 
1.020051150e+000 1.031859124e+000 
1.016301716e+000 1.030166026e+000 
1.032420489e+000 1.036174519e+000 
1.016488835e+000 1.030261145e+000 
1.015312275e+000 1.029587488e+000 
1.009372227e+000 1.025063154e+000 
1.012909162e+000 1.027997155e+000 
1.028259900e+000 1.034931355e+000 
1.029972527e+000 1.035533409e+000 
1.028019423e+000 1.034885364e+000 
1.010625300e+000 1.026405159e+000 
1.023454649e+000 1.033262645e+000 
1.021595886e+000 1.032439711e+000 
1.018170120e+000 1.031057570e+000 
1.013462535e+000 1.028349718e+000 
1.017642472e+000 1.030859272e+000 
1.026771640e+000 1.034414429e+000 
1.028724744e+000 1.035062475e+000 
1.021311153e+000 1.032370282e+000 
1.014034493e+000 1.028714032e+000 
1.010160723e+000 1.025950034e+000 
1.023152195e+000 1.033126442e+000 
1.022874608e+000 1.032945836e+000 
1.021351365e+000 1.032420522e+000 
1.022242808e+000 1.032779022e+000 
1.021289421e+000 1.032359006e+000 
1.009756935e+000 1.025516860e+000 
1.015502468e+000 1.029664840e+000 
1.016622585e+000 1.030351687e+000 
1.012098973e+000 1.027493922e+000 
1.010841739e+000 1.026532284e+000 
1.009125871e+000 1.024521672e+000 
1.012529856e+000 1.027834543e+000 
1.011373247e+000 1.026993381e+000 
1.011407733e+000 1.027019255e+000 
1.028538207e+000 1.035003259e+000 
1.016126511e+000 1.030055291e+000 
1.012817083e+000 1.027949230e+000 
1.016072143e+000 1.030040069e+000 
1.030232548e+000 1.035559000e+000 
1.001311313e+000 1.003128999e+000 
1.001472318e+000 1.003237608e+000 
1.001458760e+000 1.003235514e+000 
1.001540009e+000 1.003253207e+000 
1.001598666e+000 1.003259848e+000 
1.001957984e+000 1.003374596e+000 
1.001159527e+000 1.002984572e+000 
1.001152235e+000 1.002931879e+000 
1.001421442e+000 1.003227959e+000 
1.001767014e+000 1.003317335e+000 
1.002874319e+000 1.003516091e+000 
1.003095597e+000 1.003528695e+000 
1.001180002e+000 1.002984575e+000 
1.002564574e+000 1.003471772e+000 
1.001147147e+000 1.002871627e+000 
1.001735898e+000 1.003310975e+000 
1.001833655e+000 1.003357483e+000 
1.001210379e+000 1.003073716e+000 
1.002122114e+000 1.003416964e+000 
1.002823442e+000 1.003506349e+000 
1.002195567e+000 1.003424517e+000 
1.001569049e+000 1.003254002e+000 
1.001693562e+000 1.003309867e+000 
1.001884531e+000 1.003367041e+000 
1.001642686e+000 1.003300131e+000 
1.001809350e+000 1.003318435e+000 
1.001367668e+000 1.003182496e+000 
1.002505312e+000 1.003468833e+000 
1.003036335e+000 1.003525667e+000 
1.002071238e+000 1.003407405e+000 
1.001257539e+000 1.003083535e+000 
1.001685021e+000 1.003301326e+000 
1.002726590e+000 1.003481346e+000 
1.001671725e+000 1.003301113e+000 
1.000628296e+000 1.000385353e+000 
1.000547294e+000 1.000384465e+000 
1.000118469e+000 1.000346755e+000 
1.000483835e+000 1.000377986e+000 
1.000893959e+000 1.000399092e+000 
1.000756837e+000 1.000392463e+000 
1.000410173e+000 1.000377836e+000 
1.000569830e+000 1.000385227e+000 
1.000748993e+000 1.000391872e+000 
1.000441794e+000 1.000377970e+000 
1.000307952e+000 1.000365920e+000 
1.000681821e+000 1.000390218e+000 
1.000349993e+000 1.000365935e+000 
1.000019739e+000 1.000340238e+000 
1.000092372e+000 1.000346419e+000 
1.000263041e+000 1.000359683e+000 
1.000611871e+000 1.000385243e+000 
1.000302195e+000 1.000365856e+000 
1.000936000e+000 1.000399108e+000 
1.000179042e+000 1.000347104e+000 
1.000202032e+000 1.000353735e+000 
1.000259786e+000 1.000359432e+000 
1.000212325e+000 1.000359092e+000 
1.000254366e+000 1.000359107e+000 
1.000076417e+000 1.000340241e+000 
1.000271822e+000 1.000365684e+000 
1.000276331e+000 1.000365785e+000 
1.000017793e+000 1.000334778e+000 
1.000138026e+000 1.000347041e+000 
1.000018448e+000 1.000339432e+000 
1.000086117e+000 1.000340770e+000 
9.999999999e-001 1.000334068e+000 
1.000197523e+000 1.000353634e+000 
1.000185439e+000 1.000347743e+000 
1.000192519e+000 1.000347845e+000 
1.000522164e+000 1.000383150e+000 
1.000388322e+000 1.000371099e+000 
1.000179075e+000 1.000347633e+000 
1.000808910e+000 1.000396754e+000 
1.000641493e+000 1.000389128e+000 
1.000784499e+000 1.000396742e+000 
1.000744796e+000 1.000390768e+000 
1.000873338e+000 1.000397878e+000 
1.000839283e+000 1.000397617e+000 
1.000667749e+000 1.000389966e+000 
1.000820701e+000 1.000396941e+000 
1.000673772e+000 1.000390079e+000 
1.000655957e+000 1.000389926e+000 
1.000370529e+000 1.000370448e+000 
1.000380796e+000 1.000370459e+000 
1.000514638e+000 1.000382509e+000 
1.000392832e+000 1.000371200e+000 
1.000526674e+000 1.000383251e+000 
1.000823452e+000 1.000397272e+000 
1.000686331e+000 1.000390642e+000 
1.065509462e+000 1.787465056e+000 
1.202203615e+000 1.886128614e+000 
1.064094019e+000 1.785954709e+000 
1.062871626e+000 1.784462282e+000 
1.061236316e+000 1.781958993e+000 
1.057430069e+000 1.775505494e+000 
1.060359637e+000 1.780601486e+000 
1.113787694e+000 1.833938243e+000 
1.144879050e+000 1.856270554e+000 
1.285130747e+000 1.915617236e+000 
1.058304370e+000 1.777133136e+000 
1.077493408e+000 1.801002558e+000 
1.144097387e+000 1.855344156e+000 
1.260061457e+000 1.906649915e+000 
1.339463322e+000 1.927344326e+000 
1.065971191e+000 1.788212809e+000 
1.063421187e+000 1.785204817e+000 
1.266749127e+000 1.910007969e+000 
1.141435796e+000 1.853789911e+000 
1.057864686e+000 1.776337845e+000 
1.144951365e+000 1.856352449e+000 
1.121840386e+000 1.839800819e+000 
1.260213733e+000 1.906659331e+000 
1.056987391e+000 1.774320345e+000 
1.086802422e+000 1.810767502e+000 
1.099702683e+000 1.822917427e+000 
1.101048461e+000 1.823765622e+000 
1.080312400e+000 1.804370259e+000 
1.114032507e+000 1.834056800e+000 
1.271677637e+000 1.912190734e+000 
1.293734236e+000 1.917923654e+000 
1.344425175e+000 1.927549062e+000 
1.113903243e+000 1.834035289e+000 
1.229959119e+000 1.897299818e+000 
1.081680721e+000 1.805667073e+000 
1.088937858e+000 1.812792367e+000 
1.056657264e+000 1.773566109e+000 
1.074290603e+000 1.797765701e+000 
1.087820299e+000 1.811787609e+000 
1.142574347e+000 1.854198716e+000 
1.083514821e+000 1.807748036e+000 
1.091302465e+000 1.815069927e+000 
1.112733502e+000 1.832907889e+000 
1.068380178e+000 1.790742117e+000 
1.112167617e+000 1.832259788e+000 
1.124576326e+000 1.842437038e+000 
1.174604655e+000 1.872579621e+000 
1.231672279e+000 1.897491177e+000 
1.056131174e+000 1.771717085e+000 
1.335646864e+000 1.926239904e+000 
1.062155261e+000 1.783151325e+000 
1.108102048e+000 1.829458575e+000 
1.174431050e+000 1.872506320e+000 
1.071235564e+000 1.793933987e+000 
1.260500582e+000 1.906932892e+000 
1.087263125e+000 1.811381927e+000 
1.167916859e+000 1.868915176e+000 
1.083146940e+000 1.807217321e+000 
1.108337860e+000 1.829880416e+000 
1.190242293e+000 1.881286528e+000 
1.260756300e+000 1.908156104e+000 
1.066576354e+000 1.788720753e+000 
1.142629519e+000 1.854665168e+000 
1.200230629e+000 1.886120292e+000 
1.084504176e+000 1.808803550e+000 
1.104655020e+000 1.826813029e+000 
1.071412271e+000 1.794436994e+000 
1.309390271e+000 1.921368259e+000 
1.069336861e+000 1.792086611e+000 
1.070105197e+000 1.792952659e+000 
1.295152851e+000 1.918804118e+000 
1.064967135e+000 1.786843207e+000 
1.289862527e+000 1.917436810e+000 
1.191030266e+000 1.881908103e+000 
1.080941335e+000 1.804791553e+000 
1.204052854e+000 1.887909876e+000 
1.334786617e+000 1.925720018e+000 
1.085338381e+000 1.809514287e+000 
1.089346968e+000 1.813348178e+000 
1.085855394e+000 1.810059785e+000 
1.083939330e+000 1.808236714e+000 
1.211137751e+000 1.890053026e+000 
1.112972812e+000 1.833236090e+000 
1.225347068e+000 1.895202217e+000 
1.086965830e+000 1.811026403e+000 
1.102572098e+000 1.824945844e+000 
1.151009569e+000 1.859952569e+000 
1.228867157e+000 1.896871753e+000 
1.346986067e+000 1.928145727e+000 
1.199915940e+000 1.885719721e+000 
1.145455591e+000 1.856614288e+000 
1.346989456e+000 1.928294758e+000 
1.290799242e+000 1.917911045e+000 
1.112575737e+000 1.832840310e+000 
1.134189480e+000 1.849611068e+000 
1.318565729e+000 1.922039043e+000 
1.350448371e+000 1.929061623e+000 
1.076602805e+000 1.800318530e+000 
1.074200699e+000 1.797670544e+000 
1.081828865e+000 1.805764285e+000 
1.115033083e+000 1.834939895e+000 
1.203106241e+000 1.887214028e+000 
1.096535656e+000 1.819611872e+000 
1.110951764e+000 1.831960506e+000 
1.155947634e+000 1.862934400e+000 
1.175000626e+000 1.873071904e+000 
1.143121251e+000 1.854825571e+000 
1.088004548e+000 1.811912744e+000 
1.059730184e+000 1.779658215e+000 
1.084955056e+000 1.808927478e+000 
1.095971826e+000 1.819474963e+000 
1.332452207e+000 1.925406012e+000 
1.102956407e+000 1.825269608e+000 
1.065044203e+000 1.786911329e+000 
1.226728909e+000 1.895913730e+000 
1.075919897e+000 1.799638427e+000 
1.094632869e+000 1.818172533e+000 
1.069247205e+000 1.792030094e+000 
1.157732540e+000 1.863652170e+000 
1.090514351e+000 1.814351974e+000 
1.104016749e+000 1.826393140e+000 
1.164437398e+000 1.868013481e+000 
1.115838343e+000 1.835705026e+000 
1.168300561e+000 1.869398127e+000 
1.075410296e+000 1.799115259e+000 
1.145887891e+000 1.857001794e+000 
1.114832058e+000 1.834895743e+000 
1.114128039e+000 1.834367402e+000 
1.336815704e+000 1.926455836e+000 
1.094128942e+000 1.817566446e+000 
1.345475729e+000 1.927743622e+000 
1.219129971e+000 1.892325832e+000 
1.226503934e+000 1.895734399e+000 
1.143672466e+000 1.854998320e+000 
1.114353579e+000 1.834586343e+000 
1.114469128e+000 1.834683390e+000 
1.286140647e+000 1.916274619e+000 
1.143019568e+000 1.854683412e+000 
1.174972472e+000 1.872894061e+000 
1.294428559e+000 1.918578527e+000 
1.136813772e+000 1.850951851e+000 
1.288926411e+000 1.917299837e+000 
1.227693318e+000 1.896733654e+000 
1.262526976e+000 1.908374111e+000 
1.177965526e+000 1.874176074e+000 
1.119311872e+000 1.838368024e+000 
1.161915022e+000 1.865941752e+000 
1.116404798e+000 1.836139049e+000 
1.287711373e+000 1.916688951e+000 
1.203460448e+000 1.887540861e+000 
1.324560282e+000 1.923424765e+000 
1.287379629e+000 1.916423561e+000 
1.280545988e+000 1.914791187e+000 
1.127386200e+000 1.844658419e+000 
1.287903570e+000 1.916796021e+000 
1.235636984e+000 1.899152037e+000 
1.351929540e+000 1.929083558e+000 
1.352521743e+000 1.929429594e+000 
1.276509458e+000 1.913427669e+000 
1.151873222e+000 1.860569433e+000 
1.342212257e+000 1.927382346e+000 
1.150422894e+000 1.859635522e+000 
1.226576250e+000 1.895816293e+000 
1.138952447e+000 1.852590901e+000 
1.162637364e+000 1.866957335e+000 
1.152992246e+000 1.861234899e+000 
1.138163317e+000 1.851662456e+000 
1.308064822e+000 1.921020060e+000 
1.307642300e+000 1.919806716e+000 
1.140990816e+000 1.853335315e+000 
1.125770286e+000 1.843621749e+000 
1.323250998e+000 1.922252836e+000 
1.275585998e+000 1.913317526e+000 
1.147108418e+000 1.857652989e+000 
1.129041484e+000 1.846256292e+000 
1.286379604e+000 1.916290252e+000 
1.126063725e+000 1.843715139e+000 
1.311594752e+000 1.921415911e+000 
1.132429424e+000 1.848319195e+000 
1.167072131e+000 1.868874228e+000 
1.194324506e+000 1.883142162e+000 
1.173309321e+000 1.871644061e+000 
1.233126504e+000 1.898433827e+000 
1.194931922e+000 1.883811021e+000 
1.168247462e+000 1.869309967e+000 
1.196212776e+000 1.884300991e+000 
1.173715025e+000 1.872167670e+000 
1.124060928e+000 1.842045913e+000 
1.122275145e+000 1.840763046e+000 
1.234928222e+000 1.898829662e+000 
1.168991673e+000 1.869855321e+000 
1.236827659e+000 1.900124560e+000 
1.250985584e+000 1.905363604e+000 
1.237196305e+000 1.900151693e+000 
1.245141968e+000 1.902836105e+000 
1.184569889e+000 1.877794894e+000 
1.246789975e+000 1.903240443e+000 
1.186168779e+000 1.878725727e+000 
1.180244315e+000 1.875188249e+000 
1.186568351e+000 1.878902326e+000 
1.186711458e+000 1.878930624e+000 
1.180784612e+000 1.876098193e+000 
1.220819127e+000 1.892589748e+000 
1.220510946e+000 1.892350481e+000 
1.240295637e+000 1.901140678e+000 
1.257543841e+000 1.906600840e+000 
1.005624539e+000 1.015597330e+000 
1.005884443e+000 1.016063222e+000 
1.007465717e+000 1.017032752e+000 
1.005708981e+000 1.015816210e+000 
1.006522231e+000 1.016599919e+000 
1.006925944e+000 1.016818690e+000 
1.009030173e+000 1.017776540e+000 
1.006619505e+000 1.016601486e+000 
1.005657070e+000 1.015604757e+000 
1.005453430e+000 1.015118723e+000 
1.006360170e+000 1.016355982e+000 
1.005469286e+000 1.015550655e+000 
1.006160711e+000 1.016276487e+000 
1.005823603e+000 1.015883424e+000 
1.005457939e+000 1.015339891e+000 
1.005918498e+000 1.016099180e+000 
1.005668418e+000 1.015815521e+000 
1.007837434e+000 1.017245765e+000 
1.006181858e+000 1.016343007e+000 
1.006279132e+000 1.016344166e+000 
1.007720879e+000 1.017112185e+000 
1.008081728e+000 1.017325198e+000 
1.007379312e+000 1.017031185e+000 
1.007336457e+000 1.016999761e+000 
1.007104868e+000 1.016820136e+000 
1.005092529e+000 1.008237239e+000 
1.005017871e+000 1.008146436e+000 
1.004979833e+000 1.008143848e+000 
1.003296153e+000 1.007293448e+000 
1.003692467e+000 1.007554733e+000 
1.005255454e+000 1.008257335e+000 
1.003998015e+000 1.007772040e+000 
1.004730517e+000 1.008113916e+000 
1.003567580e+000 1.007537214e+000 
1.004462148e+000 1.008008786e+000 
1.004947198e+000 1.008136030e+000 
1.004224565e+000 1.007897681e+000 
1.003219476e+000 1.007169816e+000 
1.004605630e+000 1.008096408e+000 
1.003371225e+000 1.007396545e+000 
1.004099678e+000 1.007880173e+000 
1.003455992e+000 1.007498349e+000 
1.004223094e+000 1.007888854e+000 
1.003226072e+000 1.007271318e+000 
1.003772157e+000 1.007656668e+000 
1.003802104e+000 1.007740472e+000 
1.004460678e+000 1.007999960e+000 
1.004337261e+000 1.007991278e+000 
1.003919426e+000 1.007755525e+000 
1.003337170e+000 1.007393220e+000 
1.003613877e+000 1.007538218e+000 
1.003734139e+000 1.007634270e+000 
1.003496556e+000 1.007523165e+000 
1.003794130e+000 1.007662866e+000 
1.005049563e+000 1.008188431e+000 
1.003745805e+000 1.007644678e+000 
1.004838977e+000 1.008118209e+000 
1.003190074e+000 1.006963286e+000 
1.003169830e+000 1.006947002e+000 
1.003941823e+000 1.007769091e+000 
1.004977946e+000 1.008137636e+000 
1.003618323e+000 1.007553152e+000 
1.004594592e+000 1.008017422e+000 
1.004916106e+000 1.008127066e+000 
1.004179406e+000 1.007880196e+000 
1.004003662e+000 1.007779661e+000 
1.003746985e+000 1.007650216e+000 
1.001037752e+000 1.000860950e+000 
1.001116663e+000 1.000878003e+000 
1.001079693e+000 1.000877944e+000 
1.001115933e+000 1.000877979e+000 
1.001145301e+000 1.000878060e+000 
1.001086289e+000 1.000877966e+000 
1.001019336e+000 1.000855205e+000 
1.001017959e+000 1.000838190e+000 
1.001031156e+000 1.000860928e+000 
1.000952984e+000 1.000819659e+000 
1.000970799e+000 1.000838189e+000 
1.490883623e+000 1.971347060e+000 
1.492538997e+000 1.971863299e+000 
1.463845679e+000 1.965097565e+000 
1.463087666e+000 1.965054401e+000 
1.413204413e+000 1.953314492e+000 
1.358172425e+000 1.930594667e+000 
1.441550843e+000 1.960860040e+000 
1.395189252e+000 1.946977718e+000 
1.355062613e+000 1.930586816e+000 
1.426215873e+000 1.956390731e+000 
1.465060549e+000 1.965144023e+000 
1.440948968e+000 1.960759295e+000 
1.872301101e+000 2.000000000e+000 
1.511007946e+000 1.975235368e+000 
1.408938095e+000 1.951825866e+000 
1.395455538e+000 1.947372343e+000 
1.669706726e+000 1.992446357e+000 
1.363150133e+000 1.933543935e+000 
1.390704858e+000 1.945759976e+000 
1.380199463e+000 1.943119746e+000 
1.411953795e+000 1.953035373e+000 
1.494905989e+000 1.972550750e+000 
1.406979469e+000 1.950552657e+000 
1.412742697e+000 1.953125849e+000 
1.409482539e+000 1.952561718e+000 
1.409884570e+000 1.952564075e+000 
1.847049957e+000 1.999822073e+000 
1.540244331e+000 1.979692451e+000 
1.412842613e+000 1.953263397e+000 
1.827693370e+000 1.999000435e+000 
1.397809186e+000 1.948305587e+000 
1.819440722e+000 1.998765154e+000 
1.359763024e+000 1.933013391e+000 
1.509076044e+000 1.974255439e+000 
1.509142145e+000 1.974322164e+000 
1.359436244e+000 1.931566354e+000 
1.545592810e+000 1.980157107e+000 
1.555551228e+000 1.981862839e+000 
1.403195366e+000 1.949795322e+000 
1.404622682e+000 1.950254529e+000 
1.692429126e+000 1.994199461e+000 
1.387933720e+000 1.944611548e+000 
1.686308331e+000 1.993485831e+000 
1.660852686e+000 1.991787341e+000 
1.460377133e+000 1.964698144e+000 
1.420795870e+000 1.954898710e+000 
1.671543439e+000 1.992597515e+000 
1.469905545e+000 1.966505929e+000 
1.871489826e+000 1.999890666e+000 
1.469884082e+000 1.966493762e+000 
1.457249597e+000 1.963956845e+000 
1.417334662e+000 1.954284043e+000 
1.490046107e+000 1.971208784e+000 
1.420492166e+000 1.954628163e+000 
1.402446952e+000 1.949510183e+000 
1.841664058e+000 1.999346488e+000 
1.433043597e+000 1.959099992e+000 
1.432748247e+000 1.958658918e+000 
1.436125019e+000 1.959882494e+000 
1.435440762e+000 1.959830084e+000 
1.436018610e+000 1.959867258e+000 
1.372891101e+000 1.938461834e+000 
1.415552276e+000 1.953871700e+000 
1.712850406e+000 1.995232356e+000 
1.842639865e+000 1.999530160e+000 
1.436958634e+000 1.960249525e+000 
1.664233429e+000 1.992383749e+000 
1.691313664e+000 1.993740800e+000 
1.865749989e+000 1.999884193e+000 
1.388768747e+000 1.944893200e+000 
1.617948435e+000 1.988309707e+000 
1.616163952e+000 1.988155094e+000 
1.661720069e+000 1.991910223e+000 
1.417498020e+000 1.954483007e+000 
1.442065913e+000 1.960973195e+000 
1.439832926e+000 1.960663168e+000 
1.444121277e+000 1.961404997e+000 
1.710569709e+000 1.995015270e+000 
1.445964735e+000 1.962026391e+000 
1.658636316e+000 1.991553858e+000 
1.658917905e+000 1.991701627e+000 
1.400060343e+000 1.949110541e+000 
1.696048978e+000 1.994298983e+000 
1.374579056e+000 1.939091085e+000 
1.423900621e+000 1.955612067e+000 
1.699666580e+000 1.994421056e+000 
1.367720722e+000 1.937189854e+000 
1.370553502e+000 1.937504279e+000 
1.371247148e+000 1.937890402e+000 
1.402483633e+000 1.949659303e+000 
1.372285082e+000 1.938460149e+000 
1.368816255e+000 1.937369436e+000 
1.391697366e+000 1.946240902e+000 
1.392784340e+000 1.946751975e+000 
1.442107661e+000 1.961138700e+000 
1.525969104e+000 1.977492503e+000 
1.369844603e+000 1.937497035e+000 
1.454210135e+000 1.963673526e+000 
1.520507641e+000 1.976825737e+000 
1.397351725e+000 1.947866265e+000 
1.387106241e+000 1.944543452e+000 
1.436896616e+000 1.959945635e+000 
1.466905204e+000 1.965817811e+000 
1.534651193e+000 1.978829646e+000 
1.364618632e+000 1.934702937e+000 
1.365424994e+000 1.935321257e+000 
1.366673146e+000 1.935822152e+000 
1.429557644e+000 1.957392584e+000 
1.454565420e+000 1.963801587e+000 
1.451787223e+000 1.963269404e+000 
1.428566547e+000 1.957322378e+000 
1.448937512e+000 1.962716080e+000 
1.386320765e+000 1.944467679e+000 
1.554325270e+000 1.981432327e+000 
1.429777156e+000 1.957627729e+000 
1.555944000e+000 1.981905194e+000 
1.554654727e+000 1.981441734e+000 
1.560288091e+000 1.982438213e+000 
1.555411406e+000 1.981480385e+000 
1.612482251e+000 1.988025852e+000 
1.603082906e+000 1.987627002e+000 
1.573515221e+000 1.983872166e+000 
1.376685546e+000 1.940011526e+000 
1.394159321e+000 1.946753439e+000 
1.568360443e+000 1.983335859e+000 
1.406040553e+000 1.950404671e+000 
1.407230610e+000 1.950970428e+000 
1.395805844e+000 1.947519357e+000 
1.611342713e+000 1.987951677e+000 
1.518078938e+000 1.976270014e+000 
1.396454089e+000 1.947761872e+000 
1.379231088e+000 1.942081120e+000 
1.376803189e+000 1.940376538e+000 
1.503187486e+000 1.974217053e+000 
1.377175479e+000 1.940738985e+000 
1.605848259e+000 1.987629195e+000 
1.606010434e+000 1.987703664e+000 
1.596644056e+000 1.986754862e+000 
1.599908236e+000 1.987153803e+000 
1.375760073e+000 1.939961364e+000 
1.513612039e+000 1.975791422e+000 
1.383556609e+000 1.943283069e+000 
1.385244973e+000 1.943918007e+000 
1.619944750e+000 1.988453828e+000 
1.389919041e+000 1.945655871e+000 
1.623585037e+000 1.988693326e+000 
1.546917938e+000 1.980699430e+000 
1.600234857e+000 1.987154987e+000 
1.526160128e+000 1.977818093e+000 
1.594967805e+000 1.986271047e+000 
1.402614875e+000 1.949730350e+000 
1.374356532e+000 1.939008899e+000 
1.576985024e+000 1.984325179e+000 
1.481963267e+000 1.969580580e+000 
1.483627713e+000 1.969920329e+000 
1.364005712e+000 1.934157411e+000 
1.380197215e+000 1.942584404e+000 
1.363799486e+000 1.933808887e+000 
1.377776867e+000 1.941336433e+000 
1.461209643e+000 1.964749679e+000 
1.677297947e+000 1.993174579e+000 
1.682185241e+000 1.993390007e+000 
1.701334068e+000 1.994601920e+000 
1.634890232e+000 1.989692315e+000 
1.484044464e+000 1.970422957e+000 
1.575014907e+000 1.984029456e+000 
1.574558046e+000 1.983906657e+000 
1.760170544e+000 1.997181865e+000 
1.585036149e+000 1.985457910e+000 
1.756809695e+000 1.997130281e+000 
1.626534100e+000 1.988914658e+000 
1.674890142e+000 1.992804998e+000 
1.707275221e+000 1.994957618e+000 
1.705038339e+000 1.994892283e+000 
1.702877987e+000 1.994781955e+000 
1.588899188e+000 1.985925150e+000 
1.589737445e+000 1.986140828e+000 
1.362839210e+000 1.933348342e+000 
1.589688425e+000 1.986139629e+000 
1.583992041e+000 1.985324824e+000 
1.497727570e+000 1.972943857e+000 
1.586097756e+000 1.985686221e+000 
1.752311971e+000 1.996973446e+000 
1.486540880e+000 1.970939321e+000 
1.488797585e+000 1.971166616e+000 
1.491095925e+000 1.971678846e+000 
1.493835181e+000 1.972355838e+000 
1.528184124e+000 1.978115257e+000 
1.581428420e+000 1.985076571e+000 
1.548555752e+000 1.981363813e+000 
1.536768644e+000 1.979371429e+000 
1.570626692e+000 1.983680535e+000 
1.537320783e+000 1.979456511e+000 
1.542849178e+000 1.980152031e+000 
1.628962139e+000 1.989146863e+000 
1.522235653e+000 1.977174505e+000 
1.579452835e+000 1.984620315e+000 
1.572682265e+000 1.983842341e+000 
1.518900281e+000 1.976491864e+000 
1.819938286e+000 1.998889236e+000 
1.501525493e+000 1.973799359e+000 
1.498472567e+000 1.973051521e+000 
1.572089717e+000 1.983727293e+000 
1.512874542e+000 1.975532010e+000 
1.420931578e+000 1.955261432e+000 
1.427290093e+000 1.956882346e+000 
1.424080302e+000 1.955934615e+000 
1.473571676e+000 1.968110622e+000 
1.470955893e+000 1.967689040e+000 
1.425029275e+000 1.956262776e+000 
1.513286428e+000 1.975637464e+000 
1.546327941e+000 1.980654975e+000 
1.476257502e+000 1.968546810e+000 
1.561641841e+000 1.982628462e+000 
1.534276179e+000 1.978703007e+000 
1.475047074e+000 1.968507416e+000 
1.474738128e+000 1.968250826e+000 
1.467129797e+000 1.966388972e+000 
1.838912991e+000 1.999299966e+000 
1.835742268e+000 1.999278842e+000 
1.831597666e+000 1.999142692e+000 
1.831980258e+000 1.999182196e+000 
1.833780891e+000 1.999244044e+000 
1.831633658e+000 1.999155893e+000 
1.559839468e+000 1.982199615e+000 
1.639407910e+000 1.990159077e+000 
1.462003052e+000 1.964965851e+000 
1.798809311e+000 1.998473798e+000 
1.818333216e+000 1.998717428e+000 
1.817991956e+000 1.998703466e+000 
1.748444914e+000 1.996786806e+000 
1.477897661e+000 1.969021051e+000 
1.479826283e+000 1.969458015e+000 
1.781816866e+000 1.997789186e+000 
1.794478328e+000 1.998160470e+000 
1.781955681e+000 1.997893601e+000 
1.814114131e+000 1.998694459e+000 
1.810025471e+000 1.998690193e+000 
1.803376046e+000 1.998561824e+000 
1.767454939e+000 1.997253828e+000 
1.747125833e+000 1.996589932e+000 
1.743415724e+000 1.996415255e+000 
1.680600165e+000 1.993281238e+000 
1.683192917e+000 1.993451342e+000 
1.729161409e+000 1.995825210e+000 
1.791376157e+000 1.998051191e+000 
1.796524839e+000 1.998367790e+000 
1.805022233e+000 1.998641572e+000 
1.729325718e+000 1.995862660e+000 
1.802106356e+000 1.998555911e+000 
1.722215226e+000 1.995509852e+000 
1.721376153e+000 1.995464018e+000 
1.788776151e+000 1.997965770e+000 
1.720992197e+000 1.995446205e+000 
1.736742497e+000 1.996144408e+000 
1.732092272e+000 1.996014106e+000 
1.731972333e+000 1.995911278e+000 
1.777872072e+000 1.997707473e+000 
1.772601688e+000 1.997454206e+000 
1.770471580e+000 1.997413239e+000 
1.773841924e+000 1.997664748e+000 
1.689416398e+000 1.993717338e+000 
1.777304884e+000 1.997683041e+000 
1.667550236e+000 1.992402774e+000 
1.663749573e+000 1.992255783e+000 
1.653368479e+000 1.991441345e+000 
1.665919104e+000 1.992395649e+000 
1.662396720e+000 1.991967893e+000 
1.652140069e+000 1.991190331e+000 
1.650681749e+000 1.991035730e+000 
1.647413095e+000 1.990869965e+000 
1.646864322e+000 1.990787426e+000 
1.632266152e+000 1.989471835e+000 
1.631108496e+000 1.989356368e+000 
1.633183907e+000 1.989489730e+000 

