1.002183328e+000 1.046813927e+000 
1.002409785e+000 1.047229886e+000 
1.001511649e+000 1.045471217e+000 
1.002388701e+000 1.047171182e+000 
1.001809361e+000 1.046340866e+000 
1.001379412e+000 1.045351477e+000 
1.002003566e+000 1.046381251e+000 
1.001764546e+000 1.046141408e+000 
1.001701787e+000 1.045763478e+000 
1.002194495e+000 1.047130797e+000 
1.002317252e+000 1.047168825e+000 
1.002090795e+000 1.046752866e+000 
1.004450948e+000 1.436671137e+000 
1.003874102e+000 1.434157067e+000 
1.004389632e+000 1.435709444e+000 
1.000000001e+000 1.000011795e+000 
1.000122729e+000 1.000840950e+000 
1.000219412e+000 1.000859666e+000 
1.000250721e+000 1.000860280e+000 
1.000236023e+000 1.000860218e+000 
1.000154039e+000 1.000841560e+000 
1.000187199e+000 1.000857974e+000 
1.000073906e+000 1.000838707e+000 
1.002478156e+000 1.236294108e+000 
1.003032451e+000 1.239024284e+000 
1.003503223e+000 1.239878484e+000 
1.003248365e+000 1.239536749e+000 
1.002694069e+000 1.236806573e+000 
1.003521757e+000 1.240637774e+000 
1.002967462e+000 1.237907598e+000 
1.003776616e+000 1.240979509e+000 
1.000752231e+000 1.007456154e+000 
1.000828860e+000 1.007462902e+000 
1.000706102e+000 1.007445400e+000 
1.000524007e+000 1.007279518e+000 
1.000646764e+000 1.007297020e+000 
1.000570136e+000 1.007290272e+000 
1.000985904e+000 1.007480150e+000 
1.000465674e+000 1.007264153e+000 
1.000780007e+000 1.007456529e+000 
1.000733878e+000 1.007445775e+000 
1.000348096e+000 1.007055701e+000 
1.000939775e+000 1.007469396e+000 
1.000419545e+000 1.007253399e+000 
1.000856635e+000 1.007463277e+000 
1.000271468e+000 1.003501943e+000 
1.001373296e+000 1.035890115e+000 
1.000988476e+000 1.034928388e+000 
1.002410503e+000 1.079957736e+000 
1.087962325e+000 1.894021398e+000 
1.022271712e+000 1.807585273e+000 
1.007802143e+000 1.769721914e+000 
1.025703211e+000 1.813110146e+000 
1.040622103e+000 1.838125147e+000 
1.057424839e+000 1.860491570e+000 
1.078882426e+000 1.884907855e+000 
1.134695929e+000 1.930470359e+000 
1.081476680e+000 1.886893540e+000 
1.031986737e+000 1.824036857e+000 
1.031479056e+000 1.823234781e+000 
1.029636103e+000 1.819986451e+000 
1.127068729e+000 1.926393504e+000 
1.022752434e+000 1.808491337e+000 
1.043876849e+000 1.841540031e+000 
1.078698075e+000 1.884607666e+000 
1.109186738e+000 1.913653742e+000 
1.106673859e+000 1.910840413e+000 
1.006598661e+000 1.763952061e+000 
1.150430721e+000 1.938273602e+000 
1.010529691e+000 1.777681668e+000 
1.018210182e+000 1.799002164e+000 
1.032293936e+000 1.824149821e+000 
1.057744437e+000 1.861008798e+000 
1.050525879e+000 1.851916644e+000 
1.005028732e+000 1.757724386e+000 
1.122069487e+000 1.923241545e+000 
1.144547604e+000 1.934921906e+000 
1.105206883e+000 1.909318290e+000 
1.009993785e+000 1.776207054e+000 
1.006062756e+000 1.762578598e+000 
1.142938262e+000 1.934006369e+000 
1.106225985e+000 1.910197431e+000 
1.055911326e+000 1.859285534e+000 
1.108196228e+000 1.911501565e+000 
1.037284165e+000 1.832565337e+000 
1.064768080e+000 1.870260825e+000 
1.029542995e+000 1.819948510e+000 
1.029990868e+000 1.820604180e+000 
1.035744583e+000 1.830145041e+000 
1.053074626e+000 1.855064952e+000 
1.119556608e+000 1.920428216e+000 
1.005669100e+000 1.760632351e+000 
1.009534560e+000 1.774401108e+000 
1.006703124e+000 1.765486564e+000 
1.113583395e+000 1.916829559e+000 
1.072844653e+000 1.878433472e+000 
1.108475343e+000 1.912800497e+000 
1.151874035e+000 1.939779137e+000 
1.134763123e+000 1.931449160e+000 
1.057839864e+000 1.861280554e+000 
1.105962464e+000 1.909987168e+000 
1.123594440e+000 1.923629634e+000 
1.038522506e+000 1.834755605e+000 
1.047909194e+000 1.848678672e+000 
1.137000771e+000 1.931970732e+000 
1.110386015e+000 1.913845504e+000 
1.129395918e+000 1.928341509e+000 
1.070843413e+000 1.876753540e+000 
1.126711304e+000 1.925899829e+000 
1.122880069e+000 1.923364211e+000 
1.115553638e+000 1.918264246e+000 
1.120909826e+000 1.921929523e+000 
1.012110807e+000 1.783155075e+000 
1.019907000e+000 1.802698410e+000 
1.047461321e+000 1.848023003e+000 
1.132961369e+000 1.929157404e+000 
1.104701071e+000 1.909019149e+000 
1.117607776e+000 1.919417368e+000 
1.037732038e+000 1.833221007e+000 
1.009807953e+000 1.776139094e+000 
1.079330299e+000 1.885554443e+000 
1.083003906e+000 1.889246719e+000 
1.101565807e+000 1.906811351e+000 
1.101117934e+000 1.906168370e+000 
1.011386887e+000 1.780967969e+000 
1.015663082e+000 1.792704021e+000 
1.008957714e+000 1.772891806e+000 
1.079693441e+000 1.886014129e+000 
1.007218327e+000 1.765748490e+000 
1.058489196e+000 1.862117570e+000 
1.013835547e+000 1.788395560e+000 
1.078399199e+000 1.884221347e+000 
1.085580583e+000 1.891924530e+000 
1.074817107e+000 1.880963191e+000 
1.011851417e+000 1.782353291e+000 
1.065975183e+000 1.871375817e+000 
1.110713569e+000 1.914517852e+000 
1.112040237e+000 1.915291982e+000 
1.032470094e+000 1.824693782e+000 
1.111161442e+000 1.915157455e+000 
1.042503910e+000 1.840642088e+000 
1.113264259e+000 1.915834948e+000 
1.040174230e+000 1.837469478e+000 
1.016081996e+000 1.793761046e+000 
1.026004026e+000 1.813709267e+000 
1.008811909e+000 1.772484018e+000 
1.089963170e+000 1.895976906e+000 
1.100098832e+000 1.905289229e+000 
1.041894965e+000 1.839628704e+000 
1.046117863e+000 1.845865358e+000 
1.073050225e+000 1.878929308e+000 
1.075251353e+000 1.881397019e+000 
1.058196223e+000 1.861840115e+000 
1.058246065e+000 1.861940969e+000 
1.088410198e+000 1.894667986e+000 
1.094523093e+000 1.900251891e+000 
1.054375743e+000 1.856966105e+000 
1.070539980e+000 1.876314428e+000 
1.007608427e+000 1.766817566e+000 
1.031184098e+000 1.822763458e+000 
1.042342838e+000 1.840281245e+000 
1.054258592e+000 1.856885507e+000 
1.144201552e+000 1.934030548e+000 
1.016863368e+000 1.795599767e+000 
1.089564674e+000 1.895477212e+000 
1.078483929e+000 1.884408161e+000 
1.068586127e+000 1.874160578e+000 
1.068084783e+000 1.873932669e+000 
1.072985186e+000 1.878562575e+000 
1.058693938e+000 1.862593509e+000 
1.043949255e+000 1.843053591e+000 
1.082605410e+000 1.888747025e+000 
1.107932707e+000 1.911421855e+000 
1.060364831e+000 1.864651882e+000 
1.008371847e+000 1.770010434e+000 
1.049391006e+000 1.850736875e+000 
1.105654756e+000 1.909961272e+000 
1.082105474e+000 1.888373868e+000 
1.007675435e+000 1.766862863e+000 
1.009330660e+000 1.774006179e+000 
1.020610994e+000 1.803736579e+000 
1.031631971e+000 1.823419128e+000 
1.008480422e+000 1.770762713e+000 
1.018158628e+000 1.798804247e+000 
1.056427200e+000 1.859697274e+000 
1.079992317e+000 1.886400447e+000 
1.090411043e+000 1.896623494e+000 
1.030996144e+000 1.822456724e+000 
1.095369462e+000 1.901398173e+000 
1.056547942e+000 1.860127450e+000 
1.059662226e+000 1.863642210e+000 
1.019147360e+000 1.800923188e+000 
1.015850370e+000 1.793589721e+000 
1.028896546e+000 1.819087182e+000 
1.030548270e+000 1.821801054e+000 
1.020387722e+000 1.803604474e+000 
1.055293532e+000 1.858183782e+000 
1.050188054e+000 1.851527505e+000 
1.066721933e+000 1.872414675e+000 
1.052198933e+000 1.854206403e+000 
1.018079464e+000 1.798389948e+000 
1.053102881e+000 1.855462549e+000 
1.013045261e+000 1.785754808e+000 
1.027829273e+000 1.817216240e+000 
1.082327871e+000 1.888380956e+000 
1.012422958e+000 1.784283217e+000 
1.030471591e+000 1.821510244e+000 
1.018560187e+000 1.799296013e+000 
1.030116825e+000 1.820892515e+000 
1.013577537e+000 1.786871436e+000 
1.015205890e+000 1.791360578e+000 
1.014222017e+000 1.789100579e+000 
1.016382646e+000 1.794693702e+000 
1.032835822e+000 1.825477330e+000 
1.032953001e+000 1.825513823e+000 
1.011230494e+000 1.780159361e+000 
1.021820504e+000 1.805827039e+000 
1.041272118e+000 1.838733781e+000 
1.059363350e+000 1.863255892e+000 
1.034330223e+000 1.827909183e+000 
1.033849500e+000 1.827003119e+000 
1.027348551e+000 1.816310175e+000 
1.014702740e+000 1.790006643e+000 
1.033400874e+000 1.826169493e+000 
1.010053738e+000 1.776813590e+000 
1.011965002e+000 1.782743466e+000 
1.010698218e+000 1.779042733e+000 
1.033283695e+000 1.826133000e+000 
1.084284396e+000 1.890610099e+000 
1.042334907e+000 1.840252627e+000 
1.049711556e+000 1.850922789e+000 
1.084647538e+000 1.891084687e+000 
1.046750784e+000 1.846680352e+000 
1.044397128e+000 1.843709260e+000 
1.047781871e+000 1.848208917e+000 
1.039669926e+000 1.836141467e+000 
1.017086640e+000 1.795731869e+000 
1.092542631e+000 1.898577360e+000 
1.028590819e+000 1.817964601e+000 
1.053655393e+000 1.855954640e+000 
1.065420510e+000 1.870689501e+000 
1.036097043e+000 1.830510089e+000 
1.087584212e+000 1.893802681e+000 
1.061952796e+000 1.866300029e+000 
1.026429224e+000 1.814576661e+000 
1.025736061e+000 1.813360541e+000 
1.032565543e+000 1.824883858e+000 
1.102583932e+000 1.907242393e+000 
1.019110687e+000 1.800120747e+000 
1.132709989e+000 1.928464819e+000 
1.023291447e+000 1.808962535e+000 
1.097406689e+000 1.902706351e+000 
1.100260380e+000 1.905567862e+000 
1.107691983e+000 1.911271454e+000 
1.084239702e+000 1.890608808e+000 
1.095083138e+000 1.901031821e+000 
1.024251244e+000 1.810657610e+000 
1.085489006e+000 1.891201486e+000 
1.080663187e+000 1.886690724e+000 
1.091597441e+000 1.897364555e+000 
1.086631175e+000 1.892666013e+000 
1.063645809e+000 1.868406550e+000 
1.061689456e+000 1.866117941e+000 
1.059478301e+000 1.863304612e+000 
1.000327235e+000 1.003613402e+000 
1.184625298e+000 1.958698579e+000 
1.196291857e+000 1.964404710e+000 
1.293521197e+000 1.993866322e+000 
1.204364762e+000 1.968027358e+000 
1.204173020e+000 1.967685995e+000 
1.181020764e+000 1.956866245e+000 
1.201434911e+000 1.967008405e+000 
1.253228073e+000 1.985968913e+000 
1.193410081e+000 1.962475864e+000 
1.254554953e+000 1.986225983e+000 
1.260895119e+000 1.987751141e+000 
1.352710590e+000 1.997848571e+000 
1.259161940e+000 1.987582242e+000 
1.260051675e+000 1.987616251e+000 
1.197891450e+000 1.965126776e+000 
1.232018533e+000 1.979353390e+000 
1.345672729e+000 1.997517174e+000 
1.223115633e+000 1.976964504e+000 
1.222758870e+000 1.976060606e+000 
1.246007807e+000 1.983034379e+000 
1.227351987e+000 1.978388654e+000 
1.235737520e+000 1.980527702e+000 
1.223652876e+000 1.977023130e+000 
1.211796529e+000 1.971169115e+000 
1.304972478e+000 1.994956059e+000 
1.341214211e+000 1.997509315e+000 
1.303021524e+000 1.994937540e+000 
1.320782489e+000 1.996493898e+000 
1.253826152e+000 1.986067802e+000 
1.205777443e+000 1.969080517e+000 
1.290062856e+000 1.993796859e+000 
1.338229244e+000 1.997375986e+000 
1.363969772e+000 1.997983952e+000 
1.337258329e+000 1.997372009e+000 
1.268584434e+000 1.989340168e+000 
1.326477917e+000 1.996797538e+000 
1.170819022e+000 1.951100085e+000 
1.269141068e+000 1.990650595e+000 
1.269234218e+000 1.990743315e+000 
1.183826635e+000 1.957747089e+000 
1.255679462e+000 1.986254727e+000 
1.352571905e+000 1.997766847e+000 
1.200665651e+000 1.966661835e+000 
1.185996919e+000 1.959676439e+000 
1.154973151e+000 1.941371028e+000 
1.328710504e+000 1.997089623e+000 
1.156227770e+000 1.941528388e+000 
1.165976342e+000 1.948491473e+000 
1.256964205e+000 1.986552660e+000 
1.191108712e+000 1.961836939e+000 
1.188437730e+000 1.959953222e+000 
1.182204641e+000 1.957678491e+000 
1.142698273e+000 1.933047181e+000 
1.149348573e+000 1.937579653e+000 
1.157367001e+000 1.943166790e+000 
1.225946104e+000 1.977729610e+000 
1.164878973e+000 1.947922829e+000 
1.156525196e+000 1.942371696e+000 
1.149430985e+000 1.937689806e+000 
1.251018325e+000 1.985462769e+000 
1.278001479e+000 1.992897151e+000 
1.188800730e+000 1.960569466e+000 
1.173488314e+000 1.953247513e+000 
1.333836618e+000 1.997283244e+000 
1.172719054e+000 1.952900943e+000 
1.262861051e+000 1.988948424e+000 
1.460993124e+000 2.000000000e+000 
1.179032294e+000 1.955546039e+000 
1.323015075e+000 1.996785982e+000 
1.169837279e+000 1.950972097e+000 
1.189504289e+000 1.961047283e+000 
1.197061117e+000 1.964751280e+000 
1.315234171e+000 1.995549462e+000 
1.200641272e+000 1.966620233e+000 
1.171920391e+000 1.952084678e+000 
1.209036931e+000 1.970038869e+000 
1.172689651e+000 1.952431248e+000 
1.171202806e+000 1.951375021e+000 
1.215995567e+000 1.973784233e+000 
1.173554016e+000 1.953300959e+000 
1.246781971e+000 1.984038619e+000 
1.317392281e+000 1.996335943e+000 
1.239653230e+000 1.982361031e+000 
1.209711613e+000 1.971078462e+000 
1.249981560e+000 1.985217379e+000 
1.235954118e+000 1.980922626e+000 
1.272229817e+000 1.991127626e+000 
1.178503727e+000 1.955505053e+000 
1.250880945e+000 1.985290519e+000 
1.314044031e+000 1.994977260e+000 
1.229645215e+000 1.979095134e+000 
1.452642002e+000 1.999960276e+000 
1.198641162e+000 1.965499333e+000 
1.256135868e+000 1.986355814e+000 
1.286012392e+000 1.993504271e+000 
1.218522517e+000 1.974708679e+000 
1.316750419e+000 1.996282060e+000 
1.273334932e+000 1.992034168e+000 
1.239147097e+000 1.982022527e+000 
1.279952432e+000 1.992987893e+000 
1.199879024e+000 1.965881386e+000 
1.237020738e+000 1.981231067e+000 
1.249155112e+000 1.985216202e+000 
1.269098579e+000 1.990537795e+000 
1.261940971e+000 1.988003680e+000 
1.233321627e+000 1.979937766e+000 
1.210546575e+000 1.971145793e+000 
1.214537301e+000 1.973041501e+000 
1.149088950e+000 1.937251792e+000 
1.265465170e+000 1.989039339e+000 
1.215539100e+000 1.973395591e+000 
1.164008067e+000 1.946659599e+000 
1.276746734e+000 1.992098282e+000 
1.257164748e+000 1.987198799e+000 
1.167451242e+000 1.949157889e+000 
1.267350422e+000 1.989190132e+000 
1.149210504e+000 1.937300688e+000 
1.266373344e+000 1.989162024e+000 
1.276847225e+000 1.992175545e+000 
1.151166684e+000 1.938743403e+000 
1.293803440e+000 1.993908706e+000 
1.294236945e+000 1.994563959e+000 
1.163822949e+000 1.946649492e+000 
1.241954982e+000 1.982510759e+000 
1.183890986e+000 1.958255022e+000 
1.158518839e+000 1.943556032e+000 
1.145606192e+000 1.935572311e+000 
1.159288099e+000 1.943853951e+000 
1.146265085e+000 1.936173757e+000 
1.153374330e+000 1.940248194e+000 
1.300064003e+000 1.994594371e+000 
1.140719997e+000 1.932135750e+000 
1.149723294e+000 1.938064594e+000 
1.145252915e+000 1.935180810e+000 
1.374348523e+000 1.998443893e+000 
1.294428725e+000 1.994569820e+000 
1.192861398e+000 1.962038382e+000 
1.164407299e+000 1.947217629e+000 
1.148543608e+000 1.936785955e+000 
1.346364318e+000 1.997712288e+000 
1.176686448e+000 1.954572518e+000 
1.168836661e+000 1.949525466e+000 
1.440339201e+000 1.999932738e+000 
1.394823734e+000 1.999136366e+000 
1.438395608e+000 1.999917772e+000 
1.362539276e+000 1.997944273e+000 
1.160067361e+000 1.944434390e+000 
1.193625390e+000 1.963275505e+000 
1.189251596e+000 1.960833686e+000 
1.445785006e+000 1.999935623e+000 
1.372476574e+000 1.998395484e+000 
1.367246430e+000 1.998247390e+000 
1.217952507e+000 1.974059557e+000 
1.192227487e+000 1.962035765e+000 
1.193595071e+000 1.963105845e+000 
1.158516765e+000 1.943274789e+000 
1.379026249e+000 1.998834537e+000 
1.364541792e+000 1.998025354e+000 
1.403426975e+000 1.999564504e+000 
1.236903588e+000 1.981107164e+000 
1.162052791e+000 1.945421202e+000 
1.159904888e+000 1.944028794e+000 
1.409656170e+000 1.999839056e+000 
1.401059707e+000 1.999315654e+000 
1.407059792e+000 1.999741823e+000 
1.142158282e+000 1.932757575e+000 
1.195832021e+000 1.963946320e+000 
1.398172742e+000 1.999245926e+000 
1.196272735e+000 1.964118051e+000 
1.213281428e+000 1.971890827e+000 
1.428688835e+000 1.999902192e+000 
1.442086334e+000 1.999935119e+000 
1.439936322e+000 1.999919961e+000 
1.148064501e+000 1.936394946e+000 
1.187999076e+000 1.959930936e+000 
1.391845649e+000 1.998847310e+000 
1.392326752e+000 1.998886152e+000 

