1.018566565e+000 1.055526395e+000 
1.018923325e+000 1.056218858e+000 
1.018389804e+000 1.055322223e+000 
1.019515098e+000 1.056716255e+000 
1.016370108e+000 1.051180189e+000 
1.018065616e+000 1.054056729e+000 
1.022758881e+000 1.061047986e+000 
1.016986674e+000 1.052976265e+000 
1.017527080e+000 1.053640379e+000 
1.024271318e+000 1.062640280e+000 
1.024070372e+000 1.062508714e+000 
1.016551285e+000 1.051233856e+000 
1.020128116e+000 1.057635967e+000 
1.017167851e+000 1.053029932e+000 
1.016772964e+000 1.052334023e+000 
1.016156398e+000 1.050537947e+000 
1.019341378e+000 1.056338060e+000 
1.021634340e+000 1.059492462e+000 
1.023434004e+000 1.061770130e+000 
1.023908181e+000 1.062354610e+000 
1.020300784e+000 1.057916319e+000 
1.021350419e+000 1.059262507e+000 
1.020876242e+000 1.058678036e+000 
1.021301457e+000 1.059166956e+000 
1.020526814e+000 1.058193511e+000 
1.021128789e+000 1.058886604e+000 
1.025888266e+000 1.064200155e+000 
1.025268705e+000 1.063464729e+000 
1.043905667e+000 1.412388497e+000 
1.042368292e+000 1.407787926e+000 
1.044318572e+000 1.413483029e+000 
1.042110137e+000 1.407131309e+000 
1.041242307e+000 1.404546025e+000 
1.044411800e+000 1.414040710e+000 
1.040834866e+000 1.400423728e+000 
1.041777402e+000 1.406291605e+000 
1.044134968e+000 1.413384093e+000 
1.040934945e+000 1.400780144e+000 
1.042945556e+000 1.409462927e+000 
1.041143362e+000 1.402604393e+000 
1.003927160e+000 1.007243014e+000 
1.003988768e+000 1.007414842e+000 
1.009740033e+000 1.021750710e+000 
1.010086748e+000 1.022231447e+000 
1.011119250e+000 1.023421109e+000 
1.013213802e+000 1.025360524e+000 
1.014623867e+000 1.026649629e+000 
1.013454688e+000 1.025613725e+000 
1.009057295e+000 1.020827623e+000 
1.016050522e+000 1.027628900e+000 
1.010727078e+000 1.022983365e+000 
1.014904035e+000 1.026887542e+000 
1.009574139e+000 1.021616010e+000 
1.010574612e+000 1.022690618e+000 
1.013616880e+000 1.025803601e+000 
1.012829851e+000 1.024989821e+000 
1.012710892e+000 1.024976939e+000 
1.013732899e+000 1.025908222e+000 
1.010478973e+000 1.022675715e+000 
1.010761722e+000 1.022998267e+000 
1.012395082e+000 1.024627319e+000 
1.012279063e+000 1.024522697e+000 
1.011976393e+000 1.024206442e+000 
1.013094843e+000 1.025347643e+000 
1.014360682e+000 1.026533391e+000 
1.015063940e+000 1.027021037e+000 
1.015607294e+000 1.027375188e+000 
1.011950377e+000 1.024204897e+000 
1.012488025e+000 1.024638655e+000 
1.015287309e+000 1.027071783e+000 
1.010238773e+000 1.022304590e+000 
1.010575558e+000 1.022722478e+000 
1.010539648e+000 1.022684594e+000 
1.012320159e+000 1.024575601e+000 
1.033879628e+000 1.112289246e+000 
1.000778786e+000 1.000212886e+000 
1.001633740e+000 1.000326827e+000 
1.000172587e+000 1.000093915e+000 
1.000796616e+000 1.000212921e+000 
1.000206907e+000 1.000096769e+000 
1.001502366e+000 1.000322292e+000 
1.000894958e+000 1.000224801e+000 
1.000583743e+000 1.000159240e+000 
1.000929278e+000 1.000227655e+000 
9.999999997e-001 1.000000000e+000 
1.000256731e+000 1.000120734e+000 
1.000291051e+000 1.000123588e+000 
1.001822447e+000 1.000359563e+000 
1.000071122e+000 1.000033369e+000 
1.000600233e+000 1.000162060e+000 
1.001057858e+000 1.000254737e+000 
1.000415514e+000 1.000127472e+000 
1.000618063e+000 1.000162094e+000 
1.000702207e+000 1.000188913e+000 
1.000762296e+000 1.000210066e+000 
1.001363274e+000 1.000292650e+000 
1.001602686e+000 1.000326160e+000 
1.000510621e+000 1.000154326e+000 
1.000684377e+000 1.000188878e+000 
1.000399024e+000 1.000124653e+000 
1.001219887e+000 1.000285966e+000 
1.000499658e+000 1.000154291e+000 
1.001196950e+000 1.000284379e+000 
1.000433344e+000 1.000127507e+000 
1.001940405e+000 1.000384945e+000 
1.000667887e+000 1.000186059e+000 
1.001714116e+000 1.000351542e+000 
1.000876605e+000 1.000217833e+000 
1.001699897e+000 1.000351257e+000 
1.000891609e+000 1.000218504e+000 
1.001853500e+000 1.000360230e+000 
1.000055402e+000 1.000000636e+000 
1.000665239e+000 1.000178813e+000 
1.000650235e+000 1.000178142e+000 
1.001487362e+000 1.000321621e+000 
1.000960524e+000 1.000241739e+000 
1.001743816e+000 1.000356105e+000 
1.000945520e+000 1.000241069e+000 
1.036628231e+000 1.203764014e+000 
1.039168906e+000 1.209796505e+000 
1.040025501e+000 1.212061852e+000 
1.039767976e+000 1.211305434e+000 
1.037795047e+000 1.206575845e+000 
1.034863068e+000 1.196900193e+000 
1.036642690e+000 1.203863641e+000 
1.035187564e+000 1.198273345e+000 
1.036164053e+000 1.202034265e+000 
1.034946216e+000 1.197231532e+000 
1.037535686e+000 1.206111862e+000 
1.037090140e+000 1.204478126e+000 
1.035059812e+000 1.197737975e+000 
1.035686628e+000 1.199969695e+000 
1.035346351e+000 1.198821074e+000 
1.037045072e+000 1.204340608e+000 
1.035832710e+000 1.200780141e+000 
1.008981509e+000 1.012092852e+000 
1.008294265e+000 1.011650434e+000 
1.005225423e+000 1.009715194e+000 
1.004646865e+000 1.009297681e+000 
1.005873864e+000 1.010236228e+000 
1.005965254e+000 1.010274110e+000 
1.004546569e+000 1.009168557e+000 
1.004427636e+000 1.009116115e+000 
1.007478418e+000 1.011303448e+000 
1.004179163e+000 1.008716151e+000 
1.008134283e+000 1.011633660e+000 
1.004810703e+000 1.009355357e+000 
1.005424217e+000 1.009894205e+000 
1.004528583e+000 1.009131739e+000 
1.004960074e+000 1.009513585e+000 
1.007638401e+000 1.011320964e+000 
1.007405822e+000 1.011287723e+000 
1.007280546e+000 1.011129544e+000 
1.005692734e+000 1.010074710e+000 
1.006609611e+000 1.010781822e+000 
1.005033591e+000 1.009534368e+000 
1.006236716e+000 1.010454615e+000 
1.006939041e+000 1.010974023e+000 
1.008388190e+000 1.011804221e+000 
1.005156424e+000 1.009711205e+000 
1.006536497e+000 1.010743713e+000 
1.005044294e+000 1.009553669e+000 
1.008777107e+000 1.011989078e+000 
1.006361992e+000 1.010612834e+000 
1.004187730e+000 1.008733899e+000 
1.007372466e+000 1.011264239e+000 
1.005499000e+000 1.009903396e+000 
1.008354834e+000 1.011780056e+000 
1.005968198e+000 1.010274801e+000 
1.004018848e+000 1.008357843e+000 
1.029160230e+000 1.105915475e+000 
1.028762585e+000 1.105037302e+000 
1.031946690e+000 1.110843013e+000 
1.026379984e+000 1.097622146e+000 
1.028989462e+000 1.105554884e+000 
1.028374333e+000 1.104567988e+000 
1.026912384e+000 1.099181452e+000 
1.027218254e+000 1.100059911e+000 
1.033913129e+000 1.113911999e+000 
1.029103308e+000 1.105718637e+000 
1.034415546e+000 1.114406993e+000 
1.032799248e+000 1.111897548e+000 
1.034482772e+000 1.114477425e+000 
1.027148780e+000 1.099399330e+000 
1.029411656e+000 1.106379218e+000 
1.026838621e+000 1.098580771e+000 
1.032628753e+000 1.111820260e+000 
1.027063815e+000 1.099281817e+000 
1.029995078e+000 1.107228025e+000 
1.026210579e+000 1.096018718e+000 
1.026072387e+000 1.095861067e+000 
1.027830322e+000 1.102403945e+000 
1.030651291e+000 1.108359136e+000 
1.030985881e+000 1.108699637e+000 
1.034849465e+000 1.115191856e+000 
1.032551306e+000 1.111674992e+000 
1.002792374e+000 1.002700133e+000 
1.002318661e+000 1.002488017e+000 
1.003873608e+000 1.003002179e+000 
1.002637894e+000 1.002614957e+000 
1.002952735e+000 1.002725798e+000 
1.002882489e+000 1.002706844e+000 
1.002886760e+000 1.002710013e+000 
1.002404315e+000 1.002541188e+000 
1.002502974e+000 1.002554239e+000 
1.002232080e+000 1.002456073e+000 
1.002254107e+000 1.002459182e+000 
1.002630048e+000 1.002603409e+000 
1.002010327e+000 1.002232301e+000 
1.002382288e+000 1.002538079e+000 
1.002341941e+000 1.002525825e+000 
1.002476675e+000 1.002547960e+000 
1.002155690e+000 1.002377176e+000 
1.002053948e+000 1.002238457e+000 
1.003602434e+000 1.002922360e+000 
1.001992318e+000 1.002086173e+000 
1.003532045e+000 1.002898712e+000 
1.003013003e+000 1.002750488e+000 
1.003900613e+000 1.003003983e+000 
1.003255960e+000 1.002819848e+000 
1.056671695e+000 1.779085298e+000 
1.082517516e+000 1.819767262e+000 
1.056876790e+000 1.779451334e+000 
1.118265733e+000 1.855464797e+000 
1.045557406e+000 1.747824413e+000 
1.054888979e+000 1.775278106e+000 
1.045653313e+000 1.748756215e+000 
1.044955665e+000 1.745658639e+000 
1.071010527e+000 1.803533947e+000 
1.189371311e+000 1.898510733e+000 
1.215480007e+000 1.910013266e+000 
1.064561291e+000 1.793295104e+000 
1.072535283e+000 1.805559274e+000 
1.047672851e+000 1.756471246e+000 
1.192466241e+000 1.900057627e+000 
1.100614316e+000 1.840252401e+000 
1.248683982e+000 1.920375466e+000 
1.050827247e+000 1.765962067e+000 
1.053108664e+000 1.770928779e+000 
1.138499635e+000 1.868288014e+000 
1.044534149e+000 1.742899777e+000 
1.045273406e+000 1.746882184e+000 
1.251696845e+000 1.922061003e+000 
1.058172891e+000 1.782081864e+000 
1.047121043e+000 1.752853710e+000 
1.191282070e+000 1.899954771e+000 
1.057902488e+000 1.781490754e+000 
1.078944608e+000 1.814887986e+000 
1.050046290e+000 1.763937168e+000 
1.050571442e+000 1.765338727e+000 
1.073088430e+000 1.806677698e+000 
1.049703108e+000 1.762928357e+000 
1.059167366e+000 1.783539250e+000 
1.079669288e+000 1.815969201e+000 
1.147871859e+000 1.875602165e+000 
1.148093633e+000 1.876209874e+000 
1.176685485e+000 1.891915757e+000 
1.048040087e+000 1.757947776e+000 
1.104483533e+000 1.843699629e+000 
1.213525748e+000 1.907845633e+000 
1.084643407e+000 1.821529453e+000 
1.190130170e+000 1.899060110e+000 
1.190527859e+000 1.899286126e+000 
1.081747355e+000 1.818475088e+000 
1.073101852e+000 1.806841632e+000 
1.072929878e+000 1.806423187e+000 
1.117068671e+000 1.854273670e+000 
1.056982113e+000 1.779547478e+000 
1.067596868e+000 1.798223128e+000 
1.209250454e+000 1.906061301e+000 
1.210252809e+000 1.906503018e+000 
1.080577383e+000 1.817250685e+000 
1.084323373e+000 1.821287183e+000 
1.082824602e+000 1.820189751e+000 
1.104679694e+000 1.843782593e+000 
1.191211086e+000 1.899653371e+000 
1.074173889e+000 1.808514008e+000 
1.086583384e+000 1.823937254e+000 
1.101720107e+000 1.841754753e+000 
1.048345841e+000 1.758747869e+000 
1.049327249e+000 1.761492685e+000 
1.101809954e+000 1.841870781e+000 
1.125883585e+000 1.862000573e+000 
1.050654653e+000 1.765471630e+000 
1.102634364e+000 1.842303565e+000 
1.121425595e+000 1.858554022e+000 
1.166889834e+000 1.885661263e+000 
1.051712934e+000 1.767848702e+000 
1.229717378e+000 1.915068090e+000 
1.047280760e+000 1.754773092e+000 
1.058346008e+000 1.782311143e+000 
1.233561746e+000 1.916779058e+000 
1.046076142e+000 1.749818723e+000 
1.058486459e+000 1.782374494e+000 
1.087388718e+000 1.825409424e+000 
1.047242563e+000 1.754717839e+000 
1.046721753e+000 1.752731728e+000 
1.046041766e+000 1.749283348e+000 
1.127270238e+000 1.862684427e+000 
1.131589839e+000 1.865720282e+000 
1.051810260e+000 1.768093319e+000 
1.046680336e+000 1.752667836e+000 
1.074964290e+000 1.809807785e+000 
1.192763506e+000 1.900485475e+000 
1.059690955e+000 1.784733758e+000 
1.129704643e+000 1.864177721e+000 
1.142926912e+000 1.872099392e+000 
1.075117412e+000 1.810050703e+000 
1.227761865e+000 1.914188370e+000 
1.230472478e+000 1.915622371e+000 
1.069039851e+000 1.801099019e+000 
1.194092297e+000 1.900496241e+000 
1.057665042e+000 1.781123872e+000 
1.102959717e+000 1.842445185e+000 
1.051728336e+000 1.767980433e+000 
1.117342193e+000 1.854597469e+000 
1.113843768e+000 1.851350661e+000 
1.054673968e+000 1.774777326e+000 
1.063217021e+000 1.791158285e+000 
1.122734796e+000 1.858890706e+000 
1.051763541e+000 1.768028198e+000 
1.135479359e+000 1.866641909e+000 
1.073744310e+000 1.807747108e+000 
1.143870225e+000 1.872694946e+000 
1.129926416e+000 1.864774784e+000 
1.127398517e+000 1.863317643e+000 
1.066641001e+000 1.797213157e+000 
1.153754374e+000 1.879139630e+000 
1.151063692e+000 1.878048662e+000 
1.091896631e+000 1.830636649e+000 
1.095720336e+000 1.835051692e+000 
1.181947561e+000 1.895130355e+000 
1.167423724e+000 1.886147073e+000 
1.105179345e+000 1.844362479e+000 
1.210706569e+000 1.907055531e+000 
1.150326704e+000 1.877660019e+000 
1.173821093e+000 1.889984574e+000 
1.167626976e+000 1.886378959e+000 
1.055907965e+000 1.777122820e+000 
1.194180108e+000 1.900917219e+000 
1.192735939e+000 1.900354674e+000 
1.183068072e+000 1.895376162e+000 
1.208336675e+000 1.905764382e+000 
1.109174075e+000 1.847871971e+000 
1.117540790e+000 1.855203989e+000 
1.106864358e+000 1.845289425e+000 
1.059709126e+000 1.784794200e+000 
1.089818478e+000 1.828629080e+000 
1.133706443e+000 1.866189679e+000 
1.093274314e+000 1.832006073e+000 
1.052157238e+000 1.769052674e+000 
1.179682655e+000 1.893474772e+000 
1.179687790e+000 1.893673671e+000 
1.194792984e+000 1.901478348e+000 
1.106901246e+000 1.845993045e+000 
1.106289674e+000 1.844983902e+000 
1.085618020e+000 1.822820780e+000 
1.096700659e+000 1.835807348e+000 
1.167422811e+000 1.886092719e+000 
1.054791692e+000 1.774888480e+000 
1.088048335e+000 1.826028463e+000 
1.225777041e+000 1.914136655e+000 
1.069758591e+000 1.801875441e+000 
1.080329556e+000 1.816732783e+000 
1.064078977e+000 1.792783671e+000 
1.064241266e+000 1.792988638e+000 
1.090205941e+000 1.829054127e+000 
1.158033146e+000 1.882213373e+000 
1.051005822e+000 1.766162009e+000 
1.072728610e+000 1.806012649e+000 
1.063265658e+000 1.791249094e+000 
1.065028021e+000 1.794689242e+000 
1.196655308e+000 1.902191908e+000 
1.194677947e+000 1.901345309e+000 
1.186682499e+000 1.897653780e+000 
1.223953534e+000 1.913390732e+000 
1.179404126e+000 1.893413091e+000 
1.051920859e+000 1.768377344e+000 
1.210489671e+000 1.906674874e+000 
1.071659482e+000 1.804778298e+000 
1.104085119e+000 1.843472116e+000 
1.089018251e+000 1.827441916e+000 
1.172746101e+000 1.889301941e+000 
1.099668901e+000 1.839344829e+000 
1.076103335e+000 1.811372181e+000 
1.119632853e+000 1.856399015e+000 
1.060097167e+000 1.785492781e+000 
1.075490302e+000 1.810229592e+000 
1.075757657e+000 1.810834419e+000 
1.071488619e+000 1.804626874e+000 
1.224234699e+000 1.913446261e+000 
1.221978502e+000 1.912850326e+000 
1.074507996e+000 1.809020934e+000 
1.067794345e+000 1.799060191e+000 
1.173542271e+000 1.889614562e+000 
1.062020809e+000 1.789144020e+000 
1.068462376e+000 1.800119575e+000 
1.097852388e+000 1.837303714e+000 
1.064995153e+000 1.794213843e+000 
1.096531971e+000 1.835511059e+000 
1.092254639e+000 1.830989123e+000 
1.077494200e+000 1.813188365e+000 
1.076675821e+000 1.811947413e+000 
1.110642442e+000 1.848961006e+000 
1.152030634e+000 1.878348298e+000 
1.204710128e+000 1.903647336e+000 
1.106470460e+000 1.845066398e+000 
1.124328123e+000 1.859899822e+000 
1.120388393e+000 1.856915350e+000 
1.073031193e+000 1.806427874e+000 
1.218160924e+000 1.910798610e+000 
1.084723758e+000 1.821846013e+000 
1.229850155e+000 1.915377992e+000 
1.221692944e+000 1.912249426e+000 
1.224626210e+000 1.913631190e+000 
1.162793091e+000 1.884151579e+000 
1.141683028e+000 1.871028018e+000 
1.135615758e+000 1.867274529e+000 
1.140276305e+000 1.869807503e+000 
1.167208787e+000 1.886064789e+000 
1.162453402e+000 1.883960125e+000 
1.143789908e+000 1.872552062e+000 
1.156157266e+000 1.880453365e+000 
1.142607996e+000 1.871823754e+000 
1.257048766e+000 1.924937744e+000 
1.295438632e+000 1.946197997e+000 
1.245529504e+000 1.917101656e+000 
1.253016350e+000 1.923038761e+000 
1.348900871e+000 1.966748623e+000 
1.300418181e+000 1.948368900e+000 
1.291113710e+000 1.944426431e+000 
1.291367040e+000 1.944800734e+000 
1.295142838e+000 1.946157084e+000 
1.297437266e+000 1.946551770e+000 
1.256980790e+000 1.924215579e+000 
1.274071180e+000 1.935397925e+000 
1.254717310e+000 1.923893317e+000 
1.345640520e+000 1.966564010e+000 
1.315397718e+000 1.956049623e+000 
1.318156205e+000 1.956304668e+000 
1.288548752e+000 1.942573737e+000 
1.294743748e+000 1.945361142e+000 
1.345305071e+000 1.966196315e+000 
1.263400392e+000 1.929356267e+000 
1.318192988e+000 1.957085817e+000 
1.341293755e+000 1.964972972e+000 
1.343092750e+000 1.965633839e+000 
1.350186654e+000 1.967204173e+000 
1.340114113e+000 1.964213395e+000 
1.287217706e+000 1.941879229e+000 
1.650270626e+000 2.000000000e+000 
1.303534547e+000 1.949716102e+000 
1.330546695e+000 1.960850280e+000 
1.312562379e+000 1.954517081e+000 
1.260597112e+000 1.928174809e+000 
1.350306661e+000 1.967408449e+000 
1.331489387e+000 1.961040591e+000 
1.377031473e+000 1.975925991e+000 
1.247852481e+000 1.918677867e+000 
1.251290790e+000 1.920751512e+000 
1.330013509e+000 1.960631593e+000 
1.279035632e+000 1.938478553e+000 
1.273875456e+000 1.935300234e+000 
1.308411280e+000 1.952392805e+000 
1.280916364e+000 1.938965434e+000 
1.325751256e+000 1.960392654e+000 
1.324105318e+000 1.959467852e+000 
1.253422576e+000 1.923222173e+000 
1.276602239e+000 1.936647885e+000 
1.373881396e+000 1.974986939e+000 
1.309159683e+000 1.952698016e+000 
1.321292893e+000 1.958351042e+000 
1.253435138e+000 1.923321776e+000 
1.322361206e+000 1.959047586e+000 
1.373826972e+000 1.974604232e+000 
1.276012122e+000 1.936170779e+000 
1.256074045e+000 1.924180435e+000 
1.277928772e+000 1.938244013e+000 
1.299909470e+000 1.947588558e+000 
1.273322061e+000 1.934922056e+000 
1.252585950e+000 1.922255476e+000 
1.253500856e+000 1.923409032e+000 
1.250133643e+000 1.920653425e+000 
1.270685994e+000 1.933588418e+000 
1.312017693e+000 1.954014585e+000 
1.270474838e+000 1.933491463e+000 
1.320563443e+000 1.957455319e+000 
1.319227433e+000 1.957264437e+000 
1.248058770e+000 1.920079685e+000 
1.272314549e+000 1.934147756e+000 
1.270249157e+000 1.933036136e+000 
1.306643934e+000 1.951457777e+000 
1.271573422e+000 1.933990620e+000 
1.259567587e+000 1.926687061e+000 
1.644024438e+000 1.999844198e+000 
1.334617763e+000 1.961861822e+000 
1.301812729e+000 1.949192177e+000 
1.258532842e+000 1.926592164e+000 
1.380394645e+000 1.976361443e+000 
1.338007630e+000 1.962994413e+000 
1.258502552e+000 1.925769186e+000 
1.247887843e+000 1.919564162e+000 
1.268428019e+000 1.932441913e+000 
1.313439293e+000 1.954710781e+000 
1.269764633e+000 1.932958670e+000 
1.364776627e+000 1.970959710e+000 
1.268308361e+000 1.932300101e+000 
1.261475527e+000 1.928952688e+000 
1.275126500e+000 1.936160171e+000 
1.306185454e+000 1.950835867e+000 
1.649312145e+000 1.999897741e+000 
1.371044558e+000 1.973462502e+000 
1.314264862e+000 1.955352058e+000 
1.344112152e+000 1.965816724e+000 
1.286652693e+000 1.941370887e+000 
1.277890651e+000 1.937694546e+000 
1.277590884e+000 1.937429422e+000 
1.320958691e+000 1.957774460e+000 
1.277488237e+000 1.937422474e+000 
1.256468625e+000 1.924208486e+000 
1.352080593e+000 1.967549884e+000 
1.258008410e+000 1.925286005e+000 
1.301246757e+000 1.948385475e+000 
1.286606839e+000 1.941119215e+000 
1.354980542e+000 1.968262494e+000 
1.304270439e+000 1.950749540e+000 
1.352785545e+000 1.967860839e+000 
1.284708393e+000 1.940629018e+000 
1.284874500e+000 1.941117790e+000 
1.286816569e+000 1.941679374e+000 
1.354249240e+000 1.968046560e+000 
1.340460087e+000 1.964560885e+000 
1.628918697e+000 1.999631178e+000 
1.484755040e+000 1.993060939e+000 
1.263962898e+000 1.929425139e+000 
1.267055837e+000 1.930902639e+000 
1.265858593e+000 1.930399451e+000 
1.264813261e+000 1.930017154e+000 
1.267942452e+000 1.931088933e+000 
1.489305498e+000 1.993492795e+000 
1.283697560e+000 1.939844593e+000 
1.330762851e+000 1.960863498e+000 
1.289761404e+000 1.943874307e+000 
1.282436573e+000 1.939153728e+000 
1.288755890e+000 1.943062324e+000 
1.331360827e+000 1.960892224e+000 
1.287232660e+000 1.941884690e+000 
1.632112258e+000 1.999699980e+000 
1.311038657e+000 1.952950375e+000 
1.290397415e+000 1.944330567e+000 
1.293026902e+000 1.944996073e+000 
1.290280443e+000 1.944091536e+000 
1.297876419e+000 1.947467931e+000 
1.297820886e+000 1.946890695e+000 
1.267591860e+000 1.930974388e+000 
1.291116891e+000 1.944615302e+000 
1.631385207e+000 1.999698586e+000 
1.450413883e+000 1.989062487e+000 
1.310439398e+000 1.952857194e+000 
1.413196432e+000 1.983087146e+000 
1.335154997e+000 1.962229595e+000 
1.629387424e+000 1.999697203e+000 
1.589064991e+000 1.998703779e+000 
1.303134757e+000 1.949202445e+000 
1.480102199e+000 1.992871325e+000 
1.376661594e+000 1.975332848e+000 
1.531725234e+000 1.996253806e+000 
1.376985114e+000 1.975412084e+000 
1.381664178e+000 1.976620211e+000 
1.476894234e+000 1.992316809e+000 
1.434182807e+000 1.986428996e+000 
1.562182136e+000 1.997779438e+000 
1.378296984e+000 1.975973511e+000 
1.339242490e+000 1.963809866e+000 
1.339340907e+000 1.964142477e+000 
1.477099667e+000 1.992529963e+000 
1.370257940e+000 1.973408246e+000 
1.307459956e+000 1.951525485e+000 
1.371819318e+000 1.974333341e+000 
1.373128019e+000 1.974556090e+000 
1.366207227e+000 1.972111122e+000 
1.301643874e+000 1.948677266e+000 
1.297686769e+000 1.946709510e+000 
1.594755920e+000 1.998807631e+000 
1.559726846e+000 1.997686546e+000 
1.384989330e+000 1.977689449e+000 
1.440570923e+000 1.988029939e+000 
1.397615271e+000 1.979891300e+000 
1.643237471e+000 1.999781281e+000 
1.389838630e+000 1.978724486e+000 
1.386132851e+000 1.977849118e+000 
1.391933982e+000 1.978791085e+000 
1.387984003e+000 1.978067324e+000 
1.539606087e+000 1.996993824e+000 
1.358267215e+000 1.969802029e+000 
1.383742618e+000 1.977423992e+000 
1.389196895e+000 1.978447670e+000 
1.362040716e+000 1.970956547e+000 
1.358620231e+000 1.970525304e+000 
1.364863911e+000 1.971518363e+000 
1.357606440e+000 1.969507599e+000 
1.356224856e+000 1.969367387e+000 
1.355570637e+000 1.969053262e+000 
1.355658057e+000 1.969073806e+000 
1.352807378e+000 1.967917678e+000 
1.526559473e+000 1.996114964e+000 
1.367096368e+000 1.972613281e+000 
1.349551078e+000 1.967095673e+000 
1.368309573e+000 1.973236304e+000 
1.593464498e+000 1.998734101e+000 
1.392611035e+000 1.978891755e+000 
1.436225600e+000 1.987326438e+000 
1.437024644e+000 1.987557178e+000 
1.638245743e+000 1.999710314e+000 
1.478681159e+000 1.992550728e+000 
1.408830307e+000 1.982103900e+000 
1.401705351e+000 1.980905622e+000 
1.415653811e+000 1.983385884e+000 
1.485085996e+000 1.993149122e+000 
1.413882675e+000 1.983318227e+000 
1.475737086e+000 1.992143959e+000 
1.405572161e+000 1.981521162e+000 
1.534839545e+000 1.996803899e+000 
1.497723782e+000 1.994458432e+000 
1.497134891e+000 1.994448066e+000 
1.494271207e+000 1.994234319e+000 
1.609340169e+000 1.999482754e+000 
1.409861998e+000 1.982365155e+000 
1.499541078e+000 1.994507679e+000 
1.492137120e+000 1.994086972e+000 
1.606403357e+000 1.999441691e+000 
1.596979979e+000 1.999065407e+000 
1.600769936e+000 1.999290572e+000 
1.462393744e+000 1.991054753e+000 
1.471002158e+000 1.991870907e+000 
1.467184167e+000 1.991772723e+000 
1.399447030e+000 1.980542785e+000 
1.589441409e+000 1.998727331e+000 
1.403200198e+000 1.981099658e+000 
1.402296195e+000 1.980989328e+000 
1.411293664e+000 1.982685521e+000 
1.434688128e+000 1.986817068e+000 
1.519248005e+000 1.995778939e+000 
1.577988605e+000 1.998574470e+000 
1.490674894e+000 1.993763661e+000 
1.474669901e+000 1.992052285e+000 
1.498151893e+000 1.994499439e+000 
1.440515044e+000 1.987935428e+000 
1.423694735e+000 1.985088880e+000 
1.563659416e+000 1.997966071e+000 
1.457813668e+000 1.990491525e+000 
1.453295577e+000 1.989913747e+000 
1.422344080e+000 1.984927699e+000 
1.430866612e+000 1.986334293e+000 
1.428203836e+000 1.986242730e+000 
1.450571301e+000 1.989586333e+000 
1.573826001e+000 1.998483567e+000 
1.512820551e+000 1.995689730e+000 
1.460236689e+000 1.990671118e+000 
1.499854770e+000 1.994591603e+000 
1.455687808e+000 1.990284926e+000 
1.466294528e+000 1.991405566e+000 
1.427888856e+000 1.986231683e+000 
1.461039652e+000 1.990905049e+000 
1.508036428e+000 1.995141733e+000 
1.453566437e+000 1.990183958e+000 
1.456806913e+000 1.990349428e+000 
1.526654601e+000 1.996130341e+000 
1.572646756e+000 1.998465210e+000 
1.487754253e+000 1.993286268e+000 
1.429062865e+000 1.986250830e+000 
1.445208033e+000 1.989059233e+000 
1.510299303e+000 1.995575562e+000 
1.550870811e+000 1.997685349e+000 
1.595111583e+000 1.998932615e+000 
1.520119018e+000 1.995918756e+000 
1.418684562e+000 1.984147635e+000 
1.526280278e+000 1.996004201e+000 
1.566429702e+000 1.998121870e+000 
1.539728622e+000 1.996997676e+000 
1.539729393e+000 1.997194776e+000 
1.525414280e+000 1.995965254e+000 
1.538097617e+000 1.996944915e+000 
1.546212770e+000 1.997324476e+000 
1.539020698e+000 1.996976327e+000 
1.396610512e+000 1.979745846e+000 
1.571274706e+000 1.998315612e+000 
1.566023420e+000 1.997975769e+000 
1.525567576e+000 1.995977574e+000 
1.533911250e+000 1.996713411e+000 
1.490124937e+000 1.993546246e+000 
1.486720634e+000 1.993284326e+000 
1.561202449e+000 1.997733929e+000 

