1.036818669e+000 1.820765923e+000 
1.050605322e+000 1.835933451e+000 
1.026528246e+000 1.807341623e+000 
1.023756979e+000 1.803504841e+000 
1.030983806e+000 1.813400669e+000 
1.028741927e+000 1.810356188e+000 
1.053648452e+000 1.839422929e+000 
1.009113647e+000 1.776412886e+000 
1.045976237e+000 1.831451555e+000 
1.046550920e+000 1.831930933e+000 
1.122631067e+000 1.898066102e+000 
1.024473851e+000 1.804287267e+000 
1.150319519e+000 1.914272127e+000 
1.157204602e+000 1.917688838e+000 
1.023178539e+000 1.802403025e+000 
1.065797280e+000 1.852652579e+000 
1.027245118e+000 1.808124048e+000 
1.061918091e+000 1.849102719e+000 
1.033344725e+000 1.816163641e+000 
1.120115386e+000 1.897480517e+000 
1.065641336e+000 1.852448094e+000 
1.035131309e+000 1.818327062e+000 
1.023429503e+000 1.802880256e+000 
1.026200770e+000 1.806717037e+000 
1.153728232e+000 1.915450754e+000 
1.058035580e+000 1.844432977e+000 
1.020927005e+000 1.799141012e+000 
1.151330082e+000 1.915403159e+000 
1.021177968e+000 1.799618243e+000 
1.054502306e+000 1.840465032e+000 
1.116607698e+000 1.894342435e+000 
1.150725774e+000 1.914804367e+000 
1.019500016e+000 1.797050238e+000 
1.025779391e+000 1.805920891e+000 
1.145702652e+000 1.912282515e+000 
1.034583949e+000 1.817779688e+000 
1.010791185e+000 1.780626813e+000 
1.022524864e+000 1.801219564e+000 
1.154928198e+000 1.916687338e+000 
1.034325133e+000 1.817719695e+000 
1.153870575e+000 1.915490288e+000 
1.012902747e+000 1.785102828e+000 
1.040374566e+000 1.825328121e+000 
1.137073449e+000 1.907418685e+000 
1.032634675e+000 1.815141388e+000 
1.042456988e+000 1.827628650e+000 
1.007569479e+000 1.771315496e+000 
1.040163510e+000 1.825028690e+000 
1.029783545e+000 1.811382330e+000 
1.041870732e+000 1.826868601e+000 
1.058820774e+000 1.845462305e+000 
1.072888847e+000 1.860288149e+000 
1.029311369e+000 1.810781799e+000 
1.057218052e+000 1.843276927e+000 
1.112900561e+000 1.892351440e+000 
1.117959755e+000 1.895316825e+000 
1.006642029e+000 1.766138369e+000 
1.066092609e+000 1.853353705e+000 
1.008081272e+000 1.773577571e+000 
1.107031800e+000 1.888284865e+000 
1.063136971e+000 1.849717448e+000 
1.094411553e+000 1.879106247e+000 
1.035388332e+000 1.818856233e+000 
1.007518719e+000 1.771185621e+000 
1.034828284e+000 1.818169303e+000 
1.038885141e+000 1.823387527e+000 
1.091061275e+000 1.876428443e+000 
1.093410526e+000 1.878616701e+000 
1.009621376e+000 1.778040562e+000 
1.102911532e+000 1.885321334e+000 
1.015105140e+000 1.790158786e+000 
1.012499420e+000 1.784407844e+000 
1.092255603e+000 1.877074472e+000 
1.106592891e+000 1.887471474e+000 
1.047753945e+000 1.833534420e+000 
1.089299217e+000 1.874382456e+000 
1.096307802e+000 1.880286046e+000 
1.101551580e+000 1.884163211e+000 
1.090599076e+000 1.875620803e+000 
1.090770972e+000 1.875939248e+000 
1.096817868e+000 1.880915561e+000 
1.132698637e+000 1.905462062e+000 
1.066085150e+000 1.852971663e+000 
1.104230995e+000 1.885492514e+000 
1.099733409e+000 1.882347107e+000 
1.097686762e+000 1.881828275e+000 
1.016319189e+000 1.792300909e+000 
1.099218446e+000 1.882304865e+000 
1.011214338e+000 1.781600165e+000 
1.041384867e+000 1.826258463e+000 
1.037534522e+000 1.821747203e+000 
1.075452962e+000 1.862094714e+000 
1.149391780e+000 1.913008448e+000 
1.092765669e+000 1.877703987e+000 
1.009082624e+000 1.776113115e+000 
1.007101639e+000 1.769819760e+000 
1.085745022e+000 1.871286086e+000 
1.147005978e+000 1.912669096e+000 
1.114313497e+000 1.893338695e+000 
1.115457158e+000 1.893800126e+000 
1.012155270e+000 1.783775176e+000 
1.095842853e+000 1.879497969e+000 
1.077516982e+000 1.864546385e+000 
1.087521892e+000 1.873826822e+000 
1.076323508e+000 1.863434354e+000 
1.078431078e+000 1.865037664e+000 
1.150016286e+000 1.913906270e+000 
1.071687914e+000 1.858794076e+000 
1.079194617e+000 1.865928172e+000 
1.131573497e+000 1.904434337e+000 
1.074232091e+000 1.860905971e+000 
1.123578984e+000 1.899231101e+000 
1.124482488e+000 1.899865007e+000 
1.065643569e+000 1.852543529e+000 
1.091574091e+000 1.877038396e+000 
1.012455292e+000 1.784080788e+000 
1.118674807e+000 1.895954239e+000 
1.019206420e+000 1.796187769e+000 
1.073829041e+000 1.860489407e+000 
1.082205831e+000 1.868828167e+000 
1.006841907e+000 1.768463931e+000 
1.012723608e+000 1.784641924e+000 
1.104126055e+000 1.885355529e+000 
1.142379294e+000 1.910241182e+000 
1.086656071e+000 1.872587592e+000 
1.124931796e+000 1.900256832e+000 
1.119890484e+000 1.897141319e+000 
1.136534291e+000 1.906946733e+000 
1.065636669e+000 1.852328534e+000 
1.119148230e+000 1.896662741e+000 
1.121737715e+000 1.897741833e+000 
1.034161315e+000 1.817259620e+000 
1.122506002e+000 1.897769209e+000 
1.130232875e+000 1.903313263e+000 
1.144081703e+000 1.911269308e+000 
1.126981493e+000 1.901710650e+000 
1.074813581e+000 1.861539295e+000 
1.007353700e+000 1.770726006e+000 
1.121431151e+000 1.897577261e+000 
1.013359834e+000 1.786671271e+000 
1.014854176e+000 1.789681555e+000 
1.066500889e+000 1.853436409e+000 
1.081569181e+000 1.868226053e+000 
1.083822752e+000 1.870186408e+000 
1.070188830e+000 1.857281060e+000 
1.064582682e+000 1.851558547e+000 
1.034721362e+000 1.817946550e+000 
1.010596438e+000 1.780012479e+000 
1.010024703e+000 1.778735546e+000 
1.069204290e+000 1.856231171e+000 
1.134213086e+000 1.905730825e+000 
1.100818130e+000 1.883458844e+000 
1.063215998e+000 1.849795994e+000 
1.007024589e+000 1.769078485e+000 
1.017831704e+000 1.794921677e+000 
1.046783598e+000 1.832007177e+000 
1.020252275e+000 1.798081359e+000 
1.017420770e+000 1.793861610e+000 
1.071189739e+000 1.857718190e+000 
1.017169806e+000 1.793384379e+000 
1.122907636e+000 1.898176997e+000 
1.017749777e+000 1.794342115e+000 
1.124349876e+000 1.899577581e+000 
1.158234638e+000 1.918189801e+000 
1.160555843e+000 1.919196262e+000 
1.061811763e+000 1.848466379e+000 
1.156416501e+000 1.917563865e+000 
1.154124414e+000 1.915841541e+000 
1.058556861e+000 1.844622889e+000 
1.036546884e+000 1.820279953e+000 
1.037106932e+000 1.821159925e+000 
1.065303219e+000 1.852030897e+000 
1.048045688e+000 1.833700416e+000 
1.060947543e+000 1.847358504e+000 
1.036956082e+000 1.820932785e+000 
1.060433570e+000 1.846810258e+000 
1.036396035e+000 1.820245855e+000 
1.049086304e+000 1.834710922e+000 
1.056638654e+000 1.842745027e+000 
1.039202189e+000 1.823632910e+000 
1.000241388e+000 1.019330993e+000 
1.000325919e+000 1.019646509e+000 
1.000294875e+000 1.019343627e+000 
1.000318459e+000 1.019644421e+000 
1.000233929e+000 1.019328905e+000 
1.000086487e+000 1.019328713e+000 
1.005673465e+000 1.337901009e+000 
1.005360508e+000 1.336782544e+000 
1.004676516e+000 1.333011243e+000 
1.004844122e+000 1.334791648e+000 
1.006072864e+000 1.339742451e+000 
1.005641989e+000 1.337891785e+000 
1.005346889e+000 1.336498480e+000 
1.006047576e+000 1.339046355e+000 
1.005844097e+000 1.338361472e+000 
1.004504781e+000 1.211378669e+000 
1.004645395e+000 1.211927588e+000 
1.001122993e+000 1.049104369e+000 
1.001899940e+000 1.052238374e+000 
1.001837124e+000 1.051005165e+000 
1.001985215e+000 1.052652978e+000 
1.002177937e+000 1.052709791e+000 
1.001387901e+000 1.050891903e+000 
1.001690577e+000 1.050894548e+000 
1.001168133e+000 1.050629756e+000 
1.004420225e+000 1.156635891e+000 
1.002456649e+000 1.153554622e+000 
1.003015218e+000 1.154326160e+000 
1.003264398e+000 1.154545487e+000 
1.003576842e+000 1.154770322e+000 
1.003507558e+000 1.154672180e+000 
1.002445864e+000 1.150158528e+000 
1.002845813e+000 1.153818727e+000 
1.004177065e+000 1.156509198e+000 
1.003946268e+000 1.156267119e+000 
1.000062903e+000 1.000788202e+000 
1.000000000e+000 1.000244591e+000 
1.000836637e+000 1.024449641e+000 
1.000633655e+000 1.024057095e+000 
1.001053597e+000 1.024461582e+000 
1.000455524e+000 1.023700926e+000 
1.000950420e+000 1.024461569e+000 
1.198401629e+000 1.939538396e+000 
1.193868647e+000 1.937871901e+000 
1.154123238e+000 1.915767866e+000 
1.172610769e+000 1.925322945e+000 
1.166092566e+000 1.923615847e+000 
1.384814228e+000 1.989771506e+000 
1.366555441e+000 1.988035563e+000 
1.168203936e+000 1.924049986e+000 
1.163303892e+000 1.921838928e+000 
1.156077150e+000 1.917271477e+000 
1.240771064e+000 1.958997250e+000 
1.280647872e+000 1.971113693e+000 
1.391154404e+000 1.990886832e+000 
1.174276411e+000 1.927527963e+000 
1.188606430e+000 1.935004950e+000 
1.172775349e+000 1.926586797e+000 
1.251515311e+000 1.961327440e+000 
1.235613964e+000 1.956342775e+000 
1.250509157e+000 1.961158858e+000 
1.174695721e+000 1.928318821e+000 
1.227117873e+000 1.954027685e+000 
1.489895631e+000 1.998428742e+000 
1.181816149e+000 1.931953820e+000 
1.358550382e+000 1.987104007e+000 
1.277996387e+000 1.970513036e+000 
1.325737330e+000 1.980712642e+000 
1.161427388e+000 1.919821776e+000 
1.524041841e+000 1.999723768e+000 
1.514963989e+000 1.999343908e+000 
1.498133630e+000 1.999082468e+000 
1.506977966e+000 1.999323664e+000 
1.180352567e+000 1.931519681e+000 
1.524109166e+000 1.999741096e+000 
1.526315251e+000 1.999800423e+000 
1.505141638e+000 1.999124779e+000 
1.343908528e+000 1.984779219e+000 
1.293091959e+000 1.974192497e+000 
1.284273171e+000 1.972194106e+000 
1.356918406e+000 1.986512321e+000 
1.339595014e+000 1.983824488e+000 
1.351837014e+000 1.986131814e+000 
1.491863521e+000 1.998894920e+000 
1.214979822e+000 1.947049356e+000 
1.346088986e+000 1.985512118e+000 
1.343408362e+000 1.984543864e+000 
1.162271325e+000 1.920187372e+000 
1.517771733e+000 1.999536220e+000 
1.373328632e+000 1.988606576e+000 
1.379818929e+000 1.989026732e+000 
1.348786793e+000 1.985659774e+000 
1.177560498e+000 1.929669077e+000 
1.178864004e+000 1.931110274e+000 
1.182949565e+000 1.932826968e+000 
1.184438414e+000 1.932872525e+000 
1.174203193e+000 1.927503798e+000 
1.168885318e+000 1.925095150e+000 
1.361397187e+000 1.987351865e+000 
1.379134946e+000 1.988984263e+000 
1.199344598e+000 1.939915050e+000 
1.293364628e+000 1.974644658e+000 
1.199100919e+000 1.939723761e+000 
1.343516938e+000 1.984630275e+000 
1.176595396e+000 1.928871274e+000 
1.181569457e+000 1.931949159e+000 
1.159885216e+000 1.919176803e+000 
1.159083175e+000 1.919125806e+000 
1.309784368e+000 1.978037081e+000 
1.305317206e+000 1.977716847e+000 
1.263179978e+000 1.965989155e+000 
1.332416023e+000 1.982369584e+000 
1.333604349e+000 1.982995636e+000 
1.303242774e+000 1.976205650e+000 
1.323526003e+000 1.980064311e+000 
1.316394258e+000 1.979783384e+000 
1.222697640e+000 1.951208900e+000 
1.265283096e+000 1.966270946e+000 
1.334450645e+000 1.982997877e+000 
1.296318480e+000 1.975143857e+000 
1.290109715e+000 1.973646656e+000 
1.298592224e+000 1.975875473e+000 
1.306888596e+000 1.977901284e+000 
1.298135807e+000 1.975723481e+000 
1.223896121e+000 1.952173273e+000 
1.395529409e+000 1.991465460e+000 
1.387794305e+000 1.990498121e+000 
1.281660273e+000 1.971955671e+000 
1.217426447e+000 1.949752454e+000 
1.404662242e+000 1.992497200e+000 
1.218892825e+000 1.949999940e+000 
1.291691115e+000 1.973730105e+000 
1.260257854e+000 1.965485637e+000 
1.473014162e+000 1.998292701e+000 
1.215016890e+000 1.948192853e+000 
1.271275990e+000 1.968917502e+000 
1.267888355e+000 1.967831681e+000 
1.265479373e+000 1.967357526e+000 
1.303915783e+000 1.976766573e+000 
1.208239522e+000 1.945219138e+000 
1.268658363e+000 1.968398503e+000 
1.207574528e+000 1.944033547e+000 
1.195483226e+000 1.938788260e+000 
1.292362915e+000 1.973944718e+000 
1.224848486e+000 1.952496566e+000 
1.401635440e+000 1.992002882e+000 
1.172691355e+000 1.926460417e+000 
1.199788978e+000 1.941170062e+000 
1.205776867e+000 1.943777535e+000 
1.221980588e+000 1.950974568e+000 
1.234150514e+000 1.956080509e+000 
1.225900674e+000 1.952740456e+000 
1.274706071e+000 1.970129351e+000 
1.223086592e+000 1.952081567e+000 
1.203380620e+000 1.943251690e+000 
1.330987561e+000 1.981902744e+000 
1.485241196e+000 1.998375478e+000 
1.287279621e+000 1.973190960e+000 
1.284810043e+000 1.972671984e+000 
1.274281202e+000 1.969703570e+000 
1.469660709e+000 1.997908632e+000 
1.230448584e+000 1.954769370e+000 
1.384886361e+000 1.989858537e+000 
1.276062024e+000 1.970454829e+000 
1.216489978e+000 1.948424900e+000 
1.203285201e+000 1.942662794e+000 
1.245758791e+000 1.959699198e+000 
1.284616767e+000 1.972459521e+000 
1.471650201e+000 1.998030776e+000 
1.278068578e+000 1.970713217e+000 
1.489115632e+000 1.998383642e+000 
1.257047827e+000 1.964166902e+000 
1.257318186e+000 1.964200727e+000 
1.243006297e+000 1.959286785e+000 
1.239248729e+000 1.958292020e+000 
1.246383075e+000 1.959840816e+000 
1.141644658e+000 1.907843727e+000 
1.434834666e+000 1.995398682e+000 
1.437122677e+000 1.995479508e+000 
1.189752641e+000 1.935814256e+000 
1.221611137e+000 1.950559556e+000 
1.427680688e+000 1.994834884e+000 
1.221895845e+000 1.950772216e+000 
1.190394853e+000 1.935939230e+000 
1.458893065e+000 1.997071899e+000 
1.413370880e+000 1.993101691e+000 
1.449588430e+000 1.996908318e+000 
1.208168162e+000 1.944110104e+000 
1.453189943e+000 1.996923939e+000 
1.202793051e+000 1.942189510e+000 
1.161028446e+000 1.919286518e+000 
1.165908381e+000 1.922499674e+000 
1.412651347e+000 1.993001327e+000 
1.393566314e+000 1.990946552e+000 
1.191189271e+000 1.936462115e+000 
1.398031509e+000 1.991960875e+000 
1.421791495e+000 1.994089603e+000 
1.418525117e+000 1.993657210e+000 
1.464370336e+000 1.997599790e+000 
1.245182603e+000 1.959674217e+000 
1.356614800e+000 1.986483444e+000 
1.599653224e+000 1.999983776e+000 
1.406133169e+000 1.992937909e+000 
1.192224791e+000 1.937146942e+000 
1.385671240e+000 1.990328478e+000 
1.404614631e+000 1.992265224e+000 
1.187556398e+000 1.934538801e+000 
1.440740789e+000 1.995936026e+000 
1.380362936e+000 1.989673114e+000 
1.491113393e+000 1.998607118e+000 
1.361334643e+000 1.987243381e+000 
1.589182871e+000 1.999838670e+000 
1.460471138e+000 1.997075130e+000 
1.241531409e+000 1.959026850e+000 
1.577384198e+000 1.999813041e+000 
1.247294191e+000 1.960443714e+000 
1.432467322e+000 1.995165805e+000 
1.232555855e+000 1.955270268e+000 
1.372976775e+000 1.988373891e+000 
1.220691234e+000 1.950465981e+000 
1.364451347e+000 1.987404093e+000 
1.644615407e+000 2.000000000e+000 
1.264923210e+000 1.966051134e+000 
1.336268901e+000 1.983343605e+000 
1.216460700e+000 1.948399444e+000 
1.208213658e+000 1.944568414e+000 
1.186686513e+000 1.933716052e+000 
1.358488531e+000 1.986518522e+000 
1.194639413e+000 1.938012576e+000 
1.253480323e+000 1.962034728e+000 
1.273722938e+000 1.969173185e+000 
1.259512528e+000 1.964228247e+000 
1.281389775e+000 1.971175802e+000 
1.281649787e+000 1.971214499e+000 
1.315167193e+000 1.979239365e+000 
1.323532110e+000 1.980599480e+000 
1.463609100e+000 1.997233969e+000 
1.314053166e+000 1.979147448e+000 
1.438242820e+000 1.995915083e+000 
1.316379889e+000 1.979273894e+000 
1.427010762e+000 1.994646440e+000 
1.425254419e+000 1.994463051e+000 
1.326482388e+000 1.981192386e+000 
1.301836542e+000 1.976010427e+000 
1.374802769e+000 1.988675274e+000 
1.466995237e+000 1.997719998e+000 
1.468877274e+000 1.997730985e+000 

