1.005199234e+000 1.075512070e+000 
1.000079038e+000 1.000105225e+000 
1.000033776e+000 1.000100493e+000 
1.000205839e+000 1.000110292e+000 
1.000017256e+000 1.000095539e+000 
1.000012959e+000 1.000094643e+000 
1.000182063e+000 1.000109767e+000 
1.000086234e+000 1.000105448e+000 
1.000010060e+000 1.000000001e+000 
9.999999990e-001 1.000000000e+000 
1.000678796e+000 1.026087701e+000 
1.003691524e+000 1.029884531e+000 
1.001540178e+000 1.027909577e+000 
1.001269368e+000 1.027047867e+000 
1.001872187e+000 1.027994016e+000 
1.001088775e+000 1.027035155e+000 
1.001299688e+000 1.027050321e+000 
1.002202653e+000 1.028862104e+000 
1.002106824e+000 1.028838856e+000 
1.003457547e+000 1.029882101e+000 
1.000798747e+000 1.026096132e+000 
1.000881505e+000 1.026935344e+000 
1.001182145e+000 1.027040367e+000 
1.002614764e+000 1.028948196e+000 
1.003268347e+000 1.029806082e+000 
1.003039875e+000 1.029067806e+000 
1.000567355e+000 1.026011498e+000 
1.000796338e+000 1.026091634e+000 
1.000859388e+000 1.026100416e+000 
1.002476616e+000 1.028891270e+000 
1.003784894e+000 1.029967512e+000 
1.002803964e+000 1.028994414e+000 
1.004572345e+000 1.030776111e+000 
1.004343874e+000 1.030037836e+000 
1.004761545e+000 1.030852131e+000 
1.000285170e+000 1.009649808e+000 
1.000339896e+000 1.009801438e+000 
1.005899496e+000 1.278953217e+000 
1.005558498e+000 1.278717116e+000 
1.006344582e+000 1.281648538e+000 
1.006197861e+000 1.281074138e+000 
1.006676959e+000 1.283575793e+000 
1.006016448e+000 1.280908947e+000 
1.007049346e+000 1.284259538e+000 
1.000406768e+000 1.012356774e+000 
1.005528980e+000 1.215437803e+000 
1.005254270e+000 1.213318228e+000 
1.029259729e+000 1.775401000e+000 
1.034679543e+000 1.784715097e+000 
1.018272297e+000 1.752811129e+000 
1.134418500e+000 1.887423809e+000 
1.033300416e+000 1.782966877e+000 
1.031589217e+000 1.779514112e+000 
1.017034917e+000 1.749796649e+000 
1.031161220e+000 1.779468470e+000 
1.112816645e+000 1.868410343e+000 
1.119674275e+000 1.876241324e+000 
1.079429730e+000 1.839254340e+000 
1.010319094e+000 1.729336757e+000 
1.139566357e+000 1.890387558e+000 
1.007395410e+000 1.714701414e+000 
1.009691350e+000 1.727506040e+000 
1.118166352e+000 1.874372472e+000 
1.023143765e+000 1.764218775e+000 
1.028057494e+000 1.773808299e+000 
1.007452706e+000 1.714987790e+000 
1.045234711e+000 1.799627028e+000 
1.009594475e+000 1.726280601e+000 
1.060334135e+000 1.818654604e+000 
1.046672133e+000 1.800436901e+000 
1.016140772e+000 1.747696973e+000 
1.073996043e+000 1.833256236e+000 
1.073233367e+000 1.832225264e+000 
1.112712287e+000 1.868262607e+000 
1.108296444e+000 1.864978730e+000 
1.059613504e+000 1.817409924e+000 
1.134919147e+000 1.887806159e+000 
1.007220472e+000 1.712444393e+000 
1.009865919e+000 1.727908819e+000 
1.096514816e+000 1.855565683e+000 
1.138159153e+000 1.890167203e+000 
1.105676147e+000 1.862486133e+000 
1.042650628e+000 1.795894673e+000 
1.040132075e+000 1.792737560e+000 
1.020530477e+000 1.758463026e+000 
1.021654254e+000 1.760994935e+000 
1.072028667e+000 1.831082112e+000 
1.009149456e+000 1.724930844e+000 
1.007155522e+000 1.711030146e+000 
1.008620162e+000 1.721287566e+000 
1.019704121e+000 1.756347693e+000 
1.044721207e+000 1.799043653e+000 
1.011150512e+000 1.732418421e+000 
1.019447458e+000 1.755546641e+000 
1.011603687e+000 1.733846358e+000 
1.113693548e+000 1.868936126e+000 
1.007749753e+000 1.716941779e+000 
1.007251705e+000 1.714176765e+000 
1.017739094e+000 1.751658572e+000 
1.058561652e+000 1.816462210e+000 
1.081695153e+000 1.841913318e+000 
1.079842159e+000 1.839630955e+000 
1.137079183e+000 1.889532014e+000 
1.019088824e+000 1.754735992e+000 
1.024490343e+000 1.767260703e+000 
1.079590304e+000 1.839423727e+000 
1.054879302e+000 1.811616688e+000 
1.073278194e+000 1.832606278e+000 
1.008527850e+000 1.721096625e+000 
1.032471271e+000 1.781699271e+000 
1.016830644e+000 1.749060184e+000 
1.028982519e+000 1.775222649e+000 
1.116471155e+000 1.872229937e+000 
1.007874210e+000 1.718425969e+000 
1.012832438e+000 1.738393152e+000 
1.014182338e+000 1.742146049e+000 
1.043072895e+000 1.796626227e+000 
1.099313123e+000 1.856885206e+000 
1.013067366e+000 1.739255469e+000 
1.013190681e+000 1.739464040e+000 
1.015331965e+000 1.745504326e+000 
1.118544699e+000 1.874782129e+000 
1.010954405e+000 1.731431588e+000 
1.014508811e+000 1.743123683e+000 
1.120856232e+000 1.876397319e+000 
1.015081025e+000 1.745021651e+000 
1.118016922e+000 1.874038517e+000 
1.015458766e+000 1.745740613e+000 
1.124214949e+000 1.879988308e+000 
1.117807380e+000 1.873671803e+000 
1.100201267e+000 1.857879607e+000 
1.009369469e+000 1.726247225e+000 
1.010461203e+000 1.729938153e+000 
1.099737179e+000 1.857079312e+000 
1.021214749e+000 1.760189900e+000 
1.010772761e+000 1.731217401e+000 
1.010704500e+000 1.730443705e+000 
1.143165368e+000 1.894345550e+000 
1.101606485e+000 1.858864683e+000 
1.102639470e+000 1.860629906e+000 
1.133375089e+000 1.886359209e+000 
1.089403811e+000 1.848698987e+000 
1.133684832e+000 1.886762462e+000 
1.011781319e+000 1.734505302e+000 
1.089259195e+000 1.848685986e+000 
1.008987707e+000 1.723520049e+000 
1.008367465e+000 1.720827392e+000 
1.132880526e+000 1.885653071e+000 
1.010890035e+000 1.731361787e+000 
1.133329433e+000 1.886322359e+000 
1.086070485e+000 1.845807983e+000 
1.086224830e+000 1.846140766e+000 
1.008030179e+000 1.719205389e+000 
1.021421669e+000 1.760457978e+000 
1.114153584e+000 1.870932333e+000 
1.090416429e+000 1.849061887e+000 
1.062388210e+000 1.821455010e+000 
1.060107945e+000 1.818124417e+000 
1.054132782e+000 1.810304650e+000 
1.042005329e+000 1.795190098e+000 
1.060464674e+000 1.818655105e+000 
1.064992215e+000 1.824425329e+000 
1.060706416e+000 1.818966028e+000 
1.019888231e+000 1.756535992e+000 
1.062920482e+000 1.822103469e+000 
1.086592463e+000 1.846568786e+000 
1.088650191e+000 1.847907732e+000 
1.084508339e+000 1.844424725e+000 
1.113872284e+000 1.869994729e+000 
1.025984467e+000 1.770325955e+000 
1.110083140e+000 1.865929117e+000 
1.067789244e+000 1.827472798e+000 
1.063037755e+000 1.822216330e+000 
1.087567845e+000 1.847295322e+000 
1.109631705e+000 1.865610900e+000 
1.028346444e+000 1.774395368e+000 
1.071066814e+000 1.830702037e+000 
1.076744864e+000 1.836530099e+000 
1.104835169e+000 1.862115192e+000 
1.061949381e+000 1.820975661e+000 
1.077106464e+000 1.837188941e+000 
1.038510589e+000 1.790610103e+000 
1.047091807e+000 1.801541796e+000 
1.062105865e+000 1.821053366e+000 
1.033201375e+000 1.782363253e+000 
1.142319948e+000 1.892417504e+000 
1.023884441e+000 1.766118521e+000 
1.023633501e+000 1.765669122e+000 
1.139178992e+000 1.890268856e+000 
1.025546374e+000 1.769400633e+000 
1.047150979e+000 1.801688828e+000 
1.070456222e+000 1.830048386e+000 
1.037970887e+000 1.789866092e+000 
1.018927677e+000 1.754182451e+000 
1.038260003e+000 1.790244336e+000 
1.040143534e+000 1.792950039e+000 
1.022804029e+000 1.763347351e+000 
1.053793544e+000 1.810272714e+000 
1.049098054e+000 1.804285698e+000 
1.058669173e+000 1.816704783e+000 
1.049511098e+000 1.804680271e+000 
1.056983006e+000 1.814484838e+000 
1.059744084e+000 1.817991923e+000 
1.057833300e+000 1.815738398e+000 
1.129734179e+000 1.883113639e+000 
1.113215326e+000 1.868674035e+000 
1.077059629e+000 1.836889132e+000 
1.078655345e+000 1.838136476e+000 
1.117613746e+000 1.873279555e+000 
1.028933379e+000 1.775211091e+000 
1.074303876e+000 1.833848159e+000 
1.035420240e+000 1.786077537e+000 
1.034488066e+000 1.784706735e+000 
1.034469149e+000 1.784646861e+000 
1.126082501e+000 1.880229092e+000 
1.028565520e+000 1.774732463e+000 
1.107384876e+000 1.863971773e+000 
1.053136569e+000 1.809415843e+000 
1.130653811e+000 1.883585533e+000 
1.052914939e+000 1.809182701e+000 
1.033526867e+000 1.783071512e+000 
1.037085254e+000 1.788369177e+000 
1.110439362e+000 1.867395824e+000 
1.027604321e+000 1.773097240e+000 
1.027855261e+000 1.773533528e+000 
1.031817804e+000 1.780513420e+000 
1.112077264e+000 1.867618655e+000 
1.048218814e+000 1.802888626e+000 
1.055419541e+000 1.812506380e+000 
1.053257141e+000 1.809645304e+000 
1.222916715e+000 1.940647464e+000 
1.244628644e+000 1.950494049e+000 
1.246182054e+000 1.952053360e+000 
1.286030389e+000 1.967090012e+000 
1.392452340e+000 1.992897811e+000 
1.212221148e+000 1.934430967e+000 
1.339132415e+000 1.981248379e+000 
1.277530126e+000 1.963628362e+000 
1.267505134e+000 1.960441632e+000 
1.229996554e+000 1.943307623e+000 
1.161030279e+000 1.906615478e+000 
1.166389277e+000 1.910666622e+000 
1.229446900e+000 1.943075238e+000 
1.340566681e+000 1.982944059e+000 
1.231554907e+000 1.945431869e+000 
1.257104560e+000 1.956411241e+000 
1.148808227e+000 1.898952413e+000 
1.149456191e+000 1.899371652e+000 
1.252733472e+000 1.954617148e+000 
1.231980754e+000 1.945537039e+000 
1.587935967e+000 1.999835588e+000 
1.154699872e+000 1.903767789e+000 
1.201951523e+000 1.927751752e+000 
1.145533817e+000 1.894540059e+000 
1.180944804e+000 1.919977397e+000 
1.186426820e+000 1.922981846e+000 
1.244962913e+000 1.950559456e+000 
1.251750484e+000 1.953880465e+000 
1.230685577e+000 1.944417498e+000 
1.240653589e+000 1.949721863e+000 
1.345727014e+000 1.984357475e+000 
1.257070413e+000 1.956339499e+000 
1.187931046e+000 1.923410111e+000 
1.182188895e+000 1.920551400e+000 
1.150613282e+000 1.899905626e+000 
1.183429565e+000 1.921425044e+000 
1.217425065e+000 1.937486165e+000 
1.241730793e+000 1.950232473e+000 
1.165346422e+000 1.910659705e+000 
1.325592711e+000 1.978993784e+000 
1.358796866e+000 1.987731154e+000 
1.146166576e+000 1.895725996e+000 
1.141510828e+000 1.891628441e+000 
1.235800107e+000 1.947777124e+000 
1.172011862e+000 1.914269546e+000 
1.402850190e+000 1.993135574e+000 
1.281173934e+000 1.964937109e+000 
1.418583781e+000 1.994614666e+000 
1.366509267e+000 1.988797062e+000 
1.390623224e+000 1.992255387e+000 
1.266829348e+000 1.959587844e+000 
1.338595167e+000 1.981246972e+000 
1.339502323e+000 1.981682814e+000 
1.146730473e+000 1.895837491e+000 
1.372703512e+000 1.989759801e+000 
1.255382403e+000 1.954879829e+000 
1.212386277e+000 1.935526232e+000 
1.169013372e+000 1.911938757e+000 
1.170413636e+000 1.913882630e+000 
1.411232817e+000 1.994331668e+000 
1.249141963e+000 1.952874129e+000 
1.171920335e+000 1.913980392e+000 
1.252030037e+000 1.954030308e+000 
1.151968102e+000 1.900359771e+000 
1.254089999e+000 1.954658911e+000 
1.340478313e+000 1.982445142e+000 
1.346732781e+000 1.984730073e+000 
1.261814054e+000 1.957784955e+000 
1.164989235e+000 1.909416969e+000 
1.203885227e+000 1.929962088e+000 
1.599543581e+000 2.000000000e+000 
1.230129568e+000 1.943367586e+000 
1.357387585e+000 1.987111173e+000 
1.352759577e+000 1.986296378e+000 
1.263219272e+000 1.958713319e+000 
1.150072838e+000 1.899562257e+000 
1.157984408e+000 1.905743079e+000 
1.180177995e+000 1.918686700e+000 
1.190843725e+000 1.924939211e+000 
1.310421241e+000 1.974809876e+000 
1.533296793e+000 1.999520606e+000 
1.384428979e+000 1.991292648e+000 
1.374977419e+000 1.990110492e+000 
1.190429880e+000 1.924412752e+000 
1.154524288e+000 1.902880719e+000 
1.164200987e+000 1.909391602e+000 
1.155502567e+000 1.903907627e+000 
1.316870554e+000 1.977181132e+000 
1.225422755e+000 1.942207495e+000 
1.173421956e+000 1.915561346e+000 
1.380176030e+000 1.990946410e+000 
1.534556712e+000 1.999741358e+000 
1.220409527e+000 1.939872373e+000 
1.175903797e+000 1.917339298e+000 
1.169469540e+000 1.912070713e+000 
1.153697558e+000 1.902553795e+000 
1.214312679e+000 1.935675806e+000 
1.165057732e+000 1.909917619e+000 
1.232890123e+000 1.945829197e+000 
1.381171664e+000 1.991073231e+000 
1.520234644e+000 1.999165517e+000 
1.258007491e+000 1.957062076e+000 
1.367253176e+000 1.989196851e+000 
1.172392556e+000 1.915199771e+000 
1.214399298e+000 1.937434453e+000 
1.221046731e+000 1.940215598e+000 
1.218577162e+000 1.938671093e+000 
1.148205820e+000 1.897293799e+000 
1.169608617e+000 1.913118473e+000 
1.166711787e+000 1.910837994e+000 
1.163199940e+000 1.908939360e+000 
1.323092705e+000 1.978298385e+000 
1.167563608e+000 1.911882658e+000 
1.318688905e+000 1.977516414e+000 
1.365362047e+000 1.988607904e+000 
1.404671552e+000 1.993716209e+000 
1.351193340e+000 1.985992048e+000 
1.147908982e+000 1.896777802e+000 
1.333828135e+000 1.980665779e+000 
1.240027551e+000 1.948870052e+000 
1.534063607e+000 1.999603595e+000 
1.243229942e+000 1.950359869e+000 
1.237158709e+000 1.948211612e+000 
1.270300452e+000 1.961243677e+000 
1.248606767e+000 1.952302736e+000 
1.474083870e+000 1.997426456e+000 
1.261187992e+000 1.957382340e+000 
1.264098109e+000 1.959181451e+000 
1.193824093e+000 1.925895777e+000 
1.336535590e+000 1.981051548e+000 
1.220505757e+000 1.940052384e+000 
1.153481324e+000 1.901552295e+000 
1.510740123e+000 1.999138498e+000 
1.371550808e+000 1.989224550e+000 
1.195433841e+000 1.926388651e+000 
1.322481365e+000 1.977547367e+000 
1.376922797e+000 1.990475468e+000 
1.156667735e+000 1.904975365e+000 
1.159914034e+000 1.906484705e+000 
1.161031403e+000 1.907918663e+000 
1.146049224e+000 1.894578232e+000 
1.281807768e+000 1.965560702e+000 
1.323466082e+000 1.978342688e+000 
1.226499120e+000 1.942856990e+000 
1.443198876e+000 1.996354091e+000 
1.357886463e+000 1.987153604e+000 
1.300481337e+000 1.972443399e+000 
1.186051503e+000 1.922023928e+000 
1.190011464e+000 1.923736439e+000 
1.290413291e+000 1.968243072e+000 
1.291521561e+000 1.969633416e+000 
1.507149763e+000 1.999009314e+000 
1.438289519e+000 1.996013286e+000 
1.172174836e+000 1.914402763e+000 
1.388796627e+000 1.991750101e+000 
1.177529683e+000 1.917721880e+000 
1.530550056e+000 1.999485588e+000 
1.158549562e+000 1.906140711e+000 
1.222992822e+000 1.940820204e+000 
1.505111403e+000 1.998797693e+000 
1.360335427e+000 1.987778131e+000 
1.459940100e+000 1.997075595e+000 
1.307204195e+000 1.974415543e+000 
1.315007455e+000 1.976493071e+000 
1.311376545e+000 1.975916329e+000 
1.311935253e+000 1.976287892e+000 
1.194439803e+000 1.926108034e+000 
1.503819022e+000 1.998679075e+000 
1.525143055e+000 1.999469100e+000 
1.343827107e+000 1.983379985e+000 
1.272443687e+000 1.961562976e+000 
1.350466920e+000 1.985201709e+000 
1.459455405e+000 1.996977236e+000 
1.430922016e+000 1.995691288e+000 
1.449681353e+000 1.996778615e+000 
1.192705473e+000 1.925339655e+000 
1.330690155e+000 1.980020889e+000 
1.457252853e+000 1.996859230e+000 
1.197814082e+000 1.927734074e+000 
1.470493511e+000 1.997297272e+000 
1.219182010e+000 1.939141481e+000 
1.328264164e+000 1.979455393e+000 
1.479739508e+000 1.997577836e+000 
1.146936892e+000 1.896237157e+000 
1.328467505e+000 1.979462395e+000 
1.290282959e+000 1.968202362e+000 
1.432864503e+000 1.995827280e+000 
1.298114019e+000 1.971142089e+000 
1.290761974e+000 1.968864973e+000 
1.344930890e+000 1.983998746e+000 
1.422918989e+000 1.995203214e+000 
1.420458253e+000 1.995073006e+000 
1.468131927e+000 1.997111853e+000 
1.299232176e+000 1.972014183e+000 
1.263051204e+000 1.958358976e+000 
1.293755885e+000 1.970229401e+000 
1.222290359e+000 1.940277695e+000 
1.227561291e+000 1.943016283e+000 
1.205234680e+000 1.930620699e+000 
1.298550301e+000 1.971817721e+000 
1.293115772e+000 1.969642927e+000 
1.300892712e+000 1.972584162e+000 
1.232712285e+000 1.945601431e+000 
1.288167737e+000 1.967858145e+000 
1.305484295e+000 1.974368944e+000 
1.255889339e+000 1.955759616e+000 
1.314806926e+000 1.976373478e+000 
1.312627981e+000 1.976327460e+000 
1.269043285e+000 1.960938876e+000 
1.477673048e+000 1.997445004e+000 
1.289672387e+000 1.968175454e+000 
1.442259956e+000 1.996202833e+000 
1.274519576e+000 1.962723658e+000 
1.283375847e+000 1.965967333e+000 
1.468388050e+000 1.997254514e+000 
1.278554613e+000 1.964163492e+000 
1.335389327e+000 1.980984883e+000 
1.275209949e+000 1.963348621e+000 
1.447233195e+000 1.996390888e+000 
1.271908882e+000 1.961329145e+000 
1.497723065e+000 1.998405254e+000 
1.439673541e+000 1.996062519e+000 
1.482925070e+000 1.997650804e+000 
1.498904339e+000 1.998509325e+000 
1.457699484e+000 1.996868250e+000 
1.209956217e+000 1.933515045e+000 
1.207800974e+000 1.932145065e+000 
1.204716498e+000 1.930381174e+000 
1.387439441e+000 1.991425968e+000 
1.202640938e+000 1.929784464e+000 
1.409728534e+000 1.994007681e+000 
1.416100715e+000 1.994351986e+000 
1.211007509e+000 1.934371898e+000 
1.489056131e+000 1.998066350e+000 
1.500663097e+000 1.998615332e+000 
1.495564976e+000 1.998293439e+000 
1.217545418e+000 1.937767153e+000 
1.404397390e+000 1.993214789e+000 
1.333132580e+000 1.980219423e+000 
1.324856040e+000 1.978513000e+000 
1.206923201e+000 1.931423505e+000 
1.207109374e+000 1.931606652e+000 

