9.999999999e-001 1.000000000e+000 
1.000364320e+000 1.000045596e+000 
1.000205458e+000 1.000038785e+000 
1.000531948e+000 1.000051372e+000 
1.000169257e+000 1.000037818e+000 
1.000061260e+000 1.000032588e+000 
1.001011449e+000 1.000053402e+000 
1.000626181e+000 1.000051428e+000 
1.000006722e+000 1.000032544e+000 
1.000329221e+000 1.000039387e+000 
1.000169301e+000 1.000038420e+000 
1.001017928e+000 1.000054005e+000 
1.000971269e+000 1.000053385e+000 
1.000936343e+000 1.000052672e+000 
1.091123920e+000 1.836633490e+000 
1.224721224e+000 1.901101802e+000 
1.315636114e+000 1.927109794e+000 
1.165749206e+000 1.879279417e+000 
1.216308446e+000 1.896757834e+000 
1.169900557e+000 1.880483148e+000 
1.238481279e+000 1.904565728e+000 
1.110032426e+000 1.849387362e+000 
1.110544210e+000 1.849797312e+000 
1.283909301e+000 1.917436837e+000 
1.058671151e+000 1.811702258e+000 
1.057631144e+000 1.810001199e+000 
1.078418689e+000 1.827007613e+000 
1.198427882e+000 1.892082280e+000 
1.076434219e+000 1.825909177e+000 
1.141474085e+000 1.867860149e+000 
1.140010442e+000 1.867299271e+000 
1.059906725e+000 1.812604639e+000 
1.157862201e+000 1.875719300e+000 
1.063843251e+000 1.816034966e+000 
1.158653473e+000 1.876733176e+000 
1.166127568e+000 1.879521558e+000 
1.167828519e+000 1.880407089e+000 
1.058270268e+000 1.810760312e+000 
1.129676843e+000 1.861183070e+000 
1.262347000e+000 1.912032816e+000 
1.075013927e+000 1.824766522e+000 
1.140504650e+000 1.867722700e+000 
1.161402656e+000 1.877790131e+000 
1.064424533e+000 1.816508368e+000 
1.066701859e+000 1.818467574e+000 
1.077389577e+000 1.826544022e+000 
1.200648621e+000 1.892673451e+000 
1.050096897e+000 1.800820570e+000 
1.225081770e+000 1.901471153e+000 
1.157671068e+000 1.875698741e+000 
1.310413197e+000 1.924680581e+000 
1.071195697e+000 1.821888472e+000 
1.319552659e+000 1.928171686e+000 
1.059402353e+000 1.811998718e+000 
1.110329191e+000 1.849778892e+000 
1.051336755e+000 1.802733945e+000 
1.057377590e+000 1.809748220e+000 
1.319622190e+000 1.928595895e+000 
1.317266865e+000 1.927621611e+000 
1.320205989e+000 1.928927847e+000 
1.317460933e+000 1.927654785e+000 
1.315905573e+000 1.927408266e+000 
1.073974248e+000 1.824026151e+000 
1.260939165e+000 1.911179657e+000 
1.234623956e+000 1.904220582e+000 
1.222070043e+000 1.900029643e+000 
1.080263231e+000 1.828711519e+000 
1.110780488e+000 1.850325517e+000 
1.223261640e+000 1.900294645e+000 
1.096625089e+000 1.840303817e+000 
1.118469283e+000 1.854817913e+000 
1.050755330e+000 1.802144117e+000 
1.130344359e+000 1.862278111e+000 
1.069533656e+000 1.820591046e+000 
1.140277824e+000 1.867405011e+000 
1.061274907e+000 1.813692948e+000 
1.078742377e+000 1.827361914e+000 
1.080007270e+000 1.828476172e+000 
1.134347234e+000 1.864388291e+000 
1.065575561e+000 1.817594657e+000 
1.199914046e+000 1.892648729e+000 
1.228808725e+000 1.902598610e+000 
1.065071189e+000 1.816988735e+000 
1.198973616e+000 1.892204853e+000 
1.053723660e+000 1.805696894e+000 
1.143428759e+000 1.869088530e+000 
1.202497553e+000 1.893522749e+000 
1.077126177e+000 1.826149925e+000 
1.144319885e+000 1.869567440e+000 
1.147724729e+000 1.871052050e+000 
1.285738663e+000 1.918294712e+000 
1.230846328e+000 1.903337568e+000 
1.141944437e+000 1.868292533e+000 
1.287084240e+000 1.918647124e+000 
1.123960660e+000 1.858332620e+000 
1.202211609e+000 1.893293589e+000 
1.189484925e+000 1.887963087e+000 
1.201718246e+000 1.893275080e+000 
1.093601559e+000 1.838646589e+000 
1.142381883e+000 1.868516857e+000 
1.081752724e+000 1.829831352e+000 
1.141294165e+000 1.867856517e+000 
1.137082582e+000 1.866155007e+000 
1.126809441e+000 1.860109508e+000 
1.202735367e+000 1.893668958e+000 
1.287353699e+000 1.918945596e+000 
1.261936651e+000 1.911837905e+000 
1.240559991e+000 1.905950215e+000 
1.182942552e+000 1.885647288e+000 
1.090718560e+000 1.836617434e+000 
1.136648746e+000 1.865525975e+000 
1.084439973e+000 1.831860597e+000 
1.054130549e+000 1.806092082e+000 
1.061933837e+000 1.814332375e+000 
1.133158878e+000 1.864000582e+000 
1.068679796e+000 1.819822678e+000 
1.128452848e+000 1.860778220e+000 
1.099809542e+000 1.842963012e+000 
1.132940191e+000 1.863489498e+000 
1.169897104e+000 1.880462106e+000 
1.286257391e+000 1.918302075e+000 
1.059808152e+000 1.812589415e+000 
1.132249709e+000 1.863166380e+000 
1.172311277e+000 1.880970589e+000 
1.084780609e+000 1.832228076e+000 
1.123431674e+000 1.857933471e+000 
1.108982900e+000 1.849132919e+000 
1.198023622e+000 1.891770582e+000 
1.171737550e+000 1.880894381e+000 
1.318842560e+000 1.927795808e+000 
1.289931792e+000 1.920028093e+000 
1.187680183e+000 1.886956244e+000 
1.069169101e+000 1.820186363e+000 
1.324582180e+000 1.930037883e+000 
1.120735639e+000 1.856746270e+000 
1.121496525e+000 1.857021755e+000 
1.091968351e+000 1.837470108e+000 
1.323480270e+000 1.929920830e+000 
1.291923574e+000 1.920764153e+000 
1.253376160e+000 1.909464150e+000 
1.090107541e+000 1.836071982e+000 
1.317894210e+000 1.927732127e+000 
1.286892742e+000 1.918507406e+000 
1.291866552e+000 1.920611821e+000 
1.081487104e+000 1.829539011e+000 
1.232975323e+000 1.903408747e+000 
1.173212164e+000 1.881389510e+000 
1.265263530e+000 1.913230606e+000 
1.096980151e+000 1.840935179e+000 
1.227789383e+000 1.902541929e+000 
1.075673833e+000 1.825140576e+000 
1.172979734e+000 1.881208857e+000 
1.079450952e+000 1.827920105e+000 
1.089416316e+000 1.835635067e+000 
1.294741636e+000 1.921106327e+000 
1.080245201e+000 1.828650546e+000 
1.094763352e+000 1.839404279e+000 
1.078223206e+000 1.826790044e+000 
1.080887331e+000 1.829133749e+000 
1.196958561e+000 1.891611574e+000 
1.281840241e+000 1.916756334e+000 
1.111902966e+000 1.851438765e+000 
1.112848997e+000 1.851678201e+000 
1.116251072e+000 1.853842596e+000 
1.113375923e+000 1.852123144e+000 
1.104449574e+000 1.846578546e+000 
1.174949595e+000 1.883001393e+000 
1.081136886e+000 1.829369344e+000 
1.100960776e+000 1.843651372e+000 
1.199834932e+000 1.892546994e+000 
1.103273234e+000 1.845326636e+000 
1.052157542e+000 1.803448927e+000 
1.090102230e+000 1.836047882e+000 
1.244929113e+000 1.907455488e+000 
1.170784617e+000 1.880692905e+000 
1.104912472e+000 1.846581628e+000 
1.097910547e+000 1.841301744e+000 
1.103925411e+000 1.846024274e+000 
1.102159948e+000 1.844835713e+000 
1.239413977e+000 1.905545539e+000 
1.103736628e+000 1.845629675e+000 
1.052797305e+000 1.804186106e+000 
1.264380600e+000 1.912804118e+000 
1.195927433e+000 1.890281882e+000 
1.264971559e+000 1.913138920e+000 
1.156056839e+000 1.874180742e+000 
1.152582107e+000 1.872409980e+000 
1.256434207e+000 1.910789579e+000 
1.252512581e+000 1.909300265e+000 
1.250950856e+000 1.908887691e+000 
1.211583007e+000 1.896017301e+000 
1.220542366e+000 1.899213552e+000 
1.211416640e+000 1.896013803e+000 
1.303840790e+000 1.922055321e+000 
1.306289270e+000 1.923134152e+000 
1.304397182e+000 1.922845136e+000 
1.047004786e+000 1.326628842e+000 
1.046206725e+000 1.325506429e+000 
1.049298351e+000 1.329339712e+000 
1.049692052e+000 1.329870955e+000 
1.046744529e+000 1.326040012e+000 
1.047546680e+000 1.327155982e+000 
1.049191399e+000 1.328624544e+000 
1.002400098e+000 1.000797320e+000 
1.001271920e+000 1.000757701e+000 
1.001825532e+000 1.000763599e+000 
1.001302504e+000 1.000757939e+000 
1.001841137e+000 1.000781932e+000 
1.001607754e+000 1.000762892e+000 
1.001571799e+000 1.000758735e+000 
1.001817240e+000 1.000763057e+000 
1.001185720e+000 1.000756331e+000 
1.003634647e+000 1.003949918e+000 
1.003183279e+000 1.003717706e+000 
1.003343165e+000 1.003722773e+000 
1.004040178e+000 1.004000113e+000 
1.004311983e+000 1.004034122e+000 
1.006443020e+000 1.004397349e+000 
1.004300172e+000 1.004023617e+000 
1.006201273e+000 1.004395378e+000 
1.004148121e+000 1.004006442e+000 
1.005607850e+000 1.004289953e+000 
1.006043727e+000 1.004372289e+000 
1.003385114e+000 1.003845371e+000 
1.003627576e+000 1.003856851e+000 
1.009334293e+000 1.018321250e+000 
1.010159951e+000 1.018329305e+000 
1.010777458e+000 1.018803105e+000 
1.011848338e+000 1.019228092e+000 
1.011606480e+000 1.019050130e+000 
1.002621072e+000 1.002295148e+000 
1.002913119e+000 1.002353111e+000 
1.002785585e+000 1.002300790e+000 
1.003170952e+000 1.002360771e+000 
1.002673797e+000 1.002300741e+000 
1.002462108e+000 1.002283843e+000 
1.003116461e+000 1.002360306e+000 
1.002951949e+000 1.002354664e+000 
1.002509285e+000 1.002295099e+000 
1.041205862e+000 1.232994670e+000 
1.041407528e+000 1.233377988e+000 
1.041773555e+000 1.234287329e+000 
1.044718050e+000 1.238423423e+000 
1.041815639e+000 1.234287667e+000 
1.042187961e+000 1.234689489e+000 
1.044101500e+000 1.237670988e+000 
1.004734972e+000 1.004220331e+000 
1.005237335e+000 1.004284389e+000 
1.004908111e+000 1.004249908e+000 
1.004811510e+000 1.004246574e+000 
1.005675943e+000 1.004366240e+000 
1.045385800e+000 1.315501002e+000 
1.045708986e+000 1.315712837e+000 
1.045017047e+000 1.314771088e+000 
1.008485239e+000 1.011651478e+000 
1.007837971e+000 1.011420732e+000 
1.007800605e+000 1.011388199e+000 
1.008969356e+000 1.011715972e+000 
1.016388027e+000 1.023706613e+000 
1.012186410e+000 1.021737852e+000 
1.032999991e+000 1.027923993e+000 
1.029031191e+000 1.027038775e+000 
1.023296726e+000 1.025616599e+000 
1.032671654e+000 1.027918939e+000 
1.022815653e+000 1.025549113e+000 
1.019427544e+000 1.024594799e+000 
1.013441848e+000 1.022162920e+000 
1.013387835e+000 1.021829502e+000 
1.013954605e+000 1.022250942e+000 
1.014335734e+000 1.022414762e+000 
1.028618888e+000 1.026951041e+000 
1.015603641e+000 1.023254061e+000 
1.015045446e+000 1.023157227e+000 
1.016758211e+000 1.024024149e+000 
1.014992489e+000 1.022793312e+000 
1.023837769e+000 1.025876919e+000 
1.026536037e+000 1.026556818e+000 
1.024253724e+000 1.025970397e+000 
1.014822530e+000 1.022765894e+000 
1.025043319e+000 1.026111836e+000 
1.024659988e+000 1.026074962e+000 
1.024558975e+000 1.026039719e+000 
1.014522479e+000 1.022733177e+000 
1.026367871e+000 1.026520308e+000 
1.025675794e+000 1.026273368e+000 
1.031339520e+000 1.027644593e+000 
1.032484372e+000 1.027740127e+000 
1.037814902e+000 1.177742593e+000 
1.037125201e+000 1.177102420e+000 
1.038718206e+000 1.178490592e+000 
1.037240397e+000 1.177184317e+000 
1.034867646e+000 1.174528033e+000 
1.036053410e+000 1.176507271e+000 
1.040015463e+000 1.180120352e+000 
1.040897041e+000 1.181169113e+000 
1.039238662e+000 1.179931785e+000 
1.006960010e+000 1.005738516e+000 
1.006868926e+000 1.005734466e+000 
1.006520814e+000 1.005734211e+000 
1.007026517e+000 1.005860499e+000 
1.007473345e+000 1.005864803e+000 
1.006959304e+000 1.005735260e+000 
1.887795818e+000 2.000000000e+000 
1.339776325e+000 1.934010424e+000 
1.336434032e+000 1.932061716e+000 
1.359419931e+000 1.940328711e+000 
1.318979451e+000 1.927827671e+000 
1.314458272e+000 1.926376637e+000 
1.314062247e+000 1.926162713e+000 
1.365941106e+000 1.942625817e+000 
1.355953895e+000 1.939703405e+000 
1.351860883e+000 1.937936515e+000 
1.357908538e+000 1.940063210e+000 
1.369084181e+000 1.943832292e+000 
1.377034002e+000 1.945742664e+000 
1.367937650e+000 1.943461069e+000 
1.366000222e+000 1.942920573e+000 
1.372307801e+000 1.944765241e+000 
1.366312798e+000 1.943078991e+000 
1.827578214e+000 1.998452067e+000 
1.349302753e+000 1.937339705e+000 
1.343733139e+000 1.935295256e+000 
1.817364926e+000 1.998364087e+000 
1.346676457e+000 1.936025109e+000 
1.350870569e+000 1.937515918e+000 
1.345692874e+000 1.935938533e+000 
1.348152204e+000 1.936704322e+000 
1.358792248e+000 1.940184161e+000 
1.347692280e+000 1.936691493e+000 
1.879634620e+000 1.999835088e+000 
1.820802840e+000 1.998412011e+000 
1.818827407e+000 1.998388146e+000 
1.879939580e+000 1.999937534e+000 
1.821777860e+000 1.998420189e+000 
1.795607544e+000 1.997681191e+000 
1.798104673e+000 1.997760852e+000 
1.811722006e+000 1.998352428e+000 
1.801814418e+000 1.997907151e+000 
1.808982491e+000 1.998104005e+000 
1.875219513e+000 1.999719873e+000 
1.343668592e+000 1.934923536e+000 
1.805129253e+000 1.998075129e+000 
1.342892456e+000 1.934343461e+000 
1.340952275e+000 1.934118498e+000 
1.333263397e+000 1.931639130e+000 
1.329943787e+000 1.930894422e+000 
1.335504028e+000 1.931974326e+000 
1.328015160e+000 1.930133860e+000 
1.333078091e+000 1.931464553e+000 
1.347084632e+000 1.936335947e+000 
1.313309162e+000 1.924869280e+000 
1.334606963e+000 1.931705859e+000 
1.332669605e+000 1.931451974e+000 
1.337471633e+000 1.932967709e+000 
1.877406926e+000 1.999816929e+000 
1.338573917e+000 1.933349785e+000 
1.870995565e+000 1.999499371e+000 
1.871953170e+000 1.999601312e+000 
1.418842327e+000 1.957343889e+000 
1.409791606e+000 1.955435702e+000 
1.412159188e+000 1.956448539e+000 
1.413875831e+000 1.956662784e+000 
1.411231117e+000 1.956163177e+000 
1.407691113e+000 1.955244608e+000 
1.430344237e+000 1.960076431e+000 
1.427667574e+000 1.959381157e+000 
1.416266542e+000 1.956913103e+000 
1.432221617e+000 1.960353041e+000 
1.439790255e+000 1.962023487e+000 
1.439750184e+000 1.961965992e+000 
1.494180305e+000 1.973596899e+000 
1.480027502e+000 1.971374082e+000 
1.497008451e+000 1.973608880e+000 
1.487281613e+000 1.972211005e+000 
1.490353184e+000 1.972877493e+000 
1.478245792e+000 1.970798151e+000 
1.440038733e+000 1.962795982e+000 
1.434554904e+000 1.961408602e+000 
1.483416372e+000 1.971700546e+000 
1.474877770e+000 1.970490199e+000 
1.463711381e+000 1.968427809e+000 
1.479657437e+000 1.971141225e+000 
1.377519454e+000 1.946326385e+000 
1.466053193e+000 1.969017202e+000 
1.378615898e+000 1.946630485e+000 
1.423479844e+000 1.958257814e+000 
1.389623592e+000 1.949674290e+000 
1.388149692e+000 1.949371432e+000 
1.379976407e+000 1.947481277e+000 
1.381844053e+000 1.947864960e+000 
1.458229176e+000 1.966505645e+000 
1.399008290e+000 1.952389073e+000 
1.383755244e+000 1.948343814e+000 
1.399799139e+000 1.952453690e+000 
1.395359388e+000 1.951825722e+000 
1.391458454e+000 1.951211217e+000 
1.449223242e+000 1.965029789e+000 
1.459503520e+000 1.967529201e+000 
1.449529036e+000 1.965212970e+000 
1.386347391e+000 1.949011449e+000 
1.389025386e+000 1.949508109e+000 
1.359747578e+000 1.940801542e+000 
1.375248971e+000 1.944915589e+000 
1.463033052e+000 1.968045859e+000 
1.390090674e+000 1.950144997e+000 
1.360473566e+000 1.941003954e+000 
1.479410750e+000 1.970940156e+000 
1.465378629e+000 1.968717417e+000 
1.463442687e+000 1.968077439e+000 
1.489626107e+000 1.972418087e+000 
1.468103251e+000 1.969464671e+000 
1.446831883e+000 1.964439141e+000 
1.442551367e+000 1.963662043e+000 
1.472877961e+000 1.970073237e+000 
1.353689784e+000 1.939001739e+000 
1.361441603e+000 1.941458737e+000 
1.540790726e+000 1.980251407e+000 
1.445289279e+000 1.964079764e+000 
1.363176977e+000 1.942095844e+000 
1.488647511e+000 1.972354554e+000 
1.450042302e+000 1.965427493e+000 
1.376341582e+000 1.945193031e+000 
1.446833971e+000 1.964449788e+000 
1.529072742e+000 1.978602313e+000 
1.505636792e+000 1.974983514e+000 
1.803480351e+000 1.997948342e+000 
1.377509614e+000 1.945753495e+000 
1.403670655e+000 1.953391504e+000 
1.406356884e+000 1.954453385e+000 
1.540502870e+000 1.979850062e+000 
1.831446680e+000 1.998712225e+000 
1.402372301e+000 1.952925468e+000 
1.866837081e+000 1.999393129e+000 
1.838642660e+000 1.998845261e+000 
1.403084046e+000 1.952977659e+000 
1.822161461e+000 1.998429840e+000 
1.510037676e+000 1.975979247e+000 
1.863296264e+000 1.999196951e+000 
1.436411924e+000 1.961891077e+000 
1.500609378e+000 1.974182665e+000 
1.506822671e+000 1.975396090e+000 
1.505680825e+000 1.975338026e+000 
1.501607224e+000 1.974579891e+000 
1.515987623e+000 1.976838749e+000 
1.512228717e+000 1.976645507e+000 
1.498045162e+000 1.973787146e+000 
1.502330437e+000 1.974700251e+000 
1.860978081e+000 1.999084701e+000 
1.518176337e+000 1.977267501e+000 
1.769123521e+000 1.996855735e+000 
1.433614698e+000 1.961182034e+000 
1.776684303e+000 1.997129726e+000 
1.770094397e+000 1.996939929e+000 
1.776330792e+000 1.997075569e+000 
1.771166285e+000 1.997060404e+000 
1.757853111e+000 1.996659991e+000 
1.755252074e+000 1.996604313e+000 
1.792747388e+000 1.997498419e+000 
1.857746217e+000 1.998979984e+000 
1.751779184e+000 1.996372351e+000 
1.788993007e+000 1.997443268e+000 
1.854597509e+000 1.998904329e+000 
1.749324152e+000 1.996203824e+000 
1.751352246e+000 1.996361510e+000 
1.750059649e+000 1.996356940e+000 
1.752426930e+000 1.996454480e+000 
1.782122799e+000 1.997321380e+000 
1.734086747e+000 1.995823339e+000 
1.727220972e+000 1.995479422e+000 
1.735007438e+000 1.995890998e+000 
1.856348799e+000 1.998951170e+000 
1.608917595e+000 1.987683295e+000 
1.713052579e+000 1.994698198e+000 
1.849024650e+000 1.998856543e+000 
1.791969446e+000 1.997454984e+000 
1.711947218e+000 1.994568937e+000 
1.664189918e+000 1.991606675e+000 
1.656571637e+000 1.991401683e+000 
1.659974192e+000 1.991588561e+000 
1.664548077e+000 1.991621609e+000 
1.783943451e+000 1.997360415e+000 
1.653878046e+000 1.991287404e+000 
1.708300374e+000 1.994475637e+000 
1.706475383e+000 1.994357861e+000 
1.701229561e+000 1.994088878e+000 
1.645123197e+000 1.990780758e+000 
1.706758865e+000 1.994438271e+000 
1.635172927e+000 1.990179821e+000 
1.645797837e+000 1.990878967e+000 
1.644225995e+000 1.990775407e+000 
1.639807908e+000 1.990539884e+000 
1.640010396e+000 1.990552567e+000 
1.780143804e+000 1.997140335e+000 
1.638525551e+000 1.990396239e+000 
1.616759072e+000 1.988505215e+000 
1.618451873e+000 1.988653154e+000 
1.619968307e+000 1.988729382e+000 
1.617746069e+000 1.988550555e+000 
1.627286324e+000 1.989279593e+000 
1.612236864e+000 1.988095004e+000 
1.620125572e+000 1.988877131e+000 
1.622652292e+000 1.989025732e+000 
1.603445082e+000 1.987167243e+000 
1.599009974e+000 1.986762150e+000 
1.592867416e+000 1.985920178e+000 
1.562012872e+000 1.982588620e+000 
1.855364313e+000 1.998934666e+000 
1.593971405e+000 1.986173654e+000 
1.521648968e+000 1.977842395e+000 
1.595519165e+000 1.986492195e+000 
1.520780869e+000 1.977679894e+000 
1.590703187e+000 1.985791798e+000 
1.603045565e+000 1.987032545e+000 
1.536524508e+000 1.979765758e+000 
1.579462388e+000 1.984657561e+000 
1.583579699e+000 1.984850697e+000 
1.553666465e+000 1.981775414e+000 
1.553049334e+000 1.981590626e+000 
1.540668561e+000 1.980145123e+000 
1.576914824e+000 1.984582879e+000 
1.524829131e+000 1.978329049e+000 
1.524697712e+000 1.978293386e+000 
1.532911089e+000 1.979271768e+000 
1.556318272e+000 1.982220761e+000 
1.530759028e+000 1.978984073e+000 
1.571363858e+000 1.983956941e+000 
1.567430387e+000 1.983242427e+000 
1.680251112e+000 1.992712000e+000 
1.545697491e+000 1.980890266e+000 
1.562344592e+000 1.982949316e+000 
1.570450826e+000 1.983801697e+000 
1.517259105e+000 1.977155427e+000 
1.547202467e+000 1.981035239e+000 
1.544682353e+000 1.980849607e+000 
1.679572724e+000 1.992680534e+000 
1.532105955e+000 1.979210084e+000 
1.686253715e+000 1.993211455e+000 
1.684804034e+000 1.992919717e+000 
1.677994587e+000 1.992527287e+000 
1.685926805e+000 1.993057986e+000 
1.556203730e+000 1.981944542e+000 
1.568277029e+000 1.983295130e+000 
1.589134736e+000 1.985556205e+000 
1.771078243e+000 1.996944446e+000 
1.678175339e+000 1.992543915e+000 
1.593528223e+000 1.986062937e+000 
1.722829560e+000 1.995229903e+000 
1.721553361e+000 1.995207899e+000 
1.632904114e+000 1.989615212e+000 
1.719171571e+000 1.995065721e+000 
1.700868670e+000 1.994020765e+000 
1.700711086e+000 1.993937522e+000 
1.717560205e+000 1.994999113e+000 
1.726504183e+000 1.995303118e+000 
1.696669290e+000 1.993574848e+000 
1.786605356e+000 1.997383025e+000 
1.760654714e+000 1.996740761e+000 
1.667923060e+000 1.991851187e+000 

