1.006695764e+000 1.023046025e+000 
1.006938763e+000 1.023891423e+000 
1.006465377e+000 1.022562400e+000 
1.006708376e+000 1.023407799e+000 
1.006281843e+000 1.013492626e+000 
1.006114942e+000 1.013415977e+000 
1.005971165e+000 1.013346988e+000 
1.006363890e+000 1.013530500e+000 
1.005203338e+000 1.012672215e+000 
1.005214529e+000 1.012899156e+000 
1.005859206e+000 1.013181143e+000 
1.188789216e+000 1.923739592e+000 
1.041760623e+000 1.839092496e+000 
1.045293747e+000 1.842929857e+000 
1.040834973e+000 1.837969697e+000 
1.042630527e+000 1.840022495e+000 
1.057581480e+000 1.855536121e+000 
1.057043189e+000 1.855319597e+000 
1.053778320e+000 1.852087534e+000 
1.066518421e+000 1.862161277e+000 
1.065358409e+000 1.861964163e+000 
1.214924684e+000 1.930881073e+000 
1.038768093e+000 1.834444110e+000 
1.046251778e+000 1.844438105e+000 
1.050399345e+000 1.848497001e+000 
1.060536344e+000 1.858241230e+000 
1.071832906e+000 1.866950152e+000 
1.072686531e+000 1.867519929e+000 
1.092999490e+000 1.881137127e+000 
1.059751059e+000 1.857282264e+000 
1.043821135e+000 1.841369325e+000 
1.049260858e+000 1.847572514e+000 
1.088149568e+000 1.878571218e+000 
1.259104132e+000 1.940776335e+000 
1.073111282e+000 1.868008915e+000 
1.050978897e+000 1.849202436e+000 
1.153081576e+000 1.910736375e+000 
1.053562873e+000 1.852033860e+000 
1.054597935e+000 1.852873980e+000 
1.133583669e+000 1.901544093e+000 
1.058409108e+000 1.856364388e+000 
1.180959156e+000 1.921180033e+000 
1.059968674e+000 1.857740183e+000 
1.124516699e+000 1.898583869e+000 
1.055025027e+000 1.853352551e+000 
1.067193727e+000 1.863482318e+000 
1.178941129e+000 1.920365462e+000 
1.099731326e+000 1.885605847e+000 
1.178280399e+000 1.920256415e+000 
1.061188513e+000 1.858787994e+000 
1.067490515e+000 1.863672331e+000 
1.264991428e+000 1.941510991e+000 
1.078723467e+000 1.872045916e+000 
1.154340920e+000 1.911420244e+000 
1.046186880e+000 1.844251400e+000 
1.124081058e+000 1.898570016e+000 
1.096973294e+000 1.883516081e+000 
1.180481234e+000 1.920812300e+000 
1.202010430e+000 1.927094979e+000 
1.202490773e+000 1.927741730e+000 
1.147468597e+000 1.908452116e+000 
1.178904132e+000 1.920289246e+000 
1.040186730e+000 1.837054134e+000 
1.102239437e+000 1.887174918e+000 
1.111417262e+000 1.891489832e+000 
1.076814774e+000 1.870781212e+000 
1.169360693e+000 1.916915792e+000 
1.079981707e+000 1.873039865e+000 
1.066974288e+000 1.863205896e+000 
1.178038845e+000 1.919476976e+000 
1.218414032e+000 1.932213453e+000 
1.039856673e+000 1.836652958e+000 
1.188251384e+000 1.923550618e+000 
1.215668901e+000 1.931051666e+000 
1.040330785e+000 1.837237734e+000 
1.039172009e+000 1.835460373e+000 
1.236172302e+000 1.933993481e+000 
1.230403476e+000 1.933462464e+000 
1.052480974e+000 1.850663662e+000 
1.121472457e+000 1.897309403e+000 
1.075914799e+000 1.869999326e+000 
1.063388706e+000 1.860469454e+000 
1.084295785e+000 1.875646299e+000 
1.118535717e+000 1.895796784e+000 
1.220785380e+000 1.932538743e+000 
1.125224921e+000 1.898910043e+000 
1.101682600e+000 1.886793632e+000 
1.153920134e+000 1.911085308e+000 
1.064177928e+000 1.861191101e+000 
1.219555937e+000 1.932317781e+000 
1.063142426e+000 1.860276791e+000 
1.064501979e+000 1.861615973e+000 
1.126428179e+000 1.899142890e+000 
1.210305423e+000 1.929423248e+000 
1.131336850e+000 1.901489899e+000 
1.211242157e+000 1.929454641e+000 
1.042402974e+000 1.839566770e+000 
1.157584514e+000 1.912586736e+000 
1.086957426e+000 1.877347267e+000 
1.053977677e+000 1.852245526e+000 
1.152371533e+000 1.910478170e+000 
1.100288163e+000 1.885986135e+000 
1.114107685e+000 1.892990240e+000 
1.087278281e+000 1.877761485e+000 
1.106818387e+000 1.889358249e+000 
1.097138435e+000 1.883830643e+000 
1.252089007e+000 1.938045986e+000 
1.136828196e+000 1.904253995e+000 
1.094531729e+000 1.882241168e+000 
1.079093206e+000 1.872241608e+000 
1.262316536e+000 1.941239446e+000 
1.095722549e+000 1.883060193e+000 
1.111974098e+000 1.891871118e+000 
1.240741911e+000 1.935381155e+000 
1.208638342e+000 1.929037909e+000 
1.155429399e+000 1.911662645e+000 
1.119737854e+000 1.896172070e+000 
1.070447868e+000 1.865979436e+000 
1.107188102e+000 1.889788513e+000 
1.104195469e+000 1.888042275e+000 
1.069169430e+000 1.865002945e+000 
1.140711015e+000 1.905684802e+000 
1.151797825e+000 1.910117277e+000 
1.149226329e+000 1.909326471e+000 
1.257160075e+000 1.939855218e+000 
1.067929854e+000 1.864015718e+000 
1.085601780e+000 1.876637130e+000 
1.199583630e+000 1.926886577e+000 
1.123218491e+000 1.897899620e+000 
1.070151080e+000 1.865789424e+000 
1.066909889e+000 1.863159491e+000 
1.094375733e+000 1.882112681e+000 
1.172189268e+000 1.918274726e+000 
1.121446546e+000 1.896860994e+000 
1.114344794e+000 1.893753702e+000 
1.127177603e+000 1.899855157e+000 
1.045906052e+000 1.843779266e+000 
1.097058646e+000 1.883750991e+000 
1.068480905e+000 1.864357817e+000 
1.124076629e+000 1.898329166e+000 
1.049607983e+000 1.847849138e+000 
1.050621437e+000 1.848819825e+000 
1.093606458e+000 1.881582463e+000 
1.096998069e+000 1.883667653e+000 
1.097398287e+000 1.883987614e+000 
1.237700425e+000 1.934645538e+000 
1.208990617e+000 1.929104688e+000 
1.134745084e+000 1.902401369e+000 
1.048306606e+000 1.846542883e+000 
1.048575086e+000 1.846798972e+000 
1.116622552e+000 1.894747328e+000 
1.115292149e+000 1.894069518e+000 
1.075666405e+000 1.869809492e+000 
1.094040946e+000 1.881619046e+000 
1.110542342e+000 1.891356893e+000 
1.166864948e+000 1.916356212e+000 
1.095165712e+000 1.882678907e+000 
1.138495962e+000 1.904624674e+000 
1.198667350e+000 1.926417183e+000 
1.150003431e+000 1.909656077e+000 
1.144003463e+000 1.907228882e+000 
1.190676720e+000 1.924124022e+000 
1.123557152e+000 1.897943954e+000 
1.171628323e+000 1.917977835e+000 
1.085333155e+000 1.876365389e+000 
1.091345635e+000 1.880198233e+000 
1.260488667e+000 1.941126641e+000 
1.257853297e+000 1.939965299e+000 
1.240204890e+000 1.935243442e+000 
1.194610555e+000 1.925289261e+000 
1.190506347e+000 1.924064076e+000 
1.134629355e+000 1.902110167e+000 
1.145820688e+000 1.908282479e+000 
1.243185355e+000 1.936218234e+000 
1.089558190e+000 1.879194104e+000 
1.258083602e+000 1.940033705e+000 
1.190774917e+000 1.924214591e+000 
1.171974762e+000 1.918065708e+000 
1.184525417e+000 1.921841191e+000 
1.237045211e+000 1.934424402e+000 
1.164255687e+000 1.915150152e+000 
1.208217388e+000 1.928795022e+000 
1.198516895e+000 1.926371626e+000 
1.238364180e+000 1.934813590e+000 
1.139346669e+000 1.905213805e+000 
1.135142926e+000 1.902600506e+000 
1.208095529e+000 1.928740181e+000 
1.000759081e+000 1.000515790e+000 
1.000788728e+000 1.000535084e+000 
1.000825350e+000 1.000535092e+000 
1.000496377e+000 1.000477592e+000 
1.000607116e+000 1.000498421e+000 
1.000886361e+000 1.000537022e+000 
1.000722459e+000 1.000515782e+000 
1.027189610e+000 1.360767521e+000 
1.032359868e+000 1.367243509e+000 
1.036995300e+000 1.371290116e+000 
1.027766600e+000 1.361565445e+000 
1.025978891e+000 1.358998448e+000 
1.027012477e+000 1.360602039e+000 
1.026289287e+000 1.359400954e+000 
1.029226144e+000 1.363695396e+000 
1.030364189e+000 1.364772406e+000 
1.027152992e+000 1.360734810e+000 
1.034819966e+000 1.369600427e+000 
1.027796885e+000 1.361711315e+000 
1.028353247e+000 1.362675241e+000 
1.033382750e+000 1.368205625e+000 
1.035628929e+000 1.370410371e+000 
1.031569908e+000 1.366157836e+000 
1.037105818e+000 1.371696541e+000 
1.031805792e+000 1.366513194e+000 
1.031669103e+000 1.366196485e+000 
1.035754919e+000 1.370561047e+000 
1.037456862e+000 1.372147944e+000 
1.020928586e+000 1.140897392e+000 
1.021554443e+000 1.141735301e+000 
1.021313051e+000 1.141511339e+000 
1.021615723e+000 1.141799760e+000 
1.021741587e+000 1.141831203e+000 
1.000000000e+000 1.000000000e+000 
1.000414764e+000 1.000002696e+000 
1.000148376e+000 1.000001235e+000 
1.000242269e+000 1.000001262e+000 
1.000369090e+000 1.000002695e+000 
1.000447187e+000 1.000002705e+000 
1.000297378e+000 1.000001460e+000 
1.007946520e+000 1.028898692e+000 
1.013529777e+000 1.031526843e+000 
1.008264378e+000 1.029156779e+000 
1.011258912e+000 1.030599003e+000 
1.007861819e+000 1.028898653e+000 
1.007861313e+000 1.028858206e+000 
1.007192144e+000 1.028532941e+000 
1.007437026e+000 1.028768925e+000 
1.007510001e+000 1.028787983e+000 
1.012434891e+000 1.031026583e+000 
1.008551410e+000 1.029288546e+000 
1.008474838e+000 1.029273525e+000 
1.012507865e+000 1.031045642e+000 
1.008780053e+000 1.029348242e+000 
1.001710017e+000 1.000906416e+000 
1.001966485e+000 1.000944006e+000 
1.001444933e+000 1.000898211e+000 
1.001802756e+000 1.000923717e+000 
1.001859231e+000 1.000925078e+000 
1.002114474e+000 1.000945024e+000 
1.002134530e+000 1.000946966e+000 
1.000987675e+000 1.000860731e+000 
1.001742136e+000 1.000921413e+000 
1.001199664e+000 1.000862306e+000 
1.001337679e+000 1.000882805e+000 
1.001481555e+000 1.000898464e+000 
1.001597869e+000 1.000905666e+000 
1.001542566e+000 1.000900856e+000 
1.001481946e+000 1.000898552e+000 
1.001669454e+000 1.000906054e+000 
1.001929643e+000 1.000928915e+000 
1.002073910e+000 1.000944662e+000 
1.015090673e+000 1.088990124e+000 
1.014765487e+000 1.088649719e+000 
1.019334132e+000 1.094429599e+000 
1.014383649e+000 1.088066110e+000 
1.015109907e+000 1.089143230e+000 
1.014708835e+000 1.088406515e+000 
1.015976587e+000 1.090786514e+000 
1.016106992e+000 1.090805881e+000 
1.017639143e+000 1.092986933e+000 
1.020216293e+000 1.094992123e+000 
1.014572789e+000 1.088305137e+000 
1.019851602e+000 1.094862690e+000 
1.018889428e+000 1.093970502e+000 
1.019741716e+000 1.094701732e+000 
1.019157908e+000 1.094183229e+000 
1.003202225e+000 1.002992184e+000 
1.002589870e+000 1.002836524e+000 
1.003089337e+000 1.002946862e+000 
1.004581942e+000 1.003111365e+000 
1.003751289e+000 1.003037877e+000 
1.003267715e+000 1.002994418e+000 
1.005010942e+000 1.003160933e+000 
1.004500759e+000 1.003110255e+000 
1.002170822e+000 1.002678909e+000 
1.003351235e+000 1.002994851e+000 
1.003411855e+000 1.002995253e+000 
1.003832239e+000 1.003053705e+000 
1.003350844e+000 1.002994551e+000 
1.002258363e+000 1.002737565e+000 
1.003023846e+000 1.002944628e+000 
1.002258754e+000 1.002737864e+000 
1.002175234e+000 1.002737424e+000 
1.004226783e+000 1.003098441e+000 
1.002734657e+000 1.002888767e+000 
1.002962981e+000 1.002940351e+000 
1.003808538e+000 1.003047230e+000 
1.004698132e+000 1.003123035e+000 
1.002624200e+000 1.002843502e+000 
1.002343339e+000 1.002789519e+000 
1.002476413e+000 1.002793118e+000 
1.002863444e+000 1.002895334e+000 
1.002476804e+000 1.002793417e+000 
1.002393285e+000 1.002792977e+000 
1.002306984e+000 1.002740404e+000 
1.002802579e+000 1.002891058e+000 
1.002913035e+000 1.002936323e+000 
1.003152279e+000 1.002988155e+000 
1.002698302e+000 1.002844056e+000 
1.003435483e+000 1.002998151e+000 
1.003662259e+000 1.003034007e+000 
1.021953936e+000 1.338048307e+000 
1.023654319e+000 1.340315746e+000 
1.023414061e+000 1.340093502e+000 
1.022405137e+000 1.338317921e+000 
1.022479686e+000 1.339025802e+000 
1.022894791e+000 1.339419718e+000 
1.023252201e+000 1.339723732e+000 
1.000889279e+000 1.000581804e+000 
1.305194108e+000 1.953956434e+000 
1.369245552e+000 1.970949945e+000 
1.316124844e+000 1.956658527e+000 
1.469782066e+000 1.985447399e+000 
1.735126625e+000 1.999584756e+000 
1.376569588e+000 1.972479927e+000 
1.298678670e+000 1.951587464e+000 
1.301924742e+000 1.952810483e+000 
1.757925762e+000 2.000000000e+000 
1.303081229e+000 1.952994142e+000 
1.473441318e+000 1.985510481e+000 
1.329144738e+000 1.960453093e+000 
1.473488201e+000 1.985537245e+000 
1.340992709e+000 1.964884220e+000 
1.349020222e+000 1.966572709e+000 
1.336079176e+000 1.963408479e+000 
1.267066144e+000 1.942679013e+000 
1.321561783e+000 1.958486447e+000 
1.270876448e+000 1.943669217e+000 
1.336019815e+000 1.963274656e+000 
1.281321444e+000 1.947264565e+000 
1.281017515e+000 1.947111367e+000 
1.277137520e+000 1.945940865e+000 
1.262985790e+000 1.941278563e+000 
1.277045581e+000 1.945618893e+000 
1.271853767e+000 1.944282583e+000 
1.266593826e+000 1.941935867e+000 
1.303884512e+000 1.953231547e+000 
1.270309193e+000 1.943023370e+000 
1.265848339e+000 1.941768614e+000 
1.280798885e+000 1.946704367e+000 
1.276765524e+000 1.945149857e+000 
1.329376060e+000 1.960813426e+000 
1.330131324e+000 1.960979234e+000 
1.278167497e+000 1.946037227e+000 
1.275322961e+000 1.945146602e+000 
1.755674661e+000 1.999989911e+000 
1.284640793e+000 1.947982222e+000 
1.286156279e+000 1.948768486e+000 
1.288798993e+000 1.948987461e+000 
1.294699402e+000 1.950166424e+000 
1.305990318e+000 1.954162664e+000 
1.284969071e+000 1.948654199e+000 
1.278470816e+000 1.946447554e+000 
1.382128199e+000 1.973437795e+000 
1.283528815e+000 1.947967780e+000 
1.331309953e+000 1.962702094e+000 
1.333374600e+000 1.963027321e+000 
1.285260135e+000 1.948693482e+000 
1.345555672e+000 1.965907046e+000 
1.269564336e+000 1.942910587e+000 
1.473528845e+000 1.985725240e+000 
1.343735787e+000 1.965414842e+000 
1.338485748e+000 1.964512077e+000 
1.282908172e+000 1.947351378e+000 
1.279057988e+000 1.946646843e+000 
1.342165057e+000 1.964918765e+000 
1.304234764e+000 1.953625015e+000 
1.473682062e+000 1.985879933e+000 
1.273219965e+000 1.944457683e+000 
1.752912477e+000 1.999977856e+000 
1.274386456e+000 1.944935590e+000 
1.273264402e+000 1.944583056e+000 
1.373947457e+000 1.971816675e+000 
1.308460063e+000 1.955244751e+000 
1.311562565e+000 1.956313426e+000 
1.349546503e+000 1.966668524e+000 
1.340189257e+000 1.964607430e+000 
1.374867491e+000 1.971944855e+000 
1.342619116e+000 1.965347988e+000 
1.396189740e+000 1.975766730e+000 
1.347650128e+000 1.966390431e+000 
1.336702482e+000 1.963924903e+000 
1.310817819e+000 1.955643952e+000 
1.330133962e+000 1.961512670e+000 
1.377680428e+000 1.972856766e+000 
1.361510835e+000 1.969236513e+000 
1.362381662e+000 1.969574814e+000 
1.383714943e+000 1.974036826e+000 
1.353643436e+000 1.967929767e+000 
1.319868289e+000 1.958081277e+000 
1.316202520e+000 1.957452882e+000 
1.309477536e+000 1.955293965e+000 
1.366245595e+000 1.970635382e+000 
1.368737658e+000 1.970701165e+000 
1.450814275e+000 1.983167562e+000 
1.360288759e+000 1.969138987e+000 
1.408830998e+000 1.978207948e+000 
1.404890005e+000 1.977264394e+000 
1.540018720e+000 1.991505762e+000 
1.427608716e+000 1.980380923e+000 
1.545876909e+000 1.992383348e+000 
1.543064016e+000 1.992338222e+000 
1.386486466e+000 1.974453767e+000 
1.546170844e+000 1.992675184e+000 
1.743476570e+000 1.999973098e+000 
1.547976474e+000 1.992794845e+000 
1.419566223e+000 1.979389358e+000 
1.405871803e+000 1.977703556e+000 
1.449433806e+000 1.982914853e+000 
1.423697641e+000 1.979862805e+000 
1.352834091e+000 1.967543086e+000 
1.347592682e+000 1.966310957e+000 
1.355863445e+000 1.968354927e+000 
1.371729935e+000 1.971683498e+000 
1.355815854e+000 1.968247547e+000 
1.369633040e+000 1.971103492e+000 
1.662850090e+000 1.998490192e+000 
1.676676264e+000 1.999064332e+000 
1.682082197e+000 1.999325049e+000 
1.462337824e+000 1.984906387e+000 
1.671769649e+000 1.998860907e+000 
1.353546728e+000 1.967742181e+000 
1.570220093e+000 1.994360255e+000 
1.326422123e+000 1.959862982e+000 
1.578728818e+000 1.994873259e+000 
1.456493090e+000 1.984353087e+000 
1.331105105e+000 1.961699473e+000 
1.699514588e+000 1.999566550e+000 
1.736855425e+000 1.999600768e+000 
1.561794055e+000 1.994014281e+000 
1.556039847e+000 1.993472049e+000 
1.312526081e+000 1.956557016e+000 
1.673931922e+000 1.998993676e+000 
1.318619198e+000 1.957988693e+000 
1.324194912e+000 1.959503844e+000 
1.697558870e+000 1.999430143e+000 
1.691150636e+000 1.999418772e+000 
1.465225407e+000 1.985355426e+000 
1.323495191e+000 1.959325257e+000 
1.316346464e+000 1.957746374e+000 
1.323388787e+000 1.959276240e+000 
1.322439581e+000 1.959161323e+000 
1.479525834e+000 1.987017280e+000 
1.483317796e+000 1.987423220e+000 
1.478710526e+000 1.986998345e+000 
1.487141924e+000 1.987928622e+000 
1.327420546e+000 1.960312899e+000 
1.741269361e+000 1.999742900e+000 
1.459356722e+000 1.984484771e+000 
1.318152609e+000 1.957829052e+000 
1.476986202e+000 1.986691378e+000 
1.510254460e+000 1.989679738e+000 
1.491184885e+000 1.988216185e+000 
1.480186502e+000 1.987118927e+000 
1.463168174e+000 1.985120171e+000 
1.474381632e+000 1.986535504e+000 
1.617107038e+000 1.996736130e+000 
1.619587436e+000 1.996989434e+000 
1.490891014e+000 1.988207065e+000 
1.605003621e+000 1.996189340e+000 
1.517562251e+000 1.990092445e+000 
1.517092672e+000 1.990090044e+000 
1.593587540e+000 1.995842691e+000 
1.516112973e+000 1.990063864e+000 
1.490687543e+000 1.988119067e+000 
1.660622015e+000 1.998427343e+000 
1.523131471e+000 1.990459893e+000 
1.499847075e+000 1.988797791e+000 
1.504170811e+000 1.989341799e+000 
1.492051685e+000 1.988241015e+000 
1.297186629e+000 1.951237501e+000 
1.512118706e+000 1.989981621e+000 
1.525838708e+000 1.990790080e+000 
1.519069532e+000 1.990182826e+000 
1.301175948e+000 1.952768075e+000 
1.299102775e+000 1.951996856e+000 
1.579562049e+000 1.994939780e+000 
1.485166061e+000 1.987517993e+000 
1.385666364e+000 1.974127087e+000 
1.386875455e+000 1.974640263e+000 
1.388045690e+000 1.974970791e+000 
1.387554017e+000 1.974792259e+000 
1.295104563e+000 1.950296174e+000 
1.391971664e+000 1.975381702e+000 
1.407456071e+000 1.977977033e+000 
1.396424725e+000 1.975788136e+000 
1.300726735e+000 1.952619683e+000 
1.436100103e+000 1.981723661e+000 
1.308006927e+000 1.954570637e+000 
1.420868279e+000 1.979791306e+000 
1.425395482e+000 1.980183500e+000 
1.424181664e+000 1.980101172e+000 
1.408574548e+000 1.977992506e+000 
1.417634550e+000 1.979189314e+000 
1.399260630e+000 1.976806391e+000 
1.410716444e+000 1.978355951e+000 
1.401402527e+000 1.977172233e+000 
1.626058401e+000 1.997047107e+000 
1.540307888e+000 1.991942071e+000 
1.556047023e+000 1.993530318e+000 
1.552275950e+000 1.993040539e+000 
1.552576340e+000 1.993305393e+000 
1.586559573e+000 1.995543953e+000 
1.572316930e+000 1.994524858e+000 
1.630212307e+000 1.997265808e+000 
1.604154452e+000 1.996177368e+000 
1.627120252e+000 1.997212302e+000 
1.587991873e+000 1.995723192e+000 
1.560771227e+000 1.993691057e+000 
1.596087134e+000 1.996051006e+000 
1.441228722e+000 1.982225222e+000 
1.440289534e+000 1.982139137e+000 
1.432328674e+000 1.981205516e+000 
1.664935001e+000 1.998710766e+000 
1.689327133e+000 1.999343622e+000 
1.593440116e+000 1.995773504e+000 
1.443978606e+000 1.982836203e+000 
1.634473120e+000 1.997457061e+000 
1.433460342e+000 1.981590388e+000 
1.643905581e+000 1.997906936e+000 
1.657898458e+000 1.998318032e+000 
1.452595639e+000 1.983869074e+000 
1.644840945e+000 1.997978731e+000 
1.632280145e+000 1.997315270e+000 
1.581457992e+000 1.995149389e+000 
1.639951487e+000 1.997733272e+000 
1.610918754e+000 1.996504927e+000 
1.605764205e+000 1.996310787e+000 
1.660242422e+000 1.998387615e+000 
1.584847987e+000 1.995192927e+000 
1.642198469e+000 1.997867841e+000 
1.601401653e+000 1.996160576e+000 
1.647628657e+000 1.998110715e+000 
1.651054224e+000 1.998273948e+000 
1.581255764e+000 1.995002014e+000 
1.583951865e+000 1.995185391e+000 
1.659985211e+000 1.998381115e+000 
1.534776327e+000 1.991263866e+000 
1.534717185e+000 1.991252618e+000 
1.536882717e+000 1.991467086e+000 

