1.000388918e+000 1.027903775e+000 
1.000693978e+000 1.031592547e+000 
1.000390274e+000 1.029600149e+000 
1.000527110e+000 1.029615911e+000 
1.001080160e+000 1.129785188e+000 
1.000710735e+000 1.125284251e+000 
1.000870341e+000 1.129371632e+000 
1.001174649e+000 1.131434717e+000 
1.020699674e+000 1.905970200e+000 
1.004768760e+000 1.867710842e+000 
1.004548706e+000 1.865770247e+000 
1.031488372e+000 1.920051299e+000 
1.001731159e+000 1.851743125e+000 
1.052296085e+000 1.935116561e+000 
1.013067385e+000 1.891255468e+000 
1.045494559e+000 1.931015030e+000 
1.028518713e+000 1.916868558e+000 
1.053490710e+000 1.935602973e+000 
1.012669260e+000 1.889949668e+000 
1.012559624e+000 1.889865017e+000 
1.010765118e+000 1.884968823e+000 
1.011189851e+000 1.887040089e+000 
1.010220930e+000 1.883998177e+000 
1.010944657e+000 1.886803464e+000 
1.015146292e+000 1.894673243e+000 
1.051329698e+000 1.934680961e+000 
1.051798624e+000 1.934889917e+000 
1.001594323e+000 1.851411325e+000 
1.011697612e+000 1.888430540e+000 
1.033609589e+000 1.921939991e+000 
1.002685946e+000 1.859856536e+000 
1.013675075e+000 1.891673055e+000 
1.002822782e+000 1.860213929e+000 
1.014501870e+000 1.894658643e+000 
1.001831569e+000 1.853935672e+000 
1.030972780e+000 1.919653027e+000 
1.039099908e+000 1.926350814e+000 
1.003211700e+000 1.862508278e+000 
1.015254824e+000 1.896285720e+000 
1.007284098e+000 1.875170933e+000 
1.014396378e+000 1.893636118e+000 
1.004649720e+000 1.865928607e+000 
1.003736814e+000 1.863394081e+000 
1.009151868e+000 1.880374798e+000 
1.024217306e+000 1.912601246e+000 
1.017841492e+000 1.900910619e+000 
1.004314365e+000 1.865216329e+000 
1.004060910e+000 1.864636802e+000 
1.002327822e+000 1.858938372e+000 
1.005038638e+000 1.868250519e+000 
1.032089129e+000 1.920597126e+000 
1.022864755e+000 1.910051790e+000 
1.040631050e+000 1.927358100e+000 
1.037950157e+000 1.925299451e+000 
1.052736546e+000 1.935199372e+000 
1.052158182e+000 1.934931402e+000 
1.029141657e+000 1.917305229e+000 
1.043367482e+000 1.929346159e+000 
1.048361880e+000 1.932922291e+000 
1.044344809e+000 1.929963667e+000 
1.035086413e+000 1.923083004e+000 
1.003201308e+000 1.861208763e+000 
1.017336772e+000 1.900053590e+000 
1.009621340e+000 1.881581186e+000 
1.002487427e+000 1.859471558e+000 
1.054976573e+000 1.936308583e+000 
1.004026595e+000 1.864567857e+000 
1.014155222e+000 1.893226270e+000 
1.013780452e+000 1.892334343e+000 
1.004733768e+000 1.867118974e+000 
1.007548010e+000 1.876348292e+000 
1.001997495e+000 1.856912013e+000 
1.030642475e+000 1.919312001e+000 
1.001860659e+000 1.856580213e+000 
1.024555455e+000 1.913291251e+000 
1.008129479e+000 1.877372670e+000 
1.045708622e+000 1.931080572e+000 
1.023628247e+000 1.912232864e+000 
1.012971468e+000 1.890999146e+000 
1.010060301e+000 1.883691616e+000 
1.025793384e+000 1.914381034e+000 
1.027315715e+000 1.915915743e+000 
1.019046235e+000 1.903429601e+000 
1.040388977e+000 1.926847407e+000 
1.015149333e+000 1.895023339e+000 
1.026796461e+000 1.915330351e+000 
1.009285709e+000 1.880908487e+000 
1.008010636e+000 1.877111755e+000 
1.008763590e+000 1.879841078e+000 
1.001204801e+000 1.850646684e+000 
1.008289294e+000 1.878448609e+000 
1.003110552e+000 1.860891836e+000 
1.013994593e+000 1.892865290e+000 
1.016829011e+000 1.898902995e+000 
1.016583817e+000 1.898666370e+000 
1.031231534e+000 1.919680383e+000 
1.008518397e+000 1.879604453e+000 
1.039313971e+000 1.926416356e+000 
1.044864063e+000 1.930549059e+000 
1.008260781e+000 1.877730601e+000 
1.043086414e+000 1.929162426e+000 
1.004344851e+000 1.865346059e+000 
1.001539359e+000 1.850883817e+000 
1.009739563e+000 1.881979557e+000 
1.017752331e+000 1.900376967e+000 
1.020288008e+000 1.905563162e+000 
1.021993578e+000 1.909501091e+000 
1.020820025e+000 1.907691583e+000 
1.018541514e+000 1.902639597e+000 
1.018296321e+000 1.902402972e+000 
1.017507137e+000 1.900140343e+000 
1.019114455e+000 1.903753653e+000 
1.021721432e+000 1.908171219e+000 
1.007728102e+000 1.876559676e+000 
1.034583386e+000 1.922551573e+000 
1.008668979e+000 1.879642561e+000 
1.032776233e+000 1.921257586e+000 
1.018801041e+000 1.903192976e+000 
1.033851907e+000 1.922064517e+000 
1.019672219e+000 1.904957816e+000 
1.010038664e+000 1.883637810e+000 
1.009793471e+000 1.883401185e+000 
1.021747233e+000 1.908749969e+000 
1.022920786e+000 1.910559478e+000 
1.006778157e+000 1.873276589e+000 
1.006532964e+000 1.873039964e+000 
1.005747182e+000 1.870106980e+000 
1.005646168e+000 1.869948620e+000 
1.008879438e+000 1.880198112e+000 
1.036993502e+000 1.924337556e+000 
1.059572108e+000 1.937887487e+000 
1.027251696e+000 1.915758023e+000 
1.006879171e+000 1.873434949e+000 
1.006633978e+000 1.873198324e+000 
1.017560649e+000 1.900281648e+000 
1.017787916e+000 1.900380968e+000 
1.022556310e+000 1.909894554e+000 
1.019748088e+000 1.905353272e+000 
1.029547556e+000 1.917655714e+000 
1.006272936e+000 1.872616925e+000 
1.006518130e+000 1.872853550e+000 
1.025877421e+000 1.914581594e+000 
1.000179703e+000 1.007764560e+000 
1.000094489e+000 1.007746593e+000 
1.000305060e+000 1.010090083e+000 
1.000303704e+000 1.007999529e+000 
9.999999997e-001 1.003200307e+000 
1.215458592e+000 1.980844135e+000 
1.143539405e+000 1.966803903e+000 
1.105034226e+000 1.955837425e+000 
1.311333485e+000 1.993361140e+000 
1.301293950e+000 1.992540336e+000 
1.144768676e+000 1.966940146e+000 
1.156474783e+000 1.969860525e+000 
1.118726073e+000 1.959896806e+000 
1.304855783e+000 1.993021785e+000 
1.365893796e+000 1.996643143e+000 
1.458757558e+000 1.999391826e+000 
1.090191034e+000 1.951393164e+000 
1.223003814e+000 1.981874864e+000 
1.382217744e+000 1.997444066e+000 
1.241538683e+000 1.984107813e+000 
1.058887898e+000 1.937537264e+000 
1.401542795e+000 1.997881326e+000 
1.127718854e+000 1.962780724e+000 
1.098582350e+000 1.954403281e+000 
1.059825284e+000 1.938220989e+000 
1.150763347e+000 1.968873583e+000 
1.246517551e+000 1.985609780e+000 
1.449439312e+000 1.999332222e+000 
1.148187756e+000 1.967837815e+000 
1.148379170e+000 1.968318740e+000 
1.085769371e+000 1.950295458e+000 
1.151939768e+000 1.969205690e+000 
1.509179084e+000 2.000000000e+000 
1.148988000e+000 1.968404510e+000 
1.077516420e+000 1.947160858e+000 
1.301555392e+000 1.992560217e+000 
1.038979565e+000 1.925454211e+000 
1.432615756e+000 1.999033331e+000 
1.341118739e+000 1.995248911e+000 
1.089671358e+000 1.950916046e+000 
1.193468808e+000 1.977077298e+000 
1.279494202e+000 1.989455105e+000 
1.055584407e+000 1.936715420e+000 
1.213071207e+000 1.980505696e+000 
1.060684491e+000 1.939339341e+000 
1.218103270e+000 1.981074149e+000 
1.403875421e+000 1.998286084e+000 
1.206453021e+000 1.979297014e+000 
1.232934335e+000 1.983594297e+000 
1.226055420e+000 1.982725412e+000 
1.403623745e+000 1.998052239e+000 
1.246852396e+000 1.985742222e+000 
1.225496728e+000 1.982638124e+000 
1.213688936e+000 1.980573659e+000 
1.176654568e+000 1.973697794e+000 
1.312480638e+000 1.993541852e+000 
1.401148077e+000 1.997726686e+000 
1.132832814e+000 1.963813323e+000 
1.085386690e+000 1.949681179e+000 
1.221238565e+000 1.981181047e+000 
1.208283908e+000 1.979745218e+000 
1.364097531e+000 1.996475563e+000 
1.426402376e+000 1.998954565e+000 
1.106482700e+000 1.955863204e+000 
1.226673148e+000 1.982793375e+000 
1.230468118e+000 1.982999416e+000 
1.198284968e+000 1.977520888e+000 
1.045059370e+000 1.930795931e+000 
1.257248217e+000 1.986611107e+000 
1.353468777e+000 1.996203565e+000 
1.204915667e+000 1.979209178e+000 
1.279536508e+000 1.989644563e+000 
1.350400559e+000 1.995917392e+000 
1.247804970e+000 1.985942626e+000 
1.079396729e+000 1.947597055e+000 
1.214023781e+000 1.980706100e+000 
1.244922071e+000 1.985069986e+000 
1.079565486e+000 1.948030079e+000 
1.341803790e+000 1.995402643e+000 
1.044450540e+000 1.930547260e+000 
1.118336839e+000 1.959625422e+000 
1.177137074e+000 1.973868433e+000 
1.118058677e+000 1.959509400e+000 
1.245246120e+000 1.985175892e+000 
1.302390213e+000 1.992692658e+000 
1.132031903e+000 1.963720184e+000 
1.331355928e+000 1.994877294e+000 
1.180137918e+000 1.974353146e+000 
1.133065780e+000 1.963959832e+000 
1.291730275e+000 1.991585246e+000 
1.165621605e+000 1.972133430e+000 
1.335938391e+000 1.995050831e+000 
1.358321148e+000 1.996377102e+000 
1.040908347e+000 1.927575646e+000 
1.036268024e+000 1.923096501e+000 
1.042012534e+000 1.928754360e+000 
1.037742971e+000 1.925078247e+000 
1.341868727e+000 1.995535084e+000 
1.345395311e+000 1.995683498e+000 
1.285157253e+000 1.990784323e+000 
1.288341174e+000 1.991139005e+000 
1.224363747e+000 1.982129963e+000 
1.366228641e+000 1.996775585e+000 
1.333174322e+000 1.995025708e+000 
1.041191999e+000 1.927824317e+000 
1.327646799e+000 1.994676892e+000 
1.100213955e+000 1.954974692e+000 
1.297849358e+000 1.991939927e+000 
1.123474251e+000 1.961678145e+000 
1.045905495e+000 1.931256344e+000 
1.410446870e+000 1.998364850e+000 
1.084632721e+000 1.949591767e+000 
1.423223323e+000 1.998489500e+000 
1.106551217e+000 1.956146136e+000 
1.467158659e+000 1.999641505e+000 
1.103013314e+000 1.955739309e+000 
1.162773917e+000 1.971095687e+000 
1.097959081e+000 1.954052786e+000 
1.093600691e+000 1.953099726e+000 
1.097732087e+000 1.954038742e+000 
1.083927244e+000 1.949477588e+000 
1.133666199e+000 1.964415490e+000 
1.357725267e+000 1.996351979e+000 
1.198781270e+000 1.977724038e+000 
1.161622389e+000 1.970907151e+000 
1.133646048e+000 1.964371295e+000 
1.465274351e+000 1.999629935e+000 
1.202484357e+000 1.978392519e+000 
1.161602237e+000 1.970862956e+000 
1.112811300e+000 1.958474812e+000 
1.084740572e+000 1.949622120e+000 
1.083961247e+000 1.949524358e+000 
1.146370021e+000 1.967480269e+000 
1.355687573e+000 1.996252216e+000 
1.386908689e+000 1.997617603e+000 
1.141821703e+000 1.966499300e+000 
1.072210395e+000 1.944692637e+000 
1.322824562e+000 1.994286552e+000 
1.070599328e+000 1.943762297e+000 
1.070822239e+000 1.944286286e+000 
1.070619479e+000 1.943806492e+000 
1.047008338e+000 1.932801809e+000 
1.043700124e+000 1.929913935e+000 
1.050814801e+000 1.934551525e+000 
1.068108557e+000 1.942728863e+000 
1.324000983e+000 1.994357227e+000 
1.053332086e+000 1.935455165e+000 
1.068865171e+000 1.942955404e+000 
1.490793090e+000 1.999740805e+000 
1.041847085e+000 1.928729928e+000 
1.485787860e+000 1.999724422e+000 
1.036947512e+000 1.923153058e+000 
1.115648964e+000 1.959300150e+000 
1.407719168e+000 1.998299305e+000 
1.462894826e+000 1.999547118e+000 
1.424727666e+000 1.998694257e+000 
1.200138248e+000 1.978355567e+000 
1.046468555e+000 1.932435058e+000 
1.049094245e+000 1.933800856e+000 
1.052798672e+000 1.935317846e+000 
1.431323681e+000 1.998967786e+000 
1.160793806e+000 1.970817978e+000 
1.064187556e+000 1.941463343e+000 
1.056457366e+000 1.937119587e+000 
1.061910088e+000 1.940213110e+000 
1.454191501e+000 1.999362738e+000 
1.330943190e+000 1.994710717e+000 
1.057181910e+000 1.937436651e+000 
1.118950890e+000 1.960447248e+000 
1.129361742e+000 1.963296557e+000 
1.065529561e+000 1.942174360e+000 
1.063724460e+000 1.940985782e+000 
1.197708452e+000 1.977389564e+000 
1.086949220e+000 1.950356627e+000 
1.085766819e+000 1.950016491e+000 
1.239120113e+000 1.983965532e+000 
1.181803683e+000 1.974919508e+000 
1.185019498e+000 1.975585544e+000 
1.188447997e+000 1.976284669e+000 
1.297682637e+000 1.991805378e+000 
1.381627535e+000 1.997045583e+000 
1.381457617e+000 1.997016495e+000 
1.138651050e+000 1.965642328e+000 
1.093018415e+000 1.952336959e+000 
1.073418130e+000 1.945335603e+000 
1.186471845e+000 1.975978131e+000 
1.173334608e+000 1.973542937e+000 
1.073289217e+000 1.945302871e+000 
1.235076702e+000 1.983736849e+000 
1.171948014e+000 1.973167128e+000 
1.398952692e+000 1.997630824e+000 
1.154866447e+000 1.969594184e+000 
1.264975269e+000 1.988025164e+000 
1.261939876e+000 1.987263641e+000 
1.108286306e+000 1.957674985e+000 
1.266234939e+000 1.988339087e+000 
1.101775826e+000 1.955344657e+000 
1.135544952e+000 1.964965719e+000 
1.170569492e+000 1.972937737e+000 
1.296063234e+000 1.991736870e+000 
1.258077658e+000 1.986876648e+000 
1.122295051e+000 1.961367529e+000 
1.091301139e+000 1.952098930e+000 
1.508416547e+000 1.999741058e+000 
1.243749589e+000 1.984944795e+000 
1.113246687e+000 1.958818805e+000 
1.111948670e+000 1.958474232e+000 
1.097186360e+000 1.953955924e+000 
1.126463303e+000 1.962525984e+000 
1.338023860e+000 1.995082390e+000 
1.106598983e+000 1.956595506e+000 
1.508445194e+000 1.999748457e+000 
1.129582294e+000 1.963322141e+000 
1.110499554e+000 1.957925702e+000 
1.121660417e+000 1.961116880e+000 
1.072902965e+000 1.944809235e+000 
1.134254836e+000 1.964842000e+000 
1.379258020e+000 1.996939729e+000 
1.316661945e+000 1.993600531e+000 
1.312079482e+000 1.993426993e+000 
1.124581215e+000 1.962018503e+000 
1.400430432e+000 1.997655711e+000 
1.081909472e+000 1.949001464e+000 
1.277054143e+000 1.989392942e+000 
1.314928432e+000 1.993575407e+000 
1.309636518e+000 1.993062366e+000 
1.270546057e+000 1.988724461e+000 
1.281219951e+000 1.989804506e+000 
1.204564275e+000 1.979080787e+000 
1.191663478e+000 1.977004473e+000 
1.377546257e+000 1.996883740e+000 
1.262404808e+000 1.987363683e+000 
1.230710865e+000 1.983187538e+000 
1.268999021e+000 1.988577800e+000 
1.276170489e+000 1.989383771e+000 
1.160496950e+000 1.970470676e+000 
1.139620815e+000 1.965940598e+000 
1.158875859e+000 1.970147111e+000 
1.149486930e+000 1.968531056e+000 
1.251652300e+000 1.986217728e+000 
1.229670023e+000 1.982966950e+000 
1.275561659e+000 1.989298001e+000 
1.269053573e+000 1.988629519e+000 
1.213307137e+000 1.980506538e+000 
1.171281122e+000 1.973013099e+000 
1.150095761e+000 1.968616826e+000 
1.190655227e+000 1.976856481e+000 
1.203555840e+000 1.978834214e+000 
1.195645753e+000 1.977359425e+000 
1.169135119e+000 1.972823339e+000 
1.172634078e+000 1.973180262e+000 

