1.000467631e+000 1.002986370e+000 
1.000328913e+000 1.002885879e+000 
1.000889027e+000 1.003213548e+000 
1.000689667e+000 1.003103934e+000 
1.000620688e+000 1.003102064e+000 
1.000403418e+000 1.002977018e+000 
1.000371497e+000 1.002967721e+000 
1.000487678e+000 1.003001449e+000 
1.000750309e+000 1.003114989e+000 
1.000562184e+000 1.003092588e+000 
1.000927297e+000 1.003215292e+000 
1.000824814e+000 1.003206128e+000 
1.000952298e+000 1.003217473e+000 
1.001054781e+000 1.003226637e+000 
1.000232690e+000 1.002873530e+000 
1.000430002e+000 1.002977197e+000 
1.000349840e+000 1.002886274e+000 
1.000472987e+000 1.002998576e+000 
1.000748172e+000 1.003113409e+000 
1.000546183e+000 1.003010925e+000 
1.000714999e+000 1.003110069e+000 
1.000814522e+000 1.003122409e+000 
1.000296903e+000 1.002882882e+000 
1.001016511e+000 1.003224893e+000 
1.003276458e+000 1.095279566e+000 
1.003427148e+000 1.097204991e+000 
1.003324204e+000 1.096581715e+000 
1.003315339e+000 1.095347213e+000 
1.003058272e+000 1.093045140e+000 
1.003561854e+000 1.387129537e+000 
1.003811232e+000 1.389354406e+000 
1.003743981e+000 1.387631866e+000 
1.003494604e+000 1.385406997e+000 
1.003998605e+000 1.399233097e+000 
1.003913433e+000 1.398130652e+000 
1.004102527e+000 1.400081939e+000 
1.000000001e+000 1.000901912e+000 
1.000152992e+000 1.000970024e+000 
1.002530241e+000 1.045976600e+000 
1.001702279e+000 1.043424663e+000 
1.001417890e+000 1.042069440e+000 
1.001360128e+000 1.041064898e+000 
1.001530856e+000 1.042234534e+000 
1.001588617e+000 1.043239077e+000 
1.001497517e+000 1.042223314e+000 
1.001980699e+000 1.044584583e+000 
1.002507215e+000 1.045970329e+000 
1.002205769e+000 1.044804138e+000 
1.001821322e+000 1.043427026e+000 
1.001876433e+000 1.044429859e+000 
1.001507830e+000 1.042228264e+000 
1.002402949e+000 1.045815605e+000 
1.002752614e+000 1.046000797e+000 
1.001679253e+000 1.043418393e+000 
1.002092108e+000 1.044618551e+000 
1.001565592e+000 1.043232806e+000 
1.002270022e+000 1.044810618e+000 
1.002076919e+000 1.044618048e+000 
1.004186968e+000 1.519274113e+000 
1.005661850e+000 1.526951993e+000 
1.005320517e+000 1.525297267e+000 
1.005463126e+000 1.526525533e+000 
1.004425917e+000 1.519417411e+000 
1.004500298e+000 1.519466087e+000 
1.004558943e+000 1.522033480e+000 
1.005793276e+000 1.528145029e+000 
1.005712646e+000 1.527843887e+000 
1.014107067e+000 1.754023701e+000 
1.056148516e+000 1.844065536e+000 
1.011089925e+000 1.745187599e+000 
1.011393765e+000 1.746529229e+000 
1.054045446e+000 1.842575172e+000 
1.011995309e+000 1.748218666e+000 
1.033917940e+000 1.804250800e+000 
1.109471368e+000 1.907868070e+000 
1.034541345e+000 1.805753771e+000 
1.052163769e+000 1.838581484e+000 
1.051522519e+000 1.837523930e+000 
1.049888013e+000 1.835279686e+000 
1.028602980e+000 1.790835606e+000 
1.036965648e+000 1.810837668e+000 
1.046897896e+000 1.829543118e+000 
1.098650485e+000 1.895338372e+000 
1.055290856e+000 1.843623207e+000 
1.090623460e+000 1.889105371e+000 
1.015858754e+000 1.759445023e+000 
1.050732088e+000 1.835450131e+000 
1.021398718e+000 1.774296831e+000 
1.105527727e+000 1.902792047e+000 
1.034490821e+000 1.805522923e+000 
1.024473466e+000 1.781131735e+000 
1.068834086e+000 1.864562926e+000 
1.049190467e+000 1.833922303e+000 
1.077004914e+000 1.874678707e+000 
1.048079053e+000 1.831476641e+000 
1.019957771e+000 1.770097669e+000 
1.021558672e+000 1.774377616e+000 
1.085102088e+000 1.884298325e+000 
1.011691470e+000 1.746877036e+000 
1.025750766e+000 1.784680168e+000 
1.084763783e+000 1.882643189e+000 
1.086713788e+000 1.886203157e+000 
1.112348207e+000 1.909508426e+000 
1.026411936e+000 1.786261116e+000 
1.018639126e+000 1.767505716e+000 
1.009820471e+000 1.741216512e+000 
1.032948313e+000 1.801528930e+000 
1.027233059e+000 1.787922850e+000 
1.039343405e+000 1.815084375e+000 
1.064154035e+000 1.856703633e+000 
1.010106209e+000 1.741898202e+000 
1.025134636e+000 1.782712684e+000 
1.036568904e+000 1.809387920e+000 
1.033867416e+000 1.804019935e+000 
1.059116702e+000 1.850364412e+000 
1.107386338e+000 1.904454943e+000 
1.039966811e+000 1.816587363e+000 
1.041331951e+000 1.820526769e+000 
1.043961366e+000 1.824316082e+000 
1.028384110e+000 1.790644642e+000 
1.078874489e+000 1.877641094e+000 
1.067246270e+000 1.861947787e+000 
1.043221491e+000 1.823508101e+000 
1.015117290e+000 1.757077424e+000 
1.024313513e+000 1.781050950e+000 
1.032442922e+000 1.800543605e+000 
1.042146644e+000 1.821825365e+000 
1.046847372e+000 1.829312269e+000 
1.017530147e+000 1.764079695e+000 
1.021261103e+000 1.773747359e+000 
1.023652343e+000 1.779470002e+000 
1.055732927e+000 1.844033054e+000 
1.027127963e+000 1.787128411e+000 
1.059790055e+000 1.851036113e+000 
1.040362325e+000 1.817804899e+000 
1.038790338e+000 1.813920638e+000 
1.064337289e+000 1.858693736e+000 
1.037538530e+000 1.812109790e+000 
1.056164278e+000 1.845090609e+000 
1.103423976e+000 1.900460355e+000 
1.041752748e+000 1.820757618e+000 
1.105627848e+000 1.903023121e+000 
1.014384007e+000 1.755411895e+000 
1.050784667e+000 1.836327720e+000 
1.031289450e+000 1.797747865e+000 
1.033282776e+000 1.802163592e+000 
1.089927012e+000 1.888765924e+000 
1.057661346e+000 1.847812401e+000 
1.078430304e+000 1.876079770e+000 
1.058471657e+000 1.849486158e+000 
1.093434147e+000 1.892653643e+000 
1.031578392e+000 1.798616174e+000 
1.046022759e+000 1.828495084e+000 
1.022743396e+000 1.776990041e+000 
1.089330667e+000 1.888258093e+000 
1.033125681e+000 1.801583516e+000 
1.091685503e+000 1.890162926e+000 
1.084865022e+000 1.883481366e+000 
1.064204559e+000 1.856934482e+000 
1.060965470e+000 1.852855129e+000 
1.030006406e+000 1.794731913e+000 
1.028279014e+000 1.789850203e+000 
1.061455922e+000 1.854136794e+000 
1.096647371e+000 1.895216409e+000 
1.060540409e+000 1.851820754e+000 
1.033571719e+000 1.803031901e+000 
1.008525930e+000 1.734360171e+000 
1.006393186e+000 1.720448146e+000 
1.055632622e+000 1.843740627e+000 
1.056786209e+000 1.846764366e+000 
1.092984610e+000 1.892037440e+000 
1.027655608e+000 1.788347232e+000 
1.035996022e+000 1.808115798e+000 
1.089729556e+000 1.888534849e+000 
1.021922272e+000 1.775328307e+000 
1.033176205e+000 1.801814365e+000 
1.045359807e+000 1.827287447e+000 
1.060734042e+000 1.852024634e+000 
1.038840862e+000 1.814151487e+000 
1.091666189e+000 1.889376137e+000 
1.039789443e+000 1.816532777e+000 
1.037900852e+000 1.812392193e+000 
1.016353674e+000 1.761018200e+000 
1.099452464e+000 1.897713981e+000 
1.102930573e+000 1.899983724e+000 
1.019300296e+000 1.769086664e+000 
1.014300063e+000 1.755120792e+000 
1.045253871e+000 1.826649486e+000 
1.096453738e+000 1.895012529e+000 
1.025046796e+000 1.782321710e+000 
1.061995765e+000 1.854372765e+000 
1.095842728e+000 1.894759232e+000 
1.023832559e+000 1.779654747e+000 
1.053050238e+000 1.839903835e+000 
1.109103556e+000 1.906329457e+000 
1.009649053e+000 1.740325262e+000 
1.082293746e+000 1.880666307e+000 
1.067402519e+000 1.862625284e+000 
1.100729035e+000 1.898529569e+000 
1.020622725e+000 1.771778841e+000 
1.089225747e+000 1.888207670e+000 
1.007753260e+000 1.729507707e+000 
1.019050739e+000 1.767894579e+000 
1.016715661e+000 1.762267457e+000 
1.076019720e+000 1.873392873e+000 
1.006880141e+000 1.723332076e+000 
1.007717526e+000 1.728615477e+000 
1.068701627e+000 1.864499798e+000 
1.082663045e+000 1.881572497e+000 
1.017264490e+000 1.763321513e+000 
1.086316989e+000 1.885351843e+000 
1.015752129e+000 1.759328763e+000 
1.087917268e+000 1.887025601e+000 
1.078184608e+000 1.875890926e+000 
1.074753354e+000 1.872335318e+000 
1.069658711e+000 1.866065255e+000 
1.006565329e+000 1.720564174e+000 
1.007451808e+000 1.728346062e+000 
1.008038611e+000 1.731041135e+000 
1.014000443e+000 1.753907441e+000 
1.008590645e+000 1.734791108e+000 
1.012679346e+000 1.749835776e+000 
1.008857067e+000 1.735210040e+000 
1.086242613e+000 1.884318617e+000 
1.011669124e+000 1.746782052e+000 
1.059959026e+000 1.851207674e+000 
1.065659915e+000 1.859486493e+000 
1.017925660e+000 1.764902462e+000 
1.075772833e+000 1.872567134e+000 
1.007386389e+000 1.727765609e+000 
1.012526030e+000 1.749604487e+000 
1.006108174e+000 1.718629129e+000 
1.006945559e+000 1.723912530e+000 
1.012783658e+000 1.750316039e+000 
1.009363315e+000 1.739643572e+000 
1.013420811e+000 1.752203374e+000 
1.081427129e+000 1.880127774e+000 
1.063151041e+000 1.855994634e+000 
1.008996444e+000 1.736285191e+000 
1.016868977e+000 1.762498746e+000 
1.066371133e+000 1.860899753e+000 
1.007324083e+000 1.727514854e+000 
1.008223774e+000 1.733049009e+000 
1.014277717e+000 1.755025809e+000 
1.062189398e+000 1.854576645e+000 
1.006817835e+000 1.723081322e+000 
1.066792595e+000 1.861334708e+000 
1.007071578e+000 1.724635602e+000 
1.006614422e+000 1.723062662e+000 
1.063557251e+000 1.856117522e+000 
1.026812230e+000 1.786452003e+000 
1.006064332e+000 1.715611148e+000 
1.048901822e+000 1.832503437e+000 
1.059665272e+000 1.850772719e+000 
1.063523055e+000 1.856090327e+000 
1.073380728e+000 1.869799974e+000 
1.070263113e+000 1.866244555e+000 
1.073649174e+000 1.870031048e+000 
1.000186352e+000 1.002622927e+000 
1.001323860e+000 1.038887222e+000 
1.001102387e+000 1.037821087e+000 
1.001227733e+000 1.038073501e+000 
1.001262118e+000 1.038239894e+000 
1.001241493e+000 1.038126557e+000 
1.140315599e+000 1.936264344e+000 
1.185322089e+000 1.963600724e+000 
1.132267477e+000 1.929966623e+000 
1.175599022e+000 1.959139397e+000 
1.184313576e+000 1.962907494e+000 
1.129513632e+000 1.928098968e+000 
1.121091653e+000 1.919755571e+000 
1.139272631e+000 1.934732868e+000 
1.157677713e+000 1.948145763e+000 
1.178991128e+000 1.960838848e+000 
1.170462200e+000 1.956417605e+000 
1.181088023e+000 1.962107863e+000 
1.246208548e+000 1.988695080e+000 
1.193502270e+000 1.967873228e+000 
1.148195748e+000 1.942154878e+000 
1.147454488e+000 1.941398906e+000 
1.143084149e+000 1.938131998e+000 
1.202934894e+000 1.971988194e+000 
1.223104132e+000 1.980925389e+000 
1.128136419e+000 1.926043206e+000 
1.112493419e+000 1.911094271e+000 
1.178888203e+000 1.960568502e+000 
1.184424692e+000 1.963560640e+000 
1.180108023e+000 1.961331673e+000 
1.136156060e+000 1.933233530e+000 
1.156721350e+000 1.947534098e+000 
1.160933610e+000 1.949726374e+000 
1.123636862e+000 1.922042408e+000 
1.174674459e+000 1.958609881e+000 
1.156276284e+000 1.946786320e+000 
1.145978027e+000 1.940622716e+000 
1.132964528e+000 1.930170503e+000 
1.231544030e+000 1.984690094e+000 
1.222524247e+000 1.980791825e+000 
1.112029168e+000 1.909437031e+000 
1.329481459e+000 1.998468116e+000 
1.225028427e+000 1.982118820e+000 
1.144266655e+000 1.938966424e+000 
1.145252703e+000 1.938986136e+000 
1.137915645e+000 1.933777827e+000 
1.224449643e+000 1.982078736e+000 
1.331219568e+000 1.998513525e+000 
1.257122902e+000 1.991399222e+000 
1.105071749e+000 1.902316148e+000 
1.109132846e+000 1.906543943e+000 
1.342549098e+000 1.998927176e+000 
1.204540408e+000 1.972457399e+000 
1.104429895e+000 1.901566238e+000 
1.229392759e+000 1.984065284e+000 
1.176477475e+000 1.959760393e+000 
1.330322171e+000 1.998473441e+000 
1.205021463e+000 1.972599942e+000 
1.253453957e+000 1.990764275e+000 
1.147215747e+000 1.941378688e+000 
1.317254533e+000 1.998014382e+000 
1.193748236e+000 1.968307444e+000 
1.187224535e+000 1.964420907e+000 
1.358741723e+000 1.999620216e+000 
1.119500279e+000 1.917342881e+000 
1.139853411e+000 1.935935105e+000 
1.123929267e+000 1.922246288e+000 
1.124330594e+000 1.923358933e+000 
1.343304469e+000 1.999073586e+000 
1.141536779e+000 1.936709837e+000 
1.117059717e+000 1.914883822e+000 
1.137407017e+000 1.933773627e+000 
1.274750097e+000 1.994420796e+000 
1.173428392e+000 1.957563345e+000 
1.118010373e+000 1.916668482e+000 
1.243245874e+000 1.988357633e+000 
1.124727933e+000 1.923364458e+000 
1.115786474e+000 1.914134721e+000 
1.237417529e+000 1.985972664e+000 
1.117613035e+000 1.916662956e+000 
1.116594290e+000 1.914496895e+000 
1.162975370e+000 1.951110386e+000 
1.169112099e+000 1.954932998e+000 
1.115182600e+000 1.912651048e+000 
1.209958424e+000 1.975833235e+000 
1.122504034e+000 1.920830697e+000 
1.108028218e+000 1.904831575e+000 
1.122796073e+000 1.921402992e+000 
1.183260948e+000 1.962554188e+000 
1.117482243e+000 1.915543471e+000 
1.130248404e+000 1.928367561e+000 
1.119887490e+000 1.918912275e+000 
1.136605354e+000 1.933542552e+000 
1.137258382e+000 1.933585596e+000 
1.126605049e+000 1.925608251e+000 
1.129212758e+000 1.926940456e+000 
1.113622784e+000 1.912043697e+000 
1.119947099e+000 1.918949793e+000 
1.126664658e+000 1.925645770e+000 
1.132257108e+000 1.929068579e+000 
1.238808674e+000 1.986788025e+000 
1.133967385e+000 1.931051835e+000 
1.126724221e+000 1.925812131e+000 
1.106289277e+000 1.903223478e+000 
1.212793879e+000 1.976883733e+000 
1.349839774e+000 1.999116523e+000 
1.108178760e+000 1.905714195e+000 
1.104301758e+000 1.901132454e+000 
1.116531553e+000 1.914177106e+000 
1.104188509e+000 1.901094936e+000 
1.110764683e+000 1.908847494e+000 
1.164764209e+000 1.952583045e+000 
1.112448051e+000 1.909622227e+000 
1.190582253e+000 1.966096162e+000 
1.107391850e+000 1.904699537e+000 
1.182682164e+000 1.962514104e+000 
1.159025927e+000 1.948940412e+000 
1.207253147e+000 1.974616589e+000 
1.420899569e+000 2.000000000e+000 
1.126076885e+000 1.924096147e+000 
1.163693561e+000 1.951190147e+000 
1.322273118e+000 1.998285705e+000 
1.104442156e+000 1.901685743e+000 
1.161395692e+000 1.950725075e+000 
1.351706597e+000 1.999128717e+000 
1.114848185e+000 1.912596985e+000 
1.139105089e+000 1.934548359e+000 
1.155041830e+000 1.946659875e+000 
1.355393989e+000 1.999572729e+000 
1.358881347e+000 1.999627860e+000 
1.142332285e+000 1.937039076e+000 
1.282772474e+000 1.995207275e+000 
1.171786543e+000 1.956657183e+000 
1.277065115e+000 1.995021592e+000 
1.161172298e+000 1.950285909e+000 
1.272427479e+000 1.994386646e+000 
1.291249731e+000 1.996195115e+000 
1.417715187e+000 1.999983451e+000 
1.282151144e+000 1.995164339e+000 
1.128785926e+000 1.926382984e+000 
1.291706792e+000 1.996375468e+000 
1.159611406e+000 1.949424007e+000 
1.169323568e+000 1.955257270e+000 
1.295513609e+000 1.996455003e+000 
1.152338386e+000 1.944875213e+000 
1.290628401e+000 1.996152178e+000 
1.158410346e+000 1.948517846e+000 
1.173878801e+000 1.957807613e+000 
1.172866013e+000 1.956846850e+000 
1.153859402e+000 1.945158798e+000 
1.215174591e+000 1.977937307e+000 
1.153732995e+000 1.945040081e+000 
1.139192717e+000 1.934557264e+000 
1.389396329e+000 1.999789200e+000 
1.205540014e+000 1.973752532e+000 
1.129115730e+000 1.926622963e+000 
1.154157702e+000 1.945452440e+000 
1.251097381e+000 1.989636903e+000 
1.299896050e+000 1.997010415e+000 
1.257449556e+000 1.991559369e+000 
1.178867291e+000 1.960318357e+000 
1.138752526e+000 1.934317285e+000 
1.290514270e+000 1.996108682e+000 
1.287968687e+000 1.995855444e+000 
1.254950244e+000 1.991136481e+000 
1.228376860e+000 1.983347274e+000 
1.142419913e+000 1.937047981e+000 
1.165076984e+000 1.952882587e+000 
1.161030697e+000 1.949762592e+000 
1.259413473e+000 1.992078304e+000 
1.138147962e+000 1.933782121e+000 
1.149657919e+000 1.942393400e+000 
1.106609290e+000 1.903797028e+000 
1.162682202e+000 1.951107164e+000 
1.141249735e+000 1.936272838e+000 
1.381835086e+000 1.999777533e+000 
1.161071113e+000 1.949857262e+000 
1.216433138e+000 1.978192862e+000 
1.216964900e+000 1.978398854e+000 
1.252220189e+000 1.990501534e+000 
1.152759692e+000 1.944884117e+000 
1.368654693e+000 1.999629509e+000 
1.376490482e+000 1.999751327e+000 
1.305171198e+000 1.997675308e+000 
1.409576580e+000 1.999971116e+000 
1.369912181e+000 1.999731329e+000 
1.283664424e+000 1.995744726e+000 
1.251473865e+000 1.989810615e+000 
1.415324691e+000 1.999982885e+000 
1.260624127e+000 1.992179133e+000 
1.319083373e+000 1.998201319e+000 
1.226880636e+000 1.982944904e+000 
1.266886997e+000 1.992993690e+000 
1.197065111e+000 1.969730963e+000 
1.271845527e+000 1.993828786e+000 
1.253082064e+000 1.990531481e+000 
1.197758788e+000 1.970466322e+000 
1.235247327e+000 1.985959169e+000 
1.261602881e+000 1.992252016e+000 
1.351761274e+000 1.999170408e+000 
1.261136278e+000 1.992209079e+000 
1.234445695e+000 1.985916232e+000 
1.191004530e+000 1.966619196e+000 
1.219040497e+000 1.979840944e+000 
1.239156296e+000 1.986928938e+000 
1.239541995e+000 1.987025770e+000 
1.188873828e+000 1.965749175e+000 
1.210705295e+000 1.976657139e+000 
1.194881972e+000 1.968836591e+000 
1.199020071e+000 1.970862841e+000 
1.188485636e+000 1.965256522e+000 
1.256653435e+000 1.991387647e+000 
1.242657142e+000 1.987914985e+000 
1.192746020e+000 1.967562596e+000 
1.199774626e+000 1.971567622e+000 
1.193766482e+000 1.968480206e+000 
1.187853366e+000 1.964831566e+000 
1.211735647e+000 1.976769798e+000 
1.323764314e+000 1.998453584e+000 
1.401193685e+000 1.999889820e+000 
1.322537272e+000 1.998408080e+000 
1.390942934e+000 1.999879824e+000 
1.242646094e+000 1.987591465e+000 
1.184861163e+000 1.963579201e+000 
1.263072421e+000 1.992252842e+000 
1.406034053e+000 1.999893336e+000 
1.279718144e+000 1.995055363e+000 
1.248861097e+000 1.988924809e+000 
1.264700223e+000 1.992873144e+000 
1.270140583e+000 1.993785469e+000 
1.298204081e+000 1.996765047e+000 
1.341091639e+000 1.998846197e+000 
1.275558158e+000 1.994495577e+000 
1.285430458e+000 1.995795417e+000 
1.303469734e+000 1.997042059e+000 
1.303495214e+000 1.997044186e+000 
1.223690751e+000 1.981448776e+000 
1.373066643e+000 1.999741654e+000 
1.312630360e+000 1.997813455e+000 
1.336017322e+000 1.998748662e+000 
1.340281457e+000 1.998803786e+000 
1.355377241e+000 1.999295426e+000 
1.316294285e+000 1.997869066e+000 
1.340030651e+000 1.998784155e+000 

