1.071184176e+000 1.641324587e+000 
1.090645892e+000 1.682518212e+000 
1.163017590e+000 1.781971575e+000 
1.045875248e+000 1.575812936e+000 
1.130916825e+000 1.745700220e+000 
1.038141362e+000 1.548912698e+000 
1.124064179e+000 1.733946598e+000 
1.181562944e+000 1.800549183e+000 
1.015514472e+000 1.451694157e+000 
1.017184690e+000 1.461295568e+000 
1.027038430e+000 1.508591076e+000 
1.027705207e+000 1.510437185e+000 
1.055929258e+000 1.605997243e+000 
1.071715042e+000 1.644899676e+000 
1.156533195e+000 1.779241116e+000 
1.165248409e+000 1.787427337e+000 
1.144767205e+000 1.764045509e+000 
1.021511370e+000 1.484050404e+000 
1.055403055e+000 1.604943270e+000 
1.143622067e+000 1.761515678e+000 
1.063875194e+000 1.626529893e+000 
1.023760315e+000 1.493929636e+000 
1.043697854e+000 1.568791273e+000 
1.061074640e+000 1.619517381e+000 
1.149968756e+000 1.770733660e+000 
1.154433546e+000 1.774771033e+000 
1.015817175e+000 1.454753174e+000 
1.139725831e+000 1.757669270e+000 
1.102430888e+000 1.703115354e+000 
1.196532898e+000 1.811349423e+000 
1.192719022e+000 1.809531588e+000 
1.133160751e+000 1.748453974e+000 
1.102414637e+000 1.702849590e+000 
1.015645744e+000 1.453157030e+000 
1.014693378e+000 1.445422487e+000 
1.014521947e+000 1.443826342e+000 
1.040377355e+000 1.557516273e+000 
1.044721174e+000 1.571809325e+000 
1.205613414e+000 1.821654573e+000 
1.016740586e+000 1.458893563e+000 
1.018681554e+000 1.470236401e+000 
1.042193419e+000 1.563454328e+000 
1.062986825e+000 1.624241213e+000 
1.173417230e+000 1.793880725e+000 
1.017530171e+000 1.462851274e+000 
1.061250399e+000 1.620036699e+000 
1.152879256e+000 1.773022053e+000 
1.045516089e+000 1.575020754e+000 
1.064476069e+000 1.628076965e+000 
1.042844937e+000 1.565448720e+000 
1.202210562e+000 1.817045303e+000 
1.069917123e+000 1.639867889e+000 
1.077441252e+000 1.657452220e+000 
1.186194084e+000 1.805393881e+000 
1.133933347e+000 1.748805006e+000 
1.029426154e+000 1.517742726e+000 
1.127209843e+000 1.740865434e+000 
1.144315421e+000 1.762009542e+000 
1.183308305e+000 1.803611530e+000 
1.026676043e+000 1.506575999e+000 
1.019343452e+000 1.472647635e+000 
1.030543550e+000 1.522148618e+000 
1.046818639e+000 1.578055592e+000 
1.052022542e+000 1.593444420e+000 
1.024462341e+000 1.496534815e+000 
1.015201639e+000 1.450755025e+000 
1.043743689e+000 1.568929819e+000 
1.185202646e+000 1.804330316e+000 
1.016261279e+000 1.457155179e+000 
1.120486131e+000 1.729852092e+000 
1.164134125e+000 1.784516170e+000 
1.112996528e+000 1.719648120e+000 
1.057770152e+000 1.609941401e+000 
1.163528190e+000 1.784211227e+000 
1.026946170e+000 1.508383828e+000 
1.125879835e+000 1.739365421e+000 
1.022741139e+000 1.489808558e+000 
1.058834120e+000 1.613441198e+000 
1.099609695e+000 1.700287657e+000 
1.080418133e+000 1.662903751e+000 
1.040819309e+000 1.558531293e+000 
1.021812715e+000 1.485607954e+000 
1.024586195e+000 1.496887453e+000 
1.133416368e+000 1.748590117e+000 
1.186061991e+000 1.804401211e+000 
1.019493357e+000 1.474260677e+000 
1.114205142e+000 1.719919160e+000 
1.139623869e+000 1.757288428e+000 
1.030986071e+000 1.523959962e+000 
1.124865121e+000 1.736703194e+000 
1.182125336e+000 1.801859342e+000 
1.100978960e+000 1.701826869e+000 
1.043476997e+000 1.567216920e+000 
1.158886312e+000 1.780128857e+000 
1.059424668e+000 1.614997107e+000 
1.041109400e+000 1.559361960e+000 
1.091006351e+000 1.683674633e+000 
1.105275461e+000 1.707680402e+000 
1.097274754e+000 1.694494881e+000 
1.046271956e+000 1.576846315e+000 
1.022837000e+000 1.490034266e+000 
1.126917717e+000 1.739535767e+000 
1.028886818e+000 1.514929129e+000 
1.149305434e+000 1.769129614e+000 
1.022025196e+000 1.486009989e+000 
1.166849347e+000 1.788617651e+000 
1.020155256e+000 1.476671912e+000 
1.034509296e+000 1.536881786e+000 
1.022960855e+000 1.490386904e+000 
1.101562177e+000 1.702062160e+000 
1.018120259e+000 1.464909883e+000 
1.086477551e+000 1.674967213e+000 
1.031755330e+000 1.526172894e+000 
1.082651774e+000 1.667732120e+000 
1.040568118e+000 1.557793172e+000 
1.032881333e+000 1.531084837e+000 
1.079146204e+000 1.660850875e+000 
1.035218749e+000 1.539807861e+000 
1.049928513e+000 1.587710090e+000 
1.160223551e+000 1.780227402e+000 
1.178923500e+000 1.798767218e+000 
1.094248887e+000 1.689875164e+000 
1.041779898e+000 1.561817448e+000 
1.077976663e+000 1.659060201e+000 
1.083339942e+000 1.669492907e+000 
1.136353200e+000 1.752635579e+000 
1.028659029e+000 1.514926065e+000 
1.054802494e+000 1.601918635e+000 
1.039223906e+000 1.553549561e+000 
1.091822944e+000 1.685023374e+000 
1.058196112e+000 1.611199044e+000 
1.047359532e+000 1.579440179e+000 
1.034868955e+000 1.538404528e+000 
1.049376634e+000 1.585979333e+000 
1.039562674e+000 1.554483679e+000 
1.112108018e+000 1.718540043e+000 
1.125851418e+000 1.738887177e+000 
1.071868182e+000 1.645012473e+000 
1.036375403e+000 1.543787753e+000 
1.034405345e+000 1.536468063e+000 
1.042416632e+000 1.563797080e+000 
1.108830856e+000 1.714258444e+000 
1.101578785e+000 1.702186747e+000 
1.028392860e+000 1.513270940e+000 
1.172604018e+000 1.792084826e+000 
1.099586151e+000 1.699454310e+000 
1.034471412e+000 1.536538636e+000 
1.190268308e+000 1.807125071e+000 
1.109717900e+000 1.715090588e+000 
1.134306550e+000 1.749408264e+000 
1.132572057e+000 1.747726824e+000 
1.107953270e+000 1.712396707e+000 
1.134768397e+000 1.749484680e+000 
1.043228674e+000 1.566678904e+000 
1.106490947e+000 1.709401347e+000 
1.109288614e+000 1.714262927e+000 
1.044669451e+000 1.571265388e+000 
1.103260218e+000 1.704140116e+000 
1.099156865e+000 1.698626649e+000 
1.141788907e+000 1.759722766e+000 
1.077130361e+000 1.656380573e+000 
1.171987392e+000 1.790636358e+000 
1.094698959e+000 1.691411386e+000 
1.104052238e+000 1.704898489e+000 
1.025514130e+000 1.499593416e+000 
1.085049430e+000 1.672521620e+000 
1.112590590e+000 1.719256161e+000 
1.187595244e+000 1.805504310e+000 
1.052066258e+000 1.594254142e+000 
1.134031178e+000 1.749130992e+000 
1.049787741e+000 1.587325046e+000 
1.053029587e+000 1.597162450e+000 
1.054907935e+000 1.601992761e+000 
1.050299316e+000 1.588623815e+000 
1.073854832e+000 1.649504524e+000 
1.074329264e+000 1.650522581e+000 
1.118163036e+000 1.727773163e+000 
1.062066099e+000 1.621836003e+000 
1.068821040e+000 1.637827968e+000 
1.119171884e+000 1.729017157e+000 
1.088333822e+000 1.678720089e+000 
1.082851337e+000 1.668126805e+000 
1.066504463e+000 1.632540019e+000 
1.087582060e+000 1.677039719e+000 
1.070012241e+000 1.640431273e+000 
1.068707152e+000 1.637572113e+000 
1.000251981e+000 1.000141237e+000 
1.000192197e+000 1.000135640e+000 
1.000237141e+000 1.000141028e+000 
1.000204118e+000 1.000135710e+000 
1.000101426e+000 1.000123235e+000 
1.000152771e+000 1.000134518e+000 
1.000038826e+000 1.000117751e+000 
1.000049930e+000 1.000123107e+000 
1.000140851e+000 1.000134448e+000 
1.000224822e+000 1.000139878e+000 
1.000129746e+000 1.000129049e+000 
1.000232534e+000 1.000140354e+000 
1.011697549e+000 1.249199264e+000 
1.011530468e+000 1.247297846e+000 
1.013235116e+000 1.260394837e+000 
1.012915635e+000 1.258576585e+000 
1.011389622e+000 1.246092110e+000 
1.012796729e+000 1.257695570e+000 
1.013384084e+000 1.263189995e+000 
1.011931590e+000 1.250682269e+000 
1.014077580e+000 1.265105973e+000 
1.013960958e+000 1.264700715e+000 
1.014032866e+000 1.264871031e+000 
1.012265587e+000 1.252579145e+000 
1.000000000e+000 1.000000000e+000 
1.000265296e+000 1.001564824e+000 
1.000304302e+000 1.001669185e+000 
1.000267972e+000 1.001591425e+000 
1.000355108e+000 1.001678904e+000 
1.000413528e+000 1.001683001e+000 
1.000461791e+000 1.001781980e+000 
1.000512597e+000 1.001791699e+000 
1.000449708e+000 1.001763818e+000 
1.001106682e+000 1.004832628e+000 
1.001137717e+000 1.004886599e+000 
1.001196860e+000 1.004898644e+000 
1.001089603e+000 1.004681825e+000 
1.002972126e+000 1.028392374e+000 
1.003626080e+000 1.030022819e+000 
1.003203883e+000 1.028802324e+000 
1.003511357e+000 1.029773934e+000 
1.002930559e+000 1.028385391e+000 
1.003274063e+000 1.029066673e+000 
1.003032893e+000 1.028470466e+000 
1.003065806e+000 1.028707769e+000 
1.001894707e+000 1.017176452e+000 
1.002396197e+000 1.018254410e+000 
1.001966350e+000 1.017220224e+000 
1.002069625e+000 1.017687338e+000 
1.002085876e+000 1.017689056e+000 
1.001574451e+000 1.015479929e+000 
1.002674026e+000 1.018789767e+000 
1.001689678e+000 1.016058429e+000 
1.002913993e+000 1.018893556e+000 
1.002014233e+000 1.017294387e+000 
1.001768899e+000 1.016548819e+000 
1.001792630e+000 1.016625540e+000 
1.002292062e+000 1.017829744e+000 
1.001726658e+000 1.016534353e+000 
1.001828735e+000 1.017085266e+000 
1.002133759e+000 1.017763219e+000 
1.002411589e+000 1.018298576e+000 
1.002067787e+000 1.017672032e+000 
1.002407906e+000 1.018266715e+000 
1.004102569e+000 1.035365348e+000 
1.006944221e+000 1.041782295e+000 
1.007728068e+000 1.042962554e+000 
1.003794247e+000 1.034351889e+000 
1.004414839e+000 1.036507381e+000 
1.006010621e+000 1.040402776e+000 
1.006830108e+000 1.041608532e+000 
1.005717497e+000 1.039445518e+000 
1.005067181e+000 1.038123323e+000 
1.004034142e+000 1.035272677e+000 
1.007783670e+000 1.043092024e+000 
1.007729918e+000 1.043047998e+000 
1.005382513e+000 1.038822262e+000 
1.004150343e+000 1.035557147e+000 
1.004346716e+000 1.036339773e+000 
1.007263900e+000 1.042315636e+000 
1.007044313e+000 1.041890649e+000 
1.004475142e+000 1.036672166e+000 
1.007806139e+000 1.043105015e+000 
1.007542891e+000 1.042772124e+000 
1.004021917e+000 1.035224753e+000 
1.008290458e+000 1.043881186e+000 
1.005250265e+000 1.038440114e+000 
1.004700825e+000 1.037234856e+000 
1.004740537e+000 1.037409853e+000 
1.010731893e+000 1.140491095e+000 
1.008960405e+000 1.131440347e+000 
1.010586366e+000 1.139875942e+000 
1.009075583e+000 1.131765074e+000 
1.010068265e+000 1.138165727e+000 
1.008430653e+000 1.127714234e+000 
1.010251531e+000 1.138679320e+000 
1.000940327e+000 1.002435337e+000 
1.000928932e+000 1.002427624e+000 
1.000847589e+000 1.002426395e+000 
1.000838154e+000 1.002330169e+000 
1.000906856e+000 1.002427438e+000 
1.001023294e+000 1.002531227e+000 
1.000994633e+000 1.002525023e+000 
1.000534520e+000 1.002015216e+000 
1.000721371e+000 1.002234667e+000 
1.000606520e+000 1.002035408e+000 
1.001080865e+000 1.002535043e+000 
1.000794220e+000 1.002325180e+000 
1.000625889e+000 1.002126180e+000 
1.000685885e+000 1.002221742e+000 
1.001428410e+000 1.005616782e+000 
1.001566498e+000 1.005858316e+000 
1.001526216e+000 1.005814271e+000 
1.001465196e+000 1.005649698e+000 
1.001232831e+000 1.005382963e+000 
1.001334133e+000 1.005591581e+000 
1.001383617e+000 1.005600795e+000 
1.325057251e+000 1.920291521e+000 
1.212840574e+000 1.828984737e+000 
1.321971191e+000 1.920266447e+000 
1.224046170e+000 1.843573667e+000 
1.222248570e+000 1.842315075e+000 
1.211980854e+000 1.828964060e+000 
1.680049961e+000 1.996448239e+000 
1.340163828e+000 1.928423188e+000 
1.207012831e+000 1.824025522e+000 
1.209593325e+000 1.827184071e+000 
1.219578315e+000 1.840609402e+000 
1.219853896e+000 1.841076103e+000 
1.304601865e+000 1.910270083e+000 
1.225882402e+000 1.847047076e+000 
1.361090134e+000 1.938692502e+000 
1.216269403e+000 1.838239930e+000 
1.378330602e+000 1.943893886e+000 
1.373636964e+000 1.943542473e+000 
1.362331883e+000 1.939241427e+000 
1.368983108e+000 1.942318494e+000 
1.291879193e+000 1.901853113e+000 
1.412740410e+000 1.954624551e+000 
1.380465414e+000 1.944404442e+000 
1.365131323e+000 1.940548088e+000 
1.360364418e+000 1.938208126e+000 
1.720858544e+000 1.998035829e+000 
1.415462153e+000 1.955598215e+000 
1.406677785e+000 1.953131027e+000 
1.678880136e+000 1.996293822e+000 
1.425795381e+000 1.959253661e+000 
1.723646312e+000 1.998401270e+000 
1.670844573e+000 1.995862550e+000 
1.474268905e+000 1.969253287e+000 
1.357037619e+000 1.936693996e+000 
1.226443563e+000 1.847532069e+000 
1.474306057e+000 1.969486567e+000 
1.216182992e+000 1.833640038e+000 
1.771388344e+000 2.000000000e+000 
1.416666772e+000 1.956480513e+000 
1.407952393e+000 1.953988510e+000 
1.420778393e+000 1.957234594e+000 
1.407629925e+000 1.953822838e+000 
1.408091240e+000 1.954028862e+000 
1.420662991e+000 1.957020952e+000 
1.417769496e+000 1.956565032e+000 
1.654502187e+000 1.994467869e+000 
1.763894193e+000 1.999901382e+000 
1.254718635e+000 1.875152635e+000 
1.711599383e+000 1.997758736e+000 
1.756787186e+000 1.999705734e+000 
1.340648611e+000 1.929019618e+000 
1.332490922e+000 1.925392114e+000 
1.629151987e+000 1.993921032e+000 
1.232108101e+000 1.855501484e+000 
1.624593596e+000 1.993675571e+000 
1.416367620e+000 1.956163070e+000 
1.231724911e+000 1.855147154e+000 
1.325206277e+000 1.922626724e+000 
1.330846202e+000 1.924987267e+000 
1.221572241e+000 1.841936169e+000 
1.230763570e+000 1.853293543e+000 
1.226455748e+000 1.849555719e+000 
1.701885665e+000 1.997488511e+000 
1.233913086e+000 1.857654099e+000 
1.228211787e+000 1.850375134e+000 
1.619982935e+000 1.993393067e+000 
1.350869097e+000 1.934415129e+000 
1.231129780e+000 1.854133183e+000 
1.229230791e+000 1.852256645e+000 
1.343946093e+000 1.930727888e+000 
1.358505044e+000 1.937802189e+000 
1.703311068e+000 1.997614652e+000 
1.363919453e+000 1.940243886e+000 
1.579785399e+000 1.989030966e+000 
1.316304484e+000 1.916943885e+000 
1.308596049e+000 1.913517034e+000 
1.320829014e+000 1.919307997e+000 
1.309063461e+000 1.913520618e+000 
1.577283090e+000 1.988461257e+000 
1.524695332e+000 1.982606983e+000 
1.345236765e+000 1.931453186e+000 
1.310315301e+000 1.915086230e+000 
1.348219675e+000 1.933283135e+000 
1.342332278e+000 1.930721599e+000 
1.333436102e+000 1.927152919e+000 
1.570510918e+000 1.987884039e+000 
1.231169630e+000 1.854191894e+000 
1.256704995e+000 1.877643494e+000 
1.523649214e+000 1.981600675e+000 
1.248761520e+000 1.872108587e+000 
1.249437081e+000 1.872392328e+000 
1.251285504e+000 1.873475684e+000 
1.255293746e+000 1.876381556e+000 
1.251954091e+000 1.873527254e+000 
1.244538864e+000 1.868664801e+000 
1.615941888e+000 1.992292801e+000 
1.247852268e+000 1.871335147e+000 
1.251071090e+000 1.872937770e+000 
1.276753605e+000 1.893241369e+000 
1.225559076e+000 1.845361544e+000 
1.266758764e+000 1.884846429e+000 
1.288693572e+000 1.901068158e+000 
1.224069011e+000 1.844975229e+000 
1.286906939e+000 1.899491716e+000 
1.283484781e+000 1.897740328e+000 
1.299839410e+000 1.907911961e+000 
1.282702753e+000 1.896533329e+000 
1.263788156e+000 1.880450006e+000 
1.306262749e+000 1.912449756e+000 
1.267737919e+000 1.885302511e+000 
1.747521147e+000 1.999254994e+000 
1.272834383e+000 1.889519285e+000 
1.325684790e+000 1.922689105e+000 
1.298193996e+000 1.906863218e+000 
1.282261830e+000 1.896195025e+000 
1.287544576e+000 1.899812260e+000 
1.281413545e+000 1.894975843e+000 
1.305805941e+000 1.910797433e+000 
1.268798858e+000 1.887292212e+000 
1.292927746e+000 1.902460016e+000 
1.294379556e+000 1.904120458e+000 
1.752575296e+000 1.999522019e+000 
1.297595088e+000 1.906274233e+000 
1.298079818e+000 1.906370946e+000 
1.562511918e+000 1.987574540e+000 
1.615669373e+000 1.992101888e+000 
1.274260690e+000 1.890734710e+000 
1.268620838e+000 1.885491607e+000 
1.746546567e+000 1.999162404e+000 
1.236191485e+000 1.859951959e+000 
1.276240807e+000 1.892408903e+000 
1.204087904e+000 1.819996453e+000 
1.566889797e+000 1.987600678e+000 
1.242827335e+000 1.867193045e+000 
1.252802580e+000 1.874506957e+000 
1.612848077e+000 1.991654922e+000 
1.202222044e+000 1.817874139e+000 
1.238643053e+000 1.862082351e+000 
1.205095233e+000 1.820987930e+000 
1.236221400e+000 1.860314247e+000 
1.240601396e+000 1.864632039e+000 
1.237563134e+000 1.861351107e+000 
1.614283887e+000 1.991658950e+000 
1.432625045e+000 1.961042666e+000 
1.504113166e+000 1.977904639e+000 
1.209373635e+000 1.826531207e+000 
1.213388536e+000 1.828994753e+000 
1.214908685e+000 1.831126809e+000 
1.600292303e+000 1.990695967e+000 
1.373122213e+000 1.942745425e+000 
1.211599513e+000 1.827788173e+000 
1.608985886e+000 1.991414981e+000 
1.199356890e+000 1.812683544e+000 
1.199957658e+000 1.814368168e+000 
1.198598163e+000 1.811907535e+000 
1.527471359e+000 1.982702775e+000 
1.645590869e+000 1.994450675e+000 
1.595010861e+000 1.990592254e+000 
1.749516980e+000 1.999456002e+000 
1.608727764e+000 1.991197894e+000 
1.238877585e+000 1.862824991e+000 
1.586929566e+000 1.989766491e+000 
1.675333249e+000 1.996259025e+000 
1.592412477e+000 1.990100620e+000 
1.214458737e+000 1.829970606e+000 
1.590687196e+000 1.989861460e+000 
1.680546448e+000 1.996978456e+000 
1.681299380e+000 1.997052117e+000 
1.743893809e+000 1.999038434e+000 
1.575884757e+000 1.988243399e+000 
1.201301834e+000 1.815062630e+000 
1.741039481e+000 1.998699211e+000 
1.655391990e+000 1.995085684e+000 
1.664356000e+000 1.995788318e+000 
1.662896160e+000 1.995498846e+000 
1.584667749e+000 1.989132009e+000 
1.576590469e+000 1.988323549e+000 
1.417938823e+000 1.956948732e+000 
1.422922344e+000 1.958282596e+000 
1.352441668e+000 1.934962247e+000 
1.345911356e+000 1.932524884e+000 
1.329293585e+000 1.923574398e+000 
1.336887105e+000 1.927639269e+000 
1.741388535e+000 1.998700650e+000 
1.265388908e+000 1.882647077e+000 
1.435249373e+000 1.963256651e+000 
1.432669565e+000 1.962028848e+000 
1.439121394e+000 1.964223233e+000 
1.437978391e+000 1.963588887e+000 
1.516999949e+000 1.980573977e+000 
1.407254515e+000 1.953585433e+000 
1.451805427e+000 1.966568046e+000 
1.409701919e+000 1.954525324e+000 
1.449499881e+000 1.966060401e+000 
1.387063160e+000 1.946375783e+000 
1.387399552e+000 1.946577585e+000 
1.396953386e+000 1.951148793e+000 
1.385112376e+000 1.945807133e+000 
1.396472550e+000 1.950076284e+000 
1.399433266e+000 1.952537280e+000 
1.459371904e+000 1.968082057e+000 
1.399424271e+000 1.952500931e+000 
1.460252459e+000 1.968317913e+000 
1.396882928e+000 1.950869296e+000 
1.483033661e+000 1.973439821e+000 
1.497309504e+000 1.977110919e+000 
1.506450079e+000 1.978608335e+000 
1.501514443e+000 1.977735461e+000 
1.492630527e+000 1.975865978e+000 
1.491099534e+000 1.975600584e+000 
1.487932187e+000 1.975465035e+000 
1.511740820e+000 1.979621872e+000 
1.487307277e+000 1.974214461e+000 
1.461385440e+000 1.968749523e+000 
1.461525950e+000 1.968844978e+000 
1.506046329e+000 1.978290891e+000 
1.546159302e+000 1.984406690e+000 
1.544043341e+000 1.983971319e+000 
1.519248542e+000 1.980777096e+000 
1.544765543e+000 1.984229435e+000 
1.459961283e+000 1.968317544e+000 
1.548282075e+000 1.984775483e+000 
1.548689243e+000 1.984867885e+000 
1.541999293e+000 1.983951079e+000 
1.556749883e+000 1.985812078e+000 
1.486476036e+000 1.974105226e+000 
1.536731888e+000 1.983359957e+000 
1.481346268e+000 1.972938425e+000 
1.479185026e+000 1.972453594e+000 
1.476116135e+000 1.971871727e+000 

