1.066394309e+000 1.827059854e+000 
1.105222354e+000 1.864361467e+000 
1.122267116e+000 1.875219006e+000 
1.150670967e+000 1.892030490e+000 
1.147115029e+000 1.890249901e+000 
1.120029561e+000 1.873934390e+000 
1.119107304e+000 1.873549841e+000 
1.289393348e+000 1.936421396e+000 
1.289661553e+000 1.936543409e+000 
1.065217746e+000 1.825785911e+000 
1.287779853e+000 1.935986916e+000 
1.122370953e+000 1.875556768e+000 
1.122833272e+000 1.875601571e+000 
1.064690363e+000 1.825044028e+000 
1.074570592e+000 1.837788799e+000 
1.072746637e+000 1.836050420e+000 
1.179838715e+000 1.903874275e+000 
1.093788859e+000 1.855756732e+000 
1.167398905e+000 1.899594439e+000 
1.247375727e+000 1.925351965e+000 
1.230729122e+000 1.921607108e+000 
1.196181485e+000 1.911144989e+000 
1.076231270e+000 1.839292062e+000 
1.065137174e+000 1.825182070e+000 
1.076297263e+000 1.839612205e+000 
1.121782614e+000 1.874953005e+000 
1.074169002e+000 1.837440547e+000 
1.069575846e+000 1.832032389e+000 
1.072004583e+000 1.834897010e+000 
1.074874897e+000 1.838134578e+000 
1.164386636e+000 1.898233106e+000 
1.289973898e+000 1.936863512e+000 
1.075992958e+000 1.839178926e+000 
1.162752747e+000 1.897801449e+000 
1.095247120e+000 1.856877080e+000 
1.096216878e+000 1.857604739e+000 
1.081402494e+000 1.844707433e+000 
1.108267951e+000 1.866375165e+000 
1.122353829e+000 1.875252374e+000 
1.095979030e+000 1.857413520e+000 
1.149588325e+000 1.891566582e+000 
1.066928691e+000 1.828296740e+000 
1.065184161e+000 1.825586499e+000 
1.090450846e+000 1.853189166e+000 
1.119192616e+000 1.873557722e+000 
1.294237294e+000 1.938067003e+000 
1.099953092e+000 1.860357842e+000 
1.098413668e+000 1.859005383e+000 
1.079396970e+000 1.842362995e+000 
1.105659684e+000 1.864488172e+000 
1.123061181e+000 1.875873250e+000 
1.070236706e+000 1.832428531e+000 
1.086360545e+000 1.849459698e+000 
1.069039763e+000 1.830981623e+000 
1.069317724e+000 1.831040677e+000 
1.071271405e+000 1.833789121e+000 
1.149944574e+000 1.891834402e+000 
1.093304451e+000 1.855453830e+000 
1.150094030e+000 1.891893523e+000 
1.116907026e+000 1.871978243e+000 
1.184026044e+000 1.905793039e+000 
1.068570802e+000 1.830445925e+000 
1.292215406e+000 1.937147295e+000 
1.169667575e+000 1.900942014e+000 
1.149348843e+000 1.891283840e+000 
1.198395730e+000 1.911853044e+000 
1.112931401e+000 1.869743061e+000 
1.091410188e+000 1.853990712e+000 
1.142149343e+000 1.887275300e+000 
1.142185592e+000 1.887409583e+000 
1.146584008e+000 1.889836265e+000 
1.088496549e+000 1.851217689e+000 
1.133638998e+000 1.882260138e+000 
1.180187941e+000 1.903992446e+000 
1.089640919e+000 1.852575505e+000 
1.092834730e+000 1.855064818e+000 
1.102870018e+000 1.862375274e+000 
1.088975169e+000 1.852098881e+000 
1.083617165e+000 1.846662680e+000 
1.150210436e+000 1.891934339e+000 
1.140909592e+000 1.886733347e+000 
1.083373877e+000 1.846592099e+000 
1.133548417e+000 1.882239037e+000 
1.085672269e+000 1.848635975e+000 
1.112608719e+000 1.869181935e+000 
1.098849131e+000 1.859135023e+000 
1.175968153e+000 1.902977972e+000 
1.279223346e+000 1.933244735e+000 
1.172628501e+000 1.902090918e+000 
1.195015034e+000 1.910591410e+000 
1.193778672e+000 1.910159421e+000 
1.101898692e+000 1.861474664e+000 
1.210681960e+000 1.915891605e+000 
1.231892465e+000 1.922179172e+000 
1.234387999e+000 1.923095106e+000 
1.150752463e+000 1.892165639e+000 
1.067899385e+000 1.829356299e+000 
1.125794356e+000 1.877317481e+000 
1.164112225e+000 1.898051218e+000 
1.190032028e+000 1.907844446e+000 
1.290919164e+000 1.937055083e+000 
1.087061061e+000 1.849929266e+000 
1.066581579e+000 1.827694194e+000 
1.077690427e+000 1.840870092e+000 
1.256122237e+000 1.928039865e+000 
1.082987980e+000 1.846271258e+000 
1.232573465e+000 1.922613615e+000 
1.107619306e+000 1.866078954e+000 
1.139394033e+000 1.885780920e+000 
1.090682091e+000 1.853368493e+000 
1.170882754e+000 1.901565776e+000 
1.170569900e+000 1.901443951e+000 
1.110789303e+000 1.867799822e+000 
1.287004558e+000 1.935346854e+000 
1.291142930e+000 1.937107979e+000 
1.116698837e+000 1.871708748e+000 
1.080903414e+000 1.844175175e+000 
1.294115171e+000 1.937566188e+000 
1.078536677e+000 1.841591114e+000 
1.123492428e+000 1.875966736e+000 
1.077478978e+000 1.840596106e+000 
1.108977838e+000 1.866839103e+000 
1.152497024e+000 1.892693288e+000 
1.167989817e+000 1.899660527e+000 
1.131025902e+000 1.880474498e+000 
1.295499089e+000 1.938279875e+000 
1.082280941e+000 1.845581533e+000 
1.126062293e+000 1.877543179e+000 
1.137880839e+000 1.884733256e+000 
1.112232778e+000 1.868929491e+000 
1.183107868e+000 1.905424720e+000 
1.176859057e+000 1.903572360e+000 
1.079107229e+000 1.842222010e+000 
1.128375597e+000 1.878828465e+000 
1.155368406e+000 1.894109125e+000 
1.180727230e+000 1.904414670e+000 
1.085375007e+000 1.848416397e+000 
1.114764164e+000 1.870496201e+000 
1.105436781e+000 1.864420704e+000 
1.296777400e+000 1.939106086e+000 
1.133062562e+000 1.881866099e+000 
1.077012308e+000 1.840143871e+000 
1.184083554e+000 1.905902701e+000 
1.151987227e+000 1.892593134e+000 
1.135910937e+000 1.883740791e+000 
1.104544980e+000 1.863758408e+000 
1.101450068e+000 1.861179086e+000 
1.181426637e+000 1.904892432e+000 
1.181113783e+000 1.904770881e+000 
1.253565195e+000 1.927733610e+000 
1.130869489e+000 1.880459697e+000 
1.256570657e+000 1.928395005e+000 
1.137766738e+000 1.884505296e+000 
1.115901735e+000 1.871242183e+000 
1.177223434e+000 1.903674850e+000 
1.178510474e+000 1.903828240e+000 
1.293007822e+000 1.937456634e+000 
1.233355926e+000 1.922711150e+000 
1.103885698e+000 1.863190216e+000 
1.097156536e+000 1.858080873e+000 
1.243243078e+000 1.924574105e+000 
1.166014676e+000 1.899260866e+000 
1.214216106e+000 1.917172818e+000 
1.215143742e+000 1.917735821e+000 
1.215250202e+000 1.917781983e+000 
1.234708339e+000 1.923283770e+000 
1.217600658e+000 1.918402944e+000 
1.224424126e+000 1.920054259e+000 
1.216596602e+000 1.918216206e+000 
1.154663561e+000 1.893847194e+000 
1.155262494e+000 1.893995765e+000 
1.142930006e+000 1.887764098e+000 
1.233714810e+000 1.922761719e+000 
1.233736907e+000 1.922913027e+000 
1.307944647e+000 1.939809657e+000 
1.306271032e+000 1.939727107e+000 
1.249059676e+000 1.925956908e+000 
1.245817076e+000 1.925049293e+000 
1.206662936e+000 1.914752765e+000 
1.249122789e+000 1.926220907e+000 
1.237219723e+000 1.923794278e+000 
1.204286191e+000 1.913995041e+000 
1.239064276e+000 1.923823401e+000 
1.211481156e+000 1.916821941e+000 
1.275249232e+000 1.931898367e+000 
1.240918721e+000 1.924160164e+000 
1.204436596e+000 1.914412458e+000 
1.311320416e+000 1.940678720e+000 
1.204735991e+000 1.914593316e+000 
1.262633603e+000 1.930207952e+000 
1.268294794e+000 1.931243958e+000 
1.264622418e+000 1.930937847e+000 
1.203354381e+000 1.913905190e+000 
1.272967239e+000 1.931753849e+000 
1.267414004e+000 1.931218139e+000 
1.208597687e+000 1.915884731e+000 
1.284121634e+000 1.934492901e+000 
1.155656157e+000 1.894213771e+000 
1.186049004e+000 1.906147055e+000 
1.188872751e+000 1.907354780e+000 
1.305209406e+000 1.939724524e+000 
1.146676814e+000 1.889948936e+000 
1.164816961e+000 1.898409029e+000 
1.187639276e+000 1.906800200e+000 
1.154201212e+000 1.893521892e+000 
1.210900689e+000 1.916043083e+000 
1.252406228e+000 1.926618310e+000 
1.272428025e+000 1.931317509e+000 
1.197687953e+000 1.911521997e+000 
1.263947483e+000 1.930423151e+000 
1.017537757e+000 1.021315789e+000 
1.013741987e+000 1.019611184e+000 
1.013538565e+000 1.019365851e+000 
1.015153044e+000 1.020444871e+000 
1.015027275e+000 1.020344801e+000 
1.015782547e+000 1.020661114e+000 
1.016774898e+000 1.021091377e+000 
1.015613847e+000 1.020643535e+000 
1.017324895e+000 1.021232433e+000 
1.015010570e+000 1.020338634e+000 
1.016409428e+000 1.020911145e+000 
1.016190046e+000 1.020853410e+000 
1.016992431e+000 1.021121934e+000 
1.016739128e+000 1.021089764e+000 
1.015230843e+000 1.020458549e+000 
1.013664188e+000 1.019597507e+000 
1.013962150e+000 1.019762971e+000 
1.014119640e+000 1.019894298e+000 
1.013884351e+000 1.019749294e+000 
1.015388333e+000 1.020589875e+000 
1.014714187e+000 1.020186120e+000 
1.014442992e+000 1.020097314e+000 
1.014949476e+000 1.020331124e+000 
1.014855852e+000 1.020327610e+000 
1.005262505e+000 1.003728141e+000 
1.006267575e+000 1.003876562e+000 
1.005072753e+000 1.003677016e+000 
1.004831814e+000 1.003629734e+000 
1.004727899e+000 1.003627957e+000 
1.004639599e+000 1.003584144e+000 
1.005614189e+000 1.003817039e+000 
1.005934766e+000 1.003876005e+000 
1.004880538e+000 1.003631427e+000 
1.006841825e+000 1.003965242e+000 
1.004968838e+000 1.003675239e+000 
1.005906892e+000 1.003822303e+000 
1.004535683e+000 1.003582368e+000 
1.004776622e+000 1.003629650e+000 
1.005207391e+000 1.003721580e+000 
1.005015175e+000 1.003675992e+000 
1.005454720e+000 1.003773730e+000 
1.005589254e+000 1.003775212e+000 
1.006947862e+000 1.003971827e+000 
1.004184461e+000 1.003472441e+000 
1.004388020e+000 1.003525914e+000 
1.006392874e+000 1.003881264e+000 
1.006307239e+000 1.003876579e+000 
1.005907956e+000 1.003830411e+000 
1.006681258e+000 1.003924360e+000 
1.007204474e+000 1.004013417e+000 
1.004404453e+000 1.003527903e+000 
1.007068101e+000 1.003988514e+000 
1.004029740e+000 1.003379594e+000 
1.004127397e+000 1.003425628e+000 
1.007481784e+000 1.004036312e+000 
1.004072290e+000 1.003384260e+000 
1.006585213e+000 1.003923653e+000 
1.007324713e+000 1.004030104e+000 
1.006719747e+000 1.003925135e+000 
1.006931183e+000 1.003966156e+000 
1.007379482e+000 1.004031398e+000 
1.007202635e+000 1.003989997e+000 
1.007642351e+000 1.004077194e+000 
1.006524187e+000 1.003918151e+000 
1.006807170e+000 1.003934745e+000 
1.007520273e+000 1.004037087e+000 
1.007157459e+000 1.003989433e+000 
1.002801016e+000 1.000418209e+000 
1.003977708e+000 1.001389937e+000 
1.003010138e+000 1.001269670e+000 
1.002988694e+000 1.001269070e+000 
1.003779323e+000 1.001377028e+000 
1.003872208e+000 1.001388648e+000 
1.003591933e+000 1.001346476e+000 
1.003693718e+000 1.001369324e+000 
1.003602122e+000 1.001347330e+000 
1.004010975e+000 1.001390822e+000 
1.003363489e+000 1.001317236e+000 
1.003050235e+000 1.001272553e+000 
1.003587215e+000 1.001340614e+000 
1.003332041e+000 1.001316378e+000 
1.003417413e+000 1.001333034e+000 
1.003477788e+000 1.001334851e+000 
1.003233072e+000 1.001294141e+000 
1.003555230e+000 1.001338932e+000 
1.003319097e+000 1.001299917e+000 
1.003523782e+000 1.001338075e+000 
1.003174134e+000 1.001277344e+000 
1.003671269e+000 1.001359810e+000 
1.003780227e+000 1.001379372e+000 
1.003702785e+000 1.001375430e+000 
1.003610893e+000 1.001357854e+000 
1.003273169e+000 1.001297024e+000 
1.003251045e+000 1.001296776e+000 
1.003201625e+000 1.001293283e+000 
1.003241721e+000 1.001296166e+000 
1.003148980e+000 1.001276028e+000 
1.003279843e+000 1.001299373e+000 
1.003117532e+000 1.001275170e+000 
1.003140715e+000 1.001275720e+000 
1.003189418e+000 1.001292908e+000 
1.003210948e+000 1.001293893e+000 
1.008092522e+000 1.008794198e+000 
1.008327487e+000 1.008901130e+000 
1.007721323e+000 1.008647700e+000 
1.007899010e+000 1.008690967e+000 
1.010003814e+000 1.009501054e+000 
1.009884222e+000 1.009416333e+000 
1.009693722e+000 1.009401747e+000 
1.008418495e+000 1.008928084e+000 
1.010745688e+000 1.009691388e+000 
1.008626631e+000 1.009024499e+000 
1.009319556e+000 1.009275150e+000 
1.008709309e+000 1.009040420e+000 
1.010840413e+000 1.009703017e+000 
1.009425576e+000 1.009287471e+000 
1.008773284e+000 1.009049895e+000 
1.010663011e+000 1.009675466e+000 
1.008535623e+000 1.008997545e+000 
1.009921136e+000 1.009485132e+000 
1.008828743e+000 1.009050484e+000 
1.008170266e+000 1.008814089e+000 
1.010923090e+000 1.009718939e+000 
1.008760020e+000 1.009042833e+000 
1.010636705e+000 1.009653280e+000 
1.009310794e+000 1.009273528e+000 
1.008842698e+000 1.009058754e+000 
1.008696044e+000 1.009033358e+000 
1.010536847e+000 1.009636215e+000 
1.008843040e+000 1.009095195e+000 
1.008252944e+000 1.008830011e+000 
1.008613366e+000 1.009017437e+000 
1.008405231e+000 1.008921022e+000 
1.033044661e+000 1.083329480e+000 
1.040269227e+000 1.090262020e+000 
1.037858288e+000 1.088327968e+000 
1.038957301e+000 1.089185642e+000 
1.038220717e+000 1.088967912e+000 
1.032307829e+000 1.082156117e+000 
1.032516820e+000 1.082746984e+000 
1.037613110e+000 1.087860210e+000 
1.039287898e+000 1.089362518e+000 
1.036582945e+000 1.087262544e+000 
1.037146686e+000 1.087759739e+000 
1.032863977e+000 1.082913116e+000 
1.033660622e+000 1.084100589e+000 
1.040977733e+000 1.090601118e+000 
1.037975538e+000 1.088500154e+000 
1.038140192e+000 1.088502469e+000 
1.033730801e+000 1.084104460e+000 
1.034803271e+000 1.085336727e+000 
1.036572532e+000 1.087158592e+000 
1.034446764e+000 1.085265415e+000 
1.035316824e+000 1.086004956e+000 
1.033937520e+000 1.084539036e+000 
1.034976629e+000 1.085423814e+000 
1.035551037e+000 1.086010730e+000 
1.000000000e+000 1.000070539e+000 
1.000033486e+000 1.000071618e+000 
1.000811511e+000 1.000375086e+000 
1.000315440e+000 1.000352185e+000 
1.000664264e+000 1.000369396e+000 
1.000919274e+000 1.000380766e+000 
1.000356402e+000 1.000352906e+000 
1.000716841e+000 1.000373774e+000 
1.000644305e+000 1.000369354e+000 
1.001299909e+000 1.000390882e+000 
1.001129629e+000 1.000385374e+000 
1.000771610e+000 1.000374479e+000 
1.000699074e+000 1.000370060e+000 
1.001074860e+000 1.000384668e+000 
1.001478275e+000 1.000394664e+000 
1.000864505e+000 1.000380060e+000 
1.000054113e+000 1.000331766e+000 
1.000276371e+000 1.000347401e+000 
1.001911739e+000 1.000405456e+000 
1.001688631e+000 1.000399268e+000 
1.000034868e+000 1.000331060e+000 
1.001276259e+000 1.000388270e+000 
1.000834551e+000 1.000375362e+000 
1.000551410e+000 1.000363773e+000 
1.000496641e+000 1.000363068e+000 
1.000717258e+000 1.000374371e+000 
1.000235408e+000 1.000346680e+000 
1.000569594e+000 1.000368084e+000 
1.000302693e+000 1.000348596e+000 
1.000145406e+000 1.000340975e+000 
1.000257126e+000 1.000346695e+000 
1.000772027e+000 1.000375076e+000 
1.000624363e+000 1.000368789e+000 
1.000216164e+000 1.000345973e+000 
1.000126162e+000 1.000340269e+000 
1.000070833e+000 1.000336737e+000 
1.000477397e+000 1.000362361e+000 
1.000334684e+000 1.000352891e+000 
1.000375646e+000 1.000353612e+000 
1.000430415e+000 1.000354318e+000 
1.029350085e+000 1.043920533e+000 
1.027226830e+000 1.043033257e+000 
1.018677619e+000 1.037308133e+000 
1.019387621e+000 1.038247243e+000 
1.021660387e+000 1.039584418e+000 
1.024173032e+000 1.041341710e+000 
1.018351044e+000 1.036829686e+000 
1.019510006e+000 1.038247695e+000 
1.018721506e+000 1.037422718e+000 
1.018952727e+000 1.037814624e+000 
1.018380598e+000 1.036872077e+000 
1.021299750e+000 1.039581688e+000 
1.022866633e+000 1.040580348e+000 
1.023256999e+000 1.040823170e+000 
1.018231310e+000 1.036390141e+000 
1.027062287e+000 1.043033094e+000 
1.026586100e+000 1.042664629e+000 
1.020102055e+000 1.038697262e+000 
1.026654745e+000 1.042665025e+000 
1.023098897e+000 1.040755149e+000 
1.030102966e+000 1.044293460e+000 
1.026185029e+000 1.042256486e+000 
1.023754769e+000 1.041269695e+000 
1.021744543e+000 1.039815063e+000 
1.018186592e+000 1.036342392e+000 
1.022684816e+000 1.040467717e+000 
1.022162237e+000 1.039945300e+000 
1.023051605e+000 1.040645592e+000 
1.028792550e+000 1.043639491e+000 
1.031138643e+000 1.044744856e+000 
1.027717927e+000 1.043194910e+000 
1.029101867e+000 1.043892368e+000 
1.028762366e+000 1.043614252e+000 
1.031058412e+000 1.044719451e+000 
1.031896464e+000 1.045051213e+000 
1.023021420e+000 1.040620392e+000 
1.031002324e+000 1.044693778e+000 
1.028528456e+000 1.043466304e+000 
1.024915620e+000 1.041777012e+000 
1.026728043e+000 1.042741205e+000 
1.012915333e+000 1.010417770e+000 
1.011552506e+000 1.009921511e+000 
1.012804851e+000 1.010405383e+000 
1.011687788e+000 1.010065112e+000 
1.012494206e+000 1.010296429e+000 
1.011579218e+000 1.010035315e+000 
1.013067720e+000 1.010458485e+000 
1.012867150e+000 1.010417539e+000 
1.012189142e+000 1.010256962e+000 
1.011248556e+000 1.009852991e+000 
1.011411517e+000 1.009885543e+000 
1.010845789e+000 1.009711594e+000 
1.010954359e+000 1.009741391e+000 
1.011139985e+000 1.009823195e+000 
1.012581308e+000 1.010305938e+000 
1.013049237e+000 1.010419637e+000 
1.012251732e+000 1.010264764e+000 
1.012612636e+000 1.010315628e+000 
1.012368657e+000 1.010294561e+000 
1.012074460e+000 1.010182961e+000 
1.010984790e+000 1.009742466e+000 
1.011557250e+000 1.009941455e+000 
1.011371624e+000 1.009859652e+000 
1.011539325e+000 1.009919915e+000 
1.011410409e+000 1.009860727e+000 
1.013416435e+000 1.010480177e+000 
1.002200884e+000 1.000413341e+000 
1.002150017e+000 1.000408356e+000 
1.002680322e+000 1.000416634e+000 
1.002686544e+000 1.000416652e+000 
1.002371635e+000 1.000414059e+000 
1.002093365e+000 1.000407760e+000 
1.002966674e+000 1.000423932e+000 
1.002255653e+000 1.000413467e+000 
1.001938177e+000 1.000407525e+000 
1.002207106e+000 1.000413359e+000 
1.002918126e+000 1.000423824e+000 
1.002152337e+000 1.000413234e+000 
1.001898213e+000 1.000401136e+000 
1.001843444e+000 1.000401010e+000 
1.001990048e+000 1.000407527e+000 
1.002102706e+000 1.000408225e+000 
1.002755837e+000 1.000418117e+000 
1.002703966e+000 1.000418114e+000 
1.002044817e+000 1.000407653e+000 
1.001992946e+000 1.000407651e+000 
1.001791573e+000 1.000401008e+000 
1.002549895e+000 1.000414141e+000 
1.002903485e+000 1.000419873e+000 
1.002319764e+000 1.000414057e+000 
1.001846342e+000 1.000401133e+000 
1.002868495e+000 1.000418814e+000 
1.002902763e+000 1.000419476e+000 
1.002498024e+000 1.000414138e+000 
1.001898572e+000 1.000401138e+000 
1.002890998e+000 1.000419342e+000 
1.002869510e+000 1.000419187e+000 
1.002601269e+000 1.000414142e+000 
1.059906319e+000 1.410798153e+000 
1.060169188e+000 1.411097047e+000 
1.060490240e+000 1.411229961e+000 
1.063844622e+000 1.414715015e+000 
1.064517399e+000 1.415479020e+000 
1.058118868e+000 1.407647938e+000 
1.060948367e+000 1.411787469e+000 
1.059285246e+000 1.409763947e+000 
1.058591457e+000 1.409065124e+000 
1.063355033e+000 1.414463194e+000 
1.060584282e+000 1.411539547e+000 
1.062859411e+000 1.413947765e+000 
1.062444317e+000 1.413505265e+000 
1.049126719e+000 1.137336291e+000 
1.042278992e+000 1.129960540e+000 
1.041620710e+000 1.129570477e+000 
1.041167801e+000 1.128838649e+000 
1.052420157e+000 1.139505583e+000 
1.048740041e+000 1.136969438e+000 
1.054859072e+000 1.141205821e+000 
1.057029609e+000 1.142653540e+000 
1.043846904e+000 1.132510088e+000 
1.044117208e+000 1.132533336e+000 
1.043270420e+000 1.131381129e+000 
1.044706828e+000 1.133177693e+000 
1.047818022e+000 1.136357404e+000 
1.042757489e+000 1.131146509e+000 
1.052810515e+000 1.140265811e+000 
1.053578218e+000 1.140276023e+000 
1.055910670e+000 1.141904994e+000 
1.046580269e+000 1.135138848e+000 
1.050679900e+000 1.138401979e+000 
1.045026560e+000 1.133879048e+000 
1.045159737e+000 1.133909521e+000 
1.048308599e+000 1.136679500e+000 
1.057818544e+000 1.143116376e+000 
1.052198223e+000 1.139214765e+000 
1.053636330e+000 1.140303294e+000 
1.440009825e+000 1.979737084e+000 
1.440183945e+000 1.980031132e+000 
1.422302946e+000 1.976514525e+000 
1.378352117e+000 1.966449131e+000 
1.407723454e+000 1.973027364e+000 
1.322775636e+000 1.946571000e+000 
1.439606134e+000 1.979660863e+000 
1.649402571e+000 1.998213247e+000 
1.372270576e+000 1.965736674e+000 
1.332263541e+000 1.952949270e+000 
1.324157537e+000 1.946711444e+000 
1.318224946e+000 1.943204594e+000 
1.316102807e+000 1.942802367e+000 
1.333384110e+000 1.954108205e+000 
1.376753997e+000 1.966295061e+000 
1.324282490e+000 1.947736673e+000 
1.408425465e+000 1.973094730e+000 
1.773997612e+000 1.999853562e+000 
1.674777340e+000 1.998481358e+000 
1.673546986e+000 1.998449900e+000 
1.403313602e+000 1.972184847e+000 
1.688787930e+000 1.998622457e+000 
1.369745269e+000 1.965205537e+000 
1.404261610e+000 1.972755001e+000 
1.371059546e+000 1.965486410e+000 
1.385212540e+000 1.968137577e+000 
1.419545784e+000 1.975783370e+000 
1.358718571e+000 1.962038935e+000 
1.329890832e+000 1.951166369e+000 
1.322583557e+000 1.946217340e+000 
1.550387053e+000 1.992699348e+000 
1.551704283e+000 1.993146111e+000 
1.547946732e+000 1.992371124e+000 
1.519429894e+000 1.989887487e+000 
1.640209516e+000 1.998140499e+000 
1.516047193e+000 1.989688996e+000 
1.374381468e+000 1.966096559e+000 
1.329623688e+000 1.951017818e+000 
1.332686561e+000 1.953672439e+000 
1.792032739e+000 1.999960349e+000 
1.321188437e+000 1.946181942e+000 
1.541705080e+000 1.991759440e+000 
1.427864167e+000 1.977847491e+000 
1.425167225e+000 1.977675950e+000 
1.793033741e+000 1.999996141e+000 
1.340856002e+000 1.956245032e+000 
1.331990785e+000 1.952723553e+000 
1.423913198e+000 1.977269980e+000 
1.312418758e+000 1.940892517e+000 
1.493622778e+000 1.987367239e+000 
1.523819510e+000 1.990358622e+000 
1.314138190e+000 1.941519333e+000 
1.356900213e+000 1.961341140e+000 
1.325877018e+000 1.948659955e+000 
1.612075777e+000 1.996935349e+000 
1.598068884e+000 1.996335614e+000 
1.515205676e+000 1.989369220e+000 
1.320059070e+000 1.944892449e+000 
1.418794584e+000 1.975630439e+000 
1.358668155e+000 1.961814594e+000 
1.313736292e+000 1.941505972e+000 
1.642542795e+000 1.998188536e+000 
1.314316410e+000 1.942419295e+000 
1.315874972e+000 1.942588916e+000 
1.630665822e+000 1.997948972e+000 
1.343337499e+000 1.956999068e+000 
1.599564965e+000 1.996557693e+000 
1.343384705e+000 1.957147846e+000 
1.344441733e+000 1.957456933e+000 
1.512375764e+000 1.989249961e+000 
1.416496551e+000 1.975141140e+000 
1.417803283e+000 1.975484827e+000 
1.477979234e+000 1.985426946e+000 
1.380294491e+000 1.967157523e+000 
1.453865424e+000 1.981964501e+000 
1.330331160e+000 1.951287917e+000 
1.417182574e+000 1.975434201e+000 
1.554063729e+000 1.993338652e+000 
1.524796384e+000 1.990803250e+000 
1.329081024e+000 1.950813455e+000 
1.683334265e+000 1.998538120e+000 
1.330938997e+000 1.952063911e+000 
1.434069516e+000 1.978845866e+000 
1.318745096e+000 1.943239588e+000 
1.324842027e+000 1.948591143e+000 
1.319296340e+000 1.943510468e+000 
1.618270048e+000 1.997268470e+000 
1.320004595e+000 1.944148362e+000 
1.331748757e+000 1.952646740e+000 
1.433239723e+000 1.978657893e+000 
1.347391821e+000 1.958114301e+000 
1.359393130e+000 1.962675468e+000 
1.433551686e+000 1.978671961e+000 
1.327230290e+000 1.949236389e+000 
1.357573409e+000 1.961529495e+000 
1.440025098e+000 1.979831986e+000 
1.358914790e+000 1.962243690e+000 
1.328474063e+000 1.949572118e+000 
1.683195042e+000 1.998483261e+000 
1.389659806e+000 1.969476523e+000 
1.331130929e+000 1.952236373e+000 
1.583606612e+000 1.995244422e+000 
1.324254017e+000 1.947389621e+000 
1.573533060e+000 1.994634606e+000 
1.357756425e+000 1.961812435e+000 
1.351269848e+000 1.959632937e+000 
1.328825235e+000 1.950562168e+000 
1.350742676e+000 1.959625231e+000 
1.342061709e+000 1.956957268e+000 
1.377531656e+000 1.966345102e+000 
1.339499504e+000 1.955969188e+000 
1.340880027e+000 1.956602988e+000 
1.376489086e+000 1.966155615e+000 
1.330337421e+000 1.951746814e+000 
1.336602726e+000 1.955182769e+000 
1.439003062e+000 1.979630000e+000 
1.341898698e+000 1.956890055e+000 
1.422628388e+000 1.976581861e+000 
1.441523291e+000 1.980383880e+000 
1.422546256e+000 1.976540364e+000 
1.395446214e+000 1.971384271e+000 
1.362958615e+000 1.963557225e+000 
1.358938451e+000 1.962248344e+000 
1.760483243e+000 1.999831052e+000 
1.332521803e+000 1.953324172e+000 
1.363766082e+000 1.964045908e+000 
1.499544144e+000 1.987743808e+000 
1.549787602e+000 1.992670392e+000 
1.436026426e+000 1.979230645e+000 
1.428549537e+000 1.978114500e+000 
1.444561570e+000 1.980808657e+000 
1.400208788e+000 1.971609143e+000 
1.440052607e+000 1.979984055e+000 
1.542763157e+000 1.992128542e+000 
1.422643858e+000 1.976967880e+000 
1.532998645e+000 1.991639233e+000 
1.334423894e+000 1.954412709e+000 
1.550832738e+000 1.992827951e+000 
1.548562924e+000 1.992572720e+000 
1.362661983e+000 1.963357861e+000 
1.333091227e+000 1.953916503e+000 
1.419258007e+000 1.975683369e+000 
1.419895382e+000 1.976103689e+000 
1.403558658e+000 1.972565064e+000 
1.530692617e+000 1.991201323e+000 
1.418274587e+000 1.975623864e+000 
1.390226974e+000 1.969855402e+000 
1.391099113e+000 1.970212727e+000 
1.354484822e+000 1.960689520e+000 
1.407249087e+000 1.972921199e+000 
1.363215970e+000 1.963773872e+000 
1.450434722e+000 1.981531959e+000 
1.360542950e+000 1.963015267e+000 
1.431819634e+000 1.978541939e+000 
1.394676444e+000 1.971128085e+000 
1.448691786e+000 1.981406583e+000 
1.571984783e+000 1.994379653e+000 
1.391809492e+000 1.970430544e+000 
1.351441703e+000 1.960034398e+000 
1.451016122e+000 1.981575725e+000 
1.368455231e+000 1.965128494e+000 
1.682728469e+000 1.998481700e+000 
1.390371770e+000 1.970090176e+000 
1.337979867e+000 1.955515155e+000 
1.363481229e+000 1.963818947e+000 
1.393855939e+000 1.970530516e+000 
1.373504242e+000 1.965742866e+000 
1.335824010e+000 1.954547265e+000 
1.393430626e+000 1.970518062e+000 
1.393878937e+000 1.970855331e+000 
1.381241564e+000 1.967551692e+000 
1.375005295e+000 1.966108207e+000 
1.629343799e+000 1.997875800e+000 
1.550310511e+000 1.992677104e+000 
1.382157565e+000 1.967780358e+000 
1.532376072e+000 1.991368770e+000 
1.387858153e+000 1.968664381e+000 
1.532858899e+000 1.991626600e+000 
1.469417032e+000 1.984126248e+000 
1.387976715e+000 1.968802425e+000 
1.381654382e+000 1.967771215e+000 
1.463581979e+000 1.983448462e+000 
1.401019335e+000 1.972040353e+000 
1.462181863e+000 1.983338877e+000 
1.452819289e+000 1.981921645e+000 
1.385597485e+000 1.968597255e+000 
1.349055449e+000 1.959283854e+000 
1.388375746e+000 1.969102499e+000 
1.454517854e+000 1.982156351e+000 
1.660555627e+000 1.998349605e+000 
1.344965860e+000 1.957615698e+000 
1.370928407e+000 1.965442384e+000 
1.351317756e+000 1.959648711e+000 
1.354460223e+000 1.960648685e+000 
1.347667685e+000 1.958733484e+000 
1.349760955e+000 1.959613080e+000 
1.371339084e+000 1.965680122e+000 
1.438143340e+000 1.979538632e+000 
1.338964056e+000 1.955611087e+000 
1.339109602e+000 1.955719142e+000 
1.638864672e+000 1.998126269e+000 
1.367136592e+000 1.964427924e+000 
1.634362572e+000 1.998075076e+000 
1.340244212e+000 1.956091999e+000 
1.756096500e+000 1.999790584e+000 
1.632547130e+000 1.997955386e+000 
1.660533868e+000 1.998303772e+000 
1.652817649e+000 1.998250253e+000 
1.446872273e+000 1.981020494e+000 
1.625101774e+000 1.997782426e+000 
1.523045322e+000 1.990193130e+000 
1.605240357e+000 1.996658407e+000 
1.604840409e+000 1.996612120e+000 
1.749880408e+000 1.999475800e+000 
1.563118261e+000 1.993834290e+000 
1.568105459e+000 1.994277512e+000 
1.744353421e+000 1.999367828e+000 
1.650185875e+000 1.998219371e+000 
1.749233788e+000 1.999474499e+000 
1.565264439e+000 1.994135283e+000 
1.744975733e+000 1.999462398e+000 
1.610944813e+000 1.996895975e+000 
1.637283195e+000 1.998092909e+000 
1.527036997e+000 1.990923631e+000 
1.615098416e+000 1.997244995e+000 
1.545174282e+000 1.992266177e+000 
1.732740004e+000 1.999280532e+000 
1.430189112e+000 1.978138043e+000 
1.500963350e+000 1.988178156e+000 
1.634044660e+000 1.998058379e+000 
1.466294955e+000 1.983742432e+000 
1.795447445e+000 2.000000000e+000 
1.621221225e+000 1.997384016e+000 
1.753022672e+000 1.999564351e+000 
1.793089118e+000 1.999999340e+000 
1.621323146e+000 1.997476371e+000 
1.750661624e+000 1.999548764e+000 
1.618381303e+000 1.997336553e+000 
1.754018360e+000 1.999641496e+000 
1.753113317e+000 1.999606161e+000 
1.754041883e+000 1.999642049e+000 
1.612421456e+000 1.997192709e+000 
1.469835172e+000 1.984304936e+000 
1.473829357e+000 1.984939228e+000 
1.606998162e+000 1.996878185e+000 
1.485825659e+000 1.986376509e+000 
1.483799657e+000 1.986175285e+000 
1.482480097e+000 1.985967402e+000 
1.484856617e+000 1.986306704e+000 
1.483883309e+000 1.986177050e+000 
1.479393141e+000 1.985622431e+000 
1.496548216e+000 1.987410662e+000 
1.413121583e+000 1.974187974e+000 
1.415067280e+000 1.974837633e+000 
1.410562191e+000 1.973810562e+000 
1.413946953e+000 1.974650727e+000 
1.411998903e+000 1.974015916e+000 
1.413494052e+000 1.974321366e+000 
1.500772826e+000 1.988133750e+000 
1.500747531e+000 1.987953435e+000 
1.496631181e+000 1.987719439e+000 
1.586707035e+000 1.995564422e+000 
1.593448558e+000 1.996189773e+000 
1.590471094e+000 1.995954722e+000 
1.588058694e+000 1.995726728e+000 
1.509090650e+000 1.988756950e+000 
1.713678651e+000 1.999052652e+000 
1.571061941e+000 1.994368263e+000 
1.569242498e+000 1.994326813e+000 
1.579838243e+000 1.994962992e+000 
1.578569869e+000 1.994933892e+000 
1.573148075e+000 1.994527436e+000 
1.563164870e+000 1.994092555e+000 
1.590337520e+000 1.995835434e+000 
1.492269475e+000 1.987008908e+000 
1.518661431e+000 1.989877230e+000 
1.470891025e+000 1.984529919e+000 
1.468718211e+000 1.984090199e+000 
1.545440024e+000 1.992316587e+000 
1.582374889e+000 1.995090958e+000 
1.702057213e+000 1.998869164e+000 
1.710460228e+000 1.999045150e+000 
1.704234123e+000 1.998948572e+000 
1.692165805e+000 1.998690181e+000 
1.687610884e+000 1.998592459e+000 
1.692931399e+000 1.998785348e+000 
1.692837775e+000 1.998782619e+000 
1.721216575e+000 1.999163735e+000 
1.714234613e+000 1.999095727e+000 
1.740125586e+000 1.999296724e+000 
1.722518888e+000 1.999277808e+000 
1.741048113e+000 1.999300060e+000 

