1.010666250e+000 1.069720586e+000 
1.011492010e+000 1.069994434e+000 
1.026853730e+000 1.721296634e+000 
1.058410355e+000 1.763486127e+000 
1.054313450e+000 1.758541081e+000 
1.123003191e+000 1.825428206e+000 
1.143287320e+000 1.839455977e+000 
1.194327412e+000 1.872028068e+000 
1.201138747e+000 1.876536306e+000 
1.033979585e+000 1.732690069e+000 
1.153700027e+000 1.847141204e+000 
1.194606573e+000 1.872107007e+000 
1.140848181e+000 1.837934947e+000 
1.025945703e+000 1.719957570e+000 
1.051441618e+000 1.755776331e+000 
1.041035752e+000 1.742657486e+000 
1.034739110e+000 1.734083291e+000 
1.073075979e+000 1.780068358e+000 
1.060266928e+000 1.766748449e+000 
1.051574466e+000 1.755879395e+000 
1.066985410e+000 1.774485128e+000 
1.043198828e+000 1.745274522e+000 
1.194682293e+000 1.872155751e+000 
1.036690017e+000 1.736833271e+000 
1.036594879e+000 1.736358514e+000 
1.040340996e+000 1.741687131e+000 
1.156535514e+000 1.849042517e+000 
1.051325058e+000 1.755221039e+000 
1.093598916e+000 1.799801453e+000 
1.142358304e+000 1.839031478e+000 
1.153031674e+000 1.846608013e+000 
1.207135236e+000 1.877929733e+000 
1.062621694e+000 1.768929161e+000 
1.093249657e+000 1.799063640e+000 
1.189583601e+000 1.869942665e+000 
1.078552195e+000 1.785990887e+000 
1.180140027e+000 1.864224502e+000 
1.105772499e+000 1.810449806e+000 
1.074898474e+000 1.782076554e+000 
1.081331496e+000 1.788610905e+000 
1.078058885e+000 1.785421699e+000 
1.050922071e+000 1.755195733e+000 
1.023801851e+000 1.715821495e+000 
1.164331768e+000 1.854428923e+000 
1.079432073e+000 1.786575469e+000 
1.130165348e+000 1.831046087e+000 
1.164769951e+000 1.854740366e+000 
1.033298908e+000 1.731636165e+000 
1.070488860e+000 1.777985719e+000 
1.163316977e+000 1.853452588e+000 
1.106153289e+000 1.811123732e+000 
1.184632353e+000 1.866268479e+000 
1.036261881e+000 1.735997615e+000 
1.151326018e+000 1.845930225e+000 
1.051984843e+000 1.756170466e+000 
1.126456268e+000 1.828556375e+000 
1.123600561e+000 1.826133038e+000 
1.194033405e+000 1.872009437e+000 
1.032539383e+000 1.730244458e+000 
1.080228916e+000 1.787252569e+000 
1.088225445e+000 1.795409483e+000 
1.163688299e+000 1.853518798e+000 
1.064654642e+000 1.771850782e+000 
1.022591056e+000 1.712017112e+000 
1.187974343e+000 1.869174008e+000 
1.059296809e+000 1.765493210e+000 
1.253812687e+000 1.903102494e+000 
1.076925111e+000 1.784302406e+000 
1.143549753e+000 1.840050401e+000 
1.061622633e+000 1.768335864e+000 
1.159680382e+000 1.851141920e+000 
1.225424042e+000 1.886509126e+000 
1.190960301e+000 1.870961589e+000 
1.187309136e+000 1.868811059e+000 
1.052057109e+000 1.756283660e+000 
1.127400221e+000 1.829328073e+000 
1.110863566e+000 1.815219811e+000 
1.052730913e+000 1.757305596e+000 
1.194803695e+000 1.872947094e+000 
1.038800928e+000 1.739645895e+000 
1.192187334e+000 1.871938949e+000 
1.066103025e+000 1.773149816e+000 
1.137427468e+000 1.836161485e+000 
1.167758407e+000 1.857034489e+000 
1.052510033e+000 1.756773080e+000 
1.294132164e+000 1.918831127e+000 
1.123811525e+000 1.826603995e+000 
1.085219695e+000 1.792376301e+000 
1.110144860e+000 1.814582195e+000 
1.114801608e+000 1.817960471e+000 
1.131865097e+000 1.832371567e+000 
1.081892542e+000 1.789138755e+000 
1.110402598e+000 1.814596919e+000 
1.159950740e+000 1.851646639e+000 
1.074336606e+000 1.781761460e+000 
1.176286505e+000 1.861945016e+000 
1.258617595e+000 1.903590742e+000 
1.216573413e+000 1.882535755e+000 
1.063638019e+000 1.770348274e+000 
1.022929617e+000 1.713455458e+000 
1.053251533e+000 1.758008079e+000 
1.173528106e+000 1.860598270e+000 
1.071596588e+000 1.779146722e+000 
1.251839020e+000 1.900828826e+000 
1.082701957e+000 1.790060200e+000 
1.102931990e+000 1.807810905e+000 
1.138037791e+000 1.836280807e+000 
1.080680386e+000 1.788011822e+000 
1.115176721e+000 1.818954702e+000 
1.112194388e+000 1.816368520e+000 
1.045692661e+000 1.748803789e+000 
1.075823332e+000 1.783183363e+000 
1.088248435e+000 1.795728798e+000 
1.127657958e+000 1.829342796e+000 
1.139022556e+000 1.836920159e+000 
1.029574680e+000 1.725814811e+000 
1.251385264e+000 1.900798455e+000 
1.114985573e+000 1.818264440e+000 
1.074581601e+000 1.781780478e+000 
1.085772514e+000 1.793285620e+000 
1.088051812e+000 1.795340446e+000 
1.108560294e+000 1.813493524e+000 
1.056806541e+000 1.761816200e+000 
1.048457414e+000 1.751690699e+000 
1.166106346e+000 1.855077266e+000 
1.039366296e+000 1.740339457e+000 
1.025115721e+000 1.718552914e+000 
1.108849158e+000 1.813807336e+000 
1.031527505e+000 1.728787949e+000 
1.117421408e+000 1.820126779e+000 
1.050274103e+000 1.754028239e+000 
1.107531193e+000 1.812263874e+000 
1.025486534e+000 1.719288355e+000 
1.095661422e+000 1.802078142e+000 
1.027398626e+000 1.722531799e+000 
1.161255307e+000 1.852555002e+000 
1.043550095e+000 1.745878663e+000 
1.109106895e+000 1.813822060e+000 
1.247605398e+000 1.898799189e+000 
1.163823941e+000 1.853615140e+000 
1.096559640e+000 1.802538461e+000 
1.094389401e+000 1.800934494e+000 
1.102967620e+000 1.808103330e+000 
1.112283381e+000 1.816450786e+000 
1.108327761e+000 1.813140240e+000 
1.266792392e+000 1.908790155e+000 
1.266991301e+000 1.909410690e+000 
1.170502749e+000 1.858495277e+000 
1.175274467e+000 1.861357439e+000 
1.120097279e+000 1.822543287e+000 
1.098606080e+000 1.804603062e+000 
1.224393933e+000 1.886195084e+000 
1.269116259e+000 1.909932719e+000 
1.027572023e+000 1.722710420e+000 
1.217028925e+000 1.882710053e+000 
1.283207164e+000 1.914670410e+000 
1.247868992e+000 1.899042460e+000 
1.216766516e+000 1.882583032e+000 
1.212649980e+000 1.881670102e+000 
1.217964542e+000 1.884021452e+000 
1.283037875e+000 1.914477910e+000 
1.028119939e+000 1.723692129e+000 
1.208513364e+000 1.879230475e+000 
1.260524932e+000 1.905858504e+000 
1.227069242e+000 1.888699915e+000 
1.252691941e+000 1.901606162e+000 
1.166877269e+000 1.855652367e+000 
1.142858346e+000 1.839206852e+000 
1.108155139e+000 1.812903785e+000 
1.226295762e+000 1.886548777e+000 
1.203072458e+000 1.876984245e+000 
1.252379464e+000 1.901253922e+000 
1.249081784e+000 1.900500868e+000 
1.182213417e+000 1.864892075e+000 
1.133971692e+000 1.833159516e+000 
1.269856872e+000 1.910794826e+000 
1.030340338e+000 1.727170251e+000 
1.083549250e+000 1.790999872e+000 
1.262895685e+000 1.906851656e+000 
1.102408283e+000 1.807538018e+000 
1.288884982e+000 1.917482070e+000 
1.288655036e+000 1.916902668e+000 
1.198307187e+000 1.874163663e+000 
1.135511953e+000 1.834080559e+000 
1.255812734e+000 1.903371874e+000 
1.259372432e+000 1.904919203e+000 
1.083318514e+000 1.790619608e+000 
1.262109890e+000 1.906418383e+000 
1.079055551e+000 1.786118275e+000 
1.296450667e+000 1.919750325e+000 
1.296905369e+000 1.919989778e+000 
1.200597414e+000 1.875468358e+000 
1.283430562e+000 1.915301353e+000 
1.201101365e+000 1.875714350e+000 
1.222788616e+000 1.885714049e+000 
1.226352130e+000 1.887832386e+000 
1.048003575e+000 1.751406081e+000 
1.047813632e+000 1.751063466e+000 
1.275912272e+000 1.912308750e+000 
1.234656020e+000 1.892170977e+000 
1.238897763e+000 1.894079657e+000 
1.236704046e+000 1.892883846e+000 
1.238399437e+000 1.894079545e+000 
1.234347714e+000 1.891641359e+000 
1.242848351e+000 1.896601382e+000 
1.220086196e+000 1.884642526e+000 
1.015308623e+000 1.205999405e+000 
1.014019539e+000 1.204041955e+000 
1.014699528e+000 1.204825092e+000 
1.004840627e+000 1.020001087e+000 
1.016718244e+000 1.441333190e+000 
1.015776185e+000 1.438813761e+000 
1.016464250e+000 1.439534502e+000 
1.017339240e+000 1.442419022e+000 
1.015773005e+000 1.438800464e+000 
1.020795311e+000 1.447946551e+000 
1.018490357e+000 1.444600252e+000 
1.017458223e+000 1.442837850e+000 
1.017698268e+000 1.443700959e+000 
1.019462508e+000 1.446136438e+000 
1.022154818e+000 1.449706478e+000 
1.019099426e+000 1.445962831e+000 
1.005974798e+000 1.034941775e+000 
1.005119607e+000 1.034158355e+000 
1.005339205e+000 1.034889515e+000 
1.006176483e+000 1.035649565e+000 
1.006047218e+000 1.034953164e+000 
1.006939137e+000 1.036292939e+000 
1.006186860e+000 1.036115851e+000 
1.005303824e+000 1.034815543e+000 
1.006141102e+000 1.035588284e+000 
1.005848718e+000 1.034919657e+000 
1.000141573e+000 1.000003239e+000 
1.000107229e+000 1.000002986e+000 
1.000045344e+000 1.000002980e+000 
1.013626319e+000 1.098687934e+000 
1.001696037e+000 1.003954777e+000 
1.001507469e+000 1.003953856e+000 
1.000875556e+000 1.003777715e+000 
1.004726298e+000 1.004364643e+000 
1.002355288e+000 1.004112376e+000 
1.001772007e+000 1.003955065e+000 
1.003147064e+000 1.004186136e+000 
1.001405672e+000 1.003867910e+000 
1.002136710e+000 1.004079304e+000 
1.000898744e+000 1.003778678e+000 
1.003365642e+000 1.004209347e+000 
1.004126341e+000 1.004281417e+000 
1.002460419e+000 1.004112492e+000 
1.003555259e+000 1.004209392e+000 
1.002241841e+000 1.004079419e+000 
1.003105133e+000 1.004185372e+000 
1.003700712e+000 1.004219862e+000 
1.000529721e+000 1.003688258e+000 
1.002055836e+000 1.004026809e+000 
1.003299060e+000 1.004192366e+000 
1.004192923e+000 1.004298397e+000 
1.002609106e+000 1.004162293e+000 
1.004023539e+000 1.004280121e+000 
1.002827684e+000 1.004185041e+000 
1.002903655e+000 1.004185329e+000 
1.003730935e+000 1.004274380e+000 
1.002685077e+000 1.004162581e+000 
1.001606481e+000 1.003954098e+000 
1.001238197e+000 1.003864948e+000 
1.001245711e+000 1.003864994e+000 
1.003347144e+000 1.004209059e+000 
1.003196258e+000 1.004191070e+000 
1.003184900e+000 1.004190782e+000 
1.000540019e+000 1.003688319e+000 
1.002059342e+000 1.004027045e+000 
1.001613995e+000 1.003954144e+000 
1.001346673e+000 1.003865092e+000 
1.003128566e+000 1.004185848e+000 
1.001983371e+000 1.004026757e+000 
1.013817807e+000 1.113083701e+000 
1.007628316e+000 1.049333088e+000 
1.009258316e+000 1.050989846e+000 
1.010142868e+000 1.052133155e+000 
1.007629382e+000 1.049383150e+000 
1.009504053e+000 1.051718625e+000 
1.008667259e+000 1.050574109e+000 
1.001862829e+000 1.004020670e+000 
1.002082816e+000 1.004028652e+000 
1.001059467e+000 1.003844812e+000 
1.000812645e+000 1.003759671e+000 
1.004361514e+000 1.004338594e+000 
1.000446831e+000 1.003605983e+000 
1.000972704e+000 1.003783227e+000 
1.004501711e+000 1.004338659e+000 
1.000837971e+000 1.003765887e+000 
1.001126431e+000 1.003853774e+000 
1.001150001e+000 1.003853801e+000 
1.000324523e+000 1.003605857e+000 
1.000636552e+000 1.003693771e+000 
1.000300953e+000 1.003605831e+000 
1.000814402e+000 1.003765861e+000 
1.004617167e+000 1.004358602e+000 
1.004683750e+000 1.004359292e+000 
1.004188560e+000 1.004282405e+000 
1.004517004e+000 1.004358560e+000 
1.013290465e+000 1.073459630e+000 
1.012109246e+000 1.070626769e+000 
1.012351824e+000 1.072327931e+000 
1.013570007e+000 1.073565142e+000 
1.012293568e+000 1.071643729e+000 
9.999999997e-001 1.000000000e+000 
1.000264666e+000 1.000063972e+000 
1.000148172e+000 1.000061953e+000 
1.000177066e+000 1.000062175e+000 
1.000144460e+000 1.000060166e+000 
1.000260954e+000 1.000062185e+000 
1.282226769e+000 1.912496683e+000 
1.851291643e+000 2.000000000e+000 
1.841601101e+000 1.999795210e+000 
1.831075210e+000 1.999106651e+000 
1.844846783e+000 1.999876057e+000 
1.839295516e+000 1.999657622e+000 
1.807382317e+000 1.997993972e+000 
1.812728074e+000 1.998059641e+000 
1.813840946e+000 1.998353462e+000 
1.823393291e+000 1.998847888e+000 
1.833538567e+000 1.999319554e+000 
1.810772169e+000 1.998058816e+000 
1.813881729e+000 1.998367589e+000 
1.835893983e+000 1.999580384e+000 
1.828498751e+000 1.998969897e+000 
1.821590492e+000 1.998510306e+000 
1.299538519e+000 1.920273591e+000 
1.737521613e+000 1.996815837e+000 
1.771456713e+000 1.997912033e+000 
1.756582406e+000 1.997460875e+000 
1.761206520e+000 1.997802526e+000 
1.760135465e+000 1.997636718e+000 
1.753015382e+000 1.997152636e+000 
1.306548125e+000 1.923857790e+000 
1.716530499e+000 1.996147461e+000 
1.308581604e+000 1.924566599e+000 
1.752368900e+000 1.996839952e+000 
1.309246944e+000 1.924727210e+000 
1.720326679e+000 1.996266651e+000 
1.305886074e+000 1.923258142e+000 
1.723946657e+000 1.996547157e+000 
1.708543027e+000 1.995987942e+000 
1.703578603e+000 1.995971658e+000 
1.343615177e+000 1.939685091e+000 
1.336377848e+000 1.937103647e+000 
1.678133374e+000 1.995494560e+000 
1.647150486e+000 1.993869421e+000 
1.334249597e+000 1.936671365e+000 
1.675725167e+000 1.995428884e+000 
1.674552544e+000 1.995279094e+000 
1.678778835e+000 1.995967055e+000 
1.652139649e+000 1.994087897e+000 
1.653749501e+000 1.994777109e+000 
1.339100834e+000 1.937546922e+000 
1.350767400e+000 1.941941790e+000 
1.349537682e+000 1.941913005e+000 
1.354951059e+000 1.944402668e+000 
1.341225329e+000 1.938464492e+000 
1.347393332e+000 1.941399777e+000 
1.367047161e+000 1.946982199e+000 
1.367164647e+000 1.947291260e+000 
1.667428897e+000 1.995260124e+000 
1.756569690e+000 1.997347577e+000 
1.664463341e+000 1.994860965e+000 
1.304282756e+000 1.922382373e+000 
1.298270659e+000 1.920176989e+000 
1.316777798e+000 1.928512675e+000 
1.326242655e+000 1.932571828e+000 
1.389084077e+000 1.954724073e+000 
1.392038136e+000 1.955873323e+000 
1.327322058e+000 1.932974992e+000 
1.319811244e+000 1.928856658e+000 
1.331541117e+000 1.934627942e+000 
1.528101539e+000 1.984336572e+000 
1.325049752e+000 1.931871659e+000 
1.332921519e+000 1.935364353e+000 
1.327312672e+000 1.932618552e+000 
1.329503510e+000 1.933814383e+000 
1.319873098e+000 1.929965087e+000 
1.322167975e+000 1.930639687e+000 
1.310511703e+000 1.925387398e+000 
1.382456625e+000 1.953291084e+000 
1.376317545e+000 1.951836714e+000 
1.378269595e+000 1.952234961e+000 
1.375589343e+000 1.951398884e+000 
1.309786410e+000 1.925358776e+000 
1.375044115e+000 1.951359986e+000 
1.397997362e+000 1.956959503e+000 
1.316475981e+000 1.927561458e+000 
1.362441911e+000 1.945588003e+000 
1.341607276e+000 1.938536563e+000 
1.638386826e+000 1.993494976e+000 
1.358894987e+000 1.944781229e+000 
1.634061094e+000 1.993314759e+000 
1.395959245e+000 1.956541957e+000 
1.395609745e+000 1.956332421e+000 
1.300387482e+000 1.920894775e+000 
1.300053350e+000 1.920849468e+000 
1.369929916e+000 1.948641684e+000 
1.374095351e+000 1.949581571e+000 
1.368597494e+000 1.947839884e+000 
1.371707298e+000 1.948757807e+000 
1.642140391e+000 1.993852328e+000 
1.637857678e+000 1.993371921e+000 
1.527628315e+000 1.984154230e+000 
1.386067881e+000 1.953708157e+000 
1.530893884e+000 1.984702933e+000 
1.641275482e+000 1.993549913e+000 
1.399885848e+000 1.957411123e+000 
1.499890746e+000 1.980757723e+000 
1.495313783e+000 1.980196016e+000 
1.505925418e+000 1.981438131e+000 
1.508224266e+000 1.982089236e+000 
1.522141612e+000 1.983665931e+000 
1.515465506e+000 1.983007844e+000 
1.512510686e+000 1.982332638e+000 
1.516609947e+000 1.983330441e+000 
1.500919508e+000 1.980762210e+000 
1.518260643e+000 1.983644352e+000 
1.627594840e+000 1.993056637e+000 
1.404280231e+000 1.959513112e+000 
1.403536690e+000 1.959300855e+000 
1.449767438e+000 1.971806574e+000 
1.414388684e+000 1.961675954e+000 
1.494106390e+000 1.979300059e+000 
1.482203449e+000 1.977077683e+000 
1.620331093e+000 1.993013235e+000 
1.482790976e+000 1.977515181e+000 
1.409240075e+000 1.960669440e+000 
1.432734934e+000 1.967147117e+000 
1.432049555e+000 1.967138866e+000 
1.614248127e+000 1.992753400e+000 
1.488960797e+000 1.978689305e+000 
1.432275401e+000 1.967141411e+000 
1.439604794e+000 1.968761201e+000 
1.419421110e+000 1.964073450e+000 
1.471482692e+000 1.975691571e+000 
1.430480770e+000 1.967091040e+000 
1.475890600e+000 1.976007626e+000 
1.429742711e+000 1.966286427e+000 
1.616832530e+000 1.992891312e+000 
1.427288697e+000 1.966182673e+000 
1.468685932e+000 1.975110839e+000 
1.468828883e+000 1.975169249e+000 
1.606437891e+000 1.992258525e+000 
1.471256435e+000 1.975548575e+000 
1.459846872e+000 1.972963663e+000 
1.607965964e+000 1.992409808e+000 
1.438616256e+000 1.968239393e+000 
1.453136704e+000 1.971929446e+000 
1.443721507e+000 1.969802102e+000 
1.573828815e+000 1.989509582e+000 
1.417117755e+000 1.962353172e+000 
1.409103209e+000 1.960560833e+000 
1.563158118e+000 1.988033942e+000 
1.558866192e+000 1.987989113e+000 
1.596091995e+000 1.991626452e+000 
1.589193882e+000 1.991065599e+000 
1.415827776e+000 1.962226080e+000 
1.594505522e+000 1.991249469e+000 
1.418396048e+000 1.962753614e+000 
1.552093138e+000 1.987259903e+000 
1.591054149e+000 1.991182020e+000 
1.588208322e+000 1.990971887e+000 
1.448422703e+000 1.970929613e+000 
1.426790707e+000 1.965353415e+000 
1.735053324e+000 1.996585372e+000 
1.462000151e+000 1.973452581e+000 
1.549686093e+000 1.987132791e+000 
1.584547998e+000 1.990539052e+000 
1.568052908e+000 1.988872410e+000 
1.544173321e+000 1.986305211e+000 
1.534696218e+000 1.984883121e+000 
1.578756312e+000 1.989680107e+000 
1.569927322e+000 1.989132022e+000 
1.535793042e+000 1.985079449e+000 
1.547479076e+000 1.986874541e+000 
1.547035629e+000 1.986719568e+000 
1.564316164e+000 1.988428044e+000 
1.719605850e+000 1.996209527e+000 
1.566152643e+000 1.988615364e+000 

