1.013015967e+000 1.049476020e+000 
1.010169913e+000 1.045730597e+000 
1.009351431e+000 1.044419852e+000 
1.013775834e+000 1.050212071e+000 
1.011375496e+000 1.047932401e+000 
1.012021894e+000 1.048697491e+000 
1.010358550e+000 1.046407704e+000 
1.010662014e+000 1.047027880e+000 
1.014177856e+000 1.050366396e+000 
1.010584059e+000 1.047023803e+000 
1.012523570e+000 1.048837485e+000 
1.014998821e+000 1.051043733e+000 
1.010181522e+000 1.045817546e+000 
1.012848956e+000 1.049462761e+000 
1.011559557e+000 1.047958144e+000 
1.015076775e+000 1.051047810e+000 
1.009959315e+000 1.045164856e+000 
1.011010566e+000 1.047301566e+000 
1.025947845e+000 1.313092388e+000 
1.023343578e+000 1.307216614e+000 
1.026646940e+000 1.314447383e+000 
1.023485191e+000 1.307693988e+000 
1.024694946e+000 1.309969620e+000 
1.024176037e+000 1.309543367e+000 
1.029095073e+000 1.318391501e+000 
1.026279620e+000 1.313973339e+000 
1.025489026e+000 1.312374822e+000 
1.027605510e+000 1.316138201e+000 
1.028079287e+000 1.317141293e+000 
1.028023067e+000 1.316620086e+000 
1.020780523e+000 1.153566584e+000 
1.023280701e+000 1.158726107e+000 
1.020665360e+000 1.153544951e+000 
1.021846768e+000 1.156489132e+000 
1.020219763e+000 1.151954098e+000 
1.021433782e+000 1.155489347e+000 
1.022770399e+000 1.158225635e+000 
1.020453703e+000 1.153230505e+000 
1.029504720e+000 1.590470785e+000 
1.032256334e+000 1.597123094e+000 
1.029193820e+000 1.589136899e+000 
1.031196672e+000 1.594703056e+000 
1.030714088e+000 1.593359043e+000 
1.031635201e+000 1.595756395e+000 
1.033255647e+000 1.599790202e+000 
1.030654021e+000 1.593089211e+000 
1.032711708e+000 1.598488554e+000 
1.018210957e+000 1.150045664e+000 
1.015996567e+000 1.144579787e+000 
1.018841346e+000 1.151037530e+000 
1.019286452e+000 1.151367477e+000 
1.016855860e+000 1.147575744e+000 
1.021091572e+000 1.154399481e+000 
1.016503644e+000 1.146730901e+000 
1.019058054e+000 1.151302146e+000 
1.016312212e+000 1.146485485e+000 
1.016082222e+000 1.145285518e+000 
1.008642611e+000 1.023937618e+000 
1.009142270e+000 1.024318438e+000 
1.007819137e+000 1.023545369e+000 
1.007684112e+000 1.023502525e+000 
1.005496059e+000 1.021595511e+000 
1.006714587e+000 1.022764109e+000 
1.007133533e+000 1.023115004e+000 
1.005458156e+000 1.021594892e+000 
1.005429955e+000 1.021285687e+000 
1.005881290e+000 1.021994867e+000 
1.006631948e+000 1.022749701e+000 
1.006204985e+000 1.022360041e+000 
1.006028667e+000 1.022289629e+000 
1.005784296e+000 1.021989288e+000 
1.007755319e+000 1.023511955e+000 
1.005517078e+000 1.021839178e+000 
1.007776974e+000 1.023532261e+000 
1.006468399e+000 1.022582888e+000 
1.007680262e+000 1.023498990e+000 
1.008638761e+000 1.023934083e+000 
1.008620295e+000 1.023932511e+000 
1.008386699e+000 1.023747512e+000 
1.001077237e+000 1.001573511e+000 
1.002444531e+000 1.001747353e+000 
1.003782657e+000 1.001829537e+000 
1.001100249e+000 1.001577692e+000 
1.001034440e+000 1.001543946e+000 
1.005219624e+000 1.001927726e+000 
1.004776871e+000 1.001896380e+000 
1.003279374e+000 1.001816897e+000 
1.002755199e+000 1.001777515e+000 
1.003886312e+000 1.001854113e+000 
1.002312068e+000 1.001741694e+000 
1.001264587e+000 1.001613954e+000 
1.003800503e+000 1.001851027e+000 
1.001057451e+000 1.001548128e+000 
1.000672055e+000 1.001441575e+000 
1.004059411e+000 1.001859572e+000 
1.002044669e+000 1.001710894e+000 
1.000628844e+000 1.001437466e+000 
1.003203669e+000 1.001816747e+000 
1.001723734e+000 1.001677683e+000 
1.001703095e+000 1.001677628e+000 
1.001894526e+000 1.001707198e+000 
1.002236100e+000 1.001740464e+000 
1.002656134e+000 1.001752650e+000 
1.003290959e+000 1.001819121e+000 
1.004323440e+000 1.001883616e+000 
1.001221790e+000 1.001584389e+000 
1.002120636e+000 1.001712124e+000 
1.002755462e+000 1.001778595e+000 
1.001071800e+000 1.001573213e+000 
1.001841567e+000 1.001680714e+000 
1.002568844e+000 1.001750276e+000 
1.004926285e+000 1.001922360e+000 
1.000808278e+000 1.001475530e+000 
1.001193341e+000 1.001579910e+000 
1.001029003e+000 1.001543648e+000 
1.002991066e+000 1.001785911e+000 
1.000870102e+000 1.001507685e+000 
1.001298302e+000 1.001614047e+000 
1.002852593e+000 1.001782825e+000 
1.001692637e+000 1.001677590e+000 
1.004536981e+000 1.001890361e+000 
1.000851075e+000 1.001505094e+000 
1.002626536e+000 1.001750880e+000 
1.004622304e+000 1.001890826e+000 
1.001557326e+000 1.001648636e+000 
1.000714852e+000 1.001471139e+000 
1.002488063e+000 1.001747795e+000 
1.000652101e+000 1.001438403e+000 
1.000609303e+000 1.001408839e+000 
1.003973602e+000 1.001856487e+000 
1.005122492e+000 1.001923496e+000 
1.000713409e+000 1.001470500e+000 
1.000607860e+000 1.001408199e+000 
1.000670611e+000 1.001440935e+000 
1.000650657e+000 1.001437764e+000 
1.000584603e+000 1.001407262e+000 
1.000801129e+000 1.001474890e+000 
1.000781175e+000 1.001471719e+000 
1.004525172e+000 1.001886595e+000 
1.003696848e+000 1.001826452e+000 
1.000843927e+000 1.001504455e+000 
1.002167128e+000 1.001714584e+000 
1.003338031e+000 1.001819726e+000 
1.002211999e+000 1.001715720e+000 
1.002659922e+000 1.001753255e+000 
1.002161640e+000 1.001712179e+000 
1.002562790e+000 1.001749025e+000 
1.001768605e+000 1.001678820e+000 
1.002217768e+000 1.001716354e+000 
1.005358224e+000 1.001928362e+000 
1.001633293e+000 1.001649866e+000 
1.004900904e+000 1.001915193e+000 
1.000540778e+000 1.000488311e+000 
1.000463339e+000 1.000480258e+000 
1.000482800e+000 1.000488057e+000 
1.000000000e+000 1.000093286e+000 
1.000262370e+000 1.000098633e+000 
1.000291082e+000 1.000098642e+000 
1.000315731e+000 1.000098889e+000 
1.000361354e+000 1.000099809e+000 
1.000145284e+000 1.000096588e+000 
1.000052997e+000 1.000095078e+000 
1.000297195e+000 1.000098779e+000 
1.000235593e+000 1.000098565e+000 
1.000093766e+000 1.000095372e+000 
1.000118507e+000 1.000096520e+000 
1.000080266e+000 1.000095178e+000 
1.000072997e+000 1.000095087e+000 
1.000416842e+000 1.000099871e+000 
1.000216620e+000 1.000097185e+000 
1.000156444e+000 1.000096643e+000 
1.000027269e+000 1.000093386e+000 
1.000206192e+000 1.000097177e+000 
1.000381354e+000 1.000099818e+000 
1.000255593e+000 1.000098574e+000 
1.000434116e+000 1.000099874e+000 
1.000129667e+000 1.000096576e+000 
1.000020000e+000 1.000093295e+000 
1.197822513e+000 1.832466323e+000 
1.175806050e+000 1.815453612e+000 
1.166438663e+000 1.809296188e+000 
1.088131030e+000 1.732437805e+000 
1.116524357e+000 1.765173857e+000 
1.146337097e+000 1.793327504e+000 
1.249224026e+000 1.864225210e+000 
1.062162656e+000 1.696921704e+000 
1.048815290e+000 1.675355309e+000 
1.034179899e+000 1.644582825e+000 
1.080577317e+000 1.723454959e+000 
1.265508107e+000 1.868922410e+000 
1.048886219e+000 1.675904122e+000 
1.063811607e+000 1.699885087e+000 
1.136614118e+000 1.783661105e+000 
1.062166785e+000 1.697103956e+000 
1.042528670e+000 1.664086932e+000 
1.089791793e+000 1.734964159e+000 
1.087612161e+000 1.731797530e+000 
1.039617436e+000 1.658564448e+000 
1.041961394e+000 1.662849348e+000 
1.062461621e+000 1.697401680e+000 
1.065806595e+000 1.702174333e+000 
1.069261851e+000 1.707127456e+000 
1.069048639e+000 1.706868070e+000 
1.123828020e+000 1.772095176e+000 
1.229570875e+000 1.852203161e+000 
1.035522522e+000 1.649752093e+000 
1.101390618e+000 1.747712903e+000 
1.114626390e+000 1.763315558e+000 
1.161142514e+000 1.803899076e+000 
1.161462824e+000 1.804276709e+000 
1.034439293e+000 1.645952069e+000 
1.087447857e+000 1.731626020e+000 
1.115859377e+000 1.764831385e+000 
1.035987165e+000 1.651252101e+000 
1.035334813e+000 1.649435552e+000 
1.046408708e+000 1.671470098e+000 
1.059255054e+000 1.692539376e+000 
1.214697660e+000 1.845186463e+000 
1.220830709e+000 1.848809017e+000 
1.128030093e+000 1.776272198e+000 
1.116713502e+000 1.765488640e+000 
1.046975984e+000 1.672707682e+000 
1.204474550e+000 1.839630841e+000 
1.179614403e+000 1.820257458e+000 
1.175269622e+000 1.815028072e+000 
1.092513561e+000 1.738578706e+000 
1.202681927e+000 1.838002198e+000 
1.118483283e+000 1.767445900e+000 
1.033357899e+000 1.643653403e+000 
1.040395137e+000 1.659753388e+000 
1.041660613e+000 1.662620197e+000 
1.090326643e+000 1.735966350e+000 
1.060877331e+000 1.695444510e+000 
1.202917977e+000 1.838083459e+000 
1.061383518e+000 1.695691203e+000 
1.236242560e+000 1.858466145e+000 
1.036281556e+000 1.651769721e+000 
1.040990715e+000 1.661437369e+000 
1.062762303e+000 1.698073074e+000 
1.070602190e+000 1.708945597e+000 
1.228465747e+000 1.850175446e+000 
1.061315799e+000 1.695643751e+000 
1.231711417e+000 1.853864230e+000 
1.146529693e+000 1.793723829e+000 
1.051805401e+000 1.680777395e+000 
1.143165491e+000 1.790232863e+000 
1.053990639e+000 1.684069271e+000 
1.137845118e+000 1.785567107e+000 
1.096435264e+000 1.741936702e+000 
1.096654405e+000 1.742793972e+000 
1.112104728e+000 1.761178304e+000 
1.117287061e+000 1.766173933e+000 
1.115642300e+000 1.764544186e+000 
1.218801505e+000 1.848769700e+000 
1.047181264e+000 1.672928561e+000 
1.068204103e+000 1.705431902e+000 
1.202201100e+000 1.837234137e+000 
1.201965050e+000 1.837093776e+000 
1.038286585e+000 1.655989296e+000 
1.057461810e+000 1.689850352e+000 
1.147212781e+000 1.794352300e+000 
1.146794946e+000 1.794184773e+000 
1.088528118e+000 1.733526394e+000 
1.121947566e+000 1.770318699e+000 
1.092126079e+000 1.737774029e+000 
1.091091147e+000 1.736731186e+000 
1.107513681e+000 1.755660326e+000 
1.087246740e+000 1.731374267e+000 
1.131651772e+000 1.779593764e+000 
1.089526775e+000 1.734608041e+000 
1.125895794e+000 1.774329989e+000 
1.264205318e+000 1.868711557e+000 
1.043964448e+000 1.666625899e+000 
1.091536109e+000 1.737259737e+000 
1.118245494e+000 1.766311083e+000 
1.234931063e+000 1.856440948e+000 
1.053734937e+000 1.683817215e+000 
1.113059063e+000 1.762101136e+000 
1.094601116e+000 1.740405135e+000 
1.083411518e+000 1.726689432e+000 
1.077830804e+000 1.719931027e+000 
1.083090146e+000 1.726509263e+000 
1.073635424e+000 1.713843906e+000 
1.077127855e+000 1.718633074e+000 
1.233341684e+000 1.855495940e+000 
1.074644582e+000 1.714939227e+000 
1.092280678e+000 1.737976927e+000 
1.296115199e+000 1.888244912e+000 
1.102429214e+000 1.749232592e+000 
1.051042696e+000 1.679417997e+000 
1.292233529e+000 1.885197990e+000 
1.297635642e+000 1.889157327e+000 
1.072419319e+000 1.711628200e+000 
1.061940669e+000 1.696842630e+000 
1.062282919e+000 1.697332489e+000 
1.062032224e+000 1.696900250e+000 
1.059778510e+000 1.693282229e+000 
1.289130382e+000 1.883184447e+000 
1.281114887e+000 1.879449707e+000 
1.122187018e+000 1.770419549e+000 
1.275987831e+000 1.877786263e+000 
1.199258324e+000 1.835558186e+000 
1.054174005e+000 1.684572722e+000 
1.269784548e+000 1.874315082e+000 
1.272701946e+000 1.876393565e+000 
1.266074040e+000 1.870739126e+000 
1.082172000e+000 1.725145960e+000 
1.235508791e+000 1.858248256e+000 
1.084509449e+000 1.727722077e+000 
1.120667439e+000 1.768457262e+000 
1.240070314e+000 1.861288875e+000 
1.286621586e+000 1.881176274e+000 
1.052319297e+000 1.681465213e+000 
1.229738281e+000 1.852858482e+000 
1.234942378e+000 1.857446706e+000 
1.233522543e+000 1.856382712e+000 
1.217412796e+000 1.847640093e+000 
1.190624157e+000 1.829507884e+000 
1.294696847e+000 1.886685519e+000 
1.055383879e+000 1.686357026e+000 
1.293060417e+000 1.885651337e+000 
1.232662183e+000 1.854907663e+000 
1.119971944e+000 1.768023245e+000 
1.067055186e+000 1.703935549e+000 
1.073391223e+000 1.713241080e+000 
1.056540220e+000 1.688299272e+000 
1.106652015e+000 1.754552448e+000 
1.251776909e+000 1.866441655e+000 
1.071436736e+000 1.709818380e+000 
1.250939815e+000 1.865669940e+000 
1.241026327e+000 1.861431091e+000 
1.108654143e+000 1.756624808e+000 
1.205734846e+000 1.840507273e+000 
1.205472881e+000 1.839852410e+000 
1.207458800e+000 1.841211293e+000 
1.107093108e+000 1.754861319e+000 
1.106276008e+000 1.754083984e+000 
1.228474449e+000 1.851786784e+000 
1.099681259e+000 1.746365690e+000 
1.279124449e+000 1.878465518e+000 
1.086082292e+000 1.729564340e+000 
1.257279137e+000 1.868650908e+000 
1.098428424e+000 1.744835706e+000 
1.286827060e+000 1.881420769e+000 
1.153691026e+000 1.799593671e+000 
1.253230049e+000 1.867393818e+000 
1.098196178e+000 1.744098439e+000 
1.285760172e+000 1.880165863e+000 
1.184911340e+000 1.824917023e+000 
1.137287551e+000 1.785015574e+000 
1.129781143e+000 1.777798859e+000 
1.183068858e+000 1.823539951e+000 
1.188370129e+000 1.827248470e+000 
1.139729324e+000 1.786643153e+000 
1.125288499e+000 1.773114756e+000 
1.121428581e+000 1.769776503e+000 
1.130611298e+000 1.778665172e+000 
1.164051562e+000 1.806769376e+000 
1.181917426e+000 1.821724689e+000 
1.146269159e+000 1.793175165e+000 
1.173339606e+000 1.813986699e+000 
1.165216588e+000 1.808004338e+000 
1.158644658e+000 1.803530598e+000 
1.173710291e+000 1.814780018e+000 
1.172910678e+000 1.813536687e+000 
1.175858476e+000 1.816487530e+000 
1.156396886e+000 1.802202527e+000 
1.157377666e+000 1.802488034e+000 
1.189053482e+000 1.827693812e+000 
1.181962227e+000 1.821877957e+000 
1.148829616e+000 1.795146872e+000 
1.176433530e+000 1.816495380e+000 
1.209777940e+000 1.842340262e+000 
1.350152379e+000 1.922954157e+000 
1.304872417e+000 1.893195079e+000 
1.327804351e+000 1.909639164e+000 
1.327797065e+000 1.908625964e+000 
1.329845909e+000 1.910825582e+000 
1.298470995e+000 1.889285522e+000 
1.301138562e+000 1.891168504e+000 
1.596841082e+000 1.991654719e+000 
1.304066669e+000 1.892424752e+000 
1.324266311e+000 1.905737719e+000 
1.356690955e+000 1.926857038e+000 
1.597203022e+000 1.991658127e+000 
1.322786821e+000 1.905254145e+000 
1.309112265e+000 1.897011917e+000 
1.304349840e+000 1.892797662e+000 
1.309410895e+000 1.897718227e+000 
1.316120440e+000 1.902235697e+000 
1.355035010e+000 1.926621957e+000 
1.302626867e+000 1.892059975e+000 
1.312362750e+000 1.899316366e+000 
1.582825824e+000 1.990969909e+000 
1.306396448e+000 1.894353100e+000 
1.350836120e+000 1.923631452e+000 
1.319117146e+000 1.903353567e+000 
1.325625868e+000 1.906830044e+000 
1.310895035e+000 1.898585391e+000 
1.315020305e+000 1.901280831e+000 
1.576820775e+000 1.990128945e+000 
1.314315629e+000 1.900376349e+000 
1.313870955e+000 1.900124436e+000 
1.352907324e+000 1.923650666e+000 
1.588954715e+000 1.990979402e+000 
1.635530098e+000 1.995281054e+000 
1.352925360e+000 1.925809078e+000 
1.524820198e+000 1.982388688e+000 
1.346711899e+000 1.921727514e+000 
1.319857137e+000 1.904752613e+000 
1.744083775e+000 2.000000000e+000 
1.324989069e+000 1.906067863e+000 
1.331698737e+000 1.912243526e+000 
1.333678653e+000 1.913696397e+000 
1.338771431e+000 1.917214745e+000 
1.339642595e+000 1.918505626e+000 
1.581536974e+000 1.990944632e+000 
1.334002683e+000 1.913824783e+000 
1.324597280e+000 1.905975550e+000 
1.413141988e+000 1.953114346e+000 
1.330681500e+000 1.911368097e+000 
1.295933545e+000 1.887451330e+000 
1.597419153e+000 1.991803609e+000 
1.307820915e+000 1.895897938e+000 
1.624041934e+000 1.994073388e+000 
1.743956986e+000 1.999900699e+000 
1.592290136e+000 1.991516611e+000 
1.305893893e+000 1.893594859e+000 
1.318168707e+000 1.902396258e+000 
1.344652567e+000 1.920631894e+000 
1.306898398e+000 1.895719479e+000 
1.346353808e+000 1.921169240e+000 
1.399502477e+000 1.946381127e+000 
1.725909551e+000 1.999487844e+000 
1.360442976e+000 1.929381018e+000 
1.338240253e+000 1.916800472e+000 
1.416749541e+000 1.954952733e+000 
1.413682736e+000 1.954337354e+000 
1.335181637e+000 1.915095008e+000 
1.565548852e+000 1.988321999e+000 
1.512077194e+000 1.979948526e+000 
1.410673231e+000 1.952212081e+000 
1.413570816e+000 1.953555031e+000 
1.358227228e+000 1.929291149e+000 
1.327919446e+000 1.910134383e+000 
1.510138019e+000 1.979811445e+000 
1.357779807e+000 1.928784830e+000 
1.571109311e+000 1.989050668e+000 
1.291009656e+000 1.883422327e+000 
1.408997669e+000 1.951358608e+000 
1.513279820e+000 1.980306572e+000 
1.422899174e+000 1.957248352e+000 
1.526440345e+000 1.982651308e+000 
1.420783926e+000 1.956463266e+000 
1.332705171e+000 1.912807036e+000 
1.423298881e+000 1.957692837e+000 
1.325959518e+000 1.907141013e+000 
1.508259188e+000 1.979689732e+000 
1.326145027e+000 1.908585337e+000 
1.332834725e+000 1.912939687e+000 
1.493530304e+000 1.976659246e+000 
1.426385903e+000 1.958709810e+000 
1.726170153e+000 1.999593602e+000 
1.494187443e+000 1.976889233e+000 
1.422865868e+000 1.956927385e+000 
1.428428794e+000 1.959352753e+000 
1.744065802e+000 1.999970361e+000 
1.470480700e+000 1.971895007e+000 
1.513470648e+000 1.980922139e+000 
1.530726210e+000 1.983074727e+000 
1.533362406e+000 1.983458108e+000 
1.521312385e+000 1.982100888e+000 
1.537329505e+000 1.984365772e+000 
1.379014608e+000 1.939768220e+000 
1.540556591e+000 1.984413825e+000 
1.485762615e+000 1.975109864e+000 
1.483774537e+000 1.974709303e+000 
1.571191721e+000 1.989525669e+000 
1.379091793e+000 1.939842547e+000 
1.348684262e+000 1.922012273e+000 
1.741428412e+000 1.999871003e+000 
1.486572542e+000 1.975170884e+000 
1.619908338e+000 1.993683740e+000 
1.741582587e+000 1.999883721e+000 
1.482660682e+000 1.974460648e+000 
1.466258890e+000 1.970457108e+000 
1.372536234e+000 1.936488744e+000 
1.370599123e+000 1.936294434e+000 
1.621101283e+000 1.994024717e+000 
1.533854695e+000 1.983777024e+000 
1.434639816e+000 1.961622131e+000 
1.507146608e+000 1.979361205e+000 
1.435455212e+000 1.962017749e+000 
1.434591152e+000 1.961321395e+000 
1.390511489e+000 1.945013932e+000 
1.375891147e+000 1.938281408e+000 
1.380786488e+000 1.940499957e+000 
1.376507949e+000 1.939176684e+000 
1.557179683e+000 1.987298496e+000 
1.467694378e+000 1.970549638e+000 
1.559888932e+000 1.987876317e+000 
1.732365479e+000 1.999711212e+000 
1.404262987e+000 1.950687862e+000 
1.433381591e+000 1.960885640e+000 
1.567267758e+000 1.988973493e+000 
1.400187038e+000 1.947518966e+000 
1.372989712e+000 1.936750941e+000 
1.374250128e+000 1.937458029e+000 
1.374327060e+000 1.938109288e+000 
1.388503484e+000 1.942686493e+000 
1.519892897e+000 1.981727474e+000 
1.383134461e+000 1.941442350e+000 
1.285722395e+000 1.879866314e+000 
1.428698904e+000 1.959933754e+000 
1.393584603e+000 1.945882390e+000 
1.684481671e+000 1.997862225e+000 
1.431901038e+000 1.960560454e+000 
1.364537141e+000 1.931624464e+000 
1.325233997e+000 1.906684882e+000 
1.625282834e+000 1.994892367e+000 
1.575389743e+000 1.989618448e+000 
1.564441368e+000 1.988271779e+000 
1.366231970e+000 1.933331096e+000 
1.390314557e+000 1.943203566e+000 
1.363264964e+000 1.931573410e+000 
1.575796475e+000 1.989764112e+000 
1.425872779e+000 1.957707030e+000 
1.738426955e+000 1.999859719e+000 
1.288954282e+000 1.881894760e+000 
1.441369277e+000 1.963106550e+000 
1.292127924e+000 1.884407174e+000 
1.370121771e+000 1.935204177e+000 
1.366824498e+000 1.933521192e+000 
1.367389761e+000 1.933888321e+000 
1.381293142e+000 1.941195371e+000 
1.388512782e+000 1.942771165e+000 
1.389190339e+000 1.943135257e+000 
1.443492399e+000 1.963772388e+000 
1.479178225e+000 1.973697838e+000 
1.450514583e+000 1.966231405e+000 
1.450629856e+000 1.966676494e+000 
1.450486323e+000 1.966056777e+000 
1.459227854e+000 1.967904421e+000 
1.459516296e+000 1.968944673e+000 
1.477272827e+000 1.973138832e+000 
1.457068945e+000 1.967837542e+000 
1.402943714e+000 1.948444836e+000 
1.403078285e+000 1.949087762e+000 
1.403484085e+000 1.949455438e+000 
1.402344577e+000 1.947664307e+000 
1.464393745e+000 1.970179766e+000 
1.399635203e+000 1.946929176e+000 
1.448949581e+000 1.965463484e+000 
1.468397376e+000 1.971300903e+000 
1.473685848e+000 1.972355636e+000 
1.550700422e+000 1.986243684e+000 
1.696859312e+000 1.998727593e+000 
1.719617206e+000 1.999090361e+000 
1.545944090e+000 1.984964479e+000 
1.713417913e+000 1.998868271e+000 
1.709690997e+000 1.998760979e+000 
1.603863353e+000 1.992265217e+000 
1.609379025e+000 1.992964535e+000 
1.506845738e+000 1.979199402e+000 
1.606613317e+000 1.992473806e+000 
1.501377671e+000 1.978466805e+000 
1.721725306e+000 1.999232602e+000 
1.488507655e+000 1.976163090e+000 
1.500279880e+000 1.978434622e+000 
1.499526538e+000 1.978303854e+000 
1.502799245e+000 1.978944715e+000 
1.496699015e+000 1.977457105e+000 
1.654350305e+000 1.996486941e+000 
1.653249785e+000 1.996323401e+000 
1.554020924e+000 1.986590728e+000 
1.716965301e+000 1.999025730e+000 
1.542741885e+000 1.984922555e+000 
1.556312266e+000 1.986910283e+000 
1.553539699e+000 1.986482493e+000 
1.580662713e+000 1.990357034e+000 
1.578492551e+000 1.990243926e+000 
1.604792171e+000 1.992447415e+000 
1.642585416e+000 1.995784855e+000 
1.589605448e+000 1.991070965e+000 
1.648707559e+000 1.996036281e+000 
1.666326911e+000 1.996847274e+000 
1.638626395e+000 1.995771212e+000 
1.601440575e+000 1.992079802e+000 
1.663959119e+000 1.996836950e+000 
1.635245116e+000 1.995202730e+000 
1.681320428e+000 1.997680710e+000 
1.693009462e+000 1.998250860e+000 
1.616992743e+000 1.993548476e+000 
1.554974726e+000 1.986771682e+000 
1.615830333e+000 1.993343820e+000 
1.673760071e+000 1.997589632e+000 
1.633549802e+000 1.994927320e+000 
1.536948590e+000 1.984044931e+000 
1.683264304e+000 1.997802178e+000 
1.662571900e+000 1.996815358e+000 
1.623812453e+000 1.994057667e+000 
1.611868834e+000 1.993058941e+000 
1.666443723e+000 1.997418784e+000 

