1.002119775e+000 1.001055920e+000 
1.001979395e+000 1.001043537e+000 
1.002423090e+000 1.001087209e+000 
1.002871981e+000 1.001123533e+000 
1.002963505e+000 1.001127184e+000 
1.002762776e+000 1.001114435e+000 
1.002684840e+000 1.001109781e+000 
1.002946929e+000 1.001125562e+000 
1.002244626e+000 1.001071227e+000 
1.002854373e+000 1.001117461e+000 
1.001901861e+000 1.001043273e+000 
1.003295734e+000 1.001146841e+000 
1.003344289e+000 1.001155547e+000 
1.003006918e+000 1.001130936e+000 
1.002011449e+000 1.001049948e+000 
1.002224090e+000 1.001058297e+000 
1.002847688e+000 1.001117432e+000 
1.002319574e+000 1.001073257e+000 
1.003041332e+000 1.001132044e+000 
1.002816545e+000 1.001115427e+000 
1.002139420e+000 1.001058237e+000 
1.004418430e+000 1.003198637e+000 
1.004132487e+000 1.003179223e+000 
1.004266852e+000 1.003181884e+000 
1.003917778e+000 1.003146482e+000 
1.004928899e+000 1.003248768e+000 
1.003756063e+000 1.003112718e+000 
1.004006755e+000 1.003147569e+000 
1.004708466e+000 1.003228377e+000 
1.004993597e+000 1.003249652e+000 
1.004797443e+000 1.003230921e+000 
1.004467911e+000 1.003209080e+000 
1.005080477e+000 1.003265770e+000 
1.023080109e+000 1.036563392e+000 
1.018805426e+000 1.034216821e+000 
1.017988601e+000 1.033018584e+000 
1.018902648e+000 1.034269421e+000 
1.019197757e+000 1.034543723e+000 
1.019854186e+000 1.034808637e+000 
1.023664202e+000 1.036827625e+000 
1.018093664e+000 1.033645995e+000 
1.018388773e+000 1.033919843e+000 
1.019779637e+000 1.034722544e+000 
1.019939782e+000 1.035054687e+000 
1.018696035e+000 1.034031981e+000 
1.020196921e+000 1.035065307e+000 
1.022599274e+000 1.036268255e+000 
1.021450691e+000 1.035866821e+000 
1.021727351e+000 1.035988826e+000 
1.023516065e+000 1.036749846e+000 
1.021936393e+000 1.036112634e+000 
1.024698072e+000 1.037344744e+000 
1.020407235e+000 1.035324693e+000 
1.022369987e+000 1.036228349e+000 
1.024374324e+000 1.037162668e+000 
1.024524937e+000 1.037194332e+000 
1.022448661e+000 1.036232510e+000 
1.023792724e+000 1.036871723e+000 
1.026123660e+000 1.114989252e+000 
1.025166832e+000 1.113692877e+000 
1.034597987e+000 1.122722435e+000 
1.029586421e+000 1.119428452e+000 
1.025416601e+000 1.114033457e+000 
1.031330473e+000 1.120599893e+000 
1.033498052e+000 1.122237220e+000 
1.036175295e+000 1.123750098e+000 
1.035312059e+000 1.123207376e+000 
1.025124948e+000 1.113689771e+000 
1.027266475e+000 1.117048223e+000 
1.026496294e+000 1.116155916e+000 
1.032566376e+000 1.121426655e+000 
1.024816386e+000 1.113149169e+000 
1.026347819e+000 1.115590362e+000 
1.028255791e+000 1.118063145e+000 
1.028806675e+000 1.118817060e+000 
1.036706451e+000 1.124097101e+000 
1.031643580e+000 1.120995419e+000 
1.032861751e+000 1.121469260e+000 
1.027477886e+000 1.117068621e+000 
1.026907404e+000 1.116627408e+000 
1.029700037e+000 1.119441415e+000 
1.029883158e+000 1.119466913e+000 
1.031019768e+000 1.120566403e+000 
1.024813302e+000 1.112815995e+000 
1.030429255e+000 1.119929682e+000 
1.032863078e+000 1.121489482e+000 
1.027934389e+000 1.117635073e+000 
1.037391055e+000 1.124580156e+000 
1.029404766e+000 1.119369286e+000 
1.027699585e+000 1.117530107e+000 
1.027059707e+000 1.116635714e+000 
1.024991764e+000 1.113338038e+000 
1.025705481e+000 1.114580862e+000 
1.025233673e+000 1.113886163e+000 
1.035571687e+000 1.123305800e+000 
1.037105738e+000 1.124397131e+000 
1.037856199e+000 1.124916117e+000 
1.026904320e+000 1.116297826e+000 
1.036377634e+000 1.123831897e+000 
1.038344470e+000 1.125366876e+000 
1.001397998e+000 1.000398629e+000 
1.001107207e+000 1.000393304e+000 
1.000592695e+000 1.000379526e+000 
1.000303135e+000 1.000372502e+000 
1.000799144e+000 1.000385406e+000 
1.000416365e+000 1.000372709e+000 
1.000249219e+000 1.000369015e+000 
1.001039836e+000 1.000390640e+000 
1.000969584e+000 1.000390519e+000 
1.000661521e+000 1.000382621e+000 
1.000901684e+000 1.000387425e+000 
1.000801770e+000 1.000385580e+000 
1.000537402e+000 1.000376292e+000 
1.000731773e+000 1.000382734e+000 
1.001386509e+000 1.000397835e+000 
1.001389135e+000 1.000398019e+000 
1.001197095e+000 1.000393967e+000 
1.001248744e+000 1.000396063e+000 
1.016077941e+000 1.014715990e+000 
1.015275753e+000 1.014513258e+000 
1.013402992e+000 1.013761295e+000 
1.012435894e+000 1.013308905e+000 
1.012261277e+000 1.013020573e+000 
1.016574485e+000 1.014882406e+000 
1.013125378e+000 1.013627439e+000 
1.015629323e+000 1.014578354e+000 
1.015256208e+000 1.014429844e+000 
1.015211586e+000 1.014421692e+000 
1.016257383e+000 1.014749491e+000 
1.012374287e+000 1.013167593e+000 
1.015439361e+000 1.014540144e+000 
1.015069539e+000 1.014404828e+000 
1.014086804e+000 1.013973306e+000 
1.012127967e+000 1.013020411e+000 
1.012682215e+000 1.013456087e+000 
1.013616020e+000 1.013814491e+000 
1.014902638e+000 1.014364748e+000 
1.013101876e+000 1.013609319e+000 
1.013268777e+000 1.013649347e+000 
1.015442655e+000 1.014553338e+000 
1.016254090e+000 1.014736238e+000 
1.011971862e+000 1.012869265e+000 
1.012640337e+000 1.013325153e+000 
1.016404290e+000 1.014829073e+000 
1.015886169e+000 1.014711268e+000 
1.014560548e+000 1.014137662e+000 
1.003402914e+000 1.002992269e+000 
1.003690471e+000 1.003026822e+000 
1.005220446e+000 1.003288782e+000 
1.003477176e+000 1.002998540e+000 
1.005085167e+000 1.003283499e+000 
1.004616314e+000 1.003209847e+000 
1.004593653e+000 1.003209549e+000 
1.005090240e+000 1.003283632e+000 
1.001567888e+000 1.000870315e+000 
1.001488223e+000 1.000856422e+000 
1.001666870e+000 1.000882339e+000 
1.001756402e+000 1.000884573e+000 
1.001855385e+000 1.000896833e+000 
1.001715747e+000 1.000883095e+000 
1.005860028e+000 1.005784671e+000 
1.006016483e+000 1.005849273e+000 
1.005690232e+000 1.005768917e+000 
1.005348187e+000 1.005685551e+000 
1.007683318e+000 1.007507858e+000 
1.009872605e+000 1.008016036e+000 
1.009858202e+000 1.007998665e+000 
1.011477477e+000 1.008252831e+000 
1.009188605e+000 1.007858243e+000 
1.009100369e+000 1.007848413e+000 
1.007265028e+000 1.007426488e+000 
1.011064703e+000 1.008186383e+000 
1.011692930e+000 1.008310573e+000 
1.011228680e+000 1.008220531e+000 
1.007449037e+000 1.007498146e+000 
1.009100478e+000 1.007849348e+000 
1.008935079e+000 1.007847037e+000 
1.006803551e+000 1.007314864e+000 
1.007051990e+000 1.007393421e+000 
1.009283691e+000 1.007880550e+000 
1.007404259e+000 1.007490082e+000 
1.007822549e+000 1.007571452e+000 
1.007346380e+000 1.007476773e+000 
1.008513286e+000 1.007707631e+000 
1.009473608e+000 1.007921094e+000 
1.008403339e+000 1.007705635e+000 
1.010810829e+000 1.008146788e+000 
1.009120286e+000 1.007856247e+000 
1.009309210e+000 1.007897714e+000 
1.008637467e+000 1.007765982e+000 
1.007690088e+000 1.007555003e+000 
1.007764670e+000 1.007558157e+000 
1.006783485e+000 1.007310563e+000 
1.006224340e+000 1.007095994e+000 
1.011207667e+000 1.008219761e+000 
1.006270098e+000 1.007152690e+000 
1.017693557e+000 1.029485595e+000 
1.017880500e+000 1.029713132e+000 
1.016763016e+000 1.028866179e+000 
1.017257696e+000 1.029190238e+000 
1.016680990e+000 1.028657865e+000 
1.000000000e+000 1.000000000e+000 
1.000143635e+000 1.000000117e+000 
1.039017199e+000 1.216585206e+000 
1.046538216e+000 1.900968432e+000 
1.062747502e+000 1.914616745e+000 
1.090588608e+000 1.930871442e+000 
1.135190408e+000 1.948121319e+000 
1.134632726e+000 1.946835088e+000 
1.040992560e+000 1.894592832e+000 
1.063674407e+000 1.915116637e+000 
1.247857368e+000 1.970349567e+000 
1.108647584e+000 1.938732308e+000 
1.040392609e+000 1.894039609e+000 
1.081471455e+000 1.926365208e+000 
1.040231413e+000 1.893699744e+000 
1.159978507e+000 1.955025005e+000 
1.049046289e+000 1.903361693e+000 
1.217904636e+000 1.966677530e+000 
1.074319056e+000 1.922048113e+000 
1.106757879e+000 1.938366518e+000 
1.070205274e+000 1.919551989e+000 
1.075465507e+000 1.922784778e+000 
1.049075327e+000 1.903464866e+000 
1.067339574e+000 1.917778152e+000 
1.057105256e+000 1.910338783e+000 
1.064221932e+000 1.915583263e+000 
1.130637677e+000 1.946197011e+000 
1.125578038e+000 1.944847522e+000 
1.040802621e+000 1.894371809e+000 
1.130552214e+000 1.946170214e+000 
1.142723806e+000 1.950125264e+000 
1.075228962e+000 1.922681990e+000 
1.048785762e+000 1.903186309e+000 
1.067576120e+000 1.917880941e+000 
1.104915177e+000 1.937609928e+000 
1.124252332e+000 1.944725214e+000 
1.160902729e+000 1.955237056e+000 
1.144055125e+000 1.950491781e+000 
1.120821258e+000 1.943673217e+000 
1.131065039e+000 1.946279624e+000 
1.046434152e+000 1.900908806e+000 
1.153975254e+000 1.953008124e+000 
1.099051392e+000 1.934791309e+000 
1.067840237e+000 1.918017636e+000 
1.098184737e+000 1.934484141e+000 
1.143726593e+000 1.950358090e+000 
1.164554209e+000 1.956024147e+000 
1.166234144e+000 1.956360518e+000 
1.165992780e+000 1.956272775e+000 
1.040114242e+000 1.893699714e+000 
1.097867810e+000 1.934341844e+000 
1.056525161e+000 1.909898153e+000 
1.145115385e+000 1.950854807e+000 
1.086787626e+000 1.929129044e+000 
1.071351725e+000 1.920288654e+000 
1.085035779e+000 1.928380038e+000 
1.107938627e+000 1.938378479e+000 
1.166507831e+000 1.956537825e+000 
1.046054931e+000 1.900366471e+000 
1.117961989e+000 1.942493033e+000 
1.039253131e+000 1.891498030e+000 
1.131039983e+000 1.946221785e+000 
1.039487979e+000 1.891985026e+000 
1.053210684e+000 1.907347354e+000 
1.052782584e+000 1.906903205e+000 
1.079605626e+000 1.925123936e+000 
1.179139406e+000 1.958891827e+000 
1.050757305e+000 1.905057351e+000 
1.086047330e+000 1.928903840e+000 
1.095309254e+000 1.932938961e+000 
1.080535677e+000 1.925751394e+000 
1.044284065e+000 1.898608020e+000 
1.080275259e+000 1.925541904e+000 
1.084846108e+000 1.928192745e+000 
1.040990139e+000 1.894478301e+000 
1.077366237e+000 1.923761732e+000 
1.056166766e+000 1.909627289e+000 
1.068506538e+000 1.918479829e+000 
1.054158913e+000 1.908027276e+000 
1.071436147e+000 1.920314982e+000 
1.068864480e+000 1.918637682e+000 
1.202745900e+000 1.963901840e+000 
1.082259202e+000 1.926756046e+000 
1.068933056e+000 1.918649102e+000 
1.053594801e+000 1.907624554e+000 
1.064786954e+000 1.915958998e+000 
1.053337224e+000 1.907461595e+000 
1.069410392e+000 1.919027291e+000 
1.045734479e+000 1.900223654e+000 
1.082231349e+000 1.926723867e+000 
1.044036587e+000 1.898288183e+000 
1.155228908e+000 1.953380719e+000 
1.146234961e+000 1.950942768e+000 
1.082098824e+000 1.926547822e+000 
1.047247216e+000 1.901657261e+000 
1.047536521e+000 1.901901315e+000 
1.049972262e+000 1.904248384e+000 
1.069609605e+000 1.919169897e+000 
1.083705762e+000 1.927579189e+000 
1.089620055e+000 1.930835830e+000 
1.229186712e+000 1.968144585e+000 
1.050256026e+000 1.904643254e+000 
1.054235439e+000 1.908183507e+000 
1.072007081e+000 1.920555078e+000 
1.041482017e+000 1.895042208e+000 
1.139602085e+000 1.949226718e+000 
1.076595097e+000 1.923433504e+000 
1.045363234e+000 1.899888684e+000 
1.075549929e+000 1.922811107e+000 
1.058326225e+000 1.911277288e+000 
1.168083680e+000 1.956968451e+000 
1.041974403e+000 1.895731489e+000 
1.042170656e+000 1.895826428e+000 
1.049395600e+000 1.903723925e+000 
1.076148054e+000 1.923039954e+000 
1.181493212e+000 1.959986426e+000 
1.042745803e+000 1.896727498e+000 
1.052417106e+000 1.906599109e+000 
1.089373447e+000 1.930566447e+000 
1.146633320e+000 1.951248661e+000 
1.061779952e+000 1.913907195e+000 
1.134988238e+000 1.947766136e+000 
1.041919416e+000 1.895574403e+000 
1.044854238e+000 1.899234091e+000 
1.127627011e+000 1.945442889e+000 
1.041562675e+000 1.895265591e+000 
1.059476691e+000 1.912225631e+000 
1.183820588e+000 1.960594733e+000 
1.098625418e+000 1.934640170e+000 
1.042881440e+000 1.896740768e+000 
1.126829765e+000 1.945180508e+000 
1.099425037e+000 1.934979064e+000 
1.182662776e+000 1.960264372e+000 
1.156271669e+000 1.953865636e+000 
1.099647745e+000 1.935068339e+000 
1.069087559e+000 1.918758362e+000 
1.088366979e+000 1.930076289e+000 
1.156566168e+000 1.953888497e+000 
1.241221876e+000 1.969800306e+000 
1.185735906e+000 1.960817861e+000 
1.221804622e+000 1.966870432e+000 
1.051168249e+000 1.905431865e+000 
1.060028218e+000 1.912669911e+000 
1.245532005e+000 1.970126548e+000 
1.242732934e+000 1.969851094e+000 
1.118603830e+000 1.942747603e+000 
1.063853902e+000 1.915459375e+000 
1.117093185e+000 1.942213968e+000 
1.086721726e+000 1.929044771e+000 
1.058646301e+000 1.911557832e+000 
1.096976699e+000 1.934083044e+000 
1.062562496e+000 1.914521723e+000 
1.066231998e+000 1.917012293e+000 
1.120551873e+000 1.943445871e+000 
1.149279335e+000 1.951973018e+000 
1.105987770e+000 1.938102977e+000 
1.092628015e+000 1.932010484e+000 
1.070007603e+000 1.919426374e+000 
1.114653603e+000 1.941628298e+000 
1.061268316e+000 1.913606864e+000 
1.112233172e+000 1.940638429e+000 
1.094138389e+000 1.932828614e+000 
1.230088264e+000 1.968223389e+000 
1.055419532e+000 1.909028745e+000 
1.158850677e+000 1.954615295e+000 
1.057294172e+000 1.910510289e+000 
1.097139654e+000 1.934093379e+000 
1.099831676e+000 1.935282251e+000 
1.102567659e+000 1.936373904e+000 
1.108755672e+000 1.939326722e+000 
1.097591403e+000 1.934255974e+000 
1.158752461e+000 1.954437390e+000 
1.156781078e+000 1.953957348e+000 
1.061259918e+000 1.913598240e+000 
1.184881314e+000 1.960805698e+000 
1.109707715e+000 1.939672790e+000 
1.131393833e+000 1.946467569e+000 
1.111895141e+000 1.940558737e+000 
1.230645459e+000 1.968475251e+000 
1.128662279e+000 1.945848702e+000 
1.093091605e+000 1.932428774e+000 
1.112596526e+000 1.940643041e+000 
1.214758955e+000 1.966151340e+000 
1.214100269e+000 1.966085642e+000 
1.174376934e+000 1.958418304e+000 
1.183840489e+000 1.960627632e+000 
1.200441890e+000 1.963538406e+000 
1.190942701e+000 1.961593894e+000 
1.091469293e+000 1.931487444e+000 
1.215218185e+000 1.966500983e+000 
1.210135214e+000 1.965686460e+000 
1.100624321e+000 1.935540746e+000 
1.228076933e+000 1.967663154e+000 
1.105390480e+000 1.937923289e+000 
1.103259067e+000 1.936780878e+000 
1.180483046e+000 1.959413369e+000 
1.103296081e+000 1.936891281e+000 
1.172164732e+000 1.957556046e+000 
1.131742824e+000 1.946711606e+000 
1.128157964e+000 1.945445346e+000 
1.192384696e+000 1.961990256e+000 
1.180923950e+000 1.959781641e+000 
1.207588543e+000 1.965092615e+000 
1.249882498e+000 1.970654985e+000 
1.163637555e+000 1.955371150e+000 
1.176294654e+000 1.958796188e+000 
1.176270356e+000 1.958787198e+000 
1.193769667e+000 1.961994033e+000 
1.204685070e+000 1.964493270e+000 
1.140504041e+000 1.949261765e+000 
1.194014422e+000 1.962076417e+000 
1.191347943e+000 1.961613522e+000 
1.138139515e+000 1.948830296e+000 
1.187207879e+000 1.961208488e+000 
1.191466004e+000 1.961626011e+000 
1.192331157e+000 1.961859368e+000 
1.154927142e+000 1.953327409e+000 
1.225345824e+000 1.967082661e+000 
1.240418062e+000 1.969374497e+000 
1.225082164e+000 1.967041817e+000 
1.195423837e+000 1.962205875e+000 
1.323413958e+000 1.989434776e+000 
1.337292496e+000 1.991233481e+000 
1.351551839e+000 1.992882499e+000 
1.333984530e+000 1.990743009e+000 
1.334037201e+000 1.990753569e+000 
1.297830080e+000 1.984454918e+000 
1.370265857e+000 1.994916009e+000 
1.283149943e+000 1.981331108e+000 
1.285141426e+000 1.981696944e+000 
1.254503986e+000 1.971522194e+000 
1.262254575e+000 1.975080117e+000 
1.343833714e+000 1.992060473e+000 
1.296253059e+000 1.984056171e+000 
1.338854462e+000 1.991319178e+000 
1.337891815e+000 1.991275644e+000 
1.323245376e+000 1.989354832e+000 
1.254243729e+000 1.971071395e+000 
1.274893520e+000 1.979290416e+000 
1.345502186e+000 1.992345751e+000 
1.485497904e+000 1.999429585e+000 
1.332337766e+000 1.990628959e+000 
1.363132968e+000 1.994256978e+000 
1.254530006e+000 1.971575314e+000 
1.342630991e+000 1.992046253e+000 
1.321632602e+000 1.989000846e+000 
1.351908292e+000 1.992964488e+000 
1.328678622e+000 1.990021240e+000 
1.254877794e+000 1.972089306e+000 
1.312805953e+000 1.987502794e+000 
1.302141525e+000 1.985201334e+000 
1.287067863e+000 1.982132594e+000 
1.347215279e+000 1.992493225e+000 
1.346372170e+000 1.992452546e+000 
1.293965692e+000 1.983495784e+000 
1.314294235e+000 1.987733922e+000 
1.285850486e+000 1.981774644e+000 
1.340215280e+000 1.991693295e+000 
1.441852996e+000 1.998985604e+000 
1.301492611e+000 1.984973230e+000 
1.336723857e+000 1.991068601e+000 
1.344956893e+000 1.992156415e+000 
1.334556969e+000 1.990942459e+000 
1.275377204e+000 1.979306542e+000 
1.420094031e+000 1.998436180e+000 
1.341809125e+000 1.992026762e+000 
1.332240240e+000 1.990540770e+000 
1.372836760e+000 1.995266836e+000 
1.350765231e+000 1.992697328e+000 
1.419561734e+000 1.998313003e+000 
1.353146445e+000 1.993070594e+000 
1.354844671e+000 1.993226586e+000 
1.313140855e+000 1.987536392e+000 
1.268922145e+000 1.977390723e+000 
1.325160814e+000 1.989576446e+000 
1.418093831e+000 1.998310440e+000 
1.263809860e+000 1.975857482e+000 
1.350392801e+000 1.992673143e+000 
1.298883799e+000 1.984634181e+000 
1.394693824e+000 1.997023931e+000 
1.319852938e+000 1.988540774e+000 
1.309193188e+000 1.986878782e+000 
1.384333174e+000 1.996429320e+000 
1.326160295e+000 1.989708428e+000 
1.327348732e+000 1.990010487e+000 
1.252359297e+000 1.970894868e+000 
1.306677936e+000 1.986271799e+000 
1.417086983e+000 1.998309675e+000 
1.311771514e+000 1.987418344e+000 
1.329165524e+000 1.990193915e+000 
1.297665247e+000 1.984449325e+000 
1.264019769e+000 1.976215917e+000 
1.334359763e+000 1.990782322e+000 
1.267610615e+000 1.977296677e+000 
1.260659219e+000 1.974917899e+000 
1.264084298e+000 1.976296356e+000 
1.295508103e+000 1.983984508e+000 
1.298766902e+000 1.984602230e+000 
1.262491943e+000 1.975830441e+000 
1.633709496e+000 1.999980427e+000 
1.304148935e+000 1.985696662e+000 
1.312803418e+000 1.987452758e+000 
1.273972217e+000 1.978992658e+000 
1.304767483e+000 1.985771789e+000 
1.273659906e+000 1.978798695e+000 
1.339060791e+000 1.991451040e+000 
1.382905682e+000 1.996215186e+000 
1.269072208e+000 1.977544358e+000 
1.296447334e+000 1.984183011e+000 
1.261682739e+000 1.975015775e+000 
1.314980334e+000 1.987924375e+000 
1.336287360e+000 1.991039028e+000 
1.301035568e+000 1.984945767e+000 
1.336053151e+000 1.990953075e+000 
1.319853333e+000 1.988717170e+000 
1.636142409e+000 2.000000000e+000 
1.300760746e+000 1.984854085e+000 
1.286797419e+000 1.982054919e+000 
1.309056695e+000 1.986814206e+000 
1.301697298e+000 1.985040567e+000 
1.315297999e+000 1.988001209e+000 
1.288079550e+000 1.982348982e+000 
1.296683281e+000 1.984231001e+000 
1.424086195e+000 1.998662491e+000 
1.326087014e+000 1.989688778e+000 
1.270118520e+000 1.978151154e+000 
1.321693092e+000 1.989094674e+000 
1.326641078e+000 1.989799530e+000 
1.431156179e+000 1.998749495e+000 
1.266362200e+000 1.976516663e+000 
1.294611926e+000 1.983742114e+000 
1.300509153e+000 1.984832856e+000 
1.308216532e+000 1.986661489e+000 
1.302167301e+000 1.985281551e+000 
1.420281020e+000 1.998451015e+000 
1.349648564e+000 1.992523674e+000 
1.267180777e+000 1.976844632e+000 
1.358506004e+000 1.993559538e+000 
1.317383598e+000 1.988289608e+000 
1.306059388e+000 1.986196672e+000 
1.315556269e+000 1.988059224e+000 
1.313460760e+000 1.987646045e+000 
1.298317513e+000 1.984515701e+000 
1.310949214e+000 1.987210199e+000 
1.299031654e+000 1.984733599e+000 
1.288009290e+000 1.982325209e+000 
1.288633750e+000 1.982551176e+000 
1.304100176e+000 1.985535863e+000 
1.319266017e+000 1.988530606e+000 
1.281845967e+000 1.981089958e+000 
1.308404021e+000 1.986792548e+000 
1.302879138e+000 1.985339648e+000 
1.318124959e+000 1.988487072e+000 
1.269304530e+000 1.977765678e+000 
1.307347300e+000 1.986512760e+000 
1.289953688e+000 1.982942499e+000 
1.290011246e+000 1.983027815e+000 
1.279424697e+000 1.980769701e+000 
1.283694061e+000 1.981464077e+000 
1.280164218e+000 1.980890788e+000 
1.310436172e+000 1.987077043e+000 
1.276101917e+000 1.979526462e+000 
1.292732870e+000 1.983323671e+000 
1.299605425e+000 1.984831788e+000 
1.271637582e+000 1.978400342e+000 
1.295862478e+000 1.984046850e+000 
1.294706131e+000 1.983973972e+000 
1.281697354e+000 1.980992465e+000 
1.323180286e+000 1.989161391e+000 
1.287516433e+000 1.982275257e+000 
1.276614539e+000 1.980009487e+000 
1.325128196e+000 1.989454655e+000 
1.320313906e+000 1.988797882e+000 
1.333121610e+000 1.990676216e+000 
1.301817116e+000 1.985159372e+000 
1.320388524e+000 1.988971891e+000 
1.254530058e+000 1.971612169e+000 
1.390732267e+000 1.996615176e+000 
1.357945637e+000 1.993486747e+000 
1.278907523e+000 1.980538094e+000 
1.372428526e+000 1.995053590e+000 
1.305628209e+000 1.986009270e+000 
1.361618220e+000 1.994021797e+000 
1.259148278e+000 1.974383367e+000 
1.281883639e+000 1.981179505e+000 
1.289341728e+000 1.982678303e+000 
1.366235559e+000 1.994614398e+000 
1.288337316e+000 1.982392060e+000 
1.256371087e+000 1.973072380e+000 
1.293380593e+000 1.983359568e+000 
1.277654222e+000 1.980209500e+000 
1.291972614e+000 1.983139254e+000 
1.305578206e+000 1.985937875e+000 
1.271754479e+000 1.978432293e+000 
1.360294261e+000 1.993712062e+000 
1.277620862e+000 1.980202218e+000 
1.277451437e+000 1.980119400e+000 
1.274828885e+000 1.979175979e+000 
1.274009671e+000 1.979032538e+000 
1.366196089e+000 1.994535581e+000 
1.271496919e+000 1.978396250e+000 
1.378440269e+000 1.995739706e+000 
1.272158091e+000 1.978733472e+000 
1.271399447e+000 1.978266186e+000 
1.367955288e+000 1.994713744e+000 
1.380933744e+000 1.996044070e+000 
1.375358767e+000 1.995448050e+000 
1.359027125e+000 1.993687528e+000 
1.257671754e+000 1.973706548e+000 
1.268006846e+000 1.977352389e+000 
1.379125405e+000 1.995790007e+000 
1.360580099e+000 1.993940147e+000 
1.636011625e+000 1.999999874e+000 
1.356686662e+000 1.993440395e+000 
1.365065176e+000 1.994355977e+000 
1.463142393e+000 1.999262813e+000 
1.373805895e+000 1.995275565e+000 
1.285097703e+000 1.981547187e+000 
1.275704315e+000 1.979429350e+000 
1.368099588e+000 1.994714714e+000 
1.371606754e+000 1.995038014e+000 
1.254685143e+000 1.971830707e+000 
1.260229336e+000 1.974472539e+000 
1.360253484e+000 1.993692344e+000 
1.383136468e+000 1.996343801e+000 
1.275744054e+000 1.979450305e+000 
1.382282167e+000 1.996168376e+000 
1.255943367e+000 1.972399398e+000 
1.256767555e+000 1.973479731e+000 
1.381555651e+000 1.996093894e+000 
1.286387528e+000 1.981957338e+000 
1.379492696e+000 1.995890489e+000 
1.287356064e+000 1.982145829e+000 
1.401872942e+000 1.997642020e+000 
1.256492677e+000 1.973309046e+000 
1.260025177e+000 1.974472173e+000 
1.258616061e+000 1.973937903e+000 
1.557462707e+000 1.999769570e+000 
1.260461843e+000 1.974498673e+000 
1.369891283e+000 1.994801858e+000 
1.349872103e+000 1.992574780e+000 
1.265706554e+000 1.976413246e+000 
1.256035453e+000 1.972963739e+000 
1.462076438e+000 1.999248532e+000 
1.257911955e+000 1.973795593e+000 
1.398186544e+000 1.997194657e+000 
1.575410530e+000 1.999936183e+000 
1.411162212e+000 1.998106615e+000 
1.411123586e+000 1.998071139e+000 
1.392027779e+000 1.997018296e+000 
1.395891877e+000 1.997051551e+000 
1.399432101e+000 1.997253930e+000 
1.257399231e+000 1.973695660e+000 
1.484223178e+000 1.999417043e+000 
1.490389815e+000 1.999481474e+000 
1.491186106e+000 1.999536049e+000 
1.400032234e+000 1.997256808e+000 
1.455462907e+000 1.999165818e+000 
1.399240720e+000 1.997203427e+000 
1.632825027e+000 1.999978161e+000 
1.404620207e+000 1.997802147e+000 
1.400180211e+000 1.997363641e+000 
1.266747020e+000 1.976626623e+000 
1.490930370e+000 1.999496383e+000 
1.398054084e+000 1.997179364e+000 
1.460361656e+000 1.999238374e+000 
1.459023271e+000 1.999229642e+000 
1.616418549e+000 1.999947923e+000 
1.391733054e+000 1.996650003e+000 
1.387629543e+000 1.996514924e+000 
1.510393027e+000 1.999650631e+000 
1.506015158e+000 1.999604224e+000 
1.500202141e+000 1.999561856e+000 
1.506316070e+000 1.999628399e+000 
1.630949585e+000 1.999971812e+000 
1.452582173e+000 1.999134733e+000 
1.449469437e+000 1.999030672e+000 
1.514155885e+000 1.999680126e+000 
1.410253001e+000 1.998025228e+000 
1.445902210e+000 1.998998006e+000 
1.499225327e+000 1.999561127e+000 
1.504884137e+000 1.999596820e+000 
1.410919899e+000 1.998034132e+000 
1.410456711e+000 1.998029505e+000 
1.626928439e+000 1.999965390e+000 
1.476140444e+000 1.999278864e+000 
1.450388689e+000 1.999075436e+000 
1.446543347e+000 1.999016112e+000 
1.622742602e+000 1.999957909e+000 
1.446476939e+000 1.999013292e+000 
1.522329394e+000 1.999758976e+000 
1.480420936e+000 1.999337822e+000 
1.409724710e+000 1.997904732e+000 
1.619201372e+000 1.999950739e+000 
1.441128166e+000 1.998927169e+000 
1.436400780e+000 1.998905955e+000 
1.618383755e+000 1.999949372e+000 
1.449843930e+000 1.999043011e+000 
1.559454064e+000 1.999791708e+000 
1.502637834e+000 1.999574267e+000 
1.611012628e+000 1.999943113e+000 
1.611370526e+000 1.999947573e+000 
1.519502274e+000 1.999753647e+000 
1.517665980e+000 1.999697986e+000 
1.608840827e+000 1.999940662e+000 
1.519163800e+000 1.999724341e+000 
1.562770334e+000 1.999825749e+000 
1.484103137e+000 1.999343209e+000 

