1.000437016e+000 1.012420427e+000 
1.000505755e+000 1.012426753e+000 
9.999999994e-001 1.001509640e+000 
1.016395856e+000 1.859170882e+000 
1.046387906e+000 1.882509912e+000 
1.172887321e+000 1.932807099e+000 
1.019488389e+000 1.862573000e+000 
1.160258732e+000 1.928808770e+000 
1.157831787e+000 1.928453336e+000 
1.029419942e+000 1.871096153e+000 
1.112837573e+000 1.914167390e+000 
1.105356608e+000 1.910464084e+000 
1.031261078e+000 1.872403258e+000 
1.189565693e+000 1.936483722e+000 
1.020168452e+000 1.863089645e+000 
1.023617843e+000 1.865883734e+000 
1.119831326e+000 1.915932917e+000 
1.016862150e+000 1.859888545e+000 
1.024629042e+000 1.866674445e+000 
1.047228790e+000 1.883285859e+000 
1.122692373e+000 1.916489143e+000 
1.119920502e+000 1.916311235e+000 
1.127818199e+000 1.919072753e+000 
1.206735024e+000 1.940524314e+000 
1.004024983e+000 1.842072252e+000 
1.034892242e+000 1.874536218e+000 
1.006610434e+000 1.846362120e+000 
1.202895064e+000 1.939661788e+000 
1.117650830e+000 1.915453174e+000 
1.123117311e+000 1.916698092e+000 
1.086622488e+000 1.903654257e+000 
1.123240562e+000 1.917894367e+000 
1.055559971e+000 1.888465020e+000 
1.098252724e+000 1.908195568e+000 
1.149743265e+000 1.925932549e+000 
1.038139118e+000 1.876924916e+000 
1.033500721e+000 1.873897112e+000 
1.068556593e+000 1.895145317e+000 
1.039459521e+000 1.877957211e+000 
1.004394164e+000 1.842416626e+000 
1.090870630e+000 1.905437070e+000 
1.115544361e+000 1.914799975e+000 
1.164008013e+000 1.929697386e+000 
1.158851061e+000 1.928786734e+000 
1.033303885e+000 1.873704371e+000 
1.022937780e+000 1.865287969e+000 
1.032983363e+000 1.873460298e+000 
1.091004707e+000 1.905635088e+000 
1.127341941e+000 1.919059661e+000 
1.027758779e+000 1.869316198e+000 
1.158522474e+000 1.928586976e+000 
1.006893931e+000 1.847321477e+000 
1.139640162e+000 1.923274532e+000 
1.147012351e+000 1.925380455e+000 
1.181339990e+000 1.934950806e+000 
1.164819002e+000 1.930331217e+000 
1.043836819e+000 1.880747822e+000 
1.109554986e+000 1.912252091e+000 
1.157277149e+000 1.928324462e+000 
1.151671908e+000 1.927030380e+000 
1.010860098e+000 1.853031277e+000 
1.089163864e+000 1.904744499e+000 
1.110743255e+000 1.912947161e+000 
1.020807888e+000 1.863453803e+000 
1.148997009e+000 1.925806322e+000 
1.130189338e+000 1.920091557e+000 
1.032756867e+000 1.873458781e+000 
1.160664559e+000 1.928922690e+000 
1.065729793e+000 1.893886014e+000 
1.034009258e+000 1.874100624e+000 
1.153848412e+000 1.927461902e+000 
1.065385531e+000 1.893677044e+000 
1.024302581e+000 1.866230970e+000 
1.063783009e+000 1.892934031e+000 
1.146377803e+000 1.925122545e+000 
1.015756421e+000 1.858850207e+000 
1.035930090e+000 1.875372445e+000 
1.026713212e+000 1.868907153e+000 
1.183203803e+000 1.935319883e+000 
1.134543922e+000 1.921211753e+000 
1.179689127e+000 1.934740460e+000 
1.050720324e+000 1.885109600e+000 
1.204050618e+000 1.940019261e+000 
1.061889248e+000 1.891951902e+000 
1.032088190e+000 1.872551853e+000 
1.126163751e+000 1.918201545e+000 
1.002766510e+000 1.839246853e+000 
1.068889057e+000 1.895547914e+000 
1.052540740e+000 1.886439544e+000 
1.014944058e+000 1.857457405e+000 
1.011775915e+000 1.854044149e+000 
1.063540706e+000 1.892750966e+000 
1.074158615e+000 1.897836609e+000 
1.089991276e+000 1.904971014e+000 
1.007996769e+000 1.848831068e+000 
1.133082157e+000 1.920859974e+000 
1.059963481e+000 1.890243127e+000 
1.043676213e+000 1.880597359e+000 
1.090667418e+000 1.905420117e+000 
1.004827729e+000 1.843192347e+000 
1.032472116e+000 1.873131092e+000 
1.089923987e+000 1.904794627e+000 
1.169082542e+000 1.931574827e+000 
1.170761160e+000 1.932214411e+000 
1.051048781e+000 1.885742250e+000 
1.088243337e+000 1.904301782e+000 
1.087529656e+000 1.904097865e+000 
1.096997232e+000 1.907778599e+000 
1.034900579e+000 1.874780290e+000 
1.031892405e+000 1.872472682e+000 
1.036440013e+000 1.875617279e+000 
1.131464800e+000 1.920405363e+000 
1.115828189e+000 1.915207164e+000 
1.007319911e+000 1.848259208e+000 
1.206866964e+000 1.940556895e+000 
1.022660002e+000 1.865132902e+000 
1.024106824e+000 1.865949597e+000 
1.049294739e+000 1.884335007e+000 
1.171646570e+000 1.932600265e+000 
1.096190383e+000 1.907582336e+000 
1.004973394e+000 1.843500369e+000 
1.035491287e+000 1.875255887e+000 
1.005065119e+000 1.843866984e+000 
1.046784077e+000 1.882787217e+000 
1.005537206e+000 1.845125453e+000 
1.182779797e+000 1.935091701e+000 
1.094624316e+000 1.907020980e+000 
1.101492891e+000 1.909728007e+000 
1.110961037e+000 1.913008615e+000 
1.060891260e+000 1.891093535e+000 
1.166957878e+000 1.930759239e+000 
1.178060183e+000 1.934366776e+000 
1.094035407e+000 1.906771399e+000 
1.084092877e+000 1.902552147e+000 
1.180647118e+000 1.934830685e+000 
1.042412871e+000 1.879859878e+000 
1.103514970e+000 1.910127146e+000 
1.099160387e+000 1.909006950e+000 
1.071482915e+000 1.896644340e+000 
1.082739587e+000 1.902244025e+000 
1.012310704e+000 1.854811582e+000 
1.179670817e+000 1.934448940e+000 
1.017962214e+000 1.860559751e+000 
1.060096746e+000 1.890658465e+000 
1.118087347e+000 1.915723816e+000 
1.077770611e+000 1.899567765e+000 
1.007125147e+000 1.847781882e+000 
1.063450545e+000 1.892599015e+000 
1.019955812e+000 1.862895821e+000 
1.060326898e+000 1.890805101e+000 
1.077545709e+000 1.899331372e+000 
1.086084739e+000 1.903296296e+000 
1.142384328e+000 1.923881838e+000 
1.076061652e+000 1.898879748e+000 
1.052397230e+000 1.886074578e+000 
1.187799228e+000 1.936218915e+000 
1.064581128e+000 1.893051050e+000 
1.012613749e+000 1.854895405e+000 
1.073731546e+000 1.897667051e+000 
1.191820548e+000 1.937606083e+000 
1.061159430e+000 1.891259184e+000 
1.184953333e+000 1.936130493e+000 
1.013240651e+000 1.855929217e+000 
1.013920715e+000 1.856545775e+000 
1.147991228e+000 1.925559060e+000 
1.008808462e+000 1.850047274e+000 
1.009844378e+000 1.851177856e+000 
1.184357361e+000 1.935484705e+000 
1.010221345e+000 1.851760357e+000 
1.010981781e+000 1.853184176e+000 
1.010204062e+000 1.851565836e+000 
1.000078141e+000 1.003954635e+000 
1.000015827e+000 1.003952035e+000 
1.001057388e+000 1.090778701e+000 
1.001217646e+000 1.091293785e+000 
1.001252123e+000 1.154342333e+000 
1.001629596e+000 1.154610131e+000 
1.000866434e+000 1.068253060e+000 
1.000531053e+000 1.067394052e+000 
1.000784093e+000 1.067531132e+000 
1.002721266e+000 1.196318505e+000 
1.002586259e+000 1.196199569e+000 
1.002376839e+000 1.195589018e+000 
1.002156381e+000 1.195202161e+000 
1.248726034e+000 1.950773701e+000 
1.226438071e+000 1.945715102e+000 
1.811831587e+000 2.000000000e+000 
1.338197609e+000 1.969394383e+000 
1.246703538e+000 1.950703630e+000 
1.248840223e+000 1.950809515e+000 
1.351222915e+000 1.971432075e+000 
1.201996750e+000 1.938392965e+000 
1.218206955e+000 1.943289846e+000 
1.201969799e+000 1.937796667e+000 
1.800101695e+000 1.999951256e+000 
1.333724457e+000 1.968913026e+000 
1.344137447e+000 1.970660630e+000 
1.347405865e+000 1.970881056e+000 
1.337570870e+000 1.969353345e+000 
1.809674906e+000 1.999982153e+000 
1.230568462e+000 1.947765585e+000 
1.232894546e+000 1.948146293e+000 
1.227779621e+000 1.947111217e+000 
1.226917381e+000 1.946504182e+000 
1.210796334e+000 1.941625417e+000 
1.215437376e+000 1.943232837e+000 
1.211879333e+000 1.942207067e+000 
1.205866212e+000 1.940219417e+000 
1.209041637e+000 1.941480902e+000 
1.213641002e+000 1.943016217e+000 
1.314006909e+000 1.965110882e+000 
1.324265496e+000 1.967138656e+000 
1.792483090e+000 1.999942600e+000 
1.320915804e+000 1.966652760e+000 
1.236198830e+000 1.949182152e+000 
1.233320823e+000 1.948347846e+000 
1.573965399e+000 1.993868432e+000 
1.786540164e+000 1.999869850e+000 
1.242034319e+000 1.950425185e+000 
1.771977656e+000 1.999781594e+000 
1.238398430e+000 1.950306119e+000 
1.788126103e+000 1.999877652e+000 
1.235207898e+000 1.948468379e+000 
1.209000167e+000 1.941303165e+000 
1.227063524e+000 1.946860900e+000 
1.222873873e+000 1.945153265e+000 
1.219431889e+000 1.944311261e+000 
1.223335059e+000 1.945172644e+000 
1.230078208e+000 1.947249318e+000 
1.280361040e+000 1.959733735e+000 
1.250691227e+000 1.953026872e+000 
1.253551059e+000 1.953570375e+000 
1.251659331e+000 1.953125129e+000 
1.263743122e+000 1.956247228e+000 
1.771350548e+000 1.999685959e+000 
1.777508909e+000 1.999810178e+000 
1.471514098e+000 1.986830618e+000 
1.603559701e+000 1.995615163e+000 
1.286177863e+000 1.960259870e+000 
1.621739905e+000 1.996386348e+000 
1.287321393e+000 1.960954758e+000 
1.283599414e+000 1.959870854e+000 
1.278921888e+000 1.959471095e+000 
1.275611547e+000 1.958516311e+000 
1.277394926e+000 1.958903528e+000 
1.258663724e+000 1.954980736e+000 
1.255600645e+000 1.953694402e+000 
1.272702132e+000 1.958147331e+000 
1.266802073e+000 1.957028900e+000 
1.260755579e+000 1.955262054e+000 
1.266196438e+000 1.956703140e+000 
1.263032592e+000 1.955968067e+000 
1.784480849e+000 1.999865937e+000 
1.577870283e+000 1.994389765e+000 
1.249474781e+000 1.952251599e+000 
1.554780334e+000 1.993085603e+000 
1.202285413e+000 1.938445731e+000 
1.293321665e+000 1.962173900e+000 
1.290905213e+000 1.961425323e+000 
1.769823784e+000 1.999649470e+000 
1.381168784e+000 1.976331777e+000 
1.379666794e+000 1.975842245e+000 
1.307699515e+000 1.964582523e+000 
1.302141975e+000 1.964126041e+000 
1.300845900e+000 1.963840832e+000 
1.383397396e+000 1.976436620e+000 
1.300310757e+000 1.963462437e+000 
1.307824923e+000 1.965057782e+000 
1.314298016e+000 1.965965758e+000 
1.326097842e+000 1.967638985e+000 
1.297648524e+000 1.963044266e+000 
1.614727200e+000 1.996162220e+000 
1.389007589e+000 1.977521861e+000 
1.618724243e+000 1.996225404e+000 
1.603832865e+000 1.995624072e+000 
1.759262705e+000 1.999534766e+000 
1.763100158e+000 1.999595303e+000 
1.678683611e+000 1.998883255e+000 
1.690549854e+000 1.999011264e+000 
1.677003124e+000 1.998866908e+000 
1.685619035e+000 1.998990565e+000 
1.683432434e+000 1.998937181e+000 
1.738940920e+000 1.999362107e+000 
1.460467056e+000 1.986231595e+000 
1.736781018e+000 1.999325869e+000 
1.758746091e+000 1.999452770e+000 
1.409261527e+000 1.980166125e+000 
1.414117846e+000 1.981281131e+000 
1.725753970e+000 1.999266328e+000 
1.399997502e+000 1.978822393e+000 
1.417020008e+000 1.981409615e+000 
1.346835906e+000 1.970798052e+000 
1.458776552e+000 1.986004230e+000 
1.422113041e+000 1.982147203e+000 
1.439647135e+000 1.984035496e+000 
1.441518473e+000 1.984118729e+000 
1.432954595e+000 1.983503078e+000 
1.420997742e+000 1.981645833e+000 
1.442879045e+000 1.984174156e+000 
1.465139195e+000 1.986386306e+000 
1.445370062e+000 1.984379856e+000 
1.449542565e+000 1.985114432e+000 
1.421961443e+000 1.981809141e+000 
1.339986562e+000 1.970191351e+000 
1.489015974e+000 1.988600903e+000 
1.507338403e+000 1.990003502e+000 
1.402102530e+000 1.979831706e+000 
1.507408656e+000 1.990329158e+000 
1.500858136e+000 1.989635270e+000 
1.673524659e+000 1.998523684e+000 
1.587582717e+000 1.995337928e+000 
1.505353017e+000 1.989718028e+000 
1.456491785e+000 1.985596233e+000 
1.582247084e+000 1.994705888e+000 
1.466159261e+000 1.986722903e+000 
1.473873372e+000 1.987390848e+000 
1.499753252e+000 1.989291209e+000 
1.475096864e+000 1.987652825e+000 
1.295107298e+000 1.962259016e+000 
1.410783709e+000 1.980337808e+000 
1.487717056e+000 1.988579285e+000 
1.593383033e+000 1.995504561e+000 
1.330284379e+000 1.968719979e+000 
1.582899713e+000 1.994881533e+000 
1.590181561e+000 1.995489613e+000 
1.317063446e+000 1.966069863e+000 
1.329275560e+000 1.968048606e+000 
1.439013040e+000 1.983856782e+000 
1.320541637e+000 1.966521534e+000 
1.348448692e+000 1.971093445e+000 
1.341854324e+000 1.970199748e+000 
1.610732760e+000 1.995857098e+000 
1.375383595e+000 1.975632630e+000 
1.365608996e+000 1.974642098e+000 
1.392639821e+000 1.978100250e+000 
1.358981466e+000 1.973484449e+000 
1.370971332e+000 1.975265102e+000 
1.368443248e+000 1.974776463e+000 
1.329515862e+000 1.968508979e+000 
1.339113813e+000 1.969631328e+000 
1.361028123e+000 1.973794496e+000 
1.373219113e+000 1.975510123e+000 
1.395741045e+000 1.978623475e+000 
1.397056506e+000 1.978704581e+000 
1.353299130e+000 1.972387796e+000 
1.356186812e+000 1.972633269e+000 
1.552894901e+000 1.993064138e+000 
1.358541754e+000 1.973093408e+000 
1.547373584e+000 1.992752355e+000 
1.561694685e+000 1.993780612e+000 
1.550183830e+000 1.992955796e+000 
1.531913996e+000 1.991846435e+000 
1.527455802e+000 1.991777898e+000 
1.560062772e+000 1.993463288e+000 
1.522157162e+000 1.991157211e+000 
1.523760491e+000 1.991292004e+000 
1.515558277e+000 1.990712381e+000 
1.517057204e+000 1.990938817e+000 
1.541128937e+000 1.992406099e+000 
1.483272415e+000 1.988012810e+000 
1.535073945e+000 1.991938549e+000 
1.483137044e+000 1.988007122e+000 
1.545802849e+000 1.992611474e+000 
1.743197036e+000 1.999430036e+000 
1.740333217e+000 1.999374227e+000 
1.575737779e+000 1.994367773e+000 
1.674248095e+000 1.998704584e+000 
1.650960200e+000 1.997877755e+000 
1.726821828e+000 1.999288477e+000 
1.558598753e+000 1.993362031e+000 
1.657381574e+000 1.998174861e+000 
1.715561503e+000 1.999250317e+000 
1.658639075e+000 1.998216040e+000 
1.659991536e+000 1.998219702e+000 
1.652355891e+000 1.997919300e+000 
1.639826002e+000 1.997297016e+000 
1.655533341e+000 1.998162382e+000 
1.640219418e+000 1.997322087e+000 
1.637410394e+000 1.997103684e+000 
1.634000020e+000 1.997025347e+000 
1.627103221e+000 1.996664896e+000 
1.619684081e+000 1.996240664e+000 
1.625813641e+000 1.996473128e+000 

