1.047211852e+000 1.095670327e+000 
1.046436498e+000 1.095254694e+000 
1.044844653e+000 1.094317670e+000 
1.050831391e+000 1.097260017e+000 
1.045663238e+000 1.094750142e+000 
1.049011200e+000 1.096430701e+000 
1.044679846e+000 1.094032205e+000 
1.045972864e+000 1.094977834e+000 
1.002853388e+000 1.000498436e+000 
1.002887828e+000 1.000499085e+000 
1.002543942e+000 1.000476070e+000 
1.002879086e+000 1.000498632e+000 
1.002517506e+000 1.000471107e+000 
1.002919602e+000 1.000499167e+000 
1.002497212e+000 1.000468037e+000 
1.002470776e+000 1.000463074e+000 
1.002910707e+000 1.000499147e+000 
1.002569640e+000 1.000476266e+000 
1.002936405e+000 1.000499343e+000 
1.002454242e+000 1.000457786e+000 
1.002437642e+000 1.000449717e+000 
1.002870191e+000 1.000498613e+000 
1.002587158e+000 1.000476716e+000 
1.002801948e+000 1.000492847e+000 
1.002735734e+000 1.000492117e+000 
1.002659339e+000 1.000485278e+000 
1.002619439e+000 1.000484247e+000 
1.002776250e+000 1.000492651e+000 
1.002761432e+000 1.000492313e+000 
1.002604621e+000 1.000483909e+000 
1.003535427e+000 1.001516630e+000 
1.003091761e+000 1.001477220e+000 
1.003637708e+000 1.001531878e+000 
1.003483895e+000 1.001515907e+000 
1.003439503e+000 1.001514168e+000 
1.003321129e+000 1.001498700e+000 
1.003791800e+000 1.001536471e+000 
1.003364816e+000 1.001512487e+000 
1.003444837e+000 1.001514899e+000 
1.003253444e+000 1.001497240e+000 
1.003005235e+000 1.001459279e+000 
1.003016542e+000 1.001476579e+000 
1.003150355e+000 1.001479031e+000 
1.044091581e+000 1.092323000e+000 
1.042855311e+000 1.091583830e+000 
1.043652503e+000 1.092099341e+000 
1.043074096e+000 1.091669366e+000 
1.042659621e+000 1.091396658e+000 
1.044460844e+000 1.092447294e+000 
1.041760913e+000 1.090480405e+000 
1.038224911e+000 1.035954170e+000 
1.037980191e+000 1.035906907e+000 
1.003928139e+000 1.001666171e+000 
1.004971265e+000 1.001777250e+000 
1.004602901e+000 1.001745265e+000 
1.004747914e+000 1.001759665e+000 
1.005553705e+000 1.001804198e+000 
1.006558001e+000 1.001862552e+000 
1.005896271e+000 1.001830206e+000 
1.004090233e+000 1.001682059e+000 
1.005262777e+000 1.001792439e+000 
1.007669780e+000 1.001911511e+000 
1.008469390e+000 1.001946974e+000 
1.008598600e+000 1.001947944e+000 
1.007026824e+000 1.001883413e+000 
1.003844205e+000 1.001641239e+000 
1.004253756e+000 1.001700911e+000 
1.004479320e+000 1.001732938e+000 
1.004374789e+000 1.001718860e+000 
1.005419036e+000 1.001799714e+000 
1.005717516e+000 1.001823996e+000 
1.005480532e+000 1.001802791e+000 
1.006688072e+000 1.001863080e+000 
1.013854430e+000 1.002118803e+000 
1.006764951e+000 1.001867937e+000 
1.014047832e+000 1.002128907e+000 
1.004926173e+000 1.001764142e+000 
1.006258044e+000 1.001847150e+000 
1.007230945e+000 1.001890370e+000 
1.008807909e+000 1.001961355e+000 
1.004149226e+000 1.001686764e+000 
1.009357096e+000 1.001984744e+000 
1.003896191e+000 1.001652389e+000 
1.009846138e+000 1.002001374e+000 
1.009046528e+000 1.001965906e+000 
1.015827640e+000 1.002164040e+000 
1.017926245e+000 1.002217333e+000 
1.003985703e+000 1.001667984e+000 
1.010723268e+000 1.002030298e+000 
1.006870125e+000 1.001871960e+000 
1.006796952e+000 1.001870497e+000 
1.009501038e+000 1.001985433e+000 
1.004372100e+000 1.001701244e+000 
1.010373424e+000 1.002020069e+000 
1.009262419e+000 1.001980965e+000 
1.009064005e+000 1.001967685e+000 
1.015746391e+000 1.002161074e+000 
1.015103902e+000 1.002151917e+000 
1.010028324e+000 1.002004128e+000 
1.012832822e+000 1.002093659e+000 
1.011213407e+000 1.002049044e+000 
1.010955114e+000 1.002037533e+000 
1.010102401e+000 1.002009854e+000 
1.013075896e+000 1.002101161e+000 
1.008850787e+000 1.001961940e+000 
1.014709070e+000 1.002140367e+000 
1.014177077e+000 1.002130701e+000 
1.012962066e+000 1.002095454e+000 
1.010855793e+000 1.002032105e+000 
1.011511004e+000 1.002051251e+000 
1.014568203e+000 1.002139830e+000 
1.007491683e+000 1.001892989e+000 
1.012726015e+000 1.002086479e+000 
1.017226433e+000 1.002195610e+000 
1.016132128e+000 1.002174376e+000 
1.017798614e+000 1.002201490e+000 
1.017780412e+000 1.002199698e+000 
1.017753586e+000 1.002199662e+000 
1.102335518e+000 1.940006070e+000 
1.116507383e+000 1.944425899e+000 
1.145476877e+000 1.951302974e+000 
1.252588312e+000 1.967065746e+000 
1.099691091e+000 1.939097923e+000 
1.115311035e+000 1.944293728e+000 
1.101364007e+000 1.939668145e+000 
1.137549871e+000 1.949588570e+000 
1.151333828e+000 1.952667737e+000 
1.076770058e+000 1.929984419e+000 
1.137184934e+000 1.949413013e+000 
1.069609548e+000 1.926060946e+000 
1.111726239e+000 1.943065331e+000 
1.103638684e+000 1.940466544e+000 
1.153095427e+000 1.953061394e+000 
1.064414521e+000 1.923107747e+000 
1.066727048e+000 1.924565033e+000 
1.127693170e+000 1.947363073e+000 
1.284425374e+000 1.970268036e+000 
1.186118160e+000 1.958690066e+000 
1.060727123e+000 1.920697374e+000 
1.103343307e+000 1.940363836e+000 
1.257834430e+000 1.967831777e+000 
1.062241000e+000 1.921828424e+000 
1.063945453e+000 1.922744534e+000 
1.068730922e+000 1.925541643e+000 
1.154205072e+000 1.953340994e+000 
1.197566132e+000 1.960864798e+000 
1.170113708e+000 1.955850709e+000 
1.113404960e+000 1.943563010e+000 
1.240824430e+000 1.966031328e+000 
1.115023369e+000 1.944144372e+000 
1.256211891e+000 1.967697107e+000 
1.068395868e+000 1.925465959e+000 
1.160411485e+000 1.954532828e+000 
1.139685481e+000 1.949962580e+000 
1.217783659e+000 1.963014168e+000 
1.094802306e+000 1.937521933e+000 
1.109496988e+000 1.942141630e+000 
1.060063063e+000 1.920178347e+000 
1.068779035e+000 1.925548054e+000 
1.074337809e+000 1.928714373e+000 
1.062927027e+000 1.922205759e+000 
1.111278599e+000 1.942880077e+000 
1.256844610e+000 1.967809145e+000 
1.063198064e+000 1.922346426e+000 
1.069758209e+000 1.926210684e+000 
1.083103324e+000 1.932746950e+000 
1.159912789e+000 1.954495746e+000 
1.138754906e+000 1.949749715e+000 
1.140502715e+000 1.950195730e+000 
1.059874726e+000 1.920029620e+000 
1.073225150e+000 1.928042028e+000 
1.082238329e+000 1.932439964e+000 
1.072508592e+000 1.927630548e+000 
1.100613255e+000 1.939475842e+000 
1.061614983e+000 1.921407394e+000 
1.067176280e+000 1.924774151e+000 
1.189694769e+000 1.958973217e+000 
1.058150105e+000 1.918750867e+000 
1.098205710e+000 1.938619916e+000 
1.200015952e+000 1.961283949e+000 
1.198198851e+000 1.960976658e+000 
1.072061321e+000 1.927375017e+000 
1.141974979e+000 1.950496977e+000 
1.255722757e+000 1.967539719e+000 
1.295938803e+000 1.971041351e+000 
1.061053270e+000 1.920998559e+000 
1.064606534e+000 1.923274825e+000 
1.112293341e+000 1.943217159e+000 
1.084155960e+000 1.933062091e+000 
1.068645100e+000 1.925535079e+000 
1.198632262e+000 1.961036624e+000 
1.077597812e+000 1.930410411e+000 
1.084399482e+000 1.933105414e+000 
1.170049080e+000 1.955768204e+000 
1.112577717e+000 1.943356127e+000 
1.219288536e+000 1.963408568e+000 
1.117067817e+000 1.944633338e+000 
1.073514017e+000 1.928167954e+000 
1.124456811e+000 1.946566912e+000 
1.149515554e+000 1.952315061e+000 
1.114738993e+000 1.944002337e+000 
1.144839989e+000 1.950895058e+000 
1.076360703e+000 1.929738702e+000 
1.187131287e+000 1.958869105e+000 
1.084444575e+000 1.933299509e+000 
1.111143842e+000 1.942823743e+000 
1.125569747e+000 1.946877328e+000 
1.078337714e+000 1.930713024e+000 
1.096195700e+000 1.937955864e+000 
1.145171745e+000 1.951002796e+000 
1.113833402e+000 1.943768745e+000 
1.082474981e+000 1.932499876e+000 
1.134085682e+000 1.948802188e+000 
1.117202546e+000 1.944723881e+000 
1.114331402e+000 1.943808667e+000 
1.232826086e+000 1.965166542e+000 
1.059622927e+000 1.919997947e+000 
1.060297685e+000 1.920444569e+000 
1.064417458e+000 1.923257915e+000 
1.064949488e+000 1.923555722e+000 
1.234366159e+000 1.965436379e+000 
1.262519646e+000 1.968575341e+000 
1.261791456e+000 1.968389869e+000 
1.258831663e+000 1.968094215e+000 
1.075841739e+000 1.929514039e+000 
1.083244907e+000 1.932869145e+000 
1.106376045e+000 1.941236431e+000 
1.079293552e+000 1.931022569e+000 
1.089776761e+000 1.935418801e+000 
1.235853012e+000 1.965630939e+000 
1.078105001e+000 1.930457811e+000 
1.257926199e+000 1.967961033e+000 
1.116325721e+000 1.944400427e+000 
1.232193367e+000 1.965049137e+000 
1.085998442e+000 1.933929647e+000 
1.109982640e+000 1.942467672e+000 
1.233920908e+000 1.965232789e+000 
1.086472100e+000 1.934126449e+000 
1.130667664e+000 1.948086423e+000 
1.136070388e+000 1.949346078e+000 
1.166234561e+000 1.955178890e+000 
1.225540137e+000 1.964448847e+000 
1.069981151e+000 1.926401240e+000 
1.197254855e+000 1.960698239e+000 
1.080844426e+000 1.931751840e+000 
1.135140600e+000 1.949074495e+000 
1.246466097e+000 1.966652863e+000 
1.246753682e+000 1.966837018e+000 
1.119649400e+000 1.945319655e+000 
1.088893744e+000 1.935104709e+000 
1.170428147e+000 1.956253716e+000 
1.212141979e+000 1.962606160e+000 
1.069449592e+000 1.926018400e+000 
1.082603570e+000 1.932634109e+000 
1.255100000e+000 1.967344706e+000 
1.084747393e+000 1.933480377e+000 
1.141585801e+000 1.950269360e+000 
1.086433247e+000 1.934066392e+000 
1.127430710e+000 1.947283269e+000 
1.189202484e+000 1.958953778e+000 
1.168959151e+000 1.955768067e+000 
1.118345032e+000 1.945053864e+000 
1.216233415e+000 1.962828789e+000 
1.149002071e+000 1.951996304e+000 
1.087981353e+000 1.934861057e+000 
1.174265845e+000 1.956862039e+000 
1.156998331e+000 1.953880559e+000 
1.174894605e+000 1.957101412e+000 
1.255123100e+000 1.967455134e+000 
1.083691252e+000 1.932985676e+000 
1.092241722e+000 1.936402541e+000 
1.179682560e+000 1.957992257e+000 
1.086319587e+000 1.934048139e+000 
1.085652001e+000 1.933781281e+000 
1.097103120e+000 1.938289522e+000 
1.089915045e+000 1.935625805e+000 
1.087898197e+000 1.934691090e+000 
1.117897392e+000 1.944868389e+000 
1.107812833e+000 1.941661707e+000 
1.093944757e+000 1.937079664e+000 
1.104953551e+000 1.940795010e+000 
1.085152740e+000 1.933564290e+000 
1.092123679e+000 1.936361644e+000 
1.093818319e+000 1.937038060e+000 
1.128760309e+000 1.947563888e+000 
1.155774687e+000 1.953558174e+000 
1.099216401e+000 1.938982286e+000 
1.090228838e+000 1.935638019e+000 
1.310781551e+000 1.972144409e+000 
1.116700210e+000 1.944560989e+000 
1.171873050e+000 1.956412140e+000 
1.144334641e+000 1.950798427e+000 
1.282914651e+000 1.969909432e+000 
1.104369912e+000 1.940583563e+000 
1.309886883e+000 1.972033429e+000 
1.172062604e+000 1.956416803e+000 
1.162744454e+000 1.954867811e+000 
1.193457140e+000 1.959983582e+000 
1.120476294e+000 1.945471728e+000 
1.148291298e+000 1.951727616e+000 
1.275206442e+000 1.969366447e+000 
1.272335117e+000 1.969119160e+000 
1.315019426e+000 1.972457820e+000 
1.312946817e+000 1.972361088e+000 
1.278472398e+000 1.969535795e+000 
1.104560012e+000 1.940593936e+000 
1.311841674e+000 1.972238447e+000 
1.163209229e+000 1.954961776e+000 
1.190833811e+000 1.959325468e+000 
1.196159818e+000 1.960364991e+000 
1.293190486e+000 1.970836806e+000 
1.290762415e+000 1.970649799e+000 
1.175791026e+000 1.957265225e+000 
1.147219150e+000 1.951501133e+000 
1.143591833e+000 1.950707327e+000 
1.223284368e+000 1.964208351e+000 
1.221269857e+000 1.963865842e+000 
1.294474082e+000 1.970928899e+000 
1.246364441e+000 1.966445403e+000 
1.201254586e+000 1.961382000e+000 
1.245576498e+000 1.966252360e+000 
1.229431584e+000 1.964614290e+000 
1.249609391e+000 1.966951249e+000 
1.281898334e+000 1.969789750e+000 
1.195908555e+000 1.960227158e+000 
1.297184184e+000 1.971236992e+000 
1.268016813e+000 1.968677100e+000 
1.166505948e+000 1.955267623e+000 
1.299618861e+000 1.971358136e+000 
1.302334812e+000 1.971489648e+000 
1.182536139e+000 1.958206199e+000 
1.304371913e+000 1.971549319e+000 
1.056741654e+000 1.243477165e+000 
1.053405088e+000 1.241205705e+000 
1.054042918e+000 1.241691619e+000 
1.055477886e+000 1.242783443e+000 
1.057869024e+000 1.244141108e+000 
1.056015302e+000 1.243096838e+000 
1.055977882e+000 1.242877478e+000 
1.054734305e+000 1.242091581e+000 
1.053453117e+000 1.241217179e+000 
1.052586470e+000 1.240579756e+000 
1.053148327e+000 1.241012449e+000 
1.054546577e+000 1.241956422e+000 
1.038483833e+000 1.036111959e+000 
1.052510077e+000 1.183143012e+000 
1.052105302e+000 1.182910809e+000 
1.050885297e+000 1.182137857e+000 
1.031560772e+000 1.034045247e+000 
1.028754436e+000 1.032862503e+000 
1.029767207e+000 1.033300783e+000 
1.035500631e+000 1.035343451e+000 
1.034745932e+000 1.035090494e+000 
1.028290366e+000 1.032349785e+000 
1.030832194e+000 1.033791147e+000 
1.031063381e+000 1.033823072e+000 
1.031870016e+000 1.034193613e+000 
1.028567183e+000 1.032752165e+000 
1.035284022e+000 1.035284713e+000 
1.029632170e+000 1.033232762e+000 
1.028911376e+000 1.032900532e+000 
1.033148508e+000 1.034682840e+000 
1.035041002e+000 1.035264664e+000 
1.031852801e+000 1.034135318e+000 
1.035800304e+000 1.035478740e+000 
1.037167766e+000 1.035869880e+000 
1.031033817e+000 1.033797003e+000 
1.032350934e+000 1.034321118e+000 
1.037066641e+000 1.035839038e+000 
1.036078670e+000 1.035532296e+000 
1.001471416e+000 1.000167486e+000 
1.002165566e+000 1.000173081e+000 
1.000945684e+000 1.000161966e+000 
1.000553570e+000 1.000156406e+000 
1.000597998e+000 1.000156450e+000 
1.001734812e+000 1.000169179e+000 
1.000419288e+000 1.000154492e+000 
1.000390656e+000 1.000150702e+000 
1.001776598e+000 1.000169502e+000 
1.002079352e+000 1.000172712e+000 
1.001601011e+000 1.000168958e+000 
1.002430424e+000 1.000173222e+000 
1.001958320e+000 1.000171319e+000 
1.001290258e+000 1.000165172e+000 
1.001125547e+000 1.000164349e+000 
1.001464798e+000 1.000166767e+000 
1.001419853e+000 1.000166646e+000 
1.002123780e+000 1.000172748e+000 
1.002047694e+000 1.000171495e+000 
1.002436661e+000 1.000175074e+000 
1.002209994e+000 1.000173135e+000 
1.001920271e+000 1.000170925e+000 
1.001821026e+000 1.000169555e+000 
1.001900359e+000 1.000170540e+000 
1.001645439e+000 1.000169002e+000 
1.001560790e+000 1.000167661e+000 
1.001690384e+000 1.000169133e+000 
1.000632402e+000 1.000158125e+000 
1.001040381e+000 1.000162921e+000 
1.002378584e+000 1.000173194e+000 
1.000350470e+000 1.000149129e+000 
1.000756242e+000 1.000159858e+000 
1.000816089e+000 1.000160503e+000 
1.001335204e+000 1.000165295e+000 
1.001245830e+000 1.000165128e+000 
1.000374083e+000 1.000150501e+000 
1.000878453e+000 1.000160709e+000 
1.001375425e+000 1.000166600e+000 
1.000698590e+000 1.000158336e+000 
1.001169975e+000 1.000164394e+000 
1.000531811e+000 1.000156241e+000 
1.000326418e+000 1.000148083e+000 
1.000812266e+000 1.000160490e+000 
1.000654162e+000 1.000158294e+000 
1.000963620e+000 1.000162138e+000 
1.000834025e+000 1.000160665e+000 
1.002054967e+000 1.000171579e+000 
1.039651393e+000 1.061470900e+000 
1.041036792e+000 1.062338375e+000 
1.038901573e+000 1.061044492e+000 
1.040755390e+000 1.062164242e+000 
1.041193549e+000 1.062485507e+000 
1.039908426e+000 1.061710298e+000 
1.041725472e+000 1.062788866e+000 
1.000000000e+000 1.000000000e+000 
1.000147076e+000 1.000001251e+000 
1.000071034e+000 1.000000742e+000 
1.000173334e+000 1.000001258e+000 
1.000049231e+000 1.000000303e+000 
1.000123077e+000 1.000001242e+000 
1.000049376e+000 1.000000647e+000 
1.000057386e+000 1.000000728e+000 
1.000079043e+000 1.000000823e+000 
1.000105301e+000 1.000000830e+000 
1.000230419e+000 1.000001553e+000 
1.000319563e+000 1.000001982e+000 
1.000310885e+000 1.000001938e+000 
1.000251602e+000 1.000001635e+000 
1.000182089e+000 1.000001300e+000 
1.000262556e+000 1.000001685e+000 
1.000282162e+000 1.000001758e+000 
1.000206089e+000 1.000001309e+000 
1.000271233e+000 1.000001729e+000 
1.020205156e+000 1.023173981e+000 
1.021213607e+000 1.023470251e+000 
1.019315923e+000 1.022869243e+000 
1.022545032e+000 1.023948481e+000 
1.018979192e+000 1.022721804e+000 
1.020215604e+000 1.023185165e+000 
1.023220381e+000 1.024015690e+000 
1.023885955e+000 1.024189948e+000 
1.026415359e+000 1.024894434e+000 
1.020691313e+000 1.023327875e+000 
1.025256836e+000 1.024596596e+000 
1.020107246e+000 1.023169958e+000 
1.018968744e+000 1.022711154e+000 
1.023230829e+000 1.024021494e+000 
1.023422302e+000 1.024062104e+000 
1.025043531e+000 1.024570691e+000 
1.027747666e+000 1.025204593e+000 
1.023300007e+000 1.024046395e+000 
1.020789223e+000 1.023331898e+000 
1.018846786e+000 1.022647336e+000 
1.026976264e+000 1.025037616e+000 
1.026828447e+000 1.024944959e+000 
1.021668572e+000 1.023600191e+000 
1.026615142e+000 1.024920410e+000 
1.019188868e+000 1.022771407e+000 
1.019525599e+000 1.022916368e+000 
1.020564146e+000 1.023305478e+000 
1.024695931e+000 1.024452075e+000 
1.024087744e+000 1.024285505e+000 
1.026044573e+000 1.024834350e+000 
1.024578117e+000 1.024432284e+000 
1.025483668e+000 1.024694292e+000 
1.023647607e+000 1.024173000e+000 
1.372879933e+000 1.982556818e+000 
1.349234268e+000 1.978999440e+000 
1.348622895e+000 1.978967423e+000 
1.345684274e+000 1.978301321e+000 
1.335289939e+000 1.975774131e+000 
1.322940455e+000 1.972533419e+000 
1.345579156e+000 1.978286437e+000 
1.745849303e+000 2.000000000e+000 
1.353373593e+000 1.979559919e+000 
1.333199798e+000 1.975295922e+000 
1.323027872e+000 1.972635557e+000 
1.685596275e+000 1.999690327e+000 
1.348303789e+000 1.978576035e+000 
1.333665099e+000 1.975596768e+000 
1.338899384e+000 1.977067355e+000 
1.345412538e+000 1.978135257e+000 
1.341678069e+000 1.977441819e+000 
1.327244111e+000 1.974722221e+000 
1.329788352e+000 1.975011989e+000 
1.338178261e+000 1.976828971e+000 
1.335817597e+000 1.976472187e+000 
1.693571414e+000 1.999805730e+000 
1.328490875e+000 1.974805705e+000 
1.341071336e+000 1.977405892e+000 
1.689259074e+000 1.999789946e+000 
1.683449412e+000 1.999681723e+000 
1.685687296e+000 1.999719176e+000 
1.327210128e+000 1.973902472e+000 
1.323306078e+000 1.973867902e+000 
1.344960537e+000 1.978066841e+000 
1.347286644e+000 1.978468339e+000 
1.346826083e+000 1.978462128e+000 
1.332732011e+000 1.975221848e+000 
1.730865622e+000 1.999936594e+000 
1.728775438e+000 1.999906245e+000 
1.357296458e+000 1.980205298e+000 
1.686020131e+000 1.999756515e+000 
1.344422815e+000 1.977867932e+000 
1.322910262e+000 1.972525711e+000 
1.350467910e+000 1.979263138e+000 
1.342913099e+000 1.977698907e+000 
1.355568835e+000 1.980066897e+000 
1.332373395e+000 1.975095021e+000 
1.357832530e+000 1.980250659e+000 
1.743009913e+000 1.999997936e+000 
1.349608808e+000 1.979135017e+000 
1.339760562e+000 1.977368834e+000 
1.342538012e+000 1.977560745e+000 
1.333498798e+000 1.975357494e+000 
1.606904608e+000 1.998600652e+000 
1.334441661e+000 1.975664012e+000 
1.685557317e+000 1.999683416e+000 
1.739377171e+000 1.999981775e+000 
1.356502814e+000 1.980108951e+000 
1.352495364e+000 1.979363684e+000 
1.736676628e+000 1.999977899e+000 
1.335702156e+000 1.975824025e+000 
1.735327317e+000 1.999943790e+000 
1.354927225e+000 1.979880465e+000 
1.359427546e+000 1.980303134e+000 
1.354187687e+000 1.979751404e+000 
1.353871036e+000 1.979743062e+000 
1.377854931e+000 1.983226458e+000 
1.363669635e+000 1.981047926e+000 
1.729574598e+000 1.999908988e+000 
1.727285799e+000 1.999900979e+000 
1.363959542e+000 1.981061390e+000 
1.360707797e+000 1.980931620e+000 
1.366634553e+000 1.981731848e+000 
1.369904104e+000 1.982337645e+000 
1.724053685e+000 1.999900214e+000 
1.511993292e+000 1.994942633e+000 
1.363315368e+000 1.980998211e+000 
1.359724396e+000 1.980397307e+000 
1.699770792e+000 1.999852122e+000 
1.699760019e+000 1.999848361e+000 
1.720162772e+000 1.999874657e+000 
1.524235260e+000 1.995508888e+000 
1.504156491e+000 1.994688755e+000 
1.363020868e+000 1.980984678e+000 
1.508990150e+000 1.994786989e+000 
1.506025693e+000 1.994702190e+000 
1.502767910e+000 1.994582839e+000 
1.500301245e+000 1.994439886e+000 
1.717420051e+000 1.999872280e+000 
1.497492518e+000 1.994144391e+000 
1.502540299e+000 1.994477805e+000 
1.490560825e+000 1.993843303e+000 
1.453545872e+000 1.991306133e+000 
1.457912786e+000 1.991568970e+000 
1.454575241e+000 1.991489703e+000 
1.452667780e+000 1.991184507e+000 
1.458225259e+000 1.991620537e+000 
1.375970064e+000 1.982911551e+000 
1.371423929e+000 1.982448644e+000 
1.715691042e+000 1.999865863e+000 
1.365632300e+000 1.981439760e+000 
1.364053615e+000 1.981166654e+000 
1.366153786e+000 1.981631012e+000 
1.592375148e+000 1.998216839e+000 
1.588280252e+000 1.998070531e+000 
1.483655616e+000 1.993371697e+000 
1.368870352e+000 1.982007348e+000 
1.367450493e+000 1.981787326e+000 
1.493076384e+000 1.993969700e+000 
1.497077975e+000 1.994055940e+000 
1.378524245e+000 1.983522536e+000 
1.482016888e+000 1.993230562e+000 
1.485040622e+000 1.993524755e+000 
1.482416356e+000 1.993342948e+000 
1.377978007e+000 1.983410591e+000 
1.598432577e+000 1.998344180e+000 
1.450152018e+000 1.991034062e+000 
1.476438374e+000 1.992936748e+000 
1.478979733e+000 1.993074695e+000 
1.449225258e+000 1.990985583e+000 
1.454022052e+000 1.991376205e+000 
1.471874268e+000 1.992618288e+000 
1.428959567e+000 1.989344291e+000 
1.464015659e+000 1.991959395e+000 
1.465333471e+000 1.992154334e+000 
1.487234271e+000 1.993575144e+000 
1.487674466e+000 1.993743005e+000 
1.382302112e+000 1.983913864e+000 
1.467106936e+000 1.992194035e+000 
1.408936672e+000 1.987342358e+000 
1.472701462e+000 1.992682657e+000 
1.444777885e+000 1.990673212e+000 
1.445664530e+000 1.990753782e+000 
1.414183242e+000 1.988109535e+000 
1.435022080e+000 1.989746097e+000 
1.435866594e+000 1.990044512e+000 
1.437420755e+000 1.990205815e+000 
1.436350144e+000 1.990082967e+000 
1.438801050e+000 1.990222156e+000 
1.441414618e+000 1.990504841e+000 
1.426285307e+000 1.989019775e+000 
1.427207849e+000 1.989078233e+000 
1.678915932e+000 1.999672611e+000 
1.421337528e+000 1.988573477e+000 
1.416501467e+000 1.988156259e+000 
1.421701181e+000 1.988637756e+000 
1.376221210e+000 1.983117718e+000 
1.445345207e+000 1.990745087e+000 
1.422694055e+000 1.988789599e+000 
1.410369862e+000 1.987503098e+000 
1.443703155e+000 1.990632226e+000 
1.408976762e+000 1.987431598e+000 
1.432877757e+000 1.989590073e+000 
1.422059723e+000 1.988650974e+000 
1.385149732e+000 1.984318094e+000 
1.405923654e+000 1.987271812e+000 
1.432577408e+000 1.989546438e+000 
1.420083128e+000 1.988568598e+000 
1.403826547e+000 1.987124710e+000 
1.419163764e+000 1.988415070e+000 
1.416974060e+000 1.988395194e+000 
1.435395982e+000 1.989913548e+000 
1.401364858e+000 1.986784374e+000 
1.381622565e+000 1.983892364e+000 
1.403353954e+000 1.986886889e+000 
1.412767213e+000 1.987849718e+000 
1.413325265e+000 1.988016845e+000 
1.676564392e+000 1.999652501e+000 
1.378797823e+000 1.983598730e+000 
1.383921797e+000 1.984298403e+000 
1.375983365e+000 1.983014013e+000 
1.379934241e+000 1.983808441e+000 
1.367638895e+000 1.981861205e+000 
1.397110692e+000 1.986119289e+000 
1.385436489e+000 1.984426364e+000 
1.382455839e+000 1.984282163e+000 
1.385887826e+000 1.984649629e+000 
1.410609504e+000 1.987561442e+000 
1.374231231e+000 1.982811800e+000 
1.385839466e+000 1.984460381e+000 
1.369455211e+000 1.982066799e+000 
1.395873576e+000 1.986113906e+000 
1.398709330e+000 1.986279281e+000 
1.397604330e+000 1.986275816e+000 
1.399204311e+000 1.986532739e+000 
1.459575255e+000 1.991671942e+000 
1.389667889e+000 1.985166825e+000 
1.399753415e+000 1.986592180e+000 
1.401273354e+000 1.986719318e+000 
1.387234422e+000 1.984924008e+000 
1.464764851e+000 1.991982153e+000 
1.393696048e+000 1.985658381e+000 
1.394099165e+000 1.985799319e+000 
1.467252601e+000 1.992359873e+000 
1.584637290e+000 1.997900795e+000 
1.375572385e+000 1.982853795e+000 
1.391504268e+000 1.985384441e+000 
1.668713278e+000 1.999597877e+000 
1.673486788e+000 1.999634337e+000 
1.669234344e+000 1.999608546e+000 
1.666835512e+000 1.999588996e+000 
1.551488628e+000 1.996786262e+000 
1.555586169e+000 1.996967148e+000 
1.666697309e+000 1.999477758e+000 
1.559385701e+000 1.997023511e+000 
1.661243503e+000 1.999455380e+000 
1.587006067e+000 1.997944224e+000 
1.666462519e+000 1.999467928e+000 
1.392853525e+000 1.985445058e+000 
1.391226707e+000 1.985306084e+000 
1.387906492e+000 1.984933727e+000 
1.393159213e+000 1.985558730e+000 
1.618111418e+000 1.998759027e+000 
1.560251660e+000 1.997054775e+000 
1.616293952e+000 1.998734390e+000 
1.615957216e+000 1.998726301e+000 
1.564700285e+000 1.997274213e+000 
1.609414556e+000 1.998643180e+000 
1.613374513e+000 1.998722923e+000 
1.597511981e+000 1.998293078e+000 
1.601895316e+000 1.998374675e+000 
1.611393120e+000 1.998715701e+000 
1.605846467e+000 1.998569033e+000 
1.626520388e+000 1.998843574e+000 
1.627700235e+000 1.998891331e+000 
1.625986591e+000 1.998816757e+000 
1.532999837e+000 1.996076537e+000 
1.533668964e+000 1.996147533e+000 
1.663833337e+000 1.999466656e+000 
1.602785007e+000 1.998393743e+000 
1.577783948e+000 1.997711145e+000 
1.552858925e+000 1.996885716e+000 
1.603366508e+000 1.998421556e+000 
1.547326237e+000 1.996748515e+000 
1.575126576e+000 1.997555422e+000 
1.573312404e+000 1.997492245e+000 
1.592419062e+000 1.998261666e+000 
1.588864483e+000 1.998092976e+000 
1.659070704e+000 1.999379282e+000 
1.591947878e+000 1.998209982e+000 
1.514899080e+000 1.995069699e+000 
1.587262627e+000 1.997971228e+000 
1.574003460e+000 1.997503067e+000 
1.595970855e+000 1.998283830e+000 
1.558402978e+000 1.997016500e+000 
1.573926854e+000 1.997502454e+000 
1.595495425e+000 1.998276958e+000 
1.572041003e+000 1.997478549e+000 
1.563066568e+000 1.997164387e+000 
1.655396733e+000 1.999352860e+000 
1.508734628e+000 1.994751897e+000 
1.569513996e+000 1.997360165e+000 
1.654083579e+000 1.999336578e+000 
1.651693565e+000 1.999272021e+000 
1.618843767e+000 1.998795699e+000 
1.518743478e+000 1.995295213e+000 
1.519523359e+000 1.995347907e+000 
1.521478366e+000 1.995414376e+000 
1.516563778e+000 1.995174457e+000 
1.569468478e+000 1.997307536e+000 
1.515018619e+000 1.995105015e+000 
1.528293307e+000 1.995724093e+000 
1.530946312e+000 1.995816128e+000 
1.524451515e+000 1.995511398e+000 
1.530596268e+000 1.995750242e+000 
1.540659630e+000 1.996372291e+000 
1.545283864e+000 1.996605520e+000 
1.538862637e+000 1.996327361e+000 
1.544786723e+000 1.996550925e+000 
1.575048077e+000 1.997521690e+000 
1.642353882e+000 1.999195839e+000 
1.531831690e+000 1.995896083e+000 
1.540844576e+000 1.996480054e+000 
1.544380837e+000 1.996540499e+000 
1.543009388e+000 1.996513082e+000 
1.631016432e+000 1.999005776e+000 
1.644534364e+000 1.999197493e+000 
1.641237624e+000 1.999195138e+000 
1.638643490e+000 1.999186540e+000 
1.635432542e+000 1.999173288e+000 
1.633096428e+000 1.999023801e+000 
1.634447718e+000 1.999049683e+000 
1.626072241e+000 1.998819425e+000 
1.634741975e+000 1.999050960e+000 

