1.062728248e+000 1.183220872e+000 
1.064087081e+000 1.184239357e+000 
1.065094836e+000 1.184755928e+000 
1.065696995e+000 1.185322915e+000 
1.065180383e+000 1.184801271e+000 
1.066323791e+000 1.185590264e+000 
1.063713911e+000 1.183909408e+000 
1.002761911e+000 1.000379224e+000 
1.002701249e+000 1.000378385e+000 
1.002662574e+000 1.000378102e+000 
1.042594554e+000 1.038917326e+000 
1.035875912e+000 1.036955620e+000 
1.034293444e+000 1.036383786e+000 
1.059731075e+000 1.043359960e+000 
1.032388591e+000 1.035362444e+000 
1.058351882e+000 1.043069725e+000 
1.034126891e+000 1.036237408e+000 
1.058670982e+000 1.043086834e+000 
1.037342012e+000 1.037395254e+000 
1.042392816e+000 1.038838209e+000 
1.032910344e+000 1.035712814e+000 
1.031689681e+000 1.035068814e+000 
1.055749112e+000 1.042321082e+000 
1.038082543e+000 1.037639366e+000 
1.037852653e+000 1.037577769e+000 
1.042739449e+000 1.038991536e+000 
1.051451215e+000 1.041201947e+000 
1.059873700e+000 1.043404271e+000 
1.059822989e+000 1.043385353e+000 
1.053912128e+000 1.041862495e+000 
1.042934519e+000 1.039014167e+000 
1.040863709e+000 1.038429094e+000 
1.040715430e+000 1.038328146e+000 
1.059793248e+000 1.043373114e+000 
1.056844223e+000 1.042591201e+000 
1.060223472e+000 1.043410058e+000 
1.035113624e+000 1.036623322e+000 
1.033426496e+000 1.035884764e+000 
1.055090728e+000 1.042189847e+000 
1.046747128e+000 1.040018180e+000 
1.049671934e+000 1.040804860e+000 
1.050365312e+000 1.040977832e+000 
1.049437462e+000 1.040739642e+000 
1.047393319e+000 1.040201773e+000 
1.049978973e+000 1.040861822e+000 
1.058896911e+000 1.043137873e+000 
1.044324427e+000 1.039360924e+000 
1.057070423e+000 1.042687640e+000 
1.004175884e+000 1.000422592e+000 
1.003851523e+000 1.000415088e+000 
1.002963574e+000 1.000391145e+000 
1.002658525e+000 1.000376058e+000 
1.003048363e+000 1.000391317e+000 
1.003231226e+000 1.000398761e+000 
1.002862489e+000 1.000384614e+000 
1.003666771e+000 1.000408538e+000 
1.003828776e+000 1.000413823e+000 
1.004674507e+000 1.000430057e+000 
1.002584225e+000 1.000369882e+000 
1.003162470e+000 1.000393582e+000 
1.003377686e+000 1.000401060e+000 
1.002829676e+000 1.000383685e+000 
1.003650257e+000 1.000408508e+000 
1.003536150e+000 1.000406252e+000 
1.003356373e+000 1.000400903e+000 
1.003560550e+000 1.000408381e+000 
1.003446442e+000 1.000406239e+000 
1.003552663e+000 1.000406396e+000 
1.003088522e+000 1.000392243e+000 
1.002455154e+000 1.000362505e+000 
1.003263579e+000 1.000398796e+000 
1.002583219e+000 1.000364138e+000 
1.004416676e+000 1.000423513e+000 
1.003737415e+000 1.000412946e+000 
1.003817823e+000 1.000413102e+000 
1.003931931e+000 1.000415244e+000 
1.004962626e+000 1.000437568e+000 
1.003143131e+000 1.000393456e+000 
1.004205425e+000 1.000422802e+000 
1.004845544e+000 1.000430448e+000 
1.004099041e+000 1.000420530e+000 
1.003029024e+000 1.000391314e+000 
1.003443950e+000 1.000405329e+000 
1.003122440e+000 1.000392256e+000 
1.004579331e+000 1.000430056e+000 
1.003348486e+000 1.000398918e+000 
1.004425320e+000 1.000429299e+000 
1.003884596e+000 1.000415198e+000 
1.005197690e+000 1.000438326e+000 
1.004912384e+000 1.000430749e+000 
1.004497354e+000 1.000429358e+000 
1.089374445e+000 1.906349776e+000 
1.118892644e+000 1.918230128e+000 
1.246030772e+000 1.951364903e+000 
1.072344666e+000 1.898075995e+000 
1.077517120e+000 1.900866264e+000 
1.082231932e+000 1.903174380e+000 
1.111346743e+000 1.915504243e+000 
1.194617903e+000 1.940956494e+000 
1.071017247e+000 1.897669251e+000 
1.089494007e+000 1.906670314e+000 
1.263365527e+000 1.955024519e+000 
1.091279993e+000 1.907584427e+000 
1.153751155e+000 1.930051163e+000 
1.083864033e+000 1.904124136e+000 
1.090515821e+000 1.907236520e+000 
1.215094132e+000 1.945492642e+000 
1.076847554e+000 1.900624972e+000 
1.077287003e+000 1.900808705e+000 
1.197729945e+000 1.941765781e+000 
1.087895212e+000 1.906030578e+000 
1.091128691e+000 1.907528904e+000 
1.245216736e+000 1.951343635e+000 
1.227832745e+000 1.947868700e+000 
1.075473284e+000 1.899966510e+000 
1.125109269e+000 1.920725947e+000 
1.169268179e+000 1.934754078e+000 
1.074351127e+000 1.899305471e+000 
1.069758184e+000 1.896909921e+000 
1.149151194e+000 1.928687150e+000 
1.072437285e+000 1.898348263e+000 
1.095001877e+000 1.909059453e+000 
1.170679967e+000 1.934920221e+000 
1.138687559e+000 1.925524005e+000 
1.100922673e+000 1.911330140e+000 
1.136689196e+000 1.924664794e+000 
1.066369229e+000 1.894231209e+000 
1.073235273e+000 1.898720747e+000 
1.091383906e+000 1.907684608e+000 
1.121090641e+000 1.919231583e+000 
1.156342802e+000 1.930639351e+000 
1.120491026e+000 1.919095146e+000 
1.141391746e+000 1.926388472e+000 
1.092421293e+000 1.908076463e+000 
1.128761519e+000 1.922015225e+000 
1.169162754e+000 1.934527322e+000 
1.091056796e+000 1.907453155e+000 
1.111748530e+000 1.915537431e+000 
1.124784587e+000 1.920656400e+000 
1.066493844e+000 1.894435788e+000 
1.083029157e+000 1.903617210e+000 
1.068528450e+000 1.896087312e+000 
1.117023920e+000 1.917526905e+000 
1.121593473e+000 1.919429296e+000 
1.066842089e+000 1.894829095e+000 
1.169839989e+000 1.934777218e+000 
1.197183563e+000 1.941562564e+000 
1.067125414e+000 1.895264569e+000 
1.083178798e+000 1.903750420e+000 
1.143936077e+000 1.927230840e+000 
1.142241461e+000 1.926587934e+000 
1.066848540e+000 1.895091168e+000 
1.092260034e+000 1.908074643e+000 
1.115667069e+000 1.917176079e+000 
1.216182503e+000 1.945521005e+000 
1.168998174e+000 1.934493912e+000 
1.316291107e+000 1.962741370e+000 
1.091822731e+000 1.907936415e+000 
1.190685581e+000 1.940034210e+000 
1.324339214e+000 1.964090005e+000 
1.084799958e+000 1.904440167e+000 
1.094423384e+000 1.908890898e+000 
1.192869877e+000 1.940566133e+000 
1.093485715e+000 1.908507098e+000 
1.086740307e+000 1.905511861e+000 
1.300252818e+000 1.960888921e+000 
1.297590309e+000 1.960627905e+000 
1.297261916e+000 1.960261125e+000 
1.171883806e+000 1.935655957e+000 
1.092180321e+000 1.908059992e+000 
1.132330808e+000 1.923213185e+000 
1.136320843e+000 1.924486909e+000 
1.149702638e+000 1.928851406e+000 
1.192145410e+000 1.940376354e+000 
1.142666115e+000 1.926736761e+000 
1.084830263e+000 1.904523425e+000 
1.216697233e+000 1.945814720e+000 
1.195784855e+000 1.941172922e+000 
1.132508688e+000 1.923339520e+000 
1.085897432e+000 1.905087386e+000 
1.322733667e+000 1.963825514e+000 
1.186305397e+000 1.939119685e+000 
1.262899054e+000 1.954931616e+000 
1.323825096e+000 1.964041835e+000 
1.322136913e+000 1.963687225e+000 
1.193203325e+000 1.940666661e+000 
1.287769079e+000 1.959180852e+000 
1.177402857e+000 1.937046245e+000 
1.098682491e+000 1.910601661e+000 
1.322671014e+000 1.963775176e+000 
1.195226864e+000 1.941044490e+000 
1.192693565e+000 1.940546117e+000 
1.196631611e+000 1.941364889e+000 
1.323374163e+000 1.963967754e+000 
1.193777713e+000 1.940741240e+000 
1.317553276e+000 1.963042452e+000 
1.325240026e+000 1.964332171e+000 
1.099708699e+000 1.911155059e+000 
1.115504569e+000 1.917116614e+000 
1.269867055e+000 1.956024704e+000 
1.267008551e+000 1.955825925e+000 
1.165169299e+000 1.933524669e+000 
1.105048423e+000 1.913270026e+000 
1.102779053e+000 1.912284005e+000 
1.117198815e+000 1.917976295e+000 
1.111049833e+000 1.915457150e+000 
1.113477618e+000 1.916428274e+000 
1.133769743e+000 1.923729848e+000 
1.291173897e+000 1.959900804e+000 
1.286900754e+000 1.959063373e+000 
1.165927410e+000 1.933820993e+000 
1.103987220e+000 1.912726190e+000 
1.216511774e+000 1.945802265e+000 
1.115955832e+000 1.917427664e+000 
1.140728492e+000 1.926096522e+000 
1.289196445e+000 1.959514650e+000 
1.105779217e+000 1.913429141e+000 
1.119448228e+000 1.918625089e+000 
1.288191503e+000 1.959317668e+000 
1.217630277e+000 1.946054757e+000 
1.095350835e+000 1.909324216e+000 
1.109813828e+000 1.915018386e+000 
1.117125640e+000 1.917847263e+000 
1.112600397e+000 1.916174840e+000 
1.218659206e+000 1.946275423e+000 
1.101763599e+000 1.911888259e+000 
1.247598066e+000 1.952137886e+000 
1.307709302e+000 1.962059135e+000 
1.304673237e+000 1.961847998e+000 
1.246753819e+000 1.951942438e+000 
1.135918049e+000 1.924329556e+000 
1.146231195e+000 1.927870537e+000 
1.166492859e+000 1.934048101e+000 
1.278235031e+000 1.957524503e+000 
1.167803751e+000 1.934480766e+000 
1.291469289e+000 1.960009697e+000 
1.158162968e+000 1.931613995e+000 
1.159630688e+000 1.931883701e+000 
1.167220171e+000 1.934201568e+000 
1.142397559e+000 1.926672317e+000 
1.173307869e+000 1.935760679e+000 
1.173160155e+000 1.935708083e+000 
1.265634147e+000 1.955425847e+000 
1.150332351e+000 1.929023739e+000 
1.276547013e+000 1.957188815e+000 
1.144652750e+000 1.927358198e+000 
1.123687823e+000 1.920132675e+000 
1.117947566e+000 1.918061558e+000 
1.123721814e+000 1.920175574e+000 
1.122662470e+000 1.919745219e+000 
1.142021744e+000 1.926494181e+000 
1.264031126e+000 1.955239220e+000 
1.120705183e+000 1.919117756e+000 
1.248465489e+000 1.952323079e+000 
1.276996909e+000 1.957347334e+000 
1.304020087e+000 1.961302337e+000 
1.162515162e+000 1.932741901e+000 
1.155501298e+000 1.930632206e+000 
1.284702071e+000 1.958498968e+000 
1.175755188e+000 1.936288147e+000 
1.161256726e+000 1.932268848e+000 
1.143045824e+000 1.926788489e+000 
1.250574858e+000 1.952773490e+000 
1.220107883e+000 1.946624150e+000 
1.175800399e+000 1.936306549e+000 
1.276464717e+000 1.956974092e+000 
1.220515545e+000 1.946766241e+000 
1.223900620e+000 1.947451785e+000 
1.268772352e+000 1.955974599e+000 
1.207730000e+000 1.943787591e+000 
1.170911780e+000 1.935013219e+000 
1.251345223e+000 1.952832214e+000 
1.314670382e+000 1.962596445e+000 
1.270522072e+000 1.956168626e+000 
1.223100546e+000 1.947164726e+000 
1.251851043e+000 1.952962897e+000 
1.152428288e+000 1.929598031e+000 
1.273810840e+000 1.956585086e+000 
1.274757274e+000 1.956768633e+000 
1.257653863e+000 1.953940950e+000 
1.173583488e+000 1.935858997e+000 
1.226552740e+000 1.947792481e+000 
1.214437457e+000 1.945225881e+000 
1.164854172e+000 1.933267166e+000 
1.229950900e+000 1.948651242e+000 
1.209406712e+000 1.944230736e+000 
1.210372939e+000 1.944488114e+000 
1.212142378e+000 1.944949629e+000 
1.210770950e+000 1.944603691e+000 
1.209882603e+000 1.944419745e+000 
1.224978875e+000 1.947666605e+000 
1.237901690e+000 1.950160184e+000 
1.232471584e+000 1.949016768e+000 
1.228153270e+000 1.948289543e+000 
1.236527777e+000 1.949900274e+000 
1.236332834e+000 1.949774874e+000 
1.240450262e+000 1.950693597e+000 
1.200012619e+000 1.942077356e+000 
1.001380662e+000 1.000235036e+000 
1.000567887e+000 1.000127140e+000 
1.000334747e+000 1.000122698e+000 
1.000474805e+000 1.000124938e+000 
1.000356761e+000 1.000122905e+000 
1.000376740e+000 1.000122909e+000 
1.000429567e+000 1.000124900e+000 
1.000912322e+000 1.000130874e+000 
1.000865347e+000 1.000130835e+000 
1.001005404e+000 1.000133076e+000 
1.000772265e+000 1.000128634e+000 
1.000731559e+000 1.000128580e+000 
1.000826379e+000 1.000130801e+000 
1.001085845e+000 1.000133077e+000 
1.006794062e+000 1.002464545e+000 
1.005341552e+000 1.002312443e+000 
1.005200962e+000 1.002273852e+000 
1.005760483e+000 1.002349404e+000 
1.006028829e+000 1.002384173e+000 
1.005401454e+000 1.002329064e+000 
1.005924540e+000 1.002382051e+000 
1.006049576e+000 1.002386686e+000 
1.016004133e+000 1.011065828e+000 
1.020067724e+000 1.012222397e+000 
1.019682824e+000 1.012144240e+000 
1.029994354e+000 1.013710611e+000 
1.016156782e+000 1.011070210e+000 
1.018770887e+000 1.011938712e+000 
1.016542495e+000 1.011386934e+000 
1.023740705e+000 1.012853140e+000 
1.016381592e+000 1.011228662e+000 
1.029894875e+000 1.013695305e+000 
1.016674318e+000 1.011387464e+000 
1.023330132e+000 1.012807607e+000 
1.022272520e+000 1.012628291e+000 
1.021765151e+000 1.012502327e+000 
1.023132618e+000 1.012716430e+000 
1.022868679e+000 1.012711500e+000 
1.022049369e+000 1.012627141e+000 
1.019019288e+000 1.011944342e+000 
1.018318248e+000 1.011782570e+000 
1.031064153e+000 1.013833649e+000 
1.016803947e+000 1.011472186e+000 
1.018186425e+000 1.011782040e+000 
1.022286472e+000 1.012675933e+000 
1.026122404e+000 1.013202351e+000 
1.024718237e+000 1.012995702e+000 
1.024217195e+000 1.012941980e+000 
1.029204126e+000 1.013637598e+000 
1.026412294e+000 1.013251219e+000 
1.028363135e+000 1.013495877e+000 
1.025985484e+000 1.013198442e+000 
1.026718486e+000 1.013283096e+000 
1.025834312e+000 1.013190870e+000 
1.017587455e+000 1.011623238e+000 
1.001301910e+000 1.000228471e+000 
1.001465581e+000 1.000242502e+000 
1.001162781e+000 1.000214729e+000 
1.001381013e+000 1.000235654e+000 
1.001206322e+000 1.000221103e+000 
1.001662834e+000 1.000255049e+000 
1.001533553e+000 1.000242648e+000 
1.001553039e+000 1.000248621e+000 
1.001305960e+000 1.000228618e+000 
1.001568108e+000 1.000249245e+000 
1.001737750e+000 1.000255747e+000 
1.001659756e+000 1.000253787e+000 
1.001544437e+000 1.000248121e+000 
1.001293780e+000 1.000227199e+000 
1.001378348e+000 1.000234089e+000 
1.001459869e+000 1.000241251e+000 
1.001778153e+000 1.000260708e+000 
1.001715054e+000 1.000255589e+000 
1.002390198e+000 1.000353998e+000 
1.001811769e+000 1.000324785e+000 
1.001938390e+000 1.000331169e+000 
1.002272798e+000 1.000351949e+000 
1.002133210e+000 1.000345438e+000 
1.002102226e+000 1.000339581e+000 
1.002042134e+000 1.000338625e+000 
1.001821185e+000 1.000331058e+000 
1.002332890e+000 1.000352905e+000 
1.001945239e+000 1.000338537e+000 
1.002439253e+000 1.000354508e+000 
1.002447254e+000 1.000354810e+000 
1.002193302e+000 1.000346394e+000 
1.001988547e+000 1.000338614e+000 
1.002104106e+000 1.000345417e+000 
1.002048638e+000 1.000339570e+000 
1.001849683e+000 1.000331134e+000 
1.000208324e+000 1.000000007e+000 
9.999999998e-001 1.000000000e+000 
1.000108295e+000 1.000000006e+000 
1.000044334e+000 1.000000003e+000 
1.012865668e+000 1.006051729e+000 
1.008083747e+000 1.005409918e+000 
1.007558836e+000 1.005323047e+000 
1.007465667e+000 1.005317632e+000 
1.014716684e+000 1.006185875e+000 
1.006862118e+000 1.005216583e+000 
1.007038604e+000 1.005227771e+000 
1.012976088e+000 1.006052741e+000 
1.013663539e+000 1.006074448e+000 
1.015275860e+000 1.006235342e+000 
1.010059273e+000 1.005726605e+000 
1.008612267e+000 1.005492371e+000 
1.010170991e+000 1.005734361e+000 
1.014874301e+000 1.006210783e+000 
1.013852149e+000 1.006137128e+000 
1.012543869e+000 1.005980721e+000 
1.013491916e+000 1.006057237e+000 
1.007430846e+000 1.005316062e+000 
1.010045516e+000 1.005717456e+000 
1.009627302e+000 1.005649975e+000 
1.012093155e+000 1.005958388e+000 
1.014562455e+000 1.006159212e+000 
1.007014678e+000 1.005227345e+000 
1.007185118e+000 1.005299886e+000 
1.014426293e+000 1.006148839e+000 
1.408514905e+000 1.980033642e+000 
1.392076948e+000 1.977679217e+000 
1.392475123e+000 1.977979276e+000 
1.334004490e+000 1.966180078e+000 
1.394771245e+000 1.978233841e+000 
1.373438187e+000 1.974396234e+000 
1.370581697e+000 1.974123518e+000 
1.372923760e+000 1.974364762e+000 
1.348540693e+000 1.969184775e+000 
1.382566810e+000 1.975686705e+000 
1.375463347e+000 1.974708776e+000 
1.344508187e+000 1.968502636e+000 
1.381785311e+000 1.975623210e+000 
1.379467744e+000 1.975555784e+000 
1.379070585e+000 1.975337306e+000 
1.388169852e+000 1.976949499e+000 
1.400449450e+000 1.979261635e+000 
1.372809175e+000 1.974254652e+000 
1.414797227e+000 1.981207881e+000 
1.429163981e+000 1.983283736e+000 
1.397484219e+000 1.978963278e+000 
1.400325495e+000 1.979149134e+000 
1.407311923e+000 1.980024697e+000 
1.412752251e+000 1.980911280e+000 
1.411135373e+000 1.980691292e+000 
1.382999560e+000 1.975765418e+000 
1.352397592e+000 1.970472412e+000 
1.385033604e+000 1.976231377e+000 
1.353559373e+000 1.970695500e+000 
1.383881462e+000 1.976113594e+000 
1.351267823e+000 1.969955550e+000 
1.353270225e+000 1.970564392e+000 
1.396075860e+000 1.978606388e+000 
1.397458091e+000 1.978687769e+000 
1.376485941e+000 1.974974980e+000 
1.374561719e+000 1.974677532e+000 
1.432370150e+000 1.983780918e+000 
1.439597449e+000 1.984482612e+000 
1.358497232e+000 1.971499560e+000 
1.813362446e+000 2.000000000e+000 
1.358998708e+000 1.971704491e+000 
1.349433116e+000 1.969540987e+000 
1.390333754e+000 1.977386134e+000 
1.354170634e+000 1.970706470e+000 
1.358582124e+000 1.971672979e+000 
1.369804798e+000 1.973307488e+000 
1.387496367e+000 1.976538301e+000 
1.461117048e+000 1.986881927e+000 
1.460521992e+000 1.986851570e+000 
1.440540690e+000 1.984604248e+000 
1.349038730e+000 1.969283680e+000 
1.337288912e+000 1.966652672e+000 
1.405531876e+000 1.979869709e+000 
1.401641298e+000 1.979399549e+000 
1.347015168e+000 1.969061314e+000 
1.335351121e+000 1.966291930e+000 
1.338559445e+000 1.966794029e+000 
1.557137985e+000 1.994042335e+000 
1.436553539e+000 1.984046130e+000 
1.411411496e+000 1.980819092e+000 
1.742130039e+000 1.999452205e+000 
1.409077014e+000 1.980363270e+000 
1.414081360e+000 1.981071357e+000 
1.444574971e+000 1.985114295e+000 
1.416140852e+000 1.981413611e+000 
1.409628210e+000 1.980562105e+000 
1.416436440e+000 1.981455858e+000 
1.476144445e+000 1.988420801e+000 
1.404885647e+000 1.979747524e+000 
1.476455864e+000 1.988493302e+000 
1.446322784e+000 1.985381860e+000 
1.443388973e+000 1.984996218e+000 
1.415114241e+000 1.981369224e+000 
1.336678690e+000 1.966516665e+000 
1.513097291e+000 1.991389776e+000 
1.543286728e+000 1.993093129e+000 
1.385769006e+000 1.976333973e+000 
1.430696199e+000 1.983487222e+000 
1.447133935e+000 1.985586716e+000 
1.445214365e+000 1.985314671e+000 
1.433698374e+000 1.983953351e+000 
1.434211373e+000 1.983984069e+000 
1.437775019e+000 1.984368040e+000 
1.431857715e+000 1.983496923e+000 
1.456790256e+000 1.986568064e+000 
1.449980902e+000 1.985797459e+000 
1.452081983e+000 1.985940033e+000 
1.733688972e+000 1.999336536e+000 
1.454016518e+000 1.986127648e+000 
1.383414595e+000 1.975946577e+000 
1.811100642e+000 1.999954039e+000 
1.378054028e+000 1.975117487e+000 
1.742552615e+000 1.999564371e+000 
1.365625818e+000 1.972735176e+000 
1.427925739e+000 1.983148582e+000 
1.803432715e+000 1.999899522e+000 
1.369832803e+000 1.973445384e+000 
1.378547603e+000 1.975181182e+000 
1.546009059e+000 1.993344295e+000 
1.494619486e+000 1.990151141e+000 
1.340105515e+000 1.967593667e+000 
1.520100379e+000 1.991983830e+000 
1.517294340e+000 1.991888321e+000 
1.627931874e+000 1.997301894e+000 
1.482405292e+000 1.989269939e+000 
1.355257778e+000 1.970835139e+000 
1.626968278e+000 1.997238520e+000 
1.626992856e+000 1.997258524e+000 
1.545888574e+000 1.993322846e+000 
1.521058244e+000 1.991985277e+000 
1.335922009e+000 1.966424443e+000 
1.513505280e+000 1.991713605e+000 
1.516098266e+000 1.991720457e+000 
1.627117628e+000 1.997280143e+000 
1.613595977e+000 1.996910393e+000 
1.611064946e+000 1.996874569e+000 
1.623696110e+000 1.997237044e+000 
1.480431841e+000 1.989081471e+000 
1.507110428e+000 1.991289829e+000 
1.485054065e+000 1.989355147e+000 
1.529039887e+000 1.992566840e+000 
1.333059403e+000 1.965972365e+000 
1.621130349e+000 1.997208891e+000 
1.364866000e+000 1.972550486e+000 
1.366219504e+000 1.972953527e+000 
1.329565553e+000 1.965067221e+000 
1.531254453e+000 1.992636750e+000 
1.615354584e+000 1.997001225e+000 
1.546908801e+000 1.993500486e+000 
1.503584689e+000 1.990932724e+000 
1.330108988e+000 1.965303436e+000 
1.474739933e+000 1.988328923e+000 
1.471120886e+000 1.988221238e+000 
1.460833415e+000 1.986859424e+000 
1.504548750e+000 1.991109098e+000 
1.500604285e+000 1.990701868e+000 
1.504539325e+000 1.990992283e+000 
1.503104891e+000 1.990920741e+000 
1.501505883e+000 1.990912673e+000 
1.523910106e+000 1.992201648e+000 
1.560317379e+000 1.994505407e+000 
1.597484209e+000 1.996090850e+000 
1.528345735e+000 1.992410578e+000 
1.597617287e+000 1.996103823e+000 
1.557681603e+000 1.994354888e+000 
1.526631235e+000 1.992314495e+000 
1.476917691e+000 1.988942891e+000 
1.525822493e+000 1.992257924e+000 
1.550884478e+000 1.993980249e+000 
1.332056313e+000 1.965579786e+000 
1.601756586e+000 1.996510944e+000 
1.481249956e+000 1.989145380e+000 
1.498806587e+000 1.990570278e+000 
1.597957795e+000 1.996326149e+000 
1.468554248e+000 1.987883358e+000 
1.476518052e+000 1.988880282e+000 
1.468634611e+000 1.988031122e+000 
1.578635381e+000 1.995441300e+000 
1.486454478e+000 1.989528546e+000 
1.496965801e+000 1.990464449e+000 
1.601128078e+000 1.996369899e+000 
1.486739991e+000 1.989578901e+000 
1.455931701e+000 1.986326478e+000 
1.487244332e+000 1.989657317e+000 
1.564129993e+000 1.994867342e+000 
1.326229455e+000 1.964513728e+000 
1.561723210e+000 1.994624972e+000 
1.570721195e+000 1.995035865e+000 
1.568360399e+000 1.995034064e+000 
1.562132975e+000 1.994672510e+000 
1.567182696e+000 1.994928237e+000 
1.562834570e+000 1.994771824e+000 
1.559289538e+000 1.994432912e+000 
1.331884374e+000 1.965482389e+000 
1.567335006e+000 1.994949223e+000 
1.531059509e+000 1.992623921e+000 
1.328278611e+000 1.964728198e+000 
1.350415657e+000 1.969685783e+000 
1.634068406e+000 1.997325125e+000 
1.808916896e+000 1.999948169e+000 
1.390198010e+000 1.976978149e+000 
1.338614260e+000 1.967169371e+000 
1.338907604e+000 1.967243911e+000 
1.356003139e+000 1.971012938e+000 
1.356976895e+000 1.971157753e+000 
1.340947577e+000 1.967637401e+000 
1.346206971e+000 1.968708620e+000 
1.338988960e+000 1.967420226e+000 
1.484631795e+000 1.989336191e+000 
1.341642945e+000 1.967822260e+000 
1.368641668e+000 1.973232146e+000 
1.800587062e+000 1.999876155e+000 
1.361398833e+000 1.971902832e+000 
1.363781965e+000 1.972360728e+000 
1.363137260e+000 1.972356995e+000 
1.769253996e+000 1.999692761e+000 
1.544374144e+000 1.993263598e+000 
1.765551414e+000 1.999649102e+000 
1.418106175e+000 1.981749090e+000 
1.491252822e+000 1.989912525e+000 
1.420216043e+000 1.982026917e+000 
1.492296174e+000 1.989961138e+000 
1.423510155e+000 1.982401672e+000 
1.422324176e+000 1.982305286e+000 
1.424166298e+000 1.982488911e+000 
1.534705040e+000 1.992920515e+000 
1.420794833e+000 1.982064717e+000 
1.798899881e+000 1.999874617e+000 
1.796979802e+000 1.999849550e+000 
1.383279905e+000 1.975840135e+000 
1.586846575e+000 1.995678923e+000 
1.466725783e+000 1.987488175e+000 
1.794533715e+000 1.999842544e+000 
1.463459398e+000 1.987117559e+000 
1.463562902e+000 1.987250178e+000 
1.464159672e+000 1.987299751e+000 
1.695649613e+000 1.998679390e+000 
1.548869662e+000 1.993656563e+000 
1.689798201e+000 1.998608672e+000 
1.791848177e+000 1.999784236e+000 
1.788582591e+000 1.999781246e+000 
1.733961990e+000 1.999338805e+000 
1.668251413e+000 1.998301195e+000 
1.666733268e+000 1.998152434e+000 
1.783747735e+000 1.999748695e+000 
1.582266814e+000 1.995541592e+000 
1.692644501e+000 1.998640095e+000 
1.663767425e+000 1.998078951e+000 
1.657028871e+000 1.998031934e+000 
1.617570552e+000 1.997085316e+000 
1.781715911e+000 1.999728386e+000 
1.781305313e+000 1.999714976e+000 
1.736920486e+000 1.999369929e+000 
1.779231767e+000 1.999710914e+000 
1.756122579e+000 1.999642169e+000 
1.752652557e+000 1.999640291e+000 
1.751087153e+000 1.999574720e+000 
1.679729222e+000 1.998488742e+000 
1.594366209e+000 1.996070559e+000 
1.742349444e+000 1.999456087e+000 
1.672845843e+000 1.998318554e+000 
1.679480574e+000 1.998381745e+000 
1.587488591e+000 1.995832609e+000 
1.592604965e+000 1.996035379e+000 
1.589336331e+000 1.995912000e+000 
1.696818840e+000 1.998702514e+000 
1.698117708e+000 1.998711774e+000 
1.727241267e+000 1.999268729e+000 
1.723099548e+000 1.999264146e+000 
1.675964605e+000 1.998379382e+000 
1.710571914e+000 1.999060084e+000 
1.709178394e+000 1.999056401e+000 
1.704717329e+000 1.998925827e+000 
1.714473629e+000 1.999145984e+000 
1.710719847e+000 1.999096064e+000 
1.717328585e+000 1.999232383e+000 
1.636920757e+000 1.997465946e+000 
1.653601194e+000 1.997915826e+000 
1.641279869e+000 1.997582048e+000 
1.639596254e+000 1.997504266e+000 
1.640272515e+000 1.997581771e+000 
1.650636740e+000 1.997711514e+000 
1.663679500e+000 1.998078834e+000 
1.663080917e+000 1.998067068e+000 
1.685507854e+000 1.998546307e+000 
1.648309329e+000 1.997696487e+000 

