1.000545468e+000 1.574135046e+000 
1.000881070e+000 1.575493607e+000 
1.000000000e+000 1.174467318e+000 
1.000335603e+000 1.174722208e+000 
1.000204031e+000 1.174722101e+000 
1.001683274e+000 1.589592458e+000 
1.001025950e+000 1.588764054e+000 
1.002117071e+000 1.590509251e+000 
1.023434548e+000 1.913461024e+000 
1.048419893e+000 1.938404566e+000 
1.059895347e+000 1.946904248e+000 
1.063962879e+000 1.950025904e+000 
1.064066562e+000 1.950279671e+000 
1.075464146e+000 1.957279067e+000 
1.032536878e+000 1.923022928e+000 
1.093145174e+000 1.965565154e+000 
1.008509394e+000 1.889967851e+000 
1.029314335e+000 1.919935011e+000 
1.063890974e+000 1.949740222e+000 
1.016366200e+000 1.904012319e+000 
1.056398527e+000 1.944908770e+000 
1.075360464e+000 1.957025300e+000 
1.077243075e+000 1.958434418e+000 
1.003521471e+000 1.878418892e+000 
1.029941057e+000 1.920232825e+000 
1.036612063e+000 1.927092926e+000 
1.063415217e+000 1.949237191e+000 
1.068963100e+000 1.953012651e+000 
1.027072537e+000 1.916555236e+000 
1.038838348e+000 1.929423051e+000 
1.090756917e+000 1.964885141e+000 
1.058094082e+000 1.945706634e+000 
1.058538174e+000 1.946097173e+000 
1.084873944e+000 1.962275716e+000 
1.073070847e+000 1.956164697e+000 
1.080145281e+000 1.960095396e+000 
1.044171834e+000 1.933801735e+000 
1.044184041e+000 1.934438942e+000 
1.092904013e+000 1.965547679e+000 
1.075145467e+000 1.956753061e+000 
1.051324948e+000 1.940724265e+000 
1.054366959e+000 1.942727614e+000 
1.055496163e+000 1.944015782e+000 
1.066494222e+000 1.951416669e+000 
1.074247039e+000 1.956490026e+000 
1.013307901e+000 1.898921542e+000 
1.067036668e+000 1.952203914e+000 
1.049423892e+000 1.939482884e+000 
1.051039878e+000 1.939748164e+000 
1.056384018e+000 1.944088813e+000 
1.011072438e+000 1.894873567e+000 
1.059447416e+000 1.946534106e+000 
1.011860814e+000 1.896856048e+000 
1.053413912e+000 1.942172451e+000 
1.043479046e+000 1.933474512e+000 
1.002340285e+000 1.873215656e+000 
1.060033862e+000 1.947143991e+000 
1.043738877e+000 1.933494991e+000 
1.049082552e+000 1.939023112e+000 
1.046097936e+000 1.936286794e+000 
1.087399523e+000 1.963611610e+000 
1.076258787e+000 1.957302428e+000 
1.003988919e+000 1.878696799e+000 
1.097944334e+000 1.968118354e+000 
1.003182275e+000 1.876425429e+000 
1.089792822e+000 1.964725980e+000 
1.086700571e+000 1.962858176e+000 
1.072514880e+000 1.955505019e+000 
1.095551034e+000 1.967003984e+000 
1.088575715e+000 1.963936939e+000 
1.089093871e+000 1.963972546e+000 
1.082824971e+000 1.961451885e+000 
1.095297312e+000 1.966662048e+000 
1.004378717e+000 1.880160339e+000 
1.080942359e+000 1.960580171e+000 
1.069544775e+000 1.953580776e+000 
1.076755147e+000 1.957848653e+000 
1.057650235e+000 1.945582970e+000 
1.019012212e+000 1.907277171e+000 
1.079725252e+000 1.959791131e+000 
1.078549060e+000 1.959465802e+000 
1.022168940e+000 1.911296997e+000 
1.008046538e+000 1.889191137e+000 
1.006362953e+000 1.885155562e+000 
1.006988590e+000 1.886149711e+000 
1.013361385e+000 1.899183692e+000 
1.003128661e+000 1.875198137e+000 
1.028729990e+000 1.919010417e+000 
1.005167093e+000 1.882142820e+000 
1.069031822e+000 1.953226270e+000 
1.035625251e+000 1.926664409e+000 
1.002503024e+000 1.874203988e+000 
1.033266192e+000 1.923796034e+000 
1.004541455e+000 1.881148671e+000 
1.003345014e+000 1.877413761e+000 
1.002824745e+000 1.874458496e+000 
1.072001927e+000 1.955168749e+000 
1.037062968e+000 1.927835041e+000 
1.021111552e+000 1.909923937e+000 
1.066717988e+000 1.951691374e+000 
1.060445111e+000 1.947310426e+000 
1.039567663e+000 1.930196158e+000 
1.028433953e+000 1.919005059e+000 
1.036963695e+000 1.927126387e+000 
1.063870424e+000 1.949671147e+000 
1.042885722e+000 1.933315246e+000 
1.020607341e+000 1.909726485e+000 
1.033072064e+000 1.923268398e+000 
1.027192278e+000 1.916842199e+000 
1.054417911e+000 1.943250770e+000 
1.035615806e+000 1.926335135e+000 
1.026657091e+000 1.916548940e+000 
1.033840425e+000 1.924747124e+000 
1.005770890e+000 1.883733206e+000 
1.046905552e+000 1.936640486e+000 
1.005608152e+000 1.882744875e+000 
1.007349122e+000 1.887728501e+000 
1.048251249e+000 1.938012559e+000 
1.070817076e+000 1.954230306e+000 
1.067855629e+000 1.952608870e+000 
1.031876038e+000 1.922290838e+000 
1.031656496e+000 1.922092976e+000 
1.030326284e+000 1.920315639e+000 
1.040746502e+000 1.931480056e+000 
1.032385810e+000 1.922866082e+000 
1.050334259e+000 1.939695938e+000 
1.055328278e+000 1.943463824e+000 
1.006997394e+000 1.886479785e+000 
1.061749545e+000 1.948672711e+000 
1.039322754e+000 1.929925506e+000 
1.058779439e+000 1.946446182e+000 
1.039985573e+000 1.930484893e+000 
1.041926721e+000 1.932995277e+000 
1.064791555e+000 1.950882636e+000 
1.008830628e+000 1.890627728e+000 
1.037792283e+000 1.928608147e+000 
1.070825735e+000 1.954843419e+000 
1.038210193e+000 1.928896882e+000 
1.010652126e+000 1.894622652e+000 
1.038971122e+000 1.929892046e+000 
1.052286268e+000 1.941460475e+000 
1.040151341e+000 1.931407266e+000 
1.047292249e+000 1.937692590e+000 
1.028865083e+000 1.919308258e+000 
1.029699562e+000 1.920017825e+000 
1.032330407e+000 1.922422895e+000 
1.046651656e+000 1.936303207e+000 
1.012773112e+000 1.898566452e+000 
1.044307633e+000 1.934956272e+000 
1.034744869e+000 1.925734457e+000 
1.053807486e+000 1.942331043e+000 
1.036010477e+000 1.926747224e+000 
1.008666751e+000 1.890052465e+000 
1.072874709e+000 1.955556173e+000 
1.020778787e+000 1.909839589e+000 
1.031146724e+000 1.921517732e+000 
1.034235097e+000 1.925159213e+000 
1.019522928e+000 1.907758938e+000 
1.027924181e+000 1.918429815e+000 
1.063798519e+000 1.949385465e+000 
1.051463463e+000 1.940984107e+000 
1.009627454e+000 1.891678255e+000 
1.057103393e+000 1.945187170e+000 
1.054061382e+000 1.942674959e+000 
1.011179867e+000 1.895133952e+000 
1.040906646e+000 1.931763705e+000 
1.044170881e+000 1.933666985e+000 
1.013485468e+000 1.899283338e+000 
1.043127414e+000 1.933441051e+000 
1.010146745e+000 1.893121138e+000 
1.019193408e+000 1.907746858e+000 
1.025595513e+000 1.915197090e+000 
1.010304103e+000 1.893186433e+000 
1.010622866e+000 1.893573838e+000 
1.011968243e+000 1.897116433e+000 
1.010515776e+000 1.893362850e+000 
1.024807802e+000 1.913939352e+000 
1.015921171e+000 1.902848161e+000 
1.019545763e+000 1.908374634e+000 
1.016839040e+000 1.904870797e+000 
1.025056858e+000 1.914535069e+000 
1.023180889e+000 1.912876674e+000 
1.022372971e+000 1.912109173e+000 
1.024948122e+000 1.914185017e+000 
1.030476276e+000 1.920625543e+000 
1.025776710e+000 1.915666776e+000 
1.019726959e+000 1.908844321e+000 
1.022554167e+000 1.912578860e+000 
1.015969104e+000 1.903154167e+000 
1.016254695e+000 1.903614918e+000 
1.012893936e+000 1.898868491e+000 
1.009041163e+000 1.891463040e+000 
1.014394669e+000 1.901567858e+000 
1.015598087e+000 1.902506405e+000 
1.007219665e+000 1.887468116e+000 
1.006414796e+000 1.885287398e+000 
1.018030075e+000 1.906509876e+000 
1.012643809e+000 1.897915121e+000 
1.018614421e+000 1.907197500e+000 
1.011460607e+000 1.896022689e+000 
1.015052716e+000 1.902450392e+000 
1.013682312e+000 1.900850972e+000 
1.037029973e+000 1.927381662e+000 
1.017043071e+000 1.905682974e+000 
1.007845302e+000 1.888462265e+000 
1.022179755e+000 1.911468643e+000 
1.006984785e+000 1.885969387e+000 
1.021819473e+000 1.910939555e+000 
1.005895505e+000 1.884594534e+000 
1.021192751e+000 1.910641741e+000 
1.027253734e+000 1.917537626e+000 
1.015717141e+000 1.902792086e+000 
1.025349043e+000 1.914808625e+000 
1.009666800e+000 1.892457190e+000 
1.024426526e+000 1.913803087e+000 
1.027880456e+000 1.917835440e+000 
1.033564649e+000 1.924267025e+000 
1.015004784e+000 1.902075200e+000 
1.018365543e+000 1.906907202e+000 
1.000341226e+000 1.259781331e+000 
1.000393068e+000 1.259950298e+000 
1.242978244e+000 1.998502755e+000 
1.181231124e+000 1.992553100e+000 
1.155384951e+000 1.987064448e+000 
1.281308872e+000 1.999241638e+000 
1.324056466e+000 1.999718149e+000 
1.233931323e+000 1.998105886e+000 
1.237604106e+000 1.998480191e+000 
1.223963567e+000 1.997801043e+000 
1.166626672e+000 1.989712037e+000 
1.286042516e+000 1.999255309e+000 
1.113588823e+000 1.974963142e+000 
1.179474688e+000 1.991945590e+000 
1.137829859e+000 1.983649369e+000 
1.231586190e+000 1.998089968e+000 
1.109889423e+000 1.973390881e+000 
1.140074971e+000 1.984076027e+000 
1.276106238e+000 1.999226873e+000 
1.207065757e+000 1.996514387e+000 
1.198565166e+000 1.995228728e+000 
1.242018542e+000 1.998496108e+000 
1.103360542e+000 1.970559431e+000 
1.159069762e+000 1.988643715e+000 
1.255813063e+000 1.998967876e+000 
1.121899243e+000 1.977769716e+000 
1.148782459e+000 1.986413924e+000 
1.158560642e+000 1.988476023e+000 
1.116492494e+000 1.975991230e+000 
1.253467930e+000 1.998951958e+000 
1.098264653e+000 1.968206765e+000 
1.126595278e+000 1.979650731e+000 
1.136326901e+000 1.982421460e+000 
1.102108796e+000 1.970178127e+000 
1.106151772e+000 1.972460776e+000 
1.128607442e+000 1.979707636e+000 
1.093325655e+000 1.965640962e+000 
1.118287644e+000 1.977149024e+000 
1.273761105e+000 1.999210955e+000 
1.154534100e+000 1.986911264e+000 
1.183660977e+000 1.992666599e+000 
1.342769576e+000 1.999826087e+000 
1.202512504e+000 1.996246232e+000 
1.252003266e+000 1.998820732e+000 
1.193338532e+000 1.994162896e+000 
1.215379835e+000 1.996924443e+000 
1.200724314e+000 1.995480965e+000 
1.160503422e+000 1.988911869e+000 
1.104075296e+000 1.971334325e+000 
1.143852972e+000 1.984770007e+000 
1.152103945e+000 1.986724482e+000 
1.217945650e+000 1.997410820e+000 
1.249795146e+000 1.998577653e+000 
1.196220033e+000 1.995212810e+000 
1.215600517e+000 1.997394903e+000 
1.135545337e+000 1.982305383e+000 
1.122025294e+000 1.978079129e+000 
1.164196517e+000 1.989525255e+000 
1.456974337e+000 1.999964938e+000 
1.213034702e+000 1.996908525e+000 
1.301602046e+000 1.999496129e+000 
1.191078513e+000 1.994142425e+000 
1.210826582e+000 1.996656288e+000 
1.146127075e+000 1.985229070e+000 
1.325156506e+000 1.999749479e+000 
1.202016673e+000 1.995868333e+000 
1.247450013e+000 1.998561735e+000 
1.206201043e+000 1.996278427e+000 
1.101055883e+000 1.970118676e+000 
1.461799142e+000 2.000000000e+000 
1.149674092e+000 1.986610983e+000 
1.099276955e+000 1.968971304e+000 
1.102647537e+000 1.970344223e+000 
1.105666950e+000 1.971559872e+000 
1.340998479e+000 1.999800662e+000 
1.222224902e+000 1.997739218e+000 
1.252565764e+000 1.998906050e+000 
1.100569877e+000 1.969384485e+000 
1.092092844e+000 1.965289264e+000 
1.211074495e+000 1.996694755e+000 
1.157079675e+000 1.987993626e+000 
1.208481449e+000 1.996640370e+000 
1.204857637e+000 1.996262150e+000 
1.375514878e+000 1.999884016e+000 
1.168332469e+000 1.990287978e+000 
1.160811433e+000 1.989062379e+000 
1.298776725e+000 1.999480211e+000 
1.147428980e+000 1.986184325e+000 
1.152104247e+000 1.986797765e+000 
1.206151803e+000 1.996265331e+000 
1.113191755e+000 1.974806924e+000 
1.087340159e+000 1.963421024e+000 
1.137819440e+000 1.983183846e+000 
1.170322557e+000 1.990938067e+000 
1.163241588e+000 1.989249161e+000 
1.184654870e+000 1.993471343e+000 
1.133743109e+000 1.981846072e+000 
1.084548929e+000 1.961612546e+000 
1.094337956e+000 1.966302069e+000 
1.194316911e+000 1.994443536e+000 
1.175978858e+000 1.991943891e+000 
1.165691555e+000 1.989710338e+000 
1.417492901e+000 1.999953935e+000 
1.093534425e+000 1.966159588e+000 
1.082719582e+000 1.960684444e+000 
1.130315371e+000 1.981163750e+000 
1.132868495e+000 1.981737802e+000 
1.134234981e+000 1.981931189e+000 
1.132215036e+000 1.981532517e+000 
1.339379488e+000 1.999775421e+000 
1.417011808e+000 1.999931379e+000 
1.125631176e+000 1.979302791e+000 
1.126736888e+000 1.979687754e+000 
1.128767551e+000 1.980150660e+000 
1.188347966e+000 1.994049397e+000 
1.325966096e+000 1.999765397e+000 
1.325141064e+000 1.999748504e+000 
1.308575642e+000 1.999498735e+000 
1.194126086e+000 1.994221777e+000 
1.124034955e+000 1.978833266e+000 
1.107717496e+000 1.972637791e+000 
1.173528891e+000 1.991482714e+000 
1.309690214e+000 1.999510906e+000 
1.128982001e+000 1.980584047e+000 
1.102621606e+000 1.970295083e+000 
1.172352947e+000 1.991342706e+000 
1.096427340e+000 1.967560711e+000 
1.086488939e+000 1.962345740e+000 
1.084258501e+000 1.961530062e+000 
1.051282209e+000 1.939814848e+000 
1.091878022e+000 1.965061342e+000 
1.096988380e+000 1.967575902e+000 
1.122495547e+000 1.978377201e+000 
1.103768342e+000 1.970800397e+000 
1.109962608e+000 1.973534769e+000 
1.115097334e+000 1.975379584e+000 
1.111119813e+000 1.974022839e+000 
1.117724170e+000 1.976091712e+000 
1.113379089e+000 1.974903676e+000 
1.116127948e+000 1.975622187e+000 
1.098657983e+000 1.968285836e+000 
1.086614143e+000 1.962377100e+000 
1.143545602e+000 1.984426292e+000 
1.184616208e+000 1.993015976e+000 
1.298551236e+000 1.999276243e+000 
1.183949715e+000 1.992681273e+000 
1.184124335e+000 1.992948523e+000 
1.168105986e+000 1.990026401e+000 
1.183991514e+000 1.992946824e+000 
1.114702586e+000 1.975267228e+000 
1.180606430e+000 1.992483882e+000 
1.190816471e+000 1.994078479e+000 
1.180739251e+000 1.992485647e+000 
1.116018278e+000 1.975492678e+000 
1.124005696e+000 1.978458527e+000 
1.266393223e+000 1.999180965e+000 
1.155489331e+000 1.987261258e+000 
1.145819938e+000 1.985128284e+000 
1.154689447e+000 1.987041360e+000 
1.137245271e+000 1.982793671e+000 
1.112943633e+000 1.974103714e+000 
1.156907125e+000 1.987546555e+000 
1.146619822e+000 1.985313001e+000 
1.156438655e+000 1.987265916e+000 
1.313960178e+000 1.999519396e+000 
1.168883794e+000 1.990792663e+000 

