1.003420365e+000 1.001068221e+000 
1.003218727e+000 1.001049779e+000 
1.003116872e+000 1.001046591e+000 
1.002718044e+000 1.001009086e+000 
1.002879196e+000 1.001026655e+000 
1.005626407e+000 1.001183330e+000 
1.003115004e+000 1.001046527e+000 
1.003762152e+000 1.001089378e+000 
1.003012944e+000 1.001031515e+000 
1.002796046e+000 1.001013133e+000 
1.003675274e+000 1.001087567e+000 
1.004410743e+000 1.001126873e+000 
1.004480045e+000 1.001128443e+000 
1.002805910e+000 1.001015494e+000 
1.004548364e+000 1.001129128e+000 
1.004044574e+000 1.001108267e+000 
1.004368462e+000 1.001126677e+000 
1.004590645e+000 1.001129443e+000 
1.005596703e+000 1.001183028e+000 
1.005263345e+000 1.001165815e+000 
1.005365326e+000 1.001166263e+000 
1.002724492e+000 1.001009192e+000 
1.003873735e+000 1.001091256e+000 
1.004871138e+000 1.001146761e+000 
1.003953400e+000 1.001104679e+000 
1.004156157e+000 1.001110191e+000 
1.004043759e+000 1.001107433e+000 
1.003831454e+000 1.001091066e+000 
1.003510724e+000 1.001071083e+000 
1.003056434e+000 1.001033203e+000 
1.008806946e+000 1.007175216e+000 
1.012114972e+000 1.007959638e+000 
1.007876254e+000 1.006961719e+000 
1.012378525e+000 1.008028084e+000 
1.007579022e+000 1.006788984e+000 
1.011604908e+000 1.007858792e+000 
1.013551976e+000 1.008212835e+000 
1.009548695e+000 1.007369804e+000 
1.009132998e+000 1.007259424e+000 
1.008146350e+000 1.006986723e+000 
1.013445410e+000 1.008208916e+000 
1.010298893e+000 1.007556882e+000 
1.012441271e+000 1.008032068e+000 
1.012573786e+000 1.008033484e+000 
1.012951334e+000 1.008132914e+000 
1.013342068e+000 1.008200170e+000 
1.013256108e+000 1.008179925e+000 
1.010762440e+000 1.007659164e+000 
1.009745841e+000 1.007434857e+000 
1.012053947e+000 1.007946855e+000 
1.007663941e+000 1.006806236e+000 
1.011004538e+000 1.007726678e+000 
1.009641098e+000 1.007379371e+000 
1.009341347e+000 1.007296470e+000 
1.007834715e+000 1.006894505e+000 
1.012746044e+000 1.008079079e+000 
1.008182779e+000 1.006998273e+000 
1.008833248e+000 1.007176524e+000 
1.008112050e+000 1.006986221e+000 
1.007687747e+000 1.006843929e+000 
1.012353519e+000 1.007995088e+000 
1.008460114e+000 1.007089990e+000 
1.014082641e+000 1.011557255e+000 
1.013680834e+000 1.011285483e+000 
1.013640626e+000 1.011075378e+000 
1.013843484e+000 1.011286282e+000 
1.013610509e+000 1.010878270e+000 
1.038233509e+000 1.075531054e+000 
1.040335994e+000 1.077457465e+000 
1.036283308e+000 1.073477494e+000 
1.047853023e+000 1.083628714e+000 
1.046768501e+000 1.082811410e+000 
1.042702074e+000 1.079748986e+000 
1.043601144e+000 1.080403146e+000 
1.049993754e+000 1.085193601e+000 
1.049143329e+000 1.084510501e+000 
1.036397504e+000 1.073613908e+000 
1.039499380e+000 1.077016326e+000 
1.043065366e+000 1.080094445e+000 
1.051716350e+000 1.086505176e+000 
1.052066219e+000 1.086638194e+000 
1.037054470e+000 1.074316815e+000 
1.040622474e+000 1.078066738e+000 
1.045483600e+000 1.081853218e+000 
1.038947267e+000 1.076549013e+000 
1.046552572e+000 1.082620811e+000 
1.040336765e+000 1.077723874e+000 
1.045090485e+000 1.081519363e+000 
1.045380323e+000 1.081697958e+000 
1.051643261e+000 1.086421237e+000 
1.048689214e+000 1.084014263e+000 
1.041926156e+000 1.079033217e+000 
1.042117498e+000 1.079165351e+000 
1.019700503e+000 1.022260498e+000 
1.020583371e+000 1.022712179e+000 
1.017146662e+000 1.021086537e+000 
1.018986187e+000 1.021913616e+000 
1.021174043e+000 1.023087082e+000 
1.017229433e+000 1.021108573e+000 
1.018772580e+000 1.021870239e+000 
1.016955015e+000 1.020894165e+000 
1.016862930e+000 1.020682169e+000 
1.018095654e+000 1.021505113e+000 
1.018896722e+000 1.021873396e+000 
1.016807196e+000 1.020497076e+000 
1.019490817e+000 1.022154360e+000 
1.017644927e+000 1.021313439e+000 
1.020393113e+000 1.022694185e+000 
1.023231913e+000 1.023805327e+000 
1.018342802e+000 1.021684920e+000 
1.018732796e+000 1.021740446e+000 
1.018985423e+000 1.021899822e+000 
1.019743444e+000 1.022320129e+000 
1.021945145e+000 1.023330154e+000 
1.021693872e+000 1.023151422e+000 
1.019259665e+000 1.022074538e+000 
1.022615962e+000 1.023586647e+000 
1.019355845e+000 1.022096109e+000 
1.021917413e+000 1.023304184e+000 
1.021560783e+000 1.023122094e+000 
1.020005515e+000 1.022477955e+000 
1.020731968e+000 1.022725058e+000 
1.051590056e+000 1.085526854e+000 
1.002231258e+000 1.000183400e+000 
1.002603484e+000 1.000203980e+000 
1.002480332e+000 1.000198550e+000 
1.002044863e+000 1.000172761e+000 
1.002492619e+000 1.000199472e+000 
1.002242928e+000 1.000188534e+000 
1.002339427e+000 1.000189522e+000 
1.002295911e+000 1.000188675e+000 
1.002199704e+000 1.000183094e+000 
1.002688687e+000 1.000203987e+000 
1.002369468e+000 1.000194036e+000 
1.002124340e+000 1.000177861e+000 
1.002151381e+000 1.000178014e+000 
1.002197075e+000 1.000182658e+000 
1.002102570e+000 1.000172795e+000 
1.006389316e+000 1.002041634e+000 
1.006225663e+000 1.001963839e+000 
1.007289089e+000 1.002219897e+000 
1.006106458e+000 1.001904714e+000 
1.006266273e+000 1.002005414e+000 
1.006681503e+000 1.002092187e+000 
1.006147068e+000 1.001946808e+000 
1.006583617e+000 1.002060830e+000 
1.006259081e+000 1.001978313e+000 
1.006873092e+000 1.002133517e+000 
1.006445837e+000 1.002045972e+000 
1.006635406e+000 1.002091463e+000 
1.086444123e+000 1.717190333e+000 
1.094132928e+000 1.728325006e+000 
1.100932255e+000 1.736896867e+000 
1.105745638e+000 1.743197896e+000 
1.131948392e+000 1.771895380e+000 
1.142768851e+000 1.781877486e+000 
1.099609379e+000 1.735105355e+000 
1.180778168e+000 1.812328904e+000 
1.172997950e+000 1.806889896e+000 
1.081849522e+000 1.706526119e+000 
1.124497269e+000 1.765304283e+000 
1.155036775e+000 1.791832638e+000 
1.099472058e+000 1.735037990e+000 
1.207853307e+000 1.828825943e+000 
1.136197368e+000 1.776320117e+000 
1.120505585e+000 1.760952517e+000 
1.164407508e+000 1.799985522e+000 
1.096584224e+000 1.731522318e+000 
1.097291712e+000 1.732417013e+000 
1.100375131e+000 1.735988391e+000 
1.128132809e+000 1.768889460e+000 
1.179146469e+000 1.810965579e+000 
1.093904418e+000 1.727868875e+000 
1.215443441e+000 1.834222937e+000 
1.224810441e+000 1.838583826e+000 
1.083546381e+000 1.711597749e+000 
1.134961626e+000 1.775589409e+000 
1.110036437e+000 1.748366391e+000 
1.088360277e+000 1.719368318e+000 
1.089904644e+000 1.722694832e+000 
1.181686115e+000 1.813417756e+000 
1.286503159e+000 1.866036550e+000 
1.091719368e+000 1.725213656e+000 
1.200855616e+000 1.826011148e+000 
1.129196942e+000 1.770059129e+000 
1.101726830e+000 1.737831408e+000 
1.104930798e+000 1.742220978e+000 
1.109237488e+000 1.747402481e+000 
1.119731809e+000 1.759855331e+000 
1.203167602e+000 1.827786730e+000 
1.092607046e+000 1.726190499e+000 
1.111493101e+000 1.750647889e+000 
1.110947978e+000 1.749472840e+000 
1.105435223e+000 1.742758550e+000 
1.180342122e+000 1.811979068e+000 
1.204672192e+000 1.828110621e+000 
1.085836234e+000 1.716108982e+000 
1.095412375e+000 1.730122290e+000 
1.106202556e+000 1.743807410e+000 
1.310941348e+000 1.876605747e+000 
1.087789339e+000 1.718853381e+000 
1.110969457e+000 1.749597275e+000 
1.196513068e+000 1.822902321e+000 
1.085375586e+000 1.715316080e+000 
1.097439980e+000 1.732572253e+000 
1.109943743e+000 1.748184195e+000 
1.116211264e+000 1.756057499e+000 
1.137902050e+000 1.778255029e+000 
1.083370045e+000 1.711254734e+000 
1.096445388e+000 1.731253460e+000 
1.130116356e+000 1.771144846e+000 
1.109196770e+000 1.747253376e+000 
1.139062633e+000 1.779168847e+000 
1.115597461e+000 1.755599576e+000 
1.123833140e+000 1.764799364e+000 
1.135632648e+000 1.776178441e+000 
1.137263903e+000 1.777271236e+000 
1.084878623e+000 1.714403439e+000 
1.134227476e+000 1.774770535e+000 
1.140903749e+000 1.781034094e+000 
1.164991253e+000 1.800608333e+000 
1.113957259e+000 1.753715289e+000 
1.167974051e+000 1.802983254e+000 
1.198393441e+000 1.824075627e+000 
1.307957654e+000 1.874404562e+000 
1.104334213e+000 1.741202675e+000 
1.169387544e+000 1.804197826e+000 
1.173974037e+000 1.807629371e+000 
1.111001910e+000 1.750013504e+000 
1.082192879e+000 1.707479511e+000 
1.166819779e+000 1.801849289e+000 
1.119062880e+000 1.759394958e+000 
1.129615581e+000 1.770715445e+000 
1.136477659e+000 1.776687133e+000 
1.161472560e+000 1.798361318e+000 
1.360681963e+000 1.891008115e+000 
1.137575888e+000 1.777851802e+000 
1.086707744e+000 1.717408433e+000 
1.136698452e+000 1.777018145e+000 
1.125217143e+000 1.766175488e+000 
1.219885005e+000 1.836716025e+000 
1.217449028e+000 1.835360380e+000 
1.243643882e+000 1.848889497e+000 
1.083867007e+000 1.712182884e+000 
1.121049489e+000 1.761532154e+000 
1.141392844e+000 1.781528975e+000 
1.168921124e+000 1.803397189e+000 
1.083049419e+000 1.710682444e+000 
1.131198352e+000 1.771894041e+000 
1.252437863e+000 1.851399287e+000 
1.317026143e+000 1.879236906e+000 
1.319853315e+000 1.881227065e+000 
1.146406826e+000 1.785410095e+000 
1.216873797e+000 1.835071339e+000 
1.085898033e+000 1.716117521e+000 
1.121722287e+000 1.762081301e+000 
1.125033351e+000 1.765691241e+000 
1.104460573e+000 1.741406524e+000 
1.132216808e+000 1.772855563e+000 
1.220280744e+000 1.836894450e+000 
1.110812464e+000 1.749325306e+000 
1.191872906e+000 1.819783441e+000 
1.190618287e+000 1.818013835e+000 
1.147844939e+000 1.786543715e+000 
1.191145321e+000 1.818940344e+000 
1.236061863e+000 1.844190008e+000 
1.149285496e+000 1.788010587e+000 
1.137232539e+000 1.777266622e+000 
1.158737204e+000 1.796080300e+000 
1.272719169e+000 1.860179351e+000 
1.254337715e+000 1.852556752e+000 
1.223369066e+000 1.838099270e+000 
1.275375744e+000 1.862454897e+000 
1.251002195e+000 1.850362588e+000 
1.273211678e+000 1.860815365e+000 
1.274882156e+000 1.862045888e+000 
1.152264712e+000 1.790974738e+000 
1.273807321e+000 1.860967515e+000 
1.308812115e+000 1.875134850e+000 
1.242338010e+000 1.847450900e+000 
1.227988930e+000 1.840843197e+000 
1.207979581e+000 1.829974770e+000 
1.146453617e+000 1.785685969e+000 
1.240508506e+000 1.846654610e+000 
1.251679141e+000 1.850744697e+000 
1.277889024e+000 1.862794511e+000 
1.210015127e+000 1.831513486e+000 
1.218757378e+000 1.835903075e+000 
1.142811079e+000 1.781986569e+000 
1.228898301e+000 1.841422078e+000 
1.277708418e+000 1.862493909e+000 
1.333753661e+000 1.886543367e+000 
1.193204075e+000 1.820402978e+000 
1.214920527e+000 1.834009249e+000 
1.231571815e+000 1.842420041e+000 
1.394849397e+000 1.902641169e+000 
1.361440166e+000 1.893174492e+000 
1.358612672e+000 1.890811440e+000 
1.242297773e+000 1.847102836e+000 
1.318763911e+000 1.880529354e+000 
1.317861013e+000 1.880391125e+000 
1.236672109e+000 1.844459858e+000 
1.318370177e+000 1.880485934e+000 
1.155485139e+000 1.793378894e+000 
1.194552344e+000 1.821653335e+000 
1.208700563e+000 1.830441264e+000 
1.199779001e+000 1.824905934e+000 
1.176845390e+000 1.809643067e+000 
1.175820942e+000 1.809236366e+000 
1.222594510e+000 1.838070925e+000 
1.151982821e+000 1.790679616e+000 
1.336654206e+000 1.886670086e+000 
1.160896295e+000 1.798017804e+000 
1.195571846e+000 1.822103230e+000 
1.325373184e+000 1.883188498e+000 
1.156859774e+000 1.794671051e+000 
1.297452173e+000 1.871158867e+000 
1.150555756e+000 1.789587287e+000 
1.185795420e+000 1.815240075e+000 
1.146972430e+000 1.785767167e+000 
1.222234962e+000 1.837510344e+000 
1.221026145e+000 1.836988895e+000 
1.173602319e+000 1.807229643e+000 
1.213923657e+000 1.833376015e+000 
1.160422987e+000 1.797595360e+000 
1.173755934e+000 1.807461056e+000 
1.162650389e+000 1.799319068e+000 
1.187880737e+000 1.816589716e+000 
1.178113841e+000 1.810571630e+000 
1.309037116e+000 1.875274153e+000 
1.234070852e+000 1.843112798e+000 
1.225021544e+000 1.838622688e+000 
1.308801223e+000 1.875072880e+000 
1.364319564e+000 1.895047520e+000 
1.373674820e+000 1.898174778e+000 
1.299862874e+000 1.872231664e+000 
1.188956398e+000 1.817593657e+000 
1.389270669e+000 1.901253730e+000 
1.279546707e+000 1.864219754e+000 
1.387950366e+000 1.900580249e+000 
1.396724819e+000 1.903866897e+000 
1.398813373e+000 1.904593210e+000 
1.313302332e+000 1.876929504e+000 
1.281628913e+000 1.865241779e+000 
1.366738773e+000 1.895546977e+000 
1.367914239e+000 1.896139724e+000 
1.268706261e+000 1.858436512e+000 
1.280753114e+000 1.864781949e+000 
1.263582540e+000 1.856259963e+000 
1.298537841e+000 1.871593054e+000 
1.282836816e+000 1.865623778e+000 
1.293943373e+000 1.869620613e+000 
1.301666234e+000 1.872991169e+000 
1.288788400e+000 1.868567096e+000 
1.270697069e+000 1.859377991e+000 
1.370530185e+000 1.896386391e+000 
1.384711279e+000 1.899282478e+000 
1.269428438e+000 1.858713964e+000 
1.190389077e+000 1.818007612e+000 
1.291595047e+000 1.869553602e+000 
1.398285415e+000 1.904237737e+000 
1.392656548e+000 1.902155798e+000 
1.192563868e+000 1.819866703e+000 
1.305818628e+000 1.874333322e+000 
1.287985356e+000 1.867750286e+000 
1.340193320e+000 1.887353421e+000 
1.340508271e+000 1.887483205e+000 
1.345386064e+000 1.889228464e+000 
1.342072907e+000 1.887921699e+000 
1.344246241e+000 1.888213414e+000 
1.014703252e+000 1.015341838e+000 
1.015084426e+000 1.015533405e+000 
1.014413438e+000 1.014968465e+000 
1.015837827e+000 1.017688304e+000 
1.015712559e+000 1.017439148e+000 
1.015189985e+000 1.016916300e+000 
1.015283538e+000 1.017121769e+000 
1.016326588e+000 1.018098781e+000 
1.016495095e+000 1.018282090e+000 
1.016061969e+000 1.017898665e+000 
1.016566868e+000 1.018400019e+000 
1.016640154e+000 1.018451086e+000 
1.016684241e+000 1.018452190e+000 
1.016719237e+000 1.018492451e+000 
1.071973551e+000 1.344207442e+000 
1.070852601e+000 1.342817077e+000 
1.078962258e+000 1.352131780e+000 
1.077241749e+000 1.350640343e+000 
1.071250724e+000 1.343470988e+000 
1.074727554e+000 1.347623011e+000 
1.076980449e+000 1.350074005e+000 
1.081271003e+000 1.355015141e+000 
1.076865753e+000 1.350040067e+000 
1.078294438e+000 1.351751022e+000 
1.069735191e+000 1.340497574e+000 
1.077736993e+000 1.351328595e+000 
1.072880478e+000 1.345529882e+000 
1.072949811e+000 1.345657216e+000 
1.073078334e+000 1.345765586e+000 
1.073849730e+000 1.346488521e+000 
1.001317317e+000 1.000057779e+000 
1.001418556e+000 1.000057935e+000 
1.001173684e+000 1.000054010e+000 
1.001672248e+000 1.000060354e+000 
1.001455859e+000 1.000058884e+000 
1.001280015e+000 1.000056829e+000 
1.001892238e+000 1.000061594e+000 
1.001836057e+000 1.000061476e+000 
1.001728430e+000 1.000060472e+000 
1.001570606e+000 1.000059423e+000 
1.002034704e+000 1.000062786e+000 
1.001619667e+000 1.000060006e+000 
1.001366728e+000 1.000057922e+000 
1.001781106e+000 1.000061204e+000 
1.001570178e+000 1.000059006e+000 
1.001512040e+000 1.000059002e+000 
1.001422910e+000 1.000058040e+000 
1.001229468e+000 1.000054943e+000 
1.001249559e+000 1.000055853e+000 
1.002031650e+000 1.000062673e+000 
1.002022587e+000 1.000062316e+000 
1.002004942e+000 1.000062021e+000 
1.023232130e+000 1.030658154e+000 
1.024619953e+000 1.032313758e+000 
1.025000663e+000 1.032670725e+000 
1.023982832e+000 1.031780932e+000 
1.023488915e+000 1.031048688e+000 
1.023812803e+000 1.031418385e+000 
1.024221458e+000 1.031805551e+000 
1.024972403e+000 1.032559051e+000 
1.000175072e+000 1.000004619e+000 
1.000593172e+000 1.000004643e+000 
1.000018312e+000 1.000004362e+000 
1.000000000e+000 1.000004351e+000 
1.000130348e+000 1.000004617e+000 
1.000088627e+000 1.000004497e+000 
1.000074143e+000 1.000004468e+000 
1.000699895e+000 1.000004686e+000 
1.000715527e+000 1.000004689e+000 
1.000766231e+000 1.000004694e+000 
1.000863106e+000 1.000004724e+000 
1.000777338e+000 1.000004699e+000 
1.000806584e+000 1.000004723e+000 
1.000985672e+000 1.000004797e+000 
1.056165637e+000 1.154721717e+000 
1.061862478e+000 1.160577879e+000 
1.053455960e+000 1.151797618e+000 
1.057018129e+000 1.155567631e+000 
1.068578865e+000 1.166315474e+000 
1.061465928e+000 1.160350298e+000 
1.061895237e+000 1.160593090e+000 
1.067312947e+000 1.165482239e+000 
1.064071922e+000 1.162532879e+000 
1.062235258e+000 1.160866023e+000 
1.065023809e+000 1.163078933e+000 
1.068961692e+000 1.166663518e+000 
1.062856458e+000 1.161534468e+000 
1.053047237e+000 1.151287351e+000 
1.067868694e+000 1.165704820e+000 
1.054491259e+000 1.153092101e+000 
1.066898726e+000 1.165135664e+000 
1.061783476e+000 1.160568672e+000 
1.056145954e+000 1.154578524e+000 
1.061980109e+000 1.160715986e+000 
1.062716087e+000 1.161323646e+000 
1.054714850e+000 1.153203750e+000 
1.054281326e+000 1.152706257e+000 
1.065338836e+000 1.163454874e+000 
1.056875305e+000 1.155381881e+000 
1.030672931e+000 1.040158307e+000 
1.025392755e+000 1.036324328e+000 
1.025008059e+000 1.035922847e+000 
1.029554121e+000 1.039533756e+000 
1.025114255e+000 1.035987795e+000 
1.031610569e+000 1.040873239e+000 
1.026470861e+000 1.037085881e+000 
1.031708596e+000 1.040915208e+000 
1.030740278e+000 1.040363361e+000 
1.030921402e+000 1.040461922e+000 
1.035709536e+000 1.043212996e+000 
1.026221215e+000 1.037011791e+000 
1.031231522e+000 1.040523181e+000 
1.034814553e+000 1.042712433e+000 
1.025709074e+000 1.036531119e+000 
1.030717176e+000 1.040234266e+000 
1.026048628e+000 1.036783686e+000 
1.027609774e+000 1.037884348e+000 
1.027545202e+000 1.037879567e+000 
1.028048125e+000 1.038232008e+000 
1.032015087e+000 1.041125061e+000 
1.026614691e+000 1.037320496e+000 
1.032959876e+000 1.041736370e+000 
1.030262220e+000 1.039981329e+000 
1.032517437e+000 1.041542378e+000 
1.034144797e+000 1.042419503e+000 
1.034066425e+000 1.042415435e+000 
1.035416833e+000 1.043079501e+000 
1.035900163e+000 1.043280428e+000 
1.031454961e+000 1.040732002e+000 
1.480850024e+000 1.957752200e+000 
1.746657621e+000 1.999808514e+000 
1.478945281e+000 1.957152026e+000 
1.748029341e+000 2.000000000e+000 
1.458398294e+000 1.948228912e+000 
1.746837925e+000 1.999815100e+000 
1.407917183e+000 1.916323990e+000 
1.405492802e+000 1.915709131e+000 
1.465959878e+000 1.952422302e+000 
1.492474191e+000 1.962598801e+000 
1.457522329e+000 1.948021544e+000 
1.489136405e+000 1.961353391e+000 
1.489263086e+000 1.961577469e+000 
1.736986078e+000 1.998981318e+000 
1.488338213e+000 1.961330289e+000 
1.405732532e+000 1.916007084e+000 
1.403210074e+000 1.914966185e+000 
1.479361938e+000 1.957224123e+000 
1.493864222e+000 1.963210383e+000 
1.491518483e+000 1.962457984e+000 
1.489639622e+000 1.961889534e+000 
1.738329355e+000 1.999007133e+000 
1.696506057e+000 1.997876607e+000 
1.440090714e+000 1.939801271e+000 
1.701482536e+000 1.997974429e+000 
1.453787689e+000 1.947292502e+000 
1.455307468e+000 1.947795644e+000 
1.504927265e+000 1.967036080e+000 
1.485577788e+000 1.959704755e+000 
1.513514432e+000 1.969274581e+000 
1.511722122e+000 1.969255503e+000 
1.689661269e+000 1.997261325e+000 
1.735274785e+000 1.998935685e+000 
1.510126830e+000 1.968601488e+000 
1.508974503e+000 1.968484457e+000 
1.522263153e+000 1.971312781e+000 
1.510316353e+000 1.968883652e+000 
1.547165435e+000 1.977088634e+000 
1.484922587e+000 1.959398325e+000 
1.481531938e+000 1.959296211e+000 
1.486049157e+000 1.959917445e+000 
1.430984595e+000 1.933575521e+000 
1.521644183e+000 1.971212871e+000 
1.523567100e+000 1.971605727e+000 
1.431161367e+000 1.933973428e+000 
1.432253756e+000 1.935675711e+000 
1.687856979e+000 1.997125415e+000 
1.411465145e+000 1.919743647e+000 
1.518779284e+000 1.970840530e+000 
1.471305547e+000 1.954610940e+000 
1.429986496e+000 1.932759437e+000 
1.432706637e+000 1.935777687e+000 
1.431265512e+000 1.935270750e+000 
1.428493157e+000 1.932324762e+000 
1.468522672e+000 1.953699220e+000 
1.444535907e+000 1.942362828e+000 
1.529281510e+000 1.973083273e+000 
1.468002628e+000 1.953649462e+000 
1.433279825e+000 1.936219654e+000 
1.527102423e+000 1.972970398e+000 
1.608732414e+000 1.989576101e+000 
1.470252398e+000 1.954605678e+000 
1.469082470e+000 1.953855802e+000 
1.446278226e+000 1.943732116e+000 
1.486081999e+000 1.960476320e+000 
1.530682200e+000 1.973603742e+000 
1.443833744e+000 1.942101552e+000 
1.443258252e+000 1.941368309e+000 
1.474842077e+000 1.955854123e+000 
1.411793235e+000 1.920863564e+000 
1.471784646e+000 1.954962117e+000 
1.504166685e+000 1.966801736e+000 
1.452257275e+000 1.946340750e+000 
1.473902946e+000 1.955536042e+000 
1.449697435e+000 1.945168148e+000 
1.417844664e+000 1.925429623e+000 
1.441944194e+000 1.941351695e+000 
1.466787488e+000 1.952821968e+000 
1.435460637e+000 1.936851787e+000 
1.428492155e+000 1.932068657e+000 
1.434698667e+000 1.936772958e+000 
1.407602076e+000 1.916176640e+000 
1.416115974e+000 1.922696247e+000 
1.692584485e+000 1.997509638e+000 
1.408164062e+000 1.917462521e+000 
1.503220168e+000 1.966791655e+000 
1.410815051e+000 1.919413364e+000 
1.410168656e+000 1.918868061e+000 
1.417122045e+000 1.923405895e+000 
1.408913375e+000 1.918657317e+000 
1.424749608e+000 1.930144875e+000 
1.426238524e+000 1.930808699e+000 
1.408032556e+000 1.917358463e+000 
1.434164507e+000 1.936623885e+000 
1.693785773e+000 1.997533167e+000 
1.420573363e+000 1.927271863e+000 
1.435580307e+000 1.937145878e+000 
1.424063342e+000 1.930055237e+000 
1.467065218e+000 1.953156288e+000 
1.500367274e+000 1.965686171e+000 
1.508198225e+000 1.968364136e+000 
1.419159645e+000 1.926852919e+000 
1.745553196e+000 1.999686508e+000 
1.501152621e+000 1.966097086e+000 
1.418680780e+000 1.926686752e+000 
1.694850068e+000 1.997554508e+000 
1.493994484e+000 1.963211527e+000 
1.502507275e+000 1.966397496e+000 
1.494341803e+000 1.963764901e+000 
1.505862368e+000 1.967901909e+000 
1.505766491e+000 1.967406935e+000 
1.427320192e+000 1.931172162e+000 
1.477809594e+000 1.956915444e+000 
1.606672297e+000 1.989446276e+000 
1.426887028e+000 1.931147920e+000 
1.422571498e+000 1.927816072e+000 
1.427823403e+000 1.931603240e+000 
1.611109981e+000 1.990002730e+000 
1.610026316e+000 1.989978006e+000 
1.445045409e+000 1.943200535e+000 
1.491451091e+000 1.962390890e+000 
1.473706711e+000 1.955236561e+000 
1.544362100e+000 1.976753712e+000 
1.447703512e+000 1.944569766e+000 
1.446767137e+000 1.944114446e+000 
1.603515286e+000 1.989290544e+000 
1.428274756e+000 1.931624314e+000 
1.450696121e+000 1.945714877e+000 
1.439486041e+000 1.939217888e+000 
1.493476421e+000 1.962949294e+000 
1.461573455e+000 1.950741236e+000 
1.419547707e+000 1.927007076e+000 
1.514600553e+000 1.969773531e+000 
1.461991262e+000 1.951095995e+000 
1.537259928e+000 1.975278586e+000 
1.439425859e+000 1.939125582e+000 
1.436798706e+000 1.937922531e+000 
1.543622232e+000 1.976568147e+000 
1.417607076e+000 1.924181258e+000 
1.493048179e+000 1.962933642e+000 
1.496514018e+000 1.964022924e+000 
1.496042795e+000 1.963941575e+000 
1.460908059e+000 1.950417279e+000 
1.458705771e+000 1.949574486e+000 
1.642611480e+000 1.993476705e+000 
1.742712818e+000 1.999565764e+000 
1.582032424e+000 1.985681699e+000 
1.458714680e+000 1.949683215e+000 
1.420914206e+000 1.927665132e+000 
1.463151100e+000 1.951103372e+000 
1.637092079e+000 1.992655168e+000 
1.735195883e+000 1.998903986e+000 
1.541379561e+000 1.976412500e+000 
1.463930088e+000 1.951495704e+000 
1.637835737e+000 1.993412050e+000 
1.585089000e+000 1.986174721e+000 
1.456051124e+000 1.947893408e+000 
1.590054832e+000 1.986887443e+000 
1.732891974e+000 1.998892335e+000 
1.653184805e+000 1.994694243e+000 
1.640204097e+000 1.993454915e+000 
1.422824664e+000 1.928183600e+000 
1.436323011e+000 1.937770672e+000 
1.732031964e+000 1.998820396e+000 
1.575511205e+000 1.983892808e+000 
1.654653475e+000 1.995210320e+000 
1.679903908e+000 1.996747768e+000 
1.452622215e+000 1.946490371e+000 
1.653352149e+000 1.994725231e+000 
1.664097211e+000 1.995906234e+000 
1.475184758e+000 1.956180186e+000 
1.466510120e+000 1.952678732e+000 
1.440578212e+000 1.940032154e+000 
1.656147818e+000 1.995383475e+000 
1.450058610e+000 1.945427807e+000 
1.414738923e+000 1.921844828e+000 
1.722447896e+000 1.998663659e+000 
1.689462686e+000 1.997185933e+000 
1.682745016e+000 1.996879492e+000 
1.682869551e+000 1.997080603e+000 
1.676150053e+000 1.996670313e+000 
1.673686483e+000 1.996441840e+000 
1.438653826e+000 1.938832914e+000 
1.721386191e+000 1.998656106e+000 
1.453169048e+000 1.946995933e+000 
1.415382119e+000 1.922498095e+000 
1.667278642e+000 1.996210675e+000 
1.674178559e+000 1.996599820e+000 
1.630105436e+000 1.992518257e+000 
1.417086669e+000 1.923361691e+000 
1.416682642e+000 1.923321896e+000 
1.445060110e+000 1.943309624e+000 
1.411752177e+000 1.919885494e+000 
1.588828057e+000 1.986697528e+000 
1.430179727e+000 1.932770948e+000 
1.417223255e+000 1.923762993e+000 
1.443290028e+000 1.941457757e+000 
1.586663404e+000 1.986395089e+000 
1.649758440e+000 1.994359820e+000 
1.627043815e+000 1.992371647e+000 
1.694925329e+000 1.997667720e+000 
1.570203347e+000 1.982488884e+000 
1.463203679e+000 1.951140685e+000 
1.710606586e+000 1.998285361e+000 
1.517371646e+000 1.970679167e+000 
1.703945743e+000 1.997977530e+000 
1.738728839e+000 1.999406728e+000 
1.633486157e+000 1.992632063e+000 
1.671292220e+000 1.996288537e+000 
1.708563850e+000 1.998234761e+000 
1.516378644e+000 1.970400770e+000 
1.513856660e+000 1.969472359e+000 
1.690288385e+000 1.997461607e+000 
1.518407083e+000 1.970731651e+000 
1.708969767e+000 1.998266698e+000 
1.624956343e+000 1.991857775e+000 
1.519383204e+000 1.971136431e+000 
1.710892293e+000 1.998343741e+000 
1.700555565e+000 1.997946019e+000 
1.516113859e+000 1.970294921e+000 
1.690096758e+000 1.997317499e+000 
1.456732954e+000 1.948001334e+000 
1.520263130e+000 1.971174209e+000 
1.674644622e+000 1.996668558e+000 
1.525704332e+000 1.972631327e+000 
1.629016623e+000 1.992435055e+000 
1.549947201e+000 1.978166822e+000 
1.535243675e+000 1.974682760e+000 
1.566630700e+000 1.981902660e+000 
1.472502408e+000 1.955020474e+000 
1.533281164e+000 1.974359523e+000 
1.547982190e+000 1.977570614e+000 
1.531548874e+000 1.974064263e+000 
1.533424281e+000 1.974554915e+000 
1.481390906e+000 1.957996461e+000 
1.672411972e+000 1.996426103e+000 
1.727148684e+000 1.998797351e+000 
1.726582627e+000 1.998795878e+000 
1.724071621e+000 1.998693908e+000 
1.531338050e+000 1.973804303e+000 
1.557447132e+000 1.980031039e+000 
1.649565733e+000 1.994268524e+000 
1.650258895e+000 1.994472876e+000 
1.593656158e+000 1.987690868e+000 
1.558139117e+000 1.980184789e+000 
1.557109404e+000 1.979978939e+000 
1.623764308e+000 1.991455961e+000 
1.619931970e+000 1.991260592e+000 
1.539970499e+000 1.975988907e+000 
1.707253215e+000 1.998038564e+000 
1.659265580e+000 1.995761441e+000 
1.598540442e+000 1.988099301e+000 
1.622018766e+000 1.991340237e+000 
1.719384872e+000 1.998573750e+000 
1.612185672e+000 1.990172232e+000 
1.612859192e+000 1.990336714e+000 
1.568394148e+000 1.982418770e+000 
1.646294271e+000 1.993992969e+000 
1.577958948e+000 1.984523663e+000 
1.612049221e+000 1.990011194e+000 
1.643211480e+000 1.993868037e+000 
1.624050577e+000 1.991546039e+000 
1.578918875e+000 1.984615485e+000 
1.587161761e+000 1.986667995e+000 
1.523841169e+000 1.972396835e+000 
1.575991280e+000 1.984296117e+000 
1.592518452e+000 1.987361112e+000 
1.590257782e+000 1.986966891e+000 
1.591607484e+000 1.987281857e+000 
1.602111748e+000 1.989081205e+000 
1.600124927e+000 1.988339175e+000 
1.488183235e+000 1.960863853e+000 
1.612229052e+000 1.990182856e+000 
1.488156878e+000 1.960863265e+000 
1.608782851e+000 1.989764955e+000 
1.567646402e+000 1.981941466e+000 
1.572801401e+000 1.983319795e+000 
1.571676514e+000 1.983065114e+000 
1.572664527e+000 1.983315297e+000 
1.584471239e+000 1.985968022e+000 
1.536620529e+000 1.975127317e+000 
1.577179521e+000 1.984487397e+000 
1.606066420e+000 1.989394585e+000 
1.652753136e+000 1.994609020e+000 
1.558999382e+000 1.980256873e+000 
1.555508129e+000 1.979499008e+000 
1.637546626e+000 1.992962347e+000 
1.562916574e+000 1.981096768e+000 
1.557592486e+000 1.980051724e+000 
1.548816818e+000 1.977732407e+000 
1.549257356e+000 1.977888130e+000 
1.549921405e+000 1.978015070e+000 
1.562248857e+000 1.981073710e+000 
1.539061111e+000 1.975504402e+000 
1.543034227e+000 1.976482961e+000 

