1.002670498e+000 1.244498277e+000 
1.003134241e+000 1.245125574e+000 
1.002841636e+000 1.244639354e+000 
1.002202424e+000 1.239663115e+000 
1.002373563e+000 1.241346731e+000 
1.002916348e+000 1.245043082e+000 
1.002215549e+000 1.241034324e+000 
1.003198106e+000 1.247240362e+000 
1.001668054e+000 1.047082674e+000 
1.002045657e+000 1.049838627e+000 
1.001637478e+000 1.047028122e+000 
1.002110590e+000 1.050317411e+000 
1.001295942e+000 1.045102556e+000 
1.002038113e+000 1.049023731e+000 
1.001812489e+000 1.048326995e+000 
1.001883212e+000 1.048796507e+000 
1.000356645e+000 1.010043911e+000 
1.000302754e+000 1.004330708e+000 
1.000093046e+000 1.004176719e+000 
1.000148653e+000 1.004193775e+000 
1.000167357e+000 1.004195733e+000 
1.000295866e+000 1.004195875e+000 
1.000422516e+000 1.015358749e+000 
1.000632224e+000 1.015604820e+000 
1.000069109e+000 1.001919979e+000 
1.000050405e+000 1.001894019e+000 
1.000071897e+000 1.001964637e+000 
1.005099731e+000 1.486426964e+000 
1.004156073e+000 1.480917718e+000 
1.004724439e+000 1.484761518e+000 
1.004028739e+000 1.480874357e+000 
1.004271415e+000 1.481838854e+000 
1.003319198e+000 1.476511343e+000 
1.003772222e+000 1.479434007e+000 
1.004851774e+000 1.484804879e+000 
1.005537677e+000 1.488189200e+000 
1.004494290e+000 1.482661590e+000 
1.003694119e+000 1.478744727e+000 
1.001539142e+000 1.046419001e+000 
1.001571277e+000 1.046581746e+000 
1.001386667e+000 1.046021313e+000 
1.001745402e+000 1.047547524e+000 
1.001722039e+000 1.047459064e+000 
1.001380503e+000 1.045632598e+000 
1.000653576e+000 1.042769927e+000 
1.000995112e+000 1.044596393e+000 
1.070688222e+000 1.818203804e+000 
1.052873906e+000 1.797197614e+000 
1.114015442e+000 1.858619633e+000 
1.128028630e+000 1.868564489e+000 
1.072476169e+000 1.820172798e+000 
1.078260845e+000 1.827108325e+000 
1.033522453e+000 1.769346473e+000 
1.040365975e+000 1.780637258e+000 
1.085281644e+000 1.834536958e+000 
1.023951351e+000 1.751613806e+000 
1.119458212e+000 1.862867125e+000 
1.112913847e+000 1.857170371e+000 
1.106878553e+000 1.853213238e+000 
1.141655760e+000 1.878517209e+000 
1.039820656e+000 1.779645973e+000 
1.097734494e+000 1.845626681e+000 
1.124349487e+000 1.867317073e+000 
1.109202476e+000 1.854857184e+000 
1.074824127e+000 1.822951063e+000 
1.035090229e+000 1.771637274e+000 
1.104018043e+000 1.851023096e+000 
1.099578199e+000 1.847668596e+000 
1.006359376e+000 1.694784370e+000 
1.047931219e+000 1.790733605e+000 
1.010114650e+000 1.715885946e+000 
1.098949584e+000 1.846753869e+000 
1.101093883e+000 1.848727015e+000 
1.131639969e+000 1.871827834e+000 
1.145159837e+000 1.880814161e+000 
1.007699625e+000 1.703229653e+000 
1.108172240e+000 1.854031762e+000 
1.049469149e+000 1.792945913e+000 
1.133464126e+000 1.873276118e+000 
1.014674291e+000 1.730096200e+000 
1.097008042e+000 1.845158403e+000 
1.116189907e+000 1.860318451e+000 
1.082424465e+000 1.831574395e+000 
1.085911300e+000 1.834874401e+000 
1.120071628e+000 1.864222956e+000 
1.123609930e+000 1.865977049e+000 
1.045066288e+000 1.787023017e+000 
1.058323197e+000 1.804338214e+000 
1.140448977e+000 1.878512499e+000 
1.058585054e+000 1.804774292e+000 
1.093990319e+000 1.842411920e+000 
1.057941666e+000 1.804246746e+000 
1.057611575e+000 1.803925197e+000 
1.110511481e+000 1.855855792e+000 
1.071036099e+000 1.819090554e+000 
1.116916359e+000 1.860786729e+000 
1.085847301e+000 1.834641384e+000 
1.032300608e+000 1.767297430e+000 
1.006189442e+000 1.693775955e+000 
1.050664664e+000 1.794555906e+000 
1.129693346e+000 1.871096059e+000 
1.069518914e+000 1.817488911e+000 
1.128390741e+000 1.869554530e+000 
1.139709137e+000 1.877785433e+000 
1.046178050e+000 1.788322978e+000 
1.132862247e+000 1.872496403e+000 
1.134999132e+000 1.875615498e+000 
1.009387724e+000 1.712378328e+000 
1.007381287e+000 1.700915985e+000 
1.016510427e+000 1.735239067e+000 
1.036374354e+000 1.774090740e+000 
1.035387640e+000 1.772217144e+000 
1.066892423e+000 1.814720875e+000 
1.005656297e+000 1.690148920e+000 
1.029126891e+000 1.761383611e+000 
1.021071547e+000 1.745421989e+000 
1.006507780e+000 1.696089623e+000 
1.054055860e+000 1.798955965e+000 
1.077742695e+000 1.826750469e+000 
1.074407022e+000 1.822723905e+000 
1.073988233e+000 1.822334193e+000 
1.033163183e+000 1.768710953e+000 
1.007689721e+000 1.702927756e+000 
1.007906228e+000 1.703647993e+000 
1.048951446e+000 1.791997541e+000 
1.099428743e+000 1.847049898e+000 
1.061332803e+000 1.808649314e+000 
1.085081511e+000 1.834220322e+000 
1.092467928e+000 1.840806061e+000 
1.066560579e+000 1.814562343e+000 
1.090193000e+000 1.839025640e+000 
1.064198231e+000 1.811559056e+000 
1.008129903e+000 1.706826977e+000 
1.036259832e+000 1.773845722e+000 
1.117657879e+000 1.860830418e+000 
1.006316776e+000 1.693803009e+000 
1.084355059e+000 1.833752044e+000 
1.024955402e+000 1.753295380e+000 
1.006939732e+000 1.698404645e+000 
1.031535516e+000 1.766032449e+000 
1.037314366e+000 1.775802506e+000 
1.042053064e+000 1.782449583e+000 
1.008459668e+000 1.707113323e+000 
1.043467771e+000 1.784662579e+000 
1.040734326e+000 1.780840278e+000 
1.027125068e+000 1.757532486e+000 
1.031385197e+000 1.765455693e+000 
1.065730886e+000 1.813524419e+000 
1.053940331e+000 1.798859275e+000 
1.049676920e+000 1.793589993e+000 
1.088243925e+000 1.836952673e+000 
1.037252977e+000 1.775255703e+000 
1.034746687e+000 1.771412236e+000 
1.042886059e+000 1.783933944e+000 
1.012142662e+000 1.722444930e+000 
1.046462304e+000 1.788589533e+000 
1.087388085e+000 1.836330210e+000 
1.089450205e+000 1.838059578e+000 
1.037170249e+000 1.775076220e+000 
1.023840388e+000 1.751323207e+000 
1.075075362e+000 1.822983218e+000 
1.094702522e+000 1.842502542e+000 
1.067408523e+000 1.815905016e+000 
1.081337336e+000 1.831005561e+000 
1.090028612e+000 1.838154368e+000 
1.063615751e+000 1.811266744e+000 
1.071554248e+000 1.819695560e+000 
1.089170510e+000 1.837737588e+000 
1.080929439e+000 1.829954476e+000 
1.093191026e+000 1.840886720e+000 
1.031269146e+000 1.765138677e+000 
1.009915176e+000 1.714117659e+000 
1.062518589e+000 1.809528552e+000 
1.007823481e+000 1.703622346e+000 
1.061606269e+000 1.808807119e+000 
1.034403506e+000 1.770671527e+000 
1.008881566e+000 1.709981389e+000 
1.027990723e+000 1.759146691e+000 
1.083123793e+000 1.832222368e+000 
1.023580275e+000 1.750547054e+000 
1.010677638e+000 1.717251708e+000 
1.009597432e+000 1.713188186e+000 
1.023045316e+000 1.749990892e+000 
1.015919388e+000 1.732601363e+000 
1.007276474e+000 1.699803655e+000 
1.006939432e+000 1.698299066e+000 
1.006631636e+000 1.696482315e+000 
1.022132531e+000 1.747703605e+000 
1.011194164e+000 1.719094063e+000 
1.031927483e+000 1.766354195e+000 
1.013432576e+000 1.727318310e+000 
1.032068596e+000 1.766588712e+000 
1.018011011e+000 1.738698028e+000 
1.062651302e+000 1.809855914e+000 
1.027575901e+000 1.757958356e+000 
1.019962865e+000 1.743490588e+000 
1.032694146e+000 1.767836102e+000 
1.026861856e+000 1.756743879e+000 
1.012052593e+000 1.721496436e+000 
1.032614979e+000 1.767479905e+000 
1.056720302e+000 1.802561369e+000 
1.058725817e+000 1.804910434e+000 
1.020230695e+000 1.743975534e+000 
1.021023722e+000 1.745178236e+000 
1.014887380e+000 1.730663131e+000 
1.028250837e+000 1.759922843e+000 
1.021656335e+000 1.746811928e+000 
1.058365645e+000 1.804418325e+000 
1.018462281e+000 1.740001827e+000 
1.051157956e+000 1.794703483e+000 
1.011750938e+000 1.721094498e+000 
1.012768458e+000 1.724703233e+000 
1.014311199e+000 1.728483273e+000 
1.060191562e+000 1.806594123e+000 
1.052380233e+000 1.796240696e+000 
1.059410677e+000 1.805467121e+000 
1.022598673e+000 1.748509447e+000 
1.060773218e+000 1.807516020e+000 
1.010527958e+000 1.716091702e+000 
1.011404564e+000 1.720759326e+000 
1.010887346e+000 1.718061566e+000 
1.055929864e+000 1.801850811e+000 
1.016462603e+000 1.735001384e+000 
1.019516221e+000 1.742009143e+000 
1.017341226e+000 1.736166347e+000 
9.999999990e-001 1.000358632e+000 
1.214575242e+000 1.929372148e+000 
1.162145249e+000 1.893871299e+000 
1.182957728e+000 1.907709250e+000 
1.239168831e+000 1.941658930e+000 
1.137084435e+000 1.875698102e+000 
1.298621195e+000 1.963906895e+000 
1.148903612e+000 1.885180682e+000 
1.175745796e+000 1.901960705e+000 
1.331741901e+000 1.974448520e+000 
1.199567282e+000 1.918132688e+000 
1.206385387e+000 1.923188498e+000 
1.205427010e+000 1.920908696e+000 
1.170709069e+000 1.900666054e+000 
1.154953675e+000 1.888412034e+000 
1.218382484e+000 1.929900727e+000 
1.195019530e+000 1.914616908e+000 
1.189571159e+000 1.912186244e+000 
1.278379156e+000 1.956943501e+000 
1.173039053e+000 1.901029433e+000 
1.217103621e+000 1.929412719e+000 
1.183945371e+000 1.909440229e+000 
1.131586036e+000 1.871355534e+000 
1.248728475e+000 1.945052729e+000 
1.277632289e+000 1.956544268e+000 
1.256927095e+000 1.949651810e+000 
1.133281621e+000 1.872852874e+000 
1.180968520e+000 1.906674154e+000 
1.278189153e+000 1.956611192e+000 
1.139214167e+000 1.876604717e+000 
1.139390852e+000 1.877633735e+000 
1.179191325e+000 1.905694268e+000 
1.179130982e+000 1.904659852e+000 
1.552104265e+000 2.000000000e+000 
1.482977325e+000 1.997658062e+000 
1.164707746e+000 1.894457477e+000 
1.168884469e+000 1.897285733e+000 
1.164155957e+000 1.894324175e+000 
1.298886491e+000 1.963911886e+000 
1.169878946e+000 1.898260316e+000 
1.166815991e+000 1.896938044e+000 
1.173090214e+000 1.901296460e+000 
1.155130360e+000 1.889441051e+000 
1.168304947e+000 1.897038271e+000 
1.301948330e+000 1.965201240e+000 
1.189362182e+000 1.911473278e+000 
1.339609677e+000 1.976517730e+000 
1.173668621e+000 1.901588082e+000 
1.198074937e+000 1.917626793e+000 
1.329956619e+000 1.974086783e+000 
1.508479345e+000 1.999128052e+000 
1.197107228e+000 1.917140651e+000 
1.202070391e+000 1.920783048e+000 
1.160312410e+000 1.892279922e+000 
1.498866717e+000 1.998439362e+000 
1.347168933e+000 1.977808950e+000 
1.421792847e+000 1.992458077e+000 
1.175023245e+000 1.901956234e+000 
1.348466654e+000 1.979531838e+000 
1.341067710e+000 1.976828318e+000 
1.428443737e+000 1.993548723e+000 
1.319105182e+000 1.971466653e+000 
1.450394537e+000 1.996429510e+000 
1.331986602e+000 1.974863579e+000 
1.440945324e+000 1.995347964e+000 
1.450721576e+000 1.996833410e+000 
1.198122643e+000 1.917821085e+000 
1.201104931e+000 1.918886254e+000 
1.218091428e+000 1.929628545e+000 
1.339367453e+000 1.976218242e+000 
1.458521148e+000 1.996927042e+000 
1.440449799e+000 1.995093151e+000 
1.447946075e+000 1.996017020e+000 
1.466203357e+000 1.997269428e+000 
1.333996875e+000 1.975916176e+000 
1.529256143e+000 1.999629636e+000 
1.246015343e+000 1.944073703e+000 
1.341493386e+000 1.977797343e+000 
1.323054013e+000 1.972708698e+000 
1.437525387e+000 1.994629111e+000 
1.432472433e+000 1.994301785e+000 
1.218572507e+000 1.930249501e+000 
1.476237666e+000 1.997550086e+000 
1.493415470e+000 1.998327433e+000 
1.316927683e+000 1.970329816e+000 
1.518345752e+000 1.999529415e+000 
1.201808496e+000 1.919772293e+000 
1.314070942e+000 1.969446160e+000 
1.325315190e+000 1.973625349e+000 
1.187087815e+000 1.910608430e+000 
1.279733556e+000 1.957217737e+000 
1.433116869e+000 1.994382671e+000 
1.208501349e+000 1.924757059e+000 
1.213019497e+000 1.927717748e+000 
1.429583794e+000 1.994146223e+000 
1.210041245e+000 1.925227821e+000 
1.328666881e+000 1.973994422e+000 
1.501375057e+000 1.998513522e+000 
1.477537447e+000 1.997610500e+000 
1.337913638e+000 1.976142604e+000 
1.484714415e+000 1.997916168e+000 
1.223242419e+000 1.932895573e+000 
1.534530645e+000 1.999642668e+000 
1.312423946e+000 1.968775918e+000 
1.363471481e+000 1.982084368e+000 
1.312111294e+000 1.968685892e+000 
1.322305010e+000 1.972478855e+000 
1.379905374e+000 1.986153872e+000 
1.423698602e+000 1.993434347e+000 
1.423634168e+000 1.993271672e+000 
1.484778849e+000 1.998076902e+000 
1.540993876e+000 1.999903389e+000 
1.223510322e+000 1.933183115e+000 
1.442529503e+000 1.995671889e+000 
1.496226567e+000 1.998367974e+000 
1.366615776e+000 1.983386478e+000 
1.374341234e+000 1.985007259e+000 
1.318943122e+000 1.970944883e+000 
1.378564108e+000 1.986153026e+000 
1.407654163e+000 1.990519930e+000 
1.315125242e+000 1.970125206e+000 
1.137993432e+000 1.876119517e+000 
1.439559469e+000 1.995051924e+000 
1.230624866e+000 1.937268144e+000 
1.221707763e+000 1.932516631e+000 
1.146359479e+000 1.882693620e+000 
1.421959107e+000 1.992901583e+000 
1.189031920e+000 1.911454329e+000 
1.377768420e+000 1.985837916e+000 
1.280485475e+000 1.958280326e+000 
1.385423818e+000 1.987092885e+000 
1.407589729e+000 1.990357255e+000 
1.414662025e+000 1.992022109e+000 
1.292303361e+000 1.962486315e+000 
1.414676815e+000 1.992242471e+000 
1.294220772e+000 1.963135998e+000 
1.305783042e+000 1.967058039e+000 
1.280320923e+000 1.957362356e+000 
1.286388206e+000 1.960291823e+000 
1.377178734e+000 1.985452235e+000 
1.297630103e+000 1.963740418e+000 
1.408697667e+000 1.991137093e+000 
1.134935192e+000 1.873767732e+000 
1.282551796e+000 1.958938535e+000 
1.292745512e+000 1.962731497e+000 
1.143285661e+000 1.879934872e+000 
1.285852001e+000 1.959950200e+000 
1.138807331e+000 1.876600489e+000 
1.299103921e+000 1.964881162e+000 
1.289520481e+000 1.961209020e+000 
1.297133315e+000 1.963395908e+000 
1.141732223e+000 1.879370274e+000 
1.136635897e+000 1.875624110e+000 
1.201512216e+000 1.919372016e+000 
1.196640072e+000 1.916701400e+000 
1.138421296e+000 1.876308479e+000 
1.400114508e+000 1.989584052e+000 
1.153150924e+000 1.886993017e+000 
1.158252135e+000 1.891030944e+000 
1.398724929e+000 1.989535683e+000 
1.195079119e+000 1.916340359e+000 
1.150806149e+000 1.885494442e+000 
1.166002047e+000 1.896599228e+000 
1.237762142e+000 1.940512964e+000 
1.278660304e+000 1.957136822e+000 
1.393998784e+000 1.988409817e+000 
1.164927080e+000 1.894994611e+000 
1.392477470e+000 1.988107214e+000 
1.414425069e+000 1.991241164e+000 
1.302787705e+000 1.966080433e+000 
1.161962309e+000 1.893231771e+000 
1.285372877e+000 1.959694534e+000 
1.397752793e+000 1.989014776e+000 
1.303401582e+000 1.966258315e+000 
1.155077421e+000 1.888586808e+000 
1.143000291e+000 1.879923800e+000 
1.381563027e+000 1.986573322e+000 
1.233631949e+000 1.938636899e+000 
1.392609205e+000 1.988361448e+000 
1.254940588e+000 1.948523202e+000 
1.263429166e+000 1.951651656e+000 
1.243500399e+000 1.943316534e+000 
1.163088091e+000 1.894170808e+000 
1.266363516e+000 1.952571674e+000 
1.363838743e+000 1.982111555e+000 
1.272939841e+000 1.954747686e+000 
1.235933347e+000 1.940210185e+000 
1.365682346e+000 1.982909749e+000 
1.234886467e+000 1.939634200e+000 
1.234735258e+000 1.939412558e+000 
1.355018553e+000 1.980043009e+000 
1.253188737e+000 1.947417815e+000 
1.177109142e+000 1.903912653e+000 
1.252267452e+000 1.946665599e+000 
1.273552918e+000 1.955890490e+000 
1.388119580e+000 1.987688028e+000 
1.182205468e+000 1.907416106e+000 
1.191829889e+000 1.913802311e+000 
1.183838683e+000 1.908086891e+000 
1.153420196e+000 1.887447203e+000 
1.267150264e+000 1.953580375e+000 
1.262147312e+000 1.951074076e+000 
1.148163950e+000 1.883874133e+000 
1.210953881e+000 1.925336814e+000 
1.248185785e+000 1.944911515e+000 
1.157090987e+000 1.890076086e+000 
1.228893965e+000 1.935681234e+000 
1.151858902e+000 1.885948418e+000 
1.194245407e+000 1.914486026e+000 
1.228640262e+000 1.935664015e+000 
1.271418789e+000 1.954675365e+000 
1.250260438e+000 1.945545316e+000 
1.169020969e+000 1.897883412e+000 
1.226327495e+000 1.934568902e+000 
1.383836932e+000 1.987016115e+000 
1.372565372e+000 1.984750806e+000 
1.357688562e+000 1.980459105e+000 
1.358352259e+000 1.981283230e+000 
1.347782645e+000 1.978535927e+000 

