1.020624567e+000 1.008636667e+000 
1.019329072e+000 1.008248313e+000 
1.021109494e+000 1.008715347e+000 
1.020289700e+000 1.008551989e+000 
1.023132110e+000 1.009102757e+000 
1.015275810e+000 1.007252286e+000 
1.018509278e+000 1.008084958e+000 
1.016601903e+000 1.007635855e+000 
1.019808654e+000 1.008402324e+000 
1.024846550e+000 1.009396297e+000 
1.027787327e+000 1.009882812e+000 
1.019663939e+000 1.008332991e+000 
1.027971156e+000 1.009885228e+000 
1.020019598e+000 1.008416082e+000 
1.021712704e+000 1.008862995e+000 
1.016274073e+000 1.007523735e+000 
1.023097765e+000 1.009088537e+000 
1.025286751e+000 1.009415756e+000 
1.028449841e+000 1.010024668e+000 
1.026945597e+000 1.009604310e+000 
1.021979473e+000 1.008941115e+000 
1.017493518e+000 1.007874886e+000 
1.030084831e+000 1.010214771e+000 
1.029291190e+000 1.010153240e+000 
1.019566933e+000 1.008331797e+000 
1.015923638e+000 1.007452352e+000 
1.017698416e+000 1.007896686e+000 
1.027126647e+000 1.009740120e+000 
1.020516746e+000 1.008566176e+000 
1.024221983e+000 1.009273425e+000 
1.027546942e+000 1.009865143e+000 
1.027689257e+000 1.009866364e+000 
1.027643353e+000 1.009865765e+000 
1.019922593e+000 1.008414888e+000 
1.020866309e+000 1.008649164e+000 
1.025324091e+000 1.009427877e+000 
1.025932941e+000 1.009577478e+000 
1.016762540e+000 1.007725051e+000 
1.018038279e+000 1.007928847e+000 
1.017559785e+000 1.007876879e+000 
1.013675137e+000 1.006662462e+000 
1.018500657e+000 1.008029736e+000 
1.014321032e+000 1.006970240e+000 
1.014466562e+000 1.007106447e+000 
1.014063270e+000 1.006949644e+000 
1.020285049e+000 1.008420502e+000 
1.015049731e+000 1.007242599e+000 
1.019550365e+000 1.008266613e+000 
1.015531556e+000 1.007433704e+000 
1.016622833e+000 1.007721957e+000 
1.013469798e+000 1.006657974e+000 
1.016449592e+000 1.007620631e+000 
1.013866818e+000 1.006811863e+000 
1.014181326e+000 1.006965753e+000 
1.023776782e+000 1.009155682e+000 
1.019303680e+000 1.008175528e+000 
1.023955356e+000 1.009170124e+000 
1.004762830e+000 1.001197790e+000 
1.005269557e+000 1.001284316e+000 
1.004979635e+000 1.001232151e+000 
1.005243075e+000 1.001241693e+000 
1.005619467e+000 1.001312911e+000 
1.005532997e+000 1.001293857e+000 
1.058027003e+000 1.081583833e+000 
1.052728743e+000 1.078172816e+000 
1.057278093e+000 1.080999959e+000 
1.054472010e+000 1.079632014e+000 
1.056779064e+000 1.080767621e+000 
1.058683163e+000 1.081996478e+000 
1.054971039e+000 1.079865940e+000 
1.055555116e+000 1.080240839e+000 
1.057435225e+000 1.081180266e+000 
1.056675619e+000 1.080558701e+000 
1.053891965e+000 1.079164515e+000 
1.053061589e+000 1.078401660e+000 
1.057683997e+000 1.081466200e+000 
1.056354353e+000 1.080440280e+000 
1.057887029e+000 1.081502214e+000 
1.004454063e+000 1.000403988e+000 
1.003503690e+000 1.000377407e+000 
1.003188052e+000 1.000349684e+000 
1.004709247e+000 1.000420050e+000 
1.003943219e+000 1.000377720e+000 
1.004307989e+000 1.000401940e+000 
1.003660979e+000 1.000377408e+000 
1.004071076e+000 1.000391575e+000 
1.003854270e+000 1.000377717e+000 
1.003260345e+000 1.000363550e+000 
1.004388934e+000 1.000402652e+000 
1.004558252e+000 1.000404420e+000 
1.004437223e+000 1.000403416e+000 
1.004156795e+000 1.000391577e+000 
1.004563174e+000 1.000418002e+000 
1.003977261e+000 1.000380107e+000 
1.004160024e+000 1.000391578e+000 
1.004283129e+000 1.000401175e+000 
1.004054219e+000 1.000390101e+000 
1.004277653e+000 1.000391735e+000 
1.004050989e+000 1.000390100e+000 
1.099086962e+000 1.874438619e+000 
1.112143731e+000 1.881891319e+000 
1.113150010e+000 1.882516210e+000 
1.109976135e+000 1.880805431e+000 
1.172396126e+000 1.911428237e+000 
1.260064146e+000 1.936290208e+000 
1.081522920e+000 1.861524672e+000 
1.148219342e+000 1.901833463e+000 
1.195514984e+000 1.918430552e+000 
1.096408786e+000 1.872815381e+000 
1.158740163e+000 1.906200882e+000 
1.083180235e+000 1.862878974e+000 
1.093028641e+000 1.870673291e+000 
1.260934320e+000 1.936517097e+000 
1.105608726e+000 1.878160851e+000 
1.085733101e+000 1.865018190e+000 
1.089127583e+000 1.867690806e+000 
1.113074078e+000 1.882373935e+000 
1.201498696e+000 1.920515351e+000 
1.094136226e+000 1.871361208e+000 
1.166594832e+000 1.909423603e+000 
1.083002227e+000 1.862875206e+000 
1.105873723e+000 1.878395910e+000 
1.205203843e+000 1.921945288e+000 
1.189571875e+000 1.916778797e+000 
1.178769767e+000 1.913628231e+000 
1.261765430e+000 1.936774224e+000 
1.125136418e+000 1.889826406e+000 
1.200717459e+000 1.920501301e+000 
1.225667356e+000 1.927391369e+000 
1.229593222e+000 1.928488908e+000 
1.225814000e+000 1.927853731e+000 
1.082694099e+000 1.862665001e+000 
1.129619281e+000 1.892375787e+000 
1.212873745e+000 1.924517715e+000 
1.111260438e+000 1.881313112e+000 
1.285521487e+000 1.941999473e+000 
1.215488672e+000 1.924966574e+000 
1.106867425e+000 1.879146018e+000 
1.118188919e+000 1.885671650e+000 
1.128912573e+000 1.891798447e+000 
1.157676953e+000 1.905932360e+000 
1.157263797e+000 1.905682934e+000 
1.082881526e+000 1.862813846e+000 
1.098168921e+000 1.873866878e+000 
1.259687656e+000 1.936214249e+000 
1.085938716e+000 1.865083318e+000 
1.162972740e+000 1.908002671e+000 
1.258571851e+000 1.935948510e+000 
1.290993294e+000 1.943156043e+000 
1.107253703e+000 1.879359771e+000 
1.286946801e+000 1.942298727e+000 
1.087582775e+000 1.866527737e+000 
1.292951831e+000 1.943547277e+000 
1.242066803e+000 1.931843638e+000 
1.296358933e+000 1.944258901e+000 
1.288302260e+000 1.942935474e+000 
1.110450271e+000 1.881054641e+000 
1.190144306e+000 1.917172155e+000 
1.088412241e+000 1.867290623e+000 
1.129966273e+000 1.892520867e+000 
1.107663476e+000 1.879407902e+000 
1.230376744e+000 1.928647389e+000 
1.193838941e+000 1.918121177e+000 
1.104681271e+000 1.877525373e+000 
1.196822316e+000 1.919032572e+000 
1.281919751e+000 1.940782385e+000 
1.085424972e+000 1.864807985e+000 
1.185545851e+000 1.915658897e+000 
1.285685858e+000 1.942213695e+000 
1.091464980e+000 1.869548301e+000 
1.239889714e+000 1.931312398e+000 
1.278530166e+000 1.940366561e+000 
1.225476850e+000 1.927315411e+000 
1.087274646e+000 1.866317533e+000 
1.160622862e+000 1.907079118e+000 
1.124026890e+000 1.889294250e+000 
1.102706627e+000 1.876410534e+000 
1.106250389e+000 1.878782704e+000 
1.376208175e+000 1.955674643e+000 
1.236553006e+000 1.930247805e+000 
1.165105773e+000 1.908840053e+000 
1.158204769e+000 1.906102410e+000 
1.185407191e+000 1.915557990e+000 
1.208790049e+000 1.923349851e+000 
1.106695845e+000 1.879062925e+000 
1.118465007e+000 1.885948384e+000 
1.130942742e+000 1.893020739e+000 
1.103989229e+000 1.877073737e+000 
1.131464268e+000 1.893431428e+000 
1.097818750e+000 1.873673437e+000 
1.184045803e+000 1.915541879e+000 
1.266748217e+000 1.937692634e+000 
1.263520219e+000 1.937383259e+000 
1.227478112e+000 1.928175592e+000 
1.100805633e+000 1.875389657e+000 
1.107011075e+000 1.879237360e+000 
1.129275151e+000 1.892129980e+000 
1.093819669e+000 1.871089868e+000 
1.376399130e+000 1.956092336e+000 
1.239430142e+000 1.930927214e+000 
1.100136358e+000 1.875000729e+000 
1.079751904e+000 1.859299871e+000 
1.079945161e+000 1.859379311e+000 
1.101894069e+000 1.876089950e+000 
1.101530615e+000 1.875857546e+000 
1.092046236e+000 1.869880328e+000 
1.132428372e+000 1.893947469e+000 
1.154478349e+000 1.904331188e+000 
1.121707804e+000 1.887913828e+000 
1.146631960e+000 1.901229327e+000 
1.156827563e+000 1.905255503e+000 
1.091156852e+000 1.869338097e+000 
1.144631183e+000 1.899857912e+000 
1.323775263e+000 1.949212031e+000 
1.314356968e+000 1.948043317e+000 
1.349423884e+000 1.952323858e+000 
1.098713514e+000 1.874100392e+000 
1.314800382e+000 1.948590041e+000 
1.321687476e+000 1.949071971e+000 
1.095419470e+000 1.872269429e+000 
1.211325598e+000 1.923753340e+000 
1.100884407e+000 1.875464979e+000 
1.156920769e+000 1.905528891e+000 
1.377531417e+000 1.956218993e+000 
1.141993764e+000 1.898698689e+000 
1.172765184e+000 1.911648005e+000 
1.150391188e+000 1.902698547e+000 
1.159873808e+000 1.906823234e+000 
1.155606115e+000 1.905107025e+000 
1.131871119e+000 1.893747899e+000 
1.354987523e+000 1.953042597e+000 
1.350731702e+000 1.952734638e+000 
1.291862124e+000 1.943365076e+000 
1.160301968e+000 1.906881965e+000 
1.127584946e+000 1.891286243e+000 
1.305792486e+000 1.946316458e+000 
1.130411353e+000 1.892813867e+000 
1.175711093e+000 1.912794762e+000 
1.087845573e+000 1.866652903e+000 
1.173197986e+000 1.911817503e+000 
1.162761554e+000 1.907863461e+000 
1.135786212e+000 1.895636186e+000 
1.171151626e+000 1.911118760e+000 
1.132675226e+000 1.894025672e+000 
1.122221004e+000 1.888237780e+000 
1.187623579e+000 1.916581373e+000 
1.159253450e+000 1.906556634e+000 
1.347231125e+000 1.952142428e+000 
1.135512128e+000 1.895529609e+000 
1.164200514e+000 1.908666191e+000 
1.143858456e+000 1.899501975e+000 
1.204898567e+000 1.921712198e+000 
1.174701382e+000 1.912369328e+000 
1.151864756e+000 1.903255249e+000 
1.161684592e+000 1.907554086e+000 
1.132971368e+000 1.894099060e+000 
1.116244742e+000 1.884500439e+000 
1.119473709e+000 1.886709103e+000 
1.151631786e+000 1.903142246e+000 
1.157245674e+000 1.905548977e+000 
1.120371100e+000 1.887297463e+000 
1.118552230e+000 1.886057894e+000 
1.135425427e+000 1.895477084e+000 
1.176323176e+000 1.912951178e+000 
1.193055367e+000 1.917894145e+000 
1.134620338e+000 1.894860298e+000 
1.140952411e+000 1.898242311e+000 
1.136305454e+000 1.895770181e+000 
1.217280635e+000 1.925251263e+000 
1.181145308e+000 1.914570155e+000 
1.133462993e+000 1.894348188e+000 
1.138028993e+000 1.896618523e+000 
1.177571209e+000 1.913196005e+000 
1.372636103e+000 1.955073552e+000 
1.139284842e+000 1.897300820e+000 
1.263028631e+000 1.937054770e+000 
1.203751842e+000 1.921342521e+000 
1.200032743e+000 1.919982059e+000 
1.149241442e+000 1.902090228e+000 
1.240882483e+000 1.931390694e+000 
1.261661218e+000 1.936743519e+000 
1.125598255e+000 1.890108595e+000 
1.263343355e+000 1.937072730e+000 
1.295331633e+000 1.944131275e+000 
1.247403908e+000 1.932811119e+000 
1.311714248e+000 1.947176017e+000 
1.319889553e+000 1.948997513e+000 
1.236002301e+000 1.929846191e+000 
1.231486661e+000 1.929417745e+000 
1.219126782e+000 1.925541323e+000 
1.303421591e+000 1.945238081e+000 
1.313506317e+000 1.947886734e+000 
1.365155125e+000 1.953570593e+000 
1.329821101e+000 1.950075553e+000 
1.119049449e+000 1.886283051e+000 
1.112981679e+000 1.882219768e+000 
1.343795062e+000 1.951916626e+000 
1.342008694e+000 1.951614732e+000 
1.125345666e+000 1.889888008e+000 
1.337482566e+000 1.950990061e+000 
1.332749368e+000 1.950571563e+000 
1.249000947e+000 1.933160446e+000 
1.252064371e+000 1.933935231e+000 
1.369640707e+000 1.954312310e+000 
1.370988607e+000 1.954779046e+000 
1.369465023e+000 1.954270921e+000 
1.368245564e+000 1.954196032e+000 
1.370819789e+000 1.954514170e+000 
1.253378659e+000 1.934782027e+000 
1.250464587e+000 1.933876189e+000 
1.267338152e+000 1.937824547e+000 
1.282806276e+000 1.941351950e+000 
1.271009676e+000 1.938709525e+000 
1.271226133e+000 1.938887712e+000 
1.279572705e+000 1.940465448e+000 
1.236072112e+000 1.930172864e+000 
1.266383840e+000 1.937507636e+000 
1.235199588e+000 1.929651299e+000 
1.239010218e+000 1.930846516e+000 
1.249560592e+000 1.933682527e+000 
1.249512829e+000 1.933624283e+000 
1.309273805e+000 1.946348604e+000 
1.007855733e+000 1.001555483e+000 
1.007175882e+000 1.001521352e+000 
1.007262773e+000 1.001521383e+000 
1.006729387e+000 1.001485304e+000 
1.008681785e+000 1.001622512e+000 
1.009026081e+000 1.001623703e+000 
1.007768842e+000 1.001555402e+000 
1.008224191e+000 1.001586127e+000 
1.005902486e+000 1.001389783e+000 
1.006085696e+000 1.001419625e+000 
1.006329042e+000 1.001452338e+000 
1.008890633e+000 1.001623481e+000 
1.005688495e+000 1.001359200e+000 
1.006050783e+000 1.001394336e+000 
1.006842233e+000 1.001485496e+000 
1.007522902e+000 1.001522823e+000 
1.006540749e+000 1.001481024e+000 
1.006865263e+000 1.001507828e+000 
1.007029339e+000 1.001516006e+000 
1.009297292e+000 1.001656555e+000 
1.009221722e+000 1.001653463e+000 
1.009181262e+000 1.001653244e+000 
1.006914731e+000 1.001512077e+000 
1.006590217e+000 1.001485273e+000 
1.008630850e+000 1.001619201e+000 
1.008105928e+000 1.001585189e+000 
1.006135229e+000 1.001420728e+000 
1.074096210e+000 1.319449122e+000 
1.073152468e+000 1.318789953e+000 
1.076827369e+000 1.321170662e+000 
1.068933588e+000 1.315112667e+000 
1.070692505e+000 1.316821941e+000 
1.068875229e+000 1.314994760e+000 
1.071696875e+000 1.317703794e+000 
1.076912321e+000 1.321301011e+000 
1.075482391e+000 1.320393674e+000 
1.072019455e+000 1.317944491e+000 
1.071487875e+000 1.317589917e+000 
1.070816180e+000 1.317060898e+000 
1.076681570e+000 1.321131826e+000 
1.071342315e+000 1.317331253e+000 
1.076053415e+000 1.320623393e+000 
1.078044008e+000 1.321909520e+000 
1.077140379e+000 1.321426909e+000 
1.030336160e+000 1.036059662e+000 
1.031249969e+000 1.036985100e+000 
1.031572371e+000 1.037284349e+000 
1.032905539e+000 1.038274061e+000 
1.034907192e+000 1.039686938e+000 
1.048060335e+000 1.046251293e+000 
1.044298509e+000 1.044717024e+000 
1.035114643e+000 1.039712930e+000 
1.032375658e+000 1.037962283e+000 
1.039510145e+000 1.041995614e+000 
1.031348440e+000 1.037095617e+000 
1.044124484e+000 1.044677771e+000 
1.047520084e+000 1.045987782e+000 
1.032340781e+000 1.037933017e+000 
1.051894179e+000 1.047757159e+000 
1.052515353e+000 1.048049636e+000 
1.037937675e+000 1.041038622e+000 
1.051840456e+000 1.047712768e+000 
1.031063846e+000 1.036822830e+000 
1.049992409e+000 1.047132628e+000 
1.031681906e+000 1.037469533e+000 
1.042531780e+000 1.043928844e+000 
1.032242619e+000 1.037925552e+000 
1.035015161e+000 1.039708956e+000 
1.043908772e+000 1.044632421e+000 
1.046196290e+000 1.045556125e+000 
1.032974179e+000 1.038444765e+000 
1.032920867e+000 1.038413875e+000 
1.032148412e+000 1.037880181e+000 
1.035315466e+000 1.040043139e+000 
1.037153942e+000 1.040623554e+000 
1.051170615e+000 1.047577000e+000 
1.046225179e+000 1.045647424e+000 
1.036784561e+000 1.040601259e+000 
1.033387089e+000 1.038850327e+000 
1.034011906e+000 1.039243754e+000 
1.045901218e+000 1.045400940e+000 
1.035750464e+000 1.040183433e+000 
1.047673422e+000 1.046038587e+000 
1.049497938e+000 1.046873519e+000 
1.038397861e+000 1.041496358e+000 
1.038858022e+000 1.041869395e+000 
1.040056291e+000 1.042415158e+000 
1.040530357e+000 1.042776036e+000 
1.041289115e+000 1.043214930e+000 
1.039643185e+000 1.042320952e+000 
1.041061367e+000 1.043120239e+000 
1.041777316e+000 1.043516211e+000 
1.043393822e+000 1.044355941e+000 
1.042455036e+000 1.043852731e+000 
1.038576775e+000 1.041547199e+000 
1.010734504e+000 1.003031353e+000 
1.011336791e+000 1.003170950e+000 
1.009562009e+000 1.002828958e+000 
1.013171632e+000 1.003498959e+000 
1.009492789e+000 1.002820807e+000 
1.010364147e+000 1.003018915e+000 
1.010120802e+000 1.002955438e+000 
1.010977850e+000 1.003094830e+000 
1.009737202e+000 1.002887413e+000 
1.012168306e+000 1.003382202e+000 
1.009806422e+000 1.002895564e+000 
1.011951501e+000 1.003320797e+000 
1.009391777e+000 1.002760074e+000 
1.012720105e+000 1.003468586e+000 
1.010897081e+000 1.003093066e+000 
1.009704389e+000 1.002834173e+000 
1.011115105e+000 1.003102580e+000 
1.013381364e+000 1.003547603e+000 
1.010867312e+000 1.003091654e+000 
1.012281737e+000 1.003385643e+000 
1.010606137e+000 1.003029589e+000 
1.011206603e+000 1.003169670e+000 
1.013220625e+000 1.003535313e+000 
1.012836765e+000 1.003471751e+000 
1.012194846e+000 1.003384274e+000 
1.012540284e+000 1.003457169e+000 
1.000566352e+000 1.000000489e+000 
1.000610190e+000 1.000000573e+000 
1.001157153e+000 1.000000577e+000 
1.000301774e+000 1.000000476e+000 
1.001579072e+000 1.000000589e+000 
1.000000000e+000 1.000000359e+000 
1.000122114e+000 1.000000370e+000 
1.000149277e+000 1.000000475e+000 
1.000046569e+000 1.000000360e+000 
1.001850641e+000 1.000000593e+000 
1.002726778e+000 1.000000726e+000 
1.002345351e+000 1.000000721e+000 
1.062844126e+000 1.121309331e+000 
1.063968310e+000 1.122116952e+000 
1.067429462e+000 1.124111923e+000 
1.060786759e+000 1.119869956e+000 
1.062253255e+000 1.120939925e+000 
1.065096914e+000 1.122745838e+000 
1.061597196e+000 1.120702688e+000 
1.067159898e+000 1.123960538e+000 
1.066756918e+000 1.123728066e+000 
1.060304570e+000 1.119665023e+000 
1.062118137e+000 1.120744295e+000 
1.058847886e+000 1.118378487e+000 
1.067913859e+000 1.124379443e+000 
1.068357009e+000 1.124540430e+000 
1.067158501e+000 1.123806485e+000 
1.059525288e+000 1.119013647e+000 
1.066288113e+000 1.123281478e+000 
1.510760213e+000 1.989548336e+000 
1.526765716e+000 1.990973092e+000 
1.422007636e+000 1.974950575e+000 
1.427100241e+000 1.976536330e+000 
1.429100811e+000 1.976690160e+000 
1.491979265e+000 1.987514000e+000 
1.494002768e+000 1.987885306e+000 
1.424667413e+000 1.975523482e+000 
1.705618244e+000 1.999763862e+000 
1.445836088e+000 1.979431035e+000 
1.381169035e+000 1.962170934e+000 
1.436350338e+000 1.977852087e+000 
1.723211508e+000 2.000000000e+000 
1.403399152e+000 1.970331457e+000 
1.407779118e+000 1.971598119e+000 
1.418742171e+000 1.973782832e+000 
1.444451305e+000 1.979302931e+000 
1.462295823e+000 1.982855317e+000 
1.460349728e+000 1.982476375e+000 
1.494288883e+000 1.988005310e+000 
1.425274619e+000 1.975586807e+000 
1.384105369e+000 1.963375036e+000 
1.422979019e+000 1.975203604e+000 
1.498211301e+000 1.988579047e+000 
1.443033871e+000 1.978942662e+000 
1.442588238e+000 1.978928911e+000 
1.445509714e+000 1.979361390e+000 
1.465385606e+000 1.983370454e+000 
1.444949258e+000 1.979306181e+000 
1.449601675e+000 1.980552273e+000 
1.447878934e+000 1.980154570e+000 
1.491002594e+000 1.987509761e+000 
1.567432656e+000 1.994195074e+000 
1.383476540e+000 1.962680953e+000 
1.495863995e+000 1.988170985e+000 
1.496668959e+000 1.988256865e+000 
1.507650653e+000 1.989254921e+000 
1.387431090e+000 1.964703751e+000 
1.410888576e+000 1.972323037e+000 
1.412769336e+000 1.972854787e+000 
1.569169976e+000 1.994307420e+000 
1.413485926e+000 1.972869189e+000 
1.507679418e+000 1.989255759e+000 
1.685040286e+000 1.999647629e+000 
1.397977182e+000 1.968856357e+000 
1.456204102e+000 1.981703138e+000 
1.469879261e+000 1.983965744e+000 
1.386719602e+000 1.964662517e+000 
1.571806132e+000 1.994521393e+000 
1.500312542e+000 1.988657944e+000 
1.379751270e+000 1.961331429e+000 
1.523250714e+000 1.990636732e+000 
1.477164329e+000 1.985445247e+000 
1.406573811e+000 1.971184917e+000 
1.382993777e+000 1.962599081e+000 
1.493667983e+000 1.987753509e+000 
1.447740124e+000 1.979833080e+000 
1.395955568e+000 1.968128426e+000 
1.446162324e+000 1.979578665e+000 
1.416299037e+000 1.973600439e+000 
1.414912971e+000 1.973208472e+000 
1.455703707e+000 1.981474472e+000 
1.455574621e+000 1.981467193e+000 
1.419895361e+000 1.973999483e+000 
1.496377415e+000 1.988241168e+000 
1.456451729e+000 1.981733272e+000 
1.429660000e+000 1.976734906e+000 
1.431838596e+000 1.977289573e+000 
1.444397142e+000 1.979286778e+000 
1.541795279e+000 1.992299754e+000 
1.379979961e+000 1.961504920e+000 
1.407367662e+000 1.971220232e+000 
1.395403965e+000 1.967685339e+000 
1.457891146e+000 1.981897064e+000 
1.432935310e+000 1.977551361e+000 
1.428603504e+000 1.976665170e+000 
1.541792150e+000 1.992262461e+000 
1.507780005e+000 1.989503290e+000 
1.495401706e+000 1.988168859e+000 
1.502301111e+000 1.988923527e+000 
1.443898007e+000 1.979016121e+000 
1.500773538e+000 1.988839641e+000 
1.450881332e+000 1.980971469e+000 
1.410977076e+000 1.972354585e+000 
1.699295099e+000 1.999657490e+000 
1.454988417e+000 1.981407336e+000 
1.387484976e+000 1.964788142e+000 
1.574084418e+000 1.994564227e+000 
1.398977973e+000 1.968972530e+000 
1.388395343e+000 1.965729763e+000 
1.444196887e+000 1.979057562e+000 
1.443121084e+000 1.978955678e+000 
1.450595205e+000 1.980712491e+000 
1.381142139e+000 1.962030591e+000 
1.381937918e+000 1.962383686e+000 
1.706762425e+000 1.999852590e+000 
1.505872550e+000 1.989036604e+000 
1.516011795e+000 1.990167326e+000 
1.409703452e+000 1.971912761e+000 
1.455707671e+000 1.981619987e+000 
1.469245900e+000 1.983832017e+000 
1.546540861e+000 1.992682787e+000 
1.474029343e+000 1.984782583e+000 
1.401947841e+000 1.970024553e+000 
1.390601353e+000 1.966169480e+000 
1.465765299e+000 1.983397048e+000 
1.451940277e+000 1.980986559e+000 
1.506454403e+000 1.989080194e+000 
1.450378291e+000 1.980707955e+000 
1.393886157e+000 1.967060152e+000 
1.405508417e+000 1.970562092e+000 
1.397163525e+000 1.968354961e+000 
1.476216557e+000 1.985091765e+000 
1.488530773e+000 1.987135155e+000 
1.397349612e+000 1.968718351e+000 
1.394198816e+000 1.967211968e+000 
1.399135299e+000 1.969256254e+000 
1.393370344e+000 1.966847267e+000 
1.388035024e+000 1.965282183e+000 
1.401499372e+000 1.969956429e+000 
1.452744632e+000 1.981180427e+000 
1.399315542e+000 1.969322727e+000 
1.391781705e+000 1.966392671e+000 
1.429769779e+000 1.976876184e+000 
1.434445276e+000 1.977746952e+000 
1.721424520e+000 1.999967830e+000 
1.474695917e+000 1.984955790e+000 
1.453267135e+000 1.981187627e+000 
1.471050139e+000 1.984101933e+000 
1.474606503e+000 1.984864218e+000 
1.446801745e+000 1.979792377e+000 
1.391937432e+000 1.966514378e+000 
1.391535447e+000 1.966185975e+000 
1.434178714e+000 1.977698594e+000 
1.389720456e+000 1.966111123e+000 
1.469082327e+000 1.983735275e+000 
1.398670896e+000 1.968958026e+000 
1.552229489e+000 1.993223157e+000 
1.389513349e+000 1.965794587e+000 
1.395878349e+000 1.967902228e+000 
1.396530396e+000 1.968336019e+000 
1.505497942e+000 1.988940138e+000 
1.395906858e+000 1.968115147e+000 
1.435093058e+000 1.977826336e+000 
1.706359964e+000 1.999776581e+000 
1.380663805e+000 1.961901304e+000 
1.659121846e+000 1.998988621e+000 
1.667609693e+000 1.999147718e+000 
1.462580109e+000 1.982976309e+000 
1.681094612e+000 1.999569121e+000 
1.436539212e+000 1.978080396e+000 
1.401121356e+000 1.969865917e+000 
1.492474467e+000 1.987678550e+000 
1.456981442e+000 1.981810607e+000 
1.437565566e+000 1.978157075e+000 
1.482729177e+000 1.986483104e+000 
1.475126056e+000 1.985044371e+000 
1.438893473e+000 1.978792018e+000 
1.462918722e+000 1.983053034e+000 
1.438650387e+000 1.978574455e+000 
1.459664719e+000 1.982372735e+000 
1.478942017e+000 1.985914649e+000 
1.484193679e+000 1.986555884e+000 
1.663007217e+000 1.999139029e+000 
1.385008318e+000 1.963487790e+000 
1.385857676e+000 1.964101141e+000 
1.464327550e+000 1.983193709e+000 
1.463723224e+000 1.983132062e+000 
1.494694020e+000 1.988046319e+000 
1.458052028e+000 1.981985509e+000 
1.667729773e+000 1.999155910e+000 
1.669729480e+000 1.999324691e+000 
1.385260917e+000 1.963557381e+000 
1.530495110e+000 1.991460588e+000 
1.475387544e+000 1.985049875e+000 
1.485558603e+000 1.986695893e+000 
1.704468807e+000 1.999738031e+000 
1.386349202e+000 1.964343796e+000 
1.481005269e+000 1.986188656e+000 
1.486798389e+000 1.986958768e+000 
1.531357736e+000 1.991545238e+000 
1.488978137e+000 1.987230055e+000 
1.529367269e+000 1.991456495e+000 
1.717624918e+000 1.999965450e+000 
1.534615452e+000 1.991875451e+000 
1.534059666e+000 1.991803649e+000 
1.531441105e+000 1.991577910e+000 
1.419426125e+000 1.973978517e+000 
1.525992754e+000 1.990948135e+000 
1.526916840e+000 1.991146237e+000 
1.713700218e+000 1.999963730e+000 
1.535877928e+000 1.992031595e+000 
1.519128335e+000 1.990603261e+000 
1.539073029e+000 1.992193337e+000 
1.711534846e+000 1.999894712e+000 
1.468440025e+000 1.983724173e+000 
1.412711547e+000 1.972605268e+000 
1.683549546e+000 1.999636401e+000 
1.411175636e+000 1.972499267e+000 
1.415576632e+000 1.973299461e+000 
1.523735736e+000 1.990839968e+000 
1.476572173e+000 1.985360747e+000 
1.414153845e+000 1.973135711e+000 
1.525714779e+000 1.990942933e+000 
1.408936875e+000 1.971805815e+000 
1.680133741e+000 1.999534204e+000 
1.683384066e+000 1.999618311e+000 
1.417760281e+000 1.973670410e+000 
1.405526120e+000 1.970860312e+000 
1.713240705e+000 1.999916867e+000 
1.404463518e+000 1.970423904e+000 
1.527295413e+000 1.991147359e+000 
1.477721301e+000 1.985611759e+000 
1.511209280e+000 1.989700305e+000 
1.468095939e+000 1.983690482e+000 
1.478306654e+000 1.985624806e+000 
1.477407740e+000 1.985470266e+000 
1.518735029e+000 1.990303952e+000 
1.517204141e+000 1.990205492e+000 
1.676003410e+000 1.999460708e+000 
1.513996286e+000 1.989901160e+000 
1.674548821e+000 1.999409934e+000 
1.405201291e+000 1.970558258e+000 
1.519092471e+000 1.990493506e+000 
1.678334625e+000 1.999522346e+000 
1.676672795e+000 1.999481634e+000 
1.512874123e+000 1.989783791e+000 
1.421892068e+000 1.974469142e+000 
1.649229032e+000 1.998513702e+000 
1.667831755e+000 1.999292891e+000 
1.653155295e+000 1.998598422e+000 
1.514796460e+000 1.989954102e+000 
1.649973051e+000 1.998566176e+000 
1.653527994e+000 1.998654366e+000 
1.654145152e+000 1.998838928e+000 
1.565663980e+000 1.994120742e+000 
1.564814217e+000 1.994027847e+000 
1.547125484e+000 1.992757280e+000 
1.446105189e+000 1.979522167e+000 
1.547072103e+000 1.992723845e+000 
1.549969224e+000 1.992950269e+000 
1.541991452e+000 1.992444021e+000 
1.542497173e+000 1.992478319e+000 
1.543022040e+000 1.992569592e+000 
1.556864995e+000 1.993528732e+000 
1.591701690e+000 1.995715751e+000 
1.587035078e+000 1.995470054e+000 
1.558800655e+000 1.993644250e+000 
1.578360522e+000 1.995136686e+000 
1.588938988e+000 1.995567551e+000 
1.539559485e+000 1.992201940e+000 
1.574251789e+000 1.994645565e+000 
1.574941193e+000 1.994750746e+000 
1.576837532e+000 1.994997918e+000 
1.550964711e+000 1.993051143e+000 
1.577877526e+000 1.995029870e+000 
1.554804585e+000 1.993349153e+000 
1.576590184e+000 1.994936201e+000 
1.582920188e+000 1.995238258e+000 
1.585929412e+000 1.995433116e+000 
1.649134038e+000 1.998466986e+000 
1.654069147e+000 1.998731891e+000 
1.583935379e+000 1.995278245e+000 
1.562660484e+000 1.993976759e+000 
1.587716733e+000 1.995473407e+000 
1.704547221e+000 1.999742855e+000 
1.558407075e+000 1.993608501e+000 
1.561159986e+000 1.993810876e+000 
1.596120814e+000 1.995934766e+000 
1.595110956e+000 1.995864356e+000 
1.597477304e+000 1.995950061e+000 
1.641081244e+000 1.998319204e+000 
1.639100973e+000 1.998198392e+000 
1.595830701e+000 1.995911703e+000 
1.646855700e+000 1.998407337e+000 
1.606524646e+000 1.996578254e+000 
1.630206048e+000 1.997806732e+000 
1.608157597e+000 1.996767482e+000 
1.640883869e+000 1.998206514e+000 
1.604021994e+000 1.996387132e+000 
1.612559840e+000 1.996972985e+000 
1.627208953e+000 1.997742907e+000 
1.631989546e+000 1.997934218e+000 
1.602443040e+000 1.996342977e+000 
1.610286144e+000 1.996871249e+000 
1.637614843e+000 1.998054249e+000 
1.623140819e+000 1.997480794e+000 
1.619109516e+000 1.997276008e+000 
1.617257411e+000 1.997265479e+000 
1.636278899e+000 1.997994848e+000 
1.599297814e+000 1.996103222e+000 
1.620594791e+000 1.997404507e+000 
1.620561898e+000 1.997365641e+000 
1.617029136e+000 1.997263108e+000 
1.635653647e+000 1.997954259e+000 
1.619619624e+000 1.997350638e+000 
1.600415373e+000 1.996198977e+000 
1.629300619e+000 1.997754739e+000 

