1.008973668e+000 1.007350388e+000 
1.010097123e+000 1.007803984e+000 
1.009419356e+000 1.007552374e+000 
1.008844466e+000 1.007337022e+000 
1.009336731e+000 1.007536650e+000 
1.009622112e+000 1.007629905e+000 
1.009091551e+000 1.007443472e+000 
1.009411545e+000 1.007536915e+000 
1.011115498e+000 1.008099661e+000 
1.009916436e+000 1.007776149e+000 
1.008761003e+000 1.007262799e+000 
1.010408653e+000 1.007897162e+000 
1.009861993e+000 1.007714427e+000 
1.009851854e+000 1.007710346e+000 
1.011630505e+000 1.008279964e+000 
1.011046171e+000 1.008098479e+000 
1.008610249e+000 1.007179836e+000 
1.009560170e+000 1.007602046e+000 
1.011652933e+000 1.008282048e+000 
1.007820932e+000 1.006751517e+000 
1.006951907e+000 1.006476674e+000 
1.007287982e+000 1.006658339e+000 
1.008336531e+000 1.007113777e+000 
1.006772661e+000 1.006373066e+000 
1.008370354e+000 1.007135579e+000 
1.006880679e+000 1.006461553e+000 
1.007992018e+000 1.006993980e+000 
1.008458154e+000 1.007158378e+000 
1.007918682e+000 1.006965461e+000 
1.008160182e+000 1.007058639e+000 
1.006876961e+000 1.006377482e+000 
1.007056336e+000 1.006487257e+000 
1.002771045e+000 1.000938636e+000 
1.003410404e+000 1.001023715e+000 
1.003093247e+000 1.001001713e+000 
1.003436592e+000 1.001023901e+000 
1.003656994e+000 1.001054704e+000 
1.002799239e+000 1.000938781e+000 
1.003601298e+000 1.001035537e+000 
1.002843578e+000 1.000942503e+000 
1.003271774e+000 1.001009565e+000 
1.003626944e+000 1.001039582e+000 
1.002909067e+000 1.000972876e+000 
1.003323618e+000 1.001011346e+000 
1.003753326e+000 1.001056672e+000 
1.003473654e+000 1.001028410e+000 
1.003903361e+000 1.001073737e+000 
1.003638471e+000 1.001042746e+000 
1.003392105e+000 1.001023714e+000 
1.003227287e+000 1.001009377e+000 
1.003650077e+000 1.001042902e+000 
1.003089451e+000 1.000992313e+000 
1.003383990e+000 1.001023673e+000 
1.003630357e+000 1.001042706e+000 
1.003214593e+000 1.001006864e+000 
1.003221294e+000 1.001007326e+000 
1.000403344e+000 1.000045221e+000 
1.000060380e+000 1.000037066e+000 
1.000162461e+000 1.000041403e+000 
1.000317158e+000 1.000044151e+000 
1.000177355e+000 1.000041421e+000 
1.000213764e+000 1.000042372e+000 
1.000228974e+000 1.000042386e+000 
1.000052632e+000 1.000037062e+000 
1.000478663e+000 1.000045716e+000 
1.000101860e+000 1.000038907e+000 
1.000144597e+000 1.000040642e+000 
1.000159807e+000 1.000040657e+000 
1.000439239e+000 1.000045609e+000 
1.000192565e+000 1.000041436e+000 
1.000044694e+000 1.000036249e+000 
1.000118193e+000 1.000039705e+000 
1.000472970e+000 1.000045617e+000 
1.000131510e+000 1.000039792e+000 
1.000667861e+000 1.000046894e+000 
1.001039564e+000 1.000048610e+000 
1.000861334e+000 1.000047899e+000 
1.000108188e+000 1.000039692e+000 
1.000594706e+000 1.000046779e+000 
1.000307731e+000 1.000043273e+000 
1.000975421e+000 1.000047900e+000 
1.000115936e+000 1.000039695e+000 
1.000100249e+000 1.000038878e+000 
1.001019216e+000 1.000048598e+000 
1.000634131e+000 1.000046886e+000 
1.000752588e+000 1.000047478e+000 
1.000547422e+000 1.000046389e+000 
1.000074179e+000 1.000038735e+000 
1.000095820e+000 1.000038859e+000 
1.000427451e+000 1.000045243e+000 
1.000425685e+000 1.000045239e+000 
1.000586846e+000 1.000046496e+000 
1.000251316e+000 1.000042405e+000 
1.000298600e+000 1.000042783e+000 
1.001016625e+000 1.000048288e+000 
1.000275846e+000 1.000042490e+000 
1.000512394e+000 1.000045723e+000 
1.000236422e+000 1.000042387e+000 
1.001063909e+000 1.000048664e+000 
1.000744727e+000 1.000047208e+000 
1.000828809e+000 1.000047666e+000 
1.001102539e+000 1.000049441e+000 
1.000792012e+000 1.000047585e+000 
1.000123399e+000 1.000039706e+000 
1.000268190e+000 1.000042460e+000 
1.000990267e+000 1.000047920e+000 
1.000303091e+000 1.000043219e+000 
1.000386785e+000 1.000044547e+000 
1.000339500e+000 1.000044169e+000 
1.000103759e+000 1.000039672e+000 
1.000371035e+000 1.000044375e+000 
1.000997874e+000 1.000048193e+000 
1.015964430e+000 1.018188026e+000 
1.016578738e+000 1.018549843e+000 
1.014327499e+000 1.017289625e+000 
1.013921579e+000 1.016920444e+000 
1.014949998e+000 1.017695233e+000 
1.016429719e+000 1.018477179e+000 
1.015518771e+000 1.018003083e+000 
1.015080488e+000 1.017763708e+000 
1.014584564e+000 1.017372072e+000 
1.015822508e+000 1.018172067e+000 
1.015381866e+000 1.017951738e+000 
1.015754282e+000 1.018158629e+000 
1.001155272e+000 1.000208225e+000 
1.002273069e+000 1.000268205e+000 
1.001209115e+000 1.000213152e+000 
1.001623313e+000 1.000247125e+000 
1.001164220e+000 1.000208240e+000 
1.001401065e+000 1.000232185e+000 
1.001383842e+000 1.000231768e+000 
1.002294636e+000 1.000271111e+000 
1.001690716e+000 1.000248231e+000 
1.001682157e+000 1.000248076e+000 
1.001736739e+000 1.000252556e+000 
1.001676786e+000 1.000247816e+000 
1.001903237e+000 1.000257429e+000 
1.002120909e+000 1.000266095e+000 
1.002369043e+000 1.000272495e+000 
1.002690761e+000 1.000280936e+000 
1.001878321e+000 1.000257112e+000 
1.001984909e+000 1.000260823e+000 
1.001719517e+000 1.000252141e+000 
1.001929259e+000 1.000260517e+000 
1.001640535e+000 1.000247540e+000 
1.002365935e+000 1.000271113e+000 
1.002461134e+000 1.000275984e+000 
1.001833055e+000 1.000255500e+000 
1.001245597e+000 1.000217632e+000 
1.002668189e+000 1.000280331e+000 
1.002557677e+000 1.000276842e+000 
1.001230149e+000 1.000217527e+000 
1.001240698e+000 1.000217548e+000 
1.002460998e+000 1.000275068e+000 
1.004246559e+000 1.002451737e+000 
1.004302080e+000 1.002492053e+000 
1.005019279e+000 1.002713130e+000 
1.005519231e+000 1.002791363e+000 
1.004861196e+000 1.002672269e+000 
1.005110711e+000 1.002714910e+000 
1.004798350e+000 1.002655184e+000 
1.004501289e+000 1.002570985e+000 
1.005161285e+000 1.002736084e+000 
1.006623941e+000 1.002977127e+000 
1.004224070e+000 1.002449013e+000 
1.004734370e+000 1.002636613e+000 
1.004914771e+000 1.002681516e+000 
1.005376244e+000 1.002762391e+000 
1.005419737e+000 1.002767147e+000 
1.004297965e+000 1.002458329e+000 
1.005475116e+000 1.002781782e+000 
1.006220961e+000 1.002905363e+000 
1.004662665e+000 1.002629864e+000 
1.006359944e+000 1.002927378e+000 
1.004246409e+000 1.002451708e+000 
1.006768096e+000 1.003004595e+000 
1.006374473e+000 1.002935735e+000 
1.006478185e+000 1.002958978e+000 
1.006429495e+000 1.002947410e+000 
1.006533207e+000 1.002970653e+000 
1.006469953e+000 1.002954483e+000 
1.006231448e+000 1.002912434e+000 
1.042643509e+000 1.296802177e+000 
1.043417853e+000 1.298794776e+000 
1.043045644e+000 1.297787100e+000 
1.066358731e+000 1.874915118e+000 
1.077009013e+000 1.882971539e+000 
1.044198289e+000 1.846374390e+000 
1.075767842e+000 1.882206933e+000 
1.107598551e+000 1.901066473e+000 
1.127575268e+000 1.910425813e+000 
1.045652134e+000 1.849100097e+000 
1.048306353e+000 1.853943854e+000 
1.196839071e+000 1.929273529e+000 
1.047366646e+000 1.852027065e+000 
1.046581360e+000 1.850625866e+000 
1.122047747e+000 1.908332515e+000 
1.043433873e+000 1.844820354e+000 
1.044199072e+000 1.846444085e+000 
1.073155707e+000 1.880322939e+000 
1.044422454e+000 1.846711529e+000 
1.054334728e+000 1.862258232e+000 
1.089567181e+000 1.891452638e+000 
1.091527484e+000 1.892747045e+000 
1.106203589e+000 1.900737401e+000 
1.102716889e+000 1.899085930e+000 
1.056940349e+000 1.865453347e+000 
1.057457232e+000 1.865919762e+000 
1.075671737e+000 1.882064298e+000 
1.272838383e+000 1.940797882e+000 
1.048397371e+000 1.854022703e+000 
1.117049426e+000 1.905434037e+000 
1.167236478e+000 1.923620154e+000 
1.115043053e+000 1.904636930e+000 
1.091388781e+000 1.892528318e+000 
1.051820869e+000 1.858578405e+000 
1.077859913e+000 1.883444201e+000 
1.159629072e+000 1.922296778e+000 
1.116456215e+000 1.905189614e+000 
1.083778875e+000 1.887656452e+000 
1.161352029e+000 1.922370489e+000 
1.110947790e+000 1.902871983e+000 
1.214197887e+000 1.932429383e+000 
1.173383652e+000 1.924716775e+000 
1.071858580e+000 1.879606044e+000 
1.151301327e+000 1.918237093e+000 
1.157139192e+000 1.921728663e+000 
1.101780264e+000 1.898510746e+000 
1.216416908e+000 1.933170149e+000 
1.063307116e+000 1.872231294e+000 
1.074464299e+000 1.881310975e+000 
1.073135704e+000 1.880227352e+000 
1.145508383e+000 1.917212717e+000 
1.174567189e+000 1.925841959e+000 
1.121233528e+000 1.907688057e+000 
1.045090051e+000 1.847752279e+000 
1.053005495e+000 1.860402998e+000 
1.064950261e+000 1.874100322e+000 
1.047599678e+000 1.852278468e+000 
1.102065403e+000 1.898756190e+000 
1.102390878e+000 1.898825957e+000 
1.101334896e+000 1.898015057e+000 
1.046209651e+000 1.850117812e+000 
1.049473747e+000 1.855725366e+000 
1.069694235e+000 1.877955164e+000 
1.198126438e+000 1.929401465e+000 
1.281223696e+000 1.943485850e+000 
1.110132995e+000 1.902484654e+000 
1.124840490e+000 1.909628341e+000 
1.055609659e+000 1.863886726e+000 
1.128085827e+000 1.910791869e+000 
1.055252216e+000 1.863416164e+000 
1.252709159e+000 1.937683556e+000 
1.143124817e+000 1.915748314e+000 
1.063692273e+000 1.872779802e+000 
1.066646027e+000 1.875476994e+000 
1.101915277e+000 1.898689496e+000 
1.055569066e+000 1.863832306e+000 
1.045610706e+000 1.848876528e+000 
1.053231726e+000 1.860871931e+000 
1.126273701e+000 1.910034849e+000 
1.086041506e+000 1.889121888e+000 
1.051066579e+000 1.857771226e+000 
1.223012760e+000 1.934744333e+000 
1.047883671e+000 1.852876471e+000 
1.127193071e+000 1.910375196e+000 
1.060682927e+000 1.869606004e+000 
1.145052520e+000 1.917049757e+000 
1.059200042e+000 1.867971772e+000 
1.050195232e+000 1.856780534e+000 
1.058448464e+000 1.867277454e+000 
1.072842330e+000 1.880108301e+000 
1.230524395e+000 1.936554352e+000 
1.228610323e+000 1.936121086e+000 
1.046943366e+000 1.851090993e+000 
1.071110687e+000 1.879059087e+000 
1.216742694e+000 1.933609401e+000 
1.227927452e+000 1.935783816e+000 
1.055942399e+000 1.864323995e+000 
1.099957423e+000 1.897698317e+000 
1.077646985e+000 1.883383179e+000 
1.149470900e+000 1.918198608e+000 
1.132663619e+000 1.912020637e+000 
1.157262813e+000 1.922192562e+000 
1.120091463e+000 1.907461643e+000 
1.267787195e+000 1.939835460e+000 
1.068160324e+000 1.876654830e+000 
1.049919435e+000 1.856217332e+000 
1.051578272e+000 1.858508582e+000 
1.070992804e+000 1.878849973e+000 
1.156710032e+000 1.921385463e+000 
1.147475806e+000 1.917901063e+000 
1.059850642e+000 1.868769304e+000 
1.212131675e+000 1.931820996e+000 
1.161740378e+000 1.922903450e+000 
1.073680299e+000 1.880820008e+000 
1.051980291e+000 1.858891293e+000 
1.093040996e+000 1.893500553e+000 
1.061737653e+000 1.870766514e+000 
1.090556490e+000 1.892133318e+000 
1.068610543e+000 1.877138290e+000 
1.052255209e+000 1.859308500e+000 
1.062581684e+000 1.871549277e+000 
1.067089518e+000 1.875980010e+000 
1.095117570e+000 1.894959143e+000 
1.067802774e+000 1.876301192e+000 
1.146852823e+000 1.917781026e+000 
1.072172969e+000 1.879801723e+000 
1.113980786e+000 1.904386919e+000 
1.136479192e+000 1.913302658e+000 
1.060929885e+000 1.869930971e+000 
1.102073551e+000 1.898769467e+000 
1.078374941e+000 1.883703082e+000 
1.061635551e+000 1.870704937e+000 
1.203449006e+000 1.931175789e+000 
1.130875341e+000 1.911531539e+000 
1.072592692e+000 1.879906018e+000 
1.204915549e+000 1.931270633e+000 
1.082872199e+000 1.887171852e+000 
1.081259882e+000 1.885905528e+000 
1.177217719e+000 1.926756861e+000 
1.110655818e+000 1.902717601e+000 
1.133652995e+000 1.912103312e+000 
1.277523942e+000 1.942434606e+000 
1.173963270e+000 1.925553866e+000 
1.137500441e+000 1.913594676e+000 
1.190266368e+000 1.927701032e+000 
1.281797281e+000 1.943517709e+000 
1.269250736e+000 1.940290537e+000 
1.225243059e+000 1.934856825e+000 
1.225407632e+000 1.935442993e+000 
1.167242937e+000 1.924167146e+000 
1.112309563e+000 1.903585448e+000 
1.089132692e+000 1.891148420e+000 
1.216328047e+000 1.932439460e+000 
1.103570228e+000 1.899621361e+000 
1.129190870e+000 1.911332470e+000 
1.233812054e+000 1.936826254e+000 
1.231641420e+000 1.936824230e+000 
1.134524712e+000 1.912437416e+000 
1.263841544e+000 1.939170455e+000 
1.131220372e+000 1.911637406e+000 
1.266560811e+000 1.939620253e+000 
1.144553041e+000 1.916664317e+000 
1.274193607e+000 1.941227979e+000 
1.179945413e+000 1.927248520e+000 
1.200575947e+000 1.930493524e+000 
1.138456556e+000 1.913978593e+000 
1.096018474e+000 1.895392832e+000 
1.222545368e+000 1.934056072e+000 
1.099278656e+000 1.897009298e+000 
1.048074130e+000 1.853133860e+000 
1.190671123e+000 1.927857889e+000 
1.190058426e+000 1.927692285e+000 
1.177726035e+000 1.926896234e+000 
1.135046283e+000 1.912527589e+000 
1.100380203e+000 1.897842077e+000 
1.274504818e+000 1.941827029e+000 
1.176500580e+000 1.926576919e+000 
1.251477951e+000 1.937157712e+000 
1.197422323e+000 1.929298435e+000 
1.127845332e+000 1.910656059e+000 
1.255410864e+000 1.937847559e+000 
1.254059572e+000 1.937825165e+000 
1.273549595e+000 1.940913328e+000 
1.084687237e+000 1.888400734e+000 
1.130165802e+000 1.911444090e+000 
1.260117163e+000 1.938839670e+000 
1.081372142e+000 1.885965483e+000 
1.137944663e+000 1.913703210e+000 
1.193432700e+000 1.928457249e+000 
1.100722580e+000 1.897939528e+000 
1.097586469e+000 1.896292664e+000 
1.091738215e+000 1.892837416e+000 
1.244844181e+000 1.937114743e+000 
1.148922882e+000 1.918179322e+000 
1.080630863e+000 1.885382850e+000 
1.086343170e+000 1.889302981e+000 
1.086389375e+000 1.889432449e+000 
1.132386021e+000 1.911706953e+000 
1.119352712e+000 1.906642276e+000 
1.118988456e+000 1.906323710e+000 
1.109538527e+000 1.902089354e+000 
1.037139853e+000 1.074948671e+000 
1.037830310e+000 1.075334326e+000 
1.030072640e+000 1.068323343e+000 
1.029733017e+000 1.067919803e+000 
1.035136932e+000 1.073271984e+000 
1.028695761e+000 1.066005016e+000 
1.031150362e+000 1.069428236e+000 
1.035006468e+000 1.073133989e+000 
1.030406066e+000 1.068647201e+000 
1.030512388e+000 1.068841174e+000 
1.031413635e+000 1.069805646e+000 
1.030923583e+000 1.069200962e+000 
1.034861988e+000 1.073014305e+000 
1.028709655e+000 1.066057006e+000 
1.034158728e+000 1.072299860e+000 
1.032740744e+000 1.070976788e+000 
1.031602442e+000 1.069960680e+000 
1.030524720e+000 1.068855018e+000 
1.034587396e+000 1.072751863e+000 
1.001422282e+000 1.000238014e+000 
1.001581964e+000 1.000244117e+000 
1.001519444e+000 1.000243015e+000 
1.002074226e+000 1.000262836e+000 
1.001552180e+000 1.000243658e+000 
1.001620989e+000 1.000244194e+000 
1.001701408e+000 1.000248236e+000 
1.002036059e+000 1.000262756e+000 
1.001464810e+000 1.000238448e+000 
1.001320905e+000 1.000228879e+000 
1.001360277e+000 1.000229242e+000 
1.002021521e+000 1.000261284e+000 
1.001558001e+000 1.000243754e+000 
1.001531814e+000 1.000243046e+000 
1.001418337e+000 1.000233344e+000 
1.001540638e+000 1.000243123e+000 
1.001253138e+000 1.000219600e+000 
1.001269285e+000 1.000224176e+000 
1.001340046e+000 1.000229108e+000 
1.002244794e+000 1.000266989e+000 
1.001492257e+000 1.000242980e+000 
1.001269875e+000 1.000227556e+000 
1.001929096e+000 1.000257715e+000 
1.001487345e+000 1.000242337e+000 
1.001455986e+000 1.000238372e+000 
1.001413501e+000 1.000233277e+000 
1.002106837e+000 1.000263524e+000 
1.038465623e+000 1.136500246e+000 
1.038146628e+000 1.135931458e+000 
1.038320979e+000 1.136276245e+000 
1.039540462e+000 1.138130148e+000 
1.041367723e+000 1.140485349e+000 
1.039591377e+000 1.138447737e+000 
1.039733327e+000 1.138451973e+000 
1.039105440e+000 1.137581718e+000 
1.039525853e+000 1.138112718e+000 
1.038748255e+000 1.137120596e+000 
1.041129442e+000 1.140212228e+000 
1.000004141e+000 1.000000002e+000 
1.000000000e+000 1.000000000e+000 
1.000000190e+000 1.000000001e+000 
1.017081485e+000 1.031280278e+000 
1.019322982e+000 1.033452717e+000 
1.025519156e+000 1.037474192e+000 
1.017386387e+000 1.031685500e+000 
1.018973552e+000 1.033120425e+000 
1.025306896e+000 1.037365066e+000 
1.018665533e+000 1.033008914e+000 
1.017756473e+000 1.032053177e+000 
1.022878900e+000 1.035963794e+000 
1.016943982e+000 1.031144982e+000 
1.027429859e+000 1.038404993e+000 
1.018267143e+000 1.032611473e+000 
1.019073127e+000 1.033363746e+000 
1.027726115e+000 1.038482861e+000 
1.019657615e+000 1.033731780e+000 
1.027076473e+000 1.038269001e+000 
1.018416926e+000 1.032722587e+000 
1.018823458e+000 1.033093958e+000 
1.026300297e+000 1.037861136e+000 
1.025487674e+000 1.037416145e+000 
1.023566908e+000 1.036380555e+000 
1.019590919e+000 1.033628205e+000 
1.028259146e+000 1.038838366e+000 
1.027809222e+000 1.038559484e+000 
1.022600834e+000 1.035737135e+000 
1.022497886e+000 1.035707608e+000 
1.021996853e+000 1.035363943e+000 
1.023527277e+000 1.036377794e+000 
1.022374921e+000 1.035618546e+000 
1.021958173e+000 1.035352081e+000 
1.021628171e+000 1.035072089e+000 
1.022679716e+000 1.035770473e+000 
1.022455183e+000 1.035658391e+000 
1.003885192e+000 1.001072546e+000 
1.003753633e+000 1.001059068e+000 
1.003933438e+000 1.001076589e+000 
1.004124636e+000 1.001095234e+000 
1.004222126e+000 1.001110297e+000 
1.004077985e+000 1.001093677e+000 
1.003772592e+000 1.001060048e+000 
1.004097086e+000 1.001095102e+000 
1.003905888e+000 1.001076458e+000 
1.004194575e+000 1.001110165e+000 
1.003808398e+000 1.001061394e+000 
1.004173880e+000 1.001106254e+000 
1.004021625e+000 1.001088865e+000 
1.012028975e+000 1.015037292e+000 
1.012784880e+000 1.015685510e+000 
1.011833018e+000 1.014546822e+000 
1.013151182e+000 1.015863772e+000 
1.013230346e+000 1.015895064e+000 
1.013731686e+000 1.016200074e+000 
1.012108149e+000 1.015071716e+000 
1.013482640e+000 1.016054604e+000 
1.011851793e+000 1.014684414e+000 
1.013490884e+000 1.016080359e+000 
1.011924216e+000 1.014834437e+000 
1.012999059e+000 1.015828602e+000 
1.012545461e+000 1.015342545e+000 
1.013287256e+000 1.015980530e+000 
1.013138232e+000 1.015855106e+000 
1.441043918e+000 1.983081392e+000 
1.289161812e+000 1.947199849e+000 
1.719713027e+000 1.999423329e+000 
1.438934744e+000 1.983026113e+000 
1.302775022e+000 1.953476881e+000 
1.282001025e+000 1.944210643e+000 
1.286112956e+000 1.945986850e+000 
1.374024545e+000 1.972278791e+000 
1.306386867e+000 1.954189130e+000 
1.292506337e+000 1.949234798e+000 
1.289902916e+000 1.949096915e+000 
1.486082813e+000 1.988045012e+000 
1.344323807e+000 1.965416421e+000 
1.284195980e+000 1.945158405e+000 
1.288336658e+000 1.946920778e+000 
1.288319402e+000 1.946771555e+000 
1.304946670e+000 1.953867414e+000 
1.452867774e+000 1.984679082e+000 
1.343611952e+000 1.964841384e+000 
1.307497034e+000 1.954672392e+000 
1.287097572e+000 1.946203552e+000 
1.302284825e+000 1.953374559e+000 
1.343903173e+000 1.965088374e+000 
1.302910697e+000 1.953837133e+000 
1.299277014e+000 1.953094302e+000 
1.437024734e+000 1.982949964e+000 
1.364343184e+000 1.969753921e+000 
1.287969040e+000 1.946543568e+000 
1.301733609e+000 1.953308757e+000 
1.509988233e+000 1.990367526e+000 
1.286322327e+000 1.946199479e+000 
1.287303993e+000 1.946480240e+000 
1.333910350e+000 1.962234699e+000 
1.720506278e+000 1.999590569e+000 
1.354497348e+000 1.968215357e+000 
1.297600809e+000 1.950706924e+000 
1.411612070e+000 1.979471362e+000 
1.353748943e+000 1.968164180e+000 
1.352039200e+000 1.967932557e+000 
1.694985418e+000 1.999080545e+000 
1.409570711e+000 1.979372950e+000 
1.766888508e+000 1.999922969e+000 
1.539903811e+000 1.993259612e+000 
1.294073176e+000 1.949962464e+000 
1.337706448e+000 1.963036704e+000 
1.334845643e+000 1.962515427e+000 
1.695606687e+000 1.999154465e+000 
1.296916187e+000 1.950612863e+000 
1.294983132e+000 1.950432679e+000 
1.695947757e+000 1.999199989e+000 
1.438238252e+000 1.982987147e+000 
1.337217604e+000 1.962744412e+000 
1.767009169e+000 1.999925031e+000 
1.298097129e+000 1.951419506e+000 
1.337344677e+000 1.962902299e+000 
1.299058931e+000 1.952088562e+000 
1.335496067e+000 1.962683102e+000 
1.689387151e+000 1.999061397e+000 
1.546522308e+000 1.993669963e+000 
1.352588449e+000 1.968073144e+000 
1.357789471e+000 1.968607946e+000 
1.353804221e+000 1.968210047e+000 
1.436838838e+000 1.982929395e+000 
1.452424145e+000 1.984676197e+000 
1.429601048e+000 1.982025097e+000 
1.541207390e+000 1.993299100e+000 
1.542819645e+000 1.993408558e+000 
1.638716542e+000 1.997832650e+000 
1.346932217e+000 1.966294944e+000 
1.724464913e+000 1.999590853e+000 
1.332026321e+000 1.962062735e+000 
1.727155719e+000 1.999709394e+000 
1.361706738e+000 1.969111494e+000 
1.726823429e+000 1.999631598e+000 
1.350663475e+000 1.967362953e+000 
1.510381519e+000 1.990468382e+000 
1.375639057e+000 1.972872008e+000 
1.348232804e+000 1.967227448e+000 
1.727308602e+000 1.999712037e+000 
1.358711331e+000 1.968675734e+000 
1.351009149e+000 1.967594417e+000 
1.298019381e+000 1.950841844e+000 
1.449400795e+000 1.984341665e+000 
1.512213194e+000 1.990707395e+000 
1.359010996e+000 1.968974636e+000 
1.512889637e+000 1.990810350e+000 
1.367920658e+000 1.970842043e+000 
1.453262797e+000 1.984948811e+000 
1.298805736e+000 1.951898791e+000 
1.769401796e+000 2.000000000e+000 
1.321761766e+000 1.958832838e+000 
1.457434762e+000 1.985012405e+000 
1.368920080e+000 1.971177286e+000 
1.510905313e+000 1.990677007e+000 
1.366681352e+000 1.970609298e+000 
1.367005388e+000 1.970808930e+000 
1.320157570e+000 1.958529663e+000 
1.327512474e+000 1.960152063e+000 
1.322160735e+000 1.959066946e+000 
1.340539782e+000 1.963694413e+000 
1.327988269e+000 1.960515229e+000 
1.338185505e+000 1.963410120e+000 
1.344832718e+000 1.965856059e+000 
1.389107644e+000 1.975645808e+000 
1.323241484e+000 1.959390900e+000 
1.322575478e+000 1.959289977e+000 
1.344618386e+000 1.965798924e+000 
1.701181899e+000 1.999216475e+000 
1.488315282e+000 1.988286962e+000 
1.326630041e+000 1.960012313e+000 
1.327559110e+000 1.960306331e+000 
1.309562076e+000 1.955401238e+000 
1.309107001e+000 1.954853984e+000 
1.344996244e+000 1.965906828e+000 
1.368134522e+000 1.970891675e+000 
1.311057399e+000 1.955646934e+000 
1.333557830e+000 1.962193905e+000 
1.329032370e+000 1.961271077e+000 
1.320591187e+000 1.958714239e+000 
1.364993724e+000 1.970119647e+000 
1.312241790e+000 1.956096209e+000 
1.339374584e+000 1.963619625e+000 
1.330684636e+000 1.961728233e+000 
1.317332339e+000 1.957962988e+000 
1.318449789e+000 1.958194777e+000 
1.327066573e+000 1.960093230e+000 
1.327559498e+000 1.960443952e+000 
1.317215643e+000 1.957208574e+000 
1.313801979e+000 1.956870429e+000 
1.312754339e+000 1.956255060e+000 
1.313614190e+000 1.956568233e+000 
1.342249991e+000 1.964452711e+000 
1.315844636e+000 1.957102853e+000 
1.341479197e+000 1.964319966e+000 
1.313187476e+000 1.956509206e+000 
1.363369949e+000 1.969626756e+000 
1.403975819e+000 1.978378764e+000 
1.478765282e+000 1.987378106e+000 
1.478464222e+000 1.987346679e+000 
1.385697566e+000 1.975543434e+000 
1.491246091e+000 1.988833854e+000 
1.492565671e+000 1.989116422e+000 
1.384186148e+000 1.975399611e+000 
1.382447236e+000 1.974979496e+000 
1.383173828e+000 1.975244403e+000 
1.421691829e+000 1.981037860e+000 
1.424402191e+000 1.981608719e+000 
1.404412446e+000 1.978405425e+000 
1.425913901e+000 1.981888950e+000 
1.376038350e+000 1.972988398e+000 
1.480318028e+000 1.987469740e+000 
1.376130060e+000 1.973283331e+000 
1.377390967e+000 1.973721066e+000 
1.376138546e+000 1.973653447e+000 
1.406594671e+000 1.979065790e+000 
1.407441741e+000 1.979165314e+000 
1.374536119e+000 1.972356199e+000 
1.404892937e+000 1.978555265e+000 
1.430490821e+000 1.982336500e+000 
1.418378233e+000 1.980426030e+000 
1.379494009e+000 1.973819150e+000 
1.398007280e+000 1.977545528e+000 
1.396038075e+000 1.977111408e+000 
1.416230510e+000 1.980317284e+000 
1.413610801e+000 1.980088486e+000 
1.411917752e+000 1.979915734e+000 
1.380591636e+000 1.974378357e+000 
1.371189195e+000 1.971930951e+000 
1.393036861e+000 1.976656076e+000 
1.402452405e+000 1.978366985e+000 
1.401865003e+000 1.978301144e+000 
1.412708957e+000 1.979927952e+000 
1.411626270e+000 1.979572551e+000 
1.395283003e+000 1.976810822e+000 
1.424091016e+000 1.981376280e+000 
1.649655107e+000 1.998147792e+000 
1.421844874e+000 1.981237023e+000 
1.462815439e+000 1.985790053e+000 
1.449441276e+000 1.984496078e+000 
1.461297167e+000 1.985673598e+000 
1.419896217e+000 1.980871271e+000 
1.446728024e+000 1.984009906e+000 
1.445500318e+000 1.983884411e+000 
1.466281906e+000 1.986061886e+000 
1.435649990e+000 1.982911523e+000 
1.434084349e+000 1.982844821e+000 
1.442376190e+000 1.983558538e+000 
1.457936331e+000 1.985315693e+000 
1.458330668e+000 1.985435956e+000 
1.433033060e+000 1.982633421e+000 
1.442299724e+000 1.983553886e+000 
1.450659581e+000 1.984637085e+000 
1.759505783e+000 1.999824199e+000 
1.376015253e+000 1.972976769e+000 
1.758265123e+000 1.999773117e+000 
1.498568582e+000 1.989652887e+000 
1.755563592e+000 1.999737439e+000 
1.497515219e+000 1.989512873e+000 
1.755137094e+000 1.999729965e+000 
1.503031717e+000 1.989984739e+000 
1.503507087e+000 1.990107536e+000 
1.530813081e+000 1.992522370e+000 
1.518084830e+000 1.991393846e+000 
1.519403613e+000 1.991554998e+000 
1.558273677e+000 1.994113201e+000 
1.525281032e+000 1.992268659e+000 
1.523361993e+000 1.992190860e+000 
1.528571119e+000 1.992397708e+000 
1.533077981e+000 1.992585692e+000 
1.533527021e+000 1.992619413e+000 
1.534590695e+000 1.992777408e+000 
1.533610407e+000 1.992772551e+000 
1.536512745e+000 1.993039992e+000 
1.670663524e+000 1.998823094e+000 
1.592283976e+000 1.996284272e+000 
1.587623308e+000 1.996228721e+000 
1.591867809e+000 1.996269797e+000 
1.591369405e+000 1.996268470e+000 
1.577981147e+000 1.995679354e+000 
1.719429538e+000 1.999420916e+000 
1.568843736e+000 1.995149551e+000 
1.592873577e+000 1.996476614e+000 
1.715837061e+000 1.999346227e+000 
1.713473563e+000 1.999322950e+000 
1.716060132e+000 1.999400577e+000 
1.661337992e+000 1.998587956e+000 
1.516058197e+000 1.990922599e+000 
1.665865614e+000 1.998788956e+000 
1.656825242e+000 1.998357917e+000 
1.651975534e+000 1.998155417e+000 
1.506457462e+000 1.990362851e+000 
1.473053849e+000 1.986690995e+000 
1.470295528e+000 1.986560977e+000 
1.470086315e+000 1.986415681e+000 
1.689358026e+000 1.999029410e+000 
1.686234763e+000 1.998953328e+000 
1.686904951e+000 1.999014094e+000 
1.684101343e+000 1.998884086e+000 
1.467721539e+000 1.986107961e+000 
1.560609791e+000 1.994452554e+000 
1.465014267e+000 1.985936592e+000 
1.685835362e+000 1.998926961e+000 
1.565484696e+000 1.994778282e+000 
1.563698078e+000 1.994664713e+000 
1.561987345e+000 1.994619787e+000 
1.562558905e+000 1.994640050e+000 
1.552261886e+000 1.994001485e+000 
1.565899974e+000 1.994873620e+000 
1.704890826e+000 1.999248783e+000 
1.706002565e+000 1.999290160e+000 
1.663154486e+000 1.998685007e+000 
1.659132314e+000 1.998493872e+000 
1.662644802e+000 1.998637236e+000 
1.600855408e+000 1.996536179e+000 
1.551017878e+000 1.993693110e+000 
1.573512187e+000 1.995223368e+000 
1.611518348e+000 1.997027551e+000 
1.642961917e+000 1.997914255e+000 
1.576197185e+000 1.995531183e+000 
1.556050350e+000 1.994102671e+000 
1.649567699e+000 1.998047518e+000 
1.643397549e+000 1.997920605e+000 
1.579718511e+000 1.995814865e+000 
1.576139643e+000 1.995366790e+000 
1.574240298e+000 1.995266537e+000 
1.558725579e+000 1.994202000e+000 
1.631041460e+000 1.997759756e+000 
1.642141613e+000 1.997834342e+000 
1.613790449e+000 1.997097053e+000 
1.604686809e+000 1.996793099e+000 
1.646068520e+000 1.998006629e+000 
1.627145303e+000 1.997642119e+000 
1.624092965e+000 1.997600429e+000 
1.474840040e+000 1.986827767e+000 
1.486362287e+000 1.988102089e+000 
1.486094867e+000 1.988091769e+000 
1.625089748e+000 1.997638477e+000 
1.622486206e+000 1.997588927e+000 
1.614845689e+000 1.997257185e+000 
1.616426192e+000 1.997354468e+000 
1.483600205e+000 1.987719482e+000 
1.600457538e+000 1.996523166e+000 

