1.000130042e+000 1.018131195e+000 
1.000497006e+000 1.019643290e+000 
1.000592888e+000 1.019784006e+000 
1.000397421e+000 1.019051298e+000 
1.000476818e+000 1.019622445e+000 
1.000306508e+000 1.018902881e+000 
1.000177798e+000 1.018810544e+000 
1.000560270e+000 1.019645561e+000 
1.000230920e+000 1.018811781e+000 
1.000019604e+000 1.018075590e+000 
1.000611543e+000 1.019784762e+000 
1.000582455e+000 1.019685776e+000 
1.000000000e+000 1.007322937e+000 
1.000001476e+000 1.007326204e+000 
1.004636793e+000 1.655621779e+000 
1.003248959e+000 1.638191262e+000 
1.003303282e+000 1.639178982e+000 
1.004156320e+000 1.650481842e+000 
1.008358153e+000 1.673488065e+000 
1.003420319e+000 1.642504104e+000 
1.004327848e+000 1.652698181e+000 
1.003910603e+000 1.649494889e+000 
1.006048128e+000 1.665389856e+000 
1.003780741e+000 1.646453845e+000 
1.005606752e+000 1.662186563e+000 
1.003869358e+000 1.647156720e+000 
1.002897657e+000 1.633072538e+000 
1.006696297e+000 1.668369848e+000 
1.006322203e+000 1.666483279e+000 
1.005082208e+000 1.657946243e+000 
1.003088155e+000 1.636933498e+000 
1.004542064e+000 1.653225494e+000 
1.006563087e+000 1.668312047e+000 
1.005433329e+000 1.660953771e+000 
1.005874705e+000 1.664157064e+000 
1.008557256e+000 1.675042907e+000 
1.005721876e+000 1.664108740e+000 
1.006763579e+000 1.669686571e+000 
1.006316357e+000 1.666138793e+000 
1.007447554e+000 1.672666564e+000 
1.008847312e+000 1.676618766e+000 
1.160535723e+000 1.845189259e+000 
1.153305496e+000 1.838596397e+000 
1.027240495e+000 1.719030758e+000 
1.147486542e+000 1.835529233e+000 
1.055672435e+000 1.757878418e+000 
1.011746027e+000 1.691744987e+000 
1.012849335e+000 1.695530538e+000 
1.184450105e+000 1.859037216e+000 
1.187443046e+000 1.860577634e+000 
1.017850168e+000 1.703839188e+000 
1.221772218e+000 1.874471288e+000 
1.025261899e+000 1.717841234e+000 
1.190938953e+000 1.863873388e+000 
1.191022833e+000 1.864260835e+000 
1.116778094e+000 1.811960155e+000 
1.009455472e+000 1.682240673e+000 
1.196985063e+000 1.867138184e+000 
1.156784740e+000 1.842234439e+000 
1.035905043e+000 1.732962546e+000 
1.043254424e+000 1.741104072e+000 
1.066710696e+000 1.770534422e+000 
1.107262360e+000 1.805454793e+000 
1.116967527e+000 1.812700870e+000 
1.141676735e+000 1.830523281e+000 
1.101092560e+000 1.802840325e+000 
1.021854472e+000 1.711258001e+000 
1.020759829e+000 1.710072416e+000 
1.079290565e+000 1.783591037e+000 
1.064728225e+000 1.767630701e+000 
1.065445237e+000 1.770320652e+000 
1.199351306e+000 1.867808249e+000 
1.202955808e+000 1.867864860e+000 
1.204641888e+000 1.867921387e+000 
1.199267426e+000 1.867444702e+000 
1.017036908e+000 1.703761695e+000 
1.023309289e+000 1.714621316e+000 
1.071922903e+000 1.776450126e+000 
1.150492111e+000 1.838203558e+000 
1.015079629e+000 1.700020113e+000 
1.029214703e+000 1.723785476e+000 
1.017431945e+000 1.703816389e+000 
1.062531839e+000 1.766727327e+000 
1.062409104e+000 1.766680729e+000 
1.036820196e+000 1.733248085e+000 
1.189547874e+000 1.863293344e+000 
1.062048179e+000 1.766530327e+000 
1.010471576e+000 1.686131136e+000 
1.131388562e+000 1.823344855e+000 
1.019342136e+000 1.707073777e+000 
1.183078900e+000 1.858500522e+000 
1.012629276e+000 1.693886173e+000 
1.011062914e+000 1.689350959e+000 
1.011924302e+000 1.692675438e+000 
1.021154866e+000 1.710117354e+000 
1.013318440e+000 1.696045730e+000 
1.223517485e+000 1.875107431e+000 
1.009354594e+000 1.681235213e+000 
1.011829906e+000 1.692215820e+000 
1.010820994e+000 1.688889630e+000 
1.036425159e+000 1.733216866e+000 
1.124666803e+000 1.818558996e+000 
1.078029567e+000 1.782553018e+000 
1.143903318e+000 1.833374427e+000 
1.008935344e+000 1.676898033e+000 
1.088985024e+000 1.793038818e+000 
1.070657681e+000 1.775511175e+000 
1.027992042e+000 1.721789664e+000 
1.028387079e+000 1.721834374e+000 
1.151773803e+000 1.838377383e+000 
1.142425600e+000 1.831190368e+000 
1.064817794e+000 1.769534494e+000 
1.177579878e+000 1.854209353e+000 
1.148852114e+000 1.836104399e+000 
1.090082064e+000 1.794270774e+000 
1.110660378e+000 1.808871465e+000 
1.046187818e+000 1.745686276e+000 
1.116861974e+000 1.812340015e+000 
1.064901673e+000 1.769989863e+000 
1.010231967e+000 1.685848144e+000 
1.009959606e+000 1.685565151e+000 
1.074610039e+000 1.780054733e+000 
1.131304682e+000 1.822924046e+000 
1.070871917e+000 1.776189704e+000 
1.047903442e+000 1.748809886e+000 
1.090165943e+000 1.794699058e+000 
1.141174189e+000 1.830103607e+000 
1.166730725e+000 1.849108404e+000 
1.110107345e+000 1.808065448e+000 
1.163145397e+000 1.846823928e+000 
1.034523074e+000 1.730804108e+000 
1.060864965e+000 1.763257421e+000 
1.087262833e+000 1.791928900e+000 
1.142909305e+000 1.832532689e+000 
1.077568374e+000 1.782481119e+000 
1.084304498e+000 1.789513471e+000 
1.066837280e+000 1.771689226e+000 
1.050072935e+000 1.751570926e+000 
1.111444072e+000 1.810571817e+000 
1.117876275e+000 1.814479688e+000 
1.033920055e+000 1.729515104e+000 
1.058488324e+000 1.761637099e+000 
1.053838676e+000 1.754955286e+000 
1.047494359e+000 1.747791355e+000 
1.031149141e+000 1.726189505e+000 
1.020390248e+000 1.709206289e+000 
1.088885642e+000 1.792662307e+000 
1.016858730e+000 1.703301214e+000 
1.034363422e+000 1.730127422e+000 
1.063028612e+000 1.767189943e+000 
1.091460690e+000 1.795248900e+000 
1.091376810e+000 1.794812953e+000 
1.088557579e+000 1.792469912e+000 
1.039753591e+000 1.737537339e+000 
1.068526431e+000 1.773891496e+000 
1.035971919e+000 1.732965342e+000 
1.079618361e+000 1.785437221e+000 
1.170550337e+000 1.850583965e+000 
1.179755322e+000 1.856514780e+000 
1.181530304e+000 1.856626223e+000 
1.038530179e+000 1.736114883e+000 
1.093940449e+000 1.797008879e+000 
1.095235196e+000 1.797548146e+000 
1.036366956e+000 1.732998148e+000 
1.179671442e+000 1.856128008e+000 
1.112257332e+000 1.810637507e+000 
1.189039390e+000 1.860940448e+000 
1.166525413e+000 1.848527646e+000 
1.027824889e+000 1.721630582e+000 
1.153865368e+000 1.840282487e+000 
1.153699917e+000 1.840161447e+000 
1.063776298e+000 1.767340345e+000 
1.142828329e+000 1.832436975e+000 
1.169607357e+000 1.849570770e+000 
1.230652754e+000 1.877786773e+000 
1.149890509e+000 1.837238381e+000 
1.122316698e+000 1.816845248e+000 
1.178912550e+000 1.855749313e+000 
1.153616037e+000 1.839774422e+000 
1.177364333e+000 1.854063553e+000 
1.166609293e+000 1.848916319e+000 
1.045872623e+000 1.745572169e+000 
1.233689622e+000 1.880537737e+000 
1.030417625e+000 1.724493059e+000 
1.124307951e+000 1.818159063e+000 
1.107349626e+000 1.807097609e+000 
1.123280329e+000 1.817604783e+000 
1.126666991e+000 1.820443391e+000 
1.127857149e+000 1.821153603e+000 
1.125010821e+000 1.818963254e+000 
1.057824149e+000 1.760914567e+000 
1.177292747e+000 1.853788755e+000 
1.154794681e+000 1.840687000e+000 
1.136608370e+000 1.827650506e+000 
1.041028671e+000 1.739321181e+000 
1.022813067e+000 1.713597520e+000 
1.149663548e+000 1.836351563e+000 
1.111265894e+000 1.810173135e+000 
1.147479958e+000 1.835383652e+000 
1.135966285e+000 1.827640218e+000 
1.142581281e+000 1.832427402e+000 
1.098310954e+000 1.799436518e+000 
1.092960660e+000 1.795619954e+000 
1.119113256e+000 1.814891273e+000 
1.077058667e+000 1.781742004e+000 
1.052199043e+000 1.753428301e+000 
1.082392404e+000 1.786004999e+000 
1.095841389e+000 1.798009074e+000 
1.108452447e+000 1.807773431e+000 
1.037572800e+000 1.734557197e+000 
1.225231359e+000 1.877006817e+000 
1.069404051e+000 1.774168236e+000 
1.103646045e+000 1.803140439e+000 
1.099237862e+000 1.800838971e+000 
1.061275816e+000 1.764648425e+000 
1.053318856e+000 1.754356164e+000 
1.059823454e+000 1.762685160e+000 
1.041789911e+000 1.740210267e+000 
1.037384811e+000 1.734101678e+000 
1.045694445e+000 1.745125502e+000 
1.052387032e+000 1.753889965e+000 
1.000890888e+000 1.067920847e+000 
1.002195625e+000 1.079120285e+000 
1.000674016e+000 1.067722211e+000 
1.001247267e+000 1.073214765e+000 
1.001091262e+000 1.070481919e+000 
1.002260119e+000 1.079838806e+000 
1.001261647e+000 1.073812341e+000 
1.001124913e+000 1.070900079e+000 
1.002099414e+000 1.077987981e+000 
1.001493345e+000 1.074153557e+000 
1.001803460e+000 1.076794111e+000 
1.002846435e+000 1.081658267e+000 
1.001950004e+000 1.077198253e+000 
1.001631249e+000 1.076567862e+000 
1.001571762e+000 1.076452894e+000 
1.001486193e+000 1.074029911e+000 
1.001796307e+000 1.076670464e+000 
1.001056024e+000 1.069485654e+000 
1.001907973e+000 1.076880277e+000 
1.002433577e+000 1.080056859e+000 
1.453779889e+000 1.972651274e+000 
1.405438535e+000 1.959259119e+000 
1.680938628e+000 2.000000000e+000 
1.631701526e+000 1.997626204e+000 
1.325801939e+000 1.924330246e+000 
1.623777924e+000 1.997512418e+000 
1.676096119e+000 1.999262417e+000 
1.346696165e+000 1.937065450e+000 
1.352745696e+000 1.939988394e+000 
1.329887252e+000 1.928883462e+000 
1.673158236e+000 1.999054985e+000 
1.326187917e+000 1.926133622e+000 
1.328080905e+000 1.927046128e+000 
1.672336436e+000 1.998791982e+000 
1.467149377e+000 1.977592067e+000 
1.673145149e+000 1.998800657e+000 
1.414216712e+000 1.963175994e+000 
1.470111615e+000 1.978324077e+000 
1.426433802e+000 1.966891507e+000 
1.667215841e+000 1.998718475e+000 
1.468536463e+000 1.977726477e+000 
1.663442232e+000 1.998709045e+000 
1.314441733e+000 1.921090491e+000 
1.457719668e+000 1.975598924e+000 
1.470135241e+000 1.978499413e+000 
1.406457676e+000 1.960329398e+000 
1.358751571e+000 1.941544013e+000 
1.350400910e+000 1.938969311e+000 
1.333072038e+000 1.930281816e+000 
1.341733398e+000 1.933813784e+000 
1.338056434e+000 1.932587713e+000 
1.407749732e+000 1.960987253e+000 
1.342104441e+000 1.934145739e+000 
1.334417896e+000 1.930571998e+000 
1.407354453e+000 1.960561686e+000 
1.356043602e+000 1.941433940e+000 
1.344416795e+000 1.934774000e+000 
1.481020355e+000 1.979985117e+000 
1.385599618e+000 1.954147767e+000 
1.404147362e+000 1.959055675e+000 
1.297009788e+000 1.911242472e+000 
1.374478978e+000 1.948251081e+000 
1.374064449e+000 1.947982086e+000 
1.453901939e+000 1.974749520e+000 
1.392607846e+000 1.956857618e+000 
1.382335836e+000 1.953269392e+000 
1.429013032e+000 1.967477819e+000 
1.391610878e+000 1.955671428e+000 
1.335484472e+000 1.930869926e+000 
1.397625028e+000 1.958693076e+000 
1.442188824e+000 1.971350404e+000 
1.448062041e+000 1.972427988e+000 
1.444192204e+000 1.971560648e+000 
1.406058019e+000 1.960206055e+000 
1.376260197e+000 1.949269191e+000 
1.425596043e+000 1.966525042e+000 
1.366894139e+000 1.945671575e+000 
1.424375307e+000 1.966292555e+000 
1.368504794e+000 1.945816286e+000 
1.369185539e+000 1.947030323e+000 
1.369542217e+000 1.947049197e+000 
1.388930563e+000 1.954947944e+000 
1.460598328e+000 1.975691338e+000 
1.463345872e+000 1.976187793e+000 
1.416832150e+000 1.963879655e+000 
1.433715607e+000 1.969520625e+000 
1.411145276e+000 1.961891956e+000 
1.407529082e+000 1.960658339e+000 
1.386975482e+000 1.954294141e+000 
1.359999075e+000 1.941840037e+000 
1.389895374e+000 1.955605799e+000 
1.345887192e+000 1.935359555e+000 
1.418680199e+000 1.964397443e+000 
1.461166717e+000 1.975716814e+000 
1.378061174e+000 1.950264500e+000 
1.310198651e+000 1.917404030e+000 
1.423715086e+000 1.965774037e+000 
1.439665568e+000 1.970600087e+000 
1.431762634e+000 1.968533708e+000 
1.437461921e+000 1.969577471e+000 
1.278706243e+000 1.900763187e+000 
1.362421209e+000 1.943655060e+000 
1.642853816e+000 1.997963971e+000 
1.586858005e+000 1.995987277e+000 
1.555005090e+000 1.992867428e+000 
1.599660373e+000 1.997114804e+000 
1.544225097e+000 1.991718954e+000 
1.551275303e+000 1.991918418e+000 
1.592260930e+000 1.996786223e+000 
1.539811104e+000 1.990345994e+000 
1.598635812e+000 1.996874800e+000 
1.663092649e+000 1.998577779e+000 
1.317247759e+000 1.921555729e+000 
1.317713198e+000 1.922661654e+000 
1.312049373e+000 1.918626466e+000 
1.594226278e+000 1.996838432e+000 
1.328360441e+000 1.927322493e+000 
1.560383504e+000 1.993142886e+000 
1.567190669e+000 1.993655115e+000 
1.561170780e+000 1.993212987e+000 
1.579292507e+000 1.995287331e+000 
1.588338163e+000 1.996319054e+000 
1.587823419e+000 1.996315967e+000 
1.320718146e+000 1.923889119e+000 
1.574219218e+000 1.994738417e+000 
1.541605439e+000 1.990946105e+000 
1.532065164e+000 1.989992012e+000 
1.568282823e+000 1.993976993e+000 
1.567411116e+000 1.993898010e+000 
1.303040142e+000 1.914031558e+000 
1.571015182e+000 1.994048120e+000 
1.305656252e+000 1.916240639e+000 
1.554363614e+000 1.992700758e+000 
1.656741778e+000 1.998547924e+000 
1.303858398e+000 1.914405183e+000 
1.300743546e+000 1.912774831e+000 
1.527916966e+000 1.988691658e+000 
1.528675642e+000 1.989263720e+000 
1.655841747e+000 1.998443923e+000 
1.651076246e+000 1.998279001e+000 
1.653486727e+000 1.998323503e+000 
1.643202419e+000 1.998179252e+000 
1.500362046e+000 1.984280105e+000 
1.498019669e+000 1.983591055e+000 
1.499340826e+000 1.984205730e+000 
1.508067844e+000 1.985817292e+000 
1.507152026e+000 1.985671040e+000 
1.639827407e+000 1.997790200e+000 
1.513141370e+000 1.986671222e+000 
1.518010597e+000 1.987398319e+000 
1.522637813e+000 1.987950174e+000 
1.485069349e+000 1.981244570e+000 
1.489456227e+000 1.982068330e+000 
1.488010194e+000 1.981482890e+000 
1.537978615e+000 1.990054594e+000 
1.495310931e+000 1.982940389e+000 
1.488331802e+000 1.981883369e+000 
1.482571478e+000 1.980438263e+000 
1.512809405e+000 1.985936487e+000 
1.482598769e+000 1.980528275e+000 
1.504410924e+000 1.984417187e+000 
1.269963519e+000 1.897739090e+000 
1.281487785e+000 1.903342643e+000 
1.274593695e+000 1.900485962e+000 
1.264278964e+000 1.895874750e+000 
1.246521715e+000 1.887445631e+000 
1.261138555e+000 1.893214460e+000 
1.250503071e+000 1.888467824e+000 
1.237078132e+000 1.883319003e+000 
1.259295568e+000 1.892387474e+000 
1.256170959e+000 1.891901552e+000 
1.260413992e+000 1.892393456e+000 
1.296939377e+000 1.910733654e+000 
1.252028442e+000 1.890709813e+000 
1.298001056e+000 1.911719322e+000 
1.242374739e+000 1.885262806e+000 
1.246022618e+000 1.886626042e+000 
1.219368903e+000 1.873648893e+000 
1.231062041e+000 1.879526910e+000 
1.231450137e+000 1.880271808e+000 
1.234296951e+000 1.881246093e+000 
1.213601773e+000 1.869953872e+000 
1.292989646e+000 1.909390799e+000 
1.211413652e+000 1.868956736e+000 
1.299163223e+000 1.912121900e+000 
1.215263096e+000 1.871234921e+000 
1.284666517e+000 1.905962189e+000 
1.273220347e+000 1.899208212e+000 
1.243549132e+000 1.886213283e+000 
1.292059169e+000 1.909161154e+000 
1.235319414e+000 1.881941048e+000 
1.289933435e+000 1.907649284e+000 
1.288651743e+000 1.907337371e+000 
1.290895255e+000 1.907962120e+000 
1.255189044e+000 1.891007088e+000 
1.247817157e+000 1.887899649e+000 
1.278750130e+000 1.901682750e+000 
1.278717827e+000 1.901680281e+000 
1.226577596e+000 1.877186979e+000 
1.227313365e+000 1.877666263e+000 
1.217730966e+000 1.873474340e+000 
1.223128616e+000 1.875029855e+000 
1.262856926e+000 1.895093442e+000 
1.211080579e+000 1.868432109e+000 
1.213902426e+000 1.870854282e+000 
1.217658812e+000 1.872078297e+000 

