1.002121622e+000 1.186383490e+000 
1.002828232e+000 1.189062228e+000 
1.003484214e+000 1.191176392e+000 
1.003417236e+000 1.190752132e+000 
1.002895211e+000 1.189486488e+000 
1.002222278e+000 1.186687812e+000 
1.002413550e+000 1.187200811e+000 
1.002712501e+000 1.188476650e+000 
1.001904922e+000 1.185235325e+000 
1.003356763e+000 1.190207320e+000 
1.000439734e+000 1.011871612e+000 
1.000351034e+000 1.011844496e+000 
1.000338052e+000 1.011780375e+000 
1.000180457e+000 1.011733546e+000 
9.999999998e-001 1.010967273e+000 
1.000778909e+000 1.012731173e+000 
1.000853604e+000 1.126487804e+000 
1.001362232e+000 1.128713966e+000 
1.001361030e+000 1.128185445e+000 
1.001859193e+000 1.129262988e+000 
1.001024180e+000 1.127694833e+000 
1.001595116e+000 1.128970031e+000 
1.021143081e+000 1.885996465e+000 
1.013802372e+000 1.873914776e+000 
1.014157761e+000 1.875055136e+000 
1.077566798e+000 1.941882567e+000 
1.007237231e+000 1.860952041e+000 
1.089411112e+000 1.949486690e+000 
1.073525380e+000 1.939235827e+000 
1.017956456e+000 1.880765524e+000 
1.055083572e+000 1.923996658e+000 
1.088090896e+000 1.948944724e+000 
1.011159617e+000 1.869824535e+000 
1.078014222e+000 1.942675904e+000 
1.087336865e+000 1.948928881e+000 
1.007567238e+000 1.861135495e+000 
1.008980845e+000 1.865513379e+000 
1.079865582e+000 1.944123114e+000 
1.059349021e+000 1.927141464e+000 
1.025184355e+000 1.891722638e+000 
1.004930875e+000 1.852056496e+000 
1.078588775e+000 1.942957465e+000 
1.084312709e+000 1.947185131e+000 
1.080760745e+000 1.944949201e+000 
1.074014833e+000 1.939646637e+000 
1.076558599e+000 1.941278179e+000 
1.050751300e+000 1.919649107e+000 
1.066766974e+000 1.933553473e+000 
1.030291837e+000 1.898775729e+000 
1.065283509e+000 1.932111586e+000 
1.076358164e+000 1.940862091e+000 
1.069131858e+000 1.935393051e+000 
1.092027055e+000 1.951488790e+000 
1.005075040e+000 1.853728254e+000 
1.005874258e+000 1.856554564e+000 
1.005496755e+000 1.855953934e+000 
1.003910557e+000 1.848909549e+000 
1.004288059e+000 1.849510180e+000 
1.023953550e+000 1.890192302e+000 
1.039575687e+000 1.909317562e+000 
1.061520991e+000 1.929445583e+000 
1.014743757e+000 1.875340381e+000 
1.034076439e+000 1.903184953e+000 
1.003488841e+000 1.846683870e+000 
1.019408728e+000 1.883626474e+000 
1.007825842e+000 1.862783615e+000 
1.006610917e+000 1.859050140e+000 
1.069404809e+000 1.935834575e+000 
1.052789666e+000 1.921598148e+000 
1.018272522e+000 1.881367194e+000 
1.006132861e+000 1.858458908e+000 
1.025515771e+000 1.892258498e+000 
1.061718154e+000 1.929466407e+000 
1.016007548e+000 1.878379263e+000 
1.046168755e+000 1.915523050e+000 
1.067009014e+000 1.933807164e+000 
1.080331287e+000 1.944201814e+000 
1.021392678e+000 1.886427197e+000 
1.011621169e+000 1.870112526e+000 
1.008047949e+000 1.863258450e+000 
1.010688273e+000 1.867857597e+000 
1.065504232e+000 1.932274524e+000 
1.034684525e+000 1.904017263e+000 
1.015904892e+000 1.877652421e+000 
1.047919075e+000 1.917329576e+000 
1.046323321e+000 1.915628905e+000 
1.034881689e+000 1.904038087e+000 
1.007806810e+000 1.862257869e+000 
1.016699935e+000 1.879003877e+000 
1.053356474e+000 1.922485029e+000 
1.049020667e+000 1.918394466e+000 
1.050167201e+000 1.919208616e+000 
1.151029925e+000 1.978406249e+000 
1.046903471e+000 1.916027556e+000 
1.018889073e+000 1.882709518e+000 
1.012365142e+000 1.871916644e+000 
1.028471559e+000 1.895896438e+000 
1.013809113e+000 1.874407798e+000 
1.135193997e+000 1.973899687e+000 
1.010521698e+000 1.867693389e+000 
1.005189502e+000 1.854181622e+000 
1.064115066e+000 1.931215813e+000 
1.013009404e+000 1.873148662e+000 
1.035618100e+000 1.904970173e+000 
1.012893449e+000 1.872322084e+000 
1.015214580e+000 1.877168243e+000 
1.016099609e+000 1.878409961e+000 
1.006047715e+000 1.857046702e+000 
1.008847657e+000 1.864502326e+000 
1.055616081e+000 1.924434244e+000 
1.065730932e+000 1.932592539e+000 
1.067607976e+000 1.934635309e+000 
1.006833024e+000 1.859268751e+000 
1.004768770e+000 1.851633135e+000 
1.006354968e+000 1.858677519e+000 
1.048272500e+000 1.917883834e+000 
1.066592372e+000 1.933333289e+000 
1.005216639e+000 1.854785334e+000 
1.035134091e+000 1.904121407e+000 
1.027830454e+000 1.895487743e+000 
1.031643252e+000 1.900327306e+000 
1.029994425e+000 1.898231771e+000 
1.030787284e+000 1.898897269e+000 
1.019830458e+000 1.884135123e+000 
1.042894076e+000 1.912931114e+000 
1.008526005e+000 1.863849682e+000 
1.060673784e+000 1.928409281e+000 
1.044365280e+000 1.914161778e+000 
1.035356836e+000 1.904715749e+000 
1.041524865e+000 1.911572491e+000 
1.088475091e+000 1.949252860e+000 
1.014647768e+000 1.875085835e+000 
1.057555695e+000 1.925585956e+000 
1.043091240e+000 1.912951937e+000 
1.049936638e+000 1.919035545e+000 
1.078211385e+000 1.942696727e+000 
1.037474322e+000 1.906989740e+000 
1.033407657e+000 1.902460820e+000 
1.031790302e+000 1.900793117e+000 
1.049368378e+000 1.918717843e+000 
1.035038133e+000 1.904073866e+000 
1.048809822e+000 1.918185641e+000 
1.042289077e+000 1.912253951e+000 
1.021589841e+000 1.886448020e+000 
1.034532339e+000 1.903944371e+000 
1.054577622e+000 1.923174949e+000 
1.032799571e+000 1.901916738e+000 
1.052145793e+000 1.921573742e+000 
1.022850397e+000 1.888535067e+000 
1.026117522e+000 1.892936330e+000 
1.022527905e+000 1.887638933e+000 
1.015083342e+000 1.875740764e+000 
1.061098367e+000 1.929147210e+000 
1.022330742e+000 1.887618110e+000 
1.063514200e+000 1.930821474e+000 
1.065544375e+000 1.932500760e+000 
1.070260111e+000 1.936456568e+000 
1.067716346e+000 1.934804880e+000 
1.039423500e+000 1.909244670e+000 
1.042486240e+000 1.912274775e+000 
1.010704776e+000 1.868229896e+000 
1.072290287e+000 1.938135854e+000 
1.074462257e+000 1.940439974e+000 
1.074659420e+000 1.940460797e+000 
1.039232393e+000 1.908714028e+000 
1.079480696e+000 1.943006655e+000 
1.009641538e+000 1.866502081e+000 
1.026097718e+000 1.892812792e+000 
1.028706258e+000 1.896394000e+000 
1.026973490e+000 1.894366367e+000 
1.036053737e+000 1.905375886e+000 
1.041277606e+000 1.910854195e+000 
1.038200078e+000 1.907651638e+000 
1.008833958e+000 1.864409972e+000 
1.030850393e+000 1.899661809e+000 
1.038630641e+000 1.908348345e+000 
1.007136734e+000 1.860354164e+000 
1.010119593e+000 1.867162371e+000 
1.028110562e+000 1.895518499e+000 
1.020715487e+000 1.885376842e+000 
1.011846714e+000 1.870521662e+000 
1.025902729e+000 1.892447231e+000 
1.060803440e+000 1.928885860e+000 
1.021902162e+000 1.886610156e+000 
1.010763856e+000 1.868394389e+000 
1.044177000e+000 1.913570845e+000 
1.032392054e+000 1.901158800e+000 
1.033310901e+000 1.902040092e+000 
1.061295530e+000 1.929168033e+000 
1.064839020e+000 1.932007563e+000 
1.024150714e+000 1.890213125e+000 
1.035553999e+000 1.904736572e+000 
1.061039429e+000 1.929054474e+000 
1.033936644e+000 1.903068869e+000 
1.028027617e+000 1.895508566e+000 
1.031987465e+000 1.900813940e+000 
1.016948933e+000 1.879804868e+000 
1.016520354e+000 1.878796914e+000 
1.020912650e+000 1.885397665e+000 
1.018593250e+000 1.881857817e+000 
1.020027621e+000 1.884155946e+000 
1.018685311e+000 1.881888516e+000 
1.017800282e+000 1.880646798e+000 
1.028855499e+000 1.896432865e+000 
1.036491462e+000 1.905472924e+000 
1.058685224e+000 1.927019240e+000 
1.124248897e+000 1.969949698e+000 
1.238206542e+000 1.997099701e+000 
1.121240810e+000 1.968187124e+000 
1.214239257e+000 1.993595126e+000 
1.111173234e+000 1.963914211e+000 
1.254781940e+000 1.997941502e+000 
1.080510781e+000 1.944365229e+000 
1.109025292e+000 1.962901073e+000 
1.232632243e+000 1.996364169e+000 
1.129475526e+000 1.971699198e+000 
1.072058898e+000 1.936757308e+000 
1.141208955e+000 1.975696070e+000 
1.194790640e+000 1.990010776e+000 
1.275401619e+000 1.998577728e+000 
1.117747065e+000 1.967374765e+000 
1.227888591e+000 1.996075908e+000 
1.097814206e+000 1.956062912e+000 
1.094152392e+000 1.953443543e+000 
1.223695486e+000 1.995601715e+000 
1.238452276e+000 1.997105189e+000 
1.084113045e+000 1.946672215e+000 
1.121835536e+000 1.968344606e+000 
1.096946704e+000 1.955815399e+000 
1.223605781e+000 1.995540468e+000 
1.226440494e+000 1.995994100e+000 
1.221629965e+000 1.995123970e+000 
1.186312548e+000 1.988299818e+000 
1.117520504e+000 1.966769525e+000 
1.129294612e+000 1.971555600e+000 
1.113655471e+000 1.965530628e+000 
1.047625845e+000 1.916960763e+000 
1.202193309e+000 1.991588538e+000 
1.110774381e+000 1.963173729e+000 
1.132083216e+000 1.972259642e+000 
1.227515324e+000 1.996015535e+000 
1.096177348e+000 1.954702102e+000 
1.060464149e+000 1.928322820e+000 
1.180099781e+000 1.987938363e+000 
1.129819620e+000 1.972003989e+000 
1.101492238e+000 1.959128136e+000 
1.152643054e+000 1.979611784e+000 
1.142279019e+000 1.975909532e+000 
1.140383441e+000 1.975278373e+000 
1.093080610e+000 1.952453703e+000 
1.242847045e+000 1.997257171e+000 
1.303585263e+000 1.999663265e+000 
1.083871639e+000 1.946084307e+000 
1.091238827e+000 1.950996023e+000 
1.122812951e+000 1.968917123e+000 
1.123905980e+000 1.969541470e+000 
1.229056763e+000 1.996076782e+000 
1.129007008e+000 1.971103708e+000 
1.127191177e+000 1.970201254e+000 
1.141952920e+000 1.975848286e+000 
1.276927673e+000 1.998631892e+000 
1.236387272e+000 1.996826519e+000 
1.059713140e+000 1.927341809e+000 
1.181994507e+000 1.988019463e+000 
1.258300924e+000 1.997956881e+000 
1.091571788e+000 1.951204208e+000 
1.286677384e+000 1.999193265e+000 
1.250610477e+000 1.997466275e+000 
1.178906482e+000 1.987517595e+000 
1.119520814e+000 1.967782993e+000 
1.112627556e+000 1.965208059e+000 
1.112386150e+000 1.964620151e+000 
1.125863547e+000 1.970119692e+000 
1.324706867e+000 1.999854621e+000 
1.123444501e+000 1.969411526e+000 
1.240683771e+000 1.997146589e+000 
1.203733077e+000 1.992032640e+000 
1.134808926e+000 1.973448207e+000 
1.180971486e+000 1.987995340e+000 
1.093676111e+000 1.953250754e+000 
1.177222490e+000 1.986786958e+000 
1.278559321e+000 1.998718038e+000 
1.173553079e+000 1.985988752e+000 
1.098475034e+000 1.956637144e+000 
1.180822176e+000 1.987969943e+000 
1.105762060e+000 1.960582947e+000 
1.177371800e+000 1.986812355e+000 
1.131175460e+000 1.972107426e+000 
1.105827163e+000 1.961142266e+000 
1.166187850e+000 1.983416773e+000 
1.087160283e+000 1.948496249e+000 
1.139808228e+000 1.975258520e+000 
1.090073847e+000 1.950943769e+000 
1.083498468e+000 1.945876879e+000 
1.176211312e+000 1.986312411e+000 
1.154875165e+000 1.980192322e+000 
1.133468399e+000 1.972948216e+000 
1.296501843e+000 1.999350882e+000 
1.208780252e+000 1.993045661e+000 
1.162906275e+000 1.982427397e+000 
1.068909918e+000 1.935306711e+000 
1.209106351e+000 1.993096310e+000 
1.066230987e+000 1.933189634e+000 
1.052853282e+000 1.921931249e+000 
1.173421003e+000 1.985940539e+000 
1.171394817e+000 1.985114048e+000 
1.155281018e+000 1.980228344e+000 
1.296996142e+000 1.999361271e+000 
1.136628097e+000 1.974089808e+000 
1.172812387e+000 1.985411854e+000 
1.163061567e+000 1.982447251e+000 
1.210639965e+000 1.993102513e+000 
1.196483193e+000 1.990237422e+000 
1.218221764e+000 1.994250598e+000 
1.108554564e+000 1.962871842e+000 
1.110953520e+000 1.963717200e+000 
1.221010562e+000 1.995089039e+000 
1.116568713e+000 1.966336570e+000 
1.103927974e+000 1.959693154e+000 
1.115564391e+000 1.965748662e+000 
1.320321517e+000 1.999698669e+000 
1.345081685e+000 2.000000000e+000 
1.090014296e+000 1.950631385e+000 
1.218083178e+000 1.993877182e+000 
1.093434705e+000 1.952662847e+000 
1.188955895e+000 1.989401303e+000 
1.094704026e+000 1.953573323e+000 
1.051754148e+000 1.920577755e+000 
1.214827825e+000 1.993722594e+000 
1.207130896e+000 1.992252624e+000 
1.151515420e+000 1.979210711e+000 
1.137010878e+000 1.974165444e+000 
1.168693095e+000 1.984067589e+000 
1.086373955e+000 1.947692102e+000 
1.119290284e+000 1.967404167e+000 
1.211811308e+000 1.993398762e+000 
1.192915686e+000 1.989694522e+000 
1.145526070e+000 1.977292346e+000 
1.054433078e+000 1.922694832e+000 
1.193090403e+000 1.989831488e+000 
1.105760850e+000 1.960571574e+000 
1.212137407e+000 1.993449411e+000 
1.187208152e+000 1.988354503e+000 
1.120548287e+000 1.967837467e+000 
1.086329289e+000 1.947527462e+000 
1.323315716e+000 1.999825437e+000 
1.094096033e+000 1.953410872e+000 
1.091443087e+000 1.951160433e+000 
1.092584393e+000 1.952101620e+000 
1.097774064e+000 1.955907467e+000 
1.282163729e+000 1.999020041e+000 
1.292055877e+000 1.999321759e+000 
1.281606613e+000 1.998979960e+000 
1.058570197e+000 1.926291339e+000 
1.100315046e+000 1.957755877e+000 
1.196515373e+000 1.991025143e+000 
1.270303170e+000 1.998443112e+000 
1.344313121e+000 1.999879218e+000 
1.109707460e+000 1.963031960e+000 
1.108046465e+000 1.961753370e+000 
1.116914821e+000 1.966496687e+000 
1.104412999e+000 1.960412590e+000 
1.103993078e+000 1.960252473e+000 
1.280897135e+000 1.998763080e+000 
1.164132250e+000 1.983156925e+000 
1.151167885e+000 1.978851541e+000 
1.165073854e+000 1.983405266e+000 
1.057940908e+000 1.925620785e+000 
1.273403142e+000 1.998489898e+000 
1.155742955e+000 1.980440662e+000 
1.174615748e+000 1.986012875e+000 
1.231841964e+000 1.996205102e+000 
1.151196356e+000 1.978933065e+000 
1.172323990e+000 1.985214724e+000 
1.157863902e+000 1.981350465e+000 
1.168894778e+000 1.984532029e+000 
1.215825580e+000 1.993782658e+000 
1.149226837e+000 1.978362155e+000 
1.262232398e+000 1.998109191e+000 
1.160383254e+000 1.981948543e+000 
1.200472714e+000 1.991441640e+000 
1.156922298e+000 1.981102124e+000 
1.163982941e+000 1.983131528e+000 
1.194682277e+000 1.989913979e+000 
1.200798813e+000 1.991502887e+000 
1.280998874e+000 1.998814278e+000 
1.247092951e+000 1.997408236e+000 
1.056656417e+000 1.925158637e+000 
1.172500779e+000 1.985250574e+000 
1.132247698e+000 1.972319570e+000 
1.133753502e+000 1.972955482e+000 
1.127282077e+000 1.970668639e+000 
1.139328017e+000 1.974785649e+000 
1.141917330e+000 1.975802129e+000 
1.132879690e+000 1.972424860e+000 
1.231676024e+000 1.996088683e+000 
1.172650089e+000 1.985275971e+000 
1.297669816e+000 1.999435803e+000 
1.148388756e+000 1.978088972e+000 
1.188246658e+000 1.989129343e+000 
1.188395968e+000 1.989154740e+000 
1.153963270e+000 1.979919139e+000 
1.265354814e+000 1.998148392e+000 
1.058398627e+000 1.926208907e+000 
1.064433501e+000 1.931607164e+000 
1.062385190e+000 1.929999584e+000 
1.058913235e+000 1.927101895e+000 
1.265770325e+000 1.998201931e+000 
1.251557246e+000 1.997673165e+000 
1.266793345e+000 1.998223366e+000 
1.243606097e+000 1.997270790e+000 
1.251017567e+000 1.997594786e+000 
1.245250944e+000 1.997360781e+000 
1.250126905e+000 1.997441760e+000 

