1.000000000e+000 1.405745429e+000 
1.114057552e+000 1.870955038e+000 
1.010009958e+000 1.676148230e+000 
1.082384959e+000 1.828433063e+000 
1.111303663e+000 1.868080975e+000 
1.103042072e+000 1.854206076e+000 
1.123988721e+000 1.878770006e+000 
1.128629383e+000 1.886209083e+000 
1.105943581e+000 1.858233007e+000 
1.045010378e+000 1.769629871e+000 
1.090027081e+000 1.840245086e+000 
1.089219170e+000 1.838952030e+000 
1.056657033e+000 1.791719173e+000 
1.079673126e+000 1.823363546e+000 
1.058094748e+000 1.791854416e+000 
1.125875494e+000 1.883335021e+000 
1.035561142e+000 1.748151951e+000 
1.046820956e+000 1.772002407e+000 
1.087965560e+000 1.837206693e+000 
1.144852540e+000 1.900600721e+000 
1.044917034e+000 1.768435101e+000 
1.022096870e+000 1.715336194e+000 
1.051857494e+000 1.784379486e+000 
1.099075651e+000 1.846982746e+000 
1.029981635e+000 1.736175293e+000 
1.032629287e+000 1.739677997e+000 
1.033202062e+000 1.740537317e+000 
1.080007005e+000 1.824129523e+000 
1.021073659e+000 1.714121389e+000 
1.078777520e+000 1.822326493e+000 
1.072635631e+000 1.818460422e+000 
1.077949700e+000 1.822036588e+000 
1.026261602e+000 1.724592933e+000 
1.031004845e+000 1.739186650e+000 
1.009493811e+000 1.671423239e+000 
1.053761416e+000 1.787946791e+000 
1.046452300e+000 1.769994721e+000 
1.010213844e+000 1.679839536e+000 
1.017620857e+000 1.703475754e+000 
1.067994969e+000 1.809988882e+000 
1.123799045e+000 1.878278716e+000 
1.037945306e+000 1.755131034e+000 
1.061722095e+000 1.798176859e+000 
1.003566834e+000 1.648174825e+000 
1.069441615e+000 1.811467888e+000 
1.024388551e+000 1.715942452e+000 
1.070706802e+000 1.815039319e+000 
1.008951997e+000 1.670296340e+000 
1.088604294e+000 1.837266920e+000 
1.064433928e+000 1.803227296e+000 
1.102427196e+000 1.852520966e+000 
1.120629936e+000 1.874075994e+000 
1.140414713e+000 1.897119940e+000 
1.122533858e+000 1.877916808e+000 
1.107962027e+000 1.862662762e+000 
1.066362756e+000 1.806648399e+000 
1.100379708e+000 1.849056150e+000 
1.104488717e+000 1.857379809e+000 
1.069898891e+000 1.813556188e+000 
1.071960413e+000 1.818415031e+000 
1.085783314e+000 1.833669077e+000 
1.070056491e+000 1.814638570e+000 
1.071345536e+000 1.815099546e+000 
1.120874659e+000 1.875801361e+000 
1.080219442e+000 1.824654929e+000 
1.007430786e+000 1.665245819e+000 
1.011851513e+000 1.681071756e+000 
1.074539553e+000 1.819997336e+000 
1.099621864e+000 1.847748863e+000 
1.106673182e+000 1.859624289e+000 
1.090665816e+000 1.842125764e+000 
1.000689209e+000 1.637347124e+000 
1.028977322e+000 1.731597151e+000 
1.003066290e+000 1.646819911e+000 
1.004364038e+000 1.651305789e+000 
1.004903723e+000 1.657435538e+000 
1.003732419e+000 1.649882395e+000 
1.063783616e+000 1.802826547e+000 
1.008101801e+000 1.666086038e+000 
1.059998669e+000 1.796248251e+000 
1.006515477e+000 1.664476113e+000 
1.001154012e+000 1.641261631e+000 
1.005678876e+000 1.659510478e+000 
1.058718555e+000 1.794500412e+000 
1.062883287e+000 1.799815005e+000 
1.042501603e+000 1.764032172e+000 
1.054009382e+000 1.791388814e+000 
1.060979365e+000 1.796446932e+000 
1.052105460e+000 1.787821508e+000 
1.061629676e+000 1.796658454e+000 
1.050836542e+000 1.777438128e+000 
1.008928299e+000 1.669115349e+000 
1.051279801e+000 1.780690630e+000 
1.020069346e+000 1.707951108e+000 
1.049871428e+000 1.777225869e+000 
1.008153146e+000 1.667040408e+000 
1.013922490e+000 1.689444406e+000 
1.024420046e+000 1.720064720e+000 
1.015341272e+000 1.690387979e+000 
1.027339652e+000 1.727486123e+000 
1.040840923e+000 1.758903416e+000 
1.027224298e+000 1.726494188e+000 
1.036132274e+000 1.750408808e+000 
1.050521739e+000 1.777403309e+000 
1.015779301e+000 1.698552228e+000 
1.047814630e+000 1.776009485e+000 
1.037367613e+000 1.751442179e+000 
1.042749568e+000 1.767474195e+000 
1.046914300e+000 1.772788788e+000 
1.035359717e+000 1.744415456e+000 
1.038193272e+000 1.758573057e+000 
1.029163290e+000 1.734658438e+000 
1.033328022e+000 1.743979340e+000 
1.044389699e+000 1.768330076e+000 
1.032861657e+000 1.740070015e+000 
1.001980509e+000 1.644147055e+000 
1.024687277e+000 1.722198270e+000 
1.017416971e+000 1.699794272e+000 
1.000147396e+000 1.636220225e+000 
1.019944033e+000 1.707604553e+000 
1.012537020e+000 1.683958510e+000 
1.001205356e+000 1.642072115e+000 
1.241617092e+000 1.968482754e+000 
1.184329430e+000 1.937525240e+000 
1.314574590e+000 1.998784194e+000 
1.098109967e+000 1.846944884e+000 
1.141872459e+000 1.897414807e+000 
1.099681170e+000 1.848970061e+000 
1.302811045e+000 1.993377013e+000 
1.209193129e+000 1.955212817e+000 
1.272742830e+000 1.983930219e+000 
1.080323437e+000 1.825394670e+000 
1.181131657e+000 1.935077984e+000 
1.168749769e+000 1.923459995e+000 
1.104321832e+000 1.856236383e+000 
1.073240527e+000 1.818581906e+000 
1.146747531e+000 1.902518479e+000 
1.204553434e+000 1.950960629e+000 
1.312181438e+000 1.996462929e+000 
1.165515774e+000 1.920302299e+000 
1.251507343e+000 1.974738149e+000 
1.308320789e+000 1.996436045e+000 
1.246504919e+000 1.974538797e+000 
1.081119771e+000 1.826472926e+000 
1.104005400e+000 1.855763616e+000 
1.303153202e+000 1.994520008e+000 
1.103056644e+000 1.854259684e+000 
1.293989019e+000 1.989575102e+000 
1.283806560e+000 1.989410211e+000 
1.101669802e+000 1.851746899e+000 
1.091955910e+000 1.843878974e+000 
1.084313787e+000 1.832066951e+000 
1.159505921e+000 1.917898492e+000 
1.322538568e+000 2.000000000e+000 
1.243347311e+000 1.970263037e+000 
1.092560806e+000 1.844370243e+000 
1.295248450e+000 1.989980096e+000 
1.162739961e+000 1.918030008e+000 
1.248694104e+000 1.974671039e+000 
1.226678794e+000 1.962875458e+000 
1.193988931e+000 1.942306302e+000 
1.216447479e+000 1.955377708e+000 
1.253935527e+000 1.978820421e+000 
1.270617157e+000 1.980852826e+000 
1.145065687e+000 1.901553728e+000 
1.197268516e+000 1.943833405e+000 
1.083841938e+000 1.829892615e+000 
1.087315248e+000 1.835175569e+000 
1.106565194e+000 1.859133020e+000 
1.133540407e+000 1.892465099e+000 
1.147885950e+000 1.903437521e+000 
1.112153631e+000 1.868586756e+000 
1.126725461e+000 1.883840802e+000 
1.167670369e+000 1.921159900e+000 
1.123971572e+000 1.878608256e+000 
1.169211768e+000 1.924338173e+000 
1.096655103e+000 1.845747320e+000 
1.110673860e+000 1.864324686e+000 
1.279371045e+000 1.988194405e+000 
1.109399742e+000 1.863354210e+000 
1.146595856e+000 1.902081675e+000 
1.298329478e+000 1.991310373e+000 
1.125270597e+000 1.881325753e+000 
1.154866226e+000 1.913365751e+000 
1.102584795e+000 1.853538995e+000 
1.131455740e+000 1.888078257e+000 
1.223134223e+000 1.959599955e+000 
1.228643966e+000 1.963881579e+000 
1.202241463e+000 1.947787932e+000 
1.221201637e+000 1.959118419e+000 
1.147477255e+000 1.902896869e+000 
1.193345974e+000 1.940522898e+000 
1.203581949e+000 1.949337263e+000 
1.278777189e+000 1.985327938e+000 
1.163173522e+000 1.919813828e+000 
1.118120770e+000 1.871747619e+000 
1.156308148e+000 1.915451236e+000 
1.148004500e+000 1.903872020e+000 
1.148194176e+000 1.906363299e+000 
1.154623292e+000 1.911169612e+000 
1.170653690e+000 1.926423658e+000 
1.228181967e+000 1.963027077e+000 
1.177470797e+000 1.930934138e+000 
1.106058105e+000 1.858821948e+000 
1.107006861e+000 1.859783645e+000 
1.040845646e+000 1.763906889e+000 
1.244451076e+000 1.970661837e+000 
1.264323772e+000 1.978985313e+000 
1.173851463e+000 1.928870913e+000 
1.131504008e+000 1.889366985e+000 
1.142261436e+000 1.900187080e+000 
1.236902995e+000 1.967448257e+000 
1.151388192e+000 1.910594802e+000 
1.201605003e+000 1.947118864e+000 
1.198320170e+000 1.945055638e+000 
1.193848309e+000 1.940666495e+000 
1.083698911e+000 1.828841133e+000 
1.149484270e+000 1.907719145e+000 
1.321441060e+000 1.998801632e+000 
1.148029407e+000 1.904844510e+000 
1.198715162e+000 1.946558490e+000 
1.188037221e+000 1.939588465e+000 
1.119419796e+000 1.872879499e+000 
1.107323293e+000 1.860782084e+000 
1.182439020e+000 1.935306840e+000 
1.097482923e+000 1.845792408e+000 
1.252101198e+000 1.977604616e+000 
1.130238820e+000 1.887390286e+000 
1.273774765e+000 1.985128586e+000 
1.282709052e+000 1.988211843e+000 
1.268664231e+000 1.980720584e+000 
1.197998649e+000 1.944787919e+000 
1.110698767e+000 1.866071707e+000 
1.088761894e+000 1.838284949e+000 
1.238888254e+000 1.968395523e+000 
1.132085543e+000 1.889590464e+000 
1.217251167e+000 1.956599942e+000 
1.175535378e+000 1.930796360e+000 
1.203596849e+000 1.950931192e+000 
1.198957154e+000 1.946679004e+000 
1.132250313e+000 1.891109253e+000 
1.147502951e+000 1.902921276e+000 
1.100214939e+000 1.849015250e+000 
1.140124048e+000 1.895773510e+000 
1.105753905e+000 1.857741717e+000 
1.107682733e+000 1.860951720e+000 
1.219849914e+000 1.958491028e+000 
1.192883974e+000 1.939644721e+000 
1.109227215e+000 1.863024670e+000 
1.089869481e+000 1.839449278e+000 
1.100676939e+000 1.850891535e+000 
1.120412660e+000 1.873295563e+000 
1.224489609e+000 1.962743215e+000 
1.207201282e+000 1.951400488e+000 
1.178733151e+000 1.933243615e+000 
1.141799436e+000 1.897173906e+000 
1.119177399e+000 1.872745232e+000 
1.208945163e+000 1.951770794e+000 
1.194787896e+000 1.942608383e+000 
1.219305139e+000 1.958137621e+000 
1.109416891e+000 1.863515960e+000 
1.163647896e+000 1.919961717e+000 
1.112758527e+000 1.869278538e+000 
1.223944833e+000 1.962389809e+000 
1.225446193e+000 1.962772652e+000 
1.230085888e+000 1.967024840e+000 
1.243228714e+000 1.970130794e+000 
1.127330357e+000 1.884532584e+000 
1.093859832e+000 1.845697675e+000 
1.200384176e+000 1.946890007e+000 
1.091931003e+000 1.842487671e+000 
1.135444329e+000 1.895340757e+000 

