1.000325414e+000 1.220617258e+000 
1.000026416e+000 1.130093531e+000 
1.000320348e+000 1.130447997e+000 
1.000000000e+000 1.013404216e+000 
1.017249661e+000 1.922983009e+000 
1.063588781e+000 1.962533353e+000 
1.045837752e+000 1.951651859e+000 
1.021697613e+000 1.927629060e+000 
1.011763240e+000 1.914500245e+000 
1.024039673e+000 1.930967072e+000 
1.008013516e+000 1.907984068e+000 
1.010095606e+000 1.911721202e+000 
1.006325002e+000 1.904889069e+000 
1.010843839e+000 1.912928170e+000 
1.009821388e+000 1.911392254e+000 
1.006850262e+000 1.905841414e+000 
1.006694834e+000 1.905528665e+000 
1.087803475e+000 1.974805883e+000 
1.004932930e+000 1.901622695e+000 
1.005354945e+000 1.902633908e+000 
1.006251612e+000 1.904078098e+000 
1.012212820e+000 1.915421332e+000 
1.008375041e+000 1.908787418e+000 
1.008716434e+000 1.908918148e+000 
1.006312102e+000 1.904285962e+000 
1.010301703e+000 1.912127205e+000 
1.009138449e+000 1.910069149e+000 
1.009741640e+000 1.911110763e+000 
1.010995826e+000 1.913116778e+000 
1.005664287e+000 1.903065641e+000 
1.005741653e+000 1.903177314e+000 
1.008932352e+000 1.909578548e+000 
1.004993420e+000 1.901830558e+000 
1.071149165e+000 1.966882134e+000 
1.006673627e+000 1.905089311e+000 
1.005942270e+000 1.903646366e+000 
1.004623588e+000 1.901190962e+000 
1.082475989e+000 1.971814333e+000 
1.040064387e+000 1.946954154e+000 
1.005148848e+000 1.902143308e+000 
1.005535556e+000 1.902686714e+000 
1.006173549e+000 1.903911960e+000 
1.067271843e+000 1.964636778e+000 
1.015135634e+000 1.919925855e+000 
1.009371808e+000 1.910471167e+000 
1.010103165e+000 1.911914113e+000 
1.053781389e+000 1.956842932e+000 
1.052721067e+000 1.955795005e+000 
1.000651795e+000 1.889171050e+000 
1.000621804e+000 1.888436115e+000 
1.066051125e+000 1.964270106e+000 
1.020685390e+000 1.927229939e+000 
1.074793442e+000 1.968745682e+000 
1.041964826e+000 1.948484376e+000 
1.044006466e+000 1.950062438e+000 
1.044036101e+000 1.950173920e+000 
1.052903794e+000 1.956057211e+000 
1.047465946e+000 1.953059825e+000 
1.038505346e+000 1.945486990e+000 
1.050832519e+000 1.954367668e+000 
1.045394671e+000 1.951370281e+000 
1.043138048e+000 1.949509785e+000 
1.012290186e+000 1.915533005e+000 
1.013622022e+000 1.917459616e+000 
1.054040404e+000 1.957080677e+000 
1.014065103e+000 1.917741194e+000 
1.065738697e+000 1.963996721e+000 
1.061290512e+000 1.961523072e+000 
1.036634542e+000 1.944068249e+000 
1.012887256e+000 1.916442620e+000 
1.002509908e+000 1.895835906e+000 
1.002665336e+000 1.896113718e+000 
1.062421824e+000 1.962149823e+000 
1.064235294e+000 1.962781800e+000 
1.027710070e+000 1.934902375e+000 
1.065376674e+000 1.963722713e+000 
1.055586167e+000 1.957651398e+000 
1.013336836e+000 1.917363708e+000 
1.074534427e+000 1.968326119e+000 
1.059478253e+000 1.960078064e+000 
1.041692581e+000 1.948362119e+000 
1.015555106e+000 1.920555095e+000 
1.041066773e+000 1.947820019e+000 
1.013021543e+000 1.916975951e+000 
1.063095290e+000 1.962338550e+000 
1.012660018e+000 1.916172601e+000 
1.079278852e+000 1.971352841e+000 
1.057657442e+000 1.959341164e+000 
1.037636928e+000 1.944934114e+000 
1.055602208e+000 1.957723359e+000 
1.043410293e+000 1.949631820e+000 
1.048911413e+000 1.954207490e+000 
1.035402698e+000 1.943786671e+000 
1.054349261e+000 1.957204877e+000 
1.079307509e+000 1.971355466e+000 
1.071978892e+000 1.967407650e+000 
1.062917297e+000 1.962214351e+000 
1.055852664e+000 1.958525686e+000 
1.043380658e+000 1.949520338e+000 
1.015870400e+000 1.920942851e+000 
1.077745705e+000 1.970622592e+000 
1.015585214e+000 1.920846943e+000 
1.041935191e+000 1.948372894e+000 
1.061168849e+000 1.960773455e+000 
1.046840138e+000 1.952517725e+000 
1.052422819e+000 1.955639781e+000 
1.071167854e+000 1.967283496e+000 
1.017564955e+000 1.923370765e+000 
1.027152768e+000 1.934264292e+000 
1.087913837e+000 1.974811720e+000 
1.076605702e+000 1.970280883e+000 
1.056992668e+000 1.958863047e+000 
1.070036542e+000 1.966656746e+000 
1.051225854e+000 1.955557913e+000 
1.059971884e+000 1.960691586e+000 
1.064598694e+000 1.963659359e+000 
1.042772471e+000 1.949206884e+000 
1.067859672e+000 1.965147209e+000 
1.000717132e+000 1.890364888e+000 
1.014820341e+000 1.919538099e+000 
1.019148730e+000 1.924987694e+000 
1.015269921e+000 1.920459186e+000 
1.072713086e+000 1.967607544e+000 
1.050863832e+000 1.955183916e+000 
1.032521064e+000 1.939851369e+000 
1.059609861e+000 1.960317589e+000 
1.044843746e+000 1.950889638e+000 
1.052003835e+000 1.955621266e+000 
1.038262736e+000 1.945476214e+000 
1.007056359e+000 1.906332015e+000 
1.053711439e+000 1.956772929e+000 
1.039312991e+000 1.946209497e+000 
1.046202316e+000 1.952092789e+000 
1.048273591e+000 1.953775542e+000 
1.014511971e+000 1.918718005e+000 
1.086210949e+000 1.974228699e+000 
1.014196678e+000 1.918330248e+000 
1.083600955e+000 1.972672400e+000 
1.082732506e+000 1.972510873e+000 
1.041384266e+000 1.947892251e+000 
1.057019621e+000 1.958909216e+000 
1.078942102e+000 1.970885874e+000 
1.001871914e+000 1.894610660e+000 
1.064348237e+000 1.962857032e+000 
1.002078011e+000 1.895101261e+000 
1.007643684e+000 1.907344472e+000 
1.086182292e+000 1.974226074e+000 
1.069757428e+000 1.965851794e+000 
1.076355245e+000 1.969478556e+000 
1.082703848e+000 1.972508595e+000 
1.064319580e+000 1.962854407e+000 
1.076134688e+000 1.968884458e+000 
1.000335758e+000 1.888226958e+000 
1.054948345e+000 1.957226462e+000 
1.000987946e+000 1.891360781e+000 
1.069026629e+000 1.965530740e+000 
1.001219727e+000 1.891476837e+000 
1.076326588e+000 1.969475931e+000 
1.069786085e+000 1.965854419e+000 
1.001273991e+000 1.891535001e+000 
1.000904159e+000 1.890895405e+000 
1.030823164e+000 1.938199594e+000 
1.001346654e+000 1.893658315e+000 
1.001716486e+000 1.894297911e+000 
1.082660112e+000 1.972114503e+000 
1.004219797e+000 1.900049020e+000 
1.044814111e+000 1.950778156e+000 
1.042742836e+000 1.949095402e+000 
1.040566012e+000 1.947211361e+000 
1.037136167e+000 1.944325456e+000 
1.011602213e+000 1.913597504e+000 
1.009525157e+000 1.910472767e+000 
1.011159132e+000 1.913315926e+000 
1.008793800e+000 1.909029821e+000 
1.011362478e+000 1.913496617e+000 
1.037607293e+000 1.944822633e+000 
1.012210438e+000 1.915251514e+000 
1.014610373e+000 1.918844514e+000 
1.015026437e+000 1.919899704e+000 
1.016390516e+000 1.921646241e+000 
1.018252047e+000 1.923848874e+000 
1.012155899e+000 1.914999675e+000 
1.014295080e+000 1.918456758e+000 
1.012571963e+000 1.916054864e+000 
1.004589629e+000 1.900688616e+000 
1.030507051e+000 1.938001426e+000 
1.004064369e+000 1.899771208e+000 
1.038233101e+000 1.945364733e+000 
1.032491429e+000 1.939739887e+000 
1.036604907e+000 1.943956767e+000 
1.038050373e+000 1.945102527e+000 
1.016806580e+000 1.922701431e+000 
1.018537233e+000 1.923944783e+000 
1.031108350e+000 1.938295503e+000 
1.018852526e+000 1.924332539e+000 
1.017850140e+000 1.923466674e+000 
1.023899767e+000 1.930277884e+000 
1.016075223e+000 1.921258485e+000 
1.023589252e+000 1.930123540e+000 
1.021828491e+000 1.928588341e+000 
1.003270947e+000 1.898233213e+000 
1.021128471e+000 1.927511517e+000 
1.024975943e+000 1.931673903e+000 
1.016675702e+000 1.921742150e+000 
1.025707301e+000 1.933116848e+000 
1.022586866e+000 1.929257675e+000 
1.026150382e+000 1.933398426e+000 
1.022428970e+000 1.929072006e+000 
1.023559144e+000 1.929831693e+000 
1.028153151e+000 1.935183952e+000 
1.027437953e+000 1.934360200e+000 
1.022872051e+000 1.929353583e+000 
1.029662883e+000 1.937148059e+000 
1.032564500e+000 1.939899676e+000 
1.025992486e+000 1.933212757e+000 
1.025182775e+000 1.932325474e+000 
1.033175062e+000 1.941070862e+000 
1.034177448e+000 1.941936728e+000 
1.017407059e+000 1.923185096e+000 
1.025498068e+000 1.932713231e+000 
1.002779802e+000 1.896479241e+000 
1.032731981e+000 1.940789284e+000 
1.032000624e+000 1.939346338e+000 
1.019744800e+000 1.925383375e+000 
1.028894103e+000 1.935964373e+000 
1.024766711e+000 1.931270285e+000 
1.022143785e+000 1.928976097e+000 
1.025105409e+000 1.932213801e+000 
1.020476157e+000 1.926826321e+000 
1.028330227e+000 1.935411036e+000 
1.026943535e+000 1.933860674e+000 
1.031132859e+000 1.938543526e+000 
1.026435567e+000 1.933494335e+000 
1.030950132e+000 1.938281320e+000 
1.034803256e+000 1.942478828e+000 
1.024482754e+000 1.931248650e+000 
1.034620529e+000 1.942216622e+000 
1.029504665e+000 1.937135560e+000 
1.031734158e+000 1.938837603e+000 
1.030105964e+000 1.937429637e+000 
1.022113677e+000 1.928684249e+000 
1.024937928e+000 1.931324192e+000 
1.019429506e+000 1.924995619e+000 
1.020160864e+000 1.926438565e+000 
1.020083498e+000 1.926326891e+000 
1.003426375e+000 1.898545962e+000 
1.002901115e+000 1.897593617e+000 
1.003089145e+000 1.897687259e+000 
1.003820502e+000 1.899130205e+000 
1.003632472e+000 1.899036563e+000 
1.003195046e+000 1.897708535e+000 
1.003926404e+000 1.899151481e+000 
1.021413656e+000 1.927607425e+000 
1.003614405e+000 1.898639604e+000 
1.020970575e+000 1.927325847e+000 
1.016360409e+000 1.921354394e+000 
1.011538467e+000 1.913566373e+000 
1.017091766e+000 1.922797339e+000 
1.191104801e+000 1.999002987e+000 
1.127246708e+000 1.989401228e+000 
1.126803627e+000 1.988945839e+000 
1.137969517e+000 1.992453867e+000 
1.124644653e+000 1.988450718e+000 
1.145421356e+000 1.994009887e+000 
1.163758106e+000 1.998076908e+000 
1.172598421e+000 1.998294080e+000 
1.142857546e+000 1.994004050e+000 
1.094690059e+000 1.977433850e+000 
1.161697590e+000 1.996828803e+000 
1.215643271e+000 1.999830602e+000 
1.091182471e+000 1.975944141e+000 
1.096561320e+000 1.978548827e+000 
1.097004401e+000 1.978609194e+000 
1.101208781e+000 1.980216198e+000 
1.147481872e+000 1.995257993e+000 
1.127953229e+000 1.989571051e+000 
1.200297068e+000 1.999435229e+000 
1.104518553e+000 1.981699919e+000 
1.104075472e+000 1.981332752e+000 
1.112298221e+000 1.984330139e+000 
1.074267412e+000 1.967868579e+000 
1.158316699e+000 1.996822965e+000 
1.124034165e+000 1.988334407e+000 
1.115657059e+000 1.985333555e+000 
1.132571630e+000 1.991131577e+000 
1.164794789e+000 1.998220334e+000 
1.178593388e+000 1.998599360e+000 
1.177268751e+000 1.998415824e+000 
1.116787340e+000 1.986063092e+000 
1.175971215e+000 1.998405902e+000 
1.121405741e+000 1.987623549e+000 
1.169533199e+000 1.998238137e+000 
1.140410024e+000 1.993696114e+000 
1.090003593e+000 1.975463927e+000 
1.113626072e+000 1.985081551e+000 
1.106262848e+000 1.982084164e+000 
1.107405652e+000 1.982333543e+000 
1.217746911e+000 1.999835671e+000 
1.184490472e+000 1.998941974e+000 
1.181375179e+000 1.998872559e+000 
1.109007671e+000 1.983521094e+000 
1.107434310e+000 1.982336168e+000 
1.179841732e+000 1.998830151e+000 
1.121848822e+000 1.988078937e+000 
1.080665757e+000 1.971468720e+000 
1.096126175e+000 1.977805331e+000 
1.133039793e+000 1.991280429e+000 
1.121435809e+000 1.987643519e+000 
1.129658558e+000 1.990640906e+000 
1.129244134e+000 1.990188154e+000 
1.116193737e+000 1.985361806e+000 
1.153778520e+000 1.995897516e+000 
1.073567802e+000 1.967628479e+000 
1.155869176e+000 1.996513371e+000 
1.179149193e+000 1.998716400e+000 
1.112246584e+000 1.984258687e+000 
1.120469333e+000 1.987256074e+000 
1.145744039e+000 1.994082555e+000 
1.138525095e+000 1.992505975e+000 
1.059459595e+000 1.959389844e+000 
1.084226254e+000 1.973251627e+000 
1.083811830e+000 1.972887097e+000 
1.082045502e+000 1.971704027e+000 
1.186023919e+000 1.998984382e+000 
1.214176214e+000 1.999820680e+000 
1.192638248e+000 1.999045394e+000 
1.101644447e+000 1.980523707e+000 
1.112033791e+000 1.984163180e+000 
1.130152693e+000 1.990649380e+000 
1.102328075e+000 1.980802004e+000 
1.117230421e+000 1.986518480e+000 
1.170567206e+000 1.998258161e+000 
1.099900152e+000 1.980139462e+000 
1.110550824e+000 1.983799391e+000 
1.084254911e+000 1.973254263e+000 
1.194254180e+000 1.999136899e+000 
1.094964851e+000 1.977804618e+000 
1.099512786e+000 1.979579167e+000 
1.158095163e+000 1.996669530e+000 
1.088773088e+000 1.975059235e+000 
1.129408102e+000 1.990212734e+000 
1.140362776e+000 1.992523571e+000 
1.297456546e+000 2.000000000e+000 
1.142636010e+000 1.993807217e+000 
1.128552341e+000 1.989586470e+000 
1.193169806e+000 1.999090400e+000 
1.157722941e+000 1.996656923e+000 
1.125087734e+000 1.988817885e+000 
1.200687159e+000 1.999491686e+000 
1.083374560e+000 1.972531847e+000 
1.289406747e+000 1.999992043e+000 
1.198422133e+000 1.999414587e+000 
1.152281534e+000 1.995403146e+000 
1.119526126e+000 1.986779667e+000 
1.162553241e+000 1.997289351e+000 
1.130723899e+000 1.990749685e+000 
1.119415764e+000 1.986773830e+000 
1.196480167e+000 1.999293058e+000 
1.149707859e+000 1.995369097e+000 
1.134660732e+000 1.992205354e+000 
1.085707343e+000 1.973864953e+000 
1.127515657e+000 1.989480427e+000 
1.165984092e+000 1.998233067e+000 
1.147404673e+000 1.994400174e+000 
1.091899105e+000 1.976536283e+000 
1.141446707e+000 1.993802256e+000 
1.202913145e+000 1.999647845e+000 
1.097560557e+000 1.978683932e+000 
1.178386840e+000 1.998419334e+000 
1.087704853e+000 1.974690671e+000 
1.121464466e+000 1.987646156e+000 
1.098863468e+000 1.978982787e+000 
1.087355491e+000 1.974439100e+000 
1.120579695e+000 1.987261911e+000 
1.108122901e+000 1.983136848e+000 
1.092536927e+000 1.977142075e+000 
1.195290864e+000 1.999280325e+000 
1.180185876e+000 1.998859826e+000 
1.101754809e+000 1.980529544e+000 
1.117340783e+000 1.986524318e+000 
1.133068450e+000 1.991283065e+000 
1.206550372e+000 1.999678644e+000 
1.090446674e+000 1.975919316e+000 
1.099262330e+000 1.979533669e+000 
1.107485079e+000 1.982531056e+000 
1.106032648e+000 1.981914089e+000 
1.116304099e+000 1.985367643e+000 
1.145889590e+000 1.994335636e+000 
1.082488583e+000 1.972071194e+000 
1.162165824e+000 1.997034767e+000 
1.218398040e+000 1.999852833e+000 
1.096136312e+000 1.978056622e+000 
1.129687215e+000 1.990643543e+000 
1.094718716e+000 1.977436487e+000 
1.097809899e+000 1.978916703e+000 
1.091618136e+000 1.976251650e+000 
1.109118034e+000 1.983526931e+000 
1.213760010e+000 1.999679998e+000 
1.279079610e+000 1.999989766e+000 
1.239139169e+000 1.999906015e+000 
1.266383616e+000 1.999962421e+000 

