1.012343311e+000 1.003637371e+000 
1.008858482e+000 1.003246737e+000 
1.009880128e+000 1.003401516e+000 
1.009413197e+000 1.003332893e+000 
1.008232504e+000 1.003141344e+000 
1.008400763e+000 1.003170015e+000 
1.011461202e+000 1.003558797e+000 
1.009508438e+000 1.003358042e+000 
1.007859668e+000 1.003058371e+000 
1.010422207e+000 1.003462872e+000 
1.010528266e+000 1.003468686e+000 
1.012547333e+000 1.003656713e+000 
1.012015387e+000 1.003603769e+000 
1.012319535e+000 1.003637215e+000 
1.012178525e+000 1.003618220e+000 
1.012243185e+000 1.003623716e+000 
1.011842938e+000 1.003589148e+000 
1.008340014e+000 1.003152206e+000 
1.009857247e+000 1.003391652e+000 
1.008911781e+000 1.003280260e+000 
1.011991611e+000 1.003603621e+000 
1.012057808e+000 1.003616770e+000 
1.009033464e+000 1.003295708e+000 
1.009536036e+000 1.003366033e+000 
1.009173752e+000 1.003322250e+000 
1.010026742e+000 1.003419243e+000 
1.009379344e+000 1.003332886e+000 
1.009241665e+000 1.003326660e+000 
1.009484662e+000 1.003357887e+000 
1.011041961e+000 1.003515013e+000 
1.010351774e+000 1.003452697e+000 
1.008660628e+000 1.003213023e+000 
1.008584164e+000 1.003212137e+000 
1.008492369e+000 1.003184169e+000 
1.008057656e+000 1.003090676e+000 
1.008301805e+000 1.003150804e+000 
1.007825414e+000 1.003050714e+000 
1.008213965e+000 1.003115843e+000 
1.008458115e+000 1.003176103e+000 
1.023928517e+000 1.016825509e+000 
1.024132377e+000 1.016911186e+000 
1.038213184e+000 1.019578696e+000 
1.017911622e+000 1.014642681e+000 
1.019700783e+000 1.015723407e+000 
1.024918633e+000 1.016972062e+000 
1.021508449e+000 1.016151289e+000 
1.021658930e+000 1.016254436e+000 
1.031744501e+000 1.018494395e+000 
1.022339719e+000 1.016468386e+000 
1.029761011e+000 1.018077117e+000 
1.025481502e+000 1.017193578e+000 
1.033417346e+000 1.018778844e+000 
1.025345039e+000 1.017173370e+000 
1.029586880e+000 1.018053483e+000 
1.034909919e+000 1.019067955e+000 
1.022993076e+000 1.016603952e+000 
1.033117678e+000 1.018747926e+000 
1.018189871e+000 1.014877214e+000 
1.037707537e+000 1.019482798e+000 
1.019635846e+000 1.015639433e+000 
1.033727803e+000 1.018833689e+000 
1.030314244e+000 1.018201358e+000 
1.017918053e+000 1.014748089e+000 
1.018505136e+000 1.015123339e+000 
1.018870561e+000 1.015348496e+000 
1.025934789e+000 1.017301580e+000 
1.019182875e+000 1.015487086e+000 
1.018190656e+000 1.014937210e+000 
1.018636127e+000 1.015220285e+000 
1.018613533e+000 1.015124297e+000 
1.018363524e+000 1.015031164e+000 
1.026665607e+000 1.017446268e+000 
1.021150756e+000 1.016122446e+000 
1.033694678e+000 1.018831645e+000 
1.031349204e+000 1.018388575e+000 
1.037808590e+000 1.019483769e+000 
1.026487587e+000 1.017418065e+000 
1.021243559e+000 1.016133464e+000 
1.019020673e+000 1.015412555e+000 
1.029986712e+000 1.018107940e+000 
1.022596943e+000 1.016543709e+000 
1.027431993e+000 1.017602878e+000 
1.022208075e+000 1.016447135e+000 
1.027252013e+000 1.017574626e+000 
1.020029717e+000 1.015764453e+000 
1.035364509e+000 1.019115461e+000 
1.021522120e+000 1.016225693e+000 
1.026174017e+000 1.017328141e+000 
1.023115605e+000 1.016611860e+000 
1.025427066e+000 1.017175029e+000 
1.026665769e+000 1.017456018e+000 
1.022069396e+000 1.016337919e+000 
1.026370513e+000 1.017373210e+000 
1.033917459e+000 1.018884422e+000 
1.034040417e+000 1.018899845e+000 
1.036194002e+000 1.019227288e+000 
1.038564954e+000 1.019609946e+000 
1.030821097e+000 1.018264419e+000 
1.045085324e+000 1.112512839e+000 
1.028644976e+000 1.017639031e+000 
1.029313136e+000 1.017761438e+000 
1.029439858e+000 1.017789126e+000 
1.063265841e+000 1.936745938e+000 
1.078754076e+000 1.943405855e+000 
1.192409981e+000 1.969037631e+000 
1.080246244e+000 1.943835662e+000 
1.086242929e+000 1.945980394e+000 
1.090093901e+000 1.947253387e+000 
1.117796371e+000 1.954951423e+000 
1.073497651e+000 1.941379108e+000 
1.096826217e+000 1.949561630e+000 
1.111934322e+000 1.953584574e+000 
1.057560787e+000 1.934133012e+000 
1.064456033e+000 1.937681500e+000 
1.151568743e+000 1.962295395e+000 
1.199537050e+000 1.969762400e+000 
1.105868645e+000 1.952044134e+000 
1.110978320e+000 1.953407394e+000 
1.138583097e+000 1.959908504e+000 
1.084942151e+000 1.945475530e+000 
1.177243984e+000 1.966734836e+000 
1.186539095e+000 1.967827344e+000 
1.063943431e+000 1.937410722e+000 
1.063890990e+000 1.937351485e+000 
1.106669792e+000 1.952251101e+000 
1.135600145e+000 1.959256924e+000 
1.220792843e+000 1.972887505e+000 
1.060220060e+000 1.935652546e+000 
1.137416998e+000 1.959743589e+000 
1.169762198e+000 1.965321818e+000 
1.180360113e+000 1.967508572e+000 
1.079385555e+000 1.943603947e+000 
1.245133188e+000 1.975265617e+000 
1.143804731e+000 1.961056347e+000 
1.192725045e+000 1.969050820e+000 
1.091182253e+000 1.947725946e+000 
1.179024519e+000 1.967263273e+000 
1.107629900e+000 1.952486627e+000 
1.067780990e+000 1.938958462e+000 
1.090966323e+000 1.947635776e+000 
1.098972654e+000 1.950006395e+000 
1.111475943e+000 1.953537304e+000 
1.104993651e+000 1.951879742e+000 
1.127337747e+000 1.957346044e+000 
1.125244118e+000 1.956819639e+000 
1.228688163e+000 1.973583576e+000 
1.280446377e+000 1.978453639e+000 
1.127845214e+000 1.957578472e+000 
1.134417048e+000 1.959048881e+000 
1.078547866e+000 1.943274028e+000 
1.098477695e+000 1.949954794e+000 
1.226312301e+000 1.973375977e+000 
1.058470483e+000 1.934564142e+000 
1.069328425e+000 1.939745035e+000 
1.101537988e+000 1.950854079e+000 
1.057207525e+000 1.933752948e+000 
1.139259607e+000 1.960126520e+000 
1.066606103e+000 1.938582717e+000 
1.110308946e+000 1.953211892e+000 
1.141823420e+000 1.960570629e+000 
1.204884391e+000 1.970853095e+000 
1.189837775e+000 1.968710093e+000 
1.152362847e+000 1.962414250e+000 
1.123303337e+000 1.956442576e+000 
1.111068125e+000 1.953432403e+000 
1.160921014e+000 1.964161284e+000 
1.122103571e+000 1.956065347e+000 
1.138490911e+000 1.959785620e+000 
1.282009023e+000 1.978622196e+000 
1.107290807e+000 1.952437519e+000 
1.128617404e+000 1.957712367e+000 
1.078979130e+000 1.943435375e+000 
1.247288019e+000 1.975459741e+000 
1.191121232e+000 1.968961145e+000 
1.058142838e+000 1.934467818e+000 
1.118816644e+000 1.955350874e+000 
1.136732788e+000 1.959457514e+000 
1.067180954e+000 1.938739366e+000 
1.110612728e+000 1.953317201e+000 
1.127579687e+000 1.957407647e+000 
1.168001031e+000 1.965150264e+000 
1.073097463e+000 1.941220264e+000 
1.119993137e+000 1.955547652e+000 
1.056860132e+000 1.933487573e+000 
1.108366934e+000 1.952714203e+000 
1.080871976e+000 1.944110311e+000 
1.158829734e+000 1.963666909e+000 
1.193999192e+000 1.969079840e+000 
1.066463272e+000 1.938478872e+000 
1.084436497e+000 1.945386143e+000 
1.224152610e+000 1.973050427e+000 
1.095371965e+000 1.948969853e+000 
1.222917905e+000 1.972989512e+000 
1.059708022e+000 1.935312064e+000 
1.193214198e+000 1.969061364e+000 
1.147610124e+000 1.961839467e+000 
1.063515495e+000 1.937189285e+000 
1.144545422e+000 1.961252812e+000 
1.251013561e+000 1.976033030e+000 
1.133723115e+000 1.958814502e+000 
1.076960638e+000 1.942698862e+000 
1.081694644e+000 1.944443869e+000 
1.096462784e+000 1.949362415e+000 
1.179650739e+000 1.967409649e+000 
1.220586371e+000 1.972595356e+000 
1.247122863e+000 1.975359342e+000 
1.278555795e+000 1.978410310e+000 
1.112839996e+000 1.953871858e+000 
1.112445021e+000 1.953755333e+000 
1.107068231e+000 1.952415743e+000 
1.157458357e+000 1.963422771e+000 
1.067507567e+000 1.938910992e+000 
1.112367216e+000 1.953722975e+000 
1.116773663e+000 1.954819937e+000 
1.188703496e+000 1.968563481e+000 
1.278057520e+000 1.978146587e+000 
1.242661239e+000 1.975106051e+000 
1.160763174e+000 1.964108003e+000 
1.147584902e+000 1.961651712e+000 
1.078401999e+000 1.943226055e+000 
1.217167433e+000 1.972205583e+000 
1.089226978e+000 1.947097235e+000 
1.059853556e+000 1.935463844e+000 
1.202945743e+000 1.970505641e+000 
1.201030598e+000 1.970262524e+000 
1.072059316e+000 1.940763964e+000 
1.143738138e+000 1.961014873e+000 
1.243449969e+000 1.975160952e+000 
1.060639832e+000 1.935812765e+000 
1.121150503e+000 1.955841291e+000 
1.163433184e+000 1.964527851e+000 
1.141833758e+000 1.960603471e+000 
1.274217759e+000 1.978011930e+000 
1.059773933e+000 1.935382014e+000 
1.114251709e+000 1.954162900e+000 
1.058555612e+000 1.934636166e+000 
1.063385457e+000 1.937099449e+000 
1.066207131e+000 1.938356978e+000 
1.191953465e+000 1.969012116e+000 
1.116351270e+000 1.954724869e+000 
1.214238014e+000 1.972001924e+000 
1.217498873e+000 1.972292829e+000 
1.287181112e+000 1.978859360e+000 
1.282419117e+000 1.978690791e+000 
1.178319685e+000 1.967056190e+000 
1.099102846e+000 1.950144013e+000 
1.102293958e+000 1.951080636e+000 
1.258884387e+000 1.976648261e+000 
1.092112097e+000 1.948046594e+000 
1.088263998e+000 1.946763022e+000 
1.093699208e+000 1.948504755e+000 
1.131499497e+000 1.958234918e+000 
1.078689377e+000 1.943317969e+000 
1.077235916e+000 1.942775934e+000 
1.095783883e+000 1.949171845e+000 
1.142607531e+000 1.960705484e+000 
1.253575245e+000 1.976149010e+000 
1.162450213e+000 1.964410916e+000 
1.086793041e+000 1.946168770e+000 
1.087188702e+000 1.946395947e+000 
1.102826853e+000 1.951263438e+000 
1.255258280e+000 1.976336147e+000 
1.091522619e+000 1.947841574e+000 
1.143122467e+000 1.960938666e+000 
1.212610135e+000 1.971642186e+000 
1.289656702e+000 1.978900889e+000 
1.139731284e+000 1.960243357e+000 
1.159502141e+000 1.963862950e+000 
1.099678796e+000 1.950293715e+000 
1.280606622e+000 1.978455975e+000 
1.273593907e+000 1.977868492e+000 
1.291891893e+000 1.978926622e+000 
1.077438121e+000 1.942845589e+000 
1.178974406e+000 1.967208368e+000 
1.168632395e+000 1.965154273e+000 
1.195379364e+000 1.969250707e+000 
1.271723146e+000 1.977656042e+000 
1.131792320e+000 1.958367421e+000 
1.111846606e+000 1.953543942e+000 
1.175781144e+000 1.966594884e+000 
1.092107543e+000 1.948018463e+000 
1.275326429e+000 1.978071568e+000 
1.146481827e+000 1.961570176e+000 
1.160335410e+000 1.964009107e+000 
1.079179114e+000 1.943540629e+000 
1.211673545e+000 1.971464503e+000 
1.289551506e+000 1.978864029e+000 
1.084474706e+000 1.945422580e+000 
1.170258036e+000 1.965411525e+000 
1.074188282e+000 1.941646327e+000 
1.084290852e+000 1.945365759e+000 
1.084409793e+000 1.945374872e+000 
1.084116069e+000 1.945302303e+000 
1.125610768e+000 1.956942849e+000 
1.219054888e+000 1.972494975e+000 
1.231929246e+000 1.973866397e+000 
1.112313272e+000 1.953634582e+000 
1.084611757e+000 1.945446011e+000 
1.198308597e+000 1.969498022e+000 
1.150726298e+000 1.962228425e+000 
1.274960341e+000 1.978030340e+000 
1.259858798e+000 1.976659462e+000 
1.255987262e+000 1.976394875e+000 
1.070972817e+000 1.940409820e+000 
1.226197868e+000 1.973267462e+000 
1.149972760e+000 1.962040226e+000 
1.121582954e+000 1.955917318e+000 
1.293665947e+000 1.979099905e+000 
1.073280609e+000 1.941275020e+000 
1.235854028e+000 1.974357870e+000 
1.071275362e+000 1.940525259e+000 
1.237489431e+000 1.974608438e+000 
1.173360917e+000 1.966033208e+000 
1.235029923e+000 1.974327628e+000 
1.196914227e+000 1.969397431e+000 
1.171703873e+000 1.965578658e+000 
1.203937006e+000 1.970641273e+000 
1.305875731e+000 1.979750023e+000 
1.300534240e+000 1.979681057e+000 
1.248285961e+000 1.975589911e+000 
1.245382243e+000 1.975356677e+000 
1.258746818e+000 1.976437193e+000 
1.271594877e+000 1.977493799e+000 
1.014802009e+000 1.008221341e+000 
1.015046378e+000 1.008280520e+000 
1.015573864e+000 1.008380733e+000 
1.016168162e+000 1.008515584e+000 
1.017292853e+000 1.008722191e+000 
1.016319103e+000 1.008545240e+000 
1.015604978e+000 1.008387723e+000 
1.014651068e+000 1.008192267e+000 
1.016488925e+000 1.008582861e+000 
1.014432707e+000 1.008131969e+000 
1.015812358e+000 1.008444641e+000 
1.015000543e+000 1.008258165e+000 
1.017900462e+000 1.008819835e+000 
1.015728581e+000 1.008434262e+000 
1.039781783e+000 1.054770431e+000 
1.038613101e+000 1.054144130e+000 
1.042035457e+000 1.055771071e+000 
1.039409051e+000 1.054585912e+000 
1.043023911e+000 1.056114944e+000 
1.040447027e+000 1.055085620e+000 
1.042874614e+000 1.056034896e+000 
1.039095044e+000 1.054463516e+000 
1.039871470e+000 1.054828823e+000 
1.042893867e+000 1.056053191e+000 
1.040719716e+000 1.055175553e+000 
1.047955655e+000 1.118764874e+000 
1.046620454e+000 1.117963120e+000 
1.045736137e+000 1.117377613e+000 
1.046402352e+000 1.117728882e+000 
1.048380235e+000 1.118967135e+000 
1.045593053e+000 1.117261353e+000 
1.049871613e+000 1.119612803e+000 
1.047920016e+000 1.118751540e+000 
1.046548889e+000 1.117936160e+000 
1.048294713e+000 1.118911114e+000 
1.047421022e+000 1.118419773e+000 
1.048372823e+000 1.118933408e+000 
1.048069312e+000 1.118772581e+000 
1.047882582e+000 1.118649788e+000 
1.000075651e+000 1.000002888e+000 
1.000403621e+000 1.000014973e+000 
1.001543716e+000 1.000032798e+000 
1.000279007e+000 1.000012841e+000 
1.001149554e+000 1.000027610e+000 
1.000514250e+000 1.000016785e+000 
1.000246244e+000 1.000011111e+000 
1.000998243e+000 1.000025977e+000 
1.000371581e+000 1.000014918e+000 
1.001228066e+000 1.000029247e+000 
1.000576990e+000 1.000018115e+000 
1.001423362e+000 1.000031195e+000 
1.001749535e+000 1.000034862e+000 
1.000733487e+000 1.000021733e+000 
1.000597165e+000 1.000018439e+000 
1.000758656e+000 1.000021881e+000 
1.001569800e+000 1.000032836e+000 
1.000118719e+000 1.000004888e+000 
1.000699138e+000 1.000020305e+000 
1.000692534e+000 1.000020159e+000 
1.001398092e+000 1.000031062e+000 
1.000106900e+000 1.000004867e+000 
1.000132709e+000 1.000004945e+000 
1.000321288e+000 1.000014611e+000 
1.000826736e+000 1.000023268e+000 
1.001277737e+000 1.000029459e+000 
1.000098569e+000 1.000004581e+000 
1.000650665e+000 1.000019532e+000 
1.000915421e+000 1.000023776e+000 
1.000344476e+000 1.000014850e+000 
1.000884797e+000 1.000023366e+000 
1.000285676e+000 1.000013041e+000 
1.001192273e+000 1.000028997e+000 
1.000445256e+000 1.000016335e+000 
1.000057039e+000 1.000002823e+000 
1.000309739e+000 1.000013120e+000 
1.000654444e+000 1.000019856e+000 
1.000024629e+000 1.000001164e+000 
1.000587925e+000 1.000018202e+000 
1.000927517e+000 1.000024753e+000 
1.000807162e+000 1.000023150e+000 
1.001537662e+000 1.000032083e+000 
1.000549884e+000 1.000018047e+000 
1.000631563e+000 1.000018669e+000 
1.001664139e+000 1.000034705e+000 
1.000520933e+000 1.000016829e+000 
1.000487145e+000 1.000016717e+000 
1.000684125e+000 1.000020101e+000 
1.001048773e+000 1.000026126e+000 
1.001091493e+000 1.000027512e+000 
1.001071919e+000 1.000027394e+000 
1.001519998e+000 1.000031850e+000 
1.000447488e+000 1.000016659e+000 
1.001308380e+000 1.000031013e+000 
1.000428442e+000 1.000015391e+000 
1.001297311e+000 1.000029577e+000 
1.000031422e+000 1.000001192e+000 
1.000063832e+000 1.000002851e+000 
1.000617526e+000 1.000018664e+000 
1.000900100e+000 1.000023542e+000 
1.000971138e+000 1.000025910e+000 
1.000251902e+000 1.000012774e+000 
1.000295873e+000 1.000013099e+000 
1.000089641e+000 1.000002945e+000 
1.001281652e+000 1.000029490e+000 
1.000265892e+000 1.000012831e+000 
1.000912201e+000 1.000023730e+000 
1.000231155e+000 1.000011101e+000 
1.001176957e+000 1.000027974e+000 
9.999999998e-001 1.000000000e+000 
1.000195457e+000 1.000011059e+000 
1.000043785e+000 1.000001498e+000 
1.000151932e+000 1.000009516e+000 
1.000706382e+000 1.000021665e+000 
1.043300340e+000 1.083557384e+000 
1.044849897e+000 1.084426164e+000 
1.043412399e+000 1.083601524e+000 
1.013235072e+000 1.007118254e+000 
1.013601221e+000 1.007299521e+000 
1.013905324e+000 1.007411674e+000 
1.013020691e+000 1.007057962e+000 
1.013128620e+000 1.007066017e+000 
1.012972358e+000 1.006997317e+000 
1.013695987e+000 1.007347849e+000 
1.013093847e+000 1.007060830e+000 
1.012717399e+000 1.006865018e+000 
1.014062882e+000 1.007412732e+000 
1.013143755e+000 1.007118052e+000 
1.007173716e+000 1.002943999e+000 
1.006143460e+000 1.002730582e+000 
1.007518267e+000 1.002997611e+000 
1.006030854e+000 1.002698513e+000 
1.007250741e+000 1.002962854e+000 
1.007115070e+000 1.002939101e+000 
1.005861535e+000 1.002637607e+000 
1.007609918e+000 1.003008381e+000 
1.007114736e+000 1.002923730e+000 
1.006215453e+000 1.002752955e+000 
1.007647966e+000 1.003009542e+000 
1.006465370e+000 1.002811879e+000 
1.006559366e+000 1.002815686e+000 
1.005872605e+000 1.002641075e+000 
1.006406137e+000 1.002786555e+000 
1.006619625e+000 1.002819435e+000 
1.005944598e+000 1.002663566e+000 
1.003717491e+000 1.001063251e+000 
1.004955140e+000 1.001177312e+000 
1.005579289e+000 1.001229529e+000 
1.003540312e+000 1.001046920e+000 
1.004737090e+000 1.001161906e+000 
1.005659284e+000 1.001231777e+000 
1.005247024e+000 1.001203240e+000 
1.005722434e+000 1.001241799e+000 
1.004293533e+000 1.001119831e+000 
1.003559477e+000 1.001048485e+000 
1.003790186e+000 1.001066135e+000 
1.005279483e+000 1.001204555e+000 
1.005624489e+000 1.001229810e+000 
1.003535367e+000 1.001036345e+000 
1.005303005e+000 1.001204913e+000 
1.003656460e+000 1.001051651e+000 
1.003510517e+000 1.001035755e+000 
1.004260038e+000 1.001118603e+000 
1.004395538e+000 1.001131767e+000 
1.003643259e+000 1.001050923e+000 
1.004224762e+000 1.001116604e+000 
1.004543670e+000 1.001145639e+000 
1.004158033e+000 1.001106833e+000 
1.005279023e+000 1.001204246e+000 
1.004508394e+000 1.001143328e+000 
1.004372894e+000 1.001130164e+000 
1.004360262e+000 1.001129767e+000 
1.003911597e+000 1.001080539e+000 
1.004126458e+000 1.001104036e+000 
1.005645116e+000 1.001231280e+000 
1.003752766e+000 1.001065250e+000 
1.005414523e+000 1.001217410e+000 
1.005143983e+000 1.001191391e+000 
1.003622138e+000 1.001050472e+000 
1.005336860e+000 1.001214551e+000 
1.055714161e+000 1.454152242e+000 
1.051962550e+000 1.452019054e+000 
1.053530280e+000 1.453206099e+000 
1.051320850e+000 1.451431512e+000 
1.053335058e+000 1.453146200e+000 
1.053892855e+000 1.453303329e+000 
1.054282518e+000 1.453643307e+000 
1.054632223e+000 1.453868342e+000 
1.055911247e+000 1.454501758e+000 
1.053120299e+000 1.452968550e+000 
1.054036942e+000 1.453443290e+000 
1.051107900e+000 1.451307580e+000 
1.056452362e+000 1.454718892e+000 
1.049976539e+000 1.450560740e+000 
1.050612665e+000 1.450862487e+000 
1.052172877e+000 1.452063902e+000 
1.051959227e+000 1.451948928e+000 
1.056502177e+000 1.454779174e+000 
1.002360849e+000 1.000315891e+000 
1.002566699e+000 1.000325429e+000 
1.002657852e+000 1.000328487e+000 
1.001847277e+000 1.000285966e+000 
1.002530042e+000 1.000324537e+000 
1.003293666e+000 1.000352553e+000 
1.003012862e+000 1.000341646e+000 
1.002420151e+000 1.000318476e+000 
1.002240354e+000 1.000310713e+000 
1.003489389e+000 1.000358765e+000 
1.003139065e+000 1.000346230e+000 
1.002397506e+000 1.000316708e+000 
1.002284250e+000 1.000314899e+000 
1.002612337e+000 1.000326047e+000 
1.002828081e+000 1.000336131e+000 
1.002731558e+000 1.000331248e+000 
1.003174445e+000 1.000347424e+000 
1.002181524e+000 1.000305572e+000 
1.002144867e+000 1.000304680e+000 
1.001755366e+000 1.000273555e+000 
1.002412440e+000 1.000317808e+000 
1.002893641e+000 1.000336550e+000 
1.003094149e+000 1.000346218e+000 
1.001966374e+000 1.000296789e+000 
1.003371445e+000 1.000353299e+000 
1.002225420e+000 1.000309760e+000 
1.002000058e+000 1.000298815e+000 
1.002043954e+000 1.000302928e+000 
1.002188763e+000 1.000308868e+000 
1.001922478e+000 1.000292676e+000 
1.002072683e+000 1.000303468e+000 
1.002925669e+000 1.000336839e+000 
1.003208585e+000 1.000347817e+000 
1.002028787e+000 1.000299354e+000 
1.383931852e+000 1.992714423e+000 
1.376440195e+000 1.991995431e+000 
1.457159807e+000 1.997292986e+000 
1.314445142e+000 1.983575971e+000 
1.338481457e+000 1.987355026e+000 
1.315634801e+000 1.983690933e+000 
1.348537457e+000 1.988755293e+000 
1.377145708e+000 1.992003930e+000 
1.381442936e+000 1.992442716e+000 
1.384901900e+000 1.992806822e+000 
1.314750692e+000 1.983581948e+000 
1.346559170e+000 1.988548732e+000 
1.436017591e+000 1.996154824e+000 
1.431674149e+000 1.995985461e+000 
1.335270888e+000 1.987077579e+000 
1.378908305e+000 1.992255342e+000 
1.359905711e+000 1.990429349e+000 
1.358758571e+000 1.990198767e+000 
1.368785197e+000 1.991310882e+000 
1.367869640e+000 1.991067260e+000 
1.309232277e+000 1.981689234e+000 
1.396113462e+000 1.993621310e+000 
1.345915165e+000 1.988540763e+000 
1.308366688e+000 1.981613624e+000 
1.307771215e+000 1.981602142e+000 
1.325827719e+000 1.985516716e+000 
1.377808271e+000 1.992193359e+000 
1.306564496e+000 1.981504114e+000 
1.325659946e+000 1.985462573e+000 
1.437566489e+000 1.996314963e+000 
1.357073246e+000 1.990117940e+000 
1.347633821e+000 1.988654083e+000 
1.341472898e+000 1.988045151e+000 
1.332186456e+000 1.986558003e+000 
1.325532063e+000 1.985351116e+000 
1.360963186e+000 1.990524948e+000 
1.356130247e+000 1.989871927e+000 
1.321187670e+000 1.984117112e+000 
1.309284753e+000 1.982145212e+000 
1.325100234e+000 1.985312930e+000 
1.320536713e+000 1.983957805e+000 
1.420317231e+000 1.995141193e+000 
1.495398862e+000 1.998589892e+000 
1.353614089e+000 1.989441562e+000 
1.387258941e+000 1.992965807e+000 
1.322938915e+000 1.984504711e+000 
1.352504831e+000 1.989380507e+000 
1.354706402e+000 1.989607075e+000 
1.321497375e+000 1.984450950e+000 
1.353415679e+000 1.989397540e+000 
1.319177154e+000 1.983844460e+000 
1.350764574e+000 1.988946799e+000 
1.343841422e+000 1.988151123e+000 
1.360585013e+000 1.990491236e+000 
1.313685432e+000 1.983003576e+000 
1.343400856e+000 1.988131935e+000 
1.343197617e+000 1.988108931e+000 
1.338669746e+000 1.987384658e+000 
1.345546522e+000 1.988251052e+000 
1.345620165e+000 1.988484464e+000 
1.326477976e+000 1.985634566e+000 
1.355929828e+000 1.989855428e+000 
1.369120086e+000 1.991376972e+000 
1.330470245e+000 1.986440426e+000 
1.377384280e+000 1.992023595e+000 
1.375558027e+000 1.991956429e+000 
1.325556936e+000 1.985448005e+000 
1.382134240e+000 1.992611523e+000 
1.379474646e+000 1.992401819e+000 
1.344508568e+000 1.988239446e+000 
1.375364769e+000 1.991952902e+000 
1.433933596e+000 1.996061924e+000 
1.362419682e+000 1.990655523e+000 
1.541185634e+000 1.999589497e+000 
1.395107983e+000 1.993593375e+000 
1.381448238e+000 1.992497296e+000 
1.337524625e+000 1.987313610e+000 
1.485721713e+000 1.998343374e+000 
1.326114672e+000 1.985547928e+000 
1.312176952e+000 1.982586269e+000 
1.310644054e+000 1.982219942e+000 
1.417723070e+000 1.994982268e+000 
1.591345794e+000 2.000000000e+000 
1.337588197e+000 1.987318846e+000 
1.388559048e+000 1.992969027e+000 
1.427387016e+000 1.995688753e+000 
1.339853538e+000 1.987840398e+000 
1.330385143e+000 1.986432814e+000 
1.358940955e+000 1.990230347e+000 
1.399869396e+000 1.993916493e+000 
1.333797563e+000 1.986782892e+000 
1.424911366e+000 1.995451441e+000 
1.401888848e+000 1.994136292e+000 
1.331527064e+000 1.986453570e+000 
1.332373860e+000 1.986672090e+000 
1.328639930e+000 1.986133361e+000 
1.386649511e+000 1.992873721e+000 
1.334474157e+000 1.986850114e+000 
1.402908984e+000 1.994142574e+000 
1.334527607e+000 1.986929952e+000 
1.400130580e+000 1.993988971e+000 
1.390132025e+000 1.993234700e+000 
1.341313388e+000 1.987947886e+000 
1.336925120e+000 1.987218378e+000 
1.328256605e+000 1.986107914e+000 
1.312586106e+000 1.982760535e+000 
1.329423293e+000 1.986253976e+000 
1.331905461e+000 1.986481691e+000 
1.396554016e+000 1.993679767e+000 
1.395529110e+000 1.993618085e+000 
1.327766976e+000 1.985826169e+000 
1.335131742e+000 1.987020209e+000 
1.393967224e+000 1.993545774e+000 
1.425147632e+000 1.995469565e+000 
1.405215734e+000 1.994255453e+000 
1.363477863e+000 1.990751354e+000 
1.351713574e+000 1.989092993e+000 
1.456840728e+000 1.997259939e+000 
1.392147881e+000 1.993415928e+000 
1.408529434e+000 1.994522253e+000 
1.363054952e+000 1.990683084e+000 
1.572265240e+000 1.999943113e+000 
1.312507534e+000 1.982693205e+000 
1.571063965e+000 1.999913001e+000 
1.389374204e+000 1.993181668e+000 
1.401078243e+000 1.994036011e+000 
1.399089657e+000 1.993893970e+000 
1.397633276e+000 1.993718115e+000 
1.393378204e+000 1.993445550e+000 
1.313342849e+000 1.982825643e+000 
1.384389273e+000 1.992755417e+000 
1.411973519e+000 1.994693248e+000 
1.323414438e+000 1.985054232e+000 
1.413295803e+000 1.994835186e+000 
1.574929144e+000 1.999973518e+000 
1.409954354e+000 1.994539887e+000 
1.387253982e+000 1.992890496e+000 
1.405514817e+000 1.994297835e+000 
1.573835204e+000 1.999967188e+000 
1.524165882e+000 1.999276862e+000 
1.313483986e+000 1.982879439e+000 
1.352169356e+000 1.989168105e+000 
1.349364368e+000 1.988907353e+000 
1.411322228e+000 1.994653657e+000 
1.397162886e+000 1.993713372e+000 
1.352418626e+000 1.989183684e+000 
1.515693679e+000 1.999085790e+000 
1.336241440e+000 1.987196338e+000 
1.338901438e+000 1.987480872e+000 
1.512282878e+000 1.999080464e+000 
1.522533994e+000 1.999270216e+000 
1.521089031e+000 1.999264946e+000 
1.480888065e+000 1.998159897e+000 
1.371033119e+000 1.991481890e+000 
1.327216511e+000 1.985702526e+000 
1.378593133e+000 1.992204506e+000 
1.327408764e+000 1.985779768e+000 
1.318742243e+000 1.983720903e+000 
1.362253395e+000 1.990588659e+000 
1.564374168e+000 1.999872076e+000 
1.355608201e+000 1.989674130e+000 
1.311098280e+000 1.982375483e+000 
1.314377570e+000 1.983103693e+000 
1.388732794e+000 1.993033194e+000 
1.387474001e+000 1.992966949e+000 
1.339250361e+000 1.987551449e+000 
1.386079997e+000 1.992838061e+000 
1.373338027e+000 1.991682269e+000 
1.365416780e+000 1.990979262e+000 
1.371702370e+000 1.991607021e+000 
1.333783879e+000 1.986691503e+000 
1.459546939e+000 1.997334424e+000 
1.403724796e+000 1.994239633e+000 
1.373201151e+000 1.991675379e+000 
1.373718931e+000 1.991741428e+000 
1.363723654e+000 1.990865861e+000 
1.436084868e+000 1.996188936e+000 
1.544900538e+000 1.999702989e+000 
1.436105254e+000 1.996206007e+000 
1.550397529e+000 1.999760634e+000 
1.368680372e+000 1.991193205e+000 
1.405833081e+000 1.994340938e+000 
1.366951481e+000 1.991045809e+000 
1.564967794e+000 1.999876008e+000 
1.520829317e+000 1.999255389e+000 
1.527057428e+000 1.999400697e+000 
1.433650676e+000 1.996057207e+000 
1.355903638e+000 1.989757379e+000 
1.542186750e+000 1.999637957e+000 
1.546786130e+000 1.999728522e+000 
1.519335188e+000 1.999250950e+000 
1.549840730e+000 1.999735399e+000 
1.429273725e+000 1.995758508e+000 
1.355750541e+000 1.989688236e+000 
1.311611265e+000 1.982451793e+000 
1.480290049e+000 1.998122430e+000 
1.589026035e+000 1.999991620e+000 
1.441617247e+000 1.996558314e+000 
1.488448893e+000 1.998356272e+000 
1.414412721e+000 1.994932077e+000 
1.494971877e+000 1.998548474e+000 
1.416952115e+000 1.994974984e+000 
1.445549199e+000 1.996752007e+000 
1.454979134e+000 1.997186167e+000 
1.454752068e+000 1.997165600e+000 
1.442954122e+000 1.996632732e+000 
1.450139620e+000 1.996973804e+000 
1.444216505e+000 1.996662408e+000 
1.587741639e+000 1.999987225e+000 
1.422608599e+000 1.995370334e+000 
1.451350124e+000 1.996978332e+000 
1.561885641e+000 1.999812222e+000 
1.443372885e+000 1.996638079e+000 
1.504822860e+000 1.998870286e+000 
1.453182144e+000 1.997116093e+000 
1.467175647e+000 1.997660107e+000 
1.420331387e+000 1.995237434e+000 
1.469901350e+000 1.997806352e+000 
1.440213168e+000 1.996474112e+000 
1.439539213e+000 1.996473755e+000 
1.543811302e+000 1.999670868e+000 
1.562949016e+000 1.999819220e+000 
1.417819139e+000 1.995093334e+000 
1.446999855e+000 1.996892611e+000 
1.441675537e+000 1.996575823e+000 
1.467033294e+000 1.997652288e+000 
1.421269342e+000 1.995278712e+000 
1.412748242e+000 1.994719853e+000 
1.483406028e+000 1.998219713e+000 
1.468845716e+000 1.997774341e+000 
1.499460550e+000 1.998736655e+000 
1.497548601e+000 1.998704760e+000 
1.476280976e+000 1.998008251e+000 
1.468121582e+000 1.997724242e+000 
1.489574024e+000 1.998434377e+000 
1.487316192e+000 1.998354803e+000 
1.478913737e+000 1.998081785e+000 
1.475814538e+000 1.997977830e+000 
1.485331716e+000 1.998321573e+000 
1.474294613e+000 1.997945227e+000 
1.473903943e+000 1.997923793e+000 
1.488773677e+000 1.998370881e+000 
1.534933745e+000 1.999543079e+000 
1.540995733e+000 1.999568351e+000 
1.537491186e+000 1.999543955e+000 
1.505786342e+000 1.998896838e+000 
1.531097491e+000 1.999457069e+000 
1.530212462e+000 1.999411262e+000 
1.423352826e+000 1.995377994e+000 
1.425176232e+000 1.995475570e+000 
1.451895855e+000 1.997062983e+000 
1.429664867e+000 1.995812640e+000 
1.424154047e+000 1.995430302e+000 
1.508794615e+000 1.998978407e+000 
1.518193344e+000 1.999227401e+000 
1.506456493e+000 1.998963909e+000 
1.530602188e+000 1.999430684e+000 
1.511535063e+000 1.999048018e+000 
1.500202479e+000 1.998789603e+000 
1.525610649e+000 1.999340740e+000 
1.524173681e+000 1.999330376e+000 
1.500822727e+000 1.998803545e+000 
1.482584492e+000 1.998207299e+000 
1.533875644e+000 1.999479904e+000 
1.532025749e+000 1.999477021e+000 
1.517105961e+000 1.999154906e+000 
1.517426010e+000 1.999209770e+000 
1.473198454e+000 1.997858459e+000 
1.460354930e+000 1.997454844e+000 
1.477732566e+000 1.998068252e+000 
1.458160380e+000 1.997333611e+000 
1.457776436e+000 1.997333328e+000 
1.456211534e+000 1.997249217e+000 
1.467468320e+000 1.997697568e+000 
1.463267502e+000 1.997532775e+000 
1.463824561e+000 1.997544113e+000 
1.459642520e+000 1.997358197e+000 
1.503810227e+000 1.998843956e+000 
1.506122366e+000 1.998921833e+000 
1.502241946e+000 1.998825309e+000 
1.508115479e+000 1.998967068e+000 
1.491885253e+000 1.998499070e+000 
1.489619514e+000 1.998450623e+000 
1.497176763e+000 1.998633520e+000 

