1.023460232e+000 1.228715126e+000 
1.022773125e+000 1.222485451e+000 
1.024730996e+000 1.233435344e+000 
1.025024757e+000 1.234132968e+000 
1.025312983e+000 1.234775728e+000 
1.021967638e+000 1.217676319e+000 
1.022293311e+000 1.219706311e+000 
1.022711626e+000 1.222207571e+000 
1.024095836e+000 1.230522310e+000 
1.022801145e+000 1.224511341e+000 
1.023355862e+000 1.226404647e+000 
1.020676220e+000 1.212010826e+000 
1.020899553e+000 1.213313266e+000 
1.020690059e+000 1.212284245e+000 
1.021990781e+000 1.218164816e+000 
1.020646182e+000 1.176889420e+000 
1.001086927e+000 1.000989295e+000 
1.001251064e+000 1.001000895e+000 
1.000569468e+000 1.000725385e+000 
1.000882029e+000 1.000899936e+000 
1.000623899e+000 1.000825347e+000 
1.000591122e+000 1.000730084e+000 
1.000992958e+000 1.000947686e+000 
1.000602985e+000 1.000773466e+000 
1.000810187e+000 1.000892434e+000 
1.000727089e+000 1.000841655e+000 
1.001161812e+000 1.000997154e+000 
1.001546583e+000 1.001090358e+000 
1.001048300e+000 1.000986504e+000 
1.001377693e+000 1.001046987e+000 
1.001291937e+000 1.001003286e+000 
1.001600684e+000 1.001101008e+000 
1.000987968e+000 1.000945585e+000 
1.000720172e+000 1.000833796e+000 
1.000854943e+000 1.000895971e+000 
1.000771560e+000 1.000889642e+000 
1.000954332e+000 1.000944895e+000 
1.001082570e+000 1.000987335e+000 
1.000744474e+000 1.000885677e+000 
1.000908969e+000 1.000937089e+000 
1.000921423e+000 1.000943664e+000 
1.125487670e+000 1.832409556e+000 
1.170839832e+000 1.855979237e+000 
1.044281313e+000 1.739770366e+000 
1.098987047e+000 1.812445765e+000 
1.045503267e+000 1.742302210e+000 
1.042839717e+000 1.736858065e+000 
1.043767230e+000 1.737491270e+000 
1.038630127e+000 1.725226717e+000 
1.055283265e+000 1.761639565e+000 
1.032219201e+000 1.705871722e+000 
1.040486738e+000 1.730914969e+000 
1.167664133e+000 1.854648366e+000 
1.064731891e+000 1.777508505e+000 
1.026745813e+000 1.680976368e+000 
1.056669117e+000 1.764194302e+000 
1.188053558e+000 1.861653900e+000 
1.060620530e+000 1.770182615e+000 
1.067475319e+000 1.781572689e+000 
1.032749026e+000 1.707796699e+000 
1.069342354e+000 1.783728261e+000 
1.239521356e+000 1.878915604e+000 
1.031686044e+000 1.703561938e+000 
1.171492855e+000 1.857907929e+000 
1.171487193e+000 1.856917566e+000 
1.168072915e+000 1.855926810e+000 
1.058051175e+000 1.767524682e+000 
1.091828625e+000 1.805431957e+000 
1.060713590e+000 1.771174068e+000 
1.055631126e+000 1.762370736e+000 
1.034499731e+000 1.714321163e+000 
1.047650416e+000 1.747052274e+000 
1.050836899e+000 1.753595029e+000 
1.059809202e+000 1.769817777e+000 
1.113920406e+000 1.823938121e+000 
1.167850177e+000 1.855327098e+000 
1.050207192e+000 1.752424488e+000 
1.115996972e+000 1.825902453e+000 
1.113235915e+000 1.823928836e+000 
1.082177873e+000 1.795866737e+000 
1.166955760e+000 1.854468335e+000 
1.051997096e+000 1.755739586e+000 
1.108260953e+000 1.820814429e+000 
1.155147487e+000 1.848980970e+000 
1.059142607e+000 1.768605046e+000 
1.030121711e+000 1.697635049e+000 
1.038212167e+000 1.723706570e+000 
1.063436826e+000 1.775726228e+000 
1.185864871e+000 1.860544206e+000 
1.183618518e+000 1.859942226e+000 
1.186178539e+000 1.860549306e+000 
1.064528258e+000 1.776806592e+000 
1.133924724e+000 1.837768127e+000 
1.059135187e+000 1.768178453e+000 
1.154172888e+000 1.848328287e+000 
1.051797696e+000 1.755031567e+000 
1.061137549e+000 1.771748508e+000 
1.280339963e+000 1.893620102e+000 
1.165374378e+000 1.853950571e+000 
1.042539466e+000 1.735303616e+000 
1.142997948e+000 1.841816506e+000 
1.115660643e+000 1.825199109e+000 
1.283401317e+000 1.894651212e+000 
1.109946922e+000 1.821916979e+000 
1.028452444e+000 1.688835366e+000 
1.145690348e+000 1.843816742e+000 
1.143600274e+000 1.842270960e+000 
1.145672165e+000 1.843494665e+000 
1.035040671e+000 1.715528326e+000 
1.051481462e+000 1.754243763e+000 
1.056623648e+000 1.763256289e+000 
1.230944250e+000 1.873697308e+000 
1.046074869e+000 1.743949648e+000 
1.080445890e+000 1.794752112e+000 
1.045308584e+000 1.742277602e+000 
1.152587349e+000 1.847392498e+000 
1.081869448e+000 1.795401599e+000 
1.156809425e+000 1.849894230e+000 
1.143703705e+000 1.842312584e+000 
1.033172420e+000 1.709306110e+000 
1.108074966e+000 1.820451886e+000 
1.153497366e+000 1.847569114e+000 
1.242735478e+000 1.881365111e+000 
1.144776395e+000 1.843224745e+000 
1.108798025e+000 1.820933699e+000 
1.053049183e+000 1.757665074e+000 
1.276948639e+000 1.892083480e+000 
1.227694511e+000 1.872302402e+000 
1.072829786e+000 1.787281186e+000 
1.199176888e+000 1.863694303e+000 
1.273577579e+000 1.891364558e+000 
1.031275105e+000 1.701760268e+000 
1.144158072e+000 1.842381677e+000 
1.118767307e+000 1.827630832e+000 
1.144282306e+000 1.842511288e+000 
1.210699696e+000 1.868693625e+000 
1.082293890e+000 1.796219861e+000 
1.210853877e+000 1.869132159e+000 
1.036560507e+000 1.719986506e+000 
1.056153505e+000 1.762888535e+000 
1.025591354e+000 1.675809225e+000 
1.075512285e+000 1.789835497e+000 
1.207046688e+000 1.867398749e+000 
1.117176573e+000 1.826384577e+000 
1.034254370e+000 1.713117547e+000 
1.047286727e+000 1.745994665e+000 
1.031025487e+000 1.701199262e+000 
1.038345538e+000 1.724346972e+000 
1.120518686e+000 1.829918173e+000 
1.275517921e+000 1.891980029e+000 
1.041381689e+000 1.732410739e+000 
1.072617268e+000 1.787145720e+000 
1.237901347e+000 1.878493907e+000 
1.038866932e+000 1.725909605e+000 
1.072160882e+000 1.786695569e+000 
1.221946130e+000 1.871911394e+000 
1.027951613e+000 1.686655709e+000 
1.275347967e+000 1.891814976e+000 
1.039718607e+000 1.728690412e+000 
1.086012379e+000 1.800955311e+000 
1.134248436e+000 1.838173870e+000 
1.077416415e+000 1.791017508e+000 
1.026151713e+000 1.678146284e+000 
1.047270287e+000 1.745793310e+000 
1.143968900e+000 1.842316484e+000 
1.079091046e+000 1.794084957e+000 
1.085861123e+000 1.800166011e+000 
1.026440002e+000 1.679827765e+000 
1.134880928e+000 1.838457815e+000 
1.279916980e+000 1.893476773e+000 
1.104967341e+000 1.817951364e+000 
1.036432547e+000 1.719266607e+000 
1.056185603e+000 1.763135295e+000 
1.241469765e+000 1.879442843e+000 
1.037292035e+000 1.721550158e+000 
1.080237125e+000 1.794120744e+000 
1.054281719e+000 1.759564457e+000 
1.039240537e+000 1.726709721e+000 
1.054048191e+000 1.759089115e+000 
1.042267081e+000 1.734510851e+000 
1.033614227e+000 1.709792516e+000 
1.053613491e+000 1.758653868e+000 
1.150880528e+000 1.845455116e+000 
1.026824815e+000 1.681201013e+000 
1.183003985e+000 1.858898505e+000 
1.232322881e+000 1.874614207e+000 
1.054381802e+000 1.760297209e+000 
1.066903064e+000 1.780052051e+000 
1.066787979e+000 1.779868485e+000 
1.133240819e+000 1.836504827e+000 
1.030811327e+000 1.700124982e+000 
1.027369294e+000 1.685041108e+000 
1.027240224e+000 1.683299573e+000 
1.029247344e+000 1.694336426e+000 
1.028629471e+000 1.691176949e+000 
1.029052600e+000 1.692735263e+000 
1.037336214e+000 1.721791280e+000 
1.112019634e+000 1.822739581e+000 
1.089359096e+000 1.803894375e+000 
1.189463784e+000 1.862144025e+000 
1.027849129e+000 1.686066939e+000 
1.029857030e+000 1.695957880e+000 
1.083686659e+000 1.797851077e+000 
1.186843200e+000 1.860919986e+000 
1.033452547e+000 1.709765553e+000 
1.056545299e+000 1.763179796e+000 
1.085691425e+000 1.800022638e+000 
1.086436782e+000 1.801167624e+000 
1.234424967e+000 1.876085004e+000 
1.235377402e+000 1.876119322e+000 
1.048914576e+000 1.749107489e+000 
1.029828845e+000 1.695778915e+000 
1.272621802e+000 1.890428152e+000 
1.257520760e+000 1.886135847e+000 
1.248286788e+000 1.884794393e+000 
1.121994452e+000 1.830020018e+000 
1.139393468e+000 1.840651617e+000 
1.148539833e+000 1.844983256e+000 
1.028218931e+000 1.687676672e+000 
1.084351024e+000 1.799350674e+000 
1.100401778e+000 1.813912624e+000 
1.084631769e+000 1.799587865e+000 
1.138474655e+000 1.840255895e+000 
1.102221129e+000 1.815287603e+000 
1.093107179e+000 1.807441368e+000 
1.096907650e+000 1.810577547e+000 
1.092466289e+000 1.807186118e+000 
1.090121429e+000 1.804999857e+000 
1.089523225e+000 1.804010628e+000 
1.089224054e+000 1.803733147e+000 
1.082451466e+000 1.797614632e+000 
1.280487016e+000 1.893737867e+000 
1.200865518e+000 1.865169184e+000 
1.219413004e+000 1.871259942e+000 
1.202675532e+000 1.865419725e+000 
1.000559688e+000 1.000175076e+000 
1.000567684e+000 1.000175944e+000 
1.000553299e+000 1.000174958e+000 
1.005456960e+000 1.012719151e+000 
1.005508135e+000 1.012852150e+000 
1.002907810e+000 1.005141431e+000 
1.003063714e+000 1.005200526e+000 
1.002871017e+000 1.004902870e+000 
1.002784239e+000 1.003219723e+000 
1.002536433e+000 1.003066788e+000 
1.002259517e+000 1.003026005e+000 
1.002215216e+000 1.003018210e+000 
1.001951338e+000 1.002885138e+000 
1.002741942e+000 1.003194765e+000 
1.003479081e+000 1.009588415e+000 
1.003758473e+000 1.009866615e+000 
1.003853986e+000 1.010110686e+000 
1.003932938e+000 1.010184419e+000 
1.004178140e+000 1.010336036e+000 
1.005215961e+000 1.011076660e+000 
1.003266094e+000 1.009137001e+000 
1.000009147e+000 1.000000002e+000 
1.000048768e+000 1.000000763e+000 
9.999999999e-001 1.000000000e+000 
1.000419847e+000 1.000002427e+000 
1.000267048e+000 1.000001978e+000 
1.000377540e+000 1.000002030e+000 
1.000146795e+000 1.000001528e+000 
1.000253946e+000 1.000001976e+000 
1.000101825e+000 1.000001135e+000 
1.000416284e+000 1.000002424e+000 
1.000246749e+000 1.000001975e+000 
1.000220508e+000 1.000001593e+000 
1.003066554e+000 1.007279193e+000 
1.003212981e+000 1.007422380e+000 
1.003258762e+000 1.007452581e+000 
1.018118036e+000 1.045927668e+000 
1.015060553e+000 1.043648713e+000 
1.017965825e+000 1.045866708e+000 
1.015526649e+000 1.044095275e+000 
1.008111813e+000 1.035645522e+000 
1.017221066e+000 1.045250728e+000 
1.012369996e+000 1.041455394e+000 
1.017665586e+000 1.045641351e+000 
1.013418439e+000 1.042368293e+000 
1.013810271e+000 1.042801997e+000 
1.014433051e+000 1.043179263e+000 
1.008507414e+000 1.036535377e+000 
1.014814575e+000 1.043499156e+000 
1.011197373e+000 1.040408909e+000 
1.008740725e+000 1.036614250e+000 
1.016102006e+000 1.044354083e+000 
1.009672670e+000 1.038449089e+000 
1.014673965e+000 1.043356504e+000 
1.009971451e+000 1.038742114e+000 
1.008790226e+000 1.036703679e+000 
1.010382073e+000 1.039217850e+000 
1.008030350e+000 1.035286623e+000 
1.008321774e+000 1.036070728e+000 
1.018427313e+000 1.046035689e+000 
1.001801317e+000 1.002816686e+000 
1.002559221e+000 1.003099771e+000 
1.001852495e+000 1.002820457e+000 
1.002000582e+000 1.002944505e+000 
1.002207366e+000 1.002984256e+000 
1.001673825e+000 1.002709505e+000 
1.002329543e+000 1.003066725e+000 
1.001630024e+000 1.002678127e+000 
1.001833583e+000 1.002819882e+000 
1.005970961e+000 1.023109342e+000 
1.006105825e+000 1.023878650e+000 
1.006697188e+000 1.024816258e+000 
1.006877355e+000 1.025016213e+000 
1.007281657e+000 1.025721871e+000 
1.005717672e+000 1.021988523e+000 
1.007643815e+000 1.026118002e+000 
1.928419624e+000 2.000000000e+000 
1.919596977e+000 1.999352997e+000 
1.925657306e+000 1.999511288e+000 
1.914027428e+000 1.998900523e+000 
1.903857030e+000 1.998533346e+000 
1.909032818e+000 1.998573564e+000 
1.277791788e+000 1.893133360e+000 
1.281171477e+000 1.894590979e+000 
1.272239961e+000 1.889665761e+000 
1.903247671e+000 1.998262816e+000 
1.291312214e+000 1.899728148e+000 
1.902143807e+000 1.998251905e+000 
1.897347697e+000 1.997984286e+000 
1.901469804e+000 1.998199609e+000 
1.883067890e+000 1.997811585e+000 
1.889537672e+000 1.997957954e+000 
1.269624367e+000 1.888875117e+000 
1.290154859e+000 1.898630760e+000 
1.267945830e+000 1.886881509e+000 
1.268119114e+000 1.886922666e+000 
1.288606316e+000 1.897805991e+000 
1.878109237e+000 1.997595833e+000 
1.867310189e+000 1.997441016e+000 
1.873945830e+000 1.997516354e+000 
1.865739354e+000 1.997319619e+000 
1.860139737e+000 1.997178108e+000 
1.302608472e+000 1.906821620e+000 
1.298477798e+000 1.904014953e+000 
1.304978557e+000 1.908285191e+000 
1.314668285e+000 1.914194308e+000 
1.862368175e+000 1.997194202e+000 
1.267791519e+000 1.886416686e+000 
1.268697374e+000 1.886973624e+000 
1.412871961e+000 1.950374184e+000 
1.295680864e+000 1.902123292e+000 
1.293195268e+000 1.901435958e+000 
1.294270197e+000 1.901673239e+000 
1.399497266e+000 1.948080171e+000 
1.394377224e+000 1.946413374e+000 
1.845572512e+000 1.996593748e+000 
1.376225687e+000 1.941081605e+000 
1.393360168e+000 1.946108334e+000 
1.396510444e+000 1.946571400e+000 
1.367285819e+000 1.937598667e+000 
1.372556809e+000 1.939337955e+000 
1.375724452e+000 1.939927017e+000 
1.370137027e+000 1.938722835e+000 
1.368368912e+000 1.937714313e+000 
1.372369155e+000 1.938870348e+000 
1.850545554e+000 1.996926791e+000 
1.846816903e+000 1.996797519e+000 
1.394349456e+000 1.946154775e+000 
1.391828562e+000 1.945690522e+000 
1.843827084e+000 1.996447748e+000 
1.389797224e+000 1.944777609e+000 
1.300063905e+000 1.904699078e+000 
1.385403773e+000 1.943542887e+000 
1.359817325e+000 1.933718858e+000 
1.312029036e+000 1.910968393e+000 
1.313147402e+000 1.911653985e+000 
1.836977231e+000 1.996078186e+000 
1.764708058e+000 1.994227212e+000 
1.287257427e+000 1.896872715e+000 
1.288483352e+000 1.897270550e+000 
1.314127731e+000 1.912331466e+000 
1.314044659e+000 1.912308389e+000 
1.309908460e+000 1.910915520e+000 
1.306988366e+000 1.909947505e+000 
1.794428037e+000 1.995424778e+000 
1.838476272e+000 1.996127011e+000 
1.318159564e+000 1.916248803e+000 
1.316636844e+000 1.916041958e+000 
1.839525179e+000 1.996192699e+000 
1.302033755e+000 1.905413181e+000 
1.298278473e+000 1.903518454e+000 
1.788397161e+000 1.994955715e+000 
1.771586684e+000 1.994387045e+000 
1.768739772e+000 1.994332112e+000 
1.335744445e+000 1.923579736e+000 
1.345142736e+000 1.927505213e+000 
1.339792070e+000 1.926583441e+000 
1.333969066e+000 1.923129200e+000 
1.331044521e+000 1.921496679e+000 
1.790111921e+000 1.994970361e+000 
1.825302564e+000 1.995891411e+000 
1.350658822e+000 1.929268278e+000 
1.348345299e+000 1.929129930e+000 
1.348186626e+000 1.928982985e+000 
1.329201776e+000 1.920535704e+000 
1.323216613e+000 1.917949143e+000 
1.325301201e+000 1.918925896e+000 
1.324306161e+000 1.918684733e+000 
1.325525548e+000 1.919135576e+000 
1.783755677e+000 1.994899833e+000 
1.361322655e+000 1.934337830e+000 
1.776935504e+000 1.994896609e+000 
1.774154184e+000 1.994813896e+000 
1.356935792e+000 1.931788509e+000 
1.823418879e+000 1.995682697e+000 
1.343467902e+000 1.926972892e+000 
1.365523115e+000 1.935632917e+000 
1.345001421e+000 1.927070458e+000 
1.426154629e+000 1.953885493e+000 
1.425018534e+000 1.953705887e+000 
1.423506920e+000 1.953484074e+000 
1.420694229e+000 1.952993934e+000 
1.430188839e+000 1.954340761e+000 
1.819613771e+000 1.995486408e+000 
1.720611768e+000 1.992868784e+000 
1.749367028e+000 1.993739996e+000 
1.435996047e+000 1.955735538e+000 
1.443091413e+000 1.958163196e+000 
1.447979258e+000 1.959440115e+000 
1.444904928e+000 1.958638215e+000 
1.449792541e+000 1.960224338e+000 
1.440519564e+000 1.957164100e+000 
1.444169729e+000 1.958638022e+000 
1.454793557e+000 1.960932772e+000 
1.749413233e+000 1.993928449e+000 
1.736710673e+000 1.993612371e+000 
1.739253123e+000 1.993722084e+000 
1.723096146e+000 1.992922114e+000 
1.670999082e+000 1.990474092e+000 
1.552661558e+000 1.979449402e+000 
1.674697829e+000 1.990668713e+000 
1.467978878e+000 1.964677142e+000 
1.637846556e+000 1.988561076e+000 
1.467625757e+000 1.964172347e+000 
1.728964092e+000 1.993378756e+000 
1.644021632e+000 1.988782062e+000 
1.623235966e+000 1.987180826e+000 
1.657534961e+000 1.989425396e+000 
1.464684596e+000 1.963618781e+000 
1.593359053e+000 1.984352219e+000 
1.730381512e+000 1.993506452e+000 
1.631180396e+000 1.987746657e+000 
1.488463780e+000 1.968668422e+000 
1.647663387e+000 1.989000949e+000 
1.647166631e+000 1.988968165e+000 
1.626873668e+000 1.987405865e+000 
1.482061209e+000 1.967054028e+000 
1.475415090e+000 1.966064378e+000 
1.651590298e+000 1.989131748e+000 
1.484313651e+000 1.967205227e+000 
1.651943404e+000 1.989285833e+000 
1.476701161e+000 1.966199132e+000 
1.548945935e+000 1.978762707e+000 
1.492885939e+000 1.969563680e+000 
1.541260554e+000 1.977892344e+000 
1.584743197e+000 1.983666469e+000 
1.621027665e+000 1.986978260e+000 
1.544443042e+000 1.978194787e+000 
1.623708118e+000 1.987197053e+000 
1.496076490e+000 1.970181887e+000 
1.434742982e+000 1.955376169e+000 
1.584466433e+000 1.983479733e+000 
1.532905299e+000 1.976396027e+000 
1.677720566e+000 1.990946794e+000 
1.501975552e+000 1.970903323e+000 
1.506866214e+000 1.971929879e+000 
1.512863242e+000 1.973008798e+000 
1.717413453e+000 1.992527096e+000 
1.520394257e+000 1.974319838e+000 
1.510006559e+000 1.972568228e+000 
1.715574312e+000 1.992466148e+000 
1.538185230e+000 1.977044962e+000 
1.518624827e+000 1.973936804e+000 
1.519935296e+000 1.974193120e+000 
1.608255008e+000 1.985594833e+000 
1.572727970e+000 1.981547770e+000 
1.564314487e+000 1.980266897e+000 
1.612500873e+000 1.985733752e+000 
1.508080222e+000 1.972233455e+000 
1.571962468e+000 1.981282060e+000 
1.603112473e+000 1.985046221e+000 
1.524519954e+000 1.974827429e+000 
1.567550926e+000 1.980723240e+000 
1.567769068e+000 1.980805212e+000 
1.569093448e+000 1.981203046e+000 
1.569328643e+000 1.981262644e+000 
1.525587404e+000 1.974947282e+000 
1.719559033e+000 1.992588600e+000 
1.686618469e+000 1.991465710e+000 
1.703186061e+000 1.992175400e+000 
1.710290754e+000 1.992422250e+000 
1.664143475e+000 1.989853674e+000 
1.686019044e+000 1.991153724e+000 
1.694258881e+000 1.991501043e+000 
1.700161132e+000 1.992009345e+000 
1.695723043e+000 1.991681431e+000 
1.667256330e+000 1.989889813e+000 
1.612644631e+000 1.985838346e+000 
1.598094476e+000 1.984882623e+000 
1.687822575e+000 1.991485249e+000 
1.683123736e+000 1.991046017e+000 
1.607454892e+000 1.985362125e+000 
1.599700760e+000 1.984956782e+000 
1.596322206e+000 1.984714817e+000 

