1.000457741e+000 1.009249543e+000 
1.000659324e+000 1.009468772e+000 
1.000570634e+000 1.009459403e+000 
1.000282614e+000 1.009025572e+000 
1.000124869e+000 1.008801372e+000 
1.000412889e+000 1.009235204e+000 
1.002381294e+000 1.061968555e+000 
1.002571956e+000 1.062542659e+000 
1.001999361e+000 1.061764022e+000 
1.001834384e+000 1.060221152e+000 
1.000000000e+000 1.000087211e+000 
1.000096501e+000 1.003928455e+000 
1.002707953e+000 1.296276229e+000 
1.002976664e+000 1.296701369e+000 
1.002844261e+000 1.296301253e+000 
1.003650434e+000 1.298344137e+000 
1.003462895e+000 1.297828113e+000 
1.003309859e+000 1.297718386e+000 
1.003041147e+000 1.297303240e+000 
1.000723568e+000 1.016237779e+000 
1.016285202e+000 1.885850950e+000 
1.033732430e+000 1.901046343e+000 
1.083458848e+000 1.929082047e+000 
1.115847759e+000 1.941095739e+000 
1.022202919e+000 1.891264043e+000 
1.062007484e+000 1.918741633e+000 
1.054083919e+000 1.914520613e+000 
1.090551257e+000 1.931974686e+000 
1.012153732e+000 1.881070320e+000 
1.054999122e+000 1.915025774e+000 
1.103754896e+000 1.936866621e+000 
1.088512572e+000 1.930900567e+000 
1.031135778e+000 1.898804326e+000 
1.086499524e+000 1.929851027e+000 
1.096787118e+000 1.934198525e+000 
1.060021531e+000 1.917843503e+000 
1.092418485e+000 1.932563066e+000 
1.086624279e+000 1.929933244e+000 
1.010618220e+000 1.878994228e+000 
1.056980407e+000 1.916156029e+000 
1.004580380e+000 1.868848239e+000 
1.020682803e+000 1.890312098e+000 
1.059782364e+000 1.917668769e+000 
1.100833007e+000 1.935541245e+000 
1.076752752e+000 1.925988689e+000 
1.005078293e+000 1.869892802e+000 
1.060774575e+000 1.917918672e+000 
1.111910282e+000 1.939927527e+000 
1.120652473e+000 1.942785341e+000 
1.003785562e+000 1.865754026e+000 
1.064504032e+000 1.920333648e+000 
1.003972163e+000 1.866999621e+000 
1.119712842e+000 1.942372617e+000 
1.122919849e+000 1.943873593e+000 
1.016970354e+000 1.886386031e+000 
1.113737042e+000 1.940623386e+000 
1.107592426e+000 1.938116905e+000 
1.099036083e+000 1.935088823e+000 
1.057653976e+000 1.916303869e+000 
1.027572022e+000 1.896033406e+000 
1.059444909e+000 1.917343701e+000 
1.006085118e+000 1.871863098e+000 
1.116166056e+000 1.941513562e+000 
1.006737619e+000 1.872669689e+000 
1.042184582e+000 1.907051483e+000 
1.039123009e+000 1.905106414e+000 
1.095830760e+000 1.933885881e+000 
1.088096962e+000 1.930812031e+000 
1.004470406e+000 1.868169985e+000 
1.060447909e+000 1.917865410e+000 
1.054904591e+000 1.914902549e+000 
1.085429449e+000 1.929648421e+000 
1.004084848e+000 1.867514946e+000 
1.117766348e+000 1.941918459e+000 
1.052102634e+000 1.913390358e+000 
1.004965938e+000 1.869502875e+000 
1.007368139e+000 1.874333334e+000 
1.056106669e+000 1.915456128e+000 
1.065324704e+000 1.920742711e+000 
1.010663713e+000 1.879006311e+000 
1.075328399e+000 1.925389778e+000 
1.007823970e+000 1.874985130e+000 
1.008645912e+000 1.876177453e+000 
1.109060426e+000 1.938668919e+000 
1.083131516e+000 1.928839124e+000 
1.052387649e+000 1.913503029e+000 
1.042792448e+000 1.907511602e+000 
1.076994628e+000 1.926137477e+000 
1.112750848e+000 1.940050587e+000 
1.059626259e+000 1.917566567e+000 
1.094580144e+000 1.933105872e+000 
1.053068920e+000 1.913740947e+000 
1.014785675e+000 1.883958592e+000 
1.009653239e+000 1.877579007e+000 
1.067390810e+000 1.921873956e+000 
1.044685113e+000 1.908917175e+000 
1.066245542e+000 1.920868777e+000 
1.063599689e+000 1.919458238e+000 
1.059043246e+000 1.917264360e+000 
1.003773641e+000 1.864300424e+000 
1.016670116e+000 1.886130580e+000 
1.123329286e+000 1.943890523e+000 
1.050321543e+000 1.912345205e+000 
1.109277593e+000 1.938741563e+000 
1.100069845e+000 1.935260085e+000 
1.072515466e+000 1.923930589e+000 
1.062428216e+000 1.919079307e+000 
1.068298200e+000 1.922096840e+000 
1.070523911e+000 1.923072725e+000 
1.046801953e+000 1.910226709e+000 
1.052870734e+000 1.913660874e+000 
1.015813674e+000 1.885234886e+000 
1.014268410e+000 1.883377824e+000 
1.038046875e+000 1.904272576e+000 
1.053218031e+000 1.913980621e+000 
1.021562026e+000 1.890723603e+000 
1.072730885e+000 1.924154585e+000 
1.022622629e+000 1.891654790e+000 
1.008323785e+000 1.875588136e+000 
1.036268209e+000 1.903019981e+000 
1.110688593e+000 1.939619538e+000 
1.011037970e+000 1.879511989e+000 
1.086838297e+000 1.930288707e+000 
1.097627684e+000 1.934338304e+000 
1.019320386e+000 1.888693496e+000 
1.006077917e+000 1.871694001e+000 
1.023105777e+000 1.892101131e+000 
1.033890175e+000 1.901140991e+000 
1.033072071e+000 1.900451470e+000 
1.110363169e+000 1.939064238e+000 
1.084435042e+000 1.929396926e+000 
1.077902019e+000 1.926559975e+000 
1.080108992e+000 1.927612981e+000 
1.014018768e+000 1.883031833e+000 
1.076471980e+000 1.925894717e+000 
1.113067206e+000 1.940167204e+000 
1.028972743e+000 1.897104678e+000 
1.004923527e+000 1.868984709e+000 
1.029180969e+000 1.897326494e+000 
1.051962303e+000 1.913120157e+000 
1.003660956e+000 1.863785504e+000 
1.004320056e+000 1.867662740e+000 
1.117874759e+000 1.942047393e+000 
1.014281657e+000 1.883408311e+000 
1.111287118e+000 1.939692960e+000 
1.122536531e+000 1.943258361e+000 
1.119266878e+000 1.942354114e+000 
1.039189240e+000 1.905202840e+000 
1.029780851e+000 1.897771122e+000 
1.027273218e+000 1.895851193e+000 
1.034870843e+000 1.901849276e+000 
1.014207591e+000 1.883376202e+000 
1.015255173e+000 1.884675400e+000 
1.012328859e+000 1.881164759e+000 
1.010944921e+000 1.879161419e+000 
1.015629431e+000 1.885181078e+000 
1.015532505e+000 1.885088052e+000 
1.024266563e+000 1.893302502e+000 
1.009934448e+000 1.877827287e+000 
1.008960932e+000 1.876469398e+000 
1.055861791e+000 1.915277831e+000 
1.006540949e+000 1.872514894e+000 
1.109460960e+000 1.939026937e+000 
1.037607302e+000 1.903988323e+000 
1.041842593e+000 1.906903335e+000 
1.038602823e+000 1.904750377e+000 
1.040575684e+000 1.906081127e+000 
1.036668636e+000 1.903250743e+000 
1.108565566e+000 1.938621201e+000 
1.040733429e+000 1.906175261e+000 
1.041394441e+000 1.906549384e+000 
1.043204135e+000 1.907975785e+000 
1.025628586e+000 1.894277523e+000 
1.030046132e+000 1.898047701e+000 
1.026850191e+000 1.895480515e+000 
1.021397978e+000 1.890524885e+000 
1.024752254e+000 1.893590364e+000 
1.022203910e+000 1.891268398e+000 
1.026569022e+000 1.895333682e+000 
1.029924553e+000 1.897911928e+000 
1.032438974e+000 1.899970857e+000 
1.022300836e+000 1.891361424e+000 
1.034099874e+000 1.901251972e+000 
1.031982425e+000 1.899693144e+000 
1.033444447e+000 1.900818234e+000 
1.033818705e+000 1.901105632e+000 
1.001682016e+000 1.033563928e+000 
1.001756834e+000 1.033582506e+000 
1.001657870e+000 1.033543259e+000 
1.001601149e+000 1.033501322e+000 
1.001374902e+000 1.033465346e+000 
1.000985036e+000 1.032754233e+000 
1.202195472e+000 1.970241313e+000 
1.127563494e+000 1.945164551e+000 
1.184981847e+000 1.966004895e+000 
1.126413341e+000 1.944819120e+000 
1.180306103e+000 1.964455947e+000 
1.122314781e+000 1.943103694e+000 
1.340417983e+000 1.993203010e+000 
1.355670480e+000 1.994715798e+000 
1.151035334e+000 1.954554147e+000 
1.295195059e+000 1.987837616e+000 
1.273326695e+000 1.983702013e+000 
1.295403284e+000 1.987868106e+000 
1.287001744e+000 1.986539110e+000 
1.162021761e+000 1.958980404e+000 
1.270162493e+000 1.983527365e+000 
1.325958762e+000 1.991489091e+000 
1.272525175e+000 1.983699177e+000 
1.200077610e+000 1.969412269e+000 
1.387763820e+000 1.996720810e+000 
1.172566448e+000 1.962077523e+000 
1.151572073e+000 1.954766518e+000 
1.121421865e+000 1.942993012e+000 
1.539525005e+000 1.999822274e+000 
1.201003357e+000 1.969820998e+000 
1.129040603e+000 1.946186254e+000 
1.182344966e+000 1.965080505e+000 
1.389900058e+000 1.996734791e+000 
1.196398569e+000 1.969035356e+000 
1.129826633e+000 1.946751040e+000 
1.566894908e+000 1.999960008e+000 
1.203235224e+000 1.970412655e+000 
1.173363148e+000 1.962220565e+000 
1.207086947e+000 1.971668876e+000 
1.187508705e+000 1.966163292e+000 
1.188350234e+000 1.966709574e+000 
1.206319176e+000 1.971533967e+000 
1.204626020e+000 1.971165962e+000 
1.184773622e+000 1.965974439e+000 
1.174726410e+000 1.962380787e+000 
1.201427701e+000 1.970061501e+000 
1.268025424e+000 1.983414186e+000 
1.208126699e+000 1.971820666e+000 
1.213163062e+000 1.972914329e+000 
1.390592095e+000 1.997132056e+000 
1.124770114e+000 1.944161624e+000 
1.141606767e+000 1.951376971e+000 
1.537795749e+000 1.999769987e+000 
1.145130689e+000 1.952484318e+000 
1.125425742e+000 1.944364807e+000 
1.134817199e+000 1.948379092e+000 
1.184728507e+000 1.965264573e+000 
1.161531621e+000 1.958567057e+000 
1.130161516e+000 1.946966235e+000 
1.203221563e+000 1.970398007e+000 
1.162813116e+000 1.959425479e+000 
1.166396783e+000 1.960555961e+000 
1.276854321e+000 1.985226579e+000 
1.139828952e+000 1.950350220e+000 
1.144072975e+000 1.952218188e+000 
1.159765507e+000 1.957958545e+000 
1.159370088e+000 1.957540475e+000 
1.131767659e+000 1.947385264e+000 
1.195378032e+000 1.968320145e+000 
1.126710176e+000 1.945052098e+000 
1.267073413e+000 1.983145375e+000 
1.137584926e+000 1.949666607e+000 
1.134133150e+000 1.947776259e+000 
1.141804659e+000 1.951770343e+000 
1.141176899e+000 1.951068110e+000 
1.139131383e+000 1.950018025e+000 
1.128569706e+000 1.945627419e+000 
1.145739751e+000 1.952671073e+000 
1.130929909e+000 1.947155833e+000 
1.164927387e+000 1.960438040e+000 
1.148548538e+000 1.953882819e+000 
1.137888549e+000 1.949762676e+000 
1.168282053e+000 1.961503491e+000 
1.175046476e+000 1.963059271e+000 
1.215255187e+000 1.973384454e+000 
1.152326622e+000 1.955437747e+000 
1.162509493e+000 1.959329410e+000 
1.152176279e+000 1.955146835e+000 
1.135405472e+000 1.948820464e+000 
1.167656514e+000 1.960667382e+000 
1.194110226e+000 1.967989109e+000 
1.140304081e+000 1.950875715e+000 
1.178993651e+000 1.963804503e+000 
1.171302938e+000 1.961638984e+000 
1.144229983e+000 1.952410223e+000 
1.220695232e+000 1.974808248e+000 
1.207918474e+000 1.971790210e+000 
1.157671005e+000 1.957309423e+000 
1.213892229e+000 1.973325520e+000 
1.205665772e+000 1.971296508e+000 
1.255977050e+000 1.980933229e+000 
1.217169431e+000 1.973954096e+000 
1.191304569e+000 1.967130474e+000 
1.146224589e+000 1.953178222e+000 
1.140547395e+000 1.950994323e+000 
1.147998139e+000 1.953711836e+000 
1.159205509e+000 1.957492871e+000 
1.156958357e+000 1.957125237e+000 
1.167642853e+000 1.960650478e+000 
1.192928499e+000 1.967896501e+000 
1.278908787e+000 1.985445285e+000 
1.149366065e+000 1.954538648e+000 
1.182244301e+000 1.964744924e+000 
1.216142926e+000 1.973550473e+000 
1.175913635e+000 1.963313896e+000 
1.154762782e+000 1.956384013e+000 
1.156480698e+000 1.956660875e+000 
1.566781102e+000 1.999958219e+000 
1.188335985e+000 1.966214133e+000 
1.336636988e+000 1.992935332e+000 
1.347529120e+000 1.993931543e+000 
1.394200326e+000 1.997869612e+000 
1.352156072e+000 1.994222445e+000 
1.331582104e+000 1.992354486e+000 
1.403469027e+000 1.997934490e+000 
1.562895326e+000 1.999956503e+000 
1.568303841e+000 2.000000000e+000 
1.358735748e+000 1.994846099e+000 
1.403782001e+000 1.997938414e+000 
1.359024355e+000 1.994861490e+000 
1.263511361e+000 1.982599207e+000 
1.190411401e+000 1.967022192e+000 
1.558909633e+000 1.999947268e+000 
1.227350384e+000 1.975727648e+000 
1.552691665e+000 1.999832563e+000 
1.396926210e+000 1.997933980e+000 
1.124355409e+000 1.944079156e+000 
1.287601129e+000 1.986712531e+000 
1.289072755e+000 1.986918899e+000 
1.223686249e+000 1.975046860e+000 
1.284179330e+000 1.986371683e+000 
1.260692883e+000 1.981996748e+000 
1.322031276e+000 1.991219153e+000 
1.264739230e+000 1.983022719e+000 
1.275339667e+000 1.985001188e+000 
1.260426745e+000 1.981991326e+000 
1.291668151e+000 1.987505904e+000 
1.330428867e+000 1.992091512e+000 
1.309299156e+000 1.989694614e+000 
1.554948188e+000 1.999898657e+000 
1.238377958e+000 1.978143748e+000 
1.275377982e+000 1.985027400e+000 
1.245936995e+000 1.980065562e+000 
1.233318544e+000 1.976872943e+000 
1.234449766e+000 1.977174594e+000 
1.238505106e+000 1.978150880e+000 
1.326425428e+000 1.991639847e+000 
1.250303949e+000 1.980472922e+000 
1.551027718e+000 1.999831862e+000 
1.430787689e+000 1.998931636e+000 
1.225932597e+000 1.975292783e+000 
1.235846730e+000 1.977545579e+000 
1.239677004e+000 1.978444874e+000 
1.390820337e+000 1.997221735e+000 
1.416951501e+000 1.998464035e+000 
1.244721468e+000 1.979646931e+000 
1.382581697e+000 1.996544250e+000 
1.309565294e+000 1.989703695e+000 
1.406397557e+000 1.998023069e+000 
1.393494163e+000 1.997323221e+000 
1.393917877e+000 1.997637496e+000 
1.225959315e+000 1.975528964e+000 
1.281438748e+000 1.985923768e+000 
1.231505545e+000 1.976648895e+000 
1.241586429e+000 1.978723942e+000 
1.418753522e+000 1.998571489e+000 
1.393060063e+000 1.997253266e+000 
1.368889597e+000 1.995805817e+000 
1.448295181e+000 1.999139664e+000 
1.439566921e+000 1.999023456e+000 
1.349028290e+000 1.994123002e+000 
1.261225194e+000 1.982167963e+000 
1.261252337e+000 1.982224661e+000 
1.291156663e+000 1.987307456e+000 
1.384314124e+000 1.996687148e+000 
1.422110612e+000 1.998732755e+000 
1.277372923e+000 1.985338845e+000 
1.421536455e+000 1.998663542e+000 
1.304999446e+000 1.989300328e+000 
1.298153021e+000 1.988026276e+000 
1.299995377e+000 1.988359992e+000 
1.419388307e+000 1.998631269e+000 
1.274397661e+000 1.984746549e+000 
1.288874896e+000 1.986795639e+000 
1.366293443e+000 1.995694262e+000 
1.378714311e+000 1.996525859e+000 
1.336100254e+000 1.992851842e+000 
1.372659378e+000 1.996137945e+000 
1.537563445e+000 1.999768879e+000 
1.356931975e+000 1.994801109e+000 
1.356839956e+000 1.994784590e+000 
1.360802619e+000 1.995168109e+000 
1.338703860e+000 1.993177357e+000 
1.362330779e+000 1.995335239e+000 
1.342586145e+000 1.993501771e+000 
1.393326425e+000 1.997266197e+000 
1.470668511e+000 1.999422709e+000 
1.346224828e+000 1.993826756e+000 
1.319629908e+000 1.991018236e+000 
1.327200510e+000 1.991828474e+000 
1.313359393e+000 1.990277320e+000 
1.332434956e+000 1.992401086e+000 
1.318449705e+000 1.990944702e+000 
1.353670103e+000 1.994399985e+000 
1.330609430e+000 1.992323202e+000 
1.383240634e+000 1.996626444e+000 
1.472331407e+000 1.999481820e+000 
1.441619024e+000 1.999053681e+000 
1.445738712e+000 1.999095399e+000 
1.537868752e+000 1.999771621e+000 
1.425577299e+000 1.998765538e+000 
1.491692652e+000 1.999637721e+000 
1.506896852e+000 1.999701433e+000 
1.525497431e+000 1.999763912e+000 
1.482302390e+000 1.999555839e+000 
1.456281377e+000 1.999247620e+000 
1.463675069e+000 1.999304408e+000 
1.476667360e+000 1.999485880e+000 
1.468096724e+000 1.999412103e+000 
1.464892960e+000 1.999340848e+000 
1.452812580e+000 1.999195794e+000 
1.450903151e+000 1.999167033e+000 

