1.000676896e+000 1.021670374e+000 
1.000436906e+000 1.021226155e+000 
1.000511788e+000 1.021289399e+000 
1.000598325e+000 1.021607584e+000 
1.000630861e+000 1.021624685e+000 
1.000756145e+000 1.021727490e+000 
1.000558502e+000 1.021328121e+000 
1.000479932e+000 1.021264038e+000 
1.000591038e+000 1.021345222e+000 
1.002232961e+000 1.488393749e+000 
1.002014601e+000 1.484969401e+000 
1.001874107e+000 1.484622726e+000 
1.002319759e+000 1.488687037e+000 
1.001570065e+000 1.049818216e+000 
1.001645232e+000 1.050216473e+000 
1.001109117e+000 1.047004212e+000 
1.001810601e+000 1.050355118e+000 
1.001437450e+000 1.049295522e+000 
1.001211211e+000 1.048838396e+000 
1.001796305e+000 1.050275343e+000 
1.131434899e+000 1.953768670e+000 
1.006574208e+000 1.843595684e+000 
1.112819512e+000 1.946740282e+000 
1.083135719e+000 1.931624515e+000 
1.075321621e+000 1.927243039e+000 
1.017724566e+000 1.869732844e+000 
1.072677310e+000 1.925657381e+000 
1.065194074e+000 1.920351342e+000 
1.034394009e+000 1.891898433e+000 
1.047525997e+000 1.905675522e+000 
1.012473741e+000 1.860076620e+000 
1.088780748e+000 1.935276786e+000 
1.045008362e+000 1.903425395e+000 
1.065583829e+000 1.920676478e+000 
1.078289511e+000 1.929188142e+000 
1.078901266e+000 1.929791802e+000 
1.014889735e+000 1.864984323e+000 
1.116340368e+000 1.948355498e+000 
1.089030559e+000 1.935568419e+000 
1.031532770e+000 1.888261436e+000 
1.033421732e+000 1.891071373e+000 
1.008851687e+000 1.850661715e+000 
1.034263542e+000 1.891811247e+000 
1.093347625e+000 1.937663202e+000 
1.059271306e+000 1.916351645e+000 
1.133408666e+000 1.955617014e+000 
1.111338658e+000 1.946072432e+000 
1.007021003e+000 1.845132676e+000 
1.011136704e+000 1.856841958e+000 
1.016164976e+000 1.866393347e+000 
1.044480462e+000 1.903182959e+000 
1.032106599e+000 1.889645266e+000 
1.118079205e+000 1.949920315e+000 
1.102123592e+000 1.941286380e+000 
1.128299481e+000 1.953337396e+000 
1.108786140e+000 1.945038532e+000 
1.033087216e+000 1.890701587e+000 
1.113153103e+000 1.947582285e+000 
1.008343232e+000 1.849680444e+000 
1.050233219e+000 1.908125554e+000 
1.008537066e+000 1.849913046e+000 
1.012981432e+000 1.860983112e+000 
1.026708979e+000 1.882308051e+000 
1.014186136e+000 1.863561860e+000 
1.016209781e+000 1.866891592e+000 
1.037263588e+000 1.895793368e+000 
1.015480609e+000 1.865990967e+000 
1.012787597e+000 1.860750511e+000 
1.013057318e+000 1.861057793e+000 
1.094040441e+000 1.938456818e+000 
1.013867805e+000 1.863079890e+000 
1.019062551e+000 1.871927438e+000 
1.031865170e+000 1.889078060e+000 
1.041484997e+000 1.900158670e+000 
1.005619767e+000 1.838003693e+000 
1.043441868e+000 1.902066062e+000 
1.103041806e+000 1.942320457e+000 
1.048414753e+000 1.906350527e+000 
1.099149626e+000 1.940736437e+000 
1.043472828e+000 1.902126638e+000 
1.011841554e+000 1.858920758e+000 
1.009048082e+000 1.851759244e+000 
1.098560107e+000 1.939630709e+000 
1.012667575e+000 1.860309221e+000 
1.011644394e+000 1.857748451e+000 
1.009241916e+000 1.851991846e+000 
1.016695038e+000 1.868159950e+000 
1.035820104e+000 1.893804559e+000 
1.041542975e+000 1.900219246e+000 
1.085865813e+000 1.933736902e+000 
1.034592095e+000 1.891999946e+000 
1.090976473e+000 1.936615477e+000 
1.012155411e+000 1.859594649e+000 
1.036766222e+000 1.894954799e+000 
1.046487403e+000 1.904558623e+000 
1.057005108e+000 1.914147233e+000 
1.010825730e+000 1.856166337e+000 
1.123188390e+000 1.952199933e+000 
1.008172263e+000 1.849280710e+000 
1.045939347e+000 1.904115446e+000 
1.136596867e+000 1.956292512e+000 
1.007926459e+000 1.848323361e+000 
1.010511874e+000 1.855492983e+000 
1.008631310e+000 1.850402161e+000 
1.020950475e+000 1.874832680e+000 
1.030847949e+000 1.887711641e+000 
1.051490386e+000 1.909187869e+000 
1.055128033e+000 1.912294872e+000 
1.007467413e+000 1.847201910e+000 
1.006389834e+000 1.843468480e+000 
1.008022187e+000 1.848737965e+000 
1.009927046e+000 1.853854935e+000 
1.015807608e+000 1.866133618e+000 
1.005646706e+000 1.840360183e+000 
1.039386032e+000 1.898053266e+000 
1.056564084e+000 1.913901613e+000 
1.051432409e+000 1.909127291e+000 
1.010631896e+000 1.855933735e+000 
1.041284925e+000 1.899900082e+000 
1.107851698e+000 1.943780841e+000 
1.128150448e+000 1.952808046e+000 
1.006086405e+000 1.840859616e+000 
1.032404511e+000 1.889704954e+000 
1.007317336e+000 1.846659165e+000 
1.009708917e+000 1.853596185e+000 
1.010318040e+000 1.855260381e+000 
1.009613189e+000 1.853181581e+000 
1.038239841e+000 1.896644439e+000 
1.006739533e+000 1.844184198e+000 
1.088923594e+000 1.935328613e+000 
1.056506107e+000 1.913841035e+000 
1.116903820e+000 1.948569548e+000 
1.040366648e+000 1.899109587e+000 
1.070025083e+000 1.923965235e+000 
1.006366804e+000 1.842529567e+000 
1.033663161e+000 1.891638579e+000 
1.037746839e+000 1.896011119e+000 
1.127513847e+000 1.952543779e+000 
1.035024321e+000 1.892803421e+000 
1.036282971e+000 1.894737047e+000 
1.053539720e+000 1.910927002e+000 
1.017504253e+000 1.869320699e+000 
1.040256988e+000 1.898354056e+000 
1.077593059e+000 1.928914686e+000 
1.087299894e+000 1.934608935e+000 
1.075963172e+000 1.927717485e+000 
1.092243941e+000 1.937100509e+000 
1.018718683e+000 1.871489682e+000 
1.055747941e+000 1.913070835e+000 
1.006172783e+000 1.841249285e+000 
1.005164504e+000 1.836561621e+000 
1.086884202e+000 1.934005275e+000 
1.005661954e+000 1.840450767e+000 
1.046986404e+000 1.904864821e+000 
1.014826991e+000 1.864378402e+000 
1.112962358e+000 1.946792110e+000 
1.116525843e+000 1.948447781e+000 
1.005923196e+000 1.840612557e+000 
1.092123963e+000 1.936876064e+000 
1.020275245e+000 1.873482995e+000 
1.092065985e+000 1.936658756e+000 
1.017380698e+000 1.869295088e+000 
1.019612489e+000 1.872638086e+000 
1.116948477e+000 1.948597349e+000 
1.006724284e+000 1.844093614e+000 
1.062138660e+000 1.918360301e+000 
1.133259633e+000 1.955087664e+000 
1.117930172e+000 1.949390965e+000 
1.006326472e+000 1.842520001e+000 
1.065350406e+000 1.920632517e+000 
1.121968180e+000 1.950965739e+000 
1.005358525e+000 1.837841904e+000 
1.063720519e+000 1.919436852e+000 
1.005343277e+000 1.837751320e+000 
1.123039357e+000 1.951670583e+000 
1.007016075e+000 1.844508218e+000 
1.102389950e+000 1.941636040e+000 
1.048024998e+000 1.905981720e+000 
1.092910290e+000 1.937278756e+000 
1.042277837e+000 1.900254486e+000 
1.029192745e+000 1.885407832e+000 
1.021299665e+000 1.874978669e+000 
1.025970646e+000 1.881243163e+000 
1.030341545e+000 1.886692550e+000 
1.006311224e+000 1.842429418e+000 
1.101342771e+000 1.941006744e+000 
1.022558315e+000 1.876912295e+000 
1.019331368e+000 1.872315125e+000 
1.018677870e+000 1.871353008e+000 
1.068596615e+000 1.922911974e+000 
1.016427436e+000 1.867332881e+000 
1.026422084e+000 1.882069393e+000 
1.070810115e+000 1.924377189e+000 
1.052335576e+000 1.910107097e+000 
1.110089135e+000 1.945740944e+000 
1.037217906e+000 1.895030875e+000 
1.075540180e+000 1.927495128e+000 
1.109904577e+000 1.945200398e+000 
1.116111540e+000 1.948099511e+000 
1.071642528e+000 1.925200090e+000 
1.050398641e+000 1.908257919e+000 
1.083201845e+000 1.931936041e+000 
1.061445346e+000 1.917852210e+000 
1.080650840e+000 1.930506397e+000 
1.068690179e+000 1.923130856e+000 
1.064933633e+000 1.920263710e+000 
1.085152271e+000 1.933357221e+000 
1.081305265e+000 1.931126722e+000 
1.096050699e+000 1.939208101e+000 
1.023062113e+000 1.877853067e+000 
1.115015237e+000 1.948078974e+000 
1.020669353e+000 1.874509718e+000 
1.021724127e+000 1.875658474e+000 
1.100612986e+000 1.940917573e+000 
1.084337431e+000 1.932871210e+000 
1.045824653e+000 1.903766501e+000 
1.015684052e+000 1.866108007e+000 
1.031812554e+000 1.888506299e+000 
1.028709494e+000 1.884758597e+000 
1.022653537e+000 1.877211371e+000 
1.060271691e+000 1.916986163e+000 
1.027238484e+000 1.882944848e+000 
1.053864029e+000 1.911426211e+000 
1.054292447e+000 1.911976631e+000 
1.025035807e+000 1.880350867e+000 
1.062749291e+000 1.918669683e+000 
1.022225915e+000 1.876503031e+000 
1.029547116e+000 1.885672670e+000 
1.079970179e+000 1.929808466e+000 
1.024096100e+000 1.878795233e+000 
1.056350263e+000 1.913576209e+000 
1.086854980e+000 1.933816997e+000 
1.088368808e+000 1.934625600e+000 
1.027978646e+000 1.884062706e+000 
1.024618675e+000 1.879846380e+000 
1.062807268e+000 1.918730261e+000 
1.056072250e+000 1.913570045e+000 
1.106361561e+000 1.943458235e+000 
1.026507636e+000 1.882248956e+000 
1.030598455e+000 1.887161174e+000 
1.026089684e+000 1.881660130e+000 
1.025849185e+000 1.880902701e+000 
1.004096117e+000 1.530745673e+000 
1.002331709e+000 1.520952088e+000 
1.004426456e+000 1.531155351e+000 
1.004982945e+000 1.533636186e+000 
1.004809102e+000 1.533129611e+000 
1.004760044e+000 1.532294798e+000 
1.003632318e+000 1.528911160e+000 
1.003922274e+000 1.530239098e+000 
1.004519146e+000 1.531801673e+000 
1.003290704e+000 1.526920867e+000 
1.002880220e+000 1.524907117e+000 
1.003580661e+000 1.528248805e+000 
1.002742194e+000 1.522965454e+000 
1.003221833e+000 1.526897410e+000 
1.000909720e+000 1.045563398e+000 
1.000432888e+000 1.008036805e+000 
1.000368304e+000 1.008020388e+000 
1.000414298e+000 1.008036777e+000 
1.000326771e+000 1.007867985e+000 
1.000246102e+000 1.007476347e+000 
1.000087527e+000 1.007273031e+000 
1.000139985e+000 1.007307527e+000 
1.000192410e+000 1.007467715e+000 
1.000227513e+000 1.007476319e+000 
1.000256994e+000 1.007484132e+000 
1.000379195e+000 1.008028173e+000 
1.000274312e+000 1.007833490e+000 
1.000181518e+000 1.007459929e+000 
1.000345360e+000 1.007869085e+000 
9.999999992e-001 1.007105310e+000 
1.000397785e+000 1.008028201e+000 
1.000280776e+000 1.007852667e+000 
1.000210999e+000 1.007467743e+000 
1.000093990e+000 1.007292208e+000 
1.000158574e+000 1.007308626e+000 
1.000052424e+000 1.007264427e+000 
1.000265355e+000 1.007679400e+000 
1.166411979e+000 1.968018921e+000 
1.209431852e+000 1.982214103e+000 
1.261897009e+000 1.992107057e+000 
1.215674896e+000 1.983833517e+000 
1.281700458e+000 1.994776617e+000 
1.214102406e+000 1.983422575e+000 
1.193302121e+000 1.977501002e+000 
1.381717643e+000 1.999546326e+000 
1.270497211e+000 1.993551762e+000 
1.255413775e+000 1.991416580e+000 
1.222784138e+000 1.985436788e+000 
1.258588772e+000 1.992078127e+000 
1.225502210e+000 1.985818825e+000 
1.307721837e+000 1.996953525e+000 
1.144328605e+000 1.959383598e+000 
1.144855702e+000 1.959807065e+000 
1.193303063e+000 1.977683488e+000 
1.207691171e+000 1.981771991e+000 
1.210500215e+000 1.982424737e+000 
1.217159744e+000 1.984281117e+000 
1.272250308e+000 1.993835821e+000 
1.262163044e+000 1.992253996e+000 
1.265018942e+000 1.992357520e+000 
1.354719411e+000 1.999420185e+000 
1.269253422e+000 1.993062260e+000 
1.263440558e+000 1.992341207e+000 
1.203622692e+000 1.980428050e+000 
1.204645878e+000 1.980735262e+000 
1.322590555e+000 1.997669699e+000 
1.194007586e+000 1.977720219e+000 
1.144099849e+000 1.959364847e+000 
1.268032791e+000 1.992811332e+000 
1.204855125e+000 1.980838991e+000 
1.205996371e+000 1.981094314e+000 
1.178005896e+000 1.972333778e+000 
1.137681237e+000 1.956902113e+000 
1.199862531e+000 1.979882413e+000 
1.157718199e+000 1.965218251e+000 
1.229971640e+000 1.986981524e+000 
1.253289411e+000 1.990674305e+000 
1.173230783e+000 1.970678405e+000 
1.246190181e+000 1.990010502e+000 
1.161494286e+000 1.966311428e+000 
1.161536921e+000 1.966401538e+000 
1.173768844e+000 1.971203835e+000 
1.172122295e+000 1.970601750e+000 
1.273927491e+000 1.994147733e+000 
1.284212942e+000 1.995448796e+000 
1.151784382e+000 1.962681925e+000 
1.279639245e+000 1.994576713e+000 
1.148443010e+000 1.961365061e+000 
1.339184281e+000 1.998232407e+000 
1.315661482e+000 1.997555610e+000 
1.270477711e+000 1.993152592e+000 
1.146488889e+000 1.960791048e+000 
1.179016367e+000 1.972691811e+000 
1.221587619e+000 1.984871215e+000 
1.142328849e+000 1.958992234e+000 
1.254274242e+000 1.990952708e+000 
1.252116350e+000 1.990266168e+000 
1.252234960e+000 1.990375183e+000 
1.199653284e+000 1.979778684e+000 
1.144963378e+000 1.959954419e+000 
1.388367827e+000 1.999547716e+000 
1.146799428e+000 1.960961083e+000 
1.182365723e+000 1.973916497e+000 
1.176575122e+000 1.972185527e+000 
1.311995226e+000 1.997238191e+000 
1.179326906e+000 1.972861846e+000 
1.131364224e+000 1.953478416e+000 
1.192364004e+000 1.977308391e+000 
1.244398510e+000 1.990003032e+000 
1.141821255e+000 1.958894769e+000 
1.374059367e+000 1.999544345e+000 
1.511311932e+000 1.999907184e+000 
1.323521639e+000 1.997685363e+000 
1.233290144e+000 1.987689624e+000 
1.238138001e+000 1.988604699e+000 
1.227816092e+000 1.986548602e+000 
1.226583659e+000 1.986137660e+000 
1.149560960e+000 1.961865117e+000 
1.271967902e+000 1.993700489e+000 
1.181493596e+000 1.973452794e+000 
1.148966119e+000 1.961552031e+000 
1.240159903e+000 1.988883102e+000 
1.131042322e+000 1.953443790e+000 
1.324864815e+000 1.997689614e+000 
1.165436953e+000 1.967927250e+000 
1.268021788e+000 1.992743911e+000 
1.225743120e+000 1.985889613e+000 
1.327272243e+000 1.998230425e+000 
1.131600979e+000 1.954324712e+000 
1.140959023e+000 1.958014769e+000 
1.127460962e+000 1.952332056e+000 
1.268651472e+000 1.992847435e+000 
1.312006525e+000 1.997374372e+000 
1.326259629e+000 1.997914740e+000 
1.212766764e+000 1.982584710e+000 
1.150502648e+000 1.962270098e+000 
1.163202219e+000 1.967366826e+000 
1.170941924e+000 1.970189923e+000 
1.135294452e+000 1.955788941e+000 
1.276434270e+000 1.994355619e+000 
1.316936800e+000 1.997628340e+000 
1.277146127e+000 1.994360889e+000 
1.241205230e+000 1.989013380e+000 
1.267851506e+000 1.992737156e+000 
1.281074684e+000 1.994760659e+000 
1.327168756e+000 1.997915628e+000 
1.149289705e+000 1.961763989e+000 
1.183030126e+000 1.974170860e+000 
1.362195714e+000 1.999421221e+000 
1.232926746e+000 1.987586100e+000 
1.155900850e+000 1.964045128e+000 
1.243467044e+000 1.989194738e+000 
1.220798150e+000 1.984871015e+000 
1.181577999e+000 1.973579226e+000 
1.168714975e+000 1.968964171e+000 
1.189317704e+000 1.976166645e+000 
1.502383460e+000 1.999870498e+000 
1.183288864e+000 1.974219560e+000 
1.179357903e+000 1.973413593e+000 
1.149774957e+000 1.962013872e+000 
1.188276785e+000 1.976130659e+000 
1.139720282e+000 1.957598813e+000 
1.174379729e+000 1.971355128e+000 
1.170779619e+000 1.969997414e+000 
1.183463732e+000 1.974266837e+000 
1.156867105e+000 1.964703642e+000 
1.138906701e+000 1.957095853e+000 
1.161680158e+000 1.966575965e+000 
1.166658331e+000 1.968634430e+000 
1.160438379e+000 1.966030974e+000 
1.162190164e+000 1.967138512e+000 
1.366728652e+000 1.999475952e+000 
1.144451898e+000 1.959637665e+000 
1.267188846e+000 1.992693035e+000 
1.290713570e+000 1.995594364e+000 
1.164463400e+000 1.967825873e+000 
1.294757021e+000 1.995601622e+000 
1.186806041e+000 1.975628155e+000 
1.396881581e+000 1.999676978e+000 
1.160930888e+000 1.966091699e+000 
1.303388506e+000 1.996457906e+000 
1.186081854e+000 1.975322102e+000 
1.139623132e+000 1.957497895e+000 
1.488364114e+000 1.999848160e+000 
1.170033528e+000 1.969471856e+000 
1.187399364e+000 1.975784977e+000 
1.309677361e+000 1.996971261e+000 
1.182944731e+000 1.973973928e+000 
1.156315907e+000 1.964333223e+000 
1.550452719e+000 2.000000000e+000 
1.305573670e+000 1.996693129e+000 
1.296358432e+000 1.995943440e+000 
1.196506695e+000 1.978198475e+000 
1.196322542e+000 1.978172223e+000 
1.482578224e+000 1.999678279e+000 
1.483266816e+000 1.999770320e+000 
1.298871781e+000 1.996221572e+000 
1.520586243e+000 1.999979790e+000 
1.177640919e+000 1.972249166e+000 
1.510828529e+000 1.999877253e+000 
1.348709304e+000 1.998672469e+000 
1.345059263e+000 1.998635064e+000 
1.348743929e+000 1.998875383e+000 
1.343521810e+000 1.998354563e+000 
1.325653042e+000 1.997849719e+000 
1.342150201e+000 1.998255445e+000 

