1.000704578e+000 1.005730241e+000 
1.000193002e+000 1.001357700e+000 
1.000337999e+000 1.001365322e+000 
1.072190707e+000 1.702076252e+000 
1.066168233e+000 1.694438594e+000 
1.156405956e+000 1.798705799e+000 
1.044909131e+000 1.659278043e+000 
1.053394726e+000 1.673187527e+000 
1.248775260e+000 1.862379915e+000 
1.232568104e+000 1.850585980e+000 
1.025497392e+000 1.620558706e+000 
1.056510910e+000 1.678864912e+000 
1.015010068e+000 1.591190540e+000 
1.069322323e+000 1.698346876e+000 
1.273373777e+000 1.877783198e+000 
1.016716754e+000 1.596512842e+000 
1.094397610e+000 1.732051715e+000 
1.012840606e+000 1.583862139e+000 
1.280182481e+000 1.881563753e+000 
1.072644997e+000 1.702959762e+000 
1.038672641e+000 1.647840109e+000 
1.064329863e+000 1.690506066e+000 
1.014561100e+000 1.589635660e+000 
1.057186537e+000 1.680569332e+000 
1.166265965e+000 1.807565791e+000 
1.066470083e+000 1.694445834e+000 
1.014033796e+000 1.587774751e+000 
1.011360477e+000 1.578635330e+000 
1.038036542e+000 1.644691068e+000 
1.147132949e+000 1.791294191e+000 
1.095832124e+000 1.733408232e+000 
1.038851349e+000 1.647866331e+000 
1.051837607e+000 1.670757101e+000 
1.161719894e+000 1.805143963e+000 
1.131359420e+000 1.774333709e+000 
1.040635500e+000 1.650665018e+000 
1.234198427e+000 1.853605173e+000 
1.067261008e+000 1.695404770e+000 
1.277575907e+000 1.878912680e+000 
1.087156202e+000 1.723195561e+000 
1.094924844e+000 1.733079214e+000 
1.089808620e+000 1.727705873e+000 
1.111771608e+000 1.751862631e+000 
1.024393011e+000 1.616571945e+000 
1.256675534e+000 1.868505074e+000 
1.011661056e+000 1.578694266e+000 
1.095819109e+000 1.733178338e+000 
1.066478359e+000 1.694522262e+000 
1.028670429e+000 1.626468034e+000 
1.156878973e+000 1.801736076e+000 
1.014547292e+000 1.588252580e+000 
1.281500737e+000 1.882090210e+000 
1.120928728e+000 1.762953964e+000 
1.038633787e+000 1.647833391e+000 
1.122400759e+000 1.764845710e+000 
1.080552955e+000 1.715404720e+000 
1.068592174e+000 1.697328259e+000 
1.239653891e+000 1.859222341e+000 
1.174311283e+000 1.816964895e+000 
1.058793389e+000 1.682575093e+000 
1.173693667e+000 1.814973622e+000 
1.044155358e+000 1.657412809e+000 
1.043836879e+000 1.657396636e+000 
1.027594892e+000 1.624629950e+000 
1.041216284e+000 1.652267921e+000 
1.153295375e+000 1.797295141e+000 
1.148551352e+000 1.792063182e+000 
1.046022570e+000 1.660041097e+000 
1.030561462e+000 1.631650603e+000 
1.121965955e+000 1.763994289e+000 
1.079239583e+000 1.713413456e+000 
1.149035257e+000 1.792528187e+000 
1.149970469e+000 1.793584988e+000 
1.178098852e+000 1.817958855e+000 
1.034458408e+000 1.638395328e+000 
1.029653890e+000 1.629152995e+000 
1.081738939e+000 1.716254990e+000 
1.182198085e+000 1.821558743e+000 
1.082247803e+000 1.717867285e+000 
1.083731776e+000 1.718379978e+000 
1.085888129e+000 1.722417269e+000 
1.042374213e+000 1.654795363e+000 
1.042850123e+000 1.655270984e+000 
1.235129519e+000 1.855352155e+000 
1.047934161e+000 1.664007298e+000 
1.251597688e+000 1.865706372e+000 
1.169501400e+000 1.812300355e+000 
1.088145466e+000 1.724377852e+000 
1.089318636e+000 1.726668545e+000 
1.163103581e+000 1.806489788e+000 
1.171487443e+000 1.814691522e+000 
1.272193930e+000 1.876376227e+000 
1.079902697e+000 1.714395979e+000 
1.196331837e+000 1.832707977e+000 
1.150714419e+000 1.794079275e+000 
1.070100806e+000 1.699782365e+000 
1.048839965e+000 1.665400962e+000 
1.021492774e+000 1.609186166e+000 
1.179462885e+000 1.818477007e+000 
1.018063297e+000 1.600898285e+000 
1.146735326e+000 1.789502768e+000 
1.020346891e+000 1.607322138e+000 
1.018883866e+000 1.603331810e+000 
1.061919941e+000 1.687231683e+000 
1.017864241e+000 1.598728116e+000 
1.018589195e+000 1.602611125e+000 
1.015493107e+000 1.591627854e+000 
1.063163510e+000 1.688740979e+000 
1.118625903e+000 1.761746067e+000 
1.133691782e+000 1.777642560e+000 
1.021462562e+000 1.608808090e+000 
1.037110766e+000 1.644360420e+000 
1.054595808e+000 1.675219705e+000 
1.017537747e+000 1.596635760e+000 
1.025064402e+000 1.618922843e+000 
1.023024765e+000 1.613910811e+000 
1.023759025e+000 1.614799251e+000 
1.163007755e+000 1.805261233e+000 
1.261145620e+000 1.870753608e+000 
1.036125319e+000 1.641929471e+000 
1.033388373e+000 1.636570987e+000 
1.027364121e+000 1.624004267e+000 
1.152144275e+000 1.795364084e+000 
1.035255368e+000 1.640141705e+000 
1.024611442e+000 1.617117841e+000 
1.102504788e+000 1.743709289e+000 
1.283265903e+000 1.882603436e+000 
1.130676981e+000 1.774288166e+000 
1.038957943e+000 1.648619184e+000 
1.095954836e+000 1.734553507e+000 
1.100455730e+000 1.739776508e+000 
1.216948353e+000 1.846121991e+000 
1.048534197e+000 1.665347031e+000 
1.127183932e+000 1.770626023e+000 
1.092539755e+000 1.730759489e+000 
1.090964599e+000 1.728572487e+000 
1.031627517e+000 1.632750332e+000 
1.039341264e+000 1.649013642e+000 
1.036929393e+000 1.644329525e+000 
1.136358362e+000 1.780086639e+000 
1.258284279e+000 1.869678921e+000 
1.073844536e+000 1.705208142e+000 
1.265866048e+000 1.873979906e+000 
1.259980586e+000 1.870428256e+000 
1.223977360e+000 1.849748286e+000 
1.285289776e+000 1.882879126e+000 
1.159823054e+000 1.803555623e+000 
1.191679351e+000 1.828383522e+000 
1.151131692e+000 1.794959370e+000 
1.154536502e+000 1.797806438e+000 
1.070904709e+000 1.700502546e+000 
1.107412004e+000 1.748886288e+000 
1.094688183e+000 1.733024474e+000 
1.094458988e+000 1.732753953e+000 
1.213728454e+000 1.844414217e+000 
1.036040172e+000 1.641534404e+000 
1.144340472e+000 1.786746607e+000 
1.180308467e+000 1.819973818e+000 
1.103968116e+000 1.744713227e+000 
1.108887926e+000 1.750784728e+000 
1.187583721e+000 1.825710255e+000 
1.181592840e+000 1.820272136e+000 
1.177945115e+000 1.817657947e+000 
1.101097911e+000 1.740713708e+000 
1.250506240e+000 1.865000628e+000 
1.126283853e+000 1.769151096e+000 
1.257650043e+000 1.869178804e+000 
1.054246134e+000 1.674745307e+000 
1.117109580e+000 1.760133689e+000 
1.127835860e+000 1.771201304e+000 
1.116538616e+000 1.759086162e+000 
1.119237780e+000 1.762416657e+000 
1.113168527e+000 1.755752856e+000 
1.109502511e+000 1.751481707e+000 
1.124778930e+000 1.767741714e+000 
1.139278507e+000 1.782235289e+000 
1.143663428e+000 1.786508334e+000 
1.235713438e+000 1.855746192e+000 
1.054988418e+000 1.676073137e+000 
1.124187636e+000 1.767094515e+000 
1.232575830e+000 1.853322094e+000 
1.068416064e+000 1.696499264e+000 
1.262138920e+000 1.871696796e+000 
1.260601434e+000 1.870740953e+000 
1.262608361e+000 1.872104851e+000 
1.142097828e+000 1.785753749e+000 
1.206692029e+000 1.839092374e+000 
1.255084923e+000 1.867552619e+000 
1.139493581e+000 1.782579431e+000 
1.201398861e+000 1.835195121e+000 
1.099005046e+000 1.737572726e+000 
1.203790694e+000 1.837312098e+000 
1.059177337e+000 1.683180222e+000 
1.099167672e+000 1.738132849e+000 
1.209034587e+000 1.840691738e+000 
1.194404818e+000 1.829438172e+000 
1.211382046e+000 1.843235598e+000 
1.204259229e+000 1.838163732e+000 
1.216475808e+000 1.845228005e+000 
1.000374791e+000 1.002365936e+000 
1.000430204e+000 1.002379093e+000 
1.008015830e+000 1.118782305e+000 
1.006263172e+000 1.112945460e+000 
1.010193823e+000 1.121860712e+000 
1.008365032e+000 1.119418392e+000 
1.007001962e+000 1.116439693e+000 
1.007930969e+000 1.118693286e+000 
1.009859862e+000 1.121771742e+000 
1.010700160e+000 1.123972063e+000 
1.006435501e+000 1.114280745e+000 
1.007265283e+000 1.116474779e+000 
1.001031211e+000 1.006178852e+000 
1.001022491e+000 1.005822967e+000 
1.000658851e+000 1.003632020e+000 
1.000589182e+000 1.003520251e+000 
1.000698481e+000 1.003636540e+000 
1.000465033e+000 1.003369282e+000 
9.999999992e-001 1.000359570e+000 
1.002093805e+000 1.007808304e+000 
1.001914188e+000 1.007805003e+000 
1.003205379e+000 1.008645018e+000 
1.005080563e+000 1.009094023e+000 
1.001704423e+000 1.007789641e+000 
1.001485737e+000 1.007387552e+000 
1.003168319e+000 1.008643821e+000 
1.001275972e+000 1.007372190e+000 
1.003344864e+000 1.008647122e+000 
1.004715119e+000 1.009077672e+000 
1.002884244e+000 1.008272735e+000 
1.004018426e+000 1.008754905e+000 
1.005704790e+000 1.009189585e+000 
1.003986332e+000 1.008695859e+000 
1.001118920e+000 1.007362259e+000 
1.005665309e+000 1.009175996e+000 
1.001328686e+000 1.007377621e+000 
1.002984302e+000 1.008590646e+000 
1.002373621e+000 1.008215920e+000 
1.005384052e+000 1.009146541e+000 
1.003381923e+000 1.008648319e+000 
1.002658365e+000 1.008260268e+000 
1.005458333e+000 1.009146791e+000 
1.002369448e+000 1.007939279e+000 
1.002478748e+000 1.008256967e+000 
1.001682414e+000 1.007499831e+000 
1.002240189e+000 1.007902974e+000 
1.000124856e+000 1.000391609e+000 
1.000006598e+000 1.000378713e+000 
1.000016437e+000 1.000378757e+000 
1.005969598e+000 1.111288976e+000 
1.010383749e+000 1.122079054e+000 
1.009045759e+000 1.120199516e+000 
1.006191404e+000 1.112314525e+000 
1.008692762e+000 1.119481834e+000 
1.009962945e+000 1.121808734e+000 
1.009633947e+000 1.120631124e+000 
1.011032711e+000 1.124264437e+000 
1.005780269e+000 1.109291574e+000 
1.408362882e+000 1.941111227e+000 
1.409489376e+000 1.941555730e+000 
1.747603928e+000 1.999469416e+000 
1.655147606e+000 1.994355139e+000 
1.618465716e+000 1.990612774e+000 
1.621970409e+000 1.991279080e+000 
1.752514841e+000 1.999844793e+000 
1.748244839e+000 1.999518440e+000 
1.501166365e+000 1.971371690e+000 
1.516337803e+000 1.972460035e+000 
1.488194320e+000 1.968228725e+000 
1.495240760e+000 1.969574075e+000 
1.481596151e+000 1.967768881e+000 
1.491464494e+000 1.968657004e+000 
1.745804655e+000 1.999314071e+000 
1.435765591e+000 1.953751385e+000 
1.446764019e+000 1.958341684e+000 
1.443604168e+000 1.955601233e+000 
1.445213445e+000 1.957584348e+000 
1.519794793e+000 1.974124641e+000 
1.543162306e+000 1.979256497e+000 
1.744665102e+000 1.999226302e+000 
1.745200983e+000 1.999269525e+000 
1.762120094e+000 2.000000000e+000 
1.308267748e+000 1.892014494e+000 
1.418781562e+000 1.948176389e+000 
1.463846886e+000 1.961342786e+000 
1.474999678e+000 1.964032312e+000 
1.473712981e+000 1.963878223e+000 
1.316991512e+000 1.899044722e+000 
1.451032925e+000 1.959457406e+000 
1.430796849e+000 1.951312956e+000 
1.472953379e+000 1.963723646e+000 
1.320097361e+000 1.900174695e+000 
1.441973128e+000 1.954885670e+000 
1.439028474e+000 1.954815605e+000 
1.434496409e+000 1.953470266e+000 
1.379773147e+000 1.928882982e+000 
1.467805011e+000 1.962742690e+000 
1.465184808e+000 1.962257700e+000 
1.469747103e+000 1.963193690e+000 
1.427339554e+000 1.950486364e+000 
1.426866713e+000 1.950141504e+000 
1.423036565e+000 1.949182110e+000 
1.413033503e+000 1.945341487e+000 
1.759594802e+000 1.999871501e+000 
1.387516072e+000 1.933439739e+000 
1.410075022e+000 1.942673734e+000 
1.411505657e+000 1.944635974e+000 
1.417618128e+000 1.947174804e+000 
1.410218942e+000 1.942960438e+000 
1.383289639e+000 1.930341300e+000 
1.325407203e+000 1.902989485e+000 
1.320505325e+000 1.900927717e+000 
1.387107503e+000 1.930639749e+000 
1.531365935e+000 1.977547760e+000 
1.467719103e+000 1.962612170e+000 
1.458371062e+000 1.960274982e+000 
1.402266425e+000 1.939799764e+000 
1.404609971e+000 1.940758220e+000 
1.405273663e+000 1.940889336e+000 
1.520358002e+000 1.975118775e+000 
1.399936004e+000 1.938577628e+000 
1.730165124e+000 1.998591344e+000 
1.476996879e+000 1.966070822e+000 
1.471754945e+000 1.963278399e+000 
1.458980046e+000 1.961011628e+000 
1.316074212e+000 1.897191424e+000 
1.308283925e+000 1.895158550e+000 
1.312010291e+000 1.896581439e+000 
1.310092194e+000 1.895588244e+000 
1.303955808e+000 1.891613856e+000 
1.390293692e+000 1.933973326e+000 
1.290641812e+000 1.884610665e+000 
1.304687012e+000 1.891760555e+000 
1.303364556e+000 1.891257429e+000 
1.296043889e+000 1.887001719e+000 
1.291384627e+000 1.884647460e+000 
1.298194993e+000 1.888049363e+000 
1.393642069e+000 1.935034145e+000 
1.741903710e+000 1.998688180e+000 
1.741964496e+000 1.999139229e+000 
1.299339257e+000 1.888133350e+000 
1.509965528e+000 1.972202299e+000 
1.399365661e+000 1.938285508e+000 
1.382451739e+000 1.930235933e+000 
1.394297095e+000 1.936420373e+000 
1.374013954e+000 1.926728779e+000 
1.337802289e+000 1.910162261e+000 
1.333134025e+000 1.907603503e+000 
1.330414435e+000 1.904883131e+000 
1.330972794e+000 1.906706794e+000 
1.331389072e+000 1.907363108e+000 
1.302207026e+000 1.889882305e+000 
1.345947216e+000 1.913875885e+000 
1.336640686e+000 1.909412772e+000 
1.327164842e+000 1.903770301e+000 
1.354365790e+000 1.918207772e+000 
1.719838104e+000 1.998207075e+000 
1.729381156e+000 1.998302464e+000 
1.692656306e+000 1.996418360e+000 
1.698541596e+000 1.997048813e+000 
1.348480659e+000 1.915551622e+000 
1.702513926e+000 1.997564084e+000 
1.352285921e+000 1.916192742e+000 
1.701739731e+000 1.997550588e+000 
1.672735155e+000 1.995655153e+000 
1.699604241e+000 1.997371171e+000 
1.725680564e+000 1.998211511e+000 
1.362778144e+000 1.921919717e+000 
1.356465977e+000 1.919080884e+000 
1.361106351e+000 1.921824254e+000 
1.354230640e+000 1.918014540e+000 
1.358522854e+000 1.919629913e+000 
1.687009093e+000 1.995907803e+000 
1.360192338e+000 1.920293471e+000 
1.376767203e+000 1.928367138e+000 
1.369755498e+000 1.924309961e+000 
1.626031167e+000 1.992434004e+000 
1.659139054e+000 1.995602183e+000 
1.634928327e+000 1.992692806e+000 
1.647125967e+000 1.994042719e+000 
1.615788608e+000 1.990590910e+000 
1.642234529e+000 1.993859271e+000 
1.381093936e+000 1.930195317e+000 
1.516641360e+000 1.973647919e+000 
1.324448254e+000 1.902887344e+000 
1.323937897e+000 1.901892783e+000 
1.339293900e+000 1.910321276e+000 
1.718738465e+000 1.998173991e+000 
1.343475910e+000 1.912592628e+000 
1.349687002e+000 1.915971035e+000 
1.738339404e+000 1.998632523e+000 
1.735349356e+000 1.998627541e+000 
1.718567190e+000 1.997575778e+000 
1.613529493e+000 1.990590225e+000 
1.609510864e+000 1.990090123e+000 
1.604520332e+000 1.989996986e+000 
1.717697222e+000 1.997569861e+000 
1.620820318e+000 1.991229557e+000 
1.543957382e+000 1.979438825e+000 
1.503619558e+000 1.971551793e+000 
1.689715339e+000 1.995969148e+000 
1.584857359e+000 1.987567781e+000 
1.582270846e+000 1.987139113e+000 
1.509078219e+000 1.972048388e+000 
1.586597617e+000 1.987850825e+000 
1.508590395e+000 1.972043270e+000 
1.500452161e+000 1.970411954e+000 
1.498097677e+000 1.969722870e+000 
1.609671328e+000 1.990219230e+000 
1.509463177e+000 1.972123230e+000 
1.579857072e+000 1.986905042e+000 
1.588401498e+000 1.988502372e+000 
1.583437738e+000 1.987357178e+000 
1.536487525e+000 1.978414936e+000 
1.575888218e+000 1.986408098e+000 
1.548497407e+000 1.980246401e+000 
1.528858669e+000 1.976285421e+000 
1.539905793e+000 1.978837656e+000 
1.528352186e+000 1.976182660e+000 
1.620521854e+000 1.990944650e+000 
1.524861390e+000 1.975365447e+000 
1.572583277e+000 1.985739710e+000 
1.554303551e+000 1.981778906e+000 
1.558146283e+000 1.982490506e+000 
1.525553727e+000 1.976066579e+000 
1.563681597e+000 1.983536237e+000 
1.565133543e+000 1.984103961e+000 
1.561109188e+000 1.982494382e+000 
1.547399739e+000 1.980070696e+000 
1.561420944e+000 1.982900260e+000 
1.562781610e+000 1.983102806e+000 

