1.003270709e+000 1.031994617e+000 
1.002614030e+000 1.030281422e+000 
1.002922871e+000 1.031686672e+000 
1.002835263e+000 1.031525673e+000 
1.004289988e+000 1.033567663e+000 
1.003316698e+000 1.032133290e+000 
1.004211429e+000 1.033430515e+000 
1.000143750e+000 1.000000171e+000 
9.999999998e-001 1.000000000e+000 
1.000248699e+000 1.000000373e+000 
1.000145918e+000 1.000000340e+000 
1.000320716e+000 1.000797686e+000 
1.000280977e+000 1.000794408e+000 
1.000858385e+000 1.003582710e+000 
1.001244634e+000 1.005397572e+000 
1.001121450e+000 1.005272145e+000 
1.000948791e+000 1.005251793e+000 
1.001230770e+000 1.005396614e+000 
1.001009763e+000 1.005257026e+000 
1.001104478e+000 1.005270992e+000 
1.000895505e+000 1.005131934e+000 
1.000875834e+000 1.003592210e+000 
1.000763759e+000 1.003457440e+000 
1.000781668e+000 1.003477853e+000 
1.000669593e+000 1.003343083e+000 
1.000699112e+000 1.003356703e+000 
1.000532233e+000 1.002104474e+000 
1.000577587e+000 1.002153118e+000 
1.000578340e+000 1.002155043e+000 
1.000382580e+000 1.002054010e+000 
1.000454482e+000 1.002101818e+000 
1.000668765e+000 1.002197629e+000 
1.000548617e+000 1.002146414e+000 
1.000669518e+000 1.002199554e+000 
1.000545659e+000 1.002146329e+000 
1.000446716e+000 1.002091829e+000 
1.007101999e+000 1.243377693e+000 
1.008380277e+000 1.245985833e+000 
1.007698370e+000 1.244813272e+000 
1.005782105e+000 1.240285653e+000 
1.004769538e+000 1.237671327e+000 
1.005890165e+000 1.241439785e+000 
1.005036414e+000 1.238758252e+000 
1.006305853e+000 1.241895591e+000 
1.005208815e+000 1.238873741e+000 
1.004617113e+000 1.236697729e+000 
1.007508532e+000 1.244199528e+000 
1.007573255e+000 1.244358575e+000 
1.017426889e+000 1.820613136e+000 
1.127820286e+000 1.915592632e+000 
1.011431319e+000 1.808405469e+000 
1.025107235e+000 1.831720269e+000 
1.016037924e+000 1.818092577e+000 
1.033339281e+000 1.843883908e+000 
1.041635920e+000 1.854118265e+000 
1.076427941e+000 1.886614940e+000 
1.062051893e+000 1.875465213e+000 
1.015530879e+000 1.817051150e+000 
1.054252899e+000 1.867669510e+000 
1.083981432e+000 1.892185902e+000 
1.127346300e+000 1.915274570e+000 
1.095019105e+000 1.899529817e+000 
1.100941140e+000 1.903241832e+000 
1.098487110e+000 1.901998523e+000 
1.095894168e+000 1.900063734e+000 
1.096575183e+000 1.900916640e+000 
1.054757873e+000 1.868327034e+000 
1.043996608e+000 1.856705796e+000 
1.119669534e+000 1.911366804e+000 
1.013340722e+000 1.812758753e+000 
1.128466373e+000 1.916471753e+000 
1.145073794e+000 1.924189550e+000 
1.062310586e+000 1.875470170e+000 
1.009864373e+000 1.805040551e+000 
1.037667732e+000 1.848843888e+000 
1.009168386e+000 1.802609014e+000 
1.013253878e+000 1.812506559e+000 
1.056877936e+000 1.870610120e+000 
1.012562277e+000 1.810964590e+000 
1.043017241e+000 1.855563224e+000 
1.086629644e+000 1.893853556e+000 
1.072766190e+000 1.884028051e+000 
1.087468253e+000 1.894232101e+000 
1.074095034e+000 1.885695086e+000 
1.059093811e+000 1.872746493e+000 
1.116220027e+000 1.910959102e+000 
1.026507150e+000 1.834161277e+000 
1.132059792e+000 1.917891513e+000 
1.008880375e+000 1.801951986e+000 
1.069198365e+000 1.881242113e+000 
1.021040918e+000 1.826173544e+000 
1.042062166e+000 1.854538358e+000 
1.008539968e+000 1.801286649e+000 
1.037941927e+000 1.849781755e+000 
1.018198707e+000 1.821981346e+000 
1.013870243e+000 1.813939132e+000 
1.088611349e+000 1.895535729e+000 
1.078642074e+000 1.888869661e+000 
1.009081696e+000 1.802324507e+000 
1.008973190e+000 1.802321525e+000 
1.010141838e+000 1.805606110e+000 
1.129591938e+000 1.916663919e+000 
1.035251123e+000 1.845597004e+000 
1.024285429e+000 1.830442063e+000 
1.023263944e+000 1.829539635e+000 
1.077449761e+000 1.887789401e+000 
1.089661668e+000 1.896389506e+000 
1.056761465e+000 1.870537153e+000 
1.113626324e+000 1.909151324e+000 
1.044479410e+000 1.857258498e+000 
1.016715902e+000 1.819219653e+000 
1.036270923e+000 1.847429640e+000 
1.017824384e+000 1.821072460e+000 
1.103321055e+000 1.904371316e+000 
1.012859216e+000 1.811620381e+000 
1.104101652e+000 1.904734279e+000 
1.095669771e+000 1.900055233e+000 
1.022920471e+000 1.828816221e+000 
1.065396696e+000 1.878427379e+000 
1.016123651e+000 1.818340212e+000 
1.056942705e+000 1.870890822e+000 
1.011687452e+000 1.808981371e+000 
1.013099512e+000 1.811690655e+000 
1.094894092e+000 1.899384740e+000 
1.145133723e+000 1.924262014e+000 
1.059156955e+000 1.872873946e+000 
1.124162548e+000 1.913468694e+000 
1.096556438e+000 1.900859386e+000 
1.019346132e+000 1.823460242e+000 
1.058975716e+000 1.872520277e+000 
1.089318398e+000 1.895865304e+000 
1.145878465e+000 1.924743724e+000 
1.065101496e+000 1.877664397e+000 
1.015449904e+000 1.816770628e+000 
1.130910035e+000 1.917326796e+000 
1.077897286e+000 1.887858750e+000 
1.019026609e+000 1.823002388e+000 
1.129909501e+000 1.917034840e+000 
1.097422688e+000 1.901146001e+000 
1.052618604e+000 1.866039469e+000 
1.026804070e+000 1.834821022e+000 
1.020687493e+000 1.825563672e+000 
1.050537440e+000 1.864223946e+000 
1.145244608e+000 1.924593283e+000 
1.019472225e+000 1.823736724e+000 
1.020448887e+000 1.825163423e+000 
1.053518267e+000 1.866862459e+000 
1.025528087e+000 1.832303304e+000 
1.027175276e+000 1.835132664e+000 
1.151433329e+000 1.926834588e+000 
1.024103149e+000 1.830289115e+000 
1.158403855e+000 1.928751954e+000 
1.156515864e+000 1.927937211e+000 
1.059632543e+000 1.873140105e+000 
1.125754485e+000 1.914240718e+000 
1.070334736e+000 1.882102923e+000 
1.013785750e+000 1.813571133e+000 
1.143944785e+000 1.923326249e+000 
1.119750513e+000 1.911983746e+000 
1.035925070e+000 1.847086334e+000 
1.164431836e+000 1.928793793e+000 
1.051426651e+000 1.864915161e+000 
1.172738811e+000 1.933558761e+000 
1.029331683e+000 1.837994973e+000 
1.130644737e+000 1.917212355e+000 
1.140146330e+000 1.921962950e+000 
1.029892291e+000 1.838795765e+000 
1.050534317e+000 1.864172025e+000 
1.048520821e+000 1.861727829e+000 
1.070764423e+000 1.882479292e+000 
1.047188626e+000 1.860341369e+000 
1.127920467e+000 1.916090287e+000 
1.043493622e+000 1.856314044e+000 
1.040513139e+000 1.852624521e+000 
1.035414511e+000 1.846271620e+000 
1.031843696e+000 1.841708869e+000 
1.038854233e+000 1.850772237e+000 
1.028171787e+000 1.836705053e+000 
1.032249378e+000 1.842299210e+000 
1.088013328e+000 1.894950783e+000 
1.048772205e+000 1.862069774e+000 
1.037119127e+000 1.848510392e+000 
1.039762425e+000 1.851770909e+000 
1.031548740e+000 1.841193696e+000 
1.076821025e+000 1.887206982e+000 
1.039172184e+000 1.851156206e+000 
1.167016546e+000 1.931238961e+000 
1.167588035e+000 1.931732142e+000 
1.066035557e+000 1.878551315e+000 
1.111623064e+000 1.907746113e+000 
1.026786584e+000 1.834435915e+000 
1.150730404e+000 1.926129392e+000 
1.047444691e+000 1.860712702e+000 
1.134245096e+000 1.919079970e+000 
1.113299905e+000 1.908957146e+000 
1.028454654e+000 1.836933194e+000 
1.139558836e+000 1.921428751e+000 
1.067882820e+000 1.880245633e+000 
1.078117971e+000 1.888131859e+000 
1.030765985e+000 1.840194822e+000 
1.069960600e+000 1.881393570e+000 
1.135061418e+000 1.919508957e+000 
1.098376123e+000 1.901640092e+000 
1.112276321e+000 1.908283685e+000 
1.048880558e+000 1.862190250e+000 
1.122679958e+000 1.912850478e+000 
1.065279509e+000 1.878204659e+000 
1.100809480e+000 1.902833527e+000 
1.104600605e+000 1.904880780e+000 
1.107622808e+000 1.906827692e+000 
1.062983191e+000 1.875853363e+000 
1.092842782e+000 1.898445528e+000 
1.105472092e+000 1.905396960e+000 
1.024764678e+000 1.831150690e+000 
1.079174585e+000 1.889033323e+000 
1.004320684e+000 1.034176191e+000 
1.003790128e+000 1.033420688e+000 
1.004597946e+000 1.034809551e+000 
1.004576951e+000 1.034770554e+000 
1.002371733e+000 1.008593392e+000 
1.001442315e+000 1.007729008e+000 
1.001290122e+000 1.007503164e+000 
1.002518807e+000 1.008622515e+000 
1.002579568e+000 1.008661415e+000 
1.001656228e+000 1.007821471e+000 
1.002468682e+000 1.008613955e+000 
1.002110521e+000 1.008351499e+000 
1.346655850e+000 1.979293508e+000 
1.372693333e+000 1.981999734e+000 
1.783842864e+000 1.999821460e+000 
1.399167084e+000 1.984731269e+000 
1.403220342e+000 1.985260334e+000 
1.402013808e+000 1.985095739e+000 
1.398064152e+000 1.984678991e+000 
1.476855672e+000 1.990309279e+000 
1.400543443e+000 1.984995610e+000 
1.479850296e+000 1.990584548e+000 
1.408162214e+000 1.985536451e+000 
1.426707554e+000 1.986958895e+000 
1.393746398e+000 1.984446944e+000 
1.477151002e+000 1.990454075e+000 
1.366645943e+000 1.981876270e+000 
1.281824588e+000 1.970826797e+000 
1.273471241e+000 1.969135622e+000 
1.175677155e+000 1.935451640e+000 
1.400295911e+000 1.984948469e+000 
1.169901814e+000 1.933306115e+000 
1.474815140e+000 1.990264019e+000 
1.277132663e+000 1.969868461e+000 
1.469104443e+000 1.990051016e+000 
1.470910970e+000 1.990175320e+000 
1.217476224e+000 1.954625936e+000 
1.217078313e+000 1.954437851e+000 
1.191446247e+000 1.945419636e+000 
1.789531839e+000 2.000000000e+000 
1.178675833e+000 1.936762264e+000 
1.179151364e+000 1.937274631e+000 
1.310271389e+000 1.975258443e+000 
1.193117417e+000 1.946026918e+000 
1.279306773e+000 1.970665967e+000 
1.256452499e+000 1.965015974e+000 
1.272980337e+000 1.969107001e+000 
1.272060831e+000 1.968926511e+000 
1.233073290e+000 1.959843982e+000 
1.274999755e+000 1.969404387e+000 
1.268913614e+000 1.968043438e+000 
1.271472166e+000 1.968838207e+000 
1.273805487e+000 1.969280263e+000 
1.195016729e+000 1.947167521e+000 
1.180701106e+000 1.939040259e+000 
1.373729165e+000 1.982384693e+000 
1.332120567e+000 1.978165844e+000 
1.333157449e+000 1.978427000e+000 
1.192611511e+000 1.946004332e+000 
1.178126616e+000 1.935957485e+000 
1.180363711e+000 1.938598450e+000 
1.175493973e+000 1.934537564e+000 
1.182574693e+000 1.940177755e+000 
1.178464451e+000 1.936071470e+000 
1.311396980e+000 1.975780426e+000 
1.182294588e+000 1.939395638e+000 
1.182524753e+000 1.939498009e+000 
1.251688295e+000 1.963717501e+000 
1.179996482e+000 1.938525696e+000 
1.296296834e+000 1.973257631e+000 
1.284240248e+000 1.971358709e+000 
1.250742397e+000 1.963564914e+000 
1.199191764e+000 1.948463439e+000 
1.287311358e+000 1.972116170e+000 
1.256894524e+000 1.965022429e+000 
1.331601843e+000 1.978024342e+000 
1.285312226e+000 1.971648548e+000 
1.188659678e+000 1.943831393e+000 
1.191799920e+000 1.945799543e+000 
1.187195220e+000 1.943432207e+000 
1.184810207e+000 1.942231986e+000 
1.184745673e+000 1.941498240e+000 
1.166976858e+000 1.929758121e+000 
1.194179085e+000 1.946398718e+000 
1.275573911e+000 1.969721483e+000 
1.183520251e+000 1.941057121e+000 
1.186400928e+000 1.942883550e+000 
1.188768419e+000 1.944572766e+000 
1.166196791e+000 1.928822702e+000 
1.185957483e+000 1.942838572e+000 
1.177434599e+000 1.935860637e+000 
1.174008603e+000 1.933583706e+000 
1.169440225e+000 1.932357542e+000 
1.189186906e+000 1.944772380e+000 
1.174706177e+000 1.934050339e+000 
1.193343360e+000 1.946168259e+000 
1.194063003e+000 1.946269679e+000 
1.183057609e+000 1.940330137e+000 
1.193755825e+000 1.946204032e+000 
1.409763047e+000 1.985615825e+000 
1.296133313e+000 1.973017877e+000 
1.336649452e+000 1.978627959e+000 
1.410225256e+000 1.985639681e+000 
1.339203204e+000 1.979011161e+000 
1.356660348e+000 1.980618883e+000 
1.313125422e+000 1.976041465e+000 
1.365389969e+000 1.981518849e+000 
1.346823800e+000 1.979673717e+000 
1.339436208e+000 1.979166079e+000 
1.333340750e+000 1.978486829e+000 
1.319471379e+000 1.976915664e+000 
1.325105514e+000 1.977764914e+000 
1.322526187e+000 1.977256800e+000 
1.316350511e+000 1.976374154e+000 
1.330945216e+000 1.977985692e+000 
1.318219499e+000 1.976606976e+000 
1.248206969e+000 1.963500679e+000 
1.357499634e+000 1.980925690e+000 
1.324081245e+000 1.977435057e+000 
1.374841554e+000 1.982559531e+000 
1.377466719e+000 1.982634577e+000 
1.204484977e+000 1.950631698e+000 
1.774356669e+000 1.999600031e+000 
1.203413679e+000 1.950603171e+000 
1.205870350e+000 1.951690440e+000 
1.203326408e+000 1.950564237e+000 
1.200970797e+000 1.949393187e+000 
1.304088106e+000 1.974293991e+000 
1.300829840e+000 1.973833569e+000 
1.298731716e+000 1.973466442e+000 
1.220992346e+000 1.955767965e+000 
1.257280283e+000 1.965799895e+000 
1.199459021e+000 1.949247880e+000 
1.220726117e+000 1.955463790e+000 
1.230085484e+000 1.959443238e+000 
1.257844693e+000 1.966094674e+000 
1.196295438e+000 1.947251548e+000 
1.235180967e+000 1.961074116e+000 
1.227568163e+000 1.959212105e+000 
1.283752113e+000 1.971298394e+000 
1.234071563e+000 1.960634760e+000 
1.198571455e+000 1.948306338e+000 
1.197813777e+000 1.948175994e+000 
1.240027283e+000 1.961890628e+000 
1.260467574e+000 1.966732545e+000 
1.242129946e+000 1.962164624e+000 
1.233539259e+000 1.960290117e+000 
1.261020560e+000 1.966924937e+000 
1.258901354e+000 1.966280038e+000 
1.197002827e+000 1.947364280e+000 
1.252001204e+000 1.964726732e+000 
1.221957833e+000 1.956057658e+000 
1.230373259e+000 1.959725381e+000 
1.221565698e+000 1.956002560e+000 
1.292548936e+000 1.972642458e+000 
1.224705375e+000 1.957740636e+000 
1.246764534e+000 1.963255214e+000 
1.246409666e+000 1.963009362e+000 
1.240633856e+000 1.962113477e+000 
1.224793082e+000 1.958047645e+000 
1.223818237e+000 1.957079036e+000 
1.222324719e+000 1.956893204e+000 
1.212733480e+000 1.953164654e+000 
1.211920111e+000 1.952915567e+000 
1.212270958e+000 1.953073390e+000 
1.216206600e+000 1.954376745e+000 
1.253837960e+000 1.964832574e+000 
1.213571643e+000 1.953619664e+000 
1.218063367e+000 1.955052449e+000 
1.213821115e+000 1.953878649e+000 
1.202786264e+000 1.949623869e+000 
1.381292917e+000 1.983196656e+000 
1.208151733e+000 1.952074010e+000 
1.208020389e+000 1.951734176e+000 
1.732710444e+000 1.998750948e+000 
1.270538457e+000 1.968560551e+000 
1.265133353e+000 1.967454698e+000 
1.266331905e+000 1.967824455e+000 
1.353057679e+000 1.980233889e+000 
1.382503899e+000 1.983410453e+000 
1.350343079e+000 1.980225705e+000 
1.482387894e+000 1.990727916e+000 
1.390160360e+000 1.983969093e+000 
1.774030081e+000 1.999571173e+000 
1.773588175e+000 1.999543429e+000 
1.269083518e+000 1.968312103e+000 
1.297242426e+000 1.973328294e+000 
1.688838210e+000 1.998049530e+000 
1.762445101e+000 1.999321298e+000 
1.763318294e+000 1.999386745e+000 
1.757316971e+000 1.999310436e+000 
1.468006009e+000 1.989718577e+000 
1.755322434e+000 1.999269950e+000 
1.403670709e+000 1.985520408e+000 
1.457256819e+000 1.989390214e+000 
1.452453631e+000 1.989011001e+000 
1.444396807e+000 1.988527631e+000 
1.468740087e+000 1.989997132e+000 
1.463478402e+000 1.989614255e+000 
1.470043811e+000 1.990133737e+000 
1.421261513e+000 1.986524508e+000 
1.460907508e+000 1.989445462e+000 
1.436406814e+000 1.987781349e+000 
1.438718975e+000 1.987868071e+000 
1.425004678e+000 1.986826257e+000 
1.417659131e+000 1.986387147e+000 
1.437699163e+000 1.987801092e+000 
1.743849575e+000 1.998976928e+000 
1.757309058e+000 1.999287837e+000 
1.435498036e+000 1.987544926e+000 
1.439942632e+000 1.988133898e+000 
1.431431367e+000 1.987446935e+000 
1.742509883e+000 1.998910465e+000 
1.753386298e+000 1.999181215e+000 
1.414526875e+000 1.986057845e+000 
1.720455347e+000 1.998525471e+000 
1.385661605e+000 1.983617188e+000 
1.386863861e+000 1.983746547e+000 
1.497393411e+000 1.991696751e+000 
1.491333274e+000 1.991283728e+000 
1.741078058e+000 1.998810675e+000 
1.400064047e+000 1.984773332e+000 
1.356299437e+000 1.980524799e+000 
1.727350364e+000 1.998598681e+000 
1.722838665e+000 1.998575119e+000 
1.684285803e+000 1.997979586e+000 
1.745835799e+000 1.999157247e+000 
1.542496868e+000 1.993836582e+000 
1.541970234e+000 1.993561670e+000 
1.557494748e+000 1.994138354e+000 
1.663433134e+000 1.997237519e+000 
1.727947226e+000 1.998614814e+000 
1.664448673e+000 1.997281339e+000 
1.614953649e+000 1.996334100e+000 
1.665606486e+000 1.997305970e+000 
1.670416965e+000 1.997479415e+000 
1.709592474e+000 1.998503163e+000 
1.511078338e+000 1.992220798e+000 
1.708008172e+000 1.998442372e+000 
1.677489175e+000 1.997696836e+000 
1.705302102e+000 1.998309949e+000 
1.642555503e+000 1.996891058e+000 
1.639513649e+000 1.996808286e+000 
1.676683308e+000 1.997690650e+000 
1.671527547e+000 1.997613007e+000 
1.641791707e+000 1.996843345e+000 
1.527028741e+000 1.993091603e+000 
1.679767233e+000 1.997731568e+000 
1.634877732e+000 1.996803053e+000 
1.524176392e+000 1.993009265e+000 
1.532572966e+000 1.993282408e+000 
1.537186539e+000 1.993462766e+000 
1.659646842e+000 1.997136004e+000 
1.434750500e+000 1.987496439e+000 
1.655862660e+000 1.997069835e+000 
1.697842323e+000 1.998147757e+000 
1.653752123e+000 1.997059336e+000 
1.519047703e+000 1.992627165e+000 
1.648060884e+000 1.996978244e+000 
1.694833594e+000 1.998142861e+000 
1.698876644e+000 1.998307420e+000 
1.518458148e+000 1.992611000e+000 
1.518126270e+000 1.992568442e+000 
1.549045281e+000 1.994109136e+000 
1.513394629e+000 1.992534971e+000 
1.632136812e+000 1.996636241e+000 
1.628849650e+000 1.996618711e+000 
1.621341930e+000 1.996476220e+000 
1.593260918e+000 1.995649924e+000 
1.507091271e+000 1.992112152e+000 
1.504084373e+000 1.991961877e+000 
1.503921679e+000 1.991959440e+000 
1.581672056e+000 1.995197594e+000 
1.598375854e+000 1.995653311e+000 
1.503792395e+000 1.991761338e+000 
1.603482153e+000 1.995901688e+000 
1.598217897e+000 1.995650045e+000 
1.548191761e+000 1.993876910e+000 
1.562208453e+000 1.994454612e+000 
1.608440461e+000 1.995972119e+000 
1.608833794e+000 1.995974683e+000 
1.589000248e+000 1.995525749e+000 
1.576046846e+000 1.994976149e+000 
1.572214798e+000 1.994832341e+000 
1.578253532e+000 1.995136551e+000 
1.571444858e+000 1.994735102e+000 
1.577806930e+000 1.995013111e+000 
1.569957550e+000 1.994731903e+000 
1.563869172e+000 1.994504157e+000 
1.586086753e+000 1.995265689e+000 
1.607543025e+000 1.995931919e+000 

