1.000237646e+000 1.000149114e+000 
1.016680064e+000 1.345361847e+000 
1.017493498e+000 1.345861248e+000 
1.016078810e+000 1.344956986e+000 
1.016892245e+000 1.345456387e+000 
1.018733569e+000 1.346528897e+000 
1.016575592e+000 1.345197108e+000 
1.015257829e+000 1.344107197e+000 
1.017176845e+000 1.345601968e+000 
1.000846283e+000 1.000524127e+000 
1.000767914e+000 1.000522498e+000 
1.000943810e+000 1.000524133e+000 
1.001083529e+000 1.000524402e+000 
1.004383412e+000 1.008162827e+000 
1.004187513e+000 1.008148252e+000 
1.003857486e+000 1.008011142e+000 
1.004082441e+000 1.008148182e+000 
1.001342658e+000 1.003661295e+000 
1.001760422e+000 1.003748459e+000 
1.002150060e+000 1.003810260e+000 
1.001108584e+000 1.003592688e+000 
1.001424476e+000 1.003675646e+000 
1.001726745e+000 1.003730323e+000 
1.002037593e+000 1.003749221e+000 
1.002044660e+000 1.003753856e+000 
1.001708714e+000 1.003681042e+000 
1.001324627e+000 1.003613692e+000 
1.000064753e+000 1.000121798e+000 
1.000029382e+000 1.000121352e+000 
1.000000000e+000 1.000121347e+000 
1.014470505e+000 1.114797457e+000 
1.013855195e+000 1.114295923e+000 
1.014662207e+000 1.115001586e+000 
1.014288704e+000 1.114762534e+000 
1.015095610e+000 1.115215056e+000 
1.182068745e+000 1.968459341e+000 
1.154705788e+000 1.962951469e+000 
1.052177536e+000 1.933406848e+000 
1.034972716e+000 1.924839914e+000 
1.249238858e+000 1.977093364e+000 
1.092189034e+000 1.948605817e+000 
1.148107602e+000 1.962187364e+000 
1.170268119e+000 1.966198091e+000 
1.021733142e+000 1.916148446e+000 
1.023690470e+000 1.917539229e+000 
1.031554321e+000 1.922866027e+000 
1.168798462e+000 1.965880210e+000 
1.226117259e+000 1.974504561e+000 
1.023356690e+000 1.917274342e+000 
1.022243878e+000 1.916278687e+000 
1.019354996e+000 1.913691080e+000 
1.130057198e+000 1.958471585e+000 
1.225490175e+000 1.974457859e+000 
1.055171869e+000 1.934561585e+000 
1.159605276e+000 1.964645988e+000 
1.023114597e+000 1.917041891e+000 
1.169069883e+000 1.966035181e+000 
1.111065815e+000 1.953714753e+000 
1.144759929e+000 1.961672137e+000 
1.072199232e+000 1.941744701e+000 
1.051981142e+000 1.933386822e+000 
1.173909353e+000 1.966739801e+000 
1.106088273e+000 1.952252440e+000 
1.128149647e+000 1.957817867e+000 
1.203098457e+000 1.971300433e+000 
1.096989591e+000 1.950088566e+000 
1.029656174e+000 1.921766851e+000 
1.110182160e+000 1.953225868e+000 
1.027379115e+000 1.920295750e+000 
1.143576543e+000 1.961285605e+000 
1.038589109e+000 1.926782816e+000 
1.027778670e+000 1.920546462e+000 
1.023649478e+000 1.917400809e+000 
1.098494636e+000 1.950744304e+000 
1.042626552e+000 1.928892822e+000 
1.034963406e+000 1.924648252e+000 
1.080413802e+000 1.944707083e+000 
1.228539093e+000 1.974575855e+000 
1.024203264e+000 1.917808869e+000 
1.057662717e+000 1.935671131e+000 
1.040934419e+000 1.928036505e+000 
1.165643085e+000 1.965186033e+000 
1.047301933e+000 1.931132072e+000 
1.091327967e+000 1.948143077e+000 
1.041095459e+000 1.928042848e+000 
1.090050761e+000 1.947823462e+000 
1.049495069e+000 1.932212674e+000 
1.110204748e+000 1.953229285e+000 
1.149277902e+000 1.962427426e+000 
1.159370585e+000 1.964317174e+000 
1.025784380e+000 1.919195354e+000 
1.070041778e+000 1.940949910e+000 
1.059293779e+000 1.936371267e+000 
1.206365727e+000 1.971727617e+000 
1.083060971e+000 1.945584841e+000 
1.071233418e+000 1.941306975e+000 
1.144655332e+000 1.961486245e+000 
1.079455553e+000 1.944481127e+000 
1.134226093e+000 1.959512138e+000 
1.172694390e+000 1.966519611e+000 
1.020244580e+000 1.914567910e+000 
1.151219634e+000 1.962798779e+000 
1.087460772e+000 1.947034069e+000 
1.041356382e+000 1.928132765e+000 
1.026779760e+000 1.919887689e+000 
1.042984671e+000 1.928990697e+000 
1.171489256e+000 1.966246355e+000 
1.052331723e+000 1.933556162e+000 
1.127342913e+000 1.957688414e+000 
1.048848119e+000 1.931899705e+000 
1.096700816e+000 1.949996195e+000 
1.182628680e+000 1.968545813e+000 
1.082254573e+000 1.945408194e+000 
1.068398209e+000 1.940347297e+000 
1.101585527e+000 1.951307679e+000 
1.232550839e+000 1.974604688e+000 
1.051814735e+000 1.933314848e+000 
1.021133522e+000 1.915412722e+000 
1.094542574e+000 1.949328633e+000 
1.030748899e+000 1.922429813e+000 
1.107878736e+000 1.952824906e+000 
1.099896911e+000 1.950767787e+000 
1.108992447e+000 1.953128006e+000 
1.095012201e+000 1.949456304e+000 
1.056321571e+000 1.935124305e+000 
1.048358950e+000 1.931533773e+000 
1.128756884e+000 1.957893022e+000 
1.048508245e+000 1.931620672e+000 
1.119061791e+000 1.955604058e+000 
1.091748103e+000 1.948352227e+000 
1.049287075e+000 1.932109177e+000 
1.082014411e+000 1.945281480e+000 
1.116938662e+000 1.955049649e+000 
1.225201048e+000 1.974368633e+000 
1.060808229e+000 1.936912930e+000 
1.110337048e+000 1.953231840e+000 
1.180764778e+000 1.967943829e+000 
1.031402781e+000 1.922761511e+000 
1.020972482e+000 1.915406379e+000 
1.019011055e+000 1.912821430e+000 
1.077085844e+000 1.943560931e+000 
1.025728250e+000 1.919061690e+000 
1.244441586e+000 1.976605215e+000 
1.131002114e+000 1.958607745e+000 
1.077592981e+000 1.943772229e+000 
1.020905471e+000 1.915239763e+000 
1.048947364e+000 1.932018351e+000 
1.078926616e+000 1.944262042e+000 
1.032509990e+000 1.923404263e+000 
1.025684009e+000 1.918919820e+000 
1.049625391e+000 1.932244362e+000 
1.046055533e+000 1.930542314e+000 
1.035198787e+000 1.925049038e+000 
1.039382607e+000 1.927114599e+000 
1.032376801e+000 1.923339624e+000 
1.051428070e+000 1.933126867e+000 
1.062335203e+000 1.937781528e+000 
1.037228567e+000 1.926088095e+000 
1.033237924e+000 1.923874774e+000 
1.211521172e+000 1.972655532e+000 
1.172378213e+000 1.966473502e+000 
1.066407186e+000 1.939466940e+000 
1.203883804e+000 1.971564857e+000 
1.020507068e+000 1.914696204e+000 
1.050481858e+000 1.932581537e+000 
1.058825960e+000 1.936133981e+000 
1.229311496e+000 1.974580208e+000 
1.034550689e+000 1.924541224e+000 
1.050585603e+000 1.932599197e+000 
1.165893290e+000 1.965374180e+000 
1.026190076e+000 1.919253237e+000 
1.062721868e+000 1.937969508e+000 
1.060926897e+000 1.936951598e+000 
1.074063595e+000 1.942531227e+000 
1.072420964e+000 1.941990538e+000 
1.063679109e+000 1.938167218e+000 
1.030998630e+000 1.922589890e+000 
1.064091678e+000 1.938504935e+000 
1.069578718e+000 1.940712728e+000 
1.106817002e+000 1.952599712e+000 
1.204357309e+000 1.971575780e+000 
1.125463791e+000 1.957388512e+000 
1.110341569e+000 1.953510756e+000 
1.033794254e+000 1.924096026e+000 
1.076439923e+000 1.943454321e+000 
1.140995781e+000 1.960694166e+000 
1.045713033e+000 1.930346794e+000 
1.245507869e+000 1.976827823e+000 
1.044505160e+000 1.929696493e+000 
1.126146462e+000 1.957476246e+000 
1.241141026e+000 1.976245976e+000 
1.113631054e+000 1.954366918e+000 
1.113072398e+000 1.954160930e+000 
1.155968378e+000 1.963634632e+000 
1.085502224e+000 1.946358074e+000 
1.085491340e+000 1.946281940e+000 
1.088295358e+000 1.947199593e+000 
1.121938306e+000 1.956480045e+000 
1.065315971e+000 1.938921091e+000 
1.102893781e+000 1.951329468e+000 
1.054450346e+000 1.934385501e+000 
1.194962285e+000 1.970249464e+000 
1.111636496e+000 1.953794660e+000 
1.138467655e+000 1.960055413e+000 
1.176135111e+000 1.967110405e+000 
1.208956257e+000 1.972145982e+000 
1.206855556e+000 1.971874723e+000 
1.046782427e+000 1.930885404e+000 
1.060119505e+000 1.936602781e+000 
1.237334537e+000 1.975691488e+000 
1.108081298e+000 1.953019914e+000 
1.129534701e+000 1.958136048e+000 
1.112508655e+000 1.954085012e+000 
1.038155543e+000 1.926462830e+000 
1.201520881e+000 1.971199785e+000 
1.073458415e+000 1.942103624e+000 
1.193054583e+000 1.969961735e+000 
1.234334661e+000 1.975263678e+000 
1.170143213e+000 1.966044009e+000 
1.115528559e+000 1.954647360e+000 
1.039663978e+000 1.927258827e+000 
1.199475516e+000 1.971028278e+000 
1.171608698e+000 1.966335331e+000 
1.139227768e+000 1.960103316e+000 
1.210708856e+000 1.972460667e+000 
1.184179676e+000 1.968792648e+000 
1.175317388e+000 1.967043373e+000 
1.195510375e+000 1.970260216e+000 
1.201186809e+000 1.971028698e+000 
1.003055412e+000 1.004901482e+000 
1.002298696e+000 1.004626248e+000 
1.002377415e+000 1.004760563e+000 
1.002442167e+000 1.004781893e+000 
1.002561336e+000 1.004784809e+000 
1.002233943e+000 1.004604918e+000 
1.002848699e+000 1.004806151e+000 
1.002626089e+000 1.004806139e+000 
1.003120165e+000 1.004922811e+000 
1.002570016e+000 1.004798597e+000 
1.000439962e+000 1.000151658e+000 
1.000217037e+000 1.000147763e+000 
1.000378187e+000 1.000151162e+000 
1.000133414e+000 1.000147630e+000 
1.000098592e+000 1.000144209e+000 
1.000470406e+000 1.000151918e+000 
1.000133345e+000 1.000144273e+000 
1.000324495e+000 1.000151076e+000 
1.000163344e+000 1.000147677e+000 
1.013385914e+000 1.064435553e+000 
1.012229801e+000 1.063928313e+000 
1.010687081e+000 1.063076420e+000 
1.010476125e+000 1.062870452e+000 
1.012524395e+000 1.064146622e+000 
1.010657141e+000 1.063009731e+000 
1.011866937e+000 1.063832610e+000 
1.009982236e+000 1.062477858e+000 
1.013457451e+000 1.064542848e+000 
1.011160093e+000 1.063441400e+000 
1.013820315e+000 1.064648412e+000 
1.009889382e+000 1.062216761e+000 
1.003784638e+000 1.007926810e+000 
1.003207954e+000 1.007659931e+000 
1.003342749e+000 1.007808766e+000 
1.003660840e+000 1.007820935e+000 
1.005765790e+000 1.019705395e+000 
1.005387065e+000 1.019469984e+000 
1.006356794e+000 1.019886395e+000 
1.004950038e+000 1.019295013e+000 
1.004388759e+000 1.019021949e+000 
1.006961015e+000 1.041262642e+000 
1.009444520e+000 1.042471574e+000 
1.008800976e+000 1.042186960e+000 
1.008542615e+000 1.042074094e+000 
1.008905433e+000 1.042227121e+000 
1.007505885e+000 1.041532433e+000 
1.009389545e+000 1.042445264e+000 
1.009103817e+000 1.042270375e+000 
1.006372446e+000 1.041004338e+000 
1.006862639e+000 1.041146682e+000 
1.000574484e+000 1.000330543e+000 
1.000758192e+000 1.000343327e+000 
1.000516607e+000 1.000328981e+000 
1.411948288e+000 1.992888698e+000 
1.292216880e+000 1.982716898e+000 
1.419975063e+000 1.993335844e+000 
1.342186992e+000 1.987599595e+000 
1.289272051e+000 1.982286274e+000 
1.272364893e+000 1.980012378e+000 
1.250620965e+000 1.977520252e+000 
1.220155548e+000 1.972977615e+000 
1.256133723e+000 1.978233234e+000 
1.231644918e+000 1.974584153e+000 
1.252654930e+000 1.977771570e+000 
1.292005866e+000 1.982505162e+000 
1.220995031e+000 1.973158354e+000 
1.223195280e+000 1.973533193e+000 
1.254811971e+000 1.977988623e+000 
1.219946113e+000 1.972896855e+000 
1.290247651e+000 1.982478781e+000 
1.250164165e+000 1.977281581e+000 
1.238814784e+000 1.975911382e+000 
1.243568377e+000 1.976568599e+000 
1.236641578e+000 1.975361389e+000 
1.693498847e+000 1.999957338e+000 
1.240248475e+000 1.976009900e+000 
1.219527916e+000 1.972841108e+000 
1.246486472e+000 1.976950890e+000 
1.314300939e+000 1.985286256e+000 
1.678911936e+000 1.999938375e+000 
1.325726577e+000 1.986125451e+000 
1.374444172e+000 1.990356761e+000 
1.272399279e+000 1.980228831e+000 
1.694186104e+000 2.000000000e+000 
1.374536222e+000 1.990435905e+000 
1.263637216e+000 1.979068705e+000 
1.368459136e+000 1.989782904e+000 
1.292520667e+000 1.982991617e+000 
1.365271929e+000 1.989697617e+000 
1.281482393e+000 1.981572603e+000 
1.225069372e+000 1.973584156e+000 
1.222828501e+000 1.973403947e+000 
1.269114296e+000 1.979987581e+000 
1.221892136e+000 1.973193842e+000 
1.380328579e+000 1.990852252e+000 
1.285296063e+000 1.982124320e+000 
1.282994769e+000 1.981699563e+000 
1.374336946e+000 1.990248971e+000 
1.279780948e+000 1.981448245e+000 
1.276445092e+000 1.980859622e+000 
1.238218871e+000 1.975695691e+000 
1.394121495e+000 1.991817167e+000 
1.648689432e+000 1.999751255e+000 
1.244816768e+000 1.976686383e+000 
1.252228377e+000 1.977659806e+000 
1.288079565e+000 1.982276638e+000 
1.284556521e+000 1.981788973e+000 
1.559295308e+000 1.998530484e+000 
1.566188294e+000 1.998798942e+000 
1.686359880e+000 1.999948459e+000 
1.566694256e+000 1.998805781e+000 
1.264384799e+000 1.979094459e+000 
1.324542454e+000 1.985920985e+000 
1.264781420e+000 1.979353224e+000 
1.255986454e+000 1.978186012e+000 
1.257142498e+000 1.978337927e+000 
1.295076642e+000 1.983384485e+000 
1.297834027e+000 1.983588494e+000 
1.299639878e+000 1.983813693e+000 
1.395769759e+000 1.991834173e+000 
1.308724351e+000 1.984614748e+000 
1.494804794e+000 1.996619564e+000 
1.308101367e+000 1.984536661e+000 
1.495017113e+000 1.996823584e+000 
1.307411858e+000 1.984441042e+000 
1.301375016e+000 1.983971071e+000 
1.312670008e+000 1.985009146e+000 
1.299026775e+000 1.983742496e+000 
1.332011818e+000 1.986776775e+000 
1.494890560e+000 1.996722730e+000 
1.327735870e+000 1.986141366e+000 
1.334788822e+000 1.986993888e+000 
1.520410044e+000 1.997616929e+000 
1.502728631e+000 1.997199842e+000 
1.509175262e+000 1.997449282e+000 
1.323119730e+000 1.985826539e+000 
1.317041011e+000 1.985565285e+000 
1.520540268e+000 1.997620307e+000 
1.384366354e+000 1.991057117e+000 
1.508221318e+000 1.997374176e+000 
1.328668454e+000 1.986324068e+000 
1.503511767e+000 1.997256816e+000 
1.372264629e+000 1.990182474e+000 
1.414880801e+000 1.992913858e+000 
1.425688688e+000 1.993587419e+000 
1.423439468e+000 1.993493312e+000 
1.422724267e+000 1.993459562e+000 
1.419243488e+000 1.993302245e+000 
1.430683478e+000 1.993911366e+000 
1.677162956e+000 1.999870024e+000 
1.675443182e+000 1.999869446e+000 
1.670852136e+000 1.999838066e+000 
1.255315904e+000 1.978047746e+000 
1.477767348e+000 1.996194910e+000 
1.469531689e+000 1.996055361e+000 
1.479770456e+000 1.996379867e+000 
1.485645868e+000 1.996514212e+000 
1.491325067e+000 1.996581061e+000 
1.484319908e+000 1.996442763e+000 
1.500147600e+000 1.996889898e+000 
1.461601494e+000 1.995685457e+000 
1.671544868e+000 1.999840778e+000 
1.473204980e+000 1.996080035e+000 
1.438034373e+000 1.994325555e+000 
1.667707444e+000 1.999837774e+000 
1.455677946e+000 1.995255114e+000 
1.469331262e+000 1.995901996e+000 
1.583194546e+000 1.999173011e+000 
1.467683359e+000 1.995857255e+000 
1.467485696e+000 1.995793532e+000 
1.500188835e+000 1.996961357e+000 
1.466467117e+000 1.995722121e+000 
1.446774785e+000 1.994844247e+000 
1.458818270e+000 1.995591158e+000 
1.417333307e+000 1.993106357e+000 
1.338387522e+000 1.987360515e+000 
1.276021084e+000 1.980597587e+000 
1.525327162e+000 1.997851191e+000 
1.445818895e+000 1.994832036e+000 
1.660757282e+000 1.999808563e+000 
1.452088641e+000 1.995213545e+000 
1.262214086e+000 1.978943016e+000 
1.562460019e+000 1.998779702e+000 
1.525284974e+000 1.997696614e+000 
1.439667312e+000 1.994505859e+000 
1.277637357e+000 1.980896062e+000 
1.330490220e+000 1.986636376e+000 
1.585199576e+000 1.999205417e+000 
1.435466576e+000 1.994182142e+000 
1.522056828e+000 1.997668636e+000 
1.560261862e+000 1.998589101e+000 
1.442871226e+000 1.994573861e+000 
1.443727610e+000 1.994578756e+000 
1.279654968e+000 1.981085186e+000 
1.274649869e+000 1.980534109e+000 
1.258169494e+000 1.978402280e+000 
1.260065495e+000 1.978814462e+000 
1.273327164e+000 1.980281095e+000 
1.662185201e+000 1.999827383e+000 
1.592407589e+000 1.999448758e+000 
1.590922285e+000 1.999397070e+000 
1.267518551e+000 1.979584475e+000 
1.501301075e+000 1.997053849e+000 
1.617653496e+000 1.999740192e+000 
1.513449366e+000 1.997490321e+000 
1.328425590e+000 1.986306286e+000 
1.613946420e+000 1.999707945e+000 
1.656184211e+000 1.999759067e+000 
1.606126583e+000 1.999681351e+000 
1.601460741e+000 1.999575775e+000 
1.398489367e+000 1.992112112e+000 
1.433976669e+000 1.994077973e+000 
1.596376578e+000 1.999473315e+000 
1.605293711e+000 1.999625339e+000 
1.342359112e+000 1.987619883e+000 
1.347195747e+000 1.988139347e+000 
1.354088221e+000 1.988559576e+000 
1.351114173e+000 1.988548910e+000 
1.346197784e+000 1.987872208e+000 
1.361864422e+000 1.989390301e+000 
1.390546572e+000 1.991543731e+000 
1.355935442e+000 1.988887544e+000 
1.407339960e+000 1.992576841e+000 
1.409856090e+000 1.992705941e+000 
1.390884492e+000 1.991641246e+000 
1.411900168e+000 1.992825706e+000 
1.396919778e+000 1.992022755e+000 
1.378572889e+000 1.990763819e+000 
1.401785122e+000 1.992385122e+000 
1.373872761e+000 1.990243251e+000 
1.578933672e+000 1.999099742e+000 
1.405141256e+000 1.992421325e+000 
1.405871523e+000 1.992439277e+000 
1.387154016e+000 1.991283307e+000 
1.598797790e+000 1.999516747e+000 
1.360375375e+000 1.989179712e+000 
1.350673453e+000 1.988241478e+000 
1.575889581e+000 1.999055712e+000 
1.346248498e+000 1.987905535e+000 
1.574424001e+000 1.998995802e+000 
1.585473159e+000 1.999224881e+000 
1.536100792e+000 1.997928351e+000 
1.571487192e+000 1.998966079e+000 
1.574686216e+000 1.999015168e+000 
1.561690633e+000 1.998694356e+000 
1.561878345e+000 1.998741790e+000 
1.546853987e+000 1.998287207e+000 
1.550621127e+000 1.998377619e+000 
1.548299115e+000 1.998308098e+000 
1.546342434e+000 1.998250554e+000 
1.544623225e+000 1.998199797e+000 
1.548877551e+000 1.998369187e+000 
1.546334811e+000 1.998229324e+000 

