1.057144072e+000 1.921399620e+000 
1.013842641e+000 1.866594164e+000 
1.026389743e+000 1.888471002e+000 
1.007695258e+000 1.851282722e+000 
1.004487880e+000 1.840379876e+000 
1.030583620e+000 1.893537757e+000 
1.064363787e+000 1.927723754e+000 
1.036188699e+000 1.900188570e+000 
1.052051981e+000 1.916829344e+000 
1.063960127e+000 1.927342978e+000 
1.031641509e+000 1.894765971e+000 
1.061228267e+000 1.924788180e+000 
1.076978899e+000 1.935607556e+000 
1.037198678e+000 1.901809631e+000 
1.063765140e+000 1.927077323e+000 
1.097925541e+000 1.947743988e+000 
1.067230316e+000 1.930008137e+000 
1.014638854e+000 1.867710697e+000 
1.039101439e+000 1.903887510e+000 
1.050841236e+000 1.915060716e+000 
1.016568896e+000 1.871677439e+000 
1.033742050e+000 1.897545146e+000 
1.057269060e+000 1.921915539e+000 
1.031485022e+000 1.894591481e+000 
1.018552444e+000 1.875556905e+000 
1.056833689e+000 1.921390603e+000 
1.031139975e+000 1.893891789e+000 
1.062503901e+000 1.925542269e+000 
1.004704402e+000 1.841718041e+000 
1.033106931e+000 1.897103090e+000 
1.105106909e+000 1.952126556e+000 
1.006274399e+000 1.846454424e+000 
1.005193111e+000 1.843164066e+000 
1.012050055e+000 1.862201441e+000 
1.046256296e+000 1.911575867e+000 
1.055106411e+000 1.919967869e+000 
1.054587925e+000 1.919124254e+000 
1.058996338e+000 1.923338272e+000 
1.012085333e+000 1.862457509e+000 
1.089618586e+000 1.944280712e+000 
1.058024160e+000 1.922350327e+000 
1.127450223e+000 1.960308028e+000 
1.058672120e+000 1.922512814e+000 
1.112916537e+000 1.955093657e+000 
1.050650873e+000 1.914973445e+000 
1.110109191e+000 1.953953000e+000 
1.105912314e+000 1.952560786e+000 
1.104796526e+000 1.952117539e+000 
1.013113225e+000 1.864832818e+000 
1.034088410e+000 1.897740959e+000 
1.056440192e+000 1.921062906e+000 
1.021952803e+000 1.881260413e+000 
1.010742666e+000 1.859107562e+000 
1.088365424e+000 1.942691612e+000 
1.025964619e+000 1.887857818e+000 
1.029312612e+000 1.891394170e+000 
1.069823545e+000 1.930772936e+000 
1.029642478e+000 1.891972518e+000 
1.030158496e+000 1.892924573e+000 
1.035054127e+000 1.899260101e+000 
1.058334543e+000 1.922359344e+000 
1.070709005e+000 1.931750405e+000 
1.032105692e+000 1.895081584e+000 
1.056129809e+000 1.921053889e+000 
1.031200804e+000 1.894389732e+000 
1.013672651e+000 1.866165508e+000 
1.019296101e+000 1.876625929e+000 
1.005388687e+000 1.844450638e+000 
1.055726150e+000 1.920673113e+000 
1.071746607e+000 1.932364630e+000 
1.053904247e+000 1.918767997e+000 
1.051800096e+000 1.916353837e+000 
1.016019861e+000 1.870294349e+000 
1.016198452e+000 1.870631988e+000 
1.003383244e+000 1.835681231e+000 
1.084462188e+000 1.940490247e+000 
1.004080242e+000 1.839137377e+000 
1.004318192e+000 1.840006640e+000 
1.009795703e+000 1.857290911e+000 
1.006385262e+000 1.846915808e+000 
1.016783246e+000 1.872099107e+000 
1.012165961e+000 1.862960748e+000 
1.016216468e+000 1.870897212e+000 
1.022666150e+000 1.882560807e+000 
1.088008482e+000 1.942282649e+000 
1.075016796e+000 1.935036178e+000 
1.015166670e+000 1.868894346e+000 
1.024942306e+000 1.886364898e+000 
1.015402240e+000 1.869515455e+000 
1.057712593e+000 1.921931139e+000 
1.068338852e+000 1.930050939e+000 
1.132349235e+000 1.962161561e+000 
1.018207682e+000 1.874606119e+000 
1.039983422e+000 1.904662567e+000 
1.088055041e+000 1.942682595e+000 
1.029233848e+000 1.891178431e+000 
1.033087171e+000 1.896048800e+000 
1.019673888e+000 1.877292766e+000 
1.012335951e+000 1.863389403e+000 
1.019168408e+000 1.876402155e+000 
1.018372195e+000 1.875264771e+000 
1.090684069e+000 1.944737939e+000 
1.014468864e+000 1.867282041e+000 
1.020607264e+000 1.879504068e+000 
1.042226685e+000 1.907304554e+000 
1.030094912e+000 1.892365483e+000 
1.048108562e+000 1.913514519e+000 
1.003090299e+000 1.832216132e+000 
1.028252368e+000 1.890211215e+000 
1.019978432e+000 1.877898582e+000 
1.022920768e+000 1.883226365e+000 
1.022134002e+000 1.881273021e+000 
1.072379691e+000 1.933048302e+000 
1.009965392e+000 1.857664147e+000 
1.048418945e+000 1.913523537e+000 
1.030019600e+000 1.892254362e+000 
1.080019078e+000 1.936862622e+000 
1.011626368e+000 1.861359668e+000 
1.020442751e+000 1.878845416e+000 
1.011308059e+000 1.861014094e+000 
1.025791164e+000 1.886902589e+000 
1.021026620e+000 1.879763986e+000 
1.044715203e+000 1.909664840e+000 
1.046899114e+000 1.911739865e+000 
1.068799120e+000 1.930374126e+000 
1.027677136e+000 1.889153595e+000 
1.077513759e+000 1.936665114e+000 
1.029810694e+000 1.892163734e+000 
1.094935894e+000 1.946661245e+000 
1.014374347e+000 1.867140146e+000 
1.022706418e+000 1.882804698e+000 
1.023844141e+000 1.884722792e+000 
1.023161811e+000 1.883448878e+000 
1.071436225e+000 1.932355613e+000 
1.040126396e+000 1.904856943e+000 
1.024058491e+000 1.885144459e+000 
1.021403477e+000 1.880642713e+000 
1.041223205e+000 1.905852240e+000 
1.012814749e+000 1.864218855e+000 
1.081466234e+000 1.938439923e+000 
1.040377897e+000 1.905408000e+000 
1.108856382e+000 1.953538566e+000 
1.019033286e+000 1.876120912e+000 
1.093370254e+000 1.945744722e+000 
1.020192782e+000 1.878320249e+000 
1.074706413e+000 1.935027161e+000 
1.045598782e+000 1.911026878e+000 
1.053378207e+000 1.917724982e+000 
1.070800000e+000 1.932099994e+000 
1.004475158e+000 1.840254545e+000 
1.098444689e+000 1.948241805e+000 
1.082282683e+000 1.938773021e+000 
1.085224820e+000 1.941688679e+000 
1.039699204e+000 1.904460817e+000 
1.034645497e+000 1.898001319e+000 
1.010882499e+000 1.859338366e+000 
1.040912822e+000 1.905447294e+000 
1.002852348e+000 1.831346870e+000 
1.050056272e+000 1.914762678e+000 
1.011796358e+000 1.861788324e+000 
1.045972078e+000 1.911374118e+000 
1.083523658e+000 1.939980492e+000 
1.043436133e+000 1.908683280e+000 
1.045288400e+000 1.910621932e+000 
1.051489713e+000 1.915948892e+000 
1.092052731e+000 1.945336653e+000 
1.088676105e+000 1.943252560e+000 
1.084092938e+000 1.940439340e+000 
1.082762912e+000 1.939507826e+000 
1.003584347e+000 1.837864206e+000 
1.008463258e+000 1.853167512e+000 
1.004916141e+000 1.842199138e+000 
1.044452247e+000 1.909590447e+000 
1.047824344e+000 1.913312770e+000 
1.038179373e+000 1.902677146e+000 
1.037425194e+000 1.901957419e+000 
1.005558375e+000 1.844823874e+000 
1.084770875e+000 1.941012137e+000 
1.036035607e+000 1.899897970e+000 
1.009033044e+000 1.855237945e+000 
1.010205720e+000 1.858159236e+000 
1.012605797e+000 1.863751103e+000 
1.004564371e+000 1.841329875e+000 
1.003243667e+000 1.833402926e+000 
1.008789111e+000 1.854964964e+000 
1.096533222e+000 1.947069205e+000 
1.002990202e+000 1.831601345e+000 
1.114815604e+000 1.956431801e+000 
1.043062137e+000 1.907693796e+000 
1.003346391e+000 1.834492287e+000 
1.036789264e+000 1.900780495e+000 
1.003208537e+000 1.833386577e+000 
1.003552932e+000 1.836054468e+000 
1.068973268e+000 1.930618653e+000 
1.006554951e+000 1.847289044e+000 
1.041120794e+000 1.905609653e+000 
1.092772585e+000 1.945438039e+000 
1.007010393e+000 1.849229756e+000 
1.006750527e+000 1.848575616e+000 
1.019532252e+000 1.876942952e+000 
1.003973274e+000 1.838698838e+000 
1.004249930e+000 1.839510614e+000 
1.008407410e+000 1.852748923e+000 
1.017972654e+000 1.874021661e+000 
1.023586019e+000 1.883701512e+000 
1.117036830e+000 1.956943078e+000 
1.131793411e+000 1.961196624e+000 
1.087474960e+000 1.942216735e+000 
1.082648766e+000 1.938889204e+000 
1.032354103e+000 1.895340354e+000 
1.007064743e+000 1.849398976e+000 
1.125892951e+000 1.959835144e+000 
1.027856807e+000 1.889345059e+000 
1.134621239e+000 1.962411459e+000 
1.120580286e+000 1.958496979e+000 
1.059841964e+000 1.923638505e+000 
1.061726894e+000 1.924993166e+000 
1.005832014e+000 1.844967604e+000 
1.010335226e+000 1.858255468e+000 
1.112399838e+000 1.955092466e+000 
1.007878139e+000 1.851825179e+000 
1.007637022e+000 1.850854431e+000 
1.080932323e+000 1.938373897e+000 
1.008751442e+000 1.853934774e+000 
1.119044111e+000 1.957792602e+000 
1.080214911e+000 1.937179957e+000 
1.005018618e+000 1.842541402e+000 
1.086120258e+000 1.941713439e+000 
1.062193519e+000 1.925533252e+000 
1.007559424e+000 1.850803093e+000 
1.076416511e+000 1.935055383e+000 
1.077439006e+000 1.935763412e+000 
1.087164578e+000 1.942207718e+000 
1.103651973e+000 1.950899158e+000 
1.057914143e+000 1.921937644e+000 
1.110821887e+000 1.954796161e+000 
1.005872591e+000 1.845647235e+000 
1.117945471e+000 1.957303550e+000 
1.009310682e+000 1.855400610e+000 
1.008136509e+000 1.852479319e+000 
1.006944357e+000 1.848727578e+000 
1.009480672e+000 1.855829266e+000 
1.107001752e+000 1.952973352e+000 
1.110268018e+000 1.954445995e+000 
1.113075364e+000 1.956083948e+000 
1.110578401e+000 1.954455012e+000 
1.109127817e+000 1.953709245e+000 
1.107492113e+000 1.953029450e+000 
1.103544566e+000 1.950654747e+000 
1.101373731e+000 1.949475078e+000 
1.099856934e+000 1.948961722e+000 
1.000073175e+000 1.002168415e+000 
1.000064030e+000 1.002161881e+000 
1.000047410e+000 1.000124777e+000 
1.000034399e+000 1.000124768e+000 
1.001685043e+000 1.028119479e+000 
1.000984456e+000 1.026950582e+000 
1.001815628e+000 1.028209376e+000 
1.001852674e+000 1.028363931e+000 
1.000646880e+000 1.026375085e+000 
1.000846915e+000 1.026708728e+000 
1.001653479e+000 1.028060920e+000 
1.001498496e+000 1.027921467e+000 
1.000678973e+000 1.026521999e+000 
1.000817753e+000 1.026576025e+000 
1.001049572e+000 1.027232459e+000 
1.000921881e+000 1.026733915e+000 
1.001840025e+000 1.028258933e+000 
1.001764482e+000 1.028137318e+000 
1.001330555e+000 1.027734315e+000 
1.001750314e+000 1.028123816e+000 
1.001838137e+000 1.028209915e+000 
1.001073892e+000 1.027232998e+000 
1.000842073e+000 1.026576564e+000 
1.000986068e+000 1.027125975e+000 
1.001607845e+000 1.027943639e+000 
1.000554215e+000 1.026156822e+000 
1.000642038e+000 1.026263844e+000 
1.002779046e+000 1.305736298e+000 
1.002736151e+000 1.305464365e+000 
1.002252849e+000 1.045979885e+000 
1.002547442e+000 1.046835287e+000 
1.002257824e+000 1.046014536e+000 
1.002449079e+000 1.046722870e+000 
1.001902627e+000 1.042904087e+000 
1.001855632e+000 1.041854242e+000 
1.002250963e+000 1.045840001e+000 
1.001953891e+000 1.043016632e+000 
1.002004356e+000 1.044481020e+000 
1.002089128e+000 1.045451308e+000 
1.002317703e+000 1.046505659e+000 
1.002069045e+000 1.044589512e+000 
1.002477603e+000 1.046751973e+000 
1.002667752e+000 1.047933298e+000 
1.002153817e+000 1.045560451e+000 
1.000061445e+000 1.001622100e+000 
1.000124879e+000 1.005316211e+000 
1.000519751e+000 1.005843979e+000 
1.000301283e+000 1.005629754e+000 
1.000382585e+000 1.005764595e+000 
1.000477347e+000 1.005764705e+000 
1.000138847e+000 1.005522839e+000 
1.000206521e+000 1.005629644e+000 
1.000343687e+000 1.005711649e+000 
9.999999992e-001 1.000000000e+000 
1.222680342e+000 1.985835722e+000 
1.270675381e+000 1.992933886e+000 
1.236114313e+000 1.988148974e+000 
1.322173646e+000 1.997280768e+000 
1.204692372e+000 1.983190680e+000 
1.198929016e+000 1.981902894e+000 
1.335652818e+000 1.998401242e+000 
1.190181218e+000 1.979949275e+000 
1.192503525e+000 1.980486683e+000 
1.325477732e+000 1.997570185e+000 
1.188189791e+000 1.979651737e+000 
1.207802364e+000 1.983588882e+000 
1.206999758e+000 1.983335790e+000 
1.461487940e+000 1.999804953e+000 
1.256177341e+000 1.991284674e+000 
1.200413986e+000 1.982377593e+000 
1.206037999e+000 1.983284608e+000 
1.221006559e+000 1.985653465e+000 
1.201216593e+000 1.982630685e+000 
1.196356010e+000 1.981396306e+000 
1.193752640e+000 1.980520693e+000 
1.265229321e+000 1.992534835e+000 
1.211346214e+000 1.983978644e+000 
1.308046325e+000 1.996526077e+000 
1.259928470e+000 1.992000234e+000 
1.208609179e+000 1.983793804e+000 
1.251779658e+000 1.990981465e+000 
1.131467849e+000 1.960940203e+000 
1.258257647e+000 1.991835401e+000 
1.262409771e+000 1.992205263e+000 
1.213814961e+000 1.984641782e+000 
1.138555418e+000 1.963371775e+000 
1.231254331e+000 1.987664091e+000 
1.222941375e+000 1.986190088e+000 
1.284205238e+000 1.994174802e+000 
1.269316939e+000 1.992900090e+000 
1.198293419e+000 1.981813071e+000 
1.302728300e+000 1.995916071e+000 
1.191267799e+000 1.980125904e+000 
1.137035872e+000 1.963279144e+000 
1.302137516e+000 1.995737130e+000 
1.173334415e+000 1.975362462e+000 
1.139075197e+000 1.963504198e+000 
1.138974654e+000 1.963431506e+000 
1.335909291e+000 1.998542259e+000 
1.308276444e+000 1.996526195e+000 
1.234262678e+000 1.988048434e+000 
1.229356292e+000 1.987194499e+000 
1.246204716e+000 1.990026493e+000 
1.268395809e+000 1.992684536e+000 
1.250256516e+000 1.990776436e+000 
1.237016229e+000 1.988747811e+000 
1.172149390e+000 1.975179621e+000 
1.481932334e+000 2.000000000e+000 
1.283021383e+000 1.994140804e+000 
1.228706799e+000 1.986965327e+000 
1.140851552e+000 1.964565715e+000 
1.452791443e+000 1.999721779e+000 
1.195041801e+000 1.981183654e+000 
1.236743979e+000 1.988253463e+000 
1.136617442e+000 1.963180627e+000 
1.268022260e+000 1.992589214e+000 
1.140742397e+000 1.964164259e+000 
1.255070097e+000 1.991220433e+000 
1.139843753e+000 1.964142704e+000 
1.398113988e+000 1.999130404e+000 
1.142184316e+000 1.965231712e+000 
1.179325486e+000 1.976773310e+000 
1.173425937e+000 1.975402317e+000 
1.219747446e+000 1.985528337e+000 
1.216856786e+000 1.985182764e+000 
1.203861958e+000 1.982766756e+000 
1.145999996e+000 1.966518283e+000 
1.242077191e+000 1.989672504e+000 
1.240554048e+000 1.989467475e+000 
1.350120128e+000 1.998631357e+000 
1.285436121e+000 1.994593075e+000 
1.298417212e+000 1.995728816e+000 
1.260199369e+000 1.992115255e+000 
1.210723070e+000 1.983887651e+000 
1.200039489e+000 1.982285794e+000 
1.240139759e+000 1.989031769e+000 
1.284426748e+000 1.994377521e+000 
1.284284962e+000 1.994303241e+000 
1.246657530e+000 1.990090734e+000 
1.211222161e+000 1.983945235e+000 
1.426065824e+000 1.999461874e+000 
1.295693692e+000 1.995359117e+000 
1.144994330e+000 1.966216400e+000 
1.291133425e+000 1.995199768e+000 
1.358666649e+000 1.998946062e+000 
1.253589066e+000 1.991105839e+000 
1.329287173e+000 1.998037767e+000 
1.317338581e+000 1.997017119e+000 
1.245240860e+000 1.989703572e+000 
1.442073833e+000 1.999615252e+000 
1.150772278e+000 1.968200987e+000 
1.148810009e+000 1.967502971e+000 
1.284467618e+000 1.994418262e+000 
1.279887279e+000 1.993974152e+000 
1.334294376e+000 1.998367446e+000 
1.224668560e+000 1.986705894e+000 
1.184200324e+000 1.978105206e+000 
1.226103460e+000 1.986910922e+000 
1.318963340e+000 1.997116952e+000 
1.159320809e+000 1.971479131e+000 
1.251508759e+000 1.990866444e+000 
1.139733025e+000 1.963948705e+000 
1.250073860e+000 1.990661415e+000 
1.279704623e+000 1.993859131e+000 
1.147800637e+000 1.967287417e+000 
1.291316081e+000 1.995314790e+000 
1.185417851e+000 1.978376257e+000 
1.245694301e+000 1.989753265e+000 
1.280150193e+000 1.994007731e+000 
1.194758521e+000 1.980966532e+000 
1.186704430e+000 1.978921442e+000 
1.472834502e+000 1.999816591e+000 
1.285253464e+000 1.994478054e+000 
1.445479931e+000 1.999651574e+000 
1.383494208e+000 1.998994473e+000 
1.275151017e+000 1.993459196e+000 
1.161109906e+000 1.972014696e+000 
1.195181090e+000 1.981206035e+000 
1.238451129e+000 1.988952840e+000 
1.145419363e+000 1.966302730e+000 
1.157561520e+000 1.970723934e+000 
1.185695058e+000 1.978705888e+000 
1.183687146e+000 1.978014181e+000 
1.175654630e+000 1.975730938e+000 
1.289525232e+000 1.994631506e+000 
1.172416564e+000 1.975186763e+000 
1.162198173e+000 1.972039956e+000 
1.324585986e+000 1.997317048e+000 
1.170947357e+000 1.974402102e+000 
1.174699995e+000 1.975481500e+000 
1.167213694e+000 1.973621529e+000 
1.162684919e+000 1.972197890e+000 
1.162690720e+000 1.972385704e+000 
1.159851069e+000 1.971695747e+000 
1.169937984e+000 1.974186549e+000 
1.168223067e+000 1.973837083e+000 
1.155006449e+000 1.969244217e+000 
1.271656911e+000 1.993101343e+000 
1.289879206e+000 1.994651602e+000 
1.158130351e+000 1.971158467e+000 
1.164411438e+000 1.972922984e+000 
1.156359992e+000 1.970111869e+000 
1.177290382e+000 1.976298809e+000 
1.290571236e+000 1.995088101e+000 
1.357934796e+000 1.998781298e+000 
1.276237251e+000 1.993545453e+000 
1.182822729e+000 1.977750187e+000 
1.187138569e+000 1.978950845e+000 
1.153553685e+000 1.969040851e+000 
1.142835983e+000 1.965463574e+000 
1.181813356e+000 1.977534634e+000 
1.188147941e+000 1.979166398e+000 
1.182615595e+000 1.977715020e+000 
1.146651663e+000 1.966750146e+000 
1.479968862e+000 1.999962505e+000 
1.305134728e+000 1.995973632e+000 
1.327096829e+000 1.997656843e+000 
1.159139723e+000 1.971374021e+000 
1.467496623e+000 1.999805795e+000 
1.160860442e+000 1.971911301e+000 
1.307416629e+000 1.996121808e+000 
1.149728150e+000 1.967734506e+000 
1.388033917e+000 1.999034831e+000 
1.375189381e+000 1.998947468e+000 
1.220848942e+000 1.985566123e+000 
1.307023249e+000 1.996120478e+000 
1.328106201e+000 1.997872397e+000 
1.222018792e+000 1.985787840e+000 
1.297359507e+000 1.995527483e+000 
1.349407700e+000 1.998622871e+000 
1.315668710e+000 1.996933867e+000 
1.349130079e+000 1.998589075e+000 
1.351461074e+000 1.998734989e+000 
1.327664883e+000 1.997861402e+000 
1.379407074e+000 1.998973042e+000 
1.376204195e+000 1.998967788e+000 
1.154779217e+000 1.969108002e+000 
1.150390309e+000 1.967760042e+000 

