1.016515801e+000 1.026693773e+000 
1.017093144e+000 1.027376994e+000 
1.017762400e+000 1.028023331e+000 
1.017716548e+000 1.027941215e+000 
1.017810758e+000 1.028093890e+000 
1.017435598e+000 1.027593880e+000 
1.017387338e+000 1.027562980e+000 
1.019736202e+000 1.029635171e+000 
1.016894214e+000 1.027184703e+000 
1.017563469e+000 1.027831040e+000 
1.018407837e+000 1.028652473e+000 
1.018141057e+000 1.028609165e+000 
1.017843477e+000 1.028096584e+000 
1.018091610e+000 1.028401566e+000 
1.016421591e+000 1.026541099e+000 
1.018747459e+000 1.028985035e+000 
1.018548529e+000 1.028795387e+000 
1.019563606e+000 1.029523164e+000 
1.000000000e+000 1.000000000e+000 
1.000061164e+000 1.000000016e+000 
1.025760281e+000 1.159166254e+000 
1.028830478e+000 1.163202774e+000 
1.026180827e+000 1.159729369e+000 
1.025426248e+000 1.158632684e+000 
1.026247261e+000 1.159896148e+000 
1.029091309e+000 1.163408563e+000 
1.028331642e+000 1.162354881e+000 
1.025881223e+000 1.159585240e+000 
1.025754588e+000 1.159111322e+000 
1.026959868e+000 1.161027080e+000 
1.026738761e+000 1.160421389e+000 
1.029329787e+000 1.163586384e+000 
1.027533209e+000 1.161174132e+000 
1.025105853e+000 1.157273265e+000 
1.029469745e+000 1.163959548e+000 
1.029263222e+000 1.163555676e+000 
1.025681190e+000 1.158711299e+000 
1.029434807e+000 1.163779366e+000 
1.027627500e+000 1.161424239e+000 
1.027765243e+000 1.161599861e+000 
1.030615016e+000 1.164812571e+000 
1.041616110e+000 1.875812599e+000 
1.040676372e+000 1.874630428e+000 
1.074471603e+000 1.903705168e+000 
1.043987250e+000 1.878431563e+000 
1.047062873e+000 1.881727285e+000 
1.056264209e+000 1.890417822e+000 
1.076056832e+000 1.904638688e+000 
1.145983723e+000 1.935671336e+000 
1.140994405e+000 1.934259429e+000 
1.188068917e+000 1.946116213e+000 
1.036192201e+000 1.866667158e+000 
1.042238478e+000 1.876375256e+000 
1.041354924e+000 1.875393086e+000 
1.046186702e+000 1.880713159e+000 
1.189472775e+000 1.946318005e+000 
1.185422147e+000 1.945753383e+000 
1.148238375e+000 1.936310042e+000 
1.124130288e+000 1.928220813e+000 
1.235174809e+000 1.952787202e+000 
1.099497180e+000 1.917228883e+000 
1.096121889e+000 1.915584279e+000 
1.086692508e+000 1.911062096e+000 
1.039187069e+000 1.872543618e+000 
1.037912283e+000 1.870671665e+000 
1.059320267e+000 1.892924764e+000 
1.060902921e+000 1.894079285e+000 
1.060152647e+000 1.893716877e+000 
1.171229445e+000 1.942319433e+000 
1.050294463e+000 1.884839378e+000 
1.066160326e+000 1.897885671e+000 
1.084047892e+000 1.909290631e+000 
1.099286331e+000 1.917124076e+000 
1.039625019e+000 1.873048966e+000 
1.036520181e+000 1.867645913e+000 
1.076015784e+000 1.904592182e+000 
1.125027230e+000 1.928569640e+000 
1.039837722e+000 1.873359492e+000 
1.079135156e+000 1.906654765e+000 
1.168571929e+000 1.941846324e+000 
1.038524347e+000 1.871611671e+000 
1.066943458e+000 1.898584880e+000 
1.039522993e+000 1.872992010e+000 
1.047211961e+000 1.881778617e+000 
1.063643325e+000 1.896302384e+000 
1.069696519e+000 1.900328048e+000 
1.039009129e+000 1.872157493e+000 
1.073894732e+000 1.903228764e+000 
1.077425424e+000 1.905521790e+000 
1.065730303e+000 1.897697352e+000 
1.087429976e+000 1.911375069e+000 
1.055741138e+000 1.890063432e+000 
1.170147475e+000 1.942173317e+000 
1.051497632e+000 1.886094226e+000 
1.042987053e+000 1.877171381e+000 
1.041825850e+000 1.876031955e+000 
1.054996330e+000 1.889307048e+000 
1.041422288e+000 1.875424584e+000 
1.047666966e+000 1.882283890e+000 
1.157525926e+000 1.939319987e+000 
1.058943469e+000 1.892582779e+000 
1.161107738e+000 1.940289625e+000 
1.154300650e+000 1.938116640e+000 
1.086338545e+000 1.910742555e+000 
1.125481693e+000 1.928697881e+000 
1.087693781e+000 1.911394897e+000 
1.037470154e+000 1.869853903e+000 
1.117961762e+000 1.925935743e+000 
1.152540680e+000 1.937169132e+000 
1.050669785e+000 1.885199140e+000 
1.067513360e+000 1.898908117e+000 
1.092110215e+000 1.913534272e+000 
1.115486848e+000 1.924857942e+000 
1.147565475e+000 1.936262749e+000 
1.111390744e+000 1.922971916e+000 
1.106715855e+000 1.920653495e+000 
1.036661502e+000 1.868181769e+000 
1.085532906e+000 1.910300536e+000 
1.155062042e+000 1.938337534e+000 
1.077346894e+000 1.905471223e+000 
1.158374059e+000 1.939535119e+000 
1.045638119e+000 1.880088023e+000 
1.079549451e+000 1.906978527e+000 
1.114523681e+000 1.924413086e+000 
1.158538073e+000 1.939740197e+000 
1.210305036e+000 1.950222041e+000 
1.209106457e+000 1.950199990e+000 
1.037179025e+000 1.869390524e+000 
1.037041314e+000 1.869173906e+000 
1.044433909e+000 1.878948686e+000 
1.054414078e+000 1.888886412e+000 
1.053355792e+000 1.887811705e+000 
1.057755491e+000 1.891768802e+000 
1.071409687e+000 1.901650287e+000 
1.191360054e+000 1.946661014e+000 
1.068433072e+000 1.899534696e+000 
1.205917334e+000 1.950162191e+000 
1.088646482e+000 1.911573018e+000 
1.066207047e+000 1.897890316e+000 
1.066040601e+000 1.897750409e+000 
1.049341180e+000 1.883794609e+000 
1.075131199e+000 1.904070218e+000 
1.081773565e+000 1.908218146e+000 
1.040263582e+000 1.873930523e+000 
1.070832816e+000 1.901170467e+000 
1.036213784e+000 1.866719967e+000 
1.093654740e+000 1.914269553e+000 
1.124704642e+000 1.928378223e+000 
1.053176315e+000 1.887757454e+000 
1.094359478e+000 1.914826951e+000 
1.121064860e+000 1.927012580e+000 
1.216726874e+000 1.951484809e+000 
1.055058978e+000 1.889335780e+000 
1.228926706e+000 1.952705596e+000 
1.151713357e+000 1.937118532e+000 
1.192951219e+000 1.947091616e+000 
1.187340976e+000 1.945960795e+000 
1.082967621e+000 1.908787415e+000 
1.220665390e+000 1.952027684e+000 
1.064516458e+000 1.896606112e+000 
1.065604774e+000 1.897498628e+000 
1.235615400e+000 1.953200641e+000 
1.100156969e+000 1.917571747e+000 
1.149102174e+000 1.936957393e+000 
1.058306129e+000 1.892246277e+000 
1.048864756e+000 1.883259845e+000 
1.092732812e+000 1.913779300e+000 
1.235758755e+000 1.953647518e+000 
1.095802236e+000 1.915279037e+000 
1.053692253e+000 1.888242779e+000 
1.048832654e+000 1.883140673e+000 
1.047562470e+000 1.882057942e+000 
1.053661444e+000 1.888081554e+000 
1.181699523e+000 1.944671090e+000 
1.083131669e+000 1.908838578e+000 
1.107505042e+000 1.920981562e+000 
1.098977422e+000 1.916911648e+000 
1.183616814e+000 1.945046449e+000 
1.096909657e+000 1.916238698e+000 
1.104796982e+000 1.920063060e+000 
1.101350707e+000 1.918264233e+000 
1.066110187e+000 1.897844651e+000 
1.211214186e+000 1.950937419e+000 
1.173106022e+000 1.942705229e+000 
1.125823949e+000 1.928834860e+000 
1.184629996e+000 1.945209982e+000 
1.153034100e+000 1.937507604e+000 
1.036902147e+000 1.868471640e+000 
1.137797673e+000 1.933166029e+000 
1.150436319e+000 1.937064237e+000 
1.093323254e+000 1.914254087e+000 
1.093858013e+000 1.914518763e+000 
1.092899712e+000 1.914019071e+000 
1.108511300e+000 1.921550391e+000 
1.154600395e+000 1.938222548e+000 
1.102184669e+000 1.918614135e+000 
1.105849610e+000 1.920375383e+000 
1.129145927e+000 1.929849341e+000 
1.134572397e+000 1.931973280e+000 
1.237607232e+000 1.953927146e+000 
1.057963408e+000 1.891866415e+000 
1.125769104e+000 1.928797284e+000 
1.238950097e+000 1.954095860e+000 
1.130136488e+000 1.930267984e+000 
1.218020292e+000 1.951813155e+000 
1.140988277e+000 1.934225817e+000 
1.115220752e+000 1.924687129e+000 
1.183619889e+000 1.945188962e+000 
1.122598672e+000 1.927637636e+000 
1.136876939e+000 1.932655339e+000 
1.132213081e+000 1.931066833e+000 
1.205845027e+000 1.949690279e+000 
1.063339748e+000 1.895861136e+000 
1.113908200e+000 1.924158036e+000 
1.188917171e+000 1.946316491e+000 
1.066322050e+000 1.897987667e+000 
1.112771767e+000 1.923507164e+000 
1.100113854e+000 1.917561092e+000 
1.167467739e+000 1.941307555e+000 
1.247977711e+000 1.955130654e+000 
1.246883437e+000 1.954993120e+000 
1.243617903e+000 1.954424219e+000 
1.174081671e+000 1.943026191e+000 
1.250490776e+000 1.955308581e+000 
1.083523904e+000 1.909041927e+000 
1.083463572e+000 1.909030170e+000 
1.205628628e+000 1.949546761e+000 
1.165426263e+000 1.940892814e+000 
1.193728284e+000 1.947563902e+000 
1.090090126e+000 1.912428873e+000 
1.220545111e+000 1.951818976e+000 
1.109601167e+000 1.922088418e+000 
1.203921110e+000 1.949377956e+000 
1.202953532e+000 1.948970708e+000 
1.001713054e+000 1.000865361e+000 
1.001808077e+000 1.000867500e+000 
1.001893072e+000 1.000867945e+000 
1.001666605e+000 1.000848711e+000 
1.001922233e+000 1.000885080e+000 
1.001769424e+000 1.000865844e+000 
1.008079354e+000 1.006757760e+000 
1.008748664e+000 1.006892833e+000 
1.009291099e+000 1.007047467e+000 
1.010493573e+000 1.007324892e+000 
1.013880549e+000 1.007920378e+000 
1.010672284e+000 1.007359054e+000 
1.006101079e+000 1.005995352e+000 
1.007048354e+000 1.006392950e+000 
1.007239945e+000 1.006415118e+000 
1.013705060e+000 1.007911658e+000 
1.010354935e+000 1.007274552e+000 
1.011292525e+000 1.007501461e+000 
1.009319629e+000 1.007053201e+000 
1.010756520e+000 1.007402741e+000 
1.012498422e+000 1.007722748e+000 
1.010163440e+000 1.007259334e+000 
1.010901858e+000 1.007424817e+000 
1.007913350e+000 1.006683488e+000 
1.015438153e+000 1.008178287e+000 
1.009615285e+000 1.007135445e+000 
1.011227749e+000 1.007442948e+000 
1.007839059e+000 1.006667707e+000 
1.007364416e+000 1.006493695e+000 
1.007957236e+000 1.006689355e+000 
1.008197531e+000 1.006779874e+000 
1.007673056e+000 1.006592825e+000 
1.009297936e+000 1.007051914e+000 
1.009110264e+000 1.006986022e+000 
1.008514880e+000 1.006863667e+000 
1.008396703e+000 1.006841422e+000 
1.008284062e+000 1.006787439e+000 
1.011410702e+000 1.007525791e+000 
1.015875483e+000 1.008184692e+000 
1.013096268e+000 1.007819009e+000 
1.011110321e+000 1.007436457e+000 
1.014882839e+000 1.008089177e+000 
1.008514373e+000 1.006856068e+000 
1.014305218e+000 1.007995117e+000 
1.009518549e+000 1.007086549e+000 
1.008992087e+000 1.006964671e+000 
1.009835899e+000 1.007170206e+000 
1.032497664e+000 1.284483693e+000 
1.035479282e+000 1.289444351e+000 
1.033169492e+000 1.285568114e+000 
1.035810055e+000 1.289749063e+000 
1.033582632e+000 1.286019552e+000 
1.034283228e+000 1.287686955e+000 
1.035851989e+000 1.289941420e+000 
1.032908935e+000 1.285188815e+000 
1.031709988e+000 1.282985379e+000 
1.036044388e+000 1.290100108e+000 
1.033725998e+000 1.286248782e+000 
1.005673822e+000 1.005780954e+000 
1.011495476e+000 1.007538180e+000 
1.007468038e+000 1.006563142e+000 
1.006290531e+000 1.006187553e+000 
1.011267000e+000 1.007445614e+000 
1.015007869e+000 1.008127457e+000 
1.012562422e+000 1.007752047e+000 
1.012068345e+000 1.007652811e+000 
1.015943278e+000 1.008246222e+000 
1.005676156e+000 1.005880084e+000 
1.010389308e+000 1.007279181e+000 
1.010149138e+000 1.007184811e+000 
1.011129171e+000 1.007439970e+000 
1.010016554e+000 1.007184284e+000 
1.012452675e+000 1.007665326e+000 
1.007607704e+000 1.006586688e+000 
1.013460694e+000 1.007863793e+000 
1.014800354e+000 1.008059658e+000 
1.009904275e+000 1.007174564e+000 
1.006774572e+000 1.006310181e+000 
1.009148752e+000 1.006996526e+000 
1.014533709e+000 1.008041671e+000 
1.009572945e+000 1.007089003e+000 
1.012966897e+000 1.007775678e+000 
1.015379404e+000 1.008149816e+000 
1.008945611e+000 1.006908502e+000 
1.012829068e+000 1.007770034e+000 
1.013303228e+000 1.007855819e+000 
1.011762121e+000 1.007556167e+000 
1.006112343e+000 1.006109306e+000 
1.005838163e+000 1.005981298e+000 
1.007646659e+000 1.006590229e+000 
1.007718158e+000 1.006614591e+000 
1.005870285e+000 1.005994166e+000 
1.005754524e+000 1.005967187e+000 
1.007317902e+000 1.006488396e+000 
1.006488662e+000 1.006211051e+000 
1.006164686e+000 1.006111284e+000 
1.007638874e+000 1.006587526e+000 
1.005857232e+000 1.005982397e+000 
1.005824732e+000 1.005979214e+000 
1.006342874e+000 1.006189532e+000 
1.006952760e+000 1.006388428e+000 
1.006666850e+000 1.006289298e+000 
1.006884115e+000 1.006355487e+000 
1.015815021e+000 1.008178350e+000 
1.016320442e+000 1.008277480e+000 
1.016078217e+000 1.008257845e+000 
1.022720109e+000 1.059351616e+000 
1.023037119e+000 1.059856522e+000 
1.023673222e+000 1.060716669e+000 
1.022123731e+000 1.058227488e+000 
1.024444927e+000 1.061533216e+000 
1.022229024e+000 1.058365534e+000 
1.022515838e+000 1.058824740e+000 
1.023634533e+000 1.060467523e+000 
1.022886628e+000 1.059702115e+000 
1.023557857e+000 1.060395093e+000 
1.024333208e+000 1.061343117e+000 
1.023871912e+000 1.060779928e+000 
1.005666215e+000 1.005294749e+000 
1.005630140e+000 1.005204639e+000 
1.003746469e+000 1.001072103e+000 
1.002576674e+000 1.000973401e+000 
1.003232592e+000 1.001031904e+000 
1.003324514e+000 1.001038289e+000 
1.003969090e+000 1.001087841e+000 
1.003504062e+000 1.001054681e+000 
1.002589665e+000 1.000973566e+000 
1.002761327e+000 1.000991341e+000 
1.002436630e+000 1.000965192e+000 
1.002620080e+000 1.000974796e+000 
1.003291357e+000 1.001035583e+000 
1.003464091e+000 1.001054254e+000 
1.003162810e+000 1.001028650e+000 
1.002999063e+000 1.001021095e+000 
1.002824452e+000 1.000994372e+000 
1.002214340e+000 1.000936205e+000 
1.003964907e+000 1.001084677e+000 
1.003850307e+000 1.001083165e+000 
1.004185244e+000 1.001101450e+000 
1.002447497e+000 1.000967883e+000 
1.003341941e+000 1.001046848e+000 
1.002043449e+000 1.000903951e+000 
1.002645929e+000 1.000976267e+000 
1.004326907e+000 1.001115224e+000 
1.003800663e+000 1.001081798e+000 
1.003594565e+000 1.001061141e+000 
1.004135601e+000 1.001100083e+000 
1.002512633e+000 1.000970035e+000 
1.003385279e+000 1.001050005e+000 
1.004265691e+000 1.001114958e+000 
1.002859486e+000 1.001005130e+000 
1.002324910e+000 1.000952508e+000 
1.002980210e+000 1.001009746e+000 
1.002952146e+000 1.001005178e+000 
1.002204519e+000 1.000923888e+000 
1.002224657e+000 1.000952062e+000 
1.002153190e+000 1.000922072e+000 
1.003202364e+000 1.001030875e+000 
1.002660705e+000 1.000986817e+000 
1.003667392e+000 1.001064034e+000 
1.002337901e+000 1.000952673e+000 
1.003710730e+000 1.001067075e+000 
1.003245702e+000 1.001033916e+000 
1.002393758e+000 1.000957738e+000 
1.001991936e+000 1.000895592e+000 
1.002117590e+000 1.000918250e+000 
1.000075289e+000 1.000051376e+000 
1.000114663e+000 1.000051641e+000 
1.000533772e+000 1.000056237e+000 
1.000213183e+000 1.000052517e+000 
1.000446723e+000 1.000055553e+000 
1.000333488e+000 1.000054530e+000 
1.001527178e+000 1.000058642e+000 
1.001326751e+000 1.000058402e+000 
1.000572700e+000 1.000056373e+000 
1.001533286e+000 1.000058726e+000 
1.000265061e+000 1.000052782e+000 
1.001659263e+000 1.000059539e+000 
1.001200774e+000 1.000057576e+000 
1.000252111e+000 1.000052646e+000 
1.001377119e+000 1.000058417e+000 
1.020495724e+000 1.052623083e+000 
1.019937220e+000 1.051404527e+000 
1.020841853e+000 1.053111073e+000 
1.020283349e+000 1.051892517e+000 
1.020727509e+000 1.052748555e+000 
1.021361996e+000 1.053619996e+000 
1.020460763e+000 1.052147250e+000 
1.021361144e+000 1.053318905e+000 
1.032069290e+000 1.283868227e+000 
1.031716420e+000 1.283304552e+000 
1.034896284e+000 1.288162967e+000 
1.034198895e+000 1.287239246e+000 
1.032234661e+000 1.283907724e+000 
1.032725321e+000 1.284832473e+000 
1.033837338e+000 1.286589332e+000 
1.034116910e+000 1.287238940e+000 
1.035464600e+000 1.288548775e+000 
1.033991064e+000 1.287005911e+000 
1.034685556e+000 1.287735674e+000 
1.032803773e+000 1.284951502e+000 
1.032530604e+000 1.284570945e+000 
1.005267129e+000 1.002695401e+000 
1.004922964e+000 1.002650700e+000 
1.005005057e+000 1.002651017e+000 
1.004977546e+000 1.002650840e+000 
1.005341808e+000 1.002695582e+000 
1.004833537e+000 1.002607609e+000 
1.005052226e+000 1.002651022e+000 
1.005127547e+000 1.002667706e+000 
1.004521085e+000 1.002529659e+000 
1.004790101e+000 1.002605054e+000 
1.005280045e+000 1.002695405e+000 
1.004365042e+000 1.002485693e+000 
1.004762590e+000 1.002604877e+000 
1.005095608e+000 1.002651993e+000 
1.005223753e+000 1.002693888e+000 
1.004860755e+000 1.002616018e+000 
1.005210474e+000 1.002669562e+000 
1.004799699e+000 1.002606083e+000 
1.316849825e+000 1.975677368e+000 
1.409561264e+000 1.989118986e+000 
1.342783972e+000 1.980922751e+000 
1.273016235e+000 1.964064566e+000 
1.256061028e+000 1.957236412e+000 
1.564000764e+000 1.998481324e+000 
1.564742333e+000 1.998620141e+000 
1.302974635e+000 1.972018368e+000 
1.356679796e+000 1.982743354e+000 
1.298952394e+000 1.970760626e+000 
1.330079255e+000 1.978166481e+000 
1.328194492e+000 1.978069229e+000 
1.325416562e+000 1.977757575e+000 
1.275588749e+000 1.964563991e+000 
1.287702500e+000 1.968086640e+000 
1.253896938e+000 1.956499916e+000 
1.294710382e+000 1.969663491e+000 
1.352650424e+000 1.982230657e+000 
1.373687069e+000 1.985162619e+000 
1.331669182e+000 1.978718732e+000 
1.320719774e+000 1.976646334e+000 
1.361022016e+000 1.983716317e+000 
1.299933368e+000 1.971427165e+000 
1.275094003e+000 1.964533273e+000 
1.254307996e+000 1.956577125e+000 
1.351725306e+000 1.981848455e+000 
1.327245024e+000 1.977987016e+000 
1.383169582e+000 1.986327471e+000 
1.336943215e+000 1.979848441e+000 
1.291013507e+000 1.969234963e+000 
1.340668995e+000 1.980298935e+000 
1.267821539e+000 1.961959174e+000 
1.302691513e+000 1.971842050e+000 
1.254674395e+000 1.956579154e+000 
1.323134304e+000 1.977118399e+000 
1.281284586e+000 1.966571986e+000 
1.306216698e+000 1.972797764e+000 
1.316647254e+000 1.975459433e+000 
1.357113096e+000 1.983087644e+000 
1.400641569e+000 1.988396110e+000 
1.335442128e+000 1.979609810e+000 
1.328995842e+000 1.978077897e+000 
1.341690841e+000 1.980811058e+000 
1.330124698e+000 1.978441328e+000 
1.336613421e+000 1.979639739e+000 
1.323830991e+000 1.977179831e+000 
1.319144956e+000 1.975741498e+000 
1.354525496e+000 1.982412528e+000 
1.558835242e+000 1.998453315e+000 
1.301559539e+000 1.971738309e+000 
1.349267730e+000 1.981520712e+000 
1.346304851e+000 1.981356055e+000 
1.376916614e+000 1.985466164e+000 
1.262543157e+000 1.960504709e+000 
1.350808088e+000 1.981842112e+000 
1.334914558e+000 1.979605380e+000 
1.384473240e+000 1.986474149e+000 
1.279527358e+000 1.966096332e+000 
1.290826477e+000 1.969065659e+000 
1.337012069e+000 1.979864837e+000 
1.600945536e+000 1.999321011e+000 
1.266560943e+000 1.961394934e+000 
1.264291764e+000 1.961172893e+000 
1.329899644e+000 1.978124199e+000 
1.296127640e+000 1.969927349e+000 
1.597307969e+000 1.999220061e+000 
1.401919055e+000 1.988410625e+000 
1.311754259e+000 1.973806145e+000 
1.277563529e+000 1.964994222e+000 
1.339110679e+000 1.980045330e+000 
1.278854301e+000 1.965559094e+000 
1.289159339e+000 1.968539853e+000 
1.598063546e+000 1.999276679e+000 
1.333171316e+000 1.979018804e+000 
1.575300404e+000 1.999009196e+000 
1.297481413e+000 1.970640916e+000 
1.283804593e+000 1.967441919e+000 
1.306641040e+000 1.972830115e+000 
1.279265285e+000 1.966007899e+000 
1.278270478e+000 1.965553872e+000 
1.307253827e+000 1.973207353e+000 
1.450557044e+000 1.992488457e+000 
1.268013337e+000 1.962171886e+000 
1.270533372e+000 1.963042828e+000 
1.266687335e+000 1.961821318e+000 
1.345229345e+000 1.980925806e+000 
1.566840172e+000 1.998652164e+000 
1.278033308e+000 1.965312770e+000 
1.595753988e+000 1.999194088e+000 
1.266394219e+000 1.961302754e+000 
1.267349701e+000 1.961883209e+000 
1.674080659e+000 1.999771236e+000 
1.311637321e+000 1.973748919e+000 
1.268550893e+000 1.962453513e+000 
1.287497665e+000 1.967969907e+000 
1.667497733e+000 1.999743459e+000 
1.669164992e+000 1.999764434e+000 
1.669186404e+000 1.999768131e+000 
1.271616686e+000 1.963565309e+000 
1.345901676e+000 1.980961728e+000 
1.269949548e+000 1.963039725e+000 
1.305354771e+000 1.972697579e+000 
1.334062500e+000 1.979212250e+000 
1.286030844e+000 1.967593056e+000 
1.591040275e+000 1.999185412e+000 
1.587534888e+000 1.999185058e+000 
1.739737267e+000 1.999999368e+000 
1.281008579e+000 1.966160959e+000 
1.305261867e+000 1.972328300e+000 
1.259796962e+000 1.959224244e+000 
1.260492532e+000 1.959575097e+000 
1.258818259e+000 1.959157238e+000 
1.282319039e+000 1.966680204e+000 
1.274640301e+000 1.964096543e+000 
1.303362236e+000 1.972255527e+000 
1.315335572e+000 1.974959992e+000 
1.257601613e+000 1.957960363e+000 
1.270989079e+000 1.963078872e+000 
1.356108368e+000 1.982595601e+000 
1.388138935e+000 1.987053888e+000 
1.283325018e+000 1.967144956e+000 
1.311883613e+000 1.974219535e+000 
1.285886016e+000 1.967590260e+000 
1.312201575e+000 1.974281277e+000 
1.282452070e+000 1.966870014e+000 
1.313496581e+000 1.974549140e+000 
1.310216476e+000 1.973687422e+000 
1.313723681e+000 1.974758445e+000 
1.292585946e+000 1.969423566e+000 
1.309022555e+000 1.973530181e+000 
1.541834121e+000 1.997668927e+000 
1.312599967e+000 1.974490720e+000 
1.388618165e+000 1.987261857e+000 
1.391058959e+000 1.987426240e+000 
1.636195609e+000 1.999571363e+000 
1.261134976e+000 1.959598081e+000 
1.742558834e+000 2.000000000e+000 
1.255692834e+000 1.956672862e+000 
1.296640657e+000 1.970287103e+000 
1.405719460e+000 1.988806459e+000 
1.261733307e+000 1.959899493e+000 
1.263845563e+000 1.960585101e+000 
1.656478182e+000 1.999634080e+000 
1.296517649e+000 1.970001566e+000 
1.376868734e+000 1.985403342e+000 
1.403947633e+000 1.988621161e+000 
1.261620326e+000 1.959848197e+000 
1.451661611e+000 1.992629659e+000 
1.396291325e+000 1.988150517e+000 
1.451833266e+000 1.992652288e+000 
1.392375515e+000 1.987480430e+000 
1.256155535e+000 1.957865780e+000 
1.403264665e+000 1.988605037e+000 
1.735653256e+000 1.999995466e+000 
1.389641869e+000 1.987388216e+000 
1.395075544e+000 1.987949445e+000 
1.258362164e+000 1.958522676e+000 
1.620728387e+000 1.999485004e+000 
1.735818936e+000 1.999998859e+000 
1.412030325e+000 1.989419389e+000 
1.416432310e+000 1.989812704e+000 
1.438583650e+000 1.991781643e+000 
1.370819240e+000 1.984670450e+000 
1.507788617e+000 1.996188130e+000 
1.654580055e+000 1.999631533e+000 
1.370916801e+000 1.984697742e+000 
1.315831759e+000 1.974962487e+000 
1.407217868e+000 1.988983831e+000 
1.734930425e+000 1.999981620e+000 
1.569410675e+000 1.998660691e+000 
1.288773449e+000 1.968095712e+000 
1.369691669e+000 1.984670257e+000 
1.362826341e+000 1.983812133e+000 
1.400056949e+000 1.988363565e+000 
1.365369809e+000 1.983970817e+000 
1.633413666e+000 1.999489813e+000 
1.362728780e+000 1.983795839e+000 
1.360565189e+000 1.983516408e+000 
1.699345961e+000 1.999869599e+000 
1.257798090e+000 1.958464756e+000 
1.367591917e+000 1.984280844e+000 
1.264161355e+000 1.960802288e+000 
1.634902485e+000 1.999534205e+000 
1.608155225e+000 1.999364136e+000 
1.375111221e+000 1.985170535e+000 
1.377418153e+000 1.985743197e+000 
1.377590527e+000 1.985778799e+000 
1.359763639e+000 1.983338244e+000 
1.427078534e+000 1.990686200e+000 
1.582264707e+000 1.999121219e+000 
1.356913535e+000 1.982879273e+000 
1.470329884e+000 1.993852929e+000 
1.580155533e+000 1.999025124e+000 
1.533201475e+000 1.997508418e+000 
1.730310023e+000 1.999914669e+000 
1.276953032e+000 1.964651140e+000 
1.383385382e+000 1.986375376e+000 
1.577425727e+000 1.999012429e+000 
1.570376787e+000 1.998750155e+000 
1.450246678e+000 1.992326199e+000 
1.295107169e+000 1.969799374e+000 
1.439737852e+000 1.991923043e+000 
1.580786296e+000 1.999093783e+000 
1.526881064e+000 1.997457173e+000 
1.482499101e+000 1.994661714e+000 
1.524973087e+000 1.997240483e+000 
1.523241434e+000 1.997086733e+000 
1.420586686e+000 1.990288501e+000 
1.433003050e+000 1.991397687e+000 
1.482912934e+000 1.994767034e+000 
1.436500184e+000 1.991677244e+000 
1.411718591e+000 1.989412120e+000 
1.430405551e+000 1.991275659e+000 
1.571795573e+000 1.998929755e+000 
1.417871016e+000 1.990078056e+000 
1.354109760e+000 1.982345699e+000 
1.485140127e+000 1.994977344e+000 
1.411712130e+000 1.989291418e+000 
1.443126733e+000 1.992122470e+000 
1.424721153e+000 1.990580500e+000 
1.433264617e+000 1.991531015e+000 
1.422816942e+000 1.990410110e+000 
1.420512528e+000 1.990167409e+000 
1.520455099e+000 1.996965851e+000 
1.375830699e+000 1.985391358e+000 
1.520421955e+000 1.996885635e+000 
1.483839571e+000 1.994910229e+000 
1.372865557e+000 1.984933340e+000 
1.522802890e+000 1.997086559e+000 
1.494206985e+000 1.995453627e+000 
1.452422183e+000 1.992807961e+000 
1.523357606e+000 1.997179357e+000 
1.457724123e+000 1.993180575e+000 
1.458969936e+000 1.993214335e+000 
1.472814100e+000 1.994272308e+000 
1.476774934e+000 1.994456956e+000 
1.561387282e+000 1.998476365e+000 
1.471024089e+000 1.993992483e+000 
1.477988299e+000 1.994526932e+000 
1.537470889e+000 1.997604271e+000 
1.461428951e+000 1.993450888e+000 
1.538812282e+000 1.997617625e+000 
1.462785816e+000 1.993615215e+000 
1.452169315e+000 1.992780228e+000 
1.446987609e+000 1.992249998e+000 
1.447393319e+000 1.992301413e+000 
1.463019928e+000 1.993629801e+000 
1.495853578e+000 1.995808725e+000 
1.555012114e+000 1.998265018e+000 
1.494251502e+000 1.995635543e+000 
1.552496510e+000 1.998143501e+000 
1.502107073e+000 1.996031178e+000 
1.500525251e+000 1.995964135e+000 
1.487439577e+000 1.995090422e+000 
1.552917265e+000 1.998262320e+000 
1.510623843e+000 1.996624619e+000 
1.509724547e+000 1.996546521e+000 
1.513312397e+000 1.996877688e+000 
1.508787963e+000 1.996394796e+000 
1.508769898e+000 1.996388851e+000 
1.521782337e+000 1.997033886e+000 
1.546511591e+000 1.998094962e+000 
1.545038318e+000 1.998089325e+000 
1.542946607e+000 1.997903122e+000 

