1.005948064e+000 1.092613038e+000 
1.005716254e+000 1.091360230e+000 
1.008424093e+000 1.709121210e+000 
1.007731722e+000 1.706224614e+000 
1.008049192e+000 1.707291560e+000 
1.008415025e+000 1.708999144e+000 
1.000315758e+000 1.002748667e+000 
1.000255538e+000 1.002747179e+000 
1.002310110e+000 1.047312042e+000 
1.003050450e+000 1.048724621e+000 
1.003602876e+000 1.049401951e+000 
1.001741343e+000 1.045650210e+000 
1.003427704e+000 1.049174559e+000 
1.002269091e+000 1.046307557e+000 
1.002846103e+000 1.047942760e+000 
1.004080864e+000 1.050746274e+000 
1.002035523e+000 1.046103681e+000 
1.002791408e+000 1.047913931e+000 
9.999999990e-001 1.000003718e+000 
1.001591478e+000 1.007433706e+000 
1.000565961e+000 1.006398857e+000 
1.000696406e+000 1.006654445e+000 
1.000906095e+000 1.006883425e+000 
1.000531820e+000 1.006364731e+000 
1.000671187e+000 1.006591719e+000 
1.000835774e+000 1.006881433e+000 
1.000998375e+000 1.006916027e+000 
1.000825654e+000 1.006654913e+000 
1.001692663e+000 1.007466198e+000 
1.001523304e+000 1.007407685e+000 
1.001313615e+000 1.007178705e+000 
1.001651049e+000 1.007460315e+000 
1.001428089e+000 1.007399112e+000 
1.001345342e+000 1.007204726e+000 
1.001289509e+000 1.007172124e+000 
1.001520888e+000 1.007399580e+000 
1.001392325e+000 1.007392701e+000 
1.001650245e+000 1.007443273e+000 
1.000254465e+000 1.000793787e+000 
1.000253581e+000 1.000284572e+000 
1.000220862e+000 1.000281389e+000 
1.000153503e+000 1.000271387e+000 
1.000002886e+000 1.000256126e+000 
1.000066222e+000 1.000268344e+000 
1.000122175e+000 1.000268563e+000 
1.000215796e+000 1.000281312e+000 
1.000206911e+000 1.000271765e+000 
1.000149827e+000 1.000270224e+000 
1.000154894e+000 1.000271746e+000 
1.000460139e+000 1.004371965e+000 
1.000493844e+000 1.004407585e+000 
1.000429345e+000 1.004146429e+000 
1.000425670e+000 1.004144207e+000 
1.000330455e+000 1.004116663e+000 
1.006319906e+000 1.292660074e+000 
1.006405100e+000 1.293001328e+000 
1.006685716e+000 1.293929748e+000 
1.006125784e+000 1.290556285e+000 
1.006997446e+000 1.295542334e+000 
1.007301037e+000 1.296517567e+000 
1.001715796e+000 1.010907807e+000 
1.001721730e+000 1.011493041e+000 
1.005049153e+000 1.089918630e+000 
1.006111378e+000 1.093624464e+000 
1.005988890e+000 1.093414116e+000 
1.005271110e+000 1.091305871e+000 
1.004849212e+000 1.056899720e+000 
1.004582121e+000 1.056802933e+000 
1.004284993e+000 1.054949433e+000 
1.005006100e+000 1.057866909e+000 
1.018894452e+000 1.801379502e+000 
1.120499120e+000 1.895802684e+000 
1.020359350e+000 1.804338271e+000 
1.085523959e+000 1.874875267e+000 
1.040659034e+000 1.833534045e+000 
1.093624184e+000 1.880440150e+000 
1.054877377e+000 1.849121188e+000 
1.088805432e+000 1.876464738e+000 
1.029542246e+000 1.818488983e+000 
1.055809844e+000 1.849869175e+000 
1.034503608e+000 1.826108709e+000 
1.118716570e+000 1.895631078e+000 
1.168971761e+000 1.917037166e+000 
1.050191586e+000 1.844576883e+000 
1.063450612e+000 1.856569654e+000 
1.116818289e+000 1.894203591e+000 
1.185070710e+000 1.923785488e+000 
1.008944322e+000 1.778573268e+000 
1.118493399e+000 1.895316890e+000 
1.060567906e+000 1.854309919e+000 
1.083066301e+000 1.873198808e+000 
1.035975018e+000 1.827395129e+000 
1.116996734e+000 1.894551863e+000 
1.085789004e+000 1.875363185e+000 
1.011374205e+000 1.785471964e+000 
1.165962073e+000 1.915443436e+000 
1.035076912e+000 1.826734017e+000 
1.045625871e+000 1.839670189e+000 
1.151872343e+000 1.911117666e+000 
1.037305665e+000 1.828888064e+000 
1.045458890e+000 1.839444579e+000 
1.034377943e+000 1.825470430e+000 
1.038215428e+000 1.830312493e+000 
1.038593732e+000 1.831067458e+000 
1.022141732e+000 1.807595636e+000 
1.036018117e+000 1.827528009e+000 
1.021444890e+000 1.806265989e+000 
1.036518700e+000 1.828162095e+000 
1.051702251e+000 1.845870873e+000 
1.038312298e+000 1.830723122e+000 
1.011720411e+000 1.786511995e+000 
1.009817289e+000 1.781292157e+000 
1.029278909e+000 1.818390557e+000 
1.177526459e+000 1.920663412e+000 
1.029909653e+000 1.819654655e+000 
1.032161168e+000 1.823040946e+000 
1.051937349e+000 1.846084394e+000 
1.021315238e+000 1.806052699e+000 
1.034869077e+000 1.826210232e+000 
1.030783251e+000 1.821145134e+000 
1.024704413e+000 1.811536735e+000 
1.046753391e+000 1.840672755e+000 
1.021734884e+000 1.807172362e+000 
1.030842171e+000 1.821257202e+000 
1.016790688e+000 1.797245962e+000 
1.161486742e+000 1.913695319e+000 
1.065322574e+000 1.858524484e+000 
1.121185878e+000 1.896686965e+000 
1.009868340e+000 1.781849255e+000 
1.153892941e+000 1.911140351e+000 
1.176668172e+000 1.920648037e+000 
1.039850451e+000 1.832535754e+000 
1.124333595e+000 1.898724593e+000 
1.036205001e+000 1.827992273e+000 
1.016342067e+000 1.796477585e+000 
1.016333598e+000 1.796204853e+000 
1.017289485e+000 1.797919280e+000 
1.011850913e+000 1.786775924e+000 
1.048839172e+000 1.842889360e+000 
1.025617775e+000 1.812763484e+000 
1.043644173e+000 1.837197698e+000 
1.033968608e+000 1.824893520e+000 
1.020727076e+000 1.804910484e+000 
1.020778996e+000 1.805457935e+000 
1.015745436e+000 1.795062638e+000 
1.116755239e+000 1.894179046e+000 
1.039590413e+000 1.832261427e+000 
1.032071090e+000 1.822760008e+000 
1.008821683e+000 1.778449309e+000 
1.134182924e+000 1.903209978e+000 
1.162121496e+000 1.914814697e+000 
1.025877648e+000 1.813588631e+000 
1.154343588e+000 1.911282498e+000 
1.013443632e+000 1.790113496e+000 
1.012855470e+000 1.788971282e+000 
1.137442616e+000 1.905210999e+000 
1.125652964e+000 1.899602987e+000 
1.018933060e+000 1.801586563e+000 
1.027621900e+000 1.816074067e+000 
1.018736835e+000 1.800758412e+000 
1.011612910e+000 1.785951897e+000 
1.078930348e+000 1.869808921e+000 
1.025108465e+000 1.811916134e+000 
1.146146562e+000 1.908068153e+000 
1.122036800e+000 1.897421760e+000 
1.013915229e+000 1.791067789e+000 
1.148201527e+000 1.909238014e+000 
1.064967466e+000 1.858195573e+000 
1.110566415e+000 1.890615324e+000 
1.092960431e+000 1.879990550e+000 
1.046269335e+000 1.840029616e+000 
1.121044615e+000 1.896514587e+000 
1.058070766e+000 1.851846191e+000 
1.015538065e+000 1.794444497e+000 
1.026791011e+000 1.814815380e+000 
1.083602936e+000 1.873508687e+000 
1.009998843e+000 1.782113184e+000 
1.062376423e+000 1.855731073e+000 
1.148457465e+000 1.909398180e+000 
1.089241254e+000 1.877401987e+000 
1.077292651e+000 1.868507208e+000 
1.065577945e+000 1.858717717e+000 
1.092130657e+000 1.879777412e+000 
1.041159546e+000 1.834366555e+000 
1.044852979e+000 1.838529933e+000 
1.093929572e+000 1.881267331e+000 
1.063761295e+000 1.857034922e+000 
1.039352183e+000 1.832088233e+000 
1.123295086e+000 1.898018952e+000 
1.121719458e+000 1.896974653e+000 
1.149579315e+000 1.910043372e+000 
1.059042031e+000 1.852850124e+000 
1.071339577e+000 1.863478982e+000 
1.084549185e+000 1.873786069e+000 
1.104860231e+000 1.887155285e+000 
1.010367137e+000 1.782522574e+000 
1.076394545e+000 1.867664455e+000 
1.128546162e+000 1.901006065e+000 
1.172463479e+000 1.917793152e+000 
1.140766203e+000 1.906141331e+000 
1.043101695e+000 1.836409774e+000 
1.144587967e+000 1.907510674e+000 
1.056638421e+000 1.850511157e+000 
1.081267843e+000 1.871948842e+000 
1.066212658e+000 1.859151309e+000 
1.103539956e+000 1.886595163e+000 
1.115089385e+000 1.893049366e+000 
1.065597350e+000 1.858759737e+000 
1.048030653e+000 1.842048931e+000 
1.090966272e+000 1.878659218e+000 
1.069480604e+000 1.862171411e+000 
1.074483088e+000 1.866383735e+000 
1.113497655e+000 1.892167012e+000 
1.116037664e+000 1.893937679e+000 
1.057485359e+000 1.851259980e+000 
1.119460841e+000 1.895770877e+000 
1.024025811e+000 1.809928248e+000 
1.170255807e+000 1.917306552e+000 
1.104874090e+000 1.887266646e+000 
1.093317804e+000 1.880356764e+000 
1.066299018e+000 1.859487587e+000 
1.117658016e+000 1.895159226e+000 
1.105895901e+000 1.888085849e+000 
1.107615859e+000 1.889251559e+000 
1.058279981e+000 1.851949081e+000 
1.070630468e+000 1.863227196e+000 
1.071238221e+000 1.863434367e+000 
1.102157388e+000 1.885592368e+000 
1.101005258e+000 1.884858376e+000 
1.064487515e+000 1.857540339e+000 
1.065806321e+000 1.858968451e+000 
1.026841384e+000 1.815106873e+000 
1.060549603e+000 1.854085730e+000 
1.060595166e+000 1.854327441e+000 
1.102580886e+000 1.885902676e+000 
1.019114887e+000 1.801603306e+000 
1.017757560e+000 1.798741510e+000 
1.069131993e+000 1.861831820e+000 
1.080793373e+000 1.871385214e+000 
1.156052651e+000 1.912196915e+000 
1.167656251e+000 1.916643571e+000 
1.010376684e+000 1.782531675e+000 
1.157421966e+000 1.912663751e+000 
1.145107932e+000 1.907535565e+000 
1.146881035e+000 1.908543641e+000 
1.145818706e+000 1.907697359e+000 
1.071544753e+000 1.863602600e+000 
1.331039204e+000 1.967528095e+000 
1.326414731e+000 1.966881653e+000 
1.180799798e+000 1.923246590e+000 
1.178874978e+000 1.920698812e+000 
1.330443330e+000 1.967189493e+000 
1.183316939e+000 1.923645825e+000 
1.219932114e+000 1.937813163e+000 
1.219395823e+000 1.937795152e+000 
1.342531721e+000 1.970277792e+000 
1.346042322e+000 1.971188346e+000 
1.335201630e+000 1.968931236e+000 
1.336480424e+000 1.968941493e+000 
1.752567218e+000 2.000000000e+000 
1.194737958e+000 1.928270901e+000 
1.324728006e+000 1.966739911e+000 
1.191208098e+000 1.926363291e+000 
1.192208941e+000 1.927292780e+000 
1.315934540e+000 1.965151242e+000 
1.294650470e+000 1.960128037e+000 
1.333185581e+000 1.968356949e+000 
1.226748736e+000 1.941217542e+000 
1.751191284e+000 1.999888302e+000 
1.316012873e+000 1.965373010e+000 
1.318737445e+000 1.965936226e+000 
1.331811414e+000 1.968353692e+000 
1.295891653e+000 1.960456702e+000 
1.319778550e+000 1.965980567e+000 
1.397083371e+000 1.978984392e+000 
1.327029188e+000 1.966884105e+000 
1.301881149e+000 1.962144924e+000 
1.292301802e+000 1.959855638e+000 
1.403811902e+000 1.980224376e+000 
1.161211107e+000 1.912742778e+000 
1.302612950e+000 1.962338839e+000 
1.737329106e+000 1.999651455e+000 
1.212408165e+000 1.936229967e+000 
1.742518132e+000 1.999750112e+000 
1.336807259e+000 1.969227617e+000 
1.230553334e+000 1.942239209e+000 
1.246681344e+000 1.947437425e+000 
1.393624934e+000 1.978719918e+000 
1.209899297e+000 1.935319455e+000 
1.257353696e+000 1.950672397e+000 
1.237158386e+000 1.944867727e+000 
1.226693841e+000 1.941201050e+000 
1.327039534e+000 1.966929405e+000 
1.243521077e+000 1.946479073e+000 
1.273342077e+000 1.954709980e+000 
1.267028762e+000 1.952946881e+000 
1.254327683e+000 1.950530366e+000 
1.207467060e+000 1.934253629e+000 
1.397481386e+000 1.979214716e+000 
1.207672296e+000 1.934432735e+000 
1.261612537e+000 1.951752719e+000 
1.350413393e+000 1.971504481e+000 
1.224447318e+000 1.940845146e+000 
1.227948931e+000 1.941607483e+000 
1.271653062e+000 1.954431085e+000 
1.249666713e+000 1.948261416e+000 
1.385881930e+000 1.977927927e+000 
1.225986307e+000 1.941162594e+000 
1.679948228e+000 1.998527674e+000 
1.221148731e+000 1.939592078e+000 
1.207073583e+000 1.933507004e+000 
1.285860434e+000 1.957791235e+000 
1.681878170e+000 1.998664467e+000 
1.221874436e+000 1.939858299e+000 
1.230943905e+000 1.942537733e+000 
1.227715224e+000 1.941434066e+000 
1.355335623e+000 1.971739564e+000 
1.348161592e+000 1.971290059e+000 
1.203533955e+000 1.933434145e+000 
1.189126250e+000 1.926304062e+000 
1.202734328e+000 1.933042690e+000 
1.201428270e+000 1.932129448e+000 
1.685761331e+000 1.998785810e+000 
1.282050114e+000 1.957190681e+000 
1.195204438e+000 1.928349082e+000 
1.200145910e+000 1.932013102e+000 
1.274915796e+000 1.955640109e+000 
1.278885070e+000 1.956669697e+000 
1.272770470e+000 1.954704458e+000 
1.263054675e+000 1.952175026e+000 
1.193692317e+000 1.927760980e+000 
1.199508232e+000 1.931349406e+000 
1.284914567e+000 1.957471275e+000 
1.264650872e+000 1.952876180e+000 
1.196764192e+000 1.929695537e+000 
1.260466257e+000 1.951145439e+000 
1.277980788e+000 1.955701633e+000 
1.281993714e+000 1.957101526e+000 
1.268202728e+000 1.953920480e+000 
1.174288956e+000 1.918643149e+000 
1.174992014e+000 1.918826223e+000 
1.300300574e+000 1.961677375e+000 
1.355675460e+000 1.972248006e+000 
1.295946310e+000 1.960547416e+000 
1.295425489e+000 1.960312321e+000 
1.307053259e+000 1.963336872e+000 
1.683215000e+000 1.998732809e+000 
1.686697233e+000 1.998828533e+000 
1.400578536e+000 1.980099096e+000 
1.216363413e+000 1.937383992e+000 
1.689110940e+000 1.998969320e+000 
1.233630325e+000 1.943296016e+000 
1.400478506e+000 1.979603815e+000 
1.302918847e+000 1.962845760e+000 
1.308206581e+000 1.963909493e+000 
1.312512707e+000 1.964746890e+000 
1.261586712e+000 1.951570699e+000 
1.214605603e+000 1.937096216e+000 
1.311926418e+000 1.964258350e+000 
1.253051180e+000 1.948487790e+000 
1.253268973e+000 1.948500036e+000 
1.292397489e+000 1.959888476e+000 
1.363104158e+000 1.973669656e+000 
1.373742552e+000 1.975383415e+000 
1.370243339e+000 1.975373943e+000 
1.318849644e+000 1.965968233e+000 
1.380553337e+000 1.976518747e+000 
1.278277341e+000 1.955986992e+000 
1.373948759e+000 1.975742499e+000 
1.365385477e+000 1.974638998e+000 
1.365802904e+000 1.974896678e+000 
1.381488041e+000 1.977069013e+000 
1.418237169e+000 1.981913010e+000 
1.426311402e+000 1.983856279e+000 
1.428186227e+000 1.984180552e+000 
1.430751142e+000 1.984828492e+000 
1.183067246e+000 1.923324612e+000 
1.185437881e+000 1.924814619e+000 
1.188724105e+000 1.925810722e+000 
1.173368346e+000 1.917839539e+000 
1.179453705e+000 1.922244535e+000 
1.183942940e+000 1.923716437e+000 
1.176321192e+000 1.920192353e+000 
1.186691967e+000 1.925212440e+000 
1.179338879e+000 1.921770596e+000 
1.409151778e+000 1.981461170e+000 
1.407451716e+000 1.981335807e+000 
1.414035272e+000 1.981741113e+000 
1.422449554e+000 1.982661052e+000 
1.405530604e+000 1.980585481e+000 
1.725502515e+000 1.999609338e+000 
1.735416885e+000 1.999615313e+000 
1.720736306e+000 1.999395298e+000 
1.708166642e+000 1.999254479e+000 
1.484077970e+000 1.989515086e+000 
1.436599016e+000 1.985086388e+000 
1.446318969e+000 1.986014294e+000 
1.477620467e+000 1.989117016e+000 
1.482922044e+000 1.989375801e+000 
1.484105091e+000 1.990377983e+000 
1.707522410e+000 1.999245642e+000 
1.521370318e+000 1.993212752e+000 
1.549368694e+000 1.994694762e+000 
1.540610492e+000 1.994091944e+000 
1.612982637e+000 1.997227847e+000 
1.520088029e+000 1.992953837e+000 
1.528615239e+000 1.993662212e+000 
1.654672251e+000 1.998188097e+000 
1.697405375e+000 1.999120928e+000 
1.606530976e+000 1.996717960e+000 
1.700774075e+000 1.999132964e+000 
1.383560604e+000 1.977082714e+000 
1.703528217e+000 1.999204452e+000 
1.647151946e+000 1.998044676e+000 
1.640486298e+000 1.998027259e+000 
1.638804575e+000 1.998004125e+000 
1.604825584e+000 1.996688980e+000 
1.626133657e+000 1.997598716e+000 
1.628695091e+000 1.997869537e+000 
1.630695396e+000 1.997941026e+000 
1.599483995e+000 1.996647791e+000 
1.580176104e+000 1.996374195e+000 
1.537763535e+000 1.994029634e+000 
1.628674362e+000 1.997643422e+000 
1.565055696e+000 1.995472047e+000 
1.586082109e+000 1.996488668e+000 
1.545386916e+000 1.994490062e+000 
1.570648740e+000 1.995796844e+000 
1.496528775e+000 1.991068770e+000 
1.540782899e+000 1.994321561e+000 
1.611774552e+000 1.996842806e+000 
1.571491402e+000 1.996166404e+000 
1.556316330e+000 1.995059480e+000 
1.493315497e+000 1.990422858e+000 
1.534875005e+000 1.993734000e+000 
1.672329776e+000 1.998328831e+000 
1.499226860e+000 1.991120332e+000 
1.564732655e+000 1.995158511e+000 
1.555340967e+000 1.994857189e+000 
1.553300121e+000 1.994832912e+000 
1.495016287e+000 1.990536094e+000 
1.590770161e+000 1.996507087e+000 
1.615628352e+000 1.997235440e+000 
1.606583103e+000 1.996791589e+000 
1.482351958e+000 1.989343323e+000 
1.516378689e+000 1.992388398e+000 
1.507376421e+000 1.991890346e+000 
1.511575319e+000 1.992305396e+000 
1.518239220e+000 1.992640597e+000 
1.516064889e+000 1.992368347e+000 
1.495030924e+000 1.990623972e+000 
1.420735624e+000 1.982276808e+000 
1.445392960e+000 1.985699242e+000 
1.450340717e+000 1.986271032e+000 
1.468813172e+000 1.988304508e+000 
1.465214898e+000 1.987450366e+000 
1.465575243e+000 1.987823995e+000 
1.461376345e+000 1.987408945e+000 
1.451729127e+000 1.986287919e+000 
1.455360045e+000 1.986628814e+000 
1.465366350e+000 1.987469338e+000 

