1.000700211e+000 1.015448059e+000 
1.000712382e+000 1.015451207e+000 
1.003205263e+000 1.128388578e+000 
1.003099063e+000 1.127704218e+000 
1.003050302e+000 1.127660744e+000 
1.001920641e+000 1.125757285e+000 
1.003733658e+000 1.129571105e+000 
1.002613842e+000 1.127434700e+000 
1.003508658e+000 1.129464549e+000 
1.001510456e+000 1.123902675e+000 
1.002902774e+000 1.127477551e+000 
1.002391332e+000 1.126549238e+000 
1.000213505e+000 1.007609292e+000 
1.000233922e+000 1.007610801e+000 
1.001069490e+000 1.075240072e+000 
1.001489681e+000 1.076670530e+000 
1.000967002e+000 1.073780580e+000 
1.000718575e+000 1.073347287e+000 
1.001241253e+000 1.076235780e+000 
1.000000001e+000 1.000389070e+000 
1.000184706e+000 1.003365178e+000 
1.000198232e+000 1.003368341e+000 
1.000074191e+000 1.003237770e+000 
1.000460627e+000 1.012767538e+000 
1.000381215e+000 1.012712783e+000 
1.000556892e+000 1.014031489e+000 
1.160909829e+000 1.949485492e+000 
1.123822896e+000 1.936682049e+000 
1.021127769e+000 1.858004675e+000 
1.006519060e+000 1.826477932e+000 
1.031852817e+000 1.874336341e+000 
1.114218756e+000 1.933031312e+000 
1.039811330e+000 1.882644084e+000 
1.019233121e+000 1.854793753e+000 
1.030671726e+000 1.872597541e+000 
1.005560502e+000 1.821850495e+000 
1.009052413e+000 1.834007028e+000 
1.138255416e+000 1.941959928e+000 
1.013572302e+000 1.843675685e+000 
1.092629808e+000 1.923122483e+000 
1.092043142e+000 1.922655064e+000 
1.128740238e+000 1.938403783e+000 
1.030437171e+000 1.871727755e+000 
1.043378657e+000 1.886895222e+000 
1.006083180e+000 1.823371775e+000 
1.007515076e+000 1.830100333e+000 
1.008525497e+000 1.832122212e+000 
1.105918196e+000 1.929545824e+000 
1.022993035e+000 1.860314271e+000 
1.030076712e+000 1.871593643e+000 
1.033459760e+000 1.876072118e+000 
1.071853707e+000 1.911946216e+000 
1.041928546e+000 1.885386706e+000 
1.004447419e+000 1.816646157e+000 
1.009774733e+000 1.835473942e+000 
1.014431868e+000 1.845386235e+000 
1.044658816e+000 1.888021049e+000 
1.076734752e+000 1.915313301e+000 
1.004131180e+000 1.813818637e+000 
1.120320240e+000 1.935146674e+000 
1.007888330e+000 1.830600911e+000 
1.005446614e+000 1.817864026e+000 
1.011322734e+000 1.839292192e+000 
1.007242676e+000 1.827957729e+000 
1.015455087e+000 1.847714148e+000 
1.015828341e+000 1.848485328e+000 
1.113994278e+000 1.932915881e+000 
1.112966076e+000 1.932250003e+000 
1.016565115e+000 1.849725578e+000 
1.038064890e+000 1.881096521e+000 
1.036400323e+000 1.879452065e+000 
1.015100561e+000 1.847018176e+000 
1.090718370e+000 1.922598616e+000 
1.028403129e+000 1.869256290e+000 
1.006892314e+000 1.827139458e+000 
1.029057552e+000 1.869821047e+000 
1.060185666e+000 1.903176685e+000 
1.011635327e+000 1.839912787e+000 
1.083541791e+000 1.918936335e+000 
1.036258615e+000 1.878981711e+000 
1.033793374e+000 1.876167276e+000 
1.006416392e+000 1.825175165e+000 
1.005133437e+000 1.817407487e+000 
1.005449677e+000 1.820235008e+000 
1.035873856e+000 1.878774363e+000 
1.005965877e+000 1.822078120e+000 
1.092102263e+000 1.922786817e+000 
1.014018074e+000 1.844989911e+000 
1.019962682e+000 1.856040730e+000 
1.018033480e+000 1.853067982e+000 
1.016956716e+000 1.851067784e+000 
1.080091814e+000 1.917110440e+000 
1.034084226e+000 1.876588341e+000 
1.008721144e+000 1.832265191e+000 
1.028328246e+000 1.868610472e+000 
1.087578812e+000 1.920823860e+000 
1.029848188e+000 1.871140113e+000 
1.020205449e+000 1.856645446e+000 
1.012106207e+000 1.841014306e+000 
1.139952274e+000 1.942890071e+000 
1.065600648e+000 1.907142085e+000 
1.007168593e+000 1.827354054e+000 
1.013028017e+000 1.842369515e+000 
1.014692204e+000 1.846367935e+000 
1.023014846e+000 1.861108469e+000 
1.012650492e+000 1.842320477e+000 
1.013319879e+000 1.843250395e+000 
1.042393845e+000 1.886127556e+000 
1.069009583e+000 1.909694786e+000 
1.066568394e+000 1.908290263e+000 
1.054880432e+000 1.898569130e+000 
1.021472339e+000 1.858584557e+000 
1.065713658e+000 1.907378440e+000 
1.017554574e+000 1.851417161e+000 
1.119349734e+000 1.934764506e+000 
1.124891343e+000 1.937074266e+000 
1.070036355e+000 1.910874445e+000 
1.005380416e+000 1.817837356e+000 
1.024339820e+000 1.862504006e+000 
1.052154795e+000 1.895760660e+000 
1.008508028e+000 1.831805033e+000 
1.037180342e+000 1.880502020e+000 
1.031346903e+000 1.872931906e+000 
1.075154166e+000 1.914059379e+000 
1.008412502e+000 1.830766407e+000 
1.078951596e+000 1.916183632e+000 
1.033058689e+000 1.875383271e+000 
1.045069619e+000 1.888804436e+000 
1.020192121e+000 1.856188980e+000 
1.032940656e+000 1.875279428e+000 
1.034239780e+000 1.877122072e+000 
1.006034340e+000 1.822403715e+000 
1.021835761e+000 1.859840185e+000 
1.023477147e+000 1.861989950e+000 
1.018929676e+000 1.854069032e+000 
1.006350194e+000 1.823818008e+000 
1.072700793e+000 1.912610222e+000 
1.077638442e+000 1.915766184e+000 
1.098128794e+000 1.925483571e+000 
1.081932638e+000 1.918155413e+000 
1.095251960e+000 1.924022799e+000 
1.092668599e+000 1.923359100e+000 
1.093965924e+000 1.923500421e+000 
1.082425858e+000 1.918448624e+000 
1.036656075e+000 1.879510853e+000 
1.109031687e+000 1.930450623e+000 
1.098499121e+000 1.926045642e+000 
1.038360807e+000 1.881439639e+000 
1.098004941e+000 1.925134525e+000 
1.041107572e+000 1.884892580e+000 
1.013961730e+000 1.844032360e+000 
1.059849493e+000 1.902877139e+000 
1.008840058e+000 1.833207972e+000 
1.058566311e+000 1.901833012e+000 
1.023234380e+000 1.861508468e+000 
1.040530131e+000 1.884163138e+000 
1.016457317e+000 1.849186463e+000 
1.046854060e+000 1.890602853e+000 
1.067079220e+000 1.908591653e+000 
1.129023516e+000 1.938493283e+000 
1.025086517e+000 1.863736452e+000 
1.129925510e+000 1.938691104e+000 
1.074705934e+000 1.913790342e+000 
1.096916510e+000 1.924869067e+000 
1.121693014e+000 1.935889627e+000 
1.123810309e+000 1.936334011e+000 
1.100957327e+000 1.926749716e+000 
1.125733830e+000 1.937514486e+000 
1.027711874e+000 1.867897285e+000 
1.026757273e+000 1.866309896e+000 
1.056491734e+000 1.900088857e+000 
1.054178921e+000 1.897583032e+000 
1.117735341e+000 1.934348411e+000 
1.026097766e+000 1.865434444e+000 
1.027159239e+000 1.867041949e+000 
1.130516653e+000 1.939222595e+000 
1.011308800e+000 1.839164806e+000 
1.010764516e+000 1.837858636e+000 
1.021805691e+000 1.859197059e+000 
1.009481187e+000 1.834523963e+000 
1.010985829e+000 1.837886885e+000 
1.064198840e+000 1.906463578e+000 
1.052637155e+000 1.896030470e+000 
1.049680154e+000 1.893223074e+000 
1.045768660e+000 1.889594234e+000 
1.055552815e+000 1.899185692e+000 
1.144457894e+000 1.944088636e+000 
1.135150465e+000 1.941187832e+000 
1.047157495e+000 1.891027098e+000 
1.018865343e+000 1.853606849e+000 
1.049404062e+000 1.892886161e+000 
1.026406621e+000 1.865959781e+000 
1.060730879e+000 1.903675724e+000 
1.057014412e+000 1.900553932e+000 
1.055837311e+000 1.899509979e+000 
1.025183148e+000 1.864156650e+000 
1.064947733e+000 1.906855877e+000 
1.043535474e+000 1.887267967e+000 
1.044812829e+000 1.888495933e+000 
1.062815474e+000 1.905095700e+000 
1.063849856e+000 1.905685834e+000 
1.062889929e+000 1.905098678e+000 
1.045666278e+000 1.889446555e+000 
1.051130240e+000 1.894751420e+000 
1.050988771e+000 1.894358127e+000 
1.092470063e+000 1.922891675e+000 
1.062007747e+000 1.904763350e+000 
1.185501618e+000 1.958474662e+000 
1.131184743e+000 1.939487686e+000 
1.170175981e+000 1.953093322e+000 
1.210269815e+000 1.964741657e+000 
1.259840370e+000 1.976167275e+000 
1.248279829e+000 1.973410073e+000 
1.121764779e+000 1.936250105e+000 
1.118084906e+000 1.934386092e+000 
1.218853325e+000 1.966879453e+000 
1.216772927e+000 1.966608302e+000 
1.188778864e+000 1.958719365e+000 
1.206116455e+000 1.963323987e+000 
1.208978705e+000 1.964739833e+000 
1.201788581e+000 1.962798445e+000 
1.194598304e+000 1.961144179e+000 
1.116073985e+000 1.933659651e+000 
1.147658425e+000 1.945269923e+000 
1.104771823e+000 1.927155963e+000 
1.237987065e+000 1.970970062e+000 
1.228961448e+000 1.969655154e+000 
1.236820908e+000 1.970264404e+000 
1.117264916e+000 1.933944947e+000 
1.248623319e+000 1.973577459e+000 
1.189989066e+000 1.959784111e+000 
1.188995422e+000 1.959173725e+000 
1.191414700e+000 1.960296385e+000 
1.249410325e+000 1.973735057e+000 
1.352489327e+000 1.990658399e+000 
1.331458769e+000 1.987892031e+000 
1.155029851e+000 1.947844821e+000 
1.353899846e+000 1.990878628e+000 
1.111077199e+000 1.931022424e+000 
1.110711470e+000 1.930495195e+000 
1.360426627e+000 1.991515376e+000 
1.133991749e+000 1.939784095e+000 
1.155350683e+000 1.948071249e+000 
1.402684671e+000 1.995558484e+000 
1.151822863e+000 1.947618149e+000 
1.148417705e+000 1.946461010e+000 
1.161226154e+000 1.949990201e+000 
1.150172178e+000 1.946718873e+000 
1.589753661e+000 1.999524517e+000 
1.402097476e+000 1.995496428e+000 
1.646942775e+000 2.000000000e+000 
1.174055630e+000 1.954867750e+000 
1.127687109e+000 1.937646959e+000 
1.153510681e+000 1.947833066e+000 
1.620159000e+000 1.999735181e+000 
1.150452879e+000 1.947052316e+000 
1.108984398e+000 1.929760372e+000 
1.198251188e+000 1.961806119e+000 
1.103960306e+000 1.926894000e+000 
1.196823670e+000 1.961290485e+000 
1.591328683e+000 1.999543592e+000 
1.621143674e+000 1.999881859e+000 
1.196825553e+000 1.961293227e+000 
1.637908254e+000 1.999968270e+000 
1.163042418e+000 1.951407464e+000 
1.170292349e+000 1.953823471e+000 
1.164468052e+000 1.951919054e+000 
1.176429215e+000 1.955775116e+000 
1.358908168e+000 1.991447977e+000 
1.144932633e+000 1.944780843e+000 
1.628081317e+000 1.999903705e+000 
1.156051650e+000 1.948866959e+000 
1.150170080e+000 1.946641353e+000 
1.129510193e+000 1.938680050e+000 
1.395454719e+000 1.994983984e+000 
1.467576307e+000 1.998332381e+000 
1.350679825e+000 1.990631593e+000 
1.576125221e+000 1.999428633e+000 
1.356720661e+000 1.991252590e+000 
1.576240501e+000 1.999449735e+000 
1.562428032e+000 1.999394483e+000 
1.134200712e+000 1.940002945e+000 
1.140741728e+000 1.943042320e+000 
1.141834169e+000 1.943388523e+000 
1.139666735e+000 1.942117461e+000 
1.143192661e+000 1.943860067e+000 
1.144618295e+000 1.944371658e+000 
1.504765246e+000 1.998869056e+000 
1.579019619e+000 1.999456561e+000 
1.161829776e+000 1.950546096e+000 
1.610464222e+000 1.999714039e+000 
1.165657775e+000 1.952139696e+000 
1.173612470e+000 1.954496660e+000 
1.167083409e+000 1.952651287e+000 
1.174780283e+000 1.955010581e+000 
1.168406600e+000 1.952789203e+000 
1.224621538e+000 1.968116013e+000 
1.220096845e+000 1.967400238e+000 
1.217777213e+000 1.966759209e+000 
1.511375923e+000 1.999005979e+000 
1.362125610e+000 1.992100920e+000 
1.596023695e+000 1.999660332e+000 
1.360483856e+000 1.991872463e+000 
1.368443187e+000 1.992675134e+000 
1.370121983e+000 1.992701133e+000 
1.531590145e+000 1.999223112e+000 
1.507167969e+000 1.998905926e+000 
1.231017454e+000 1.970215760e+000 
1.226759302e+000 1.969202492e+000 
1.396481890e+000 1.995116416e+000 
1.225748520e+000 1.968495584e+000 
1.537346790e+000 1.999288009e+000 
1.216275155e+000 1.966235502e+000 
1.512533131e+000 1.999041248e+000 
1.460963184e+000 1.998059846e+000 
1.241579721e+000 1.972169092e+000 
1.252439522e+000 1.974998459e+000 
1.542282805e+000 1.999309454e+000 
1.450649781e+000 1.997685344e+000 
1.453628436e+000 1.997695312e+000 
1.285434489e+000 1.982049117e+000 
1.270141569e+000 1.978962099e+000 
1.266038387e+000 1.978024900e+000 
1.284224333e+000 1.981426341e+000 
1.206597042e+000 1.963922883e+000 
1.288607362e+000 1.982473310e+000 
1.403959001e+000 1.995709348e+000 
1.282595323e+000 1.981284271e+000 
1.478863092e+000 1.998485119e+000 
1.210814096e+000 1.964807799e+000 
1.283161345e+000 1.981306947e+000 
1.355986749e+000 1.991227749e+000 
1.340918190e+000 1.989660779e+000 
1.344895758e+000 1.990263825e+000 
1.316739858e+000 1.986684165e+000 
1.342820861e+000 1.989919555e+000 
1.491283323e+000 1.998645854e+000 
1.523570977e+000 1.999148058e+000 
1.244919430e+000 1.973150160e+000 
1.440669246e+000 1.997276542e+000 
1.263565098e+000 1.977432588e+000 
1.456896585e+000 1.997857573e+000 
1.181878187e+000 1.957135859e+000 
1.472648731e+000 1.998377454e+000 
1.268851491e+000 1.978410877e+000 
1.212175674e+000 1.965531463e+000 
1.338055004e+000 1.989527752e+000 
1.459211013e+000 1.997892117e+000 
1.245343780e+000 1.973342152e+000 
1.238999738e+000 1.971777041e+000 
1.178721715e+000 1.956080305e+000 
1.331484386e+000 1.988700711e+000 
1.334093634e+000 1.988838078e+000 
1.186782807e+000 1.958546816e+000 
1.510994637e+000 1.998988292e+000 
1.244446914e+000 1.972906316e+000 
1.257946027e+000 1.975848783e+000 
1.245452437e+000 1.973406745e+000 
1.185385057e+000 1.957954146e+000 
1.179521721e+000 1.956135750e+000 
1.184587252e+000 1.957952608e+000 
1.425543078e+000 1.996707780e+000 
1.181821984e+000 1.956802464e+000 
1.474043705e+000 1.998456220e+000 
1.494547364e+000 1.998860470e+000 
1.184129384e+000 1.957713673e+000 
1.410021699e+000 1.995898559e+000 
1.517548046e+000 1.999096200e+000 
1.426589475e+000 1.996880469e+000 
1.420590763e+000 1.996598987e+000 
1.269126277e+000 1.978456247e+000 
1.342766703e+000 1.989665119e+000 
1.561060774e+000 1.999384238e+000 
1.258277384e+000 1.975865456e+000 
1.276157281e+000 1.979803314e+000 
1.301660483e+000 1.984435486e+000 
1.303401281e+000 1.985047677e+000 
1.305874787e+000 1.985068847e+000 
1.313821604e+000 1.986409491e+000 
1.264806949e+000 1.977507628e+000 
1.414015636e+000 1.996085859e+000 
1.317200197e+000 1.986734615e+000 
1.319192582e+000 1.987173967e+000 
1.322430981e+000 1.987372742e+000 
1.433939031e+000 1.996994282e+000 
1.433027138e+000 1.996950822e+000 
1.431563918e+000 1.996941857e+000 
1.433878347e+000 1.996989822e+000 
1.381841707e+000 1.994242383e+000 
1.431591310e+000 1.996948200e+000 
1.321396409e+000 1.987183394e+000 
1.414043027e+000 1.996092504e+000 
1.377436273e+000 1.993531993e+000 
1.366304714e+000 1.992623383e+000 
1.389831728e+000 1.994492130e+000 
1.414899067e+000 1.996400021e+000 
1.449130131e+000 1.997470197e+000 
1.380909590e+000 1.994151262e+000 
1.403505221e+000 1.995582609e+000 
1.392702464e+000 1.994879929e+000 
1.390415427e+000 1.994870123e+000 
1.380632603e+000 1.993995656e+000 
1.400490379e+000 1.995358701e+000 
1.446843094e+000 1.997441814e+000 
1.334573385e+000 1.988869356e+000 
1.372686151e+000 1.992884801e+000 
1.309586705e+000 1.985512935e+000 
1.249426448e+000 1.974306439e+000 
1.291481703e+000 1.983052332e+000 
1.254959947e+000 1.975679099e+000 
1.294128159e+000 1.983375571e+000 
1.294552509e+000 1.983558342e+000 
1.299459557e+000 1.984246901e+000 

