1.049583250e+000 1.955436160e+000 
1.057105550e+000 1.960864101e+000 
1.015985923e+000 1.915423248e+000 
1.017773213e+000 1.918236201e+000 
1.053023468e+000 1.957719191e+000 
1.053406556e+000 1.959044326e+000 
1.009993995e+000 1.903146593e+000 
1.061071630e+000 1.963514355e+000 
1.054541519e+000 1.959541956e+000 
1.008843850e+000 1.901174283e+000 
1.016907732e+000 1.916508242e+000 
1.007080570e+000 1.896601588e+000 
1.029623744e+000 1.935404392e+000 
1.061461664e+000 1.963825600e+000 
1.058122120e+000 1.962226622e+000 
1.009077028e+000 1.901180538e+000 
1.011861251e+000 1.907531210e+000 
1.010223249e+000 1.904940149e+000 
1.055956852e+000 1.959654669e+000 
1.010952052e+000 1.905981705e+000 
1.007697572e+000 1.897515594e+000 
1.010707137e+000 1.905316294e+000 
1.015911427e+000 1.915074270e+000 
1.059817809e+000 1.962494295e+000 
1.011585380e+000 1.907233071e+000 
1.014862088e+000 1.912837095e+000 
1.014133285e+000 1.911795539e+000 
1.010166910e+000 1.903382758e+000 
1.015011528e+000 1.913749840e+000 
1.013596283e+000 1.911445563e+000 
1.013163146e+000 1.909983856e+000 
1.013446842e+000 1.910570343e+000 
1.007941168e+000 1.898664106e+000 
1.015688671e+000 1.914791131e+000 
1.052054430e+000 1.956980710e+000 
1.031683748e+000 1.937957534e+000 
1.064528809e+000 1.965253373e+000 
1.063208941e+000 1.964846474e+000 
1.006646927e+000 1.895208693e+000 
1.022485025e+000 1.924970784e+000 
1.008141854e+000 1.899248408e+000 
1.045720361e+000 1.951810868e+000 
1.012262523e+000 1.908264711e+000 
1.011435940e+000 1.906357850e+000 
1.016417474e+000 1.915832687e+000 
1.007769628e+000 1.897889045e+000 
1.012718040e+000 1.909528787e+000 
1.006780040e+000 1.896340644e+000 
1.016640230e+000 1.916115826e+000 
1.014273426e+000 1.912548025e+000 
1.007374298e+000 1.897502899e+000 
1.010140211e+000 1.903370647e+000 
1.005933785e+000 1.893650020e+000 
1.043179643e+000 1.949549971e+000 
1.009438107e+000 1.902341203e+000 
1.017340869e+000 1.918072710e+000 
1.005879296e+000 1.893582194e+000 
1.006435184e+000 1.894676128e+000 
1.004733018e+000 1.889924123e+000 
1.006207218e+000 1.894059214e+000 
1.057070977e+000 1.960202399e+000 
1.004371374e+000 1.889820189e+000 
1.018978870e+000 1.920578290e+000 
1.018756114e+000 1.920319689e+000 
1.032809492e+000 1.939298901e+000 
1.030357415e+000 1.936474726e+000 
1.003815487e+000 1.888727466e+000 
1.012256498e+000 1.908026639e+000 
1.002464114e+000 1.881360641e+000 
1.000772738e+000 1.873872392e+000 
1.001317836e+000 1.877612901e+000 
1.004231619e+000 1.888877052e+000 
1.003358266e+000 1.886334678e+000 
1.053002631e+000 1.957536254e+000 
1.002124111e+000 1.881306712e+000 
1.002669208e+000 1.885047222e+000 
1.005217629e+000 1.891669308e+000 
1.005377898e+000 1.892557296e+000 
1.016634205e+000 1.915857089e+000 
1.021404042e+000 1.924035290e+000 
1.014996204e+000 1.913310796e+000 
1.005015641e+000 1.890008434e+000 
1.026168819e+000 1.931411939e+000 
1.015682646e+000 1.914537605e+000 
1.014267401e+000 1.912269240e+000 
1.008482771e+000 1.899385378e+000 
1.014721941e+000 1.912558081e+000 
1.059834824e+000 1.962528493e+000 
1.063195205e+000 1.964310409e+000 
1.009804007e+000 1.902781717e+000 
1.013083939e+000 1.909961014e+000 
1.009209750e+000 1.901615490e+000 
1.033538295e+000 1.940340456e+000 
1.005098918e+000 1.890379287e+000 
1.036096915e+000 1.942838583e+000 
1.048854447e+000 1.954394604e+000 
1.035368112e+000 1.941797027e+000 
1.041410957e+000 1.948084646e+000 
1.041979537e+000 1.948516086e+000 
1.009912245e+000 1.902839958e+000 
1.023843021e+000 1.928163480e+000 
1.002636605e+000 1.881484482e+000 
1.007915844e+000 1.897894370e+000 
1.007213741e+000 1.896733981e+000 
1.002068762e+000 1.879108509e+000 
1.012271969e+000 1.908654968e+000 
1.009210141e+000 1.901679584e+000 
1.001924124e+000 1.878050877e+000 
1.024571823e+000 1.929205036e+000 
1.026348719e+000 1.931669491e+000 
1.029754839e+000 1.936369997e+000 
1.026666216e+000 1.932105412e+000 
1.043825015e+000 1.950578365e+000 
1.059855661e+000 1.962711431e+000 
1.045273846e+000 1.951709938e+000 
1.042139760e+000 1.949126202e+000 
1.023646964e+000 1.927635418e+000 
1.043096212e+000 1.949536809e+000 
1.046002649e+000 1.952751494e+000 
1.038116648e+000 1.945296071e+000 
1.035284681e+000 1.941783866e+000 
1.027254921e+000 1.932145099e+000 
1.040675268e+000 1.947794198e+000 
1.029026036e+000 1.935328442e+000 
1.037387845e+000 1.944254516e+000 
1.022918161e+000 1.926593862e+000 
1.005651330e+000 1.892904151e+000 
1.032644743e+000 1.938813194e+000 
1.009766029e+000 1.902546098e+000 
1.006353434e+000 1.894064540e+000 
1.012490073e+000 1.908888349e+000 
1.043760282e+000 1.950107652e+000 
1.008615884e+000 1.900517329e+000 
1.038099222e+000 1.944352881e+000 
1.029737413e+000 1.935430285e+000 
1.023140917e+000 1.926880138e+000 
1.027379359e+000 1.933078066e+000 
1.039041770e+000 1.945602771e+000 
1.033390131e+000 1.939863606e+000 
1.039897393e+000 1.946459503e+000 
1.025964113e+000 1.930822070e+000 
1.027512472e+000 1.933741737e+000 
1.040626195e+000 1.947501059e+000 
1.064665724e+000 1.965503282e+000 
1.038448561e+000 1.945304136e+000 
1.049316069e+000 1.955057621e+000 
1.062166269e+000 1.964019291e+000 
1.057402661e+000 1.961191066e+000 
1.048773130e+000 1.954131792e+000 
1.035910348e+000 1.942771657e+000 
1.028944718e+000 1.934941506e+000 
1.024556163e+000 1.929136134e+000 
1.019988796e+000 1.921705744e+000 
1.019259994e+000 1.920664188e+000 
1.044489085e+000 1.951149208e+000 
1.047994035e+000 1.953902584e+000 
1.050875113e+000 1.956283667e+000 
1.031212497e+000 1.937666683e+000 
1.031941300e+000 1.938708239e+000 
1.045192528e+000 1.951447126e+000 
1.030799895e+000 1.937177422e+000 
1.043014894e+000 1.949180604e+000 
1.025148565e+000 1.929514113e+000 
1.035874281e+000 1.942659254e+000 
1.048363232e+000 1.953982559e+000 
1.025284966e+000 1.930177690e+000 
1.031925639e+000 1.938048902e+000 
1.034499920e+000 1.941176484e+000 
1.032654442e+000 1.939090458e+000 
1.028241275e+000 1.934783293e+000 
1.039161704e+000 1.946169055e+000 
1.036603083e+000 1.943700810e+000 
1.051277879e+000 1.956713589e+000 
1.057091814e+000 1.960359725e+000 
1.056062879e+000 1.960068607e+000 
1.047905902e+000 1.952992892e+000 
1.056432075e+000 1.960147315e+000 
1.039865147e+000 1.946420667e+000 
1.052482277e+000 1.957383941e+000 
1.052851474e+000 1.957462649e+000 
1.049100245e+000 1.954568859e+000 
1.049978590e+000 1.955477794e+000 
1.050171669e+000 1.956076081e+000 
1.037306527e+000 1.943860851e+000 
1.029347484e+000 1.935386533e+000 
1.017235871e+000 1.916858921e+000 
1.021835378e+000 1.924616941e+000 
1.021626798e+000 1.924326024e+000 
1.028215916e+000 1.933899950e+000 
1.022779061e+000 1.925731895e+000 
1.025269550e+000 1.930141609e+000 
1.020897995e+000 1.923284468e+000 
1.020675239e+000 1.922993734e+000 
1.023631548e+000 1.927509992e+000 
1.023498435e+000 1.926935666e+000 
1.020412257e+000 1.922050660e+000 
1.022050259e+000 1.924690339e+000 
1.020635013e+000 1.922336496e+000 
1.021392335e+000 1.923480061e+000 
1.000000000e+000 1.255402923e+000 
1.000475520e+000 1.257778872e+000 
1.000342406e+000 1.257461921e+000 
1.000264209e+000 1.256483516e+000 
1.000546081e+000 1.581839165e+000 
1.000677176e+000 1.584516921e+000 
1.019543796e+000 1.920988821e+000 
1.017936283e+000 1.919708723e+000 
1.113698383e+000 1.990415017e+000 
1.075569300e+000 1.972587403e+000 
1.114339227e+000 1.990431487e+000 
1.106662876e+000 1.987932330e+000 
1.088837729e+000 1.980577837e+000 
1.110006747e+000 1.989103066e+000 
1.113003050e+000 1.990125899e+000 
1.101987607e+000 1.985836310e+000 
1.105967543e+000 1.987643212e+000 
1.063620619e+000 1.964953718e+000 
1.083395499e+000 1.977778758e+000 
1.170159405e+000 1.997718261e+000 
1.229705360e+000 1.999433122e+000 
1.103567721e+000 1.987232103e+000 
1.249720958e+000 1.999598048e+000 
1.178388562e+000 1.998128047e+000 
1.069954992e+000 1.969336174e+000 
1.068656650e+000 1.969009257e+000 
1.126744273e+000 1.994623004e+000 
1.110313258e+000 1.989229826e+000 
1.122057627e+000 1.992747689e+000 
1.075367139e+000 1.972505924e+000 
1.204668327e+000 1.998975075e+000 
1.124972018e+000 1.992935524e+000 
1.158120230e+000 1.997124005e+000 
1.169494044e+000 1.997684980e+000 
1.111939406e+000 1.990020377e+000 
1.115919341e+000 1.991787141e+000 
1.107547657e+000 1.988998867e+000 
1.084857794e+000 1.978727276e+000 
1.080989156e+000 1.976439077e+000 
1.269138046e+000 1.999782777e+000 
1.098914643e+000 1.984960465e+000 
1.094934708e+000 1.983152274e+000 
1.024212099e+000 1.928853868e+000 
1.110603228e+000 1.989714790e+000 
1.114583164e+000 1.991481554e+000 
1.144196817e+000 1.996311573e+000 
1.166848060e+000 1.997533792e+000 
1.183230319e+000 1.998195287e+000 
1.063889469e+000 1.964955963e+000 
1.022399410e+000 1.924961752e+000 
1.081326282e+000 1.976626912e+000 
1.098244867e+000 1.984865172e+000 
1.080856854e+000 1.975853007e+000 
1.085995878e+000 1.979233468e+000 
1.118516008e+000 1.991974977e+000 
1.177623928e+000 1.998094767e+000 
1.149884536e+000 1.996616980e+000 
1.171502019e+000 1.997781859e+000 
1.079718770e+000 1.975346814e+000 
1.147876561e+000 1.996520102e+000 
1.087555435e+000 1.979432446e+000 
1.089174856e+000 1.980765673e+000 
1.085194920e+000 1.978915111e+000 
1.091424073e+000 1.981720645e+000 
1.069779396e+000 1.969126747e+000 
1.078147305e+000 1.975100333e+000 
1.080519728e+000 1.975665171e+000 
1.075782238e+000 1.973145302e+000 
1.082015942e+000 1.977388531e+000 
1.095404009e+000 1.983524803e+000 
1.099241811e+000 1.985329956e+000 
1.103221747e+000 1.987138147e+000 
1.094264932e+000 1.983056981e+000 
1.076539792e+000 1.973820234e+000 
1.105669965e+000 1.987547933e+000 
1.101690030e+000 1.985739742e+000 
1.086333004e+000 1.979421304e+000 
1.082353069e+000 1.977576367e+000 
1.096637355e+000 1.984662781e+000 
1.103661991e+000 1.987451055e+000 
1.092657419e+000 1.982854589e+000 
1.099682055e+000 1.985642864e+000 
1.078064780e+000 1.974110150e+000 
1.163880815e+000 1.997396570e+000 
1.110079225e+000 1.989201258e+000 
1.291418221e+000 1.999813528e+000 
1.078484431e+000 1.975288168e+000 
1.076876919e+000 1.974008069e+000 
1.088788781e+000 1.980566391e+000 
1.247984791e+000 1.999594942e+000 
1.273826188e+000 1.999812165e+000 
1.118278203e+000 1.991884019e+000 
1.138816759e+000 1.996045748e+000 
1.152740172e+000 1.996858180e+000 
1.162068235e+000 1.997139528e+000 
1.194523785e+000 1.998760545e+000 
1.097065030e+000 1.984688531e+000 
1.294979444e+000 2.000000000e+000 
1.216889193e+000 1.999197099e+000 
1.156616879e+000 1.997075809e+000 
1.173112361e+000 1.997815139e+000 
1.177429946e+000 1.998008463e+000 
1.162132500e+000 1.997196030e+000 
1.150617792e+000 1.996679353e+000 
1.190258852e+000 1.998454957e+000 
1.190565364e+000 1.998581718e+000 
1.136694379e+000 1.995866921e+000 
1.126364172e+000 1.994496587e+000 
1.201719126e+000 1.998962323e+000 
1.176512677e+000 1.997835212e+000 
1.189807738e+000 1.998447637e+000 
1.072022533e+000 1.970658052e+000 
1.162738789e+000 1.997388717e+000 
1.107274973e+000 1.988034976e+000 
1.154608904e+000 1.996978931e+000 
1.071386908e+000 1.970406846e+000 
1.102493557e+000 1.986632958e+000 
1.220804118e+000 1.999328985e+000 
1.066954001e+000 1.966968168e+000 
1.064804505e+000 1.966050981e+000 
1.133928779e+000 1.995635961e+000 
1.072525288e+000 1.971297455e+000 
1.067049137e+000 1.967729158e+000 
1.271043076e+000 1.999785108e+000 
1.170753088e+000 1.997735729e+000 
1.088369131e+000 1.980126040e+000 
1.222762154e+000 1.999359992e+000 
1.188694578e+000 1.998434885e+000 
1.092237769e+000 1.982414239e+000 
1.134179245e+000 1.995669121e+000 
1.070967258e+000 1.970112592e+000 
1.168745113e+000 1.997638851e+000 
1.098822160e+000 1.984889605e+000 
1.129401813e+000 1.994772292e+000 
1.122658980e+000 1.992780849e+000 
1.123413902e+000 1.992908649e+000 
1.075864612e+000 1.973213321e+000 
1.110503000e+000 1.989707469e+000 
1.120621221e+000 1.992434781e+000 
1.165687990e+000 1.997401469e+000 
1.074257100e+000 1.971933222e+000 
1.064119290e+000 1.965227866e+000 
1.079733250e+000 1.975501519e+000 
1.074835896e+000 1.972400790e+000 
1.183020012e+000 1.998181402e+000 
1.132141486e+000 1.995323053e+000 
1.208678517e+000 1.999141150e+000 
1.065507601e+000 1.966363153e+000 
1.146976831e+000 1.996448394e+000 
1.145219323e+000 1.996384675e+000 
1.113598155e+000 1.990407697e+000 
1.088676250e+000 1.980218804e+000 
1.264728157e+000 1.999643124e+000 
1.211427158e+000 1.999143567e+000 
1.070404955e+000 1.969451089e+000 
1.102802096e+000 1.986696508e+000 
1.130308229e+000 1.994863249e+000 
1.090374727e+000 1.981705245e+000 
1.109906519e+000 1.989095745e+000 
1.223504985e+000 1.999366456e+000 
1.118027736e+000 1.991850860e+000 
1.226116994e+000 1.999385627e+000 
1.120651006e+000 1.992683970e+000 
1.129151346e+000 1.994739132e+000 
1.089561031e+000 1.981011651e+000 
1.110427251e+000 1.989311383e+000 
1.132171271e+000 1.995572243e+000 
1.140685491e+000 1.996166499e+000 
1.130835093e+000 1.995266655e+000 
1.148815376e+000 1.996576285e+000 
1.102055566e+000 1.986523109e+000 
1.109656052e+000 1.989062585e+000 
1.074037661e+000 1.971602700e+000 
1.112784459e+000 1.990062275e+000 
1.130383978e+000 1.995259335e+000 
1.118863713e+000 1.992371062e+000 
1.125352932e+000 1.993797247e+000 
1.186425730e+000 1.998350759e+000 
1.181337763e+000 1.998140799e+000 
1.084223251e+000 1.978098136e+000 
1.247352773e+000 1.999486190e+000 
1.254835536e+000 1.999615693e+000 
1.127393838e+000 1.994675414e+000 
1.114482936e+000 1.991474233e+000 
1.125606546e+000 1.994362505e+000 
1.096217704e+000 1.984221141e+000 
1.225291316e+000 1.999372646e+000 
1.268854461e+000 1.999652941e+000 
1.146217905e+000 1.996423177e+000 
1.233248087e+000 1.999448067e+000 
1.247482572e+000 1.999571213e+000 
1.249864627e+000 1.999601132e+000 
1.217086134e+000 1.999219581e+000 
1.143634692e+000 1.996179251e+000 
1.211627718e+000 1.999153902e+000 
1.160970158e+000 1.997136757e+000 

