1.000627688e+000 1.000106176e+000 
1.000937158e+000 1.000118211e+000 
1.000822297e+000 1.000114820e+000 
1.001020166e+000 1.000119080e+000 
1.000480683e+000 1.000099358e+000 
1.000844360e+000 1.000115116e+000 
1.000889563e+000 1.000115689e+000 
1.000917545e+000 1.000117857e+000 
1.000507121e+000 1.000102785e+000 
1.000658902e+000 1.000109082e+000 
1.000560733e+000 1.000103200e+000 
1.034090751e+000 1.393895709e+000 
1.034659781e+000 1.394508783e+000 
1.040040999e+000 1.399478294e+000 
1.039864785e+000 1.399164612e+000 
1.034306302e+000 1.394107555e+000 
1.034413670e+000 1.394256741e+000 
1.039154157e+000 1.398632017e+000 
1.034060190e+000 1.393855512e+000 
1.038921915e+000 1.398484707e+000 
1.032773729e+000 1.391838998e+000 
1.035043809e+000 1.394935737e+000 
1.041354209e+000 1.400402434e+000 
1.033800613e+000 1.393375469e+000 
1.035564667e+000 1.395296110e+000 
1.035898577e+000 1.395698124e+000 
1.038187447e+000 1.397684870e+000 
1.037936544e+000 1.397366583e+000 
1.033534958e+000 1.392962899e+000 
1.037219969e+000 1.396921336e+000 
1.036961168e+000 1.396736206e+000 
1.034949902e+000 1.394813616e+000 
1.038198098e+000 1.397731282e+000 
1.037757532e+000 1.397308801e+000 
1.006679680e+000 1.003493852e+000 
1.006766154e+000 1.003495730e+000 
1.004406373e+000 1.002957227e+000 
1.004697817e+000 1.003068534e+000 
1.004809630e+000 1.003078645e+000 
1.004545071e+000 1.003057778e+000 
1.004198818e+000 1.002933405e+000 
1.007079598e+000 1.003517426e+000 
1.007460393e+000 1.003574376e+000 
1.005344420e+000 1.003258324e+000 
1.004022901e+000 1.002873946e+000 
1.004982686e+000 1.003144301e+000 
1.004327463e+000 1.002949405e+000 
1.003854688e+000 1.002803883e+000 
1.007313329e+000 1.003570311e+000 
1.005269407e+000 1.003211381e+000 
1.004192670e+000 1.002897305e+000 
1.004499750e+000 1.003012278e+000 
1.007774018e+000 1.003626687e+000 
1.007957581e+000 1.003664905e+000 
1.005792592e+000 1.003328852e+000 
1.004940393e+000 1.003141960e+000 
1.005749452e+000 1.003322998e+000 
1.004351269e+000 1.002951764e+000 
1.004895993e+000 1.003136677e+000 
1.006011726e+000 1.003381418e+000 
1.005226267e+000 1.003205536e+000 
1.006577601e+000 1.003454744e+000 
1.007534195e+000 1.003602916e+000 
1.004853307e+000 1.003083733e+000 
1.006448409e+000 1.003443455e+000 
1.008193301e+000 1.003688471e+000 
1.005674118e+000 1.003316312e+000 
1.005489490e+000 1.003263928e+000 
1.006408773e+000 1.003442033e+000 
1.059171464e+000 1.906754618e+000 
1.062717857e+000 1.908684399e+000 
1.082796290e+000 1.921425491e+000 
1.094035730e+000 1.926863746e+000 
1.097340746e+000 1.928011565e+000 
1.164457490e+000 1.949005524e+000 
1.257593832e+000 1.965860282e+000 
1.092411303e+000 1.926164082e+000 
1.056289847e+000 1.904579996e+000 
1.079291219e+000 1.919330492e+000 
1.056175809e+000 1.904364570e+000 
1.209248908e+000 1.958474868e+000 
1.064628746e+000 1.909866171e+000 
1.181677595e+000 1.953369943e+000 
1.048836279e+000 1.897528210e+000 
1.066472837e+000 1.911389432e+000 
1.053479798e+000 1.902011901e+000 
1.066547654e+000 1.911429829e+000 
1.094038110e+000 1.926879312e+000 
1.062257895e+000 1.908552366e+000 
1.073294390e+000 1.915445070e+000 
1.047675186e+000 1.896456954e+000 
1.195130421e+000 1.955582885e+000 
1.209552059e+000 1.958520230e+000 
1.082918322e+000 1.921451490e+000 
1.060146280e+000 1.907028182e+000 
1.060904928e+000 1.907859320e+000 
1.050686889e+000 1.899472594e+000 
1.057147304e+000 1.905213367e+000 
1.065350652e+000 1.910596734e+000 
1.131815739e+000 1.940163414e+000 
1.121466474e+000 1.937311891e+000 
1.090217293e+000 1.924748506e+000 
1.132819000e+000 1.940269347e+000 
1.047593378e+000 1.896376467e+000 
1.065137606e+000 1.910226714e+000 
1.067250573e+000 1.911973802e+000 
1.147933352e+000 1.945044613e+000 
1.156961576e+000 1.947020262e+000 
1.101302427e+000 1.930098263e+000 
1.158665751e+000 1.947696635e+000 
1.163378121e+000 1.948775121e+000 
1.054046908e+000 1.902605162e+000 
1.082440337e+000 1.921148281e+000 
1.097600540e+000 1.928625371e+000 
1.086190206e+000 1.923047227e+000 
1.181898175e+000 1.953430136e+000 
1.081880365e+000 1.920938695e+000 
1.064074188e+000 1.909478642e+000 
1.048088840e+000 1.896915669e+000 
1.072760447e+000 1.915213493e+000 
1.108774801e+000 1.932994604e+000 
1.098124049e+000 1.928749521e+000 
1.049654682e+000 1.898503583e+000 
1.254549513e+000 1.965795270e+000 
1.062104087e+000 1.908371152e+000 
1.054680501e+000 1.903104003e+000 
1.109260507e+000 1.933322834e+000 
1.089110720e+000 1.924464176e+000 
1.046770094e+000 1.895477891e+000 
1.099789016e+000 1.929481862e+000 
1.046898968e+000 1.895817270e+000 
1.046390837e+000 1.895009986e+000 
1.052643926e+000 1.901329041e+000 
1.050908226e+000 1.899611394e+000 
1.087716312e+000 1.923707456e+000 
1.045066722e+000 1.892903222e+000 
1.068621199e+000 1.912599199e+000 
1.050150143e+000 1.899042785e+000 
1.049905720e+000 1.898872523e+000 
1.211516139e+000 1.958955786e+000 
1.211618274e+000 1.959052680e+000 
1.138904667e+000 1.942660527e+000 
1.211005981e+000 1.958935161e+000 
1.058584258e+000 1.906205506e+000 
1.095301664e+000 1.927392941e+000 
1.107430313e+000 1.932588929e+000 
1.195711511e+000 1.955824948e+000 
1.109437199e+000 1.933451225e+000 
1.051212039e+000 1.899885912e+000 
1.061848318e+000 1.908228347e+000 
1.123063268e+000 1.937700031e+000 
1.103938062e+000 1.930990718e+000 
1.117696185e+000 1.936227910e+000 
1.276553053e+000 1.967172867e+000 
1.055810070e+000 1.904055394e+000 
1.124019250e+000 1.938022056e+000 
1.109810633e+000 1.933536522e+000 
1.115708598e+000 1.935717435e+000 
1.046603961e+000 1.895201198e+000 
1.156224665e+000 1.946899065e+000 
1.217748885e+000 1.960477384e+000 
1.099095866e+000 1.929103772e+000 
1.248644920e+000 1.964940926e+000 
1.045191323e+000 1.893269477e+000 
1.106466189e+000 1.932255199e+000 
1.080937978e+000 1.920109723e+000 
1.056923639e+000 1.904947877e+000 
1.070783223e+000 1.913783712e+000 
1.057393206e+000 1.905372850e+000 
1.193278875e+000 1.955192453e+000 
1.045734806e+000 1.893919545e+000 
1.241680648e+000 1.963882250e+000 
1.251506256e+000 1.965643534e+000 
1.129636301e+000 1.939480351e+000 
1.069472283e+000 1.913232456e+000 
1.221548554e+000 1.961047966e+000 
1.080007118e+000 1.919561090e+000 
1.128358490e+000 1.939054844e+000 
1.193541840e+000 1.955248886e+000 
1.047721261e+000 1.896460526e+000 
1.068700245e+000 1.912640739e+000 
1.074337820e+000 1.916139702e+000 
1.100628408e+000 1.929594919e+000 
1.196934142e+000 1.956116583e+000 
1.261886348e+000 1.966335536e+000 
1.086567892e+000 1.923187068e+000 
1.130218593e+000 1.939696285e+000 
1.101149406e+000 1.929957895e+000 
1.069392393e+000 1.913011560e+000 
1.092097300e+000 1.926044895e+000 
1.123583852e+000 1.937959279e+000 
1.144251649e+000 1.944028112e+000 
1.132929085e+000 1.940441946e+000 
1.173101534e+000 1.951659123e+000 
1.216090609e+000 1.959305933e+000 
1.142889841e+000 1.943560801e+000 
1.103464247e+000 1.930818694e+000 
1.102583963e+000 1.930433275e+000 
1.090324677e+000 1.925050734e+000 
1.120465347e+000 1.937162348e+000 
1.213722253e+000 1.959248236e+000 
1.118785275e+000 1.936508238e+000 
1.152627905e+000 1.945846022e+000 
1.167376778e+000 1.950148028e+000 
1.170106305e+000 1.950876626e+000 
1.088341249e+000 1.923936906e+000 
1.166176544e+000 1.949605303e+000 
1.104408474e+000 1.931187846e+000 
1.203350703e+000 1.957064735e+000 
1.095488319e+000 1.927517949e+000 
1.134095560e+000 1.940823497e+000 
1.234537004e+000 1.962787147e+000 
1.075269968e+000 1.916954927e+000 
1.105068716e+000 1.931315040e+000 
1.141134291e+000 1.943234218e+000 
1.104997570e+000 1.931295385e+000 
1.165121537e+000 1.949584890e+000 
1.105787251e+000 1.931752063e+000 
1.190101072e+000 1.954890901e+000 
1.075664189e+000 1.917142411e+000 
1.139936491e+000 1.942826693e+000 
1.075887335e+000 1.917143915e+000 
1.074447325e+000 1.916414948e+000 
1.138229078e+000 1.942382334e+000 
1.220212791e+000 1.960683488e+000 
1.077735128e+000 1.918262615e+000 
1.187452483e+000 1.954310792e+000 
1.135048348e+000 1.941170851e+000 
1.153549459e+000 1.946396442e+000 
1.077055050e+000 1.917919008e+000 
1.227709904e+000 1.961777282e+000 
1.245855774e+000 1.964292993e+000 
1.072578472e+000 1.914954022e+000 
1.247988729e+000 1.964642507e+000 
1.088994654e+000 1.924231432e+000 
1.155533137e+000 1.946775226e+000 
1.159676026e+000 1.947978685e+000 
1.227850346e+000 1.961830120e+000 
1.183686444e+000 1.953845321e+000 
1.228985013e+000 1.962117375e+000 
1.173893181e+000 1.951993120e+000 
1.174697798e+000 1.952129595e+000 
1.133815734e+000 1.940729998e+000 
1.162002815e+000 1.948448482e+000 
1.227182579e+000 1.961621038e+000 
1.131364444e+000 1.939923769e+000 
1.146451402e+000 1.944555619e+000 
1.128884323e+000 1.939356863e+000 
1.127318369e+000 1.938767296e+000 
1.002398384e+000 1.000429087e+000 
1.002493671e+000 1.000438326e+000 
1.003425803e+000 1.000463830e+000 
1.001022411e+000 1.000340185e+000 
1.003147812e+000 1.000460058e+000 
1.002775917e+000 1.000449753e+000 
1.003529992e+000 1.000467876e+000 
1.002032736e+000 1.000406479e+000 
1.002656671e+000 1.000440609e+000 
1.002528055e+000 1.000439154e+000 
1.001913398e+000 1.000396249e+000 
1.003095604e+000 1.000453790e+000 
1.002223456e+000 1.000418147e+000 
1.002298918e+000 1.000427795e+000 
1.002771392e+000 1.000442151e+000 
1.001773330e+000 1.000393903e+000 
1.001824792e+000 1.000395030e+000 
1.003091798e+000 1.000453660e+000 
1.001857884e+000 1.000395476e+000 
1.003243172e+000 1.000461343e+000 
1.002161658e+000 1.000417727e+000 
1.001425663e+000 1.000364086e+000 
1.001148979e+000 1.000351715e+000 
1.001991040e+000 1.000406219e+000 
1.001052503e+000 1.000340206e+000 
1.001299076e+000 1.000362933e+000 
1.002084016e+000 1.000407758e+000 
1.001643360e+000 1.000386502e+000 
1.002290274e+000 1.000419204e+000 
1.001648701e+000 1.000390847e+000 
1.001472742e+000 1.000374993e+000 
1.001518306e+000 1.000375036e+000 
1.001622089e+000 1.000377389e+000 
1.001524659e+000 1.000375045e+000 
1.001572058e+000 1.000377266e+000 
1.001617622e+000 1.000377373e+000 
1.001433619e+000 1.000365757e+000 
1.001806625e+000 1.000394770e+000 
1.001772836e+000 1.000391029e+000 
1.023919587e+000 1.061385151e+000 
1.030544739e+000 1.065947351e+000 
1.024739876e+000 1.061905937e+000 
1.024531019e+000 1.061850069e+000 
1.025471850e+000 1.062639729e+000 
1.025985712e+000 1.062977290e+000 
1.030288149e+000 1.065901659e+000 
1.030762919e+000 1.066126968e+000 
1.026587862e+000 1.063325667e+000 
1.029729416e+000 1.065532689e+000 
1.031335109e+000 1.066525594e+000 
1.026652965e+000 1.063404661e+000 
1.031732178e+000 1.066628999e+000 
1.023283649e+000 1.060607091e+000 
1.023151379e+000 1.060133226e+000 
1.026680688e+000 1.063429646e+000 
1.023448789e+000 1.060909590e+000 
1.027225744e+000 1.063909938e+000 
1.025951410e+000 1.062894871e+000 
1.025591644e+000 1.062703129e+000 
1.028540203e+000 1.064763523e+000 
1.024505248e+000 1.061776219e+000 
1.024823342e+000 1.062090580e+000 
1.031757604e+000 1.066679293e+000 
1.011145744e+000 1.015024940e+000 
1.011522272e+000 1.015241019e+000 
1.011535359e+000 1.015244750e+000 
1.010925655e+000 1.014627363e+000 
1.021753046e+000 1.031748977e+000 
1.022425896e+000 1.032193930e+000 
1.019195683e+000 1.030257565e+000 
1.021079222e+000 1.031462686e+000 
1.018933903e+000 1.030060034e+000 
1.017808550e+000 1.028860358e+000 
1.019408802e+000 1.030396978e+000 
1.022667605e+000 1.032264893e+000 
1.017945476e+000 1.029239204e+000 
1.022800223e+000 1.032322121e+000 
1.018335668e+000 1.029598535e+000 
1.019462327e+000 1.030407549e+000 
1.021692010e+000 1.031723942e+000 
1.023118761e+000 1.032541060e+000 
1.019799179e+000 1.030593841e+000 
1.009264325e+000 1.006316195e+000 
1.009265889e+000 1.006396236e+000 
1.009604599e+000 1.006433689e+000 
1.009671600e+000 1.006501189e+000 
1.009819078e+000 1.006545690e+000 
1.009384966e+000 1.006417972e+000 
1.008964915e+000 1.006283686e+000 
1.010184106e+000 1.006654171e+000 
1.010529208e+000 1.006707627e+000 
1.009632428e+000 1.006437836e+000 
1.008350949e+000 1.005937985e+000 
1.010687930e+000 1.006745650e+000 
1.010094363e+000 1.006594242e+000 
1.010662206e+000 1.006721967e+000 
1.012617953e+000 1.020360849e+000 
1.012446132e+000 1.020137401e+000 
1.011802672e+000 1.019613556e+000 
1.016920138e+000 1.022576858e+000 
1.012528340e+000 1.020337133e+000 
1.013684741e+000 1.021116022e+000 
1.012112355e+000 1.020111475e+000 
1.013571309e+000 1.021006573e+000 
1.013328567e+000 1.020945710e+000 
1.014336287e+000 1.021246919e+000 
1.017775449e+000 1.022978954e+000 
1.012832152e+000 1.020577479e+000 
1.015383022e+000 1.021863374e+000 
1.011850838e+000 1.019671398e+000 
1.016746997e+000 1.022476551e+000 
1.011720464e+000 1.019413824e+000 
1.013974891e+000 1.021138873e+000 
1.016446917e+000 1.022353872e+000 
1.014922849e+000 1.021590863e+000 
1.017430129e+000 1.022779367e+000 
1.012803962e+000 1.020377747e+000 
1.014809417e+000 1.021481415e+000 
1.014062532e+000 1.021180205e+000 
1.017207018e+000 1.022650464e+000 
1.016169138e+000 1.022214541e+000 
1.012101212e+000 1.019888019e+000 
1.015332645e+000 1.021831209e+000 
1.017135877e+000 1.022610448e+000 
1.017323659e+000 1.022699569e+000 
1.014566675e+000 1.021420551e+000 
1.014976471e+000 1.021660896e+000 
1.015810048e+000 1.022065888e+000 
1.014775033e+000 1.021478454e+000 
1.015981357e+000 1.022125420e+000 
1.000000000e+000 1.000000000e+000 
1.000140951e+000 1.000000009e+000 
1.000202859e+000 1.000000014e+000 
1.000055873e+000 1.000000005e+000 
1.000188041e+000 1.000000010e+000 
1.000133292e+000 1.000000006e+000 
1.000375297e+000 1.000000016e+000 
1.000238425e+000 1.000000015e+000 
1.003617249e+000 1.002531590e+000 
1.003772879e+000 1.002576449e+000 
1.041433244e+000 1.450094413e+000 
1.043442356e+000 1.453134690e+000 
1.042944488e+000 1.452687010e+000 
1.042211217e+000 1.451651164e+000 
1.042685615e+000 1.452321107e+000 
1.044254450e+000 1.453817125e+000 
1.042548970e+000 1.452124722e+000 
1.041853305e+000 1.450987776e+000 
1.875027864e+000 2.000000000e+000 
1.871602744e+000 1.999998837e+000 
1.304486992e+000 1.972302082e+000 
1.304983146e+000 1.972737089e+000 
1.713894468e+000 1.998383333e+000 
1.709010343e+000 1.998351558e+000 
1.342249103e+000 1.978009332e+000 
1.295835268e+000 1.970585210e+000 
1.288110627e+000 1.969206173e+000 
1.291350629e+000 1.970325092e+000 
1.285057953e+000 1.968625668e+000 
1.868183224e+000 1.999915507e+000 
1.870847365e+000 1.999988776e+000 
1.868743971e+000 1.999966446e+000 
1.317093034e+000 1.975140465e+000 
1.301070220e+000 1.971278562e+000 
1.302461285e+000 1.971885050e+000 
1.303774866e+000 1.972266169e+000 
1.304530130e+000 1.972548829e+000 
1.301395382e+000 1.971810114e+000 
1.311448097e+000 1.974163917e+000 
1.326699805e+000 1.976621864e+000 
1.323091735e+000 1.976367336e+000 
1.321450030e+000 1.976211541e+000 
1.331064704e+000 1.976865659e+000 
1.298078052e+000 1.971007740e+000 
1.298678389e+000 1.971083639e+000 
1.318731908e+000 1.975417668e+000 
1.325983824e+000 1.976508141e+000 
1.315967349e+000 1.975096726e+000 
1.315609542e+000 1.974981881e+000 
1.317156075e+000 1.975309677e+000 
1.290101219e+000 1.969526483e+000 
1.320844813e+000 1.975916197e+000 
1.357286727e+000 1.980449889e+000 
1.318843293e+000 1.975666394e+000 
1.313894005e+000 1.974829997e+000 
1.336392630e+000 1.977547198e+000 
1.303271776e+000 1.972128470e+000 
1.288176555e+000 1.969430641e+000 
1.285241404e+000 1.968801527e+000 
1.334825676e+000 1.977343774e+000 
1.283058404e+000 1.968433151e+000 
1.861580999e+000 1.999868930e+000 
1.306776154e+000 1.972839242e+000 
1.491075556e+000 1.991736576e+000 
1.489711125e+000 1.991562680e+000 
1.490350322e+000 1.991610981e+000 
1.490207171e+000 1.991568702e+000 
1.490547043e+000 1.991621915e+000 
1.306851961e+000 1.973215159e+000 
1.308726915e+000 1.973436666e+000 
1.312317113e+000 1.974253763e+000 
1.316945528e+000 1.975124875e+000 
1.314548774e+000 1.974854672e+000 
1.309614912e+000 1.973662727e+000 
1.360638028e+000 1.980838651e+000 
1.311069711e+000 1.973977121e+000 
1.859598332e+000 1.999802496e+000 
1.348957833e+000 1.979403177e+000 
1.674625727e+000 1.998201747e+000 
1.275458511e+000 1.966351277e+000 
1.752395735e+000 1.998793477e+000 
1.747638922e+000 1.998766507e+000 
1.851098154e+000 1.999685088e+000 
1.847625226e+000 1.999642698e+000 
1.785654575e+000 1.999120925e+000 
1.851778837e+000 1.999685290e+000 
1.783826969e+000 1.999110757e+000 
1.669061086e+000 1.998119974e+000 
1.779644143e+000 1.998921952e+000 
1.780404770e+000 1.998945297e+000 
1.854008913e+000 1.999752353e+000 
1.783748025e+000 1.999088907e+000 
1.781458363e+000 1.999026618e+000 
1.789606091e+000 1.999164484e+000 
1.491147021e+000 1.991979003e+000 
1.759332748e+000 1.998825625e+000 
1.758093877e+000 1.998798386e+000 
1.830605629e+000 1.999389016e+000 
1.832955259e+000 1.999401419e+000 
1.803107421e+000 1.999244335e+000 
1.840300801e+000 1.999625978e+000 
1.833755113e+000 1.999533987e+000 
1.836783062e+000 1.999566593e+000 
1.802431255e+000 1.999164636e+000 
1.334355773e+000 1.977292550e+000 
1.336918901e+000 1.977596186e+000 
1.336947105e+000 1.977911697e+000 
1.335113673e+000 1.977521566e+000 
1.669748225e+000 1.998160796e+000 
1.673892639e+000 1.998174704e+000 
1.668088405e+000 1.998098496e+000 
1.664048119e+000 1.998039356e+000 
1.661654466e+000 1.997999059e+000 
1.280753900e+000 1.967805907e+000 
1.659155417e+000 1.997938543e+000 
1.280622393e+000 1.967793332e+000 
1.282559867e+000 1.968038585e+000 
1.281583278e+000 1.967866576e+000 
1.517612060e+000 1.993275245e+000 
1.517385923e+000 1.993201029e+000 
1.281714785e+000 1.967879223e+000 
1.829605929e+000 1.999368626e+000 
1.400147401e+000 1.985713344e+000 
1.377317250e+000 1.983450854e+000 
1.411881829e+000 1.986517729e+000 
1.410476605e+000 1.986420224e+000 
1.644362085e+000 1.997721339e+000 
1.632835602e+000 1.997604767e+000 
1.649674688e+000 1.997774324e+000 
1.405409911e+000 1.986018303e+000 
1.649675109e+000 1.997781206e+000 
1.643086279e+000 1.997703729e+000 
1.373735414e+000 1.982876517e+000 
1.404387383e+000 1.985871167e+000 
1.422935239e+000 1.987301168e+000 
1.366406270e+000 1.981769558e+000 
1.825544833e+000 1.999300323e+000 
1.386826868e+000 1.984256192e+000 
1.380548446e+000 1.983599127e+000 
1.388241799e+000 1.984370183e+000 
1.384887086e+000 1.984032620e+000 
1.381332611e+000 1.983627793e+000 
1.390868374e+000 1.984412795e+000 
1.353231006e+000 1.979806289e+000 
1.367353648e+000 1.981827449e+000 
1.363768222e+000 1.981325262e+000 
1.373436144e+000 1.982738837e+000 
1.369414729e+000 1.982382334e+000 
1.363098327e+000 1.981244730e+000 
1.396166750e+000 1.985143885e+000 
1.345717956e+000 1.978953475e+000 
1.344848602e+000 1.978783092e+000 
1.651859825e+000 1.997854287e+000 
1.347166020e+000 1.979004175e+000 
1.342506964e+000 1.978575206e+000 
1.343179692e+000 1.978684469e+000 
1.766405317e+000 1.998865604e+000 
1.350417059e+000 1.979554473e+000 
1.698787567e+000 1.998325166e+000 
1.818476764e+000 1.999268086e+000 
1.765310552e+000 1.998856734e+000 
1.692852439e+000 1.998214710e+000 
1.362387684e+000 1.981154104e+000 
1.354295986e+000 1.980034542e+000 
1.359814442e+000 1.980833700e+000 
1.383443476e+000 1.983899543e+000 
1.415725231e+000 1.986847573e+000 
1.418530074e+000 1.987015091e+000 
1.393994631e+000 1.984821850e+000 
1.629598470e+000 1.997542768e+000 
1.632758873e+000 1.997570446e+000 
1.622606526e+000 1.997287814e+000 
1.612629727e+000 1.997062230e+000 
1.616357847e+000 1.997233070e+000 
1.517191173e+000 1.993159755e+000 
1.523576166e+000 1.993375234e+000 
1.512627316e+000 1.993050015e+000 
1.616481312e+000 1.997265172e+000 
1.504594740e+000 1.992644864e+000 
1.504003672e+000 1.992633638e+000 
1.503859429e+000 1.992572984e+000 
1.494459299e+000 1.992076047e+000 
1.497085324e+000 1.992185464e+000 
1.478237240e+000 1.991291028e+000 
1.479778439e+000 1.991503204e+000 
1.470907929e+000 1.990972004e+000 
1.466628655e+000 1.990781599e+000 
1.467123054e+000 1.990804082e+000 
1.495227892e+000 1.992145894e+000 
1.495522140e+000 1.992167576e+000 
1.473553909e+000 1.991153697e+000 
1.465004046e+000 1.990535444e+000 
1.744917059e+000 1.998748633e+000 
1.741930575e+000 1.998727785e+000 
1.740066746e+000 1.998723453e+000 
1.598835802e+000 1.996641657e+000 
1.605953706e+000 1.996827017e+000 
1.592954770e+000 1.996472655e+000 
1.594802876e+000 1.996480819e+000 
1.606647946e+000 1.996884293e+000 
1.731901890e+000 1.998628575e+000 
1.597301362e+000 1.996632627e+000 
1.582574424e+000 1.996135853e+000 
1.608140817e+000 1.996953116e+000 
1.602517618e+000 1.996770990e+000 
1.455049667e+000 1.989689420e+000 
1.577806686e+000 1.995913994e+000 
1.577005947e+000 1.995842135e+000 
1.722511065e+000 1.998622041e+000 
1.719562664e+000 1.998492552e+000 
1.714268172e+000 1.998399522e+000 
1.456201673e+000 1.989823240e+000 
1.581745199e+000 1.995982402e+000 
1.457638066e+000 1.989957616e+000 
1.442509249e+000 1.988859138e+000 
1.435977298e+000 1.988425818e+000 
1.436972756e+000 1.988528351e+000 
1.444467166e+000 1.989006415e+000 
1.576397200e+000 1.995803307e+000 
1.429107732e+000 1.987796022e+000 
1.436364767e+000 1.988432277e+000 
1.424262236e+000 1.987375527e+000 
1.715931575e+000 1.998407594e+000 
1.716864905e+000 1.998455561e+000 
1.711437935e+000 1.998379393e+000 
1.696488111e+000 1.998223591e+000 
1.440012156e+000 1.988621395e+000 
1.565028759e+000 1.995170957e+000 
1.456144087e+000 1.989711575e+000 
1.573643052e+000 1.995643501e+000 
1.570939374e+000 1.995563809e+000 
1.550542885e+000 1.994676788e+000 
1.555289997e+000 1.994798518e+000 
1.543578246e+000 1.994358922e+000 
1.554334199e+000 1.994785845e+000 
1.545578337e+000 1.994417944e+000 
1.538466154e+000 1.994139677e+000 
1.544810085e+000 1.994402984e+000 
1.547417256e+000 1.994561296e+000 
1.533298638e+000 1.993780753e+000 
1.528163629e+000 1.993526553e+000 
1.524326344e+000 1.993463132e+000 
1.534350294e+000 1.993785230e+000 
1.529874322e+000 1.993673669e+000 

