1.006560790e+000 1.621886355e+000 
1.007355623e+000 1.625348497e+000 
1.009767247e+000 1.632198288e+000 
1.006912357e+000 1.622128966e+000 
1.008470324e+000 1.629439131e+000 
1.008893783e+000 1.629549389e+000 
1.009638843e+000 1.631385919e+000 
1.007923941e+000 1.626410398e+000 
1.009215929e+000 1.630852079e+000 
1.010156370e+000 1.632542756e+000 
1.006712148e+000 1.622079495e+000 
1.007256998e+000 1.623866359e+000 
1.008004135e+000 1.626521176e+000 
1.010285656e+000 1.633633168e+000 
1.000794208e+000 1.024384096e+000 
1.000506049e+000 1.024374220e+000 
1.000951095e+000 1.024832472e+000 
1.000272912e+000 1.023901402e+000 
1.000345276e+000 1.024335346e+000 
1.001120530e+000 1.024868824e+000 
1.000878731e+000 1.024398527e+000 
1.044459027e+000 1.857002919e+000 
1.019482930e+000 1.820701933e+000 
1.023405574e+000 1.827976023e+000 
1.029684945e+000 1.836837940e+000 
1.035577541e+000 1.845718936e+000 
1.067229891e+000 1.879348525e+000 
1.026867539e+000 1.833662193e+000 
1.020555389e+000 1.823151587e+000 
1.067457717e+000 1.879440154e+000 
1.023666169e+000 1.828526083e+000 
1.025367099e+000 1.830916033e+000 
1.022561683e+000 1.826664358e+000 
1.022927753e+000 1.827155322e+000 
1.123669016e+000 1.916065627e+000 
1.144667347e+000 1.925746019e+000 
1.013449997e+000 1.809147366e+000 
1.024378946e+000 1.829456586e+000 
1.025421880e+000 1.831225116e+000 
1.012736260e+000 1.807887209e+000 
1.035975544e+000 1.845957316e+000 
1.012216854e+000 1.805509376e+000 
1.021033210e+000 1.823972288e+000 
1.127473210e+000 1.917952837e+000 
1.120507425e+000 1.914071542e+000 
1.038785266e+000 1.850681594e+000 
1.019759010e+000 1.822109685e+000 
1.014037586e+000 1.810939745e+000 
1.024745016e+000 1.829947551e+000 
1.020138428e+000 1.822119457e+000 
1.073830704e+000 1.885150432e+000 
1.122174852e+000 1.915392224e+000 
1.027239142e+000 1.834017344e+000 
1.027861226e+000 1.834985826e+000 
1.067639858e+000 1.879974395e+000 
1.011918244e+000 1.805414986e+000 
1.012432226e+000 1.806062754e+000 
1.018098719e+000 1.817892491e+000 
1.018541224e+000 1.819156369e+000 
1.118784593e+000 1.913407533e+000 
1.060309596e+000 1.873767390e+000 
1.154075917e+000 1.930208726e+000 
1.051897200e+000 1.865100037e+000 
1.070668719e+000 1.882475897e+000 
1.126793400e+000 1.917322950e+000 
1.051825299e+000 1.864948581e+000 
1.114985252e+000 1.911363172e+000 
1.115572260e+000 1.911815723e+000 
1.031502207e+000 1.839851432e+000 
1.051469032e+000 1.864927908e+000 
1.092752286e+000 1.898318493e+000 
1.014226527e+000 1.810944592e+000 
1.030407472e+000 1.838125224e+000 
1.037465855e+000 1.848427547e+000 
1.048693884e+000 1.861857622e+000 
1.010845281e+000 1.800883924e+000 
1.032195845e+000 1.841227116e+000 
1.036117087e+000 1.846434520e+000 
1.034594336e+000 1.844524806e+000 
1.154248421e+000 1.930340991e+000 
1.045099847e+000 1.858032628e+000 
1.052808822e+000 1.866654517e+000 
1.129254483e+000 1.918471187e+000 
1.032788826e+000 1.842111789e+000 
1.029979456e+000 1.837941717e+000 
1.015352819e+000 1.812495081e+000 
1.045763853e+000 1.858973321e+000 
1.031908868e+000 1.840511177e+000 
1.028387479e+000 1.834995622e+000 
1.015963239e+000 1.814207864e+000 
1.034311577e+000 1.844021504e+000 
1.069795083e+000 1.881852332e+000 
1.015449257e+000 1.813560096e+000 
1.012405795e+000 1.805514223e+000 
1.019331732e+000 1.820668389e+000 
1.056591172e+000 1.870223880e+000 
1.028664301e+000 1.835643127e+000 
1.157659863e+000 1.932274196e+000 
1.056976609e+000 1.870732189e+000 
1.060009216e+000 1.873485853e+000 
1.011519595e+000 1.803672392e+000 
1.113540661e+000 1.910327597e+000 
1.049677406e+000 1.863563558e+000 
1.050353189e+000 1.864349473e+000 
1.056877801e+000 1.870394894e+000 
1.079563310e+000 1.889376171e+000 
1.069080105e+000 1.881096750e+000 
1.088144585e+000 1.895371732e+000 
1.041080943e+000 1.852902601e+000 
1.016402913e+000 1.814993778e+000 
1.054923704e+000 1.868503043e+000 
1.164341855e+000 1.934267633e+000 
1.037752483e+000 1.848598561e+000 
1.017476636e+000 1.817189162e+000 
1.120271196e+000 1.913871806e+000 
1.049013400e+000 1.862622863e+000 
1.067902959e+000 1.880442675e+000 
1.124256024e+000 1.916518178e+000 
1.085824664e+000 1.893478573e+000 
1.155813984e+000 1.930363455e+000 
1.146897191e+000 1.926925248e+000 
1.094985204e+000 1.899351299e+000 
1.013340327e+000 1.809070865e+000 
1.037285583e+000 1.847928616e+000 
1.151767088e+000 1.929448075e+000 
1.121381062e+000 1.914700390e+000 
1.046732156e+000 1.860080064e+000 
1.039271365e+000 1.850840564e+000 
1.062192664e+000 1.875123829e+000 
1.115795595e+000 1.912289547e+000 
1.040472456e+000 1.852240634e+000 
1.150785483e+000 1.928581990e+000 
1.114951035e+000 1.910933807e+000 
1.080892516e+000 1.890361340e+000 
1.071124952e+000 1.883188099e+000 
1.021900001e+000 1.825186090e+000 
1.141034934e+000 1.924242272e+000 
1.071411580e+000 1.883359114e+000 
1.063388036e+000 1.876542335e+000 
1.138055988e+000 1.923189584e+000 
1.120794054e+000 1.914248058e+000 
1.031877026e+000 1.840398453e+000 
1.067666031e+000 1.880416162e+000 
1.071711960e+000 1.883640650e+000 
1.065111147e+000 1.877838744e+000 
1.089172897e+000 1.895732595e+000 
1.066323401e+000 1.879116745e+000 
1.077157937e+000 1.887695375e+000 
1.044131254e+000 1.856962540e+000 
1.068793477e+000 1.880925735e+000 
1.063101408e+000 1.876371321e+000 
1.036364863e+000 1.846593758e+000 
1.042830439e+000 1.855433995e+000 
1.066610029e+000 1.879287760e+000 
1.016498347e+000 1.815515044e+000 
1.057391113e+000 1.871052475e+000 
1.027806690e+000 1.834071410e+000 
1.041490623e+000 1.853538931e+000 
1.033962154e+000 1.843083432e+000 
1.092165278e+000 1.897865942e+000 
1.012107185e+000 1.805464771e+000 
1.048719234e+000 1.862087651e+000 
1.013847261e+000 1.810283771e+000 
1.135734265e+000 1.921755357e+000 
1.064278554e+000 1.877025396e+000 
1.136579088e+000 1.922635214e+000 
1.082055613e+000 1.890990565e+000 
1.158119449e+000 1.932601542e+000 
1.014542167e+000 1.811591946e+000 
1.151442641e+000 1.929277387e+000 
1.080150318e+000 1.889828722e+000 
1.047352779e+000 1.860368288e+000 
1.078663649e+000 1.888369506e+000 
1.111507929e+000 1.909545001e+000 
1.042405085e+000 1.854767985e+000 
1.074117333e+000 1.885321446e+000 
1.079977814e+000 1.889696456e+000 
1.074531837e+000 1.885641732e+000 
1.151270137e+000 1.929145337e+000 
1.054259697e+000 1.867961516e+000 
1.125160533e+000 1.916615629e+000 
1.066242015e+000 1.879029814e+000 
1.056541117e+000 1.869779699e+000 
1.097690956e+000 1.901313631e+000 
1.091878650e+000 1.897694927e+000 
1.087618962e+000 1.894817882e+000 
1.039696490e+000 1.851288776e+000 
1.062486580e+000 1.875333279e+000 
1.098400611e+000 1.901895237e+000 
1.106483338e+000 1.906416024e+000 
1.123511878e+000 1.915694110e+000 
1.041991652e+000 1.853920415e+000 
1.126388668e+000 1.917238652e+000 
1.130409436e+000 1.919226548e+000 
1.149870921e+000 1.928523824e+000 
1.095966025e+000 1.899976120e+000 
1.100238882e+000 1.902675721e+000 
1.096808404e+000 1.900684442e+000 
1.131586395e+000 1.919776550e+000 
1.108942013e+000 1.907450709e+000 
1.133159298e+000 1.919965418e+000 
1.102336252e+000 1.903636215e+000 
1.094553931e+000 1.898873631e+000 
1.101063111e+000 1.903356100e+000 
1.099126566e+000 1.902098373e+000 
1.000224356e+000 1.003475462e+000 
1.000197058e+000 1.003473394e+000 
1.003158685e+000 1.377058667e+000 
1.002596538e+000 1.371033246e+000 
1.005080435e+000 1.385783112e+000 
1.002714391e+000 1.375222158e+000 
1.002720889e+000 1.375750451e+000 
1.004743444e+000 1.385057113e+000 
1.005974327e+000 1.387729235e+000 
1.004563878e+000 1.384170381e+000 
1.006153892e+000 1.388615968e+000 
1.006490884e+000 1.389341967e+000 
1.005331541e+000 1.386686999e+000 
1.003358945e+000 1.377102724e+000 
1.005001675e+000 1.385478596e+000 
1.003921092e+000 1.383128145e+000 
1.003950550e+000 1.383271550e+000 
1.005668532e+000 1.387412998e+000 
1.004893744e+000 1.385378784e+000 
1.003483296e+000 1.381819929e+000 
1.004258084e+000 1.383854143e+000 
1.002041400e+000 1.052955156e+000 
1.002157605e+000 1.052955526e+000 
1.001925704e+000 1.052820468e+000 
1.001658898e+000 1.052338356e+000 
1.001426997e+000 1.052203298e+000 
1.001542693e+000 1.052337986e+000 
1.002205519e+000 1.053108425e+000 
1.002535286e+000 1.053277978e+000 
1.002437420e+000 1.053243483e+000 
1.001392160e+000 1.051456463e+000 
1.001276464e+000 1.051321775e+000 
1.001783776e+000 1.052406845e+000 
1.002562298e+000 1.053294581e+000 
1.001899981e+000 1.052407215e+000 
1.000115697e+000 1.000274060e+000 
1.000000001e+000 1.000269536e+000 
1.164024214e+000 1.933858368e+000 
1.169034066e+000 1.937455330e+000 
1.318845557e+000 1.983917047e+000 
1.215994668e+000 1.956380038e+000 
1.286725532e+000 1.976742007e+000 
1.176735817e+000 1.940607457e+000 
1.211486075e+000 1.953970731e+000 
1.167106930e+000 1.936223141e+000 
1.169914042e+000 1.937632881e+000 
1.315684535e+000 1.983312487e+000 
1.149345133e+000 1.927921190e+000 
1.146295523e+000 1.926008284e+000 
1.639068796e+000 1.999755947e+000 
1.286559241e+000 1.976513847e+000 
1.146001156e+000 1.925906637e+000 
1.315431811e+000 1.982381515e+000 
1.145906009e+000 1.925776916e+000 
1.144601473e+000 1.925452613e+000 
1.695585973e+000 2.000000000e+000 
1.221141300e+000 1.957941485e+000 
1.243598746e+000 1.964877110e+000 
1.242192272e+000 1.964827448e+000 
1.212416009e+000 1.954065370e+000 
1.248377272e+000 1.967132733e+000 
1.296190696e+000 1.979402407e+000 
1.321446125e+000 1.984027013e+000 
1.191495288e+000 1.945967299e+000 
1.152613740e+000 1.929879360e+000 
1.148248362e+000 1.927915483e+000 
1.676617975e+000 1.999849021e+000 
1.290571083e+000 1.978070060e+000 
1.196043290e+000 1.947421522e+000 
1.435243032e+000 1.997036336e+000 
1.230162821e+000 1.961112557e+000 
1.298224119e+000 1.979900827e+000 
1.364152443e+000 1.992302324e+000 
1.225024739e+000 1.959079153e+000 
1.369815282e+000 1.992871333e+000 
1.196930676e+000 1.948835156e+000 
1.197027184e+000 1.948926881e+000 
1.147464136e+000 1.927069637e+000 
1.397424315e+000 1.994995572e+000 
1.390893861e+000 1.994801391e+000 
1.645584465e+000 1.999774218e+000 
1.343953111e+000 1.989186669e+000 
1.241398674e+000 1.964539318e+000 
1.386017696e+000 1.994462538e+000 
1.341175127e+000 1.988788547e+000 
1.233892816e+000 1.962261911e+000 
1.239435793e+000 1.963543880e+000 
1.301463564e+000 1.980468963e+000 
1.317888611e+000 1.983805737e+000 
1.381613242e+000 1.994366907e+000 
1.470924938e+000 1.997962404e+000 
1.143611808e+000 1.924535036e+000 
1.350317772e+000 1.990715161e+000 
1.152372101e+000 1.929692459e+000 
1.347539788e+000 1.990356817e+000 
1.374956866e+000 1.993487421e+000 
1.309643576e+000 1.982291081e+000 
1.462475853e+000 1.997909755e+000 
1.306794039e+000 1.981555674e+000 
1.668510377e+000 1.999820116e+000 
1.191671000e+000 1.947123331e+000 
1.192286388e+000 1.947186555e+000 
1.458513570e+000 1.997862302e+000 
1.329705127e+000 1.985400867e+000 
1.476994054e+000 1.998163434e+000 
1.160428375e+000 1.933461422e+000 
1.366226764e+000 1.992833555e+000 
1.355989786e+000 1.991305041e+000 
1.326647957e+000 1.985234141e+000 
1.153573892e+000 1.930148384e+000 
1.323304865e+000 1.984839305e+000 
1.491741924e+000 1.998358799e+000 
1.688307986e+000 1.999886928e+000 
1.330360268e+000 1.985674876e+000 
1.333321001e+000 1.986894363e+000 
1.177465790e+000 1.940964471e+000 
1.335509209e+000 1.987064462e+000 
1.468113254e+000 1.997953554e+000 
1.281380957e+000 1.975772167e+000 
1.182418283e+000 1.943470953e+000 
1.178052905e+000 1.941523444e+000 
1.254282326e+000 1.969004904e+000 
1.359848118e+000 1.991981062e+000 
1.240045694e+000 1.963843585e+000 
1.675350327e+000 1.999828343e+000 
1.275570294e+000 1.974137696e+000 
1.164508229e+000 1.935103389e+000 
1.233480582e+000 1.962230820e+000 
1.189531431e+000 1.945892395e+000 
1.341010213e+000 1.988779703e+000 
1.172901219e+000 1.939820725e+000 
1.204538019e+000 1.951731424e+000 
1.180505303e+000 1.942714537e+000 
1.181941983e+000 1.943262925e+000 
1.304883950e+000 1.981184638e+000 
1.217415757e+000 1.956447456e+000 
1.212538850e+000 1.954773547e+000 
1.183119574e+000 1.943754645e+000 
1.198793463e+000 1.949678766e+000 
1.166103521e+000 1.935758963e+000 
1.336521667e+000 1.988032121e+000 
1.287014220e+000 1.976970174e+000 
1.181752960e+000 1.943201196e+000 
1.625647055e+000 1.999620625e+000 
1.164829824e+000 1.935356615e+000 
1.294937573e+000 1.978523896e+000 
1.396932829e+000 1.994971721e+000 
1.364159573e+000 1.992453042e+000 
1.206854649e+000 1.953337155e+000 
1.330967676e+000 1.986578354e+000 
1.218003994e+000 1.957131564e+000 
1.188658044e+000 1.945444625e+000 
1.197626324e+000 1.949327402e+000 
1.293248172e+000 1.978278774e+000 
1.264243737e+000 1.972014269e+000 
1.156425024e+000 1.931412277e+000 
1.691670031e+000 1.999944781e+000 
1.253494078e+000 1.968571857e+000 
1.259193101e+000 1.970622360e+000 
1.219243160e+000 1.957391246e+000 
1.268476452e+000 1.972547826e+000 
1.247395370e+000 1.966243186e+000 
1.157624951e+000 1.932177086e+000 
1.174983715e+000 1.939869866e+000 
1.551161427e+000 1.999290062e+000 
1.214664166e+000 1.955985373e+000 
1.208093815e+000 1.953513622e+000 
1.230706209e+000 1.961293961e+000 
1.542550502e+000 1.999168829e+000 
1.270442108e+000 1.973328956e+000 
1.263483430e+000 1.971671224e+000 
1.263714700e+000 1.971687553e+000 
1.287745619e+000 1.977263320e+000 
1.255100770e+000 1.969228580e+000 
1.292369954e+000 1.978156074e+000 
1.422578907e+000 1.996548462e+000 
1.261634197e+000 1.970678083e+000 
1.295807691e+000 1.979240474e+000 
1.271402107e+000 1.973816227e+000 
1.277694274e+000 1.975305751e+000 
1.398473150e+000 1.995036501e+000 
1.212858361e+000 1.955182945e+000 
1.516265839e+000 1.998810674e+000 
1.440107942e+000 1.997530631e+000 
1.189116648e+000 1.945526029e+000 
1.447727417e+000 1.997615411e+000 
1.428381110e+000 1.996902800e+000 
1.441158216e+000 1.997575359e+000 
1.225206068e+000 1.959624130e+000 
1.171303475e+000 1.937982932e+000 
1.168424997e+000 1.936460603e+000 
1.172101331e+000 1.938401186e+000 
1.210476100e+000 1.953796642e+000 
1.506373063e+000 1.998591489e+000 
1.496321014e+000 1.998393244e+000 
1.491631743e+000 1.998287694e+000 
1.369614073e+000 1.992859079e+000 
1.354428108e+000 1.991015921e+000 
1.275722422e+000 1.974248371e+000 
1.505931305e+000 1.998579606e+000 
1.355003707e+000 1.991040628e+000 
1.498012813e+000 1.998522603e+000 
1.372914265e+000 1.993165832e+000 
1.204941528e+000 1.951756145e+000 
1.204254448e+000 1.951643685e+000 
1.221837851e+000 1.958334258e+000 
1.364089472e+000 1.992160978e+000 
1.226930182e+000 1.960120725e+000 
1.232987196e+000 1.962187027e+000 
1.244412891e+000 1.965707485e+000 
1.519759550e+000 1.998829039e+000 
1.475191837e+000 1.998034113e+000 
1.420611638e+000 1.996221875e+000 
1.523284694e+000 1.999016298e+000 
1.602252153e+000 1.999542956e+000 
1.482491260e+000 1.998205073e+000 
1.591740870e+000 1.999495485e+000 
1.408225144e+000 1.996002721e+000 
1.607935615e+000 1.999543801e+000 
1.594940982e+000 1.999504635e+000 
1.597873849e+000 1.999515764e+000 
1.585377913e+000 1.999492935e+000 
1.414408397e+000 1.996078092e+000 
1.402411721e+000 1.995416342e+000 
1.561052897e+000 1.999357338e+000 
1.556595485e+000 1.999341389e+000 
1.544514872e+000 1.999236428e+000 
1.553132627e+000 1.999324162e+000 
1.536615096e+000 1.999135604e+000 
1.509375675e+000 1.998795498e+000 
1.618962315e+000 1.999552850e+000 
1.520440920e+000 1.998835760e+000 
1.488908013e+000 1.998244258e+000 
1.528332799e+000 1.999077005e+000 
1.573696387e+000 1.999366805e+000 
1.439588742e+000 1.997109238e+000 
1.454921851e+000 1.997649409e+000 
1.581426850e+000 1.999372537e+000 
1.419695700e+000 1.996190564e+000 
1.420094270e+000 1.996205702e+000 

