1.001594231e+000 1.000401946e+000 
1.001803104e+000 1.000419086e+000 
1.001799543e+000 1.000416451e+000 
1.001729546e+000 1.000414797e+000 
1.001815991e+000 1.000421308e+000 
1.001928308e+000 1.000421539e+000 
1.001541906e+000 1.000395107e+000 
1.001659557e+000 1.000408231e+000 
1.007227344e+000 1.003833478e+000 
1.009255214e+000 1.004100577e+000 
1.005763864e+000 1.003580938e+000 
1.008514566e+000 1.004044805e+000 
1.005826261e+000 1.003588139e+000 
1.006595203e+000 1.003750633e+000 
1.007356208e+000 1.003874251e+000 
1.010668870e+000 1.004280019e+000 
1.009396439e+000 1.004155131e+000 
1.007473078e+000 1.003879716e+000 
1.007344213e+000 1.003838938e+000 
1.006119976e+000 1.003648925e+000 
1.008850644e+000 1.004061716e+000 
1.008488353e+000 1.004019494e+000 
1.007732140e+000 1.003897578e+000 
1.065070464e+000 1.098678127e+000 
1.067570345e+000 1.100884089e+000 
1.066791611e+000 1.100268948e+000 
1.075690255e+000 1.106677998e+000 
1.068174805e+000 1.101572803e+000 
1.075323687e+000 1.106417271e+000 
1.069669636e+000 1.102762334e+000 
1.073448744e+000 1.105262938e+000 
1.077307005e+000 1.107774011e+000 
1.069123852e+000 1.102378243e+000 
1.068106101e+000 1.101525127e+000 
1.076935520e+000 1.107441550e+000 
1.076571565e+000 1.107273959e+000 
1.064893848e+000 1.098599672e+000 
1.075637539e+000 1.106627505e+000 
1.071136269e+000 1.103966288e+000 
1.079142670e+000 1.108691838e+000 
1.079112593e+000 1.108627365e+000 
1.002518365e+000 1.001318933e+000 
1.004697987e+000 1.001472373e+000 
1.004122681e+000 1.001449714e+000 
1.002305457e+000 1.001272665e+000 
1.005072601e+000 1.001490398e+000 
1.002436385e+000 1.001314852e+000 
1.004918582e+000 1.001475965e+000 
1.002451076e+000 1.001316976e+000 
1.004203001e+000 1.001452840e+000 
1.004343277e+000 1.001453306e+000 
1.002861251e+000 1.001363210e+000 
1.004681197e+000 1.001468952e+000 
1.002369848e+000 1.001312895e+000 
1.002324391e+000 1.001291485e+000 
1.002724401e+000 1.001341592e+000 
1.002903142e+000 1.001363672e+000 
1.002657864e+000 1.001339635e+000 
1.002604834e+000 1.001335495e+000 
1.002655316e+000 1.001335606e+000 
1.002709026e+000 1.001340492e+000 
1.082117785e+000 1.180331440e+000 
1.097992059e+000 1.192599742e+000 
1.085738326e+000 1.183680031e+000 
1.086396379e+000 1.184245458e+000 
1.085211831e+000 1.183321112e+000 
1.083346047e+000 1.182058730e+000 
1.093850086e+000 1.190208927e+000 
1.082509226e+000 1.181311814e+000 
1.096266729e+000 1.192097307e+000 
1.090046602e+000 1.187272046e+000 
1.093836383e+000 1.190178657e+000 
1.093964170e+000 1.190232204e+000 
1.086174799e+000 1.183711918e+000 
1.095700538e+000 1.191627217e+000 
1.110133826e+000 1.736453644e+000 
1.261968083e+000 1.850930538e+000 
1.111038136e+000 1.737613694e+000 
1.122711230e+000 1.752793136e+000 
1.205801098e+000 1.820248246e+000 
1.110454652e+000 1.737113867e+000 
1.112301815e+000 1.739196264e+000 
1.206707232e+000 1.821322593e+000 
1.318132527e+000 1.874346774e+000 
1.160564746e+000 1.786961897e+000 
1.160001570e+000 1.786284353e+000 
1.121232233e+000 1.751013366e+000 
1.122457973e+000 1.752192096e+000 
1.182865214e+000 1.804209296e+000 
1.162648969e+000 1.788470076e+000 
1.160793635e+000 1.787165913e+000 
1.162474334e+000 1.788139259e+000 
1.206321383e+000 1.820501959e+000 
1.232579321e+000 1.834677169e+000 
1.108931066e+000 1.734738150e+000 
1.113231451e+000 1.740550015e+000 
1.166663559e+000 1.791327767e+000 
1.262537373e+000 1.851116498e+000 
1.161592711e+000 1.787812833e+000 
1.280117165e+000 1.859696547e+000 
1.283818073e+000 1.861994396e+000 
1.162960738e+000 1.788674155e+000 
1.159357760e+000 1.785896889e+000 
1.280092764e+000 1.859538126e+000 
1.144044668e+000 1.772850777e+000 
1.156200746e+000 1.783066160e+000 
1.154943554e+000 1.781651678e+000 
1.172018301e+000 1.795835337e+000 
1.125398125e+000 1.755954871e+000 
1.178660226e+000 1.801403858e+000 
1.113364614e+000 1.740607116e+000 
1.377327409e+000 1.895088897e+000 
1.114369448e+000 1.741798084e+000 
1.119166173e+000 1.748448115e+000 
1.133858575e+000 1.764354764e+000 
1.139853114e+000 1.769393595e+000 
1.134864736e+000 1.764864382e+000 
1.177304778e+000 1.800491761e+000 
1.161224534e+000 1.787454307e+000 
1.144301579e+000 1.772923199e+000 
1.179406745e+000 1.802074249e+000 
1.153682711e+000 1.780995510e+000 
1.131737362e+000 1.762313429e+000 
1.141322997e+000 1.771040164e+000 
1.212335958e+000 1.824921004e+000 
1.261208471e+000 1.850773367e+000 
1.138780710e+000 1.768728911e+000 
1.235307792e+000 1.836627543e+000 
1.352847897e+000 1.888406092e+000 
1.318765937e+000 1.874404929e+000 
1.281174049e+000 1.860898855e+000 
1.183435430e+000 1.804508525e+000 
1.223630927e+000 1.830013891e+000 
1.108409966e+000 1.733024658e+000 
1.120548380e+000 1.750120559e+000 
1.221092410e+000 1.828961321e+000 
1.228940597e+000 1.834484508e+000 
1.428099101e+000 1.911345984e+000 
1.131642074e+000 1.762182147e+000 
1.225963524e+000 1.832149844e+000 
1.114291448e+000 1.741657202e+000 
1.119306829e+000 1.748554922e+000 
1.135728956e+000 1.766141576e+000 
1.209660567e+000 1.823050843e+000 
1.134294611e+000 1.764780996e+000 
1.198815265e+000 1.815370302e+000 
1.280122272e+000 1.860311476e+000 
1.127595059e+000 1.758446104e+000 
1.210496557e+000 1.823756018e+000 
1.208650329e+000 1.822715734e+000 
1.234765265e+000 1.836626784e+000 
1.292726698e+000 1.865126550e+000 
1.292458393e+000 1.864730822e+000 
1.130742108e+000 1.761463829e+000 
1.124343352e+000 1.754584690e+000 
1.132431199e+000 1.762981547e+000 
1.233721817e+000 1.836092379e+000 
1.113897059e+000 1.741367540e+000 
1.258551273e+000 1.850253390e+000 
1.258647004e+000 1.850352844e+000 
1.156909915e+000 1.783760682e+000 
1.182205753e+000 1.803705675e+000 
1.140451499e+000 1.769907996e+000 
1.151488795e+000 1.779202611e+000 
1.115419306e+000 1.743035777e+000 
1.412979519e+000 1.905945978e+000 
1.398697946e+000 1.901272299e+000 
1.287674284e+000 1.863577087e+000 
1.336968991e+000 1.882656848e+000 
1.130546604e+000 1.761371468e+000 
1.338543838e+000 1.883312537e+000 
1.322638587e+000 1.875654606e+000 
1.345294552e+000 1.886041755e+000 
1.118662543e+000 1.747808703e+000 
1.157168448e+000 1.783928118e+000 
1.214520683e+000 1.826096068e+000 
1.212768092e+000 1.825032242e+000 
1.208431788e+000 1.822388418e+000 
1.290827597e+000 1.864345594e+000 
1.147179167e+000 1.775616520e+000 
1.326067559e+000 1.877500939e+000 
1.210334364e+000 1.823190762e+000 
1.184070513e+000 1.805039649e+000 
1.351112719e+000 1.887408354e+000 
1.395146856e+000 1.899911402e+000 
1.220580625e+000 1.828463103e+000 
1.340324729e+000 1.884429539e+000 
1.198170197e+000 1.814817963e+000 
1.335420076e+000 1.881981282e+000 
1.155328973e+000 1.782283402e+000 
1.429055497e+000 1.911430028e+000 
1.187032789e+000 1.807199341e+000 
1.309886677e+000 1.872932328e+000 
1.235532346e+000 1.837209021e+000 
1.253677358e+000 1.847449964e+000 
1.418309562e+000 1.906594218e+000 
1.410819805e+000 1.905684643e+000 
1.335858871e+000 1.882417484e+000 
1.236455480e+000 1.837706120e+000 
1.237923842e+000 1.838405890e+000 
1.258082086e+000 1.849492638e+000 
1.238225271e+000 1.838592115e+000 
1.364493258e+000 1.891740493e+000 
1.255139864e+000 1.848298298e+000 
1.195839478e+000 1.813118166e+000 
1.254070868e+000 1.847660214e+000 
1.148706519e+000 1.776971133e+000 
1.148779058e+000 1.776980016e+000 
1.207485328e+000 1.822012096e+000 
1.163694791e+000 1.789097260e+000 
1.185557836e+000 1.806068593e+000 
1.188832399e+000 1.808680265e+000 
1.371491255e+000 1.894289335e+000 
1.296982522e+000 1.867505054e+000 
1.409107778e+000 1.904832963e+000 
1.188307228e+000 1.808080156e+000 
1.147329150e+000 1.775819993e+000 
1.202600911e+000 1.818486017e+000 
1.224052371e+000 1.830801561e+000 
1.423805375e+000 1.908307206e+000 
1.360297895e+000 1.890573655e+000 
1.358489239e+000 1.889987839e+000 
1.217252422e+000 1.826910496e+000 
1.315418231e+000 1.873451584e+000 
1.264880547e+000 1.853386339e+000 
1.316281879e+000 1.873957468e+000 
1.219165392e+000 1.827845443e+000 
1.174617760e+000 1.797860164e+000 
1.262603289e+000 1.851909207e+000 
1.174870181e+000 1.798039253e+000 
1.340180571e+000 1.884032806e+000 
1.183584893e+000 1.804716546e+000 
1.185182689e+000 1.805998319e+000 
1.171540240e+000 1.795331415e+000 
1.319653176e+000 1.875033482e+000 
1.318437528e+000 1.874346799e+000 
1.250804407e+000 1.845872348e+000 
1.186656681e+000 1.807098550e+000 
1.173115684e+000 1.796549193e+000 
1.420295904e+000 1.907040314e+000 
1.200880969e+000 1.816904421e+000 
1.167188913e+000 1.791717808e+000 
1.203408076e+000 1.819246126e+000 
1.368100995e+000 1.893296477e+000 
1.157722024e+000 1.784144300e+000 
1.372247159e+000 1.894752509e+000 
1.317606821e+000 1.874109512e+000 
1.314510943e+000 1.873169761e+000 
1.378663138e+000 1.897483381e+000 
1.216852702e+000 1.826378628e+000 
1.286832807e+000 1.863207631e+000 
1.241323852e+000 1.840128060e+000 
1.392660412e+000 1.899810833e+000 
1.286521639e+000 1.863148129e+000 
1.241015068e+000 1.840027656e+000 
1.232933479e+000 1.835868653e+000 
1.290545282e+000 1.863985399e+000 
1.385803660e+000 1.898471356e+000 
1.381434497e+000 1.897678877e+000 
1.308817201e+000 1.871734948e+000 
1.269355084e+000 1.855461447e+000 
1.271422431e+000 1.856812233e+000 
1.300945475e+000 1.868934830e+000 
1.274854657e+000 1.857977651e+000 
1.245282629e+000 1.842619499e+000 
1.243111181e+000 1.841459574e+000 
1.370758061e+000 1.894022990e+000 
1.303396756e+000 1.870462154e+000 
1.268820553e+000 1.854970229e+000 
1.299159244e+000 1.868098307e+000 
1.298692692e+000 1.868040537e+000 
1.403513257e+000 1.902498899e+000 
1.195640208e+000 1.813012979e+000 
1.268991598e+000 1.855186640e+000 
1.332190704e+000 1.879546719e+000 
1.020744055e+000 1.011297060e+000 
1.016693956e+000 1.010684171e+000 
1.053037205e+000 1.014536456e+000 
1.022738959e+000 1.011642897e+000 
1.023047927e+000 1.011674796e+000 
1.026625039e+000 1.012120288e+000 
1.046074550e+000 1.014106611e+000 
1.020990812e+000 1.011372908e+000 
1.024272856e+000 1.011879592e+000 
1.015412462e+000 1.010423198e+000 
1.045328053e+000 1.014028097e+000 
1.018173861e+000 1.010892909e+000 
1.021882242e+000 1.011499370e+000 
1.020022453e+000 1.011231508e+000 
1.038201957e+000 1.013241267e+000 
1.043293524e+000 1.013843907e+000 
1.055658803e+000 1.014702725e+000 
1.018508372e+000 1.010914928e+000 
1.017765553e+000 1.010819196e+000 
1.017376223e+000 1.010769777e+000 
1.050681054e+000 1.014393545e+000 
1.013665705e+000 1.009869104e+000 
1.016071926e+000 1.010560148e+000 
1.013584308e+000 1.009867700e+000 
1.043474181e+000 1.013877246e+000 
1.042894713e+000 1.013818828e+000 
1.028990179e+000 1.012362519e+000 
1.014366542e+000 1.010137086e+000 
1.048789959e+000 1.014269348e+000 
1.042489713e+000 1.013777237e+000 
1.021324715e+000 1.011418166e+000 
1.046550649e+000 1.014113614e+000 
1.036063715e+000 1.013103848e+000 
1.013683521e+000 1.009935679e+000 
1.015611473e+000 1.010435358e+000 
1.037771601e+000 1.013216730e+000 
1.040625815e+000 1.013577132e+000 
1.017491593e+000 1.010807303e+000 
1.019660977e+000 1.011156418e+000 
1.035699633e+000 1.013011783e+000 
1.017920078e+000 1.010879395e+000 
1.018375052e+000 1.010912974e+000 
1.017995800e+000 1.010880491e+000 
1.039810988e+000 1.013465728e+000 
1.017198162e+000 1.010758178e+000 
1.042697068e+000 1.013817174e+000 
1.038351324e+000 1.013261160e+000 
1.037023746e+000 1.013123111e+000 
1.041336044e+000 1.013677968e+000 
1.035530180e+000 1.013003589e+000 
1.035185115e+000 1.012992941e+000 
1.030091654e+000 1.012461751e+000 
1.032014478e+000 1.012704088e+000 
1.037139880e+000 1.013133435e+000 
1.030432699e+000 1.012463030e+000 
1.033354698e+000 1.012843458e+000 
1.028589174e+000 1.012321266e+000 
1.024867202e+000 1.011922330e+000 
1.031663392e+000 1.012604488e+000 
1.044124028e+000 1.013884340e+000 
1.027341766e+000 1.012197242e+000 
1.029859336e+000 1.012441493e+000 
1.032534597e+000 1.012745519e+000 
1.032834301e+000 1.012817216e+000 
1.052518763e+000 1.014496804e+000 
1.022542833e+000 1.011564333e+000 
1.050063848e+000 1.014354131e+000 
1.021541674e+000 1.011425979e+000 
1.049804697e+000 1.014320220e+000 
1.053535056e+000 1.014623945e+000 
1.056819759e+000 1.014895793e+000 
1.000109709e+000 1.000000001e+000 
1.000113788e+000 1.000000002e+000 
1.000000000e+000 1.000000000e+000 
1.057431872e+000 1.092405371e+000 
1.059084633e+000 1.094142807e+000 
1.073098134e+000 1.104117794e+000 
1.057651510e+000 1.093056853e+000 
1.063248449e+000 1.097933137e+000 
1.059468354e+000 1.094502102e+000 
1.061394913e+000 1.096380359e+000 
1.063770142e+000 1.098112053e+000 
1.066207387e+000 1.099708037e+000 
1.063676187e+000 1.097959331e+000 
1.080185744e+000 1.108848962e+000 
1.070984322e+000 1.102861416e+000 
1.081618487e+000 1.109631435e+000 
1.001526058e+000 1.000341725e+000 
1.000666309e+000 1.000065219e+000 
1.000720441e+000 1.000066446e+000 
1.001372645e+000 1.000071315e+000 
1.000647440e+000 1.000065215e+000 
1.000843005e+000 1.000067816e+000 
1.001370035e+000 1.000071296e+000 
1.000481631e+000 1.000063569e+000 
1.000579821e+000 1.000064946e+000 
1.000605790e+000 1.000065070e+000 
1.000885114e+000 1.000068028e+000 
1.000694472e+000 1.000066323e+000 
1.000543545e+000 1.000063842e+000 
1.001044171e+000 1.000069214e+000 
1.001012762e+000 1.000069101e+000 
1.001004162e+000 1.000069051e+000 
1.001189305e+000 1.000070337e+000 
1.000916006e+000 1.000069047e+000 
1.001131221e+000 1.000070137e+000 
1.000775386e+000 1.000067547e+000 
1.000890037e+000 1.000068923e+000 
1.001306780e+000 1.000071261e+000 
1.000448583e+000 1.000061741e+000 
1.000470703e+000 1.000062522e+000 
1.000801355e+000 1.000067670e+000 
1.001141462e+000 1.000070172e+000 
1.000506820e+000 1.000063715e+000 
1.000473944e+000 1.000062899e+000 
1.000621471e+000 1.000065092e+000 
1.000817036e+000 1.000067692e+000 
1.000532789e+000 1.000063838e+000 
1.001046535e+000 1.000070047e+000 
1.000688511e+000 1.000066169e+000 
1.000633195e+000 1.000065149e+000 
1.013389975e+000 1.008954963e+000 
1.012789345e+000 1.008736409e+000 
1.012250796e+000 1.008589445e+000 
1.012702180e+000 1.008731220e+000 
1.012427165e+000 1.008605786e+000 
1.002033015e+000 1.000517502e+000 
1.002192107e+000 1.000524317e+000 
1.001988547e+000 1.000514685e+000 
1.001977375e+000 1.000511341e+000 
1.002105025e+000 1.000522348e+000 
1.002202087e+000 1.000530167e+000 
1.001994076e+000 1.000516432e+000 
1.002152644e+000 1.000523778e+000 
1.002202033e+000 1.000524864e+000 
1.002083164e+000 1.000517910e+000 
1.102994690e+000 1.382853313e+000 
1.104505415e+000 1.383887069e+000 
1.107078548e+000 1.388916382e+000 
1.102409666e+000 1.381942455e+000 
1.102810815e+000 1.382412612e+000 
1.105423170e+000 1.385413526e+000 
1.106709498e+000 1.387933009e+000 
1.106024837e+000 1.386251340e+000 
1.690929676e+000 1.990572956e+000 
1.525628489e+000 1.957582220e+000 
1.842435827e+000 1.999044322e+000 
1.438127347e+000 1.918979064e+000 
1.690903878e+000 1.990272049e+000 
1.688262515e+000 1.990173109e+000 
1.814601790e+000 1.997913456e+000 
1.687368672e+000 1.990103337e+000 
1.440897180e+000 1.921700773e+000 
1.431788574e+000 1.911954091e+000 
1.434449226e+000 1.914647828e+000 
1.435419712e+000 1.917740233e+000 
1.432416683e+000 1.912912028e+000 
1.525273689e+000 1.957028654e+000 
1.433598395e+000 1.913197823e+000 
1.441303157e+000 1.922185141e+000 
1.433035803e+000 1.913118513e+000 
1.490239045e+000 1.944925987e+000 
1.450506467e+000 1.927164821e+000 
1.489369110e+000 1.944622242e+000 
1.441581279e+000 1.922318205e+000 
1.489564795e+000 1.944900202e+000 
1.433468140e+000 1.913168765e+000 
1.452883491e+000 1.929030565e+000 
1.449241984e+000 1.926856107e+000 
1.485917279e+000 1.942923893e+000 
1.486279894e+000 1.942973430e+000 
1.801283434e+000 1.997076606e+000 
1.504190005e+000 1.951008775e+000 
1.430768447e+000 1.911564932e+000 
1.446423952e+000 1.925466576e+000 
1.458111254e+000 1.931102543e+000 
1.481318454e+000 1.941306847e+000 
1.487540974e+000 1.943454660e+000 
1.444994471e+000 1.924337764e+000 
1.445029420e+000 1.924380316e+000 
1.437350258e+000 1.917835877e+000 
1.442005344e+000 1.923832072e+000 
1.489009772e+000 1.944266446e+000 
1.512086573e+000 1.953050316e+000 
1.437385662e+000 1.917859667e+000 
1.439926632e+000 1.919754381e+000 
1.432135611e+000 1.912856732e+000 
1.437423104e+000 1.918081002e+000 
1.440149754e+000 1.919775167e+000 
1.495600657e+000 1.947435669e+000 
1.494122863e+000 1.947430191e+000 
1.602307106e+000 1.976682426e+000 
1.493215364e+000 1.947158463e+000 
1.499468709e+000 1.949036250e+000 
1.492748894e+000 1.946587414e+000 
1.490530820e+000 1.946189951e+000 
1.498277787e+000 1.948873822e+000 
1.485482988e+000 1.942105802e+000 
1.450756087e+000 1.927514608e+000 
1.434724055e+000 1.916307097e+000 
1.491345752e+000 1.946547317e+000 
1.500160241e+000 1.949331484e+000 
1.445124790e+000 1.925075883e+000 
1.443488480e+000 1.924319360e+000 
1.500790800e+000 1.949789386e+000 
1.449558280e+000 1.927001101e+000 
1.448263235e+000 1.926293587e+000 
1.474231610e+000 1.938176049e+000 
1.473523970e+000 1.937971427e+000 
1.837771071e+000 1.998802557e+000 
1.441310418e+000 1.922223202e+000 
1.455655392e+000 1.930123280e+000 
1.464571187e+000 1.934442983e+000 
1.764304231e+000 1.995531351e+000 
1.451720583e+000 1.927917389e+000 
1.456916185e+000 1.930933596e+000 
1.763380281e+000 1.995479781e+000 
1.465326116e+000 1.934938638e+000 
1.478374616e+000 1.939087550e+000 
1.460040360e+000 1.932953825e+000 
1.453171143e+000 1.929701741e+000 
1.479762224e+000 1.940500073e+000 
1.789267272e+000 1.996682365e+000 
1.456678894e+000 1.930813945e+000 
1.791432957e+000 1.996741966e+000 
1.787708680e+000 1.996535243e+000 
1.457309003e+000 1.931048413e+000 
1.532431147e+000 1.960287368e+000 
1.586471904e+000 1.973682791e+000 
1.458400172e+000 1.932591226e+000 
1.584280762e+000 1.973550492e+000 
1.789857922e+000 1.996715622e+000 
1.454590863e+000 1.929991416e+000 
1.741793179e+000 1.994410957e+000 
1.530230011e+000 1.959826698e+000 
1.496174595e+000 1.948524137e+000 
1.528713072e+000 1.959333033e+000 
1.502314067e+000 1.950374304e+000 
1.741957857e+000 1.994412571e+000 
1.440487603e+000 1.921337379e+000 
1.643876340e+000 1.985235756e+000 
1.719946288e+000 1.992953086e+000 
1.529540216e+000 1.959799574e+000 
1.505975704e+000 1.951805886e+000 
1.507378695e+000 1.952302109e+000 
1.713063178e+000 1.992504401e+000 
1.528754479e+000 1.959551182e+000 
1.455757822e+000 1.930454285e+000 
1.514640288e+000 1.954313651e+000 
1.461835654e+000 1.933683033e+000 
1.484189684e+000 1.941727877e+000 
1.461388629e+000 1.933219493e+000 
1.461706202e+000 1.933599286e+000 
1.473340846e+000 1.937947426e+000 
1.463088002e+000 1.934309018e+000 
1.467235382e+000 1.936355555e+000 
1.471178551e+000 1.937455580e+000 
1.468791378e+000 1.936578539e+000 
1.631213982e+000 1.982833266e+000 
1.477424509e+000 1.938887780e+000 
1.518447591e+000 1.955728321e+000 
1.519153037e+000 1.955972071e+000 
1.515062231e+000 1.954411738e+000 
1.517052859e+000 1.955326717e+000 
1.521533413e+000 1.956987955e+000 
1.518017755e+000 1.955705579e+000 
1.520065692e+000 1.956081253e+000 
1.520889231e+000 1.956760542e+000 
1.520180735e+000 1.956409597e+000 
1.563053897e+000 1.968761075e+000 
1.548547276e+000 1.965205464e+000 
1.547796367e+000 1.964391192e+000 
1.863044121e+000 2.000000000e+000 
1.556928477e+000 1.967259177e+000 
1.594166516e+000 1.975688313e+000 
1.557333974e+000 1.967495525e+000 
1.554711990e+000 1.966372313e+000 
1.525865208e+000 1.958653692e+000 
1.553361600e+000 1.966156206e+000 
1.558631573e+000 1.967767622e+000 
1.558002870e+000 1.967732988e+000 
1.567440897e+000 1.969284780e+000 
1.589049897e+000 1.974748207e+000 
1.572903318e+000 1.970499037e+000 
1.509587862e+000 1.952949625e+000 
1.561701109e+000 1.968580654e+000 
1.507079690e+000 1.952054476e+000 
1.573020272e+000 1.970660416e+000 
1.548221792e+000 1.964438318e+000 
1.631342105e+000 1.983083022e+000 
1.573393909e+000 1.970696741e+000 
1.567334784e+000 1.969249378e+000 
1.587557539e+000 1.974386048e+000 
1.590767905e+000 1.975255658e+000 
1.587057992e+000 1.973936464e+000 
1.573718855e+000 1.970840550e+000 
1.573805444e+000 1.970944599e+000 
1.574369658e+000 1.971438401e+000 
1.616436577e+000 1.980074309e+000 
1.624685937e+000 1.982211681e+000 
1.630359622e+000 1.982826740e+000 
1.639672922e+000 1.985077761e+000 
1.638410592e+000 1.984857048e+000 
1.637620525e+000 1.984522581e+000 
1.638081123e+000 1.984700975e+000 
1.551448804e+000 1.965804350e+000 
1.635784423e+000 1.984095851e+000 
1.658224030e+000 1.987175086e+000 
1.669100848e+000 1.988384038e+000 
1.660961449e+000 1.987831569e+000 
1.657564782e+000 1.987080979e+000 
1.661834989e+000 1.988168938e+000 
1.658287086e+000 1.987239130e+000 
1.536866191e+000 1.961331882e+000 
1.618794118e+000 1.980640810e+000 
1.632825639e+000 1.983407638e+000 
1.705043805e+000 1.991872728e+000 
1.650703104e+000 1.986289344e+000 
1.822204214e+000 1.998078219e+000 
1.649547788e+000 1.985848517e+000 
1.609817912e+000 1.979521508e+000 
1.604726698e+000 1.978304208e+000 
1.653143675e+000 1.986475859e+000 
1.605548949e+000 1.978777771e+000 
1.612063511e+000 1.979972711e+000 
1.622669489e+000 1.981873869e+000 
1.621821895e+000 1.981722478e+000 
1.622180410e+000 1.981759937e+000 
1.595755257e+000 1.976559854e+000 
1.602327886e+000 1.977888227e+000 
1.602788921e+000 1.977962653e+000 
1.539546165e+000 1.962701613e+000 
1.541416243e+000 1.963103124e+000 
1.680637817e+000 1.989614996e+000 
1.681501008e+000 1.990038070e+000 
1.860359538e+000 1.999817329e+000 
1.646747191e+000 1.985584579e+000 
1.648695581e+000 1.985774041e+000 
1.837643684e+000 1.998646050e+000 
1.837913574e+000 1.998888226e+000 
1.855944982e+000 1.999691015e+000 
1.858641585e+000 1.999791336e+000 
1.827291144e+000 1.998315211e+000 
1.825466166e+000 1.998269538e+000 
1.827896699e+000 1.998413895e+000 
1.679025111e+000 1.989581990e+000 
1.674510393e+000 1.989145785e+000 
1.677134243e+000 1.989519854e+000 
1.675188676e+000 1.989443872e+000 
1.676312501e+000 1.989470661e+000 
1.854984825e+000 1.999690341e+000 
1.544291791e+000 1.963747378e+000 
1.728926112e+000 1.993830248e+000 
1.620796022e+000 1.981188709e+000 
1.537580457e+000 1.961787688e+000 
1.655207428e+000 1.986721329e+000 
1.737164350e+000 1.994152507e+000 
1.694270558e+000 1.990978320e+000 
1.695128433e+000 1.991273554e+000 
1.695012996e+000 1.991254177e+000 
1.853987009e+000 1.999637024e+000 
1.814060751e+000 1.997881390e+000 
1.815628961e+000 1.997938930e+000 
1.694558923e+000 1.991133493e+000 
1.827472676e+000 1.998395286e+000 
1.699577627e+000 1.991826815e+000 
1.852993368e+000 1.999597055e+000 
1.698071506e+000 1.991646659e+000 
1.725030916e+000 1.993230852e+000 
1.709207138e+000 1.992416765e+000 
1.815719705e+000 1.997942939e+000 
1.816596873e+000 1.998033872e+000 
1.829296625e+000 1.998562008e+000 
1.631984010e+000 1.983346487e+000 
1.815728751e+000 1.998030003e+000 
1.726955173e+000 1.993385172e+000 
1.727923199e+000 1.993673962e+000 
1.723999242e+000 1.993174949e+000 
1.603645251e+000 1.978000197e+000 
1.715037432e+000 1.992695514e+000 
1.715912527e+000 1.992892520e+000 
1.802190669e+000 1.997505861e+000 
1.706759229e+000 1.992136614e+000 
1.804663664e+000 1.997743429e+000 
1.843302569e+000 1.999191257e+000 
1.796043896e+000 1.996776747e+000 
1.845223713e+000 1.999455962e+000 
1.796469571e+000 1.996899575e+000 
1.778363127e+000 1.996364599e+000 
1.848254421e+000 1.999531563e+000 
1.730920633e+000 1.993917610e+000 
1.727786447e+000 1.993533990e+000 
1.728192247e+000 1.993746149e+000 
1.794281530e+000 1.996761248e+000 
1.477576529e+000 1.938894512e+000 
1.723189931e+000 1.993056158e+000 
1.539527289e+000 1.962136313e+000 
1.485691575e+000 1.942470889e+000 
1.570351362e+000 1.970114212e+000 
1.775672403e+000 1.996064892e+000 
1.774304834e+000 1.996059464e+000 
1.747358202e+000 1.994920926e+000 
1.760897249e+000 1.995250576e+000 
1.759919104e+000 1.995229954e+000 
1.758383561e+000 1.995211075e+000 
1.768538238e+000 1.995813408e+000 
1.757130585e+000 1.994977198e+000 
1.746393436e+000 1.994796441e+000 
1.747050617e+000 1.994877420e+000 
1.769146776e+000 1.995845793e+000 
1.769840425e+000 1.996012219e+000 

