1.002485004e+000 1.000546546e+000 
1.002258166e+000 1.000530912e+000 
1.001458353e+000 1.000477820e+000 
1.001527254e+000 1.000492250e+000 
1.001714602e+000 1.000494880e+000 
1.001097064e+000 1.000457767e+000 
1.001179769e+000 1.000458443e+000 
1.001418248e+000 1.000476340e+000 
1.001521753e+000 1.000492008e+000 
1.002104849e+000 1.000528224e+000 
1.001222167e+000 1.000474143e+000 
1.002159508e+000 1.000528949e+000 
1.001727666e+000 1.000510356e+000 
1.001664883e+000 1.000494722e+000 
1.002635348e+000 1.000548781e+000 
1.002482804e+000 1.000546327e+000 
1.001956380e+000 1.000512829e+000 
1.002027252e+000 1.000528220e+000 
1.002784590e+000 1.000564410e+000 
1.002695884e+000 1.000548821e+000 
1.002255965e+000 1.000530693e+000 
1.002557752e+000 1.000548777e+000 
1.001511860e+000 1.000479085e+000 
1.002457756e+000 1.000531735e+000 
1.002264419e+000 1.000531719e+000 
1.002010989e+000 1.000513625e+000 
1.002272494e+000 1.000531731e+000 
1.002728963e+000 1.000550723e+000 
1.002477911e+000 1.000532605e+000 
1.002742975e+000 1.000552826e+000 
1.038644671e+000 1.311895868e+000 
1.037789955e+000 1.311118695e+000 
1.041667972e+000 1.315081824e+000 
1.037643618e+000 1.310913944e+000 
1.038548664e+000 1.311838642e+000 
1.042226327e+000 1.315922445e+000 
1.037968615e+000 1.311269177e+000 
1.041848620e+000 1.315553069e+000 
1.043147624e+000 1.316454636e+000 
1.035901140e+000 1.307474961e+000 
1.043737890e+000 1.317261341e+000 
1.043212825e+000 1.316480200e+000 
1.036345045e+000 1.308390572e+000 
1.044126673e+000 1.317637053e+000 
1.043333223e+000 1.316954521e+000 
1.027251105e+000 1.074306308e+000 
1.026802397e+000 1.073900237e+000 
1.011557178e+000 1.022576855e+000 
1.013047915e+000 1.022985753e+000 
1.014134564e+000 1.023516820e+000 
1.014722418e+000 1.023762639e+000 
1.010413656e+000 1.021790933e+000 
1.014493199e+000 1.023593602e+000 
1.013568159e+000 1.023192740e+000 
1.014848226e+000 1.023884467e+000 
1.014685030e+000 1.023725419e+000 
1.010567089e+000 1.021961160e+000 
1.013914351e+000 1.023394735e+000 
1.009048431e+000 1.020173673e+000 
1.009780606e+000 1.021221806e+000 
1.009967671e+000 1.021416643e+000 
1.009739256e+000 1.021172353e+000 
1.009455964e+000 1.020664381e+000 
1.009352620e+000 1.020544312e+000 
1.010193227e+000 1.021657458e+000 
1.014530726e+000 1.023624425e+000 
1.018339546e+000 1.040742859e+000 
1.016676263e+000 1.039170056e+000 
1.015622960e+000 1.037968032e+000 
1.020437539e+000 1.042278072e+000 
1.015784385e+000 1.038070366e+000 
1.015190765e+000 1.037215052e+000 
1.025614616e+000 1.044534595e+000 
1.025898776e+000 1.044983492e+000 
1.015143687e+000 1.036749673e+000 
1.025294918e+000 1.044449430e+000 
1.015114355e+000 1.036677080e+000 
1.017183442e+000 1.039739632e+000 
1.014916699e+000 1.036551024e+000 
1.020631026e+000 1.042449876e+000 
1.016972770e+000 1.039463800e+000 
1.018681167e+000 1.041017270e+000 
1.021044886e+000 1.042715069e+000 
1.018255719e+000 1.040653684e+000 
1.020576203e+000 1.042312188e+000 
1.018507889e+000 1.040909794e+000 
1.019100354e+000 1.041407772e+000 
1.023280530e+000 1.043700216e+000 
1.024325450e+000 1.044095648e+000 
1.003354060e+000 1.002043709e+000 
1.003495476e+000 1.002081815e+000 
1.002858060e+000 1.001959476e+000 
1.003098706e+000 1.002039178e+000 
1.003203143e+000 1.002040691e+000 
1.002786725e+000 1.001916400e+000 
1.003466017e+000 1.002081373e+000 
1.003232602e+000 1.002041134e+000 
1.002957386e+000 1.001998064e+000 
1.003128165e+000 1.002039620e+000 
1.002948490e+000 1.001991973e+000 
1.003570986e+000 1.002084185e+000 
1.003424377e+000 1.002079974e+000 
1.003372614e+000 1.002076719e+000 
1.003088948e+000 1.001999878e+000 
1.003453836e+000 1.002080416e+000 
1.000094881e+000 1.000004722e+000 
1.000781639e+000 1.000024927e+000 
1.000285339e+000 1.000010077e+000 
1.000921597e+000 1.000029802e+000 
1.000038449e+000 1.000004719e+000 
1.000321994e+000 1.000014337e+000 
9.999999997e-001 1.000000000e+000 
1.000666543e+000 1.000020291e+000 
1.000525825e+000 1.000019687e+000 
1.000304450e+000 1.000010428e+000 
1.000697298e+000 1.000020751e+000 
1.000777440e+000 1.000023982e+000 
1.000823149e+000 1.000025413e+000 
1.000792394e+000 1.000024953e+000 
1.001056501e+000 1.000030289e+000 
1.000222478e+000 1.000009611e+000 
1.000192012e+000 1.000009430e+000 
1.000510512e+000 1.000015416e+000 
1.000243954e+000 1.000010058e+000 
1.000673357e+000 1.000020728e+000 
1.000183776e+000 1.000005270e+000 
1.000421530e+000 1.000015393e+000 
1.000457312e+000 1.000015412e+000 
1.000753729e+000 1.000020755e+000 
1.000863241e+000 1.000025629e+000 
1.066091094e+000 1.865781204e+000 
1.074392691e+000 1.873602815e+000 
1.212486806e+000 1.936594362e+000 
1.052157882e+000 1.850950302e+000 
1.058476794e+000 1.858418066e+000 
1.061163503e+000 1.860510895e+000 
1.088594226e+000 1.886146373e+000 
1.106726436e+000 1.898846849e+000 
1.047692778e+000 1.845389684e+000 
1.048794918e+000 1.846419872e+000 
1.052669784e+000 1.851603866e+000 
1.089071887e+000 1.886367223e+000 
1.161970368e+000 1.923615923e+000 
1.163147542e+000 1.924140880e+000 
1.078475601e+000 1.876935254e+000 
1.147101305e+000 1.917630171e+000 
1.204469670e+000 1.934756896e+000 
1.146599858e+000 1.917495433e+000 
1.225367814e+000 1.939490375e+000 
1.086782613e+000 1.884418696e+000 
1.052617227e+000 1.851553398e+000 
1.053135920e+000 1.851903778e+000 
1.072796417e+000 1.872211046e+000 
1.102048622e+000 1.895763781e+000 
1.079058233e+000 1.877470789e+000 
1.092650706e+000 1.889550590e+000 
1.070303041e+000 1.869762283e+000 
1.081478531e+000 1.878996388e+000 
1.044170129e+000 1.839486220e+000 
1.047352387e+000 1.844796310e+000 
1.159644943e+000 1.922141942e+000 
1.099731869e+000 1.894163450e+000 
1.070044982e+000 1.869758806e+000 
1.123908666e+000 1.908472933e+000 
1.224556886e+000 1.939300167e+000 
1.163877290e+000 1.924588442e+000 
1.114340749e+000 1.903598882e+000 
1.096446192e+000 1.891564010e+000 
1.085388197e+000 1.883131754e+000 
1.117057158e+000 1.905072747e+000 
1.124160213e+000 1.908569519e+000 
1.149103319e+000 1.918084955e+000 
1.099555195e+000 1.894158379e+000 
1.099454098e+000 1.894135095e+000 
1.098681242e+000 1.893629641e+000 
1.080891238e+000 1.878807639e+000 
1.160938772e+000 1.922400351e+000 
1.044834550e+000 1.840233896e+000 
1.071916029e+000 1.871476885e+000 
1.151839890e+000 1.918618163e+000 
1.044291828e+000 1.839574202e+000 
1.175379651e+000 1.927845159e+000 
1.134247962e+000 1.912693741e+000 
1.106418675e+000 1.898600981e+000 
1.056600019e+000 1.855891233e+000 
1.176016593e+000 1.928190660e+000 
1.121440916e+000 1.906723104e+000 
1.202828118e+000 1.934536798e+000 
1.072585421e+000 1.871990562e+000 
1.057633131e+000 1.857088013e+000 
1.205802538e+000 1.935276515e+000 
1.051098157e+000 1.849083506e+000 
1.107077073e+000 1.899774079e+000 
1.090902142e+000 1.888188943e+000 
1.113592906e+000 1.903470584e+000 
1.145747685e+000 1.917244493e+000 
1.082167031e+000 1.879328749e+000 
1.154653530e+000 1.920035508e+000 
1.109781297e+000 1.900931511e+000 
1.148793423e+000 1.918039749e+000 
1.189551910e+000 1.932064104e+000 
1.079727999e+000 1.877725679e+000 
1.056323335e+000 1.855409857e+000 
1.150987909e+000 1.918528068e+000 
1.098618727e+000 1.893434736e+000 
1.187391778e+000 1.931256866e+000 
1.080330585e+000 1.878259988e+000 
1.081606948e+000 1.879302581e+000 
1.110115393e+000 1.901438365e+000 
1.050633595e+000 1.848829885e+000 
1.063792606e+000 1.863577843e+000 
1.082323966e+000 1.879405654e+000 
1.204656920e+000 1.935054744e+000 
1.072951372e+000 1.872282340e+000 
1.050292096e+000 1.848571798e+000 
1.202958268e+000 1.934594351e+000 
1.091540614e+000 1.888454795e+000 
1.053881235e+000 1.852802043e+000 
1.163056922e+000 1.923812974e+000 
1.172316278e+000 1.927144603e+000 
1.143484423e+000 1.915926183e+000 
1.293536253e+000 1.950821143e+000 
1.155910717e+000 1.920400796e+000 
1.286666573e+000 1.950002397e+000 
1.071098951e+000 1.870677162e+000 
1.211440661e+000 1.935999069e+000 
1.288477893e+000 1.950669679e+000 
1.077161094e+000 1.875810133e+000 
1.063177434e+000 1.863376771e+000 
1.287301704e+000 1.950461431e+000 
1.178601884e+000 1.928449494e+000 
1.064499940e+000 1.864847052e+000 
1.124456207e+000 1.908869647e+000 
1.063996049e+000 1.864245792e+000 
1.069360025e+000 1.869238344e+000 
1.156227074e+000 1.920914600e+000 
1.248368461e+000 1.944154817e+000 
1.254540564e+000 1.945460734e+000 
1.048368016e+000 1.845976970e+000 
1.111085236e+000 1.901853627e+000 
1.158236552e+000 1.921030329e+000 
1.045402865e+000 1.841585669e+000 
1.072326698e+000 1.871793918e+000 
1.071228670e+000 1.870893827e+000 
1.073011062e+000 1.872425207e+000 
1.077220784e+000 1.875952999e+000 
1.250593973e+000 1.944896266e+000 
1.061531788e+000 1.861390284e+000 
1.251911042e+000 1.945088332e+000 
1.074187420e+000 1.873329324e+000 
1.125218936e+000 1.909097867e+000 
1.059851068e+000 1.859867944e+000 
1.066749333e+000 1.866901454e+000 
1.136237362e+000 1.913743904e+000 
1.046516228e+000 1.842947424e+000 
1.046135642e+000 1.842481140e+000 
1.179254130e+000 1.928940894e+000 
1.157867639e+000 1.920921884e+000 
1.298671265e+000 1.951067711e+000 
1.059258364e+000 1.859306479e+000 
1.186628607e+000 1.930764559e+000 
1.045811769e+000 1.842107332e+000 
1.122105401e+000 1.907714513e+000 
1.069325165e+000 1.868910206e+000 
1.159501006e+000 1.921386630e+000 
1.155548197e+000 1.920042519e+000 
1.186261363e+000 1.930416848e+000 
1.068239022e+000 1.868229854e+000 
1.139917441e+000 1.914761237e+000 
1.092235700e+000 1.889244130e+000 
1.062300603e+000 1.862015663e+000 
1.097786507e+000 1.892827830e+000 
1.126009872e+000 1.909506000e+000 
1.140069217e+000 1.914983906e+000 
1.166890218e+000 1.924876968e+000 
1.125760017e+000 1.909240868e+000 
1.215101130e+000 1.937318391e+000 
1.096627850e+000 1.892486198e+000 
1.087197221e+000 1.885265838e+000 
1.067582110e+000 1.867586122e+000 
1.068679427e+000 1.868332466e+000 
1.054551134e+000 1.853587698e+000 
1.127255503e+000 1.909858714e+000 
1.218996450e+000 1.937998122e+000 
1.275821203e+000 1.949253371e+000 
1.243274167e+000 1.943002052e+000 
1.104350408e+000 1.897392486e+000 
1.112715168e+000 1.902392300e+000 
1.086370716e+000 1.883950376e+000 
1.219852916e+000 1.938772101e+000 
1.212502101e+000 1.936860765e+000 
1.101283883e+000 1.895125210e+000 
1.183252653e+000 1.929651443e+000 
1.094926159e+000 1.891470261e+000 
1.128468473e+000 1.910464054e+000 
1.100684677e+000 1.894861499e+000 
1.075754214e+000 1.874656165e+000 
1.099032435e+000 1.893856095e+000 
1.105868790e+000 1.898219536e+000 
1.181164056e+000 1.929257528e+000 
1.129028430e+000 1.910514880e+000 
1.103858051e+000 1.896883899e+000 
1.129899440e+000 1.910804433e+000 
1.214505919e+000 1.937196514e+000 
1.082553100e+000 1.879453548e+000 
1.122513745e+000 1.907728593e+000 
1.285529581e+000 1.949842236e+000 
1.185393087e+000 1.930182308e+000 
1.257918283e+000 1.946269407e+000 
1.131340611e+000 1.911492979e+000 
1.185171185e+000 1.930147627e+000 
1.183887212e+000 1.929855613e+000 
1.101330229e+000 1.895202054e+000 
1.215668830e+000 1.937504006e+000 
1.130891433e+000 1.911350490e+000 
1.130956264e+000 1.911369878e+000 
1.273032690e+000 1.947192273e+000 
1.120193500e+000 1.906103849e+000 
1.056798868e+000 1.856096216e+000 
1.204474543e+000 1.935043487e+000 
1.244759279e+000 1.943035168e+000 
1.100084524e+000 1.894501662e+000 
1.056891639e+000 1.856187948e+000 
1.216309568e+000 1.937725381e+000 
1.194911100e+000 1.932596080e+000 
1.234438479e+000 1.941068352e+000 
1.003686177e+000 1.004584033e+000 
1.003580268e+000 1.004527580e+000 
1.006582382e+000 1.009428275e+000 
1.006542548e+000 1.009398257e+000 
1.005687733e+000 1.008670349e+000 
1.006132129e+000 1.009031140e+000 
1.007616424e+000 1.009929325e+000 
1.006299342e+000 1.009227344e+000 
1.008162294e+000 1.009990774e+000 
1.006883357e+000 1.009578321e+000 
1.006738105e+000 1.009576106e+000 
1.005734418e+000 1.008819238e+000 
1.007033867e+000 1.009723757e+000 
1.006448278e+000 1.009374435e+000 
1.006070217e+000 1.009016251e+000 
1.006178750e+000 1.009061898e+000 
1.008821190e+000 1.012108835e+000 
1.008650705e+000 1.011907897e+000 
1.008474395e+000 1.011731669e+000 
1.008815186e+000 1.011932607e+000 
1.034311673e+000 1.080559105e+000 
1.030216285e+000 1.078007027e+000 
1.028627735e+000 1.076081810e+000 
1.028076269e+000 1.075544486e+000 
1.033054049e+000 1.079652495e+000 
1.028308581e+000 1.075913282e+000 
1.026351392e+000 1.073738009e+000 
1.027706481e+000 1.075217553e+000 
1.033089132e+000 1.079985872e+000 
1.026177274e+000 1.073079893e+000 
1.027615417e+000 1.075126691e+000 
1.035263786e+000 1.081606675e+000 
1.029125042e+000 1.076842048e+000 
1.027361679e+000 1.074774092e+000 
1.035628520e+000 1.081790919e+000 
1.031410310e+000 1.078750657e+000 
1.035762126e+000 1.081893499e+000 
1.032138669e+000 1.079302548e+000 
1.033694396e+000 1.080326846e+000 
1.029502995e+000 1.077109810e+000 
1.032555617e+000 1.079580029e+000 
1.004945759e+000 1.005079268e+000 
1.005310552e+000 1.005166177e+000 
1.005138192e+000 1.005150446e+000 
1.004410701e+000 1.004905456e+000 
1.004764762e+000 1.005055294e+000 
1.005129556e+000 1.005142204e+000 
1.003995070e+000 1.004800460e+000 
1.003746067e+000 1.004709225e+000 
1.004238340e+000 1.004889725e+000 
1.004549988e+000 1.004976570e+000 
1.005494918e+000 1.005178314e+000 
1.003918428e+000 1.004724956e+000 
1.004191909e+000 1.004820766e+000 
1.004722349e+000 1.004992301e+000 
1.004167431e+000 1.004816191e+000 
1.031358272e+000 1.078209234e+000 
1.029095346e+000 1.076167624e+000 
1.028967627e+000 1.076146929e+000 
1.379224144e+000 1.968620671e+000 
1.376131774e+000 1.968387115e+000 
1.369557682e+000 1.966899369e+000 
1.374538937e+000 1.967942101e+000 
1.855492685e+000 1.999927570e+000 
1.373403060e+000 1.967332363e+000 
1.857290183e+000 2.000000000e+000 
1.370858815e+000 1.967153705e+000 
1.340744903e+000 1.961019181e+000 
1.342563279e+000 1.961213552e+000 
1.382655067e+000 1.969220550e+000 
1.385796247e+000 1.969481387e+000 
1.857195978e+000 1.999997676e+000 
1.319017656e+000 1.956637557e+000 
1.317639589e+000 1.956628398e+000 
1.371552593e+000 1.967277748e+000 
1.365531149e+000 1.966366479e+000 
1.367233920e+000 1.966865920e+000 
1.321229922e+000 1.957356638e+000 
1.319232137e+000 1.957287617e+000 
1.355583223e+000 1.964611749e+000 
1.360273727e+000 1.965423881e+000 
1.380478110e+000 1.968856427e+000 
1.314291267e+000 1.955550814e+000 
1.369359116e+000 1.966872206e+000 
1.366973945e+000 1.966537333e+000 
1.321688729e+000 1.957575985e+000 
1.389739853e+000 1.970182891e+000 
1.359260762e+000 1.965265151e+000 
1.349608487e+000 1.963516242e+000 
1.353988766e+000 1.964264086e+000 
1.436838698e+000 1.977159288e+000 
1.308727627e+000 1.954670621e+000 
1.438252069e+000 1.977269712e+000 
1.315043485e+000 1.956028169e+000 
1.435294284e+000 1.977086345e+000 
1.309516857e+000 1.955292194e+000 
1.303914262e+000 1.954013562e+000 
1.301921089e+000 1.952639913e+000 
1.315960750e+000 1.956265685e+000 
1.302039560e+000 1.952794121e+000 
1.450410637e+000 1.979059535e+000 
1.461235376e+000 1.980397393e+000 
1.299922888e+000 1.952249891e+000 
1.852307577e+000 1.999857252e+000 
1.297446258e+000 1.950844237e+000 
1.337848771e+000 1.960547735e+000 
1.337025250e+000 1.960532834e+000 
1.338314999e+000 1.960724065e+000 
1.301752202e+000 1.952600307e+000 
1.299439432e+000 1.952091875e+000 
1.332775260e+000 1.960349221e+000 
1.327086889e+000 1.959295828e+000 
1.338789808e+000 1.960877007e+000 
1.390631794e+000 1.970282106e+000 
1.364677824e+000 1.966248628e+000 
1.371262312e+000 1.967223046e+000 
1.361470112e+000 1.966072507e+000 
1.822787744e+000 1.999186132e+000 
1.351098751e+000 1.963804475e+000 
1.384729812e+000 1.969417239e+000 
1.351047596e+000 1.963649686e+000 
1.346746465e+000 1.963142079e+000 
1.348719248e+000 1.963460851e+000 
1.348025180e+000 1.963453598e+000 
1.845913934e+000 1.999677791e+000 
1.346859644e+000 1.963217811e+000 
1.343815771e+000 1.962211198e+000 
1.324448908e+000 1.958550692e+000 
1.324821341e+000 1.958780937e+000 
1.331178032e+000 1.959837253e+000 
1.329511164e+000 1.959576324e+000 
1.323163542e+000 1.958036077e+000 
1.846035534e+000 1.999702616e+000 
1.383865024e+000 1.969312739e+000 
1.393448743e+000 1.970950508e+000 
1.393066505e+000 1.970947053e+000 
1.397464504e+000 1.971812736e+000 
1.394210409e+000 1.971239924e+000 
1.388142166e+000 1.969792240e+000 
1.845875101e+000 1.999622601e+000 
1.842372373e+000 1.999620726e+000 
1.831460003e+000 1.999436939e+000 
1.782337977e+000 1.998713016e+000 
1.779943692e+000 1.998588845e+000 
1.830382571e+000 1.999415475e+000 
1.400481370e+000 1.971921953e+000 
1.809675512e+000 1.999013616e+000 
1.834658856e+000 1.999476077e+000 
1.391716298e+000 1.970439137e+000 
1.728069795e+000 1.997637924e+000 
1.825754185e+000 1.999329530e+000 
1.416480150e+000 1.974787068e+000 
1.412573002e+000 1.974417964e+000 
1.408962716e+000 1.974103505e+000 
1.410224987e+000 1.974245954e+000 
1.415873534e+000 1.974700806e+000 
1.402725715e+000 1.972850654e+000 
1.406674255e+000 1.973806207e+000 
1.411397949e+000 1.974341940e+000 
1.425722893e+000 1.975845524e+000 
1.441287457e+000 1.977961206e+000 
1.429194465e+000 1.976256582e+000 
1.429408441e+000 1.976301192e+000 
1.434139282e+000 1.977031644e+000 
1.439292778e+000 1.977549085e+000 
1.443040038e+000 1.978068887e+000 
1.741881392e+000 1.997961392e+000 
1.737929365e+000 1.997829996e+000 
1.734619116e+000 1.997766893e+000 
1.816454178e+000 1.999078185e+000 
1.630624088e+000 1.994912285e+000 
1.801597061e+000 1.999001751e+000 
1.822633281e+000 1.999103720e+000 
1.644183432e+000 1.995421316e+000 
1.650251961e+000 1.995609518e+000 
1.647300268e+000 1.995548032e+000 
1.669655905e+000 1.996123981e+000 
1.636310288e+000 1.995162125e+000 
1.720541702e+000 1.997619987e+000 
1.716333766e+000 1.997485224e+000 
1.638142208e+000 1.995167323e+000 
1.740558036e+000 1.997861068e+000 
1.632738741e+000 1.995148991e+000 
1.743283363e+000 1.998089972e+000 
1.660809328e+000 1.995992277e+000 
1.709364433e+000 1.997273463e+000 
1.658619861e+000 1.995904722e+000 
1.670857391e+000 1.996289177e+000 
1.709542771e+000 1.997328353e+000 
1.710905714e+000 1.997414641e+000 
1.717502492e+000 1.997488449e+000 
1.456901170e+000 1.980111165e+000 
1.705313202e+000 1.997251073e+000 
1.671297225e+000 1.996472231e+000 
1.465247958e+000 1.980742020e+000 
1.453277742e+000 1.979494380e+000 
1.451934896e+000 1.979456778e+000 
1.456338463e+000 1.979707696e+000 
1.456562617e+000 1.979768438e+000 
1.664326951e+000 1.996092656e+000 
1.790397731e+000 1.998858419e+000 
1.493722156e+000 1.984291564e+000 
1.499350603e+000 1.984869641e+000 
1.499873421e+000 1.984914023e+000 
1.512361172e+000 1.986351504e+000 
1.508181513e+000 1.985794538e+000 
1.507876880e+000 1.985595506e+000 
1.510449890e+000 1.986021419e+000 
1.510510255e+000 1.986021754e+000 
1.522474016e+000 1.987546715e+000 
1.690693263e+000 1.996844954e+000 
1.691752370e+000 1.997079270e+000 
1.483697210e+000 1.983165100e+000 
1.477340025e+000 1.982405053e+000 
1.479937110e+000 1.982901824e+000 
1.689561496e+000 1.996771181e+000 
1.685405559e+000 1.996744552e+000 
1.691382251e+000 1.997006942e+000 
1.699100944e+000 1.997208990e+000 
1.703930527e+000 1.997227782e+000 
1.695520943e+000 1.997125808e+000 
1.529226022e+000 1.988012297e+000 
1.681482240e+000 1.996526655e+000 
1.532479368e+000 1.988284572e+000 
1.530329847e+000 1.988137143e+000 
1.550435452e+000 1.989676139e+000 
1.541483744e+000 1.988989262e+000 
1.534258697e+000 1.988353694e+000 
1.536924254e+000 1.988712390e+000 
1.537258734e+000 1.988729817e+000 
1.475359645e+000 1.982168305e+000 
1.480526805e+000 1.982970564e+000 
1.477730155e+000 1.982545327e+000 
1.466793715e+000 1.980949716e+000 
1.469496559e+000 1.981490993e+000 
1.468647834e+000 1.981247742e+000 
1.759800966e+000 1.998321159e+000 
1.485133733e+000 1.983262734e+000 
1.625965945e+000 1.994402267e+000 
1.757811689e+000 1.998172814e+000 
1.519991018e+000 1.987227116e+000 
1.757716438e+000 1.998126916e+000 
1.759144143e+000 1.998231670e+000 
1.492039408e+000 1.984086202e+000 
1.768632684e+000 1.998393880e+000 
1.750748777e+000 1.998115194e+000 
1.779391345e+000 1.998530970e+000 
1.548042942e+000 1.989534006e+000 
1.773220021e+000 1.998408811e+000 
1.774552475e+000 1.998467667e+000 
1.669913395e+000 1.996227007e+000 
1.600259962e+000 1.992879021e+000 
1.568753177e+000 1.990920462e+000 
1.593992703e+000 1.992379554e+000 
1.592594031e+000 1.992322340e+000 
1.556512167e+000 1.990086602e+000 
1.555464571e+000 1.989983640e+000 
1.562250735e+000 1.990458919e+000 
1.560689529e+000 1.990354877e+000 
1.562333913e+000 1.990510583e+000 
1.559969286e+000 1.990296281e+000 
1.644024104e+000 1.995322357e+000 
1.621850183e+000 1.994292334e+000 
1.615705622e+000 1.993901086e+000 
1.611626525e+000 1.993735446e+000 
1.614709216e+000 1.993875044e+000 
1.580906990e+000 1.991842659e+000 
1.584999113e+000 1.992025134e+000 
1.583100904e+000 1.991885373e+000 
1.579786614e+000 1.991806321e+000 
1.619302292e+000 1.994078955e+000 
1.607845079e+000 1.993336896e+000 
1.609087242e+000 1.993490206e+000 
1.578113060e+000 1.991664700e+000 
1.612430710e+000 1.993756941e+000 

