1.001637583e+000 1.103700280e+000 
1.001642244e+000 1.104047633e+000 
1.001619593e+000 1.101915225e+000 
1.001411592e+000 1.101524257e+000 
1.001800051e+000 1.106019924e+000 
1.000486435e+000 1.008709758e+000 
1.000000000e+000 1.008684173e+000 
1.000575940e+000 1.008713645e+000 
1.000215993e+000 1.008688060e+000 
1.000582927e+000 1.021998523e+000 
1.003964791e+000 1.429724078e+000 
1.003639423e+000 1.429312630e+000 
1.002792910e+000 1.425225054e+000 
1.003047240e+000 1.427444630e+000 
1.004229523e+000 1.430249014e+000 
1.004323725e+000 1.430616199e+000 
1.004379115e+000 1.430731327e+000 
1.003425573e+000 1.428902053e+000 
1.002833389e+000 1.427034054e+000 
1.003294593e+000 1.428455672e+000 
1.004178642e+000 1.430134655e+000 
1.003563025e+000 1.428954455e+000 
1.003776875e+000 1.429365032e+000 
1.003174945e+000 1.428412281e+000 
1.003388795e+000 1.428822858e+000 
1.003080742e+000 1.428045096e+000 
1.002579059e+000 1.424814478e+000 
1.004102243e+000 1.429776480e+000 
1.033391124e+000 1.948996340e+000 
1.036859076e+000 1.950779401e+000 
1.080332548e+000 1.966993691e+000 
1.044204861e+000 1.954827830e+000 
1.061285007e+000 1.962168485e+000 
1.008363928e+000 1.924730829e+000 
1.042279514e+000 1.953863580e+000 
1.013950824e+000 1.933417454e+000 
1.018516864e+000 1.938660495e+000 
1.047497544e+000 1.956311561e+000 
1.038784423e+000 1.951743651e+000 
1.007493611e+000 1.923258864e+000 
1.072287319e+000 1.965418720e+000 
1.004973568e+000 1.916650266e+000 
1.053977738e+000 1.959850215e+000 
1.059661768e+000 1.962009383e+000 
1.085753583e+000 1.968388989e+000 
1.138779332e+000 1.977623156e+000 
1.088801406e+000 1.968964092e+000 
1.004610125e+000 1.914981237e+000 
1.093700075e+000 1.970197952e+000 
1.102385554e+000 1.971739137e+000 
1.024137992e+000 1.942939260e+000 
1.047850587e+000 1.956367283e+000 
1.049190909e+000 1.957249097e+000 
1.016475496e+000 1.936554440e+000 
1.048569094e+000 1.957011051e+000 
1.012605084e+000 1.931803194e+000 
1.054927372e+000 1.960095831e+000 
1.056070487e+000 1.960243212e+000 
1.004499641e+000 1.913751609e+000 
1.063162499e+000 1.962653888e+000 
1.086537917e+000 1.968725986e+000 
1.006807557e+000 1.921572282e+000 
1.046547909e+000 1.956065945e+000 
1.063702386e+000 1.963269581e+000 
1.005942143e+000 1.920363289e+000 
1.071113417e+000 1.964753644e+000 
1.167311596e+000 1.981219758e+000 
1.092982726e+000 1.969973409e+000 
1.023401026e+000 1.942675524e+000 
1.074550808e+000 1.965656826e+000 
1.050332995e+000 1.957522770e+000 
1.005468216e+000 1.917464632e+000 
1.163309738e+000 1.980477837e+000 
1.122409695e+000 1.975136525e+000 
1.041089205e+000 1.953212972e+000 
1.090779955e+000 1.969225580e+000 
1.020604690e+000 1.940120706e+000 
1.165682403e+000 1.980707026e+000 
1.036237260e+000 1.950541354e+000 
1.061830450e+000 1.962432452e+000 
1.056294756e+000 1.960662672e+000 
1.034023392e+000 1.949505714e+000 
1.057244390e+000 1.960908288e+000 
1.044885724e+000 1.954891122e+000 
1.015346937e+000 1.935294398e+000 
1.025101660e+000 1.943778872e+000 
1.050227061e+000 1.957426140e+000 
1.080569974e+000 1.967178511e+000 
1.076327937e+000 1.966678917e+000 
1.078591425e+000 1.966917023e+000 
1.042209344e+000 1.953846166e+000 
1.011739670e+000 1.930594200e+000 
1.041587529e+000 1.953608120e+000 
1.043583046e+000 1.954589784e+000 
1.053235036e+000 1.959032003e+000 
1.114586589e+000 1.973648658e+000 
1.006761602e+000 1.921033630e+000 
1.038162608e+000 1.951505605e+000 
1.058712134e+000 1.961763767e+000 
1.082833463e+000 1.967416617e+000 
1.058487866e+000 1.961344308e+000 
1.033525068e+000 1.949110566e+000 
1.020372479e+000 1.939940503e+000 
1.035479657e+000 1.950188311e+000 
1.032317144e+000 1.948427674e+000 
1.022849821e+000 1.942122488e+000 
1.045643889e+000 1.955349042e+000 
1.113296159e+000 1.973404229e+000 
1.033230150e+000 1.948725922e+000 
1.005510364e+000 1.917950853e+000 
1.053459304e+000 1.959451462e+000 
1.049120739e+000 1.957231684e+000 
1.048498924e+000 1.956993637e+000 
1.015865370e+000 1.935883720e+000 
1.034715377e+000 1.949761174e+000 
1.095963564e+000 1.970436058e+000 
1.085036234e+000 1.968164446e+000 
1.128614684e+000 1.975780090e+000 
1.019236541e+000 1.939064706e+000 
1.040586340e+000 1.952571334e+000 
1.196311308e+000 1.983766068e+000 
1.036018909e+000 1.950487378e+000 
1.125465756e+000 1.975652243e+000 
1.046189332e+000 1.955513055e+000 
1.050494441e+000 1.957975302e+000 
1.141639504e+000 1.977978779e+000 
1.149172137e+000 1.978680935e+000 
1.097259692e+000 1.970553403e+000 
1.156906278e+000 1.980317023e+000 
1.091888727e+000 1.969399233e+000 
1.216967493e+000 1.986393800e+000 
1.013799763e+000 1.933226799e+000 
1.032246974e+000 1.948410260e+000 
1.032868790e+000 1.948648306e+000 
1.206562174e+000 1.985491065e+000 
1.007397657e+000 1.922975160e+000 
1.051116256e+000 1.958213348e+000 
1.027324319e+000 1.945316291e+000 
1.019072527e+000 1.938868532e+000 
1.026770245e+000 1.944582692e+000 
1.137397467e+000 1.977479185e+000 
1.034645207e+000 1.949743760e+000 
1.030869196e+000 1.947426666e+000 
1.030574279e+000 1.947321280e+000 
1.098574019e+000 1.971171250e+000 
1.022601371e+000 1.942032086e+000 
1.018034231e+000 1.938356306e+000 
1.052912448e+000 1.959018843e+000 
1.075803664e+000 1.966034915e+000 
1.029617326e+000 1.946392874e+000 
1.029063252e+000 1.946100105e+000 
1.205163817e+000 1.984866964e+000 
1.152562001e+000 1.979095121e+000 
1.169088195e+000 1.981289395e+000 
1.018401678e+000 1.938549534e+000 
1.007108138e+000 1.922169267e+000 
1.154739275e+000 1.979317259e+000 
1.052373196e+000 1.958719776e+000 
1.179549596e+000 1.982374431e+000 
1.045653359e+000 1.955396746e+000 
1.008087351e+000 1.924065552e+000 
1.006418445e+000 1.920734103e+000 
1.026271921e+000 1.944187545e+000 
1.075258221e+000 1.965883738e+000 
1.022437357e+000 1.941835912e+000 
1.172418458e+000 1.981858341e+000 
1.020036196e+000 1.939708144e+000 
1.082420379e+000 1.967355703e+000 
1.087646690e+000 1.968899639e+000 
1.024533166e+000 1.943366311e+000 
1.028567154e+000 1.945861005e+000 
1.026825994e+000 1.944921144e+000 
1.029259564e+000 1.946214002e+000 
1.008267975e+000 1.924447126e+000 
1.005578701e+000 1.918694259e+000 
1.011673337e+000 1.930592726e+000 
1.021404674e+000 1.940854769e+000 
1.105926195e+000 1.972087586e+000 
1.026437535e+000 1.944405498e+000 
1.163930545e+000 1.980487069e+000 
1.067865626e+000 1.963684016e+000 
1.007760758e+000 1.923279959e+000 
1.114849099e+000 1.973813592e+000 
1.174569568e+000 1.981862774e+000 
1.008141981e+000 1.924111891e+000 
1.068233380e+000 1.963909964e+000 
1.183579369e+000 1.983006212e+000 
1.007221937e+000 1.922856558e+000 
1.021945240e+000 1.940993224e+000 
1.119811891e+000 1.974785964e+000 
1.038983773e+000 1.951963539e+000 
1.110008897e+000 1.973313998e+000 
1.017585967e+000 1.937565910e+000 
1.150525762e+000 1.978951150e+000 
1.198033673e+000 1.984484438e+000 
1.145696715e+000 1.978480670e+000 
1.104528502e+000 1.971863044e+000 
1.205277596e+000 1.985111328e+000 
1.025883462e+000 1.944112730e+000 
1.097587420e+000 1.971042387e+000 
1.029687495e+000 1.946410487e+000 
1.118927046e+000 1.974095356e+000 
1.155903691e+000 1.979817429e+000 
1.185623531e+000 1.983147804e+000 
1.109291548e+000 1.973089456e+000 
1.018385622e+000 1.938465627e+000 
1.132930450e+000 1.976608490e+000 
1.021240661e+000 1.940658595e+000 
1.195305387e+000 1.983712104e+000 
1.109261626e+000 1.972643216e+000 
1.052150341e+000 1.958468969e+000 
1.072212207e+000 1.964934673e+000 
1.013340698e+000 1.933108197e+000 
1.101829458e+000 1.971541981e+000 
1.029133422e+000 1.946117719e+000 
1.201615312e+000 1.984547739e+000 
1.013232218e+000 1.932582753e+000 
1.022204329e+000 1.941498207e+000 
1.136768366e+000 1.977114797e+000 
1.006954448e+000 1.921614924e+000 
1.018104401e+000 1.938373919e+000 
1.218992897e+000 1.986477390e+000 
1.011915391e+000 1.930712802e+000 
1.009610223e+000 1.926683226e+000 
1.028213666e+000 1.945741798e+000 
1.010268755e+000 1.927754103e+000 
1.010760872e+000 1.928596791e+000 
1.101592032e+000 1.971357160e+000 
1.092906553e+000 1.969815975e+000 
1.012227930e+000 1.931231253e+000 
1.107150363e+000 1.972514352e+000 
1.008659670e+000 1.925029825e+000 
1.016617106e+000 1.936762962e+000 
1.009180254e+000 1.925870736e+000 
1.015023331e+000 1.934601699e+000 
1.016907704e+000 1.937196602e+000 
1.009643722e+000 1.927224099e+000 
1.132525909e+000 1.976225700e+000 
1.012403651e+000 1.931349855e+000 
1.221201608e+000 1.986941719e+000 
1.221784716e+000 1.986959233e+000 
1.214904901e+000 1.985929394e+000 
1.181878190e+000 1.982519525e+000 
1.013013743e+000 1.932060754e+000 
1.008744809e+000 1.925474232e+000 
1.183028394e+000 1.982676959e+000 
1.011139073e+000 1.929226069e+000 
1.015672646e+000 1.935344883e+000 
1.011244749e+000 1.929738096e+000 
1.011627333e+000 1.929863122e+000 
1.039804954e+000 1.952099400e+000 
1.050418607e+000 1.957642031e+000 
1.010412170e+000 1.927989703e+000 
1.010345837e+000 1.927981007e+000 
1.009819442e+000 1.927342701e+000 
1.128714509e+000 1.975927294e+000 
1.014928323e+000 1.934486841e+000 
1.119094542e+000 1.974561421e+000 
1.008773404e+000 1.925752133e+000 
1.014469257e+000 1.934368239e+000 
1.010307703e+000 1.927979754e+000 
1.012801897e+000 1.931852768e+000 
1.026699852e+000 1.944490707e+000 
1.008478800e+000 1.924975500e+000 
1.007874492e+000 1.924002267e+000 
1.013914664e+000 1.933368249e+000 
1.016063033e+000 1.936200096e+000 
1.012977618e+000 1.931971371e+000 
1.015182923e+000 1.935098224e+000 
1.014112327e+000 1.933684625e+000 
1.015756890e+000 1.935358277e+000 
1.082965822e+000 1.967506881e+000 
1.028901048e+000 1.945903835e+000 
1.095425337e+000 1.970244650e+000 
1.074994092e+000 1.965789191e+000 
1.065959999e+000 1.963480097e+000 
1.081712521e+000 1.967261156e+000 
1.066667856e+000 1.963574644e+000 
1.117589315e+000 1.973999677e+000 
1.065414555e+000 1.963328920e+000 
1.072132985e+000 1.964800885e+000 
1.040146672e+000 1.952351679e+000 
1.000822167e+000 1.064970468e+000 
1.001287190e+000 1.065127570e+000 
1.002460862e+000 1.109888799e+000 
1.002207240e+000 1.109248762e+000 
1.002367367e+000 1.109689170e+000 
1.001999239e+000 1.108912298e+000 
1.002574660e+000 1.110017638e+000 
1.190547518e+000 1.983398216e+000 
1.285226343e+000 1.993003544e+000 
1.319804501e+000 1.995456674e+000 
1.306202340e+000 1.994445739e+000 
1.284698707e+000 1.992706062e+000 
1.286258515e+000 1.993123646e+000 
1.369538498e+000 1.997978715e+000 
1.286390362e+000 1.993125585e+000 
1.363172415e+000 1.997860291e+000 
1.260530084e+000 1.990832463e+000 
1.468502399e+000 1.999800464e+000 
1.240713353e+000 1.988978244e+000 
1.333214472e+000 1.996106517e+000 
1.302825331e+000 1.994116711e+000 
1.244518543e+000 1.989281853e+000 
1.304893824e+000 1.994320285e+000 
1.321291741e+000 1.995502523e+000 
1.322794090e+000 1.995629917e+000 
1.214571998e+000 1.985868406e+000 
1.469315115e+000 1.999821278e+000 
1.274797747e+000 1.992026876e+000 
1.211456361e+000 1.985798729e+000 
1.258919911e+000 1.990699687e+000 
1.336254302e+000 1.996556966e+000 
1.201618075e+000 1.984772679e+000 
1.238000533e+000 1.988597136e+000 
1.372012789e+000 1.998207084e+000 
1.265089614e+000 1.991186894e+000 
1.250953513e+000 1.990004294e+000 
1.428975400e+000 1.999616130e+000 
1.225642555e+000 1.987506278e+000 
1.284876186e+000 1.992900264e+000 
1.197384936e+000 1.984322214e+000 
1.316386432e+000 1.995169248e+000 
1.474705205e+000 1.999871803e+000 
1.196637499e+000 1.984205148e+000 
1.319936347e+000 1.995458613e+000 
1.235480841e+000 1.988532329e+000 
1.268758910e+000 1.991653620e+000 
1.275511740e+000 1.992029082e+000 
1.267844133e+000 1.991598343e+000 
1.337496300e+000 1.996564001e+000 
1.363195038e+000 1.997939067e+000 
1.346113569e+000 1.997091186e+000 
1.363829146e+000 1.997961126e+000 
1.252316897e+000 1.990141267e+000 
1.383780626e+000 1.998340295e+000 
1.246915449e+000 1.989298524e+000 
1.195557745e+000 1.983763719e+000 
1.252367975e+000 1.990253772e+000 
1.341866753e+000 1.996958198e+000 
1.469666418e+000 1.999844662e+000 
1.189739971e+000 1.983332931e+000 
1.337817157e+000 1.996691395e+000 
1.301097397e+000 1.993786900e+000 
1.269346483e+000 1.991725737e+000 
1.241349672e+000 1.989114173e+000 
1.276915405e+000 1.992169807e+000 
1.481736674e+000 1.999874486e+000 
1.468164068e+000 1.999795111e+000 
1.470169042e+000 1.999847708e+000 
1.518447754e+000 1.999893208e+000 
1.469534572e+000 1.999842722e+000 
1.430413197e+000 1.999639321e+000 
1.404044207e+000 1.999132264e+000 
1.449673943e+000 1.999721465e+000 
1.377901998e+000 1.998333743e+000 
1.216647826e+000 1.986178476e+000 
1.366600962e+000 1.997964226e+000 
1.367837487e+000 1.997973542e+000 
1.441188314e+000 1.999707985e+000 
1.434634572e+000 1.999684794e+000 
1.326133371e+000 1.995865366e+000 
1.319783190e+000 1.995427908e+000 
1.356928574e+000 1.997668023e+000 
1.328839918e+000 1.995987110e+000 
1.605416666e+000 1.999949391e+000 
1.359273529e+000 1.997673509e+000 
1.361027913e+000 1.997685374e+000 
1.376769119e+000 1.998301964e+000 
1.192002646e+000 1.983557810e+000 
1.196585487e+000 1.984093926e+000 
1.427100891e+000 1.999554112e+000 
1.620581124e+000 1.999981747e+000 
1.674154754e+000 2.000000000e+000 
1.230688396e+000 1.987754488e+000 
1.233079620e+000 1.988042005e+000 
1.314906464e+000 1.994893023e+000 
1.386574272e+000 1.998721635e+000 
1.247762864e+000 1.989488116e+000 
1.358614229e+000 1.997668774e+000 
1.354919829e+000 1.997494211e+000 
1.230346947e+000 1.987688959e+000 
1.321312722e+000 1.995533243e+000 
1.460787882e+000 1.999743768e+000 
1.324071411e+000 1.995703288e+000 
1.240532300e+000 1.988706115e+000 
1.408211848e+000 1.999263423e+000 
1.308909833e+000 1.994743012e+000 
1.414534225e+000 1.999362251e+000 
1.212784371e+000 1.985840262e+000 
1.425441843e+000 1.999503516e+000 
1.296216903e+000 1.993699861e+000 
1.406304439e+000 1.999242428e+000 
1.352119394e+000 1.997309519e+000 
1.520643559e+000 1.999913101e+000 
1.414481332e+000 1.999344344e+000 
1.629056327e+000 1.999995422e+000 
1.390121122e+000 1.998790585e+000 
1.423534434e+000 1.999479317e+000 
1.398459658e+000 1.998983352e+000 
1.399998478e+000 1.999122998e+000 
1.302515971e+000 1.993880199e+000 
1.215105153e+000 1.986130547e+000 
1.295395386e+000 1.993589914e+000 
1.596562586e+000 1.999913325e+000 
1.293780292e+000 1.993479904e+000 
1.292958774e+000 1.993369957e+000 
1.332767648e+000 1.996097628e+000 
1.351775102e+000 1.997169677e+000 
1.297102634e+000 1.993701116e+000 
1.314456753e+000 1.994823950e+000 
1.398017911e+000 1.998893211e+000 
1.516357557e+000 1.999887989e+000 
1.385859864e+000 1.998587267e+000 
1.627148918e+000 1.999983277e+000 
1.280939532e+000 1.992204963e+000 
1.395884303e+000 1.998829794e+000 
1.220940939e+000 1.986714830e+000 
1.222524057e+000 1.986982378e+000 
1.220429092e+000 1.986629805e+000 

