1.026165700e+000 1.150696809e+000 
1.023643800e+000 1.147757012e+000 
1.022689016e+000 1.146461482e+000 
1.021184277e+000 1.144320167e+000 
1.024107338e+000 1.148078223e+000 
1.023029417e+000 1.146680350e+000 
1.019403020e+000 1.141865420e+000 
1.025697140e+000 1.150188732e+000 
1.022386697e+000 1.145552343e+000 
1.016815466e+000 1.138187070e+000 
1.018135910e+000 1.140258337e+000 
1.017530624e+000 1.139125650e+000 
1.018537976e+000 1.140754546e+000 
1.015218353e+000 1.135273705e+000 
1.019067657e+000 1.141196917e+000 
1.022038314e+000 1.145166063e+000 
1.017128189e+000 1.138753100e+000 
1.015567125e+000 1.136003700e+000 
1.017056487e+000 1.138503323e+000 
1.018857004e+000 1.140880537e+000 
1.014949038e+000 1.134902947e+000 
1.015794944e+000 1.136713767e+000 
1.017674574e+000 1.139604075e+000 
1.014354123e+000 1.132384157e+000 
1.014372447e+000 1.133462885e+000 
1.018964567e+000 1.141156178e+000 
1.019805455e+000 1.142227721e+000 
1.024935995e+000 1.148976065e+000 
1.026574282e+000 1.151558619e+000 
1.025254574e+000 1.149665967e+000 
1.015400807e+000 1.135345805e+000 
1.020328677e+000 1.142828420e+000 
1.022164686e+000 1.145355156e+000 
1.024686347e+000 1.148563860e+000 
1.002195008e+000 1.008118073e+000 
1.002154925e+000 1.008116192e+000 
1.002354460e+000 1.008193668e+000 
1.004659452e+000 1.009950803e+000 
1.003890900e+000 1.009623518e+000 
1.004477374e+000 1.009949576e+000 
1.004777377e+000 1.009986700e+000 
1.002010621e+000 1.001836996e+000 
1.002762570e+000 1.009396032e+000 
1.003021204e+000 1.009399441e+000 
1.004376989e+000 1.009827239e+000 
1.002411382e+000 1.009073382e+000 
1.004328170e+000 1.009779588e+000 
1.003983185e+000 1.009771835e+000 
1.003540121e+000 1.009451787e+000 
1.003588940e+000 1.009498123e+000 
1.003190383e+000 1.009445776e+000 
1.003929614e+000 1.009727241e+000 
1.000038140e+000 1.000000022e+000 
9.999999994e-001 1.000000000e+000 
1.000009912e+000 1.000000002e+000 
1.000906722e+000 1.001180553e+000 
1.001103294e+000 1.001273202e+000 
1.001209776e+000 1.001279041e+000 
1.001005393e+000 1.001180712e+000 
1.000807685e+000 1.001132932e+000 
1.001855447e+000 1.001351009e+000 
1.001253192e+000 1.001279875e+000 
1.001012068e+000 1.001231262e+000 
1.001955751e+000 1.001391634e+000 
1.001714646e+000 1.001342530e+000 
1.001436758e+000 1.001337606e+000 
1.001301861e+000 1.001279944e+000 
1.001111104e+000 1.001278882e+000 
1.001611973e+000 1.001338328e+000 
1.001308114e+000 1.001280730e+000 
1.011175888e+000 1.070409688e+000 
1.010589555e+000 1.070032814e+000 
1.011976802e+000 1.072279125e+000 
1.012808797e+000 1.074081607e+000 
1.012735571e+000 1.073937343e+000 
1.013940019e+000 1.075880731e+000 
1.012480290e+000 1.073786001e+000 
1.009835454e+000 1.066870429e+000 
1.011648296e+000 1.071983519e+000 
1.010847381e+000 1.070114082e+000 
1.013529344e+000 1.075480888e+000 
1.012654593e+000 1.073794113e+000 
1.009733391e+000 1.066428899e+000 
1.010534305e+000 1.068387338e+000 
1.011444052e+000 1.071707025e+000 
1.010570990e+000 1.068389905e+000 
1.012378227e+000 1.073509507e+000 
1.006697396e+000 1.021235172e+000 
1.006113895e+000 1.020605152e+000 
1.006388901e+000 1.020701862e+000 
1.005963401e+000 1.020574070e+000 
1.006847890e+000 1.021266254e+000 
1.005654906e+000 1.020040760e+000 
1.006422390e+000 1.021138497e+000 
1.005957798e+000 1.020536750e+000 
1.005649303e+000 1.020003441e+000 
1.005896773e+000 1.020485599e+000 
1.006416787e+000 1.021101177e+000 
1.014163138e+000 1.076534565e+000 
1.000155530e+000 1.000383603e+000 
1.000533602e+000 1.000437840e+000 
1.000740060e+000 1.000438026e+000 
1.000442376e+000 1.000425297e+000 
1.000286746e+000 1.000396610e+000 
1.000633578e+000 1.000438025e+000 
1.000388606e+000 1.000423220e+000 
1.000297380e+000 1.000410677e+000 
1.000136838e+000 1.000373150e+000 
1.000290715e+000 1.000409083e+000 
1.000150577e+000 1.000383555e+000 
1.000194536e+000 1.000396492e+000 
1.000199489e+000 1.000396540e+000 
1.000174978e+000 1.000386170e+000 
1.000785825e+000 1.000442556e+000 
1.096140258e+000 1.895883140e+000 
1.120075565e+000 1.915211983e+000 
1.042011431e+000 1.818993783e+000 
1.102786234e+000 1.902024503e+000 
1.066216292e+000 1.860966182e+000 
1.036095826e+000 1.806388077e+000 
1.031701379e+000 1.796829172e+000 
1.029416288e+000 1.791058907e+000 
1.159301592e+000 1.939299453e+000 
1.027809643e+000 1.785157992e+000 
1.075666751e+000 1.874217321e+000 
1.058884708e+000 1.849998217e+000 
1.114867431e+000 1.912520723e+000 
1.172128309e+000 1.944383979e+000 
1.027304187e+000 1.784400823e+000 
1.065631941e+000 1.860606621e+000 
1.159291380e+000 1.938096374e+000 
1.038669612e+000 1.811870962e+000 
1.058981379e+000 1.850558174e+000 
1.083020021e+000 1.883773605e+000 
1.084041490e+000 1.883959380e+000 
1.114734499e+000 1.912350398e+000 
1.028095979e+000 1.786567592e+000 
1.049974969e+000 1.835271168e+000 
1.037159718e+000 1.808516212e+000 
1.106760268e+000 1.905630011e+000 
1.109072693e+000 1.908270176e+000 
1.026778581e+000 1.780770721e+000 
1.039281844e+000 1.813280562e+000 
1.132580887e+000 1.924101417e+000 
1.027746216e+000 1.785010587e+000 
1.040429746e+000 1.815444335e+000 
1.133659856e+000 1.925029819e+000 
1.037388024e+000 1.809234202e+000 
1.066608841e+000 1.861516179e+000 
1.125838333e+000 1.919680806e+000 
1.102128158e+000 1.901969490e+000 
1.039574744e+000 1.813463225e+000 
1.125971265e+000 1.919851131e+000 
1.179646368e+000 1.948284007e+000 
1.053814286e+000 1.841954207e+000 
1.058518404e+000 1.849786401e+000 
1.117316552e+000 1.914500699e+000 
1.050168551e+000 1.835431337e+000 
1.144691693e+000 1.929951045e+000 
1.034877089e+000 1.803874461e+000 
1.054841397e+000 1.843538166e+000 
1.040165003e+000 1.814872825e+000 
1.150848941e+000 1.934258414e+000 
1.076110599e+000 1.875228860e+000 
1.133728928e+000 1.925211983e+000 
1.034359894e+000 1.802227122e+000 
1.046695973e+000 1.828299790e+000 
1.055453629e+000 1.844947766e+000 
1.093261926e+000 1.893196506e+000 
1.071432578e+000 1.868433667e+000 
1.139607810e+000 1.928376114e+000 
1.052225462e+000 1.839486723e+000 
1.065963763e+000 1.860948025e+000 
1.061751608e+000 1.855228907e+000 
1.124625198e+000 1.918441531e+000 
1.047387788e+000 1.829747318e+000 
1.132713819e+000 1.924271741e+000 
1.044802830e+000 1.824091561e+000 
1.054426518e+000 1.843363807e+000 
1.075073124e+000 1.873384396e+000 
1.077705307e+000 1.876525839e+000 
1.032135581e+000 1.797501469e+000 
1.060461621e+000 1.853681405e+000 
1.029353841e+000 1.790742307e+000 
1.040952029e+000 1.816103939e+000 
1.062730633e+000 1.856571946e+000 
1.078866699e+000 1.878674554e+000 
1.141544996e+000 1.929185424e+000 
1.042948952e+000 1.820218189e+000 
1.140932763e+000 1.928950027e+000 
1.030141338e+000 1.792430010e+000 
1.060318228e+000 1.853119523e+000 
1.061354703e+000 1.854471367e+000 
1.028880229e+000 1.789279632e+000 
1.050762017e+000 1.836101878e+000 
1.050853164e+000 1.836154759e+000 
1.065572366e+000 1.860401418e+000 
1.049831577e+000 1.834647911e+000 
1.056585192e+000 1.846847447e+000 
1.030718548e+000 1.793872025e+000 
1.091327140e+000 1.891822303e+000 
1.049384711e+000 1.833861568e+000 
1.095220582e+000 1.895467764e+000 
1.079795830e+000 1.879929058e+000 
1.040786483e+000 1.816101367e+000 
1.136477529e+000 1.926609270e+000 
1.081223225e+000 1.881211707e+000 
1.126986374e+000 1.920791372e+000 
1.028451841e+000 1.787848179e+000 
1.064534891e+000 1.858757157e+000 
1.056479019e+000 1.846091496e+000 
1.049032195e+000 1.832777118e+000 
1.108825257e+000 1.908093940e+000 
1.068313595e+000 1.864105377e+000 
1.052370603e+000 1.839589991e+000 
1.080455443e+000 1.880341461e+000 
1.072124556e+000 1.869073464e+000 
1.080604363e+000 1.880394341e+000 
1.110669229e+000 1.909632232e+000 
1.068584782e+000 1.864280464e+000 
1.070256546e+000 1.866796827e+000 
1.096727833e+000 1.896941757e+000 
1.029670407e+000 1.791434001e+000 
1.064345414e+000 1.858357826e+000 
1.074549811e+000 1.873047138e+000 
1.051223973e+000 1.837598105e+000 
1.056860075e+000 1.847551024e+000 
1.042988056e+000 1.820522460e+000 
1.038877364e+000 1.812489050e+000 
1.098444801e+000 1.898653757e+000 
1.156094850e+000 1.937569946e+000 
1.164351552e+000 1.940940666e+000 
1.056759196e+000 1.846952096e+000 
1.082323452e+000 1.882618097e+000 
1.096260970e+000 1.896602023e+000 
1.059720867e+000 1.851688741e+000 
1.073866661e+000 1.871842226e+000 
1.164247394e+000 1.940864182e+000 
1.085694401e+000 1.886666565e+000 
1.071907807e+000 1.869040544e+000 
1.099321105e+000 1.899765273e+000 
1.038483951e+000 1.811159944e+000 
1.045336044e+000 1.825336592e+000 
1.108670484e+000 1.907919173e+000 
1.084781266e+000 1.884450978e+000 
1.045669605e+000 1.826252499e+000 
1.045174609e+000 1.824926173e+000 
1.055169387e+000 1.843683287e+000 
1.045099566e+000 1.824842899e+000 
1.141186767e+000 1.929167699e+000 
1.041703153e+000 1.817847936e+000 
1.053218487e+000 1.840810982e+000 
1.057485428e+000 1.848126498e+000 
1.148670286e+000 1.932498313e+000 
1.031192160e+000 1.795334700e+000 
1.031508726e+000 1.796026394e+000 
1.036302126e+000 1.806746966e+000 
1.032980639e+000 1.799445475e+000 
1.107329107e+000 1.906319968e+000 
1.089702232e+000 1.890523646e+000 
1.089783987e+000 1.890787909e+000 
1.036915495e+000 1.807976156e+000 
1.086655130e+000 1.886832408e+000 
1.091829669e+000 1.892694899e+000 
1.044039840e+000 1.822927643e+000 
1.030104372e+000 1.792381218e+000 
1.046626559e+000 1.827492244e+000 
1.048224629e+000 1.831835242e+000 
1.041025182e+000 1.816675872e+000 
1.084978476e+000 1.885987379e+000 
1.047970561e+000 1.830997014e+000 
1.047380302e+000 1.829587415e+000 
1.090559151e+000 1.891604439e+000 
1.034363310e+000 1.802439926e+000 
1.035623297e+000 1.805231236e+000 
1.033607494e+000 1.800920550e+000 
1.036598929e+000 1.807400913e+000 
1.033217646e+000 1.799510950e+000 
1.032664073e+000 1.798753782e+000 
1.154508364e+000 1.935954228e+000 
1.071257068e+000 1.867732349e+000 
1.160774933e+000 1.939570564e+000 
1.097573897e+000 1.898482861e+000 
1.104358892e+000 1.903351647e+000 
1.128311328e+000 1.921232565e+000 
1.114536472e+000 1.912051364e+000 
1.103431915e+000 1.902609598e+000 
1.111994182e+000 1.910073425e+000 
1.087120934e+000 1.887380226e+000 
1.105116948e+000 1.903929441e+000 
1.075313880e+000 1.873792334e+000 
1.076681193e+000 1.875666056e+000 
1.075453848e+000 1.874217094e+000 
1.071336690e+000 1.868244479e+000 
1.077082999e+000 1.876486033e+000 
1.087528458e+000 1.888038797e+000 
1.107609412e+000 1.906590421e+000 
1.157039629e+000 1.937733447e+000 
1.120210482e+000 1.916143039e+000 
1.160451924e+000 1.939518194e+000 
1.113563159e+000 1.911274572e+000 
1.173636660e+000 1.945303108e+000 
1.175185408e+000 1.946298115e+000 
1.129456075e+000 1.922027542e+000 
1.113138930e+000 1.910868402e+000 
1.108375202e+000 1.907516101e+000 
1.167809086e+000 1.943066479e+000 
1.157213359e+000 1.937787618e+000 
1.141969924e+000 1.929941065e+000 
1.136198629e+000 1.926448153e+000 
1.131080542e+000 1.923197772e+000 
1.155333837e+000 1.936267238e+000 
1.137823096e+000 1.927618383e+000 
1.111588844e+000 1.910058449e+000 
1.168774561e+000 1.943193064e+000 
1.173616490e+000 1.945260399e+000 
1.123454596e+000 1.917572674e+000 
1.138195429e+000 1.927640081e+000 
1.171836326e+000 1.944170607e+000 
1.140154022e+000 1.928581434e+000 
1.147608279e+000 1.932171788e+000 
1.144840780e+000 1.931097175e+000 
1.149557120e+000 1.933423622e+000 
1.141825566e+000 1.929225311e+000 
1.008985668e+000 1.039436589e+000 
1.007144388e+000 1.036281473e+000 
1.007134538e+000 1.035451732e+000 
1.007865248e+000 1.037528175e+000 
1.007413315e+000 1.036281488e+000 
1.007764702e+000 1.037248380e+000 
1.008857974e+000 1.039436100e+000 
1.007532863e+000 1.036313667e+000 
1.008309544e+000 1.038368503e+000 
1.008692454e+000 1.039425527e+000 
1.007589710e+000 1.036454519e+000 
1.007755229e+000 1.036486638e+000 
1.005617031e+000 1.013193723e+000 
1.005307650e+000 1.012626977e+000 
1.004798098e+000 1.011965875e+000 
1.005128334e+000 1.012532622e+000 
1.002143313e+000 1.003969745e+000 
1.287456449e+000 1.987184774e+000 
1.228257370e+000 1.969687157e+000 
1.184768912e+000 1.951079391e+000 
1.280912296e+000 1.986410098e+000 
1.246912265e+000 1.976269227e+000 
1.185797232e+000 1.951347028e+000 
1.346970661e+000 1.997740259e+000 
1.319245250e+000 1.993478542e+000 
1.215423916e+000 1.965315013e+000 
1.213786204e+000 1.964238506e+000 
1.230524449e+000 1.971042632e+000 
1.228276784e+000 1.969928398e+000 
1.275224212e+000 1.984582695e+000 
1.221096755e+000 1.967515628e+000 
1.243162959e+000 1.975583293e+000 
1.213176250e+000 1.964200779e+000 
1.334242991e+000 1.995989934e+000 
1.366408467e+000 1.999390868e+000 
1.282359107e+000 1.986482505e+000 
1.326708427e+000 1.994973644e+000 
1.310110092e+000 1.992076948e+000 
1.242979698e+000 1.975439922e+000 
1.289402458e+000 1.988299008e+000 
1.302279558e+000 1.990686065e+000 
1.302392327e+000 1.990810888e+000 
1.314801851e+000 1.992862524e+000 
1.321438143e+000 1.994154677e+000 
1.223708640e+000 1.968443513e+000 
1.258657043e+000 1.979903029e+000 
1.192980822e+000 1.955522631e+000 
1.195228487e+000 1.956636865e+000 
1.229564741e+000 1.970787499e+000 
1.227039052e+000 1.969432024e+000 
1.306104911e+000 1.991520414e+000 
1.339450416e+000 1.996710471e+000 
1.316351734e+000 1.992880216e+000 
1.343776729e+000 1.997064817e+000 
1.277203349e+000 1.985456183e+000 
1.245315687e+000 1.975848671e+000 
1.233576027e+000 1.971750656e+000 
1.342002713e+000 1.997027090e+000 
1.227317076e+000 1.969673265e+000 
1.277540049e+000 1.985696929e+000 
1.432815304e+000 2.000000000e+000 
1.341368780e+000 1.996955738e+000 
1.327601942e+000 1.995188191e+000 
1.234662383e+000 1.972019432e+000 
1.193576725e+000 1.955672033e+000 
1.178012370e+000 1.946519284e+000 
1.199162142e+000 1.958322818e+000 
1.276881036e+000 1.985337286e+000 
1.233854051e+000 1.971991897e+000 
1.303328732e+000 1.990831337e+000 
1.226838311e+000 1.969144313e+000 
1.297146943e+000 1.989794110e+000 
1.292673048e+000 1.989012177e+000 
1.317677952e+000 1.993441508e+000 
1.224822212e+000 1.968585226e+000 
1.180533287e+000 1.948733585e+000 
1.258138872e+000 1.979705625e+000 
1.195883269e+000 1.956664399e+000 
1.300806767e+000 1.990494797e+000 
1.276184811e+000 1.984967029e+000 
1.181950828e+000 1.949372693e+000 
1.228786946e+000 1.970258547e+000 
1.185898562e+000 1.951572667e+000 
1.181396067e+000 1.949039514e+000 
1.295813164e+000 1.989457640e+000 
1.301933847e+000 1.990564877e+000 
1.214079803e+000 1.964511449e+000 
1.320826953e+000 1.993874845e+000 
1.220081319e+000 1.966935102e+000 
1.182019468e+000 1.949477739e+000 
1.319699873e+000 1.993804765e+000 
1.313686829e+000 1.992804642e+000 
1.305092256e+000 1.991280372e+000 
1.189778518e+000 1.953751894e+000 
1.184267133e+000 1.950591973e+000 
1.187721294e+000 1.952926483e+000 
1.212449971e+000 1.964185877e+000 
1.284705486e+000 1.986954928e+000 
1.190552135e+000 1.954215947e+000 
1.194632748e+000 1.955800333e+000 
1.333807336e+000 1.995977409e+000 
1.210656895e+000 1.962727832e+000 
1.192909525e+000 1.955260102e+000 
1.191168657e+000 1.954349487e+000 
1.196880413e+000 1.956914567e+000 
1.205500007e+000 1.961030245e+000 
1.335540253e+000 1.996049816e+000 
1.218823317e+000 1.966453512e+000 
1.303718789e+000 1.990956385e+000 
1.372823695e+000 1.999506051e+000 
1.265393407e+000 1.982152376e+000 
1.258690460e+000 1.980559170e+000 
1.375896515e+000 1.999552762e+000 
1.419164110e+000 1.999885010e+000 
1.255861054e+000 1.979592094e+000 
1.343919358e+000 1.997171863e+000 
1.275717468e+000 1.984832674e+000 
1.350276811e+000 1.997890737e+000 
1.325989226e+000 1.994627374e+000 
1.370688769e+000 1.999447587e+000 
1.220316667e+000 1.967241017e+000 
1.327605498e+000 1.995303510e+000 
1.222564332e+000 1.968355252e+000 
1.176854897e+000 1.946355962e+000 
1.178319676e+000 1.946906897e+000 
1.236358424e+000 1.973197291e+000 
1.183932819e+000 1.950235344e+000 
1.292424113e+000 1.988913369e+000 
1.304146351e+000 1.991061014e+000 
1.204931511e+000 1.960896705e+000 
1.308849867e+000 1.991969521e+000 
1.228716005e+000 1.969966757e+000 
1.304564378e+000 1.991183945e+000 
1.323985362e+000 1.994590341e+000 
1.214583731e+000 1.964822760e+000 
1.248853393e+000 1.977470683e+000 
1.217454421e+000 1.966133809e+000 
1.280662929e+000 1.986267734e+000 
1.323051938e+000 1.994517934e+000 
1.245014750e+000 1.975797362e+000 
1.211340454e+000 1.963364679e+000 
1.231936085e+000 1.971354785e+000 
1.237497759e+000 1.973610737e+000 
1.235030474e+000 1.972496502e+000 
1.208615636e+000 1.962227018e+000 
1.207179177e+000 1.962010940e+000 
1.252761138e+000 1.978604430e+000 
1.191562290e+000 1.954377022e+000 
1.218948625e+000 1.966522395e+000 
1.188864276e+000 1.953235253e+000 
1.203199978e+000 1.960726756e+000 
1.265568355e+000 1.982426017e+000 
1.202458360e+000 1.959640056e+000 
1.201193316e+000 1.959612522e+000 
1.218557519e+000 1.966353824e+000 
1.338300116e+000 1.996340666e+000 
1.263343370e+000 1.981782928e+000 
1.273064583e+000 1.984542509e+000 
1.254315947e+000 1.979399083e+000 
1.254733974e+000 1.979522014e+000 
1.252486309e+000 1.978407780e+000 
1.179423421e+000 1.947974052e+000 
1.200545053e+000 1.959344937e+000 
1.224376713e+000 1.968535357e+000 
1.216180517e+000 1.965655470e+000 
1.237364328e+000 1.973273890e+000 
1.247402298e+000 1.976438486e+000 
1.249846877e+000 1.977862148e+000 
1.287935504e+000 1.987912661e+000 
1.192514924e+000 1.954617649e+000 
1.247599211e+000 1.976747913e+000 
1.306929283e+000 1.991897114e+000 
1.207110296e+000 1.961439925e+000 
1.292386728e+000 1.988615715e+000 
1.332202553e+000 1.995627497e+000 
1.265111217e+000 1.982133768e+000 
1.262216290e+000 1.981712848e+000 
1.241746677e+000 1.974537981e+000 
1.331269129e+000 1.995555090e+000 
1.268015444e+000 1.982782842e+000 
1.198509525e+000 1.957726846e+000 
1.312625450e+000 1.992404352e+000 
1.241920250e+000 1.974924499e+000 
1.240319441e+000 1.974031707e+000 
1.240707103e+000 1.974528313e+000 
1.269712518e+000 1.983829340e+000 
1.288394973e+000 1.988064785e+000 
1.259677285e+000 1.980919373e+000 
1.248360279e+000 1.977303139e+000 
1.288561045e+000 1.988101818e+000 
1.268182772e+000 1.983098471e+000 
1.360406101e+000 1.998725446e+000 
1.381797866e+000 1.999571211e+000 
1.370656928e+000 1.999431848e+000 
1.271102227e+000 1.984090950e+000 
1.359444023e+000 1.998652599e+000 
1.349431295e+000 1.997774329e+000 
1.357892492e+000 1.998448228e+000 
1.251705758e+000 1.978212288e+000 
1.392940236e+000 1.999786220e+000 
1.363895970e+000 1.999350450e+000 
1.356079894e+000 1.998436080e+000 
1.338569365e+000 1.996346015e+000 
1.383157985e+000 1.999606061e+000 
1.372199254e+000 1.999478268e+000 
1.369923330e+000 1.999396437e+000 
1.383744982e+000 1.999746757e+000 
1.345226237e+000 1.997605333e+000 
1.330056709e+000 1.995369208e+000 
1.346445301e+000 1.997658007e+000 
1.385577788e+000 1.999774292e+000 
1.352304778e+000 1.998331906e+000 
1.335676505e+000 1.996308468e+000 
1.363077637e+000 1.999261943e+000 
1.387559789e+000 1.999783791e+000 
1.353521232e+000 1.998363027e+000 
1.422064138e+000 1.999962209e+000 
1.291296494e+000 1.988387823e+000 
1.421371529e+000 1.999890112e+000 
1.418175354e+000 1.999884941e+000 
1.413571417e+000 1.999842323e+000 
1.312168859e+000 1.992172890e+000 
1.409232802e+000 1.999813003e+000 
1.283442205e+000 1.986818592e+000 
1.283528752e+000 1.986922730e+000 
1.279734051e+000 1.986152839e+000 
1.280631097e+000 1.986209561e+000 
1.287540897e+000 1.987828430e+000 
1.291791635e+000 1.988566004e+000 

