1.000544055e+000 1.038538711e+000 
1.000778376e+000 1.039117377e+000 
1.000003033e+000 1.000005744e+000 
9.999999985e-001 1.000005711e+000 
1.000197939e+000 1.023954020e+000 
1.000381153e+000 1.024337454e+000 
1.000277021e+000 1.024007210e+000 
1.001226596e+000 1.072412617e+000 
1.001611514e+000 1.072504611e+000 
1.001267572e+000 1.072473635e+000 
1.005969415e+000 1.327806836e+000 
1.004328487e+000 1.324133372e+000 
1.005066962e+000 1.325470576e+000 
1.006703633e+000 1.329148496e+000 
1.005788502e+000 1.327390439e+000 
1.006398426e+000 1.328399971e+000 
1.005194475e+000 1.325512361e+000 
1.005532755e+000 1.326680005e+000 
1.007230749e+000 1.330189597e+000 
1.006880288e+000 1.329564770e+000 
1.005965157e+000 1.327806713e+000 
1.158238774e+000 1.944824830e+000 
1.008181662e+000 1.843890436e+000 
1.033996744e+000 1.875472992e+000 
1.059389613e+000 1.895843916e+000 
1.057504077e+000 1.894445026e+000 
1.059969012e+000 1.896390539e+000 
1.014352296e+000 1.854509153e+000 
1.101281129e+000 1.921590617e+000 
1.052241553e+000 1.890628829e+000 
1.051696243e+000 1.890403583e+000 
1.058288585e+000 1.895124709e+000 
1.007432203e+000 1.841973905e+000 
1.076513233e+000 1.906935589e+000 
1.041557410e+000 1.881844378e+000 
1.046330332e+000 1.885745231e+000 
1.016857303e+000 1.858067889e+000 
1.019907798e+000 1.861392375e+000 
1.007550212e+000 1.842880828e+000 
1.009148903e+000 1.845288477e+000 
1.043741166e+000 1.883771033e+000 
1.015619575e+000 1.856486517e+000 
1.168582475e+000 1.947982626e+000 
1.015998675e+000 1.857008618e+000 
1.016178690e+000 1.857177570e+000 
1.050014899e+000 1.889202339e+000 
1.019303565e+000 1.861040705e+000 
1.083320181e+000 1.912120208e+000 
1.136776808e+000 1.936526244e+000 
1.116054350e+000 1.928517281e+000 
1.086849040e+000 1.914385754e+000 
1.092419977e+000 1.917534027e+000 
1.088116128e+000 1.915098890e+000 
1.169110040e+000 1.948171660e+000 
1.111133920e+000 1.926361724e+000 
1.139526280e+000 1.938097708e+000 
1.168405145e+000 1.947981892e+000 
1.154880236e+000 1.943317173e+000 
1.014358051e+000 1.854998708e+000 
1.084018209e+000 1.912896594e+000 
1.048998724e+000 1.888352691e+000 
1.085088127e+000 1.913223112e+000 
1.046017765e+000 1.885719711e+000 
1.094292147e+000 1.919039169e+000 
1.037533232e+000 1.878676595e+000 
1.034801263e+000 1.876030623e+000 
1.013761859e+000 1.853583923e+000 
1.163603999e+000 1.946118536e+000 
1.019235617e+000 1.860811453e+000 
1.018071557e+000 1.859576272e+000 
1.160101028e+000 1.944953192e+000 
1.038823174e+000 1.879779224e+000 
1.043014034e+000 1.883375057e+000 
1.153547166e+000 1.943048778e+000 
1.028964884e+000 1.870942645e+000 
1.072415313e+000 1.904733292e+000 
1.065041723e+000 1.900006324e+000 
1.121582220e+000 1.931016233e+000 
1.039832351e+000 1.880706483e+000 
1.065445321e+000 1.900476790e+000 
1.067052322e+000 1.901292743e+000 
1.112414409e+000 1.926925093e+000 
1.040539746e+000 1.881071180e+000 
1.088322058e+000 1.915331731e+000 
1.079578654e+000 1.909740382e+000 
1.097090025e+000 1.919742018e+000 
1.034489783e+000 1.875751629e+000 
1.072610616e+000 1.905320675e+000 
1.035005921e+000 1.876332506e+000 
1.034243355e+000 1.875648338e+000 
1.048636040e+000 1.887579719e+000 
1.070115140e+000 1.903252686e+000 
1.105379048e+000 1.923792913e+000 
1.023182636e+000 1.865140487e+000 
1.119588075e+000 1.930338710e+000 
1.038214394e+000 1.879247101e+000 
1.045071399e+000 1.884735013e+000 
1.032307532e+000 1.873782230e+000 
1.127679150e+000 1.933546646e+000 
1.034852135e+000 1.876118569e+000 
1.007916398e+000 1.843523747e+000 
1.025559218e+000 1.867435316e+000 
1.029704981e+000 1.871221875e+000 
1.062382777e+000 1.898045715e+000 
1.032798777e+000 1.874124486e+000 
1.152842270e+000 1.942859011e+000 
1.087978108e+000 1.915085214e+000 
1.030260590e+000 1.871893515e+000 
1.079210371e+000 1.909456937e+000 
1.081225050e+000 1.910518251e+000 
1.087390168e+000 1.914574610e+000 
1.111132031e+000 1.926345497e+000 
1.032871826e+000 1.874541417e+000 
1.081009552e+000 1.910392546e+000 
1.033865014e+000 1.875287610e+000 
1.101508131e+000 1.921928881e+000 
1.086159595e+000 1.913909313e+000 
1.033539719e+000 1.874845710e+000 
1.024546374e+000 1.866200546e+000 
1.060282379e+000 1.896912477e+000 
1.105606050e+000 1.924131177e+000 
1.021561065e+000 1.863457160e+000 
1.108725576e+000 1.925549020e+000 
1.052479833e+000 1.890992286e+000 
1.085706090e+000 1.913510427e+000 
1.080322044e+000 1.909993788e+000 
1.093695862e+000 1.918220111e+000 
1.063877421e+000 1.899076219e+000 
1.026474381e+000 1.868334127e+000 
1.115318420e+000 1.928267628e+000 
1.073933119e+000 1.905967717e+000 
1.116413581e+000 1.928709053e+000 
1.113196936e+000 1.927658166e+000 
1.069337245e+000 1.902766491e+000 
1.059783228e+000 1.896155191e+000 
1.086483985e+000 1.913996622e+000 
1.104601225e+000 1.923138050e+000 
1.138411415e+000 1.937659829e+000 
1.028038238e+000 1.869908933e+000 
1.143948170e+000 1.939461835e+000 
1.027126375e+000 1.869001954e+000 
1.022213059e+000 1.864054741e+000 
1.144480942e+000 1.939755062e+000 
1.030912584e+000 1.872646924e+000 
1.021132827e+000 1.863067013e+000 
1.008772100e+000 1.844815659e+000 
1.096238830e+000 1.919663444e+000 
1.045910805e+000 1.885639275e+000 
1.031626341e+000 1.873284129e+000 
1.014962139e+000 1.855328005e+000 
1.025135301e+000 1.866815595e+000 
1.020584796e+000 1.862353419e+000 
1.022476902e+000 1.864475443e+000 
1.012223526e+000 1.851099037e+000 
1.074711014e+000 1.906453912e+000 
1.011653624e+000 1.850565676e+000 
1.117561173e+000 1.929341924e+000 
1.116023315e+000 1.928457396e+000 
1.011063187e+000 1.849640449e+000 
1.111838816e+000 1.926551492e+000 
1.010692077e+000 1.848787307e+000 
1.135082208e+000 1.936300819e+000 
1.138147162e+000 1.937397315e+000 
1.138749918e+000 1.938014104e+000 
1.140046809e+000 1.938265646e+000 
1.136911752e+000 1.937175268e+000 
1.137616648e+000 1.937365035e+000 
1.090544723e+000 1.916170335e+000 
1.142065906e+000 1.939049870e+000 
1.129492161e+000 1.933828775e+000 
1.150960006e+000 1.942258547e+000 
1.098663604e+000 1.920788218e+000 
1.144762885e+000 1.939879324e+000 
1.108674970e+000 1.925230235e+000 
1.102824542e+000 1.922934665e+000 
1.118010907e+000 1.929412140e+000 
1.093124872e+000 1.917723795e+000 
1.109626256e+000 1.925825152e+000 
1.008675076e+000 1.844787164e+000 
1.125849605e+000 1.932672198e+000 
1.009704869e+000 1.847324527e+000 
1.155370716e+000 1.943963040e+000 
1.059645207e+000 1.896141515e+000 
1.072114191e+000 1.904452946e+000 
1.070772543e+000 1.903740953e+000 
1.124872795e+000 1.932436386e+000 
1.130840811e+000 1.934719157e+000 
1.149158655e+000 1.941329143e+000 
1.051463658e+000 1.890142638e+000 
1.144137585e+000 1.939621933e+000 
1.035449656e+000 1.876423262e+000 
1.011918888e+000 1.850766265e+000 
1.015136509e+000 1.855525945e+000 
1.012386965e+000 1.851530171e+000 
1.063233879e+000 1.898664327e+000 
1.063099525e+000 1.898590025e+000 
1.048720313e+000 1.887663337e+000 
1.057237834e+000 1.894367007e+000 
1.053233882e+000 1.891319019e+000 
1.054973241e+000 1.892674486e+000 
1.056491011e+000 1.893812725e+000 
1.000065045e+000 1.022266296e+000 
1.001204673e+000 1.046073739e+000 
1.000857227e+000 1.045337220e+000 
1.000937834e+000 1.045341903e+000 
1.003819021e+000 1.078643665e+000 
1.002748179e+000 1.077535198e+000 
1.003064288e+000 1.077764007e+000 
1.002178544e+000 1.076512082e+000 
1.001661952e+000 1.075446707e+000 
1.001978060e+000 1.075675523e+000 
1.003776065e+000 1.078242990e+000 
1.003638831e+000 1.078124689e+000 
1.003313460e+000 1.077829081e+000 
1.002494652e+000 1.076740897e+000 
1.000024069e+000 1.000593655e+000 
1.004163418e+000 1.111386875e+000 
1.237207556e+000 1.968792578e+000 
1.226050856e+000 1.966196278e+000 
1.167986770e+000 1.947899759e+000 
1.262099281e+000 1.973818165e+000 
1.244246346e+000 1.970245983e+000 
1.484269265e+000 1.995872322e+000 
1.246634507e+000 1.971038058e+000 
1.655415395e+000 2.000000000e+000 
1.191361629e+000 1.955198380e+000 
1.191461135e+000 1.955507907e+000 
1.489064207e+000 1.996009065e+000 
1.192787778e+000 1.956010904e+000 
1.640392210e+000 1.999802805e+000 
1.188954692e+000 1.954912924e+000 
1.241479020e+000 1.969795069e+000 
1.304896857e+000 1.980683915e+000 
1.276562165e+000 1.976334071e+000 
1.234720673e+000 1.968321989e+000 
1.502951846e+000 1.996792101e+000 
1.240408874e+000 1.969285548e+000 
1.259687343e+000 1.973603315e+000 
1.321476470e+000 1.982896716e+000 
1.230317433e+000 1.967327600e+000 
1.220760087e+000 1.964301894e+000 
1.249872323e+000 1.971388020e+000 
1.643970865e+000 1.999823609e+000 
1.251774336e+000 1.971819445e+000 
1.220728084e+000 1.964154074e+000 
1.243871111e+000 1.970034709e+000 
1.495176234e+000 1.996372177e+000 
1.249078532e+000 1.971346245e+000 
1.268962851e+000 1.974951872e+000 
1.499589013e+000 1.996600395e+000 
1.264600548e+000 1.974054920e+000 
1.166330089e+000 1.947577330e+000 
1.483401432e+000 1.995804001e+000 
1.332308367e+000 1.984724869e+000 
1.266370410e+000 1.974526252e+000 
1.265985758e+000 1.974204961e+000 
1.337717252e+000 1.985084253e+000 
1.349306351e+000 1.986489877e+000 
1.305227902e+000 1.980710978e+000 
1.315068452e+000 1.982393966e+000 
1.229252381e+000 1.966677821e+000 
1.317082173e+000 1.982506837e+000 
1.360228718e+000 1.987569720e+000 
1.362365524e+000 1.987657079e+000 
1.302596642e+000 1.980349812e+000 
1.310089956e+000 1.981616465e+000 
1.303080283e+000 1.980526554e+000 
1.285052919e+000 1.977645603e+000 
1.260883418e+000 1.973651149e+000 
1.315924933e+000 1.982475475e+000 
1.638926179e+000 1.999695885e+000 
1.316101960e+000 1.982487637e+000 
1.307124793e+000 1.981286145e+000 
1.251003520e+000 1.971742763e+000 
1.647813074e+000 1.999833518e+000 
1.293319552e+000 1.979031430e+000 
1.319439383e+000 1.982593905e+000 
1.306572076e+000 1.980899638e+000 
1.147901178e+000 1.940473209e+000 
1.312531149e+000 1.981782583e+000 
1.430850721e+000 1.993238991e+000 
1.294102110e+000 1.979445956e+000 
1.290607114e+000 1.978735784e+000 
1.290226141e+000 1.978576610e+000 
1.399146541e+000 1.991131175e+000 
1.294052818e+000 1.979068956e+000 
1.392705326e+000 1.990642944e+000 
1.209266714e+000 1.961434296e+000 
1.292575995e+000 1.979015645e+000 
1.375909026e+000 1.989052798e+000 
1.403738329e+000 1.991146691e+000 
1.388538914e+000 1.990547519e+000 
1.274324829e+000 1.975794707e+000 
1.286541924e+000 1.978196228e+000 
1.409544260e+000 1.991734821e+000 
1.239177389e+000 1.969075320e+000 
1.234112236e+000 1.967957410e+000 
1.426286659e+000 1.992806749e+000 
1.610388231e+000 1.999645100e+000 
1.381231630e+000 1.989924942e+000 
1.372867722e+000 1.988938766e+000 
1.366435391e+000 1.988403292e+000 
1.419795425e+000 1.992411490e+000 
1.601204167e+000 1.999238241e+000 
1.330477668e+000 1.984295406e+000 
1.209306727e+000 1.962018420e+000 
1.413756280e+000 1.991808457e+000 
1.417277058e+000 1.992318177e+000 
1.448063428e+000 1.994150074e+000 
1.428889026e+000 1.993218152e+000 
1.406170065e+000 1.991378828e+000 
1.215291748e+000 1.963268279e+000 
1.431438610e+000 1.993247370e+000 
1.606253554e+000 1.999389454e+000 
1.352308237e+000 1.986801209e+000 
1.434282844e+000 1.993462913e+000 
1.444262037e+000 1.993874574e+000 
1.422147577e+000 1.992602704e+000 
1.420645238e+000 1.992500417e+000 
1.344259149e+000 1.986013512e+000 
1.353062143e+000 1.986840447e+000 
1.365685869e+000 1.988012101e+000 
1.196974418e+000 1.958126307e+000 
1.218253004e+000 1.963651373e+000 
1.355027354e+000 1.986975765e+000 
1.419746287e+000 1.992404426e+000 
1.214388771e+000 1.963115932e+000 
1.218231933e+000 1.963548976e+000 
1.157291733e+000 1.943979121e+000 
1.198239916e+000 1.958962165e+000 
1.199798516e+000 1.959371816e+000 
1.201561526e+000 1.959671179e+000 
1.206245479e+000 1.961172685e+000 
1.197169150e+000 1.958651180e+000 
1.203604347e+000 1.960390900e+000 
1.218681233e+000 1.964147191e+000 
1.338561040e+000 1.985118949e+000 
1.342681576e+000 1.985867981e+000 
1.193555963e+000 1.957460659e+000 
1.197975383e+000 1.958772738e+000 
1.326599248e+000 1.983802105e+000 
1.212906281e+000 1.962644536e+000 
1.157453280e+000 1.944578699e+000 
1.322443309e+000 1.983274884e+000 
1.400127728e+000 1.991135190e+000 
1.179326503e+000 1.952418512e+000 
1.180950196e+000 1.952793346e+000 
1.181881281e+000 1.953305688e+000 
1.183409388e+000 1.953668136e+000 
1.178006080e+000 1.951861996e+000 
1.185637062e+000 1.954647093e+000 
1.174343861e+000 1.950903787e+000 
1.170588080e+000 1.949562382e+000 
1.160920259e+000 1.946084731e+000 
1.163964701e+000 1.946978585e+000 
1.178182123e+000 1.952005653e+000 
1.164140743e+000 1.947122242e+000 
1.160208920e+000 1.945637181e+000 
1.177398670e+000 1.951239814e+000 
1.281485641e+000 1.976967213e+000 
1.169236465e+000 1.948884386e+000 
1.633586204e+000 1.999661043e+000 
1.393822387e+000 1.990713478e+000 
1.376576870e+000 1.989086864e+000 
1.379674187e+000 1.989540313e+000 
1.368623798e+000 1.988853084e+000 
1.537495295e+000 1.997789841e+000 
1.362560678e+000 1.987902809e+000 
1.377712978e+000 1.989385866e+000 
1.536555849e+000 1.997720319e+000 
1.531802926e+000 1.997533877e+000 
1.544157283e+000 1.997970505e+000 
1.523504879e+000 1.997250555e+000 
1.529017075e+000 1.997332467e+000 
1.492364581e+000 1.996035417e+000 
1.335031605e+000 1.984762015e+000 
1.485636412e+000 1.995940024e+000 
1.473768741e+000 1.995441224e+000 
1.478416212e+000 1.995700261e+000 
1.516150612e+000 1.997010793e+000 
1.523534436e+000 1.997277602e+000 
1.461901495e+000 1.994818483e+000 
1.464985080e+000 1.994966475e+000 
1.459352617e+000 1.994594745e+000 
1.461961169e+000 1.994965938e+000 
1.474756402e+000 1.995692767e+000 
1.467929916e+000 1.995371051e+000 
1.505195377e+000 1.996905628e+000 
1.444163101e+000 1.993721624e+000 
1.452908130e+000 1.994432864e+000 
1.516419639e+000 1.997113219e+000 
1.513616833e+000 1.996950569e+000 
1.493095202e+000 1.996206403e+000 
1.444161443e+000 1.993702245e+000 
1.484440362e+000 1.995907018e+000 
1.589265959e+000 1.999190321e+000 
1.568276658e+000 1.998668352e+000 
1.560417672e+000 1.998290468e+000 
1.590586932e+000 1.999197085e+000 
1.579869852e+000 1.998968692e+000 
1.571934417e+000 1.998695699e+000 
1.566844871e+000 1.998609312e+000 
1.530264243e+000 1.997367455e+000 
1.558128491e+000 1.998169349e+000 
1.557725076e+000 1.998071047e+000 
1.556189320e+000 1.998049319e+000 

