1.005108050e+000 1.346199984e+000 
1.004580302e+000 1.342939429e+000 
1.005010517e+000 1.343099425e+000 
1.000291419e+000 1.010632095e+000 
1.000142347e+000 1.007878888e+000 
1.000034147e+000 1.002913908e+000 
1.003299953e+000 1.054602419e+000 
1.002818452e+000 1.054495110e+000 
1.001266974e+000 1.051481658e+000 
1.001917260e+000 1.053369368e+000 
1.001846584e+000 1.052545345e+000 
1.002369205e+000 1.053530736e+000 
1.003037350e+000 1.054579836e+000 
1.003752455e+000 1.056394784e+000 
1.003319777e+000 1.055496368e+000 
1.004366143e+000 1.056615942e+000 
1.002875054e+000 1.054515956e+000 
1.001454987e+000 1.052526994e+000 
1.001203313e+000 1.051371953e+000 
1.001992125e+000 1.053374637e+000 
1.002307850e+000 1.053495864e+000 
1.002063293e+000 1.053406993e+000 
1.002519108e+000 1.054380041e+000 
1.003565474e+000 1.055499615e+000 
1.002484960e+000 1.054341141e+000 
1.003283048e+000 1.054583083e+000 
1.002236682e+000 1.053463509e+000 
9.999999990e-001 1.001328863e+000 
1.001108390e+000 1.039388716e+000 
1.000005113e+000 1.002912332e+000 
1.000378236e+000 1.024819855e+000 
1.000810421e+000 1.025696744e+000 
1.000788811e+000 1.025284844e+000 
1.000349202e+000 1.024816692e+000 
1.000480198e+000 1.025229527e+000 
1.000793925e+000 1.025287449e+000 
1.000701205e+000 1.025250372e+000 
1.067552437e+000 1.902452912e+000 
1.028425466e+000 1.859702920e+000 
1.041282472e+000 1.875134953e+000 
1.113482503e+000 1.939869187e+000 
1.087326401e+000 1.920234431e+000 
1.038249841e+000 1.871886962e+000 
1.030169875e+000 1.861931643e+000 
1.111767373e+000 1.938946999e+000 
1.006830131e+000 1.819584118e+000 
1.045550983e+000 1.880287022e+000 
1.085922034e+000 1.919863847e+000 
1.085287957e+000 1.918726147e+000 
1.085623846e+000 1.919664695e+000 
1.020963703e+000 1.847884777e+000 
1.036045962e+000 1.868653640e+000 
1.078010111e+000 1.912205550e+000 
1.021831546e+000 1.849744106e+000 
1.018852628e+000 1.844513791e+000 
1.050668847e+000 1.886095545e+000 
1.014002392e+000 1.836278514e+000 
1.091048313e+000 1.923888657e+000 
1.032959368e+000 1.865685910e+000 
1.069393505e+000 1.904399850e+000 
1.052360179e+000 1.887785057e+000 
1.104320420e+000 1.934700658e+000 
1.088700018e+000 1.921783073e+000 
1.013297559e+000 1.833521085e+000 
1.047197172e+000 1.882217790e+000 
1.026738312e+000 1.856929791e+000 
1.019588013e+000 1.846217698e+000 
1.076301268e+000 1.911227357e+000 
1.088113598e+000 1.921379460e+000 
1.083587797e+000 1.917758680e+000 
1.085676064e+000 1.919668424e+000 
1.020215978e+000 1.847140346e+000 
1.048849306e+000 1.884286023e+000 
1.069073791e+000 1.904162921e+000 
1.024078595e+000 1.852897661e+000 
1.006591138e+000 1.819106861e+000 
1.007532802e+000 1.820719764e+000 
1.084875634e+000 1.918232461e+000 
1.131065896e+000 1.950370726e+000 
1.080584554e+000 1.915108280e+000 
1.022077517e+000 1.849940604e+000 
1.027633421e+000 1.858132020e+000 
1.022840212e+000 1.850597296e+000 
1.012574085e+000 1.832413004e+000 
1.080882742e+000 1.915308170e+000 
1.033617493e+000 1.866085603e+000 
1.015757656e+000 1.839273596e+000 
1.041063537e+000 1.875052379e+000 
1.016978583e+000 1.841606613e+000 
1.040210146e+000 1.874395687e+000 
1.013037723e+000 1.833443054e+000 
1.015116206e+000 1.838334356e+000 
1.117603361e+000 1.943329537e+000 
1.021439810e+000 1.849131846e+000 
1.018359346e+000 1.844029991e+000 
1.061201408e+000 1.896191827e+000 
1.012868233e+000 1.832569431e+000 
1.033205339e+000 1.865882408e+000 
1.013783548e+000 1.833833624e+000 
1.011783676e+000 1.830562286e+000 
1.143935146e+000 1.955762095e+000 
1.095164849e+000 1.927342191e+000 
1.065395629e+000 1.900349570e+000 
1.078250317e+000 1.912723025e+000 
1.075335118e+000 1.909890110e+000 
1.007285947e+000 1.820389370e+000 
1.061627039e+000 1.896944958e+000 
1.141000273e+000 1.954752159e+000 
1.016362287e+000 1.840110063e+000 
1.009928410e+000 1.825719843e+000 
1.005319903e+000 1.813976971e+000 
1.023453249e+000 1.852008837e+000 
1.008322291e+000 1.821945143e+000 
1.012897490e+000 1.832618142e+000 
1.011295583e+000 1.829611414e+000 
1.032921370e+000 1.864853066e+000 
1.109419077e+000 1.936943080e+000 
1.013538940e+000 1.833557382e+000 
1.072949403e+000 1.907497520e+000 
1.016666847e+000 1.840778478e+000 
1.012065103e+000 1.831267023e+000 
1.008007436e+000 1.821054694e+000 
1.009286960e+000 1.824780603e+000 
1.008844318e+000 1.824207783e+000 
1.116202959e+000 1.941165408e+000 
1.006181942e+000 1.816541513e+000 
1.011600143e+000 1.830328603e+000 
1.012241594e+000 1.831267843e+000 
1.006492520e+000 1.816785864e+000 
1.011423653e+000 1.830327783e+000 
1.032067979e+000 1.864196374e+000 
1.007074688e+000 1.819854445e+000 
1.009055576e+000 1.824742923e+000 
1.010635474e+000 1.827493142e+000 
1.030323571e+000 1.861967652e+000 
1.109717265e+000 1.937150535e+000 
1.056312614e+000 1.891774108e+000 
1.092457142e+000 1.924657310e+000 
1.058757436e+000 1.893874846e+000 
1.058809654e+000 1.893877449e+000 
1.109665048e+000 1.937137957e+000 
1.118059395e+000 1.943530463e+000 
1.023699219e+000 1.852205336e+000 
1.030569541e+000 1.862164150e+000 
1.047562953e+000 1.882664016e+000 
1.032313950e+000 1.864392873e+000 
1.038152911e+000 1.871826445e+000 
1.036597707e+000 1.869818729e+000 
1.051073826e+000 1.886163050e+000 
1.028087209e+000 1.858353710e+000 
1.142501101e+000 1.955136192e+000 
1.090295433e+000 1.922321136e+000 
1.101337953e+000 1.932086316e+000 
1.042820816e+000 1.877707233e+000 
1.121437409e+000 1.945594269e+000 
1.005988887e+000 1.814703595e+000 
1.101285735e+000 1.932082587e+000 
1.016329166e+000 1.840100740e+000 
1.096807687e+000 1.928572350e+000 
1.067500220e+000 1.902450309e+000 
1.096173515e+000 1.928058193e+000 
1.046181574e+000 1.880859477e+000 
1.101919907e+000 1.932596743e+000 
1.139560641e+000 1.953122119e+000 
1.015687716e+000 1.839161500e+000 
1.032728055e+000 1.864674061e+000 
1.026984283e+000 1.857126290e+000 
1.061836918e+000 1.897197822e+000 
1.097141825e+000 1.928794446e+000 
1.048325649e+000 1.883320707e+000 
1.118816077e+000 1.944097684e+000 
1.027324514e+000 1.857697019e+000 
1.034147858e+000 1.866388909e+000 
1.029068922e+000 1.859925741e+000 
1.142614101e+000 1.955336879e+000 
1.027841239e+000 1.858157212e+000 
1.018663906e+000 1.844489356e+000 
1.050198203e+000 1.885051936e+000 
1.037017502e+000 1.870218405e+000 
1.029585648e+000 1.860385934e+000 
1.041958608e+000 1.876332081e+000 
1.017267614e+000 1.841653895e+000 
1.019966442e+000 1.846569618e+000 
1.042204578e+000 1.876528579e+000 
1.137983312e+000 1.953008311e+000 
1.107806304e+000 1.936199507e+000 
1.038727438e+000 1.872360536e+000 
1.005836784e+000 1.814577269e+000 
1.037441113e+000 1.871230271e+000 
1.102180302e+000 1.932716114e+000 
1.032482085e+000 1.864477563e+000 
1.054284928e+000 1.889974634e+000 
1.030065089e+000 1.861069148e+000 
1.038358074e+000 1.872130956e+000 
1.133488756e+000 1.952182155e+000 
1.029819118e+000 1.860872650e+000 
1.052866544e+000 1.887992107e+000 
1.048586043e+000 1.883441007e+000 
1.103152524e+000 1.932757383e+000 
1.059827719e+000 1.895102831e+000 
1.030032235e+000 1.861047743e+000 
1.056181119e+000 1.891499165e+000 
1.032268968e+000 1.864302470e+000 
1.046830542e+000 1.881459388e+000 
1.093053521e+000 1.925091518e+000 
1.083795975e+000 1.917770912e+000 
1.093299491e+000 1.925287109e+000 
1.044108879e+000 1.878680722e+000 
1.083550004e+000 1.917575322e+000 
1.084039721e+000 1.917924219e+000 
1.074456729e+000 1.909152925e+000 
1.088465639e+000 1.921599715e+000 
1.079781414e+000 1.914170710e+000 
1.076237561e+000 1.910702294e+000 
1.103045641e+000 1.932733293e+000 
1.052974664e+000 1.888141935e+000 
1.055041532e+000 1.890142101e+000 
1.058522324e+000 1.893800608e+000 
1.070937296e+000 1.905383407e+000 
1.073490579e+000 1.907939239e+000 
1.057147044e+000 1.892642510e+000 
1.128280599e+000 1.948686599e+000 
1.119878432e+000 1.944378459e+000 
1.064132413e+000 1.899385713e+000 
1.060823338e+000 1.895574510e+000 
1.077259170e+000 1.911343851e+000 
1.084669657e+000 1.918219446e+000 
1.071902124e+000 1.906276740e+000 
1.117863756e+000 1.943448751e+000 
1.124606222e+000 1.946601366e+000 
1.068884799e+000 1.903600568e+000 
1.147355865e+000 1.957994498e+000 
1.139942399e+000 1.954598746e+000 
1.125213799e+000 1.946887507e+000 
1.132190546e+000 1.950386091e+000 
1.144557110e+000 1.956032866e+000 
1.133375299e+000 1.950899757e+000 
1.070334146e+000 1.904528375e+000 
1.070424841e+000 1.904546053e+000 
1.112799017e+000 1.939465480e+000 
1.114620519e+000 1.940678812e+000 
1.109798604e+000 1.937631299e+000 
1.114958791e+000 1.940753705e+000 
1.114642795e+000 1.940698998e+000 
1.109889299e+000 1.937651485e+000 
1.114841165e+000 1.940699883e+000 
1.087686435e+000 1.920649840e+000 
1.093542790e+000 1.925489065e+000 
1.000826499e+000 1.027194776e+000 
1.004495804e+000 1.235032626e+000 
1.155923272e+000 1.961368259e+000 
1.150785927e+000 1.959613637e+000 
1.149444669e+000 1.958711455e+000 
1.170423686e+000 1.968474920e+000 
1.179012377e+000 1.972341504e+000 
1.287009152e+000 1.995901488e+000 
1.136739715e+000 1.952640350e+000 
1.219699515e+000 1.984719805e+000 
1.157600696e+000 1.962879133e+000 
1.148991044e+000 1.958203775e+000 
1.138393265e+000 1.953099321e+000 
1.162105605e+000 1.965165898e+000 
1.160928257e+000 1.964353288e+000 
1.150037819e+000 1.958850546e+000 
1.298523615e+000 1.997186732e+000 
1.145034407e+000 1.956977417e+000 
1.144716343e+000 1.956291183e+000 
1.270410647e+000 1.994499459e+000 
1.254564411e+000 1.992421272e+000 
1.238558535e+000 1.988775330e+000 
1.154167847e+000 1.960911980e+000 
1.156197536e+000 1.962404401e+000 
1.221146376e+000 1.984742568e+000 
1.156457930e+000 1.962422294e+000 
1.300845321e+000 1.997396417e+000 
1.137239876e+000 1.952711930e+000 
1.172351780e+000 1.969798166e+000 
1.171386442e+000 1.968963850e+000 
1.176762042e+000 1.971618278e+000 
1.175988316e+000 1.970755912e+000 
1.290104755e+000 1.995997123e+000 
1.334468290e+000 1.998657676e+000 
1.291588065e+000 1.996537726e+000 
1.310667383e+000 1.998291988e+000 
1.152455739e+000 1.959814268e+000 
1.620682430e+000 1.999996133e+000 
1.383319931e+000 1.999057558e+000 
1.271910340e+000 1.994834101e+000 
1.166449072e+000 1.966668241e+000 
1.258465795e+000 1.992842236e+000 
1.239040907e+000 1.989817556e+000 
1.454912187e+000 1.999604853e+000 
1.168113250e+000 1.967325506e+000 
1.259100412e+000 1.992874083e+000 
1.498078670e+000 1.999857439e+000 
1.459129218e+000 1.999606421e+000 
1.300376996e+000 1.997389561e+000 
1.524420741e+000 1.999957234e+000 
1.354478538e+000 1.998866658e+000 
1.510485350e+000 1.999903662e+000 
1.343028486e+000 1.998675561e+000 
1.253771826e+000 1.992325817e+000 
1.499330293e+000 1.999863391e+000 
1.561654717e+000 1.999973508e+000 
1.488053918e+000 1.999835465e+000 
1.497428945e+000 1.999837702e+000 
1.520594111e+000 1.999924239e+000 
1.600374758e+000 1.999979630e+000 
1.228069177e+000 1.986653628e+000 
1.621488534e+000 2.000000000e+000 
1.230366832e+000 1.987769194e+000 
1.306290993e+000 1.997940382e+000 
1.307320580e+000 1.998270618e+000 
1.303749394e+000 1.997557233e+000 
1.304339553e+000 1.997879986e+000 
1.311844551e+000 1.998302104e+000 
1.317709684e+000 1.998327171e+000 
1.444263781e+000 1.999547624e+000 
1.331724944e+000 1.998593825e+000 
1.319119534e+000 1.998499958e+000 
1.153246595e+000 1.960294895e+000 
1.519453910e+000 1.999903787e+000 
1.430294798e+000 1.999440694e+000 
1.152313129e+000 1.959808603e+000 
1.442888389e+000 1.999485806e+000 
1.164584160e+000 1.966092389e+000 
1.163355922e+000 1.965628441e+000 
1.169030556e+000 1.967854206e+000 
1.169263923e+000 1.968265622e+000 
1.160220095e+000 1.963778119e+000 
1.173480546e+000 1.970453752e+000 
1.171995365e+000 1.969543710e+000 
1.600375823e+000 1.999989557e+000 
1.165092792e+000 1.966447734e+000 
1.235718888e+000 1.988721861e+000 
1.191123166e+000 1.976786566e+000 
1.484090370e+000 1.999773068e+000 
1.435595068e+000 1.999453893e+000 
1.244416954e+000 1.990759292e+000 
1.410253499e+000 1.999333517e+000 
1.243257375e+000 1.990747716e+000 
1.249162130e+000 1.991405573e+000 
1.470064851e+000 1.999707481e+000 
1.460640885e+000 1.999660403e+000 
1.206990432e+000 1.981890250e+000 
1.247514081e+000 1.991179652e+000 
1.214640143e+000 1.983958483e+000 
1.471113839e+000 1.999714500e+000 
1.209474478e+000 1.982288967e+000 
1.191492849e+000 1.976826076e+000 
1.247822035e+000 1.991209074e+000 
1.212648882e+000 1.983186860e+000 
1.197943228e+000 1.979087086e+000 
1.240753198e+000 1.990225584e+000 
1.371230425e+000 1.999008845e+000 
1.197948509e+000 1.979537191e+000 
1.265531268e+000 1.994365488e+000 
1.196995294e+000 1.978480847e+000 
1.217148525e+000 1.984520482e+000 
1.258065102e+000 1.992837390e+000 
1.203792331e+000 1.981118627e+000 
1.409543434e+000 1.999313484e+000 
1.276883482e+000 1.995121099e+000 
1.195140169e+000 1.978380949e+000 
1.209134729e+000 1.982273503e+000 
1.409354655e+000 1.999303311e+000 
1.274759036e+000 1.995104204e+000 
1.228432700e+000 1.987046153e+000 
1.201409341e+000 1.980169317e+000 
1.222717122e+000 1.985700961e+000 
1.393880412e+000 1.999284586e+000 
1.265251331e+000 1.994359802e+000 
1.189361124e+000 1.976095704e+000 
1.199835694e+000 1.979991085e+000 
1.205295919e+000 1.981550563e+000 
1.213091366e+000 1.983401045e+000 
1.262149483e+000 1.993485383e+000 
1.390681792e+000 1.999203218e+000 
1.387064904e+000 1.999184824e+000 
1.386725155e+000 1.999181649e+000 
1.234075041e+000 1.988428964e+000 
1.260989905e+000 1.993473806e+000 
1.475276941e+000 1.999723577e+000 
1.182910745e+000 1.973834694e+000 
1.414470870e+000 1.999337118e+000 
1.183250494e+000 1.973852960e+000 
1.229241701e+000 1.987253351e+000 
1.181643734e+000 1.973180998e+000 
1.181983482e+000 1.973199264e+000 
1.472552549e+000 1.999714717e+000 
1.473601536e+000 1.999721736e+000 
1.202734275e+000 1.980242645e+000 
1.224513127e+000 1.986125689e+000 
1.184893000e+000 1.974365418e+000 
1.187317121e+000 1.975397489e+000 
1.180283337e+000 1.972474218e+000 
1.452062888e+000 1.999571932e+000 
1.385058833e+000 1.999122894e+000 
1.477420273e+000 1.999753424e+000 
1.475744869e+000 1.999751584e+000 
1.290748855e+000 1.996313580e+000 
1.189551996e+000 1.976416812e+000 
1.186797324e+000 1.975215940e+000 
1.290554539e+000 1.996283555e+000 
1.418612084e+000 1.999419974e+000 
1.422216345e+000 1.999433749e+000 
1.279234403e+000 1.995500796e+000 
1.417500559e+000 1.999340199e+000 
1.374756583e+000 1.999014511e+000 
1.377651150e+000 1.999035460e+000 
1.358719450e+000 1.998911914e+000 
1.363280296e+000 1.998921422e+000 
1.354817377e+000 1.998889201e+000 
1.356252328e+000 1.998904464e+000 
1.336627085e+000 1.998658072e+000 
1.344799608e+000 1.998710994e+000 
1.352572421e+000 1.998813964e+000 
1.441333853e+000 1.999476182e+000 
1.459524965e+000 1.999617479e+000 
1.433589913e+000 1.999448759e+000 

