1.000595402e+000 1.001398957e+000 
1.000721617e+000 1.001421966e+000 
1.000377317e+000 1.001369373e+000 
1.000412989e+000 1.001370075e+000 
1.000522217e+000 1.001395847e+000 
1.000631075e+000 1.001399659e+000 
1.000547942e+000 1.001397049e+000 
1.000422266e+000 1.001372560e+000 
1.000503206e+000 1.001393304e+000 
1.000095822e+000 1.000090756e+000 
1.000242371e+000 1.000101415e+000 
1.000140839e+000 1.000096651e+000 
1.000247154e+000 1.000101440e+000 
1.000230492e+000 1.000100880e+000 
1.000256431e+000 1.000105285e+000 
1.000375023e+000 1.000105723e+000 
1.000114875e+000 1.000093643e+000 
1.000150548e+000 1.000098569e+000 
1.000121265e+000 1.000095929e+000 
1.000156937e+000 1.000100855e+000 
1.001567759e+000 1.014367358e+000 
1.001612383e+000 1.014375823e+000 
1.000995511e+000 1.010072359e+000 
1.000757354e+000 1.009665992e+000 
1.001008273e+000 1.010073934e+000 
1.000805664e+000 1.009701982e+000 
1.000779939e+000 1.009694305e+000 
1.000738669e+000 1.009631735e+000 
1.000744591e+000 1.009664417e+000 
1.000770317e+000 1.009672094e+000 
1.000841612e+000 1.009873563e+000 
1.000867338e+000 1.009881240e+000 
1.000876959e+000 1.009903451e+000 
1.000902685e+000 1.009911128e+000 
1.000854375e+000 1.009875138e+000 
1.001046190e+000 1.010073970e+000 
1.000835689e+000 1.009840881e+000 
1.003358439e+000 1.069868597e+000 
1.005725412e+000 1.073182585e+000 
1.003672551e+000 1.070619173e+000 
1.005488014e+000 1.073095320e+000 
1.006512685e+000 1.074100478e+000 
1.005883613e+000 1.073405868e+000 
1.007105169e+000 1.074229109e+000 
1.003240213e+000 1.069817909e+000 
1.004170038e+000 1.071204896e+000 
1.003494995e+000 1.070580424e+000 
1.003932640e+000 1.071117631e+000 
1.003755084e+000 1.071078882e+000 
1.004069877e+000 1.071146080e+000 
1.004891042e+000 1.072248160e+000 
1.004990361e+000 1.072402656e+000 
1.004476087e+000 1.072122145e+000 
1.004393555e+000 1.071662436e+000 
1.004790881e+000 1.072189343e+000 
1.004215998e+000 1.071623688e+000 
1.004653644e+000 1.072160894e+000 
1.003374167e+000 1.070011811e+000 
1.007342567e+000 1.074316374e+000 
1.002859297e+000 1.068750839e+000 
1.007500769e+000 1.074539657e+000 
1.007753315e+000 1.074576164e+000 
1.001668978e+000 1.065322405e+000 
1.002119709e+000 1.067457593e+000 
1.002151066e+000 1.067599395e+000 
1.001787572e+000 1.066473039e+000 
1.001825489e+000 1.066490346e+000 
1.002483202e+000 1.068584042e+000 
1.002551521e+000 1.068624019e+000 
1.002677411e+000 1.068641327e+000 
1.002272747e+000 1.068427563e+000 
1.003107348e+000 1.069608984e+000 
1.002896893e+000 1.069453838e+000 
1.001940611e+000 1.067443009e+000 
1.003233238e+000 1.069626292e+000 
1.000090542e+000 1.000072170e+000 
1.000056098e+000 1.000069855e+000 
1.000017240e+000 1.000069358e+000 
1.000013088e+000 1.000068814e+000 
1.000000000e+000 1.000067467e+000 
1.035319272e+000 1.727468583e+000 
1.142622949e+000 1.858580600e+000 
1.062016811e+000 1.772315647e+000 
1.141312158e+000 1.856624839e+000 
1.033160918e+000 1.723246652e+000 
1.127000744e+000 1.845083839e+000 
1.145950233e+000 1.859960163e+000 
1.131104564e+000 1.848851699e+000 
1.017127818e+000 1.684116435e+000 
1.063285666e+000 1.774058034e+000 
1.128789352e+000 1.846938539e+000 
1.029906933e+000 1.716611300e+000 
1.009384662e+000 1.652541940e+000 
1.021817751e+000 1.696245836e+000 
1.029677004e+000 1.716001478e+000 
1.062688448e+000 1.773634375e+000 
1.021101135e+000 1.694862018e+000 
1.061377657e+000 1.771678613e+000 
1.008405793e+000 1.648277002e+000 
1.018158296e+000 1.686540293e+000 
1.099765948e+000 1.817109263e+000 
1.085217085e+000 1.801928199e+000 
1.017638461e+000 1.685108601e+000 
1.026581440e+000 1.708832745e+000 
1.037460511e+000 1.730897849e+000 
1.082804971e+000 1.799576410e+000 
1.037697891e+000 1.731559397e+000 
1.016892982e+000 1.682761518e+000 
1.037574531e+000 1.730912143e+000 
1.081566514e+000 1.797025228e+000 
1.008996650e+000 1.651759996e+000 
1.008703952e+000 1.648832720e+000 
1.010763231e+000 1.660234057e+000 
1.164888957e+000 1.872040574e+000 
1.099228920e+000 1.816720153e+000 
1.154292203e+000 1.865170491e+000 
1.009174206e+000 1.651781116e+000 
1.100042320e+000 1.817224639e+000 
1.098686761e+000 1.816471545e+000 
1.099927867e+000 1.817162958e+000 
1.010303207e+000 1.657428724e+000 
1.120757883e+000 1.839811823e+000 
1.068664331e+000 1.781147210e+000 
1.120977568e+000 1.839901055e+000 
1.007885979e+000 1.641910435e+000 
1.008178676e+000 1.644008432e+000 
1.009704758e+000 1.655376428e+000 
1.011050054e+000 1.660822678e+000 
1.053742146e+000 1.759449045e+000 
1.037646430e+000 1.730915196e+000 
1.098897349e+000 1.816634016e+000 
1.116785626e+000 1.837013092e+000 
1.160450012e+000 1.869829866e+000 
1.138787838e+000 1.853962110e+000 
1.135589083e+000 1.852856658e+000 
1.037666318e+000 1.730977339e+000 
1.010629161e+000 1.658791502e+000 
1.014000116e+000 1.672077501e+000 
1.098559231e+000 1.816253591e+000 
1.011679126e+000 1.663568353e+000 
1.012084316e+000 1.664453079e+000 
1.051834138e+000 1.757069625e+000 
1.091467217e+000 1.808689003e+000 
1.013496291e+000 1.670161541e+000 
1.033046897e+000 1.723232358e+000 
1.018561317e+000 1.688380461e+000 
1.142158622e+000 1.856678534e+000 
1.130692833e+000 1.848390974e+000 
1.093166819e+000 1.810815343e+000 
1.012121747e+000 1.664821615e+000 
1.011353578e+000 1.661829035e+000 
1.128619772e+000 1.846205214e+000 
1.147591202e+000 1.862041600e+000 
1.055023030e+000 1.761680768e+000 
1.125432612e+000 1.843938723e+000 
1.039325416e+000 1.734276514e+000 
1.036335639e+000 1.728959434e+000 
1.012682766e+000 1.666505375e+000 
1.063801973e+000 1.774238173e+000 
1.038832828e+000 1.733655907e+000 
1.117327786e+000 1.837248028e+000 
1.134732527e+000 1.851393496e+000 
1.118642761e+000 1.837334165e+000 
1.028310709e+000 1.712466101e+000 
1.035593499e+000 1.727956514e+000 
1.122517090e+000 1.841767048e+000 
1.111667269e+000 1.831039587e+000 
1.068344464e+000 1.780763881e+000 
1.124170239e+000 1.843128701e+000 
1.066147182e+000 1.778034321e+000 
1.123495682e+000 1.841903238e+000 
1.157461142e+000 1.866705355e+000 
1.019647226e+000 1.690924896e+000 
1.039038726e+000 1.733957833e+000 
1.067195592e+000 1.778861814e+000 
1.037800669e+000 1.731724302e+000 
1.079898450e+000 1.795957614e+000 
1.047931805e+000 1.749685100e+000 
1.038004307e+000 1.732117447e+000 
1.014134491e+000 1.672710485e+000 
1.131311076e+000 1.849483531e+000 
1.034350581e+000 1.725235743e+000 
1.029004294e+000 1.714408430e+000 
1.015288637e+000 1.677690616e+000 
1.020007518e+000 1.691891863e+000 
1.014600359e+000 1.674864163e+000 
1.119886531e+000 1.839667701e+000 
1.079266167e+000 1.795323438e+000 
1.164774578e+000 1.871168087e+000 
1.031215299e+000 1.719026421e+000 
1.025212710e+000 1.705168166e+000 
1.058011997e+000 1.766250653e+000 
1.077073371e+000 1.792653721e+000 
1.080258473e+000 1.796475216e+000 
1.056036933e+000 1.763425207e+000 
1.028792445e+000 1.713450736e+000 
1.049801471e+000 1.753621887e+000 
1.024368964e+000 1.703251920e+000 
1.058027194e+000 1.766347619e+000 
1.048591119e+000 1.751331864e+000 
1.052515383e+000 1.757679731e+000 
1.052713673e+000 1.757978400e+000 
1.047965144e+000 1.750573652e+000 
1.021295379e+000 1.694956417e+000 
1.129916684e+000 1.847156822e+000 
1.071022956e+000 1.784582494e+000 
1.014851204e+000 1.675124611e+000 
1.071455336e+000 1.785385948e+000 
1.094282462e+000 1.812512278e+000 
1.085073504e+000 1.801338306e+000 
1.050679056e+000 1.754631495e+000 
1.068721113e+000 1.781637494e+000 
1.056836087e+000 1.764288752e+000 
1.088934857e+000 1.805577204e+000 
1.091619872e+000 1.809292590e+000 
1.097339286e+000 1.815974776e+000 
1.152764331e+000 1.864296472e+000 
1.067887103e+000 1.780217760e+000 
1.015622428e+000 1.678122349e+000 
1.043278490e+000 1.741808929e+000 
1.023984147e+000 1.702101703e+000 
1.161760545e+000 1.870067450e+000 
1.072057375e+000 1.786422880e+000 
1.042690448e+000 1.740808452e+000 
1.044035150e+000 1.743755388e+000 
1.162364185e+000 1.870916182e+000 
1.158181724e+000 1.867431261e+000 
1.069522112e+000 1.782404586e+000 
1.157956683e+000 1.867427336e+000 
1.169132366e+000 1.874156719e+000 
1.039475860e+000 1.734822882e+000 
1.070556530e+000 1.784244972e+000 
1.071828677e+000 1.785907700e+000 
1.043099974e+000 1.741290685e+000 
1.072188167e+000 1.786509017e+000 
1.038226489e+000 1.732575316e+000 
1.024300798e+000 1.702791097e+000 
1.016695962e+000 1.681723561e+000 
1.023609187e+000 1.700593611e+000 
1.023312816e+000 1.700082485e+000 
1.101348182e+000 1.819335861e+000 
1.027792504e+000 1.711151345e+000 
1.103441172e+000 1.822038849e+000 
1.046497453e+000 1.747585055e+000 
1.156453338e+000 1.866253684e+000 
1.095431531e+000 1.813322378e+000 
1.071560963e+000 1.785506782e+000 
1.036176335e+000 1.728511475e+000 
1.026031538e+000 1.707012993e+000 
1.092482186e+000 1.809995781e+000 
1.106129232e+000 1.825312075e+000 
1.108260280e+000 1.826909393e+000 
1.066698689e+000 1.778476755e+000 
1.103101125e+000 1.821915369e+000 
1.113480606e+000 1.833155350e+000 
1.065387899e+000 1.776520993e+000 
1.109145779e+000 1.828200525e+000 
1.114351214e+000 1.834317128e+000 
1.103666214e+000 1.822042774e+000 
1.041778152e+000 1.738403649e+000 
1.168340535e+000 1.873351586e+000 
1.001497723e+000 1.013774579e+000 
1.001267464e+000 1.013761375e+000 
1.001293190e+000 1.013771427e+000 
1.001560162e+000 1.013972404e+000 
1.001075104e+000 1.013526726e+000 
1.001467745e+000 1.013771773e+000 
1.251406671e+000 1.936779298e+000 
1.218325752e+000 1.914280552e+000 
1.216588742e+000 1.912675783e+000 
1.234367379e+000 1.924559855e+000 
1.225619185e+000 1.918787393e+000 
1.225876557e+000 1.919193069e+000 
1.188713944e+000 1.891157934e+000 
1.230707996e+000 1.922068867e+000 
1.214224180e+000 1.911427983e+000 
1.254767953e+000 1.936891092e+000 
1.207750636e+000 1.907430278e+000 
1.172555720e+000 1.876544809e+000 
1.200675700e+000 1.900913185e+000 
1.178155684e+000 1.881913841e+000 
1.600745841e+000 2.000000000e+000 
1.224155420e+000 1.918622416e+000 
1.174136160e+000 1.878650251e+000 
1.196297595e+000 1.896921948e+000 
1.445381661e+000 1.993501411e+000 
1.185716307e+000 1.888395078e+000 
1.248936749e+000 1.935107583e+000 
1.188110679e+000 1.890076615e+000 
1.206993569e+000 1.906357195e+000 
1.210371550e+000 1.909375347e+000 
1.276032174e+000 1.947809798e+000 
1.209835702e+000 1.908867771e+000 
1.272478241e+000 1.947578622e+000 
1.270281736e+000 1.945626855e+000 
1.176950027e+000 1.881186256e+000 
1.210728207e+000 1.910148122e+000 
1.301006306e+000 1.957308041e+000 
1.284512250e+000 1.951730969e+000 
1.257752833e+000 1.939176751e+000 
1.185359650e+000 1.887622304e+000 
1.277407035e+000 1.949064599e+000 
1.248580092e+000 1.934334808e+000 
1.478819103e+000 1.996064094e+000 
1.197854234e+000 1.898464319e+000 
1.351546547e+000 1.973399242e+000 
1.181362869e+000 1.884783526e+000 
1.174586394e+000 1.880644114e+000 
1.218128881e+000 1.914269754e+000 
1.274516875e+000 1.947797526e+000 
1.217969095e+000 1.913507778e+000 
1.169295413e+000 1.875494268e+000 
1.173101695e+000 1.876726455e+000 
1.440352911e+000 1.993270820e+000 
1.170955892e+000 1.876132736e+000 
1.439367275e+000 1.993182330e+000 
1.179848169e+000 1.883183862e+000 
1.180214729e+000 1.883706213e+000 
1.178249092e+000 1.883143468e+000 
1.473896112e+000 1.995862535e+000 
1.184615509e+000 1.887544607e+000 
1.286951304e+000 1.952498489e+000 
1.283470838e+000 1.950866023e+000 
1.207028285e+000 1.906816724e+000 
1.271781746e+000 1.946397090e+000 
1.267467468e+000 1.943952600e+000 
1.221880022e+000 1.915902220e+000 
1.193885162e+000 1.895476101e+000 
1.203362882e+000 1.902769255e+000 
1.345933725e+000 1.971153051e+000 
1.293011539e+000 1.954266429e+000 
1.197182166e+000 1.898141469e+000 
1.172676987e+000 1.876596282e+000 
1.256984727e+000 1.939025922e+000 
1.247722846e+000 1.934055373e+000 
1.457918284e+000 1.993887043e+000 
1.245739462e+000 1.931586976e+000 
1.240833300e+000 1.927973669e+000 
1.432842841e+000 1.991701482e+000 
1.283612926e+000 1.951440015e+000 
1.199719743e+000 1.900131724e+000 
1.435806268e+000 1.991870033e+000 
1.241344643e+000 1.929454123e+000 
1.247473418e+000 1.933638459e+000 
1.244461729e+000 1.931511929e+000 
1.349883310e+000 1.973120333e+000 
1.243127885e+000 1.930648075e+000 
1.245998547e+000 1.932009209e+000 
1.241250258e+000 1.928546252e+000 
1.202127111e+000 1.902144069e+000 
1.242723509e+000 1.930229115e+000 
1.246741363e+000 1.932672512e+000 
1.239811956e+000 1.927912356e+000 
1.280759680e+000 1.949768299e+000 
1.357601793e+000 1.974424842e+000 
1.203753736e+000 1.904427485e+000 
1.308800343e+000 1.960269187e+000 
1.205388228e+000 1.904687513e+000 
1.345993420e+000 1.971601132e+000 
1.349198456e+000 1.972920826e+000 
1.439345760e+000 1.992277165e+000 
1.302891280e+000 1.957706499e+000 
1.272347982e+000 1.947032864e+000 
1.457491752e+000 1.993819657e+000 
1.447993088e+000 1.993755384e+000 
1.220462957e+000 1.914300843e+000 
1.182098533e+000 1.885078860e+000 
1.262163496e+000 1.941381314e+000 
1.200921391e+000 1.901148383e+000 
1.263300278e+000 1.942144985e+000 
1.477165478e+000 1.995889954e+000 
1.353793477e+000 1.974301865e+000 
1.447914296e+000 1.993749811e+000 
1.194985456e+000 1.896240409e+000 
1.201292875e+000 1.901381917e+000 
1.270896744e+000 1.945694409e+000 
1.305391563e+000 1.958888031e+000 
1.258577080e+000 1.940117409e+000 
1.264670235e+000 1.943945544e+000 
1.438393543e+000 1.992111166e+000 
1.267526850e+000 1.944672647e+000 
1.187112654e+000 1.888801110e+000 
1.285525383e+000 1.951773570e+000 
1.298199557e+000 1.956294350e+000 
1.184171996e+000 1.886257667e+000 
1.192685037e+000 1.894076696e+000 
1.194578657e+000 1.895714551e+000 
1.279644056e+000 1.949413833e+000 
1.192538205e+000 1.893404642e+000 
1.352201902e+000 1.973577320e+000 
1.339727856e+000 1.969154722e+000 
1.288228729e+000 1.952694115e+000 
1.290961124e+000 1.953905608e+000 
1.483809984e+000 1.996111115e+000 
1.281911839e+000 1.949814965e+000 
1.260385550e+000 1.940461373e+000 
1.339772678e+000 1.969356255e+000 
1.502972696e+000 1.996807196e+000 
1.196799853e+000 1.897565648e+000 
1.593064597e+000 1.999798677e+000 
1.511096118e+000 1.997128276e+000 
1.196363556e+000 1.897143415e+000 
1.196558825e+000 1.897193725e+000 
1.230362461e+000 1.921867654e+000 
1.486999804e+000 1.996328095e+000 
1.493667808e+000 1.996557645e+000 
1.503036522e+000 1.996823710e+000 
1.514485573e+000 1.997761733e+000 
1.537548747e+000 1.998134164e+000 
1.213225054e+000 1.910163936e+000 
1.231029003e+000 1.923585166e+000 
1.539226251e+000 1.998500791e+000 
1.540785082e+000 1.998556869e+000 
1.234559922e+000 1.925073419e+000 
1.491289855e+000 1.996461830e+000 
1.547075918e+000 1.998680575e+000 
1.229103706e+000 1.921561419e+000 
1.497749718e+000 1.996761600e+000 
1.486298377e+000 1.996308753e+000 
1.183608560e+000 1.885971511e+000 
1.231857127e+000 1.924002080e+000 
1.223151538e+000 1.917428280e+000 
1.223979661e+000 1.917845194e+000 
1.227601684e+000 1.921036404e+000 
1.213735947e+000 1.910651373e+000 
1.209469793e+000 1.907544136e+000 
1.511656822e+000 1.997151190e+000 
1.294444139e+000 1.954721959e+000 
1.472778355e+000 1.995817919e+000 
1.299627566e+000 1.956719583e+000 
1.431443097e+000 1.991595424e+000 
1.318461490e+000 1.962847338e+000 
1.308331360e+000 1.959410247e+000 
1.302758563e+000 1.957657178e+000 
1.430786127e+000 1.991429819e+000 
1.190338191e+000 1.891384223e+000 
1.472446218e+000 1.995680536e+000 
1.468927881e+000 1.994752440e+000 
1.471627475e+000 1.995058086e+000 
1.595250840e+000 1.999869297e+000 
1.593306088e+000 1.999840919e+000 
1.373756010e+000 1.978594197e+000 
1.346349407e+000 1.971604210e+000 
1.198492035e+000 1.899092734e+000 
1.422124829e+000 1.990203686e+000 
1.332535881e+000 1.967604057e+000 
1.333082091e+000 1.967786154e+000 
1.416575208e+000 1.989053009e+000 
1.370119602e+000 1.977791503e+000 
1.333702568e+000 1.967877968e+000 
1.465880750e+000 1.994383065e+000 
1.419378081e+000 1.989576185e+000 
1.596401195e+000 1.999948995e+000 
1.580634367e+000 1.999349556e+000 
1.564738950e+000 1.998990654e+000 
1.321434430e+000 1.964054396e+000 
1.586018964e+000 1.999558377e+000 
1.314423450e+000 1.962027458e+000 
1.330097849e+000 1.967379280e+000 
1.587146355e+000 1.999785364e+000 
1.568445622e+000 1.999044903e+000 
1.568622602e+000 1.999208473e+000 
1.322854046e+000 1.965223013e+000 
1.324446458e+000 1.965357803e+000 
1.319002752e+000 1.963916080e+000 
1.380689732e+000 1.981448068e+000 
1.569038586e+000 1.999239041e+000 
1.314743476e+000 1.962394859e+000 
1.389631461e+000 1.982774909e+000 
1.416309971e+000 1.989049742e+000 
1.414311058e+000 1.988891642e+000 
1.385157510e+000 1.982472899e+000 
1.430499472e+000 1.991273122e+000 
1.397596131e+000 1.986304333e+000 
1.419051065e+000 1.989474005e+000 
1.392996742e+000 1.984135284e+000 
1.399352152e+000 1.986458185e+000 
1.428461107e+000 1.991193075e+000 
1.400311782e+000 1.986698665e+000 
1.358434056e+000 1.976033785e+000 
1.394170432e+000 1.984964698e+000 
1.397847507e+000 1.986374666e+000 
1.399388778e+000 1.986497097e+000 
1.411538649e+000 1.988145869e+000 
1.406437175e+000 1.987879784e+000 
1.411928614e+000 1.988326654e+000 
1.374326475e+000 1.979472483e+000 
1.559568770e+000 1.998757799e+000 
1.336441247e+000 1.968971879e+000 
1.371110073e+000 1.978285915e+000 
1.341411572e+000 1.970538948e+000 
1.343597300e+000 1.970768681e+000 
1.342667310e+000 1.970747934e+000 
1.389681237e+000 1.983411363e+000 
1.376414209e+000 1.979960936e+000 
1.364896618e+000 1.976620025e+000 
1.384883906e+000 1.982003620e+000 
1.365329432e+000 1.976715518e+000 
1.391222348e+000 1.983615431e+000 
1.463891572e+000 1.994042813e+000 
1.465809900e+000 1.994217851e+000 
1.460736677e+000 1.994013784e+000 
1.577136475e+000 1.999333343e+000 
1.527163685e+000 1.998020352e+000 
1.525290875e+000 1.997846356e+000 
1.585544494e+000 1.999360084e+000 

