9.999999998e-001 1.000035137e+000 
1.000134518e+000 1.000037513e+000 
1.001555964e+000 1.004571116e+000 
1.000830155e+000 1.004104304e+000 
1.000910457e+000 1.004316510e+000 
1.001503305e+000 1.004353931e+000 
1.001671786e+000 1.004589914e+000 
1.001208857e+000 1.004350152e+000 
1.001053422e+000 1.004331523e+000 
1.000990263e+000 1.004330574e+000 
1.001106086e+000 1.004349372e+000 
1.001812772e+000 1.004591076e+000 
1.000807215e+000 1.004086244e+000 
1.000817103e+000 1.004086286e+000 
1.000714332e+000 1.004085506e+000 
1.000634525e+000 1.004071441e+000 
1.000579164e+000 1.003826286e+000 
1.002756345e+000 1.032829666e+000 
1.002980812e+000 1.033778207e+000 
1.001527941e+000 1.004456410e+000 
1.007935391e+000 1.307340417e+000 
1.004890625e+000 1.299657813e+000 
1.004832720e+000 1.298406581e+000 
1.005991060e+000 1.302416087e+000 
1.005714478e+000 1.301142480e+000 
1.005196569e+000 1.300623898e+000 
1.005941762e+000 1.302133889e+000 
1.007493595e+000 1.306239226e+000 
1.006521386e+000 1.303954822e+000 
1.008425491e+000 1.309070582e+000 
1.008198785e+000 1.307897591e+000 
1.007693503e+000 1.307249649e+000 
1.005839014e+000 1.301513041e+000 
1.006770910e+000 1.304344396e+000 
1.007590755e+000 1.306609159e+000 
1.000501107e+000 1.001718604e+000 
1.000469281e+000 1.001718188e+000 
1.000411377e+000 1.001630849e+000 
1.000276859e+000 1.001608582e+000 
1.000575916e+000 1.001722988e+000 
1.000165761e+000 1.000191586e+000 
1.002613672e+000 1.009222422e+000 
1.001902870e+000 1.008199790e+000 
1.002478226e+000 1.009207011e+000 
1.002040926e+000 1.008722008e+000 
1.002555923e+000 1.009209827e+000 
1.002705349e+000 1.009273680e+000 
1.002395414e+000 1.008752917e+000 
1.004147642e+000 1.154208143e+000 
1.100618670e+000 1.923363272e+000 
1.175011707e+000 1.952242271e+000 
1.178111674e+000 1.953932491e+000 
1.037440595e+000 1.880600065e+000 
1.178176827e+000 1.954063185e+000 
1.017559041e+000 1.858417045e+000 
1.092248071e+000 1.918966413e+000 
1.066713931e+000 1.903849220e+000 
1.073159019e+000 1.908057914e+000 
1.016454150e+000 1.856680050e+000 
1.040077408e+000 1.883112376e+000 
1.009053132e+000 1.844660821e+000 
1.117335920e+000 1.931009534e+000 
1.163019265e+000 1.948799145e+000 
1.198189933e+000 1.958941124e+000 
1.039061746e+000 1.882217062e+000 
1.147551988e+000 1.943452502e+000 
1.156945343e+000 1.946985249e+000 
1.176730321e+000 1.953299750e+000 
1.120514314e+000 1.932445341e+000 
1.093955531e+000 1.919739229e+000 
1.017206255e+000 1.857727636e+000 
1.092779618e+000 1.919557127e+000 
1.091184440e+000 1.918527359e+000 
1.177714892e+000 1.953774500e+000 
1.013678430e+000 1.852977142e+000 
1.184961951e+000 1.955520975e+000 
1.019412911e+000 1.860729552e+000 
1.040918555e+000 1.883718741e+000 
1.008726617e+000 1.842369738e+000 
1.201263164e+000 1.959334075e+000 
1.129004830e+000 1.936399063e+000 
1.184587775e+000 1.955314933e+000 
1.067021767e+000 1.903949748e+000 
1.010466001e+000 1.847573127e+000 
1.167140667e+000 1.950774913e+000 
1.147252841e+000 1.942966154e+000 
1.010673479e+000 1.848027495e+000 
1.180401544e+000 1.954553029e+000 
1.015323128e+000 1.855254173e+000 
1.086523290e+000 1.915932300e+000 
1.155417300e+000 1.946330926e+000 
1.113567062e+000 1.929217478e+000 
1.196765049e+000 1.958066757e+000 
1.020979749e+000 1.862833573e+000 
1.168613360e+000 1.950982929e+000 
1.165423584e+000 1.949885436e+000 
1.075679657e+000 1.909870352e+000 
1.070452069e+000 1.906425214e+000 
1.041027639e+000 1.884123776e+000 
1.020402921e+000 1.861954542e+000 
1.048508448e+000 1.890578740e+000 
1.034670782e+000 1.877507786e+000 
1.044348658e+000 1.886822065e+000 
1.028102542e+000 1.870958625e+000 
1.200222031e+000 1.959295989e+000 
1.066414398e+000 1.903663206e+000 
1.071100687e+000 1.906805075e+000 
1.149556972e+000 1.943634204e+000 
1.148780883e+000 1.943620477e+000 
1.188456678e+000 1.956694012e+000 
1.149771197e+000 1.944044848e+000 
1.019269113e+000 1.860475659e+000 
1.175891961e+000 1.952942635e+000 
1.118367448e+000 1.931602411e+000 
1.011951505e+000 1.850103482e+000 
1.060293833e+000 1.899509050e+000 
1.088010636e+000 1.916690111e+000 
1.089826272e+000 1.917832357e+000 
1.069205065e+000 1.905710011e+000 
1.170874184e+000 1.951881310e+000 
1.051976165e+000 1.893454908e+000 
1.169068443e+000 1.951231034e+000 
1.018734455e+000 1.859793396e+000 
1.081186097e+000 1.912966001e+000 
1.063634817e+000 1.901785088e+000 
1.093255196e+000 1.919732414e+000 
1.078704089e+000 1.911272625e+000 
1.057878837e+000 1.897853555e+000 
1.035721959e+000 1.878792405e+000 
1.169430537e+000 1.951395451e+000 
1.063032326e+000 1.901566709e+000 
1.154414674e+000 1.945914396e+000 
1.063323190e+000 1.901651690e+000 
1.057111659e+000 1.897231419e+000 
1.059641168e+000 1.898840932e+000 
1.135174317e+000 1.938671625e+000 
1.011394009e+000 1.849117794e+000 
1.063849085e+000 1.901834522e+000 
1.061713249e+000 1.900823285e+000 
1.011068776e+000 1.848627327e+000 
1.063020168e+000 1.901542848e+000 
1.035358923e+000 1.878352931e+000 
1.014373281e+000 1.853858723e+000 
1.164046142e+000 1.948907535e+000 
1.063622659e+000 1.901761227e+000 
1.134812222e+000 1.938507207e+000 
1.145661114e+000 1.942617501e+000 
1.138132706e+000 1.939882311e+000 
1.116493637e+000 1.930589662e+000 
1.018288637e+000 1.859077526e+000 
1.025781452e+000 1.868305975e+000 
1.139436849e+000 1.940578995e+000 
1.162008441e+000 1.948438731e+000 
1.050782763e+000 1.892322153e+000 
1.116945065e+000 1.930812491e+000 
1.077490537e+000 1.910577582e+000 
1.141726719e+000 1.941320214e+000 
1.133334281e+000 1.937830679e+000 
1.058908419e+000 1.898739260e+000 
1.008788692e+000 1.843435308e+000 
1.132843212e+000 1.937808491e+000 
1.076940877e+000 1.910429175e+000 
1.074554168e+000 1.909106504e+000 
1.148418789e+000 1.943456060e+000 
1.103797064e+000 1.924791798e+000 
1.057558843e+000 1.897729166e+000 
1.041708415e+000 1.884729373e+000 
1.204674246e+000 1.960249206e+000 
1.039834236e+000 1.882915447e+000 
1.015213529e+000 1.854921558e+000 
1.109196541e+000 1.927163832e+000 
1.038176179e+000 1.881109261e+000 
1.132624798e+000 1.937740808e+000 
1.037868343e+000 1.881008733e+000 
1.014609661e+000 1.854245427e+000 
1.068492178e+000 1.905012004e+000 
1.095084558e+000 1.920510767e+000 
1.125941721e+000 1.934760392e+000 
1.140134577e+000 1.941004013e+000 
1.202383587e+000 1.959367110e+000 
1.122939572e+000 1.933396188e+000 
1.141526207e+000 1.941249553e+000 
1.012103143e+000 1.850205621e+000 
1.104716550e+000 1.924859621e+000 
1.070301374e+000 1.905961563e+000 
1.117840452e+000 1.931341428e+000 
1.105627292e+000 1.925530981e+000 
1.009896401e+000 1.846545869e+000 
1.150760902e+000 1.944233027e+000 
1.009064309e+000 1.845189935e+000 
1.036291934e+000 1.879124782e+000 
1.044565559e+000 1.886919542e+000 
1.122364154e+000 1.933229721e+000 
1.119771658e+000 1.931865644e+000 
1.012728582e+000 1.851585108e+000 
1.009631961e+000 1.845320356e+000 
1.013568831e+000 1.852647384e+000 
1.009830209e+000 1.846377536e+000 
1.084976043e+000 1.915025999e+000 
1.094251502e+000 1.920312103e+000 
1.099824689e+000 1.922973235e+000 
1.084613948e+000 1.914861582e+000 
1.119883715e+000 1.932089292e+000 
1.055187364e+000 1.895958988e+000 
1.049858024e+000 1.891658153e+000 
1.048080710e+000 1.890169117e+000 
1.114733478e+000 1.929666766e+000 
1.101884567e+000 1.923770280e+000 
1.098485043e+000 1.922225193e+000 
1.091154858e+000 1.918510531e+000 
1.047359069e+000 1.889539295e+000 
1.202457280e+000 1.959678701e+000 
1.043690463e+000 1.886399596e+000 
1.049125118e+000 1.891110191e+000 
1.023391553e+000 1.865510429e+000 
1.044727376e+000 1.886985752e+000 
1.023668135e+000 1.866000668e+000 
1.051111635e+000 1.892790071e+000 
1.053330478e+000 1.894427700e+000 
1.030274384e+000 1.873022314e+000 
1.021329481e+000 1.863080937e+000 
1.038030256e+000 1.881037612e+000 
1.036624318e+000 1.879568140e+000 
1.124461092e+000 1.934129507e+000 
1.031081631e+000 1.873914187e+000 
1.020771058e+000 1.862413156e+000 
1.027012660e+000 1.869622627e+000 
1.030323252e+000 1.873365276e+000 
1.027505551e+000 1.870162505e+000 
1.031164993e+000 1.874040356e+000 
1.036605481e+000 1.879535756e+000 
1.026179318e+000 1.868838183e+000 
1.024762612e+000 1.867212675e+000 
1.038306308e+000 1.881248021e+000 
1.035375011e+000 1.878526034e+000 
1.035965822e+000 1.878907135e+000 
1.032361098e+000 1.875179689e+000 
1.038994989e+000 1.881883418e+000 
1.034496367e+000 1.877488398e+000 
1.052286070e+000 1.893486627e+000 
1.020057591e+000 1.861404410e+000 
1.144385834e+000 1.942208638e+000 
1.092166805e+000 1.918775424e+000 
1.092699641e+000 1.919134914e+000 
1.091529379e+000 1.918717827e+000 
1.088761380e+000 1.916993057e+000 
1.067935742e+000 1.904505519e+000 
1.065637122e+000 1.902935216e+000 
1.022615298e+000 1.864425681e+000 
1.030920603e+000 1.873602169e+000 
1.029349300e+000 1.871905932e+000 
1.111537162e+000 1.928402608e+000 
1.121475375e+000 1.932816909e+000 
1.110373540e+000 1.927797891e+000 
1.116236823e+000 1.930478666e+000 
1.107621452e+000 1.926502551e+000 
1.084798906e+000 1.914865663e+000 
1.003918867e+000 1.117413178e+000 
1.004025805e+000 1.117852414e+000 
1.004131071e+000 1.118339982e+000 
1.003236883e+000 1.116712304e+000 
1.003855238e+000 1.116954585e+000 
1.003091508e+000 1.114599770e+000 
1.250528784e+000 1.972605420e+000 
1.269201601e+000 1.976516667e+000 
1.235241991e+000 1.968976614e+000 
1.213277832e+000 1.963677624e+000 
1.242435015e+000 1.971167181e+000 
1.271186784e+000 1.977264956e+000 
1.239671784e+000 1.970332019e+000 
1.239807025e+000 1.970365375e+000 
1.209110632e+000 1.961870003e+000 
1.211759067e+000 1.962912518e+000 
1.278377750e+000 1.978417853e+000 
1.274470881e+000 1.977869240e+000 
1.210410516e+000 1.962656308e+000 
1.267629051e+000 1.975853590e+000 
1.269245670e+000 1.977235587e+000 
1.195007958e+000 1.956948790e+000 
1.233429636e+000 1.968388122e+000 
1.546991315e+000 1.999395005e+000 
1.256739826e+000 1.973911544e+000 
1.207913415e+000 1.961692189e+000 
1.248234559e+000 1.972395989e+000 
1.243980663e+000 1.971683849e+000 
1.233740258e+000 1.968922911e+000 
1.242342361e+000 1.970683994e+000 
1.267599313e+000 1.975811137e+000 
1.237512799e+000 1.970155944e+000 
1.234063598e+000 1.968960036e+000 
1.187642038e+000 1.955556075e+000 
1.205764161e+000 1.961099324e+000 
1.254905775e+000 1.973415472e+000 
1.268033376e+000 1.976259597e+000 
1.220623695e+000 1.965258971e+000 
1.230555691e+000 1.967954809e+000 
1.231681534e+000 1.968184639e+000 
1.518802066e+000 1.999094794e+000 
1.301399352e+000 1.982558331e+000 
1.525303016e+000 1.999130952e+000 
1.555338283e+000 1.999493603e+000 
1.348433033e+000 1.989982346e+000 
1.286965280e+000 1.980109482e+000 
1.558173946e+000 1.999801458e+000 
1.529335806e+000 1.999155061e+000 
1.227690374e+000 1.966413118e+000 
1.253657748e+000 1.973214371e+000 
1.510356671e+000 1.998938224e+000 
1.254820785e+000 1.973411164e+000 
1.224277200e+000 1.965680167e+000 
1.220131043e+000 1.965232388e+000 
1.288305571e+000 1.980495874e+000 
1.228648414e+000 1.967375580e+000 
1.277485617e+000 1.978213799e+000 
1.222190666e+000 1.965587863e+000 
1.258325953e+000 1.974123268e+000 
1.260329328e+000 1.974943013e+000 
1.293885504e+000 1.981630593e+000 
1.219517486e+000 1.964451884e+000 
1.217403636e+000 1.964270858e+000 
1.269132826e+000 1.976498467e+000 
1.290506473e+000 1.980732388e+000 
1.288994568e+000 1.980612574e+000 
1.224588372e+000 1.965945103e+000 
1.274937264e+000 1.978180455e+000 
1.480905921e+000 1.998239283e+000 
1.255081119e+000 1.973666420e+000 
1.268980914e+000 1.976385500e+000 
1.281191690e+000 1.979683322e+000 
1.293558736e+000 1.981561831e+000 
1.274443289e+000 1.977588779e+000 
1.503855721e+000 1.998902066e+000 
1.291245707e+000 1.981067765e+000 
1.261051502e+000 1.975177929e+000 
1.253357001e+000 1.972989728e+000 
1.505587795e+000 1.998919298e+000 
1.278542401e+000 1.978700545e+000 
1.291748347e+000 1.981430442e+000 
1.285834336e+000 1.979830886e+000 
1.317688817e+000 1.985363596e+000 
1.306090131e+000 1.983835188e+000 
1.498220894e+000 1.998757008e+000 
1.500348610e+000 1.998887971e+000 
1.308815162e+000 1.984273748e+000 
1.498616535e+000 1.998870739e+000 
1.320372533e+000 1.985917357e+000 
1.326384436e+000 1.987274960e+000 
1.321744303e+000 1.986208103e+000 
1.335771806e+000 1.988746349e+000 
1.311604159e+000 1.984576827e+000 
1.335288741e+000 1.988507668e+000 
1.324740995e+000 1.986817100e+000 
1.297270573e+000 1.982076909e+000 
1.313262089e+000 1.984775250e+000 
1.302323567e+000 1.982876427e+000 
1.286929648e+000 1.980019659e+000 
1.314031874e+000 1.985145257e+000 
1.325470137e+000 1.987027616e+000 
1.339034689e+000 1.988871423e+000 
1.348838027e+000 1.990318410e+000 
1.341433762e+000 1.989291241e+000 
1.540019109e+000 1.999341481e+000 
1.352606868e+000 1.990608292e+000 
1.353682404e+000 1.990745997e+000 
1.514510749e+000 1.999003764e+000 
1.532284865e+000 1.999304725e+000 
1.471069072e+000 1.998036285e+000 
1.481324893e+000 1.998397209e+000 
1.550406606e+000 1.999464953e+000 
1.480245632e+000 1.998234428e+000 
1.486449167e+000 1.998736642e+000 
1.475015168e+000 1.998204380e+000 
1.445451165e+000 1.997436726e+000 
1.472569930e+000 1.998061483e+000 
1.426719941e+000 1.996725065e+000 
1.458256393e+000 1.997792789e+000 
1.593779816e+000 1.999955285e+000 
1.450270444e+000 1.997733504e+000 
1.461014654e+000 1.997889983e+000 
1.447353340e+000 1.997717988e+000 
1.605030486e+000 2.000000000e+000 
1.298308276e+000 1.982443586e+000 
1.459119163e+000 1.997794284e+000 
1.340789312e+000 1.989251423e+000 
1.440175686e+000 1.997224821e+000 
1.431782445e+000 1.997091412e+000 
1.434473958e+000 1.997134715e+000 
1.427537325e+000 1.997058535e+000 
1.457789920e+000 1.997776007e+000 
1.418556819e+000 1.996449329e+000 
1.407636647e+000 1.995855365e+000 
1.443324851e+000 1.997247192e+000 
1.312112250e+000 1.984586239e+000 
1.408563307e+000 1.996196665e+000 
1.435036237e+000 1.997147927e+000 
1.400544630e+000 1.995594206e+000 
1.321433636e+000 1.986117701e+000 
1.382922825e+000 1.994085500e+000 
1.394497244e+000 1.994908521e+000 
1.466392780e+000 1.997944849e+000 
1.455591629e+000 1.997753335e+000 
1.422897059e+000 1.996525573e+000 
1.386813469e+000 1.994234084e+000 
1.407021383e+000 1.995806065e+000 
1.389597983e+000 1.994555769e+000 
1.395082854e+000 1.995245322e+000 
1.304096430e+000 1.982948041e+000 
1.392884512e+000 1.994736695e+000 
1.366995630e+000 1.992394372e+000 
1.360161967e+000 1.991276775e+000 
1.373941495e+000 1.993095709e+000 
1.398369382e+000 1.995426248e+000 
1.379499507e+000 1.993609865e+000 
1.372086994e+000 1.992687207e+000 
1.379748473e+000 1.993660471e+000 
1.366144063e+000 1.991827751e+000 
1.365139426e+000 1.991770991e+000 
1.344540892e+000 1.989728061e+000 
1.364766149e+000 1.991590281e+000 

