1.059637748e+000 1.943135730e+000 
1.129467905e+000 1.965627924e+000 
1.034940843e+000 1.930287281e+000 
1.036510439e+000 1.931304226e+000 
1.065052163e+000 1.945591587e+000 
1.037969292e+000 1.932158068e+000 
1.123091135e+000 1.964093730e+000 
1.061212907e+000 1.943825316e+000 
1.070669621e+000 1.948219474e+000 
1.070289263e+000 1.948189763e+000 
1.120448612e+000 1.963300105e+000 
1.019696997e+000 1.919526738e+000 
1.071954122e+000 1.948597062e+000 
1.065386777e+000 1.945696461e+000 
1.047631016e+000 1.937282482e+000 
1.181180604e+000 1.975938521e+000 
1.075918819e+000 1.950168007e+000 
1.066259179e+000 1.946062365e+000 
1.091852529e+000 1.955277242e+000 
1.011582918e+000 1.912490628e+000 
1.073963983e+000 1.949500806e+000 
1.080335284e+000 1.951642751e+000 
1.011144234e+000 1.911962319e+000 
1.079360923e+000 1.951100098e+000 
1.075616796e+000 1.949936494e+000 
1.006154067e+000 1.904973818e+000 
1.016308743e+000 1.916691734e+000 
1.066542978e+000 1.946451189e+000 
1.093727237e+000 1.955807100e+000 
1.013020675e+000 1.913759252e+000 
1.067012952e+000 1.946454158e+000 
1.067460868e+000 1.946669363e+000 
1.033458220e+000 1.929377890e+000 
1.006275006e+000 1.905192742e+000 
1.015947145e+000 1.916394356e+000 
1.086357265e+000 1.953343538e+000 
1.036214841e+000 1.930941638e+000 
1.018639647e+000 1.918721947e+000 
1.032170119e+000 1.928491131e+000 
1.151294423e+000 1.970421148e+000 
1.008433715e+000 1.908515625e+000 
1.036949470e+000 1.931366175e+000 
1.069177711e+000 1.947437136e+000 
1.063785910e+000 1.945331950e+000 
1.061540676e+000 1.944329557e+000 
1.012554003e+000 1.913502842e+000 
1.021822794e+000 1.921425541e+000 
1.057569977e+000 1.942328987e+000 
1.008631042e+000 1.908700703e+000 
1.037021373e+000 1.931509490e+000 
1.097519725e+000 1.957001672e+000 
1.010938487e+000 1.911876172e+000 
1.008684311e+000 1.909118162e+000 
1.075453324e+000 1.949861110e+000 
1.065634874e+000 1.945937855e+000 
1.055402583e+000 1.941044465e+000 
1.066388647e+000 1.946329648e+000 
1.108540461e+000 1.959928885e+000 
1.013807083e+000 1.914594856e+000 
1.057282366e+000 1.942023282e+000 
1.031911291e+000 1.928370411e+000 
1.058270797e+000 1.942517808e+000 
1.031297327e+000 1.927997932e+000 
1.017311949e+000 1.917464574e+000 
1.059168419e+000 1.942992779e+000 
1.011461979e+000 1.912271704e+000 
1.063048838e+000 1.944556648e+000 
1.063542396e+000 1.944659155e+000 
1.034238578e+000 1.929775354e+000 
1.063574846e+000 1.944825997e+000 
1.059727665e+000 1.943231854e+000 
1.007275625e+000 1.906965716e+000 
1.111975487e+000 1.961041588e+000 
1.025046924e+000 1.923956043e+000 
1.007222356e+000 1.906548258e+000 
1.034025688e+000 1.929666812e+000 
1.114238704e+000 1.961674529e+000 
1.015890686e+000 1.916322173e+000 
1.010923875e+000 1.911631366e+000 
1.083211358e+000 1.952385098e+000 
1.007934668e+000 1.907899885e+000 
1.117146184e+000 1.962530322e+000 
1.110570912e+000 1.960574800e+000 
1.150340813e+000 1.970286697e+000 
1.010241348e+000 1.910807593e+000 
1.037873899e+000 1.931883801e+000 
1.122185813e+000 1.963914737e+000 
1.135786181e+000 1.967066631e+000 
1.015179923e+000 1.915909976e+000 
1.128562583e+000 1.965448931e+000 
1.082643034e+000 1.952305605e+000 
1.094314957e+000 1.955882629e+000 
1.096069646e+000 1.956530617e+000 
1.126474718e+000 1.964860375e+000 
1.125468027e+000 1.964552555e+000 
1.133960290e+000 1.966869477e+000 
1.096403665e+000 1.956707568e+000 
1.013155447e+000 1.913978745e+000 
1.082428720e+000 1.952024299e+000 
1.056036299e+000 1.941338947e+000 
1.084733861e+000 1.952921488e+000 
1.111138137e+000 1.960620012e+000 
1.105843879e+000 1.959321840e+000 
1.100618919e+000 1.957827528e+000 
1.016183129e+000 1.916682816e+000 
1.016804805e+000 1.917051182e+000 
1.048008904e+000 1.937425719e+000 
1.121476949e+000 1.963608226e+000 
1.019898007e+000 1.919876875e+000 
1.036994707e+000 1.931444457e+000 
1.007693348e+000 1.907424508e+000 
1.093394770e+000 1.955567650e+000 
1.026804064e+000 1.925188607e+000 
1.048726611e+000 1.937709071e+000 
1.063417034e+000 1.944644618e+000 
1.024353340e+000 1.923198471e+000 
1.027054785e+000 1.925269051e+000 
1.023407021e+000 1.922735336e+000 
1.121019119e+000 1.963562315e+000 
1.148759909e+000 1.969893297e+000 
1.151832581e+000 1.970496491e+000 
1.020900505e+000 1.920649715e+000 
1.041685691e+000 1.934154547e+000 
1.009706333e+000 1.910173391e+000 
1.128303065e+000 1.965227991e+000 
1.115279005e+000 1.961796780e+000 
1.093563765e+000 1.955731716e+000 
1.153921665e+000 1.970797126e+000 
1.092942088e+000 1.955491027e+000 
1.092240352e+000 1.955329225e+000 
1.084248833e+000 1.952673961e+000 
1.007683692e+000 1.907343488e+000 
1.052370852e+000 1.939599758e+000 
1.035506212e+000 1.930546233e+000 
1.039354159e+000 1.932931420e+000 
1.037895306e+000 1.932077579e+000 
1.089742426e+000 1.954488634e+000 
1.021542682e+000 1.921109251e+000 
1.046163735e+000 1.936497942e+000 
1.036415328e+000 1.931216508e+000 
1.052912022e+000 1.940074787e+000 
1.009616776e+000 1.909951383e+000 
1.034471870e+000 1.929924525e+000 
1.029264634e+000 1.926787445e+000 
1.050567623e+000 1.938713141e+000 
1.156031905e+000 1.971075015e+000 
1.133147703e+000 1.966364829e+000 
1.032566835e+000 1.928812970e+000 
1.051976260e+000 1.939360006e+000 
1.046415929e+000 1.936726456e+000 
1.040262994e+000 1.933370305e+000 
1.020713319e+000 1.920553370e+000 
1.034271947e+000 1.929790300e+000 
1.109929618e+000 1.960333625e+000 
1.017335830e+000 1.917541647e+000 
1.032167646e+000 1.928489271e+000 
1.040689433e+000 1.933533567e+000 
1.046917508e+000 1.936780715e+000 
1.029840857e+000 1.927143575e+000 
1.044767400e+000 1.935682005e+000 
1.050233454e+000 1.938530908e+000 
1.022713284e+000 1.922110322e+000 
1.031033714e+000 1.927800940e+000 
1.018472686e+000 1.918547799e+000 
1.021710079e+000 1.921337483e+000 
1.161487841e+000 1.972439568e+000 
1.025402434e+000 1.924029550e+000 
1.154696802e+000 1.971047482e+000 
1.158058627e+000 1.971848871e+000 
1.106533899e+000 1.959506587e+000 
1.047583950e+000 1.937133895e+000 
1.053867218e+000 1.940366556e+000 
1.091693125e+000 1.955194704e+000 
1.093050528e+000 1.955500926e+000 
1.096791488e+000 1.956759551e+000 
1.094511948e+000 1.955900239e+000 
1.149783618e+000 1.970262131e+000 
1.149335998e+000 1.969958958e+000 
1.147323178e+000 1.969659931e+000 
1.144449786e+000 1.969071787e+000 
1.142820541e+000 1.968542248e+000 
1.156834493e+000 1.971531368e+000 
1.140440656e+000 1.968073822e+000 
1.002062878e+000 1.007957665e+000 
1.002711534e+000 1.008242228e+000 
1.002469914e+000 1.008164188e+000 
1.001347788e+000 1.007397639e+000 
1.001579212e+000 1.007690752e+000 
1.001842236e+000 1.007927177e+000 
1.001936811e+000 1.007949797e+000 
1.002225817e+000 1.008122513e+000 
1.002646755e+000 1.008213554e+000 
1.002245437e+000 1.008124711e+000 
1.002151836e+000 1.008118274e+000 
1.002279495e+000 1.008150019e+000 
1.001549964e+000 1.007690616e+000 
1.001160372e+000 1.007161078e+000 
1.001234352e+000 1.007165317e+000 
1.002353475e+000 1.008154258e+000 
1.001530344e+000 1.007688418e+000 
1.001456364e+000 1.007684179e+000 
1.001646784e+000 1.007698348e+000 
1.001397335e+000 1.007667243e+000 
1.001641318e+000 1.007695055e+000 
1.000050027e+000 1.000187508e+000 
1.000749257e+000 1.004198550e+000 
1.000794309e+000 1.004296138e+000 
1.000569029e+000 1.004198485e+000 
1.001118459e+000 1.004363223e+000 
1.001005904e+000 1.004325492e+000 
1.000950203e+000 1.004300176e+000 
1.000929906e+000 1.004298546e+000 
1.001113528e+000 1.004346905e+000 
1.000759395e+000 1.004214897e+000 
1.000534115e+000 1.004117245e+000 
1.000437908e+000 1.004117216e+000 
1.001102112e+000 1.004326334e+000 
1.000997949e+000 1.004316864e+000 
1.003903190e+000 1.190020426e+000 
1.002777954e+000 1.188535594e+000 
1.003102405e+000 1.188656373e+000 
1.005947676e+000 1.192379360e+000 
1.004913265e+000 1.191069762e+000 
1.004509375e+000 1.190580276e+000 
1.003336334e+000 1.188921991e+000 
1.003662696e+000 1.189333999e+000 
1.006074222e+000 1.192466662e+000 
1.003166719e+000 1.188871442e+000 
1.005515842e+000 1.191901623e+000 
1.005152117e+000 1.191497773e+000 
1.004724333e+000 1.190995739e+000 
1.005008620e+000 1.191209523e+000 
1.003448626e+000 1.189210840e+000 
1.000179599e+000 1.002916533e+000 
1.000129573e+000 1.002915058e+000 
1.000360174e+000 1.002921154e+000 
1.000115190e+000 1.000502240e+000 
1.000069886e+000 1.000500998e+000 
1.000000000e+000 1.000157357e+000 
1.297512015e+000 1.991631890e+000 
1.310471187e+000 1.992685618e+000 
1.183879888e+000 1.976890585e+000 
1.321505930e+000 1.993269806e+000 
1.438604404e+000 1.998480427e+000 
1.175124542e+000 1.975157126e+000 
1.159010752e+000 1.971864613e+000 
1.439169871e+000 1.998496741e+000 
1.304627277e+000 1.992175030e+000 
1.162663405e+000 1.972771968e+000 
1.483935827e+000 1.999190026e+000 
1.328566728e+000 1.993961669e+000 
1.160972217e+000 1.972418411e+000 
1.162582237e+000 1.972681919e+000 
1.450714034e+000 1.998661034e+000 
1.288062319e+000 1.990637583e+000 
1.139846331e+000 1.967341014e+000 
1.196210966e+000 1.978638020e+000 
1.338007534e+000 1.994494791e+000 
1.316128784e+000 1.992933835e+000 
1.159998930e+000 1.971895224e+000 
1.168782931e+000 1.973842025e+000 
1.140109787e+000 1.967423378e+000 
1.196199550e+000 1.978398434e+000 
1.185236123e+000 1.976899099e+000 
1.338241296e+000 1.994533832e+000 
1.182320991e+000 1.976222152e+000 
1.183040999e+000 1.976509847e+000 
1.610607890e+000 2.000000000e+000 
1.177956849e+000 1.975937684e+000 
1.275612295e+000 1.989625934e+000 
1.175235762e+000 1.975217402e+000 
1.192541875e+000 1.978061491e+000 
1.165824325e+000 1.973444633e+000 
1.290422262e+000 1.991145374e+000 
1.170035050e+000 1.974351989e+000 
1.330953866e+000 1.994089508e+000 
1.173030811e+000 1.974759809e+000 
1.174304196e+000 1.975030329e+000 
1.167097711e+000 1.973715153e+000 
1.160575788e+000 1.971895883e+000 
1.331517784e+000 1.994135619e+000 
1.301696086e+000 1.991756882e+000 
1.302260004e+000 1.991802993e+000 
1.298304615e+000 1.991729295e+000 
1.296571375e+000 1.991591096e+000 
1.288448820e+000 1.991018933e+000 
1.273413224e+000 1.989202211e+000 
1.216569089e+000 1.981913574e+000 
1.321837369e+000 1.993517345e+000 
1.274206160e+000 1.989437758e+000 
1.280451170e+000 1.990118130e+000 
1.281348687e+000 1.990415411e+000 
1.288413378e+000 1.990825769e+000 
1.431955355e+000 1.998269367e+000 
1.295524746e+000 1.991498273e+000 
1.164252122e+000 1.973022286e+000 
1.172923824e+000 1.974669593e+000 
1.199208333e+000 1.979018941e+000 
1.267812854e+000 1.988302244e+000 
1.269761128e+000 1.988692797e+000 
1.247483201e+000 1.985760789e+000 
1.584525689e+000 1.999962690e+000 
1.299832979e+000 1.991732119e+000 
1.187299344e+000 1.977024194e+000 
1.203849302e+000 1.979773844e+000 
1.207680072e+000 1.980681200e+000 
1.200853541e+000 1.979363928e+000 
1.205870389e+000 1.980241200e+000 
1.209301419e+000 1.980885047e+000 
1.256360301e+000 1.987045722e+000 
1.255084125e+000 1.986873810e+000 
1.188102386e+000 1.977481431e+000 
1.190986973e+000 1.977770798e+000 
1.201033670e+000 1.979547899e+000 
1.243137978e+000 1.985111810e+000 
1.259733556e+000 1.987574359e+000 
1.246729793e+000 1.985629751e+000 
1.537794048e+000 1.999749878e+000 
1.183692989e+000 1.976683259e+000 
1.247582344e+000 1.985777357e+000 
1.260966062e+000 1.987721964e+000 
1.210681424e+000 1.981323365e+000 
1.263617454e+000 1.987900223e+000 
1.181290217e+000 1.976176527e+000 
1.218746731e+000 1.982110891e+000 
1.219009525e+000 1.982264435e+000 
1.243519498e+000 1.985625804e+000 
1.511801359e+000 1.999533684e+000 
1.279301864e+000 1.989987013e+000 
1.227484198e+000 1.983434581e+000 
1.342852792e+000 1.994752696e+000 
1.356266951e+000 1.995427384e+000 
1.204651753e+000 1.980125934e+000 
1.359215353e+000 1.995742067e+000 
1.578555348e+000 1.999957289e+000 
1.360199181e+000 1.995940824e+000 
1.345363812e+000 1.995122375e+000 
1.350975347e+000 1.995324858e+000 
1.330651828e+000 1.994086807e+000 
1.359711889e+000 1.995897021e+000 
1.421223767e+000 1.998069344e+000 
1.339388370e+000 1.994658970e+000 
1.105605427e+000 1.957853187e+000 
1.474289207e+000 1.999117762e+000 
1.193224361e+000 1.978086221e+000 
1.562865105e+000 1.999816431e+000 
1.251144135e+000 1.986305535e+000 
1.333436151e+000 1.994340343e+000 
1.354007928e+000 1.995345391e+000 
1.392881743e+000 1.997371858e+000 
1.198427970e+000 1.978874883e+000 
1.363285680e+000 1.995953364e+000 
1.469425137e+000 1.999085441e+000 
1.370324900e+000 1.996443610e+000 
1.277406126e+000 1.989775693e+000 
1.569042588e+000 1.999908616e+000 
1.272221709e+000 1.989000348e+000 
1.272763835e+000 1.989046454e+000 
1.324569175e+000 1.993775964e+000 
1.307536762e+000 1.992387767e+000 
1.326579147e+000 1.993796496e+000 
1.356697692e+000 1.995723931e+000 
1.318138050e+000 1.993145198e+000 
1.403313407e+000 1.997530945e+000 
1.516993492e+000 1.999633380e+000 
1.284802281e+000 1.990587959e+000 
1.523958598e+000 1.999658143e+000 
1.533504362e+000 1.999659262e+000 
1.372317030e+000 1.996515295e+000 
1.457569792e+000 1.999050538e+000 
1.516466771e+000 1.999575346e+000 
1.271598860e+000 1.988854497e+000 
1.485864762e+000 1.999418182e+000 
1.367571080e+000 1.996424733e+000 
1.504272966e+000 1.999494118e+000 
1.518181431e+000 1.999652258e+000 
1.379279955e+000 1.996857769e+000 
1.379612303e+000 1.996996896e+000 
1.403866588e+000 1.997648388e+000 
1.401498256e+000 1.997418868e+000 
1.378075977e+000 1.996825582e+000 
1.449009826e+000 1.998631911e+000 
1.364910431e+000 1.996100513e+000 
1.231988417e+000 1.983876176e+000 
1.384024316e+000 1.997357275e+000 
1.379918351e+000 1.996999975e+000 
1.343454257e+000 1.994766591e+000 
1.212863362e+000 1.981486967e+000 
1.221600829e+000 1.982810657e+000 
1.452640127e+000 1.998901168e+000 
1.231387551e+000 1.983669717e+000 
1.249001469e+000 1.985907980e+000 
1.234458385e+000 1.984402060e+000 
1.230247660e+000 1.983512736e+000 
1.194087649e+000 1.978323921e+000 
1.191196617e+000 1.977908163e+000 
1.310105659e+000 1.992540418e+000 
1.225054800e+000 1.982971720e+000 
1.225917166e+000 1.983007687e+000 
1.216325115e+000 1.981617569e+000 
1.438247489e+000 1.998367309e+000 
1.408425423e+000 1.997654116e+000 
1.427097410e+000 1.998191471e+000 
1.478513989e+000 1.999134992e+000 
1.435002391e+000 1.998308604e+000 
1.236703703e+000 1.984564100e+000 
1.443305264e+000 1.998628938e+000 
1.232047373e+000 1.983916359e+000 
1.247039364e+000 1.985722374e+000 
1.233382848e+000 1.984118667e+000 
1.206989123e+000 1.980274368e+000 
1.435869330e+000 1.998344871e+000 
1.416432663e+000 1.998038101e+000 
1.409257110e+000 1.997795446e+000 
1.413327116e+000 1.997807742e+000 

