1.001391036e+000 1.015124278e+000 
1.001679078e+000 1.015778599e+000 
1.001423776e+000 1.015145050e+000 
1.001411230e+000 1.015127377e+000 
1.001666532e+000 1.015760926e+000 
1.002009150e+000 1.029031335e+000 
1.002094089e+000 1.029178636e+000 
1.002061349e+000 1.029171598e+000 
1.001695581e+000 1.027718542e+000 
1.001976410e+000 1.029024297e+000 
1.001939461e+000 1.028442822e+000 
1.003089554e+000 1.032150888e+000 
1.003290137e+000 1.032179887e+000 
1.003023431e+000 1.032010832e+000 
1.003440616e+000 1.032193946e+000 
1.002558184e+000 1.030661243e+000 
1.002505985e+000 1.030520980e+000 
1.002289058e+000 1.029295778e+000 
1.002787688e+000 1.030778385e+000 
1.003710717e+000 1.033139875e+000 
1.002906770e+000 1.031983012e+000 
1.003840581e+000 1.033472657e+000 
1.000480874e+000 1.005279877e+000 
9.999999996e-001 1.000665359e+000 
1.000139744e+000 1.000700941e+000 
1.000188341e+000 1.000727405e+000 
1.000110055e+000 1.000670055e+000 
1.000157543e+000 1.000707651e+000 
1.000036949e+000 1.000669671e+000 
1.001081862e+000 1.006743278e+000 
1.001273945e+000 1.006999606e+000 
1.001362691e+000 1.007032818e+000 
1.000983111e+000 1.006706214e+000 
1.000953227e+000 1.006705380e+000 
1.001238413e+000 1.006990075e+000 
1.000550683e+000 1.006173863e+000 
1.000643785e+000 1.006202229e+000 
1.001115612e+000 1.006959658e+000 
1.000790084e+000 1.006404210e+000 
1.000883473e+000 1.006438511e+000 
1.000929293e+000 1.006449250e+000 
1.001046330e+000 1.006733746e+000 
1.000836191e+000 1.006420884e+000 
1.001244061e+000 1.006998773e+000 
1.001337164e+000 1.007027139e+000 
1.000322283e+000 1.002085572e+000 
1.000229181e+000 1.002078470e+000 
1.000196441e+000 1.002042872e+000 
1.000359233e+000 1.002087197e+000 
1.000375874e+000 1.002194635e+000 
1.045723712e+000 1.794629505e+000 
1.052833382e+000 1.807165759e+000 
1.099621455e+000 1.869863623e+000 
1.039780533e+000 1.782503178e+000 
1.103318006e+000 1.873530634e+000 
1.057115744e+000 1.815108121e+000 
1.085188438e+000 1.852885347e+000 
1.091133585e+000 1.859587654e+000 
1.017061002e+000 1.719393688e+000 
1.088688407e+000 1.857446859e+000 
1.054653379e+000 1.810168011e+000 
1.068907855e+000 1.833443468e+000 
1.127551332e+000 1.896241961e+000 
1.018806413e+000 1.726643128e+000 
1.060857487e+000 1.819287575e+000 
1.074442802e+000 1.841383493e+000 
1.064019964e+000 1.826338778e+000 
1.094795162e+000 1.864073346e+000 
1.016556340e+000 1.717319096e+000 
1.059768332e+000 1.819062719e+000 
1.054269660e+000 1.809918629e+000 
1.071062581e+000 1.836629566e+000 
1.011943872e+000 1.697660782e+000 
1.011385310e+000 1.695911233e+000 
1.063774643e+000 1.825270121e+000 
1.061619917e+000 1.821964626e+000 
1.075678041e+000 1.843168840e+000 
1.096288214e+000 1.866294371e+000 
1.033159898e+000 1.768598563e+000 
1.058886752e+000 1.818166127e+000 
1.012691707e+000 1.700109092e+000 
1.063196295e+000 1.824336093e+000 
1.027837968e+000 1.755661117e+000 
1.034936208e+000 1.772838848e+000 
1.059270470e+000 1.818414313e+000 
1.038177862e+000 1.779421595e+000 
1.067034663e+000 1.829893155e+000 
1.037910660e+000 1.779246646e+000 
1.009011047e+000 1.681573666e+000 
1.033779800e+000 1.769924231e+000 
1.024163648e+000 1.744033142e+000 
1.065243809e+000 1.827154769e+000 
1.041840465e+000 1.787475764e+000 
1.097523041e+000 1.867176376e+000 
1.110207237e+000 1.881491227e+000 
1.014269909e+000 1.707886594e+000 
1.108778201e+000 1.879423272e+000 
1.107129816e+000 1.878045591e+000 
1.087423741e+000 1.856215950e+000 
1.040490135e+000 1.784552852e+000 
1.013768254e+000 1.704867032e+000 
1.009110204e+000 1.683048369e+000 
1.009944453e+000 1.688076895e+000 
1.048382427e+000 1.799110231e+000 
1.029968388e+000 1.761129183e+000 
1.009233194e+000 1.684318522e+000 
1.008509393e+000 1.678763658e+000 
1.014123989e+000 1.706639882e+000 
1.063580013e+000 1.824584279e+000 
1.032778024e+000 1.767470403e+000 
1.068325519e+000 1.831751791e+000 
1.099701565e+000 1.870021580e+000 
1.035263935e+000 1.773767298e+000 
1.094859783e+000 1.864458413e+000 
1.081775086e+000 1.849090555e+000 
1.061557599e+000 1.821398668e+000 
1.093211398e+000 1.862711275e+000 
1.028923338e+000 1.758721034e+000 
1.031047370e+000 1.763001772e+000 
1.080549855e+000 1.848553786e+000 
1.093595117e+000 1.863053016e+000 
1.020553618e+000 1.732288638e+000 
1.064666583e+000 1.826966312e+000 
1.008791485e+000 1.680168825e+000 
1.035994364e+000 1.775285689e+000 
1.067702890e+000 1.831032135e+000 
1.115252879e+000 1.887116400e+000 
1.008067684e+000 1.674669418e+000 
1.009734849e+000 1.687204299e+000 
1.009611858e+000 1.685929363e+000 
1.024817036e+000 1.746490442e+000 
1.022640597e+000 1.739767741e+000 
1.043311749e+000 1.789739302e+000 
1.051515163e+000 1.804944993e+000 
1.011733864e+000 1.696361173e+000 
1.039991419e+000 1.783687694e+000 
1.073897584e+000 1.839456662e+000 
1.007823804e+000 1.671661575e+000 
1.077136504e+000 1.845031333e+000 
1.042919448e+000 1.789326222e+000 
1.053290108e+000 1.807867529e+000 
1.010105711e+000 1.689298358e+000 
1.008989315e+000 1.681179202e+000 
1.015167519e+000 1.711285106e+000 
1.070484233e+000 1.835802820e+000 
1.074059084e+000 1.841271393e+000 
1.011118831e+000 1.694502493e+000 
1.010607365e+000 1.692164498e+000 
1.068873463e+000 1.832975136e+000 
1.069999788e+000 1.834808918e+000 
1.016464362e+000 1.715008266e+000 
1.017417592e+000 1.720455444e+000 
1.091454411e+000 1.860492772e+000 
1.083526092e+000 1.851167437e+000 
1.088398807e+000 1.856790515e+000 
1.014910256e+000 1.708917578e+000 
1.021207006e+000 1.734748477e+000 
1.077856153e+000 1.845159173e+000 
1.082219937e+000 1.849517586e+000 
1.019537275e+000 1.729101078e+000 
1.107513535e+000 1.878293777e+000 
1.020792167e+000 1.732701153e+000 
1.019855598e+000 1.729946558e+000 
1.015752320e+000 1.714150664e+000 
1.012149291e+000 1.699436750e+000 
1.112218454e+000 1.883582898e+000 
1.098315524e+000 1.868346196e+000 
1.038292534e+000 1.780220632e+000 
1.021987209e+000 1.737307129e+000 
1.040280717e+000 1.784005573e+000 
1.082561072e+000 1.850751179e+000 
1.031960562e+000 1.765504197e+000 
1.054816007e+000 1.810415936e+000 
1.025902406e+000 1.749551556e+000 
1.017519282e+000 1.721880186e+000 
1.018488090e+000 1.725780236e+000 
1.017099269e+000 1.719609964e+000 
1.023982979e+000 1.743560788e+000 
1.043824558e+000 1.790636636e+000 
1.116942852e+000 1.888925267e+000 
1.098100078e+000 1.867311354e+000 
1.032255789e+000 1.766534635e+000 
1.028119716e+000 1.756103537e+000 
1.114325371e+000 1.886285033e+000 
1.028538933e+000 1.757045318e+000 
1.029944701e+000 1.760547192e+000 
1.058096092e+000 1.815850685e+000 
1.056028653e+000 1.812425665e+000 
1.036962820e+000 1.777160480e+000 
1.036222600e+000 1.775639731e+000 
1.041097326e+000 1.785635794e+000 
1.058369437e+000 1.815957781e+000 
1.050504724e+000 1.803038196e+000 
1.049011049e+000 1.800185156e+000 
1.048627331e+000 1.799952733e+000 
1.052005000e+000 1.805716156e+000 
1.024705839e+000 1.745538950e+000 
1.053654305e+000 1.808160084e+000 
1.046833735e+000 1.796800193e+000 
1.050121005e+000 1.802790010e+000 
1.121688588e+000 1.892582588e+000 
1.037234378e+000 1.777783806e+000 
1.038584709e+000 1.780816631e+000 
1.045340060e+000 1.793883072e+000 
1.029653767e+000 1.760075625e+000 
1.023300456e+000 1.741283190e+000 
1.026841172e+000 1.752117255e+000 
1.025476894e+000 1.747948361e+000 
1.022604746e+000 1.738544247e+000 
1.032101742e+000 1.766007564e+000 
1.025796907e+000 1.749190774e+000 
1.103667533e+000 1.873869914e+000 
1.101187656e+000 1.871191953e+000 
1.126196980e+000 1.894864810e+000 
1.106199201e+000 1.876464687e+000 
1.098110235e+000 1.867412104e+000 
1.007328946e+000 1.371154229e+000 
1.007078236e+000 1.370363859e+000 
1.007479425e+000 1.371750107e+000 
1.006774967e+000 1.368115048e+000 
1.006910393e+000 1.370035131e+000 
1.007733714e+000 1.373041394e+000 
1.005089602e+000 1.355825819e+000 
1.006097252e+000 1.364594694e+000 
1.005846542e+000 1.363804324e+000 
1.005212661e+000 1.359991649e+000 
1.006300291e+000 1.366740872e+000 
1.007672793e+000 1.372404916e+000 
1.005666410e+000 1.362928197e+000 
1.005068362e+000 1.062953896e+000 
1.004953470e+000 1.062904080e+000 
1.004493887e+000 1.060420000e+000 
1.003866289e+000 1.056435913e+000 
1.004709590e+000 1.061644554e+000 
1.004551873e+000 1.060468629e+000 
1.004250007e+000 1.059160475e+000 
1.004824483e+000 1.061694371e+000 
1.004168155e+000 1.057744067e+000 
1.004110168e+000 1.057695438e+000 
1.342806380e+000 1.996270739e+000 
1.501513920e+000 2.000000000e+000 
1.343374445e+000 1.996437434e+000 
1.488528505e+000 1.999955330e+000 
1.485357465e+000 1.999851564e+000 
1.467518396e+000 1.999789096e+000 
1.337912864e+000 1.995974164e+000 
1.426169457e+000 1.998975655e+000 
1.305327886e+000 1.991066874e+000 
1.315981523e+000 1.992628028e+000 
1.336357995e+000 1.995971909e+000 
1.495453958e+000 1.999994109e+000 
1.305944331e+000 1.991075676e+000 
1.490516840e+000 1.999959434e+000 
1.310732952e+000 1.991761923e+000 
1.480420347e+000 1.999791991e+000 
1.424446924e+000 1.998909563e+000 
1.462685272e+000 1.999548275e+000 
1.379436369e+000 1.997857612e+000 
1.461282370e+000 1.999496551e+000 
1.463979598e+000 1.999758775e+000 
1.396212364e+000 1.998502575e+000 
1.391786037e+000 1.998275673e+000 
1.395158172e+000 1.998283208e+000 
1.326094065e+000 1.995016995e+000 
1.326539374e+000 1.995123979e+000 
1.330592464e+000 1.995150942e+000 
1.332477816e+000 1.995537552e+000 
1.412601272e+000 1.998887907e+000 
1.320862829e+000 1.993549793e+000 
1.453524697e+000 1.999388951e+000 
1.321477673e+000 1.993658934e+000 
1.385557408e+000 1.998158134e+000 
1.452950854e+000 1.999386117e+000 
1.453557635e+000 1.999438908e+000 
1.383197337e+000 1.998048333e+000 
1.409038360e+000 1.998673712e+000 
1.385230761e+000 1.998112407e+000 
1.407537142e+000 1.998554120e+000 
1.410890134e+000 1.998724144e+000 
1.438594975e+000 1.999307378e+000 
1.373422690e+000 1.997663349e+000 
1.436060294e+000 1.999052670e+000 
1.347350072e+000 1.996459671e+000 
1.368299160e+000 1.997564872e+000 
1.357579989e+000 1.997213931e+000 
1.366307734e+000 1.997476427e+000 
1.351581955e+000 1.996703755e+000 
1.367165557e+000 1.997513242e+000 
1.321632035e+000 1.994517441e+000 
1.359485174e+000 1.997309500e+000 
1.370960367e+000 1.997588418e+000 
1.353519176e+000 1.997007614e+000 
1.312845299e+000 1.992450078e+000 
1.128373324e+000 1.896488790e+000 
1.156135720e+000 1.923697673e+000 
1.139882680e+000 1.910210232e+000 
1.131946284e+000 1.901342565e+000 
1.216775109e+000 1.963225376e+000 
1.193528437e+000 1.949348614e+000 
1.153323167e+000 1.921944624e+000 
1.220397864e+000 1.965931216e+000 
1.205860053e+000 1.956605916e+000 
1.245795250e+000 1.975959891e+000 
1.131524850e+000 1.901328203e+000 
1.200385732e+000 1.954027762e+000 
1.204100045e+000 1.955967611e+000 
1.128926141e+000 1.898672365e+000 
1.305259659e+000 1.991017287e+000 
1.132060383e+000 1.901892578e+000 
1.167007318e+000 1.931855684e+000 
1.130911437e+000 1.900644239e+000 
1.256998359e+000 1.980413002e+000 
1.196348817e+000 1.951640813e+000 
1.132704681e+000 1.902285844e+000 
1.144579617e+000 1.913823810e+000 
1.250036893e+000 1.978338868e+000 
1.135040395e+000 1.904167209e+000 
1.215550922e+000 1.961426398e+000 
1.253927766e+000 1.979551859e+000 
1.244780358e+000 1.975936957e+000 
1.172651867e+000 1.935792406e+000 
1.198313344e+000 1.952165814e+000 
1.304790261e+000 1.990871953e+000 
1.164027306e+000 1.929601535e+000 
1.171882566e+000 1.935114658e+000 
1.167274659e+000 1.932526021e+000 
1.209343591e+000 1.958795808e+000 
1.307105308e+000 1.991563543e+000 
1.152275365e+000 1.921020773e+000 
1.278401326e+000 1.986249450e+000 
1.194599031e+000 1.950230007e+000 
1.130846499e+000 1.899303001e+000 
1.197179323e+000 1.951933836e+000 
1.250507313e+000 1.978369284e+000 
1.147580110e+000 1.915998208e+000 
1.167995286e+000 1.932739801e+000 
1.146637309e+000 1.915797567e+000 
1.149295352e+000 1.918748756e+000 
1.142918874e+000 1.911786565e+000 
1.198496603e+000 1.952959520e+000 
1.139711755e+000 1.907924022e+000 
1.146955394e+000 1.915808921e+000 
1.274141630e+000 1.984933041e+000 
1.223705034e+000 1.966568110e+000 
1.134172822e+000 1.903379483e+000 
1.223235636e+000 1.966367097e+000 
1.228261876e+000 1.968229547e+000 
1.139319047e+000 1.907647597e+000 
1.282292199e+000 1.987906291e+000 
1.156974053e+000 1.924512737e+000 
1.141655563e+000 1.910584588e+000 
1.127250095e+000 1.895870004e+000 
1.296310373e+000 1.989977958e+000 
1.229782872e+000 1.970005817e+000 
1.254398186e+000 1.979858801e+000 
1.268612729e+000 1.983496707e+000 
1.138229212e+000 1.907052853e+000 
1.230252270e+000 1.970005901e+000 
1.125305710e+000 1.894258804e+000 
1.250976711e+000 1.978369368e+000 
1.254867584e+000 1.980045481e+000 
1.178137945e+000 1.939484339e+000 
1.253107486e+000 1.978550166e+000 
1.272872424e+000 1.984293132e+000 
1.275801153e+000 1.985742762e+000 
1.261991346e+000 1.982611511e+000 
1.228346369e+000 1.968685615e+000 
1.157629637e+000 1.924751234e+000 
1.217605615e+000 1.963803286e+000 
1.193318967e+000 1.949283316e+000 
1.274163125e+000 1.985574387e+000 
1.220635464e+000 1.965946384e+000 
1.246595116e+000 1.976361471e+000 
1.153113698e+000 1.921834776e+000 
1.175381813e+000 1.937803230e+000 
1.213745259e+000 1.961319542e+000 
1.202809345e+000 1.954755258e+000 
1.224526337e+000 1.967728238e+000 
1.133242219e+000 1.902518969e+000 
1.224995734e+000 1.967728322e+000 
1.144738195e+000 1.914302180e+000 
1.151484131e+000 1.919604082e+000 
1.143721834e+000 1.913303526e+000 
1.286052346e+000 1.988093462e+000 
1.183163568e+000 1.942733403e+000 
1.179303213e+000 1.939912953e+000 
1.188499010e+000 1.946228116e+000 
1.226362420e+000 1.968201676e+000 
1.294282129e+000 1.989317999e+000 
1.181217179e+000 1.942058469e+000 
1.248671231e+000 1.977471444e+000 
1.184608138e+000 1.944709014e+000 
1.277232695e+000 1.986129050e+000 
1.280161424e+000 1.987462683e+000 
1.121473147e+000 1.889043821e+000 
1.124713937e+000 1.893845370e+000 
1.152195420e+000 1.920719490e+000 
1.125775107e+000 1.894279506e+000 
1.282761596e+000 1.987950265e+000 
1.126788790e+000 1.895302107e+000 
1.294517767e+000 1.989714285e+000 
1.128495537e+000 1.898013496e+000 
1.142485212e+000 1.910810624e+000 
1.232037940e+000 1.970012089e+000 
1.235014211e+000 1.971383485e+000 
1.126161728e+000 1.894735487e+000 
1.168558218e+000 1.933217098e+000 
1.172802046e+000 1.935991398e+000 
1.238878504e+000 1.973193813e+000 
1.242769377e+000 1.974827276e+000 
1.193053793e+000 1.948685552e+000 
1.155414884e+000 1.922639647e+000 
1.192475427e+000 1.948440697e+000 
1.158444678e+000 1.925054644e+000 
1.238361073e+000 1.972910039e+000 
1.183078111e+000 1.942537367e+000 
1.239055063e+000 1.973365370e+000 
1.206924838e+000 1.956799866e+000 
1.221191903e+000 1.966074663e+000 
1.210566900e+000 1.959372957e+000 
1.170479925e+000 1.934359963e+000 
1.229082107e+000 1.968857122e+000 
1.207057715e+000 1.957911339e+000 
1.208694478e+000 1.958069720e+000 
1.232975364e+000 1.970841008e+000 
1.187178951e+000 1.945202848e+000 
1.173606650e+000 1.936685580e+000 
1.212848187e+000 1.960604578e+000 
1.306994223e+000 1.991476072e+000 
1.166362071e+000 1.930766636e+000 
1.203915650e+000 1.955272690e+000 
1.155248338e+000 1.922441445e+000 
1.169779967e+000 1.933965172e+000 
1.189037372e+000 1.946345302e+000 
1.195452445e+000 1.950792732e+000 
1.248204752e+000 1.976883765e+000 
1.156850260e+000 1.924314991e+000 
1.154637257e+000 1.922045734e+000 
1.170576801e+000 1.934496103e+000 
1.176317375e+000 1.938310735e+000 
1.159880109e+000 1.926664313e+000 
1.161975771e+000 1.927957870e+000 
1.268099784e+000 1.983207707e+000 
1.148928033e+000 1.917089856e+000 
1.159333000e+000 1.926075559e+000 
1.148481625e+000 1.916941011e+000 
1.146049789e+000 1.914755364e+000 
1.261794865e+000 1.980864805e+000 
1.223153155e+000 1.966210106e+000 
1.290877615e+000 1.989074991e+000 
1.158814400e+000 1.925171886e+000 
1.165120900e+000 1.930054511e+000 
1.236212531e+000 1.971535274e+000 
1.240411355e+000 1.973518781e+000 
1.236520482e+000 1.971842667e+000 

