1.058483309e+000 1.193348414e+000 
1.059087348e+000 1.194024445e+000 
1.006578570e+000 1.002116236e+000 
1.006399728e+000 1.002081142e+000 
1.006546251e+000 1.002082637e+000 
1.006924079e+000 1.002163910e+000 
1.005627881e+000 1.001878268e+000 
1.006745237e+000 1.002128816e+000 
1.006249356e+000 1.002037380e+000 
1.005652113e+000 1.001878314e+000 
1.005822767e+000 1.001954376e+000 
1.005936511e+000 1.001989625e+000 
1.005592168e+000 1.001871719e+000 
1.005684309e+000 1.001908510e+000 
1.021453731e+000 1.013614192e+000 
1.021734375e+000 1.013745738e+000 
1.019468137e+000 1.013013852e+000 
1.024806864e+000 1.014567582e+000 
1.019947327e+000 1.013178670e+000 
1.030513741e+000 1.015996243e+000 
1.017998077e+000 1.012460543e+000 
1.016742230e+000 1.011945934e+000 
1.029215623e+000 1.015627836e+000 
1.015474225e+000 1.011358531e+000 
1.017123879e+000 1.012111561e+000 
1.016169071e+000 1.011770103e+000 
1.019041487e+000 1.012825571e+000 
1.016290445e+000 1.011869369e+000 
1.015975509e+000 1.011661861e+000 
1.017189136e+000 1.012138530e+000 
1.032343298e+000 1.016401114e+000 
1.030271220e+000 1.015880392e+000 
1.016969536e+000 1.012069148e+000 
1.028029545e+000 1.015310722e+000 
1.033447870e+000 1.016655588e+000 
1.031784626e+000 1.016272518e+000 
1.031010742e+000 1.016077798e+000 
1.030851396e+000 1.016017901e+000 
1.030453037e+000 1.015908697e+000 
1.025912827e+000 1.014813983e+000 
1.026875107e+000 1.015049965e+000 
1.004336209e+000 1.000633548e+000 
1.005166416e+000 1.000712543e+000 
1.005206148e+000 1.000715016e+000 
1.005266294e+000 1.000726439e+000 
1.003972100e+000 1.000596832e+000 
1.004521982e+000 1.000649442e+000 
1.004563717e+000 1.000650902e+000 
1.005572879e+000 1.000746316e+000 
1.004855335e+000 1.000694204e+000 
1.003421734e+000 1.000539818e+000 
1.004166978e+000 1.000616476e+000 
1.004194595e+000 1.000618191e+000 
1.003555733e+000 1.000542743e+000 
1.004294474e+000 1.000632088e+000 
1.004140021e+000 1.000602835e+000 
1.003704450e+000 1.000562358e+000 
1.003598957e+000 1.000558659e+000 
1.004064278e+000 1.000600576e+000 
1.005384519e+000 1.000729481e+000 
1.003776323e+000 1.000562944e+000 
1.005082843e+000 1.000712054e+000 
1.003922084e+000 1.000582098e+000 
1.004436088e+000 1.000647444e+000 
1.004663596e+000 1.000664799e+000 
1.004293894e+000 1.000628987e+000 
1.001625040e+000 1.000060677e+000 
1.001164789e+000 1.000054255e+000 
1.001386911e+000 1.000058800e+000 
1.001099838e+000 1.000052238e+000 
1.001059105e+000 1.000051237e+000 
1.001124056e+000 1.000053257e+000 
1.002127381e+000 1.000064614e+000 
1.001212662e+000 1.000056969e+000 
1.001488385e+000 1.000059900e+000 
1.001096119e+000 1.000052083e+000 
1.001471164e+000 1.000059674e+000 
1.001357876e+000 1.000058028e+000 
1.002081208e+000 1.000064324e+000 
1.001434581e+000 1.000058981e+000 
1.001185622e+000 1.000056075e+000 
1.001696899e+000 1.000062573e+000 
1.001342302e+000 1.000057976e+000 
1.001129665e+000 1.000053320e+000 
1.001313014e+000 1.000057847e+000 
1.001288554e+000 1.000057799e+000 
1.002232357e+000 1.000065275e+000 
1.001040162e+000 1.000050133e+000 
1.001259519e+000 1.000057028e+000 
1.001083583e+000 1.000052082e+000 
1.001339813e+000 1.000057918e+000 
1.001183374e+000 1.000055086e+000 
1.001182413e+000 1.000055050e+000 
1.001283979e+000 1.000057075e+000 
1.001283019e+000 1.000057040e+000 
1.001368848e+000 1.000058690e+000 
1.002013166e+000 1.000064322e+000 
1.001593361e+000 1.000060560e+000 
1.001801875e+000 1.000063234e+000 
1.001371337e+000 1.000058748e+000 
1.001099067e+000 1.000052200e+000 
1.001164018e+000 1.000054219e+000 
1.001844791e+000 1.000063509e+000 
1.002155155e+000 1.000064967e+000 
1.002551324e+000 1.000066183e+000 
1.003216919e+000 1.000067499e+000 
1.003103605e+000 1.000067305e+000 
1.002742088e+000 1.000067137e+000 
1.002960089e+000 1.000067150e+000 
1.003042695e+000 1.000067172e+000 
1.003328147e+000 1.000068016e+000 
1.003389057e+000 1.000068149e+000 
1.023175576e+000 1.014207450e+000 
1.018949126e+000 1.012723247e+000 
1.023280537e+000 1.014247067e+000 
1.024177415e+000 1.014465636e+000 
1.023860254e+000 1.014429583e+000 
1.020818821e+000 1.013511562e+000 
1.022595025e+000 1.014016326e+000 
1.025917161e+000 1.014910140e+000 
1.025880719e+000 1.014798028e+000 
1.018377076e+000 1.012526047e+000 
1.021582751e+000 1.013655851e+000 
1.022288731e+000 1.014010485e+000 
1.021801289e+000 1.013822415e+000 
1.025048719e+000 1.014756032e+000 
1.028718886e+000 1.015384274e+000 
1.030158132e+000 1.015736362e+000 
1.028384490e+000 1.015344486e+000 
1.027337498e+000 1.015192073e+000 
1.052265634e+000 1.121815216e+000 
1.055203275e+000 1.124633245e+000 
1.054170227e+000 1.123889763e+000 
1.054050025e+000 1.123757236e+000 
1.056866413e+000 1.126071370e+000 
1.058345554e+000 1.127505196e+000 
1.052328388e+000 1.122098715e+000 
1.053705475e+000 1.123323299e+000 
1.058426618e+000 1.127603416e+000 
1.050655223e+000 1.119209089e+000 
1.050808433e+000 1.119407313e+000 
1.177833107e+000 1.889478610e+000 
1.239358925e+000 1.913362081e+000 
1.092775164e+000 1.837211565e+000 
1.090167332e+000 1.834895233e+000 
1.084863345e+000 1.830375088e+000 
1.082198462e+000 1.827433101e+000 
1.224347912e+000 1.909263608e+000 
1.222748537e+000 1.908695610e+000 
1.061570785e+000 1.802814021e+000 
1.066096535e+000 1.809767443e+000 
1.111967853e+000 1.853417711e+000 
1.218955733e+000 1.907570093e+000 
1.063904994e+000 1.805815227e+000 
1.063198231e+000 1.805106769e+000 
1.064980884e+000 1.808022411e+000 
1.088383708e+000 1.833366620e+000 
1.091578450e+000 1.836174568e+000 
1.079916203e+000 1.825140923e+000 
1.119587724e+000 1.858061942e+000 
1.117519463e+000 1.857647916e+000 
1.132055234e+000 1.866535427e+000 
1.339670446e+000 1.935717081e+000 
1.116112116e+000 1.856399858e+000 
1.075778806e+000 1.820941956e+000 
1.063053415e+000 1.804929760e+000 
1.074724747e+000 1.819854520e+000 
1.116588357e+000 1.856854920e+000 
1.151351813e+000 1.877460953e+000 
1.080068492e+000 1.825305802e+000 
1.137307731e+000 1.870292297e+000 
1.210079107e+000 1.905171251e+000 
1.062721045e+000 1.804413888e+000 
1.095386635e+000 1.839666213e+000 
1.168291001e+000 1.886494136e+000 
1.200910201e+000 1.900992291e+000 
1.195999298e+000 1.899458736e+000 
1.114930976e+000 1.855134047e+000 
1.115166843e+000 1.855842264e+000 
1.167030987e+000 1.886023738e+000 
1.066644729e+000 1.810505072e+000 
1.102241743e+000 1.845128310e+000 
1.094644611e+000 1.838906466e+000 
1.197223273e+000 1.899993453e+000 
1.088056081e+000 1.832894169e+000 
1.072246428e+000 1.816941470e+000 
1.071234472e+000 1.815939732e+000 
1.206629503e+000 1.903802202e+000 
1.083996054e+000 1.829177189e+000 
1.068766074e+000 1.812930926e+000 
1.196015126e+000 1.899483538e+000 
1.065321809e+000 1.808571856e+000 
1.153273364e+000 1.878813287e+000 
1.179192354e+000 1.891105694e+000 
1.076974194e+000 1.822102721e+000 
1.100492014e+000 1.843657820e+000 
1.113130759e+000 1.854040544e+000 
1.289468112e+000 1.927292608e+000 
1.085789276e+000 1.830644000e+000 
1.090641001e+000 1.835461411e+000 
1.115111829e+000 1.855768772e+000 
1.288739984e+000 1.926733972e+000 
1.290544780e+000 1.927634165e+000 
1.240480886e+000 1.913944063e+000 
1.067225739e+000 1.811169924e+000 
1.180200232e+000 1.892025192e+000 
1.090600405e+000 1.835148676e+000 
1.064225529e+000 1.806854679e+000 
1.089746368e+000 1.834305514e+000 
1.160219813e+000 1.882956281e+000 
1.072460512e+000 1.817197611e+000 
1.077986838e+000 1.823171034e+000 
1.080695096e+000 1.825821422e+000 
1.104286643e+000 1.846556712e+000 
1.122422700e+000 1.860691260e+000 
1.061189969e+000 1.801758100e+000 
1.154824214e+000 1.880110274e+000 
1.284326115e+000 1.926224646e+000 
1.158945637e+000 1.882141550e+000 
1.208009738e+000 1.904425745e+000 
1.282836577e+000 1.925304107e+000 
1.186232203e+000 1.894597542e+000 
1.087492294e+000 1.832360864e+000 
1.125907737e+000 1.862985695e+000 
1.070779322e+000 1.815274415e+000 
1.126957539e+000 1.863873723e+000 
1.120233464e+000 1.859192721e+000 
1.129051713e+000 1.865336756e+000 
1.128659967e+000 1.865061341e+000 
1.114504139e+000 1.855117888e+000 
1.230107878e+000 1.911861960e+000 
1.093236250e+000 1.837805364e+000 
1.088046721e+000 1.832685897e+000 
1.145341342e+000 1.874651603e+000 
1.079128204e+000 1.824369235e+000 
1.086266388e+000 1.831022529e+000 
1.127349285e+000 1.864149137e+000 
1.159619143e+000 1.882202957e+000 
1.148166226e+000 1.876617200e+000 
1.061872019e+000 1.802883181e+000 
1.340316421e+000 1.936102324e+000 
1.259441476e+000 1.919198416e+000 
1.147571769e+000 1.875914316e+000 
1.139326157e+000 1.871801879e+000 
1.086384018e+000 1.831206962e+000 
1.139851502e+000 1.871989843e+000 
1.122867486e+000 1.861070087e+000 
1.220353500e+000 1.907981568e+000 
1.121309758e+000 1.859730617e+000 
1.221913616e+000 1.908586079e+000 
1.087869371e+000 1.832615447e+000 
1.203116084e+000 1.901652364e+000 
1.199021995e+000 1.900570934e+000 
1.224852830e+000 1.909976257e+000 
1.210470917e+000 1.905475502e+000 
1.120949337e+000 1.859708687e+000 
1.173973315e+000 1.888384598e+000 
1.172935988e+000 1.888050127e+000 
1.093445249e+000 1.838043275e+000 
1.091358741e+000 1.835932441e+000 
1.129931153e+000 1.865890225e+000 
1.138390276e+000 1.871376910e+000 
1.266071204e+000 1.920473306e+000 
1.073234183e+000 1.818174767e+000 
1.113668681e+000 1.854804697e+000 
1.175668626e+000 1.889452247e+000 
1.073078402e+000 1.817989893e+000 
1.142827327e+000 1.873562098e+000 
1.209522934e+000 1.904691574e+000 
1.231399902e+000 1.912345616e+000 
1.068984413e+000 1.813214500e+000 
1.134858188e+000 1.869008327e+000 
1.295545990e+000 1.928142115e+000 
1.117193284e+000 1.857258686e+000 
1.137510836e+000 1.870823440e+000 
1.119760117e+000 1.858971039e+000 
1.174489766e+000 1.888719512e+000 
1.281158343e+000 1.924791060e+000 
1.115754725e+000 1.856160477e+000 
1.100895649e+000 1.844199280e+000 
1.142501839e+000 1.873392216e+000 
1.254159493e+000 1.918732370e+000 
1.136681590e+000 1.869612994e+000 
1.133496441e+000 1.868314907e+000 
1.274771027e+000 1.922806822e+000 
1.251905533e+000 1.917556332e+000 
1.175396357e+000 1.889086195e+000 
1.229315318e+000 1.911420957e+000 
1.235367499e+000 1.913077349e+000 
1.339344596e+000 1.935349763e+000 
1.315709092e+000 1.931433804e+000 
1.108685304e+000 1.850831764e+000 
1.075968568e+000 1.821125464e+000 
1.229833177e+000 1.911755436e+000 
1.205755535e+000 1.902946889e+000 
1.140607918e+000 1.872309650e+000 
1.072043526e+000 1.816723348e+000 
1.263803174e+000 1.920397550e+000 
1.098310468e+000 1.842181751e+000 
1.141718125e+000 1.872984091e+000 
1.142025501e+000 1.873123904e+000 
1.078819857e+000 1.824026662e+000 
1.228757867e+000 1.911035027e+000 
1.232408669e+000 1.912684477e+000 
1.228282278e+000 1.910801469e+000 
1.267893691e+000 1.921804182e+000 
1.146031539e+000 1.875094639e+000 
1.144451302e+000 1.874225975e+000 
1.099403930e+000 1.843042002e+000 
1.230548263e+000 1.912050051e+000 
1.143335961e+000 1.873806031e+000 
1.108449526e+000 1.850658820e+000 
1.109577672e+000 1.851539924e+000 
1.107982085e+000 1.850286428e+000 
1.195924027e+000 1.899040077e+000 
1.097975057e+000 1.841726959e+000 
1.246268976e+000 1.915581123e+000 
1.224219297e+000 1.908858590e+000 
1.258393567e+000 1.919151738e+000 
1.315690015e+000 1.931003867e+000 
1.106375124e+000 1.848912535e+000 
1.107064577e+000 1.849636620e+000 
1.102039494e+000 1.844924988e+000 
1.250898354e+000 1.917300168e+000 
1.105276924e+000 1.847743306e+000 
1.178405512e+000 1.890796474e+000 
1.184051110e+000 1.893661851e+000 
1.152536254e+000 1.878383488e+000 
1.252649384e+000 1.918008184e+000 
1.104872968e+000 1.847146369e+000 
1.089276240e+000 1.833808808e+000 
1.175268483e+000 1.888849384e+000 
1.149509869e+000 1.876975358e+000 
1.199058669e+000 1.900619781e+000 
1.310084103e+000 1.930917813e+000 
1.316103215e+000 1.931535844e+000 
1.180928982e+000 1.892170698e+000 
1.169824213e+000 1.886991093e+000 
1.171468710e+000 1.887893303e+000 
1.170319340e+000 1.887184348e+000 
1.158239031e+000 1.881383475e+000 
1.192429125e+000 1.897230324e+000 
1.190644703e+000 1.896680487e+000 
1.157080620e+000 1.881121490e+000 
1.147342147e+000 1.875414660e+000 
1.259455866e+000 1.919249415e+000 
1.217229661e+000 1.906554223e+000 
1.165347659e+000 1.884602918e+000 
1.339012707e+000 1.935317856e+000 
1.172142827e+000 1.887937927e+000 
1.301065335e+000 1.929395218e+000 
1.166578355e+000 1.885571661e+000 
1.301525019e+000 1.929645938e+000 
1.319590445e+000 1.932734699e+000 
1.330531917e+000 1.934525618e+000 
1.327700800e+000 1.933958564e+000 
1.040821314e+000 1.059571836e+000 
1.039972665e+000 1.058646954e+000 
1.040610076e+000 1.059148393e+000 
1.059905506e+000 1.289279077e+000 
1.060981808e+000 1.291732533e+000 
1.059304044e+000 1.288027362e+000 
1.059425604e+000 1.288372794e+000 
1.000000000e+000 1.000000000e+000 
1.000081786e+000 1.000000001e+000 
1.011528832e+000 1.005885541e+000 
1.010592872e+000 1.005820647e+000 
1.007266362e+000 1.004880079e+000 
1.007067313e+000 1.004781108e+000 
1.009682037e+000 1.005612326e+000 
1.007498815e+000 1.004943743e+000 
1.013993468e+000 1.006461855e+000 
1.015219486e+000 1.006662718e+000 
1.014882263e+000 1.006591502e+000 
1.014802239e+000 1.006555921e+000 
1.007593115e+000 1.004963775e+000 
1.010761229e+000 1.005830496e+000 
1.013020911e+000 1.006308670e+000 
1.014581240e+000 1.006536707e+000 
1.007339665e+000 1.004889545e+000 
1.009796241e+000 1.005629829e+000 
1.012097789e+000 1.006149989e+000 
1.013437252e+000 1.006366387e+000 
1.013043860e+000 1.006332904e+000 
1.012234665e+000 1.006172792e+000 
1.011731463e+000 1.006074953e+000 
1.011766118e+000 1.006075499e+000 
1.013803578e+000 1.006440649e+000 
1.012677535e+000 1.006257868e+000 
1.012540658e+000 1.006235065e+000 
1.012174332e+000 1.006160028e+000 
1.012925062e+000 1.006305267e+000 
1.008684544e+000 1.005333557e+000 
1.009434148e+000 1.005527216e+000 
1.008071057e+000 1.005136542e+000 
1.010178832e+000 1.005725121e+000 
1.007172063e+000 1.004860285e+000 
1.010415809e+000 1.005752754e+000 
1.007098759e+000 1.004851056e+000 
1.008882584e+000 1.005400909e+000 
1.009299446e+000 1.005516993e+000 
1.009119932e+000 1.005438483e+000 
1.008819247e+000 1.005343780e+000 
1.014992574e+000 1.006612900e+000 
1.008322452e+000 1.005230915e+000 
1.000979495e+000 1.000028819e+000 
1.000997914e+000 1.000028825e+000 
1.000893517e+000 1.000027786e+000 
1.000921361e+000 1.000028663e+000 
1.001002527e+000 1.000029602e+000 
1.001031176e+000 1.000029725e+000 
1.000802782e+000 1.000026621e+000 
1.000876770e+000 1.000027711e+000 
1.000947520e+000 1.000028690e+000 
1.000950010e+000 1.000028786e+000 
1.000839662e+000 1.000027606e+000 
1.000842151e+000 1.000027702e+000 
1.000917796e+000 1.000028641e+000 
1.000976752e+000 1.000028792e+000 
1.000885093e+000 1.000027712e+000 
1.000761240e+000 1.000025750e+000 
1.000768163e+000 1.000026611e+000 
1.000754511e+000 1.000025728e+000 
1.000731039e+000 1.000024866e+000 
1.042374309e+000 1.062679062e+000 
1.042443897e+000 1.062745860e+000 
1.033612181e+000 1.054805601e+000 
1.035226419e+000 1.055918706e+000 
1.035726112e+000 1.056927187e+000 
1.042753418e+000 1.063028429e+000 
1.044327213e+000 1.064210236e+000 
1.049744116e+000 1.067598085e+000 
1.048239784e+000 1.066857210e+000 
1.036200642e+000 1.057498181e+000 
1.037077719e+000 1.058474162e+000 
1.047636243e+000 1.066395681e+000 
1.047407955e+000 1.066312594e+000 
1.048076855e+000 1.066695604e+000 
1.035247725e+000 1.056399925e+000 
1.041903155e+000 1.062363174e+000 
1.043162719e+000 1.063333402e+000 
1.049100023e+000 1.067555650e+000 
1.042082039e+000 1.062475666e+000 
1.043536923e+000 1.063602396e+000 
1.035310782e+000 1.056491379e+000 
1.041640601e+000 1.062161828e+000 
1.043321017e+000 1.063434104e+000 
1.041210773e+000 1.061811036e+000 
1.050604171e+000 1.068291281e+000 
1.041105154e+000 1.061709707e+000 
1.036314063e+000 1.057593569e+000 
1.449792053e+000 1.975464185e+000 
1.356539522e+000 1.946905882e+000 
1.418312765e+000 1.968728053e+000 
1.343651866e+000 1.938390849e+000 
1.354824989e+000 1.946285207e+000 
1.383361988e+000 1.958366878e+000 
1.439927222e+000 1.973624517e+000 
1.372924269e+000 1.955157126e+000 
1.368162480e+000 1.953743273e+000 
1.343853718e+000 1.938816851e+000 
1.350882770e+000 1.943307680e+000 
1.358714135e+000 1.947475256e+000 
1.376001117e+000 1.956183138e+000 
1.356702602e+000 1.947040327e+000 
1.382345913e+000 1.958224003e+000 
1.357720442e+000 1.947246653e+000 
1.371885319e+000 1.954813844e+000 
1.364788293e+000 1.952087033e+000 
1.352656683e+000 1.945038742e+000 
1.376328286e+000 1.956783575e+000 
1.343611429e+000 1.936675272e+000 
1.380851598e+000 1.957862924e+000 
1.429852778e+000 1.971057482e+000 
1.347657598e+000 1.942893348e+000 
1.512169250e+000 1.985626025e+000 
1.401072595e+000 1.963850836e+000 
1.378823749e+000 1.957200114e+000 
1.354514492e+000 1.945494943e+000 
1.393017972e+000 1.961762779e+000 
1.390185156e+000 1.960400274e+000 
1.354573406e+000 1.945557865e+000 
1.359537766e+000 1.948906447e+000 
1.362077097e+000 1.949962915e+000 
1.357877188e+000 1.947426121e+000 
1.483399568e+000 1.981232731e+000 
1.366632198e+000 1.952690863e+000 
1.364769859e+000 1.951951561e+000 
1.362968254e+000 1.951674553e+000 
1.368127618e+000 1.953321829e+000 
1.364034685e+000 1.951720955e+000 
1.362276267e+000 1.951108579e+000 
1.440737276e+000 1.973970331e+000 
1.435868118e+000 1.972674565e+000 
1.370348743e+000 1.954202396e+000 
1.365617003e+000 1.952620124e+000 
1.433507650e+000 1.972038957e+000 
1.352860564e+000 1.945273600e+000 
1.417221883e+000 1.968389205e+000 
1.416836028e+000 1.968313470e+000 
1.347578298e+000 1.940524161e+000 
1.435924948e+000 1.972736518e+000 
1.438500471e+000 1.973329586e+000 
1.354506678e+000 1.945469162e+000 
1.373324208e+000 1.955369911e+000 
1.415085269e+000 1.968150653e+000 
1.371379283e+000 1.954580842e+000 
1.366747697e+000 1.953034865e+000 
1.373520577e+000 1.955385777e+000 
1.365113884e+000 1.952122546e+000 
1.343087219e+000 1.936426781e+000 
1.377099924e+000 1.956951213e+000 
1.353457013e+000 1.945374333e+000 
1.384520054e+000 1.958533009e+000 
1.433841574e+000 1.972376508e+000 
1.445411460e+000 1.974319786e+000 
1.438678616e+000 1.973405976e+000 
1.392737049e+000 1.961624034e+000 
1.421068564e+000 1.969538504e+000 
1.391086114e+000 1.960879594e+000 
1.451341486e+000 1.975890801e+000 
1.427537004e+000 1.970932691e+000 
1.424936188e+000 1.969948812e+000 
1.425687095e+000 1.970598470e+000 
1.394369894e+000 1.962029827e+000 
1.360630454e+000 1.948971970e+000 
1.541402219e+000 1.989558162e+000 
1.351326153e+000 1.944051408e+000 
1.735103339e+000 2.000000000e+000 
1.447685682e+000 1.974967540e+000 
1.445597219e+000 1.974757939e+000 
1.412015234e+000 1.967455287e+000 
1.432412725e+000 1.971784070e+000 
1.373902818e+000 1.955677859e+000 
1.431317367e+000 1.971261479e+000 
1.413573856e+000 1.967550771e+000 
1.372416982e+000 1.954828387e+000 
1.397914917e+000 1.962993653e+000 
1.734145729e+000 1.999979182e+000 
1.344890095e+000 1.940080841e+000 
1.441972183e+000 1.974103785e+000 
1.345194361e+000 1.940218169e+000 
1.413935306e+000 1.967868639e+000 
1.344492449e+000 1.940051778e+000 
1.349724303e+000 1.943112240e+000 
1.346018514e+000 1.940319305e+000 
1.396169730e+000 1.962255513e+000 
1.551413678e+000 1.990570798e+000 
1.346591489e+000 1.940506148e+000 
1.401603939e+000 1.964393187e+000 
1.380432138e+000 1.957590311e+000 
1.381883910e+000 1.957964004e+000 
1.733194750e+000 1.999975280e+000 
1.423582788e+000 1.969818575e+000 
1.401122662e+000 1.963990833e+000 
1.553374389e+000 1.990933609e+000 
1.425643497e+000 1.970248428e+000 
1.732903839e+000 1.999931523e+000 
1.522071284e+000 1.986954531e+000 
1.553905786e+000 1.990951574e+000 
1.431779852e+000 1.971402687e+000 
1.696309928e+000 1.998927447e+000 
1.697709000e+000 1.998980192e+000 
1.696320259e+000 1.998954234e+000 
1.702501023e+000 1.999179013e+000 
1.402091970e+000 1.964463057e+000 
1.404257777e+000 1.965163873e+000 
1.477508374e+000 1.980187578e+000 
1.545211268e+000 1.989851225e+000 
1.545820978e+000 1.989939056e+000 
1.467385837e+000 1.978584597e+000 
1.479190095e+000 1.980498500e+000 
1.478325241e+000 1.980341848e+000 
1.519964842e+000 1.986861451e+000 
1.422457773e+000 1.969542862e+000 
1.400243292e+000 1.963582898e+000 
1.387998891e+000 1.959958776e+000 
1.404967510e+000 1.965314954e+000 
1.398511977e+000 1.963226150e+000 
1.386805345e+000 1.959472255e+000 
1.396689625e+000 1.962578086e+000 
1.405225198e+000 1.965554704e+000 
1.394021139e+000 1.961977908e+000 
1.385408446e+000 1.959414643e+000 
1.407105606e+000 1.966128247e+000 
1.482098894e+000 1.980770417e+000 
1.410975968e+000 1.967086194e+000 
1.388287502e+000 1.960195332e+000 
1.385681706e+000 1.959452072e+000 
1.387144819e+000 1.959652910e+000 
1.387302567e+000 1.959778320e+000 
1.413002756e+000 1.967470553e+000 
1.408166615e+000 1.966700499e+000 
1.402618725e+000 1.965002338e+000 
1.406527818e+000 1.965989297e+000 
1.728253209e+000 1.999871424e+000 
1.417708584e+000 1.968581810e+000 
1.505251762e+000 1.984707132e+000 
1.420317682e+000 1.969134756e+000 
1.726681990e+000 1.999842747e+000 
1.722032563e+000 1.999794830e+000 
1.724723695e+000 1.999822981e+000 
1.630678733e+000 1.996465308e+000 
1.622844925e+000 1.996221190e+000 
1.628874231e+000 1.996434092e+000 
1.613213576e+000 1.995767141e+000 
1.621916671e+000 1.996116270e+000 
1.720239067e+000 1.999609242e+000 
1.720748694e+000 1.999676350e+000 
1.712190461e+000 1.999467600e+000 
1.713403687e+000 1.999511545e+000 
1.705284680e+000 1.999287015e+000 
1.695143568e+000 1.998836273e+000 
1.709333919e+000 1.999444691e+000 
1.701600660e+000 1.999025845e+000 
1.720154538e+000 1.999532368e+000 
1.450773649e+000 1.975832134e+000 
1.618009003e+000 1.995973711e+000 
1.484423629e+000 1.981605013e+000 
1.486383187e+000 1.982272763e+000 
1.620884245e+000 1.996091743e+000 
1.615415673e+000 1.995919523e+000 
1.612192686e+000 1.995746932e+000 
1.614459797e+000 1.995880184e+000 
1.488216452e+000 1.982381289e+000 
1.489875193e+000 1.982668406e+000 
1.499740179e+000 1.984068684e+000 
1.500326052e+000 1.984101651e+000 
1.484615299e+000 1.981632423e+000 
1.454256442e+000 1.976700331e+000 
1.494841447e+000 1.983516081e+000 
1.491026722e+000 1.983041275e+000 
1.501466873e+000 1.984301093e+000 
1.492741428e+000 1.983251949e+000 
1.451443086e+000 1.976107773e+000 
1.462113540e+000 1.978216996e+000 
1.458410851e+000 1.977669276e+000 
1.497633544e+000 1.983975225e+000 
1.473414309e+000 1.979451876e+000 
1.458934798e+000 1.977876779e+000 
1.456181911e+000 1.977165592e+000 
1.492168636e+000 1.983152069e+000 
1.456560935e+000 1.977238351e+000 
1.448064275e+000 1.975137769e+000 
1.454341982e+000 1.976802864e+000 
1.488532918e+000 1.982541070e+000 
1.449195652e+000 1.975356752e+000 
1.547508759e+000 1.990450012e+000 
1.452368639e+000 1.976245495e+000 
1.538077702e+000 1.989363646e+000 
1.535258911e+000 1.988961671e+000 
1.533801810e+000 1.988692672e+000 
1.664405469e+000 1.998088839e+000 
1.618677364e+000 1.995989967e+000 
1.658309720e+000 1.997947668e+000 
1.588863298e+000 1.994098955e+000 
1.514722244e+000 1.986208185e+000 
1.493593134e+000 1.983430567e+000 
1.550865020e+000 1.990559327e+000 
1.524721146e+000 1.987702314e+000 
1.583840783e+000 1.993638420e+000 
1.512395387e+000 1.985945769e+000 
1.636292229e+000 1.996835782e+000 
1.508617353e+000 1.985324426e+000 
1.526210280e+000 1.987830964e+000 
1.530051911e+000 1.988357730e+000 
1.527060398e+000 1.988047199e+000 
1.670827095e+000 1.998106662e+000 
1.471399763e+000 1.979338424e+000 
1.475490657e+000 1.980094433e+000 
1.503414259e+000 1.984546534e+000 
1.473830862e+000 1.979586965e+000 
1.505737697e+000 1.984982522e+000 
1.471620527e+000 1.979449844e+000 
1.475751605e+000 1.980174969e+000 
1.475897620e+000 1.980177772e+000 
1.689814015e+000 1.998669166e+000 
1.468041930e+000 1.978879856e+000 
1.688377649e+000 1.998636608e+000 
1.479260505e+000 1.980680541e+000 
1.524148082e+000 1.987621194e+000 
1.523494989e+000 1.987537727e+000 
1.527814961e+000 1.988084227e+000 
1.572926747e+000 1.992945505e+000 
1.594785182e+000 1.994465366e+000 
1.562713913e+000 1.991909442e+000 
1.605281623e+000 1.995256093e+000 
1.684800015e+000 1.998444281e+000 
1.673602757e+000 1.998210003e+000 
1.672097768e+000 1.998199861e+000 
1.680790173e+000 1.998212536e+000 
1.681075517e+000 1.998221735e+000 
1.598110596e+000 1.994721796e+000 
1.595667814e+000 1.994704016e+000 
1.595448700e+000 1.994496035e+000 
1.582363042e+000 1.993454616e+000 
1.567862499e+000 1.992288740e+000 
1.607772418e+000 1.995361808e+000 
1.608002623e+000 1.995497821e+000 
1.605392174e+000 1.995299655e+000 
1.677014521e+000 1.998212193e+000 
1.561957980e+000 1.991878281e+000 
1.591094682e+000 1.994167417e+000 
1.568993949e+000 1.992530544e+000 
1.600136694e+000 1.994915526e+000 
1.567167452e+000 1.992225957e+000 
1.555788937e+000 1.991295000e+000 
1.567902095e+000 1.992447357e+000 
1.555019333e+000 1.991086186e+000 
1.557008507e+000 1.991463623e+000 
1.602125311e+000 1.995096596e+000 
1.541281719e+000 1.989550756e+000 
1.578153431e+000 1.993191151e+000 
1.546220684e+000 1.990147891e+000 
1.543148394e+000 1.989798717e+000 
1.541540762e+000 1.989611395e+000 
1.637853046e+000 1.996981754e+000 
1.549409518e+000 1.990459666e+000 
1.517112657e+000 1.986573905e+000 
1.577907949e+000 1.993138309e+000 
1.634496829e+000 1.996741859e+000 
1.632673790e+000 1.996673468e+000 
1.649788387e+000 1.997454529e+000 
1.648487405e+000 1.997350728e+000 
1.513971067e+000 1.986112320e+000 
1.652360804e+000 1.997635934e+000 
1.506642192e+000 1.985191956e+000 
1.506054937e+000 1.985011045e+000 
1.645764579e+000 1.997125663e+000 
1.648785115e+000 1.997385557e+000 
1.683232380e+000 1.998332486e+000 
1.648402000e+000 1.997260852e+000 
1.650835392e+000 1.997532051e+000 
1.631701781e+000 1.996618177e+000 
1.565180160e+000 1.992052299e+000 
1.659009046e+000 1.998073381e+000 
1.682925587e+000 1.998268705e+000 
1.693185196e+000 1.998817358e+000 
1.637578605e+000 1.996841976e+000 

