1.001136192e+000 1.002558435e+000 
1.001079436e+000 1.002497418e+000 
1.001079582e+000 1.002553273e+000 
1.001252769e+000 1.002567739e+000 
1.005964936e+000 1.023559440e+000 
1.007280700e+000 1.024875856e+000 
1.006906993e+000 1.024588235e+000 
1.009067843e+000 1.025596065e+000 
1.006542221e+000 1.024376567e+000 
1.007827496e+000 1.025067103e+000 
1.006183730e+000 1.024267643e+000 
1.005992803e+000 1.023560242e+000 
1.009200143e+000 1.025651029e+000 
1.005709667e+000 1.023490697e+000 
1.008982617e+000 1.025560628e+000 
1.009138840e+000 1.025612949e+000 
1.016240243e+000 1.043947592e+000 
1.010036858e+000 1.039744198e+000 
1.015364536e+000 1.043403686e+000 
1.017301885e+000 1.044930595e+000 
1.013774462e+000 1.042431113e+000 
1.009690737e+000 1.039114047e+000 
1.016964853e+000 1.044422908e+000 
1.015937987e+000 1.043813603e+000 
1.014979547e+000 1.043222714e+000 
1.009439398e+000 1.038506069e+000 
1.012010279e+000 1.041281595e+000 
1.013231793e+000 1.042209812e+000 
1.014019975e+000 1.042520789e+000 
1.009960511e+000 1.039268434e+000 
1.014483341e+000 1.042750665e+000 
1.011174633e+000 1.040417796e+000 
1.010883050e+000 1.040237604e+000 
1.010552630e+000 1.040074414e+000 
1.012343322e+000 1.041606025e+000 
1.011445535e+000 1.040960138e+000 
1.000747078e+000 1.000980427e+000 
1.037897924e+000 1.923302178e+000 
1.045960664e+000 1.931374373e+000 
1.025334178e+000 1.907094316e+000 
1.026936766e+000 1.909687360e+000 
1.022852826e+000 1.903069015e+000 
1.023564554e+000 1.904322682e+000 
1.024619824e+000 1.906289214e+000 
1.040866749e+000 1.926475840e+000 
1.044789599e+000 1.930125851e+000 
1.028046309e+000 1.910973419e+000 
1.027233446e+000 1.910002539e+000 
1.048088425e+000 1.932632427e+000 
1.027917756e+000 1.910917326e+000 
1.030124285e+000 1.914017907e+000 
1.030668189e+000 1.914549309e+000 
1.095453847e+000 1.957629017e+000 
1.023138834e+000 1.903327152e+000 
1.031222649e+000 1.915561069e+000 
1.041226472e+000 1.926794679e+000 
1.045899727e+000 1.931098778e+000 
1.025601733e+000 1.907714399e+000 
1.044240831e+000 1.929761122e+000 
1.065546084e+000 1.944358262e+000 
1.105125739e+000 1.961829099e+000 
1.028771074e+000 1.911915545e+000 
1.026018165e+000 1.908482757e+000 
1.045042146e+000 1.930633408e+000 
1.029424503e+000 1.912839986e+000 
1.057680645e+000 1.939761483e+000 
1.021669782e+000 1.898450518e+000 
1.046416553e+000 1.931812699e+000 
1.022469214e+000 1.902606184e+000 
1.029742587e+000 1.913366383e+000 
1.062727699e+000 1.942663321e+000 
1.066982503e+000 1.945102174e+000 
1.028359442e+000 1.911571050e+000 
1.022608652e+000 1.902714142e+000 
1.035082216e+000 1.920349431e+000 
1.043445949e+000 1.929077408e+000 
1.021924611e+000 1.900195524e+000 
1.024046130e+000 1.905239062e+000 
1.079685636e+000 1.951437854e+000 
1.116278293e+000 1.965125182e+000 
1.022333773e+000 1.901285335e+000 
1.023295300e+000 1.904186290e+000 
1.047614073e+000 1.932449127e+000 
1.067328633e+000 1.945620803e+000 
1.095291522e+000 1.957525046e+000 
1.042508274e+000 1.928028520e+000 
1.037215425e+000 1.922718988e+000 
1.054514544e+000 1.937703223e+000 
1.044761421e+000 1.930072273e+000 
1.023985969e+000 1.904821562e+000 
1.024440886e+000 1.905806418e+000 
1.032068335e+000 1.916343144e+000 
1.022601066e+000 1.902623542e+000 
1.031215392e+000 1.915468449e+000 
1.053173016e+000 1.936554018e+000 
1.083151825e+000 1.953127058e+000 
1.119888086e+000 1.966240865e+000 
1.047423716e+000 1.932001946e+000 
1.038031957e+000 1.923571394e+000 
1.045641686e+000 1.930794355e+000 
1.021294536e+000 1.897678801e+000 
1.079358373e+000 1.951366385e+000 
1.026723597e+000 1.908979805e+000 
1.051601896e+000 1.935102132e+000 
1.093579724e+000 1.956956711e+000 
1.119418137e+000 1.965922175e+000 
1.078589296e+000 1.951091685e+000 
1.114051871e+000 1.964368747e+000 
1.116765358e+000 1.965217050e+000 
1.034332206e+000 1.919780955e+000 
1.108502314e+000 1.962639574e+000 
1.035740708e+000 1.920932077e+000 
1.108908620e+000 1.962963800e+000 
1.047234404e+000 1.931878818e+000 
1.060966461e+000 1.941855168e+000 
1.021380376e+000 1.897778228e+000 
1.111427531e+000 1.963623019e+000 
1.111902450e+000 1.963982090e+000 
1.095523156e+000 1.957849026e+000 
1.069193258e+000 1.946649209e+000 
1.063279892e+000 1.943389086e+000 
1.107355351e+000 1.962468803e+000 
1.141691288e+000 1.971605542e+000 
1.067584773e+000 1.945652242e+000 
1.031948755e+000 1.916339146e+000 
1.033912626e+000 1.919041499e+000 
1.043548683e+000 1.929180712e+000 
1.040244213e+000 1.925738361e+000 
1.060663166e+000 1.941709011e+000 
1.034117015e+000 1.919278127e+000 
1.035191687e+000 1.920536436e+000 
1.068045864e+000 1.946233744e+000 
1.043860233e+000 1.929427343e+000 
1.062867223e+000 1.942985564e+000 
1.067101231e+000 1.945428792e+000 
1.098556848e+000 1.959205197e+000 
1.038208628e+000 1.923983456e+000 
1.032244851e+000 1.917052616e+000 
1.062063525e+000 1.942581943e+000 
1.064178851e+000 1.943920745e+000 
1.040619239e+000 1.926115201e+000 
1.059513181e+000 1.941053544e+000 
1.086362110e+000 1.954108547e+000 
1.033717365e+000 1.918960837e+000 
1.142282084e+000 1.971660103e+000 
1.032497428e+000 1.917199159e+000 
1.086869255e+000 1.954419590e+000 
1.113480396e+000 1.964361507e+000 
1.058043997e+000 1.940154384e+000 
1.027917011e+000 1.910106938e+000 
1.056059262e+000 1.938710910e+000 
1.060527101e+000 1.941559304e+000 
1.094164216e+000 1.957389718e+000 
1.090866500e+000 1.955954163e+000 
1.035143333e+000 1.920481111e+000 
1.094466013e+000 1.957506796e+000 
1.038526746e+000 1.924173405e+000 
1.036985270e+000 1.922244792e+000 
1.092948683e+000 1.956831611e+000 
1.078530500e+000 1.950936483e+000 
1.142707706e+000 1.971768295e+000 
1.042445438e+000 1.928010688e+000 
1.070865786e+000 1.947068894e+000 
1.040636477e+000 1.926124104e+000 
1.118665871e+000 1.965807336e+000 
1.075523091e+000 1.949634482e+000 
1.085432843e+000 1.953777595e+000 
1.072640271e+000 1.948272648e+000 
1.118134113e+000 1.965635937e+000 
1.081612037e+000 1.952272687e+000 
1.072391600e+000 1.948224859e+000 
1.084271524e+000 1.953313543e+000 
1.071926490e+000 1.947935613e+000 
1.122329292e+000 1.966968310e+000 
1.115537168e+000 1.964862510e+000 
1.160714388e+000 1.975217531e+000 
1.100501507e+000 1.959980637e+000 
1.123954124e+000 1.967381792e+000 
1.073419654e+000 1.948631501e+000 
1.147719024e+000 1.973008291e+000 
1.054472161e+000 1.937499552e+000 
1.082158075e+000 1.952416779e+000 
1.119599173e+000 1.966232566e+000 
1.123618884e+000 1.966992440e+000 
1.049484935e+000 1.933540612e+000 
1.147563026e+000 1.972807864e+000 
1.147603267e+000 1.972880335e+000 
1.095902969e+000 1.958126029e+000 
1.097610023e+000 1.958906717e+000 
1.093894698e+000 1.957097576e+000 
1.052459137e+000 1.936052099e+000 
1.052403182e+000 1.935897230e+000 
1.050039655e+000 1.933922987e+000 
1.055377435e+000 1.938180511e+000 
1.056576372e+000 1.938949296e+000 
1.096166747e+000 1.958266175e+000 
1.103493055e+000 1.960908216e+000 
1.149432107e+000 1.973227569e+000 
1.125287604e+000 1.967724757e+000 
1.145567550e+000 1.972393064e+000 
1.050525687e+000 1.934318637e+000 
1.131387824e+000 1.969264669e+000 
1.139594394e+000 1.971034952e+000 
1.049807491e+000 1.933799297e+000 
1.070153347e+000 1.946794328e+000 
1.120857212e+000 1.966469509e+000 
1.125712717e+000 1.967959151e+000 
1.070922439e+000 1.947187795e+000 
1.151335021e+000 1.973494412e+000 
1.131649646e+000 1.969379398e+000 
1.136496221e+000 1.970582072e+000 
1.140091637e+000 1.971064199e+000 
1.150412836e+000 1.973403677e+000 
1.123998615e+000 1.967600937e+000 
1.129426452e+000 1.968745148e+000 
1.004089058e+000 1.012782253e+000 
1.003751568e+000 1.012709114e+000 
1.004344258e+000 1.013005079e+000 
1.004178425e+000 1.013003706e+000 
1.005003478e+000 1.013379116e+000 
1.004011885e+000 1.012739976e+000 
1.003846052e+000 1.012736647e+000 
1.004792623e+000 1.013138941e+000 
1.004591387e+000 1.013122586e+000 
1.004626790e+000 1.013135612e+000 
1.003585554e+000 1.012649084e+000 
1.004938806e+000 1.013159964e+000 
1.005494137e+000 1.013452948e+000 
1.003560758e+000 1.006276540e+000 
1.002928721e+000 1.006106644e+000 
1.002194734e+000 1.005962330e+000 
1.003179966e+000 1.006197851e+000 
1.001865312e+000 1.005811657e+000 
1.001985514e+000 1.005878109e+000 
1.002823061e+000 1.006103731e+000 
1.002444681e+000 1.006064316e+000 
1.002708269e+000 1.006080652e+000 
1.003078456e+000 1.006142542e+000 
1.003009073e+000 1.006122980e+000 
1.002978103e+000 1.006109223e+000 
1.003365072e+000 1.006221231e+000 
1.001293265e+000 1.002671774e+000 
1.001337073e+000 1.002672480e+000 
1.001258723e+000 1.002666050e+000 
1.001485944e+000 1.002677591e+000 
1.021125198e+000 1.396687379e+000 
1.018133663e+000 1.391659721e+000 
1.020223994e+000 1.395851521e+000 
1.018688365e+000 1.393614133e+000 
1.018513844e+000 1.392276605e+000 
1.018064831e+000 1.391546311e+000 
1.020050206e+000 1.395494506e+000 
1.020979344e+000 1.396648670e+000 
1.020560016e+000 1.396137388e+000 
1.021130373e+000 1.396725634e+000 
1.019062612e+000 1.393836837e+000 
1.018274290e+000 1.392078317e+000 
1.019857832e+000 1.395080042e+000 
1.017837213e+000 1.390906865e+000 
1.000104225e+000 1.000000013e+000 
9.999999997e-001 1.000000000e+000 
1.000063094e+000 1.000000001e+000 
1.000153135e+000 1.000000037e+000 
1.000134031e+000 1.000000025e+000 
1.000313093e+000 1.000000038e+000 
1.000639074e+000 1.000000040e+000 
1.000808160e+000 1.001745269e+000 
1.000965519e+000 1.001753416e+000 
1.000832833e+000 1.001746317e+000 
1.001735314e+000 1.005145239e+000 
1.001607917e+000 1.005140458e+000 
1.678036157e+000 1.999954515e+000 
1.168024037e+000 1.976536943e+000 
1.173371123e+000 1.978287128e+000 
1.174932332e+000 1.978915227e+000 
1.179628551e+000 1.979578281e+000 
1.179152213e+000 1.979202783e+000 
1.695459749e+000 2.000000000e+000 
1.208884227e+000 1.984517114e+000 
1.208377160e+000 1.984397008e+000 
1.218005134e+000 1.985847945e+000 
1.219724716e+000 1.986292901e+000 
1.210032394e+000 1.984749208e+000 
1.199031541e+000 1.982784396e+000 
1.160440794e+000 1.975161983e+000 
1.161934149e+000 1.975620871e+000 
1.153987215e+000 1.973832241e+000 
1.162104471e+000 1.975634368e+000 
1.164245046e+000 1.975935529e+000 
1.561628870e+000 1.999713620e+000 
1.561874406e+000 1.999713936e+000 
1.159399893e+000 1.975152117e+000 
1.160516965e+000 1.975215185e+000 
1.692861077e+000 1.999961916e+000 
1.161161136e+000 1.975466158e+000 
1.665271670e+000 1.999832698e+000 
1.152871089e+000 1.973567192e+000 
1.167867371e+000 1.976415079e+000 
1.165230263e+000 1.976151652e+000 
1.171382990e+000 1.977253801e+000 
1.168205498e+000 1.976712398e+000 
1.157614482e+000 1.974841775e+000 
1.156427057e+000 1.974316832e+000 
1.155034945e+000 1.974040357e+000 
1.211775083e+000 1.984882114e+000 
1.154202441e+000 1.973849488e+000 
1.207865446e+000 1.984345580e+000 
1.212968948e+000 1.985204603e+000 
1.277814996e+000 1.992124738e+000 
1.195673960e+000 1.982207788e+000 
1.279216859e+000 1.992465429e+000 
1.215136932e+000 1.985562757e+000 
1.214739578e+000 1.985368757e+000 
1.172579518e+000 1.977689455e+000 
1.197834993e+000 1.982392027e+000 
1.693107232e+000 1.999967657e+000 
1.455499451e+000 1.999161610e+000 
1.465839017e+000 1.999216669e+000 
1.446895416e+000 1.999029418e+000 
1.515900609e+000 1.999572817e+000 
1.431199268e+000 1.998639873e+000 
1.504615709e+000 1.999381723e+000 
1.472314462e+000 1.999231332e+000 
1.468445585e+000 1.999230261e+000 
1.465378534e+000 1.999190984e+000 
1.463002063e+000 1.999184102e+000 
1.448660747e+000 1.999110372e+000 
1.545459887e+000 1.999635301e+000 
1.427267760e+000 1.998618064e+000 
1.437199821e+000 1.998905899e+000 
1.505440173e+000 1.999414272e+000 
1.442568054e+000 1.998960880e+000 
1.523613931e+000 1.999630447e+000 
1.181339432e+000 1.979584180e+000 
1.507056466e+000 1.999512814e+000 
1.522679274e+000 1.999575745e+000 
1.491583087e+000 1.999359933e+000 
1.270240931e+000 1.992119559e+000 
1.487380851e+000 1.999352403e+000 
1.289677770e+000 1.993462645e+000 
1.189764785e+000 1.981312457e+000 
1.168773119e+000 1.977214266e+000 
1.186699275e+000 1.980710164e+000 
1.184018699e+000 1.980495984e+000 
1.264985917e+000 1.991270865e+000 
1.283878984e+000 1.992998511e+000 
1.187772411e+000 1.981250998e+000 
1.279486020e+000 1.992744245e+000 
1.182827770e+000 1.980115900e+000 
1.196240813e+000 1.982302653e+000 
1.187489863e+000 1.980734010e+000 
1.187633388e+000 1.981127655e+000 
1.286006661e+000 1.993056341e+000 
1.264091912e+000 1.991269526e+000 
1.190551822e+000 1.981678891e+000 
1.261007051e+000 1.991063227e+000 
1.259281054e+000 1.990918643e+000 
1.269996569e+000 1.991867313e+000 
1.480712225e+000 1.999271226e+000 
1.256749363e+000 1.990593801e+000 
1.558813923e+000 1.999713447e+000 
1.549891741e+000 1.999687687e+000 
1.200766145e+000 1.982907965e+000 
1.201178959e+000 1.983289289e+000 
1.198552693e+000 1.982765911e+000 
1.575724697e+000 1.999775297e+000 
1.206209668e+000 1.983908718e+000 
1.207226607e+000 1.984215948e+000 
1.578183428e+000 1.999793335e+000 
1.269829360e+000 1.991826441e+000 
1.431728433e+000 1.998658741e+000 
1.202520226e+000 1.983308187e+000 
1.565526578e+000 1.999733664e+000 
1.206063629e+000 1.983872796e+000 
1.566833923e+000 1.999763651e+000 
1.245920161e+000 1.989335465e+000 
1.243974499e+000 1.989137130e+000 
1.403751493e+000 1.998334885e+000 
1.673659296e+000 1.999884305e+000 
1.394736637e+000 1.998136356e+000 
1.661899289e+000 1.999817336e+000 
1.372671390e+000 1.997518033e+000 
1.666209018e+000 1.999837404e+000 
1.255083147e+000 1.990429420e+000 
1.387772273e+000 1.998035854e+000 
1.425686559e+000 1.998570728e+000 
1.429604250e+000 1.998627123e+000 
1.233516919e+000 1.987749765e+000 
1.230786678e+000 1.987452992e+000 
1.235523819e+000 1.988422952e+000 
1.225973854e+000 1.986952192e+000 
1.213384381e+000 1.985314925e+000 
1.227331192e+000 1.987246739e+000 
1.212917486e+000 1.985054925e+000 
1.420372077e+000 1.998492124e+000 
1.220671170e+000 1.986371959e+000 
1.654749335e+000 1.999809183e+000 
1.667156472e+000 1.999839699e+000 
1.357821576e+000 1.997229545e+000 
1.352871305e+000 1.997009262e+000 
1.368063144e+000 1.997514554e+000 
1.373165975e+000 1.997652901e+000 
1.327781788e+000 1.996176613e+000 
1.321478535e+000 1.995911327e+000 
1.323281869e+000 1.995928600e+000 
1.339875233e+000 1.996551997e+000 
1.380243094e+000 1.997692590e+000 
1.364217357e+000 1.997445731e+000 
1.337230672e+000 1.996439928e+000 
1.343962362e+000 1.996648217e+000 
1.332036006e+000 1.996226559e+000 
1.310959465e+000 1.995197216e+000 
1.381348916e+000 1.997718770e+000 
1.656775967e+000 1.999811776e+000 
1.335642003e+000 1.996398485e+000 
1.299254932e+000 1.994624635e+000 
1.332331742e+000 1.996263019e+000 
1.297253485e+000 1.994120336e+000 
1.294202502e+000 1.994008591e+000 
1.304334256e+000 1.994996888e+000 
1.304137790e+000 1.994893917e+000 
1.306781278e+000 1.995006085e+000 
1.287945873e+000 1.993438493e+000 
1.349296322e+000 1.996868662e+000 
1.293025197e+000 1.993812062e+000 
1.291636706e+000 1.993628507e+000 
1.412082170e+000 1.998380790e+000 
1.381910644e+000 1.997833420e+000 
1.381467809e+000 1.997719584e+000 
1.381012960e+000 1.997696441e+000 
1.315688623e+000 1.995318125e+000 
1.303236430e+000 1.994643414e+000 
1.350002691e+000 1.996869440e+000 
1.353780064e+000 1.997094004e+000 
1.316582851e+000 1.995485312e+000 
1.238800511e+000 1.988705357e+000 
1.251478373e+000 1.989827997e+000 
1.360114825e+000 1.997272117e+000 
1.234134612e+000 1.987808056e+000 
1.234206272e+000 1.987824030e+000 
1.218668754e+000 1.985878159e+000 
1.222094814e+000 1.986512216e+000 
1.222801183e+000 1.986513555e+000 
1.316790907e+000 1.995485946e+000 
1.249528792e+000 1.989731723e+000 
1.350823953e+000 1.996991820e+000 
1.425230077e+000 1.998522718e+000 
1.238701481e+000 1.988514573e+000 

