1.000122538e+000 1.011429810e+000 
1.000134443e+000 1.011433980e+000 
1.000065090e+000 1.011384549e+000 
1.000012261e+000 1.002793434e+000 
1.000000001e+000 1.000068092e+000 
1.004821133e+000 1.794533034e+000 
1.097899579e+000 1.905648786e+000 
1.094991463e+000 1.904372555e+000 
1.036399267e+000 1.852683885e+000 
1.147844286e+000 1.927160354e+000 
1.091664831e+000 1.902220088e+000 
1.010102922e+000 1.809996030e+000 
1.023657500e+000 1.835346778e+000 
1.006551581e+000 1.799793259e+000 
1.090137852e+000 1.901109328e+000 
1.022864175e+000 1.833813275e+000 
1.003956146e+000 1.788657062e+000 
1.184767674e+000 1.939716815e+000 
1.098349809e+000 1.905836854e+000 
1.063692798e+000 1.881070553e+000 
1.088461043e+000 1.900815120e+000 
1.095206078e+000 1.904529505e+000 
1.018694248e+000 1.826791589e+000 
1.041914027e+000 1.859029332e+000 
1.175982471e+000 1.937400288e+000 
1.085639304e+000 1.898013611e+000 
1.112352210e+000 1.912741692e+000 
1.054345629e+000 1.872781064e+000 
1.106287753e+000 1.909724462e+000 
1.018026351e+000 1.825698646e+000 
1.033416581e+000 1.848917427e+000 
1.031138182e+000 1.845960202e+000 
1.128434410e+000 1.919184738e+000 
1.097220708e+000 1.905567716e+000 
1.107237219e+000 1.910046313e+000 
1.007066328e+000 1.802099213e+000 
1.029667851e+000 1.843777212e+000 
1.092803874e+000 1.903215917e+000 
1.124318522e+000 1.918473611e+000 
1.005084922e+000 1.795810004e+000 
1.085974682e+000 1.898118495e+000 
1.153432777e+000 1.929496917e+000 
1.039885946e+000 1.856864509e+000 
1.145874864e+000 1.926540970e+000 
1.004342179e+000 1.790426081e+000 
1.004437818e+000 1.792072257e+000 
1.042367256e+000 1.859386130e+000 
1.050586899e+000 1.868765276e+000 
1.034676565e+000 1.850678003e+000 
1.032591248e+000 1.848136976e+000 
1.039161213e+000 1.855612085e+000 
1.082111830e+000 1.895649463e+000 
1.003727750e+000 1.788350589e+000 
1.066489184e+000 1.883560665e+000 
1.069281591e+000 1.885335186e+000 
1.101435385e+000 1.907382985e+000 
1.032672876e+000 1.848158385e+000 
1.004113782e+000 1.790119608e+000 
1.003958864e+000 1.789026571e+000 
1.049281804e+000 1.867256374e+000 
1.016811068e+000 1.823806712e+000 
1.123022417e+000 1.917232692e+000 
1.111300911e+000 1.912239029e+000 
1.030723807e+000 1.845159550e+000 
1.030071758e+000 1.844575303e+000 
1.028815429e+000 1.842659885e+000 
1.043313924e+000 1.860700715e+000 
1.024520450e+000 1.836569769e+000 
1.012919587e+000 1.815927196e+000 
1.156927277e+000 1.930755894e+000 
1.041367470e+000 1.858557937e+000 
1.045522652e+000 1.863303680e+000 
1.030373419e+000 1.844844894e+000 
1.055738547e+000 1.874083546e+000 
1.025274995e+000 1.837430643e+000 
1.180186609e+000 1.939254382e+000 
1.078325029e+000 1.892969331e+000 
1.126442121e+000 1.918889634e+000 
1.173662021e+000 1.937017276e+000 
1.085961080e+000 1.898099990e+000 
1.148766361e+000 1.927661143e+000 
1.031693880e+000 1.846911545e+000 
1.178533835e+000 1.938376965e+000 
1.176360679e+000 1.937425564e+000 
1.020105179e+000 1.828961927e+000 
1.122836699e+000 1.916844014e+000 
1.126135314e+000 1.918762769e+000 
1.033830388e+000 1.849372883e+000 
1.063975381e+000 1.881460425e+000 
1.077348201e+000 1.892895681e+000 
1.071990784e+000 1.888611525e+000 
1.063882454e+000 1.881272526e+000 
1.063711984e+000 1.881093601e+000 
1.025425853e+000 1.837716701e+000 
1.074164600e+000 1.890552152e+000 
1.073044554e+000 1.889975164e+000 
1.070887566e+000 1.888244359e+000 
1.160287666e+000 1.931740201e+000 
1.064518153e+000 1.882298524e+000 
1.120663182e+000 1.916082314e+000 
1.128009315e+000 1.919125367e+000 
1.027097240e+000 1.840551837e+000 
1.012612846e+000 1.814881145e+000 
1.149301684e+000 1.927910995e+000 
1.006880957e+000 1.800906913e+000 
1.106023537e+000 1.909445480e+000 
1.067907481e+000 1.884278770e+000 
1.024661483e+000 1.836607380e+000 
1.061301546e+000 1.879527762e+000 
1.057748697e+000 1.875946303e+000 
1.010942619e+000 1.811862164e+000 
1.078938441e+000 1.893662141e+000 
1.046709465e+000 1.864307869e+000 
1.156794926e+000 1.930589466e+000 
1.051358246e+000 1.869464656e+000 
1.122796852e+000 1.916786869e+000 
1.011930501e+000 1.813967175e+000 
1.082674098e+000 1.897364408e+000 
1.057367560e+000 1.875501745e+000 
1.055530782e+000 1.873929997e+000 
1.032986143e+000 1.848210330e+000 
1.059083631e+000 1.877511455e+000 
1.062967070e+000 1.880817227e+000 
1.065536101e+000 1.882909062e+000 
1.131140569e+000 1.920716533e+000 
1.067345820e+000 1.883962857e+000 
1.062264130e+000 1.880552503e+000 
1.068752624e+000 1.885220056e+000 
1.145471618e+000 1.926268386e+000 
1.106224328e+000 1.909526181e+000 
1.156488119e+000 1.930462601e+000 
1.155879675e+000 1.930334964e+000 
1.026348347e+000 1.838902493e+000 
1.035133057e+000 1.850922791e+000 
1.072524337e+000 1.888649576e+000 
1.006148161e+000 1.798563381e+000 
1.063318185e+000 1.881002483e+000 
1.156428594e+000 1.930433145e+000 
1.005721711e+000 1.797247168e+000 
1.022064812e+000 1.832744825e+000 
1.022158820e+000 1.832766707e+000 
1.060693457e+000 1.878929654e+000 
1.016608041e+000 1.823113141e+000 
1.023068347e+000 1.833950848e+000 
1.023225244e+000 1.834092393e+000 
1.033965140e+000 1.849427710e+000 
1.087323370e+000 1.899836872e+000 
1.090810743e+000 1.901486147e+000 
1.052305723e+000 1.870660031e+000 
1.086201749e+000 1.898575836e+000 
1.016369729e+000 1.822850035e+000 
1.021533917e+000 1.831360685e+000 
1.150308718e+000 1.928957153e+000 
1.014764838e+000 1.819734318e+000 
1.008304280e+000 1.804409480e+000 
1.015673637e+000 1.821401038e+000 
1.014898212e+000 1.820184940e+000 
1.016229535e+000 1.822541455e+000 
1.008344100e+000 1.805305653e+000 
1.052837255e+000 1.871078844e+000 
1.051585197e+000 1.869618206e+000 
1.013105735e+000 1.816266437e+000 
1.006529858e+000 1.799487713e+000 
1.127817424e+000 1.919044424e+000 
1.034080452e+000 1.849699538e+000 
1.142136754e+000 1.925195269e+000 
1.171532642e+000 1.935888238e+000 
1.167072261e+000 1.934618732e+000 
1.005985500e+000 1.798450034e+000 
1.139382712e+000 1.923784465e+000 
1.036181097e+000 1.852392986e+000 
1.007610686e+000 1.802914822e+000 
1.043602923e+000 1.860909628e+000 
1.013360926e+000 1.816883873e+000 
1.123753547e+000 1.917866351e+000 
1.120213559e+000 1.915849347e+000 
1.033603106e+000 1.848937614e+000 
1.042667078e+000 1.859792710e+000 
1.140641614e+000 1.924813270e+000 
1.047775459e+000 1.865487903e+000 
1.143655521e+000 1.925711577e+000 
1.137445984e+000 1.923401863e+000 
1.141819991e+000 1.925154379e+000 
1.047299624e+000 1.865048801e+000 
1.011275366e+000 1.812367661e+000 
1.044645657e+000 1.862078886e+000 
1.038528916e+000 1.855020082e+000 
1.009707530e+000 1.808622665e+000 
1.008974286e+000 1.807030241e+000 
1.011793090e+000 1.813310405e+000 
1.010382009e+000 1.810481966e+000 
1.158862394e+000 1.931420609e+000 
1.008335373e+000 1.804845255e+000 
1.008158730e+000 1.804365147e+000 
1.000316050e+000 1.011687062e+000 
1.000019335e+000 1.011147845e+000 
1.000287613e+000 1.011447885e+000 
1.003092867e+000 1.015083800e+000 
1.000721312e+000 1.013188383e+000 
1.003132119e+000 1.015307050e+000 
1.001028836e+000 1.013554212e+000 
1.001568467e+000 1.013913687e+000 
1.000440067e+000 1.012784243e+000 
1.001605748e+000 1.013919333e+000 
1.000774429e+000 1.013549191e+000 
1.000812753e+000 1.013551148e+000 
1.001084238e+000 1.013555732e+000 
1.002016577e+000 1.014575113e+000 
1.001352384e+000 1.013910623e+000 
1.000889536e+000 1.013553093e+000 
1.001429167e+000 1.013912568e+000 
1.002900206e+000 1.015076109e+000 
1.001306623e+000 1.013901722e+000 
1.000705531e+000 1.013188232e+000 
1.002529273e+000 1.014927527e+000 
1.002183327e+000 1.014674362e+000 
1.002298434e+000 1.014675517e+000 
1.002861881e+000 1.015075153e+000 
1.002722957e+000 1.015063463e+000 
1.001816250e+000 1.014242014e+000 
1.000361556e+000 1.012774707e+000 
1.002407513e+000 1.014915406e+000 
1.001314059e+000 1.013908667e+000 
1.001177312e+000 1.013560054e+000 
1.000769524e+000 1.013549002e+000 
1.001213702e+000 1.013622955e+000 
1.001276619e+000 1.013852913e+000 
1.000582012e+000 1.013186247e+000 
1.001721763e+000 1.014222755e+000 
1.000678912e+000 1.013187850e+000 
1.001867882e+000 1.014526305e+000 
1.002976989e+000 1.015078054e+000 
1.002702956e+000 1.014928917e+000 
1.002606056e+000 1.014927889e+000 
1.001644980e+000 1.014222583e+000 
1.000521277e+000 1.013147603e+000 
1.000522393e+000 1.013184334e+000 
1.003208902e+000 1.015307412e+000 
1.002260109e+000 1.014674724e+000 
1.002799740e+000 1.015063825e+000 
1.001801499e+000 1.014223277e+000 
1.001635768e+000 1.014212456e+000 
1.002467131e+000 1.014916036e+000 
1.001927501e+000 1.014526935e+000 
1.003305802e+000 1.015308439e+000 
1.002357009e+000 1.014676208e+000 
1.001704599e+000 1.014222617e+000 
1.000007431e+000 1.000606432e+000 
1.003593455e+000 1.496704348e+000 
1.003324255e+000 1.494272415e+000 
1.192887505e+000 1.942610696e+000 
1.544492407e+000 1.996267009e+000 
1.447442531e+000 1.989718512e+000 
1.729252212e+000 1.999216084e+000 
1.530799242e+000 1.996015834e+000 
1.192860431e+000 1.942228292e+000 
1.188240538e+000 1.941335592e+000 
1.739663640e+000 1.999574842e+000 
1.740462173e+000 1.999673939e+000 
1.735119469e+000 1.999446867e+000 
1.734020364e+000 1.999296845e+000 
1.742579695e+000 2.000000000e+000 
1.210243477e+000 1.948290158e+000 
1.216670917e+000 1.950124995e+000 
1.208412408e+000 1.947579536e+000 
1.206852219e+000 1.947455786e+000 
1.194575579e+000 1.942953475e+000 
1.225548306e+000 1.952240373e+000 
1.548734267e+000 1.996436064e+000 
1.214514812e+000 1.948750569e+000 
1.190729033e+000 1.942195600e+000 
1.549343942e+000 1.996452760e+000 
1.552257917e+000 1.997129866e+000 
1.317479860e+000 1.972634202e+000 
1.334398586e+000 1.974646263e+000 
1.551691848e+000 1.996742384e+000 
1.134916785e+000 1.921171646e+000 
1.136386268e+000 1.921221200e+000 
1.137415138e+000 1.922763930e+000 
1.212272836e+000 1.948382069e+000 
1.255722536e+000 1.959380980e+000 
1.285101098e+000 1.964992598e+000 
1.712949638e+000 1.999200588e+000 
1.307592233e+000 1.969886107e+000 
1.703396247e+000 1.999117229e+000 
1.689370615e+000 1.999070782e+000 
1.256026317e+000 1.960079313e+000 
1.511136622e+000 1.994705305e+000 
1.423960530e+000 1.987626030e+000 
1.688686341e+000 1.998973595e+000 
1.506189929e+000 1.994420661e+000 
1.182110850e+000 1.939570695e+000 
1.180047195e+000 1.938611482e+000 
1.192936787e+000 1.942738019e+000 
1.185190711e+000 1.940617141e+000 
1.309086661e+000 1.970796785e+000 
1.173422125e+000 1.936400984e+000 
1.162484685e+000 1.932280824e+000 
1.168617619e+000 1.935805371e+000 
1.161296769e+000 1.932261611e+000 
1.164377572e+000 1.933032522e+000 
1.169805535e+000 1.935824584e+000 
1.308791631e+000 1.970770194e+000 
1.165663031e+000 1.933566424e+000 
1.308472748e+000 1.970678453e+000 
1.498742589e+000 1.993986380e+000 
1.190089415e+000 1.941939658e+000 
1.431054256e+000 1.988575744e+000 
1.420133494e+000 1.987187570e+000 
1.431213121e+000 1.988593610e+000 
1.424736123e+000 1.988453857e+000 
1.422958452e+000 1.987561736e+000 
1.457917226e+000 1.991056806e+000 
1.483819179e+000 1.992808416e+000 
1.437572671e+000 1.989469318e+000 
1.392800639e+000 1.984422403e+000 
1.491950699e+000 1.993634515e+000 
1.412759612e+000 1.987091798e+000 
1.410567968e+000 1.986818205e+000 
1.334574094e+000 1.975783751e+000 
1.453942242e+000 1.990299825e+000 
1.336955038e+000 1.976698069e+000 
1.489759054e+000 1.993359734e+000 
1.432380017e+000 1.988710648e+000 
1.397385199e+000 1.984930853e+000 
1.389070950e+000 1.983560193e+000 
1.401390722e+000 1.985366975e+000 
1.390608995e+000 1.983957961e+000 
1.386693108e+000 1.983480059e+000 
1.435905919e+000 1.988792860e+000 
1.525633817e+000 1.995904264e+000 
1.373446954e+000 1.981303313e+000 
1.399895112e+000 1.985278509e+000 
1.385558801e+000 1.982988293e+000 
1.310687661e+000 1.971079555e+000 
1.500630760e+000 1.994161772e+000 
1.515526091e+000 1.995366536e+000 
1.382027321e+000 1.982382142e+000 
1.482603560e+000 1.992530655e+000 
1.368022677e+000 1.980630492e+000 
1.340159802e+000 1.977074632e+000 
1.354250099e+000 1.979212900e+000 
1.342593960e+000 1.977655627e+000 
1.490548996e+000 1.993412394e+000 
1.335532685e+000 1.976134591e+000 
1.368199245e+000 1.980768847e+000 
1.347048316e+000 1.977962868e+000 
1.501691342e+000 1.994343768e+000 
1.379953198e+000 1.982250524e+000 
1.348298489e+000 1.978061355e+000 
1.373557845e+000 1.981360500e+000 
1.342162316e+000 1.977210180e+000 
1.360930215e+000 1.980572590e+000 
1.467096887e+000 1.991479629e+000 
1.465074654e+000 1.991155416e+000 
1.291621673e+000 1.968397546e+000 
1.486870108e+000 1.992998449e+000 
1.471842893e+000 1.992474070e+000 
1.288762029e+000 1.967194324e+000 
1.289216179e+000 1.967917722e+000 
1.346640246e+000 1.977852324e+000 
1.349863794e+000 1.978368369e+000 
1.137218104e+000 1.921745124e+000 
1.322637012e+000 1.973853287e+000 
1.311911620e+000 1.972255867e+000 
1.578286136e+000 1.997588987e+000 
1.320974672e+000 1.973692147e+000 
1.457867909e+000 1.990799711e+000 
1.318604644e+000 1.973199025e+000 
1.297239609e+000 1.969655429e+000 
1.311193160e+000 1.971724540e+000 
1.242553907e+000 1.957493806e+000 
1.674712884e+000 1.998880676e+000 
1.659247226e+000 1.998791880e+000 
1.311687198e+000 1.971800478e+000 
1.244672368e+000 1.958001745e+000 
1.644144172e+000 1.998549638e+000 
1.650316173e+000 1.998630450e+000 
1.641070606e+000 1.998379563e+000 
1.227114545e+000 1.953651295e+000 
1.219995258e+000 1.951576019e+000 
1.629287112e+000 1.998181404e+000 
1.314493941e+000 1.972468061e+000 
1.292418749e+000 1.968496253e+000 
1.228117732e+000 1.954013891e+000 
1.295207964e+000 1.969011879e+000 
1.275026746e+000 1.964266665e+000 
1.214659383e+000 1.949943144e+000 
1.197365826e+000 1.943915020e+000 
1.198694324e+000 1.944917791e+000 
1.203085054e+000 1.946382720e+000 
1.200475282e+000 1.945551087e+000 
1.196813557e+000 1.943735762e+000 
1.205679315e+000 1.946658176e+000 
1.226343694e+000 1.953361417e+000 
1.262158430e+000 1.961993725e+000 
1.285653134e+000 1.966712163e+000 
1.273287707e+000 1.964138083e+000 
1.269660506e+000 1.963411955e+000 
1.268922927e+000 1.963202490e+000 
1.262966145e+000 1.962099303e+000 
1.451602339e+000 1.990063641e+000 
1.246198750e+000 1.958370907e+000 
1.603737699e+000 1.997994125e+000 
1.583176925e+000 1.997823272e+000 
1.569914634e+000 1.997413141e+000 
1.614460344e+000 1.998113202e+000 
1.243762926e+000 1.957785674e+000 
1.276049231e+000 1.964876352e+000 
1.234008228e+000 1.955228388e+000 
1.249596506e+000 1.959002455e+000 
1.233910201e+000 1.955080042e+000 
1.231506824e+000 1.954610167e+000 
1.599606021e+000 1.997853375e+000 
1.449505795e+000 1.989832986e+000 

