1.000608873e+000 1.000015715e+000 
1.000503817e+000 1.000015288e+000 
1.000785742e+000 1.000016184e+000 
1.000586664e+000 1.000015675e+000 
1.000762884e+000 1.000016167e+000 
1.000740674e+000 1.000016126e+000 
1.000482056e+000 1.000015151e+000 
1.000556785e+000 1.000015639e+000 
1.000721563e+000 1.000016103e+000 
1.000719999e+000 1.000016089e+000 
1.000743063e+000 1.000016142e+000 
1.000578418e+000 1.000015660e+000 
1.000814444e+000 1.000016501e+000 
1.000489730e+000 1.000015187e+000 
1.000689799e+000 1.000016084e+000 
1.000666940e+000 1.000016067e+000 
1.000539675e+000 1.000015599e+000 
1.000644731e+000 1.000016026e+000 
1.041952065e+000 1.034303130e+000 
1.045665360e+000 1.035639594e+000 
1.043886070e+000 1.035106404e+000 
1.038633487e+000 1.032970821e+000 
1.037460507e+000 1.032470278e+000 
1.043039372e+000 1.034668326e+000 
1.040036126e+000 1.033536934e+000 
1.039844421e+000 1.033487405e+000 
1.039796272e+000 1.033363092e+000 
1.041653860e+000 1.034149498e+000 
1.010559561e+000 1.004498185e+000 
1.008470410e+000 1.004222605e+000 
1.012426006e+000 1.004689666e+000 
1.008262281e+000 1.004196159e+000 
1.008830624e+000 1.004286241e+000 
1.009350817e+000 1.004356603e+000 
1.010761371e+000 1.004515210e+000 
1.010319379e+000 1.004454067e+000 
1.012222818e+000 1.004678507e+000 
1.010696014e+000 1.004505875e+000 
1.012655745e+000 1.004726871e+000 
1.013060475e+000 1.004755928e+000 
1.013782552e+000 1.004819144e+000 
1.007406304e+000 1.004051145e+000 
1.009323939e+000 1.004344899e+000 
1.010020536e+000 1.004428883e+000 
1.019497620e+000 1.008228740e+000 
1.023513216e+000 1.008901617e+000 
1.014063738e+000 1.007113900e+000 
1.015973674e+000 1.007562709e+000 
1.016512576e+000 1.007633024e+000 
1.022233463e+000 1.008728906e+000 
1.016387558e+000 1.007613804e+000 
1.022341121e+000 1.008757849e+000 
1.016901754e+000 1.007710078e+000 
1.018060704e+000 1.007918679e+000 
1.018939735e+000 1.008087167e+000 
1.015809939e+000 1.007531676e+000 
1.020477694e+000 1.008417656e+000 
1.019576256e+000 1.008244945e+000 
1.018742484e+000 1.008056123e+000 
1.017227401e+000 1.007745571e+000 
1.019753324e+000 1.008259878e+000 
1.021790574e+000 1.008683807e+000 
1.022109125e+000 1.008715514e+000 
1.017646820e+000 1.007867583e+000 
1.017548107e+000 1.007841179e+000 
1.017112991e+000 1.007736013e+000 
1.059484209e+000 1.252681397e+000 
1.063187532e+000 1.254506026e+000 
1.072470201e+000 1.258757473e+000 
1.060231257e+000 1.252788359e+000 
1.060357637e+000 1.253089236e+000 
1.060655730e+000 1.253246478e+000 
1.073081703e+000 1.259133394e+000 
1.080524919e+000 1.261663815e+000 
1.079915833e+000 1.261481649e+000 
1.071359758e+000 1.258303671e+000 
1.079906353e+000 1.261435504e+000 
1.064578762e+000 1.255258506e+000 
1.068373018e+000 1.256943297e+000 
1.077246428e+000 1.260459847e+000 
1.072778394e+000 1.258852588e+000 
1.069811123e+000 1.257567191e+000 
1.066076801e+000 1.255865443e+000 
1.068918036e+000 1.257142490e+000 
1.077083197e+000 1.260455022e+000 
1.075294733e+000 1.259833412e+000 
1.062430427e+000 1.254091612e+000 
1.065480054e+000 1.255611695e+000 
1.077434356e+000 1.260599719e+000 
1.062791156e+000 1.254274581e+000 
1.067125648e+000 1.256382334e+000 
1.069396912e+000 1.257421273e+000 
1.068686728e+000 1.257107613e+000 
1.092551516e+000 1.917116497e+000 
1.118565050e+000 1.930136416e+000 
1.195608149e+000 1.951241978e+000 
1.200351947e+000 1.952231344e+000 
1.223309358e+000 1.956994114e+000 
1.202500238e+000 1.952924207e+000 
1.093484646e+000 1.917730709e+000 
1.195758634e+000 1.951376761e+000 
1.093666390e+000 1.918106744e+000 
1.109198160e+000 1.925924097e+000 
1.114947451e+000 1.928408144e+000 
1.123370751e+000 1.932130220e+000 
1.222235493e+000 1.956920377e+000 
1.283418433e+000 1.965556217e+000 
1.089814150e+000 1.915444792e+000 
1.098262422e+000 1.920394427e+000 
1.210528806e+000 1.954795555e+000 
1.248428098e+000 1.960441476e+000 
1.218292067e+000 1.955975186e+000 
1.179634190e+000 1.947767805e+000 
1.246367166e+000 1.959863943e+000 
1.280802056e+000 1.965116664e+000 
1.272224716e+000 1.964229222e+000 
1.088550427e+000 1.914923297e+000 
1.122262576e+000 1.931484786e+000 
1.095325672e+000 1.918575699e+000 
1.097783509e+000 1.920254818e+000 
1.112947067e+000 1.927582237e+000 
1.283052777e+000 1.965507493e+000 
1.115170789e+000 1.928584786e+000 
1.117412118e+000 1.929681274e+000 
1.095714649e+000 1.919364661e+000 
1.092442943e+000 1.917061677e+000 
1.102481531e+000 1.922950682e+000 
1.108059937e+000 1.925285138e+000 
1.105512123e+000 1.923894491e+000 
1.207129329e+000 1.953431623e+000 
1.098648811e+000 1.920593692e+000 
1.213176915e+000 1.955222825e+000 
1.090599307e+000 1.916102649e+000 
1.332870620e+000 1.970186423e+000 
1.271686998e+000 1.964192363e+000 
1.168035008e+000 1.945117122e+000 
1.287881303e+000 1.966104333e+000 
1.090772636e+000 1.916349401e+000 
1.102365050e+000 1.922674065e+000 
1.203805281e+000 1.953104011e+000 
1.254460382e+000 1.961119601e+000 
1.101336124e+000 1.921735414e+000 
1.190869202e+000 1.950375610e+000 
1.084263379e+000 1.912404806e+000 
1.086214437e+000 1.913500429e+000 
1.235466273e+000 1.958314927e+000 
1.152844744e+000 1.941207603e+000 
1.286140631e+000 1.965944911e+000 
1.080959776e+000 1.910063644e+000 
1.100371004e+000 1.921375754e+000 
1.283679741e+000 1.965648178e+000 
1.119268734e+000 1.930297907e+000 
1.120767465e+000 1.930931674e+000 
1.176259916e+000 1.947307304e+000 
1.084220305e+000 1.912316482e+000 
1.082413771e+000 1.911147418e+000 
1.137356997e+000 1.937007239e+000 
1.110417856e+000 1.926324744e+000 
1.083566689e+000 1.911957735e+000 
1.082986849e+000 1.911635991e+000 
1.172327898e+000 1.946296413e+000 
1.143745959e+000 1.938978870e+000 
1.087970474e+000 1.914629885e+000 
1.089212634e+000 1.915279259e+000 
1.100710989e+000 1.921609561e+000 
1.166039587e+000 1.944986655e+000 
1.120135253e+000 1.930659233e+000 
1.127114964e+000 1.933349308e+000 
1.087390634e+000 1.914307307e+000 
1.124656943e+000 1.932608988e+000 
1.103231404e+000 1.923062712e+000 
1.272750901e+000 1.964260662e+000 
1.196573787e+000 1.951495710e+000 
1.126605186e+000 1.933100839e+000 
1.095550052e+000 1.918602734e+000 
1.089878242e+000 1.915752724e+000 
1.124433605e+000 1.932431990e+000 
1.220284603e+000 1.956518865e+000 
1.196714857e+000 1.951618492e+000 
1.100126405e+000 1.921288335e+000 
1.152973608e+000 1.941594218e+000 
1.126317806e+000 1.933053918e+000 
1.152153215e+000 1.941159094e+000 
1.131417435e+000 1.934949752e+000 
1.150698144e+000 1.940812465e+000 
1.222179234e+000 1.956822690e+000 
1.082146803e+000 1.910930061e+000 
1.201410098e+000 1.952617664e+000 
1.097857372e+000 1.920283223e+000 
1.253821231e+000 1.961045994e+000 
1.086571730e+000 1.913660325e+000 
1.144833424e+000 1.939274860e+000 
1.219248290e+000 1.956225166e+000 
1.109548895e+000 1.926273469e+000 
1.220943357e+000 1.956610393e+000 
1.141638999e+000 1.938248869e+000 
1.315406682e+000 1.967876429e+000 
1.136659350e+000 1.936653543e+000 
1.317858689e+000 1.968415714e+000 
1.234648978e+000 1.958111867e+000 
1.317107174e+000 1.968314548e+000 
1.082152111e+000 1.910933015e+000 
1.234434582e+000 1.958078453e+000 
1.141226622e+000 1.938112652e+000 
1.112503648e+000 1.927453224e+000 
1.345187675e+000 1.971880457e+000 
1.110673560e+000 1.926882579e+000 
1.187184638e+000 1.949561163e+000 
1.271101833e+000 1.963999396e+000 
1.351386712e+000 1.972794804e+000 
1.168301952e+000 1.945189593e+000 
1.277478390e+000 1.964692556e+000 
1.273329211e+000 1.964533729e+000 
1.120429211e+000 1.930736510e+000 
1.343163278e+000 1.971605384e+000 
1.108939350e+000 1.925747686e+000 
1.189689844e+000 1.950166177e+000 
1.185049480e+000 1.949134392e+000 
1.231507356e+000 1.957748120e+000 
1.112247281e+000 1.927227239e+000 
1.183474316e+000 1.948794254e+000 
1.138932247e+000 1.937321714e+000 
1.137796863e+000 1.937141630e+000 
1.136926470e+000 1.936878735e+000 
1.306457971e+000 1.966779192e+000 
1.093086414e+000 1.917433001e+000 
1.213656001e+000 1.955294547e+000 
1.219109050e+000 1.956215275e+000 
1.208163882e+000 1.954223507e+000 
1.174532716e+000 1.946770725e+000 
1.252643806e+000 1.961014799e+000 
1.164816575e+000 1.944572870e+000 
1.351003354e+000 1.972660872e+000 
1.108807443e+000 1.925623284e+000 
1.160904636e+000 1.943521933e+000 
1.135047220e+000 1.936232621e+000 
1.178083901e+000 1.947583991e+000 
1.263216282e+000 1.962859139e+000 
1.130027857e+000 1.934396620e+000 
1.269017570e+000 1.963764060e+000 
1.255838107e+000 1.961652383e+000 
1.127874481e+000 1.933603704e+000 
1.166285850e+000 1.945011942e+000 
1.145757328e+000 1.939915755e+000 
1.158948513e+000 1.943168778e+000 
1.107211457e+000 1.924686598e+000 
1.154847179e+000 1.942079369e+000 
1.131038479e+000 1.934763191e+000 
1.135844438e+000 1.936464075e+000 
1.154072727e+000 1.941896356e+000 
1.341600515e+000 1.971133026e+000 
1.317810107e+000 1.968325963e+000 
1.346472900e+000 1.972232429e+000 
1.194821672e+000 1.951163822e+000 
1.271596540e+000 1.964044962e+000 
1.193598538e+000 1.950693205e+000 
1.139691781e+000 1.937666067e+000 
1.164659106e+000 1.944247768e+000 
1.156812270e+000 1.942718530e+000 
1.318609253e+000 1.968569001e+000 
1.142446219e+000 1.938483612e+000 
1.324172090e+000 1.969330951e+000 
1.168581424e+000 1.945509128e+000 
1.321131747e+000 1.968876282e+000 
1.192996020e+000 1.950430748e+000 
1.354208092e+000 1.972972472e+000 
1.194401376e+000 1.950860740e+000 
1.256329815e+000 1.961689619e+000 
1.249128010e+000 1.960475962e+000 
1.207161337e+000 1.953918472e+000 
1.337819930e+000 1.970534183e+000 
1.252454233e+000 1.961010162e+000 
1.272315841e+000 1.964233950e+000 
1.342516988e+000 1.971214593e+000 
1.168467488e+000 1.945427818e+000 
1.193748264e+000 1.950728921e+000 
1.254478018e+000 1.961420840e+000 
1.194644437e+000 1.950984395e+000 
1.200652455e+000 1.952351679e+000 
1.186562071e+000 1.949277805e+000 
1.330225290e+000 1.969682862e+000 
1.330259094e+000 1.969816068e+000 
1.336046367e+000 1.970475546e+000 
1.326813673e+000 1.969544636e+000 
1.240212030e+000 1.958964687e+000 
1.238976779e+000 1.958696970e+000 
1.236585067e+000 1.958478994e+000 
1.237965038e+000 1.958662459e+000 
1.340551359e+000 1.970846281e+000 
1.307507376e+000 1.966832222e+000 
1.309782544e+000 1.967432519e+000 
1.308333992e+000 1.966958356e+000 
1.309197765e+000 1.967146392e+000 
1.304598170e+000 1.966420831e+000 
1.000129066e+000 1.000000099e+000 
1.000209091e+000 1.000000106e+000 
1.000075206e+000 1.000000051e+000 
9.999999999e-001 1.000000000e+000 
1.000152762e+000 1.000000100e+000 
1.000286279e+000 1.000000109e+000 
1.000431303e+000 1.000000157e+000 
1.000458875e+000 1.000000174e+000 
1.000379494e+000 1.000000120e+000 
1.000273169e+000 1.000000107e+000 
1.000299469e+000 1.000000117e+000 
1.000454352e+000 1.000000164e+000 
1.045938356e+000 1.076249662e+000 
1.046138719e+000 1.076354120e+000 
1.048363029e+000 1.077677870e+000 
1.048511698e+000 1.077815371e+000 
1.050125729e+000 1.078525235e+000 
1.049081291e+000 1.078136439e+000 
1.053944171e+000 1.080065844e+000 
1.053151593e+000 1.079803328e+000 
1.050448401e+000 1.078656542e+000 
1.051005272e+000 1.079009149e+000 
1.052201558e+000 1.079428706e+000 
1.049859200e+000 1.078353644e+000 
1.048453511e+000 1.077691940e+000 
1.052844273e+000 1.079675967e+000 
1.048061121e+000 1.077489666e+000 
1.059096237e+000 1.113202847e+000 
1.054068744e+000 1.110300392e+000 
1.055811040e+000 1.111226430e+000 
1.058575996e+000 1.112988276e+000 
1.057799758e+000 1.112324765e+000 
1.055718518e+000 1.111213077e+000 
1.057489397e+000 1.112267339e+000 
1.055024293e+000 1.110874024e+000 
1.001435595e+000 1.000298340e+000 
1.000955530e+000 1.000276501e+000 
1.001865125e+000 1.000307387e+000 
1.001524943e+000 1.000298994e+000 
1.001301587e+000 1.000290573e+000 
1.002104609e+000 1.000308377e+000 
1.001033689e+000 1.000276612e+000 
1.001129358e+000 1.000283557e+000 
1.001232823e+000 1.000286093e+000 
1.001059713e+000 1.000283410e+000 
1.001732853e+000 1.000300672e+000 
1.001047445e+000 1.000276737e+000 
1.001107967e+000 1.000283541e+000 
1.000818061e+000 1.000263040e+000 
1.001053389e+000 1.000276739e+000 
1.000868006e+000 1.000263045e+000 
1.000885411e+000 1.000269832e+000 
1.001377056e+000 1.000291895e+000 
1.001619388e+000 1.000299857e+000 
1.001643505e+000 1.000300018e+000 
1.001775778e+000 1.000306733e+000 
1.001530040e+000 1.000299203e+000 
1.001917242e+000 1.000307626e+000 
1.000983745e+000 1.000276607e+000 
1.001154159e+000 1.000284273e+000 
1.007239319e+000 1.000945137e+000 
1.004205997e+000 1.000879988e+000 
1.004004639e+000 1.000868678e+000 
1.003608961e+000 1.000857827e+000 
1.003798307e+000 1.000865724e+000 
1.003201271e+000 1.000843562e+000 
1.002341985e+000 1.000803543e+000 
1.002862821e+000 1.000825694e+000 
1.003016276e+000 1.000838977e+000 
1.003298599e+000 1.000843912e+000 
1.002500225e+000 1.000806345e+000 
1.002749642e+000 1.000822127e+000 
1.003635216e+000 1.000859694e+000 
1.003422181e+000 1.000847563e+000 
1.004465738e+000 1.000883073e+000 
1.003930176e+000 1.000866074e+000 
1.002146213e+000 1.000770292e+000 
1.002231638e+000 1.000789551e+000 
1.002934638e+000 1.000826712e+000 
1.005964669e+000 1.000932751e+000 
1.002332803e+000 1.000802725e+000 
1.004844473e+000 1.000899257e+000 
1.006772947e+000 1.000942241e+000 
1.002792009e+000 1.000822465e+000 
1.007398711e+000 1.000959545e+000 
1.005130944e+000 1.000903281e+000 
1.004550552e+000 1.000894425e+000 
1.002630215e+000 1.000808317e+000 
1.005438987e+000 1.000915704e+000 
1.005720940e+000 1.000920646e+000 
1.004265006e+000 1.000880383e+000 
1.004709360e+000 1.000898397e+000 
1.003791552e+000 1.000861872e+000 
1.004574609e+000 1.000895452e+000 
1.005687703e+000 1.000920507e+000 
1.004349543e+000 1.000881159e+000 
1.004612032e+000 1.000896614e+000 
1.034078410e+000 1.017746969e+000 
1.029592572e+000 1.016731738e+000 
1.028420822e+000 1.016325803e+000 
1.027150037e+000 1.015980704e+000 
1.033891121e+000 1.017725470e+000 
1.028207565e+000 1.016273838e+000 
1.031080429e+000 1.017108292e+000 
1.026060797e+000 1.015694659e+000 
1.025442169e+000 1.015400294e+000 
1.032689052e+000 1.017506007e+000 
1.032480847e+000 1.017470437e+000 
1.023555103e+000 1.014679442e+000 
1.024241969e+000 1.014970350e+000 
1.024519693e+000 1.015082557e+000 
1.036379301e+000 1.018259907e+000 
1.030047932e+000 1.016829639e+000 
1.027593923e+000 1.016085022e+000 
1.034826445e+000 1.017951530e+000 
1.374962049e+000 1.976676674e+000 
1.354220107e+000 1.973012155e+000 
1.893958510e+000 2.000000000e+000 
1.360059012e+000 1.974100499e+000 
1.369223117e+000 1.976088561e+000 
1.370599633e+000 1.976314306e+000 
1.347093800e+000 1.972260301e+000 
1.364060057e+000 1.975269403e+000 
1.364301118e+000 1.975310682e+000 
1.353497656e+000 1.972873077e+000 
1.371183149e+000 1.976537354e+000 
1.350416851e+000 1.972620069e+000 
1.339034606e+000 1.970623324e+000 
1.370584055e+000 1.976168276e+000 
1.363802613e+000 1.975101191e+000 
1.373077656e+000 1.976543959e+000 
1.444418795e+000 1.986005876e+000 
1.444451215e+000 1.986007280e+000 
1.462147618e+000 1.987294851e+000 
1.461263955e+000 1.987265869e+000 
1.375791238e+000 1.976911723e+000 
1.354697476e+000 1.973015976e+000 
1.453401600e+000 1.986601315e+000 
1.343152244e+000 1.971454155e+000 
1.366294729e+000 1.975400611e+000 
1.356414374e+000 1.973614614e+000 
1.377062947e+000 1.977209383e+000 
1.344454087e+000 1.971773798e+000 
1.348549284e+000 1.972588987e+000 
1.375050849e+000 1.976715921e+000 
1.839142462e+000 1.999650036e+000 
1.373169002e+000 1.976621747e+000 
1.341420065e+000 1.971050753e+000 
1.376172352e+000 1.976954747e+000 
1.354915842e+000 1.973050003e+000 
1.455922908e+000 1.986791763e+000 
1.351758715e+000 1.972802314e+000 
1.351166211e+000 1.972731762e+000 
1.379590506e+000 1.977368708e+000 
1.359871018e+000 1.973886139e+000 
1.362686825e+000 1.974661311e+000 
1.345777347e+000 1.972089403e+000 
1.358584570e+000 1.973735753e+000 
1.362419056e+000 1.974248760e+000 
1.784656520e+000 1.999318840e+000 
1.424343259e+000 1.983594364e+000 
1.375153458e+000 1.976900359e+000 
1.363665588e+000 1.974813495e+000 
1.451462954e+000 1.986459048e+000 
1.404734770e+000 1.981584014e+000 
1.339761659e+000 1.970689229e+000 
1.379259491e+000 1.977256628e+000 
1.381202897e+000 1.977884254e+000 
1.382906726e+000 1.978191068e+000 
1.383382004e+000 1.978255278e+000 
1.384750868e+000 1.978682730e+000 
1.888661395e+000 1.999985768e+000 
1.389245773e+000 1.979486439e+000 
1.384418798e+000 1.978476960e+000 
1.829864625e+000 1.999567580e+000 
1.388415078e+000 1.979138954e+000 
1.391340621e+000 1.979625608e+000 
1.390003097e+000 1.979505152e+000 
1.400260343e+000 1.981139771e+000 
1.391416576e+000 1.979705116e+000 
1.404009207e+000 1.981420588e+000 
1.395690416e+000 1.980402612e+000 
1.398567402e+000 1.981061377e+000 
1.401031047e+000 1.981184405e+000 
1.397073985e+000 1.980897097e+000 
1.886715473e+000 1.999984104e+000 
1.828818418e+000 1.999561375e+000 
1.366903798e+000 1.975528271e+000 
1.788193938e+000 1.999383887e+000 
1.425577062e+000 1.983815970e+000 
1.393297455e+000 1.979839974e+000 
1.358474893e+000 1.973729795e+000 
1.354961940e+000 1.973103461e+000 
1.463555992e+000 1.987317545e+000 
1.356196875e+000 1.973400402e+000 
1.391669254e+000 1.979788917e+000 
1.390118321e+000 1.979614362e+000 
1.394504712e+000 1.980057836e+000 
1.393461681e+000 1.980019520e+000 
1.414269093e+000 1.982750055e+000 
1.434856387e+000 1.984997745e+000 
1.447237237e+000 1.986069372e+000 
1.444204776e+000 1.985955292e+000 
1.444216635e+000 1.985962218e+000 
1.441138134e+000 1.985814200e+000 
1.409708596e+000 1.982364526e+000 
1.411421226e+000 1.982506103e+000 
1.415852751e+000 1.983126377e+000 
1.418065247e+000 1.983259109e+000 
1.411473103e+000 1.982565163e+000 
1.361962238e+000 1.974244576e+000 
1.414644359e+000 1.982935607e+000 
1.884710711e+000 1.999900678e+000 
1.421132399e+000 1.983522999e+000 
1.890815963e+000 1.999998376e+000 
1.427617968e+000 1.984428489e+000 
1.431722141e+000 1.984782922e+000 
1.429855042e+000 1.984673378e+000 
1.429109006e+000 1.984513586e+000 
1.431880420e+000 1.984840776e+000 
1.430296747e+000 1.984703185e+000 
1.870510064e+000 1.999711498e+000 
1.540913064e+000 1.992658968e+000 
1.435411251e+000 1.985027862e+000 
1.406395548e+000 1.981690453e+000 
1.436181535e+000 1.985073599e+000 
1.406734250e+000 1.981855536e+000 
1.408266978e+000 1.982112220e+000 
1.408898152e+000 1.982252494e+000 
1.459554761e+000 1.987153111e+000 
1.550757899e+000 1.993336026e+000 
1.458025491e+000 1.987086833e+000 
1.448054398e+000 1.986197747e+000 
1.463639098e+000 1.987450019e+000 
1.449096755e+000 1.986264255e+000 
1.438177354e+000 1.985320523e+000 
1.426132146e+000 1.983883758e+000 
1.426413229e+000 1.983932773e+000 
1.418728183e+000 1.983384229e+000 
1.872772041e+000 1.999749651e+000 
1.874368920e+000 1.999765515e+000 
1.877786395e+000 1.999828084e+000 
1.869718952e+000 1.999684625e+000 
1.875214412e+000 1.999783458e+000 
1.426970853e+000 1.984098645e+000 
1.876650072e+000 1.999794833e+000 
1.857895713e+000 1.999661986e+000 
1.613237682e+000 1.996273316e+000 
1.858115781e+000 1.999662565e+000 
1.575146090e+000 1.994669560e+000 
1.626909729e+000 1.996586169e+000 
1.824515389e+000 1.999452580e+000 
1.827262774e+000 1.999460253e+000 
1.824728100e+000 1.999457276e+000 
1.583700401e+000 1.995164465e+000 
1.581137839e+000 1.995088345e+000 
1.597160356e+000 1.995716122e+000 
1.777902485e+000 1.999304668e+000 
1.613133610e+000 1.996243094e+000 
1.546870394e+000 1.993159426e+000 
1.599715648e+000 1.995867317e+000 
1.818975929e+000 1.999388913e+000 
1.821332693e+000 1.999404448e+000 
1.567641832e+000 1.994257150e+000 
1.568547364e+000 1.994421234e+000 
1.586068997e+000 1.995222314e+000 
1.577427661e+000 1.994785260e+000 
1.514711043e+000 1.991420384e+000 
1.626532672e+000 1.996444725e+000 
1.618628748e+000 1.996345601e+000 
1.575469349e+000 1.994772158e+000 
1.770113110e+000 1.999199892e+000 
1.774591135e+000 1.999224513e+000 
1.589915235e+000 1.995368335e+000 
1.565116340e+000 1.994102374e+000 
1.773506304e+000 1.999219851e+000 
1.594073693e+000 1.995573547e+000 
1.457802393e+000 1.986912136e+000 
1.599310779e+000 1.995799753e+000 
1.767395812e+000 1.999146348e+000 
1.592523564e+000 1.995411155e+000 
1.596398912e+000 1.995634280e+000 
1.771614488e+000 1.999218923e+000 
1.466437940e+000 1.987802962e+000 
1.760335793e+000 1.999091284e+000 
1.785767993e+000 1.999342216e+000 
1.754518792e+000 1.999023363e+000 
1.741501689e+000 1.998852477e+000 
1.748837838e+000 1.998902073e+000 
1.751031394e+000 1.998949579e+000 
1.524259273e+000 1.992129907e+000 
1.482060771e+000 1.989180066e+000 
1.472417593e+000 1.988351911e+000 
1.755274779e+000 1.999072609e+000 
1.470247035e+000 1.988105496e+000 
1.483436186e+000 1.989278297e+000 
1.485020177e+000 1.989416418e+000 
1.478812539e+000 1.988970316e+000 
1.477505671e+000 1.988821910e+000 
1.479088019e+000 1.988980472e+000 
1.476321535e+000 1.988656355e+000 
1.751261099e+000 1.998985724e+000 
1.468450620e+000 1.987827809e+000 
1.735993951e+000 1.998831436e+000 
1.730804180e+000 1.998829845e+000 
1.726452522e+000 1.998786948e+000 
1.726455296e+000 1.998808705e+000 
1.722644405e+000 1.998770710e+000 
1.470917638e+000 1.988114897e+000 
1.469936697e+000 1.988048106e+000 
1.670596072e+000 1.997815998e+000 
1.716209008e+000 1.998677908e+000 
1.544271830e+000 1.993086084e+000 
1.749015514e+000 1.998944920e+000 
1.712678679e+000 1.998633842e+000 
1.673664576e+000 1.997834003e+000 
1.684953586e+000 1.998088957e+000 
1.669591903e+000 1.997791912e+000 
1.710499114e+000 1.998597933e+000 
1.529687300e+000 1.992477086e+000 
1.531059642e+000 1.992507410e+000 
1.708498273e+000 1.998591543e+000 
1.529501581e+000 1.992379049e+000 
1.719295099e+000 1.998681808e+000 
1.532797570e+000 1.992583675e+000 
1.681067650e+000 1.998007838e+000 
1.675299727e+000 1.997991471e+000 
1.705999387e+000 1.998531123e+000 
1.704438794e+000 1.998509480e+000 
1.702013103e+000 1.998477101e+000 
1.692674429e+000 1.998303691e+000 
1.695930071e+000 1.998335551e+000 
1.518729691e+000 1.991811543e+000 
1.487188336e+000 1.989527688e+000 
1.514878403e+000 1.991603287e+000 
1.515086820e+000 1.991607604e+000 
1.684132733e+000 1.998019178e+000 
1.542417682e+000 1.993003071e+000 
1.691110065e+000 1.998188538e+000 
1.653540865e+000 1.997335601e+000 
1.654140168e+000 1.997342053e+000 
1.491880505e+000 1.989904948e+000 
1.494432812e+000 1.990169326e+000 
1.505209183e+000 1.990956182e+000 
1.500312740e+000 1.990539664e+000 
1.501966629e+000 1.990784336e+000 
1.504113299e+000 1.990856385e+000 
1.490659026e+000 1.989816483e+000 
1.647622293e+000 1.997195720e+000 
1.646892662e+000 1.997173911e+000 
1.510180928e+000 1.991277442e+000 
1.492919230e+000 1.989978579e+000 
1.500011934e+000 1.990496482e+000 
1.554527993e+000 1.993590354e+000 
1.557054798e+000 1.993763363e+000 
1.547417289e+000 1.993212166e+000 
1.548442964e+000 1.993255591e+000 
1.554052515e+000 1.993516837e+000 
1.562478351e+000 1.994034427e+000 
1.565967602e+000 1.994216928e+000 
1.552698331e+000 1.993510782e+000 
1.561737273e+000 1.993972208e+000 
1.571988286e+000 1.994552778e+000 
1.662557375e+000 1.997524587e+000 
1.665869177e+000 1.997612688e+000 
1.669109938e+000 1.997695900e+000 
1.643624749e+000 1.997038928e+000 
1.638490191e+000 1.996932780e+000 
1.637614855e+000 1.996890571e+000 
1.640312652e+000 1.996981127e+000 
1.633017875e+000 1.996806216e+000 
1.629798578e+000 1.996659733e+000 
1.625173682e+000 1.996442093e+000 
1.662008320e+000 1.997510746e+000 

