1.018863230e+000 1.028700887e+000 
1.017812952e+000 1.027365258e+000 
1.018272599e+000 1.028056541e+000 
1.000001164e+000 1.000061766e+000 
1.000701503e+000 1.000073781e+000 
1.000704225e+000 1.000074142e+000 
9.999999997e-001 1.000061647e+000 
1.000510602e+000 1.000072304e+000 
1.000951272e+000 1.000075774e+000 
1.000454457e+000 1.000072149e+000 
1.001148399e+000 1.000076036e+000 
1.000260834e+000 1.000070311e+000 
1.000635115e+000 1.000072637e+000 
1.001259300e+000 1.000076095e+000 
1.000882161e+000 1.000074269e+000 
1.000359576e+000 1.000070656e+000 
1.000109807e+000 1.000068663e+000 
1.001312170e+000 1.000076198e+000 
1.000417367e+000 1.000072110e+000 
1.000018362e+000 1.000061825e+000 
1.000303430e+000 1.000070594e+000 
1.000104642e+000 1.000067127e+000 
1.000089388e+000 1.000067082e+000 
1.000800245e+000 1.000074263e+000 
1.000553199e+000 1.000072587e+000 
1.000167599e+000 1.000070117e+000 
1.000049399e+000 1.000065255e+000 
1.000410892e+000 1.000070779e+000 
1.000090736e+000 1.000067119e+000 
1.000623396e+000 1.000072624e+000 
1.000083378e+000 1.000066787e+000 
1.161564791e+000 1.769372386e+000 
1.089132088e+000 1.698550794e+000 
1.095085924e+000 1.706411913e+000 
1.104716104e+000 1.717386141e+000 
1.108937602e+000 1.721375190e+000 
1.147706975e+000 1.758776826e+000 
1.282221920e+000 1.839245639e+000 
1.106001587e+000 1.718570509e+000 
1.150818870e+000 1.761369001e+000 
1.207555421e+000 1.798982829e+000 
1.208411688e+000 1.800121022e+000 
1.099174143e+000 1.710796459e+000 
1.126164728e+000 1.739487524e+000 
1.228324113e+000 1.811636306e+000 
1.091005757e+000 1.700201054e+000 
1.145516550e+000 1.756676530e+000 
1.263881400e+000 1.829957963e+000 
1.196209400e+000 1.793911737e+000 
1.117329123e+000 1.731451813e+000 
1.206609363e+000 1.798713799e+000 
1.118847077e+000 1.732823268e+000 
1.150696870e+000 1.761296835e+000 
1.183514134e+000 1.784268807e+000 
1.117084945e+000 1.731152305e+000 
1.116535044e+000 1.730686773e+000 
1.170966781e+000 1.776532092e+000 
1.143579173e+000 1.755174238e+000 
1.143635446e+000 1.755178013e+000 
1.149333824e+000 1.759855973e+000 
1.237801160e+000 1.817372953e+000 
1.154101613e+000 1.764049286e+000 
1.196874342e+000 1.794314888e+000 
1.096184631e+000 1.707565151e+000 
1.105692910e+000 1.718084710e+000 
1.146092487e+000 1.757290083e+000 
1.116499345e+000 1.730337369e+000 
1.225668172e+000 1.811295082e+000 
1.092164667e+000 1.702373258e+000 
1.235971508e+000 1.816500253e+000 
1.170162554e+000 1.775859217e+000 
1.140741390e+000 1.752954512e+000 
1.251440989e+000 1.824379297e+000 
1.103946657e+000 1.715902875e+000 
1.249869863e+000 1.823432454e+000 
1.247624732e+000 1.822222968e+000 
1.305186740e+000 1.849772067e+000 
1.100832192e+000 1.712790384e+000 
1.116135020e+000 1.729903651e+000 
1.107164082e+000 1.719750148e+000 
1.197750762e+000 1.795632932e+000 
1.207726530e+000 1.799701535e+000 
1.093262108e+000 1.703629362e+000 
1.178759511e+000 1.781066740e+000 
1.234790201e+000 1.816009988e+000 
1.119348231e+000 1.733464483e+000 
1.130115069e+000 1.743130195e+000 
1.134519494e+000 1.747146325e+000 
1.133635577e+000 1.746219440e+000 
1.099643645e+000 1.711619553e+000 
1.099107749e+000 1.710736321e+000 
1.131397762e+000 1.744474509e+000 
1.161168262e+000 1.769203964e+000 
1.087579198e+000 1.695023740e+000 
1.332014000e+000 1.857796818e+000 
1.145530400e+000 1.756770605e+000 
1.135359046e+000 1.747965906e+000 
1.135059728e+000 1.747510801e+000 
1.126512941e+000 1.739551338e+000 
1.161862203e+000 1.769688116e+000 
1.196917237e+000 1.794750995e+000 
1.130972445e+000 1.743890772e+000 
1.170651207e+000 1.776067550e+000 
1.116904528e+000 1.730755538e+000 
1.113760731e+000 1.727734654e+000 
1.101390546e+000 1.713278650e+000 
1.136669518e+000 1.749104556e+000 
1.198809197e+000 1.796800750e+000 
1.143742026e+000 1.755339849e+000 
1.214238966e+000 1.803218820e+000 
1.141102910e+000 1.753064293e+000 
1.229214333e+000 1.812248413e+000 
1.219342192e+000 1.805634153e+000 
1.116379199e+000 1.730203159e+000 
1.144341016e+000 1.755634023e+000 
1.139020671e+000 1.751188519e+000 
1.142674981e+000 1.754642119e+000 
1.100681370e+000 1.712553734e+000 
1.114605045e+000 1.728569329e+000 
1.111939681e+000 1.725601735e+000 
1.172447790e+000 1.777671266e+000 
1.138506812e+000 1.750900070e+000 
1.092785284e+000 1.703085231e+000 
1.251202721e+000 1.824059932e+000 
1.165090709e+000 1.772166550e+000 
1.162169441e+000 1.770374386e+000 
1.139706646e+000 1.751835565e+000 
1.308734408e+000 1.852140816e+000 
1.305974642e+000 1.850453991e+000 
1.160480713e+000 1.768538254e+000 
1.162955130e+000 1.770966444e+000 
1.197212261e+000 1.795441006e+000 
1.198215979e+000 1.795798553e+000 
1.112182056e+000 1.725688660e+000 
1.113666910e+000 1.727460077e+000 
1.093343351e+000 1.703696746e+000 
1.114583067e+000 1.728323406e+000 
1.267975120e+000 1.832491781e+000 
1.115450132e+000 1.729664289e+000 
1.215057053e+000 1.803398340e+000 
1.117778082e+000 1.731638268e+000 
1.198159707e+000 1.795794778e+000 
1.305254618e+000 1.850004933e+000 
1.332527937e+000 1.858619266e+000 
1.295734861e+000 1.846703161e+000 
1.307782514e+000 1.851316263e+000 
1.252574374e+000 1.825005433e+000 
1.283009021e+000 1.839954406e+000 
1.307209713e+000 1.851176537e+000 
1.253601391e+000 1.825243341e+000 
1.193354052e+000 1.792246242e+000 
1.308240463e+000 1.851782899e+000 
1.203822523e+000 1.798493537e+000 
1.284604435e+000 1.841288546e+000 
1.195011585e+000 1.793602855e+000 
1.253949422e+000 1.825729489e+000 
1.285099040e+000 1.841331893e+000 
1.352609129e+000 1.868438069e+000 
1.156512923e+000 1.765762037e+000 
1.154801440e+000 1.764277442e+000 
1.191700151e+000 1.791358092e+000 
1.391721024e+000 1.878860006e+000 
1.209831627e+000 1.800421923e+000 
1.212380857e+000 1.802247417e+000 
1.216713451e+000 1.805254761e+000 
1.355622159e+000 1.869705034e+000 
1.400665686e+000 1.883014984e+000 
1.390968770e+000 1.878206325e+000 
1.174113431e+000 1.778837720e+000 
1.318964737e+000 1.856495407e+000 
1.315473208e+000 1.855081808e+000 
1.398907888e+000 1.881817473e+000 
1.178901740e+000 1.781733911e+000 
1.377137367e+000 1.873866314e+000 
1.432815665e+000 1.894382533e+000 
1.321288623e+000 1.857590025e+000 
1.319960786e+000 1.857247471e+000 
1.220340643e+000 1.807678169e+000 
1.231266865e+000 1.813935832e+000 
1.428096332e+000 1.890885652e+000 
1.343253318e+000 1.864606595e+000 
1.230570316e+000 1.813673374e+000 
1.234456359e+000 1.815502250e+000 
1.312661219e+000 1.853762036e+000 
1.394084074e+000 1.879798131e+000 
1.256241217e+000 1.827112239e+000 
1.334448509e+000 1.860585471e+000 
1.340647055e+000 1.863170010e+000 
1.219541556e+000 1.807026540e+000 
1.260960794e+000 1.829612615e+000 
1.256621425e+000 1.827386865e+000 
1.433473267e+000 1.895101120e+000 
1.290447482e+000 1.843931415e+000 
1.290159868e+000 1.843730295e+000 
1.245508068e+000 1.821366036e+000 
1.313537852e+000 1.854166031e+000 
1.257636622e+000 1.829036548e+000 
1.181853887e+000 1.783789053e+000 
1.187686332e+000 1.788017458e+000 
1.271936882e+000 1.834714321e+000 
1.269726038e+000 1.834160400e+000 
1.257260112e+000 1.828065009e+000 
1.183734187e+000 1.784971362e+000 
1.185866403e+000 1.786449492e+000 
1.184936959e+000 1.785967613e+000 
1.342237120e+000 1.863820115e+000 
1.280381918e+000 1.838631345e+000 
1.279347357e+000 1.838352537e+000 
1.338920069e+000 1.862638518e+000 
1.313165533e+000 1.853900126e+000 
1.423529709e+000 1.890035048e+000 
1.398108533e+000 1.881813966e+000 
1.338294202e+000 1.862025729e+000 
1.409102693e+000 1.884673155e+000 
1.344041329e+000 1.865442112e+000 
1.341244594e+000 1.863597824e+000 
1.366773180e+000 1.871221780e+000 
1.385288369e+000 1.876073719e+000 
1.380987469e+000 1.874839591e+000 
1.367523162e+000 1.871958792e+000 
1.418905352e+000 1.887955935e+000 
1.406362423e+000 1.884484992e+000 
1.428106483e+000 1.892766121e+000 
1.301309191e+000 1.847976389e+000 
1.422416030e+000 1.888855055e+000 
1.265218215e+000 1.831233495e+000 
1.264891206e+000 1.831169535e+000 
1.332771922e+000 1.859800254e+000 
1.383887786e+000 1.875533923e+000 
1.425117761e+000 1.890832640e+000 
1.364990489e+000 1.870008603e+000 
1.366095251e+000 1.870485787e+000 
1.393175236e+000 1.879237501e+000 
1.386768263e+000 1.877103615e+000 
1.388457773e+000 1.877549809e+000 
1.415320164e+000 1.885532413e+000 
1.003613493e+000 1.001095336e+000 
1.003958317e+000 1.001099691e+000 
1.004738222e+000 1.001223838e+000 
1.004597523e+000 1.001203706e+000 
1.004011146e+000 1.001119916e+000 
1.004498967e+000 1.001179885e+000 
1.004923219e+000 1.001235550e+000 
1.004121818e+000 1.001126287e+000 
1.003957766e+000 1.001096764e+000 
1.003862832e+000 1.001096139e+000 
1.003808000e+000 1.001095546e+000 
1.004444134e+000 1.001179292e+000 
1.004906714e+000 1.001230399e+000 
1.004726530e+000 1.001207713e+000 
1.004714573e+000 1.001205009e+000 
1.004343101e+000 1.001178037e+000 
1.004460151e+000 1.001179340e+000 
1.004189712e+000 1.001153622e+000 
1.004244545e+000 1.001154216e+000 
1.082714900e+000 1.675269219e+000 
1.078997876e+000 1.669907451e+000 
1.083618799e+000 1.676217196e+000 
1.085350686e+000 1.678827656e+000 
1.083894591e+000 1.676745511e+000 
1.085044692e+000 1.678487461e+000 
1.084157185e+000 1.677218900e+000 
1.086288839e+000 1.679551560e+000 
1.019691079e+000 1.030324049e+000 
1.021475961e+000 1.032156562e+000 
1.020105480e+000 1.030721851e+000 
1.022417822e+000 1.032800909e+000 
1.019610855e+000 1.029818753e+000 
1.023278564e+000 1.033146872e+000 
1.019269189e+000 1.029197259e+000 
1.021061560e+000 1.031758759e+000 
1.020812414e+000 1.031387312e+000 
1.019343756e+000 1.029702554e+000 
1.023020741e+000 1.033087470e+000 
1.020056349e+000 1.030368015e+000 
1.020398014e+000 1.030989509e+000 
1.020719895e+000 1.031137265e+000 
1.023435141e+000 1.033485272e+000 
1.018811482e+000 1.028369457e+000 
1.023858959e+000 1.033545135e+000 
1.005014894e+000 1.002881351e+000 
1.005181027e+000 1.002959590e+000 
1.005276847e+000 1.002962405e+000 
1.004987531e+000 1.002875291e+000 
1.005052641e+000 1.002941930e+000 
1.005145560e+000 1.002951373e+000 
1.029114658e+000 1.038555812e+000 
1.039123511e+000 1.043527829e+000 
1.041685615e+000 1.044566329e+000 
1.043914772e+000 1.045320851e+000 
1.025228530e+000 1.035696309e+000 
1.046895547e+000 1.046647268e+000 
1.049123214e+000 1.047433858e+000 
1.026257455e+000 1.036549476e+000 
1.026649489e+000 1.036929106e+000 
1.025647993e+000 1.036205454e+000 
1.030385699e+000 1.039296948e+000 
1.048516699e+000 1.046965506e+000 
1.024024709e+000 1.034647614e+000 
1.039887866e+000 1.043685154e+000 
1.042610408e+000 1.044802543e+000 
1.024583068e+000 1.034895466e+000 
1.027300118e+000 1.037017904e+000 
1.036031111e+000 1.042295820e+000 
1.024280319e+000 1.034782815e+000 
1.027788103e+000 1.037541222e+000 
1.029758854e+000 1.039041372e+000 
1.038607123e+000 1.043448361e+000 
1.027679945e+000 1.037539421e+000 
1.037876128e+000 1.043004700e+000 
1.032787944e+000 1.040559400e+000 
1.024250279e+000 1.034738590e+000 
1.040183149e+000 1.043795144e+000 
1.037447103e+000 1.042779498e+000 
1.031820590e+000 1.040234448e+000 
1.044709688e+000 1.045723192e+000 
1.034297401e+000 1.041498844e+000 
1.032937815e+000 1.040898878e+000 
1.049908521e+000 1.047671619e+000 
1.032230865e+000 1.040438410e+000 
1.041306054e+000 1.044218417e+000 
1.031187133e+000 1.039837660e+000 
1.032116341e+000 1.040344877e+000 
1.031184036e+000 1.039799693e+000 
1.030793096e+000 1.039678874e+000 
1.056926306e+000 1.162549735e+000 
1.068448672e+000 1.173061996e+000 
1.050469699e+000 1.153692914e+000 
1.078843017e+000 1.180804792e+000 
1.059798927e+000 1.165639371e+000 
1.076965992e+000 1.179464898e+000 
1.078876298e+000 1.181171913e+000 
1.052336536e+000 1.156096835e+000 
1.069244743e+000 1.173760112e+000 
1.056184812e+000 1.161855991e+000 
1.055567389e+000 1.161232730e+000 
1.051789026e+000 1.155720771e+000 
1.053439319e+000 1.158314064e+000 
1.059152820e+000 1.165187810e+000 
1.075362798e+000 1.178620790e+000 
1.070290178e+000 1.174565790e+000 
1.064075903e+000 1.169587129e+000 
1.078071785e+000 1.180559509e+000 
1.067939731e+000 1.172983287e+000 
1.052721812e+000 1.157045514e+000 
1.054644017e+000 1.160070750e+000 
1.053360691e+000 1.157864130e+000 
1.055001570e+000 1.160294660e+000 
1.066799266e+000 1.172059474e+000 
1.073847065e+000 1.177514746e+000 
1.075388153e+000 1.178687634e+000 
1.064627217e+000 1.170136725e+000 
1.061534868e+000 1.167146553e+000 
1.060386051e+000 1.166203016e+000 
1.062496581e+000 1.168111342e+000 
1.076448835e+000 1.179461482e+000 
1.071866555e+000 1.175858388e+000 
1.069417682e+000 1.173881072e+000 
1.007433274e+000 1.008319287e+000 
1.006635292e+000 1.007855541e+000 
1.006840865e+000 1.007994521e+000 
1.006928643e+000 1.008000732e+000 
1.007053413e+000 1.008134764e+000 
1.007987647e+000 1.008354284e+000 
1.007928545e+000 1.008327251e+000 
1.001384404e+000 1.000279504e+000 
1.001548862e+000 1.000279576e+000 
1.001342089e+000 1.000272183e+000 
1.001630178e+000 1.000280348e+000 
1.002006492e+000 1.000297799e+000 
1.003610478e+000 1.000327320e+000 
1.002108782e+000 1.000306602e+000 
1.002825511e+000 1.000317214e+000 
1.002698477e+000 1.000315579e+000 
1.003487811e+000 1.000326525e+000 
1.003298400e+000 1.000324812e+000 
1.003376754e+000 1.000325030e+000 
1.003256223e+000 1.000323897e+000 
1.002903864e+000 1.000317433e+000 
1.002403980e+000 1.000306890e+000 
1.001684698e+000 1.000288554e+000 
1.002801022e+000 1.000317048e+000 
1.003563076e+000 1.000327163e+000 
1.002668208e+000 1.000308931e+000 
1.001944869e+000 1.000297417e+000 
1.002444753e+000 1.000307959e+000 
1.001822993e+000 1.000289315e+000 
1.003442164e+000 1.000326284e+000 
1.002671598e+000 1.000308946e+000 
1.001770836e+000 1.000289297e+000 
1.006284279e+000 1.003687156e+000 
1.005868185e+000 1.003611411e+000 
1.006483851e+000 1.003694116e+000 
1.006595456e+000 1.003699051e+000 
1.005857046e+000 1.003606291e+000 
1.006273140e+000 1.003682037e+000 
1.005694136e+000 1.003542869e+000 
1.005397881e+000 1.003463789e+000 
1.005409020e+000 1.003473874e+000 
1.005716660e+000 1.003547804e+000 
1.006132754e+000 1.003623549e+000 
1.006468080e+000 1.003692334e+000 
1.005591744e+000 1.003542625e+000 
1.005991640e+000 1.003616346e+000 
1.006407734e+000 1.003692091e+000 
1.005309038e+000 1.003382162e+000 
1.008383546e+000 1.013691241e+000 
1.014880432e+000 1.016533310e+000 
1.014429141e+000 1.016509915e+000 
1.015145409e+000 1.016605406e+000 
1.015717806e+000 1.016868650e+000 
1.010847692e+000 1.015139372e+000 
1.010251767e+000 1.014805335e+000 
1.010128503e+000 1.014520026e+000 
1.009250104e+000 1.014130904e+000 
1.009504600e+000 1.014421450e+000 
1.013045874e+000 1.016063416e+000 
1.012953640e+000 1.015848506e+000 
1.010783855e+000 1.015089496e+000 
1.008031251e+000 1.013397590e+000 
1.011379780e+000 1.015423532e+000 
1.010027615e+000 1.014485095e+000 
1.013874788e+000 1.016190908e+000 
1.009689703e+000 1.014462934e+000 
1.010703058e+000 1.014828730e+000 
1.016596915e+000 1.017211051e+000 
1.011012551e+000 1.015164804e+000 
1.008748430e+000 1.014079049e+000 
1.013383786e+000 1.016085577e+000 
1.013761409e+000 1.016189675e+000 
1.017266554e+000 1.017531292e+000 
1.010575153e+000 1.014821668e+000 
1.011350462e+000 1.015186965e+000 
1.010589678e+000 1.014827496e+000 
1.015778757e+000 1.016874478e+000 
1.016299084e+000 1.017188890e+000 
1.012840261e+000 1.015847273e+000 
1.015328804e+000 1.016846489e+000 
1.508974690e+000 1.941231564e+000 
1.869077984e+000 1.998970809e+000 
1.760672960e+000 1.993648908e+000 
1.904247617e+000 2.000000000e+000 
1.511590671e+000 1.942222707e+000 
1.714169576e+000 1.988577869e+000 
1.763266831e+000 1.993866196e+000 
1.875085527e+000 1.999462369e+000 
1.451361523e+000 1.914002947e+000 
1.522067247e+000 1.946239298e+000 
1.729249096e+000 1.990288070e+000 
1.499464171e+000 1.937171726e+000 
1.525060825e+000 1.947420036e+000 
1.436128012e+000 1.899757213e+000 
1.448968328e+000 1.912262869e+000 
1.452351850e+000 1.914315894e+000 
1.436720209e+000 1.900263323e+000 
1.449529113e+000 1.913157210e+000 
1.719198384e+000 1.988579619e+000 
1.677294556e+000 1.982765722e+000 
1.449735598e+000 1.913262546e+000 
1.903660811e+000 1.999721739e+000 
1.452519497e+000 1.914445399e+000 
1.447239353e+000 1.910267731e+000 
1.450461945e+000 1.913599551e+000 
1.676593980e+000 1.982572983e+000 
1.447949648e+000 1.911706818e+000 
1.448478095e+000 1.911955332e+000 
1.592146050e+000 1.966998966e+000 
1.465143807e+000 1.921853328e+000 
1.511028180e+000 1.941886354e+000 
1.525658431e+000 1.948069324e+000 
1.436302006e+000 1.899779476e+000 
1.523569338e+000 1.947210157e+000 
1.777554087e+000 1.994793775e+000 
1.609669693e+000 1.971535060e+000 
1.518158894e+000 1.944915825e+000 
1.517303223e+000 1.944798570e+000 
1.733386326e+000 1.991248289e+000 
1.464976731e+000 1.921552132e+000 
1.437333229e+000 1.901583225e+000 
1.437087881e+000 1.900690659e+000 
1.449723845e+000 1.913244418e+000 
1.700877127e+000 1.986565430e+000 
1.458677413e+000 1.917410995e+000 
1.456984582e+000 1.916982844e+000 
1.465246666e+000 1.922153174e+000 
1.466221797e+000 1.922456832e+000 
1.514756708e+000 1.943880338e+000 
1.458699443e+000 1.917460849e+000 
1.455168704e+000 1.916125520e+000 
1.484888916e+000 1.930906048e+000 
1.521525647e+000 1.946092451e+000 
1.453332621e+000 1.915000418e+000 
1.729702874e+000 1.990663891e+000 
1.466390994e+000 1.922635075e+000 
1.739421242e+000 1.991575378e+000 
1.437328046e+000 1.901313275e+000 
1.454661546e+000 1.915718537e+000 
1.729583711e+000 1.990305028e+000 
1.453360288e+000 1.915172470e+000 
1.442124419e+000 1.906411251e+000 
1.442811545e+000 1.906719661e+000 
1.446446263e+000 1.908836574e+000 
1.446473698e+000 1.910122403e+000 
1.443975522e+000 1.907942981e+000 
1.641856417e+000 1.977420546e+000 
1.737910324e+000 1.991556932e+000 
1.445288438e+000 1.908268480e+000 
1.736346553e+000 1.991476930e+000 
1.446351226e+000 1.908756046e+000 
1.447493861e+000 1.910777090e+000 
1.899453911e+000 1.999563129e+000 
1.900027901e+000 1.999711508e+000 
1.439707491e+000 1.904101818e+000 
1.522574248e+000 1.946919989e+000 
1.480821337e+000 1.930094881e+000 
1.481884125e+000 1.930561860e+000 
1.439211777e+000 1.903544875e+000 
1.699555303e+000 1.986515846e+000 
1.524829207e+000 1.947318890e+000 
1.438888957e+000 1.903448238e+000 
1.763535329e+000 1.994091857e+000 
1.765251895e+000 1.994254964e+000 
1.765344024e+000 1.994304065e+000 
1.439143323e+000 1.903479534e+000 
1.766110673e+000 1.994539951e+000 
1.477753507e+000 1.928036045e+000 
1.452663755e+000 1.914525380e+000 
1.707878236e+000 1.987949843e+000 
1.441060211e+000 1.905006657e+000 
1.438521043e+000 1.903252061e+000 
1.440350601e+000 1.904346013e+000 
1.723964781e+000 1.989734499e+000 
1.477830975e+000 1.928742418e+000 
1.442908928e+000 1.906749917e+000 
1.478553576e+000 1.929105986e+000 
1.487409053e+000 1.932356720e+000 
1.479672765e+000 1.929689109e+000 
1.801374007e+000 1.996125399e+000 
1.456820639e+000 1.916456582e+000 
1.488388589e+000 1.933336710e+000 
1.494606609e+000 1.936350981e+000 
1.489880295e+000 1.933653133e+000 
1.721182817e+000 1.989603295e+000 
1.489064169e+000 1.933342646e+000 
1.489479703e+000 1.933565946e+000 
1.491849638e+000 1.935191667e+000 
1.476576824e+000 1.927898708e+000 
1.719934894e+000 1.988981617e+000 
1.534448985e+000 1.951750435e+000 
1.720648262e+000 1.989279560e+000 
1.527869414e+000 1.948351296e+000 
1.472355475e+000 1.926688957e+000 
1.532283945e+000 1.950982698e+000 
1.730567197e+000 1.990864157e+000 
1.502190426e+000 1.939166351e+000 
1.531577092e+000 1.950284662e+000 
1.474882346e+000 1.927158971e+000 
1.472227867e+000 1.926422841e+000 
1.533067708e+000 1.951220570e+000 
1.471021923e+000 1.924704366e+000 
1.471496673e+000 1.926324794e+000 
1.534820645e+000 1.952006439e+000 
1.497000445e+000 1.936660524e+000 
1.724608905e+000 1.990116043e+000 
1.510054213e+000 1.941855868e+000 
1.506419571e+000 1.940672364e+000 
1.470439371e+000 1.924625145e+000 
1.504664673e+000 1.940386870e+000 
1.704912631e+000 1.987499006e+000 
1.872700574e+000 1.998995916e+000 
1.502268789e+000 1.939207802e+000 
1.702276991e+000 1.987166029e+000 
1.468276686e+000 1.923606712e+000 
1.707039026e+000 1.987862427e+000 
1.471421299e+000 1.925391244e+000 
1.464402740e+000 1.921172531e+000 
1.464617851e+000 1.921225930e+000 
1.464698894e+000 1.921306413e+000 
1.461623402e+000 1.920552119e+000 
1.701315159e+000 1.986579857e+000 
1.704677178e+000 1.987389814e+000 
1.705726845e+000 1.987591848e+000 
1.535393771e+000 1.952150869e+000 
1.712110033e+000 1.988505814e+000 
1.703740377e+000 1.987319618e+000 
1.460284032e+000 1.919557747e+000 
1.686886545e+000 1.984407098e+000 
1.458564220e+000 1.917265565e+000 
1.661787404e+000 1.980158099e+000 
1.693085144e+000 1.985782110e+000 
1.499477214e+000 1.937675642e+000 
1.499493157e+000 1.938050322e+000 
1.494432933e+000 1.935617036e+000 
1.497416070e+000 1.937061959e+000 
1.496590503e+000 1.936393461e+000 
1.493716963e+000 1.935564729e+000 
1.528090948e+000 1.949199226e+000 
1.528978917e+000 1.949874718e+000 
1.492986120e+000 1.935494121e+000 
1.863746854e+000 1.998565523e+000 
1.530764493e+000 1.950278429e+000 
1.486037824e+000 1.931677796e+000 
1.863447301e+000 1.998455881e+000 
1.485384199e+000 1.931140635e+000 
1.512057601e+000 1.942282990e+000 
1.697336650e+000 1.986376752e+000 
1.513621502e+000 1.943217552e+000 
1.512223758e+000 1.943052136e+000 
1.514104437e+000 1.943553073e+000 
1.538303227e+000 1.953988161e+000 
1.557197492e+000 1.958974633e+000 
1.518600628e+000 1.945505535e+000 
1.867769332e+000 1.998682374e+000 
1.469500776e+000 1.923888080e+000 
1.867501473e+000 1.998573141e+000 
1.522502498e+000 1.946310853e+000 
1.467019428e+000 1.922749959e+000 
1.557743481e+000 1.959102664e+000 
1.642833323e+000 1.977427356e+000 
1.643083788e+000 1.977834995e+000 
1.558302068e+000 1.959212629e+000 
1.555205353e+000 1.958902222e+000 
1.691554846e+000 1.985498864e+000 
1.573429932e+000 1.963509515e+000 
1.686943567e+000 1.984689289e+000 
1.687562849e+000 1.984958673e+000 
1.898143206e+000 1.999514538e+000 
1.632013866e+000 1.976174508e+000 
1.636384221e+000 1.976745093e+000 
1.558328779e+000 1.959632446e+000 
1.678469574e+000 1.983621039e+000 
1.679007609e+000 1.984090927e+000 
1.680503770e+000 1.984197275e+000 
1.559615183e+000 1.959960551e+000 
1.845869015e+000 1.998216493e+000 
1.856397458e+000 1.998382762e+000 
1.853070282e+000 1.998368131e+000 
1.746856877e+000 1.991947862e+000 
1.582443790e+000 1.965817532e+000 
1.576910292e+000 1.964700030e+000 
1.577584417e+000 1.964809489e+000 
1.574502928e+000 1.964590878e+000 
1.580818206e+000 1.965496809e+000 
1.553664491e+000 1.958759238e+000 
1.550097484e+000 1.958348588e+000 
1.566785565e+000 1.962674122e+000 
1.567037636e+000 1.962848030e+000 
1.544850048e+000 1.956024944e+000 
1.543370864e+000 1.955840941e+000 
1.540601303e+000 1.954490505e+000 
1.541159280e+000 1.954776498e+000 
1.544135484e+000 1.955985248e+000 
1.547782507e+000 1.957327166e+000 
1.541332470e+000 1.955494030e+000 
1.553237454e+000 1.958363041e+000 
1.546403325e+000 1.956612465e+000 
1.662342279e+000 1.980301505e+000 
1.564131079e+000 1.961661336e+000 
1.599558260e+000 1.970255286e+000 
1.571715939e+000 1.963410999e+000 
1.602070951e+000 1.970389482e+000 
1.565216597e+000 1.962216422e+000 
1.561286878e+000 1.960653361e+000 
1.597082559e+000 1.969414450e+000 
1.594098924e+000 1.968346409e+000 
1.561076048e+000 1.960505838e+000 
1.595189107e+000 1.968426890e+000 
1.598828915e+000 1.969974485e+000 
1.595609518e+000 1.968673268e+000 
1.841361033e+000 1.997892785e+000 
1.563873415e+000 1.961522076e+000 
1.587985557e+000 1.966996686e+000 
1.584741047e+000 1.966136410e+000 
1.583707177e+000 1.966016567e+000 
1.849420377e+000 1.998233361e+000 
1.853044173e+000 1.998322438e+000 
1.844301043e+000 1.998012257e+000 
1.595672559e+000 1.968851671e+000 
1.835988232e+000 1.997574407e+000 
1.830075782e+000 1.997199020e+000 
1.791634994e+000 1.995748404e+000 
1.788644422e+000 1.995483076e+000 
1.791858734e+000 1.996011310e+000 
1.644728660e+000 1.977965370e+000 
1.790720874e+000 1.995583697e+000 
1.823337585e+000 1.997140158e+000 
1.790508162e+000 1.995572275e+000 
1.814949506e+000 1.996374138e+000 
1.817129572e+000 1.996692018e+000 
1.810775236e+000 1.996320906e+000 
1.636377642e+000 1.976717320e+000 
1.815433900e+000 1.996602512e+000 
1.830393838e+000 1.997259141e+000 
1.822720925e+000 1.996966043e+000 
1.821168350e+000 1.996703812e+000 
1.785108399e+000 1.995194673e+000 
1.759209428e+000 1.993490214e+000 
1.606545114e+000 1.971460577e+000 
1.759401434e+000 1.993555255e+000 
1.606828283e+000 1.971525132e+000 
1.863308409e+000 1.998387538e+000 
1.630598580e+000 1.975440740e+000 
1.633189921e+000 1.976199037e+000 
1.624278127e+000 1.974710777e+000 
1.620518625e+000 1.973953981e+000 
1.669356293e+000 1.982162246e+000 
1.648517672e+000 1.978777325e+000 
1.644989840e+000 1.978272414e+000 
1.755394983e+000 1.993184325e+000 
1.678290702e+000 1.983534728e+000 
1.677547685e+000 1.983504040e+000 
1.757182132e+000 1.993462404e+000 
1.752498900e+000 1.992862794e+000 
1.670582330e+000 1.982343033e+000 
1.628054294e+000 1.975195960e+000 
1.622025682e+000 1.974288824e+000 
1.619768205e+000 1.973621369e+000 
1.749112175e+000 1.992589411e+000 
1.742114088e+000 1.991768971e+000 
1.617838147e+000 1.973328624e+000 
1.612999687e+000 1.972562568e+000 
1.664672013e+000 1.981119556e+000 
1.666461338e+000 1.981790360e+000 
1.664995727e+000 1.981471968e+000 
1.664876429e+000 1.981137787e+000 
1.662471263e+000 1.980889558e+000 
1.615439664e+000 1.973160145e+000 
1.639420701e+000 1.977318225e+000 
1.745410060e+000 1.991879593e+000 
1.746010984e+000 1.991927334e+000 
1.650693911e+000 1.978944308e+000 
1.651200463e+000 1.979073835e+000 
1.653482462e+000 1.979424073e+000 
1.654329045e+000 1.979472762e+000 
1.652575000e+000 1.979229791e+000 
1.657468253e+000 1.980031910e+000 
1.687402192e+000 1.984782979e+000 
1.432784963e+000 1.892807254e+000 

