1.003431675e+000 1.010970227e+000 
1.003019776e+000 1.010858529e+000 
1.002949669e+000 1.010436859e+000 
1.003650865e+000 1.011116347e+000 
1.009087133e+000 1.052439408e+000 
1.004800129e+000 1.025192809e+000 
1.004938907e+000 1.025832376e+000 
1.004488280e+000 1.024351916e+000 
1.006108462e+000 1.027615618e+000 
1.005095294e+000 1.025955075e+000 
1.006443054e+000 1.028164229e+000 
1.006809884e+000 1.028408303e+000 
1.006221010e+000 1.027639937e+000 
1.005774661e+000 1.026953696e+000 
1.007527665e+000 1.029582182e+000 
1.004716551e+000 1.025044404e+000 
1.005340402e+000 1.026060886e+000 
1.004644667e+000 1.024474615e+000 
1.005281673e+000 1.026038342e+000 
1.005387848e+000 1.026736900e+000 
1.007706479e+000 1.029694861e+000 
1.007896388e+000 1.029773073e+000 
1.007031929e+000 1.028932595e+000 
1.005218306e+000 1.026027846e+000 
1.005544236e+000 1.026859599e+000 
1.006789588e+000 1.028342637e+000 
1.007221838e+000 1.029010806e+000 
1.007786065e+000 1.029766825e+000 
1.006599678e+000 1.028244720e+000 
1.006017626e+000 1.027482601e+000 
1.009068699e+000 1.041436477e+000 
1.011838017e+000 1.386346971e+000 
1.011935578e+000 1.387057535e+000 
1.041161576e+000 1.917677696e+000 
1.017485873e+000 1.881850551e+000 
1.027490352e+000 1.900091684e+000 
1.065636030e+000 1.939838084e+000 
1.014947184e+000 1.876108633e+000 
1.018259410e+000 1.884137172e+000 
1.025604487e+000 1.897293864e+000 
1.019868063e+000 1.887520725e+000 
1.018753304e+000 1.885265126e+000 
1.038922989e+000 1.915478390e+000 
1.102452361e+000 1.954421725e+000 
1.013582079e+000 1.872606003e+000 
1.012120261e+000 1.866291016e+000 
1.014383923e+000 1.874473200e+000 
1.023743855e+000 1.894346934e+000 
1.067599851e+000 1.941077424e+000 
1.012843803e+000 1.870064254e+000 
1.026922614e+000 1.899025600e+000 
1.026131890e+000 1.898022763e+000 
1.027863962e+000 1.900283882e+000 
1.029160783e+000 1.901643834e+000 
1.013251386e+000 1.870986386e+000 
1.016844774e+000 1.880223159e+000 
1.018084458e+000 1.883579089e+000 
1.024883421e+000 1.896181398e+000 
1.058716601e+000 1.935192599e+000 
1.022853645e+000 1.892953988e+000 
1.022553863e+000 1.892692901e+000 
1.047987560e+000 1.925617904e+000 
1.069688431e+000 1.942385299e+000 
1.062158956e+000 1.937701053e+000 
1.063854636e+000 1.938847296e+000 
1.033395004e+000 1.908228952e+000 
1.037958674e+000 1.914595891e+000 
1.022080449e+000 1.891848622e+000 
1.074358595e+000 1.944161956e+000 
1.072928261e+000 1.943335280e+000 
1.012865716e+000 1.870518577e+000 
1.023134741e+000 1.893373495e+000 
1.023611549e+000 1.894075439e+000 
1.091619043e+000 1.951267184e+000 
1.062824286e+000 1.938323744e+000 
1.058923093e+000 1.935355323e+000 
1.031149913e+000 1.905060033e+000 
1.028522056e+000 1.901478108e+000 
1.017209078e+000 1.881108673e+000 
1.015526987e+000 1.877171612e+000 
1.030095847e+000 1.903325127e+000 
1.016964870e+000 1.880577448e+000 
1.037698873e+000 1.914066053e+000 
1.029805277e+000 1.903007704e+000 
1.012198732e+000 1.867739170e+000 
1.012688874e+000 1.869907112e+000 
1.028759191e+000 1.901534248e+000 
1.111907747e+000 1.957167159e+000 
1.053550574e+000 1.931248557e+000 
1.052104164e+000 1.930625816e+000 
1.056752918e+000 1.934401514e+000 
1.017290348e+000 1.881215786e+000 
1.038786691e+000 1.915301190e+000 
1.013024782e+000 1.870663355e+000 
1.066926475e+000 1.940665342e+000 
1.035331125e+000 1.911023637e+000 
1.015195914e+000 1.876377224e+000 
1.040040760e+000 1.917125905e+000 
1.020959152e+000 1.889625709e+000 
1.014261830e+000 1.874196504e+000 
1.013459986e+000 1.872329307e+000 
1.091271513e+000 1.950806928e+000 
1.022272767e+000 1.892273394e+000 
1.021722123e+000 1.891374094e+000 
1.019608852e+000 1.887289754e+000 
1.038399382e+000 1.915182853e+000 
1.027848417e+000 1.900248154e+000 
1.014874177e+000 1.875739041e+000 
1.037485160e+000 1.913825900e+000 
1.039311710e+000 1.916365596e+000 
1.090782626e+000 1.950591827e+000 
1.019822377e+000 1.887437172e+000 
1.021909896e+000 1.891555242e+000 
1.013832432e+000 1.873074769e+000 
1.023478411e+000 1.893978218e+000 
1.020431128e+000 1.888956264e+000 
1.015971066e+000 1.877901381e+000 
1.014076326e+000 1.873381505e+000 
1.015799099e+000 1.877881065e+000 
1.015649079e+000 1.877448309e+000 
1.039044627e+000 1.915742905e+000 
1.028068712e+000 1.900521378e+000 
1.027037009e+000 1.899134954e+000 
1.014198419e+000 1.873658201e+000 
1.012109678e+000 1.863092574e+000 
1.064535626e+000 1.939246483e+000 
1.074002175e+000 1.943387256e+000 
1.016339623e+000 1.878962763e+000 
1.043091795e+000 1.920575848e+000 
1.096135760e+000 1.953059593e+000 
1.017921156e+000 1.882736601e+000 
1.035121919e+000 1.910400946e+000 
1.041879316e+000 1.919114155e+000 
1.032583975e+000 1.907046223e+000 
1.087286721e+000 1.949252656e+000 
1.020863252e+000 1.889591383e+000 
1.023799509e+000 1.894411181e+000 
1.053720980e+000 1.931641033e+000 
1.019930672e+000 1.887640557e+000 
1.112327118e+000 1.957270467e+000 
1.032568430e+000 1.907010494e+000 
1.019047325e+000 1.885797952e+000 
1.113602262e+000 1.957693982e+000 
1.031940014e+000 1.906197335e+000 
1.034047818e+000 1.909203453e+000 
1.044490779e+000 1.921860188e+000 
1.095490950e+000 1.952340983e+000 
1.018025712e+000 1.882914597e+000 
1.049542031e+000 1.927892467e+000 
1.034191458e+000 1.909691141e+000 
1.050386082e+000 1.928620226e+000 
1.045278709e+000 1.922762252e+000 
1.034175913e+000 1.909655413e+000 
1.021184351e+000 1.890024346e+000 
1.046201055e+000 1.923924776e+000 
1.041346181e+000 1.918560185e+000 
1.055043188e+000 1.932898699e+000 
1.103604270e+000 1.955461352e+000 
1.037455979e+000 1.913613861e+000 
1.043423836e+000 1.921329906e+000 
1.123773852e+000 1.960336080e+000 
1.055275138e+000 1.933113987e+000 
1.035672497e+000 1.911433431e+000 
1.050227045e+000 1.928294179e+000 
1.030868917e+000 1.904568538e+000 
1.051069734e+000 1.929702811e+000 
1.047582244e+000 1.924846963e+000 
1.032063524e+000 1.906387768e+000 
1.037082233e+000 1.913204728e+000 
1.051973230e+000 1.930423370e+000 
1.036345649e+000 1.912334419e+000 
1.041224544e+000 1.918295670e+000 
1.092935286e+000 1.951580901e+000 
1.047154863e+000 1.924736807e+000 
1.033063157e+000 1.907904731e+000 
1.054364641e+000 1.932465831e+000 
1.048486933e+000 1.926369824e+000 
1.042969783e+000 1.920326286e+000 
1.065355063e+000 1.939348596e+000 
1.031570271e+000 1.905494641e+000 
1.018646517e+000 1.884664575e+000 
1.051117377e+000 1.929781951e+000 
1.049473483e+000 1.927621730e+000 
1.120199628e+000 1.959168435e+000 
1.094826906e+000 1.952239047e+000 
1.057794928e+000 1.934608783e+000 
1.060319527e+000 1.936793514e+000 
1.066778487e+000 1.940201429e+000 
1.046972702e+000 1.924284434e+000 
1.141779213e+000 1.964228539e+000 
1.036941071e+000 1.912986609e+000 
1.059765174e+000 1.936134690e+000 
1.045400346e+000 1.923026767e+000 
1.085956567e+000 1.948932113e+000 
1.107794550e+000 1.956359973e+000 
1.089158935e+000 1.950316620e+000 
1.119010213e+000 1.958684109e+000 
1.029710844e+000 1.902505054e+000 
1.084680990e+000 1.948272447e+000 
1.142147658e+000 1.964447916e+000 
1.049157826e+000 1.926987996e+000 
1.059283755e+000 1.936048280e+000 
1.137092652e+000 1.963597029e+000 
1.133365694e+000 1.962365401e+000 
1.112728757e+000 1.957370277e+000 
1.135390350e+000 1.963044657e+000 
1.047602753e+000 1.924998797e+000 
1.078459858e+000 1.945540628e+000 
1.080476423e+000 1.946505080e+000 
1.044295950e+000 1.921546784e+000 
1.078474439e+000 1.945895032e+000 
1.078946709e+000 1.945984899e+000 
1.119036710e+000 1.958813379e+000 
1.104338702e+000 1.955611986e+000 
1.087999441e+000 1.949743618e+000 
1.126747094e+000 1.960476575e+000 
1.127510278e+000 1.960858009e+000 
1.099207384e+000 1.954202076e+000 
1.117741261e+000 1.958639739e+000 
1.117052855e+000 1.958444045e+000 
1.092837130e+000 1.951302702e+000 
1.083171600e+000 1.947634411e+000 
1.110989914e+000 1.956891805e+000 
1.121919625e+000 1.959880838e+000 
1.076445435e+000 1.944872389e+000 
1.082205251e+000 1.947196106e+000 
1.090886409e+000 1.950757571e+000 
1.085040187e+000 1.948443681e+000 
1.115774543e+000 1.958210079e+000 
1.132678533e+000 1.961445512e+000 
1.003989639e+000 1.011957716e+000 
1.004110995e+000 1.012085072e+000 
1.004235865e+000 1.012371199e+000 
1.004379698e+000 1.012491221e+000 
1.003798738e+000 1.011669812e+000 
1.004044965e+000 1.012083295e+000 
1.008253894e+000 1.036625021e+000 
1.008298836e+000 1.036996293e+000 
1.008931451e+000 1.038152986e+000 
1.008104670e+000 1.036441759e+000 
1.002821634e+000 1.006715877e+000 
1.002871859e+000 1.006740266e+000 
1.002709761e+000 1.006695016e+000 
1.002058361e+000 1.006282851e+000 
1.002389309e+000 1.006519618e+000 
1.001932425e+000 1.006116967e+000 
1.002176755e+000 1.006320904e+000 
1.001691727e+000 1.005909265e+000 
1.001888722e+000 1.006109044e+000 
1.002219334e+000 1.006343454e+000 
1.002124147e+000 1.006316746e+000 
1.002362322e+000 1.006516524e+000 
1.002682774e+000 1.006691922e+000 
1.002296535e+000 1.006482630e+000 
1.002317492e+000 1.006484220e+000 
1.010752173e+000 1.378648451e+000 
1.009225920e+000 1.372511523e+000 
1.011151685e+000 1.380532224e+000 
1.011820857e+000 1.382201457e+000 
1.010523607e+000 1.377753863e+000 
1.010001191e+000 1.374329136e+000 
1.011557952e+000 1.381874658e+000 
1.010855200e+000 1.379404734e+000 
1.010030829e+000 1.375476776e+000 
1.011522045e+000 1.381603743e+000 
1.010095761e+000 1.376656012e+000 
1.009557514e+000 1.374162394e+000 
1.011220663e+000 1.380922766e+000 
1.010834091e+000 1.379113136e+000 
9.999999997e-001 1.000113587e+000 
1.001293094e+000 1.004394067e+000 
1.001126168e+000 1.004190972e+000 
1.001178775e+000 1.004214150e+000 
1.001352075e+000 1.004394988e+000 
1.001237756e+000 1.004215070e+000 
1.000936665e+000 1.003987876e+000 
1.000820301e+000 1.003765077e+000 
1.000923065e+000 1.003790882e+000 
1.001124902e+000 1.004190285e+000 
1.001606356e+000 1.004593846e+000 
1.000995645e+000 1.003988796e+000 
1.001464454e+000 1.004453833e+000 
1.001411846e+000 1.004430654e+000 
1.000879281e+000 1.003765997e+000 
1.000620200e+000 1.001338155e+000 
1.000351543e+000 1.001254512e+000 
1.000646877e+000 1.001338805e+000 
1.000161603e+000 1.001106596e+000 
1.000525596e+000 1.001290605e+000 
1.000498919e+000 1.001289955e+000 
1.000203506e+000 1.001116027e+000 
1.000743292e+000 1.001351312e+000 
1.000015436e+000 1.000888682e+000 
1.000716615e+000 1.001350662e+000 
1.000308098e+000 1.001183628e+000 
1.000026234e+000 1.001040531e+000 
1.000402607e+000 1.001256752e+000 
1.000284930e+000 1.001182202e+000 
1.000226776e+000 1.001182092e+000 
1.000158104e+000 1.001104887e+000 
1.000153356e+000 1.001092889e+000 
1.000218650e+000 1.001180383e+000 
1.213623623e+000 1.978678191e+000 
1.132351828e+000 1.961426058e+000 
1.188948716e+000 1.974861024e+000 
1.199879573e+000 1.977012382e+000 
1.202379884e+000 1.977657807e+000 
1.204105640e+000 1.977740382e+000 
1.196658717e+000 1.976188569e+000 
1.174544240e+000 1.971936757e+000 
1.572922441e+000 2.000000000e+000 
1.177203347e+000 1.972833432e+000 
1.181955949e+000 1.973620597e+000 
1.176155251e+000 1.972802621e+000 
1.175054875e+000 1.972459628e+000 
1.177547222e+000 1.973069865e+000 
1.176833452e+000 1.972805859e+000 
1.205742082e+000 1.977847032e+000 
1.191225305e+000 1.975586766e+000 
1.200348065e+000 1.977200459e+000 
1.208431757e+000 1.978474750e+000 
1.189248168e+000 1.975064750e+000 
1.197361573e+000 1.976569803e+000 
1.221455982e+000 1.979770197e+000 
1.222597837e+000 1.979840091e+000 
1.281546406e+000 1.987070988e+000 
1.295824271e+000 1.988310095e+000 
1.290158495e+000 1.988180579e+000 
1.192553870e+000 1.975782495e+000 
1.193854568e+000 1.976128776e+000 
1.284416975e+000 1.987770189e+000 
1.296860532e+000 1.988618327e+000 
1.192528650e+000 1.975699355e+000 
1.280320525e+000 1.986520435e+000 
1.339512436e+000 1.991617325e+000 
1.273846816e+000 1.986093999e+000 
1.263346296e+000 1.985495764e+000 
1.255099902e+000 1.984083125e+000 
1.197982787e+000 1.976992006e+000 
1.566891222e+000 1.999960417e+000 
1.206805354e+000 1.978162088e+000 
1.184906429e+000 1.973935001e+000 
1.337078000e+000 1.991562679e+000 
1.333523388e+000 1.991306203e+000 
1.223913140e+000 1.980170789e+000 
1.235437721e+000 1.981635026e+000 
1.564702351e+000 1.999942386e+000 
1.309196132e+000 1.989260369e+000 
1.179602575e+000 1.973303560e+000 
1.175313414e+000 1.972795522e+000 
1.171909615e+000 1.971707754e+000 
1.171114534e+000 1.971319550e+000 
1.313523323e+000 1.989646504e+000 
1.306558620e+000 1.989248707e+000 
1.166789197e+000 1.969975403e+000 
1.303669178e+000 1.988787316e+000 
1.559469684e+000 1.999929973e+000 
1.190107231e+000 1.975126364e+000 
1.155246888e+000 1.966797923e+000 
1.155461291e+000 1.967945201e+000 
1.216279432e+000 1.979316051e+000 
1.185646087e+000 1.974507419e+000 
1.559176648e+000 1.999929436e+000 
1.174564154e+000 1.972124145e+000 
1.179501451e+000 1.973216846e+000 
1.163172130e+000 1.969910269e+000 
1.159665374e+000 1.969504235e+000 
1.159151661e+000 1.969464846e+000 
1.160115732e+000 1.969594862e+000 
1.163136652e+000 1.969736754e+000 
1.156196267e+000 1.967967092e+000 
1.157423569e+000 1.969020031e+000 
1.197139695e+000 1.976280330e+000 
1.552968019e+000 1.999897415e+000 
1.164180190e+000 1.969974253e+000 
1.444242994e+000 1.997819861e+000 
1.555135411e+000 1.999916019e+000 
1.271307542e+000 1.985915614e+000 
1.267225425e+000 1.985782639e+000 
1.260968175e+000 1.985018544e+000 
1.250176207e+000 1.983807420e+000 
1.246928708e+000 1.983227766e+000 
1.247572452e+000 1.983269933e+000 
1.145983116e+000 1.965237554e+000 
1.151956232e+000 1.966243458e+000 
1.151495957e+000 1.966224785e+000 
1.145666486e+000 1.964932644e+000 
1.150447862e+000 1.966185067e+000 
1.252078248e+000 1.984028550e+000 
1.260073211e+000 1.984924737e+000 
1.256613900e+000 1.984356894e+000 
1.220211855e+000 1.979765348e+000 
1.460657356e+000 1.998527662e+000 
1.487905105e+000 1.999104473e+000 
1.149151641e+000 1.965817900e+000 
1.145265398e+000 1.964886170e+000 
1.148144734e+000 1.965274184e+000 
1.494104152e+000 1.999130549e+000 
1.525880782e+000 1.999891959e+000 
1.513821954e+000 1.999736264e+000 
1.524405689e+000 1.999795101e+000 
1.507546712e+000 1.999479204e+000 
1.508096961e+000 1.999532611e+000 
1.507799473e+000 1.999496298e+000 
1.481906050e+000 1.999042461e+000 
1.245323441e+000 1.982991635e+000 
1.473129279e+000 1.998984107e+000 
1.510816101e+000 1.999716176e+000 
1.463655941e+000 1.998577415e+000 
1.467668970e+000 1.998822857e+000 
1.482643957e+000 1.999055841e+000 
1.239955353e+000 1.982522318e+000 
1.236351288e+000 1.981667494e+000 
1.296132354e+000 1.988395841e+000 
1.296693315e+000 1.988613014e+000 
1.289800865e+000 1.988099921e+000 
1.456451324e+000 1.998211549e+000 
1.297985677e+000 1.988772293e+000 
1.275353244e+000 1.986237021e+000 
1.398720060e+000 1.995391196e+000 
1.280427082e+000 1.986948301e+000 
1.238289501e+000 1.981923760e+000 
1.243265528e+000 1.982615573e+000 
1.233141167e+000 1.981566639e+000 
1.225475757e+000 1.980300491e+000 
1.218393991e+000 1.979628825e+000 
1.258956522e+000 1.984587805e+000 
1.384229856e+000 1.994623175e+000 
1.227376528e+000 1.980762791e+000 
1.222748336e+000 1.980113981e+000 
1.231522468e+000 1.981169749e+000 
1.451161130e+000 1.998143831e+000 
1.431383868e+000 1.997600968e+000 
1.448036518e+000 1.997967642e+000 
1.457369146e+000 1.998226110e+000 
1.439634184e+000 1.997768544e+000 
1.428408916e+000 1.997402643e+000 
1.449573036e+000 1.998097418e+000 
1.384030256e+000 1.994610173e+000 
1.424425946e+000 1.997233478e+000 
1.421671271e+000 1.997217292e+000 
1.426573587e+000 1.997372011e+000 
1.273185229e+000 1.985970999e+000 
1.447518717e+000 1.997899108e+000 
1.388337908e+000 1.995028692e+000 
1.223688347e+000 1.980122671e+000 
1.392453449e+000 1.995305742e+000 
1.402464862e+000 1.996049546e+000 
1.326157678e+000 1.990586151e+000 
1.402225044e+000 1.995953338e+000 
1.413797119e+000 1.996971744e+000 
1.400465008e+000 1.995906797e+000 
1.438177133e+000 1.997745770e+000 
1.434849282e+000 1.997710770e+000 
1.180605652e+000 1.973320981e+000 
1.420971415e+000 1.997037119e+000 
1.343494377e+000 1.992154640e+000 
1.341091113e+000 1.991850415e+000 
1.347584062e+000 1.992520817e+000 
1.167401418e+000 1.970797559e+000 
1.407630954e+000 1.996319956e+000 
1.411655228e+000 1.996414686e+000 
1.335965606e+000 1.991355108e+000 
1.335714469e+000 1.991336702e+000 
1.347357195e+000 1.992303310e+000 
1.331379932e+000 1.991241081e+000 
1.350322518e+000 1.992640401e+000 
1.412695563e+000 1.996633133e+000 
1.345795516e+000 1.992254993e+000 
1.413785955e+000 1.996832346e+000 
1.360981767e+000 1.993203801e+000 
1.327379918e+000 1.990862228e+000 
1.270687087e+000 1.985790384e+000 
1.491257878e+000 1.999126727e+000 
1.495880310e+000 1.999132758e+000 
1.321354499e+000 1.990545863e+000 
1.496609835e+000 1.999133002e+000 
1.505946656e+000 1.999398584e+000 
1.496694414e+000 1.999172875e+000 
1.319428365e+000 1.990178036e+000 
1.313869419e+000 1.989901063e+000 
1.317475838e+000 1.990152085e+000 
1.311669122e+000 1.989619730e+000 
1.314953746e+000 1.989959392e+000 
1.320481388e+000 1.990274000e+000 
1.459795374e+000 1.998398782e+000 
1.391894480e+000 1.995080947e+000 
1.356644462e+000 1.993008071e+000 
1.380029353e+000 1.994556000e+000 
1.362606931e+000 1.993260806e+000 
1.363903233e+000 1.993486284e+000 
1.390694651e+000 1.995034309e+000 
1.382752391e+000 1.994598085e+000 
1.353606122e+000 1.992798105e+000 
1.336725937e+000 1.991434029e+000 
1.365269677e+000 1.993502150e+000 
1.369774133e+000 1.993764755e+000 
1.374684148e+000 1.994088722e+000 
1.375970561e+000 1.994171230e+000 
1.369766522e+000 1.993733124e+000 
1.376135514e+000 1.994173983e+000 

