1.005051238e+000 1.019629526e+000 
1.004315881e+000 1.018120598e+000 
1.005204204e+000 1.019683668e+000 
1.005600176e+000 1.019740018e+000 
1.004891098e+000 1.018462582e+000 
1.005547407e+000 1.019683959e+000 
1.002147681e+000 1.008110231e+000 
1.002884518e+000 1.009664591e+000 
1.002594586e+000 1.008845623e+000 
1.003197312e+000 1.009731456e+000 
1.002685260e+000 1.009035569e+000 
1.003379218e+000 1.009745250e+000 
1.002294510e+000 1.008829104e+000 
1.000003465e+000 1.000500850e+000 
1.000139134e+000 1.000508248e+000 
1.001453097e+000 1.003901400e+000 
1.002137655e+000 1.004002848e+000 
1.001506225e+000 1.003938242e+000 
1.001196756e+000 1.003608113e+000 
1.001972248e+000 1.003963602e+000 
1.001368492e+000 1.003901315e+000 
1.001298419e+000 1.003897323e+000 
1.001166081e+000 1.003553944e+000 
1.001301750e+000 1.003898996e+000 
1.027335314e+000 1.732909555e+000 
1.021772897e+000 1.723704424e+000 
1.044174167e+000 1.759727757e+000 
1.072966126e+000 1.794561806e+000 
1.046496876e+000 1.762929084e+000 
1.084155334e+000 1.807323887e+000 
1.071253906e+000 1.793505378e+000 
1.030205349e+000 1.738126983e+000 
1.055703483e+000 1.775249060e+000 
1.186745885e+000 1.886620477e+000 
1.134165494e+000 1.854862497e+000 
1.117561578e+000 1.839665209e+000 
1.049188200e+000 1.766991626e+000 
1.019650676e+000 1.717017518e+000 
1.044825621e+000 1.761185200e+000 
1.041246645e+000 1.755365766e+000 
1.147098775e+000 1.863486574e+000 
1.080897527e+000 1.804297646e+000 
1.029387117e+000 1.737143679e+000 
1.039097712e+000 1.752618046e+000 
1.161875763e+000 1.872176176e+000 
1.028734718e+000 1.735668155e+000 
1.030224973e+000 1.738550265e+000 
1.060415104e+000 1.781123113e+000 
1.075038786e+000 1.797562621e+000 
1.080370455e+000 1.803267791e+000 
1.044523351e+000 1.760333249e+000 
1.067280040e+000 1.788571549e+000 
1.076516523e+000 1.798737286e+000 
1.076006325e+000 1.798284996e+000 
1.069631608e+000 1.791706919e+000 
1.073857235e+000 1.796335421e+000 
1.042897490e+000 1.758384689e+000 
1.051988801e+000 1.770653309e+000 
1.046908461e+000 1.763164521e+000 
1.077255605e+000 1.800872690e+000 
1.050654679e+000 1.768940186e+000 
1.039398556e+000 1.752780339e+000 
1.078624547e+000 1.801410354e+000 
1.105096487e+000 1.829210369e+000 
1.025207977e+000 1.729008998e+000 
1.025661721e+000 1.730176845e+000 
1.059614326e+000 1.780071422e+000 
1.029686454e+000 1.737452247e+000 
1.105886630e+000 1.830124921e+000 
1.073006033e+000 1.795641682e+000 
1.130713549e+000 1.851242655e+000 
1.041755543e+000 1.755529817e+000 
1.122476320e+000 1.845757103e+000 
1.031616196e+000 1.740350918e+000 
1.047010697e+000 1.763426140e+000 
1.150321761e+000 1.866402094e+000 
1.045384836e+000 1.761477580e+000 
1.145177086e+000 1.863015633e+000 
1.054361106e+000 1.773215744e+000 
1.104591989e+000 1.828480152e+000 
1.098350588e+000 1.822931015e+000 
1.133713677e+000 1.853809791e+000 
1.087899004e+000 1.812585326e+000 
1.101282857e+000 1.825454585e+000 
1.164047493e+000 1.872943599e+000 
1.074438692e+000 1.796414478e+000 
1.105624495e+000 1.829467727e+000 
1.042872506e+000 1.757314326e+000 
1.132768940e+000 1.853012264e+000 
1.132607500e+000 1.852831998e+000 
1.110924055e+000 1.834360394e+000 
1.138109328e+000 1.858448576e+000 
1.144219202e+000 1.861931964e+000 
1.053424790e+000 1.771540771e+000 
1.057161707e+000 1.776877427e+000 
1.106736978e+000 1.830469611e+000 
1.184076874e+000 1.885172143e+000 
1.074950453e+000 1.796724836e+000 
1.091024018e+000 1.816542785e+000 
1.128973289e+000 1.849878284e+000 
1.132022709e+000 1.851974274e+000 
1.045987978e+000 1.762765187e+000 
1.145085994e+000 1.862125763e+000 
1.136603776e+000 1.856065997e+000 
1.127420805e+000 1.849686216e+000 
1.103369190e+000 1.827445494e+000 
1.093225859e+000 1.817952240e+000 
1.137103633e+000 1.857211179e+000 
1.135796798e+000 1.855307430e+000 
1.024694358e+000 1.728258331e+000 
1.047396499e+000 1.764274448e+000 
1.115129508e+000 1.838210252e+000 
1.125858647e+000 1.848218375e+000 
1.101477068e+000 1.826151148e+000 
1.033536382e+000 1.742765962e+000 
1.096600284e+000 1.821876397e+000 
1.115954179e+000 1.838282324e+000 
1.026452632e+000 1.730960995e+000 
1.047613839e+000 1.764713747e+000 
1.051483881e+000 1.769234813e+000 
1.035401194e+000 1.746246619e+000 
1.079831199e+000 1.802608763e+000 
1.080702590e+000 1.804044820e+000 
1.049914274e+000 1.767573823e+000 
1.198925957e+000 1.891232993e+000 
1.155321374e+000 1.867264735e+000 
1.028662864e+000 1.735123573e+000 
1.099419209e+000 1.823689711e+000 
1.089910882e+000 1.814109303e+000 
1.092398351e+000 1.817453987e+000 
1.201041806e+000 1.892326928e+000 
1.094872988e+000 1.820111523e+000 
1.022052305e+000 1.723939861e+000 
1.126408914e+000 1.848398350e+000 
1.037307516e+000 1.749227010e+000 
1.021386963e+000 1.722430599e+000 
1.063692176e+000 1.784274152e+000 
1.018117817e+000 1.715154050e+000 
1.033017487e+000 1.742091226e+000 
1.085796637e+000 1.810069042e+000 
1.156178280e+000 1.868271550e+000 
1.021169624e+000 1.721991301e+000 
1.045985070e+000 1.761713017e+000 
1.020735613e+000 1.720995256e+000 
1.160713638e+000 1.871188133e+000 
1.167918579e+000 1.875365946e+000 
1.037152900e+000 1.748665832e+000 
1.109033808e+000 1.832166964e+000 
1.203628275e+000 1.893763094e+000 
1.036314933e+000 1.747044289e+000 
1.198363601e+000 1.890904985e+000 
1.046793358e+000 1.762986841e+000 
1.116044737e+000 1.838811527e+000 
1.198214784e+000 1.890665994e+000 
1.116310299e+000 1.838922655e+000 
1.024879940e+000 1.728278856e+000 
1.022804047e+000 1.724591511e+000 
1.207324293e+000 1.895950337e+000 
1.143352062e+000 1.860704535e+000 
1.065629277e+000 1.786339895e+000 
1.070812198e+000 1.792901583e+000 
1.033923073e+000 1.743417872e+000 
1.070291631e+000 1.791850936e+000 
1.156128352e+000 1.868023302e+000 
1.210867733e+000 1.897228377e+000 
1.193387043e+000 1.888918258e+000 
1.075324457e+000 1.797916665e+000 
1.202023603e+000 1.892896261e+000 
1.213966914e+000 1.899262468e+000 
1.187788624e+000 1.887131588e+000 
1.086594897e+000 1.810122848e+000 
1.182142408e+000 1.883993992e+000 
1.100105899e+000 1.823822004e+000 
1.163984983e+000 1.872869151e+000 
1.130033642e+000 1.850659844e+000 
1.185635156e+000 1.885873461e+000 
1.189349100e+000 1.888207812e+000 
1.090939642e+000 1.814894138e+000 
1.116630303e+000 1.839547215e+000 
1.058986101e+000 1.778484874e+000 
1.124914115e+000 1.847367027e+000 
1.062624177e+000 1.782380715e+000 
1.181473831e+000 1.883532809e+000 
1.072245753e+000 1.794245654e+000 
1.121817998e+000 1.844768815e+000 
1.133254255e+000 1.853153348e+000 
1.191536901e+000 1.888619053e+000 
1.064001112e+000 1.784444573e+000 
1.051803184e+000 1.769456687e+000 
1.195430944e+000 1.890167336e+000 
1.168548571e+000 1.876349828e+000 
1.168525508e+000 1.875778278e+000 
1.162543163e+000 1.872542774e+000 
1.156509238e+000 1.868527805e+000 
1.082009329e+000 1.805088833e+000 
1.085153241e+000 1.808590121e+000 
1.177204158e+000 1.881449910e+000 
1.176426612e+000 1.879964750e+000 
1.210824738e+000 1.896477550e+000 
1.162710532e+000 1.872622353e+000 
1.158309550e+000 1.869326663e+000 
1.165328546e+000 1.874183797e+000 
1.114330013e+000 1.837095514e+000 
1.177128125e+000 1.880224100e+000 
1.000784936e+000 1.001505318e+000 
1.000524640e+000 1.001362313e+000 
1.000693155e+000 1.001501433e+000 
1.000488188e+000 1.001344365e+000 
1.001048026e+000 1.001665311e+000 
1.000223406e+000 1.001322695e+000 
1.000332743e+000 1.001340439e+000 
1.000838343e+000 1.001652404e+000 
1.000829607e+000 1.001513901e+000 
1.005774780e+000 1.123219184e+000 
1.000222840e+000 1.000620594e+000 
1.007421246e+000 1.132570148e+000 
1.006875075e+000 1.132170197e+000 
1.007552781e+000 1.132891489e+000 
1.005820639e+000 1.129417931e+000 
1.004249079e+000 1.016851693e+000 
1.003661823e+000 1.015364104e+000 
1.003975557e+000 1.016713210e+000 
1.004857628e+000 1.018436170e+000 
1.008030171e+000 1.183321112e+000 
1.009275692e+000 1.189781518e+000 
1.008184003e+000 1.185612141e+000 
1.009127043e+000 1.188952521e+000 
1.011301578e+000 1.195483607e+000 
1.017167970e+000 1.209232411e+000 
1.008885321e+000 1.187779912e+000 
1.008718674e+000 1.187399254e+000 
1.012639539e+000 1.199685974e+000 
1.010209940e+000 1.192930753e+000 
1.010766958e+000 1.195313017e+000 
1.008587189e+000 1.185703377e+000 
1.009936360e+000 1.190670409e+000 
1.013968163e+000 1.202355413e+000 
1.013394695e+000 1.200611147e+000 
1.012626058e+000 1.198983389e+000 
1.012367565e+000 1.198165626e+000 
1.013308195e+000 1.200561478e+000 
1.015200629e+000 1.204689878e+000 
1.015087731e+000 1.204642944e+000 
1.017570970e+000 1.209727163e+000 
1.016450920e+000 1.207813366e+000 
1.015693805e+000 1.205371071e+000 
1.016211630e+000 1.206841750e+000 
9.999999996e-001 1.000000000e+000 
1.756898130e+000 2.000000000e+000 
1.220078084e+000 1.901947798e+000 
1.219509136e+000 1.900878509e+000 
1.224879528e+000 1.905408222e+000 
1.310887747e+000 1.945844936e+000 
1.736895917e+000 1.999800235e+000 
1.342030837e+000 1.957296919e+000 
1.343215929e+000 1.957564489e+000 
1.349288286e+000 1.959886076e+000 
1.274053199e+000 1.931149890e+000 
1.347556784e+000 1.959258724e+000 
1.362948852e+000 1.963948534e+000 
1.741417764e+000 1.999876542e+000 
1.241969805e+000 1.915518989e+000 
1.245366084e+000 1.917163301e+000 
1.243658014e+000 1.916806205e+000 
1.353718211e+000 1.960924625e+000 
1.313356373e+000 1.947594810e+000 
1.256377473e+000 1.924235463e+000 
1.252417568e+000 1.921934282e+000 
1.372324567e+000 1.965937786e+000 
1.351710423e+000 1.959940047e+000 
1.253935839e+000 1.922707664e+000 
1.746156132e+000 1.999961133e+000 
1.352492766e+000 1.960377920e+000 
1.311853806e+000 1.947319336e+000 
1.337739367e+000 1.956203025e+000 
1.306138223e+000 1.944467321e+000 
1.249821997e+000 1.920848721e+000 
1.344887632e+000 1.957784989e+000 
1.251498222e+000 1.921527971e+000 
1.306953109e+000 1.945098529e+000 
1.248427596e+000 1.919654613e+000 
1.250764788e+000 1.921059590e+000 
1.219249371e+000 1.900813123e+000 
1.220319348e+000 1.903482467e+000 
1.247034871e+000 1.918673409e+000 
1.249830062e+000 1.920938762e+000 
1.265534661e+000 1.927804499e+000 
1.241058791e+000 1.914254311e+000 
1.236287188e+000 1.913132430e+000 
1.744962600e+000 1.999898922e+000 
1.259717064e+000 1.925025435e+000 
1.267602385e+000 1.928428432e+000 
1.238474944e+000 1.913925629e+000 
1.223748091e+000 1.905061492e+000 
1.375218222e+000 1.967179112e+000 
1.260524797e+000 1.925246117e+000 
1.222961899e+000 1.904686852e+000 
1.226155768e+000 1.906506965e+000 
1.227384228e+000 1.907518375e+000 
1.230913025e+000 1.910783149e+000 
1.239666431e+000 1.914231285e+000 
1.219089358e+000 1.900809074e+000 
1.217717315e+000 1.899336128e+000 
1.233494824e+000 1.911722757e+000 
1.233779374e+000 1.911797795e+000 
1.219511803e+000 1.901449616e+000 
1.235191980e+000 1.912047112e+000 
1.323472402e+000 1.950627128e+000 
1.228587962e+000 1.908862785e+000 
1.232341159e+000 1.911213319e+000 
1.230671435e+000 1.910019886e+000 
1.400209035e+000 1.972710796e+000 
1.229192580e+000 1.909381682e+000 
1.212670649e+000 1.897791124e+000 
1.226182442e+000 1.907476431e+000 
1.391612911e+000 1.971748162e+000 
1.402254574e+000 1.973226266e+000 
1.409981810e+000 1.975245145e+000 
1.408377744e+000 1.974421801e+000 
1.404355379e+000 1.974259962e+000 
1.217903836e+000 1.899940632e+000 
1.323330155e+000 1.950246187e+000 
1.308378075e+000 1.945099785e+000 
1.379586858e+000 1.968769783e+000 
1.399370064e+000 1.972543684e+000 
1.390008175e+000 1.970626730e+000 
1.301181348e+000 1.943416513e+000 
1.381076222e+000 1.968815985e+000 
1.297864809e+000 1.941237922e+000 
1.393737353e+000 1.972288810e+000 
1.293201378e+000 1.939231673e+000 
1.382963118e+000 1.969001790e+000 
1.377078701e+000 1.967271054e+000 
1.400249101e+000 1.973029514e+000 
1.297966951e+000 1.941943514e+000 
1.384017920e+000 1.969270932e+000 
1.293638100e+000 1.941097347e+000 
1.304851225e+000 1.944198975e+000 
1.729510942e+000 1.999789243e+000 
1.541979923e+000 1.993544756e+000 
1.357441234e+000 1.962753180e+000 
1.315159694e+000 1.949662669e+000 
1.368544760e+000 1.965205697e+000 
1.365775677e+000 1.965092202e+000 
1.346313698e+000 1.959010083e+000 
1.547717100e+000 1.994196631e+000 
1.552496162e+000 1.994226010e+000 
1.352624175e+000 1.960815908e+000 
1.274797627e+000 1.931174873e+000 
1.275722333e+000 1.931474226e+000 
1.310504848e+000 1.945531007e+000 
1.555076062e+000 1.994948252e+000 
1.553840929e+000 1.994637353e+000 
1.725363590e+000 1.999710415e+000 
1.281654474e+000 1.934444567e+000 
1.279752203e+000 1.934314173e+000 
1.282328869e+000 1.934550666e+000 
1.278210503e+000 1.932865840e+000 
1.276912803e+000 1.932314750e+000 
1.288072477e+000 1.937602990e+000 
1.265309170e+000 1.926979011e+000 
1.263983492e+000 1.926824251e+000 
1.258980030e+000 1.924689022e+000 
1.262994028e+000 1.926406860e+000 
1.273153973e+000 1.930456185e+000 
1.269964788e+000 1.929264307e+000 
1.288856091e+000 1.937772545e+000 
1.704725695e+000 1.999486052e+000 
1.291744014e+000 1.939167743e+000 
1.289012069e+000 1.938206625e+000 
1.727089174e+000 1.999720589e+000 
1.652250957e+000 1.998869592e+000 
1.718554068e+000 1.999702247e+000 
1.283894824e+000 1.935294138e+000 
1.711844895e+000 1.999693629e+000 
1.323738552e+000 1.950763785e+000 
1.612216082e+000 1.998032983e+000 
1.605042776e+000 1.997826575e+000 
1.705205783e+000 1.999580672e+000 
1.587856606e+000 1.997161730e+000 
1.590512416e+000 1.997279068e+000 
1.599720809e+000 1.997721216e+000 
1.588090386e+000 1.997171904e+000 
1.423826787e+000 1.978089829e+000 
1.468615797e+000 1.985025146e+000 
1.425122716e+000 1.978657550e+000 
1.236061565e+000 1.912539257e+000 
1.710273800e+000 1.999637000e+000 
1.436429362e+000 1.980513210e+000 
1.710779520e+000 1.999664908e+000 
1.459874111e+000 1.984086872e+000 
1.461427965e+000 1.984310825e+000 
1.560152586e+000 1.995107603e+000 
1.579142743e+000 1.996620677e+000 
1.698276564e+000 1.999413268e+000 
1.652090689e+000 1.998666265e+000 
1.644969949e+000 1.998572288e+000 
1.641163125e+000 1.998334324e+000 
1.656531755e+000 1.998991717e+000 
1.598400672e+000 1.997593495e+000 
1.324955382e+000 1.951416872e+000 
1.334668365e+000 1.955654437e+000 
1.338014576e+000 1.956735697e+000 
1.330291229e+000 1.953732509e+000 
1.336973475e+000 1.955771383e+000 
1.562996452e+000 1.995135313e+000 
1.419526785e+000 1.977072819e+000 
1.371379851e+000 1.965803903e+000 
1.443259393e+000 1.981812485e+000 
1.441867099e+000 1.981640533e+000 
1.580429839e+000 1.996624377e+000 
1.448369870e+000 1.982057785e+000 
1.577746360e+000 1.996457059e+000 
1.449761104e+000 1.982665871e+000 
1.418775653e+000 1.976819791e+000 
1.417359151e+000 1.976222363e+000 
1.431758642e+000 1.980118092e+000 
1.631037928e+000 1.998206073e+000 
1.626524574e+000 1.998090390e+000 
1.434896956e+000 1.980248676e+000 
1.530315067e+000 1.992663782e+000 
1.523882062e+000 1.991861670e+000 
1.441267376e+000 1.981396836e+000 
1.448632532e+000 1.982384524e+000 
1.429855619e+000 1.979347045e+000 
1.515517373e+000 1.991638990e+000 
1.531874478e+000 1.992686466e+000 
1.468977255e+000 1.985035659e+000 
1.535907086e+000 1.993256631e+000 
1.510833521e+000 1.990917428e+000 
1.524315897e+000 1.992054282e+000 
1.526138368e+000 1.992575243e+000 
1.564228783e+000 1.995597242e+000 
1.565962384e+000 1.995699042e+000 
1.574722566e+000 1.996383304e+000 
1.569464573e+000 1.996265347e+000 
1.546089976e+000 1.993920098e+000 
1.546269101e+000 1.994061898e+000 
1.567495637e+000 1.995757110e+000 
1.500585510e+000 1.989424052e+000 
1.507502935e+000 1.989926356e+000 
1.510665022e+000 1.990510485e+000 
1.499600579e+000 1.989197752e+000 
1.510681701e+000 1.990551473e+000 
1.489789329e+000 1.988054925e+000 
1.486055770e+000 1.988018699e+000 
1.666016875e+000 1.999135290e+000 
1.666829099e+000 1.999202955e+000 
1.662813549e+000 1.999093376e+000 
1.672278375e+000 1.999224250e+000 
1.483612765e+000 1.987269833e+000 
1.481225339e+000 1.987196583e+000 
1.666427236e+000 1.999160968e+000 
1.475689913e+000 1.986242212e+000 
1.533374327e+000 1.993017227e+000 
1.479086125e+000 1.986755794e+000 
1.471090073e+000 1.985591764e+000 
1.632458352e+000 1.998289255e+000 
1.457529513e+000 1.983641154e+000 
1.474664636e+000 1.986051341e+000 
1.508538087e+000 1.990131240e+000 
1.629323588e+000 1.998111152e+000 
1.636696148e+000 1.998333675e+000 

