1.004774616e+000 1.003858662e+000 
1.032897636e+000 1.097794240e+000 
1.029462462e+000 1.095056413e+000 
1.032276393e+000 1.097623084e+000 
1.031532112e+000 1.096970673e+000 
1.030397502e+000 1.096079498e+000 
1.029970538e+000 1.095746446e+000 
1.028258887e+000 1.093912380e+000 
1.027901804e+000 1.093407482e+000 
1.032247080e+000 1.097529631e+000 
1.031912063e+000 1.097276222e+000 
1.032201384e+000 1.097504835e+000 
1.028155896e+000 1.093839548e+000 
1.033025013e+000 1.098121577e+000 
1.002321999e+000 1.001894960e+000 
1.002212570e+000 1.001889323e+000 
1.001824936e+000 1.001782364e+000 
1.001871375e+000 1.001787058e+000 
1.002064576e+000 1.001861962e+000 
1.003691538e+000 1.002035662e+000 
1.001696437e+000 1.001736558e+000 
1.003693845e+000 1.002036155e+000 
1.002039499e+000 1.001838448e+000 
1.002619195e+000 1.001924405e+000 
1.002174004e+000 1.001867600e+000 
1.004505631e+000 1.002092309e+000 
1.003751544e+000 1.002037044e+000 
1.004050406e+000 1.002064971e+000 
1.004334468e+000 1.002075047e+000 
1.002844093e+000 1.001955880e+000 
1.004179775e+000 1.002072204e+000 
1.003821151e+000 1.002040200e+000 
1.002644337e+000 1.001927329e+000 
1.004355648e+000 1.002076646e+000 
1.004458998e+000 1.002078202e+000 
1.004438912e+000 1.002076757e+000 
1.004397943e+000 1.002076650e+000 
1.002106871e+000 1.001861966e+000 
1.004329386e+000 1.002073664e+000 
1.002243589e+000 1.001889404e+000 
1.002414183e+000 1.001896025e+000 
1.003043217e+000 1.001978312e+000 
1.002559922e+000 1.001922887e+000 
1.001896452e+000 1.001810572e+000 
1.003563920e+000 1.002015499e+000 
1.002450493e+000 1.001917249e+000 
1.003585100e+000 1.002017099e+000 
1.002285885e+000 1.001889408e+000 
1.002484067e+000 1.001917330e+000 
1.002353018e+000 1.001895041e+000 
1.001938747e+000 1.001810576e+000 
1.002517626e+000 1.001922883e+000 
1.003127632e+000 1.001982754e+000 
1.050123884e+000 1.901727727e+000 
1.089481625e+000 1.924186532e+000 
1.242345355e+000 1.961518378e+000 
1.175764466e+000 1.949673733e+000 
1.120066046e+000 1.936091950e+000 
1.122874059e+000 1.936630657e+000 
1.144527606e+000 1.942493979e+000 
1.066673525e+000 1.913097998e+000 
1.115163154e+000 1.934478249e+000 
1.051596870e+000 1.903581937e+000 
1.232860731e+000 1.958824356e+000 
1.221333464e+000 1.958119447e+000 
1.119007617e+000 1.935825786e+000 
1.149997211e+000 1.943497660e+000 
1.055623096e+000 1.906398729e+000 
1.075861099e+000 1.917996301e+000 
1.076429086e+000 1.918245334e+000 
1.074661003e+000 1.917319567e+000 
1.084633959e+000 1.922135241e+000 
1.068460158e+000 1.914018526e+000 
1.116230891e+000 1.934867675e+000 
1.112386429e+000 1.933516264e+000 
1.315676630e+000 1.970160227e+000 
1.121359808e+000 1.936386349e+000 
1.064330847e+000 1.911809105e+000 
1.045879805e+000 1.899011516e+000 
1.067332676e+000 1.913430194e+000 
1.147973663e+000 1.943241285e+000 
1.267268465e+000 1.964873549e+000 
1.065256273e+000 1.912177494e+000 
1.093499675e+000 1.925441683e+000 
1.066528046e+000 1.912962918e+000 
1.204269229e+000 1.955249317e+000 
1.071765906e+000 1.915567519e+000 
1.077146203e+000 1.918613522e+000 
1.055190649e+000 1.906182830e+000 
1.040020124e+000 1.893545369e+000 
1.063358139e+000 1.911173191e+000 
1.072429826e+000 1.916078492e+000 
1.049097598e+000 1.901602274e+000 
1.082800918e+000 1.921094090e+000 
1.087458805e+000 1.923236773e+000 
1.063779949e+000 1.911433345e+000 
1.147831555e+000 1.942947762e+000 
1.120794671e+000 1.936171700e+000 
1.070898955e+000 1.915138661e+000 
1.051446582e+000 1.903503712e+000 
1.038998573e+000 1.892100682e+000 
1.036566873e+000 1.889730371e+000 
1.036796522e+000 1.889962391e+000 
1.092546865e+000 1.925389581e+000 
1.218391440e+000 1.957434942e+000 
1.046367591e+000 1.899322692e+000 
1.063680541e+000 1.911388951e+000 
1.079982140e+000 1.919865598e+000 
1.108862757e+000 1.932160598e+000 
1.162390970e+000 1.946960178e+000 
1.259454745e+000 1.964096673e+000 
1.047627516e+000 1.900297774e+000 
1.163479721e+000 1.947308971e+000 
1.090816180e+000 1.924662802e+000 
1.168454339e+000 1.948409906e+000 
1.140265553e+000 1.941174336e+000 
1.047173846e+000 1.899977264e+000 
1.094223295e+000 1.926163892e+000 
1.048579113e+000 1.901086549e+000 
1.084796489e+000 1.922153350e+000 
1.170040185e+000 1.948835094e+000 
1.103304099e+000 1.930282346e+000 
1.091374666e+000 1.924835074e+000 
1.258150449e+000 1.963985615e+000 
1.322148720e+000 1.970839299e+000 
1.040923145e+000 1.894477357e+000 
1.080452830e+000 1.920160690e+000 
1.050858707e+000 1.902891173e+000 
1.094681638e+000 1.926357624e+000 
1.202897085e+000 1.954815124e+000 
1.121749956e+000 1.936473952e+000 
1.176332949e+000 1.949678121e+000 
1.041494250e+000 1.894956242e+000 
1.063404210e+000 1.911245561e+000 
1.090295134e+000 1.924467672e+000 
1.126755222e+000 1.937599669e+000 
1.052055934e+000 1.903896009e+000 
1.163764713e+000 1.947499745e+000 
1.169283288e+000 1.948636955e+000 
1.311422679e+000 1.969877396e+000 
1.171847255e+000 1.949297431e+000 
1.122178022e+000 1.936512070e+000 
1.123736945e+000 1.937008112e+000 
1.132915155e+000 1.939208569e+000 
1.039825955e+000 1.893178954e+000 
1.054805167e+000 1.905804173e+000 
1.037198455e+000 1.890333857e+000 
1.039005913e+000 1.892119831e+000 
1.040586873e+000 1.894028733e+000 
1.064850854e+000 1.911985490e+000 
1.107316182e+000 1.931791576e+000 
1.092465943e+000 1.925310327e+000 
1.110741730e+000 1.933071717e+000 
1.062853312e+000 1.910936138e+000 
1.257547601e+000 1.963477647e+000 
1.060568696e+000 1.909531550e+000 
1.306019780e+000 1.969342010e+000 
1.037363271e+000 1.890444574e+000 
1.039781193e+000 1.893169690e+000 
1.106864400e+000 1.931387141e+000 
1.209771591e+000 1.956319008e+000 
1.219776996e+000 1.957494458e+000 
1.206373735e+000 1.955759683e+000 
1.244107292e+000 1.961735399e+000 
1.069882609e+000 1.914759826e+000 
1.058490064e+000 1.908286509e+000 
1.233395822e+000 1.959710478e+000 
1.066905188e+000 1.913141057e+000 
1.078201753e+000 1.918932734e+000 
1.136160473e+000 1.940366802e+000 
1.241169813e+000 1.961329617e+000 
1.269035733e+000 1.964991723e+000 
1.133974297e+000 1.939413012e+000 
1.137528751e+000 1.940729427e+000 
1.073541099e+000 1.916613679e+000 
1.291149507e+000 1.967238396e+000 
1.220415160e+000 1.957846311e+000 
1.250227530e+000 1.962597633e+000 
1.058290052e+000 1.908143925e+000 
1.199792770e+000 1.954303871e+000 
1.044960759e+000 1.898153073e+000 
1.286784215e+000 1.966770346e+000 
1.198361881e+000 1.953896634e+000 
1.203063194e+000 1.954892245e+000 
1.060774024e+000 1.909665575e+000 
1.041563653e+000 1.895046641e+000 
1.292205714e+000 1.967576683e+000 
1.307602548e+000 1.969472934e+000 
1.059862133e+000 1.909118283e+000 
1.045668962e+000 1.898834711e+000 
1.109482073e+000 1.932471275e+000 
1.043022819e+000 1.896460855e+000 
1.038122607e+000 1.891241524e+000 
1.068110900e+000 1.913838360e+000 
1.058586018e+000 1.908315536e+000 
1.260558294e+000 1.964395379e+000 
1.153823172e+000 1.945089201e+000 
1.045210261e+000 1.898424458e+000 
1.064925881e+000 1.912074790e+000 
1.047686775e+000 1.900432545e+000 
1.213428704e+000 1.956420329e+000 
1.065438415e+000 1.912317142e+000 
1.226165482e+000 1.958809196e+000 
1.046114956e+000 1.899176792e+000 
1.048976913e+000 1.901472785e+000 
1.064093931e+000 1.911572504e+000 
1.271759855e+000 1.965298615e+000 
1.095310726e+000 1.926629029e+000 
1.095647672e+000 1.926774330e+000 
1.130819294e+000 1.938536211e+000 
1.201073493e+000 1.954764356e+000 
1.205078063e+000 1.955601355e+000 
1.198820028e+000 1.954031501e+000 
1.092051393e+000 1.925206168e+000 
1.096857123e+000 1.927344061e+000 
1.233910202e+000 1.959715146e+000 
1.096362219e+000 1.927133585e+000 
1.129476093e+000 1.938246525e+000 
1.245329041e+000 1.962000204e+000 
1.241433465e+000 1.961425872e+000 
1.106102130e+000 1.931176872e+000 
1.204199590e+000 1.955207181e+000 
1.135623714e+000 1.940062878e+000 
1.192919205e+000 1.953030384e+000 
1.059363980e+000 1.908837155e+000 
1.053430480e+000 1.904827169e+000 
1.100278009e+000 1.928877369e+000 
1.093886103e+000 1.926116922e+000 
1.097217831e+000 1.927486356e+000 
1.224254526e+000 1.958543125e+000 
1.093531064e+000 1.925887314e+000 
1.234108491e+000 1.959842513e+000 
1.112077030e+000 1.933295499e+000 
1.091669039e+000 1.925047202e+000 
1.143874767e+000 1.942286674e+000 
1.099366004e+000 1.928516814e+000 
1.077108183e+000 1.918380215e+000 
1.290647402e+000 1.966793548e+000 
1.152151580e+000 1.944463700e+000 
1.082594808e+000 1.920850220e+000 
1.157155200e+000 1.945788919e+000 
1.208490987e+000 1.955999337e+000 
1.235375176e+000 1.960017244e+000 
1.176682713e+000 1.950007289e+000 
1.155692635e+000 1.945345513e+000 
1.189288907e+000 1.952310385e+000 
1.183442177e+000 1.951221634e+000 
1.182359827e+000 1.951121585e+000 
1.282630489e+000 1.966473660e+000 
1.280349469e+000 1.966134208e+000 
1.150514244e+000 1.943867068e+000 
1.216576795e+000 1.957127968e+000 
1.195512549e+000 1.953538176e+000 
1.189713308e+000 1.952340699e+000 
1.177286032e+000 1.950118957e+000 
1.158280680e+000 1.946081275e+000 
1.000000000e+000 1.000000000e+000 
1.000042408e+000 1.000001481e+000 
1.035506906e+000 1.190133381e+000 
1.034836426e+000 1.189484598e+000 
1.035464264e+000 1.189988522e+000 
1.033699900e+000 1.188287440e+000 
1.033955592e+000 1.188525286e+000 
1.000476321e+000 1.000135956e+000 
1.000896382e+000 1.000153797e+000 
1.000519699e+000 1.000143009e+000 
1.000611597e+000 1.000146533e+000 
1.001060469e+000 1.000157430e+000 
1.000933051e+000 1.000153983e+000 
1.000801885e+000 1.000150286e+000 
1.000547378e+000 1.000145965e+000 
1.000562797e+000 1.000145968e+000 
1.000504280e+000 1.000143005e+000 
1.000966707e+000 1.000157023e+000 
1.000545298e+000 1.000145948e+000 
1.000429111e+000 1.000135931e+000 
1.000460902e+000 1.000135952e+000 
1.000502200e+000 1.000142988e+000 
1.000458822e+000 1.000135935e+000 
1.000940685e+000 1.000154004e+000 
1.000860582e+000 1.000153649e+000 
1.000685661e+000 1.000149185e+000 
1.000942574e+000 1.000157006e+000 
1.000766085e+000 1.000150137e+000 
1.000836449e+000 1.000153632e+000 
1.001143161e+000 1.000160716e+000 
1.001092769e+000 1.000160365e+000 
1.001167294e+000 1.000160733e+000 
1.000741951e+000 1.000150120e+000 
1.000715210e+000 1.000150023e+000 
1.000915096e+000 1.000153804e+000 
1.001036335e+000 1.000157412e+000 
1.000597603e+000 1.000146065e+000 
1.000692101e+000 1.000149577e+000 
1.025349210e+000 1.031904803e+000 
1.017807831e+000 1.029069944e+000 
1.016444253e+000 1.028254372e+000 
1.019713303e+000 1.030010682e+000 
1.023852191e+000 1.031809888e+000 
1.016670083e+000 1.028286545e+000 
1.018730465e+000 1.029543292e+000 
1.023393870e+000 1.031679833e+000 
1.020996067e+000 1.030623160e+000 
1.022755233e+000 1.031361621e+000 
1.024011762e+000 1.031824565e+000 
1.018479951e+000 1.029420333e+000 
1.021943291e+000 1.031072354e+000 
1.017217340e+000 1.028635116e+000 
1.026303605e+000 1.032680946e+000 
1.020294858e+000 1.030331837e+000 
1.016140453e+000 1.027692065e+000 
1.027200825e+000 1.033038210e+000 
1.016053494e+000 1.027394235e+000 
1.000096366e+000 1.000092548e+000 
1.000150649e+000 1.000095263e+000 
1.000134753e+000 1.000095253e+000 
1.000085178e+000 1.000092539e+000 
1.000309022e+000 1.000099436e+000 
1.000133951e+000 1.000095238e+000 
1.000293126e+000 1.000099427e+000 
1.000329143e+000 1.000101380e+000 
1.000179322e+000 1.000096014e+000 
1.000345039e+000 1.000101390e+000 
1.000084376e+000 1.000092524e+000 
1.000060133e+000 1.000090204e+000 
1.000219828e+000 1.000096317e+000 
1.000384993e+000 1.000104974e+000 
1.000247453e+000 1.000098953e+000 
1.000232706e+000 1.000096354e+000 
1.000400889e+000 1.000104984e+000 
1.000360331e+000 1.000101480e+000 
1.000369754e+000 1.000101525e+000 
1.000356938e+000 1.000101395e+000 
1.011814493e+000 1.008591367e+000 
1.010188643e+000 1.008268911e+000 
1.010094516e+000 1.008257964e+000 
1.005809225e+000 1.007280849e+000 
1.006981317e+000 1.007586380e+000 
1.013859800e+000 1.009013929e+000 
1.006914787e+000 1.007584920e+000 
1.004864714e+000 1.006834772e+000 
1.013910711e+000 1.009016498e+000 
1.010357500e+000 1.008287956e+000 
1.006274942e+000 1.007413972e+000 
1.009160249e+000 1.008080367e+000 
1.006862624e+000 1.007584260e+000 
1.008435778e+000 1.007928655e+000 
1.009882214e+000 1.008232072e+000 
1.007508579e+000 1.007720892e+000 
1.009738075e+000 1.008172132e+000 
1.006178634e+000 1.007336218e+000 
1.006676664e+000 1.007487923e+000 
1.005456752e+000 1.007134545e+000 
1.015251813e+000 1.009248871e+000 
1.007135840e+000 1.007635650e+000 
1.005676446e+000 1.007161325e+000 
1.015051813e+000 1.009218887e+000 
1.015473726e+000 1.009256485e+000 
1.011263692e+000 1.008464268e+000 
1.010541565e+000 1.008336910e+000 
1.013263784e+000 1.008888845e+000 
1.014317140e+000 1.009070542e+000 
1.014253961e+000 1.009067175e+000 
1.014780969e+000 1.009192256e+000 
1.012446860e+000 1.008723190e+000 
1.013420407e+000 1.008904887e+000 
1.011211391e+000 1.008458147e+000 
1.001321441e+000 1.000569649e+000 
1.001417330e+000 1.000577742e+000 
1.001183423e+000 1.000558910e+000 
1.001284815e+000 1.000568671e+000 
1.001480599e+000 1.000579294e+000 
1.001627131e+000 1.000589828e+000 
1.001584691e+000 1.000588724e+000 
1.001521800e+000 1.000580292e+000 
1.001668332e+000 1.000590826e+000 
1.036345379e+000 1.267715053e+000 
1.866027949e+000 1.999980214e+000 
1.366130943e+000 1.977095761e+000 
1.686039280e+000 1.997542029e+000 
1.670300796e+000 1.997251511e+000 
1.659678806e+000 1.997020787e+000 
1.867563324e+000 2.000000000e+000 
1.660345874e+000 1.997064685e+000 
1.366761973e+000 1.977180434e+000 
1.660570926e+000 1.997097651e+000 
1.672529339e+000 1.997409669e+000 
1.861893974e+000 1.999859233e+000 
1.657625127e+000 1.997006642e+000 
1.654078253e+000 1.996746665e+000 
1.349825241e+000 1.975254793e+000 
1.348892265e+000 1.975182496e+000 
1.604597470e+000 1.995088899e+000 
1.596313617e+000 1.994836239e+000 
1.345981806e+000 1.974769967e+000 
1.351181594e+000 1.975354984e+000 
1.564914808e+000 1.993636387e+000 
1.566726947e+000 1.993736871e+000 
1.331339367e+000 1.972665106e+000 
1.329351185e+000 1.972468371e+000 
1.346106161e+000 1.974991826e+000 
1.400798118e+000 1.981105796e+000 
1.339429650e+000 1.974175091e+000 
1.338558740e+000 1.974102191e+000 
1.327892549e+000 1.972076770e+000 
1.329183693e+000 1.972194393e+000 
1.326263944e+000 1.971990400e+000 
1.332418435e+000 1.973430224e+000 
1.331616510e+000 1.972775879e+000 
1.360839927e+000 1.976804791e+000 
1.849529163e+000 1.999670457e+000 
1.306011660e+000 1.968216736e+000 
1.375537004e+000 1.978587278e+000 
1.401207064e+000 1.981115574e+000 
1.317284207e+000 1.970254495e+000 
1.317570900e+000 1.970501454e+000 
1.317042117e+000 1.970238956e+000 
1.322365873e+000 1.971195291e+000 
1.301815668e+000 1.967899883e+000 
1.380613640e+000 1.979467756e+000 
1.810012101e+000 1.999190975e+000 
1.328804862e+000 1.972155696e+000 
1.302091866e+000 1.968062808e+000 
1.317030201e+000 1.970215940e+000 
1.324478408e+000 1.971538638e+000 
1.323677452e+000 1.971354470e+000 
1.325350915e+000 1.971544592e+000 
1.506694794e+000 1.990320970e+000 
1.778258983e+000 1.998930701e+000 
1.770191638e+000 1.998850085e+000 
1.376038049e+000 1.978807033e+000 
1.773250299e+000 1.998877415e+000 
1.645214999e+000 1.996493757e+000 
1.402887508e+000 1.981717694e+000 
1.844416149e+000 1.999567424e+000 
1.605346251e+000 1.995154111e+000 
1.845103601e+000 1.999630545e+000 
1.608967723e+000 1.995264175e+000 
1.594947336e+000 1.994825441e+000 
1.849950943e+000 1.999709341e+000 
1.858829549e+000 1.999727358e+000 
1.858683537e+000 1.999715812e+000 
1.749098748e+000 1.998526806e+000 
1.762284922e+000 1.998763468e+000 
1.598432185e+000 1.995063037e+000 
1.796042945e+000 1.999130532e+000 
1.796349057e+000 1.999140368e+000 
1.391716641e+000 1.980783881e+000 
1.389848178e+000 1.980466794e+000 
1.386637439e+000 1.980400325e+000 
1.385133275e+000 1.980173223e+000 
1.395205464e+000 1.980936902e+000 
1.384026802e+000 1.980103489e+000 
1.765936258e+000 1.998835223e+000 
1.788685342e+000 1.999117122e+000 
1.372493222e+000 1.978572812e+000 
1.368838622e+000 1.978073451e+000 
1.758037101e+000 1.998591406e+000 
1.396902604e+000 1.980977738e+000 
1.743892901e+000 1.998447654e+000 
1.843315840e+000 1.999514134e+000 
1.838860974e+000 1.999510587e+000 
1.827529849e+000 1.999432244e+000 
1.334710639e+000 1.973744947e+000 
1.337569185e+000 1.973928365e+000 
1.345765319e+000 1.974764103e+000 
1.344588416e+000 1.974710032e+000 
1.340516393e+000 1.974313701e+000 
1.823399519e+000 1.999389145e+000 
1.824583604e+000 1.999390539e+000 
1.812034682e+000 1.999295133e+000 
1.377531376e+000 1.978945363e+000 
1.379151702e+000 1.979171877e+000 
1.821787526e+000 1.999382561e+000 
1.346848687e+000 1.975161258e+000 
1.574947258e+000 1.994081972e+000 
1.575680415e+000 1.994145053e+000 
1.512697191e+000 1.990775696e+000 
1.616718151e+000 1.995461599e+000 
1.620694531e+000 1.995688266e+000 
1.351235355e+000 1.975760881e+000 
1.361177082e+000 1.977067726e+000 
1.353614896e+000 1.976239047e+000 
1.355932252e+000 1.976556596e+000 
1.358259595e+000 1.976690392e+000 
1.353326285e+000 1.976186294e+000 
1.819156282e+000 1.999315005e+000 
1.751182293e+000 1.998542203e+000 
1.504496275e+000 1.990301538e+000 
1.754329237e+000 1.998550683e+000 
1.752804052e+000 1.998548134e+000 
1.407751614e+000 1.982347526e+000 
1.419558480e+000 1.983472270e+000 
1.403332474e+000 1.981976375e+000 
1.405617983e+000 1.982117373e+000 
1.415465313e+000 1.983225266e+000 
1.415248800e+000 1.982969515e+000 
1.402263289e+000 1.981708335e+000 
1.478196824e+000 1.988897877e+000 
1.485019033e+000 1.989188514e+000 
1.501298761e+000 1.990214455e+000 
1.486247806e+000 1.989294211e+000 
1.487999740e+000 1.989360307e+000 
1.493156755e+000 1.989670395e+000 
1.490944585e+000 1.989561833e+000 
1.491100618e+000 1.989585826e+000 
1.463931657e+000 1.987720472e+000 
1.450917934e+000 1.986584211e+000 
1.447421133e+000 1.986414069e+000 
1.463378498e+000 1.987699830e+000 
1.402055909e+000 1.981586135e+000 
1.440264858e+000 1.985670280e+000 
1.443150526e+000 1.986050426e+000 
1.440551126e+000 1.985734559e+000 
1.694206624e+000 1.997607224e+000 
1.457119585e+000 1.986995502e+000 
1.731495163e+000 1.998404111e+000 
1.418679663e+000 1.983334414e+000 
1.428360684e+000 1.984363672e+000 
1.656830736e+000 1.996862812e+000 
1.428844904e+000 1.984747144e+000 
1.730827868e+000 1.998371551e+000 
1.431090126e+000 1.984878367e+000 
1.412781514e+000 1.982746065e+000 
1.728925518e+000 1.998291464e+000 
1.431844683e+000 1.984962676e+000 
1.471420571e+000 1.988128914e+000 
1.460850477e+000 1.987406500e+000 
1.431675579e+000 1.984949509e+000 
1.726498689e+000 1.998275170e+000 
1.646552301e+000 1.996507335e+000 
1.724344727e+000 1.998141402e+000 
1.725908173e+000 1.998153724e+000 
1.696990734e+000 1.997763409e+000 
1.424478888e+000 1.984202342e+000 
1.427855256e+000 1.984347695e+000 
1.511129633e+000 1.990739990e+000 
1.532349182e+000 1.991966229e+000 
1.515507968e+000 1.991106886e+000 
1.584479891e+000 1.994424855e+000 
1.522602981e+000 1.991330608e+000 
1.520158918e+000 1.991216274e+000 
1.610392981e+000 1.995369704e+000 
1.625234281e+000 1.995870566e+000 
1.607380934e+000 1.995256361e+000 
1.624025919e+000 1.995749656e+000 
1.630238451e+000 1.996033236e+000 
1.634703142e+000 1.996175147e+000 
1.628105056e+000 1.995990437e+000 
1.630440118e+000 1.996047478e+000 
1.571813441e+000 1.993919895e+000 
1.519606692e+000 1.991193225e+000 
1.590718475e+000 1.994709777e+000 
1.582399708e+000 1.994296964e+000 
1.586618993e+000 1.994510413e+000 
1.535394710e+000 1.992137975e+000 
1.708726826e+000 1.997811880e+000 
1.573386929e+000 1.994012554e+000 
1.546761193e+000 1.992869753e+000 
1.715178059e+000 1.997820594e+000 
1.716639673e+000 1.998056427e+000 
1.527310925e+000 1.991722575e+000 
1.559679309e+000 1.993348425e+000 
1.560289513e+000 1.993385332e+000 
1.537031018e+000 1.992334830e+000 
1.545133684e+000 1.992763441e+000 
1.506818737e+000 1.990456953e+000 
1.540059810e+000 1.992662750e+000 
1.552641106e+000 1.993127352e+000 
1.551801998e+000 1.992982458e+000 
1.557205780e+000 1.993342405e+000 
1.639460365e+000 1.996300861e+000 
1.650412105e+000 1.996618865e+000 
1.644859476e+000 1.996427884e+000 
1.715884184e+000 1.997869216e+000 

