1.059028741e+000 1.877789540e+000 
1.066148037e+000 1.884772751e+000 
1.069401930e+000 1.887431690e+000 
1.075316621e+000 1.892000287e+000 
1.072657685e+000 1.890255243e+000 
1.091728967e+000 1.903937462e+000 
1.114463465e+000 1.916916630e+000 
1.058541064e+000 1.877279468e+000 
1.063169831e+000 1.881995135e+000 
1.095687738e+000 1.907058658e+000 
1.180735689e+000 1.943695803e+000 
1.212976191e+000 1.951797683e+000 
1.070014242e+000 1.888059798e+000 
1.085432066e+000 1.900123083e+000 
1.095355990e+000 1.906766913e+000 
1.140306250e+000 1.929924732e+000 
1.071463789e+000 1.889187283e+000 
1.177054978e+000 1.943166066e+000 
1.093997541e+000 1.905993199e+000 
1.060126257e+000 1.879224370e+000 
1.064006966e+000 1.882927893e+000 
1.151640468e+000 1.934332438e+000 
1.193395206e+000 1.947169085e+000 
1.140575624e+000 1.930078017e+000 
1.156090037e+000 1.936026070e+000 
1.067062438e+000 1.885561024e+000 
1.120602961e+000 1.920292174e+000 
1.245968172e+000 1.958910650e+000 
1.142321498e+000 1.930817186e+000 
1.061712254e+000 1.880866067e+000 
1.063504772e+000 1.882432482e+000 
1.108192242e+000 1.914030129e+000 
1.057877033e+000 1.876622971e+000 
1.062037478e+000 1.881116245e+000 
1.065747390e+000 1.884309715e+000 
1.086850945e+000 1.901129477e+000 
1.059839780e+000 1.878964773e+000 
1.165229247e+000 1.939534179e+000 
1.061584635e+000 1.880686774e+000 
1.143538993e+000 1.930992609e+000 
1.057803781e+000 1.876482924e+000 
1.057542157e+000 1.876348346e+000 
1.096023073e+000 1.907299671e+000 
1.113265128e+000 1.916551795e+000 
1.094485616e+000 1.906280765e+000 
1.061538948e+000 1.880480480e+000 
1.072400832e+000 1.890132222e+000 
1.143797858e+000 1.931072771e+000 
1.080654057e+000 1.896456849e+000 
1.089622365e+000 1.903035599e+000 
1.106868084e+000 1.913152716e+000 
1.244383218e+000 1.958488814e+000 
1.056652601e+000 1.874723814e+000 
1.098799064e+000 1.908917392e+000 
1.192104276e+000 1.946836943e+000 
1.144500149e+000 1.931721710e+000 
1.285159667e+000 1.964204582e+000 
1.072182345e+000 1.889852837e+000 
1.098293800e+000 1.908474762e+000 
1.082543489e+000 1.897972523e+000 
1.059011542e+000 1.877715504e+000 
1.069322857e+000 1.887335400e+000 
1.221243675e+000 1.954245021e+000 
1.086150427e+000 1.900756707e+000 
1.172297651e+000 1.941101080e+000 
1.163528760e+000 1.938902753e+000 
1.109061473e+000 1.914449771e+000 
1.108624161e+000 1.914198818e+000 
1.088546134e+000 1.902376147e+000 
1.112821140e+000 1.916368801e+000 
1.065073782e+000 1.883795991e+000 
1.086264824e+000 1.900759483e+000 
1.083445043e+000 1.898771080e+000 
1.068038547e+000 1.886151223e+000 
1.286027385e+000 1.964684498e+000 
1.257407913e+000 1.960297737e+000 
1.056848350e+000 1.875132766e+000 
1.234591913e+000 1.956994935e+000 
1.229430701e+000 1.955637513e+000 
1.204759156e+000 1.950388525e+000 
1.275300859e+000 1.963897322e+000 
1.142950095e+000 1.930976339e+000 
1.066862620e+000 1.885156714e+000 
1.072328755e+000 1.889854215e+000 
1.100427174e+000 1.909895628e+000 
1.260321424e+000 1.960867649e+000 
1.086002750e+000 1.900552151e+000 
1.244104224e+000 1.958410491e+000 
1.146512762e+000 1.932281743e+000 
1.274350512e+000 1.963677549e+000 
1.146264374e+000 1.932042301e+000 
1.275074620e+000 1.963711754e+000 
1.162364520e+000 1.938475129e+000 
1.074500997e+000 1.891751475e+000 
1.258780842e+000 1.960593926e+000 
1.267155475e+000 1.962246675e+000 
1.277772129e+000 1.964092462e+000 
1.080356778e+000 1.896345913e+000 
1.084478841e+000 1.899521233e+000 
1.139236443e+000 1.929613895e+000 
1.099228489e+000 1.909162142e+000 
1.078117562e+000 1.894421712e+000 
1.072801494e+000 1.890256622e+000 
1.221198485e+000 1.954176671e+000 
1.077951381e+000 1.894337379e+000 
1.086086311e+000 1.900711395e+000 
1.138005068e+000 1.928845789e+000 
1.160050609e+000 1.937653532e+000 
1.085868493e+000 1.900472034e+000 
1.157663462e+000 1.936564386e+000 
1.159132627e+000 1.937281413e+000 
1.113562588e+000 1.916623853e+000 
1.077306519e+000 1.893791119e+000 
1.083214740e+000 1.898566643e+000 
1.133390636e+000 1.926707568e+000 
1.090501109e+000 1.903595745e+000 
1.078302331e+000 1.894506012e+000 
1.259718080e+000 1.960626284e+000 
1.132483360e+000 1.926210860e+000 
1.084364444e+000 1.899518457e+000 
1.223968728e+000 1.954700131e+000 
1.084553271e+000 1.899646334e+000 
1.102228557e+000 1.910979899e+000 
1.089507968e+000 1.903032824e+000 
1.095802135e+000 1.907061434e+000 
1.113948493e+000 1.916903490e+000 
1.132820705e+000 1.926425202e+000 
1.088115266e+000 1.901932117e+000 
1.082466509e+000 1.897830896e+000 
1.102153549e+000 1.910884424e+000 
1.207208335e+000 1.951043414e+000 
1.105318178e+000 1.912619271e+000 
1.204369240e+000 1.950123437e+000 
1.125679184e+000 1.923174473e+000 
1.151082840e+000 1.934080573e+000 
1.081553425e+000 1.897128354e+000 
1.262631280e+000 1.961644840e+000 
1.074406219e+000 1.891679780e+000 
1.256631633e+000 1.960272531e+000 
1.088205024e+000 1.902227960e+000 
1.216321333e+000 1.952665979e+000 
1.172936978e+000 1.941321637e+000 
1.261295595e+000 1.961174044e+000 
1.123932822e+000 1.922256266e+000 
1.122940522e+000 1.921850830e+000 
1.224998977e+000 1.954988115e+000 
1.205936370e+000 1.950841096e+000 
1.113688220e+000 1.916633697e+000 
1.202587654e+000 1.949705040e+000 
1.112991359e+000 1.916450321e+000 
1.206668390e+000 1.950922848e+000 
1.102756649e+000 1.911226765e+000 
1.104069205e+000 1.911800181e+000 
1.205419024e+000 1.950631421e+000 
1.135972858e+000 1.927969955e+000 
1.142233428e+000 1.930793737e+000 
1.244032212e+000 1.958315032e+000 
1.230404873e+000 1.955943908e+000 
1.204246944e+000 1.950091950e+000 
1.156518938e+000 1.936199572e+000 
1.108089167e+000 1.913935304e+000 
1.173952910e+000 1.941450174e+000 
1.223484611e+000 1.954514085e+000 
1.072998017e+000 1.890421629e+000 
1.237844761e+000 1.957443205e+000 
1.176669934e+000 1.942481267e+000 
1.203250744e+000 1.950051735e+000 
1.227527992e+000 1.955343676e+000 
1.225414528e+000 1.955004893e+000 
1.139112756e+000 1.929312959e+000 
1.127669087e+000 1.923997957e+000 
1.121534836e+000 1.921250464e+000 
1.124954169e+000 1.922894981e+000 
1.128027215e+000 1.924187807e+000 
1.130099582e+000 1.925027493e+000 
1.122496938e+000 1.921760014e+000 
1.133737300e+000 1.926752546e+000 
1.086798394e+000 1.901023122e+000 
1.228760262e+000 1.955556093e+000 
1.195493497e+000 1.947781802e+000 
1.112350734e+000 1.915978783e+000 
1.174109912e+000 1.941647367e+000 
1.247296545e+000 1.959035702e+000 
1.118059500e+000 1.919153280e+000 
1.170273703e+000 1.940874043e+000 
1.117400568e+000 1.918886861e+000 
1.167273617e+000 1.939882242e+000 
1.196435792e+000 1.947933593e+000 
1.197259637e+000 1.948719473e+000 
1.114686592e+000 1.917294206e+000 
1.116645924e+000 1.918444739e+000 
1.203960404e+000 1.950069788e+000 
1.196970813e+000 1.948181952e+000 
1.148650190e+000 1.932972600e+000 
1.198514131e+000 1.948891406e+000 
1.167756060e+000 1.940086293e+000 
1.150662028e+000 1.933739237e+000 
1.186190462e+000 1.945459251e+000 
1.252349840e+000 1.959490771e+000 
1.188594474e+000 1.946362069e+000 
1.183147378e+000 1.944624578e+000 
1.184440784e+000 1.945105053e+000 
1.170672605e+000 1.940893496e+000 
1.169342320e+000 1.940505077e+000 
1.174518202e+000 1.941933686e+000 
1.186235680e+000 1.945628024e+000 
1.200222447e+000 1.949205332e+000 
1.280986878e+000 1.964175936e+000 
1.269928991e+000 1.962309832e+000 
1.240673391e+000 1.957904556e+000 
1.239778542e+000 1.957548044e+000 
1.255556130e+000 1.959636179e+000 
1.004592184e+000 1.002093361e+000 
1.004460272e+000 1.002062713e+000 
1.004274897e+000 1.002058387e+000 
1.003985677e+000 1.001996781e+000 
1.005339682e+000 1.002162490e+000 
1.005406206e+000 1.002167688e+000 
1.005186882e+000 1.002132580e+000 
1.005110206e+000 1.002132551e+000 
1.005847729e+000 1.002198774e+000 
1.004040878e+000 1.002026244e+000 
1.005697930e+000 1.002198087e+000 
1.005771053e+000 1.002198745e+000 
1.003914397e+000 1.001991537e+000 
1.004153756e+000 1.002030568e+000 
1.005305304e+000 1.002159452e+000 
1.005355576e+000 1.002163824e+000 
1.004387775e+000 1.002062711e+000 
1.004464451e+000 1.002062740e+000 
1.005260005e+000 1.002133237e+000 
1.004997328e+000 1.002128227e+000 
1.004866041e+000 1.002098234e+000 
1.005382047e+000 1.002165736e+000 
1.042593832e+000 1.126737272e+000 
1.042429316e+000 1.126517736e+000 
1.043696329e+000 1.127839016e+000 
1.042073687e+000 1.124248977e+000 
1.054668883e+000 1.269106417e+000 
1.055027796e+000 1.269568949e+000 
1.055239834e+000 1.269600059e+000 
1.053776906e+000 1.268465013e+000 
1.055787096e+000 1.270228247e+000 
1.051855153e+000 1.266069013e+000 
1.056520396e+000 1.270889782e+000 
1.051636482e+000 1.265863306e+000 
1.051473108e+000 1.265558423e+000 
1.051904104e+000 1.266104514e+000 
1.052277392e+000 1.266555946e+000 
1.006581840e+000 1.005033885e+000 
1.006464362e+000 1.004968806e+000 
1.049931529e+000 1.147994579e+000 
1.050499442e+000 1.148612317e+000 
1.050148155e+000 1.148422350e+000 
1.047152752e+000 1.145775269e+000 
1.044534259e+000 1.142816196e+000 
1.046401854e+000 1.145113997e+000 
1.046808985e+000 1.145679434e+000 
1.045266391e+000 1.144029760e+000 
1.044606231e+000 1.143173954e+000 
1.046221670e+000 1.145051173e+000 
1.047505420e+000 1.146073086e+000 
1.049136799e+000 1.147463926e+000 
1.050986763e+000 1.148896600e+000 
1.049957374e+000 1.148056109e+000 
1.002188054e+000 1.000110524e+000 
1.002452576e+000 1.000114735e+000 
1.001765353e+000 1.000099349e+000 
1.001655563e+000 1.000095684e+000 
1.002552676e+000 1.000114993e+000 
1.002647880e+000 1.000118283e+000 
1.002489062e+000 1.000114971e+000 
1.002114700e+000 1.000109334e+000 
1.002711494e+000 1.000118305e+000 
1.001804438e+000 1.000102376e+000 
1.002438044e+000 1.000114470e+000 
1.002151186e+000 1.000109570e+000 
1.002288154e+000 1.000110782e+000 
1.001728867e+000 1.000099113e+000 
1.001692049e+000 1.000095920e+000 
1.001535426e+000 1.000089236e+000 
1.009008696e+000 1.007805695e+000 
1.009115840e+000 1.007813223e+000 
1.009350201e+000 1.007880065e+000 
1.007054165e+000 1.007356303e+000 
1.007776372e+000 1.007573021e+000 
1.007909599e+000 1.007597658e+000 
1.010189789e+000 1.008080444e+000 
1.007202977e+000 1.007371813e+000 
1.007013957e+000 1.007354369e+000 
1.007338934e+000 1.007435829e+000 
1.007492345e+000 1.007509618e+000 
1.007400050e+000 1.007447001e+000 
1.009919706e+000 1.008009455e+000 
1.007585336e+000 1.007522329e+000 
1.007673033e+000 1.007526669e+000 
1.007869363e+000 1.007585732e+000 
1.007251238e+000 1.007431490e+000 
1.008653259e+000 1.007683419e+000 
1.006789350e+000 1.007225033e+000 
1.008761812e+000 1.007728616e+000 
1.010107871e+000 1.008021386e+000 
1.006749142e+000 1.007223100e+000 
1.009096393e+000 1.007810034e+000 
1.010142865e+000 1.008066768e+000 
1.009443582e+000 1.007917069e+000 
1.006654586e+000 1.007151411e+000 
1.006843740e+000 1.007226725e+000 
1.010160479e+000 1.008067727e+000 
1.009227917e+000 1.007851832e+000 
1.010020175e+000 1.008017047e+000 
1.010531470e+000 1.012880328e+000 
1.012260400e+000 1.013676794e+000 
1.015399808e+000 1.014529714e+000 
1.019974993e+000 1.015551086e+000 
1.030884187e+000 1.017312521e+000 
1.014903639e+000 1.014413464e+000 
1.011324203e+000 1.013303075e+000 
1.018969212e+000 1.015308137e+000 
1.023113837e+000 1.016154019e+000 
1.040936486e+000 1.018443791e+000 
1.015539049e+000 1.014571922e+000 
1.015385664e+000 1.014468914e+000 
1.040538517e+000 1.018427443e+000 
1.022680891e+000 1.016061077e+000 
1.023681764e+000 1.016230420e+000 
1.024611307e+000 1.016379402e+000 
1.025013766e+000 1.016475638e+000 
1.025482145e+000 1.016504935e+000 
1.036073899e+000 1.017948554e+000 
1.020914451e+000 1.015638099e+000 
1.024939898e+000 1.016469667e+000 
1.034176391e+000 1.017729021e+000 
1.014158853e+000 1.014189633e+000 
1.010196598e+000 1.012712141e+000 
1.011137370e+000 1.013184133e+000 
1.021535505e+000 1.015812551e+000 
1.013732767e+000 1.014126581e+000 
1.033881443e+000 1.017670132e+000 
1.011880906e+000 1.013528309e+000 
1.036336991e+000 1.017952365e+000 
1.023975924e+000 1.016315469e+000 
1.030032252e+000 1.017175740e+000 
1.032371998e+000 1.017500850e+000 
1.026762171e+000 1.016776005e+000 
1.011810788e+000 1.013468697e+000 
1.012125010e+000 1.013597226e+000 
1.017606399e+000 1.015002698e+000 
1.035273991e+000 1.017824165e+000 
1.031723358e+000 1.017376872e+000 
1.010547903e+000 1.012890909e+000 
1.010749312e+000 1.013033062e+000 
1.011063534e+000 1.013161591e+000 
1.021001231e+000 1.015725645e+000 
1.029839891e+000 1.017151237e+000 
1.033083925e+000 1.017618316e+000 
1.011385949e+000 1.013311801e+000 
1.012570145e+000 1.013746572e+000 
1.014012598e+000 1.014172233e+000 
1.019454027e+000 1.015428753e+000 
1.032885907e+000 1.017529605e+000 
1.013665777e+000 1.014059525e+000 
1.029310996e+000 1.017074647e+000 
1.017093190e+000 1.014868659e+000 
1.039922391e+000 1.018415915e+000 
1.017335671e+000 1.014965364e+000 
1.016664355e+000 1.014753259e+000 
1.012408710e+000 1.013703061e+000 
1.041720553e+000 1.018578916e+000 
1.032638636e+000 1.017523149e+000 
1.036366736e+000 1.017980149e+000 
1.038090563e+000 1.018223383e+000 
1.016856674e+000 1.014838665e+000 
1.034880636e+000 1.017822974e+000 
1.016964863e+000 1.014850309e+000 
1.041762143e+000 1.018585912e+000 
1.041772282e+000 1.018596273e+000 
1.041348911e+000 1.018565926e+000 
1.035919429e+000 1.017933378e+000 
1.003317302e+000 1.000883491e+000 
1.003441339e+000 1.000895925e+000 
1.003700716e+000 1.000906831e+000 
1.003545524e+000 1.000906236e+000 
1.003365890e+000 1.000895330e+000 
1.002900054e+000 1.000855443e+000 
1.002785278e+000 1.000854692e+000 
1.002814017e+000 1.000855346e+000 
1.003075016e+000 1.000869475e+000 
1.003734998e+000 1.000906963e+000 
1.003764271e+000 1.000908934e+000 
1.003057351e+000 1.000867873e+000 
9.999999999e-001 1.000000000e+000 
1.000280945e+000 1.000002374e+000 
1.000134388e+000 1.000001493e+000 
1.000365736e+000 1.000003786e+000 
1.000555858e+000 1.000004651e+000 
1.000810261e+000 1.000006315e+000 
1.000231348e+000 1.000002293e+000 
1.000193385e+000 1.000001611e+000 
1.000315931e+000 1.000003133e+000 
1.000177220e+000 1.000001608e+000 
1.000130392e+000 1.000000878e+000 
1.000168355e+000 1.000001561e+000 
1.001531270e+000 1.000007368e+000 
1.307926076e+000 1.973652189e+000 
1.322939063e+000 1.977789310e+000 
1.332652723e+000 1.980171285e+000 
1.336256438e+000 1.981212704e+000 
1.326138462e+000 1.978767637e+000 
1.335852249e+000 1.981025913e+000 
1.329233249e+000 1.979141050e+000 
1.333056912e+000 1.980358076e+000 
1.361330333e+000 1.985690907e+000 
1.334053552e+000 1.980971367e+000 
1.333294153e+000 1.980659535e+000 
1.623673954e+000 1.999898200e+000 
1.333787182e+000 1.980901925e+000 
1.331830376e+000 1.980146684e+000 
1.370401512e+000 1.986985611e+000 
1.381075149e+000 1.987973081e+000 
1.329159025e+000 1.979025507e+000 
1.339108553e+000 1.982003074e+000 
1.327683527e+000 1.978945594e+000 
1.373680161e+000 1.987417811e+000 
1.460980619e+000 1.995540445e+000 
1.333684134e+000 1.980706833e+000 
1.337468948e+000 1.981424920e+000 
1.295895994e+000 1.969919447e+000 
1.311140400e+000 1.974677185e+000 
1.306713734e+000 1.973544712e+000 
1.378083863e+000 1.987834159e+000 
1.296996532e+000 1.970547424e+000 
1.297665984e+000 1.970864333e+000 
1.296021303e+000 1.970503543e+000 
1.302755193e+000 1.972226502e+000 
1.301225952e+000 1.972083272e+000 
1.293644022e+000 1.969600220e+000 
1.324347783e+000 1.978201885e+000 
1.311292954e+000 1.974750719e+000 
1.290078227e+000 1.967649610e+000 
1.376582417e+000 1.987646793e+000 
1.448258750e+000 1.994593330e+000 
1.303358170e+000 1.972263309e+000 
1.291060205e+000 1.968141621e+000 
1.621404618e+000 1.999878616e+000 
1.304934843e+000 1.973281089e+000 
1.425004209e+000 1.992810943e+000 
1.299184791e+000 1.970986258e+000 
1.318017233e+000 1.976695101e+000 
1.313003613e+000 1.975184660e+000 
1.302281276e+000 1.972090902e+000 
1.345275792e+000 1.983008939e+000 
1.463674212e+000 1.995836622e+000 
1.315709870e+000 1.976449810e+000 
1.339477979e+000 1.982020306e+000 
1.288779552e+000 1.967125955e+000 
1.312408320e+000 1.975034306e+000 
1.330871852e+000 1.979881194e+000 
1.330936422e+000 1.979950602e+000 
1.316371383e+000 1.976491930e+000 
1.338059871e+000 1.981771616e+000 
1.308296028e+000 1.973843026e+000 
1.290278178e+000 1.967805143e+000 
1.350447736e+000 1.983862759e+000 
1.337829731e+000 1.981539187e+000 
1.329585728e+000 1.979704416e+000 
1.304701844e+000 1.973220484e+000 
1.293017568e+000 1.968990194e+000 
1.303807854e+000 1.972443693e+000 
1.300961368e+000 1.971815045e+000 
1.289384695e+000 1.967507605e+000 
1.329841336e+000 1.979728188e+000 
1.351794935e+000 1.984210505e+000 
1.319752687e+000 1.977045868e+000 
1.361993712e+000 1.985732815e+000 
1.430856995e+000 1.993077286e+000 
1.312531557e+000 1.975169429e+000 
1.329471218e+000 1.979245852e+000 
1.309360878e+000 1.974568505e+000 
1.362681495e+000 1.985890851e+000 
1.337759833e+000 1.981531208e+000 
1.299046614e+000 1.970934100e+000 
1.427570687e+000 1.992894131e+000 
1.311772207e+000 1.974898220e+000 
1.308439644e+000 1.974048806e+000 
1.349916700e+000 1.983830207e+000 
1.351949223e+000 1.984290353e+000 
1.625768359e+000 2.000000000e+000 
1.307624653e+000 1.973592477e+000 
1.340273709e+000 1.982034555e+000 
1.364554981e+000 1.986214231e+000 
1.355792955e+000 1.984852790e+000 
1.306984830e+000 1.973580214e+000 
1.354193184e+000 1.984691363e+000 
1.353162029e+000 1.984618986e+000 
1.360548531e+000 1.985562686e+000 
1.288854227e+000 1.967175267e+000 
1.369642720e+000 1.986917388e+000 
1.350531115e+000 1.984041663e+000 
1.359724212e+000 1.985538642e+000 
1.300078315e+000 1.971394908e+000 
1.288702801e+000 1.967018136e+000 
1.310963649e+000 1.974632507e+000 
1.358345393e+000 1.985302830e+000 
1.430994628e+000 1.993226443e+000 
1.369121712e+000 1.986842934e+000 
1.348752472e+000 1.983825697e+000 
1.354678395e+000 1.984791569e+000 
1.299810787e+000 1.971275966e+000 
1.290992321e+000 1.967934848e+000 
1.590631497e+000 1.999758933e+000 
1.352455229e+000 1.984405941e+000 
1.320796170e+000 1.977171707e+000 
1.300813453e+000 1.971410327e+000 
1.321111359e+000 1.977345763e+000 
1.371458666e+000 1.987214477e+000 
1.352948224e+000 1.984441276e+000 
1.317161860e+000 1.976517770e+000 
1.413309463e+000 1.991838220e+000 
1.365879595e+000 1.986330578e+000 
1.366990402e+000 1.986558958e+000 
1.366356301e+000 1.986547850e+000 
1.407572286e+000 1.991314896e+000 
1.371908215e+000 1.987333934e+000 
1.291431332e+000 1.968188410e+000 
1.405046293e+000 1.991057070e+000 
1.290490742e+000 1.967873355e+000 
1.304531879e+000 1.972472871e+000 
1.377297241e+000 1.987766815e+000 
1.386751899e+000 1.988676139e+000 
1.367327375e+000 1.986569480e+000 
1.363280170e+000 1.986079280e+000 
1.313373919e+000 1.975413203e+000 
1.378208778e+000 1.987892390e+000 
1.490147965e+000 1.997141173e+000 
1.591971303e+000 1.999820011e+000 
1.341356378e+000 1.982462918e+000 
1.348539955e+000 1.983682397e+000 
1.368032275e+000 1.986762019e+000 
1.314358376e+000 1.975493571e+000 
1.319510285e+000 1.976905491e+000 
1.368217422e+000 1.986823447e+000 
1.315613785e+000 1.976117989e+000 
1.319220672e+000 1.976866263e+000 
1.349964894e+000 1.983859444e+000 
1.314768532e+000 1.975843135e+000 
1.323287023e+000 1.977945453e+000 
1.312336585e+000 1.975012132e+000 
1.292745332e+000 1.968219710e+000 
1.347374141e+000 1.983492183e+000 
1.322112882e+000 1.977535215e+000 
1.343367770e+000 1.982820890e+000 
1.345914321e+000 1.983270632e+000 
1.343350622e+000 1.982669905e+000 
1.320276888e+000 1.977168743e+000 
1.321778110e+000 1.977514358e+000 
1.341860757e+000 1.982470537e+000 
1.322386809e+000 1.977781176e+000 
1.375274097e+000 1.987566684e+000 
1.345431039e+000 1.983038223e+000 
1.323062347e+000 1.977853137e+000 
1.385323547e+000 1.988635344e+000 
1.329083301e+000 1.979016905e+000 
1.411022210e+000 1.991605266e+000 
1.344225965e+000 1.982947989e+000 
1.323896122e+000 1.978067286e+000 
1.340313713e+000 1.982295813e+000 
1.571494287e+000 1.999664957e+000 
1.422720448e+000 1.992586578e+000 
1.394448029e+000 1.989884618e+000 
1.397517882e+000 1.990273959e+000 
1.395610338e+000 1.990068304e+000 
1.402664311e+000 1.990740416e+000 
1.392074793e+000 1.989485296e+000 
1.402473977e+000 1.990729079e+000 
1.406459101e+000 1.991145961e+000 
1.391508600e+000 1.989308155e+000 
1.389852881e+000 1.989242305e+000 
1.391664660e+000 1.989480075e+000 
1.398140024e+000 1.990294817e+000 
1.557235417e+000 1.999535864e+000 
1.399510427e+000 1.990389427e+000 
1.559407090e+000 1.999558794e+000 
1.408999028e+000 1.991370758e+000 
1.403487151e+000 1.990913209e+000 
1.384371545e+000 1.988408831e+000 
1.385062256e+000 1.988490528e+000 
1.351540586e+000 1.984077218e+000 
1.409242695e+000 1.991420318e+000 
1.407148990e+000 1.991274019e+000 
1.404761009e+000 1.990937275e+000 
1.383884974e+000 1.988379792e+000 
1.424537043e+000 1.992637696e+000 
1.393354345e+000 1.989750659e+000 
1.382889078e+000 1.988265837e+000 
1.394210996e+000 1.989757539e+000 
1.397181744e+000 1.990101111e+000 
1.398679128e+000 1.990356128e+000 
1.382742668e+000 1.988256143e+000 
1.470986556e+000 1.996307102e+000 
1.467038794e+000 1.995960720e+000 
1.471354817e+000 1.996342621e+000 
1.468423430e+000 1.996222473e+000 
1.381710751e+000 1.988239890e+000 
1.573429111e+000 1.999723604e+000 
1.571735667e+000 1.999670094e+000 
1.422987517e+000 1.992607675e+000 
1.416022563e+000 1.992100772e+000 
1.417834343e+000 1.992338756e+000 
1.566588111e+000 1.999646653e+000 
1.418579289e+000 1.992445095e+000 
1.388851675e+000 1.988978909e+000 
1.563808927e+000 1.999634717e+000 
1.483882630e+000 1.996831567e+000 
1.559435393e+000 1.999595182e+000 
1.611537374e+000 1.999838151e+000 
1.414414976e+000 1.992023342e+000 
1.623730027e+000 1.999954864e+000 
1.487952814e+000 1.997086552e+000 
1.546783771e+000 1.999365496e+000 
1.388665987e+000 1.988869172e+000 
1.387331099e+000 1.988796005e+000 
1.539326729e+000 1.999063304e+000 
1.540347210e+000 1.999066078e+000 
1.578345873e+000 1.999728387e+000 
1.554242204e+000 1.999531736e+000 
1.552092745e+000 1.999380749e+000 
1.424400072e+000 1.992623041e+000 
1.540424762e+000 1.999116527e+000 
1.457660052e+000 1.995531843e+000 
1.493151102e+000 1.997324912e+000 
1.451569051e+000 1.995039725e+000 
1.452747282e+000 1.995200946e+000 
1.452566234e+000 1.995176520e+000 
1.454771307e+000 1.995376199e+000 
1.586197343e+000 1.999756357e+000 
1.583917549e+000 1.999742846e+000 
1.545086443e+000 1.999338750e+000 
1.544056499e+000 1.999179808e+000 
1.478556713e+000 1.996541026e+000 
1.475488484e+000 1.996491487e+000 
1.433556734e+000 1.993571911e+000 
1.461036177e+000 1.995710567e+000 
1.528605016e+000 1.998981601e+000 
1.467633376e+000 1.996034111e+000 
1.467236148e+000 1.995991060e+000 
1.465541814e+000 1.995919145e+000 
1.476998601e+000 1.996498017e+000 
1.449757930e+000 1.995022477e+000 
1.437475734e+000 1.994038996e+000 
1.507215114e+000 1.998101594e+000 
1.536036652e+000 1.998992569e+000 
1.483289659e+000 1.996785439e+000 
1.448510211e+000 1.994811370e+000 
1.449485570e+000 1.994938716e+000 
1.519753053e+000 1.998542148e+000 
1.443376620e+000 1.994507308e+000 
1.448807437e+000 1.994855436e+000 
1.520672701e+000 1.998612437e+000 
1.523467799e+000 1.998793089e+000 
1.527555538e+000 1.998838814e+000 
1.520761045e+000 1.998625820e+000 
1.518101313e+000 1.998531730e+000 
1.525877779e+000 1.998806007e+000 
1.438764997e+000 1.994124747e+000 
1.434084203e+000 1.993594613e+000 
1.519332545e+000 1.998541512e+000 
1.436929941e+000 1.993933562e+000 
1.442173353e+000 1.994389050e+000 
1.485668718e+000 1.996937249e+000 
1.429003645e+000 1.993033518e+000 
1.434314153e+000 1.993597411e+000 
1.434071590e+000 1.993589890e+000 
1.481657920e+000 1.996771684e+000 
1.439871226e+000 1.994248333e+000 
1.441212161e+000 1.994266548e+000 
1.455520243e+000 1.995389253e+000 
1.515736702e+000 1.998498844e+000 
1.503199626e+000 1.997957674e+000 
1.439754395e+000 1.994169015e+000 
1.502602763e+000 1.997870768e+000 
1.490719296e+000 1.997254437e+000 
1.504325981e+000 1.998019234e+000 
1.491459201e+000 1.997310747e+000 
1.510754877e+000 1.998337173e+000 
1.508405939e+000 1.998203963e+000 
1.511873868e+000 1.998440710e+000 
1.499239496e+000 1.997648922e+000 
1.496823646e+000 1.997636474e+000 
1.480325435e+000 1.996610508e+000 
1.511045662e+000 1.998382624e+000 
1.494327487e+000 1.997521345e+000 
1.485760168e+000 1.997006221e+000 
1.499758442e+000 1.997866653e+000 
1.499686562e+000 1.997712616e+000 
1.498844462e+000 1.997642183e+000 
1.543758134e+000 1.999168957e+000 
1.480918237e+000 1.996684146e+000 
1.485355248e+000 1.996863713e+000 

