1.002582383e+000 1.040056830e+000 
1.003557057e+000 1.042887973e+000 
1.003290559e+000 1.042267132e+000 
1.002932675e+000 1.041319909e+000 
1.002386851e+000 1.040052793e+000 
1.002667844e+000 1.040723135e+000 
1.002669959e+000 1.040817893e+000 
1.003009118e+000 1.041599155e+000 
1.002951400e+000 1.041485870e+000 
1.002384736e+000 1.040032963e+000 
1.002899582e+000 1.040941343e+000 
1.003396085e+000 1.042329897e+000 
1.003195368e+000 1.041612012e+000 
1.003507202e+000 1.042380166e+000 
1.004143097e+000 1.081499364e+000 
1.003631738e+000 1.079517751e+000 
1.003857049e+000 1.081185896e+000 
1.004354244e+000 1.082470892e+000 
1.003663090e+000 1.079997876e+000 
1.001582228e+000 1.036921577e+000 
1.002297919e+000 1.038476366e+000 
1.001640975e+000 1.037384125e+000 
1.001737283e+000 1.037461764e+000 
1.001494464e+000 1.036828730e+000 
1.001466933e+000 1.036792090e+000 
1.002135352e+000 1.038254941e+000 
1.001568977e+000 1.036899874e+000 
1.001776592e+000 1.037489665e+000 
1.001210218e+000 1.036134597e+000 
1.001804123e+000 1.037596541e+000 
1.002162883e+000 1.038361817e+000 
1.002356666e+000 1.038938915e+000 
1.001950634e+000 1.038151935e+000 
1.001627724e+000 1.037362422e+000 
1.001438574e+000 1.036693953e+000 
1.001268965e+000 1.036597146e+000 
1.001194836e+000 1.035639369e+000 
1.000056592e+000 1.000000826e+000 
1.000047075e+000 1.000000397e+000 
1.000012552e+000 1.000000395e+000 
9.999999994e-001 1.000000000e+000 
1.001113190e+000 1.019567341e+000 
1.001060800e+000 1.019528292e+000 
1.000733106e+000 1.019180613e+000 
1.000609105e+000 1.018866368e+000 
1.000590949e+000 1.018833781e+000 
1.000175705e+000 1.018439291e+000 
1.000665739e+000 1.019177828e+000 
1.000375032e+000 1.018830149e+000 
1.000789647e+000 1.019480672e+000 
1.000893516e+000 1.019523966e+000 
1.001105591e+000 1.019560254e+000 
1.000623157e+000 1.019169282e+000 
1.000066265e+000 1.000161643e+000 
1.004421292e+000 1.195249121e+000 
1.004941661e+000 1.196198671e+000 
1.004437089e+000 1.195251656e+000 
1.005023140e+000 1.197754664e+000 
1.098984922e+000 1.877151475e+000 
1.129597682e+000 1.900576164e+000 
1.009583316e+000 1.707805254e+000 
1.197716189e+000 1.932289894e+000 
1.129092491e+000 1.899263224e+000 
1.089449419e+000 1.867914788e+000 
1.080904796e+000 1.856468185e+000 
1.083603755e+000 1.861059024e+000 
1.093238310e+000 1.871450647e+000 
1.012423028e+000 1.718234824e+000 
1.030613994e+000 1.769125126e+000 
1.086127621e+000 1.864034130e+000 
1.016827142e+000 1.732065045e+000 
1.122605774e+000 1.894744448e+000 
1.136192450e+000 1.905089095e+000 
1.197213369e+000 1.931532581e+000 
1.086635229e+000 1.864637371e+000 
1.099350124e+000 1.877514216e+000 
1.022837163e+000 1.749227417e+000 
1.090807651e+000 1.868364104e+000 
1.010045005e+000 1.709367618e+000 
1.117715337e+000 1.891769426e+000 
1.111919896e+000 1.886691948e+000 
1.008896984e+000 1.704609395e+000 
1.021730502e+000 1.746339310e+000 
1.072670397e+000 1.845669472e+000 
1.043747927e+000 1.799315775e+000 
1.170057077e+000 1.921234733e+000 
1.187710054e+000 1.927587978e+000 
1.027866355e+000 1.761987273e+000 
1.069638923e+000 1.842091125e+000 
1.021134699e+000 1.744595633e+000 
1.097982007e+000 1.875719752e+000 
1.017307218e+000 1.733691622e+000 
1.095008983e+000 1.873210918e+000 
1.196708769e+000 1.931265557e+000 
1.186041332e+000 1.926676604e+000 
1.145482569e+000 1.909713984e+000 
1.021421433e+000 1.745128493e+000 
1.024225609e+000 1.752688081e+000 
1.091170045e+000 1.868926234e+000 
1.099841365e+000 1.877789045e+000 
1.062903359e+000 1.833146677e+000 
1.014345872e+000 1.724515622e+000 
1.147719798e+000 1.910789984e+000 
1.014774114e+000 1.725929441e+000 
1.089812396e+000 1.868080884e+000 
1.023310889e+000 1.750340221e+000 
1.027561235e+000 1.760937996e+000 
1.033860584e+000 1.777091187e+000 
1.018882372e+000 1.737928495e+000 
1.140970280e+000 1.906504761e+000 
1.013025372e+000 1.720408506e+000 
1.047230089e+000 1.806050917e+000 
1.145150552e+000 1.909146811e+000 
1.084154287e+000 1.861588483e+000 
1.049809322e+000 1.811284795e+000 
1.053482298e+000 1.818248044e+000 
1.024940257e+000 1.754431834e+000 
1.171689888e+000 1.922183661e+000 
1.175079923e+000 1.923816786e+000 
1.059968927e+000 1.828679881e+000 
1.170902359e+000 1.921745127e+000 
1.144569982e+000 1.908880738e+000 
1.178180160e+000 1.925073664e+000 
1.024699335e+000 1.753800884e+000 
1.051532391e+000 1.814394039e+000 
1.104676110e+000 1.881936707e+000 
1.054754603e+000 1.820061935e+000 
1.007264426e+000 1.697023013e+000 
1.006603162e+000 1.694258372e+000 
1.088040729e+000 1.865787548e+000 
1.095734395e+000 1.873418398e+000 
1.116027150e+000 1.890375050e+000 
1.041235735e+000 1.793817676e+000 
1.084457018e+000 1.861594916e+000 
1.117243589e+000 1.891628109e+000 
1.066407357e+000 1.837762497e+000 
1.146121397e+000 1.910324719e+000 
1.142345260e+000 1.907628551e+000 
1.158894780e+000 1.917436340e+000 
1.042316426e+000 1.796658867e+000 
1.176953638e+000 1.924457978e+000 
1.169813019e+000 1.920706771e+000 
1.087568748e+000 1.865081291e+000 
1.114771181e+000 1.889001153e+000 
1.029873133e+000 1.767061698e+000 
1.061168619e+000 1.830784602e+000 
1.137884500e+000 1.905409051e+000 
1.065283341e+000 1.836793476e+000 
1.145006068e+000 1.909088972e+000 
1.011078338e+000 1.713288702e+000 
1.143840680e+000 1.908715249e+000 
1.008785409e+000 1.704527993e+000 
1.112816689e+000 1.887994853e+000 
1.007880121e+000 1.700664137e+000 
1.010760339e+000 1.712355113e+000 
1.015761295e+000 1.728844327e+000 
1.044255605e+000 1.800428514e+000 
1.013544628e+000 1.722323141e+000 
1.077915810e+000 1.852380776e+000 
1.050941434e+000 1.813661839e+000 
1.052232289e+000 1.815927677e+000 
1.075811603e+000 1.849155847e+000 
1.012990297e+000 1.720169604e+000 
1.009826008e+000 1.708602017e+000 
1.046252862e+000 1.804985628e+000 
1.087909672e+000 1.865200522e+000 
1.057149781e+000 1.824780758e+000 
1.063375883e+000 1.834184149e+000 
1.020614322e+000 1.742956584e+000 
1.007049249e+000 1.696560204e+000 
1.012608760e+000 1.718946973e+000 
1.040882041e+000 1.793704734e+000 
1.091909889e+000 1.869384588e+000 
1.059573012e+000 1.828398880e+000 
1.006274957e+000 1.691278569e+000 
1.028963608e+000 1.765003965e+000 
1.120023923e+000 1.893721451e+000 
1.012552977e+000 1.718613279e+000 
1.183112842e+000 1.926535979e+000 
1.019382352e+000 1.739341964e+000 
1.143706298e+000 1.908509436e+000 
1.038689381e+000 1.788523014e+000 
1.017909245e+000 1.735202238e+000 
1.021119378e+000 1.744336995e+000 
1.147722162e+000 1.911082135e+000 
1.117722804e+000 1.891798574e+000 
1.113567345e+000 1.888756077e+000 
1.062422030e+000 1.831904841e+000 
1.007710512e+000 1.699325016e+000 
1.030854916e+000 1.769756076e+000 
1.060959244e+000 1.830009487e+000 
1.008341811e+000 1.702226500e+000 
1.010948152e+000 1.712496641e+000 
1.168764184e+000 1.920247256e+000 
1.059390556e+000 1.828326494e+000 
1.009247099e+000 1.706090356e+000 
1.062737307e+000 1.832467595e+000 
1.012234977e+000 1.717679689e+000 
1.024004566e+000 1.751756501e+000 
1.011853440e+000 1.716360496e+000 
1.028437106e+000 1.763348324e+000 
1.058096510e+000 1.825853648e+000 
1.007434035e+000 1.698362134e+000 
1.087271208e+000 1.864872333e+000 
1.047478941e+000 1.806211451e+000 
1.031677184e+000 1.771512541e+000 
1.154392086e+000 1.914019969e+000 
1.032204177e+000 1.772634972e+000 
1.045714717e+000 1.803561048e+000 
1.153718714e+000 1.913307749e+000 
1.171495120e+000 1.921981263e+000 
1.145919811e+000 1.909736106e+000 
1.008281126e+000 1.702198458e+000 
1.029162820e+000 1.765229368e+000 
1.015392900e+000 1.727585239e+000 
1.060334966e+000 1.829146123e+000 
1.034134911e+000 1.778236388e+000 
1.040540583e+000 1.792810080e+000 
1.043575339e+000 1.798997524e+000 
1.039898064e+000 1.791698691e+000 
1.074196614e+000 1.847605972e+000 
1.117727886e+000 1.892069241e+000 
1.078384628e+000 1.852978542e+000 
1.039168095e+000 1.789696300e+000 
1.150187365e+000 1.912196415e+000 
1.049158304e+000 1.809651036e+000 
1.037087490e+000 1.785340724e+000 
1.034957861e+000 1.780347698e+000 
1.062059968e+000 1.831683063e+000 
1.067929618e+000 1.840187180e+000 
1.152178573e+000 1.912793299e+000 
1.119946481e+000 1.893566579e+000 
1.118068809e+000 1.892188473e+000 
1.022579113e+000 1.747942146e+000 
1.142290471e+000 1.907462372e+000 
1.079174958e+000 1.854442156e+000 
1.034331559e+000 1.778697328e+000 
1.113409016e+000 1.888692242e+000 
1.081425544e+000 1.858016569e+000 
1.101646236e+000 1.879093670e+000 
1.050540100e+000 1.812175398e+000 
1.107282656e+000 1.884279473e+000 
1.085920845e+000 1.863310654e+000 
1.056758208e+000 1.823847728e+000 
1.117411061e+000 1.891736560e+000 
1.018227244e+000 1.736135830e+000 
1.023976304e+000 1.751639689e+000 
1.018736407e+000 1.737461323e+000 
1.038119793e+000 1.787359640e+000 
1.035111927e+000 1.780811458e+000 
1.083853554e+000 1.861165880e+000 
1.034372588e+000 1.778748030e+000 
1.072672318e+000 1.845805124e+000 
1.034769370e+000 1.779244191e+000 
1.028095647e+000 1.762453966e+000 
1.175042573e+000 1.923258626e+000 
1.019230871e+000 1.738897075e+000 
1.063318910e+000 1.833611462e+000 
1.032988545e+000 1.774897454e+000 
1.109677750e+000 1.886164917e+000 
1.031871422e+000 1.771820051e+000 
1.089252081e+000 1.866597352e+000 
1.071154076e+000 1.843618879e+000 
1.068882216e+000 1.841558417e+000 
1.055979924e+000 1.822522475e+000 
1.062521598e+000 1.832242323e+000 
1.033727884e+000 1.776960883e+000 
1.055978402e+000 1.822520631e+000 
1.075284636e+000 1.848649178e+000 
1.065634618e+000 1.836815675e+000 
1.046073266e+000 1.804238461e+000 
1.006031244e+000 1.315451731e+000 
1.005881541e+000 1.315093842e+000 
1.005644670e+000 1.311920611e+000 
1.006246617e+000 1.316027741e+000 
1.005664236e+000 1.313222324e+000 
1.005062289e+000 1.309115193e+000 
1.005143805e+000 1.309713848e+000 
1.005484161e+000 1.311311228e+000 
1.000095734e+000 1.007036588e+000 
1.217426507e+000 1.942135920e+000 
1.207660428e+000 1.936624483e+000 
1.210415658e+000 1.938746689e+000 
1.262357188e+000 1.959721334e+000 
1.207994987e+000 1.937063695e+000 
1.198827578e+000 1.932364229e+000 
1.221206466e+000 1.943405565e+000 
1.215732310e+000 1.941936849e+000 
1.258521135e+000 1.958183165e+000 
1.230993192e+000 1.947063212e+000 
1.262210762e+000 1.959704587e+000 
1.559999988e+000 1.999999503e+000 
1.211500193e+000 1.938877319e+000 
1.213056911e+000 1.940480491e+000 
1.205303266e+000 1.936092844e+000 
1.217669302e+000 1.942210210e+000 
1.212422647e+000 1.939850110e+000 
1.194509034e+000 1.929611151e+000 
1.319709363e+000 1.978429744e+000 
1.190827857e+000 1.927904274e+000 
1.442082929e+000 1.996729074e+000 
1.533328051e+000 1.999664501e+000 
1.237045540e+000 1.950143711e+000 
1.308820928e+000 1.975755595e+000 
1.306826551e+000 1.975377000e+000 
1.235197082e+000 1.947786222e+000 
1.253851802e+000 1.956497004e+000 
1.223319989e+000 1.944361524e+000 
1.235262326e+000 1.949161922e+000 
1.224926468e+000 1.945578438e+000 
1.227299059e+000 1.946669376e+000 
1.227779851e+000 1.946860440e+000 
1.561228934e+000 2.000000000e+000 
1.546409406e+000 1.999721702e+000 
1.211599994e+000 1.939597633e+000 
1.549487029e+000 1.999978636e+000 
1.549285025e+000 1.999922146e+000 
1.440769945e+000 1.996598152e+000 
1.434751390e+000 1.996466566e+000 
1.470887096e+000 1.997967630e+000 
1.471545508e+000 1.998374787e+000 
1.200822720e+000 1.933380480e+000 
1.313687913e+000 1.977221689e+000 
1.469001618e+000 1.997913153e+000 
1.312571014e+000 1.977064524e+000 
1.473471646e+000 1.998628251e+000 
1.254618092e+000 1.957070385e+000 
1.463925093e+000 1.997638790e+000 
1.448318763e+000 1.997005484e+000 
1.478289091e+000 1.998790183e+000 
1.523969343e+000 1.999651500e+000 
1.444137156e+000 1.996787716e+000 
1.304522070e+000 1.974723225e+000 
1.480854475e+000 1.998874465e+000 
1.483992723e+000 1.998917274e+000 
1.278955711e+000 1.966832994e+000 
1.485510129e+000 1.998943792e+000 
1.451276645e+000 1.997121446e+000 
1.290403256e+000 1.971049978e+000 
1.520277555e+000 1.999513606e+000 
1.262710644e+000 1.960673384e+000 
1.294757884e+000 1.972569763e+000 
1.294321589e+000 1.972244237e+000 
1.250994714e+000 1.955750257e+000 
1.545849690e+000 1.999705261e+000 
1.489885540e+000 1.998981657e+000 
1.294164468e+000 1.972236269e+000 
1.298744546e+000 1.973163775e+000 
1.280208378e+000 1.967990026e+000 
1.259045998e+000 1.958926790e+000 
1.254908551e+000 1.957173816e+000 
1.251477379e+000 1.956121934e+000 
1.245168517e+000 1.953599755e+000 
1.287667166e+000 1.970304120e+000 
1.287082553e+000 1.970167569e+000 
1.247357436e+000 1.955307992e+000 
1.237861549e+000 1.950889441e+000 
1.235356095e+000 1.949174648e+000 
1.241694950e+000 1.952267409e+000 
1.276657042e+000 1.966095295e+000 
1.241228758e+000 1.952257570e+000 
1.268342729e+000 1.963024504e+000 
1.274714378e+000 1.965834903e+000 
1.548503315e+000 1.999726322e+000 
1.283569473e+000 1.968720901e+000 
1.285000706e+000 1.969337916e+000 
1.353941209e+000 1.986498963e+000 
1.346488070e+000 1.985410362e+000 
1.356437034e+000 1.986507306e+000 
1.347131973e+000 1.985472924e+000 
1.337145470e+000 1.983428888e+000 
1.235951122e+000 1.949410807e+000 
1.340732842e+000 1.983518126e+000 
1.208071570e+000 1.937619334e+000 
1.263691555e+000 1.961474084e+000 
1.334805311e+000 1.983406299e+000 
1.414288840e+000 1.994747051e+000 
1.415016585e+000 1.995135541e+000 
1.351415746e+000 1.986163227e+000 
1.352831718e+000 1.986193881e+000 
1.232101544e+000 1.947558157e+000 
1.360351900e+000 1.987561877e+000 
1.201983519e+000 1.934134938e+000 
1.206589277e+000 1.936557319e+000 
1.201700860e+000 1.933986256e+000 
1.496880935e+000 1.999224323e+000 
1.493289988e+000 1.999112498e+000 
1.341958370e+000 1.984476497e+000 
1.201384663e+000 1.933978341e+000 
1.262063315e+000 1.959592101e+000 
1.328311613e+000 1.981121229e+000 
1.319741231e+000 1.978950259e+000 
1.320025204e+000 1.979313019e+000 
1.324282238e+000 1.980886772e+000 
1.322989696e+000 1.980478889e+000 
1.267288916e+000 1.962123951e+000 
1.273063969e+000 1.964793228e+000 
1.322711539e+000 1.980293480e+000 
1.221499444e+000 1.943630856e+000 
1.404358914e+000 1.993961571e+000 
1.399343153e+000 1.993367855e+000 
1.238664756e+000 1.951587918e+000 
1.221644326e+000 1.943639105e+000 
1.356048887e+000 1.986507224e+000 
1.349912781e+000 1.985946189e+000 
1.367704630e+000 1.988769396e+000 
1.224253741e+000 1.945277334e+000 
1.309925404e+000 1.976350238e+000 
1.225862074e+000 1.945651022e+000 
1.223903918e+000 1.945147102e+000 
1.345974445e+000 1.984731034e+000 
1.316884689e+000 1.978308578e+000 
1.400168311e+000 1.993701886e+000 
1.387616527e+000 1.992361586e+000 
1.376104338e+000 1.989804468e+000 
1.402683868e+000 1.993933278e+000 
1.194964790e+000 1.929716611e+000 
1.372982689e+000 1.989250059e+000 
1.364724771e+000 1.988089815e+000 
1.364512966e+000 1.988085638e+000 
1.459394223e+000 1.997310240e+000 
1.399046891e+000 1.993365766e+000 
1.393768832e+000 1.992885103e+000 
1.380520979e+000 1.990882363e+000 
1.194341737e+000 1.929413569e+000 
1.427411285e+000 1.996267739e+000 
1.425231406e+000 1.996023657e+000 
1.267336219e+000 1.962248438e+000 
1.511753718e+000 1.999269683e+000 
1.458742827e+000 1.997153231e+000 
1.424011143e+000 1.995803568e+000 
1.370444483e+000 1.988870382e+000 
1.398329480e+000 1.993273489e+000 
1.405960122e+000 1.994678996e+000 
1.386039525e+000 1.992170883e+000 
1.386307385e+000 1.992211716e+000 
1.382196799e+000 1.991421102e+000 
1.383797319e+000 1.991773745e+000 
1.419203261e+000 1.995365893e+000 
1.421660163e+000 1.995538135e+000 
1.420491211e+000 1.995525212e+000 
1.373181090e+000 1.989668345e+000 
1.328070459e+000 1.981085584e+000 
1.416543307e+000 1.995266368e+000 
1.425451143e+000 1.996134776e+000 

