1.001117150e+000 1.825592959e+000 
1.000196698e+000 1.525286024e+000 
1.000869709e+000 1.525357048e+000 
1.000608589e+000 1.525286620e+000 
1.061203027e+000 1.981668089e+000 
1.044476907e+000 1.974154689e+000 
1.047085339e+000 1.975325109e+000 
1.027929610e+000 1.964700239e+000 
1.039608310e+000 1.971443251e+000 
1.026959398e+000 1.964208817e+000 
1.061421220e+000 1.981668148e+000 
1.004813975e+000 1.945241761e+000 
1.023230118e+000 1.961583218e+000 
1.022418841e+000 1.961576701e+000 
1.020218874e+000 1.959388770e+000 
1.021090042e+000 1.960222533e+000 
1.003038165e+000 1.941726897e+000 
1.023625396e+000 1.961712902e+000 
1.017033331e+000 1.957630691e+000 
1.011519642e+000 1.953313895e+000 
1.003291944e+000 1.942119562e+000 
1.026337328e+000 1.963533329e+000 
1.016727762e+000 1.956880962e+000 
1.023872900e+000 1.962108397e+000 
1.026417961e+000 1.963645692e+000 
1.016808396e+000 1.956993325e+000 
1.006680500e+000 1.947758919e+000 
1.011951174e+000 1.953368470e+000 
1.016865986e+000 1.957516175e+000 
1.003232868e+000 1.941821061e+000 
1.029630313e+000 1.965457411e+000 
1.015943590e+000 1.956186515e+000 
1.022338208e+000 1.961464338e+000 
1.007515706e+000 1.948966512e+000 
1.020560743e+000 1.959485251e+000 
1.022081763e+000 1.960498369e+000 
1.006896211e+000 1.948487016e+000 
1.019408771e+000 1.959331919e+000 
1.021597916e+000 1.960458095e+000 
1.020726248e+000 1.959544348e+000 
1.006256249e+000 1.947077969e+000 
1.010014809e+000 1.951874985e+000 
1.037993498e+000 1.970489776e+000 
1.007238143e+000 1.948641770e+000 
1.002379474e+000 1.940326315e+000 
1.030896203e+000 1.966143802e+000 
1.018764382e+000 1.958566729e+000 
1.003662271e+000 1.942514043e+000 
1.005577121e+000 1.946679064e+000 
1.023792266e+000 1.961996034e+000 
1.008337206e+000 1.950159426e+000 
1.014182701e+000 1.955343667e+000 
1.002664250e+000 1.940399774e+000 
1.014263334e+000 1.955456030e+000 
1.004294324e+000 1.944491336e+000 
1.021309444e+000 1.960265277e+000 
1.003401150e+000 1.942427380e+000 
1.018518243e+000 1.958395269e+000 
1.014771141e+000 1.955901952e+000 
1.012176362e+000 1.953823157e+000 
1.002040693e+000 1.939662222e+000 
1.005316000e+000 1.946592401e+000 
1.018598877e+000 1.958507632e+000 
1.007662629e+000 1.948971657e+000 
1.001381453e+000 1.938212046e+000 
1.007157331e+000 1.948573679e+000 
1.006418215e+000 1.947600718e+000 
1.004977220e+000 1.945928308e+000 
1.006756996e+000 1.948264811e+000 
1.003062370e+000 1.941763287e+000 
1.003296303e+000 1.942292601e+000 
1.003955543e+000 1.943827243e+000 
1.031062207e+000 1.966369774e+000 
1.006042915e+000 1.946876118e+000 
1.002905691e+000 1.941197754e+000 
1.003798865e+000 1.943235813e+000 
1.001884015e+000 1.939070791e+000 
1.017460573e+000 1.957753890e+000 
1.019294854e+000 1.958711968e+000 
1.020726748e+000 1.959624332e+000 
1.081230239e+000 1.987371977e+000 
1.032838518e+000 1.967307936e+000 
1.024380707e+000 1.962554320e+000 
1.009939431e+000 1.951419280e+000 
1.034310133e+000 1.968124377e+000 
1.030687984e+000 1.966011899e+000 
1.014980163e+000 1.955988111e+000 
1.015994817e+000 1.956682412e+000 
1.043513975e+000 1.973134934e+000 
1.012159393e+000 1.953599595e+000 
1.024172489e+000 1.962422416e+000 
1.012728642e+000 1.954811970e+000 
1.036855194e+000 1.969822925e+000 
1.027796032e+000 1.964499332e+000 
1.035620847e+000 1.968895161e+000 
1.028853703e+000 1.965053820e+000 
1.036257222e+000 1.969385525e+000 
1.044258713e+000 1.974154630e+000 
1.035199551e+000 1.968831037e+000 
1.029741727e+000 1.965796043e+000 
1.031483504e+000 1.966433898e+000 
1.025604383e+000 1.963334780e+000 
1.037575317e+000 1.969999471e+000 
1.026475551e+000 1.964168543e+000 
1.027438664e+000 1.964299664e+000 
1.041632028e+000 1.972591313e+000 
1.035928294e+000 1.969155640e+000 
1.037357123e+000 1.969999412e+000 
1.044145211e+000 1.973757118e+000 
1.025356088e+000 1.962974315e+000 
1.036935827e+000 1.969935288e+000 
1.024128464e+000 1.962343275e+000 
1.042534055e+000 1.973121892e+000 
1.041413834e+000 1.972591254e+000 
1.042752249e+000 1.973121951e+000 
1.042268402e+000 1.973081677e+000 
1.017541206e+000 1.957866253e+000 
1.033474893e+000 1.967798300e+000 
1.041210732e+000 1.972527189e+000 
1.042050209e+000 1.973081618e+000 
1.038665670e+000 1.970828641e+000 
1.040992538e+000 1.972527130e+000 
1.031871584e+000 1.966563798e+000 
1.030643960e+000 1.965932757e+000 
1.028934336e+000 1.965166184e+000 
1.032991047e+000 1.967758025e+000 
1.008782032e+000 1.950316408e+000 
1.010223028e+000 1.952063844e+000 
1.008642817e+000 1.950169229e+000 
1.014518898e+000 1.955690907e+000 
1.032354672e+000 1.967267661e+000 
1.031933376e+000 1.967203537e+000 
1.027876665e+000 1.964611696e+000 
1.034390766e+000 1.968236741e+000 
1.038447476e+000 1.970828582e+000 
1.004820541e+000 1.945362775e+000 
1.039505147e+000 1.971383070e+000 
1.004812618e+000 1.944610628e+000 
1.002897768e+000 1.940530073e+000 
1.001876092e+000 1.938403111e+000 
1.001191321e+000 1.935996299e+000 
1.034870623e+000 1.968601152e+000 
1.002246451e+000 1.939747578e+000 
1.001224775e+000 1.937620616e+000 
1.006169394e+000 1.947061384e+000 
1.009374848e+000 1.951069642e+000 
1.008842504e+000 1.950635808e+000 
1.011229064e+000 1.953029718e+000 
1.007933852e+000 1.949321979e+000 
1.006600318e+000 1.947681329e+000 
1.007401508e+000 1.948888182e+000 
1.014015830e+000 1.955060535e+000 
1.012708706e+000 1.954235215e+000 
1.002222796e+000 1.939734884e+000 
1.003244472e+000 1.941861847e+000 
1.004137646e+000 1.943899906e+000 
1.005159322e+000 1.946026868e+000 
1.017962502e+000 1.958092895e+000 
1.014562923e+000 1.955770049e+000 
1.045892930e+000 1.974841332e+000 
1.015893685e+000 1.956070958e+000 
1.007836460e+000 1.948972584e+000 
1.009994302e+000 1.951518834e+000 
1.039086966e+000 1.970892765e+000 
1.010422714e+000 1.952530423e+000 
1.008981719e+000 1.950782797e+000 
1.038868772e+000 1.970892706e+000 
1.011368279e+000 1.953157743e+000 
1.006739533e+000 1.947921483e+000 
1.009514063e+000 1.951216594e+000 
1.008180528e+000 1.949575944e+000 
1.010955058e+000 1.952964257e+000 
1.012809275e+000 1.954924333e+000 
1.013960900e+000 1.954927393e+000 
1.034812062e+000 1.968300864e+000 
1.000000000e+000 1.195618528e+000 
1.091443900e+000 1.990876169e+000 
1.316073137e+000 1.999804523e+000 
1.085138416e+000 1.989511918e+000 
1.048097769e+000 1.975962941e+000 
1.090019008e+000 1.990838800e+000 
1.108327855e+000 1.993605563e+000 
1.084586372e+000 1.989470610e+000 
1.101629178e+000 1.993100177e+000 
1.124321387e+000 1.995631708e+000 
1.046242806e+000 1.975213390e+000 
1.095875739e+000 1.991756700e+000 
1.135026693e+000 1.997307320e+000 
1.108205648e+000 1.993538466e+000 
1.108145257e+000 1.993533529e+000 
1.148091105e+000 1.997716906e+000 
1.150335768e+000 1.997736409e+000 
1.236092057e+000 1.999634594e+000 
1.087846462e+000 1.989885696e+000 
1.350500410e+000 1.999867092e+000 
1.537931893e+000 1.999994467e+000 
1.197179081e+000 1.999089511e+000 
1.085668792e+000 1.989581542e+000 
1.057356450e+000 1.980843921e+000 
1.127715300e+000 1.996264805e+000 
1.286526316e+000 1.999742309e+000 
1.093698069e+000 1.991452545e+000 
1.053073459e+000 1.978282841e+000 
1.045641212e+000 1.974835358e+000 
1.054932881e+000 1.979085578e+000 
1.102181222e+000 1.993120950e+000 
1.056058461e+000 1.980094812e+000 
1.063157720e+000 1.983126248e+000 
1.052471866e+000 1.977904809e+000 
1.049779852e+000 1.977062847e+000 
1.040612087e+000 1.971737827e+000 
1.046581586e+000 1.975213773e+000 
1.238166779e+000 1.999634796e+000 
1.111830916e+000 1.994266292e+000 
1.126290409e+000 1.996227436e+000 
1.040273306e+000 1.971737444e+000 
1.053681237e+000 1.978687185e+000 
1.058712269e+000 1.980931966e+000 
1.111770525e+000 1.994251619e+000 
1.091383508e+000 1.990861495e+000 
1.082960746e+000 1.989207763e+000 
1.110406025e+000 1.994228923e+000 
1.226645247e+000 1.999475974e+000 
1.067346611e+000 1.984437297e+000 
1.102120831e+000 1.993106277e+000 
1.195574058e+000 1.999066039e+000 
1.119339352e+000 1.995375224e+000 
1.100756331e+000 1.993083581e+000 
1.104770712e+000 1.993376711e+000 
1.131209356e+000 1.997080607e+000 
1.301891165e+000 1.999773855e+000 
1.191065030e+000 1.999034254e+000 
1.255732036e+000 1.999700436e+000 
1.256409462e+000 1.999700539e+000 
1.231583029e+000 1.999602809e+000 
1.253657313e+000 1.999700233e+000 
1.244745775e+000 1.999679670e+000 
1.215283263e+000 1.999458988e+000 
1.061763535e+000 1.982155029e+000 
1.057574643e+000 1.980843980e+000 
1.051082770e+000 1.977774911e+000 
1.302732711e+000 1.999787231e+000 
1.050743990e+000 1.977774529e+000 
1.047758988e+000 1.975962558e+000 
1.205416820e+000 1.999313903e+000 
1.299139016e+000 1.999773549e+000 
1.202155556e+000 1.999300871e+000 
1.054589642e+000 1.979032010e+000 
1.267790488e+000 1.999717234e+000 
1.270591434e+000 1.999731207e+000 
1.231099340e+000 1.999597596e+000 
1.183060495e+000 1.998837317e+000 
1.257251008e+000 1.999713915e+000 
1.257928434e+000 1.999714018e+000 
1.043891469e+000 1.973451357e+000 
1.506664956e+000 1.999979306e+000 
1.098463902e+000 1.991978214e+000 
1.214605837e+000 1.999458885e+000 
1.109853981e+000 1.994208886e+000 
1.071126452e+000 1.985488433e+000 
1.070449026e+000 1.985488329e+000 
1.122026824e+000 1.995509449e+000 
1.044920074e+000 1.974284294e+000 
1.044581294e+000 1.974283911e+000 
1.143341554e+000 1.997684344e+000 
1.216802235e+000 1.999472467e+000 
1.137911208e+000 1.997507962e+000 
1.043552688e+000 1.973450975e+000 
1.216124809e+000 1.999472364e+000 
1.060302694e+000 1.981330742e+000 
1.540304838e+000 2.000000000e+000 
1.137233782e+000 1.997507859e+000 
1.068972237e+000 1.984700144e+000 
1.075461088e+000 1.986581833e+000 
1.240474654e+000 1.999665885e+000 
1.241152080e+000 1.999665988e+000 
1.074783662e+000 1.986581730e+000 
1.076963126e+000 1.986940349e+000 
1.213208540e+000 1.999458785e+000 
1.212531114e+000 1.999458682e+000 
1.122713898e+000 1.995532042e+000 
1.141977054e+000 1.997661649e+000 
1.121349398e+000 1.995509346e+000 
1.114772927e+000 1.995062057e+000 
1.254334739e+000 1.999700336e+000 
1.070054657e+000 1.984811075e+000 
1.065865766e+000 1.983500026e+000 
1.075866082e+000 1.986692662e+000 
1.069663938e+000 1.984737248e+000 
1.078184645e+000 1.987351434e+000 
1.082408702e+000 1.989170276e+000 
1.096406115e+000 1.991826323e+000 
1.089466964e+000 1.990818763e+000 
1.082068438e+000 1.988221931e+000 
1.081391012e+000 1.988221828e+000 
1.106780757e+000 1.993510833e+000 
1.066794567e+000 1.984399810e+000 
1.061587985e+000 1.982140313e+000 
1.076543508e+000 1.986692765e+000 
1.054757332e+000 1.979070862e+000 
1.073283418e+000 1.986281500e+000 
1.066543192e+000 1.983500130e+000 
1.059963913e+000 1.981330359e+000 
1.100204287e+000 1.993063544e+000 
1.093146025e+000 1.991415058e+000 
1.086346218e+000 1.989581645e+000 
1.052790020e+000 1.978207339e+000 
1.064783345e+000 1.983389095e+000 
1.097083541e+000 1.991826426e+000 
1.055775022e+000 1.980019310e+000 
1.059620673e+000 1.981276791e+000 
1.072605992e+000 1.986281397e+000 
1.047616074e+000 1.975612086e+000 
1.211081681e+000 1.999391872e+000 
1.207820418e+000 1.999378840e+000 
1.502377204e+000 1.999978092e+000 
1.229649907e+000 1.999530786e+000 
1.062605675e+000 1.983088761e+000 
1.048368550e+000 1.976511401e+000 
1.059395855e+000 1.981046007e+000 
1.056786572e+000 1.980186200e+000 
1.392870055e+000 1.999890273e+000 
1.281928924e+000 1.999735472e+000 
1.392192629e+000 1.999890170e+000 
1.389399871e+000 1.999887655e+000 
1.365874251e+000 1.999870466e+000 
1.370097491e+000 1.999878746e+000 
1.288081114e+000 1.999748252e+000 
1.047350860e+000 1.975562953e+000 
1.055199203e+000 1.979580852e+000 
1.292942618e+000 1.999768387e+000 
1.365196825e+000 1.999870363e+000 
1.369420065e+000 1.999878643e+000 
1.347272298e+000 1.999852648e+000 
1.341892101e+000 1.999838864e+000 
1.135777081e+000 1.997353137e+000 
1.426498263e+000 1.999918756e+000 
1.200157760e+000 1.999141357e+000 
1.189736537e+000 1.999019404e+000 
1.156843196e+000 1.998196640e+000 
1.157378797e+000 1.998281118e+000 
1.193155916e+000 1.999045660e+000 
1.179977184e+000 1.998749423e+000 
1.358826222e+000 1.999869837e+000 
1.177246510e+000 1.998712412e+000 
1.119327993e+000 1.995303486e+000 
1.154840419e+000 1.998150430e+000 
1.178851533e+000 1.998735884e+000 
1.300079259e+000 1.999773765e+000 
1.173916591e+000 1.998640653e+000 
1.286016920e+000 1.999742136e+000 
1.292053121e+000 1.999760083e+000 
1.462402069e+000 1.999942984e+000 
1.166011740e+000 1.998439159e+000 
1.269999688e+000 1.999717525e+000 
1.393837933e+000 1.999892369e+000 
1.161470824e+000 1.998373367e+000 
1.401950977e+000 1.999906051e+000 
1.162835324e+000 1.998380656e+000 
1.165129052e+000 1.998398916e+000 
1.462466467e+000 1.999948386e+000 
1.170876247e+000 1.998610640e+000 
1.346594872e+000 1.999852545e+000 
1.154206520e+000 1.998072360e+000 
1.175039688e+000 1.998694153e+000 
1.323093859e+000 1.999817990e+000 
1.153513971e+000 1.998072347e+000 
1.151220244e+000 1.998054087e+000 
1.309753432e+000 1.999800698e+000 
1.327381497e+000 1.999831671e+000 
1.307186074e+000 1.999792735e+000 
1.463600009e+000 1.999956184e+000 
1.181924716e+000 1.998821660e+000 
1.514584089e+000 1.999987586e+000 
1.317866476e+000 1.999814380e+000 
1.475806893e+000 1.999965678e+000 
1.281145505e+000 1.999731211e+000 
1.318611903e+000 1.999814483e+000 
1.314324265e+000 1.999800801e+000 
1.417560391e+000 1.999908305e+000 
1.436055859e+000 1.999922366e+000 
1.483923540e+000 1.999973957e+000 
1.442522199e+000 1.999927768e+000 
1.281941566e+000 1.999741295e+000 
1.444168903e+000 1.999936047e+000 
1.436082070e+000 1.999927278e+000 
1.473837076e+000 1.999956769e+000 

